--2012-05-07 05:17:45--  http://support.scribd.com/forums/33939/entries/25580
Resolving support.scribd.com... 108.166.31.242
Connecting to support.scribd.com|108.166.31.242|:80... connected.
HTTP request sent, awaiting response... 200 OK
Length: 26685 (26K) [text/html]
Saving to: `code/../crawls/scribd.com/Privacy-Policy/raw/support.scribd.com/forums/33939/entries/25580.html'

     0K .......... .......... ......                          100%  166K=0.2s

2012-05-07 05:17:46 (166 KB/s) - `code/../crawls/scribd.com/Privacy-Policy/raw/support.scribd.com/forums/33939/entries/25580.html' saved [26685/26685]

--2012-05-07 05:17:46--  http://support.scribd.com/system/logos/0006/1065/favicon.jpg
Reusing existing connection to support.scribd.com:80.
HTTP request sent, awaiting response... 200 OK
Length: 535 [image/jpeg]
Saving to: `code/../crawls/scribd.com/Privacy-Policy/raw/support.scribd.com/system/logos/0006/1065/favicon.jpg'

     0K                                                       100% 85.4M=0s

2012-05-07 05:17:46 (85.4 MB/s) - `code/../crawls/scribd.com/Privacy-Policy/raw/support.scribd.com/system/logos/0006/1065/favicon.jpg' saved [535/535]

--2012-05-07 05:17:46--  http://assets.zendesk.com/assets/screen.css?1336159610
Resolving assets.zendesk.com... 72.21.91.19
Connecting to assets.zendesk.com|72.21.91.19|:80... connected.
HTTP request sent, awaiting response... 200 OK
Length: 314411 (307K) [text/css]
Saving to: `code/../crawls/scribd.com/Privacy-Policy/raw/assets.zendesk.com/assets/screen.css?1336159610.css'

     0K .......... .......... .......... .......... .......... 16% 6.82M 0s
    50K .......... .......... .......... .......... .......... 32% 11.3M 0s
   100K .......... .......... .......... .......... .......... 48% 11.1M 0s
   150K .......... .......... .......... .......... .......... 65% 11.4M 0s
   200K .......... .......... .......... .......... .......... 81% 11.3M 0s
   250K .......... .......... .......... .......... .......... 97% 11.0M 0s
   300K .......                                               100% 13.8M=0.03s

2012-05-07 05:17:46 (10.2 MB/s) - `code/../crawls/scribd.com/Privacy-Policy/raw/assets.zendesk.com/assets/screen.css?1336159610.css' saved [314411/314411]

--2012-05-07 05:17:46--  http://assets.zendesk.com/assets/print.css?1336159610
Reusing existing connection to assets.zendesk.com:80.
HTTP request sent, awaiting response... 200 OK
Length: 509 [text/css]
Saving to: `code/../crawls/scribd.com/Privacy-Policy/raw/assets.zendesk.com/assets/print.css?1336159610.css'

     0K                                                       100% 87.2M=0s

2012-05-07 05:17:46 (87.2 MB/s) - `code/../crawls/scribd.com/Privacy-Policy/raw/assets.zendesk.com/assets/print.css?1336159610.css' saved [509/509]

--2012-05-07 05:17:46--  http://support.scribd.com/generated/stylesheets/branding/66/6641/1331119157.css
Connecting to support.scribd.com|108.166.31.242|:80... connected.
HTTP request sent, awaiting response... 200 OK
Length: 930 [text/css]
Saving to: `code/../crawls/scribd.com/Privacy-Policy/raw/support.scribd.com/generated/stylesheets/branding/66/6641/1331119157.css'

     0K                                                       100%  146M=0s

2012-05-07 05:17:47 (146 MB/s) - `code/../crawls/scribd.com/Privacy-Policy/raw/support.scribd.com/generated/stylesheets/branding/66/6641/1331119157.css' saved [930/930]

--2012-05-07 05:17:47--  http://support.scribd.com/generated/javascripts/locale/0/1/1336064039.js
Reusing existing connection to support.scribd.com:80.
HTTP request sent, awaiting response... 200 OK
Length: 566837 (554K) [application/javascript]
Saving to: `code/../crawls/scribd.com/Privacy-Policy/raw/support.scribd.com/generated/javascripts/locale/0/1/1336064039.js'

     0K .......... .......... .......... .......... ..........  9%  237K 2s
    50K .......... .......... .......... .......... .......... 18%  475K 1s
   100K .......... .......... .......... .......... .......... 27%  934K 1s
   150K .......... .......... .......... .......... .......... 36% 1.22M 1s
   200K .......... .......... .......... .......... .......... 45% 2.71M 1s
   250K .......... .......... .......... .......... .......... 54% 1016K 0s
   300K .......... .......... .......... .......... .......... 63% 1.12M 0s
   350K .......... .......... .......... .......... .......... 72% 8.59M 0s
   400K .......... .......... .......... .......... .......... 81% 7.48M 0s
   450K .......... .......... .......... .......... .......... 90% 1.25M 0s
   500K .......... .......... .......... .......... .......... 99% 6.55M 0s
   550K ...                                                   100% 15.2M=0.6s

2012-05-07 05:17:47 (954 KB/s) - `code/../crawls/scribd.com/Privacy-Policy/raw/support.scribd.com/generated/javascripts/locale/0/1/1336064039.js' saved [566837/566837]

--2012-05-07 05:17:47--  http://assets.zendesk.com/assets/bootstrap.js?1336159610
Connecting to assets.zendesk.com|72.21.91.19|:80... connected.
HTTP request sent, awaiting response... 200 OK
Length: 1052733 (1.0M) [application/x-javascript]
Saving to: `code/../crawls/scribd.com/Privacy-Policy/raw/assets.zendesk.com/assets/bootstrap.js?1336159610'

     0K .......... .......... .......... .......... ..........  4% 6.66M 0s
    50K .......... .......... .......... .......... ..........  9% 11.3M 0s
   100K .......... .......... .......... .......... .......... 14% 10.3M 0s
   150K .......... .......... .......... .......... .......... 19% 11.3M 0s
   200K .......... .......... .......... .......... .......... 24% 11.0M 0s
   250K .......... .......... .......... .......... .......... 29% 10.5M 0s
   300K .......... .......... .......... .......... .......... 34% 11.2M 0s
   350K .......... .......... .......... .......... .......... 38% 11.4M 0s
   400K .......... .......... .......... .......... .......... 43% 10.4M 0s
   450K .......... .......... .......... .......... .......... 48% 10.8M 0s
   500K .......... .......... .......... .......... .......... 53% 11.1M 0s
   550K .......... .......... .......... .......... .......... 58% 10.6M 0s
   600K .......... .......... .......... .......... .......... 63% 11.0M 0s
   650K .......... .......... .......... .......... .......... 68% 6.65M 0s
   700K .......... .......... .......... .......... .......... 72% 11.1M 0s
   750K .......... .......... .......... .......... .......... 77% 9.82M 0s
   800K .......... .......... .......... .......... .......... 82% 11.3M 0s
   850K .......... .......... .......... .......... .......... 87% 10.7M 0s
   900K .......... .......... .......... .......... .......... 92% 10.9M 0s
   950K .......... .......... .......... .......... .......... 97% 11.2M 0s
  1000K .......... .......... ........                        100% 11.7M=0.1s

2012-05-07 05:17:47 (10.3 MB/s) - `code/../crawls/scribd.com/Privacy-Policy/raw/assets.zendesk.com/assets/bootstrap.js?1336159610' saved [1052733/1052733]

--2012-05-07 05:17:47--  http://assets.zendesk.com/system/logos/0006/1062/Scribd.gif?1336159610
Reusing existing connection to assets.zendesk.com:80.
HTTP request sent, awaiting response... 200 OK
Length: 738 [image/gif]
Saving to: `code/../crawls/scribd.com/Privacy-Policy/raw/assets.zendesk.com/system/logos/0006/1062/Scribd.gif?1336159610'

     0K                                                       100%  118M=0s

2012-05-07 05:17:47 (118 MB/s) - `code/../crawls/scribd.com/Privacy-Policy/raw/assets.zendesk.com/system/logos/0006/1062/Scribd.gif?1336159610' saved [738/738]

--2012-05-07 05:17:47--  http://assets.zendesk.com/images/logo-delimiter.png?1336159610
Reusing existing connection to assets.zendesk.com:80.
HTTP request sent, awaiting response... 200 OK
Length: 136 [image/png]
Saving to: `code/../crawls/scribd.com/Privacy-Policy/raw/assets.zendesk.com/images/logo-delimiter.png?1336159610'

     0K                                                       100% 24.3M=0s

2012-05-07 05:17:47 (24.3 MB/s) - `code/../crawls/scribd.com/Privacy-Policy/raw/assets.zendesk.com/images/logo-delimiter.png?1336159610' saved [136/136]

--2012-05-07 05:17:47--  http://support.scribd.com/system/photos/0010/3510/smileykitty_thumb.jpg
Connecting to support.scribd.com|108.166.31.242|:80... connected.
HTTP request sent, awaiting response... 200 OK
Length: 931 [image/jpeg]
Saving to: `code/../crawls/scribd.com/Privacy-Policy/raw/support.scribd.com/system/photos/0010/3510/smileykitty_thumb.jpg'

     0K                                                       100%  144M=0s

2012-05-07 05:17:48 (144 MB/s) - `code/../crawls/scribd.com/Privacy-Policy/raw/support.scribd.com/system/photos/0010/3510/smileykitty_thumb.jpg' saved [931/931]

--2012-05-07 05:17:48--  http://assets.zendesk.com/assets/auto_included.js?1336159610
Connecting to assets.zendesk.com|72.21.91.19|:80... connected.
HTTP request sent, awaiting response... 200 OK
Length: 254053 (248K) [application/x-javascript]
Saving to: `code/../crawls/scribd.com/Privacy-Policy/raw/assets.zendesk.com/assets/auto_included.js?1336159610'

     0K .......... .......... .......... .......... .......... 20% 6.37M 0s
    50K .......... .......... .......... .......... .......... 40% 11.1M 0s
   100K .......... .......... .......... .......... .......... 60% 11.4M 0s
   150K .......... .......... .......... .......... .......... 80% 10.8M 0s
   200K .......... .......... .......... .......... ........  100% 11.6M=0.02s

2012-05-07 05:17:48 (9.74 MB/s) - `code/../crawls/scribd.com/Privacy-Policy/raw/assets.zendesk.com/assets/auto_included.js?1336159610' saved [254053/254053]

--2012-05-07 05:17:48--  http://assets.zendesk.com/assets/auto_included_old_ticket_status.js?1336159610
Reusing existing connection to assets.zendesk.com:80.
HTTP request sent, awaiting response... 200 OK
Length: 2211 (2.2K) [application/x-javascript]
Saving to: `code/../crawls/scribd.com/Privacy-Policy/raw/assets.zendesk.com/assets/auto_included_old_ticket_status.js?1336159610'

     0K ..                                                    100% 40.7M=0s

2012-05-07 05:17:48 (40.7 MB/s) - `code/../crawls/scribd.com/Privacy-Policy/raw/assets.zendesk.com/assets/auto_included_old_ticket_status.js?1336159610' saved [2211/2211]

--2012-05-07 05:17:48--  http://assets.zendesk.com/images/sprites/icons.png?1327371985
Reusing existing connection to assets.zendesk.com:80.
HTTP request sent, awaiting response... 200 OK
Length: 684 [image/png]
Saving to: `code/../crawls/scribd.com/Privacy-Policy/raw/assets.zendesk.com/images/sprites/icons.png?1327371985'

     0K                                                       100%  115M=0s

2012-05-07 05:17:48 (115 MB/s) - `code/../crawls/scribd.com/Privacy-Policy/raw/assets.zendesk.com/images/sprites/icons.png?1327371985' saved [684/684]

--2012-05-07 05:17:48--  http://assets.zendesk.com/assets/jquery.ui.base.css
Reusing existing connection to assets.zendesk.com:80.
HTTP request sent, awaiting response... 404 Not Found
2012-05-07 05:17:48 ERROR 404: Not Found.

--2012-05-07 05:17:48--  http://assets.zendesk.com/assets/jquery.ui.theme.css
Reusing existing connection to assets.zendesk.com:80.
HTTP request sent, awaiting response... 404 Not Found
2012-05-07 05:17:48 ERROR 404: Not Found.

--2012-05-07 05:17:48--  http://assets.zendesk.com/stylesheets/vendor/jQuery_UI_themes/base/jquery.ui.core.css?1327371985
Reusing existing connection to assets.zendesk.com:80.
HTTP request sent, awaiting response... 200 OK
Length: 1352 (1.3K) [text/css]
Saving to: `code/../crawls/scribd.com/Privacy-Policy/raw/assets.zendesk.com/stylesheets/vendor/jQuery_UI_themes/base/jquery.ui.core.css?1327371985.css'

     0K .                                                     100%  192M=0s

2012-05-07 05:17:48 (192 MB/s) - `code/../crawls/scribd.com/Privacy-Policy/raw/assets.zendesk.com/stylesheets/vendor/jQuery_UI_themes/base/jquery.ui.core.css?1327371985.css' saved [1352/1352]

--2012-05-07 05:17:48--  http://assets.zendesk.com/stylesheets/vendor/jQuery_UI_themes/base/images/ui-bg_flat_75_ffffff_40x100.png?1327371985
Reusing existing connection to assets.zendesk.com:80.
HTTP request sent, awaiting response... 200 OK
Length: 178 [image/png]
Saving to: `code/../crawls/scribd.com/Privacy-Policy/raw/assets.zendesk.com/stylesheets/vendor/jQuery_UI_themes/base/images/ui-bg_flat_75_ffffff_40x100.png?1327371985'

     0K                                                       100% 31.8M=0s

2012-05-07 05:17:48 (31.8 MB/s) - `code/../crawls/scribd.com/Privacy-Policy/raw/assets.zendesk.com/stylesheets/vendor/jQuery_UI_themes/base/images/ui-bg_flat_75_ffffff_40x100.png?1327371985' saved [178/178]

--2012-05-07 05:17:48--  http://assets.zendesk.com/stylesheets/vendor/jQuery_UI_themes/base/images/ui-bg_highlight-soft_75_cccccc_1x100.png?1327371985
Reusing existing connection to assets.zendesk.com:80.
HTTP request sent, awaiting response... 200 OK
Length: 101 [image/png]
Saving to: `code/../crawls/scribd.com/Privacy-Policy/raw/assets.zendesk.com/stylesheets/vendor/jQuery_UI_themes/base/images/ui-bg_highlight-soft_75_cccccc_1x100.png?1327371985'

     0K                                                       100% 18.3M=0s

2012-05-07 05:17:48 (18.3 MB/s) - `code/../crawls/scribd.com/Privacy-Policy/raw/assets.zendesk.com/stylesheets/vendor/jQuery_UI_themes/base/images/ui-bg_highlight-soft_75_cccccc_1x100.png?1327371985' saved [101/101]

--2012-05-07 05:17:48--  http://assets.zendesk.com/stylesheets/vendor/jQuery_UI_themes/base/images/ui-bg_glass_75_e6e6e6_1x400.png?1327371985
Reusing existing connection to assets.zendesk.com:80.
HTTP request sent, awaiting response... 200 OK
Length: 110 [image/png]
Saving to: `code/../crawls/scribd.com/Privacy-Policy/raw/assets.zendesk.com/stylesheets/vendor/jQuery_UI_themes/base/images/ui-bg_glass_75_e6e6e6_1x400.png?1327371985'

     0K                                                       100% 20.1M=0s

2012-05-07 05:17:48 (20.1 MB/s) - `code/../crawls/scribd.com/Privacy-Policy/raw/assets.zendesk.com/stylesheets/vendor/jQuery_UI_themes/base/images/ui-bg_glass_75_e6e6e6_1x400.png?1327371985' saved [110/110]

--2012-05-07 05:17:48--  http://assets.zendesk.com/stylesheets/vendor/jQuery_UI_themes/base/images/ui-bg_glass_75_dadada_1x400.png?1327371985
Reusing existing connection to assets.zendesk.com:80.
HTTP request sent, awaiting response... 200 OK
Length: 111 [image/png]
Saving to: `code/../crawls/scribd.com/Privacy-Policy/raw/assets.zendesk.com/stylesheets/vendor/jQuery_UI_themes/base/images/ui-bg_glass_75_dadada_1x400.png?1327371985'

     0K                                                       100% 20.5M=0s

2012-05-07 05:17:48 (20.5 MB/s) - `code/../crawls/scribd.com/Privacy-Policy/raw/assets.zendesk.com/stylesheets/vendor/jQuery_UI_themes/base/images/ui-bg_glass_75_dadada_1x400.png?1327371985' saved [111/111]

--2012-05-07 05:17:48--  http://assets.zendesk.com/stylesheets/vendor/jQuery_UI_themes/base/images/ui-bg_glass_65_ffffff_1x400.png?1327371985
Reusing existing connection to assets.zendesk.com:80.
HTTP request sent, awaiting response... 200 OK
Length: 105 [image/png]
Saving to: `code/../crawls/scribd.com/Privacy-Policy/raw/assets.zendesk.com/stylesheets/vendor/jQuery_UI_themes/base/images/ui-bg_glass_65_ffffff_1x400.png?1327371985'

     0K                                                       100% 19.9M=0s

2012-05-07 05:17:48 (19.9 MB/s) - `code/../crawls/scribd.com/Privacy-Policy/raw/assets.zendesk.com/stylesheets/vendor/jQuery_UI_themes/base/images/ui-bg_glass_65_ffffff_1x400.png?1327371985' saved [105/105]

--2012-05-07 05:17:48--  http://assets.zendesk.com/stylesheets/vendor/jQuery_UI_themes/base/images/ui-bg_glass_55_fbf9ee_1x400.png?1327371985
Reusing existing connection to assets.zendesk.com:80.
HTTP request sent, awaiting response... 200 OK
Length: 120 [image/png]
Saving to: `code/../crawls/scribd.com/Privacy-Policy/raw/assets.zendesk.com/stylesheets/vendor/jQuery_UI_themes/base/images/ui-bg_glass_55_fbf9ee_1x400.png?1327371985'

     0K                                                       100% 22.7M=0s

2012-05-07 05:17:48 (22.7 MB/s) - `code/../crawls/scribd.com/Privacy-Policy/raw/assets.zendesk.com/stylesheets/vendor/jQuery_UI_themes/base/images/ui-bg_glass_55_fbf9ee_1x400.png?1327371985' saved [120/120]

--2012-05-07 05:17:48--  http://assets.zendesk.com/stylesheets/vendor/jQuery_UI_themes/base/images/ui-bg_glass_95_fef1ec_1x400.png?1327371985
Reusing existing connection to assets.zendesk.com:80.
HTTP request sent, awaiting response... 200 OK
Length: 119 [image/png]
Saving to: `code/../crawls/scribd.com/Privacy-Policy/raw/assets.zendesk.com/stylesheets/vendor/jQuery_UI_themes/base/images/ui-bg_glass_95_fef1ec_1x400.png?1327371985'

     0K                                                       100% 22.0M=0s

2012-05-07 05:17:48 (22.0 MB/s) - `code/../crawls/scribd.com/Privacy-Policy/raw/assets.zendesk.com/stylesheets/vendor/jQuery_UI_themes/base/images/ui-bg_glass_95_fef1ec_1x400.png?1327371985' saved [119/119]

--2012-05-07 05:17:48--  http://assets.zendesk.com/stylesheets/vendor/jQuery_UI_themes/base/images/ui-icons_222222_256x240.png?1327371985
Reusing existing connection to assets.zendesk.com:80.
HTTP request sent, awaiting response... 200 OK
Length: 4369 (4.3K) [image/png]
Saving to: `code/../crawls/scribd.com/Privacy-Policy/raw/assets.zendesk.com/stylesheets/vendor/jQuery_UI_themes/base/images/ui-icons_222222_256x240.png?1327371985'

     0K ....                                                  100% 26.2M=0s

2012-05-07 05:17:48 (26.2 MB/s) - `code/../crawls/scribd.com/Privacy-Policy/raw/assets.zendesk.com/stylesheets/vendor/jQuery_UI_themes/base/images/ui-icons_222222_256x240.png?1327371985' saved [4369/4369]

--2012-05-07 05:17:48--  http://assets.zendesk.com/stylesheets/vendor/jQuery_UI_themes/base/images/ui-icons_888888_256x240.png?1327371985
Reusing existing connection to assets.zendesk.com:80.
HTTP request sent, awaiting response... 200 OK
Length: 4369 (4.3K) [image/png]
Saving to: `code/../crawls/scribd.com/Privacy-Policy/raw/assets.zendesk.com/stylesheets/vendor/jQuery_UI_themes/base/images/ui-icons_888888_256x240.png?1327371985'

     0K ....                                                  100% 22.2M=0s

2012-05-07 05:17:48 (22.2 MB/s) - `code/../crawls/scribd.com/Privacy-Policy/raw/assets.zendesk.com/stylesheets/vendor/jQuery_UI_themes/base/images/ui-icons_888888_256x240.png?1327371985' saved [4369/4369]

--2012-05-07 05:17:48--  http://assets.zendesk.com/stylesheets/vendor/jQuery_UI_themes/base/images/ui-icons_454545_256x240.png?1327371985
Reusing existing connection to assets.zendesk.com:80.
HTTP request sent, awaiting response... 200 OK
Length: 4369 (4.3K) [image/png]
Saving to: `code/../crawls/scribd.com/Privacy-Policy/raw/assets.zendesk.com/stylesheets/vendor/jQuery_UI_themes/base/images/ui-icons_454545_256x240.png?1327371985'

     0K ....                                                  100% 23.1M=0s

2012-05-07 05:17:48 (23.1 MB/s) - `code/../crawls/scribd.com/Privacy-Policy/raw/assets.zendesk.com/stylesheets/vendor/jQuery_UI_themes/base/images/ui-icons_454545_256x240.png?1327371985' saved [4369/4369]

--2012-05-07 05:17:48--  http://assets.zendesk.com/stylesheets/vendor/jQuery_UI_themes/base/images/ui-icons_2e83ff_256x240.png?1327371985
Reusing existing connection to assets.zendesk.com:80.
HTTP request sent, awaiting response... 200 OK
Length: 4369 (4.3K) [image/png]
Saving to: `code/../crawls/scribd.com/Privacy-Policy/raw/assets.zendesk.com/stylesheets/vendor/jQuery_UI_themes/base/images/ui-icons_2e83ff_256x240.png?1327371985'

     0K ....                                                  100% 22.0M=0s

2012-05-07 05:17:48 (22.0 MB/s) - `code/../crawls/scribd.com/Privacy-Policy/raw/assets.zendesk.com/stylesheets/vendor/jQuery_UI_themes/base/images/ui-icons_2e83ff_256x240.png?1327371985' saved [4369/4369]

--2012-05-07 05:17:48--  http://assets.zendesk.com/stylesheets/vendor/jQuery_UI_themes/base/images/ui-icons_cd0a0a_256x240.png?1327371985
Reusing existing connection to assets.zendesk.com:80.
HTTP request sent, awaiting response... 200 OK
Length: 4369 (4.3K) [image/png]
Saving to: `code/../crawls/scribd.com/Privacy-Policy/raw/assets.zendesk.com/stylesheets/vendor/jQuery_UI_themes/base/images/ui-icons_cd0a0a_256x240.png?1327371985'

     0K ....                                                  100% 22.3M=0s

2012-05-07 05:17:48 (22.3 MB/s) - `code/../crawls/scribd.com/Privacy-Policy/raw/assets.zendesk.com/stylesheets/vendor/jQuery_UI_themes/base/images/ui-icons_cd0a0a_256x240.png?1327371985' saved [4369/4369]

--2012-05-07 05:17:48--  http://assets.zendesk.com/stylesheets/vendor/jQuery_UI_themes/base/images/ui-bg_flat_0_aaaaaa_40x100.png?1327371985
Reusing existing connection to assets.zendesk.com:80.
HTTP request sent, awaiting response... 200 OK
Length: 180 [image/png]
Saving to: `code/../crawls/scribd.com/Privacy-Policy/raw/assets.zendesk.com/stylesheets/vendor/jQuery_UI_themes/base/images/ui-bg_flat_0_aaaaaa_40x100.png?1327371985'

     0K                                                       100% 32.6M=0s

2012-05-07 05:17:48 (32.6 MB/s) - `code/../crawls/scribd.com/Privacy-Policy/raw/assets.zendesk.com/stylesheets/vendor/jQuery_UI_themes/base/images/ui-bg_flat_0_aaaaaa_40x100.png?1327371985' saved [180/180]

--2012-05-07 05:17:48--  http://assets.zendesk.com/images/text_focus2.gif?1327371985
Reusing existing connection to assets.zendesk.com:80.
HTTP request sent, awaiting response... 200 OK
Length: 1258 (1.2K) [image/gif]
Saving to: `code/../crawls/scribd.com/Privacy-Policy/raw/assets.zendesk.com/images/text_focus2.gif?1327371985'

     0K .                                                     100%  190M=0s

2012-05-07 05:17:48 (190 MB/s) - `code/../crawls/scribd.com/Privacy-Policy/raw/assets.zendesk.com/images/text_focus2.gif?1327371985' saved [1258/1258]

--2012-05-07 05:17:48--  http://assets.zendesk.com/images/searchinput.gif?1327371985
Reusing existing connection to assets.zendesk.com:80.
HTTP request sent, awaiting response... 200 OK
Length: 408 [image/gif]
Saving to: `code/../crawls/scribd.com/Privacy-Policy/raw/assets.zendesk.com/images/searchinput.gif?1327371985'

     0K                                                       100% 75.6M=0s

2012-05-07 05:17:48 (75.6 MB/s) - `code/../crawls/scribd.com/Privacy-Policy/raw/assets.zendesk.com/images/searchinput.gif?1327371985' saved [408/408]

--2012-05-07 05:17:48--  http://assets.zendesk.com/images/icon_clear_sprite.png?1333333146
Reusing existing connection to assets.zendesk.com:80.
HTTP request sent, awaiting response... 200 OK
Length: 2138 (2.1K) [image/png]
Saving to: `code/../crawls/scribd.com/Privacy-Policy/raw/assets.zendesk.com/images/icon_clear_sprite.png?1333333146'

     0K ..                                                    100%  308M=0s

2012-05-07 05:17:48 (308 MB/s) - `code/../crawls/scribd.com/Privacy-Policy/raw/assets.zendesk.com/images/icon_clear_sprite.png?1333333146' saved [2138/2138]

--2012-05-07 05:17:48--  http://assets.zendesk.com/images/loader.gif?1327371985
Reusing existing connection to assets.zendesk.com:80.
HTTP request sent, awaiting response... 200 OK
Length: 673 [image/gif]
Saving to: `code/../crawls/scribd.com/Privacy-Policy/raw/assets.zendesk.com/images/loader.gif?1327371985'

     0K                                                       100%  123M=0s

2012-05-07 05:17:48 (123 MB/s) - `code/../crawls/scribd.com/Privacy-Policy/raw/assets.zendesk.com/images/loader.gif?1327371985' saved [673/673]

--2012-05-07 05:17:48--  http://assets.zendesk.com/images/button-bg.gif?1327371985
Reusing existing connection to assets.zendesk.com:80.
HTTP request sent, awaiting response... 200 OK
Length: 179 [image/gif]
Saving to: `code/../crawls/scribd.com/Privacy-Policy/raw/assets.zendesk.com/images/button-bg.gif?1327371985'

     0K                                                       100% 33.7M=0s

2012-05-07 05:17:48 (33.7 MB/s) - `code/../crawls/scribd.com/Privacy-Policy/raw/assets.zendesk.com/images/button-bg.gif?1327371985' saved [179/179]

--2012-05-07 05:17:48--  http://assets.zendesk.com/images/composite.gif?1327371985
Reusing existing connection to assets.zendesk.com:80.
HTTP request sent, awaiting response... 200 OK
Length: 3541 (3.5K) [image/gif]
Saving to: `code/../crawls/scribd.com/Privacy-Policy/raw/assets.zendesk.com/images/composite.gif?1327371985'

     0K ...                                                   100% 46.8M=0s

2012-05-07 05:17:48 (46.8 MB/s) - `code/../crawls/scribd.com/Privacy-Policy/raw/assets.zendesk.com/images/composite.gif?1327371985' saved [3541/3541]

--2012-05-07 05:17:48--  http://assets.zendesk.com/images/speak_private_big.png?1327371985
Reusing existing connection to assets.zendesk.com:80.
HTTP request sent, awaiting response... 200 OK
Length: 841 [image/png]
Saving to: `code/../crawls/scribd.com/Privacy-Policy/raw/assets.zendesk.com/images/speak_private_big.png?1327371985'

     0K                                                       100%  150M=0s

2012-05-07 05:17:48 (150 MB/s) - `code/../crawls/scribd.com/Privacy-Policy/raw/assets.zendesk.com/images/speak_private_big.png?1327371985' saved [841/841]

--2012-05-07 05:17:48--  http://assets.zendesk.com/images/speak_private_big_email.png?1327371985
Reusing existing connection to assets.zendesk.com:80.
HTTP request sent, awaiting response... 200 OK
Length: 956 [image/png]
Saving to: `code/../crawls/scribd.com/Privacy-Policy/raw/assets.zendesk.com/images/speak_private_big_email.png?1327371985'

     0K                                                       100%  169M=0s

2012-05-07 05:17:48 (169 MB/s) - `code/../crawls/scribd.com/Privacy-Policy/raw/assets.zendesk.com/images/speak_private_big_email.png?1327371985' saved [956/956]

--2012-05-07 05:17:48--  http://assets.zendesk.com/images/speak_public_big.png?1327371985
Reusing existing connection to assets.zendesk.com:80.
HTTP request sent, awaiting response... 200 OK
Length: 940 [image/png]
Saving to: `code/../crawls/scribd.com/Privacy-Policy/raw/assets.zendesk.com/images/speak_public_big.png?1327371985'

     0K                                                       100%  162M=0s

2012-05-07 05:17:48 (162 MB/s) - `code/../crawls/scribd.com/Privacy-Policy/raw/assets.zendesk.com/images/speak_public_big.png?1327371985' saved [940/940]

--2012-05-07 05:17:48--  http://assets.zendesk.com/images/speak_public_big_email.png?1327371985
Reusing existing connection to assets.zendesk.com:80.
HTTP request sent, awaiting response... 200 OK
Length: 1305 (1.3K) [image/png]
Saving to: `code/../crawls/scribd.com/Privacy-Policy/raw/assets.zendesk.com/images/speak_public_big_email.png?1327371985'

     0K .                                                     100%  197M=0s

2012-05-07 05:17:48 (197 MB/s) - `code/../crawls/scribd.com/Privacy-Policy/raw/assets.zendesk.com/images/speak_public_big_email.png?1327371985' saved [1305/1305]

--2012-05-07 05:17:48--  http://assets.zendesk.com/images/speak_public_big_twitter.png?1327371985
Reusing existing connection to assets.zendesk.com:80.
HTTP request sent, awaiting response... 200 OK
Length: 1504 (1.5K) [image/png]
Saving to: `code/../crawls/scribd.com/Privacy-Policy/raw/assets.zendesk.com/images/speak_public_big_twitter.png?1327371985'

     0K .                                                     100%  219M=0s

2012-05-07 05:17:48 (219 MB/s) - `code/../crawls/scribd.com/Privacy-Policy/raw/assets.zendesk.com/images/speak_public_big_twitter.png?1327371985' saved [1504/1504]

--2012-05-07 05:17:48--  http://assets.zendesk.com/images/speak_public_big_phone_call_inbound.png?1327371985
Reusing existing connection to assets.zendesk.com:80.
HTTP request sent, awaiting response... 200 OK
Length: 1128 (1.1K) [image/png]
Saving to: `code/../crawls/scribd.com/Privacy-Policy/raw/assets.zendesk.com/images/speak_public_big_phone_call_inbound.png?1327371985'

     0K .                                                     100%  200M=0s

2012-05-07 05:17:48 (200 MB/s) - `code/../crawls/scribd.com/Privacy-Policy/raw/assets.zendesk.com/images/speak_public_big_phone_call_inbound.png?1327371985' saved [1128/1128]

--2012-05-07 05:17:48--  http://assets.zendesk.com/images/speak_public_big_voicemail.png?1327371985
Reusing existing connection to assets.zendesk.com:80.
HTTP request sent, awaiting response... 200 OK
Length: 1179 (1.2K) [image/png]
Saving to: `code/../crawls/scribd.com/Privacy-Policy/raw/assets.zendesk.com/images/speak_public_big_voicemail.png?1327371985'

     0K .                                                     100%  176M=0s

2012-05-07 05:17:48 (176 MB/s) - `code/../crawls/scribd.com/Privacy-Policy/raw/assets.zendesk.com/images/speak_public_big_voicemail.png?1327371985' saved [1179/1179]

--2012-05-07 05:17:48--  http://assets.zendesk.com/images/speak/public_ticket_sharing_big.png?1327371985
Reusing existing connection to assets.zendesk.com:80.
HTTP request sent, awaiting response... 200 OK
Length: 1420 (1.4K) [image/png]
Saving to: `code/../crawls/scribd.com/Privacy-Policy/raw/assets.zendesk.com/images/speak/public_ticket_sharing_big.png?1327371985'

     0K .                                                     100%  202M=0s

2012-05-07 05:17:48 (202 MB/s) - `code/../crawls/scribd.com/Privacy-Policy/raw/assets.zendesk.com/images/speak/public_ticket_sharing_big.png?1327371985' saved [1420/1420]

--2012-05-07 05:17:48--  http://assets.zendesk.com/images/speak/private_ticket_sharing_big.png?1327371985
Reusing existing connection to assets.zendesk.com:80.
HTTP request sent, awaiting response... 200 OK
Length: 1004 [image/png]
Saving to: `code/../crawls/scribd.com/Privacy-Policy/raw/assets.zendesk.com/images/speak/private_ticket_sharing_big.png?1327371985'

     0K                                                       100%  161M=0s

2012-05-07 05:17:48 (161 MB/s) - `code/../crawls/scribd.com/Privacy-Policy/raw/assets.zendesk.com/images/speak/private_ticket_sharing_big.png?1327371985' saved [1004/1004]

--2012-05-07 05:17:48--  http://assets.zendesk.com/images/views_table_header_background.png?1327371985
Reusing existing connection to assets.zendesk.com:80.
HTTP request sent, awaiting response... 200 OK
Length: 1078 (1.1K) [image/png]
Saving to: `code/../crawls/scribd.com/Privacy-Policy/raw/assets.zendesk.com/images/views_table_header_background.png?1327371985'

     0K .                                                     100%  179M=0s

2012-05-07 05:17:48 (179 MB/s) - `code/../crawls/scribd.com/Privacy-Policy/raw/assets.zendesk.com/images/views_table_header_background.png?1327371985' saved [1078/1078]

--2012-05-07 05:17:48--  http://assets.zendesk.com/images/table-arrow.png?1327371985
Reusing existing connection to assets.zendesk.com:80.
HTTP request sent, awaiting response... 200 OK
Length: 122 [image/png]
Saving to: `code/../crawls/scribd.com/Privacy-Policy/raw/assets.zendesk.com/images/table-arrow.png?1327371985'

     0K                                                       100% 22.9M=0s

2012-05-07 05:17:48 (22.9 MB/s) - `code/../crawls/scribd.com/Privacy-Policy/raw/assets.zendesk.com/images/table-arrow.png?1327371985' saved [122/122]

--2012-05-07 05:17:48--  http://assets.zendesk.com/images/tick2.png?1327371985
Reusing existing connection to assets.zendesk.com:80.
HTTP request sent, awaiting response... 200 OK
Length: 587 [image/png]
Saving to: `code/../crawls/scribd.com/Privacy-Policy/raw/assets.zendesk.com/images/tick2.png?1327371985'

     0K                                                       100% 94.6M=0s

2012-05-07 05:17:48 (94.6 MB/s) - `code/../crawls/scribd.com/Privacy-Policy/raw/assets.zendesk.com/images/tick2.png?1327371985' saved [587/587]

--2012-05-07 05:17:48--  http://assets.zendesk.com/images/speak_public_small.png?1327371985
Reusing existing connection to assets.zendesk.com:80.
HTTP request sent, awaiting response... 200 OK
Length: 626 [image/png]
Saving to: `code/../crawls/scribd.com/Privacy-Policy/raw/assets.zendesk.com/images/speak_public_small.png?1327371985'

     0K                                                       100%  110M=0s

2012-05-07 05:17:48 (110 MB/s) - `code/../crawls/scribd.com/Privacy-Policy/raw/assets.zendesk.com/images/speak_public_small.png?1327371985' saved [626/626]

--2012-05-07 05:17:48--  http://assets.zendesk.com/images/speak_public_small_twitter.png?1327371985
Reusing existing connection to assets.zendesk.com:80.
HTTP request sent, awaiting response... 200 OK
Length: 867 [image/png]
Saving to: `code/../crawls/scribd.com/Privacy-Policy/raw/assets.zendesk.com/images/speak_public_small_twitter.png?1327371985'

     0K                                                       100%  154M=0s

2012-05-07 05:17:48 (154 MB/s) - `code/../crawls/scribd.com/Privacy-Policy/raw/assets.zendesk.com/images/speak_public_small_twitter.png?1327371985' saved [867/867]

--2012-05-07 05:17:48--  http://assets.zendesk.com/images/speak_public_small_facebook.png?1327371985
Reusing existing connection to assets.zendesk.com:80.
HTTP request sent, awaiting response... 200 OK
Length: 1589 (1.6K) [image/png]
Saving to: `code/../crawls/scribd.com/Privacy-Policy/raw/assets.zendesk.com/images/speak_public_small_facebook.png?1327371985'

     0K .                                                     100%  223M=0s

2012-05-07 05:17:48 (223 MB/s) - `code/../crawls/scribd.com/Privacy-Policy/raw/assets.zendesk.com/images/speak_public_small_facebook.png?1327371985' saved [1589/1589]

--2012-05-07 05:17:48--  http://assets.zendesk.com/images/speak_public_small_logmein_rescue.png?1327371985
Reusing existing connection to assets.zendesk.com:80.
HTTP request sent, awaiting response... 200 OK
Length: 30459 (30K) [image/png]
Saving to: `code/../crawls/scribd.com/Privacy-Policy/raw/assets.zendesk.com/images/speak_public_small_logmein_rescue.png?1327371985'

     0K .......... .......... .........                       100% 12.0M=0.002s

2012-05-07 05:17:48 (12.0 MB/s) - `code/../crawls/scribd.com/Privacy-Policy/raw/assets.zendesk.com/images/speak_public_small_logmein_rescue.png?1327371985' saved [30459/30459]

--2012-05-07 05:17:48--  http://assets.zendesk.com/images/speak_private_small_logmein_rescue.png?1327371985
Reusing existing connection to assets.zendesk.com:80.
HTTP request sent, awaiting response... 200 OK
Length: 3429 (3.3K) [image/png]
Saving to: `code/../crawls/scribd.com/Privacy-Policy/raw/assets.zendesk.com/images/speak_private_small_logmein_rescue.png?1327371985'

     0K ...                                                   100%  588M=0s

2012-05-07 05:17:48 (588 MB/s) - `code/../crawls/scribd.com/Privacy-Policy/raw/assets.zendesk.com/images/speak_private_small_logmein_rescue.png?1327371985' saved [3429/3429]

--2012-05-07 05:17:48--  http://assets.zendesk.com/images/speak_public_small_voicemail.png?1327371985
Reusing existing connection to assets.zendesk.com:80.
HTTP request sent, awaiting response... 200 OK
Length: 899 [image/png]
Saving to: `code/../crawls/scribd.com/Privacy-Policy/raw/assets.zendesk.com/images/speak_public_small_voicemail.png?1327371985'

     0K                                                       100%  239M=0s

2012-05-07 05:17:48 (239 MB/s) - `code/../crawls/scribd.com/Privacy-Policy/raw/assets.zendesk.com/images/speak_public_small_voicemail.png?1327371985' saved [899/899]

--2012-05-07 05:17:48--  http://assets.zendesk.com/images/speak_public_small_phone_call_inbound.png?1327371985
Reusing existing connection to assets.zendesk.com:80.
HTTP request sent, awaiting response... 200 OK
Length: 3642 (3.6K) [image/png]
Saving to: `code/../crawls/scribd.com/Privacy-Policy/raw/assets.zendesk.com/images/speak_public_small_phone_call_inbound.png?1327371985'

     0K ...                                                   100% 51.1M=0s

2012-05-07 05:17:48 (51.1 MB/s) - `code/../crawls/scribd.com/Privacy-Policy/raw/assets.zendesk.com/images/speak_public_small_phone_call_inbound.png?1327371985' saved [3642/3642]

--2012-05-07 05:17:48--  http://assets.zendesk.com/images/speak/public_ticket_sharing_small.png?1327371985
Reusing existing connection to assets.zendesk.com:80.
HTTP request sent, awaiting response... 200 OK
Length: 730 [image/png]
Saving to: `code/../crawls/scribd.com/Privacy-Policy/raw/assets.zendesk.com/images/speak/public_ticket_sharing_small.png?1327371985'

     0K                                                       100%  134M=0s

2012-05-07 05:17:48 (134 MB/s) - `code/../crawls/scribd.com/Privacy-Policy/raw/assets.zendesk.com/images/speak/public_ticket_sharing_small.png?1327371985' saved [730/730]

--2012-05-07 05:17:48--  http://assets.zendesk.com/images/speak/private_ticket_sharing_small.png?1327371985
Reusing existing connection to assets.zendesk.com:80.
HTTP request sent, awaiting response... 200 OK
Length: 586 [image/png]
Saving to: `code/../crawls/scribd.com/Privacy-Policy/raw/assets.zendesk.com/images/speak/private_ticket_sharing_small.png?1327371985'

     0K                                                       100%  107M=0s

2012-05-07 05:17:48 (107 MB/s) - `code/../crawls/scribd.com/Privacy-Policy/raw/assets.zendesk.com/images/speak/private_ticket_sharing_small.png?1327371985' saved [586/586]

--2012-05-07 05:17:48--  http://assets.zendesk.com/images/phone.png?1327371985
Reusing existing connection to assets.zendesk.com:80.
HTTP request sent, awaiting response... 200 OK
Length: 194 [image/png]
Saving to: `code/../crawls/scribd.com/Privacy-Policy/raw/assets.zendesk.com/images/phone.png?1327371985'

     0K                                                       100% 36.2M=0s

2012-05-07 05:17:48 (36.2 MB/s) - `code/../crawls/scribd.com/Privacy-Policy/raw/assets.zendesk.com/images/phone.png?1327371985' saved [194/194]

--2012-05-07 05:17:48--  http://assets.zendesk.com/images/speak_private_small.png?1327371985
Reusing existing connection to assets.zendesk.com:80.
HTTP request sent, awaiting response... 200 OK
Length: 528 [image/png]
Saving to: `code/../crawls/scribd.com/Privacy-Policy/raw/assets.zendesk.com/images/speak_private_small.png?1327371985'

     0K                                                       100% 97.7M=0s

2012-05-07 05:17:48 (97.7 MB/s) - `code/../crawls/scribd.com/Privacy-Policy/raw/assets.zendesk.com/images/speak_private_small.png?1327371985' saved [528/528]

--2012-05-07 05:17:48--  http://assets.zendesk.com/images/speak_private_small_email.png?1327371985
Reusing existing connection to assets.zendesk.com:80.
HTTP request sent, awaiting response... 200 OK
Length: 556 [image/png]
Saving to: `code/../crawls/scribd.com/Privacy-Policy/raw/assets.zendesk.com/images/speak_private_small_email.png?1327371985'

     0K                                                       100%  101M=0s

2012-05-07 05:17:48 (101 MB/s) - `code/../crawls/scribd.com/Privacy-Policy/raw/assets.zendesk.com/images/speak_private_small_email.png?1327371985' saved [556/556]

--2012-05-07 05:17:48--  http://assets.zendesk.com/images/speak_public_small_email.png?1327371985
Reusing existing connection to assets.zendesk.com:80.
HTTP request sent, awaiting response... 200 OK
Length: 726 [image/png]
Saving to: `code/../crawls/scribd.com/Privacy-Policy/raw/assets.zendesk.com/images/speak_public_small_email.png?1327371985'

     0K                                                       100%  123M=0s

2012-05-07 05:17:48 (123 MB/s) - `code/../crawls/scribd.com/Privacy-Policy/raw/assets.zendesk.com/images/speak_public_small_email.png?1327371985' saved [726/726]

--2012-05-07 05:17:48--  http://assets.zendesk.com/images/email.png?1327371985
Reusing existing connection to assets.zendesk.com:80.
HTTP request sent, awaiting response... 200 OK
Length: 3303 (3.2K) [image/png]
Saving to: `code/../crawls/scribd.com/Privacy-Policy/raw/assets.zendesk.com/images/email.png?1327371985'

     0K ...                                                   100% 26.3M=0s

2012-05-07 05:17:48 (26.3 MB/s) - `code/../crawls/scribd.com/Privacy-Policy/raw/assets.zendesk.com/images/email.png?1327371985' saved [3303/3303]

--2012-05-07 05:17:48--  http://assets.zendesk.com/images/tweet.png?1327371985
Reusing existing connection to assets.zendesk.com:80.
HTTP request sent, awaiting response... 200 OK
Length: 3660 (3.6K) [image/png]
Saving to: `code/../crawls/scribd.com/Privacy-Policy/raw/assets.zendesk.com/images/tweet.png?1327371985'

     0K ...                                                   100% 37.9M=0s

2012-05-07 05:17:48 (37.9 MB/s) - `code/../crawls/scribd.com/Privacy-Policy/raw/assets.zendesk.com/images/tweet.png?1327371985' saved [3660/3660]

--2012-05-07 05:17:48--  http://assets.zendesk.com/images/icons/facebook_icon.png?1327371985
Reusing existing connection to assets.zendesk.com:80.
HTTP request sent, awaiting response... 200 OK
Length: 1418 (1.4K) [image/png]
Saving to: `code/../crawls/scribd.com/Privacy-Policy/raw/assets.zendesk.com/images/icons/facebook_icon.png?1327371985'

     0K .                                                     100%  198M=0s

2012-05-07 05:17:48 (198 MB/s) - `code/../crawls/scribd.com/Privacy-Policy/raw/assets.zendesk.com/images/icons/facebook_icon.png?1327371985' saved [1418/1418]

--2012-05-07 05:17:48--  http://assets.zendesk.com/images/events/ticket_sharing.png?1327371985
Reusing existing connection to assets.zendesk.com:80.
HTTP request sent, awaiting response... 200 OK
Length: 1018 [image/png]
Saving to: `code/../crawls/scribd.com/Privacy-Policy/raw/assets.zendesk.com/images/events/ticket_sharing.png?1327371985'

     0K                                                       100%  173M=0s

2012-05-07 05:17:48 (173 MB/s) - `code/../crawls/scribd.com/Privacy-Policy/raw/assets.zendesk.com/images/events/ticket_sharing.png?1327371985' saved [1018/1018]

--2012-05-07 05:17:48--  http://assets.zendesk.com/images/events/comment_privacy.png?1327371985
Reusing existing connection to assets.zendesk.com:80.
HTTP request sent, awaiting response... 200 OK
Length: 394 [image/png]
Saving to: `code/../crawls/scribd.com/Privacy-Policy/raw/assets.zendesk.com/images/events/comment_privacy.png?1327371985'

     0K                                                       100% 75.7M=0s

2012-05-07 05:17:48 (75.7 MB/s) - `code/../crawls/scribd.com/Privacy-Policy/raw/assets.zendesk.com/images/events/comment_privacy.png?1327371985' saved [394/394]

--2012-05-07 05:17:48--  http://assets.zendesk.com/images/logmein_rescue_session.png?1327371985
Reusing existing connection to assets.zendesk.com:80.
HTTP request sent, awaiting response... 200 OK
Length: 3526 (3.4K) [image/png]
Saving to: `code/../crawls/scribd.com/Privacy-Policy/raw/assets.zendesk.com/images/logmein_rescue_session.png?1327371985'

     0K ...                                                   100% 46.0M=0s

2012-05-07 05:17:49 (46.0 MB/s) - `code/../crawls/scribd.com/Privacy-Policy/raw/assets.zendesk.com/images/logmein_rescue_session.png?1327371985' saved [3526/3526]

--2012-05-07 05:17:49--  http://assets.zendesk.com/images/cross.png?1327371985
Reusing existing connection to assets.zendesk.com:80.
HTTP request sent, awaiting response... 200 OK
Length: 655 [image/png]
Saving to: `code/../crawls/scribd.com/Privacy-Policy/raw/assets.zendesk.com/images/cross.png?1327371985'

     0K                                                       100%  114M=0s

2012-05-07 05:17:49 (114 MB/s) - `code/../crawls/scribd.com/Privacy-Policy/raw/assets.zendesk.com/images/cross.png?1327371985' saved [655/655]

--2012-05-07 05:17:49--  http://assets.zendesk.com/images/add_s.png?1327371985
Reusing existing connection to assets.zendesk.com:80.
HTTP request sent, awaiting response... 200 OK
Length: 1034 (1.0K) [image/png]
Saving to: `code/../crawls/scribd.com/Privacy-Policy/raw/assets.zendesk.com/images/add_s.png?1327371985'

     0K .                                                     100%  181M=0s

2012-05-07 05:17:49 (181 MB/s) - `code/../crawls/scribd.com/Privacy-Policy/raw/assets.zendesk.com/images/add_s.png?1327371985' saved [1034/1034]

--2012-05-07 05:17:49--  http://assets.zendesk.com/images/remove.png?1327371985
Reusing existing connection to assets.zendesk.com:80.
HTTP request sent, awaiting response... 200 OK
Length: 924 [image/png]
Saving to: `code/../crawls/scribd.com/Privacy-Policy/raw/assets.zendesk.com/images/remove.png?1327371985'

     0K                                                       100%  160M=0s

2012-05-07 05:17:49 (160 MB/s) - `code/../crawls/scribd.com/Privacy-Policy/raw/assets.zendesk.com/images/remove.png?1327371985' saved [924/924]

--2012-05-07 05:17:49--  http://assets.zendesk.com/images/bullets.png?1327371985
Reusing existing connection to assets.zendesk.com:80.
HTTP request sent, awaiting response... 200 OK
Length: 8006 (7.8K) [image/png]
Saving to: `code/../crawls/scribd.com/Privacy-Policy/raw/assets.zendesk.com/images/bullets.png?1327371985'

     0K .......                                               100% 17.2M=0s

2012-05-07 05:17:49 (17.2 MB/s) - `code/../crawls/scribd.com/Privacy-Policy/raw/assets.zendesk.com/images/bullets.png?1327371985' saved [8006/8006]

--2012-05-07 05:17:49--  http://assets.zendesk.com/images/tag_ext_id.png?1327371985
Reusing existing connection to assets.zendesk.com:80.
HTTP request sent, awaiting response... 200 OK
Length: 833 [image/png]
Saving to: `code/../crawls/scribd.com/Privacy-Policy/raw/assets.zendesk.com/images/tag_ext_id.png?1327371985'

     0K                                                       100%  149M=0s

2012-05-07 05:17:49 (149 MB/s) - `code/../crawls/scribd.com/Privacy-Policy/raw/assets.zendesk.com/images/tag_ext_id.png?1327371985' saved [833/833]

--2012-05-07 05:17:49--  http://assets.zendesk.com/images/openid_small_logo.png?1327371985
Reusing existing connection to assets.zendesk.com:80.
HTTP request sent, awaiting response... 200 OK
Length: 3262 (3.2K) [image/png]
Saving to: `code/../crawls/scribd.com/Privacy-Policy/raw/assets.zendesk.com/images/openid_small_logo.png?1327371985'

     0K ...                                                   100% 46.5M=0s

2012-05-07 05:17:49 (46.5 MB/s) - `code/../crawls/scribd.com/Privacy-Policy/raw/assets.zendesk.com/images/openid_small_logo.png?1327371985' saved [3262/3262]

--2012-05-07 05:17:49--  http://assets.zendesk.com/images/warning.png?1327371985
Reusing existing connection to assets.zendesk.com:80.
HTTP request sent, awaiting response... 200 OK
Length: 1057 (1.0K) [image/png]
Saving to: `code/../crawls/scribd.com/Privacy-Policy/raw/assets.zendesk.com/images/warning.png?1327371985'

     0K .                                                     100%  190M=0s

2012-05-07 05:17:49 (190 MB/s) - `code/../crawls/scribd.com/Privacy-Policy/raw/assets.zendesk.com/images/warning.png?1327371985' saved [1057/1057]

--2012-05-07 05:17:49--  http://assets.zendesk.com/images/openid-icon-small.gif?1327371985
Reusing existing connection to assets.zendesk.com:80.
HTTP request sent, awaiting response... 200 OK
Length: 237 [image/gif]
Saving to: `code/../crawls/scribd.com/Privacy-Policy/raw/assets.zendesk.com/images/openid-icon-small.gif?1327371985'

     0K                                                       100% 43.7M=0s

2012-05-07 05:17:49 (43.7 MB/s) - `code/../crawls/scribd.com/Privacy-Policy/raw/assets.zendesk.com/images/openid-icon-small.gif?1327371985' saved [237/237]

--2012-05-07 05:17:49--  http://assets.zendesk.com/images/google-icon-small.gif?1327371985
Reusing existing connection to assets.zendesk.com:80.
HTTP request sent, awaiting response... 200 OK
Length: 546 [image/gif]
Saving to: `code/../crawls/scribd.com/Privacy-Policy/raw/assets.zendesk.com/images/google-icon-small.gif?1327371985'

     0K                                                       100%  100M=0s

2012-05-07 05:17:49 (100 MB/s) - `code/../crawls/scribd.com/Privacy-Policy/raw/assets.zendesk.com/images/google-icon-small.gif?1327371985' saved [546/546]

--2012-05-07 05:17:49--  http://assets.zendesk.com/images/facebook-icon-small.gif
Reusing existing connection to assets.zendesk.com:80.
HTTP request sent, awaiting response... 404 Not Found
2012-05-07 05:17:49 ERROR 404: Not Found.

--2012-05-07 05:17:49--  http://assets.zendesk.com/images/ajax-loader.gif?1327371985
Reusing existing connection to assets.zendesk.com:80.
HTTP request sent, awaiting response... 200 OK
Length: 3720 (3.6K) [image/gif]
Saving to: `code/../crawls/scribd.com/Privacy-Policy/raw/assets.zendesk.com/images/ajax-loader.gif?1327371985'

     0K ...                                                   100% 19.2M=0s

2012-05-07 05:17:49 (19.2 MB/s) - `code/../crawls/scribd.com/Privacy-Policy/raw/assets.zendesk.com/images/ajax-loader.gif?1327371985' saved [3720/3720]

--2012-05-07 05:17:49--  http://assets.zendesk.com/images/fade_bar.png?1327371985
Reusing existing connection to assets.zendesk.com:80.
HTTP request sent, awaiting response... 200 OK
Length: 217 [image/png]
Saving to: `code/../crawls/scribd.com/Privacy-Policy/raw/assets.zendesk.com/images/fade_bar.png?1327371985'

     0K                                                       100% 39.1M=0s

2012-05-07 05:17:49 (39.1 MB/s) - `code/../crawls/scribd.com/Privacy-Policy/raw/assets.zendesk.com/images/fade_bar.png?1327371985' saved [217/217]

--2012-05-07 05:17:49--  http://assets.zendesk.com/images/sprites/twickets_icons.png?1327371985
Reusing existing connection to assets.zendesk.com:80.
HTTP request sent, awaiting response... 200 OK
Length: 877 [image/png]
Saving to: `code/../crawls/scribd.com/Privacy-Policy/raw/assets.zendesk.com/images/sprites/twickets_icons.png?1327371985'

     0K                                                       100%  152M=0s

2012-05-07 05:17:49 (152 MB/s) - `code/../crawls/scribd.com/Privacy-Policy/raw/assets.zendesk.com/images/sprites/twickets_icons.png?1327371985' saved [877/877]

--2012-05-07 05:17:49--  http://assets.zendesk.com/images/twitter/icon_blue_dot.png?1327371985
Reusing existing connection to assets.zendesk.com:80.
HTTP request sent, awaiting response... 200 OK
Length: 988 [image/png]
Saving to: `code/../crawls/scribd.com/Privacy-Policy/raw/assets.zendesk.com/images/twitter/icon_blue_dot.png?1327371985'

     0K                                                       100%  168M=0s

2012-05-07 05:17:49 (168 MB/s) - `code/../crawls/scribd.com/Privacy-Policy/raw/assets.zendesk.com/images/twitter/icon_blue_dot.png?1327371985' saved [988/988]

--2012-05-07 05:17:49--  http://assets.zendesk.com/images/warning_15x15.png?1327371985
Reusing existing connection to assets.zendesk.com:80.
HTTP request sent, awaiting response... 200 OK
Length: 1540 (1.5K) [image/png]
Saving to: `code/../crawls/scribd.com/Privacy-Policy/raw/assets.zendesk.com/images/warning_15x15.png?1327371985'

     0K .                                                     100%  228M=0s

2012-05-07 05:17:49 (228 MB/s) - `code/../crawls/scribd.com/Privacy-Policy/raw/assets.zendesk.com/images/warning_15x15.png?1327371985' saved [1540/1540]

--2012-05-07 05:17:49--  http://assets.zendesk.com/images/error.png?1327371985
Reusing existing connection to assets.zendesk.com:80.
HTTP request sent, awaiting response... 200 OK
Length: 1443 (1.4K) [image/png]
Saving to: `code/../crawls/scribd.com/Privacy-Policy/raw/assets.zendesk.com/images/error.png?1327371985'

     0K .                                                     100%  208M=0s

2012-05-07 05:17:49 (208 MB/s) - `code/../crawls/scribd.com/Privacy-Policy/raw/assets.zendesk.com/images/error.png?1327371985' saved [1443/1443]

--2012-05-07 05:17:49--  http://assets.zendesk.com/images/green_tick.png?1327371985
Reusing existing connection to assets.zendesk.com:80.
HTTP request sent, awaiting response... 200 OK
Length: 1272 (1.2K) [image/png]
Saving to: `code/../crawls/scribd.com/Privacy-Policy/raw/assets.zendesk.com/images/green_tick.png?1327371985'

     0K .                                                     100%  184M=0s

2012-05-07 05:17:49 (184 MB/s) - `code/../crawls/scribd.com/Privacy-Policy/raw/assets.zendesk.com/images/green_tick.png?1327371985' saved [1272/1272]

--2012-05-07 05:17:49--  http://assets.zendesk.com/images/banner_background.gif?1327371985
Reusing existing connection to assets.zendesk.com:80.
HTTP request sent, awaiting response... 200 OK
Length: 1525 (1.5K) [image/gif]
Saving to: `code/../crawls/scribd.com/Privacy-Policy/raw/assets.zendesk.com/images/banner_background.gif?1327371985'

     0K .                                                     100%  226M=0s

2012-05-07 05:17:49 (226 MB/s) - `code/../crawls/scribd.com/Privacy-Policy/raw/assets.zendesk.com/images/banner_background.gif?1327371985' saved [1525/1525]

--2012-05-07 05:17:49--  http://assets.zendesk.com/images/banner_urgent_background.gif?1327371985
Reusing existing connection to assets.zendesk.com:80.
HTTP request sent, awaiting response... 200 OK
Length: 610 [image/gif]
Saving to: `code/../crawls/scribd.com/Privacy-Policy/raw/assets.zendesk.com/images/banner_urgent_background.gif?1327371985'

     0K                                                       100%  113M=0s

2012-05-07 05:17:49 (113 MB/s) - `code/../crawls/scribd.com/Privacy-Policy/raw/assets.zendesk.com/images/banner_urgent_background.gif?1327371985' saved [610/610]

--2012-05-07 05:17:49--  http://assets.zendesk.com/images/widgets/widget_close.png?1327371985
Reusing existing connection to assets.zendesk.com:80.
HTTP request sent, awaiting response... 200 OK
Length: 1394 (1.4K) [image/png]
Saving to: `code/../crawls/scribd.com/Privacy-Policy/raw/assets.zendesk.com/images/widgets/widget_close.png?1327371985'

     0K .                                                     100%  203M=0s

2012-05-07 05:17:49 (203 MB/s) - `code/../crawls/scribd.com/Privacy-Policy/raw/assets.zendesk.com/images/widgets/widget_close.png?1327371985' saved [1394/1394]

--2012-05-07 05:17:49--  http://assets.zendesk.com/images/widgets/puzzle.png?1327371985
Reusing existing connection to assets.zendesk.com:80.
HTTP request sent, awaiting response... 200 OK
Length: 445 [image/png]
Saving to: `code/../crawls/scribd.com/Privacy-Policy/raw/assets.zendesk.com/images/widgets/puzzle.png?1327371985'

     0K                                                       100% 78.1M=0s

2012-05-07 05:17:49 (78.1 MB/s) - `code/../crawls/scribd.com/Privacy-Policy/raw/assets.zendesk.com/images/widgets/puzzle.png?1327371985' saved [445/445]

--2012-05-07 05:17:49--  http://assets.zendesk.com/images/triangle_yellow_12.png?1327371985
Reusing existing connection to assets.zendesk.com:80.
HTTP request sent, awaiting response... 200 OK
Length: 149 [image/png]
Saving to: `code/../crawls/scribd.com/Privacy-Policy/raw/assets.zendesk.com/images/triangle_yellow_12.png?1327371985'

     0K                                                       100% 26.9M=0s

2012-05-07 05:17:49 (26.9 MB/s) - `code/../crawls/scribd.com/Privacy-Policy/raw/assets.zendesk.com/images/triangle_yellow_12.png?1327371985' saved [149/149]

--2012-05-07 05:17:49--  http://assets.zendesk.com/images/close.gif?1327371985
Reusing existing connection to assets.zendesk.com:80.
HTTP request sent, awaiting response... 200 OK
Length: 90 [image/gif]
Saving to: `code/../crawls/scribd.com/Privacy-Policy/raw/assets.zendesk.com/images/close.gif?1327371985'

     0K                                                       100% 16.9M=0s

2012-05-07 05:17:49 (16.9 MB/s) - `code/../crawls/scribd.com/Privacy-Policy/raw/assets.zendesk.com/images/close.gif?1327371985' saved [90/90]

--2012-05-07 05:17:49--  http://assets.zendesk.com/images/triangle_yellow_8.png?1327371985
Reusing existing connection to assets.zendesk.com:80.
HTTP request sent, awaiting response... 200 OK
Length: 152 [image/png]
Saving to: `code/../crawls/scribd.com/Privacy-Policy/raw/assets.zendesk.com/images/triangle_yellow_8.png?1327371985'

     0K                                                       100% 28.7M=0s

2012-05-07 05:17:49 (28.7 MB/s) - `code/../crawls/scribd.com/Privacy-Policy/raw/assets.zendesk.com/images/triangle_yellow_8.png?1327371985' saved [152/152]

--2012-05-07 05:17:49--  http://assets.zendesk.com/images/indicator2.gif?1327371985
Reusing existing connection to assets.zendesk.com:80.
HTTP request sent, awaiting response... 200 OK
Length: 537 [image/gif]
Saving to: `code/../crawls/scribd.com/Privacy-Policy/raw/assets.zendesk.com/images/indicator2.gif?1327371985'

     0K                                                       100% 99.5M=0s

2012-05-07 05:17:49 (99.5 MB/s) - `code/../crawls/scribd.com/Privacy-Policy/raw/assets.zendesk.com/images/indicator2.gif?1327371985' saved [537/537]

--2012-05-07 05:17:49--  http://assets.zendesk.com/images/warning_icon.png?1327371985
Reusing existing connection to assets.zendesk.com:80.
HTTP request sent, awaiting response... 200 OK
Length: 357 [image/png]
Saving to: `code/../crawls/scribd.com/Privacy-Policy/raw/assets.zendesk.com/images/warning_icon.png?1327371985'

     0K                                                       100% 64.3M=0s

2012-05-07 05:17:49 (64.3 MB/s) - `code/../crawls/scribd.com/Privacy-Policy/raw/assets.zendesk.com/images/warning_icon.png?1327371985' saved [357/357]

--2012-05-07 05:17:49--  http://assets.zendesk.com/images/arrow_right.png?1327371985
Reusing existing connection to assets.zendesk.com:80.
HTTP request sent, awaiting response... 200 OK
Length: 1084 (1.1K) [image/png]
Saving to: `code/../crawls/scribd.com/Privacy-Policy/raw/assets.zendesk.com/images/arrow_right.png?1327371985'

     0K .                                                     100%  181M=0s

2012-05-07 05:17:49 (181 MB/s) - `code/../crawls/scribd.com/Privacy-Policy/raw/assets.zendesk.com/images/arrow_right.png?1327371985' saved [1084/1084]

--2012-05-07 05:17:49--  http://assets.zendesk.com/images/sprites/plus-equals.png?1327371985
Reusing existing connection to assets.zendesk.com:80.
HTTP request sent, awaiting response... 200 OK
Length: 330 [image/png]
Saving to: `code/../crawls/scribd.com/Privacy-Policy/raw/assets.zendesk.com/images/sprites/plus-equals.png?1327371985'

     0K                                                       100% 59.1M=0s

2012-05-07 05:17:49 (59.1 MB/s) - `code/../crawls/scribd.com/Privacy-Policy/raw/assets.zendesk.com/images/sprites/plus-equals.png?1327371985' saved [330/330]

--2012-05-07 05:17:49--  http://assets.zendesk.com/images/semicolon.png?1327371985
Reusing existing connection to assets.zendesk.com:80.
HTTP request sent, awaiting response... 200 OK
Length: 151 [image/png]
Saving to: `code/../crawls/scribd.com/Privacy-Policy/raw/assets.zendesk.com/images/semicolon.png?1327371985'

     0K                                                       100% 27.4M=0s

2012-05-07 05:17:49 (27.4 MB/s) - `code/../crawls/scribd.com/Privacy-Policy/raw/assets.zendesk.com/images/semicolon.png?1327371985' saved [151/151]

--2012-05-07 05:17:49--  http://assets.zendesk.com/images/button-bg_submit.gif?1327371985
Reusing existing connection to assets.zendesk.com:80.
HTTP request sent, awaiting response... 200 OK
Length: 1419 (1.4K) [image/gif]
Saving to: `code/../crawls/scribd.com/Privacy-Policy/raw/assets.zendesk.com/images/button-bg_submit.gif?1327371985'

     0K .                                                     100%  202M=0s

2012-05-07 05:17:49 (202 MB/s) - `code/../crawls/scribd.com/Privacy-Policy/raw/assets.zendesk.com/images/button-bg_submit.gif?1327371985' saved [1419/1419]

--2012-05-07 05:17:49--  http://assets.zendesk.com/images/button-bg_submit_vote.png?1327371985
Reusing existing connection to assets.zendesk.com:80.
HTTP request sent, awaiting response... 200 OK
Length: 4580 (4.5K) [image/png]
Saving to: `code/../crawls/scribd.com/Privacy-Policy/raw/assets.zendesk.com/images/button-bg_submit_vote.png?1327371985'

     0K ....                                                  100% 22.8M=0s

2012-05-07 05:17:49 (22.8 MB/s) - `code/../crawls/scribd.com/Privacy-Policy/raw/assets.zendesk.com/images/button-bg_submit_vote.png?1327371985' saved [4580/4580]

--2012-05-07 05:17:49--  http://assets.zendesk.com/images/button-bg.png?1327371985
Reusing existing connection to assets.zendesk.com:80.
HTTP request sent, awaiting response... 200 OK
Length: 222 [image/png]
Saving to: `code/../crawls/scribd.com/Privacy-Policy/raw/assets.zendesk.com/images/button-bg.png?1327371985'

     0K                                                       100% 40.7M=0s

2012-05-07 05:17:49 (40.7 MB/s) - `code/../crawls/scribd.com/Privacy-Policy/raw/assets.zendesk.com/images/button-bg.png?1327371985' saved [222/222]

--2012-05-07 05:17:49--  http://assets.zendesk.com/images/answer-sprite_16x16.png?1327371985
Reusing existing connection to assets.zendesk.com:80.
HTTP request sent, awaiting response... 200 OK
Length: 1074 (1.0K) [image/png]
Saving to: `code/../crawls/scribd.com/Privacy-Policy/raw/assets.zendesk.com/images/answer-sprite_16x16.png?1327371985'

     0K .                                                     100%  189M=0s

2012-05-07 05:17:49 (189 MB/s) - `code/../crawls/scribd.com/Privacy-Policy/raw/assets.zendesk.com/images/answer-sprite_16x16.png?1327371985' saved [1074/1074]

--2012-05-07 05:17:49--  http://assets.zendesk.com/images/entries/answer-sprite.png?1327371985
Reusing existing connection to assets.zendesk.com:80.
HTTP request sent, awaiting response... 200 OK
Length: 1243 (1.2K) [image/png]
Saving to: `code/../crawls/scribd.com/Privacy-Policy/raw/assets.zendesk.com/images/entries/answer-sprite.png?1327371985'

     0K .                                                     100%  178M=0s

2012-05-07 05:17:49 (178 MB/s) - `code/../crawls/scribd.com/Privacy-Policy/raw/assets.zendesk.com/images/entries/answer-sprite.png?1327371985' saved [1243/1243]

--2012-05-07 05:17:49--  http://assets.zendesk.com/images/facebook-monitored.png?1327371985
Reusing existing connection to assets.zendesk.com:80.
HTTP request sent, awaiting response... 200 OK
Length: 1012 [image/png]
Saving to: `code/../crawls/scribd.com/Privacy-Policy/raw/assets.zendesk.com/images/facebook-monitored.png?1327371985'

     0K                                                       100%  176M=0s

2012-05-07 05:17:49 (176 MB/s) - `code/../crawls/scribd.com/Privacy-Policy/raw/assets.zendesk.com/images/facebook-monitored.png?1327371985' saved [1012/1012]

--2012-05-07 05:17:49--  http://assets.zendesk.com/images/facebook-bullet.png?1327371985
Reusing existing connection to assets.zendesk.com:80.
HTTP request sent, awaiting response... 200 OK
Length: 2954 (2.9K) [image/png]
Saving to: `code/../crawls/scribd.com/Privacy-Policy/raw/assets.zendesk.com/images/facebook-bullet.png?1327371985'

     0K ..                                                    100% 14.7M=0s

2012-05-07 05:17:49 (14.7 MB/s) - `code/../crawls/scribd.com/Privacy-Policy/raw/assets.zendesk.com/images/facebook-bullet.png?1327371985' saved [2954/2954]

--2012-05-07 05:17:49--  http://assets.zendesk.com/images/speak_public_big_facebook.png?1327371985
Reusing existing connection to assets.zendesk.com:80.
HTTP request sent, awaiting response... 200 OK
Length: 2130 (2.1K) [image/png]
Saving to: `code/../crawls/scribd.com/Privacy-Policy/raw/assets.zendesk.com/images/speak_public_big_facebook.png?1327371985'

     0K ..                                                    100%  307M=0s

2012-05-07 05:17:49 (307 MB/s) - `code/../crawls/scribd.com/Privacy-Policy/raw/assets.zendesk.com/images/speak_public_big_facebook.png?1327371985' saved [2130/2130]

--2012-05-07 05:17:49--  http://assets.zendesk.com/images/move-me-arrow.png?1327371985
Reusing existing connection to assets.zendesk.com:80.
HTTP request sent, awaiting response... 200 OK
Length: 864 [image/png]
Saving to: `code/../crawls/scribd.com/Privacy-Policy/raw/assets.zendesk.com/images/move-me-arrow.png?1327371985'

     0K                                                       100%  155M=0s

2012-05-07 05:17:49 (155 MB/s) - `code/../crawls/scribd.com/Privacy-Policy/raw/assets.zendesk.com/images/move-me-arrow.png?1327371985' saved [864/864]

--2012-05-07 05:17:49--  http://assets.zendesk.com/images/types/question.png?1333333147
Reusing existing connection to assets.zendesk.com:80.
HTTP request sent, awaiting response... 200 OK
Length: 2273 (2.2K) [image/png]
Saving to: `code/../crawls/scribd.com/Privacy-Policy/raw/assets.zendesk.com/images/types/question.png?1333333147'

     0K ..                                                    100%  312M=0s

2012-05-07 05:17:49 (312 MB/s) - `code/../crawls/scribd.com/Privacy-Policy/raw/assets.zendesk.com/images/types/question.png?1333333147' saved [2273/2273]

--2012-05-07 05:17:49--  http://assets.zendesk.com/images/types/idea.png?1333333147
Reusing existing connection to assets.zendesk.com:80.
HTTP request sent, awaiting response... 200 OK
Length: 2476 (2.4K) [image/png]
Saving to: `code/../crawls/scribd.com/Privacy-Policy/raw/assets.zendesk.com/images/types/idea.png?1333333147'

     0K ..                                                    100% 36.0M=0s

2012-05-07 05:17:49 (36.0 MB/s) - `code/../crawls/scribd.com/Privacy-Policy/raw/assets.zendesk.com/images/types/idea.png?1333333147' saved [2476/2476]

--2012-05-07 05:17:49--  http://assets.zendesk.com/images/types/ticket.png?1333333147
Reusing existing connection to assets.zendesk.com:80.
HTTP request sent, awaiting response... 200 OK
Length: 2459 (2.4K) [image/png]
Saving to: `code/../crawls/scribd.com/Privacy-Policy/raw/assets.zendesk.com/images/types/ticket.png?1333333147'

     0K ..                                                    100% 34.5M=0s

2012-05-07 05:17:49 (34.5 MB/s) - `code/../crawls/scribd.com/Privacy-Policy/raw/assets.zendesk.com/images/types/ticket.png?1333333147' saved [2459/2459]

--2012-05-07 05:17:49--  http://assets.zendesk.com/images/menu.png?1327371985
Reusing existing connection to assets.zendesk.com:80.
HTTP request sent, awaiting response... 200 OK
Length: 152 [image/png]
Saving to: `code/../crawls/scribd.com/Privacy-Policy/raw/assets.zendesk.com/images/menu.png?1327371985'

     0K                                                       100% 29.5M=0s

2012-05-07 05:17:49 (29.5 MB/s) - `code/../crawls/scribd.com/Privacy-Policy/raw/assets.zendesk.com/images/menu.png?1327371985' saved [152/152]

--2012-05-07 05:17:49--  http://assets.zendesk.com/images/sprites/password_setting_icons.png?1327371985
Reusing existing connection to assets.zendesk.com:80.
HTTP request sent, awaiting response... 200 OK
Length: 733 [image/png]
Saving to: `code/../crawls/scribd.com/Privacy-Policy/raw/assets.zendesk.com/images/sprites/password_setting_icons.png?1327371985'

     0K                                                       100%  128M=0s

2012-05-07 05:17:49 (128 MB/s) - `code/../crawls/scribd.com/Privacy-Policy/raw/assets.zendesk.com/images/sprites/password_setting_icons.png?1327371985' saved [733/733]

--2012-05-07 05:17:49--  http://assets.zendesk.com/images/grey_pointer_large.png?1327371985
Reusing existing connection to assets.zendesk.com:80.
HTTP request sent, awaiting response... 200 OK
Length: 250 [image/png]
Saving to: `code/../crawls/scribd.com/Privacy-Policy/raw/assets.zendesk.com/images/grey_pointer_large.png?1327371985'

     0K                                                       100% 46.2M=0s

2012-05-07 05:17:49 (46.2 MB/s) - `code/../crawls/scribd.com/Privacy-Policy/raw/assets.zendesk.com/images/grey_pointer_large.png?1327371985' saved [250/250]

--2012-05-07 05:17:49--  http://assets.zendesk.com/images/subscription_gradient.png?1327371985
Reusing existing connection to assets.zendesk.com:80.
HTTP request sent, awaiting response... 200 OK
Length: 8515 (8.3K) [image/png]
Saving to: `code/../crawls/scribd.com/Privacy-Policy/raw/assets.zendesk.com/images/subscription_gradient.png?1327371985'

     0K ........                                              100% 17.4M=0s

2012-05-07 05:17:49 (17.4 MB/s) - `code/../crawls/scribd.com/Privacy-Policy/raw/assets.zendesk.com/images/subscription_gradient.png?1327371985' saved [8515/8515]

--2012-05-07 05:17:49--  http://assets.zendesk.com/images/sprites/chat_menu_icon.png?1327371985
Reusing existing connection to assets.zendesk.com:80.
HTTP request sent, awaiting response... 200 OK
Length: 1404 (1.4K) [image/png]
Saving to: `code/../crawls/scribd.com/Privacy-Policy/raw/assets.zendesk.com/images/sprites/chat_menu_icon.png?1327371985'

     0K .                                                     100%  213M=0s

2012-05-07 05:17:49 (213 MB/s) - `code/../crawls/scribd.com/Privacy-Policy/raw/assets.zendesk.com/images/sprites/chat_menu_icon.png?1327371985' saved [1404/1404]

--2012-05-07 05:17:49--  http://assets.zendesk.com/images/sprites/voice_nav_icon.png?1327371985
Reusing existing connection to assets.zendesk.com:80.
HTTP request sent, awaiting response... 200 OK
Length: 1376 (1.3K) [image/png]
Saving to: `code/../crawls/scribd.com/Privacy-Policy/raw/assets.zendesk.com/images/sprites/voice_nav_icon.png?1327371985'

     0K .                                                     100%  209M=0s

2012-05-07 05:17:49 (209 MB/s) - `code/../crawls/scribd.com/Privacy-Policy/raw/assets.zendesk.com/images/sprites/voice_nav_icon.png?1327371985' saved [1376/1376]

--2012-05-07 05:17:49--  http://assets.zendesk.com/images/icon_check_mark_16.png?1327371985
Reusing existing connection to assets.zendesk.com:80.
HTTP request sent, awaiting response... 200 OK
Length: 335 [image/png]
Saving to: `code/../crawls/scribd.com/Privacy-Policy/raw/assets.zendesk.com/images/icon_check_mark_16.png?1327371985'

     0K                                                       100% 60.0M=0s

2012-05-07 05:17:49 (60.0 MB/s) - `code/../crawls/scribd.com/Privacy-Policy/raw/assets.zendesk.com/images/icon_check_mark_16.png?1327371985' saved [335/335]

--2012-05-07 05:17:49--  http://assets.zendesk.com/images/call_console/icon_mute_unmute_sprite.png?1327371985
Reusing existing connection to assets.zendesk.com:80.
HTTP request sent, awaiting response... 200 OK
Length: 1852 (1.8K) [image/png]
Saving to: `code/../crawls/scribd.com/Privacy-Policy/raw/assets.zendesk.com/images/call_console/icon_mute_unmute_sprite.png?1327371985'

     0K .                                                     100%  228M=0s

2012-05-07 05:17:49 (228 MB/s) - `code/../crawls/scribd.com/Privacy-Policy/raw/assets.zendesk.com/images/call_console/icon_mute_unmute_sprite.png?1327371985' saved [1852/1852]

--2012-05-07 05:17:49--  http://assets.zendesk.com/images/call_console/icon_open_new_window.png?1327371985
Reusing existing connection to assets.zendesk.com:80.
HTTP request sent, awaiting response... 200 OK
Length: 1016 [image/png]
Saving to: `code/../crawls/scribd.com/Privacy-Policy/raw/assets.zendesk.com/images/call_console/icon_open_new_window.png?1327371985'

     0K                                                       100%  171M=0s

2012-05-07 05:17:49 (171 MB/s) - `code/../crawls/scribd.com/Privacy-Policy/raw/assets.zendesk.com/images/call_console/icon_open_new_window.png?1327371985' saved [1016/1016]

--2012-05-07 05:17:49--  http://assets.zendesk.com/images/sprites/merging.png?1327371985
Reusing existing connection to assets.zendesk.com:80.
HTTP request sent, awaiting response... 200 OK
Length: 1643 (1.6K) [image/png]
Saving to: `code/../crawls/scribd.com/Privacy-Policy/raw/assets.zendesk.com/images/sprites/merging.png?1327371985'

     0K .                                                     100%  232M=0s

2012-05-07 05:17:49 (232 MB/s) - `code/../crawls/scribd.com/Privacy-Policy/raw/assets.zendesk.com/images/sprites/merging.png?1327371985' saved [1643/1643]

--2012-05-07 05:17:49--  http://assets.zendesk.com/images/small-thumbs-up.png?1327371985
Reusing existing connection to assets.zendesk.com:80.
HTTP request sent, awaiting response... 200 OK
Length: 271 [image/png]
Saving to: `code/../crawls/scribd.com/Privacy-Policy/raw/assets.zendesk.com/images/small-thumbs-up.png?1327371985'

     0K                                                       100% 39.9M=0s

2012-05-07 05:17:49 (39.9 MB/s) - `code/../crawls/scribd.com/Privacy-Policy/raw/assets.zendesk.com/images/small-thumbs-up.png?1327371985' saved [271/271]

--2012-05-07 05:17:49--  http://assets.zendesk.com/images/audio_player/background.png?1327371985
Reusing existing connection to assets.zendesk.com:80.
HTTP request sent, awaiting response... 200 OK
Length: 429 [image/png]
Saving to: `code/../crawls/scribd.com/Privacy-Policy/raw/assets.zendesk.com/images/audio_player/background.png?1327371985'

     0K                                                       100% 70.2M=0s

2012-05-07 05:17:49 (70.2 MB/s) - `code/../crawls/scribd.com/Privacy-Policy/raw/assets.zendesk.com/images/audio_player/background.png?1327371985' saved [429/429]

--2012-05-07 05:17:49--  http://assets.zendesk.com/images/audio_player/play_pause_sprite.png?1327371985
Reusing existing connection to assets.zendesk.com:80.
HTTP request sent, awaiting response... 200 OK
Length: 2985 (2.9K) [image/png]
Saving to: `code/../crawls/scribd.com/Privacy-Policy/raw/assets.zendesk.com/images/audio_player/play_pause_sprite.png?1327371985'

     0K ..                                                    100% 42.3M=0s

2012-05-07 05:17:49 (42.3 MB/s) - `code/../crawls/scribd.com/Privacy-Policy/raw/assets.zendesk.com/images/audio_player/play_pause_sprite.png?1327371985' saved [2985/2985]

--2012-05-07 05:17:49--  http://assets.zendesk.com/images/audio_player/control_knob_sprite.png?1327371985
Reusing existing connection to assets.zendesk.com:80.
HTTP request sent, awaiting response... 200 OK
Length: 749 [image/png]
Saving to: `code/../crawls/scribd.com/Privacy-Policy/raw/assets.zendesk.com/images/audio_player/control_knob_sprite.png?1327371985'

     0K                                                       100%  123M=0s

2012-05-07 05:17:49 (123 MB/s) - `code/../crawls/scribd.com/Privacy-Policy/raw/assets.zendesk.com/images/audio_player/control_knob_sprite.png?1327371985' saved [749/749]

--2012-05-07 05:17:49--  http://assets.zendesk.com/images/audio_player/volume_sprite.png?1327371985
Reusing existing connection to assets.zendesk.com:80.
HTTP request sent, awaiting response... 200 OK
Length: 256 [image/png]
Saving to: `code/../crawls/scribd.com/Privacy-Policy/raw/assets.zendesk.com/images/audio_player/volume_sprite.png?1327371985'

     0K                                                       100% 45.5M=0s

2012-05-07 05:17:49 (45.5 MB/s) - `code/../crawls/scribd.com/Privacy-Policy/raw/assets.zendesk.com/images/audio_player/volume_sprite.png?1327371985' saved [256/256]

--2012-05-07 05:17:49--  http://assets.zendesk.com/images/audio_player/background_small.png?1327371985
Reusing existing connection to assets.zendesk.com:80.
HTTP request sent, awaiting response... 200 OK
Length: 1146 (1.1K) [image/png]
Saving to: `code/../crawls/scribd.com/Privacy-Policy/raw/assets.zendesk.com/images/audio_player/background_small.png?1327371985'

     0K .                                                     100%  196M=0s

2012-05-07 05:17:49 (196 MB/s) - `code/../crawls/scribd.com/Privacy-Policy/raw/assets.zendesk.com/images/audio_player/background_small.png?1327371985' saved [1146/1146]

--2012-05-07 05:17:49--  http://assets.zendesk.com/images/icons/person.png?1327371985
Reusing existing connection to assets.zendesk.com:80.
HTTP request sent, awaiting response... 200 OK
Length: 1210 (1.2K) [image/png]
Saving to: `code/../crawls/scribd.com/Privacy-Policy/raw/assets.zendesk.com/images/icons/person.png?1327371985'

     0K .                                                     100%  179M=0s

2012-05-07 05:17:49 (179 MB/s) - `code/../crawls/scribd.com/Privacy-Policy/raw/assets.zendesk.com/images/icons/person.png?1327371985' saved [1210/1210]

--2012-05-07 05:17:49--  http://assets.zendesk.com/images/icons/calendar.png?1327371985
Reusing existing connection to assets.zendesk.com:80.
HTTP request sent, awaiting response... 200 OK
Length: 1512 (1.5K) [image/png]
Saving to: `code/../crawls/scribd.com/Privacy-Policy/raw/assets.zendesk.com/images/icons/calendar.png?1327371985'

     0K .                                                     100%  226M=0s

2012-05-07 05:17:49 (226 MB/s) - `code/../crawls/scribd.com/Privacy-Policy/raw/assets.zendesk.com/images/icons/calendar.png?1327371985' saved [1512/1512]

--2012-05-07 05:17:49--  http://assets.zendesk.com/images/icons/phone.png?1327371985
Reusing existing connection to assets.zendesk.com:80.
HTTP request sent, awaiting response... 200 OK
Length: 289 [image/png]
Saving to: `code/../crawls/scribd.com/Privacy-Policy/raw/assets.zendesk.com/images/icons/phone.png?1327371985'

     0K                                                       100% 51.2M=0s

2012-05-07 05:17:49 (51.2 MB/s) - `code/../crawls/scribd.com/Privacy-Policy/raw/assets.zendesk.com/images/icons/phone.png?1327371985' saved [289/289]

--2012-05-07 05:17:49--  http://assets.zendesk.com/images/icons/voicemail.png?1327371985
Reusing existing connection to assets.zendesk.com:80.
HTTP request sent, awaiting response... 200 OK
Length: 297 [image/png]
Saving to: `code/../crawls/scribd.com/Privacy-Policy/raw/assets.zendesk.com/images/icons/voicemail.png?1327371985'

     0K                                                       100% 50.2M=0s

2012-05-07 05:17:49 (50.2 MB/s) - `code/../crawls/scribd.com/Privacy-Policy/raw/assets.zendesk.com/images/icons/voicemail.png?1327371985' saved [297/297]

--2012-05-07 05:17:49--  http://assets.zendesk.com/images/icons/email.png?1327371985
Reusing existing connection to assets.zendesk.com:80.
HTTP request sent, awaiting response... 200 OK
Length: 241 [image/png]
Saving to: `code/../crawls/scribd.com/Privacy-Policy/raw/assets.zendesk.com/images/icons/email.png?1327371985'

     0K                                                       100% 40.9M=0s

2012-05-07 05:17:49 (40.9 MB/s) - `code/../crawls/scribd.com/Privacy-Policy/raw/assets.zendesk.com/images/icons/email.png?1327371985' saved [241/241]

--2012-05-07 05:17:49--  http://assets.zendesk.com/images/icons/fb_post_icon.png?1327371985
Reusing existing connection to assets.zendesk.com:80.
HTTP request sent, awaiting response... 200 OK
Length: 1044 (1.0K) [image/png]
Saving to: `code/../crawls/scribd.com/Privacy-Policy/raw/assets.zendesk.com/images/icons/fb_post_icon.png?1327371985'

     0K .                                                     100%  159M=0s

2012-05-07 05:17:49 (159 MB/s) - `code/../crawls/scribd.com/Privacy-Policy/raw/assets.zendesk.com/images/icons/fb_post_icon.png?1327371985' saved [1044/1044]

--2012-05-07 05:17:49--  http://assets.zendesk.com/images/attachment.png?1327371985
Reusing existing connection to assets.zendesk.com:80.
HTTP request sent, awaiting response... 200 OK
Length: 1373 (1.3K) [image/png]
Saving to: `code/../crawls/scribd.com/Privacy-Policy/raw/assets.zendesk.com/images/attachment.png?1327371985'

     0K .                                                     100%  196M=0s

2012-05-07 05:17:49 (196 MB/s) - `code/../crawls/scribd.com/Privacy-Policy/raw/assets.zendesk.com/images/attachment.png?1327371985' saved [1373/1373]

--2012-05-07 05:17:49--  http://assets.zendesk.com/images/icons/twitter.png?1327371985
Reusing existing connection to assets.zendesk.com:80.
HTTP request sent, awaiting response... 200 OK
Length: 262 [image/png]
Saving to: `code/../crawls/scribd.com/Privacy-Policy/raw/assets.zendesk.com/images/icons/twitter.png?1327371985'

     0K                                                       100% 44.3M=0s

2012-05-07 05:17:49 (44.3 MB/s) - `code/../crawls/scribd.com/Privacy-Policy/raw/assets.zendesk.com/images/icons/twitter.png?1327371985' saved [262/262]

--2012-05-07 05:17:49--  http://assets.zendesk.com/images/icons/sharing.png?1327371985
Reusing existing connection to assets.zendesk.com:80.
HTTP request sent, awaiting response... 200 OK
Length: 1119 (1.1K) [image/png]
Saving to: `code/../crawls/scribd.com/Privacy-Policy/raw/assets.zendesk.com/images/icons/sharing.png?1327371985'

     0K .                                                     100%  181M=0s

2012-05-07 05:17:49 (181 MB/s) - `code/../crawls/scribd.com/Privacy-Policy/raw/assets.zendesk.com/images/icons/sharing.png?1327371985' saved [1119/1119]

--2012-05-07 05:17:49--  http://assets.zendesk.com/images/t_mini-c.png?1327371985
Reusing existing connection to assets.zendesk.com:80.
HTTP request sent, awaiting response... 200 OK
Length: 485 [image/png]
Saving to: `code/../crawls/scribd.com/Privacy-Policy/raw/assets.zendesk.com/images/t_mini-c.png?1327371985'

     0K                                                       100% 79.7M=0s

2012-05-07 05:17:49 (79.7 MB/s) - `code/../crawls/scribd.com/Privacy-Policy/raw/assets.zendesk.com/images/t_mini-c.png?1327371985' saved [485/485]

--2012-05-07 05:17:49--  http://assets.zendesk.com/images/sprites/opaque_icons.png?1327371985
Reusing existing connection to assets.zendesk.com:80.
HTTP request sent, awaiting response... 200 OK
Length: 461 [image/png]
Saving to: `code/../crawls/scribd.com/Privacy-Policy/raw/assets.zendesk.com/images/sprites/opaque_icons.png?1327371985'

     0K                                                       100% 76.5M=0s

2012-05-07 05:17:49 (76.5 MB/s) - `code/../crawls/scribd.com/Privacy-Policy/raw/assets.zendesk.com/images/sprites/opaque_icons.png?1327371985' saved [461/461]

--2012-05-07 05:17:49--  http://assets.zendesk.com/images/screencasts/screencast_icon.png?1335464045
Reusing existing connection to assets.zendesk.com:80.
HTTP request sent, awaiting response... 200 OK
Length: 1083 (1.1K) [image/png]
Saving to: `code/../crawls/scribd.com/Privacy-Policy/raw/assets.zendesk.com/images/screencasts/screencast_icon.png?1335464045'

     0K .                                                     100%  174M=0s

2012-05-07 05:17:49 (174 MB/s) - `code/../crawls/scribd.com/Privacy-Policy/raw/assets.zendesk.com/images/screencasts/screencast_icon.png?1335464045' saved [1083/1083]

--2012-05-07 05:17:49--  http://assets.zendesk.com/images/draft_bg.png?1327371985
Reusing existing connection to assets.zendesk.com:80.
HTTP request sent, awaiting response... 200 OK
Length: 940 [image/png]
Saving to: `code/../crawls/scribd.com/Privacy-Policy/raw/assets.zendesk.com/images/draft_bg.png?1327371985'

     0K                                                       100%  123M=0s

2012-05-07 05:17:49 (123 MB/s) - `code/../crawls/scribd.com/Privacy-Policy/raw/assets.zendesk.com/images/draft_bg.png?1327371985' saved [940/940]

--2012-05-07 05:17:49--  http://assets.zendesk.com/images/sprites/twickets_tool_icons.png?1327371985
Reusing existing connection to assets.zendesk.com:80.
HTTP request sent, awaiting response... 200 OK
Length: 1026 (1.0K) [image/png]
Saving to: `code/../crawls/scribd.com/Privacy-Policy/raw/assets.zendesk.com/images/sprites/twickets_tool_icons.png?1327371985'

     0K .                                                     100%  160M=0s

2012-05-07 05:17:49 (160 MB/s) - `code/../crawls/scribd.com/Privacy-Policy/raw/assets.zendesk.com/images/sprites/twickets_tool_icons.png?1327371985' saved [1026/1026]

--2012-05-07 05:17:49--  http://assets.zendesk.com/images/sprites/template.png?1327371985
Reusing existing connection to assets.zendesk.com:80.
HTTP request sent, awaiting response... 200 OK
Length: 924 [image/png]
Saving to: `code/../crawls/scribd.com/Privacy-Policy/raw/assets.zendesk.com/images/sprites/template.png?1327371985'

     0K                                                       100%  157M=0s

2012-05-07 05:17:49 (157 MB/s) - `code/../crawls/scribd.com/Privacy-Policy/raw/assets.zendesk.com/images/sprites/template.png?1327371985' saved [924/924]

--2012-05-07 05:17:49--  http://assets.zendesk.com/images/twitter_newbird_boxed_whiteonblue.png?1335464045
Reusing existing connection to assets.zendesk.com:80.
HTTP request sent, awaiting response... 200 OK
Length: 2189 (2.1K) [image/png]
Saving to: `code/../crawls/scribd.com/Privacy-Policy/raw/assets.zendesk.com/images/twitter_newbird_boxed_whiteonblue.png?1335464045'

     0K ..                                                    100%  298M=0s

2012-05-07 05:17:49 (298 MB/s) - `code/../crawls/scribd.com/Privacy-Policy/raw/assets.zendesk.com/images/twitter_newbird_boxed_whiteonblue.png?1335464045' saved [2189/2189]

--2012-05-07 05:17:49--  http://assets.zendesk.com/images/facebook_img.png?1335464045
Reusing existing connection to assets.zendesk.com:80.
HTTP request sent, awaiting response... 200 OK
Length: 1916 (1.9K) [image/png]
Saving to: `code/../crawls/scribd.com/Privacy-Policy/raw/assets.zendesk.com/images/facebook_img.png?1335464045'

     0K .                                                     100%  265M=0s

2012-05-07 05:17:49 (265 MB/s) - `code/../crawls/scribd.com/Privacy-Policy/raw/assets.zendesk.com/images/facebook_img.png?1335464045' saved [1916/1916]

--2012-05-07 05:17:49--  http://assets.zendesk.com/images/icons/triangle_border.png?1327371985
Reusing existing connection to assets.zendesk.com:80.
HTTP request sent, awaiting response... 200 OK
Length: 1066 (1.0K) [image/png]
Saving to: `code/../crawls/scribd.com/Privacy-Policy/raw/assets.zendesk.com/images/icons/triangle_border.png?1327371985'

     0K .                                                     100%  182M=0s

2012-05-07 05:17:49 (182 MB/s) - `code/../crawls/scribd.com/Privacy-Policy/raw/assets.zendesk.com/images/icons/triangle_border.png?1327371985' saved [1066/1066]

--2012-05-07 05:17:49--  http://assets.zendesk.com/images/icons/checkmark_circle.png?1327371985
Reusing existing connection to assets.zendesk.com:80.
HTTP request sent, awaiting response... 200 OK
Length: 418 [image/png]
Saving to: `code/../crawls/scribd.com/Privacy-Policy/raw/assets.zendesk.com/images/icons/checkmark_circle.png?1327371985'

     0K                                                       100% 75.6M=0s

2012-05-07 05:17:49 (75.6 MB/s) - `code/../crawls/scribd.com/Privacy-Policy/raw/assets.zendesk.com/images/icons/checkmark_circle.png?1327371985' saved [418/418]

--2012-05-07 05:17:49--  http://assets.zendesk.com/images/sprites/onboarding.jpg?1327371985
Reusing existing connection to assets.zendesk.com:80.
HTTP request sent, awaiting response... 200 OK
Length: 118949 (116K) [image/jpeg]
Saving to: `code/../crawls/scribd.com/Privacy-Policy/raw/assets.zendesk.com/images/sprites/onboarding.jpg?1327371985'

     0K .......... .......... .......... .......... .......... 43% 8.67M 0s
    50K .......... .......... .......... .......... .......... 86% 11.2M 0s
   100K .......... ......                                     100% 11.9M=0.01s

2012-05-07 05:17:49 (10.0 MB/s) - `code/../crawls/scribd.com/Privacy-Policy/raw/assets.zendesk.com/images/sprites/onboarding.jpg?1327371985' saved [118949/118949]

--2012-05-07 05:17:49--  http://assets.zendesk.com/images/sprites/getting_started_revamp.png?1327371985
Reusing existing connection to assets.zendesk.com:80.
HTTP request sent, awaiting response... 200 OK
Length: 59042 (58K) [image/png]
Saving to: `code/../crawls/scribd.com/Privacy-Policy/raw/assets.zendesk.com/images/sprites/getting_started_revamp.png?1327371985'

     0K .......... .......... .......... .......... .......... 86% 11.4M 0s
    50K .......                                               100% 14.9M=0.005s

2012-05-07 05:17:49 (11.8 MB/s) - `code/../crawls/scribd.com/Privacy-Policy/raw/assets.zendesk.com/images/sprites/getting_started_revamp.png?1327371985' saved [59042/59042]

--2012-05-07 05:17:49--  http://assets.zendesk.com/images/onboarding/button-bg_call_to_action.png?1333333146
Reusing existing connection to assets.zendesk.com:80.
HTTP request sent, awaiting response... 200 OK
Length: 144 [image/png]
Saving to: `code/../crawls/scribd.com/Privacy-Policy/raw/assets.zendesk.com/images/onboarding/button-bg_call_to_action.png?1333333146'

     0K                                                       100% 24.7M=0s

2012-05-07 05:17:49 (24.7 MB/s) - `code/../crawls/scribd.com/Privacy-Policy/raw/assets.zendesk.com/images/onboarding/button-bg_call_to_action.png?1333333146' saved [144/144]

--2012-05-07 05:17:49--  http://assets.zendesk.com/images/onboarding/corner.png?1333333146
Reusing existing connection to assets.zendesk.com:80.
HTTP request sent, awaiting response... 200 OK
Length: 719 [image/png]
Saving to: `code/../crawls/scribd.com/Privacy-Policy/raw/assets.zendesk.com/images/onboarding/corner.png?1333333146'

     0K                                                       100%  114M=0s

2012-05-07 05:17:49 (114 MB/s) - `code/../crawls/scribd.com/Privacy-Policy/raw/assets.zendesk.com/images/onboarding/corner.png?1333333146' saved [719/719]

--2012-05-07 05:17:49--  http://assets.zendesk.com/images/onboarding/bullet.png?1333333146
Reusing existing connection to assets.zendesk.com:80.
HTTP request sent, awaiting response... 200 OK
Length: 580 [image/png]
Saving to: `code/../crawls/scribd.com/Privacy-Policy/raw/assets.zendesk.com/images/onboarding/bullet.png?1333333146'

     0K                                                       100% 97.4M=0s

2012-05-07 05:17:49 (97.4 MB/s) - `code/../crawls/scribd.com/Privacy-Policy/raw/assets.zendesk.com/images/onboarding/bullet.png?1333333146' saved [580/580]

--2012-05-07 05:17:49--  http://assets.zendesk.com/images/voice/voice_greetings_play.png?1327371985
Reusing existing connection to assets.zendesk.com:80.
HTTP request sent, awaiting response... 200 OK
Length: 1018 [image/png]
Saving to: `code/../crawls/scribd.com/Privacy-Policy/raw/assets.zendesk.com/images/voice/voice_greetings_play.png?1327371985'

     0K                                                       100%  160M=0s

2012-05-07 05:17:49 (160 MB/s) - `code/../crawls/scribd.com/Privacy-Policy/raw/assets.zendesk.com/images/voice/voice_greetings_play.png?1327371985' saved [1018/1018]

--2012-05-07 05:17:49--  http://assets.zendesk.com/images/voice/voice_greetings_pause.png?1327371985
Reusing existing connection to assets.zendesk.com:80.
HTTP request sent, awaiting response... 200 OK
Length: 943 [image/png]
Saving to: `code/../crawls/scribd.com/Privacy-Policy/raw/assets.zendesk.com/images/voice/voice_greetings_pause.png?1327371985'

     0K                                                       100%  155M=0s

2012-05-07 05:17:49 (155 MB/s) - `code/../crawls/scribd.com/Privacy-Policy/raw/assets.zendesk.com/images/voice/voice_greetings_pause.png?1327371985' saved [943/943]

--2012-05-07 05:17:49--  http://assets.zendesk.com/images/voice/call_activity_up_down_arrow_sprite.png?1327371985
Reusing existing connection to assets.zendesk.com:80.
HTTP request sent, awaiting response... 200 OK
Length: 1837 (1.8K) [image/png]
Saving to: `code/../crawls/scribd.com/Privacy-Policy/raw/assets.zendesk.com/images/voice/call_activity_up_down_arrow_sprite.png?1327371985'

     0K .                                                     100%  251M=0s

2012-05-07 05:17:49 (251 MB/s) - `code/../crawls/scribd.com/Privacy-Policy/raw/assets.zendesk.com/images/voice/call_activity_up_down_arrow_sprite.png?1327371985' saved [1837/1837]

--2012-05-07 05:17:49--  http://assets.zendesk.com/images/ajax_loader_small.gif?1327371985
Reusing existing connection to assets.zendesk.com:80.
HTTP request sent, awaiting response... 200 OK
Length: 1849 (1.8K) [image/gif]
Saving to: `code/../crawls/scribd.com/Privacy-Policy/raw/assets.zendesk.com/images/ajax_loader_small.gif?1327371985'

     0K .                                                     100%  264M=0s

2012-05-07 05:17:49 (264 MB/s) - `code/../crawls/scribd.com/Privacy-Policy/raw/assets.zendesk.com/images/ajax_loader_small.gif?1327371985' saved [1849/1849]

--2012-05-07 05:17:49--  http://assets.zendesk.com/images/table-arrow1.png?1327371985
Reusing existing connection to assets.zendesk.com:80.
HTTP request sent, awaiting response... 200 OK
Length: 2828 (2.8K) [image/png]
Saving to: `code/../crawls/scribd.com/Privacy-Policy/raw/assets.zendesk.com/images/table-arrow1.png?1327371985'

     0K ..                                                    100% 39.3M=0s

2012-05-07 05:17:49 (39.3 MB/s) - `code/../crawls/scribd.com/Privacy-Policy/raw/assets.zendesk.com/images/table-arrow1.png?1327371985' saved [2828/2828]

--2012-05-07 05:17:49--  http://assets.zendesk.com/images/dd_arrow.gif?1333333146
Reusing existing connection to assets.zendesk.com:80.
HTTP request sent, awaiting response... 200 OK
Length: 118 [image/gif]
Saving to: `code/../crawls/scribd.com/Privacy-Policy/raw/assets.zendesk.com/images/dd_arrow.gif?1333333146'

     0K                                                       100% 21.8M=0s

2012-05-07 05:17:49 (21.8 MB/s) - `code/../crawls/scribd.com/Privacy-Policy/raw/assets.zendesk.com/images/dd_arrow.gif?1333333146' saved [118/118]

FINISHED --2012-05-07 05:17:49--
Total wall clock time: 4.7s
Downloaded: 150 files, 2.5M in 0.9s (2.73 MB/s)
Converting code/../crawls/scribd.com/Privacy-Policy/raw/support.scribd.com/forums/33939/entries/25580.html... 13-7
Converting code/../crawls/scribd.com/Privacy-Policy/raw/assets.zendesk.com/assets/print.css?1336159610.css... nothing to do.
Converting code/../crawls/scribd.com/Privacy-Policy/raw/support.scribd.com/generated/stylesheets/branding/66/6641/1331119157.css... nothing to do.
Converting code/../crawls/scribd.com/Privacy-Policy/raw/assets.zendesk.com/assets/screen.css?1336159610.css... 251-3
Converting code/../crawls/scribd.com/Privacy-Policy/raw/assets.zendesk.com/stylesheets/vendor/jQuery_UI_themes/base/jquery.ui.core.css?1327371985.css... nothing to do.
Converted 5 files in 0.2 seconds.
