--2013-05-01 05:14:47--  http://www.juno.com/start/landing.do?page=www/legal/privacy
Resolving www.juno.com... 64.136.53.169, 64.136.45.169
Connecting to www.juno.com|64.136.53.169|:80... connected.
HTTP request sent, awaiting response... 200 OK
Length: unspecified [text/html]
Saving to: `code/../crawls/juno.com/Privacy-Policy/raw/www.juno.com/start/landing.do?page=www%2Flegal%2Fprivacy.html'

     0K .......... .......... .......... ....                   717K=0.05s

2013-05-01 05:14:48 (717 KB/s) - `code/../crawls/juno.com/Privacy-Policy/raw/www.juno.com/start/landing.do?page=www%2Flegal%2Fprivacy.html' saved [35330]

--2013-05-01 05:14:48--  http://www.juno.com/static/start/view/common/css/global-n.css
Reusing existing connection to www.juno.com:80.
HTTP request sent, awaiting response... 200 OK
Length: 21067 (21K) [text/css]
Saving to: `code/../crawls/juno.com/Privacy-Policy/raw/www.juno.com/static/start/view/common/css/global-n.css'

     0K .......... ..........                                 100%  428K=0.05s

2013-05-01 05:14:48 (428 KB/s) - `code/../crawls/juno.com/Privacy-Policy/raw/www.juno.com/static/start/view/common/css/global-n.css' saved [21067/21067]

--2013-05-01 05:14:48--  http://www.juno.com/static/start/view/img/icon/webicon_j.ico
Reusing existing connection to www.juno.com:80.
HTTP request sent, awaiting response... 200 OK
Length: 1406 (1.4K) [image/x-icon]
Saving to: `code/../crawls/juno.com/Privacy-Policy/raw/www.juno.com/static/start/view/img/icon/webicon_j.ico'

     0K .                                                     100%  181M=0s

2013-05-01 05:14:48 (181 MB/s) - `code/../crawls/juno.com/Privacy-Policy/raw/www.juno.com/static/start/view/img/icon/webicon_j.ico' saved [1406/1406]

--2013-05-01 05:14:48--  http://www.juno.com/static/start/view/common/js/netshop.js
Reusing existing connection to www.juno.com:80.
HTTP request sent, awaiting response... 200 OK
Length: 6598 (6.4K) [application/x-javascript]
Saving to: `code/../crawls/juno.com/Privacy-Policy/raw/www.juno.com/static/start/view/common/js/netshop.js'

     0K ......                                                100%  419K=0.02s

2013-05-01 05:14:48 (419 KB/s) - `code/../crawls/juno.com/Privacy-Policy/raw/www.juno.com/static/start/view/common/js/netshop.js' saved [6598/6598]

--2013-05-01 05:14:48--  http://www.juno.com/static/start/view/img/www/juno/left-line.png
Reusing existing connection to www.juno.com:80.
HTTP request sent, awaiting response... 200 OK
Length: 133 [image/png]
Saving to: `code/../crawls/juno.com/Privacy-Policy/raw/www.juno.com/static/start/view/img/www/juno/left-line.png'

     0K                                                       100% 23.5M=0s

2013-05-01 05:14:48 (23.5 MB/s) - `code/../crawls/juno.com/Privacy-Policy/raw/www.juno.com/static/start/view/img/www/juno/left-line.png' saved [133/133]

--2013-05-01 05:14:48--  http://www.juno.com/static/start/view/img/www/juno/header-bg.png
Reusing existing connection to www.juno.com:80.
HTTP request sent, awaiting response... 200 OK
Length: 162 [image/png]
Saving to: `code/../crawls/juno.com/Privacy-Policy/raw/www.juno.com/static/start/view/img/www/juno/header-bg.png'

     0K                                                       100% 30.5M=0s

2013-05-01 05:14:48 (30.5 MB/s) - `code/../crawls/juno.com/Privacy-Policy/raw/www.juno.com/static/start/view/img/www/juno/header-bg.png' saved [162/162]

--2013-05-01 05:14:48--  http://www.juno.com/static/start/view/img/www/b/logo_j.gif
Reusing existing connection to www.juno.com:80.
HTTP request sent, awaiting response... 200 OK
Length: 1200 (1.2K) [image/gif]
Saving to: `code/../crawls/juno.com/Privacy-Policy/raw/www.juno.com/static/start/view/img/www/b/logo_j.gif'

     0K .                                                     100%  174M=0s

2013-05-01 05:14:48 (174 MB/s) - `code/../crawls/juno.com/Privacy-Policy/raw/www.juno.com/static/start/view/img/www/b/logo_j.gif' saved [1200/1200]

--2013-05-01 05:14:48--  http://www.juno.com/static/start/view/img/dsl/dsl-signup/signin-unpressed.gif
Reusing existing connection to www.juno.com:80.
HTTP request sent, awaiting response... 200 OK
Length: 677 [image/gif]
Saving to: `code/../crawls/juno.com/Privacy-Policy/raw/www.juno.com/static/start/view/img/dsl/dsl-signup/signin-unpressed.gif'

     0K                                                       100% 91.2M=0s

2013-05-01 05:14:48 (91.2 MB/s) - `code/../crawls/juno.com/Privacy-Policy/raw/www.juno.com/static/start/view/img/dsl/dsl-signup/signin-unpressed.gif' saved [677/677]

--2013-05-01 05:14:48--  http://www.juno.com/static/start/view/img/dsl/dsl-signup/button-close.gif
Reusing existing connection to www.juno.com:80.
HTTP request sent, awaiting response... 200 OK
Length: 222 [image/gif]
Saving to: `code/../crawls/juno.com/Privacy-Policy/raw/www.juno.com/static/start/view/img/dsl/dsl-signup/button-close.gif'

     0K                                                       100% 42.4M=0s

2013-05-01 05:14:48 (42.4 MB/s) - `code/../crawls/juno.com/Privacy-Policy/raw/www.juno.com/static/start/view/img/dsl/dsl-signup/button-close.gif' saved [222/222]

--2013-05-01 05:14:48--  http://www.juno.com/static/start/view/img/www/juno/right-line.png
Reusing existing connection to www.juno.com:80.
HTTP request sent, awaiting response... 200 OK
Length: 133 [image/png]
Saving to: `code/../crawls/juno.com/Privacy-Policy/raw/www.juno.com/static/start/view/img/www/juno/right-line.png'

     0K                                                       100% 24.8M=0s

2013-05-01 05:14:48 (24.8 MB/s) - `code/../crawls/juno.com/Privacy-Policy/raw/www.juno.com/static/start/view/img/www/juno/right-line.png' saved [133/133]

--2013-05-01 05:14:48--  http://www.juno.com/static/start/view/img/www/netzero/left-line.png
Reusing existing connection to www.juno.com:80.
HTTP request sent, awaiting response... 200 OK
Length: 133 [image/png]
Saving to: `code/../crawls/juno.com/Privacy-Policy/raw/www.juno.com/static/start/view/img/www/netzero/left-line.png'

     0K                                                       100% 21.4M=0s

2013-05-01 05:14:48 (21.4 MB/s) - `code/../crawls/juno.com/Privacy-Policy/raw/www.juno.com/static/start/view/img/www/netzero/left-line.png' saved [133/133]

--2013-05-01 05:14:48--  http://www.juno.com/static/start/view/img/www/juno/left-nav-base.png
Reusing existing connection to www.juno.com:80.
HTTP request sent, awaiting response... 200 OK
Length: 153 [image/png]
Saving to: `code/../crawls/juno.com/Privacy-Policy/raw/www.juno.com/static/start/view/img/www/juno/left-nav-base.png'

     0K                                                       100% 28.8M=0s

2013-05-01 05:14:48 (28.8 MB/s) - `code/../crawls/juno.com/Privacy-Policy/raw/www.juno.com/static/start/view/img/www/juno/left-nav-base.png' saved [153/153]

--2013-05-01 05:14:48--  http://www.juno.com/static/start/view/img/www/juno/left-nav-top.png
Reusing existing connection to www.juno.com:80.
HTTP request sent, awaiting response... 200 OK
Length: 308 [image/png]
Saving to: `code/../crawls/juno.com/Privacy-Policy/raw/www.juno.com/static/start/view/img/www/juno/left-nav-top.png'

     0K                                                       100% 56.4M=0s

2013-05-01 05:14:48 (56.4 MB/s) - `code/../crawls/juno.com/Privacy-Policy/raw/www.juno.com/static/start/view/img/www/juno/left-nav-top.png' saved [308/308]

--2013-05-01 05:14:48--  http://www.juno.com/static/start/view/img/www/juno/left-nav.png
Reusing existing connection to www.juno.com:80.
HTTP request sent, awaiting response... 200 OK
Length: 287 [image/png]
Saving to: `code/../crawls/juno.com/Privacy-Policy/raw/www.juno.com/static/start/view/img/www/juno/left-nav.png'

     0K                                                       100% 41.9M=0s

2013-05-01 05:14:49 (41.9 MB/s) - `code/../crawls/juno.com/Privacy-Policy/raw/www.juno.com/static/start/view/img/www/juno/left-nav.png' saved [287/287]

--2013-05-01 05:14:49--  http://www.juno.com/static/start/view/img/www/juno/title-bg.png
Reusing existing connection to www.juno.com:80.
HTTP request sent, awaiting response... 200 OK
Length: 157 [image/png]
Saving to: `code/../crawls/juno.com/Privacy-Policy/raw/www.juno.com/static/start/view/img/www/juno/title-bg.png'

     0K                                                       100% 27.8M=0s

2013-05-01 05:14:49 (27.8 MB/s) - `code/../crawls/juno.com/Privacy-Policy/raw/www.juno.com/static/start/view/img/www/juno/title-bg.png' saved [157/157]

--2013-05-01 05:14:49--  http://www.juno.com/static/start/view/img/www/juno/body-bg.png
Reusing existing connection to www.juno.com:80.
HTTP request sent, awaiting response... 200 OK
Length: 2827 (2.8K) [image/png]
Saving to: `code/../crawls/juno.com/Privacy-Policy/raw/www.juno.com/static/start/view/img/www/juno/body-bg.png'

     0K ..                                                    100% 40.9M=0s

2013-05-01 05:14:49 (40.9 MB/s) - `code/../crawls/juno.com/Privacy-Policy/raw/www.juno.com/static/start/view/img/www/juno/body-bg.png' saved [2827/2827]

--2013-05-01 05:14:49--  http://www.juno.com/static/start/view/img/www/juno/footer-bg.png
Reusing existing connection to www.juno.com:80.
HTTP request sent, awaiting response... 200 OK
Length: 308 [image/png]
Saving to: `code/../crawls/juno.com/Privacy-Policy/raw/www.juno.com/static/start/view/img/www/juno/footer-bg.png'

     0K                                                       100% 55.7M=0s

2013-05-01 05:14:49 (55.7 MB/s) - `code/../crawls/juno.com/Privacy-Policy/raw/www.juno.com/static/start/view/img/www/juno/footer-bg.png' saved [308/308]

--2013-05-01 05:14:49--  http://www.juno.com/static/start/view/images/homepage/uol_juno_tag.gif
Reusing existing connection to www.juno.com:80.
HTTP request sent, awaiting response... 200 OK
Length: 568 [image/gif]
Saving to: `code/../crawls/juno.com/Privacy-Policy/raw/www.juno.com/static/start/view/images/homepage/uol_juno_tag.gif'

     0K                                                       100% 95.8M=0s

2013-05-01 05:14:49 (95.8 MB/s) - `code/../crawls/juno.com/Privacy-Policy/raw/www.juno.com/static/start/view/images/homepage/uol_juno_tag.gif' saved [568/568]

--2013-05-01 05:14:49--  http://www.juno.com/static/start/view/images/homepage/uol.gif
Reusing existing connection to www.juno.com:80.
HTTP request sent, awaiting response... 200 OK
Length: 646 [image/gif]
Saving to: `code/../crawls/juno.com/Privacy-Policy/raw/www.juno.com/static/start/view/images/homepage/uol.gif'

     0K                                                       100%  112M=0s

2013-05-01 05:14:49 (112 MB/s) - `code/../crawls/juno.com/Privacy-Policy/raw/www.juno.com/static/start/view/images/homepage/uol.gif' saved [646/646]

--2013-05-01 05:14:49--  http://www.juno.com/static/start/view/images/homepage/clr.gif
Reusing existing connection to www.juno.com:80.
HTTP request sent, awaiting response... 200 OK
Length: 43 [image/gif]
Saving to: `code/../crawls/juno.com/Privacy-Policy/raw/www.juno.com/static/start/view/images/homepage/clr.gif'

     0K                                                       100% 7.71M=0s

2013-05-01 05:14:49 (7.71 MB/s) - `code/../crawls/juno.com/Privacy-Policy/raw/www.juno.com/static/start/view/images/homepage/clr.gif' saved [43/43]

--2013-05-01 05:14:49--  http://track.juno.com/js/pageview.js
Resolving track.juno.com... 64.136.45.32, 64.136.53.32
Connecting to track.juno.com|64.136.45.32|:80... connected.
HTTP request sent, awaiting response... 200 OK
Length: 425 [text/javascript]
Saving to: `code/../crawls/juno.com/Privacy-Policy/raw/track.juno.com/js/pageview.js'

     0K                                                       100% 69.1M=0s

2013-05-01 05:14:49 (69.1 MB/s) - `code/../crawls/juno.com/Privacy-Policy/raw/track.juno.com/js/pageview.js' saved [425/425]

--2013-05-01 05:14:49--  http://www.juno.com/static/start/view/img/www/netzero/page-bg.png
Connecting to www.juno.com|64.136.53.169|:80... connected.
HTTP request sent, awaiting response... 200 OK
Length: 183 [image/png]
Saving to: `code/../crawls/juno.com/Privacy-Policy/raw/www.juno.com/static/start/view/img/www/netzero/page-bg.png'

     0K                                                       100% 30.9M=0s

2013-05-01 05:14:49 (30.9 MB/s) - `code/../crawls/juno.com/Privacy-Policy/raw/www.juno.com/static/start/view/img/www/netzero/page-bg.png' saved [183/183]

--2013-05-01 05:14:49--  http://www.juno.com/static/start/view/img/homepage/arrow_css_lrg.gif
Reusing existing connection to www.juno.com:80.
HTTP request sent, awaiting response... 200 OK
Length: 141 [image/gif]
Saving to: `code/../crawls/juno.com/Privacy-Policy/raw/www.juno.com/static/start/view/img/homepage/arrow_css_lrg.gif'

     0K                                                       100% 24.5M=0s

2013-05-01 05:14:50 (24.5 MB/s) - `code/../crawls/juno.com/Privacy-Policy/raw/www.juno.com/static/start/view/img/homepage/arrow_css_lrg.gif' saved [141/141]

FINISHED --2013-05-01 05:14:50--
Total wall clock time: 2.1s
Downloaded: 23 files, 71K in 0.1s (639 KB/s)
Converting code/../crawls/juno.com/Privacy-Policy/raw/www.juno.com/start/landing.do?page=www%2Flegal%2Fprivacy.html... 42-10
Converting code/../crawls/juno.com/Privacy-Policy/raw/www.juno.com/static/start/view/common/css/global-n.css... 2-0
Converted 2 files in 0.002 seconds.
