--2012-04-26 14:15:02--  http://www.yelp.com/static?p=privacy&country=US
Resolving www.yelp.com... 199.255.189.160, 199.255.189.60
Connecting to www.yelp.com|199.255.189.160|:80... connected.
HTTP request sent, awaiting response... 200 OK
Length: 44682 (44K) [text/html]
Saving to: `code/../crawls/yelp.com/Privacy-Policy/raw/www.yelp.com/static?p=privacy&country=US.html'

     0K .......... .......... .......... .......... ...       100% 10.3M=0.004s

2012-04-26 14:15:02 (10.3 MB/s) - `code/../crawls/yelp.com/Privacy-Policy/raw/www.yelp.com/static?p=privacy&country=US.html' saved [44682/44682]

--2012-04-26 14:15:02--  http://media4.ak.yelpcdn.com/static/201202172597269871/css/www-pkg-en_US.min.css
Resolving media4.ak.yelpcdn.com... 184.27.215.144
Connecting to media4.ak.yelpcdn.com|184.27.215.144|:80... connected.
HTTP request sent, awaiting response... 200 OK
Length: unspecified [text/css]
Saving to: `code/../crawls/yelp.com/Privacy-Policy/raw/media4.ak.yelpcdn.com/static/201202172597269871/css/www-pkg-en_US.min.css'

     0K .......... .......... .......... .......... .......... 4.63M
    50K .......... .......... .......... .......... .......... 9.35M
   100K .......... .......... .......... ......                11.6M=0.02s

2012-04-26 14:15:02 (7.08 MB/s) - `code/../crawls/yelp.com/Privacy-Policy/raw/media4.ak.yelpcdn.com/static/201202172597269871/css/www-pkg-en_US.min.css' saved [140208]

--2012-04-26 14:15:02--  http://media4.ak.yelpcdn.com/static/201007091680843062/js/www-pkg-en_US.min.js
Reusing existing connection to media4.ak.yelpcdn.com:80.
HTTP request sent, awaiting response... 200 OK
Length: unspecified [application/javascript]
Saving to: `code/../crawls/yelp.com/Privacy-Policy/raw/media4.ak.yelpcdn.com/static/201007091680843062/js/www-pkg-en_US.min.js'

     0K .......... .......... .......... .......... .......... 9.91M
    50K .......... .......... .......... .......... .......... 8.43M
   100K .......... .......... .......... .......... .......... 11.1M
   150K .......... .......... .......... .......... .......... 7.74M
   200K .......... .......... .......... .......... .......... 11.1M
   250K .......... .......... .......... .......... .......... 10.8M
   300K .......... .......... .......... .......... .......... 5.97M
   350K .......... .......... .......... .......... .......... 11.0M
   400K .......... .......... .......... .......... .......... 4.74M
   450K .....                                                  14.6M=0.05s

2012-04-26 14:15:02 (8.29 MB/s) - `code/../crawls/yelp.com/Privacy-Policy/raw/media4.ak.yelpcdn.com/static/201007091680843062/js/www-pkg-en_US.min.js' saved [466807]

--2012-04-26 14:15:02--  http://media2.ak.yelpcdn.com/static/201012161623981098/img/ico/favicon.ico
Resolving media2.ak.yelpcdn.com... 184.27.215.144
Reusing existing connection to media4.ak.yelpcdn.com:80.
HTTP request sent, awaiting response... 200 OK
Length: 3382 (3.3K) [image/x-icon]
Saving to: `code/../crawls/yelp.com/Privacy-Policy/raw/media2.ak.yelpcdn.com/static/201012161623981098/img/ico/favicon.ico'

     0K ...                                                   100%  379M=0s

2012-04-26 14:15:02 (379 MB/s) - `code/../crawls/yelp.com/Privacy-Policy/raw/media2.ak.yelpcdn.com/static/201012161623981098/img/ico/favicon.ico' saved [3382/3382]

--2012-04-26 14:15:02--  http://media1.ak.yelpcdn.com/static/201012161522729853/img/p.gif
Resolving media1.ak.yelpcdn.com... 184.27.215.144
Reusing existing connection to media4.ak.yelpcdn.com:80.
HTTP request sent, awaiting response... 200 OK
Length: 43 [image/gif]
Saving to: `code/../crawls/yelp.com/Privacy-Policy/raw/media1.ak.yelpcdn.com/static/201012161522729853/img/p.gif'

     0K                                                       100% 7.38M=0s

2012-04-26 14:15:02 (7.38 MB/s) - `code/../crawls/yelp.com/Privacy-Policy/raw/media1.ak.yelpcdn.com/static/201012161522729853/img/p.gif' saved [43/43]

--2012-04-26 14:15:02--  http://media2.ak.yelpcdn.com/static/20101216166917881/img/gfx/header_print.gif
Reusing existing connection to media4.ak.yelpcdn.com:80.
HTTP request sent, awaiting response... 200 OK
Length: 3117 (3.0K) [image/gif]
Saving to: `code/../crawls/yelp.com/Privacy-Policy/raw/media2.ak.yelpcdn.com/static/20101216166917881/img/gfx/header_print.gif'

     0K ...                                                   100%  359M=0s

2012-04-26 14:15:02 (359 MB/s) - `code/../crawls/yelp.com/Privacy-Policy/raw/media2.ak.yelpcdn.com/static/20101216166917881/img/gfx/header_print.gif' saved [3117/3117]

--2012-04-26 14:15:02--  http://privacy-policy.truste.com/privacy-seal/Yelp!-Inc-/asc?rid=0c78554b-8428-4514-9bdc-419fe03f8d16
Resolving privacy-policy.truste.com... 72.21.81.253
Connecting to privacy-policy.truste.com|72.21.81.253|:80... connected.
HTTP request sent, awaiting response... 200 OK
Length: 213
Saving to: `code/../crawls/yelp.com/Privacy-Policy/raw/privacy-policy.truste.com/privacy-seal/Yelp!-Inc-/asc?rid=0c78554b-8428-4514-9bdc-419fe03f8d16.html'

     0K                                                       100% 32.9M=0s

2012-04-26 14:15:02 (32.9 MB/s) - `code/../crawls/yelp.com/Privacy-Policy/raw/privacy-policy.truste.com/privacy-seal/Yelp!-Inc-/asc?rid=0c78554b-8428-4514-9bdc-419fe03f8d16.html' saved [213/213]

--2012-04-26 14:15:02--  http://privacy-policy.truste.com/privacy-seal/Yelp!-Inc-/seal?rid=195928ee-5c49-4ed2-b8bd-347d44e8f8d4
Reusing existing connection to privacy-policy.truste.com:80.
HTTP request sent, awaiting response... 200 OK
Length: 1207 (1.2K) [image/png]
Saving to: `code/../crawls/yelp.com/Privacy-Policy/raw/privacy-policy.truste.com/privacy-seal/Yelp!-Inc-/seal?rid=195928ee-5c49-4ed2-b8bd-347d44e8f8d4'

     0K .                                                     100%  191M=0s

2012-04-26 14:15:02 (191 MB/s) - `code/../crawls/yelp.com/Privacy-Policy/raw/privacy-policy.truste.com/privacy-seal/Yelp!-Inc-/seal?rid=195928ee-5c49-4ed2-b8bd-347d44e8f8d4' saved [1207/1207]

--2012-04-26 14:15:02--  http://www.yelp.com/spice?r=4d7753079c958d10
Connecting to www.yelp.com|199.255.189.160|:80... connected.
HTTP request sent, awaiting response... 200 OK
Length: 43 [image/gif]
Saving to: `code/../crawls/yelp.com/Privacy-Policy/raw/www.yelp.com/spice?r=4d7753079c958d10'

     0K                                                       100% 7.85M=0s

2012-04-26 14:15:02 (7.85 MB/s) - `code/../crawls/yelp.com/Privacy-Policy/raw/www.yelp.com/spice?r=4d7753079c958d10' saved [43/43]

--2012-04-26 14:15:02--  http://www.yelp.com/iframeping?request_from=None
Connecting to www.yelp.com|199.255.189.160|:80... connected.
HTTP request sent, awaiting response... 200 OK
Length: 43 [image/gif]
Saving to: `code/../crawls/yelp.com/Privacy-Policy/raw/www.yelp.com/iframeping?request_from=None'

     0K                                                       100% 7.95M=0s

2012-04-26 14:15:02 (7.95 MB/s) - `code/../crawls/yelp.com/Privacy-Policy/raw/www.yelp.com/iframeping?request_from=None' saved [43/43]

--2012-04-26 14:15:02--  http://b.scorecardresearch.com/p?cj=1&c15=&c3=&c2=7130511&c1=2&c6=&c5=&c4=
Resolving b.scorecardresearch.com... 23.57.68.58, 23.57.68.57
Connecting to b.scorecardresearch.com|23.57.68.58|:80... connected.
HTTP request sent, awaiting response... 302 Moved Temporarily
Location: http://b.scorecardresearch.com/p2?cj=1&c15=&c3=&c2=7130511&c1=2&c6=&c5=&c4= [following]
--2012-04-26 14:15:02--  http://b.scorecardresearch.com/p2?cj=1&c15=&c3=&c2=7130511&c1=2&c6=&c5=&c4=
Reusing existing connection to b.scorecardresearch.com:80.
HTTP request sent, awaiting response... 200 OK
Length: 43 [image/gif]
Saving to: `code/../crawls/yelp.com/Privacy-Policy/raw/b.scorecardresearch.com/p?cj=1&c15=&c3=&c2=7130511&c1=2&c6=&c5=&c4='

     0K                                                       100% 7.28M=0s

2012-04-26 14:15:02 (7.28 MB/s) - `code/../crawls/yelp.com/Privacy-Policy/raw/b.scorecardresearch.com/p?cj=1&c15=&c3=&c2=7130511&c1=2&c6=&c5=&c4=' saved [43/43]

--2012-04-26 14:15:02--  http://secure-us.imrworldwide.com/cgi-bin/m?ci=us-804377h&cg=0&cc=1&ts=noscript
Resolving secure-us.imrworldwide.com... 138.108.7.20, 138.108.6.20
Connecting to secure-us.imrworldwide.com|138.108.7.20|:80... connected.
HTTP request sent, awaiting response... 302 Found
Location: http://secure-us.imrworldwide.com/cgi-bin/m1?ci=us-804377h&cg=0&cc=1&ts=noscript&ja=1 [following]
--2012-04-26 14:15:02--  http://secure-us.imrworldwide.com/cgi-bin/m1?ci=us-804377h&cg=0&cc=1&ts=noscript&ja=1
Reusing existing connection to secure-us.imrworldwide.com:80.
HTTP request sent, awaiting response... 200 OK
Length: unspecified [image/gif]
Saving to: `code/../crawls/yelp.com/Privacy-Policy/raw/secure-us.imrworldwide.com/cgi-bin/m?ci=us-804377h&cg=0&cc=1&ts=noscript'

     0K                                                        4.72M=0s

2012-04-26 14:15:02 (4.72 MB/s) - `code/../crawls/yelp.com/Privacy-Policy/raw/secure-us.imrworldwide.com/cgi-bin/m?ci=us-804377h&cg=0&cc=1&ts=noscript' saved [44]

--2012-04-26 14:15:02--  http://media3.ak.yelpcdn.com/static/201012163725073002/img/gfx/header_sprite.png
Resolving media3.ak.yelpcdn.com... 184.27.215.144
Connecting to media3.ak.yelpcdn.com|184.27.215.144|:80... connected.
HTTP request sent, awaiting response... 200 OK
Length: 9738 (9.5K) [image/png]
Saving to: `code/../crawls/yelp.com/Privacy-Policy/raw/media3.ak.yelpcdn.com/static/201012163725073002/img/gfx/header_sprite.png'

     0K .........                                             100% 2.71M=0.003s

2012-04-26 14:15:02 (2.71 MB/s) - `code/../crawls/yelp.com/Privacy-Policy/raw/media3.ak.yelpcdn.com/static/201012163725073002/img/gfx/header_sprite.png' saved [9738/9738]

--2012-04-26 14:15:02--  http://media3.ak.yelpcdn.com/static/201012161980154394/img/gfx/header_sprite_non_en.png
Reusing existing connection to media3.ak.yelpcdn.com:80.
HTTP request sent, awaiting response... 200 OK
Length: 12656 (12K) [image/png]
Saving to: `code/../crawls/yelp.com/Privacy-Policy/raw/media3.ak.yelpcdn.com/static/201012161980154394/img/gfx/header_sprite_non_en.png'

     0K .......... ..                                         100% 3.98M=0.003s

2012-04-26 14:15:02 (3.98 MB/s) - `code/../crawls/yelp.com/Privacy-Policy/raw/media3.ak.yelpcdn.com/static/201012161980154394/img/gfx/header_sprite_non_en.png' saved [12656/12656]

--2012-04-26 14:15:02--  http://media3.ak.yelpcdn.com/static/201012163649264027/img/gfx/newHeader/header.png
Reusing existing connection to media3.ak.yelpcdn.com:80.
HTTP request sent, awaiting response... 200 OK
Length: 17120 (17K) [image/png]
Saving to: `code/../crawls/yelp.com/Privacy-Policy/raw/media3.ak.yelpcdn.com/static/201012163649264027/img/gfx/newHeader/header.png'

     0K .......... ......                                     100% 4.70M=0.003s

2012-04-26 14:15:02 (4.70 MB/s) - `code/../crawls/yelp.com/Privacy-Policy/raw/media3.ak.yelpcdn.com/static/201012163649264027/img/gfx/newHeader/header.png' saved [17120/17120]

--2012-04-26 14:15:02--  http://media3.ak.yelpcdn.com/static/20101216446608997/img/btn/ufc_sprite.png
Reusing existing connection to media3.ak.yelpcdn.com:80.
HTTP request sent, awaiting response... 200 OK
Length: 568 [image/png]
Saving to: `code/../crawls/yelp.com/Privacy-Policy/raw/media3.ak.yelpcdn.com/static/20101216446608997/img/btn/ufc_sprite.png'

     0K                                                       100% 98.3M=0s

2012-04-26 14:15:02 (98.3 MB/s) - `code/../crawls/yelp.com/Privacy-Policy/raw/media3.ak.yelpcdn.com/static/20101216446608997/img/btn/ufc_sprite.png' saved [568/568]

--2012-04-26 14:15:02--  http://media3.ak.yelpcdn.com/static/201012162004163279/img/ico/ico_map.gif
Reusing existing connection to media3.ak.yelpcdn.com:80.
HTTP request sent, awaiting response... 200 OK
Length: 21294 (21K) [image/gif]
Saving to: `code/../crawls/yelp.com/Privacy-Policy/raw/media3.ak.yelpcdn.com/static/201012162004163279/img/ico/ico_map.gif'

     0K .......... ..........                                 100% 6.11M=0.003s

2012-04-26 14:15:02 (6.11 MB/s) - `code/../crawls/yelp.com/Privacy-Policy/raw/media3.ak.yelpcdn.com/static/201012162004163279/img/ico/ico_map.gif' saved [21294/21294]

--2012-04-26 14:15:02--  http://media2.ak.yelpcdn.com/static/201012162917916708/img/gfx/home_banners-en_US.gif
Reusing existing connection to media3.ak.yelpcdn.com:80.
HTTP request sent, awaiting response... 200 OK
Length: 64820 (63K) [image/gif]
Saving to: `code/../crawls/yelp.com/Privacy-Policy/raw/media2.ak.yelpcdn.com/static/201012162917916708/img/gfx/home_banners-en_US.gif'

     0K .......... .......... .......... .......... .......... 78% 8.42M 0s
    50K .......... ...                                        100% 6.26M=0.008s

2012-04-26 14:15:03 (7.85 MB/s) - `code/../crawls/yelp.com/Privacy-Policy/raw/media2.ak.yelpcdn.com/static/201012162917916708/img/gfx/home_banners-en_US.gif' saved [64820/64820]

--2012-04-26 14:15:03--  http://media1.ak.yelpcdn.com/static/20101216443905982/img/ico/comp_ico_map.gif
Reusing existing connection to media3.ak.yelpcdn.com:80.
HTTP request sent, awaiting response... 200 OK
Length: 9305 (9.1K) [image/gif]
Saving to: `code/../crawls/yelp.com/Privacy-Policy/raw/media1.ak.yelpcdn.com/static/20101216443905982/img/ico/comp_ico_map.gif'

     0K .........                                             100% 19.6M=0s

2012-04-26 14:15:03 (19.6 MB/s) - `code/../crawls/yelp.com/Privacy-Policy/raw/media1.ak.yelpcdn.com/static/20101216443905982/img/ico/comp_ico_map.gif' saved [9305/9305]

--2012-04-26 14:15:03--  http://media4.ak.yelpcdn.com/static/201012161255609113/img/gfx/white_obscure_gradient.png
Reusing existing connection to media3.ak.yelpcdn.com:80.
HTTP request sent, awaiting response... 200 OK
Length: 460 [image/png]
Saving to: `code/../crawls/yelp.com/Privacy-Policy/raw/media4.ak.yelpcdn.com/static/201012161255609113/img/gfx/white_obscure_gradient.png'

     0K                                                       100% 76.1M=0s

2012-04-26 14:15:03 (76.1 MB/s) - `code/../crawls/yelp.com/Privacy-Policy/raw/media4.ak.yelpcdn.com/static/201012161255609113/img/gfx/white_obscure_gradient.png' saved [460/460]

--2012-04-26 14:15:03--  http://media2.ak.yelpcdn.com/static/201012162311507267/img/gfx/burst_loader_ani.gif
Reusing existing connection to media3.ak.yelpcdn.com:80.
HTTP request sent, awaiting response... 200 OK
Length: 2279 (2.2K) [image/gif]
Saving to: `code/../crawls/yelp.com/Privacy-Policy/raw/media2.ak.yelpcdn.com/static/201012162311507267/img/gfx/burst_loader_ani.gif'

     0K ..                                                    100%  208M=0s

2012-04-26 14:15:03 (208 MB/s) - `code/../crawls/yelp.com/Privacy-Policy/raw/media2.ak.yelpcdn.com/static/201012162311507267/img/gfx/burst_loader_ani.gif' saved [2279/2279]

--2012-04-26 14:15:03--  http://media2.ak.yelpcdn.com/static/201012164124213971/img/ico/bookmarksAdded.gif
Reusing existing connection to media3.ak.yelpcdn.com:80.
HTTP request sent, awaiting response... 200 OK
Length: 599 [image/gif]
Saving to: `code/../crawls/yelp.com/Privacy-Policy/raw/media2.ak.yelpcdn.com/static/201012164124213971/img/ico/bookmarksAdded.gif'

     0K                                                       100% 95.8M=0s

2012-04-26 14:15:03 (95.8 MB/s) - `code/../crawls/yelp.com/Privacy-Policy/raw/media2.ak.yelpcdn.com/static/201012164124213971/img/ico/bookmarksAdded.gif' saved [599/599]

--2012-04-26 14:15:03--  http://media1.ak.yelpcdn.com/static/20101216157684246/img/ico/remove.gif
Reusing existing connection to media3.ak.yelpcdn.com:80.
HTTP request sent, awaiting response... 200 OK
Length: 92 [image/gif]
Saving to: `code/../crawls/yelp.com/Privacy-Policy/raw/media1.ak.yelpcdn.com/static/20101216157684246/img/ico/remove.gif'

     0K                                                       100% 15.1M=0s

2012-04-26 14:15:03 (15.1 MB/s) - `code/../crawls/yelp.com/Privacy-Policy/raw/media1.ak.yelpcdn.com/static/20101216157684246/img/ico/remove.gif' saved [92/92]

--2012-04-26 14:15:03--  http://media3.ak.yelpcdn.com/static/201012161516408084/img/map/loc_pin_flag.gif
Reusing existing connection to media3.ak.yelpcdn.com:80.
HTTP request sent, awaiting response... 200 OK
Length: 1008 [image/gif]
Saving to: `code/../crawls/yelp.com/Privacy-Policy/raw/media3.ak.yelpcdn.com/static/201012161516408084/img/map/loc_pin_flag.gif'

     0K                                                       100%  167M=0s

2012-04-26 14:15:03 (167 MB/s) - `code/../crawls/yelp.com/Privacy-Policy/raw/media3.ak.yelpcdn.com/static/201012161516408084/img/map/loc_pin_flag.gif' saved [1008/1008]

--2012-04-26 14:15:03--  http://media3.ak.yelpcdn.com/static/201012163953357841/img/gfx/top-rt.gif
Reusing existing connection to media3.ak.yelpcdn.com:80.
HTTP request sent, awaiting response... 200 OK
Length: 60 [image/gif]
Saving to: `code/../crawls/yelp.com/Privacy-Policy/raw/media3.ak.yelpcdn.com/static/201012163953357841/img/gfx/top-rt.gif'

     0K                                                       100% 10.3M=0s

2012-04-26 14:15:03 (10.3 MB/s) - `code/../crawls/yelp.com/Privacy-Policy/raw/media3.ak.yelpcdn.com/static/201012163953357841/img/gfx/top-rt.gif' saved [60/60]

--2012-04-26 14:15:03--  http://media3.ak.yelpcdn.com/static/201012161125165164/img/gfx/top-lf.gif
Reusing existing connection to media3.ak.yelpcdn.com:80.
HTTP request sent, awaiting response... 200 OK
Length: 60 [image/gif]
Saving to: `code/../crawls/yelp.com/Privacy-Policy/raw/media3.ak.yelpcdn.com/static/201012161125165164/img/gfx/top-lf.gif'

     0K                                                       100% 10.2M=0s

2012-04-26 14:15:03 (10.2 MB/s) - `code/../crawls/yelp.com/Privacy-Policy/raw/media3.ak.yelpcdn.com/static/201012161125165164/img/gfx/top-lf.gif' saved [60/60]

--2012-04-26 14:15:03--  http://media3.ak.yelpcdn.com/static/201012162442669829/img/gfx/btm-rt.gif
Reusing existing connection to media3.ak.yelpcdn.com:80.
HTTP request sent, awaiting response... 200 OK
Length: 60 [image/gif]
Saving to: `code/../crawls/yelp.com/Privacy-Policy/raw/media3.ak.yelpcdn.com/static/201012162442669829/img/gfx/btm-rt.gif'

     0K                                                       100% 10.3M=0s

2012-04-26 14:15:03 (10.3 MB/s) - `code/../crawls/yelp.com/Privacy-Policy/raw/media3.ak.yelpcdn.com/static/201012162442669829/img/gfx/btm-rt.gif' saved [60/60]

--2012-04-26 14:15:03--  http://media3.ak.yelpcdn.com/static/201012161287603241/img/gfx/btm-lf.gif
Reusing existing connection to media3.ak.yelpcdn.com:80.
HTTP request sent, awaiting response... 200 OK
Length: 60 [image/gif]
Saving to: `code/../crawls/yelp.com/Privacy-Policy/raw/media3.ak.yelpcdn.com/static/201012161287603241/img/gfx/btm-lf.gif'

     0K                                                       100% 10.4M=0s

2012-04-26 14:15:03 (10.4 MB/s) - `code/../crawls/yelp.com/Privacy-Policy/raw/media3.ak.yelpcdn.com/static/201012161287603241/img/gfx/btm-lf.gif' saved [60/60]

--2012-04-26 14:15:03--  http://media4.ak.yelpcdn.com/static/20101216871647526/img/gfx/grippy.gif
Reusing existing connection to media3.ak.yelpcdn.com:80.
HTTP request sent, awaiting response... 200 OK
Length: 60 [image/gif]
Saving to: `code/../crawls/yelp.com/Privacy-Policy/raw/media4.ak.yelpcdn.com/static/20101216871647526/img/gfx/grippy.gif'

     0K                                                       100% 10.3M=0s

2012-04-26 14:15:03 (10.3 MB/s) - `code/../crawls/yelp.com/Privacy-Policy/raw/media4.ak.yelpcdn.com/static/20101216871647526/img/gfx/grippy.gif' saved [60/60]

--2012-04-26 14:15:03--  http://media3.ak.yelpcdn.com/static/201012163637493978/img/mktg/app_storelogo_blank.png
Reusing existing connection to media3.ak.yelpcdn.com:80.
HTTP request sent, awaiting response... 200 OK
Length: 1280 (1.2K) [image/png]
Saving to: `code/../crawls/yelp.com/Privacy-Policy/raw/media3.ak.yelpcdn.com/static/201012163637493978/img/mktg/app_storelogo_blank.png'

     0K .                                                     100%  186M=0s

2012-04-26 14:15:03 (186 MB/s) - `code/../crawls/yelp.com/Privacy-Policy/raw/media3.ak.yelpcdn.com/static/201012163637493978/img/mktg/app_storelogo_blank.png' saved [1280/1280]

--2012-04-26 14:15:03--  http://media3.ak.yelpcdn.com/static/201012163414600222/img/ico/announcement_map.gif
Reusing existing connection to media3.ak.yelpcdn.com:80.
HTTP request sent, awaiting response... 200 OK
Length: 851 [image/gif]
Saving to: `code/../crawls/yelp.com/Privacy-Policy/raw/media3.ak.yelpcdn.com/static/201012163414600222/img/ico/announcement_map.gif'

     0K                                                       100%  139M=0s

2012-04-26 14:15:03 (139 MB/s) - `code/../crawls/yelp.com/Privacy-Policy/raw/media3.ak.yelpcdn.com/static/201012163414600222/img/ico/announcement_map.gif' saved [851/851]

--2012-04-26 14:15:03--  http://media3.ak.yelpcdn.com/static/2010121616301083/img/ico/right_arrow.gif
Reusing existing connection to media3.ak.yelpcdn.com:80.
HTTP request sent, awaiting response... 200 OK
Length: 13124 (13K) [image/gif]
Saving to: `code/../crawls/yelp.com/Privacy-Policy/raw/media3.ak.yelpcdn.com/static/2010121616301083/img/ico/right_arrow.gif'

     0K .......... ..                                         100% 15.3M=0.001s

2012-04-26 14:15:03 (15.3 MB/s) - `code/../crawls/yelp.com/Privacy-Policy/raw/media3.ak.yelpcdn.com/static/2010121616301083/img/ico/right_arrow.gif' saved [13124/13124]

--2012-04-26 14:15:03--  http://media2.ak.yelpcdn.com/static/201012162289870169/img/gfx/circle.png
Reusing existing connection to media3.ak.yelpcdn.com:80.
HTTP request sent, awaiting response... 200 OK
Length: 597 [image/png]
Saving to: `code/../crawls/yelp.com/Privacy-Policy/raw/media2.ak.yelpcdn.com/static/201012162289870169/img/gfx/circle.png'

     0K                                                       100% 92.1M=0s

2012-04-26 14:15:03 (92.1 MB/s) - `code/../crawls/yelp.com/Privacy-Policy/raw/media2.ak.yelpcdn.com/static/201012162289870169/img/gfx/circle.png' saved [597/597]

--2012-04-26 14:15:03--  http://media3.ak.yelpcdn.com/static/201012164007150789/img/gfx/sort_arrow_up.gif
Reusing existing connection to media3.ak.yelpcdn.com:80.
HTTP request sent, awaiting response... 200 OK
Length: 844 [image/gif]
Saving to: `code/../crawls/yelp.com/Privacy-Policy/raw/media3.ak.yelpcdn.com/static/201012164007150789/img/gfx/sort_arrow_up.gif'

     0K                                                       100%  132M=0s

2012-04-26 14:15:03 (132 MB/s) - `code/../crawls/yelp.com/Privacy-Policy/raw/media3.ak.yelpcdn.com/static/201012164007150789/img/gfx/sort_arrow_up.gif' saved [844/844]

--2012-04-26 14:15:03--  http://media2.ak.yelpcdn.com/static/201012162841393245/img/gfx/sort_arrow_down.gif
Reusing existing connection to media3.ak.yelpcdn.com:80.
HTTP request sent, awaiting response... 200 OK
Length: 839 [image/gif]
Saving to: `code/../crawls/yelp.com/Privacy-Policy/raw/media2.ak.yelpcdn.com/static/201012162841393245/img/gfx/sort_arrow_down.gif'

     0K                                                       100%  127M=0s

2012-04-26 14:15:03 (127 MB/s) - `code/../crawls/yelp.com/Privacy-Policy/raw/media2.ak.yelpcdn.com/static/201012162841393245/img/gfx/sort_arrow_down.gif' saved [839/839]

--2012-04-26 14:15:03--  http://media1.ak.yelpcdn.com/static/201012162872046889/img/gfx/yellow_glossy_bg.gif
Reusing existing connection to media3.ak.yelpcdn.com:80.
HTTP request sent, awaiting response... 200 OK
Length: 372 [image/gif]
Saving to: `code/../crawls/yelp.com/Privacy-Policy/raw/media1.ak.yelpcdn.com/static/201012162872046889/img/gfx/yellow_glossy_bg.gif'

     0K                                                       100% 61.6M=0s

2012-04-26 14:15:03 (61.6 MB/s) - `code/../crawls/yelp.com/Privacy-Policy/raw/media1.ak.yelpcdn.com/static/201012162872046889/img/gfx/yellow_glossy_bg.gif' saved [372/372]

--2012-04-26 14:15:03--  http://media1.ak.yelpcdn.com/static/201012163320415749/img/ico/biz_details.gif
Reusing existing connection to media3.ak.yelpcdn.com:80.
HTTP request sent, awaiting response... 200 OK
Length: 12588 (12K) [image/gif]
Saving to: `code/../crawls/yelp.com/Privacy-Policy/raw/media1.ak.yelpcdn.com/static/201012163320415749/img/ico/biz_details.gif'

     0K .......... ..                                         100% 13.7M=0.001s

2012-04-26 14:15:03 (13.7 MB/s) - `code/../crawls/yelp.com/Privacy-Policy/raw/media1.ak.yelpcdn.com/static/201012163320415749/img/ico/biz_details.gif' saved [12588/12588]

--2012-04-26 14:15:03--  http://media1.ak.yelpcdn.com/static/201012161846882235/img/gfx/new_burst_loader_big.gif
Reusing existing connection to media3.ak.yelpcdn.com:80.
HTTP request sent, awaiting response... 200 OK
Length: 7848 (7.7K) [image/gif]
Saving to: `code/../crawls/yelp.com/Privacy-Policy/raw/media1.ak.yelpcdn.com/static/201012161846882235/img/gfx/new_burst_loader_big.gif'

     0K .......                                               100% 23.0M=0s

2012-04-26 14:15:03 (23.0 MB/s) - `code/../crawls/yelp.com/Privacy-Policy/raw/media1.ak.yelpcdn.com/static/201012161846882235/img/gfx/new_burst_loader_big.gif' saved [7848/7848]

--2012-04-26 14:15:03--  http://media1.ak.yelpcdn.com/static/20101216558945099/img/gfx/dropdown_bg.png
Reusing existing connection to media3.ak.yelpcdn.com:80.
HTTP request sent, awaiting response... 200 OK
Length: 157 [image/png]
Saving to: `code/../crawls/yelp.com/Privacy-Policy/raw/media1.ak.yelpcdn.com/static/20101216558945099/img/gfx/dropdown_bg.png'

     0K                                                       100% 26.5M=0s

2012-04-26 14:15:03 (26.5 MB/s) - `code/../crawls/yelp.com/Privacy-Policy/raw/media1.ak.yelpcdn.com/static/20101216558945099/img/gfx/dropdown_bg.png' saved [157/157]

--2012-04-26 14:15:03--  http://media4.ak.yelpcdn.com/static/20101216155501799/img/gfx/error_box_sprite.png
Reusing existing connection to media3.ak.yelpcdn.com:80.
HTTP request sent, awaiting response... 200 OK
Length: 2638 (2.6K) [image/png]
Saving to: `code/../crawls/yelp.com/Privacy-Policy/raw/media4.ak.yelpcdn.com/static/20101216155501799/img/gfx/error_box_sprite.png'

     0K ..                                                    100%  209M=0s

2012-04-26 14:15:03 (209 MB/s) - `code/../crawls/yelp.com/Privacy-Policy/raw/media4.ak.yelpcdn.com/static/20101216155501799/img/gfx/error_box_sprite.png' saved [2638/2638]

--2012-04-26 14:15:03--  http://media3.ak.yelpcdn.com/static/201012163765396398/img/ico/concierge_bell.png
Reusing existing connection to media3.ak.yelpcdn.com:80.
HTTP request sent, awaiting response... 200 OK
Length: 1980 (1.9K) [image/png]
Saving to: `code/../crawls/yelp.com/Privacy-Policy/raw/media3.ak.yelpcdn.com/static/201012163765396398/img/ico/concierge_bell.png'

     0K .                                                     100%  261M=0s

2012-04-26 14:15:03 (261 MB/s) - `code/../crawls/yelp.com/Privacy-Policy/raw/media3.ak.yelpcdn.com/static/201012163765396398/img/ico/concierge_bell.png' saved [1980/1980]

--2012-04-26 14:15:03--  http://media3.ak.yelpcdn.com/static/20101216403804237/img/gfx/check.gif
Reusing existing connection to media3.ak.yelpcdn.com:80.
HTTP request sent, awaiting response... 200 OK
Length: 233 [image/gif]
Saving to: `code/../crawls/yelp.com/Privacy-Policy/raw/media3.ak.yelpcdn.com/static/20101216403804237/img/gfx/check.gif'

     0K                                                       100% 39.7M=0s

2012-04-26 14:15:03 (39.7 MB/s) - `code/../crawls/yelp.com/Privacy-Policy/raw/media3.ak.yelpcdn.com/static/20101216403804237/img/gfx/check.gif' saved [233/233]

--2012-04-26 14:15:03--  http://media4.ak.yelpcdn.com/static/20101216231016206/img/gfx/bad.gif
Reusing existing connection to media3.ak.yelpcdn.com:80.
HTTP request sent, awaiting response... 200 OK
Length: 351 [image/gif]
Saving to: `code/../crawls/yelp.com/Privacy-Policy/raw/media4.ak.yelpcdn.com/static/20101216231016206/img/gfx/bad.gif'

     0K                                                       100% 57.3M=0s

2012-04-26 14:15:03 (57.3 MB/s) - `code/../crawls/yelp.com/Privacy-Policy/raw/media4.ak.yelpcdn.com/static/20101216231016206/img/gfx/bad.gif' saved [351/351]

--2012-04-26 14:15:03--  http://media3.ak.yelpcdn.com/static/20101216773088319/img/gfx/spin.gif
Reusing existing connection to media3.ak.yelpcdn.com:80.
HTTP request sent, awaiting response... 200 OK
Length: 673 [image/gif]
Saving to: `code/../crawls/yelp.com/Privacy-Policy/raw/media3.ak.yelpcdn.com/static/20101216773088319/img/gfx/spin.gif'

     0K                                                       100%  108M=0s

2012-04-26 14:15:03 (108 MB/s) - `code/../crawls/yelp.com/Privacy-Policy/raw/media3.ak.yelpcdn.com/static/20101216773088319/img/gfx/spin.gif' saved [673/673]

--2012-04-26 14:15:03--  http://media1.ak.yelpcdn.com/static/201012161574555820/img/gfx/datepicker_gradient.png
Reusing existing connection to media3.ak.yelpcdn.com:80.
HTTP request sent, awaiting response... 200 OK
Length: 154 [image/png]
Saving to: `code/../crawls/yelp.com/Privacy-Policy/raw/media1.ak.yelpcdn.com/static/201012161574555820/img/gfx/datepicker_gradient.png'

     0K                                                       100% 26.6M=0s

2012-04-26 14:15:03 (26.6 MB/s) - `code/../crawls/yelp.com/Privacy-Policy/raw/media1.ak.yelpcdn.com/static/201012161574555820/img/gfx/datepicker_gradient.png' saved [154/154]

--2012-04-26 14:15:03--  http://media2.ak.yelpcdn.com/static/201012162959356374/img/btn/recaptcha.png
Reusing existing connection to media3.ak.yelpcdn.com:80.
HTTP request sent, awaiting response... 200 OK
Length: 2940 (2.9K) [image/png]
Saving to: `code/../crawls/yelp.com/Privacy-Policy/raw/media2.ak.yelpcdn.com/static/201012162959356374/img/btn/recaptcha.png'

     0K ..                                                    100%  229M=0s

2012-04-26 14:15:03 (229 MB/s) - `code/../crawls/yelp.com/Privacy-Policy/raw/media2.ak.yelpcdn.com/static/201012162959356374/img/btn/recaptcha.png' saved [2940/2940]

--2012-04-26 14:15:03--  http://media1.ak.yelpcdn.com/static/201012163422387565/img/search/burst_loader_big.gif
Reusing existing connection to media3.ak.yelpcdn.com:80.
HTTP request sent, awaiting response... 200 OK
Length: 4791 (4.7K) [image/gif]
Saving to: `code/../crawls/yelp.com/Privacy-Policy/raw/media1.ak.yelpcdn.com/static/201012163422387565/img/search/burst_loader_big.gif'

     0K ....                                                  100% 59.8M=0s

2012-04-26 14:15:03 (59.8 MB/s) - `code/../crawls/yelp.com/Privacy-Policy/raw/media1.ak.yelpcdn.com/static/201012163422387565/img/search/burst_loader_big.gif' saved [4791/4791]

--2012-04-26 14:15:03--  http://media1.ak.yelpcdn.com/static/201012161829353144/img/btn/blank_buttons.png
Reusing existing connection to media3.ak.yelpcdn.com:80.
HTTP request sent, awaiting response... 200 OK
Length: 4063 (4.0K) [image/png]
Saving to: `code/../crawls/yelp.com/Privacy-Policy/raw/media1.ak.yelpcdn.com/static/201012161829353144/img/btn/blank_buttons.png'

     0K ...                                                   100%  322M=0s

2012-04-26 14:15:03 (322 MB/s) - `code/../crawls/yelp.com/Privacy-Policy/raw/media1.ak.yelpcdn.com/static/201012161829353144/img/btn/blank_buttons.png' saved [4063/4063]

--2012-04-26 14:15:03--  http://media4.ak.yelpcdn.com/static/201012164283061686/img/gfx/best-of-yelp.gif
Reusing existing connection to media3.ak.yelpcdn.com:80.
HTTP request sent, awaiting response... 200 OK
Length: 1077 (1.1K) [image/gif]
Saving to: `code/../crawls/yelp.com/Privacy-Policy/raw/media4.ak.yelpcdn.com/static/201012164283061686/img/gfx/best-of-yelp.gif'

     0K .                                                     100%  171M=0s

2012-04-26 14:15:03 (171 MB/s) - `code/../crawls/yelp.com/Privacy-Policy/raw/media4.ak.yelpcdn.com/static/201012164283061686/img/gfx/best-of-yelp.gif' saved [1077/1077]

--2012-04-26 14:15:03--  http://media3.ak.yelpcdn.com/static/201012161960621142/img/gfx/red-yelp.gif
Reusing existing connection to media3.ak.yelpcdn.com:80.
HTTP request sent, awaiting response... 200 OK
Length: 416 [image/gif]
Saving to: `code/../crawls/yelp.com/Privacy-Policy/raw/media3.ak.yelpcdn.com/static/201012161960621142/img/gfx/red-yelp.gif'

     0K                                                       100% 69.3M=0s

2012-04-26 14:15:03 (69.3 MB/s) - `code/../crawls/yelp.com/Privacy-Policy/raw/media3.ak.yelpcdn.com/static/201012161960621142/img/gfx/red-yelp.gif' saved [416/416]

--2012-04-26 14:15:03--  http://media3.ak.yelpcdn.com/static/201012162371422183/img/ico/alacarte_ico_map.gif
Reusing existing connection to media3.ak.yelpcdn.com:80.
HTTP request sent, awaiting response... 200 OK
Length: 3966 (3.9K) [image/gif]
Saving to: `code/../crawls/yelp.com/Privacy-Policy/raw/media3.ak.yelpcdn.com/static/201012162371422183/img/ico/alacarte_ico_map.gif'

     0K ...                                                   100% 50.4M=0s

2012-04-26 14:15:03 (50.4 MB/s) - `code/../crawls/yelp.com/Privacy-Policy/raw/media3.ak.yelpcdn.com/static/201012162371422183/img/ico/alacarte_ico_map.gif' saved [3966/3966]

--2012-04-26 14:15:03--  http://media1.ak.yelpcdn.com/static/201012161244878657/img/gfx/homepage/homepage_sprite.png
Reusing existing connection to media3.ak.yelpcdn.com:80.
HTTP request sent, awaiting response... 200 OK
Length: 13347 (13K) [image/png]
Saving to: `code/../crawls/yelp.com/Privacy-Policy/raw/media1.ak.yelpcdn.com/static/201012161244878657/img/gfx/homepage/homepage_sprite.png'

     0K .......... ...                                        100% 16.1M=0.001s

2012-04-26 14:15:03 (16.1 MB/s) - `code/../crawls/yelp.com/Privacy-Policy/raw/media1.ak.yelpcdn.com/static/201012161244878657/img/gfx/homepage/homepage_sprite.png' saved [13347/13347]

--2012-04-26 14:15:03--  http://media4.ak.yelpcdn.com/static/201012162324771309/img/gfx/notifications_sprite.png
Reusing existing connection to media3.ak.yelpcdn.com:80.
HTTP request sent, awaiting response... 200 OK
Length: 2841 (2.8K) [image/png]
Saving to: `code/../crawls/yelp.com/Privacy-Policy/raw/media4.ak.yelpcdn.com/static/201012162324771309/img/gfx/notifications_sprite.png'

     0K ..                                                    100%  236M=0s

2012-04-26 14:15:03 (236 MB/s) - `code/../crawls/yelp.com/Privacy-Policy/raw/media4.ak.yelpcdn.com/static/201012162324771309/img/gfx/notifications_sprite.png' saved [2841/2841]

--2012-04-26 14:15:03--  http://biz.yelp.com/static/20101216388664212/img/ico/biz_ico_map.png
Resolving biz.yelp.com... 199.255.189.44, 199.255.189.144
Connecting to biz.yelp.com|199.255.189.44|:80... connected.
HTTP request sent, awaiting response... 200 OK
Length: 3344 (3.3K) [image/png]
Saving to: `code/../crawls/yelp.com/Privacy-Policy/raw/biz.yelp.com/static/20101216388664212/img/ico/biz_ico_map.png'

     0K ...                                                   100%  384M=0s

2012-04-26 14:15:03 (384 MB/s) - `code/../crawls/yelp.com/Privacy-Policy/raw/biz.yelp.com/static/20101216388664212/img/ico/biz_ico_map.png' saved [3344/3344]

--2012-04-26 14:15:03--  http://media2.ak.yelpcdn.com/static/201012163953617515/img/ico/event_cal_icons.png
Reusing existing connection to media3.ak.yelpcdn.com:80.
HTTP request sent, awaiting response... 200 OK
Length: 1096 (1.1K) [image/png]
Saving to: `code/../crawls/yelp.com/Privacy-Policy/raw/media2.ak.yelpcdn.com/static/201012163953617515/img/ico/event_cal_icons.png'

     0K .                                                     100%  177M=0s

2012-04-26 14:15:03 (177 MB/s) - `code/../crawls/yelp.com/Privacy-Policy/raw/media2.ak.yelpcdn.com/static/201012163953617515/img/ico/event_cal_icons.png' saved [1096/1096]

--2012-04-26 14:15:03--  http://media2.ak.yelpcdn.com/static/201012163218658852/img/gfx/big_stars.png
Reusing existing connection to media3.ak.yelpcdn.com:80.
HTTP request sent, awaiting response... 200 OK
Length: 29107 (28K) [image/png]
Saving to: `code/../crawls/yelp.com/Privacy-Policy/raw/media2.ak.yelpcdn.com/static/201012163218658852/img/gfx/big_stars.png'

     0K .......... .......... ........                        100% 13.0M=0.002s

2012-04-26 14:15:03 (13.0 MB/s) - `code/../crawls/yelp.com/Privacy-Policy/raw/media2.ak.yelpcdn.com/static/201012163218658852/img/gfx/big_stars.png' saved [29107/29107]

--2012-04-26 14:15:03--  http://media1.ak.yelpcdn.com/static/20101216715500344/img/gfx/yelp_fb.png
Reusing existing connection to media3.ak.yelpcdn.com:80.
HTTP request sent, awaiting response... 200 OK
Length: 1855 (1.8K) [image/png]
Saving to: `code/../crawls/yelp.com/Privacy-Policy/raw/media1.ak.yelpcdn.com/static/20101216715500344/img/gfx/yelp_fb.png'

     0K .                                                     100%  263M=0s

2012-04-26 14:15:03 (263 MB/s) - `code/../crawls/yelp.com/Privacy-Policy/raw/media1.ak.yelpcdn.com/static/20101216715500344/img/gfx/yelp_fb.png' saved [1855/1855]

--2012-04-26 14:15:03--  http://media2.ak.yelpcdn.com/static/20101216226241346/img/mktg/signup_pitchs/logo.png
Reusing existing connection to media3.ak.yelpcdn.com:80.
HTTP request sent, awaiting response... 200 OK
Length: 4935 (4.8K) [image/png]
Saving to: `code/../crawls/yelp.com/Privacy-Policy/raw/media2.ak.yelpcdn.com/static/20101216226241346/img/mktg/signup_pitchs/logo.png'

     0K ....                                                  100% 62.4M=0s

2012-04-26 14:15:03 (62.4 MB/s) - `code/../crawls/yelp.com/Privacy-Policy/raw/media2.ak.yelpcdn.com/static/20101216226241346/img/mktg/signup_pitchs/logo.png' saved [4935/4935]

--2012-04-26 14:15:03--  http://media2.ak.yelpcdn.com/static/201012162172158512/img/sprites/paris_metro.png
Reusing existing connection to media3.ak.yelpcdn.com:80.
HTTP request sent, awaiting response... 200 OK
Length: 16667 (16K) [image/png]
Saving to: `code/../crawls/yelp.com/Privacy-Policy/raw/media2.ak.yelpcdn.com/static/201012162172158512/img/sprites/paris_metro.png'

     0K .......... ......                                     100% 13.4M=0.001s

2012-04-26 14:15:03 (13.4 MB/s) - `code/../crawls/yelp.com/Privacy-Policy/raw/media2.ak.yelpcdn.com/static/201012162172158512/img/sprites/paris_metro.png' saved [16667/16667]

--2012-04-26 14:15:03--  http://media3.ak.yelpcdn.com/static/201012162691066220/img/sprites/homepage.png
Reusing existing connection to media3.ak.yelpcdn.com:80.
HTTP request sent, awaiting response... 200 OK
Length: 5325 (5.2K) [image/png]
Saving to: `code/../crawls/yelp.com/Privacy-Policy/raw/media3.ak.yelpcdn.com/static/201012162691066220/img/sprites/homepage.png'

     0K .....                                                 100% 26.7M=0s

2012-04-26 14:15:03 (26.7 MB/s) - `code/../crawls/yelp.com/Privacy-Policy/raw/media3.ak.yelpcdn.com/static/201012162691066220/img/sprites/homepage.png' saved [5325/5325]

FINISHED --2012-04-26 14:15:03--
Total wall clock time: 1.4s
Downloaded: 60 files, 918K in 0.1s (8.54 MB/s)
Converting code/../crawls/yelp.com/Privacy-Policy/raw/privacy-policy.truste.com/privacy-seal/Yelp!-Inc-/asc?rid=0c78554b-8428-4514-9bdc-419fe03f8d16.html... nothing to do.
Converting code/../crawls/yelp.com/Privacy-Policy/raw/www.yelp.com/static?p=privacy&country=US.html... 17-65
Converting code/../crawls/yelp.com/Privacy-Policy/raw/media4.ak.yelpcdn.com/static/201202172597269871/css/www-pkg-en_US.min.css... 103-0
Converted 3 files in 0.007 seconds.
