--2012-12-19 05:23:44--  http://www.curves.com/privacy-policy.php
Resolving www.curves.com... 207.97.229.227
Connecting to www.curves.com|207.97.229.227|:80... connected.
HTTP request sent, awaiting response... 302 Moved Temporarily
Location: /index.php [following]
--2012-12-19 05:23:44--  http://www.curves.com/index.php
Reusing existing connection to www.curves.com:80.
HTTP request sent, awaiting response... 200 OK
Length: unspecified [text/html]
Saving to: `code/../crawls/curves.com/Privacy-Policy/raw/www.curves.com/privacy-policy.php.html'

     0K .......... ...                                         90.2K=0.2s

2012-12-19 05:23:45 (90.2 KB/s) - `code/../crawls/curves.com/Privacy-Policy/raw/www.curves.com/privacy-policy.php.html' saved [14034]

--2012-12-19 05:23:45--  http://ajax.googleapis.com/ajax/libs/jquery/1.8.3/jquery.min.js
Resolving ajax.googleapis.com... 173.194.69.95, 2a00:1450:4008:c01::5f
Connecting to ajax.googleapis.com|173.194.69.95|:80... connected.
HTTP request sent, awaiting response... 200 OK
Length: unspecified [text/javascript]
Saving to: `code/../crawls/curves.com/Privacy-Policy/raw/ajax.googleapis.com/ajax/libs/jquery/1.8.3/jquery.min.js'

     0K .......... .......... .......... .......... ..........  101K
    50K .......... .......... .......... .......... .          1009K=0.5s

2012-12-19 05:23:46 (171 KB/s) - `code/../crawls/curves.com/Privacy-Policy/raw/ajax.googleapis.com/ajax/libs/jquery/1.8.3/jquery.min.js' saved [93637]

--2012-12-19 05:23:46--  http://www.curves.com/includes/js/jquery.js
Connecting to www.curves.com|207.97.229.227|:80... connected.
HTTP request sent, awaiting response... 200 OK
Length: 93637 (91K) [application/x-javascript]
Saving to: `code/../crawls/curves.com/Privacy-Policy/raw/www.curves.com/includes/js/jquery.js'

     0K .......... .......... .......... .......... .......... 54%  161K 0s
    50K .......... .......... .......... .......... .         100% 11.0M=0.3s

2012-12-19 05:23:46 (291 KB/s) - `code/../crawls/curves.com/Privacy-Policy/raw/www.curves.com/includes/js/jquery.js' saved [93637/93637]

--2012-12-19 05:23:46--  http://www.curves.com/includes/js/modernizr.2.6.2.js
Reusing existing connection to www.curves.com:80.
HTTP request sent, awaiting response... 200 OK
Length: 17145 (17K) [application/x-javascript]
Saving to: `code/../crawls/curves.com/Privacy-Policy/raw/www.curves.com/includes/js/modernizr.2.6.2.js'

     0K .......... ......                                     100% 13.3M=0.001s

2012-12-19 05:23:46 (13.3 MB/s) - `code/../crawls/curves.com/Privacy-Policy/raw/www.curves.com/includes/js/modernizr.2.6.2.js' saved [17145/17145]

--2012-12-19 05:23:46--  http://www.curves.com/favicon.ico
Reusing existing connection to www.curves.com:80.
HTTP request sent, awaiting response... 404 Not Found
2012-12-19 05:23:46 ERROR 404: Not Found.

--2012-12-19 05:23:46--  http://www.curves.com/includes/css/style.css
Reusing existing connection to www.curves.com:80.
HTTP request sent, awaiting response... 200 OK
Length: 37786 (37K) [text/css]
Saving to: `code/../crawls/curves.com/Privacy-Policy/raw/www.curves.com/includes/css/style.css'

     0K .......... .......... .......... ......               100%  211K=0.2s

2012-12-19 05:23:47 (211 KB/s) - `code/../crawls/curves.com/Privacy-Policy/raw/www.curves.com/includes/css/style.css' saved [37786/37786]

--2012-12-19 05:23:47--  http://www.curves.com/includes/css/flexslider.css
Reusing existing connection to www.curves.com:80.
HTTP request sent, awaiting response... 200 OK
Length: 3517 (3.4K) [text/css]
Saving to: `code/../crawls/curves.com/Privacy-Policy/raw/www.curves.com/includes/css/flexslider.css'

     0K ...                                                   100%  312M=0s

2012-12-19 05:23:47 (312 MB/s) - `code/../crawls/curves.com/Privacy-Policy/raw/www.curves.com/includes/css/flexslider.css' saved [3517/3517]

--2012-12-19 05:23:47--  http://www.curves.com/images/home/curves_complete.jpg
Reusing existing connection to www.curves.com:80.
HTTP request sent, awaiting response... 200 OK
Length: 45977 (45K) [image/jpeg]
Saving to: `code/../crawls/curves.com/Privacy-Policy/raw/www.curves.com/images/home/curves_complete.jpg'

     0K .......... .......... .......... .......... ....      100% 12.2M=0.004s

2012-12-19 05:23:47 (12.2 MB/s) - `code/../crawls/curves.com/Privacy-Policy/raw/www.curves.com/images/home/curves_complete.jpg' saved [45977/45977]

--2012-12-19 05:23:47--  http://www.curves.com/images/home/1exercise.jpg
Reusing existing connection to www.curves.com:80.
HTTP request sent, awaiting response... 200 OK
Length: 54948 (54K) [image/jpeg]
Saving to: `code/../crawls/curves.com/Privacy-Policy/raw/www.curves.com/images/home/1exercise.jpg'

     0K .......... .......... .......... .......... .......... 93% 10.6M 0s
    50K ...                                                   100% 15.7M=0.005s

2012-12-19 05:23:47 (10.8 MB/s) - `code/../crawls/curves.com/Privacy-Policy/raw/www.curves.com/images/home/1exercise.jpg' saved [54948/54948]

--2012-12-19 05:23:47--  http://www.curves.com/images/home/2mealplan.jpg
Reusing existing connection to www.curves.com:80.
HTTP request sent, awaiting response... 200 OK
Length: 53929 (53K) [image/jpeg]
Saving to: `code/../crawls/curves.com/Privacy-Policy/raw/www.curves.com/images/home/2mealplan.jpg'

     0K .......... .......... .......... .......... .......... 94% 8.79M 0s
    50K ..                                                    100% 31.7M=0.006s

2012-12-19 05:23:47 (9.12 MB/s) - `code/../crawls/curves.com/Privacy-Policy/raw/www.curves.com/images/home/2mealplan.jpg' saved [53929/53929]

--2012-12-19 05:23:47--  http://www.curves.com/images/home/3coaching.jpg
Reusing existing connection to www.curves.com:80.
HTTP request sent, awaiting response... 200 OK
Length: 53933 (53K) [image/jpeg]
Saving to: `code/../crawls/curves.com/Privacy-Policy/raw/www.curves.com/images/home/3coaching.jpg'

     0K .......... .......... .......... .......... .......... 94% 11.7M 0s
    50K ..                                                    100% 20.1M=0.004s

2012-12-19 05:23:47 (12.0 MB/s) - `code/../crawls/curves.com/Privacy-Policy/raw/www.curves.com/images/home/3coaching.jpg' saved [53933/53933]

--2012-12-19 05:23:47--  http://www.curves.com/images/footer_promos/program.jpg
Reusing existing connection to www.curves.com:80.
HTTP request sent, awaiting response... 200 OK
Length: 11964 (12K) [image/jpeg]
Saving to: `code/../crawls/curves.com/Privacy-Policy/raw/www.curves.com/images/footer_promos/program.jpg'

     0K .......... .                                          100% 16.6M=0.001s

2012-12-19 05:23:47 (16.6 MB/s) - `code/../crawls/curves.com/Privacy-Policy/raw/www.curves.com/images/footer_promos/program.jpg' saved [11964/11964]

--2012-12-19 05:23:47--  http://www.curves.com/images/footer_promos/science.jpg
Reusing existing connection to www.curves.com:80.
HTTP request sent, awaiting response... 200 OK
Length: 9193 (9.0K) [image/jpeg]
Saving to: `code/../crawls/curves.com/Privacy-Policy/raw/www.curves.com/images/footer_promos/science.jpg'

     0K ........                                              100% 17.1M=0.001s

2012-12-19 05:23:47 (17.1 MB/s) - `code/../crawls/curves.com/Privacy-Policy/raw/www.curves.com/images/footer_promos/science.jpg' saved [9193/9193]

--2012-12-19 05:23:47--  http://www.curves.com/images/footer_promos/success_stories.jpg
Reusing existing connection to www.curves.com:80.
HTTP request sent, awaiting response... 200 OK
Length: 11189 (11K) [image/jpeg]
Saving to: `code/../crawls/curves.com/Privacy-Policy/raw/www.curves.com/images/footer_promos/success_stories.jpg'

     0K ..........                                            100% 14.6M=0.001s

2012-12-19 05:23:47 (14.6 MB/s) - `code/../crawls/curves.com/Privacy-Policy/raw/www.curves.com/images/footer_promos/success_stories.jpg' saved [11189/11189]

--2012-12-19 05:23:47--  http://www.curves.com/images/footer_promos/products.jpg
Reusing existing connection to www.curves.com:80.
HTTP request sent, awaiting response... 200 OK
Length: 5902 (5.8K) [image/jpeg]
Saving to: `code/../crawls/curves.com/Privacy-Policy/raw/www.curves.com/images/footer_promos/products.jpg'

     0K .....                                                 100% 18.4M=0s

2012-12-19 05:23:47 (18.4 MB/s) - `code/../crawls/curves.com/Privacy-Policy/raw/www.curves.com/images/footer_promos/products.jpg' saved [5902/5902]

--2012-12-19 05:23:47--  http://www.curves.com/includes/js/jquery.bgpos.js
Reusing existing connection to www.curves.com:80.
HTTP request sent, awaiting response... 200 OK
Length: 1532 (1.5K) [application/x-javascript]
Saving to: `code/../crawls/curves.com/Privacy-Policy/raw/www.curves.com/includes/js/jquery.bgpos.js'

     0K .                                                     100%  222M=0s

2012-12-19 05:23:47 (222 MB/s) - `code/../crawls/curves.com/Privacy-Policy/raw/www.curves.com/includes/js/jquery.bgpos.js' saved [1532/1532]

--2012-12-19 05:23:47--  http://www.curves.com/includes/js/global.js
Reusing existing connection to www.curves.com:80.
HTTP request sent, awaiting response... 200 OK
Length: 1335 (1.3K) [application/x-javascript]
Saving to: `code/../crawls/curves.com/Privacy-Policy/raw/www.curves.com/includes/js/global.js'

     0K .                                                     100%  180M=0s

2012-12-19 05:23:47 (180 MB/s) - `code/../crawls/curves.com/Privacy-Policy/raw/www.curves.com/includes/js/global.js' saved [1335/1335]

--2012-12-19 05:23:47--  http://www.curves.com/includes/js/jquery.flexslider-min.js
Reusing existing connection to www.curves.com:80.
HTTP request sent, awaiting response... 200 OK
Length: 16377 (16K) [application/x-javascript]
Saving to: `code/../crawls/curves.com/Privacy-Policy/raw/www.curves.com/includes/js/jquery.flexslider-min.js'

     0K .......... .....                                      100% 10.2M=0.002s

2012-12-19 05:23:47 (10.2 MB/s) - `code/../crawls/curves.com/Privacy-Policy/raw/www.curves.com/includes/js/jquery.flexslider-min.js' saved [16377/16377]

--2012-12-19 05:23:47--  http://www.imiclk.com/cgi/r.cgi?m=3&mid=H24yG1uA&ptid=HOME
Resolving www.imiclk.com... 23.56.120.242
Connecting to www.imiclk.com|23.56.120.242|:80... connected.
HTTP request sent, awaiting response... 302 Moved Temporarily
Location: http://ak1.abmr.net/is/www.imiclk.com?U=/cgi/r.cgi&V=3-Pt421Wh6sBb2fautLUmhjEWamRqMSNQYp7YY0B8%2fbQqxbq9rPkCmxzEs7dJXvEyK&I=32DED334919DF55&D=www.imiclk.com&01AD=1&m=3&mid=H24yG1uA&ptid=HOME [following]
--2012-12-19 05:23:47--  http://ak1.abmr.net/is/www.imiclk.com?U=/cgi/r.cgi&V=3-Pt421Wh6sBb2fautLUmhjEWamRqMSNQYp7YY0B8%2fbQqxbq9rPkCmxzEs7dJXvEyK&I=32DED334919DF55&D=www.imiclk.com&01AD=1&m=3&mid=H24yG1uA&ptid=HOME
Resolving ak1.abmr.net... 23.61.195.144, 23.61.195.131
Connecting to ak1.abmr.net|23.61.195.144|:80... connected.
HTTP request sent, awaiting response... 302 Moved Temporarily
Location: http://www.imiclk.com/cgi/r.cgi?01AD=2-2-22B5BE02A41FE57F0F26380B015C7E7D95BCC02EE6A83126773FD34B0AF13C3D-D1998F42F5CD7C293AE40591190CE697581659351D49D1CAF4BFE50A8641C0B7&01RI=32DED334919DF55&01NA=na&m=3&mid=H24yG1uA&ptid=HOME [following]
--2012-12-19 05:23:47--  http://www.imiclk.com/cgi/r.cgi?01AD=2-2-22B5BE02A41FE57F0F26380B015C7E7D95BCC02EE6A83126773FD34B0AF13C3D-D1998F42F5CD7C293AE40591190CE697581659351D49D1CAF4BFE50A8641C0B7&01RI=32DED334919DF55&01NA=na&m=3&mid=H24yG1uA&ptid=HOME
Connecting to www.imiclk.com|23.56.120.242|:80... connected.
HTTP request sent, awaiting response... 200 OK
Length: 369 [text/html]
Saving to: `code/../crawls/curves.com/Privacy-Policy/raw/www.imiclk.com/cgi/r.cgi?m=3&mid=H24yG1uA&ptid=HOME.html'

     0K                                                       100% 58.1M=0s

2012-12-19 05:23:48 (58.1 MB/s) - `code/../crawls/curves.com/Privacy-Policy/raw/www.imiclk.com/cgi/r.cgi?m=3&mid=H24yG1uA&ptid=HOME.html' saved [369/369]

--2012-12-19 05:23:48--  http://media.fastclick.net/rt?cn1=urt73&v1=2
Resolving media.fastclick.net... 63.215.202.6
Connecting to media.fastclick.net|63.215.202.6|:80... connected.
HTTP request sent, awaiting response... 200 OK
Length: 43 [image/gif]
Saving to: `code/../crawls/curves.com/Privacy-Policy/raw/media.fastclick.net/rt?cn1=urt73&v1=2'

     0K                                                       100% 7.20M=0s

2012-12-19 05:23:48 (7.20 MB/s) - `code/../crawls/curves.com/Privacy-Policy/raw/media.fastclick.net/rt?cn1=urt73&v1=2' saved [43/43]

--2012-12-19 05:23:48--  http://media.fastclick.net/w/tre?ad_id=17979;evt=13526;cat1=15178;cat2=15179
Reusing existing connection to media.fastclick.net:80.
HTTP request sent, awaiting response... 302 Found
Location: http://www.googleadservices.com/pagead/conversion/1032669722/?label=CF_ECIbKoAEQmpS17AM&amp;guid=ON&amp;script=0 [following]
--2012-12-19 05:23:48--  http://www.googleadservices.com/pagead/conversion/1032669722/?label=CF_ECIbKoAEQmpS17AM&amp;guid=ON&amp;script=0
Resolving www.googleadservices.com... 173.194.69.156, 173.194.69.157, 173.194.69.154, ...
Connecting to www.googleadservices.com|173.194.69.156|:80... connected.
HTTP request sent, awaiting response... 302 Found
Location: http://googleads.g.doubleclick.net/pagead/viewthroughconversion/1032669722/?label=CF_ECIbKoAEQmpS17AM&amp;guid=ON&amp;script=0&ctc_id=CAIVAgAAAB0CAAAA&ct_cookie_present=false [following]
--2012-12-19 05:23:48--  http://googleads.g.doubleclick.net/pagead/viewthroughconversion/1032669722/?label=CF_ECIbKoAEQmpS17AM&amp;guid=ON&amp;script=0&ctc_id=CAIVAgAAAB0CAAAA&ct_cookie_present=false
Resolving googleads.g.doubleclick.net... 173.194.69.155, 173.194.69.156, 173.194.69.157, ...
Reusing existing connection to www.googleadservices.com:80.
HTTP request sent, awaiting response... 200 OK
Length: 42 [image/gif]
Saving to: `code/../crawls/curves.com/Privacy-Policy/raw/media.fastclick.net/w/tre?ad_id=17979;evt=13526;cat1=15178;cat2=15179'

     0K                                                       100% 7.27M=0s

2012-12-19 05:23:48 (7.27 MB/s) - `code/../crawls/curves.com/Privacy-Policy/raw/media.fastclick.net/w/tre?ad_id=17979;evt=13526;cat1=15178;cat2=15179' saved [42/42]

--2012-12-19 05:23:48--  http://ad.doubleclick.net/activity;src=1857234;dcnet=4845;boom=15470;sz=1x1;ord='+%20ord%20+'?
Resolving ad.doubleclick.net... 173.194.69.148, 173.194.69.149
Connecting to ad.doubleclick.net|173.194.69.148|:80... connected.
HTTP request sent, awaiting response... 200 OK
Length: 42 [image/gif]
Saving to: `code/../crawls/curves.com/Privacy-Policy/raw/ad.doubleclick.net/activity;src=1857234;dcnet=4845;boom=15470;sz=1x1;ord=\'+ ord +\''

     0K                                                       100% 6.75M=0s

2012-12-19 05:23:48 (6.75 MB/s) - `code/../crawls/curves.com/Privacy-Policy/raw/ad.doubleclick.net/activity;src=1857234;dcnet=4845;boom=15470;sz=1x1;ord=\'+ ord +\'' saved [42/42]

--2012-12-19 05:23:48--  http://ads.bluelithium.com/pixel?id=293277&t=2
Resolving ads.bluelithium.com... 98.139.225.43, 98.139.225.42, 2001:4998:44:80b::1000, ...
Connecting to ads.bluelithium.com|98.139.225.43|:80... connected.
HTTP request sent, awaiting response... 302 Found
Location: http://ad.yieldmanager.com/pixel?id=293277&t=2 [following]
--2012-12-19 05:23:49--  http://ad.yieldmanager.com/pixel?id=293277&t=2
Resolving ad.yieldmanager.com... 98.139.225.42, 98.139.225.43, 2001:4998:44:80b::1001, ...
Reusing existing connection to ads.bluelithium.com:80.
HTTP request sent, awaiting response... 302 Found
Location: http://ad.yieldmanager.com/pixel?id=293277&t=2&B=1 [following]
--2012-12-19 05:23:49--  http://ad.yieldmanager.com/pixel?id=293277&t=2&B=1
Reusing existing connection to ads.bluelithium.com:80.
HTTP request sent, awaiting response... 302 Found
Location: http://cookex.amp.yahoo.com/v2/cexposer/SIG=11mhtv0gf/*http%3A//ad.yieldmanager.com/pixel?id=293277&t=2&B=1 [following]
Warning: wildcards not supported in HTTP.
--2012-12-19 05:23:49--  http://cookex.amp.yahoo.com/v2/cexposer/SIG=11mhtv0gf/*http%3A//ad.yieldmanager.com/pixel?id=293277&t=2&B=1
Resolving cookex.amp.yahoo.com... 76.13.234.33, 76.13.232.33
Connecting to cookex.amp.yahoo.com|76.13.234.33|:80... connected.
HTTP request sent, awaiting response... 302 Found
Location: http://ad.yieldmanager.com/pixel?id=293277&t=2&B=1&SIG=10vdhasog;x-cookie=pq0do798q3si5&o=3&f=du [following]
--2012-12-19 05:23:49--  http://ad.yieldmanager.com/pixel?id=293277&t=2&B=1&SIG=10vdhasog;x-cookie=pq0do798q3si5&o=3&f=du
Connecting to ad.yieldmanager.com|98.139.225.42|:80... connected.
HTTP request sent, awaiting response... 200 OK
Length: unspecified [image/gif]
Saving to: `code/../crawls/curves.com/Privacy-Policy/raw/ads.bluelithium.com/pixel?id=293277&t=2'

     0K                                                        4.13M=0s

2012-12-19 05:23:49 (4.13 MB/s) - `code/../crawls/curves.com/Privacy-Policy/raw/ads.bluelithium.com/pixel?id=293277&t=2' saved [43]

--2012-12-19 05:23:49--  http://leadback.advertising.com/adcedge/lb?site=695501&srvc=1&betr=curves_cs=1&betq=8706=404506
Resolving leadback.advertising.com... 64.236.85.82
Connecting to leadback.advertising.com|64.236.85.82|:80... connected.
HTTP request sent, awaiting response... 200 OK
Length: 49 [image/gif]
Saving to: `code/../crawls/curves.com/Privacy-Policy/raw/leadback.advertising.com/adcedge/lb?site=695501&srvc=1&betr=curves_cs=1&betq=8706=404506'

     0K                                                       100% 8.00M=0s

2012-12-19 05:23:49 (8.00 MB/s) - `code/../crawls/curves.com/Privacy-Policy/raw/leadback.advertising.com/adcedge/lb?site=695501&srvc=1&betr=curves_cs=1&betq=8706=404506' saved [49/49]

--2012-12-19 05:23:49--  http://www.googleadservices.com/pagead/conversion.js
Connecting to www.googleadservices.com|173.194.69.156|:80... connected.
HTTP request sent, awaiting response... 200 OK
Length: unspecified [text/javascript]
Saving to: `code/../crawls/curves.com/Privacy-Policy/raw/www.googleadservices.com/pagead/conversion.js'

     0K ......                                                 39.0K=0.2s

2012-12-19 05:23:50 (39.0 KB/s) - `code/../crawls/curves.com/Privacy-Policy/raw/www.googleadservices.com/pagead/conversion.js' saved [6425]

--2012-12-19 05:23:50--  http://www.googleadservices.com/pagead/conversion/1066896840/?label=ciz-CNz4xQEQyJve_AM&guid=ON&script=0
Reusing existing connection to www.googleadservices.com:80.
HTTP request sent, awaiting response... 302 Found
Location: http://googleads.g.doubleclick.net/pagead/viewthroughconversion/1066896840/?label=ciz-CNz4xQEQyJve_AM&guid=ON&script=0&ctc_id=CAIVAgAAAB0CAAAA&ct_cookie_present=false [following]
--2012-12-19 05:23:50--  http://googleads.g.doubleclick.net/pagead/viewthroughconversion/1066896840/?label=ciz-CNz4xQEQyJve_AM&guid=ON&script=0&ctc_id=CAIVAgAAAB0CAAAA&ct_cookie_present=false
Reusing existing connection to www.googleadservices.com:80.
HTTP request sent, awaiting response... 200 OK
Length: 42 [image/gif]
Saving to: `code/../crawls/curves.com/Privacy-Policy/raw/www.googleadservices.com/pagead/conversion/1066896840/index.html?label=ciz-CNz4xQEQyJve_AM&guid=ON&script=0'

     0K                                                       100% 6.84M=0s

2012-12-19 05:23:50 (6.84 MB/s) - `code/../crawls/curves.com/Privacy-Policy/raw/www.googleadservices.com/pagead/conversion/1066896840/index.html?label=ciz-CNz4xQEQyJve_AM&guid=ON&script=0' saved [42/42]

--2012-12-19 05:23:50--  http://leadback.advertising.com/adcedge/lb?site=695501&srvc=1&betr=17081_NDM_cs=1&betq=11552=422888
Connecting to leadback.advertising.com|64.236.85.82|:80... connected.
HTTP request sent, awaiting response... 200 OK
Length: 49 [image/gif]
Saving to: `code/../crawls/curves.com/Privacy-Policy/raw/leadback.advertising.com/adcedge/lb?site=695501&srvc=1&betr=17081_NDM_cs=1&betq=11552=422888'

     0K                                                       100% 8.13M=0s

2012-12-19 05:23:50 (8.13 MB/s) - `code/../crawls/curves.com/Privacy-Policy/raw/leadback.advertising.com/adcedge/lb?site=695501&srvc=1&betr=17081_NDM_cs=1&betq=11552=422888' saved [49/49]

--2012-12-19 05:23:50--  http://leadback.advertising.com/adcedge/lb?site=695501&srvc=1&betr=curves19_cs=1&betq=13345=437126
Reusing existing connection to leadback.advertising.com:80.
HTTP request sent, awaiting response... 200 OK
Length: 49 [image/gif]
Saving to: `code/../crawls/curves.com/Privacy-Policy/raw/leadback.advertising.com/adcedge/lb?site=695501&srvc=1&betr=curves19_cs=1&betq=13345=437126'

     0K                                                       100% 8.14M=0s

2012-12-19 05:23:50 (8.14 MB/s) - `code/../crawls/curves.com/Privacy-Policy/raw/leadback.advertising.com/adcedge/lb?site=695501&srvc=1&betr=curves19_cs=1&betq=13345=437126' saved [49/49]

--2012-12-19 05:23:50--  http://leadback.advertising.com/adcedge/lb?site=695501&srvc=1&betr=9dc299fa_NDM_cs=[+]1cca1dc9_NDM_cs[720]&betq=13811=[+]439401[720]
Reusing existing connection to leadback.advertising.com:80.
HTTP request sent, awaiting response... 200 OK
Length: 49 [image/gif]
Saving to: `code/../crawls/curves.com/Privacy-Policy/raw/leadback.advertising.com/adcedge/lb?site=695501&srvc=1&betr=9dc299fa_NDM_cs=[+]1cca1dc9_NDM_cs[720]&betq=13811=[+]439401[720]'

     0K                                                       100% 8.82M=0s

2012-12-19 05:23:50 (8.82 MB/s) - `code/../crawls/curves.com/Privacy-Policy/raw/leadback.advertising.com/adcedge/lb?site=695501&srvc=1&betr=9dc299fa_NDM_cs=[+]1cca1dc9_NDM_cs[720]&betq=13811=[+]439401[720]' saved [49/49]

--2012-12-19 05:23:50--  http://3903284.fls.doubleclick.net/activityi;src=3903284;type=sitem059;cat=homep294;ord='%20+%20a%20+%20'?
Resolving 3903284.fls.doubleclick.net... 173.194.69.149, 173.194.69.148
Connecting to 3903284.fls.doubleclick.net|173.194.69.149|:80... connected.
HTTP request sent, awaiting response... 200 OK
Length: unspecified [text/html]
Saving to: `code/../crawls/curves.com/Privacy-Policy/raw/3903284.fls.doubleclick.net/activityi;src=3903284;type=sitem059;cat=homep294;ord=\' + a + \'.html'

     0K                                                        20.0M=0s

2012-12-19 05:23:51 (20.0 MB/s) - `code/../crawls/curves.com/Privacy-Policy/raw/3903284.fls.doubleclick.net/activityi;src=3903284;type=sitem059;cat=homep294;ord=\' + a + \'.html' saved [194]

--2012-12-19 05:23:51--  http://3903284.fls.doubleclick.net/activityi;src=3903284;type=sitem059;cat=homep294;ord=1?
Reusing existing connection to 3903284.fls.doubleclick.net:80.
HTTP request sent, awaiting response... 200 OK
Length: unspecified [text/html]
Saving to: `code/../crawls/curves.com/Privacy-Policy/raw/3903284.fls.doubleclick.net/activityi;src=3903284;type=sitem059;cat=homep294;ord=1.html'

     0K                                                        20.8M=0s

2012-12-19 05:23:51 (20.8 MB/s) - `code/../crawls/curves.com/Privacy-Policy/raw/3903284.fls.doubleclick.net/activityi;src=3903284;type=sitem059;cat=homep294;ord=1.html' saved [194]

--2012-12-19 05:23:51--  http://3954703.fls.doubleclick.net/activityi;src=3954703;type=sitem309;cat=homep788;ord='%20+%20a%20+%20'?
Resolving 3954703.fls.doubleclick.net... 173.194.69.148, 173.194.69.149
Reusing existing connection to 3903284.fls.doubleclick.net:80.
HTTP request sent, awaiting response... 200 OK
Length: unspecified [text/html]
Saving to: `code/../crawls/curves.com/Privacy-Policy/raw/3954703.fls.doubleclick.net/activityi;src=3954703;type=sitem309;cat=homep788;ord=\' + a + \'.html'

     0K                                                        18.2M=0s

2012-12-19 05:23:52 (18.2 MB/s) - `code/../crawls/curves.com/Privacy-Policy/raw/3954703.fls.doubleclick.net/activityi;src=3954703;type=sitem309;cat=homep788;ord=\' + a + \'.html' saved [194]

--2012-12-19 05:23:52--  http://3954703.fls.doubleclick.net/activityi;src=3954703;type=sitem309;cat=homep788;ord=1?
Reusing existing connection to 3903284.fls.doubleclick.net:80.
HTTP request sent, awaiting response... 200 OK
Length: unspecified [text/html]
Saving to: `code/../crawls/curves.com/Privacy-Policy/raw/3954703.fls.doubleclick.net/activityi;src=3954703;type=sitem309;cat=homep788;ord=1.html'

     0K                                                        20.2M=0s

2012-12-19 05:23:52 (20.2 MB/s) - `code/../crawls/curves.com/Privacy-Policy/raw/3954703.fls.doubleclick.net/activityi;src=3954703;type=sitem309;cat=homep788;ord=1.html' saved [194]

--2012-12-19 05:23:52--  http://www.curves.com/images/sprite.png
Connecting to www.curves.com|207.97.229.227|:80... connected.
HTTP request sent, awaiting response... 200 OK
Length: 38287 (37K) [image/png]
Saving to: `code/../crawls/curves.com/Privacy-Policy/raw/www.curves.com/images/sprite.png'

     0K .......... .......... .......... .......              100%  164K=0.2s

2012-12-19 05:23:52 (164 KB/s) - `code/../crawls/curves.com/Privacy-Policy/raw/www.curves.com/images/sprite.png' saved [38287/38287]

--2012-12-19 05:23:52--  http://www.curves.com/images/body_bg.png
Reusing existing connection to www.curves.com:80.
HTTP request sent, awaiting response... 200 OK
Length: 2979 (2.9K) [image/png]
Saving to: `code/../crawls/curves.com/Privacy-Policy/raw/www.curves.com/images/body_bg.png'

     0K ..                                                    100% 15.2M=0s

2012-12-19 05:23:52 (15.2 MB/s) - `code/../crawls/curves.com/Privacy-Policy/raw/www.curves.com/images/body_bg.png' saved [2979/2979]

--2012-12-19 05:23:52--  http://www.curves.com/images/nav.png
Reusing existing connection to www.curves.com:80.
HTTP request sent, awaiting response... 200 OK
Length: 12206 (12K) [image/png]
Saving to: `code/../crawls/curves.com/Privacy-Policy/raw/www.curves.com/images/nav.png'

     0K .......... .                                          100% 14.7M=0.001s

2012-12-19 05:23:53 (14.7 MB/s) - `code/../crawls/curves.com/Privacy-Policy/raw/www.curves.com/images/nav.png' saved [12206/12206]

--2012-12-19 05:23:53--  http://www.curves.com/images/nav_hover.png
Reusing existing connection to www.curves.com:80.
HTTP request sent, awaiting response... 200 OK
Length: 130 [image/png]
Saving to: `code/../crawls/curves.com/Privacy-Policy/raw/www.curves.com/images/nav_hover.png'

     0K                                                       100% 23.2M=0s

2012-12-19 05:23:53 (23.2 MB/s) - `code/../crawls/curves.com/Privacy-Policy/raw/www.curves.com/images/nav_hover.png' saved [130/130]

--2012-12-19 05:23:53--  http://www.curves.com/images/lead_form.jpg
Reusing existing connection to www.curves.com:80.
HTTP request sent, awaiting response... 200 OK
Length: 18293 (18K) [image/jpeg]
Saving to: `code/../crawls/curves.com/Privacy-Policy/raw/www.curves.com/images/lead_form.jpg'

     0K .......... .......                                    100% 12.9M=0.001s

2012-12-19 05:23:53 (12.9 MB/s) - `code/../crawls/curves.com/Privacy-Policy/raw/www.curves.com/images/lead_form.jpg' saved [18293/18293]

--2012-12-19 05:23:53--  http://www.curves.com/images/lead_form_ca.jpg
Reusing existing connection to www.curves.com:80.
HTTP request sent, awaiting response... 200 OK
Length: 18220 (18K) [image/jpeg]
Saving to: `code/../crawls/curves.com/Privacy-Policy/raw/www.curves.com/images/lead_form_ca.jpg'

     0K .......... .......                                    100% 12.4M=0.001s

2012-12-19 05:23:53 (12.4 MB/s) - `code/../crawls/curves.com/Privacy-Policy/raw/www.curves.com/images/lead_form_ca.jpg' saved [18220/18220]

--2012-12-19 05:23:53--  http://www.curves.com/images/sprite_subpg_content.png
Reusing existing connection to www.curves.com:80.
HTTP request sent, awaiting response... 200 OK
Length: 734 [image/png]
Saving to: `code/../crawls/curves.com/Privacy-Policy/raw/www.curves.com/images/sprite_subpg_content.png'

     0K                                                       100%  121M=0s

2012-12-19 05:23:53 (121 MB/s) - `code/../crawls/curves.com/Privacy-Policy/raw/www.curves.com/images/sprite_subpg_content.png' saved [734/734]

--2012-12-19 05:23:53--  http://www.curves.com/includes/js/PIE.htc
Reusing existing connection to www.curves.com:80.
HTTP request sent, awaiting response... 200 OK
Length: 41041 (40K) [text/x-component]
Saving to: `code/../crawls/curves.com/Privacy-Policy/raw/www.curves.com/includes/js/PIE.htc'

     0K .......... .......... .......... ..........           100%  509K=0.08s

2012-12-19 05:23:53 (509 KB/s) - `code/../crawls/curves.com/Privacy-Policy/raw/www.curves.com/includes/js/PIE.htc' saved [41041/41041]

--2012-12-19 05:23:53--  http://www.curves.com/images/get-started/header.png
Reusing existing connection to www.curves.com:80.
HTTP request sent, awaiting response... 200 OK
Length: 9010 (8.8K) [image/png]
Saving to: `code/../crawls/curves.com/Privacy-Policy/raw/www.curves.com/images/get-started/header.png'

     0K ........                                              100% 8.01M=0.001s

2012-12-19 05:23:53 (8.01 MB/s) - `code/../crawls/curves.com/Privacy-Policy/raw/www.curves.com/images/get-started/header.png' saved [9010/9010]

--2012-12-19 05:23:53--  http://www.curves.com/images/get-started/steps.png
Reusing existing connection to www.curves.com:80.
HTTP request sent, awaiting response... 200 OK
Length: 15969 (16K) [image/png]
Saving to: `code/../crawls/curves.com/Privacy-Policy/raw/www.curves.com/images/get-started/steps.png'

     0K .......... .....                                      100% 9.54M=0.002s

2012-12-19 05:23:53 (9.54 MB/s) - `code/../crawls/curves.com/Privacy-Policy/raw/www.curves.com/images/get-started/steps.png' saved [15969/15969]

--2012-12-19 05:23:53--  http://www.curves.com/images/valid.png
Reusing existing connection to www.curves.com:80.
HTTP request sent, awaiting response... 200 OK
Length: 266 [image/png]
Saving to: `code/../crawls/curves.com/Privacy-Policy/raw/www.curves.com/images/valid.png'

     0K                                                       100% 48.9M=0s

2012-12-19 05:23:53 (48.9 MB/s) - `code/../crawls/curves.com/Privacy-Policy/raw/www.curves.com/images/valid.png' saved [266/266]

--2012-12-19 05:23:53--  http://www.curves.com/images/invalid.png
Reusing existing connection to www.curves.com:80.
HTTP request sent, awaiting response... 200 OK
Length: 344 [image/png]
Saving to: `code/../crawls/curves.com/Privacy-Policy/raw/www.curves.com/images/invalid.png'

     0K                                                       100% 53.3M=0s

2012-12-19 05:23:53 (53.3 MB/s) - `code/../crawls/curves.com/Privacy-Policy/raw/www.curves.com/images/invalid.png' saved [344/344]

--2012-12-19 05:23:53--  http://www.curves.com/images/btn_highlight.png
Reusing existing connection to www.curves.com:80.
HTTP request sent, awaiting response... 200 OK
Length: 938 [image/png]
Saving to: `code/../crawls/curves.com/Privacy-Policy/raw/www.curves.com/images/btn_highlight.png'

     0K                                                       100%  160M=0s

2012-12-19 05:23:53 (160 MB/s) - `code/../crawls/curves.com/Privacy-Policy/raw/www.curves.com/images/btn_highlight.png' saved [938/938]

--2012-12-19 05:23:53--  http://www.curves.com/images/select.png
Reusing existing connection to www.curves.com:80.
HTTP request sent, awaiting response... 200 OK
Length: 1258 (1.2K) [image/png]
Saving to: `code/../crawls/curves.com/Privacy-Policy/raw/www.curves.com/images/select.png'

     0K .                                                     100%  179M=0s

2012-12-19 05:23:53 (179 MB/s) - `code/../crawls/curves.com/Privacy-Policy/raw/www.curves.com/images/select.png' saved [1258/1258]

--2012-12-19 05:23:53--  http://www.curves.com/images/curves-complete/bg.jpg
Reusing existing connection to www.curves.com:80.
HTTP request sent, awaiting response... 200 OK
Length: 51612 (50K) [image/jpeg]
Saving to: `code/../crawls/curves.com/Privacy-Policy/raw/www.curves.com/images/curves-complete/bg.jpg'

     0K .......... .......... .......... .......... .......... 99%  646K 0s
    50K                                                       100%  767G=0.08s

2012-12-19 05:23:54 (652 KB/s) - `code/../crawls/curves.com/Privacy-Policy/raw/www.curves.com/images/curves-complete/bg.jpg' saved [51612/51612]

--2012-12-19 05:23:54--  http://www.curves.com/includes/css/images/bg_direction_nav.png
Reusing existing connection to www.curves.com:80.
HTTP request sent, awaiting response... 404 Not Found
2012-12-19 05:23:54 ERROR 404: Not Found.

--2012-12-19 05:23:54--  http://r.turn.com/r/beacon?b2=h1mtqbYpHEMpkhTT5wEa9Zy3VtbtUTrXMrpiJ9BjBKl6Px32VpeMlVRtj-M-ocxMnuu1uy18zj1LqJnkVNV2tg&cid=-&bprice=-
Resolving r.turn.com... 69.194.244.11
Connecting to r.turn.com|69.194.244.11|:80... connected.
HTTP request sent, awaiting response... 200 OK
Length: 43 [image/gif]
Saving to: `code/../crawls/curves.com/Privacy-Policy/raw/r.turn.com/r/beacon?b2=h1mtqbYpHEMpkhTT5wEa9Zy3VtbtUTrXMrpiJ9BjBKl6Px32VpeMlVRtj-M-ocxMnuu1uy18zj1LqJnkVNV2tg&cid=-&bprice=-'

     0K                                                       100% 6.80M=0s

2012-12-19 05:23:54 (6.80 MB/s) - `code/../crawls/curves.com/Privacy-Policy/raw/r.turn.com/r/beacon?b2=h1mtqbYpHEMpkhTT5wEa9Zy3VtbtUTrXMrpiJ9BjBKl6Px32VpeMlVRtj-M-ocxMnuu1uy18zj1LqJnkVNV2tg&cid=-&bprice=-' saved [43/43]

--2012-12-19 05:23:54--  http://www.imiclk.com/mm/common
Connecting to www.imiclk.com|23.56.120.242|:80... connected.
HTTP request sent, awaiting response... 302 Moved Temporarily
Location: http://ak1.abmr.net/is/www.imiclk.com?U=/mm/common&V=3-UZPLtP+L4+ZYkgvT0PaQ93mXh0ghUBjmLePyV5+fDzM6AGuRW%2flT17rPVmX%2fe9fX&I=BC94FE809A3146C&D=mm.imiclk.com&01AD=1& [following]
--2012-12-19 05:23:54--  http://ak1.abmr.net/is/www.imiclk.com?U=/mm/common&V=3-UZPLtP+L4+ZYkgvT0PaQ93mXh0ghUBjmLePyV5+fDzM6AGuRW%2flT17rPVmX%2fe9fX&I=BC94FE809A3146C&D=mm.imiclk.com&01AD=1&
Connecting to ak1.abmr.net|23.61.195.144|:80... connected.
HTTP request sent, awaiting response... 302 Moved Temporarily
Location: http://www.imiclk.com/mm/common?01AD=3dW-2JGh3AibZ5fJkWt30bfbI3lMXU1br-QwyVEOgNslKgG284Cv0Yg&01RI=BC94FE809A3146C&01NA= [following]
--2012-12-19 05:23:54--  http://www.imiclk.com/mm/common?01AD=3dW-2JGh3AibZ5fJkWt30bfbI3lMXU1br-QwyVEOgNslKgG284Cv0Yg&01RI=BC94FE809A3146C&01NA=
Connecting to www.imiclk.com|23.56.120.242|:80... connected.
HTTP request sent, awaiting response... 200 OK
Length: 0 [image/gif]
Saving to: `code/../crawls/curves.com/Privacy-Policy/raw/www.imiclk.com/mm/common'

     0K                                                        0.00 =0s

2012-12-19 05:23:54 (0.00 B/s) - `code/../crawls/curves.com/Privacy-Policy/raw/www.imiclk.com/mm/common' saved [0/0]

FINISHED --2012-12-19 05:23:54--
Total wall clock time: 9.4s
Downloaded: 49 files, 728K in 1.7s (416 KB/s)
Converting code/../crawls/curves.com/Privacy-Policy/raw/3954703.fls.doubleclick.net/activityi;src=3954703;type=sitem309;cat=homep788;ord=' + a + '.html... nothing to do.
Converting code/../crawls/curves.com/Privacy-Policy/raw/www.curves.com/privacy-policy.php.html... 31-26
Converting code/../crawls/curves.com/Privacy-Policy/raw/3903284.fls.doubleclick.net/activityi;src=3903284;type=sitem059;cat=homep294;ord=' + a + '.html... nothing to do.
Converting code/../crawls/curves.com/Privacy-Policy/raw/www.imiclk.com/cgi/r.cgi?m=3&mid=H24yG1uA&ptid=HOME.html... 2-0
Converting code/../crawls/curves.com/Privacy-Policy/raw/3903284.fls.doubleclick.net/activityi;src=3903284;type=sitem059;cat=homep294;ord=1.html... nothing to do.
Converting code/../crawls/curves.com/Privacy-Policy/raw/3954703.fls.doubleclick.net/activityi;src=3954703;type=sitem309;cat=homep788;ord=1.html... nothing to do.
Converting code/../crawls/curves.com/Privacy-Policy/raw/www.curves.com/includes/css/style.css... 32-0
Converting code/../crawls/curves.com/Privacy-Policy/raw/www.curves.com/includes/css/flexslider.css... 0-1
Converted 8 files in 0.003 seconds.
