--2012-10-25 05:19:01--  http://www.couponsinc.com/Corporate/Privacy.aspx
Resolving www.couponsinc.com... 64.75.15.154
Connecting to www.couponsinc.com|64.75.15.154|:80... connected.
HTTP request sent, awaiting response... 200 OK
Length: 328491 (321K) [text/html]
Saving to: `code/../crawls/coupons.com/Privacy-Policy/raw/www.couponsinc.com/Corporate/Privacy.aspx.html'

     0K .......... .......... .......... .......... .......... 15%  147M 0s
    50K .......... .......... .......... .......... .......... 31% 5.67M 0s
   100K .......... .......... .......... .......... .......... 46% 9.10M 0s
   150K .......... .......... .......... .......... .......... 62% 10.1M 0s
   200K .......... .......... .......... .......... .......... 77% 10.9M 0s
   250K .......... .......... .......... .......... .......... 93% 9.87M 0s
   300K .......... ..........                                 100% 8.81M=0.03s

2012-10-25 05:19:02 (10.1 MB/s) - `code/../crawls/coupons.com/Privacy-Policy/raw/www.couponsinc.com/Corporate/Privacy.aspx.html' saved [328491/328491]

--2012-10-25 05:19:02--  http://www.couponsinc.com/corporate/Portals/_default/default.css
Reusing existing connection to www.couponsinc.com:80.
HTTP request sent, awaiting response... 200 OK
Length: 22471 (22K) [text/css]
Saving to: `code/../crawls/coupons.com/Privacy-Policy/raw/www.couponsinc.com/corporate/Portals/_default/default.css'

     0K .......... .......... .                               100% 5.99M=0.004s

2012-10-25 05:19:02 (5.99 MB/s) - `code/../crawls/coupons.com/Privacy-Policy/raw/www.couponsinc.com/corporate/Portals/_default/default.css' saved [22471/22471]

--2012-10-25 05:19:02--  http://www.couponsinc.com/corporate/Portals/0/portal.css
Reusing existing connection to www.couponsinc.com:80.
HTTP request sent, awaiting response... 200 OK
Length: 22834 (22K) [text/css]
Saving to: `code/../crawls/coupons.com/Privacy-Policy/raw/www.couponsinc.com/corporate/Portals/0/portal.css'

     0K .......... .......... ..                              100% 5.93M=0.004s

2012-10-25 05:19:02 (5.93 MB/s) - `code/../crawls/coupons.com/Privacy-Policy/raw/www.couponsinc.com/corporate/Portals/0/portal.css' saved [22834/22834]

--2012-10-25 05:19:02--  http://www.couponsinc.com/corporate/Portals/0/favicon.ico
Reusing existing connection to www.couponsinc.com:80.
HTTP request sent, awaiting response... 200 OK
Length: 1150 (1.1K) [image/x-icon]
Saving to: `code/../crawls/coupons.com/Privacy-Policy/raw/www.couponsinc.com/corporate/Portals/0/favicon.ico'

     0K .                                                     100%  114M=0s

2012-10-25 05:19:02 (114 MB/s) - `code/../crawls/coupons.com/Privacy-Policy/raw/www.couponsinc.com/corporate/Portals/0/favicon.ico' saved [1150/1150]

--2012-10-25 05:19:02--  http://ajax.googleapis.com/ajax/libs/jquery/1/jquery.min.js
Resolving ajax.googleapis.com... 173.194.78.95, 2a00:1450:400c:c00::5f
Connecting to ajax.googleapis.com|173.194.78.95|:80... connected.
HTTP request sent, awaiting response... 200 OK
Length: unspecified [text/javascript]
Saving to: `code/../crawls/coupons.com/Privacy-Policy/raw/ajax.googleapis.com/ajax/libs/jquery/1/jquery.min.js'

     0K .......... .......... .......... .......... ..........  113K
    50K .......... .......... .......... .......... .          7.93M=0.4s

2012-10-25 05:19:02 (204 KB/s) - `code/../crawls/coupons.com/Privacy-Policy/raw/ajax.googleapis.com/ajax/libs/jquery/1/jquery.min.js' saved [93435]

--2012-10-25 05:19:02--  http://www.couponsinc.com/corporate/WebResource.axd?d=AfC_7QokVo3qp3fOp7FFniRgSdLVHpaR91f4kixgtKFmuFAjDm0flNnoBxhvFELz9mmccC2FHfTOace-0&t=634383397299521487
Connecting to www.couponsinc.com|64.75.15.154|:80... connected.
HTTP request sent, awaiting response... 200 OK
Length: 20794 (20K) [application/x-javascript]
Saving to: `code/../crawls/coupons.com/Privacy-Policy/raw/www.couponsinc.com/corporate/WebResource.axd?d=AfC_7QokVo3qp3fOp7FFniRgSdLVHpaR91f4kixgtKFmuFAjDm0flNnoBxhvFELz9mmccC2FHfTOace-0&t=634383397299521487'

     0K .......... ..........                                 100% 4.51M=0.004s

2012-10-25 05:19:02 (4.51 MB/s) - `code/../crawls/coupons.com/Privacy-Policy/raw/www.couponsinc.com/corporate/WebResource.axd?d=AfC_7QokVo3qp3fOp7FFniRgSdLVHpaR91f4kixgtKFmuFAjDm0flNnoBxhvFELz9mmccC2FHfTOace-0&t=634383397299521487' saved [20794/20794]

--2012-10-25 05:19:02--  http://www.couponsinc.com/corporate/js/dnncore.js
Reusing existing connection to www.couponsinc.com:80.
HTTP request sent, awaiting response... 200 OK
Length: 13185 (13K) [application/x-javascript]
Saving to: `code/../crawls/coupons.com/Privacy-Policy/raw/www.couponsinc.com/corporate/js/dnncore.js'

     0K .......... ..                                         100% 3.45M=0.004s

2012-10-25 05:19:02 (3.45 MB/s) - `code/../crawls/coupons.com/Privacy-Policy/raw/www.couponsinc.com/corporate/js/dnncore.js' saved [13185/13185]

The name is too long, 188 chars total.
Trying to shorten...
New name is ScriptResource.axd?d=K19x2SfRicCKmU35fSQT0RgPQzAfm_5uEdRZws83gpyWaWHAwhc8-ljTvFFgcHF7NLCrz-6uuiJ_8luMXhbPNxDuLVSQi4w8t_rTE2wYp3.
The name is too long, 188 chars total.
Trying to shorten...
New name is ScriptResource.axd?d=K19x2SfRicCKmU35fSQT0RgPQzAfm_5uEdRZws83gpyWaWHAwhc8-ljTvFFgcHF7NLCrz-6uuiJ_8luMXhbPNxDuLVSQi4w8t_rTE2wYp3.
--2012-10-25 05:19:02--  http://www.couponsinc.com/corporate/ScriptResource.axd?d=K19x2SfRicCKmU35fSQT0RgPQzAfm_5uEdRZws83gpyWaWHAwhc8-ljTvFFgcHF7NLCrz-6uuiJ_8luMXhbPNxDuLVSQi4w8t_rTE2wYp3JjbiaPCf71LkLmSLiE4PK2ODHTxUoQ_wwP9mSgpX3Fx9iNzdc1&t=74136822
Reusing existing connection to www.couponsinc.com:80.
HTTP request sent, awaiting response... 200 OK
Length: 99445 (97K) [application/x-javascript]
Saving to: `code/../crawls/coupons.com/Privacy-Policy/raw/www.couponsinc.com/corporate/ScriptResource.axd?d=K19x2SfRicCKmU35fSQT0RgPQzAfm_5uEdRZws83gpyWaWHAwhc8-ljTvFFgcHF7NLCrz-6uuiJ_8luMXhbPNxDuLVSQi4w8t_rTE2wYp3'

     0K .......... .......... .......... .......... .......... 51% 6.28M 0s
    50K .......... .......... .......... .......... .......   100% 8.48M=0.01s

2012-10-25 05:19:02 (7.19 MB/s) - `code/../crawls/coupons.com/Privacy-Policy/raw/www.couponsinc.com/corporate/ScriptResource.axd?d=K19x2SfRicCKmU35fSQT0RgPQzAfm_5uEdRZws83gpyWaWHAwhc8-ljTvFFgcHF7NLCrz-6uuiJ_8luMXhbPNxDuLVSQi4w8t_rTE2wYp3' saved [99445/99445]

The name is too long, 199 chars total.
Trying to shorten...
New name is ScriptResource.axd?d=BZ_F2WKclUgV74rYu4WHZta-kY7wlGvzl216fMg-aU6F-VMKX-RSW0x_3Pz-0Fmm35VnMOo-EjEHB70g5kcLLSnRIAr2lrI6PHOYozk9YY.
The name is too long, 199 chars total.
Trying to shorten...
New name is ScriptResource.axd?d=BZ_F2WKclUgV74rYu4WHZta-kY7wlGvzl216fMg-aU6F-VMKX-RSW0x_3Pz-0Fmm35VnMOo-EjEHB70g5kcLLSnRIAr2lrI6PHOYozk9YY.
--2012-10-25 05:19:02--  http://www.couponsinc.com/corporate/ScriptResource.axd?d=BZ_F2WKclUgV74rYu4WHZta-kY7wlGvzl216fMg-aU6F-VMKX-RSW0x_3Pz-0Fmm35VnMOo-EjEHB70g5kcLLSnRIAr2lrI6PHOYozk9YYUJNPxpzmexjAl6qivgnJ7UVEDiks0_kz2TEkoFYiEGV4Sp70DXlveinaCPVw2&t=74136822
Reusing existing connection to www.couponsinc.com:80.
HTTP request sent, awaiting response... 200 OK
Length: 32226 (31K) [application/x-javascript]
Saving to: `code/../crawls/coupons.com/Privacy-Policy/raw/www.couponsinc.com/corporate/ScriptResource.axd?d=BZ_F2WKclUgV74rYu4WHZta-kY7wlGvzl216fMg-aU6F-VMKX-RSW0x_3Pz-0Fmm35VnMOo-EjEHB70g5kcLLSnRIAr2lrI6PHOYozk9YY'

     0K .......... .......... .......... .                    100% 6.71M=0.005s

2012-10-25 05:19:02 (6.71 MB/s) - `code/../crawls/coupons.com/Privacy-Policy/raw/www.couponsinc.com/corporate/ScriptResource.axd?d=BZ_F2WKclUgV74rYu4WHZta-kY7wlGvzl216fMg-aU6F-VMKX-RSW0x_3Pz-0Fmm35VnMOo-EjEHB70g5kcLLSnRIAr2lrI6PHOYozk9YY' saved [32226/32226]

--2012-10-25 05:19:02--  http://www.couponsinc.com/corporate/js/dnn.js
Reusing existing connection to www.couponsinc.com:80.
HTTP request sent, awaiting response... 200 OK
Length: 17773 (17K) [application/x-javascript]
Saving to: `code/../crawls/coupons.com/Privacy-Policy/raw/www.couponsinc.com/corporate/js/dnn.js'

     0K .......... .......                                    100% 5.00M=0.003s

2012-10-25 05:19:02 (5.00 MB/s) - `code/../crawls/coupons.com/Privacy-Policy/raw/www.couponsinc.com/corporate/js/dnn.js' saved [17773/17773]

--2012-10-25 05:19:02--  http://www.couponsinc.com/corporate/js/dnn.xml.js
Reusing existing connection to www.couponsinc.com:80.
HTTP request sent, awaiting response... 200 OK
Length: 4538 (4.4K) [application/x-javascript]
Saving to: `code/../crawls/coupons.com/Privacy-Policy/raw/www.couponsinc.com/corporate/js/dnn.xml.js'

     0K ....                                                  100% 23.5M=0s

2012-10-25 05:19:02 (23.5 MB/s) - `code/../crawls/coupons.com/Privacy-Policy/raw/www.couponsinc.com/corporate/js/dnn.xml.js' saved [4538/4538]

--2012-10-25 05:19:02--  http://www.couponsinc.com/corporate/js/dnn.xmlhttp.js
Reusing existing connection to www.couponsinc.com:80.
HTTP request sent, awaiting response... 200 OK
Length: 5585 (5.5K) [application/x-javascript]
Saving to: `code/../crawls/coupons.com/Privacy-Policy/raw/www.couponsinc.com/corporate/js/dnn.xmlhttp.js'

     0K .....                                                 100% 18.8M=0s

2012-10-25 05:19:02 (18.8 MB/s) - `code/../crawls/coupons.com/Privacy-Policy/raw/www.couponsinc.com/corporate/js/dnn.xmlhttp.js' saved [5585/5585]

--2012-10-25 05:19:02--  http://www.couponsinc.com/corporate/js/dnn.dom.positioning.js
Reusing existing connection to www.couponsinc.com:80.
HTTP request sent, awaiting response... 200 OK
Length: 8118 (7.9K) [application/x-javascript]
Saving to: `code/../crawls/coupons.com/Privacy-Policy/raw/www.couponsinc.com/corporate/js/dnn.dom.positioning.js'

     0K .......                                               100% 22.1M=0s

2012-10-25 05:19:02 (22.1 MB/s) - `code/../crawls/coupons.com/Privacy-Policy/raw/www.couponsinc.com/corporate/js/dnn.dom.positioning.js' saved [8118/8118]

--2012-10-25 05:19:02--  http://www.couponsinc.com/corporate/js/dnn.controls.js
Reusing existing connection to www.couponsinc.com:80.
HTTP request sent, awaiting response... 200 OK
Length: 9986 (9.8K) [application/x-javascript]
Saving to: `code/../crawls/coupons.com/Privacy-Policy/raw/www.couponsinc.com/corporate/js/dnn.controls.js'

     0K .........                                             100% 3.48M=0.003s

2012-10-25 05:19:02 (3.48 MB/s) - `code/../crawls/coupons.com/Privacy-Policy/raw/www.couponsinc.com/corporate/js/dnn.controls.js' saved [9986/9986]

--2012-10-25 05:19:02--  http://www.couponsinc.com/corporate/js/dnn.controls.dnnmenu.js
Reusing existing connection to www.couponsinc.com:80.
HTTP request sent, awaiting response... 200 OK
Length: 22837 (22K) [application/x-javascript]
Saving to: `code/../crawls/coupons.com/Privacy-Policy/raw/www.couponsinc.com/corporate/js/dnn.controls.dnnmenu.js'

     0K .......... .......... ..                              100% 5.75M=0.004s

2012-10-25 05:19:02 (5.75 MB/s) - `code/../crawls/coupons.com/Privacy-Policy/raw/www.couponsinc.com/corporate/js/dnn.controls.dnnmenu.js' saved [22837/22837]

--2012-10-25 05:19:02--  http://download1.coupons.com/7/19/7125/4057/www.couponsinc.com/corporate/Portals/0/CouponsIncLogo_old.png
Resolving download1.coupons.com... 208.93.137.102
Connecting to download1.coupons.com|208.93.137.102|:80... connected.
HTTP request sent, awaiting response... 200 OK
Length: 8038 (7.8K) [image/png]
Saving to: `code/../crawls/coupons.com/Privacy-Policy/raw/download1.coupons.com/7/19/7125/4057/www.couponsinc.com/corporate/Portals/0/CouponsIncLogo_old.png'

     0K .......                                               100% 58.1M=0s

2012-10-25 05:19:03 (58.1 MB/s) - `code/../crawls/coupons.com/Privacy-Policy/raw/download1.coupons.com/7/19/7125/4057/www.couponsinc.com/corporate/Portals/0/CouponsIncLogo_old.png' saved [8038/8038]

--2012-10-25 05:19:03--  http://download1.coupons.com/7/19/7125/4057/www.couponsinc.com/corporate/Portals/0/Banners/banner-default.png
Reusing existing connection to download1.coupons.com:80.
HTTP request sent, awaiting response... 200 OK
Length: 88434 (86K) [image/png]
Saving to: `code/../crawls/coupons.com/Privacy-Policy/raw/download1.coupons.com/7/19/7125/4057/www.couponsinc.com/corporate/Portals/0/Banners/banner-default.png'

     0K .......... .......... .......... .......... .......... 57% 7.59M 0s
    50K .......... .......... .......... ......               100% 9.21M=0.01s

2012-10-25 05:19:03 (8.19 MB/s) - `code/../crawls/coupons.com/Privacy-Policy/raw/download1.coupons.com/7/19/7125/4057/www.couponsinc.com/corporate/Portals/0/Banners/banner-default.png' saved [88434/88434]

--2012-10-25 05:19:03--  http://download1.coupons.com/7/19/7125/4057/www.couponsinc.com/corporate/Portals/0/2010.03.24/truste_seal_ctv.gif
Reusing existing connection to download1.coupons.com:80.
HTTP request sent, awaiting response... 200 OK
Length: 3380 (3.3K) [image/gif]
Saving to: `code/../crawls/coupons.com/Privacy-Policy/raw/download1.coupons.com/7/19/7125/4057/www.couponsinc.com/corporate/Portals/0/2010.03.24/truste_seal_ctv.gif'

     0K ...                                                   100%  391M=0s

2012-10-25 05:19:03 (391 MB/s) - `code/../crawls/coupons.com/Privacy-Policy/raw/download1.coupons.com/7/19/7125/4057/www.couponsinc.com/corporate/Portals/0/2010.03.24/truste_seal_ctv.gif' saved [3380/3380]

--2012-10-25 05:19:03--  http://download1.coupons.com/7/19/7125/4057/www.couponsinc.com/corporate/Portals/0/facebook.png
Reusing existing connection to download1.coupons.com:80.
HTTP request sent, awaiting response... 200 OK
Length: 3459 (3.4K) [image/png]
Saving to: `code/../crawls/coupons.com/Privacy-Policy/raw/download1.coupons.com/7/19/7125/4057/www.couponsinc.com/corporate/Portals/0/facebook.png'

     0K ...                                                   100% 53.5M=0s

2012-10-25 05:19:03 (53.5 MB/s) - `code/../crawls/coupons.com/Privacy-Policy/raw/download1.coupons.com/7/19/7125/4057/www.couponsinc.com/corporate/Portals/0/facebook.png' saved [3459/3459]

--2012-10-25 05:19:03--  http://download1.coupons.com/7/19/7125/4057/www.couponsinc.com/corporate/Portals/0/twitter.png
Reusing existing connection to download1.coupons.com:80.
HTTP request sent, awaiting response... 200 OK
Length: 3537 (3.5K) [image/png]
Saving to: `code/../crawls/coupons.com/Privacy-Policy/raw/download1.coupons.com/7/19/7125/4057/www.couponsinc.com/corporate/Portals/0/twitter.png'

     0K ...                                                   100% 49.1M=0s

2012-10-25 05:19:03 (49.1 MB/s) - `code/../crawls/coupons.com/Privacy-Policy/raw/download1.coupons.com/7/19/7125/4057/www.couponsinc.com/corporate/Portals/0/twitter.png' saved [3537/3537]

--2012-10-25 05:19:03--  http://www.couponsinc.com/corporate/Resources/Shared/scripts/initWidgets.js
Connecting to www.couponsinc.com|64.75.15.154|:80... connected.
HTTP request sent, awaiting response... 200 OK
Length: 1233 (1.2K) [application/x-javascript]
Saving to: `code/../crawls/coupons.com/Privacy-Policy/raw/www.couponsinc.com/corporate/Resources/Shared/scripts/initWidgets.js'

     0K .                                                     100%  161M=0s

2012-10-25 05:19:03 (161 MB/s) - `code/../crawls/coupons.com/Privacy-Policy/raw/www.couponsinc.com/corporate/Resources/Shared/scripts/initWidgets.js' saved [1233/1233]

--2012-10-25 05:19:03--  http://www.couponsinc.com/corporate/images/eip_toolbar.gif
Reusing existing connection to www.couponsinc.com:80.
HTTP request sent, awaiting response... 200 OK
Length: 1491 (1.5K) [image/gif]
Saving to: `code/../crawls/coupons.com/Privacy-Policy/raw/www.couponsinc.com/corporate/images/eip_toolbar.gif'

     0K .                                                     100%  180M=0s

2012-10-25 05:19:03 (180 MB/s) - `code/../crawls/coupons.com/Privacy-Policy/raw/www.couponsinc.com/corporate/images/eip_toolbar.gif' saved [1491/1491]

--2012-10-25 05:19:03--  http://www.couponsinc.com/corporate/images/eip_edit.gif
Reusing existing connection to www.couponsinc.com:80.
HTTP request sent, awaiting response... 200 OK
Length: 204 [image/gif]
Saving to: `code/../crawls/coupons.com/Privacy-Policy/raw/www.couponsinc.com/corporate/images/eip_edit.gif'

     0K                                                       100% 30.9M=0s

2012-10-25 05:19:03 (30.9 MB/s) - `code/../crawls/coupons.com/Privacy-Policy/raw/www.couponsinc.com/corporate/images/eip_edit.gif' saved [204/204]

--2012-10-25 05:19:03--  http://www.couponsinc.com/corporate/images/eip_save.gif
Reusing existing connection to www.couponsinc.com:80.
HTTP request sent, awaiting response... 200 OK
Length: 997 [image/gif]
Saving to: `code/../crawls/coupons.com/Privacy-Policy/raw/www.couponsinc.com/corporate/images/eip_save.gif'

     0K                                                       100% 13.9M=0s

2012-10-25 05:19:03 (13.9 MB/s) - `code/../crawls/coupons.com/Privacy-Policy/raw/www.couponsinc.com/corporate/images/eip_save.gif' saved [997/997]

--2012-10-25 05:19:03--  http://www.couponsinc.com/corporate/images/tablogin_gray.gif
Reusing existing connection to www.couponsinc.com:80.
HTTP request sent, awaiting response... 200 OK
Length: 900 [image/gif]
Saving to: `code/../crawls/coupons.com/Privacy-Policy/raw/www.couponsinc.com/corporate/images/tablogin_gray.gif'

     0K                                                       100%  148M=0s

2012-10-25 05:19:03 (148 MB/s) - `code/../crawls/coupons.com/Privacy-Policy/raw/www.couponsinc.com/corporate/images/tablogin_gray.gif' saved [900/900]

--2012-10-25 05:19:03--  http://download1.coupons.com/7/19/7125/4057/www.couponsinc.com/corporate/Portals/0/Skin/coupons-bg.png
Connecting to download1.coupons.com|208.93.137.102|:80... connected.
HTTP request sent, awaiting response... 200 OK
Length: 4889 (4.8K) [image/png]
Saving to: `code/../crawls/coupons.com/Privacy-Policy/raw/download1.coupons.com/7/19/7125/4057/www.couponsinc.com/corporate/Portals/0/Skin/coupons-bg.png'

     0K ....                                                  100% 80.7M=0s

2012-10-25 05:19:03 (80.7 MB/s) - `code/../crawls/coupons.com/Privacy-Policy/raw/download1.coupons.com/7/19/7125/4057/www.couponsinc.com/corporate/Portals/0/Skin/coupons-bg.png' saved [4889/4889]

--2012-10-25 05:19:03--  http://download1.coupons.com/7/19/7125/4057/www.couponsinc.com/corporate/Portals/0/Skin/cpanel_center.png
Reusing existing connection to download1.coupons.com:80.
HTTP request sent, awaiting response... 200 OK
Length: 1056 (1.0K) [image/png]
Saving to: `code/../crawls/coupons.com/Privacy-Policy/raw/download1.coupons.com/7/19/7125/4057/www.couponsinc.com/corporate/Portals/0/Skin/cpanel_center.png'

     0K .                                                     100%  141M=0s

2012-10-25 05:19:03 (141 MB/s) - `code/../crawls/coupons.com/Privacy-Policy/raw/download1.coupons.com/7/19/7125/4057/www.couponsinc.com/corporate/Portals/0/Skin/cpanel_center.png' saved [1056/1056]

--2012-10-25 05:19:03--  http://download1.coupons.com/7/19/7125/4057/www.couponsinc.com/corporate/Portals/0/Skin/cpanel_left.png
Reusing existing connection to download1.coupons.com:80.
HTTP request sent, awaiting response... 200 OK
Length: 1561 (1.5K) [image/png]
Saving to: `code/../crawls/coupons.com/Privacy-Policy/raw/download1.coupons.com/7/19/7125/4057/www.couponsinc.com/corporate/Portals/0/Skin/cpanel_left.png'

     0K .                                                     100%  205M=0s

2012-10-25 05:19:03 (205 MB/s) - `code/../crawls/coupons.com/Privacy-Policy/raw/download1.coupons.com/7/19/7125/4057/www.couponsinc.com/corporate/Portals/0/Skin/cpanel_left.png' saved [1561/1561]

--2012-10-25 05:19:03--  http://download1.coupons.com/7/19/7125/4057/www.couponsinc.com/corporate/Portals/0/Skin/cpanel_right.png
Reusing existing connection to download1.coupons.com:80.
HTTP request sent, awaiting response... 200 OK
Length: 1772 (1.7K) [image/png]
Saving to: `code/../crawls/coupons.com/Privacy-Policy/raw/download1.coupons.com/7/19/7125/4057/www.couponsinc.com/corporate/Portals/0/Skin/cpanel_right.png'

     0K .                                                     100%  236M=0s

2012-10-25 05:19:03 (236 MB/s) - `code/../crawls/coupons.com/Privacy-Policy/raw/download1.coupons.com/7/19/7125/4057/www.couponsinc.com/corporate/Portals/0/Skin/cpanel_right.png' saved [1772/1772]

--2012-10-25 05:19:03--  http://download1.coupons.com/7/19/7125/4057/www.couponsinc.com/corporate/Portals/0/Skin/left_bg.png
Reusing existing connection to download1.coupons.com:80.
HTTP request sent, awaiting response... 200 OK
Length: 152 [image/png]
Saving to: `code/../crawls/coupons.com/Privacy-Policy/raw/download1.coupons.com/7/19/7125/4057/www.couponsinc.com/corporate/Portals/0/Skin/left_bg.png'

     0K                                                       100% 26.9M=0s

2012-10-25 05:19:03 (26.9 MB/s) - `code/../crawls/coupons.com/Privacy-Policy/raw/download1.coupons.com/7/19/7125/4057/www.couponsinc.com/corporate/Portals/0/Skin/left_bg.png' saved [152/152]

--2012-10-25 05:19:03--  http://download1.coupons.com/7/19/7125/4057/www.couponsinc.com/corporate/Portals/0/Skin/right_bg.png
Reusing existing connection to download1.coupons.com:80.
HTTP request sent, awaiting response... 200 OK
Length: 151 [image/png]
Saving to: `code/../crawls/coupons.com/Privacy-Policy/raw/download1.coupons.com/7/19/7125/4057/www.couponsinc.com/corporate/Portals/0/Skin/right_bg.png'

     0K                                                       100% 26.9M=0s

2012-10-25 05:19:03 (26.9 MB/s) - `code/../crawls/coupons.com/Privacy-Policy/raw/download1.coupons.com/7/19/7125/4057/www.couponsinc.com/corporate/Portals/0/Skin/right_bg.png' saved [151/151]

--2012-10-25 05:19:03--  http://download1.coupons.com/7/19/7125/4057/www.couponsinc.com/corporate/Portals/0/Skin/bot_left.png
Reusing existing connection to download1.coupons.com:80.
HTTP request sent, awaiting response... 200 OK
Length: 319 [image/png]
Saving to: `code/../crawls/coupons.com/Privacy-Policy/raw/download1.coupons.com/7/19/7125/4057/www.couponsinc.com/corporate/Portals/0/Skin/bot_left.png'

     0K                                                       100% 54.3M=0s

2012-10-25 05:19:03 (54.3 MB/s) - `code/../crawls/coupons.com/Privacy-Policy/raw/download1.coupons.com/7/19/7125/4057/www.couponsinc.com/corporate/Portals/0/Skin/bot_left.png' saved [319/319]

--2012-10-25 05:19:03--  http://download1.coupons.com/7/19/7125/4057/www.couponsinc.com/corporate/Portals/0/Skin/bot_right.png
Reusing existing connection to download1.coupons.com:80.
HTTP request sent, awaiting response... 200 OK
Length: 274 [image/png]
Saving to: `code/../crawls/coupons.com/Privacy-Policy/raw/download1.coupons.com/7/19/7125/4057/www.couponsinc.com/corporate/Portals/0/Skin/bot_right.png'

     0K                                                       100% 49.5M=0s

2012-10-25 05:19:03 (49.5 MB/s) - `code/../crawls/coupons.com/Privacy-Policy/raw/download1.coupons.com/7/19/7125/4057/www.couponsinc.com/corporate/Portals/0/Skin/bot_right.png' saved [274/274]

--2012-10-25 05:19:03--  http://download1.coupons.com/7/19/7125/4057/www.couponsinc.com/corporate/Portals/0/Skin/bot_bg.png
Reusing existing connection to download1.coupons.com:80.
HTTP request sent, awaiting response... 200 OK
Length: 2833 (2.8K) [image/png]
Saving to: `code/../crawls/coupons.com/Privacy-Policy/raw/download1.coupons.com/7/19/7125/4057/www.couponsinc.com/corporate/Portals/0/Skin/bot_bg.png'

     0K ..                                                    100% 41.7M=0s

2012-10-25 05:19:03 (41.7 MB/s) - `code/../crawls/coupons.com/Privacy-Policy/raw/download1.coupons.com/7/19/7125/4057/www.couponsinc.com/corporate/Portals/0/Skin/bot_bg.png' saved [2833/2833]

--2012-10-25 05:19:03--  http://download1.coupons.com/7/19/7125/4057/www.couponsinc.com/corporate/Portals/0/Skin/content_bg.png
Reusing existing connection to download1.coupons.com:80.
HTTP request sent, awaiting response... 200 OK
Length: 2852 (2.8K) [image/png]
Saving to: `code/../crawls/coupons.com/Privacy-Policy/raw/download1.coupons.com/7/19/7125/4057/www.couponsinc.com/corporate/Portals/0/Skin/content_bg.png'

     0K ..                                                    100% 50.7M=0s

2012-10-25 05:19:03 (50.7 MB/s) - `code/../crawls/coupons.com/Privacy-Policy/raw/download1.coupons.com/7/19/7125/4057/www.couponsinc.com/corporate/Portals/0/Skin/content_bg.png' saved [2852/2852]

--2012-10-25 05:19:03--  http://download1.coupons.com/7/19/7125/4057/www.couponsinc.com/corporate/Portals/0/Skin/arrow-right.png
Reusing existing connection to download1.coupons.com:80.
HTTP request sent, awaiting response... 200 OK
Length: 169 [image/png]
Saving to: `code/../crawls/coupons.com/Privacy-Policy/raw/download1.coupons.com/7/19/7125/4057/www.couponsinc.com/corporate/Portals/0/Skin/arrow-right.png'

     0K                                                       100% 30.9M=0s

2012-10-25 05:19:03 (30.9 MB/s) - `code/../crawls/coupons.com/Privacy-Policy/raw/download1.coupons.com/7/19/7125/4057/www.couponsinc.com/corporate/Portals/0/Skin/arrow-right.png' saved [169/169]

--2012-10-25 05:19:03--  http://download1.coupons.com/7/19/7125/4057/www.couponsinc.com/corporate/Portals/0/Skin/arrow-down.png
Reusing existing connection to download1.coupons.com:80.
HTTP request sent, awaiting response... 200 OK
Length: 164 [image/png]
Saving to: `code/../crawls/coupons.com/Privacy-Policy/raw/download1.coupons.com/7/19/7125/4057/www.couponsinc.com/corporate/Portals/0/Skin/arrow-down.png'

     0K                                                       100% 29.6M=0s

2012-10-25 05:19:03 (29.6 MB/s) - `code/../crawls/coupons.com/Privacy-Policy/raw/download1.coupons.com/7/19/7125/4057/www.couponsinc.com/corporate/Portals/0/Skin/arrow-down.png' saved [164/164]

--2012-10-25 05:19:03--  http://download1.coupons.com/7/19/7125/4057/www.couponsinc.com/corporate/Portals/0/Skin/menu_bg.png
Reusing existing connection to download1.coupons.com:80.
HTTP request sent, awaiting response... 200 OK
Length: 2927 (2.9K) [image/png]
Saving to: `code/../crawls/coupons.com/Privacy-Policy/raw/download1.coupons.com/7/19/7125/4057/www.couponsinc.com/corporate/Portals/0/Skin/menu_bg.png'

     0K ..                                                    100% 40.8M=0s

2012-10-25 05:19:03 (40.8 MB/s) - `code/../crawls/coupons.com/Privacy-Policy/raw/download1.coupons.com/7/19/7125/4057/www.couponsinc.com/corporate/Portals/0/Skin/menu_bg.png' saved [2927/2927]

--2012-10-25 05:19:03--  http://download1.coupons.com/7/19/7125/4057/www.couponsinc.com/corporate/Portals/0/Skin/submenu_hover.png
Reusing existing connection to download1.coupons.com:80.
HTTP request sent, awaiting response... 200 OK
Length: 221 [image/png]
Saving to: `code/../crawls/coupons.com/Privacy-Policy/raw/download1.coupons.com/7/19/7125/4057/www.couponsinc.com/corporate/Portals/0/Skin/submenu_hover.png'

     0K                                                       100% 37.4M=0s

2012-10-25 05:19:03 (37.4 MB/s) - `code/../crawls/coupons.com/Privacy-Policy/raw/download1.coupons.com/7/19/7125/4057/www.couponsinc.com/corporate/Portals/0/Skin/submenu_hover.png' saved [221/221]

--2012-10-25 05:19:03--  http://download1.coupons.com/7/19/7125/4057/www.couponsinc.com/corporate/Portals/0/Skin/learnmore_bg.png
Reusing existing connection to download1.coupons.com:80.
HTTP request sent, awaiting response... 200 OK
Length: 224 [image/png]
Saving to: `code/../crawls/coupons.com/Privacy-Policy/raw/download1.coupons.com/7/19/7125/4057/www.couponsinc.com/corporate/Portals/0/Skin/learnmore_bg.png'

     0K                                                       100% 39.8M=0s

2012-10-25 05:19:03 (39.8 MB/s) - `code/../crawls/coupons.com/Privacy-Policy/raw/download1.coupons.com/7/19/7125/4057/www.couponsinc.com/corporate/Portals/0/Skin/learnmore_bg.png' saved [224/224]

--2012-10-25 05:19:03--  http://download1.coupons.com/7/19/7125/4057/www.couponsinc.com/corporate/Portals/0/Skin/WomanSmiling.png
Reusing existing connection to download1.coupons.com:80.
HTTP request sent, awaiting response... 200 OK
Length: 17163 (17K) [image/png]
Saving to: `code/../crawls/coupons.com/Privacy-Policy/raw/download1.coupons.com/7/19/7125/4057/www.couponsinc.com/corporate/Portals/0/Skin/WomanSmiling.png'

     0K .......... ......                                     100% 13.1M=0.001s

2012-10-25 05:19:03 (13.1 MB/s) - `code/../crawls/coupons.com/Privacy-Policy/raw/download1.coupons.com/7/19/7125/4057/www.couponsinc.com/corporate/Portals/0/Skin/WomanSmiling.png' saved [17163/17163]

--2012-10-25 05:19:03--  http://download1.coupons.com/7/19/7125/4057/www.couponsinc.com/corporate/Portals/0/circle-hover.png
Reusing existing connection to download1.coupons.com:80.
HTTP request sent, awaiting response... 200 OK
Length: 2973 (2.9K) [image/png]
Saving to: `code/../crawls/coupons.com/Privacy-Policy/raw/download1.coupons.com/7/19/7125/4057/www.couponsinc.com/corporate/Portals/0/circle-hover.png'

     0K ..                                                    100% 45.1M=0s

2012-10-25 05:19:03 (45.1 MB/s) - `code/../crawls/coupons.com/Privacy-Policy/raw/download1.coupons.com/7/19/7125/4057/www.couponsinc.com/corporate/Portals/0/circle-hover.png' saved [2973/2973]

--2012-10-25 05:19:03--  http://download1.coupons.com/7/19/7125/4057/www.couponsinc.com/corporate/Portals/0/circle-normal.png
Reusing existing connection to download1.coupons.com:80.
HTTP request sent, awaiting response... 200 OK
Length: 211 [image/png]
Saving to: `code/../crawls/coupons.com/Privacy-Policy/raw/download1.coupons.com/7/19/7125/4057/www.couponsinc.com/corporate/Portals/0/circle-normal.png'

     0K                                                       100% 37.8M=0s

2012-10-25 05:19:03 (37.8 MB/s) - `code/../crawls/coupons.com/Privacy-Policy/raw/download1.coupons.com/7/19/7125/4057/www.couponsinc.com/corporate/Portals/0/circle-normal.png' saved [211/211]

--2012-10-25 05:19:03--  http://download1.coupons.com/7/19/7125/4057/www.couponsinc.com/corporate/Portals/0/prev-normal.png
Reusing existing connection to download1.coupons.com:80.
HTTP request sent, awaiting response... 200 OK
Length: 375 [image/png]
Saving to: `code/../crawls/coupons.com/Privacy-Policy/raw/download1.coupons.com/7/19/7125/4057/www.couponsinc.com/corporate/Portals/0/prev-normal.png'

     0K                                                       100% 67.0M=0s

2012-10-25 05:19:03 (67.0 MB/s) - `code/../crawls/coupons.com/Privacy-Policy/raw/download1.coupons.com/7/19/7125/4057/www.couponsinc.com/corporate/Portals/0/prev-normal.png' saved [375/375]

--2012-10-25 05:19:03--  http://download1.coupons.com/7/19/7125/4057/www.couponsinc.com/corporate/Portals/0/prev-hover.png
Reusing existing connection to download1.coupons.com:80.
HTTP request sent, awaiting response... 200 OK
Length: 403 [image/png]
Saving to: `code/../crawls/coupons.com/Privacy-Policy/raw/download1.coupons.com/7/19/7125/4057/www.couponsinc.com/corporate/Portals/0/prev-hover.png'

     0K                                                       100% 74.5M=0s

2012-10-25 05:19:03 (74.5 MB/s) - `code/../crawls/coupons.com/Privacy-Policy/raw/download1.coupons.com/7/19/7125/4057/www.couponsinc.com/corporate/Portals/0/prev-hover.png' saved [403/403]

--2012-10-25 05:19:03--  http://download1.coupons.com/7/19/7125/4057/www.couponsinc.com/corporate/Portals/0/next-normal.png
Reusing existing connection to download1.coupons.com:80.
HTTP request sent, awaiting response... 200 OK
Length: 392 [image/png]
Saving to: `code/../crawls/coupons.com/Privacy-Policy/raw/download1.coupons.com/7/19/7125/4057/www.couponsinc.com/corporate/Portals/0/next-normal.png'

     0K                                                       100% 71.2M=0s

2012-10-25 05:19:03 (71.2 MB/s) - `code/../crawls/coupons.com/Privacy-Policy/raw/download1.coupons.com/7/19/7125/4057/www.couponsinc.com/corporate/Portals/0/next-normal.png' saved [392/392]

--2012-10-25 05:19:03--  http://download1.coupons.com/7/19/7125/4057/www.couponsinc.com/corporate/Portals/0/next-hover.png
Reusing existing connection to download1.coupons.com:80.
HTTP request sent, awaiting response... 200 OK
Length: 387 [image/png]
Saving to: `code/../crawls/coupons.com/Privacy-Policy/raw/download1.coupons.com/7/19/7125/4057/www.couponsinc.com/corporate/Portals/0/next-hover.png'

     0K                                                       100% 66.5M=0s

2012-10-25 05:19:03 (66.5 MB/s) - `code/../crawls/coupons.com/Privacy-Policy/raw/download1.coupons.com/7/19/7125/4057/www.couponsinc.com/corporate/Portals/0/next-hover.png' saved [387/387]

--2012-10-25 05:19:03--  http://download1.coupons.com/7/19/7125/4057/www.couponsinc.com/corporate/Portals/0/icon_pdf.gif
Reusing existing connection to download1.coupons.com:80.
HTTP request sent, awaiting response... 200 OK
Length: 305 [image/gif]
Saving to: `code/../crawls/coupons.com/Privacy-Policy/raw/download1.coupons.com/7/19/7125/4057/www.couponsinc.com/corporate/Portals/0/icon_pdf.gif'

     0K                                                       100% 53.7M=0s

2012-10-25 05:19:03 (53.7 MB/s) - `code/../crawls/coupons.com/Privacy-Policy/raw/download1.coupons.com/7/19/7125/4057/www.couponsinc.com/corporate/Portals/0/icon_pdf.gif' saved [305/305]

FINISHED --2012-10-25 05:19:03--
Total wall clock time: 1.5s
Downloaded: 48 files, 836K in 0.5s (1.53 MB/s)
Converting code/../crawls/coupons.com/Privacy-Policy/raw/www.couponsinc.com/Corporate/Privacy.aspx.html... 33-4
Converting code/../crawls/coupons.com/Privacy-Policy/raw/www.couponsinc.com/corporate/Portals/_default/default.css... 6-0
Converting code/../crawls/coupons.com/Privacy-Policy/raw/www.couponsinc.com/corporate/Portals/0/portal.css... 26-0
Converted 3 files in 0.005 seconds.
