--2013-01-16 05:16:45--  http://www.pandora.com/privacy
Resolving www.pandora.com... 208.85.40.50, 208.85.40.20
Connecting to www.pandora.com|208.85.40.50|:80... connected.
HTTP request sent, awaiting response... 200 OK
Length: 22734 (22K) [text/html]
Saving to: `code/../crawls/pandora.com/Privacy-Policy/raw/www.pandora.com/privacy.html'

     0K .......... .......... ..                              100% 4.31M=0.005s

2013-01-16 05:16:45 (4.31 MB/s) - `code/../crawls/pandora.com/Privacy-Policy/raw/www.pandora.com/privacy.html' saved [22734/22734]

--2013-01-16 05:16:45--  http://www.pandora.com/static/companypages/css/backstage.css
Reusing existing connection to www.pandora.com:80.
HTTP request sent, awaiting response... 200 OK
Length: 5331 (5.2K) [text/css]
Saving to: `code/../crawls/pandora.com/Privacy-Policy/raw/www.pandora.com/static/companypages/css/backstage.css'

     0K .....                                                 100% 11.6M=0s

2013-01-16 05:16:45 (11.6 MB/s) - `code/../crawls/pandora.com/Privacy-Policy/raw/www.pandora.com/static/companypages/css/backstage.css' saved [5331/5331]

--2013-01-16 05:16:45--  http://www.pandora.com/static/companypages/img/logo.png
Reusing existing connection to www.pandora.com:80.
HTTP request sent, awaiting response... 200 OK
Length: 5864 (5.7K) [image/png]
Saving to: `code/../crawls/pandora.com/Privacy-Policy/raw/www.pandora.com/static/companypages/img/logo.png'

     0K .....                                                 100% 21.3M=0s

2013-01-16 05:16:45 (21.3 MB/s) - `code/../crawls/pandora.com/Privacy-Policy/raw/www.pandora.com/static/companypages/img/logo.png' saved [5864/5864]

--2013-01-16 05:16:45--  http://www.pandora.com/static/companypages/img/splash.jpg
Reusing existing connection to www.pandora.com:80.
HTTP request sent, awaiting response... 200 OK
Length: 84908 (83K) [image/jpeg]
Saving to: `code/../crawls/pandora.com/Privacy-Policy/raw/www.pandora.com/static/companypages/img/splash.jpg'

     0K .......... .......... .......... .......... .......... 60% 11.0M 0s
    50K .......... .......... .......... ..                   100% 4.86M=0.01s

2013-01-16 05:16:45 (7.33 MB/s) - `code/../crawls/pandora.com/Privacy-Policy/raw/www.pandora.com/static/companypages/img/splash.jpg' saved [84908/84908]

--2013-01-16 05:16:45--  http://www.pandora.com/static/companypages/img/topbar_bg.jpg
Reusing existing connection to www.pandora.com:80.
HTTP request sent, awaiting response... 200 OK
Length: 1150 (1.1K) [image/jpeg]
Saving to: `code/../crawls/pandora.com/Privacy-Policy/raw/www.pandora.com/static/companypages/img/topbar_bg.jpg'

     0K .                                                     100%  162M=0s

2013-01-16 05:16:45 (162 MB/s) - `code/../crawls/pandora.com/Privacy-Policy/raw/www.pandora.com/static/companypages/img/topbar_bg.jpg' saved [1150/1150]

FINISHED --2013-01-16 05:16:45--
Total wall clock time: 0.06s
Downloaded: 5 files, 117K in 0.02s (6.82 MB/s)
Converting code/../crawls/pandora.com/Privacy-Policy/raw/www.pandora.com/privacy.html... 3-0
Converting code/../crawls/pandora.com/Privacy-Policy/raw/www.pandora.com/static/companypages/css/backstage.css... 2-0
Converted 2 files in 0.001 seconds.
