--2012-08-02 13:34:20--  http://www.liveleak.com/privacy
Resolving www.liveleak.com... 208.71.130.253
Connecting to www.liveleak.com|208.71.130.253|:80... connected.
HTTP request sent, awaiting response... 200 OK
Length: unspecified [text/html]
Saving to: `code/../crawls/liveleak.com/Privacy-Policy/raw/www.liveleak.com/privacy.html'

     0K .......... .......... .                                 141K=0.2s

2012-08-02 13:34:20 (141 KB/s) - `code/../crawls/liveleak.com/Privacy-Policy/raw/www.liveleak.com/privacy.html' saved [22515]

--2012-08-02 13:34:20--  http://edge.liveleak.com/80281E/u/u/ll2_css/reset.css
Resolving edge.liveleak.com... 93.184.215.223
Connecting to edge.liveleak.com|93.184.215.223|:80... connected.
HTTP request sent, awaiting response... 200 OK
Length: 1027 (1.0K) [text/css]
Saving to: `code/../crawls/liveleak.com/Privacy-Policy/raw/edge.liveleak.com/80281E/u/u/ll2_css/reset.css'

     0K .                                                     100%  154M=0s

2012-08-02 13:34:21 (154 MB/s) - `code/../crawls/liveleak.com/Privacy-Policy/raw/edge.liveleak.com/80281E/u/u/ll2_css/reset.css' saved [1027/1027]

--2012-08-02 13:34:21--  http://www.liveleak.com/css/default.css
Connecting to www.liveleak.com|208.71.130.253|:80... connected.
HTTP request sent, awaiting response... 200 OK
Length: 20455 (20K) [text/css]
Saving to: `code/../crawls/liveleak.com/Privacy-Policy/raw/www.liveleak.com/css/default.css'

     0K .......... .........                                  100%  128K=0.2s

2012-08-02 13:34:21 (128 KB/s) - `code/../crawls/liveleak.com/Privacy-Policy/raw/www.liveleak.com/css/default.css' saved [20455/20455]

--2012-08-02 13:34:21--  http://edge.liveleak.com/80281E/u/u/ll2_css/jquery_ui/jquery-ui-1.8.6.custom.css
Connecting to edge.liveleak.com|93.184.215.223|:80... connected.
HTTP request sent, awaiting response... 200 OK
Length: 33954 (33K) [text/css]
Saving to: `code/../crawls/liveleak.com/Privacy-Policy/raw/edge.liveleak.com/80281E/u/u/ll2_css/jquery_ui/jquery-ui-1.8.6.custom.css'

     0K .......... .......... .......... ...                  100% 5.27M=0.006s

2012-08-02 13:34:21 (5.27 MB/s) - `code/../crawls/liveleak.com/Privacy-Policy/raw/edge.liveleak.com/80281E/u/u/ll2_css/jquery_ui/jquery-ui-1.8.6.custom.css' saved [33954/33954]

--2012-08-02 13:34:21--  http://ajax.googleapis.com/ajax/libs/jquery/1.4.2/jquery.min.js
Resolving ajax.googleapis.com... 173.194.75.95, 2001:4860:800a::5f
Connecting to ajax.googleapis.com|173.194.75.95|:80... connected.
HTTP request sent, awaiting response... 200 OK
Length: unspecified [text/javascript]
Saving to: `code/../crawls/liveleak.com/Privacy-Policy/raw/ajax.googleapis.com/ajax/libs/jquery/1.4.2/jquery.min.js'

     0K .......... .......... .......... .......... ..........  205K
    50K .......... ..........                                  11.5M=0.2s

2012-08-02 13:34:21 (287 KB/s) - `code/../crawls/liveleak.com/Privacy-Policy/raw/ajax.googleapis.com/ajax/libs/jquery/1.4.2/jquery.min.js' saved [72174]

--2012-08-02 13:34:21--  http://ajax.googleapis.com/ajax/libs/jqueryui/1.8.6/jquery-ui.min.js
Reusing existing connection to ajax.googleapis.com:80.
HTTP request sent, awaiting response... 200 OK
Length: unspecified [text/javascript]
Saving to: `code/../crawls/liveleak.com/Privacy-Policy/raw/ajax.googleapis.com/ajax/libs/jqueryui/1.8.6/jquery-ui.min.js'

     0K .......... .......... .......... .......... ..........  614K
    50K .......... .......... .......... .......... .......... 9.94M
   100K .......... .......... .......... .......... ..........  618K
   150K .......... .......... .......... .......... .          10.6M=0.2s

2012-08-02 13:34:22 (1.10 MB/s) - `code/../crawls/liveleak.com/Privacy-Policy/raw/ajax.googleapis.com/ajax/libs/jqueryui/1.8.6/jquery-ui.min.js' saved [196578]

--2012-08-02 13:34:22--  http://edge.liveleak.com/80281E/u/u/ll2_css/prettyLoader.css
Connecting to edge.liveleak.com|93.184.215.223|:80... connected.
HTTP request sent, awaiting response... 200 OK
Length: 330 [text/css]
Saving to: `code/../crawls/liveleak.com/Privacy-Policy/raw/edge.liveleak.com/80281E/u/u/ll2_css/prettyLoader.css'

     0K                                                       100% 53.2M=0s

2012-08-02 13:34:22 (53.2 MB/s) - `code/../crawls/liveleak.com/Privacy-Policy/raw/edge.liveleak.com/80281E/u/u/ll2_css/prettyLoader.css' saved [330/330]

--2012-08-02 13:34:22--  http://edge.liveleak.com/80281E/u/u/ll2_css/prettyPhoto.css
Reusing existing connection to edge.liveleak.com:80.
HTTP request sent, awaiting response... 200 OK
Length: 19480 (19K) [text/css]
Saving to: `code/../crawls/liveleak.com/Privacy-Policy/raw/edge.liveleak.com/80281E/u/u/ll2_css/prettyPhoto.css'

     0K .......... .........                                  100% 4.97M=0.004s

2012-08-02 13:34:22 (4.97 MB/s) - `code/../crawls/liveleak.com/Privacy-Policy/raw/edge.liveleak.com/80281E/u/u/ll2_css/prettyPhoto.css' saved [19480/19480]

--2012-08-02 13:34:22--  http://edge.liveleak.com/80281E/u/u/ll2_j/jquery.prettyLoader.js
Reusing existing connection to edge.liveleak.com:80.
HTTP request sent, awaiting response... 200 OK
Length: 2628 (2.6K) [application/x-javascript]
Saving to: `code/../crawls/liveleak.com/Privacy-Policy/raw/edge.liveleak.com/80281E/u/u/ll2_j/jquery.prettyLoader.js'

     0K ..                                                    100%  309M=0s

2012-08-02 13:34:22 (309 MB/s) - `code/../crawls/liveleak.com/Privacy-Policy/raw/edge.liveleak.com/80281E/u/u/ll2_j/jquery.prettyLoader.js' saved [2628/2628]

--2012-08-02 13:34:22--  http://edge.liveleak.com/80281E/u/u/ll2_j/jquery.prettyPhoto.js
Reusing existing connection to edge.liveleak.com:80.
HTTP request sent, awaiting response... 200 OK
Length: 21810 (21K) [application/x-javascript]
Saving to: `code/../crawls/liveleak.com/Privacy-Policy/raw/edge.liveleak.com/80281E/u/u/ll2_j/jquery.prettyPhoto.js'

     0K .......... .......... .                               100% 4.61M=0.005s

2012-08-02 13:34:22 (4.61 MB/s) - `code/../crawls/liveleak.com/Privacy-Policy/raw/edge.liveleak.com/80281E/u/u/ll2_j/jquery.prettyPhoto.js' saved [21810/21810]

--2012-08-02 13:34:22--  http://edge.liveleak.com/80281E/u/u/ll2_j/always_include.js
Reusing existing connection to edge.liveleak.com:80.
HTTP request sent, awaiting response... 200 OK
Length: 1048 (1.0K) [application/x-javascript]
Saving to: `code/../crawls/liveleak.com/Privacy-Policy/raw/edge.liveleak.com/80281E/u/u/ll2_j/always_include.js'

     0K .                                                     100%  183M=0s

2012-08-02 13:34:22 (183 MB/s) - `code/../crawls/liveleak.com/Privacy-Policy/raw/edge.liveleak.com/80281E/u/u/ll2_j/always_include.js' saved [1048/1048]

--2012-08-02 13:34:22--  http://edge.liveleak.com/80281E/u/u/ll2_j/jquery.ba-bbq.min.js
Reusing existing connection to edge.liveleak.com:80.
HTTP request sent, awaiting response... 200 OK
Length: 4119 (4.0K) [application/x-javascript]
Saving to: `code/../crawls/liveleak.com/Privacy-Policy/raw/edge.liveleak.com/80281E/u/u/ll2_j/jquery.ba-bbq.min.js'

     0K ....                                                  100% 20.6M=0s

2012-08-02 13:34:22 (20.6 MB/s) - `code/../crawls/liveleak.com/Privacy-Policy/raw/edge.liveleak.com/80281E/u/u/ll2_j/jquery.ba-bbq.min.js' saved [4119/4119]

--2012-08-02 13:34:22--  http://partner.googleadservices.com/gampad/google_service.js
Resolving partner.googleadservices.com... 74.125.226.249, 74.125.226.250, 74.125.226.237
Connecting to partner.googleadservices.com|74.125.226.249|:80... connected.
HTTP request sent, awaiting response... 200 OK
Length: unspecified [text/javascript]
Saving to: `code/../crawls/liveleak.com/Privacy-Policy/raw/partner.googleadservices.com/gampad/google_service.js'

     0K ...                                                    60.6M=0s

2012-08-02 13:34:22 (60.6 MB/s) - `code/../crawls/liveleak.com/Privacy-Policy/raw/partner.googleadservices.com/gampad/google_service.js' saved [3768]

--2012-08-02 13:34:22--  http://edge.liveleak.com/80281E/u/u/ll2/logo.gif
Connecting to edge.liveleak.com|93.184.215.223|:80... connected.
HTTP request sent, awaiting response... 200 OK
Length: 5792 (5.7K) [image/gif]
Saving to: `code/../crawls/liveleak.com/Privacy-Policy/raw/edge.liveleak.com/80281E/u/u/ll2/logo.gif'

     0K .....                                                 100% 2.60M=0.002s

2012-08-02 13:34:22 (2.60 MB/s) - `code/../crawls/liveleak.com/Privacy-Policy/raw/edge.liveleak.com/80281E/u/u/ll2/logo.gif' saved [5792/5792]

--2012-08-02 13:34:22--  http://edge.liveleak.com/80281E/u/u/ll2/facebook-icon.png
Reusing existing connection to edge.liveleak.com:80.
HTTP request sent, awaiting response... 200 OK
Length: 815 [image/png]
Saving to: `code/../crawls/liveleak.com/Privacy-Policy/raw/edge.liveleak.com/80281E/u/u/ll2/facebook-icon.png'

     0K                                                       100%  142M=0s

2012-08-02 13:34:22 (142 MB/s) - `code/../crawls/liveleak.com/Privacy-Policy/raw/edge.liveleak.com/80281E/u/u/ll2/facebook-icon.png' saved [815/815]

--2012-08-02 13:34:22--  http://edge.liveleak.com/80281E/u/u/ll2/twitter-icon.gif
Reusing existing connection to edge.liveleak.com:80.
HTTP request sent, awaiting response... 200 OK
Length: 659 [image/gif]
Saving to: `code/../crawls/liveleak.com/Privacy-Policy/raw/edge.liveleak.com/80281E/u/u/ll2/twitter-icon.gif'

     0K                                                       100%  115M=0s

2012-08-02 13:34:22 (115 MB/s) - `code/../crawls/liveleak.com/Privacy-Policy/raw/edge.liveleak.com/80281E/u/u/ll2/twitter-icon.gif' saved [659/659]

--2012-08-02 13:34:22--  http://edge.liveleak.com/80281E/u/u/ll2/neado.gif
Reusing existing connection to edge.liveleak.com:80.
HTTP request sent, awaiting response... 200 OK
Length: 1515 (1.5K) [image/gif]
Saving to: `code/../crawls/liveleak.com/Privacy-Policy/raw/edge.liveleak.com/80281E/u/u/ll2/neado.gif'

     0K .                                                     100%  225M=0s

2012-08-02 13:34:22 (225 MB/s) - `code/../crawls/liveleak.com/Privacy-Policy/raw/edge.liveleak.com/80281E/u/u/ll2/neado.gif' saved [1515/1515]

--2012-08-02 13:34:22--  https://apis.google.com/js/plusone.js
Resolving apis.google.com... 74.125.226.233, 74.125.226.238, 74.125.226.224, ...
Connecting to apis.google.com|74.125.226.233|:443... connected.
HTTP request sent, awaiting response... 200 OK
Length: unspecified [application/javascript]
Saving to: `code/../crawls/liveleak.com/Privacy-Policy/raw/apis.google.com/js/plusone.js'

     0K ....                                                   18.1M=0s

2012-08-02 13:34:22 (18.1 MB/s) - `code/../crawls/liveleak.com/Privacy-Policy/raw/apis.google.com/js/plusone.js' saved [4471]

--2012-08-02 13:34:22--  http://www.google-analytics.com/urchin.js
Resolving www.google-analytics.com... 74.125.226.238, 74.125.226.224, 74.125.226.225, ...
Connecting to www.google-analytics.com|74.125.226.238|:80... connected.
HTTP request sent, awaiting response... 200 OK
Length: unspecified [text/javascript]
Saving to: `code/../crawls/liveleak.com/Privacy-Policy/raw/www.google-analytics.com/urchin.js'

     0K .......... .......... ..                                117K=0.2s

2012-08-02 13:34:23 (117 KB/s) - `code/../crawls/liveleak.com/Privacy-Policy/raw/www.google-analytics.com/urchin.js' saved [22678]

--2012-08-02 13:34:23--  http://edge.quantserve.com/quant.js
Resolving edge.quantserve.com... 64.94.107.17, 64.94.107.21, 64.94.107.26, ...
Connecting to edge.quantserve.com|64.94.107.17|:80... connected.
HTTP request sent, awaiting response... 200 OK
Length: 5670 (5.5K) [application/x-javascript]
Saving to: `code/../crawls/liveleak.com/Privacy-Policy/raw/edge.quantserve.com/quant.js'

     0K .....                                                 100%  386K=0.01s

2012-08-02 13:34:23 (386 KB/s) - `code/../crawls/liveleak.com/Privacy-Policy/raw/edge.quantserve.com/quant.js' saved [5670/5670]

--2012-08-02 13:34:23--  http://pixel.quantserve.com/pixel/p-c4yHLoeBnD3eE.gif
Resolving pixel.quantserve.com... 64.94.107.12, 64.94.107.14, 64.94.107.15, ...
Connecting to pixel.quantserve.com|64.94.107.12|:80... connected.
HTTP request sent, awaiting response... 200 OK
Length: 35 [image/gif]
Saving to: `code/../crawls/liveleak.com/Privacy-Policy/raw/pixel.quantserve.com/pixel/p-c4yHLoeBnD3eE.gif'

     0K                                                       100% 5.42M=0s

2012-08-02 13:34:23 (5.42 MB/s) - `code/../crawls/liveleak.com/Privacy-Policy/raw/pixel.quantserve.com/pixel/p-c4yHLoeBnD3eE.gif' saved [35/35]

--2012-08-02 13:34:23--  http://edge.liveleak.com/80281E/u/u/ll2/headerBg.gif
Connecting to edge.liveleak.com|93.184.215.223|:80... connected.
HTTP request sent, awaiting response... 200 OK
Length: 284 [image/gif]
Saving to: `code/../crawls/liveleak.com/Privacy-Policy/raw/edge.liveleak.com/80281E/u/u/ll2/headerBg.gif'

     0K                                                       100% 44.8M=0s

2012-08-02 13:34:23 (44.8 MB/s) - `code/../crawls/liveleak.com/Privacy-Policy/raw/edge.liveleak.com/80281E/u/u/ll2/headerBg.gif' saved [284/284]

--2012-08-02 13:34:23--  http://edge.liveleak.com/80281E/u/u/ll2/footer_bg.gif
Reusing existing connection to edge.liveleak.com:80.
HTTP request sent, awaiting response... 200 OK
Length: 269 [image/gif]
Saving to: `code/../crawls/liveleak.com/Privacy-Policy/raw/edge.liveleak.com/80281E/u/u/ll2/footer_bg.gif'

     0K                                                       100% 46.3M=0s

2012-08-02 13:34:23 (46.3 MB/s) - `code/../crawls/liveleak.com/Privacy-Policy/raw/edge.liveleak.com/80281E/u/u/ll2/footer_bg.gif' saved [269/269]

--2012-08-02 13:34:23--  http://edge.liveleak.com/80281E/u/u/ll2/nav_bg.gif
Reusing existing connection to edge.liveleak.com:80.
HTTP request sent, awaiting response... 200 OK
Length: 1655 (1.6K) [image/gif]
Saving to: `code/../crawls/liveleak.com/Privacy-Policy/raw/edge.liveleak.com/80281E/u/u/ll2/nav_bg.gif'

     0K .                                                     100%  226M=0s

2012-08-02 13:34:23 (226 MB/s) - `code/../crawls/liveleak.com/Privacy-Policy/raw/edge.liveleak.com/80281E/u/u/ll2/nav_bg.gif' saved [1655/1655]

--2012-08-02 13:34:23--  http://edge.liveleak.com/80281E/u/u/ll2/searchImg.gif
Reusing existing connection to edge.liveleak.com:80.
HTTP request sent, awaiting response... 200 OK
Length: 377 [image/gif]
Saving to: `code/../crawls/liveleak.com/Privacy-Policy/raw/edge.liveleak.com/80281E/u/u/ll2/searchImg.gif'

     0K                                                       100% 64.8M=0s

2012-08-02 13:34:23 (64.8 MB/s) - `code/../crawls/liveleak.com/Privacy-Policy/raw/edge.liveleak.com/80281E/u/u/ll2/searchImg.gif' saved [377/377]

--2012-08-02 13:34:23--  http://edge.liveleak.com/80281E/u/u/ll2/searchBtn2.gif
Reusing existing connection to edge.liveleak.com:80.
HTTP request sent, awaiting response... 200 OK
Length: 1034 (1.0K) [image/gif]
Saving to: `code/../crawls/liveleak.com/Privacy-Policy/raw/edge.liveleak.com/80281E/u/u/ll2/searchBtn2.gif'

     0K .                                                     100%  170M=0s

2012-08-02 13:34:23 (170 MB/s) - `code/../crawls/liveleak.com/Privacy-Policy/raw/edge.liveleak.com/80281E/u/u/ll2/searchBtn2.gif' saved [1034/1034]

--2012-08-02 13:34:23--  http://edge.liveleak.com/80281E/u/u/ll2/rightcol_middle.gif
Reusing existing connection to edge.liveleak.com:80.
HTTP request sent, awaiting response... 200 OK
Length: 57 [image/gif]
Saving to: `code/../crawls/liveleak.com/Privacy-Policy/raw/edge.liveleak.com/80281E/u/u/ll2/rightcol_middle.gif'

     0K                                                       100% 9.91M=0s

2012-08-02 13:34:23 (9.91 MB/s) - `code/../crawls/liveleak.com/Privacy-Policy/raw/edge.liveleak.com/80281E/u/u/ll2/rightcol_middle.gif' saved [57/57]

--2012-08-02 13:34:23--  http://edge.liveleak.com/80281E/u/u/ll2/right_top.gif
Reusing existing connection to edge.liveleak.com:80.
HTTP request sent, awaiting response... 200 OK
Length: 408 [image/gif]
Saving to: `code/../crawls/liveleak.com/Privacy-Policy/raw/edge.liveleak.com/80281E/u/u/ll2/right_top.gif'

     0K                                                       100% 69.4M=0s

2012-08-02 13:34:23 (69.4 MB/s) - `code/../crawls/liveleak.com/Privacy-Policy/raw/edge.liveleak.com/80281E/u/u/ll2/right_top.gif' saved [408/408]

--2012-08-02 13:34:23--  http://edge.liveleak.com/80281E/u/u/ll2/rightcol_bottom.gif
Reusing existing connection to edge.liveleak.com:80.
HTTP request sent, awaiting response... 200 OK
Length: 165 [image/gif]
Saving to: `code/../crawls/liveleak.com/Privacy-Policy/raw/edge.liveleak.com/80281E/u/u/ll2/rightcol_bottom.gif'

     0K                                                       100% 28.7M=0s

2012-08-02 13:34:23 (28.7 MB/s) - `code/../crawls/liveleak.com/Privacy-Policy/raw/edge.liveleak.com/80281E/u/u/ll2/rightcol_bottom.gif' saved [165/165]

--2012-08-02 13:34:23--  http://edge.liveleak.com/80281E/u/u/ll2/leftcol_middle.gif
Reusing existing connection to edge.liveleak.com:80.
HTTP request sent, awaiting response... 200 OK
Length: 1115 (1.1K) [image/gif]
Saving to: `code/../crawls/liveleak.com/Privacy-Policy/raw/edge.liveleak.com/80281E/u/u/ll2/leftcol_middle.gif'

     0K .                                                     100%  183M=0s

2012-08-02 13:34:23 (183 MB/s) - `code/../crawls/liveleak.com/Privacy-Policy/raw/edge.liveleak.com/80281E/u/u/ll2/leftcol_middle.gif' saved [1115/1115]

--2012-08-02 13:34:23--  http://edge.liveleak.com/80281E/u/u/ll2/left_top.gif
Reusing existing connection to edge.liveleak.com:80.
HTTP request sent, awaiting response... 200 OK
Length: 1549 (1.5K) [image/gif]
Saving to: `code/../crawls/liveleak.com/Privacy-Policy/raw/edge.liveleak.com/80281E/u/u/ll2/left_top.gif'

     0K .                                                     100%  221M=0s

2012-08-02 13:34:23 (221 MB/s) - `code/../crawls/liveleak.com/Privacy-Policy/raw/edge.liveleak.com/80281E/u/u/ll2/left_top.gif' saved [1549/1549]

--2012-08-02 13:34:23--  http://edge.liveleak.com/80281E/u/u/ll2/leftcol_bottom.gif
Reusing existing connection to edge.liveleak.com:80.
HTTP request sent, awaiting response... 200 OK
Length: 1274 (1.2K) [image/gif]
Saving to: `code/../crawls/liveleak.com/Privacy-Policy/raw/edge.liveleak.com/80281E/u/u/ll2/leftcol_bottom.gif'

     0K .                                                     100%  193M=0s

2012-08-02 13:34:23 (193 MB/s) - `code/../crawls/liveleak.com/Privacy-Policy/raw/edge.liveleak.com/80281E/u/u/ll2/leftcol_bottom.gif' saved [1274/1274]

--2012-08-02 13:34:23--  http://edge.liveleak.com/80281E/u/u/ll2/headcol_middle.gif
Reusing existing connection to edge.liveleak.com:80.
HTTP request sent, awaiting response... 200 OK
Length: 72 [image/gif]
Saving to: `code/../crawls/liveleak.com/Privacy-Policy/raw/edge.liveleak.com/80281E/u/u/ll2/headcol_middle.gif'

     0K                                                       100% 12.8M=0s

2012-08-02 13:34:23 (12.8 MB/s) - `code/../crawls/liveleak.com/Privacy-Policy/raw/edge.liveleak.com/80281E/u/u/ll2/headcol_middle.gif' saved [72/72]

--2012-08-02 13:34:23--  http://edge.liveleak.com/80281E/u/u/ll2/header_top.gif
Reusing existing connection to edge.liveleak.com:80.
HTTP request sent, awaiting response... 200 OK
Length: 560 [image/gif]
Saving to: `code/../crawls/liveleak.com/Privacy-Policy/raw/edge.liveleak.com/80281E/u/u/ll2/header_top.gif'

     0K                                                       100% 99.3M=0s

2012-08-02 13:34:23 (99.3 MB/s) - `code/../crawls/liveleak.com/Privacy-Policy/raw/edge.liveleak.com/80281E/u/u/ll2/header_top.gif' saved [560/560]

--2012-08-02 13:34:23--  http://edge.liveleak.com/80281E/u/u/ll2/headcol_bottom.gif
Reusing existing connection to edge.liveleak.com:80.
HTTP request sent, awaiting response... 200 OK
Length: 254 [image/gif]
Saving to: `code/../crawls/liveleak.com/Privacy-Policy/raw/edge.liveleak.com/80281E/u/u/ll2/headcol_bottom.gif'

     0K                                                       100% 46.1M=0s

2012-08-02 13:34:23 (46.1 MB/s) - `code/../crawls/liveleak.com/Privacy-Policy/raw/edge.liveleak.com/80281E/u/u/ll2/headcol_bottom.gif' saved [254/254]

--2012-08-02 13:34:23--  http://edge.liveleak.com/80281E/u/u/ll2/leftcol_tab.gif
Reusing existing connection to edge.liveleak.com:80.
HTTP request sent, awaiting response... 200 OK
Length: 936 [image/gif]
Saving to: `code/../crawls/liveleak.com/Privacy-Policy/raw/edge.liveleak.com/80281E/u/u/ll2/leftcol_tab.gif'

     0K                                                       100%  161M=0s

2012-08-02 13:34:23 (161 MB/s) - `code/../crawls/liveleak.com/Privacy-Policy/raw/edge.liveleak.com/80281E/u/u/ll2/leftcol_tab.gif' saved [936/936]

--2012-08-02 13:34:23--  http://edge.liveleak.com/80281E/u/u/ll2/small_tab.gif
Reusing existing connection to edge.liveleak.com:80.
HTTP request sent, awaiting response... 200 OK
Length: 1020 [image/gif]
Saving to: `code/../crawls/liveleak.com/Privacy-Policy/raw/edge.liveleak.com/80281E/u/u/ll2/small_tab.gif'

     0K                                                       100%  175M=0s

2012-08-02 13:34:23 (175 MB/s) - `code/../crawls/liveleak.com/Privacy-Policy/raw/edge.liveleak.com/80281E/u/u/ll2/small_tab.gif' saved [1020/1020]

--2012-08-02 13:34:23--  http://edge.liveleak.com/80281E/u/u/ll2/join.gif
Reusing existing connection to edge.liveleak.com:80.
HTTP request sent, awaiting response... 200 OK
Length: 6713 (6.6K) [image/gif]
Saving to: `code/../crawls/liveleak.com/Privacy-Policy/raw/edge.liveleak.com/80281E/u/u/ll2/join.gif'

     0K ......                                                100% 20.5M=0s

2012-08-02 13:34:23 (20.5 MB/s) - `code/../crawls/liveleak.com/Privacy-Policy/raw/edge.liveleak.com/80281E/u/u/ll2/join.gif' saved [6713/6713]

--2012-08-02 13:34:23--  http://edge.liveleak.com/80281E/u/u/ll2/login-gradient.gif
Reusing existing connection to edge.liveleak.com:80.
HTTP request sent, awaiting response... 200 OK
Length: 200 [image/gif]
Saving to: `code/../crawls/liveleak.com/Privacy-Policy/raw/edge.liveleak.com/80281E/u/u/ll2/login-gradient.gif'

     0K                                                       100% 37.4M=0s

2012-08-02 13:34:23 (37.4 MB/s) - `code/../crawls/liveleak.com/Privacy-Policy/raw/edge.liveleak.com/80281E/u/u/ll2/login-gradient.gif' saved [200/200]

--2012-08-02 13:34:23--  http://edge.liveleak.com/80281E/u/u/ll2/loginBtn.gif
Reusing existing connection to edge.liveleak.com:80.
HTTP request sent, awaiting response... 200 OK
Length: 804 [image/gif]
Saving to: `code/../crawls/liveleak.com/Privacy-Policy/raw/edge.liveleak.com/80281E/u/u/ll2/loginBtn.gif'

     0K                                                       100%  137M=0s

2012-08-02 13:34:23 (137 MB/s) - `code/../crawls/liveleak.com/Privacy-Policy/raw/edge.liveleak.com/80281E/u/u/ll2/loginBtn.gif' saved [804/804]

--2012-08-02 13:34:23--  http://edge.liveleak.com/80281E/u/u/ll2/logincorner.gif
Reusing existing connection to edge.liveleak.com:80.
HTTP request sent, awaiting response... 200 OK
Length: 245 [image/gif]
Saving to: `code/../crawls/liveleak.com/Privacy-Policy/raw/edge.liveleak.com/80281E/u/u/ll2/logincorner.gif'

     0K                                                       100% 42.9M=0s

2012-08-02 13:34:23 (42.9 MB/s) - `code/../crawls/liveleak.com/Privacy-Policy/raw/edge.liveleak.com/80281E/u/u/ll2/logincorner.gif' saved [245/245]

--2012-08-02 13:34:23--  http://edge.liveleak.com/80281E/u/u/ll2/rightcolH2.gif
Reusing existing connection to edge.liveleak.com:80.
HTTP request sent, awaiting response... 200 OK
Length: 1521 (1.5K) [image/gif]
Saving to: `code/../crawls/liveleak.com/Privacy-Policy/raw/edge.liveleak.com/80281E/u/u/ll2/rightcolH2.gif'

     0K .                                                     100%  217M=0s

2012-08-02 13:34:23 (217 MB/s) - `code/../crawls/liveleak.com/Privacy-Policy/raw/edge.liveleak.com/80281E/u/u/ll2/rightcolH2.gif' saved [1521/1521]

--2012-08-02 13:34:23--  http://edge.liveleak.com/80281E/u/u/ll2/top.gif
Reusing existing connection to edge.liveleak.com:80.
HTTP request sent, awaiting response... 200 OK
Length: 661 [image/gif]
Saving to: `code/../crawls/liveleak.com/Privacy-Policy/raw/edge.liveleak.com/80281E/u/u/ll2/top.gif'

     0K                                                       100% 78.5M=0s

2012-08-02 13:34:23 (78.5 MB/s) - `code/../crawls/liveleak.com/Privacy-Policy/raw/edge.liveleak.com/80281E/u/u/ll2/top.gif' saved [661/661]

--2012-08-02 13:34:23--  http://www.liveleak.com/j/border-radius.htc
Connecting to www.liveleak.com|208.71.130.253|:80... connected.
HTTP request sent, awaiting response... 302 Moved Temporarily
Location: http://www.liveleak.com/?r=1 [following]
--2012-08-02 13:34:23--  http://www.liveleak.com/?r=1
Reusing existing connection to www.liveleak.com:80.
HTTP request sent, awaiting response... 200 OK
Length: unspecified [text/html]
Saving to: `code/../crawls/liveleak.com/Privacy-Policy/raw/www.liveleak.com/j/border-radius.htc.html'

     0K .......... .......... .......... .......... ..........  107K
    50K ...                                                    21.9M=0.5s

2012-08-02 13:34:24 (114 KB/s) - `code/../crawls/liveleak.com/Privacy-Policy/raw/www.liveleak.com/j/border-radius.htc.html' saved [54722]

--2012-08-02 13:34:24--  http://edge.liveleak.com/80281E/u/u/ll2/subs_buttn.jpg
Connecting to edge.liveleak.com|93.184.215.223|:80... connected.
HTTP request sent, awaiting response... 200 OK
Length: 947 [image/jpeg]
Saving to: `code/../crawls/liveleak.com/Privacy-Policy/raw/edge.liveleak.com/80281E/u/u/ll2/subs_buttn.jpg'

     0K                                                       100%  148M=0s

2012-08-02 13:34:24 (148 MB/s) - `code/../crawls/liveleak.com/Privacy-Policy/raw/edge.liveleak.com/80281E/u/u/ll2/subs_buttn.jpg' saved [947/947]

--2012-08-02 13:34:24--  http://edge.liveleak.com/80281E/u/u/ll2/form_center.gif
Reusing existing connection to edge.liveleak.com:80.
HTTP request sent, awaiting response... 200 OK
Length: 287 [image/gif]
Saving to: `code/../crawls/liveleak.com/Privacy-Policy/raw/edge.liveleak.com/80281E/u/u/ll2/form_center.gif'

     0K                                                       100% 48.4M=0s

2012-08-02 13:34:24 (48.4 MB/s) - `code/../crawls/liveleak.com/Privacy-Policy/raw/edge.liveleak.com/80281E/u/u/ll2/form_center.gif' saved [287/287]

--2012-08-02 13:34:24--  http://edge.liveleak.com/80281E/u/u/ll2/form_top_617px.gif
Reusing existing connection to edge.liveleak.com:80.
HTTP request sent, awaiting response... 200 OK
Length: 1259 (1.2K) [image/gif]
Saving to: `code/../crawls/liveleak.com/Privacy-Policy/raw/edge.liveleak.com/80281E/u/u/ll2/form_top_617px.gif'

     0K .                                                     100%  193M=0s

2012-08-02 13:34:24 (193 MB/s) - `code/../crawls/liveleak.com/Privacy-Policy/raw/edge.liveleak.com/80281E/u/u/ll2/form_top_617px.gif' saved [1259/1259]

--2012-08-02 13:34:24--  http://edge.liveleak.com/80281E/u/u/ll2/form_top_951px.gif
Reusing existing connection to edge.liveleak.com:80.
HTTP request sent, awaiting response... 200 OK
Length: 1289 (1.3K) [image/gif]
Saving to: `code/../crawls/liveleak.com/Privacy-Policy/raw/edge.liveleak.com/80281E/u/u/ll2/form_top_951px.gif'

     0K .                                                     100%  167M=0s

2012-08-02 13:34:24 (167 MB/s) - `code/../crawls/liveleak.com/Privacy-Policy/raw/edge.liveleak.com/80281E/u/u/ll2/form_top_951px.gif' saved [1289/1289]

--2012-08-02 13:34:24--  http://edge.liveleak.com/80281E/u/u/ll2/form_bottom_617px.gif
Reusing existing connection to edge.liveleak.com:80.
HTTP request sent, awaiting response... 200 OK
Length: 1239 (1.2K) [image/gif]
Saving to: `code/../crawls/liveleak.com/Privacy-Policy/raw/edge.liveleak.com/80281E/u/u/ll2/form_bottom_617px.gif'

     0K .                                                     100%  184M=0s

2012-08-02 13:34:24 (184 MB/s) - `code/../crawls/liveleak.com/Privacy-Policy/raw/edge.liveleak.com/80281E/u/u/ll2/form_bottom_617px.gif' saved [1239/1239]

--2012-08-02 13:34:24--  http://edge.liveleak.com/80281E/u/u/ll2/form_bottom_951px.gif
Reusing existing connection to edge.liveleak.com:80.
HTTP request sent, awaiting response... 200 OK
Length: 1263 (1.2K) [image/gif]
Saving to: `code/../crawls/liveleak.com/Privacy-Policy/raw/edge.liveleak.com/80281E/u/u/ll2/form_bottom_951px.gif'

     0K .                                                     100%  187M=0s

2012-08-02 13:34:24 (187 MB/s) - `code/../crawls/liveleak.com/Privacy-Policy/raw/edge.liveleak.com/80281E/u/u/ll2/form_bottom_951px.gif' saved [1263/1263]

--2012-08-02 13:34:24--  http://edge.liveleak.com/80281E/u/u/ll2/button_type1.gif
Reusing existing connection to edge.liveleak.com:80.
HTTP request sent, awaiting response... 200 OK
Length: 1237 (1.2K) [image/gif]
Saving to: `code/../crawls/liveleak.com/Privacy-Policy/raw/edge.liveleak.com/80281E/u/u/ll2/button_type1.gif'

     0K .                                                     100%  177M=0s

2012-08-02 13:34:24 (177 MB/s) - `code/../crawls/liveleak.com/Privacy-Policy/raw/edge.liveleak.com/80281E/u/u/ll2/button_type1.gif' saved [1237/1237]

--2012-08-02 13:34:24--  http://edge.liveleak.com/80281E/u/u/ll2/border.gif
Reusing existing connection to edge.liveleak.com:80.
HTTP request sent, awaiting response... 200 OK
Length: 1175 (1.1K) [image/gif]
Saving to: `code/../crawls/liveleak.com/Privacy-Policy/raw/edge.liveleak.com/80281E/u/u/ll2/border.gif'

     0K .                                                     100%  172M=0s

2012-08-02 13:34:24 (172 MB/s) - `code/../crawls/liveleak.com/Privacy-Policy/raw/edge.liveleak.com/80281E/u/u/ll2/border.gif' saved [1175/1175]

--2012-08-02 13:34:24--  http://edge.liveleak.com/80281E/u/u/ll2/topcorners.gif
Reusing existing connection to edge.liveleak.com:80.
HTTP request sent, awaiting response... 200 OK
Length: 1374 (1.3K) [image/gif]
Saving to: `code/../crawls/liveleak.com/Privacy-Policy/raw/edge.liveleak.com/80281E/u/u/ll2/topcorners.gif'

     0K .                                                     100%  201M=0s

2012-08-02 13:34:24 (201 MB/s) - `code/../crawls/liveleak.com/Privacy-Policy/raw/edge.liveleak.com/80281E/u/u/ll2/topcorners.gif' saved [1374/1374]

--2012-08-02 13:34:24--  http://edge.liveleak.com/80281E/u/u/ll2/bottomcorners.gif
Reusing existing connection to edge.liveleak.com:80.
HTTP request sent, awaiting response... 200 OK
Length: 1409 (1.4K) [image/gif]
Saving to: `code/../crawls/liveleak.com/Privacy-Policy/raw/edge.liveleak.com/80281E/u/u/ll2/bottomcorners.gif'

     0K .                                                     100%  214M=0s

2012-08-02 13:34:24 (214 MB/s) - `code/../crawls/liveleak.com/Privacy-Policy/raw/edge.liveleak.com/80281E/u/u/ll2/bottomcorners.gif' saved [1409/1409]

--2012-08-02 13:34:24--  http://edge.liveleak.com/80281E/u/u/ll2/gradient.gif
Reusing existing connection to edge.liveleak.com:80.
HTTP request sent, awaiting response... 200 OK
Length: 1315 (1.3K) [image/gif]
Saving to: `code/../crawls/liveleak.com/Privacy-Policy/raw/edge.liveleak.com/80281E/u/u/ll2/gradient.gif'

     0K .                                                     100%  201M=0s

2012-08-02 13:34:24 (201 MB/s) - `code/../crawls/liveleak.com/Privacy-Policy/raw/edge.liveleak.com/80281E/u/u/ll2/gradient.gif' saved [1315/1315]

--2012-08-02 13:34:24--  http://edge.liveleak.com/80281E/u/u/ll2_css/jquery_ui/images/ui-bg_flat_75_ffffff_40x100.png
Reusing existing connection to edge.liveleak.com:80.
HTTP request sent, awaiting response... 200 OK
Length: 178 [image/png]
Saving to: `code/../crawls/liveleak.com/Privacy-Policy/raw/edge.liveleak.com/80281E/u/u/ll2_css/jquery_ui/images/ui-bg_flat_75_ffffff_40x100.png'

     0K                                                       100% 30.3M=0s

2012-08-02 13:34:24 (30.3 MB/s) - `code/../crawls/liveleak.com/Privacy-Policy/raw/edge.liveleak.com/80281E/u/u/ll2_css/jquery_ui/images/ui-bg_flat_75_ffffff_40x100.png' saved [178/178]

--2012-08-02 13:34:24--  http://edge.liveleak.com/80281E/u/u/ll2_css/jquery_ui/images/ui-bg_highlight-soft_15_8d0101_1x100.png
Reusing existing connection to edge.liveleak.com:80.
HTTP request sent, awaiting response... 200 OK
Length: 106 [image/png]
Saving to: `code/../crawls/liveleak.com/Privacy-Policy/raw/edge.liveleak.com/80281E/u/u/ll2_css/jquery_ui/images/ui-bg_highlight-soft_15_8d0101_1x100.png'

     0K                                                       100% 19.8M=0s

2012-08-02 13:34:24 (19.8 MB/s) - `code/../crawls/liveleak.com/Privacy-Policy/raw/edge.liveleak.com/80281E/u/u/ll2_css/jquery_ui/images/ui-bg_highlight-soft_15_8d0101_1x100.png' saved [106/106]

--2012-08-02 13:34:24--  http://edge.liveleak.com/80281E/u/u/ll2_css/jquery_ui/images/ui-bg_highlight-hard_100_eeeeee_1x100.png
Reusing existing connection to edge.liveleak.com:80.
HTTP request sent, awaiting response... 200 OK
Length: 94 [image/png]
Saving to: `code/../crawls/liveleak.com/Privacy-Policy/raw/edge.liveleak.com/80281E/u/u/ll2_css/jquery_ui/images/ui-bg_highlight-hard_100_eeeeee_1x100.png'

     0K                                                       100% 16.8M=0s

2012-08-02 13:34:24 (16.8 MB/s) - `code/../crawls/liveleak.com/Privacy-Policy/raw/edge.liveleak.com/80281E/u/u/ll2_css/jquery_ui/images/ui-bg_highlight-hard_100_eeeeee_1x100.png' saved [94/94]

--2012-08-02 13:34:24--  http://edge.liveleak.com/80281E/u/u/ll2_css/jquery_ui/images/ui-bg_highlight-hard_100_f6f6f6_1x100.png
Reusing existing connection to edge.liveleak.com:80.
HTTP request sent, awaiting response... 200 OK
Length: 89 [image/png]
Saving to: `code/../crawls/liveleak.com/Privacy-Policy/raw/edge.liveleak.com/80281E/u/u/ll2_css/jquery_ui/images/ui-bg_highlight-hard_100_f6f6f6_1x100.png'

     0K                                                       100% 15.9M=0s

2012-08-02 13:34:24 (15.9 MB/s) - `code/../crawls/liveleak.com/Privacy-Policy/raw/edge.liveleak.com/80281E/u/u/ll2_css/jquery_ui/images/ui-bg_highlight-hard_100_f6f6f6_1x100.png' saved [89/89]

--2012-08-02 13:34:24--  http://edge.liveleak.com/80281E/u/u/ll2_css/jquery_ui/images/ui-bg_flat_65_ffffff_40x100.png
Reusing existing connection to edge.liveleak.com:80.
HTTP request sent, awaiting response... 200 OK
Length: 178 [image/png]
Saving to: `code/../crawls/liveleak.com/Privacy-Policy/raw/edge.liveleak.com/80281E/u/u/ll2_css/jquery_ui/images/ui-bg_flat_65_ffffff_40x100.png'

     0K                                                       100% 31.7M=0s

2012-08-02 13:34:24 (31.7 MB/s) - `code/../crawls/liveleak.com/Privacy-Policy/raw/edge.liveleak.com/80281E/u/u/ll2_css/jquery_ui/images/ui-bg_flat_65_ffffff_40x100.png' saved [178/178]

--2012-08-02 13:34:24--  http://edge.liveleak.com/80281E/u/u/ll2_css/jquery_ui/images/ui-bg_glass_55_fbf8ee_1x400.png
Reusing existing connection to edge.liveleak.com:80.
HTTP request sent, awaiting response... 200 OK
Length: 143 [image/png]
Saving to: `code/../crawls/liveleak.com/Privacy-Policy/raw/edge.liveleak.com/80281E/u/u/ll2_css/jquery_ui/images/ui-bg_glass_55_fbf8ee_1x400.png'

     0K                                                       100% 25.3M=0s

2012-08-02 13:34:24 (25.3 MB/s) - `code/../crawls/liveleak.com/Privacy-Policy/raw/edge.liveleak.com/80281E/u/u/ll2_css/jquery_ui/images/ui-bg_glass_55_fbf8ee_1x400.png' saved [143/143]

--2012-08-02 13:34:24--  http://edge.liveleak.com/80281E/u/u/ll2_css/jquery_ui/images/ui-bg_diagonals-thick_75_f3d8d8_40x40.png
Reusing existing connection to edge.liveleak.com:80.
HTTP request sent, awaiting response... 200 OK
Length: 256 [image/png]
Saving to: `code/../crawls/liveleak.com/Privacy-Policy/raw/edge.liveleak.com/80281E/u/u/ll2_css/jquery_ui/images/ui-bg_diagonals-thick_75_f3d8d8_40x40.png'

     0K                                                       100% 47.9M=0s

2012-08-02 13:34:24 (47.9 MB/s) - `code/../crawls/liveleak.com/Privacy-Policy/raw/edge.liveleak.com/80281E/u/u/ll2_css/jquery_ui/images/ui-bg_diagonals-thick_75_f3d8d8_40x40.png' saved [256/256]

--2012-08-02 13:34:24--  http://edge.liveleak.com/80281E/u/u/ll2_css/jquery_ui/images/ui-icons_cc0000_256x240.png
Reusing existing connection to edge.liveleak.com:80.
HTTP request sent, awaiting response... 200 OK
Length: 4369 (4.3K) [image/png]
Saving to: `code/../crawls/liveleak.com/Privacy-Policy/raw/edge.liveleak.com/80281E/u/u/ll2_css/jquery_ui/images/ui-icons_cc0000_256x240.png'

     0K ....                                                  100% 23.1M=0s

2012-08-02 13:34:24 (23.1 MB/s) - `code/../crawls/liveleak.com/Privacy-Policy/raw/edge.liveleak.com/80281E/u/u/ll2_css/jquery_ui/images/ui-icons_cc0000_256x240.png' saved [4369/4369]

--2012-08-02 13:34:24--  http://edge.liveleak.com/80281E/u/u/ll2_css/jquery_ui/images/ui-icons_ffffff_256x240.png
Reusing existing connection to edge.liveleak.com:80.
HTTP request sent, awaiting response... 200 OK
Length: 4369 (4.3K) [image/png]
Saving to: `code/../crawls/liveleak.com/Privacy-Policy/raw/edge.liveleak.com/80281E/u/u/ll2_css/jquery_ui/images/ui-icons_ffffff_256x240.png'

     0K ....                                                  100% 23.3M=0s

2012-08-02 13:34:24 (23.3 MB/s) - `code/../crawls/liveleak.com/Privacy-Policy/raw/edge.liveleak.com/80281E/u/u/ll2_css/jquery_ui/images/ui-icons_ffffff_256x240.png' saved [4369/4369]

--2012-08-02 13:34:24--  http://edge.liveleak.com/80281E/u/u/ll2_css/jquery_ui/images/ui-icons_004276_256x240.png
Reusing existing connection to edge.liveleak.com:80.
HTTP request sent, awaiting response... 200 OK
Length: 4369 (4.3K) [image/png]
Saving to: `code/../crawls/liveleak.com/Privacy-Policy/raw/edge.liveleak.com/80281E/u/u/ll2_css/jquery_ui/images/ui-icons_004276_256x240.png'

     0K ....                                                  100% 22.1M=0s

2012-08-02 13:34:24 (22.1 MB/s) - `code/../crawls/liveleak.com/Privacy-Policy/raw/edge.liveleak.com/80281E/u/u/ll2_css/jquery_ui/images/ui-icons_004276_256x240.png' saved [4369/4369]

--2012-08-02 13:34:24--  http://edge.liveleak.com/80281E/u/u/ll2_css/jquery_ui/images/ui-bg_dots-small_65_a6a6a6_2x2.png
Reusing existing connection to edge.liveleak.com:80.
HTTP request sent, awaiting response... 200 OK
Length: 83 [image/png]
Saving to: `code/../crawls/liveleak.com/Privacy-Policy/raw/edge.liveleak.com/80281E/u/u/ll2_css/jquery_ui/images/ui-bg_dots-small_65_a6a6a6_2x2.png'

     0K                                                       100% 15.4M=0s

2012-08-02 13:34:24 (15.4 MB/s) - `code/../crawls/liveleak.com/Privacy-Policy/raw/edge.liveleak.com/80281E/u/u/ll2_css/jquery_ui/images/ui-bg_dots-small_65_a6a6a6_2x2.png' saved [83/83]

--2012-08-02 13:34:24--  http://edge.liveleak.com/80281E/u/u/ll2_css/jquery_ui/images/ui-bg_flat_0_333333_40x100.png
Reusing existing connection to edge.liveleak.com:80.
HTTP request sent, awaiting response... 200 OK
Length: 180 [image/png]
Saving to: `code/../crawls/liveleak.com/Privacy-Policy/raw/edge.liveleak.com/80281E/u/u/ll2_css/jquery_ui/images/ui-bg_flat_0_333333_40x100.png'

     0K                                                       100% 32.7M=0s

2012-08-02 13:34:24 (32.7 MB/s) - `code/../crawls/liveleak.com/Privacy-Policy/raw/edge.liveleak.com/80281E/u/u/ll2_css/jquery_ui/images/ui-bg_flat_0_333333_40x100.png' saved [180/180]

--2012-08-02 13:34:24--  http://edge.liveleak.com/80281E/u/u/ll2/prettyLoader/prettyLoader.png
Reusing existing connection to edge.liveleak.com:80.
HTTP request sent, awaiting response... 200 OK
Length: 707 [image/png]
Saving to: `code/../crawls/liveleak.com/Privacy-Policy/raw/edge.liveleak.com/80281E/u/u/ll2/prettyLoader/prettyLoader.png'

     0K                                                       100%  121M=0s

2012-08-02 13:34:24 (121 MB/s) - `code/../crawls/liveleak.com/Privacy-Policy/raw/edge.liveleak.com/80281E/u/u/ll2/prettyLoader/prettyLoader.png' saved [707/707]

--2012-08-02 13:34:24--  http://edge.liveleak.com/80281E/u/u/ll2/prettyLoader/prettyLoader.gif
Reusing existing connection to edge.liveleak.com:80.
HTTP request sent, awaiting response... 200 OK
Length: 107 [image/gif]
Saving to: `code/../crawls/liveleak.com/Privacy-Policy/raw/edge.liveleak.com/80281E/u/u/ll2/prettyLoader/prettyLoader.gif'

     0K                                                       100% 20.1M=0s

2012-08-02 13:34:24 (20.1 MB/s) - `code/../crawls/liveleak.com/Privacy-Policy/raw/edge.liveleak.com/80281E/u/u/ll2/prettyLoader/prettyLoader.gif' saved [107/107]

--2012-08-02 13:34:24--  http://edge.liveleak.com/80281E/u/u/ll2/prettyPhoto/light_rounded/sprite.png
Reusing existing connection to edge.liveleak.com:80.
HTTP request sent, awaiting response... 200 OK
Length: 4099 (4.0K) [image/png]
Saving to: `code/../crawls/liveleak.com/Privacy-Policy/raw/edge.liveleak.com/80281E/u/u/ll2/prettyPhoto/light_rounded/sprite.png'

     0K ....                                                  100%  270M=0s

2012-08-02 13:34:24 (270 MB/s) - `code/../crawls/liveleak.com/Privacy-Policy/raw/edge.liveleak.com/80281E/u/u/ll2/prettyPhoto/light_rounded/sprite.png' saved [4099/4099]

--2012-08-02 13:34:24--  http://edge.liveleak.com/80281E/u/u/ll2/prettyPhoto/light_rounded/btnNext.png
Reusing existing connection to edge.liveleak.com:80.
HTTP request sent, awaiting response... 200 OK
Length: 1411 (1.4K) [image/png]
Saving to: `code/../crawls/liveleak.com/Privacy-Policy/raw/edge.liveleak.com/80281E/u/u/ll2/prettyPhoto/light_rounded/btnNext.png'

     0K .                                                     100%  200M=0s

2012-08-02 13:34:24 (200 MB/s) - `code/../crawls/liveleak.com/Privacy-Policy/raw/edge.liveleak.com/80281E/u/u/ll2/prettyPhoto/light_rounded/btnNext.png' saved [1411/1411]

--2012-08-02 13:34:24--  http://edge.liveleak.com/80281E/u/u/ll2/prettyPhoto/light_rounded/btnPrevious.png
Reusing existing connection to edge.liveleak.com:80.
HTTP request sent, awaiting response... 200 OK
Length: 1442 (1.4K) [image/png]
Saving to: `code/../crawls/liveleak.com/Privacy-Policy/raw/edge.liveleak.com/80281E/u/u/ll2/prettyPhoto/light_rounded/btnPrevious.png'

     0K .                                                     100%  211M=0s

2012-08-02 13:34:24 (211 MB/s) - `code/../crawls/liveleak.com/Privacy-Policy/raw/edge.liveleak.com/80281E/u/u/ll2/prettyPhoto/light_rounded/btnPrevious.png' saved [1442/1442]

--2012-08-02 13:34:24--  http://edge.liveleak.com/80281E/u/u/ll2/prettyPhoto/light_rounded/loader.gif
Reusing existing connection to edge.liveleak.com:80.
HTTP request sent, awaiting response... 200 OK
Length: 2545 (2.5K) [image/gif]
Saving to: `code/../crawls/liveleak.com/Privacy-Policy/raw/edge.liveleak.com/80281E/u/u/ll2/prettyPhoto/light_rounded/loader.gif'

     0K ..                                                    100% 39.1M=0s

2012-08-02 13:34:24 (39.1 MB/s) - `code/../crawls/liveleak.com/Privacy-Policy/raw/edge.liveleak.com/80281E/u/u/ll2/prettyPhoto/light_rounded/loader.gif' saved [2545/2545]

--2012-08-02 13:34:24--  http://edge.liveleak.com/80281E/u/u/ll2/prettyPhoto/dark_rounded/sprite.png
Reusing existing connection to edge.liveleak.com:80.
HTTP request sent, awaiting response... 200 OK
Length: 4076 (4.0K) [image/png]
Saving to: `code/../crawls/liveleak.com/Privacy-Policy/raw/edge.liveleak.com/80281E/u/u/ll2/prettyPhoto/dark_rounded/sprite.png'

     0K ...                                                   100%  280M=0s

2012-08-02 13:34:24 (280 MB/s) - `code/../crawls/liveleak.com/Privacy-Policy/raw/edge.liveleak.com/80281E/u/u/ll2/prettyPhoto/dark_rounded/sprite.png' saved [4076/4076]

--2012-08-02 13:34:24--  http://edge.liveleak.com/80281E/u/u/ll2/prettyPhoto/dark_rounded/contentPattern.png
Reusing existing connection to edge.liveleak.com:80.
HTTP request sent, awaiting response... 200 OK
Length: 130 [image/png]
Saving to: `code/../crawls/liveleak.com/Privacy-Policy/raw/edge.liveleak.com/80281E/u/u/ll2/prettyPhoto/dark_rounded/contentPattern.png'

     0K                                                       100% 24.1M=0s

2012-08-02 13:34:24 (24.1 MB/s) - `code/../crawls/liveleak.com/Privacy-Policy/raw/edge.liveleak.com/80281E/u/u/ll2/prettyPhoto/dark_rounded/contentPattern.png' saved [130/130]

--2012-08-02 13:34:24--  http://edge.liveleak.com/80281E/u/u/ll2/prettyPhoto/dark_rounded/btnNext.png
Reusing existing connection to edge.liveleak.com:80.
HTTP request sent, awaiting response... 200 OK
Length: 1411 (1.4K) [image/png]
Saving to: `code/../crawls/liveleak.com/Privacy-Policy/raw/edge.liveleak.com/80281E/u/u/ll2/prettyPhoto/dark_rounded/btnNext.png'

     0K .                                                     100%  210M=0s

2012-08-02 13:34:24 (210 MB/s) - `code/../crawls/liveleak.com/Privacy-Policy/raw/edge.liveleak.com/80281E/u/u/ll2/prettyPhoto/dark_rounded/btnNext.png' saved [1411/1411]

--2012-08-02 13:34:24--  http://edge.liveleak.com/80281E/u/u/ll2/prettyPhoto/dark_rounded/btnPrevious.png
Reusing existing connection to edge.liveleak.com:80.
HTTP request sent, awaiting response... 200 OK
Length: 1442 (1.4K) [image/png]
Saving to: `code/../crawls/liveleak.com/Privacy-Policy/raw/edge.liveleak.com/80281E/u/u/ll2/prettyPhoto/dark_rounded/btnPrevious.png'

     0K .                                                     100%  220M=0s

2012-08-02 13:34:24 (220 MB/s) - `code/../crawls/liveleak.com/Privacy-Policy/raw/edge.liveleak.com/80281E/u/u/ll2/prettyPhoto/dark_rounded/btnPrevious.png' saved [1442/1442]

--2012-08-02 13:34:24--  http://edge.liveleak.com/80281E/u/u/ll2/prettyPhoto/dark_rounded/loader.gif
Reusing existing connection to edge.liveleak.com:80.
HTTP request sent, awaiting response... 200 OK
Length: 2545 (2.5K) [image/gif]
Saving to: `code/../crawls/liveleak.com/Privacy-Policy/raw/edge.liveleak.com/80281E/u/u/ll2/prettyPhoto/dark_rounded/loader.gif'

     0K ..                                                    100% 43.4M=0s

2012-08-02 13:34:25 (43.4 MB/s) - `code/../crawls/liveleak.com/Privacy-Policy/raw/edge.liveleak.com/80281E/u/u/ll2/prettyPhoto/dark_rounded/loader.gif' saved [2545/2545]

--2012-08-02 13:34:25--  http://edge.liveleak.com/80281E/u/u/ll2/prettyPhoto/dark_square/contentPattern.png
Reusing existing connection to edge.liveleak.com:80.
HTTP request sent, awaiting response... 200 OK
Length: 121 [image/png]
Saving to: `code/../crawls/liveleak.com/Privacy-Policy/raw/edge.liveleak.com/80281E/u/u/ll2/prettyPhoto/dark_square/contentPattern.png'

     0K                                                       100% 19.8M=0s

2012-08-02 13:34:25 (19.8 MB/s) - `code/../crawls/liveleak.com/Privacy-Policy/raw/edge.liveleak.com/80281E/u/u/ll2/prettyPhoto/dark_square/contentPattern.png' saved [121/121]

--2012-08-02 13:34:25--  http://edge.liveleak.com/80281E/u/u/ll2/prettyPhoto/dark_square/sprite.png
Reusing existing connection to edge.liveleak.com:80.
HTTP request sent, awaiting response... 200 OK
Length: 3507 (3.4K) [image/png]
Saving to: `code/../crawls/liveleak.com/Privacy-Policy/raw/edge.liveleak.com/80281E/u/u/ll2/prettyPhoto/dark_square/sprite.png'

     0K ...                                                   100% 54.2M=0s

2012-08-02 13:34:25 (54.2 MB/s) - `code/../crawls/liveleak.com/Privacy-Policy/raw/edge.liveleak.com/80281E/u/u/ll2/prettyPhoto/dark_square/sprite.png' saved [3507/3507]

--2012-08-02 13:34:25--  http://edge.liveleak.com/80281E/u/u/ll2/prettyPhoto/dark_square/btnNext.png
Reusing existing connection to edge.liveleak.com:80.
HTTP request sent, awaiting response... 200 OK
Length: 1411 (1.4K) [image/png]
Saving to: `code/../crawls/liveleak.com/Privacy-Policy/raw/edge.liveleak.com/80281E/u/u/ll2/prettyPhoto/dark_square/btnNext.png'

     0K .                                                     100%  217M=0s

2012-08-02 13:34:25 (217 MB/s) - `code/../crawls/liveleak.com/Privacy-Policy/raw/edge.liveleak.com/80281E/u/u/ll2/prettyPhoto/dark_square/btnNext.png' saved [1411/1411]

--2012-08-02 13:34:25--  http://edge.liveleak.com/80281E/u/u/ll2/prettyPhoto/dark_square/btnPrevious.png
Reusing existing connection to edge.liveleak.com:80.
HTTP request sent, awaiting response... 200 OK
Length: 1442 (1.4K) [image/png]
Saving to: `code/../crawls/liveleak.com/Privacy-Policy/raw/edge.liveleak.com/80281E/u/u/ll2/prettyPhoto/dark_square/btnPrevious.png'

     0K .                                                     100%  213M=0s

2012-08-02 13:34:25 (213 MB/s) - `code/../crawls/liveleak.com/Privacy-Policy/raw/edge.liveleak.com/80281E/u/u/ll2/prettyPhoto/dark_square/btnPrevious.png' saved [1442/1442]

--2012-08-02 13:34:25--  http://edge.liveleak.com/80281E/u/u/ll2/prettyPhoto/light_square/sprite.png
Reusing existing connection to edge.liveleak.com:80.
HTTP request sent, awaiting response... 200 OK
Length: 3507 (3.4K) [image/png]
Saving to: `code/../crawls/liveleak.com/Privacy-Policy/raw/edge.liveleak.com/80281E/u/u/ll2/prettyPhoto/light_square/sprite.png'

     0K ...                                                   100%  218M=0s

2012-08-02 13:34:25 (218 MB/s) - `code/../crawls/liveleak.com/Privacy-Policy/raw/edge.liveleak.com/80281E/u/u/ll2/prettyPhoto/light_square/sprite.png' saved [3507/3507]

--2012-08-02 13:34:25--  http://edge.liveleak.com/80281E/u/u/ll2/prettyPhoto/light_square/btnNext.png
Reusing existing connection to edge.liveleak.com:80.
HTTP request sent, awaiting response... 200 OK
Length: 1411 (1.4K) [image/png]
Saving to: `code/../crawls/liveleak.com/Privacy-Policy/raw/edge.liveleak.com/80281E/u/u/ll2/prettyPhoto/light_square/btnNext.png'

     0K .                                                     100%  210M=0s

2012-08-02 13:34:25 (210 MB/s) - `code/../crawls/liveleak.com/Privacy-Policy/raw/edge.liveleak.com/80281E/u/u/ll2/prettyPhoto/light_square/btnNext.png' saved [1411/1411]

--2012-08-02 13:34:25--  http://edge.liveleak.com/80281E/u/u/ll2/prettyPhoto/light_square/btnPrevious.png
Reusing existing connection to edge.liveleak.com:80.
HTTP request sent, awaiting response... 200 OK
Length: 1442 (1.4K) [image/png]
Saving to: `code/../crawls/liveleak.com/Privacy-Policy/raw/edge.liveleak.com/80281E/u/u/ll2/prettyPhoto/light_square/btnPrevious.png'

     0K .                                                     100%  215M=0s

2012-08-02 13:34:25 (215 MB/s) - `code/../crawls/liveleak.com/Privacy-Policy/raw/edge.liveleak.com/80281E/u/u/ll2/prettyPhoto/light_square/btnPrevious.png' saved [1442/1442]

--2012-08-02 13:34:25--  http://edge.liveleak.com/80281E/u/u/ll2/prettyPhoto/facebook/sprite.png
Reusing existing connection to edge.liveleak.com:80.
HTTP request sent, awaiting response... 200 OK
Length: 4227 (4.1K) [image/png]
Saving to: `code/../crawls/liveleak.com/Privacy-Policy/raw/edge.liveleak.com/80281E/u/u/ll2/prettyPhoto/facebook/sprite.png'

     0K ....                                                  100% 54.7M=0s

2012-08-02 13:34:25 (54.7 MB/s) - `code/../crawls/liveleak.com/Privacy-Policy/raw/edge.liveleak.com/80281E/u/u/ll2/prettyPhoto/facebook/sprite.png' saved [4227/4227]

--2012-08-02 13:34:25--  http://edge.liveleak.com/80281E/u/u/ll2/prettyPhoto/facebook/contentPatternTop.png
Reusing existing connection to edge.liveleak.com:80.
HTTP request sent, awaiting response... 200 OK
Length: 142 [image/png]
Saving to: `code/../crawls/liveleak.com/Privacy-Policy/raw/edge.liveleak.com/80281E/u/u/ll2/prettyPhoto/facebook/contentPatternTop.png'

     0K                                                       100% 25.8M=0s

2012-08-02 13:34:25 (25.8 MB/s) - `code/../crawls/liveleak.com/Privacy-Policy/raw/edge.liveleak.com/80281E/u/u/ll2/prettyPhoto/facebook/contentPatternTop.png' saved [142/142]

--2012-08-02 13:34:25--  http://edge.liveleak.com/80281E/u/u/ll2/prettyPhoto/facebook/contentPatternLeft.png
Reusing existing connection to edge.liveleak.com:80.
HTTP request sent, awaiting response... 200 OK
Length: 137 [image/png]
Saving to: `code/../crawls/liveleak.com/Privacy-Policy/raw/edge.liveleak.com/80281E/u/u/ll2/prettyPhoto/facebook/contentPatternLeft.png'

     0K                                                       100% 25.5M=0s

2012-08-02 13:34:25 (25.5 MB/s) - `code/../crawls/liveleak.com/Privacy-Policy/raw/edge.liveleak.com/80281E/u/u/ll2/prettyPhoto/facebook/contentPatternLeft.png' saved [137/137]

--2012-08-02 13:34:25--  http://edge.liveleak.com/80281E/u/u/ll2/prettyPhoto/facebook/contentPatternRight.png
Reusing existing connection to edge.liveleak.com:80.
HTTP request sent, awaiting response... 200 OK
Length: 136 [image/png]
Saving to: `code/../crawls/liveleak.com/Privacy-Policy/raw/edge.liveleak.com/80281E/u/u/ll2/prettyPhoto/facebook/contentPatternRight.png'

     0K                                                       100% 25.6M=0s

2012-08-02 13:34:25 (25.6 MB/s) - `code/../crawls/liveleak.com/Privacy-Policy/raw/edge.liveleak.com/80281E/u/u/ll2/prettyPhoto/facebook/contentPatternRight.png' saved [136/136]

--2012-08-02 13:34:25--  http://edge.liveleak.com/80281E/u/u/ll2/prettyPhoto/facebook/loader.gif
Reusing existing connection to edge.liveleak.com:80.
HTTP request sent, awaiting response... 200 OK
Length: 2545 (2.5K) [image/gif]
Saving to: `code/../crawls/liveleak.com/Privacy-Policy/raw/edge.liveleak.com/80281E/u/u/ll2/prettyPhoto/facebook/loader.gif'

     0K ..                                                    100% 39.4M=0s

2012-08-02 13:34:25 (39.4 MB/s) - `code/../crawls/liveleak.com/Privacy-Policy/raw/edge.liveleak.com/80281E/u/u/ll2/prettyPhoto/facebook/loader.gif' saved [2545/2545]

--2012-08-02 13:34:25--  http://edge.liveleak.com/80281E/u/u/ll2/prettyPhoto/facebook/btnNext.png
Reusing existing connection to edge.liveleak.com:80.
HTTP request sent, awaiting response... 200 OK
Length: 845 [image/png]
Saving to: `code/../crawls/liveleak.com/Privacy-Policy/raw/edge.liveleak.com/80281E/u/u/ll2/prettyPhoto/facebook/btnNext.png'

     0K                                                       100%  141M=0s

2012-08-02 13:34:25 (141 MB/s) - `code/../crawls/liveleak.com/Privacy-Policy/raw/edge.liveleak.com/80281E/u/u/ll2/prettyPhoto/facebook/btnNext.png' saved [845/845]

--2012-08-02 13:34:25--  http://edge.liveleak.com/80281E/u/u/ll2/prettyPhoto/facebook/btnPrevious.png
Reusing existing connection to edge.liveleak.com:80.
HTTP request sent, awaiting response... 200 OK
Length: 828 [image/png]
Saving to: `code/../crawls/liveleak.com/Privacy-Policy/raw/edge.liveleak.com/80281E/u/u/ll2/prettyPhoto/facebook/btnPrevious.png'

     0K                                                       100%  140M=0s

2012-08-02 13:34:25 (140 MB/s) - `code/../crawls/liveleak.com/Privacy-Policy/raw/edge.liveleak.com/80281E/u/u/ll2/prettyPhoto/facebook/btnPrevious.png' saved [828/828]

--2012-08-02 13:34:25--  http://edge.liveleak.com/80281E/u/u/ll2/prettyPhoto/facebook/contentPatternBottom.png
Reusing existing connection to edge.liveleak.com:80.
HTTP request sent, awaiting response... 200 OK
Length: 142 [image/png]
Saving to: `code/../crawls/liveleak.com/Privacy-Policy/raw/edge.liveleak.com/80281E/u/u/ll2/prettyPhoto/facebook/contentPatternBottom.png'

     0K                                                       100% 25.8M=0s

2012-08-02 13:34:25 (25.8 MB/s) - `code/../crawls/liveleak.com/Privacy-Policy/raw/edge.liveleak.com/80281E/u/u/ll2/prettyPhoto/facebook/contentPatternBottom.png' saved [142/142]

--2012-08-02 13:34:25--  http://edge.liveleak.com/80281E/u/u/ll2/prettyPhoto/facebook/default_thumbnail.gif
Reusing existing connection to edge.liveleak.com:80.
HTTP request sent, awaiting response... 200 OK
Length: 227 [image/gif]
Saving to: `code/../crawls/liveleak.com/Privacy-Policy/raw/edge.liveleak.com/80281E/u/u/ll2/prettyPhoto/facebook/default_thumbnail.gif'

     0K                                                       100% 42.9M=0s

2012-08-02 13:34:25 (42.9 MB/s) - `code/../crawls/liveleak.com/Privacy-Policy/raw/edge.liveleak.com/80281E/u/u/ll2/prettyPhoto/facebook/default_thumbnail.gif' saved [227/227]

FINISHED --2012-08-02 13:34:25--
Total wall clock time: 5.0s
Downloaded: 94 files, 573K in 1.4s (404 KB/s)
Converting code/../crawls/liveleak.com/Privacy-Policy/raw/www.liveleak.com/privacy.html... 21-26
Converting code/../crawls/liveleak.com/Privacy-Policy/raw/www.liveleak.com/j/border-radius.htc.html... 21-53
Converting code/../crawls/liveleak.com/Privacy-Policy/raw/edge.liveleak.com/80281E/u/u/ll2_css/prettyLoader.css... 2-0
Converting code/../crawls/liveleak.com/Privacy-Policy/raw/edge.liveleak.com/80281E/u/u/ll2_css/reset.css... nothing to do.
Converting code/../crawls/liveleak.com/Privacy-Policy/raw/edge.liveleak.com/80281E/u/u/ll2_css/prettyPhoto.css... 86-0
Converting code/../crawls/liveleak.com/Privacy-Policy/raw/www.liveleak.com/css/default.css... 36-0
Converting code/../crawls/liveleak.com/Privacy-Policy/raw/edge.liveleak.com/80281E/u/u/ll2_css/jquery_ui/jquery-ui-1.8.6.custom.css... 17-0
Converted 7 files in 0.008 seconds.
