--2012-05-10 05:06:21--  http://privacy.microsoft.com/FR-FR/fullnotice.mspx
Resolving privacy.microsoft.com... 64.4.11.26
Connecting to privacy.microsoft.com|64.4.11.26|:80... connected.
HTTP request sent, awaiting response... 200 OK
Length: 55364 (54K) [text/html]
Saving to: `code/../crawls/msn.fr/Privacy-Policy/raw/privacy.microsoft.com/FR-FR/fullnotice.mspx.html'

     0K .......... .......... .......... .......... .......... 92% 3.64M 0s
    50K ....                                                  100% 4.59M=0.01s

2012-05-10 05:06:21 (3.70 MB/s) - `code/../crawls/msn.fr/Privacy-Policy/raw/privacy.microsoft.com/FR-FR/fullnotice.mspx.html' saved [55364/55364]

--2012-05-10 05:06:21--  http://privacy.microsoft.com/mnp_utility.mspx/templatecss?template=%2flibrary%2fgallery%2ftemplates%2fMNP2.GenericArticle&shell=%2fconfiguration%2ffr-fr.xml&locale=fr-fr
Connecting to privacy.microsoft.com|64.4.11.26|:80... connected.
HTTP request sent, awaiting response... 200 OK
Length: 24537 (24K) [text/css]
Saving to: `code/../crawls/msn.fr/Privacy-Policy/raw/privacy.microsoft.com/mnp_utility.mspx/templatecss?template=%2flibrary%2fgallery%2ftemplates%2fMNP2.GenericArticle&shell=%2fconfiguration%2ffr-fr.xml&locale=fr-fr.css'

     0K .......... .......... ...                             100% 2.05M=0.01s

2012-05-10 05:06:22 (2.05 MB/s) - `code/../crawls/msn.fr/Privacy-Policy/raw/privacy.microsoft.com/mnp_utility.mspx/templatecss?template=%2flibrary%2fgallery%2ftemplates%2fMNP2.GenericArticle&shell=%2fconfiguration%2ffr-fr.xml&locale=fr-fr.css' saved [24537/24537]

--2012-05-10 05:06:22--  http://privacy.microsoft.com/library/mnp/2/aspx/css.aspx?locale=fr-fr&static=Page
Connecting to privacy.microsoft.com|64.4.11.26|:80... connected.
HTTP request sent, awaiting response... 200 OK
Length: 27 [text/css]
Saving to: `code/../crawls/msn.fr/Privacy-Policy/raw/privacy.microsoft.com/library/mnp/2/aspx/css.aspx?locale=fr-fr&static=Page.css'

     0K                                                       100% 4.58M=0s

2012-05-10 05:06:22 (4.58 MB/s) - `code/../crawls/msn.fr/Privacy-Policy/raw/privacy.microsoft.com/library/mnp/2/aspx/css.aspx?locale=fr-fr&static=Page.css' saved [27/27]

--2012-05-10 05:06:22--  http://privacy.microsoft.com/library/toolbar/3.0/css.aspx?c=/configuration/fr-fr.xml
Connecting to privacy.microsoft.com|64.4.11.26|:80... connected.
HTTP request sent, awaiting response... 200 OK
Length: 3924 (3.8K) [text/css]
Saving to: `code/../crawls/msn.fr/Privacy-Policy/raw/privacy.microsoft.com/library/toolbar/3.0/css.aspx?c=%2Fconfiguration%2Ffr-fr.xml.css'

     0K ...                                                   100% 1001K=0.004s

2012-05-10 05:06:22 (1001 KB/s) - `code/../crawls/msn.fr/Privacy-Policy/raw/privacy.microsoft.com/library/toolbar/3.0/css.aspx?c=%2Fconfiguration%2Ffr-fr.xml.css' saved [3924/3924]

The name is too long, 144 chars total.
Trying to shorten...
New name is trans_pixel.asp?source=privacy&TYPE='%20+%20tt%20+%20'&p=FR-FR&URI=%2fFR-FR%2ffullnotice.mspx&GUID=1F4FC18C-F71E-47FB-8FC9-612F.
The name is too long, 144 chars total.
Trying to shorten...
New name is trans_pixel.asp?source=privacy&TYPE='%20+%20tt%20+%20'&p=FR-FR&URI=%2fFR-FR%2ffullnotice.mspx&GUID=1F4FC18C-F71E-47FB-8FC9-612F.
--2012-05-10 05:06:22--  http://c.microsoft.com/trans_pixel.asp?source=privacy&TYPE='%20+%20tt%20+%20'&p=FR-FR&URI=%2fFR-FR%2ffullnotice.mspx&GUID=1F4FC18C-F71E-47FB-8FC9-612F8EE59C61&lc=fr-fr
Resolving c.microsoft.com... 64.4.11.30
Connecting to c.microsoft.com|64.4.11.30|:80... connected.
HTTP request sent, awaiting response... 200 OK
Length: 44 [image/gif]
Saving to: `code/../crawls/msn.fr/Privacy-Policy/raw/c.microsoft.com/trans_pixel.asp?source=privacy&TYPE=\'%20+%20tt%20+%20\'&p=FR-FR&URI=%2fFR-FR%2ffullnotice.mspx&GUID=1F4FC18C-F71E-47FB-8FC9-612F'

     0K                                                       100% 7.23M=0s

2012-05-10 05:06:22 (7.23 MB/s) - `code/../crawls/msn.fr/Privacy-Policy/raw/c.microsoft.com/trans_pixel.asp?source=privacy&TYPE=\'%20+%20tt%20+%20\'&p=FR-FR&URI=%2fFR-FR%2ffullnotice.mspx&GUID=1F4FC18C-F71E-47FB-8FC9-612F' saved [44/44]

--2012-05-10 05:06:22--  http://js.microsoft.com/library/svy/broker.js
Resolving js.microsoft.com... 206.160.170.49, 206.160.170.35
Connecting to js.microsoft.com|206.160.170.49|:80... connected.
HTTP request sent, awaiting response... 200 OK
Length: 27294 (27K) [application/x-javascript]
Saving to: `code/../crawls/msn.fr/Privacy-Policy/raw/js.microsoft.com/library/svy/broker.js'

     0K .......... .......... ......                          100% 5.06M=0.005s

2012-05-10 05:06:22 (5.06 MB/s) - `code/../crawls/msn.fr/Privacy-Policy/raw/js.microsoft.com/library/svy/broker.js' saved [27294/27294]

--2012-05-10 05:06:22--  http://privacy.microsoft.com/library/toolbar/3.0/gradient.aspx?a=4B92D9&b=1E77D3&w=250&h=22&d=ltr&c=eFLbOmyDquZL7nbgTLBSftxozLo%3d
Connecting to privacy.microsoft.com|64.4.11.26|:80... connected.
HTTP request sent, awaiting response... 200 OK
Length: 1407 (1.4K) [image/jpeg]
Saving to: `code/../crawls/msn.fr/Privacy-Policy/raw/privacy.microsoft.com/library/toolbar/3.0/gradient.aspx?a=4B92D9&b=1E77D3&w=250&h=22&d=ltr&c=eFLbOmyDquZL7nbgTLBSftxozLo%3d'

     0K .                                                     100%  216M=0s

2012-05-10 05:06:22 (216 MB/s) - `code/../crawls/msn.fr/Privacy-Policy/raw/privacy.microsoft.com/library/toolbar/3.0/gradient.aspx?a=4B92D9&b=1E77D3&w=250&h=22&d=ltr&c=eFLbOmyDquZL7nbgTLBSftxozLo%3d' saved [1407/1407]

--2012-05-10 05:06:22--  http://privacy.microsoft.com/library/toolbar/3.0/images/banners/ms_masthead_ltr.gif
Connecting to privacy.microsoft.com|64.4.11.26|:80... connected.
HTTP request sent, awaiting response... 200 OK
Length: 947 [image/gif]
Saving to: `code/../crawls/msn.fr/Privacy-Policy/raw/privacy.microsoft.com/library/toolbar/3.0/images/banners/ms_masthead_ltr.gif'

     0K                                                       100%  159M=0s

2012-05-10 05:06:22 (159 MB/s) - `code/../crawls/msn.fr/Privacy-Policy/raw/privacy.microsoft.com/library/toolbar/3.0/images/banners/ms_masthead_ltr.gif' saved [947/947]

--2012-05-10 05:06:22--  http://privacy.microsoft.com/library/toolbar/3.0/gradient.aspx?a=0A6CCE&b=FFFFFF&w=250&h=42&d=ltr&c=NAbKOqnrunJiULJyhm6k3VulBy4%3d
Connecting to privacy.microsoft.com|64.4.11.26|:80... connected.
HTTP request sent, awaiting response... 200 OK
Length: 2650 (2.6K) [image/jpeg]
Saving to: `code/../crawls/msn.fr/Privacy-Policy/raw/privacy.microsoft.com/library/toolbar/3.0/gradient.aspx?a=0A6CCE&b=FFFFFF&w=250&h=42&d=ltr&c=NAbKOqnrunJiULJyhm6k3VulBy4%3d'

     0K ..                                                    100%  934K=0.003s

2012-05-10 05:06:22 (934 KB/s) - `code/../crawls/msn.fr/Privacy-Policy/raw/privacy.microsoft.com/library/toolbar/3.0/gradient.aspx?a=0A6CCE&b=FFFFFF&w=250&h=42&d=ltr&c=NAbKOqnrunJiULJyhm6k3VulBy4%3d' saved [2650/2650]

--2012-05-10 05:06:22--  http://privacy.microsoft.com/library/gallery/templates/MNP2.Common/images/arrow_px_down.gif
Connecting to privacy.microsoft.com|64.4.11.26|:80... connected.
HTTP request sent, awaiting response... 200 OK
Length: 53 [image/gif]
Saving to: `code/../crawls/msn.fr/Privacy-Policy/raw/privacy.microsoft.com/library/gallery/templates/MNP2.Common/images/arrow_px_down.gif'

     0K                                                       100% 8.95M=0s

2012-05-10 05:06:22 (8.95 MB/s) - `code/../crawls/msn.fr/Privacy-Policy/raw/privacy.microsoft.com/library/gallery/templates/MNP2.Common/images/arrow_px_down.gif' saved [53/53]

--2012-05-10 05:06:22--  http://privacy.microsoft.com/en-us/images/safe_harbor_seal.gif
Connecting to privacy.microsoft.com|64.4.11.26|:80... connected.
HTTP request sent, awaiting response... 200 OK
Length: 13015 (13K) [image/gif]
Saving to: `code/../crawls/msn.fr/Privacy-Policy/raw/privacy.microsoft.com/en-us/images/safe_harbor_seal.gif'

     0K .......... ..                                         100% 1.80M=0.007s

2012-05-10 05:06:22 (1.80 MB/s) - `code/../crawls/msn.fr/Privacy-Policy/raw/privacy.microsoft.com/en-us/images/safe_harbor_seal.gif' saved [13015/13015]

--2012-05-10 05:06:22--  http://stb.msn.com/i/E3/D05222C8D0E9A3FC21DCD74B15ADF8.gif
Resolving stb.msn.com... 65.54.87.224, 65.54.87.226
Connecting to stb.msn.com|65.54.87.224|:80... connected.
HTTP request sent, awaiting response... 200 OK
Length: 3380 (3.3K) [image/gif]
Saving to: `code/../crawls/msn.fr/Privacy-Policy/raw/stb.msn.com/i/E3/D05222C8D0E9A3FC21DCD74B15ADF8.gif'

     0K ...                                                   100%  379M=0s

2012-05-10 05:06:22 (379 MB/s) - `code/../crawls/msn.fr/Privacy-Policy/raw/stb.msn.com/i/E3/D05222C8D0E9A3FC21DCD74B15ADF8.gif' saved [3380/3380]

--2012-05-10 05:06:22--  http://privacy.microsoft.com/library/gallery/templates/MNP2.Common/images/arrow_px_up.gif
Connecting to privacy.microsoft.com|64.4.11.26|:80... connected.
HTTP request sent, awaiting response... 200 OK
Length: 53 [image/gif]
Saving to: `code/../crawls/msn.fr/Privacy-Policy/raw/privacy.microsoft.com/library/gallery/templates/MNP2.Common/images/arrow_px_up.gif'

     0K                                                       100% 9.59M=0s

2012-05-10 05:06:22 (9.59 MB/s) - `code/../crawls/msn.fr/Privacy-Policy/raw/privacy.microsoft.com/library/gallery/templates/MNP2.Common/images/arrow_px_up.gif' saved [53/53]

The name is too long, 128 chars total.
Trying to shorten...
New name is trans_pixel.asp?source=privacy&TYPE=PV&p=FR-FR&URI=%2fFR-FR%2ffullnotice.mspx&GUID=1F4FC18C-F71E-47FB-8FC9-612F8EE59C61&lc=fr-f.
The name is too long, 128 chars total.
Trying to shorten...
New name is trans_pixel.asp?source=privacy&TYPE=PV&p=FR-FR&URI=%2fFR-FR%2ffullnotice.mspx&GUID=1F4FC18C-F71E-47FB-8FC9-612F8EE59C61&lc=fr-f.
--2012-05-10 05:06:22--  http://c.microsoft.com/trans_pixel.asp?source=privacy&TYPE=PV&p=FR-FR&URI=%2fFR-FR%2ffullnotice.mspx&GUID=1F4FC18C-F71E-47FB-8FC9-612F8EE59C61&lc=fr-fr
Connecting to c.microsoft.com|64.4.11.30|:80... connected.
HTTP request sent, awaiting response... 200 OK
Length: 44 [image/gif]
Saving to: `code/../crawls/msn.fr/Privacy-Policy/raw/c.microsoft.com/trans_pixel.asp?source=privacy&TYPE=PV&p=FR-FR&URI=%2fFR-FR%2ffullnotice.mspx&GUID=1F4FC18C-F71E-47FB-8FC9-612F8EE59C61&lc=fr-f'

     0K                                                       100% 7.36M=0s

2012-05-10 05:06:22 (7.36 MB/s) - `code/../crawls/msn.fr/Privacy-Policy/raw/c.microsoft.com/trans_pixel.asp?source=privacy&TYPE=PV&p=FR-FR&URI=%2fFR-FR%2ffullnotice.mspx&GUID=1F4FC18C-F71E-47FB-8FC9-612F8EE59C61&lc=fr-f' saved [44/44]

--2012-05-10 05:06:22--  http://privacy.microsoft.com/library/toolbar/3.0/gradient.aspx?a=FFFFFF&b=3F8CDA&w=400&h=1&d=ltr&c=9voXwao2n8RHkUH%2bmSK1HX5FMl4%3d
Connecting to privacy.microsoft.com|64.4.11.26|:80... connected.
HTTP request sent, awaiting response... 200 OK
Length: 1299 (1.3K) [image/jpeg]
Saving to: `code/../crawls/msn.fr/Privacy-Policy/raw/privacy.microsoft.com/library/toolbar/3.0/gradient.aspx?a=FFFFFF&b=3F8CDA&w=400&h=1&d=ltr&c=9voXwao2n8RHkUH%2bmSK1HX5FMl4%3d'

     0K .                                                     100%  198M=0s

2012-05-10 05:06:22 (198 MB/s) - `code/../crawls/msn.fr/Privacy-Policy/raw/privacy.microsoft.com/library/toolbar/3.0/gradient.aspx?a=FFFFFF&b=3F8CDA&w=400&h=1&d=ltr&c=9voXwao2n8RHkUH%2bmSK1HX5FMl4%3d' saved [1299/1299]

FINISHED --2012-05-10 05:06:22--
Total wall clock time: 0.4s
Downloaded: 15 files, 131K in 0.04s (2.88 MB/s)
Converting code/../crawls/msn.fr/Privacy-Policy/raw/privacy.microsoft.com/FR-FR/fullnotice.mspx.html... 103-16
Converting code/../crawls/msn.fr/Privacy-Policy/raw/privacy.microsoft.com/library/mnp/2/aspx/css.aspx?locale=fr-fr&static=Page.css... nothing to do.
Converting code/../crawls/msn.fr/Privacy-Policy/raw/privacy.microsoft.com/mnp_utility.mspx/templatecss?template=%2flibrary%2fgallery%2ftemplates%2fMNP2.GenericArticle&shell=%2fconfiguration%2ffr-fr.xml&locale=fr-fr.css... nothing to do.
Converting code/../crawls/msn.fr/Privacy-Policy/raw/privacy.microsoft.com/library/toolbar/3.0/css.aspx?c=%2Fconfiguration%2Ffr-fr.xml.css... 1-0
Converted 4 files in 0.004 seconds.
