--2013-04-27 05:13:08--  http://www.craigslist.org/about/privacy_policy
Resolving www.craigslist.org... 208.82.236.225
Connecting to www.craigslist.org|208.82.236.225|:80... connected.
HTTP request sent, awaiting response... 200 OK
Length: unspecified [text/html]
Saving to: `code/../crawls/craigslist.org/Privacy-Policy/raw/www.craigslist.org/about/privacy_policy.html'

     0K .......                                                 339K=0.02s

2013-04-27 05:13:09 (339 KB/s) - `code/../crawls/craigslist.org/Privacy-Policy/raw/www.craigslist.org/about/privacy_policy.html' saved [7273]

--2013-04-27 05:13:09--  http://www.craigslist.org/styles/clnew.css?v=8fb841c00e059cf0dc8b5f466f287617
Connecting to www.craigslist.org|208.82.236.225|:80... connected.
HTTP request sent, awaiting response... 200 OK
Length: unspecified [text/css]
Saving to: `code/../crawls/craigslist.org/Privacy-Policy/raw/www.craigslist.org/styles/clnew.css?v=8fb841c00e059cf0dc8b5f466f287617.css'

     0K .......... .......... .......... .......... .....       713K=0.06s

2013-04-27 05:13:09 (713 KB/s) - `code/../crawls/craigslist.org/Privacy-Policy/raw/www.craigslist.org/styles/clnew.css?v=8fb841c00e059cf0dc8b5f466f287617.css' saved [46710]

--2013-04-27 05:13:09--  http://www.craigslist.org/js/jquery-1.7.2.js?v=89700834f1601ac3ebc3e5fb3302c040
Connecting to www.craigslist.org|208.82.236.225|:80... connected.
HTTP request sent, awaiting response... 200 OK
Length: unspecified [application/x-javascript]
Saving to: `code/../crawls/craigslist.org/Privacy-Policy/raw/www.craigslist.org/js/jquery-1.7.2.js?v=89700834f1601ac3ebc3e5fb3302c040'

     0K .......... .......... .......... .......... ..........  778K
    50K .......... .......... .......... .......... .......... 2.20M
   100K .......... .......... .......... ........              10.8M=0.09s

2013-04-27 05:13:09 (1.50 MB/s) - `code/../crawls/craigslist.org/Privacy-Policy/raw/www.craigslist.org/js/jquery-1.7.2.js?v=89700834f1601ac3ebc3e5fb3302c040' saved [141424]

--2013-04-27 05:13:09--  http://www.craigslist.org/js/formats.js?v=6d47c67066549272982d7a06bbb1a291
Connecting to www.craigslist.org|208.82.236.225|:80... connected.
HTTP request sent, awaiting response... 200 OK
Length: unspecified [application/x-javascript]
Saving to: `code/../crawls/craigslist.org/Privacy-Policy/raw/www.craigslist.org/js/formats.js?v=6d47c67066549272982d7a06bbb1a291'

     0K ..........                                              468K=0.02s

2013-04-27 05:13:09 (468 KB/s) - `code/../crawls/craigslist.org/Privacy-Policy/raw/www.craigslist.org/js/formats.js?v=6d47c67066549272982d7a06bbb1a291' saved [10283]

--2013-04-27 05:13:09--  http://www.craigslist.org/images/sprites.png
Connecting to www.craigslist.org|208.82.236.225|:80... connected.
HTTP request sent, awaiting response... 200 OK
Length: 6351 (6.2K) [image/png]
Saving to: `code/../crawls/craigslist.org/Privacy-Policy/raw/www.craigslist.org/images/sprites.png'

     0K ......                                                100%  295K=0.02s

2013-04-27 05:13:09 (295 KB/s) - `code/../crawls/craigslist.org/Privacy-Policy/raw/www.craigslist.org/images/sprites.png' saved [6351/6351]

--2013-04-27 05:13:09--  http://www.craigslist.org/images/peace.jpg
Connecting to www.craigslist.org|208.82.236.225|:80... connected.
HTTP request sent, awaiting response... 200 OK
Length: 1863 (1.8K) [image/jpeg]
Saving to: `code/../crawls/craigslist.org/Privacy-Policy/raw/www.craigslist.org/images/peace.jpg'

     0K .                                                     100%  305M=0s

2013-04-27 05:13:09 (305 MB/s) - `code/../crawls/craigslist.org/Privacy-Policy/raw/www.craigslist.org/images/peace.jpg' saved [1863/1863]

--2013-04-27 05:13:09--  http://www.craigslist.org/images/shareSocial.png
Connecting to www.craigslist.org|208.82.236.225|:80... connected.
HTTP request sent, awaiting response... 200 OK
Length: 6622 (6.5K) [image/png]
Saving to: `code/../crawls/craigslist.org/Privacy-Policy/raw/www.craigslist.org/images/shareSocial.png'

     0K ......                                                100%  307K=0.02s

2013-04-27 05:13:09 (307 KB/s) - `code/../crawls/craigslist.org/Privacy-Policy/raw/www.craigslist.org/images/shareSocial.png' saved [6622/6622]

--2013-04-27 05:13:09--  http://www.craigslist.org/styles/images/checkerboard.png
Connecting to www.craigslist.org|208.82.236.225|:80... connected.
HTTP request sent, awaiting response... 200 OK
Length: unspecified [image/png]
Saving to: `code/../crawls/craigslist.org/Privacy-Policy/raw/www.craigslist.org/styles/images/checkerboard.png'

     0K                                                        20.8M=0s

2013-04-27 05:13:09 (20.8 MB/s) - `code/../crawls/craigslist.org/Privacy-Policy/raw/www.craigslist.org/styles/images/checkerboard.png' saved [193]

--2013-04-27 05:13:09--  http://www.craigslist.org/images/map/animated-spinny.gif
Connecting to www.craigslist.org|208.82.236.225|:80... connected.
HTTP request sent, awaiting response... 200 OK
Length: 5330 (5.2K) [image/gif]
Saving to: `code/../crawls/craigslist.org/Privacy-Policy/raw/www.craigslist.org/images/map/animated-spinny.gif'

     0K .....                                                 100% 42.3M=0s

2013-04-27 05:13:09 (42.3 MB/s) - `code/../crawls/craigslist.org/Privacy-Policy/raw/www.craigslist.org/images/map/animated-spinny.gif' saved [5330/5330]

FINISHED --2013-04-27 05:13:09--
Total wall clock time: 0.7s
Downloaded: 9 files, 221K in 0.2s (925 KB/s)
Converting code/../crawls/craigslist.org/Privacy-Policy/raw/www.craigslist.org/about/privacy_policy.html... 3-3
Converting code/../crawls/craigslist.org/Privacy-Policy/raw/www.craigslist.org/styles/clnew.css?v=8fb841c00e059cf0dc8b5f466f287617.css... 8-0
Converted 2 files in 0.002 seconds.
