--2013-01-30 05:10:50--  http://www.whitepages.com/privacy
Resolving www.whitepages.com... 64.124.61.10
Connecting to www.whitepages.com|64.124.61.10|:80... connected.
HTTP request sent, awaiting response... 301 Moved Permanently
Location: http://www.whitepagescustomers.com/data-policy [following]
--2013-01-30 05:10:51--  http://www.whitepagescustomers.com/data-policy
Resolving www.whitepagescustomers.com... 74.220.208.56
Connecting to www.whitepagescustomers.com|74.220.208.56|:80... connected.
HTTP request sent, awaiting response... 301 Moved Permanently
Location: http://www.whitepagescustomers.com/data-policy/ [following]
--2013-01-30 05:10:55--  http://www.whitepagescustomers.com/data-policy/
Reusing existing connection to www.whitepagescustomers.com:80.
HTTP request sent, awaiting response... 200 OK
Length: unspecified [text/html]
Saving to: `code/../crawls/whitepages.com/Privacy-Policy/raw/www.whitepages.com/privacy.html'

     0K .......... ........                                    53.1K=0.3s

2013-01-30 05:10:59 (53.1 KB/s) - `code/../crawls/whitepages.com/Privacy-Policy/raw/www.whitepages.com/privacy.html' saved [18907]

--2013-01-30 05:10:59--  http://www.whitepagescustomers.com/wp-content/themes/build/style.css
Reusing existing connection to www.whitepagescustomers.com:80.
HTTP request sent, awaiting response... 200 OK
Length: 17420 (17K) [text/css]
Saving to: `code/../crawls/whitepages.com/Privacy-Policy/raw/www.whitepagescustomers.com/wp-content/themes/build/style.css'

     0K .......... .......                                    100%  619K=0.03s

2013-01-30 05:11:00 (619 KB/s) - `code/../crawls/whitepages.com/Privacy-Policy/raw/www.whitepagescustomers.com/wp-content/themes/build/style.css' saved [17420/17420]

--2013-01-30 05:11:00--  http://www.whitepagescustomers.com/wp-content/plugins/contact-form-7/includes/css/styles.css?ver=3.2
Reusing existing connection to www.whitepagescustomers.com:80.
HTTP request sent, awaiting response... 200 OK
Length: 887 [text/css]
Saving to: `code/../crawls/whitepages.com/Privacy-Policy/raw/www.whitepagescustomers.com/wp-content/plugins/contact-form-7/includes/css/styles.css?ver=3.2.css'

     0K                                                       100%  137M=0s

2013-01-30 05:11:00 (137 MB/s) - `code/../crawls/whitepages.com/Privacy-Policy/raw/www.whitepagescustomers.com/wp-content/plugins/contact-form-7/includes/css/styles.css?ver=3.2.css' saved [887/887]

--2013-01-30 05:11:00--  http://www.whitepagescustomers.com/wp-includes/js/comment-reply.js?ver=3.4.1
Reusing existing connection to www.whitepagescustomers.com:80.
HTTP request sent, awaiting response... 200 OK
Length: 786 [text/javascript]
Saving to: `code/../crawls/whitepages.com/Privacy-Policy/raw/www.whitepagescustomers.com/wp-includes/js/comment-reply.js?ver=3.4.1'

     0K                                                       100%  120M=0s

2013-01-30 05:11:00 (120 MB/s) - `code/../crawls/whitepages.com/Privacy-Policy/raw/www.whitepagescustomers.com/wp-includes/js/comment-reply.js?ver=3.4.1' saved [786/786]

--2013-01-30 05:11:00--  http://www.whitepagescustomers.com/wp-includes/js/jquery/jquery.js?ver=1.7.2
Reusing existing connection to www.whitepagescustomers.com:80.
HTTP request sent, awaiting response... 200 OK
Length: 94861 (93K) [text/javascript]
Saving to: `code/../crawls/whitepages.com/Privacy-Policy/raw/www.whitepagescustomers.com/wp-includes/js/jquery/jquery.js?ver=1.7.2'

     0K .......... .......... .......... .......... .......... 53% 1.16M 0s
    50K .......... .......... .......... .......... ..        100% 1.24M=0.08s

2013-01-30 05:11:00 (1.20 MB/s) - `code/../crawls/whitepages.com/Privacy-Policy/raw/www.whitepagescustomers.com/wp-includes/js/jquery/jquery.js?ver=1.7.2' saved [94861/94861]

--2013-01-30 05:11:00--  http://www.whitepagescustomers.com/wp-content/themes/build/images/CSlogo.gif
Reusing existing connection to www.whitepagescustomers.com:80.
HTTP request sent, awaiting response... 200 OK
Length: 3130 (3.1K) [image/gif]
Saving to: `code/../crawls/whitepages.com/Privacy-Policy/raw/www.whitepagescustomers.com/wp-content/themes/build/images/CSlogo.gif'

     0K ...                                                   100% 2.34M=0.001s

2013-01-30 05:11:00 (2.34 MB/s) - `code/../crawls/whitepages.com/Privacy-Policy/raw/www.whitepagescustomers.com/wp-content/themes/build/images/CSlogo.gif' saved [3130/3130]

--2013-01-30 05:11:00--  http://www.whitepagescustomers.com/wp-content/plugins/contact-form-7/includes/js/jquery.form.js?ver=3.09
Reusing existing connection to www.whitepagescustomers.com:80.
HTTP request sent, awaiting response... 200 OK
Length: 14238 (14K) [text/javascript]
Saving to: `code/../crawls/whitepages.com/Privacy-Policy/raw/www.whitepagescustomers.com/wp-content/plugins/contact-form-7/includes/js/jquery.form.js?ver=3.09'

     0K .......... ...                                        100% 1.95M=0.007s

2013-01-30 05:11:00 (1.95 MB/s) - `code/../crawls/whitepages.com/Privacy-Policy/raw/www.whitepagescustomers.com/wp-content/plugins/contact-form-7/includes/js/jquery.form.js?ver=3.09' saved [14238/14238]

--2013-01-30 05:11:00--  http://www.whitepagescustomers.com/wp-content/plugins/contact-form-7/includes/js/scripts.js?ver=3.2
Reusing existing connection to www.whitepagescustomers.com:80.
HTTP request sent, awaiting response... 200 OK
Length: 6630 (6.5K) [text/javascript]
Saving to: `code/../crawls/whitepages.com/Privacy-Policy/raw/www.whitepagescustomers.com/wp-content/plugins/contact-form-7/includes/js/scripts.js?ver=3.2'

     0K ......                                                100% 2.52M=0.003s

2013-01-30 05:11:00 (2.52 MB/s) - `code/../crawls/whitepages.com/Privacy-Policy/raw/www.whitepagescustomers.com/wp-content/plugins/contact-form-7/includes/js/scripts.js?ver=3.2' saved [6630/6630]

The name is too long, 128 chars total.
Trying to shorten...
New name is webValidator.aspx?sdfc=aeaabee4-109199-0f6227eb-bcb4-40ba-8674-6e54e14e5a5c&lID=1&loc=STUDY&cD=120&rF=False&iType=1&domainname=.
The name is too long, 128 chars total.
Trying to shorten...
New name is webValidator.aspx?sdfc=aeaabee4-109199-0f6227eb-bcb4-40ba-8674-6e54e14e5a5c&lID=1&loc=STUDY&cD=120&rF=False&iType=1&domainname=.
--2013-01-30 05:11:00--  http://ips-invite.iperceptions.com/webValidator.aspx?sdfc=aeaabee4-109199-0f6227eb-bcb4-40ba-8674-6e54e14e5a5c&lID=1&loc=STUDY&cD=120&rF=False&iType=1&domainname=0
Resolving ips-invite.iperceptions.com... 38.108.74.245, 8.21.32.164
Connecting to ips-invite.iperceptions.com|38.108.74.245|:80... connected.
HTTP request sent, awaiting response... 200 OK
Length: 84 [text/javascript]
Saving to: `code/../crawls/whitepages.com/Privacy-Policy/raw/ips-invite.iperceptions.com/webValidator.aspx?sdfc=aeaabee4-109199-0f6227eb-bcb4-40ba-8674-6e54e14e5a5c&lID=1&loc=STUDY&cD=120&rF=False&iType=1&domainname='

     0K                                                       100% 14.2M=0s

2013-01-30 05:11:00 (14.2 MB/s) - `code/../crawls/whitepages.com/Privacy-Policy/raw/ips-invite.iperceptions.com/webValidator.aspx?sdfc=aeaabee4-109199-0f6227eb-bcb4-40ba-8674-6e54e14e5a5c&lID=1&loc=STUDY&cD=120&rF=False&iType=1&domainname=' saved [84/84]

--2013-01-30 05:11:00--  http://www.whitepagescustomers.com/wp-content/themes/build/images/questions.png
Reusing existing connection to www.whitepagescustomers.com:80.
HTTP request sent, awaiting response... 200 OK
Length: 550 [image/png]
Saving to: `code/../crawls/whitepages.com/Privacy-Policy/raw/www.whitepagescustomers.com/wp-content/themes/build/images/questions.png'

     0K                                                       100% 43.3M=0s

2013-01-30 05:11:00 (43.3 MB/s) - `code/../crawls/whitepages.com/Privacy-Policy/raw/www.whitepagescustomers.com/wp-content/themes/build/images/questions.png' saved [550/550]

--2013-01-30 05:11:00--  http://www.whitepagescustomers.com/wp-content/themes/build/images/exclaim.png
Reusing existing connection to www.whitepagescustomers.com:80.
HTTP request sent, awaiting response... 200 OK
Length: 403 [image/png]
Saving to: `code/../crawls/whitepages.com/Privacy-Policy/raw/www.whitepagescustomers.com/wp-content/themes/build/images/exclaim.png'

     0K                                                       100% 69.7M=0s

2013-01-30 05:11:00 (69.7 MB/s) - `code/../crawls/whitepages.com/Privacy-Policy/raw/www.whitepagescustomers.com/wp-content/themes/build/images/exclaim.png' saved [403/403]

--2013-01-30 05:11:00--  http://www.whitepagescustomers.com/wp-content/themes/build/images/mail.png
Reusing existing connection to www.whitepagescustomers.com:80.
HTTP request sent, awaiting response... 200 OK
Length: 389 [image/png]
Saving to: `code/../crawls/whitepages.com/Privacy-Policy/raw/www.whitepagescustomers.com/wp-content/themes/build/images/mail.png'

     0K                                                       100% 64.8M=0s

2013-01-30 05:11:00 (64.8 MB/s) - `code/../crawls/whitepages.com/Privacy-Policy/raw/www.whitepagescustomers.com/wp-content/themes/build/images/mail.png' saved [389/389]

--2013-01-30 05:11:00--  http://www.whitepagescustomers.com/wp-content/themes/build/images/buttonarrow_right.png
Reusing existing connection to www.whitepagescustomers.com:80.
HTTP request sent, awaiting response... 200 OK
Length: 590 [image/png]
Saving to: `code/../crawls/whitepages.com/Privacy-Policy/raw/www.whitepagescustomers.com/wp-content/themes/build/images/buttonarrow_right.png'

     0K                                                       100% 97.4M=0s

2013-01-30 05:11:00 (97.4 MB/s) - `code/../crawls/whitepages.com/Privacy-Policy/raw/www.whitepagescustomers.com/wp-content/themes/build/images/buttonarrow_right.png' saved [590/590]

--2013-01-30 05:11:00--  http://www.whitepagescustomers.com/wp-content/themes/build/images/buttonarrow.png
Reusing existing connection to www.whitepagescustomers.com:80.
HTTP request sent, awaiting response... 200 OK
Length: 587 [image/png]
Saving to: `code/../crawls/whitepages.com/Privacy-Policy/raw/www.whitepagescustomers.com/wp-content/themes/build/images/buttonarrow.png'

     0K                                                       100%  106M=0s

2013-01-30 05:11:00 (106 MB/s) - `code/../crawls/whitepages.com/Privacy-Policy/raw/www.whitepagescustomers.com/wp-content/themes/build/images/buttonarrow.png' saved [587/587]

--2013-01-30 05:11:00--  http://www.whitepagescustomers.com/wp-content/themes/build/images/sendmessage.png
Reusing existing connection to www.whitepagescustomers.com:80.
HTTP request sent, awaiting response... 200 OK
Length: 5279 (5.2K) [image/png]
Saving to: `code/../crawls/whitepages.com/Privacy-Policy/raw/www.whitepagescustomers.com/wp-content/themes/build/images/sendmessage.png'

     0K .....                                                 100% 2.70M=0.002s

2013-01-30 05:11:00 (2.70 MB/s) - `code/../crawls/whitepages.com/Privacy-Policy/raw/www.whitepagescustomers.com/wp-content/themes/build/images/sendmessage.png' saved [5279/5279]

--2013-01-30 05:11:00--  http://www.whitepagescustomers.com/wp-content/themes/build/images/sendfeedback.png
Reusing existing connection to www.whitepagescustomers.com:80.
HTTP request sent, awaiting response... 200 OK
Length: 5336 (5.2K) [image/png]
Saving to: `code/../crawls/whitepages.com/Privacy-Policy/raw/www.whitepagescustomers.com/wp-content/themes/build/images/sendfeedback.png'

     0K .....                                                 100% 2.21M=0.002s

2013-01-30 05:11:00 (2.21 MB/s) - `code/../crawls/whitepages.com/Privacy-Policy/raw/www.whitepagescustomers.com/wp-content/themes/build/images/sendfeedback.png' saved [5336/5336]

--2013-01-30 05:11:00--  http://my.nanorep.com/widget/skins/mp_sprites.gif
Resolving my.nanorep.com... 174.129.216.228, 184.72.221.214, 174.129.3.240
Connecting to my.nanorep.com|174.129.216.228|:80... connected.
HTTP request sent, awaiting response... 200 Ok
Length: 2308 (2.3K) [image/gif]
Saving to: `code/../crawls/whitepages.com/Privacy-Policy/raw/my.nanorep.com/widget/skins/mp_sprites.gif'

     0K ..                                                    100%  301M=0s

2013-01-30 05:11:00 (301 MB/s) - `code/../crawls/whitepages.com/Privacy-Policy/raw/my.nanorep.com/widget/skins/mp_sprites.gif' saved [2308/2308]

FINISHED --2013-01-30 05:11:00--
Total wall clock time: 9.9s
Downloaded: 17 files, 168K in 0.5s (361 KB/s)
Converting code/../crawls/whitepages.com/Privacy-Policy/raw/www.whitepages.com/privacy.html... 9-0
Converting code/../crawls/whitepages.com/Privacy-Policy/raw/www.whitepagescustomers.com/wp-content/themes/build/style.css... 9-0
Converting code/../crawls/whitepages.com/Privacy-Policy/raw/www.whitepagescustomers.com/wp-content/plugins/contact-form-7/includes/css/styles.css?ver=3.2.css... nothing to do.
Converted 3 files in 0.002 seconds.
