--2012-11-12 05:14:51--  http://www.urbanspoon.com/privacy
Resolving www.urbanspoon.com... 66.135.44.85
Connecting to www.urbanspoon.com|66.135.44.85|:80... connected.
HTTP request sent, awaiting response... 200 OK
Length: unspecified [text/html]
Saving to: `code/../crawls/urbanspoon.com/Privacy-Policy/raw/www.urbanspoon.com/privacy.html'

     0K .......... .......... ..                                144K=0.2s

2012-11-12 05:14:52 (144 KB/s) - `code/../crawls/urbanspoon.com/Privacy-Policy/raw/www.urbanspoon.com/privacy.html' saved [22597]

--2012-11-12 05:14:52--  http://a2.urbancdn.com/stylesheets/app1-min.a5b69d9.css
Resolving a2.urbancdn.com... 23.61.194.8, 23.61.194.80
Connecting to a2.urbancdn.com|23.61.194.8|:80... connected.
HTTP request sent, awaiting response... 200 OK
Length: unspecified [text/css]
Saving to: `code/../crawls/urbanspoon.com/Privacy-Policy/raw/a2.urbancdn.com/stylesheets/app1-min.a5b69d9.css'

     0K .......... .......... .......... ......                5.22M=0.007s

2012-11-12 05:14:52 (5.22 MB/s) - `code/../crawls/urbanspoon.com/Privacy-Policy/raw/a2.urbancdn.com/stylesheets/app1-min.a5b69d9.css' saved [37665]

--2012-11-12 05:14:52--  http://a1.urbancdn.com/javascripts/application-min.a5b69d9.js
Resolving a1.urbancdn.com... 23.61.194.59, 23.61.194.83
Connecting to a1.urbancdn.com|23.61.194.59|:80... connected.
HTTP request sent, awaiting response... 200 OK
Length: unspecified [application/x-javascript]
Saving to: `code/../crawls/urbanspoon.com/Privacy-Policy/raw/a1.urbancdn.com/javascripts/application-min.a5b69d9.js'

     0K .......... .......... .......... .......... .......... 5.56M
    50K .......... .......... .......... .......... .......... 10.5M
   100K .......... .......... .......... .......... .......... 10.7M
   150K .......... .......... .......... .......... ....       9.13M=0.02s

2012-11-12 05:14:52 (8.35 MB/s) - `code/../crawls/urbanspoon.com/Privacy-Policy/raw/a1.urbancdn.com/javascripts/application-min.a5b69d9.js' saved [198722]

--2012-11-12 05:14:52--  http://a2.urbancdn.com/images/1/bgblur.gif
Connecting to a2.urbancdn.com|23.61.194.8|:80... connected.
HTTP request sent, awaiting response... 200 OK
Length: 137 [image/gif]
Saving to: `code/../crawls/urbanspoon.com/Privacy-Policy/raw/a2.urbancdn.com/images/1/bgblur.gif'

     0K                                                       100% 22.5M=0s

2012-11-12 05:14:52 (22.5 MB/s) - `code/../crawls/urbanspoon.com/Privacy-Policy/raw/a2.urbancdn.com/images/1/bgblur.gif' saved [137/137]

--2012-11-12 05:14:52--  http://a2.urbancdn.com/images/web/logo.a5b69d9.png
Reusing existing connection to a2.urbancdn.com:80.
HTTP request sent, awaiting response... 200 OK
Length: 2321 (2.3K) [image/png]
Saving to: `code/../crawls/urbanspoon.com/Privacy-Policy/raw/a2.urbancdn.com/images/web/logo.a5b69d9.png'

     0K ..                                                    100%  326M=0s

2012-11-12 05:14:52 (326 MB/s) - `code/../crawls/urbanspoon.com/Privacy-Policy/raw/a2.urbancdn.com/images/web/logo.a5b69d9.png' saved [2321/2321]

--2012-11-12 05:14:52--  http://a1.urbancdn.com/images/1/iphone_badge.a5b69d9.gif
Connecting to a1.urbancdn.com|23.61.194.59|:80... connected.
HTTP request sent, awaiting response... 200 OK
Length: 3495 (3.4K) [image/gif]
Saving to: `code/../crawls/urbanspoon.com/Privacy-Policy/raw/a1.urbancdn.com/images/1/iphone_badge.a5b69d9.gif'

     0K ...                                                   100%  431M=0s

2012-11-12 05:14:52 (431 MB/s) - `code/../crawls/urbanspoon.com/Privacy-Policy/raw/a1.urbancdn.com/images/1/iphone_badge.a5b69d9.gif' saved [3495/3495]

--2012-11-12 05:14:52--  http://b.scorecardresearch.com/p?c1=2&c2=6036230&c3=&c4=&c5=&c6=&c15=&cj=1
Resolving b.scorecardresearch.com... 23.61.194.248, 23.61.194.218
Connecting to b.scorecardresearch.com|23.61.194.248|:80... connected.
HTTP request sent, awaiting response... 302 Moved Temporarily
Location: http://b.scorecardresearch.com/p2?c1=2&c2=6036230&c3=&c4=&c5=&c6=&c15=&cj=1 [following]
--2012-11-12 05:14:52--  http://b.scorecardresearch.com/p2?c1=2&c2=6036230&c3=&c4=&c5=&c6=&c15=&cj=1
Reusing existing connection to b.scorecardresearch.com:80.
HTTP request sent, awaiting response... 200 OK
Length: 43 [image/gif]
Saving to: `code/../crawls/urbanspoon.com/Privacy-Policy/raw/b.scorecardresearch.com/p?c1=2&c2=6036230&c3=&c4=&c5=&c6=&c15=&cj=1'

     0K                                                       100% 7.19M=0s

2012-11-12 05:14:52 (7.19 MB/s) - `code/../crawls/urbanspoon.com/Privacy-Policy/raw/b.scorecardresearch.com/p?c1=2&c2=6036230&c3=&c4=&c5=&c6=&c15=&cj=1' saved [43/43]

--2012-11-12 05:14:52--  http://a1.urbancdn.com/images/1/bullet.gif
Connecting to a1.urbancdn.com|23.61.194.59|:80... connected.
HTTP request sent, awaiting response... 200 OK
Length: 45 [image/gif]
Saving to: `code/../crawls/urbanspoon.com/Privacy-Policy/raw/a1.urbancdn.com/images/1/bullet.gif'

     0K                                                       100% 7.69M=0s

2012-11-12 05:14:52 (7.69 MB/s) - `code/../crawls/urbanspoon.com/Privacy-Policy/raw/a1.urbancdn.com/images/1/bullet.gif' saved [45/45]

--2012-11-12 05:14:52--  http://a1.urbancdn.com/images/1/red-bullet.gif
Reusing existing connection to a1.urbancdn.com:80.
HTTP request sent, awaiting response... 200 OK
Length: 153 [image/gif]
Saving to: `code/../crawls/urbanspoon.com/Privacy-Policy/raw/a1.urbancdn.com/images/1/red-bullet.gif'

     0K                                                       100% 25.2M=0s

2012-11-12 05:14:52 (25.2 MB/s) - `code/../crawls/urbanspoon.com/Privacy-Policy/raw/a1.urbancdn.com/images/1/red-bullet.gif' saved [153/153]

--2012-11-12 05:14:52--  http://a1.urbancdn.com/images/1/tab_selected.gif
Reusing existing connection to a1.urbancdn.com:80.
HTTP request sent, awaiting response... 200 OK
Length: 472 [image/gif]
Saving to: `code/../crawls/urbanspoon.com/Privacy-Policy/raw/a1.urbancdn.com/images/1/tab_selected.gif'

     0K                                                       100% 83.0M=0s

2012-11-12 05:14:52 (83.0 MB/s) - `code/../crawls/urbanspoon.com/Privacy-Policy/raw/a1.urbancdn.com/images/1/tab_selected.gif' saved [472/472]

--2012-11-12 05:14:52--  http://a1.urbancdn.com/images/1/tab_unselected.gif
Reusing existing connection to a1.urbancdn.com:80.
HTTP request sent, awaiting response... 200 OK
Length: 537 [image/gif]
Saving to: `code/../crawls/urbanspoon.com/Privacy-Policy/raw/a1.urbancdn.com/images/1/tab_unselected.gif'

     0K                                                       100% 94.6M=0s

2012-11-12 05:14:52 (94.6 MB/s) - `code/../crawls/urbanspoon.com/Privacy-Policy/raw/a1.urbancdn.com/images/1/tab_unselected.gif' saved [537/537]

--2012-11-12 05:14:52--  http://a1.urbancdn.com/images/1/side-spoon.gif
Reusing existing connection to a1.urbancdn.com:80.
HTTP request sent, awaiting response... 200 OK
Length: 621 [image/gif]
Saving to: `code/../crawls/urbanspoon.com/Privacy-Policy/raw/a1.urbancdn.com/images/1/side-spoon.gif'

     0K                                                       100% 99.6M=0s

2012-11-12 05:14:53 (99.6 MB/s) - `code/../crawls/urbanspoon.com/Privacy-Policy/raw/a1.urbancdn.com/images/1/side-spoon.gif' saved [621/621]

--2012-11-12 05:14:53--  http://a2.urbancdn.com/images/1/blank.gif
Connecting to a2.urbancdn.com|23.61.194.8|:80... connected.
HTTP request sent, awaiting response... 200 OK
Length: 43 [image/gif]
Saving to: `code/../crawls/urbanspoon.com/Privacy-Policy/raw/a2.urbancdn.com/images/1/blank.gif'

     0K                                                       100% 7.66M=0s

2012-11-12 05:14:53 (7.66 MB/s) - `code/../crawls/urbanspoon.com/Privacy-Policy/raw/a2.urbancdn.com/images/1/blank.gif' saved [43/43]

--2012-11-12 05:14:53--  http://a1.urbancdn.com/images/1/border-hood.gif
Connecting to a1.urbancdn.com|23.61.194.59|:80... connected.
HTTP request sent, awaiting response... 200 OK
Length: 65 [image/gif]
Saving to: `code/../crawls/urbanspoon.com/Privacy-Policy/raw/a1.urbancdn.com/images/1/border-hood.gif'

     0K                                                       100% 11.2M=0s

2012-11-12 05:14:53 (11.2 MB/s) - `code/../crawls/urbanspoon.com/Privacy-Policy/raw/a1.urbancdn.com/images/1/border-hood.gif' saved [65/65]

--2012-11-12 05:14:53--  http://a1.urbancdn.com/images/1/border-wide.gif
Reusing existing connection to a1.urbancdn.com:80.
HTTP request sent, awaiting response... 200 OK
Length: 82 [image/gif]
Saving to: `code/../crawls/urbanspoon.com/Privacy-Policy/raw/a1.urbancdn.com/images/1/border-wide.gif'

     0K                                                       100% 14.5M=0s

2012-11-12 05:14:53 (14.5 MB/s) - `code/../crawls/urbanspoon.com/Privacy-Policy/raw/a1.urbancdn.com/images/1/border-wide.gif' saved [82/82]

--2012-11-12 05:14:53--  http://a1.urbancdn.com/images/1/tabl.gif
Reusing existing connection to a1.urbancdn.com:80.
HTTP request sent, awaiting response... 200 OK
Length: 215 [image/gif]
Saving to: `code/../crawls/urbanspoon.com/Privacy-Policy/raw/a1.urbancdn.com/images/1/tabl.gif'

     0K                                                       100% 35.9M=0s

2012-11-12 05:14:53 (35.9 MB/s) - `code/../crawls/urbanspoon.com/Privacy-Policy/raw/a1.urbancdn.com/images/1/tabl.gif' saved [215/215]

--2012-11-12 05:14:53--  http://a1.urbancdn.com/images/1/tabr.gif
Reusing existing connection to a1.urbancdn.com:80.
HTTP request sent, awaiting response... 200 OK
Length: 217 [image/gif]
Saving to: `code/../crawls/urbanspoon.com/Privacy-Policy/raw/a1.urbancdn.com/images/1/tabr.gif'

     0K                                                       100% 38.0M=0s

2012-11-12 05:14:53 (38.0 MB/s) - `code/../crawls/urbanspoon.com/Privacy-Policy/raw/a1.urbancdn.com/images/1/tabr.gif' saved [217/217]

--2012-11-12 05:14:53--  http://a1.urbancdn.com/images/1/tabstripe.gif
Reusing existing connection to a1.urbancdn.com:80.
HTTP request sent, awaiting response... 200 OK
Length: 44 [image/gif]
Saving to: `code/../crawls/urbanspoon.com/Privacy-Policy/raw/a1.urbancdn.com/images/1/tabstripe.gif'

     0K                                                       100% 7.59M=0s

2012-11-12 05:14:53 (7.59 MB/s) - `code/../crawls/urbanspoon.com/Privacy-Policy/raw/a1.urbancdn.com/images/1/tabstripe.gif' saved [44/44]

--2012-11-12 05:14:53--  http://a1.urbancdn.com/images/1/pointer.gif
Reusing existing connection to a1.urbancdn.com:80.
HTTP request sent, awaiting response... 200 OK
Length: 189 [image/gif]
Saving to: `code/../crawls/urbanspoon.com/Privacy-Policy/raw/a1.urbancdn.com/images/1/pointer.gif'

     0K                                                       100% 32.5M=0s

2012-11-12 05:14:53 (32.5 MB/s) - `code/../crawls/urbanspoon.com/Privacy-Policy/raw/a1.urbancdn.com/images/1/pointer.gif' saved [189/189]

--2012-11-12 05:14:53--  http://a1.urbancdn.com/images/1/button-gradient.gif
Reusing existing connection to a1.urbancdn.com:80.
HTTP request sent, awaiting response... 200 OK
Length: 155 [image/gif]
Saving to: `code/../crawls/urbanspoon.com/Privacy-Policy/raw/a1.urbancdn.com/images/1/button-gradient.gif'

     0K                                                       100% 28.1M=0s

2012-11-12 05:14:53 (28.1 MB/s) - `code/../crawls/urbanspoon.com/Privacy-Policy/raw/a1.urbancdn.com/images/1/button-gradient.gif' saved [155/155]

--2012-11-12 05:14:53--  http://a1.urbancdn.com/images/1/gray-gradient.gif
Reusing existing connection to a1.urbancdn.com:80.
HTTP request sent, awaiting response... 200 OK
Length: 155 [image/gif]
Saving to: `code/../crawls/urbanspoon.com/Privacy-Policy/raw/a1.urbancdn.com/images/1/gray-gradient.gif'

     0K                                                       100% 26.7M=0s

2012-11-12 05:14:54 (26.7 MB/s) - `code/../crawls/urbanspoon.com/Privacy-Policy/raw/a1.urbancdn.com/images/1/gray-gradient.gif' saved [155/155]

--2012-11-12 05:14:54--  http://a1.urbancdn.com/images/1/rate/highlight.gif
Reusing existing connection to a1.urbancdn.com:80.
HTTP request sent, awaiting response... 200 OK
Length: 869 [image/gif]
Saving to: `code/../crawls/urbanspoon.com/Privacy-Policy/raw/a1.urbancdn.com/images/1/rate/highlight.gif'

     0K                                                       100%  132M=0s

2012-11-12 05:14:54 (132 MB/s) - `code/../crawls/urbanspoon.com/Privacy-Policy/raw/a1.urbancdn.com/images/1/rate/highlight.gif' saved [869/869]

--2012-11-12 05:14:54--  http://a1.urbancdn.com/images/1/rss-small.gif
Reusing existing connection to a1.urbancdn.com:80.
HTTP request sent, awaiting response... 200 OK
Length: 450 [image/gif]
Saving to: `code/../crawls/urbanspoon.com/Privacy-Policy/raw/a1.urbancdn.com/images/1/rss-small.gif'

     0K                                                       100% 75.3M=0s

2012-11-12 05:14:54 (75.3 MB/s) - `code/../crawls/urbanspoon.com/Privacy-Policy/raw/a1.urbancdn.com/images/1/rss-small.gif' saved [450/450]

--2012-11-12 05:14:54--  http://a1.urbancdn.com/images/1/friend_add_b.gif
Reusing existing connection to a1.urbancdn.com:80.
HTTP request sent, awaiting response... 200 OK
Length: 129 [image/gif]
Saving to: `code/../crawls/urbanspoon.com/Privacy-Policy/raw/a1.urbancdn.com/images/1/friend_add_b.gif'

     0K                                                       100% 22.5M=0s

2012-11-12 05:14:54 (22.5 MB/s) - `code/../crawls/urbanspoon.com/Privacy-Policy/raw/a1.urbancdn.com/images/1/friend_add_b.gif' saved [129/129]

--2012-11-12 05:14:54--  http://a2.urbancdn.com/images/1/rezButton.gif
Connecting to a2.urbancdn.com|23.61.194.8|:80... connected.
HTTP request sent, awaiting response... 200 OK
Length: 47 [image/gif]
Saving to: `code/../crawls/urbanspoon.com/Privacy-Policy/raw/a2.urbancdn.com/images/1/rezButton.gif'

     0K                                                       100% 7.85M=0s

2012-11-12 05:14:54 (7.85 MB/s) - `code/../crawls/urbanspoon.com/Privacy-Policy/raw/a2.urbancdn.com/images/1/rezButton.gif' saved [47/47]

--2012-11-12 05:14:54--  http://a2.urbancdn.com/images/1/toggle_black.png
Reusing existing connection to a2.urbancdn.com:80.
HTTP request sent, awaiting response... 200 OK
Length: 280 [image/png]
Saving to: `code/../crawls/urbanspoon.com/Privacy-Policy/raw/a2.urbancdn.com/images/1/toggle_black.png'

     0K                                                       100% 49.2M=0s

2012-11-12 05:14:54 (49.2 MB/s) - `code/../crawls/urbanspoon.com/Privacy-Policy/raw/a2.urbancdn.com/images/1/toggle_black.png' saved [280/280]

FINISHED --2012-11-12 05:14:54--
Total wall clock time: 3.1s
Downloaded: 26 files, 263K in 0.2s (1.41 MB/s)
Converting code/../crawls/urbanspoon.com/Privacy-Policy/raw/www.urbanspoon.com/privacy.html... 8-9
Converting code/../crawls/urbanspoon.com/Privacy-Policy/raw/a2.urbancdn.com/stylesheets/app1-min.a5b69d9.css... 29-0
Converted 2 files in 0.002 seconds.
