--2013-01-16 05:20:10--  https://openwireless.org/important-information
Resolving openwireless.org... 64.147.188.7
Connecting to openwireless.org|64.147.188.7|:443... connected.
HTTP request sent, awaiting response... 200 OK
Length: unspecified [text/html]
Saving to: `code/../crawls/eff.org/Openwireless-org-repeat-infringer-policy/raw/openwireless.org/important-information.html'

     0K .......... .                                           12.1M=0.001s

2013-01-16 05:20:11 (12.1 MB/s) - `code/../crawls/eff.org/Openwireless-org-repeat-infringer-policy/raw/openwireless.org/important-information.html' saved [12131]

--2013-01-16 05:20:11--  https://openwireless.org/sites/all/themes/openwireless/images/fav-1.png
Reusing existing connection to openwireless.org:443.
HTTP request sent, awaiting response... 200 OK
Length: 1322 (1.3K) [image/png]
Saving to: `code/../crawls/eff.org/Openwireless-org-repeat-infringer-policy/raw/openwireless.org/sites/all/themes/openwireless/images/fav-1.png'

     0K .                                                     100% 32.1M=0s

2013-01-16 05:20:11 (32.1 MB/s) - `code/../crawls/eff.org/Openwireless-org-repeat-infringer-policy/raw/openwireless.org/sites/all/themes/openwireless/images/fav-1.png' saved [1322/1322]

--2013-01-16 05:20:11--  https://openwireless.org/sites/default/files/css/css_pbm0lsQQJ7A7WCCIMgxLho6mI_kBNgznNUWmTWcnfoE.css
Reusing existing connection to openwireless.org:443.
HTTP request sent, awaiting response... 200 OK
Length: 7518 (7.3K) [text/css]
Saving to: `code/../crawls/eff.org/Openwireless-org-repeat-infringer-policy/raw/openwireless.org/sites/default/files/css/css_pbm0lsQQJ7A7WCCIMgxLho6mI_kBNgznNUWmTWcnfoE.css'

     0K .......                                               100% 16.9M=0s

2013-01-16 05:20:11 (16.9 MB/s) - `code/../crawls/eff.org/Openwireless-org-repeat-infringer-policy/raw/openwireless.org/sites/default/files/css/css_pbm0lsQQJ7A7WCCIMgxLho6mI_kBNgznNUWmTWcnfoE.css' saved [7518/7518]

--2013-01-16 05:20:11--  https://openwireless.org/sites/default/files/css/css_botNHIYRQPys-RH2iA3U4LbV9bPNRS64tLAs8ec1ch8.css
Reusing existing connection to openwireless.org:443.
HTTP request sent, awaiting response... 200 OK
Length: 2352 (2.3K) [text/css]
Saving to: `code/../crawls/eff.org/Openwireless-org-repeat-infringer-policy/raw/openwireless.org/sites/default/files/css/css_botNHIYRQPys-RH2iA3U4LbV9bPNRS64tLAs8ec1ch8.css'

     0K ..                                                    100% 32.6M=0s

2013-01-16 05:20:11 (32.6 MB/s) - `code/../crawls/eff.org/Openwireless-org-repeat-infringer-policy/raw/openwireless.org/sites/default/files/css/css_botNHIYRQPys-RH2iA3U4LbV9bPNRS64tLAs8ec1ch8.css' saved [2352/2352]

--2013-01-16 05:20:11--  https://openwireless.org/sites/default/files/css/css_h_rCvkWc2j911ZbCnYv7a1HMQ_jvXyAcctXdjJ6_LeM.css
Reusing existing connection to openwireless.org:443.
HTTP request sent, awaiting response... 200 OK
Length: 1374 (1.3K) [text/css]
Saving to: `code/../crawls/eff.org/Openwireless-org-repeat-infringer-policy/raw/openwireless.org/sites/default/files/css/css_h_rCvkWc2j911ZbCnYv7a1HMQ_jvXyAcctXdjJ6_LeM.css'

     0K .                                                     100% 33.2M=0s

2013-01-16 05:20:11 (33.2 MB/s) - `code/../crawls/eff.org/Openwireless-org-repeat-infringer-policy/raw/openwireless.org/sites/default/files/css/css_h_rCvkWc2j911ZbCnYv7a1HMQ_jvXyAcctXdjJ6_LeM.css' saved [1374/1374]

--2013-01-16 05:20:11--  https://openwireless.org/sites/default/files/css/css_cApqTC7AhmoLYPNJ7S8AH3VEwcKK8kref5coUGRLFVE.css
Reusing existing connection to openwireless.org:443.
HTTP request sent, awaiting response... 200 OK
Length: 18927 (18K) [text/css]
Saving to: `code/../crawls/eff.org/Openwireless-org-repeat-infringer-policy/raw/openwireless.org/sites/default/files/css/css_cApqTC7AhmoLYPNJ7S8AH3VEwcKK8kref5coUGRLFVE.css'

     0K .......... ........                                   100% 11.3M=0.002s

2013-01-16 05:20:11 (11.3 MB/s) - `code/../crawls/eff.org/Openwireless-org-repeat-infringer-policy/raw/openwireless.org/sites/default/files/css/css_cApqTC7AhmoLYPNJ7S8AH3VEwcKK8kref5coUGRLFVE.css' saved [18927/18927]

--2013-01-16 05:20:11--  https://openwireless.org/sites/default/files/css/css_cNrxW_ix2eNPXfGofuTV9AmMLGW3oszAPxRebIjT84M.css
Reusing existing connection to openwireless.org:443.
HTTP request sent, awaiting response... 200 OK
Length: 7864 (7.7K) [text/css]
Saving to: `code/../crawls/eff.org/Openwireless-org-repeat-infringer-policy/raw/openwireless.org/sites/default/files/css/css_cNrxW_ix2eNPXfGofuTV9AmMLGW3oszAPxRebIjT84M.css'

     0K .......                                               100% 13.4M=0.001s

2013-01-16 05:20:11 (13.4 MB/s) - `code/../crawls/eff.org/Openwireless-org-repeat-infringer-policy/raw/openwireless.org/sites/default/files/css/css_cNrxW_ix2eNPXfGofuTV9AmMLGW3oszAPxRebIjT84M.css' saved [7864/7864]

--2013-01-16 05:20:11--  https://openwireless.org/sites/default/files/js/js_3jHghlMLrjr9xXAC0JufqSSch3oAbkZstSqYdc4uuck.js
Reusing existing connection to openwireless.org:443.
HTTP request sent, awaiting response... 200 OK
Length: 95434 (93K) [application/javascript]
Saving to: `code/../crawls/eff.org/Openwireless-org-repeat-infringer-policy/raw/openwireless.org/sites/default/files/js/js_3jHghlMLrjr9xXAC0JufqSSch3oAbkZstSqYdc4uuck.js'

     0K .......... .......... .......... .......... .......... 53% 7.23M 0s
    50K .......... .......... .......... .......... ...       100% 16.4M=0.009s

2013-01-16 05:20:11 (9.76 MB/s) - `code/../crawls/eff.org/Openwireless-org-repeat-infringer-policy/raw/openwireless.org/sites/default/files/js/js_3jHghlMLrjr9xXAC0JufqSSch3oAbkZstSqYdc4uuck.js' saved [95434/95434]

--2013-01-16 05:20:11--  https://openwireless.org/sites/default/files/js/js_dTzpEfg5C8aCKXF1xNgEebophY6fm3bvn1HT7ZtCxpM.js
Reusing existing connection to openwireless.org:443.
HTTP request sent, awaiting response... 200 OK
Length: 748 [application/javascript]
Saving to: `code/../crawls/eff.org/Openwireless-org-repeat-infringer-policy/raw/openwireless.org/sites/default/files/js/js_dTzpEfg5C8aCKXF1xNgEebophY6fm3bvn1HT7ZtCxpM.js'

     0K                                                       100% 25.6M=0s

2013-01-16 05:20:11 (25.6 MB/s) - `code/../crawls/eff.org/Openwireless-org-repeat-infringer-policy/raw/openwireless.org/sites/default/files/js/js_dTzpEfg5C8aCKXF1xNgEebophY6fm3bvn1HT7ZtCxpM.js' saved [748/748]

--2013-01-16 05:20:11--  https://openwireless.org/sites/default/files/js/js_43n5FBy8pZxQHxPXkf-sQF7ZiacVZke14b0VlvSA554.js
Reusing existing connection to openwireless.org:443.
HTTP request sent, awaiting response... 200 OK
Length: 7603 (7.4K) [application/javascript]
Saving to: `code/../crawls/eff.org/Openwireless-org-repeat-infringer-policy/raw/openwireless.org/sites/default/files/js/js_43n5FBy8pZxQHxPXkf-sQF7ZiacVZke14b0VlvSA554.js'

     0K .......                                               100% 5.48M=0.001s

2013-01-16 05:20:11 (5.48 MB/s) - `code/../crawls/eff.org/Openwireless-org-repeat-infringer-policy/raw/openwireless.org/sites/default/files/js/js_43n5FBy8pZxQHxPXkf-sQF7ZiacVZke14b0VlvSA554.js' saved [7603/7603]

--2013-01-16 05:20:11--  https://openwireless.org/misc/throbber.gif
Reusing existing connection to openwireless.org:443.
HTTP request sent, awaiting response... 200 OK
Length: 1336 (1.3K) [image/gif]
Saving to: `code/../crawls/eff.org/Openwireless-org-repeat-infringer-policy/raw/openwireless.org/misc/throbber.gif'

     0K .                                                     100% 32.0M=0s

2013-01-16 05:20:11 (32.0 MB/s) - `code/../crawls/eff.org/Openwireless-org-repeat-infringer-policy/raw/openwireless.org/misc/throbber.gif' saved [1336/1336]

--2013-01-16 05:20:11--  https://openwireless.org/misc/grippie.png
Reusing existing connection to openwireless.org:443.
HTTP request sent, awaiting response... 200 OK
Length: 106 [image/png]
Saving to: `code/../crawls/eff.org/Openwireless-org-repeat-infringer-policy/raw/openwireless.org/misc/grippie.png'

     0K                                                       100% 6.57M=0s

2013-01-16 05:20:11 (6.57 MB/s) - `code/../crawls/eff.org/Openwireless-org-repeat-infringer-policy/raw/openwireless.org/misc/grippie.png' saved [106/106]

--2013-01-16 05:20:11--  https://openwireless.org/misc/draggable.png
Reusing existing connection to openwireless.org:443.
HTTP request sent, awaiting response... 200 OK
Length: 268 [image/png]
Saving to: `code/../crawls/eff.org/Openwireless-org-repeat-infringer-policy/raw/openwireless.org/misc/draggable.png'

     0K                                                       100% 13.7M=0s

2013-01-16 05:20:11 (13.7 MB/s) - `code/../crawls/eff.org/Openwireless-org-repeat-infringer-policy/raw/openwireless.org/misc/draggable.png' saved [268/268]

--2013-01-16 05:20:11--  https://openwireless.org/misc/tree.png
Reusing existing connection to openwireless.org:443.
HTTP request sent, awaiting response... 200 OK
Length: 130 [image/png]
Saving to: `code/../crawls/eff.org/Openwireless-org-repeat-infringer-policy/raw/openwireless.org/misc/tree.png'

     0K                                                       100% 7.64M=0s

2013-01-16 05:20:11 (7.64 MB/s) - `code/../crawls/eff.org/Openwireless-org-repeat-infringer-policy/raw/openwireless.org/misc/tree.png' saved [130/130]

--2013-01-16 05:20:11--  https://openwireless.org/misc/tree-bottom.png
Reusing existing connection to openwireless.org:443.
HTTP request sent, awaiting response... 200 OK
Length: 129 [image/png]
Saving to: `code/../crawls/eff.org/Openwireless-org-repeat-infringer-policy/raw/openwireless.org/misc/tree-bottom.png'

     0K                                                       100% 7.64M=0s

2013-01-16 05:20:11 (7.64 MB/s) - `code/../crawls/eff.org/Openwireless-org-repeat-infringer-policy/raw/openwireless.org/misc/tree-bottom.png' saved [129/129]

--2013-01-16 05:20:11--  https://openwireless.org/misc/menu-expanded.png
Reusing existing connection to openwireless.org:443.
HTTP request sent, awaiting response... 200 OK
Length: 106 [image/png]
Saving to: `code/../crawls/eff.org/Openwireless-org-repeat-infringer-policy/raw/openwireless.org/misc/menu-expanded.png'

     0K                                                       100% 6.49M=0s

2013-01-16 05:20:11 (6.49 MB/s) - `code/../crawls/eff.org/Openwireless-org-repeat-infringer-policy/raw/openwireless.org/misc/menu-expanded.png' saved [106/106]

--2013-01-16 05:20:11--  https://openwireless.org/misc/menu-collapsed.png
Reusing existing connection to openwireless.org:443.
HTTP request sent, awaiting response... 200 OK
Length: 105 [image/png]
Saving to: `code/../crawls/eff.org/Openwireless-org-repeat-infringer-policy/raw/openwireless.org/misc/menu-collapsed.png'

     0K                                                       100% 6.48M=0s

2013-01-16 05:20:11 (6.48 MB/s) - `code/../crawls/eff.org/Openwireless-org-repeat-infringer-policy/raw/openwireless.org/misc/menu-collapsed.png' saved [105/105]

--2013-01-16 05:20:11--  https://openwireless.org/misc/menu-leaf.png
Reusing existing connection to openwireless.org:443.
HTTP request sent, awaiting response... 200 OK
Length: 126 [image/png]
Saving to: `code/../crawls/eff.org/Openwireless-org-repeat-infringer-policy/raw/openwireless.org/misc/menu-leaf.png'

     0K                                                       100% 7.60M=0s

2013-01-16 05:20:11 (7.60 MB/s) - `code/../crawls/eff.org/Openwireless-org-repeat-infringer-policy/raw/openwireless.org/misc/menu-leaf.png' saved [126/126]

--2013-01-16 05:20:11--  https://openwireless.org/misc/message-24-ok.png
Reusing existing connection to openwireless.org:443.
HTTP request sent, awaiting response... 200 OK
Length: 1058 (1.0K) [image/png]
Saving to: `code/../crawls/eff.org/Openwireless-org-repeat-infringer-policy/raw/openwireless.org/misc/message-24-ok.png'

     0K .                                                     100% 30.0M=0s

2013-01-16 05:20:11 (30.0 MB/s) - `code/../crawls/eff.org/Openwireless-org-repeat-infringer-policy/raw/openwireless.org/misc/message-24-ok.png' saved [1058/1058]

--2013-01-16 05:20:11--  https://openwireless.org/misc/message-24-warning.png
Reusing existing connection to openwireless.org:443.
HTTP request sent, awaiting response... 200 OK
Length: 753 [image/png]
Saving to: `code/../crawls/eff.org/Openwireless-org-repeat-infringer-policy/raw/openwireless.org/misc/message-24-warning.png'

     0K                                                       100% 25.6M=0s

2013-01-16 05:20:11 (25.6 MB/s) - `code/../crawls/eff.org/Openwireless-org-repeat-infringer-policy/raw/openwireless.org/misc/message-24-warning.png' saved [753/753]

--2013-01-16 05:20:11--  https://openwireless.org/misc/message-24-error.png
Reusing existing connection to openwireless.org:443.
HTTP request sent, awaiting response... 200 OK
Length: 733 [image/png]
Saving to: `code/../crawls/eff.org/Openwireless-org-repeat-infringer-policy/raw/openwireless.org/misc/message-24-error.png'

     0K                                                       100% 21.8M=0s

2013-01-16 05:20:11 (21.8 MB/s) - `code/../crawls/eff.org/Openwireless-org-repeat-infringer-policy/raw/openwireless.org/misc/message-24-error.png' saved [733/733]

--2013-01-16 05:20:11--  https://openwireless.org/misc/help.png
Reusing existing connection to openwireless.org:443.
HTTP request sent, awaiting response... 200 OK
Length: 294 [image/png]
Saving to: `code/../crawls/eff.org/Openwireless-org-repeat-infringer-policy/raw/openwireless.org/misc/help.png'

     0K                                                       100% 15.0M=0s

2013-01-16 05:20:11 (15.0 MB/s) - `code/../crawls/eff.org/Openwireless-org-repeat-infringer-policy/raw/openwireless.org/misc/help.png' saved [294/294]

--2013-01-16 05:20:11--  https://openwireless.org/misc/progress.gif
Reusing existing connection to openwireless.org:443.
HTTP request sent, awaiting response... 200 OK
Length: 5872 (5.7K) [image/gif]
Saving to: `code/../crawls/eff.org/Openwireless-org-repeat-infringer-policy/raw/openwireless.org/misc/progress.gif'

     0K .....                                                 100% 13.6M=0s

2013-01-16 05:20:11 (13.6 MB/s) - `code/../crawls/eff.org/Openwireless-org-repeat-infringer-policy/raw/openwireless.org/misc/progress.gif' saved [5872/5872]

--2013-01-16 05:20:11--  https://openwireless.org/sites/all/modules/ctools/images/status-active.gif
Reusing existing connection to openwireless.org:443.
HTTP request sent, awaiting response... 200 OK
Length: 2196 (2.1K) [image/gif]
Saving to: `code/../crawls/eff.org/Openwireless-org-repeat-infringer-policy/raw/openwireless.org/sites/all/modules/ctools/images/status-active.gif'

     0K ..                                                    100% 37.8M=0s

2013-01-16 05:20:11 (37.8 MB/s) - `code/../crawls/eff.org/Openwireless-org-repeat-infringer-policy/raw/openwireless.org/sites/all/modules/ctools/images/status-active.gif' saved [2196/2196]

--2013-01-16 05:20:11--  https://openwireless.org/sites/all/themes/omega/omega/images/button.png
Reusing existing connection to openwireless.org:443.
HTTP request sent, awaiting response... 200 OK
Length: 85 [image/png]
Saving to: `code/../crawls/eff.org/Openwireless-org-repeat-infringer-policy/raw/openwireless.org/sites/all/themes/omega/omega/images/button.png'

     0K                                                       100% 4.87M=0s

2013-01-16 05:20:11 (4.87 MB/s) - `code/../crawls/eff.org/Openwireless-org-repeat-infringer-policy/raw/openwireless.org/sites/all/themes/omega/omega/images/button.png' saved [85/85]

--2013-01-16 05:20:11--  https://openwireless.org/sites/all/themes/omega/omega/images/select-arrow.gif
Reusing existing connection to openwireless.org:443.
HTTP request sent, awaiting response... 200 OK
Length: 52 [image/gif]
Saving to: `code/../crawls/eff.org/Openwireless-org-repeat-infringer-policy/raw/openwireless.org/sites/all/themes/omega/omega/images/select-arrow.gif'

     0K                                                       100% 3.22M=0s

2013-01-16 05:20:11 (3.22 MB/s) - `code/../crawls/eff.org/Openwireless-org-repeat-infringer-policy/raw/openwireless.org/sites/all/themes/omega/omega/images/select-arrow.gif' saved [52/52]

--2013-01-16 05:20:11--  https://openwireless.org/sites/all/themes/openwireless/fonts/montserrat.woff
Reusing existing connection to openwireless.org:443.
HTTP request sent, awaiting response... 200 OK
Length: 11752 (11K) [application/x-font-woff]
Saving to: `code/../crawls/eff.org/Openwireless-org-repeat-infringer-policy/raw/openwireless.org/sites/all/themes/openwireless/fonts/montserrat.woff'

     0K .......... .                                          100% 5.73M=0.002s

2013-01-16 05:20:11 (5.73 MB/s) - `code/../crawls/eff.org/Openwireless-org-repeat-infringer-policy/raw/openwireless.org/sites/all/themes/openwireless/fonts/montserrat.woff' saved [11752/11752]

--2013-01-16 05:20:11--  https://openwireless.org/sites/all/themes/openwireless/fonts/oswald.woff
Reusing existing connection to openwireless.org:443.
HTTP request sent, awaiting response... 200 OK
Length: 23928 (23K) [application/x-font-woff]
Saving to: `code/../crawls/eff.org/Openwireless-org-repeat-infringer-policy/raw/openwireless.org/sites/all/themes/openwireless/fonts/oswald.woff'

     0K .......... .......... ...                             100% 11.5M=0.002s

2013-01-16 05:20:11 (11.5 MB/s) - `code/../crawls/eff.org/Openwireless-org-repeat-infringer-policy/raw/openwireless.org/sites/all/themes/openwireless/fonts/oswald.woff' saved [23928/23928]

--2013-01-16 05:20:11--  https://openwireless.org/sites/all/themes/openwireless/images/background.jpg
Reusing existing connection to openwireless.org:443.
HTTP request sent, awaiting response... 200 OK
Length: 48553 (47K) [image/jpeg]
Saving to: `code/../crawls/eff.org/Openwireless-org-repeat-infringer-policy/raw/openwireless.org/sites/all/themes/openwireless/images/background.jpg'

     0K .......... .......... .......... .......... .......   100% 6.55M=0.007s

2013-01-16 05:20:11 (6.55 MB/s) - `code/../crawls/eff.org/Openwireless-org-repeat-infringer-policy/raw/openwireless.org/sites/all/themes/openwireless/images/background.jpg' saved [48553/48553]

--2013-01-16 05:20:11--  https://openwireless.org/sites/all/themes/openwireless/images/icons/90/users.png
Reusing existing connection to openwireless.org:443.
HTTP request sent, awaiting response... 200 OK
Length: 7233 (7.1K) [image/png]
Saving to: `code/../crawls/eff.org/Openwireless-org-repeat-infringer-policy/raw/openwireless.org/sites/all/themes/openwireless/images/icons/90/users.png'

     0K .......                                               100% 16.8M=0s

2013-01-16 05:20:11 (16.8 MB/s) - `code/../crawls/eff.org/Openwireless-org-repeat-infringer-policy/raw/openwireless.org/sites/all/themes/openwireless/images/icons/90/users.png' saved [7233/7233]

--2013-01-16 05:20:11--  https://openwireless.org/sites/all/themes/openwireless/images/icons/90/users_active.png
Reusing existing connection to openwireless.org:443.
HTTP request sent, awaiting response... 200 OK
Length: 6953 (6.8K) [image/png]
Saving to: `code/../crawls/eff.org/Openwireless-org-repeat-infringer-policy/raw/openwireless.org/sites/all/themes/openwireless/images/icons/90/users_active.png'

     0K ......                                                100% 5.57M=0.001s

2013-01-16 05:20:11 (5.57 MB/s) - `code/../crawls/eff.org/Openwireless-org-repeat-infringer-policy/raw/openwireless.org/sites/all/themes/openwireless/images/icons/90/users_active.png' saved [6953/6953]

--2013-01-16 05:20:11--  https://openwireless.org/sites/all/themes/openwireless/images/icons/90/businesses.png
Reusing existing connection to openwireless.org:443.
HTTP request sent, awaiting response... 200 OK
Length: 6740 (6.6K) [image/png]
Saving to: `code/../crawls/eff.org/Openwireless-org-repeat-infringer-policy/raw/openwireless.org/sites/all/themes/openwireless/images/icons/90/businesses.png'

     0K ......                                                100% 6.30M=0.001s

2013-01-16 05:20:11 (6.30 MB/s) - `code/../crawls/eff.org/Openwireless-org-repeat-infringer-policy/raw/openwireless.org/sites/all/themes/openwireless/images/icons/90/businesses.png' saved [6740/6740]

--2013-01-16 05:20:11--  https://openwireless.org/sites/all/themes/openwireless/images/icons/90/businesses_active.png
Reusing existing connection to openwireless.org:443.
HTTP request sent, awaiting response... 200 OK
Length: 4697 (4.6K) [image/png]
Saving to: `code/../crawls/eff.org/Openwireless-org-repeat-infringer-policy/raw/openwireless.org/sites/all/themes/openwireless/images/icons/90/businesses_active.png'

     0K ....                                                  100% 5.92M=0.001s

2013-01-16 05:20:11 (5.92 MB/s) - `code/../crawls/eff.org/Openwireless-org-repeat-infringer-policy/raw/openwireless.org/sites/all/themes/openwireless/images/icons/90/businesses_active.png' saved [4697/4697]

--2013-01-16 05:20:11--  https://openwireless.org/sites/all/themes/openwireless/images/icons/90/isps.png
Reusing existing connection to openwireless.org:443.
HTTP request sent, awaiting response... 200 OK
Length: 7106 (6.9K) [image/png]
Saving to: `code/../crawls/eff.org/Openwireless-org-repeat-infringer-policy/raw/openwireless.org/sites/all/themes/openwireless/images/icons/90/isps.png'

     0K ......                                                100% 5.65M=0.001s

2013-01-16 05:20:11 (5.65 MB/s) - `code/../crawls/eff.org/Openwireless-org-repeat-infringer-policy/raw/openwireless.org/sites/all/themes/openwireless/images/icons/90/isps.png' saved [7106/7106]

--2013-01-16 05:20:11--  https://openwireless.org/sites/all/themes/openwireless/images/icons/90/isps_active.png
Reusing existing connection to openwireless.org:443.
HTTP request sent, awaiting response... 200 OK
Length: 6814 (6.7K) [image/png]
Saving to: `code/../crawls/eff.org/Openwireless-org-repeat-infringer-policy/raw/openwireless.org/sites/all/themes/openwireless/images/icons/90/isps_active.png'

     0K ......                                                100% 7.75M=0.001s

2013-01-16 05:20:11 (7.75 MB/s) - `code/../crawls/eff.org/Openwireless-org-repeat-infringer-policy/raw/openwireless.org/sites/all/themes/openwireless/images/icons/90/isps_active.png' saved [6814/6814]

--2013-01-16 05:20:11--  https://openwireless.org/sites/all/themes/openwireless/images/icons/90/developers.png
Reusing existing connection to openwireless.org:443.
HTTP request sent, awaiting response... 200 OK
Length: 6885 (6.7K) [image/png]
Saving to: `code/../crawls/eff.org/Openwireless-org-repeat-infringer-policy/raw/openwireless.org/sites/all/themes/openwireless/images/icons/90/developers.png'

     0K ......                                                100% 5.16M=0.001s

2013-01-16 05:20:11 (5.16 MB/s) - `code/../crawls/eff.org/Openwireless-org-repeat-infringer-policy/raw/openwireless.org/sites/all/themes/openwireless/images/icons/90/developers.png' saved [6885/6885]

--2013-01-16 05:20:11--  https://openwireless.org/sites/all/themes/openwireless/images/icons/90/developers_active.png
Reusing existing connection to openwireless.org:443.
HTTP request sent, awaiting response... 200 OK
Length: 6778 (6.6K) [image/png]
Saving to: `code/../crawls/eff.org/Openwireless-org-repeat-infringer-policy/raw/openwireless.org/sites/all/themes/openwireless/images/icons/90/developers_active.png'

     0K ......                                                100% 9.26M=0.001s

2013-01-16 05:20:11 (9.26 MB/s) - `code/../crawls/eff.org/Openwireless-org-repeat-infringer-policy/raw/openwireless.org/sites/all/themes/openwireless/images/icons/90/developers_active.png' saved [6778/6778]

--2013-01-16 05:20:11--  https://openwireless.org/sites/all/themes/openwireless/images/icons/90/blog.png
Reusing existing connection to openwireless.org:443.
HTTP request sent, awaiting response... 200 OK
Length: 7660 (7.5K) [image/png]
Saving to: `code/../crawls/eff.org/Openwireless-org-repeat-infringer-policy/raw/openwireless.org/sites/all/themes/openwireless/images/icons/90/blog.png'

     0K .......                                               100% 5.64M=0.001s

2013-01-16 05:20:11 (5.64 MB/s) - `code/../crawls/eff.org/Openwireless-org-repeat-infringer-policy/raw/openwireless.org/sites/all/themes/openwireless/images/icons/90/blog.png' saved [7660/7660]

--2013-01-16 05:20:11--  https://openwireless.org/sites/all/themes/openwireless/images/icons/90/blog_active.png
Reusing existing connection to openwireless.org:443.
HTTP request sent, awaiting response... 200 OK
Length: 6928 (6.8K) [image/png]
Saving to: `code/../crawls/eff.org/Openwireless-org-repeat-infringer-policy/raw/openwireless.org/sites/all/themes/openwireless/images/icons/90/blog_active.png'

     0K ......                                                100% 5.62M=0.001s

2013-01-16 05:20:11 (5.62 MB/s) - `code/../crawls/eff.org/Openwireless-org-repeat-infringer-policy/raw/openwireless.org/sites/all/themes/openwireless/images/icons/90/blog_active.png' saved [6928/6928]

--2013-01-16 05:20:11--  https://openwireless.org/sites/all/themes/openwireless/images/background2.png
Reusing existing connection to openwireless.org:443.
HTTP request sent, awaiting response... 200 OK
Length: 22749 (22K) [image/png]
Saving to: `code/../crawls/eff.org/Openwireless-org-repeat-infringer-policy/raw/openwireless.org/sites/all/themes/openwireless/images/background2.png'

     0K .......... .......... ..                              100% 5.67M=0.004s

2013-01-16 05:20:11 (5.67 MB/s) - `code/../crawls/eff.org/Openwireless-org-repeat-infringer-policy/raw/openwireless.org/sites/all/themes/openwireless/images/background2.png' saved [22749/22749]

--2013-01-16 05:20:11--  https://openwireless.org/sites/all/themes/openwireless/images/background1.png
Reusing existing connection to openwireless.org:443.
HTTP request sent, awaiting response... 200 OK
Length: 1833 (1.8K) [image/png]
Saving to: `code/../crawls/eff.org/Openwireless-org-repeat-infringer-policy/raw/openwireless.org/sites/all/themes/openwireless/images/background1.png'

     0K .                                                     100% 18.6M=0s

2013-01-16 05:20:11 (18.6 MB/s) - `code/../crawls/eff.org/Openwireless-org-repeat-infringer-policy/raw/openwireless.org/sites/all/themes/openwireless/images/background1.png' saved [1833/1833]

--2013-01-16 05:20:11--  https://openwireless.org/sites/all/themes/openwireless/images/background3.png
Reusing existing connection to openwireless.org:443.
HTTP request sent, awaiting response... 200 OK
Length: 25576 (25K) [image/png]
Saving to: `code/../crawls/eff.org/Openwireless-org-repeat-infringer-policy/raw/openwireless.org/sites/all/themes/openwireless/images/background3.png'

     0K .......... .......... ....                            100% 11.2M=0.002s

2013-01-16 05:20:11 (11.2 MB/s) - `code/../crawls/eff.org/Openwireless-org-repeat-infringer-policy/raw/openwireless.org/sites/all/themes/openwireless/images/background3.png' saved [25576/25576]

--2013-01-16 05:20:11--  https://openwireless.org/sites/all/themes/openwireless/images/icons/150/users.png
Reusing existing connection to openwireless.org:443.
HTTP request sent, awaiting response... 200 OK
Length: 15417 (15K) [image/png]
Saving to: `code/../crawls/eff.org/Openwireless-org-repeat-infringer-policy/raw/openwireless.org/sites/all/themes/openwireless/images/icons/150/users.png'

     0K .......... .....                                      100% 11.4M=0.001s

2013-01-16 05:20:11 (11.4 MB/s) - `code/../crawls/eff.org/Openwireless-org-repeat-infringer-policy/raw/openwireless.org/sites/all/themes/openwireless/images/icons/150/users.png' saved [15417/15417]

--2013-01-16 05:20:11--  https://openwireless.org/sites/all/themes/openwireless/images/icons/150/users_active.png
Reusing existing connection to openwireless.org:443.
HTTP request sent, awaiting response... 200 OK
Length: 14528 (14K) [image/png]
Saving to: `code/../crawls/eff.org/Openwireless-org-repeat-infringer-policy/raw/openwireless.org/sites/all/themes/openwireless/images/icons/150/users_active.png'

     0K .......... ....                                       100% 10.1M=0.001s

2013-01-16 05:20:11 (10.1 MB/s) - `code/../crawls/eff.org/Openwireless-org-repeat-infringer-policy/raw/openwireless.org/sites/all/themes/openwireless/images/icons/150/users_active.png' saved [14528/14528]

--2013-01-16 05:20:11--  https://openwireless.org/sites/all/themes/openwireless/images/icons/150/businesses.png
Reusing existing connection to openwireless.org:443.
HTTP request sent, awaiting response... 200 OK
Length: 14233 (14K) [image/png]
Saving to: `code/../crawls/eff.org/Openwireless-org-repeat-infringer-policy/raw/openwireless.org/sites/all/themes/openwireless/images/icons/150/businesses.png'

     0K .......... ...                                        100% 6.20M=0.002s

2013-01-16 05:20:11 (6.20 MB/s) - `code/../crawls/eff.org/Openwireless-org-repeat-infringer-policy/raw/openwireless.org/sites/all/themes/openwireless/images/icons/150/businesses.png' saved [14233/14233]

--2013-01-16 05:20:11--  https://openwireless.org/sites/all/themes/openwireless/images/icons/150/businesses_active.png
Reusing existing connection to openwireless.org:443.
HTTP request sent, awaiting response... 200 OK
Length: 10272 (10K) [image/png]
Saving to: `code/../crawls/eff.org/Openwireless-org-repeat-infringer-policy/raw/openwireless.org/sites/all/themes/openwireless/images/icons/150/businesses_active.png'

     0K ..........                                            100% 9.96M=0.001s

2013-01-16 05:20:11 (9.96 MB/s) - `code/../crawls/eff.org/Openwireless-org-repeat-infringer-policy/raw/openwireless.org/sites/all/themes/openwireless/images/icons/150/businesses_active.png' saved [10272/10272]

--2013-01-16 05:20:11--  https://openwireless.org/sites/all/themes/openwireless/images/icons/150/isps.png
Reusing existing connection to openwireless.org:443.
HTTP request sent, awaiting response... 200 OK
Length: 14887 (15K) [image/png]
Saving to: `code/../crawls/eff.org/Openwireless-org-repeat-infringer-policy/raw/openwireless.org/sites/all/themes/openwireless/images/icons/150/isps.png'

     0K .......... ....                                       100% 5.08M=0.003s

2013-01-16 05:20:11 (5.08 MB/s) - `code/../crawls/eff.org/Openwireless-org-repeat-infringer-policy/raw/openwireless.org/sites/all/themes/openwireless/images/icons/150/isps.png' saved [14887/14887]

--2013-01-16 05:20:11--  https://openwireless.org/sites/all/themes/openwireless/images/icons/150/isps_active.png
Reusing existing connection to openwireless.org:443.
HTTP request sent, awaiting response... 200 OK
Length: 14361 (14K) [image/png]
Saving to: `code/../crawls/eff.org/Openwireless-org-repeat-infringer-policy/raw/openwireless.org/sites/all/themes/openwireless/images/icons/150/isps_active.png'

     0K .......... ....                                       100% 10.3M=0.001s

2013-01-16 05:20:11 (10.3 MB/s) - `code/../crawls/eff.org/Openwireless-org-repeat-infringer-policy/raw/openwireless.org/sites/all/themes/openwireless/images/icons/150/isps_active.png' saved [14361/14361]

--2013-01-16 05:20:11--  https://openwireless.org/sites/all/themes/openwireless/images/icons/150/developers.png
Reusing existing connection to openwireless.org:443.
HTTP request sent, awaiting response... 200 OK
Length: 14557 (14K) [image/png]
Saving to: `code/../crawls/eff.org/Openwireless-org-repeat-infringer-policy/raw/openwireless.org/sites/all/themes/openwireless/images/icons/150/developers.png'

     0K .......... ....                                       100% 10.4M=0.001s

2013-01-16 05:20:11 (10.4 MB/s) - `code/../crawls/eff.org/Openwireless-org-repeat-infringer-policy/raw/openwireless.org/sites/all/themes/openwireless/images/icons/150/developers.png' saved [14557/14557]

--2013-01-16 05:20:11--  https://openwireless.org/sites/all/themes/openwireless/images/icons/150/developers_active.png
Reusing existing connection to openwireless.org:443.
HTTP request sent, awaiting response... 200 OK
Length: 14064 (14K) [image/png]
Saving to: `code/../crawls/eff.org/Openwireless-org-repeat-infringer-policy/raw/openwireless.org/sites/all/themes/openwireless/images/icons/150/developers_active.png'

     0K .......... ...                                        100% 10.1M=0.001s

2013-01-16 05:20:11 (10.1 MB/s) - `code/../crawls/eff.org/Openwireless-org-repeat-infringer-policy/raw/openwireless.org/sites/all/themes/openwireless/images/icons/150/developers_active.png' saved [14064/14064]

--2013-01-16 05:20:11--  https://openwireless.org/sites/all/themes/openwireless/images/icons/150/blog.png
Reusing existing connection to openwireless.org:443.
HTTP request sent, awaiting response... 200 OK
Length: 16527 (16K) [image/png]
Saving to: `code/../crawls/eff.org/Openwireless-org-repeat-infringer-policy/raw/openwireless.org/sites/all/themes/openwireless/images/icons/150/blog.png'

     0K .......... ......                                     100% 10.2M=0.002s

2013-01-16 05:20:11 (10.2 MB/s) - `code/../crawls/eff.org/Openwireless-org-repeat-infringer-policy/raw/openwireless.org/sites/all/themes/openwireless/images/icons/150/blog.png' saved [16527/16527]

--2013-01-16 05:20:11--  https://openwireless.org/sites/all/themes/openwireless/images/icons/150/blog_active.png
Reusing existing connection to openwireless.org:443.
HTTP request sent, awaiting response... 200 OK
Length: 14824 (14K) [image/png]
Saving to: `code/../crawls/eff.org/Openwireless-org-repeat-infringer-policy/raw/openwireless.org/sites/all/themes/openwireless/images/icons/150/blog_active.png'

     0K .......... ....                                       100% 10.6M=0.001s

2013-01-16 05:20:11 (10.6 MB/s) - `code/../crawls/eff.org/Openwireless-org-repeat-infringer-policy/raw/openwireless.org/sites/all/themes/openwireless/images/icons/150/blog_active.png' saved [14824/14824]

FINISHED --2013-01-16 05:20:11--
Total wall clock time: 0.8s
Downloaded: 52 files, 502K in 0.06s (8.52 MB/s)
Converting code/../crawls/eff.org/Openwireless-org-repeat-infringer-policy/raw/openwireless.org/important-information.html... 11-2
Converting code/../crawls/eff.org/Openwireless-org-repeat-infringer-policy/raw/openwireless.org/sites/default/files/css/css_botNHIYRQPys-RH2iA3U4LbV9bPNRS64tLAs8ec1ch8.css... nothing to do.
Converting code/../crawls/eff.org/Openwireless-org-repeat-infringer-policy/raw/openwireless.org/sites/default/files/css/css_cApqTC7AhmoLYPNJ7S8AH3VEwcKK8kref5coUGRLFVE.css... 24-0
Converting code/../crawls/eff.org/Openwireless-org-repeat-infringer-policy/raw/openwireless.org/sites/default/files/css/css_pbm0lsQQJ7A7WCCIMgxLho6mI_kBNgznNUWmTWcnfoE.css... 17-0
Converting code/../crawls/eff.org/Openwireless-org-repeat-infringer-policy/raw/openwireless.org/sites/default/files/css/css_cNrxW_ix2eNPXfGofuTV9AmMLGW3oszAPxRebIjT84M.css... 10-0
Converting code/../crawls/eff.org/Openwireless-org-repeat-infringer-policy/raw/openwireless.org/sites/default/files/css/css_h_rCvkWc2j911ZbCnYv7a1HMQ_jvXyAcctXdjJ6_LeM.css... 2-0
Converted 6 files in 0.003 seconds.
