--2012-10-01 05:07:51--  http://pages.ebay.com/help/policies/user-agreement.html
Resolving pages.ebay.com... 66.135.205.14, 66.135.210.100, 66.135.210.101, ...
Connecting to pages.ebay.com|66.135.205.14|:80... connected.
HTTP request sent, awaiting response... 200 OK
Length: 74879 (73K) [text/html]
Saving to: `code/../crawls/pages.ebay.com/User-Agreement/raw/pages.ebay.com/help/policies/user-agreement.html'

     0K .......... .......... .......... .......... .......... 68% 1.13M 0s
    50K .......... .......... ...                             100% 1.28M=0.06s

2012-10-01 05:07:52 (1.17 MB/s) - `code/../crawls/pages.ebay.com/User-Agreement/raw/pages.ebay.com/help/policies/user-agreement.html' saved [74879/74879]

--2012-10-01 05:07:52--  http://ir.ebaystatic.com/v4js/z/io/nb1e2d5tsa1kxnwlo5nverlug.js
Resolving ir.ebaystatic.com... 23.61.194.83, 23.61.194.64
Connecting to ir.ebaystatic.com|23.61.194.83|:80... connected.
HTTP request sent, awaiting response... 200 OK
Length: unspecified [application/x-javascript]
Saving to: `code/../crawls/pages.ebay.com/User-Agreement/raw/ir.ebaystatic.com/v4js/z/io/nb1e2d5tsa1kxnwlo5nverlug.js'

     0K .......... .......... .......... .......... .......... 5.76M
    50K .......... .......... .......... .......... .......... 10.4M
   100K .                                                      37.1M=0.01s

2012-10-01 05:07:52 (7.53 MB/s) - `code/../crawls/pages.ebay.com/User-Agreement/raw/ir.ebaystatic.com/v4js/z/io/nb1e2d5tsa1kxnwlo5nverlug.js' saved [104131]

--2012-10-01 05:07:52--  http://include.ebaystatic.com/js/e793/us/ebaybase_v4_e7935us.js
Resolving include.ebaystatic.com... 23.61.194.43, 23.61.194.50
Connecting to include.ebaystatic.com|23.61.194.43|:80... connected.
HTTP request sent, awaiting response... 200 OK
Length: unspecified [application/x-javascript]
Saving to: `code/../crawls/pages.ebay.com/User-Agreement/raw/include.ebaystatic.com/js/e793/us/ebaybase_v4_e7935us.js'

     0K .......... .......... .......... .......... .......... 4.99M
    50K                                                         579G=0.01s

2012-10-01 05:07:52 (5.02 MB/s) - `code/../crawls/pages.ebay.com/User-Agreement/raw/include.ebaystatic.com/js/e793/us/ebaybase_v4_e7935us.js' saved [51511]

--2012-10-01 05:07:52--  http://include.ebaystatic.com/js/e793/us/ebaysup_e7935us.js
Reusing existing connection to include.ebaystatic.com:80.
HTTP request sent, awaiting response... 200 OK
Length: 17110 (17K) [application/x-javascript]
Saving to: `code/../crawls/pages.ebay.com/User-Agreement/raw/include.ebaystatic.com/js/e793/us/ebaysup_e7935us.js'

     0K .......... ......                                     100% 13.6M=0.001s

2012-10-01 05:07:52 (13.6 MB/s) - `code/../crawls/pages.ebay.com/User-Agreement/raw/include.ebaystatic.com/js/e793/us/ebaysup_e7935us.js' saved [17110/17110]

--2012-10-01 05:07:52--  http://gh.ebaystatic.com/header/css/all.min?combo=32&rvr=61
Resolving gh.ebaystatic.com... 23.56.121.232
Connecting to gh.ebaystatic.com|23.56.121.232|:80... connected.
HTTP request sent, awaiting response... 200 OK
Length: 18105 (18K) [text/css]
Saving to: `code/../crawls/pages.ebay.com/User-Agreement/raw/gh.ebaystatic.com/header/css/all.min?combo=32&rvr=61.css'

     0K .......... .......                                    100% 3.20M=0.005s

2012-10-01 05:07:52 (3.20 MB/s) - `code/../crawls/pages.ebay.com/User-Agreement/raw/gh.ebaystatic.com/header/css/all.min?combo=32&rvr=61.css' saved [18105/18105]

--2012-10-01 05:07:52--  http://p.ebaystatic.com/aw/pics/s.gif
Resolving p.ebaystatic.com... 23.61.194.9, 23.61.194.75
Connecting to p.ebaystatic.com|23.61.194.9|:80... connected.
HTTP request sent, awaiting response... 200 OK
Length: 49 [image/gif]
Saving to: `code/../crawls/pages.ebay.com/User-Agreement/raw/p.ebaystatic.com/aw/pics/s.gif'

     0K                                                       100% 8.07M=0s

2012-10-01 05:07:52 (8.07 MB/s) - `code/../crawls/pages.ebay.com/User-Agreement/raw/p.ebaystatic.com/aw/pics/s.gif' saved [49/49]

--2012-10-01 05:07:52--  http://p.ebaystatic.com/aw/pics/mops/2012_doodles/BCA/ImgBCA_Doodle_Small_CurrentHP.jpg
Reusing existing connection to p.ebaystatic.com:80.
HTTP request sent, awaiting response... 200 OK
Length: 6917 (6.8K) [image/jpeg]
Saving to: `code/../crawls/pages.ebay.com/User-Agreement/raw/p.ebaystatic.com/aw/pics/mops/2012_doodles/BCA/ImgBCA_Doodle_Small_CurrentHP.jpg'

     0K ......                                                100% 2.61M=0.003s

2012-10-01 05:07:52 (2.61 MB/s) - `code/../crawls/pages.ebay.com/User-Agreement/raw/p.ebaystatic.com/aw/pics/mops/2012_doodles/BCA/ImgBCA_Doodle_Small_CurrentHP.jpg' saved [6917/6917]

--2012-10-01 05:07:52--  http://gh.ebaystatic.com/header/js/all.min?combo=32&rvr=95
Connecting to gh.ebaystatic.com|23.56.121.232|:80... connected.
HTTP request sent, awaiting response... 200 OK
Length: unspecified [application/x-javascript]
Saving to: `code/../crawls/pages.ebay.com/User-Agreement/raw/gh.ebaystatic.com/header/js/all.min?combo=32&rvr=95'

     0K .......... .......... .......... .......... .......... 5.37M
    50K .......... .......... .......... .......... .......... 9.90M
   100K .......... .......... .......... ..........            11.5M=0.02s

2012-10-01 05:07:52 (7.85 MB/s) - `code/../crawls/pages.ebay.com/User-Agreement/raw/gh.ebaystatic.com/header/js/all.min?combo=32&rvr=95' saved [144277]

--2012-10-01 05:07:52--  http://include.ebaystatic.com/css/v/us/help/help';%09%09%09%09%09%09%09if(ebay.oGlobals.oClient.bNav%7C%7Cebay.oGlobals.oClient.bFirefox%7C%7C((typeof(usrCnt)%20!=
Connecting to include.ebaystatic.com|23.61.194.43|:80... connected.
HTTP request sent, awaiting response... 400 Bad Request
2012-10-01 05:07:52 ERROR 400: Bad Request.

--2012-10-01 05:07:52--  http://include.ebaystatic.com/css/v/us/help/help.css
Reusing existing connection to include.ebaystatic.com:80.
HTTP request sent, awaiting response... 200 OK
Length: 3007 (2.9K) [text/css]
Saving to: `code/../crawls/pages.ebay.com/User-Agreement/raw/include.ebaystatic.com/css/v/us/help/help.css'

     0K ..                                                    100%  336M=0s

2012-10-01 05:07:52 (336 MB/s) - `code/../crawls/pages.ebay.com/User-Agreement/raw/include.ebaystatic.com/css/v/us/help/help.css' saved [3007/3007]

--2012-10-01 05:07:52--  http://include.ebaystatic.com/css/v/us/help/help-yukon';%09%09%09css+='.css
Reusing existing connection to include.ebaystatic.com:80.
HTTP request sent, awaiting response... 400 Bad Request
2012-10-01 05:07:52 ERROR 400: Bad Request.

--2012-10-01 05:07:52--  http://include.ebaystatic.com/css/v/us/help/help-yukon.css
Reusing existing connection to include.ebaystatic.com:80.
HTTP request sent, awaiting response... 200 OK
Length: 15446 (15K) [text/css]
Saving to: `code/../crawls/pages.ebay.com/User-Agreement/raw/include.ebaystatic.com/css/v/us/help/help-yukon.css'

     0K .......... .....                                      100% 4.51M=0.003s

2012-10-01 05:07:52 (4.51 MB/s) - `code/../crawls/pages.ebay.com/User-Agreement/raw/include.ebaystatic.com/css/v/us/help/help-yukon.css' saved [15446/15446]

--2012-10-01 05:07:52--  http://include.ebaystatic.com/css/v/us/help/help-pagetype';%09%09%09css+='.css
Reusing existing connection to include.ebaystatic.com:80.
HTTP request sent, awaiting response... 400 Bad Request
2012-10-01 05:07:52 ERROR 400: Bad Request.

--2012-10-01 05:07:52--  http://include.ebaystatic.com/css/v/us/help/help-pagetype.css
Reusing existing connection to include.ebaystatic.com:80.
HTTP request sent, awaiting response... 200 OK
Length: 15953 (16K) [text/css]
Saving to: `code/../crawls/pages.ebay.com/User-Agreement/raw/include.ebaystatic.com/css/v/us/help/help-pagetype.css'

     0K .......... .....                                      100% 4.86M=0.003s

2012-10-01 05:07:52 (4.86 MB/s) - `code/../crawls/pages.ebay.com/User-Agreement/raw/include.ebaystatic.com/css/v/us/help/help-pagetype.css' saved [15953/15953]

--2012-10-01 05:07:52--  http://include.ebaystatic.com/css/v/us/help/help-ds2';%09%09%09css+='.css
Reusing existing connection to include.ebaystatic.com:80.
HTTP request sent, awaiting response... 400 Bad Request
2012-10-01 05:07:52 ERROR 400: Bad Request.

--2012-10-01 05:07:52--  http://include.ebaystatic.com/css/v/us/help/help-ds2.css
Reusing existing connection to include.ebaystatic.com:80.
HTTP request sent, awaiting response... 200 OK
Length: 4970 (4.9K) [text/css]
Saving to: `code/../crawls/pages.ebay.com/User-Agreement/raw/include.ebaystatic.com/css/v/us/help/help-ds2.css'

     0K ....                                                  100% 27.2M=0s

2012-10-01 05:07:52 (27.2 MB/s) - `code/../crawls/pages.ebay.com/User-Agreement/raw/include.ebaystatic.com/css/v/us/help/help-ds2.css' saved [4970/4970]

--2012-10-01 05:07:52--  http://include.ebaystatic.com/js/v/us/features/help/top.js
Reusing existing connection to include.ebaystatic.com:80.
HTTP request sent, awaiting response... 200 OK
Length: 4660 (4.6K) [application/x-javascript]
Saving to: `code/../crawls/pages.ebay.com/User-Agreement/raw/include.ebaystatic.com/js/v/us/features/help/top.js'

     0K ....                                                  100% 69.1M=0s

2012-10-01 05:07:52 (69.1 MB/s) - `code/../crawls/pages.ebay.com/User-Agreement/raw/include.ebaystatic.com/js/v/us/features/help/top.js' saved [4660/4660]

--2012-10-01 05:07:52--  http://include.ebaystatic.com/js/v/us/features/help/feedback.js
Reusing existing connection to include.ebaystatic.com:80.
HTTP request sent, awaiting response... 200 OK
Length: 9739 (9.5K) [application/x-javascript]
Saving to: `code/../crawls/pages.ebay.com/User-Agreement/raw/include.ebaystatic.com/js/v/us/features/help/feedback.js'

     0K .........                                             100% 13.6M=0.001s

2012-10-01 05:07:52 (13.6 MB/s) - `code/../crawls/pages.ebay.com/User-Agreement/raw/include.ebaystatic.com/js/v/us/features/help/feedback.js' saved [9739/9739]

--2012-10-01 05:07:52--  http://include.ebaystatic.com/js/v/us/features/help/show_hide.js
Reusing existing connection to include.ebaystatic.com:80.
HTTP request sent, awaiting response... 200 OK
Length: 5305 (5.2K) [application/x-javascript]
Saving to: `code/../crawls/pages.ebay.com/User-Agreement/raw/include.ebaystatic.com/js/v/us/features/help/show_hide.js'

     0K .....                                                 100% 17.8M=0s

2012-10-01 05:07:52 (17.8 MB/s) - `code/../crawls/pages.ebay.com/User-Agreement/raw/include.ebaystatic.com/js/v/us/features/help/show_hide.js' saved [5305/5305]

--2012-10-01 05:07:52--  http://pics.ebaystatic.com/aw/pics/icon/iconInfo_16x16.gif
Resolving pics.ebaystatic.com... 8.12.204.123, 198.78.193.126, 206.33.42.126
Connecting to pics.ebaystatic.com|8.12.204.123|:80... connected.
HTTP request sent, awaiting response... 200 OK
Length: 243 [image/gif]
Saving to: `code/../crawls/pages.ebay.com/User-Agreement/raw/pics.ebaystatic.com/aw/pics/icon/iconInfo_16x16.gif'

     0K                                                       100% 39.9M=0s

2012-10-01 05:07:52 (39.9 MB/s) - `code/../crawls/pages.ebay.com/User-Agreement/raw/pics.ebaystatic.com/aw/pics/icon/iconInfo_16x16.gif' saved [243/243]

--2012-10-01 05:07:52--  http://pics.ebaystatic.com/aw/pics/icon/iconError_16x16.gif
Reusing existing connection to pics.ebaystatic.com:80.
HTTP request sent, awaiting response... 200 OK
Length: 246 [image/gif]
Saving to: `code/../crawls/pages.ebay.com/User-Agreement/raw/pics.ebaystatic.com/aw/pics/icon/iconError_16x16.gif'

     0K                                                       100% 43.6M=0s

2012-10-01 05:07:52 (43.6 MB/s) - `code/../crawls/pages.ebay.com/User-Agreement/raw/pics.ebaystatic.com/aw/pics/icon/iconError_16x16.gif' saved [246/246]

--2012-10-01 05:07:52--  http://pics.ebay.com/aw/pics/s.gif
Resolving pics.ebay.com... 66.135.215.141, 66.211.160.41
Connecting to pics.ebay.com|66.135.215.141|:80... connected.
HTTP request sent, awaiting response... 200 OK
Length: 49 [image/gif]
Saving to: `code/../crawls/pages.ebay.com/User-Agreement/raw/pics.ebay.com/aw/pics/s.gif'

     0K                                                       100% 1011 =0.05s

2012-10-01 05:07:52 (1011 B/s) - `code/../crawls/pages.ebay.com/User-Agreement/raw/pics.ebay.com/aw/pics/s.gif' saved [49/49]

--2012-10-01 05:07:52--  http://include.ebaystatic.com/js/v/us/features/help/search.js
Connecting to include.ebaystatic.com|23.61.194.43|:80... connected.
HTTP request sent, awaiting response... 200 OK
Length: 3228 (3.2K) [application/x-javascript]
Saving to: `code/../crawls/pages.ebay.com/User-Agreement/raw/include.ebaystatic.com/js/v/us/features/help/search.js'

     0K ...                                                   100% 43.0M=0s

2012-10-01 05:07:52 (43.0 MB/s) - `code/../crawls/pages.ebay.com/User-Agreement/raw/include.ebaystatic.com/js/v/us/features/help/search.js' saved [3228/3228]

--2012-10-01 05:07:52--  http://include.ebaystatic.com/js/v/us/features/baynote/base.js
Reusing existing connection to include.ebaystatic.com:80.
HTTP request sent, awaiting response... 200 OK
Length: 17912 (17K) [application/x-javascript]
Saving to: `code/../crawls/pages.ebay.com/User-Agreement/raw/include.ebaystatic.com/js/v/us/features/baynote/base.js'

     0K .......... .......                                    100% 2.78M=0.006s

2012-10-01 05:07:52 (2.78 MB/s) - `code/../crawls/pages.ebay.com/User-Agreement/raw/include.ebaystatic.com/js/v/us/features/baynote/base.js' saved [17912/17912]

--2012-10-01 05:07:52--  http://include.ebaystatic.com/js/v/us/features/help/bottom.js
Reusing existing connection to include.ebaystatic.com:80.
HTTP request sent, awaiting response... 200 OK
Length: 392 [application/x-javascript]
Saving to: `code/../crawls/pages.ebay.com/User-Agreement/raw/include.ebaystatic.com/js/v/us/features/help/bottom.js'

     0K                                                       100% 75.7M=0s

2012-10-01 05:07:52 (75.7 MB/s) - `code/../crawls/pages.ebay.com/User-Agreement/raw/include.ebaystatic.com/js/v/us/features/help/bottom.js' saved [392/392]

--2012-10-01 05:07:52--  http://rover.ebay.com/roverimp/0/0/9?imp=1003230
Resolving rover.ebay.com... 66.211.179.119, 66.135.202.211, 66.135.204.19, ...
Connecting to rover.ebay.com|66.211.179.119|:80... connected.
HTTP request sent, awaiting response... 200 OK
Length: 42 [image/gif]
Saving to: `code/../crawls/pages.ebay.com/User-Agreement/raw/rover.ebay.com/roverimp/0/0/9?imp=1003230'

     0K                                                       100% 7.21M=0s

2012-10-01 05:07:52 (7.21 MB/s) - `code/../crawls/pages.ebay.com/User-Agreement/raw/rover.ebay.com/roverimp/0/0/9?imp=1003230' saved [42/42]

--2012-10-01 05:07:52--  http://p.ebaystatic.com/aw/pics/globalHeader/spr2.gif
Connecting to p.ebaystatic.com|23.61.194.9|:80... connected.
HTTP request sent, awaiting response... 200 OK
Length: 9868 (9.6K) [image/gif]
Saving to: `code/../crawls/pages.ebay.com/User-Agreement/raw/p.ebaystatic.com/aw/pics/globalHeader/spr2.gif'

     0K .........                                             100% 3.36M=0.003s

2012-10-01 05:07:52 (3.36 MB/s) - `code/../crawls/pages.ebay.com/User-Agreement/raw/p.ebaystatic.com/aw/pics/globalHeader/spr2.gif' saved [9868/9868]

--2012-10-01 05:07:52--  http://p.ebaystatic.com/aw/pics/sell/tags_us_english.png
Reusing existing connection to p.ebaystatic.com:80.
HTTP request sent, awaiting response... 200 OK
Length: 4457 (4.4K) [image/png]
Saving to: `code/../crawls/pages.ebay.com/User-Agreement/raw/p.ebaystatic.com/aw/pics/sell/tags_us_english.png'

     0K ....                                                  100% 31.0M=0s

2012-10-01 05:07:52 (31.0 MB/s) - `code/../crawls/pages.ebay.com/User-Agreement/raw/p.ebaystatic.com/aw/pics/sell/tags_us_english.png' saved [4457/4457]

--2012-10-01 05:07:52--  http://p.ebaystatic.com/aw/pics/sell/dropdown_arrow_blue.png
Reusing existing connection to p.ebaystatic.com:80.
HTTP request sent, awaiting response... 200 OK
Length: 1120 (1.1K) [image/png]
Saving to: `code/../crawls/pages.ebay.com/User-Agreement/raw/p.ebaystatic.com/aw/pics/sell/dropdown_arrow_blue.png'

     0K .                                                     100%  195M=0s

2012-10-01 05:07:52 (195 MB/s) - `code/../crawls/pages.ebay.com/User-Agreement/raw/p.ebaystatic.com/aw/pics/sell/dropdown_arrow_blue.png' saved [1120/1120]

--2012-10-01 05:07:52--  http://p.ebaystatic.com/aw/pics/globalAssets/imgLoading_30x30.gif
Reusing existing connection to p.ebaystatic.com:80.
HTTP request sent, awaiting response... 200 OK
Length: 3179 (3.1K) [image/gif]
Saving to: `code/../crawls/pages.ebay.com/User-Agreement/raw/p.ebaystatic.com/aw/pics/globalAssets/imgLoading_30x30.gif'

     0K ...                                                   100%  189M=0s

2012-10-01 05:07:52 (189 MB/s) - `code/../crawls/pages.ebay.com/User-Agreement/raw/p.ebaystatic.com/aw/pics/globalAssets/imgLoading_30x30.gif' saved [3179/3179]

--2012-10-01 05:07:52--  http://p.ebaystatic.com/aw/pics/globalHeader/imgVNLshdwRt.png
Reusing existing connection to p.ebaystatic.com:80.
HTTP request sent, awaiting response... 200 OK
Length: 85 [image/png]
Saving to: `code/../crawls/pages.ebay.com/User-Agreement/raw/p.ebaystatic.com/aw/pics/globalHeader/imgVNLshdwRt.png'

     0K                                                       100% 15.8M=0s

2012-10-01 05:07:52 (15.8 MB/s) - `code/../crawls/pages.ebay.com/User-Agreement/raw/p.ebaystatic.com/aw/pics/globalHeader/imgVNLshdwRt.png' saved [85/85]

--2012-10-01 05:07:52--  http://p.ebaystatic.com/aw/pics/globalHeader/sprVNLshdwVert.png
Reusing existing connection to p.ebaystatic.com:80.
HTTP request sent, awaiting response... 200 OK
Length: 140 [image/png]
Saving to: `code/../crawls/pages.ebay.com/User-Agreement/raw/p.ebaystatic.com/aw/pics/globalHeader/sprVNLshdwVert.png'

     0K                                                       100% 25.7M=0s

2012-10-01 05:07:52 (25.7 MB/s) - `code/../crawls/pages.ebay.com/User-Agreement/raw/p.ebaystatic.com/aw/pics/globalHeader/sprVNLshdwVert.png' saved [140/140]

--2012-10-01 05:07:52--  http://p.ebaystatic.com/aw/pics/buttons/btnClose_16x16.gif
Reusing existing connection to p.ebaystatic.com:80.
HTTP request sent, awaiting response... 200 OK
Length: 233 [image/gif]
Saving to: `code/../crawls/pages.ebay.com/User-Agreement/raw/p.ebaystatic.com/aw/pics/buttons/btnClose_16x16.gif'

     0K                                                       100% 40.9M=0s

2012-10-01 05:07:52 (40.9 MB/s) - `code/../crawls/pages.ebay.com/User-Agreement/raw/p.ebaystatic.com/aw/pics/buttons/btnClose_16x16.gif' saved [233/233]

--2012-10-01 05:07:52--  http://p.ebaystatic.com/aw/pics/homepage/hpspr2.png
Reusing existing connection to p.ebaystatic.com:80.
HTTP request sent, awaiting response... 200 OK
Length: 35128 (34K) [image/png]
Saving to: `code/../crawls/pages.ebay.com/User-Agreement/raw/p.ebaystatic.com/aw/pics/homepage/hpspr2.png'

     0K .......... .......... .......... ....                 100% 5.39M=0.006s

2012-10-01 05:07:52 (5.39 MB/s) - `code/../crawls/pages.ebay.com/User-Agreement/raw/p.ebaystatic.com/aw/pics/homepage/hpspr2.png' saved [35128/35128]

--2012-10-01 05:07:52--  http://pics.ebaystatic.com/aw/pics/globalAssets/rtCurve.gif
Connecting to pics.ebaystatic.com|8.12.204.123|:80... connected.
HTTP request sent, awaiting response... 200 OK
Length: 64 [image/gif]
Saving to: `code/../crawls/pages.ebay.com/User-Agreement/raw/pics.ebaystatic.com/aw/pics/globalAssets/rtCurve.gif'

     0K                                                       100% 11.1M=0s

2012-10-01 05:07:52 (11.1 MB/s) - `code/../crawls/pages.ebay.com/User-Agreement/raw/pics.ebaystatic.com/aw/pics/globalAssets/rtCurve.gif' saved [64/64]

--2012-10-01 05:07:52--  http://pics.ebaystatic.com/aw/pics/help/ProStores/imgPsHelpBullet.gif
Reusing existing connection to pics.ebaystatic.com:80.
HTTP request sent, awaiting response... 200 OK
Length: 76 [image/gif]
Saving to: `code/../crawls/pages.ebay.com/User-Agreement/raw/pics.ebaystatic.com/aw/pics/help/ProStores/imgPsHelpBullet.gif'

     0K                                                       100% 12.6M=0s

2012-10-01 05:07:52 (12.6 MB/s) - `code/../crawls/pages.ebay.com/User-Agreement/raw/pics.ebaystatic.com/aw/pics/help/ProStores/imgPsHelpBullet.gif' saved [76/76]

--2012-10-01 05:07:52--  http://pics.ebaystatic.com/aw/pics/globalAssets/imgPanelULGrey.gif
Reusing existing connection to pics.ebaystatic.com:80.
HTTP request sent, awaiting response... 200 OK
Length: 111 [image/gif]
Saving to: `code/../crawls/pages.ebay.com/User-Agreement/raw/pics.ebaystatic.com/aw/pics/globalAssets/imgPanelULGrey.gif'

     0K                                                       100% 19.6M=0s

2012-10-01 05:07:52 (19.6 MB/s) - `code/../crawls/pages.ebay.com/User-Agreement/raw/pics.ebaystatic.com/aw/pics/globalAssets/imgPanelULGrey.gif' saved [111/111]

--2012-10-01 05:07:52--  http://pics.ebaystatic.com/aw/pics/globalAssets/imgPanelURGrey.gif
Reusing existing connection to pics.ebaystatic.com:80.
HTTP request sent, awaiting response... 200 OK
Length: 111 [image/gif]
Saving to: `code/../crawls/pages.ebay.com/User-Agreement/raw/pics.ebaystatic.com/aw/pics/globalAssets/imgPanelURGrey.gif'

     0K                                                       100% 20.1M=0s

2012-10-01 05:07:52 (20.1 MB/s) - `code/../crawls/pages.ebay.com/User-Agreement/raw/pics.ebaystatic.com/aw/pics/globalAssets/imgPanelURGrey.gif' saved [111/111]

--2012-10-01 05:07:52--  http://pics.ebaystatic.com/aw/pics/globalAssets/imgPanelLRGrey.gif
Reusing existing connection to pics.ebaystatic.com:80.
HTTP request sent, awaiting response... 200 OK
Length: 110 [image/gif]
Saving to: `code/../crawls/pages.ebay.com/User-Agreement/raw/pics.ebaystatic.com/aw/pics/globalAssets/imgPanelLRGrey.gif'

     0K                                                       100% 19.2M=0s

2012-10-01 05:07:52 (19.2 MB/s) - `code/../crawls/pages.ebay.com/User-Agreement/raw/pics.ebaystatic.com/aw/pics/globalAssets/imgPanelLRGrey.gif' saved [110/110]

--2012-10-01 05:07:52--  http://pics.ebaystatic.com/aw/pics/globalAssets/imgPanelLLGrey.gif
Reusing existing connection to pics.ebaystatic.com:80.
HTTP request sent, awaiting response... 200 OK
Length: 111 [image/gif]
Saving to: `code/../crawls/pages.ebay.com/User-Agreement/raw/pics.ebaystatic.com/aw/pics/globalAssets/imgPanelLLGrey.gif'

     0K                                                       100% 19.7M=0s

2012-10-01 05:07:52 (19.7 MB/s) - `code/../crawls/pages.ebay.com/User-Agreement/raw/pics.ebaystatic.com/aw/pics/globalAssets/imgPanelLLGrey.gif' saved [111/111]

--2012-10-01 05:07:52--  https://securepics.ebaystatic.com/aw/pics/viewitem/imgVIPrmryBtnLt.gif
Resolving securepics.ebaystatic.com... 23.56.112.167
Connecting to securepics.ebaystatic.com|23.56.112.167|:443... connected.
HTTP request sent, awaiting response... 200 OK
Length: 142 [image/gif]
Saving to: `code/../crawls/pages.ebay.com/User-Agreement/raw/securepics.ebaystatic.com/aw/pics/viewitem/imgVIPrmryBtnLt.gif'

     0K                                                       100%  103M=0s

2012-10-01 05:07:52 (103 MB/s) - `code/../crawls/pages.ebay.com/User-Agreement/raw/securepics.ebaystatic.com/aw/pics/viewitem/imgVIPrmryBtnLt.gif' saved [142/142]

--2012-10-01 05:07:52--  https://securepics.ebaystatic.com/aw/pics/buttons/btnViPrmry.gif
Reusing existing connection to securepics.ebaystatic.com:443.
HTTP request sent, awaiting response... 200 OK
Length: 451 [image/gif]
Saving to: `code/../crawls/pages.ebay.com/User-Agreement/raw/securepics.ebaystatic.com/aw/pics/buttons/btnViPrmry.gif'

     0K                                                       100%  329M=0s

2012-10-01 05:07:52 (329 MB/s) - `code/../crawls/pages.ebay.com/User-Agreement/raw/securepics.ebaystatic.com/aw/pics/buttons/btnViPrmry.gif' saved [451/451]

--2012-10-01 05:07:52--  http://pics.ebaystatic.com/aw/pics/globalAssets/imgSignpostArrow.gif
Connecting to pics.ebaystatic.com|8.12.204.123|:80... connected.
HTTP request sent, awaiting response... 200 OK
Length: 121 [image/gif]
Saving to: `code/../crawls/pages.ebay.com/User-Agreement/raw/pics.ebaystatic.com/aw/pics/globalAssets/imgSignpostArrow.gif'

     0K                                                       100% 19.0M=0s

2012-10-01 05:07:52 (19.0 MB/s) - `code/../crawls/pages.ebay.com/User-Agreement/raw/pics.ebaystatic.com/aw/pics/globalAssets/imgSignpostArrow.gif' saved [121/121]

--2012-10-01 05:07:52--  http://pics.ebaystatic.com/aw/pics/globalAssets/imgPanelURYellow.gif
Reusing existing connection to pics.ebaystatic.com:80.
HTTP request sent, awaiting response... 200 OK
Length: 113 [image/gif]
Saving to: `code/../crawls/pages.ebay.com/User-Agreement/raw/pics.ebaystatic.com/aw/pics/globalAssets/imgPanelURYellow.gif'

     0K                                                       100% 20.5M=0s

2012-10-01 05:07:52 (20.5 MB/s) - `code/../crawls/pages.ebay.com/User-Agreement/raw/pics.ebaystatic.com/aw/pics/globalAssets/imgPanelURYellow.gif' saved [113/113]

--2012-10-01 05:07:52--  http://pics.ebaystatic.com/aw/pics/globalAssets/imgPanelULYellow.gif
Reusing existing connection to pics.ebaystatic.com:80.
HTTP request sent, awaiting response... 200 OK
Length: 113 [image/gif]
Saving to: `code/../crawls/pages.ebay.com/User-Agreement/raw/pics.ebaystatic.com/aw/pics/globalAssets/imgPanelULYellow.gif'

     0K                                                       100% 20.0M=0s

2012-10-01 05:07:52 (20.0 MB/s) - `code/../crawls/pages.ebay.com/User-Agreement/raw/pics.ebaystatic.com/aw/pics/globalAssets/imgPanelULYellow.gif' saved [113/113]

--2012-10-01 05:07:52--  http://pics.ebaystatic.com/aw/pics/globalAssets/imgPanelBGYellowGrad1.gif
Reusing existing connection to pics.ebaystatic.com:80.
HTTP request sent, awaiting response... 200 OK
Length: 145 [image/gif]
Saving to: `code/../crawls/pages.ebay.com/User-Agreement/raw/pics.ebaystatic.com/aw/pics/globalAssets/imgPanelBGYellowGrad1.gif'

     0K                                                       100% 25.5M=0s

2012-10-01 05:07:52 (25.5 MB/s) - `code/../crawls/pages.ebay.com/User-Agreement/raw/pics.ebaystatic.com/aw/pics/globalAssets/imgPanelBGYellowGrad1.gif' saved [145/145]

--2012-10-01 05:07:52--  http://pics.ebaystatic.com/aw/pics/globalAssets/imgPageLevelToolBarBG40.gif
Reusing existing connection to pics.ebaystatic.com:80.
HTTP request sent, awaiting response... 200 OK
Length: 156 [image/gif]
Saving to: `code/../crawls/pages.ebay.com/User-Agreement/raw/pics.ebaystatic.com/aw/pics/globalAssets/imgPageLevelToolBarBG40.gif'

     0K                                                       100% 27.7M=0s

2012-10-01 05:07:52 (27.7 MB/s) - `code/../crawls/pages.ebay.com/User-Agreement/raw/pics.ebaystatic.com/aw/pics/globalAssets/imgPageLevelToolBarBG40.gif' saved [156/156]

--2012-10-01 05:07:52--  http://pics.ebaystatic.com/aw/pics/globalAssets/imgPanelLRYellow.gif
Reusing existing connection to pics.ebaystatic.com:80.
HTTP request sent, awaiting response... 200 OK
Length: 111 [image/gif]
Saving to: `code/../crawls/pages.ebay.com/User-Agreement/raw/pics.ebaystatic.com/aw/pics/globalAssets/imgPanelLRYellow.gif'

     0K                                                       100% 20.1M=0s

2012-10-01 05:07:52 (20.1 MB/s) - `code/../crawls/pages.ebay.com/User-Agreement/raw/pics.ebaystatic.com/aw/pics/globalAssets/imgPanelLRYellow.gif' saved [111/111]

--2012-10-01 05:07:52--  http://pics.ebaystatic.com/aw/pics/globalAssets/imgPanelLLYellow.gif
Reusing existing connection to pics.ebaystatic.com:80.
HTTP request sent, awaiting response... 200 OK
Length: 112 [image/gif]
Saving to: `code/../crawls/pages.ebay.com/User-Agreement/raw/pics.ebaystatic.com/aw/pics/globalAssets/imgPanelLLYellow.gif'

     0K                                                       100% 20.2M=0s

2012-10-01 05:07:52 (20.2 MB/s) - `code/../crawls/pages.ebay.com/User-Agreement/raw/pics.ebaystatic.com/aw/pics/globalAssets/imgPanelLLYellow.gif' saved [112/112]

--2012-10-01 05:07:52--  http://pics.ebaystatic.com/aw/pics/globalAssets/imgrndcnrgrey_spaced.gif
Reusing existing connection to pics.ebaystatic.com:80.
HTTP request sent, awaiting response... 200 OK
Length: 133 [image/gif]
Saving to: `code/../crawls/pages.ebay.com/User-Agreement/raw/pics.ebaystatic.com/aw/pics/globalAssets/imgrndcnrgrey_spaced.gif'

     0K                                                       100% 23.7M=0s

2012-10-01 05:07:52 (23.7 MB/s) - `code/../crawls/pages.ebay.com/User-Agreement/raw/pics.ebaystatic.com/aw/pics/globalAssets/imgrndcnrgrey_spaced.gif' saved [133/133]

--2012-10-01 05:07:52--  http://pics.ebaystatic.com/aw/pics/help/infohubs/images/imgYellowGrad_1x97.gif
Reusing existing connection to pics.ebaystatic.com:80.
HTTP request sent, awaiting response... 200 OK
Length: 313 [image/gif]
Saving to: `code/../crawls/pages.ebay.com/User-Agreement/raw/pics.ebaystatic.com/aw/pics/help/infohubs/images/imgYellowGrad_1x97.gif'

     0K                                                       100% 52.3M=0s

2012-10-01 05:07:52 (52.3 MB/s) - `code/../crawls/pages.ebay.com/User-Agreement/raw/pics.ebaystatic.com/aw/pics/help/infohubs/images/imgYellowGrad_1x97.gif' saved [313/313]

--2012-10-01 05:07:52--  http://pics.ebaystatic.com/aw/pics/help/infohubs/images/imgLeftNaviHeaderBg_1x23.gif
Reusing existing connection to pics.ebaystatic.com:80.
HTTP request sent, awaiting response... 200 OK
Length: 150 [image/gif]
Saving to: `code/../crawls/pages.ebay.com/User-Agreement/raw/pics.ebaystatic.com/aw/pics/help/infohubs/images/imgLeftNaviHeaderBg_1x23.gif'

     0K                                                       100% 26.6M=0s

2012-10-01 05:07:52 (26.6 MB/s) - `code/../crawls/pages.ebay.com/User-Agreement/raw/pics.ebaystatic.com/aw/pics/help/infohubs/images/imgLeftNaviHeaderBg_1x23.gif' saved [150/150]

--2012-10-01 05:07:52--  http://pics.ebaystatic.com/aw/pics/help/infohubs/images/imgLeftNavBgUPD_1x100.gif
Reusing existing connection to pics.ebaystatic.com:80.
HTTP request sent, awaiting response... 200 OK
Length: 156 [image/gif]
Saving to: `code/../crawls/pages.ebay.com/User-Agreement/raw/pics.ebaystatic.com/aw/pics/help/infohubs/images/imgLeftNavBgUPD_1x100.gif'

     0K                                                       100% 27.6M=0s

2012-10-01 05:07:52 (27.6 MB/s) - `code/../crawls/pages.ebay.com/User-Agreement/raw/pics.ebaystatic.com/aw/pics/help/infohubs/images/imgLeftNavBgUPD_1x100.gif' saved [156/156]

--2012-10-01 05:07:52--  http://pics.ebaystatic.com/aw/pics/globalAssets/imgrndcnryellow_spaced.gif
Reusing existing connection to pics.ebaystatic.com:80.
HTTP request sent, awaiting response... 200 OK
Length: 884 [image/gif]
Saving to: `code/../crawls/pages.ebay.com/User-Agreement/raw/pics.ebaystatic.com/aw/pics/globalAssets/imgrndcnryellow_spaced.gif'

     0K                                                       100%  149M=0s

2012-10-01 05:07:52 (149 MB/s) - `code/../crawls/pages.ebay.com/User-Agreement/raw/pics.ebaystatic.com/aw/pics/globalAssets/imgrndcnryellow_spaced.gif' saved [884/884]

--2012-10-01 05:07:52--  http://pics.ebaystatic.com/aw/pics/globalAssets/imgTransRndCrnAllColor_spaced.gif
Reusing existing connection to pics.ebaystatic.com:80.
HTTP request sent, awaiting response... 200 OK
Length: 1077 (1.1K) [image/gif]
Saving to: `code/../crawls/pages.ebay.com/User-Agreement/raw/pics.ebaystatic.com/aw/pics/globalAssets/imgTransRndCrnAllColor_spaced.gif'

     0K .                                                     100%  176M=0s

2012-10-01 05:07:52 (176 MB/s) - `code/../crawls/pages.ebay.com/User-Agreement/raw/pics.ebaystatic.com/aw/pics/globalAssets/imgTransRndCrnAllColor_spaced.gif' saved [1077/1077]

--2012-10-01 05:07:52--  http://pics.ebaystatic.com/aw/pics/globalAssets/imgYellowBG_1x30.gif
Reusing existing connection to pics.ebaystatic.com:80.
HTTP request sent, awaiting response... 200 OK
Length: 442 [image/gif]
Saving to: `code/../crawls/pages.ebay.com/User-Agreement/raw/pics.ebaystatic.com/aw/pics/globalAssets/imgYellowBG_1x30.gif'

     0K                                                       100% 78.5M=0s

2012-10-01 05:07:52 (78.5 MB/s) - `code/../crawls/pages.ebay.com/User-Agreement/raw/pics.ebaystatic.com/aw/pics/globalAssets/imgYellowBG_1x30.gif' saved [442/442]

--2012-10-01 05:07:52--  http://pics.ebaystatic.com/aw/pics/globalAssets/imgPanelULred.gif
Reusing existing connection to pics.ebaystatic.com:80.
HTTP request sent, awaiting response... 200 OK
Length: 82 [image/gif]
Saving to: `code/../crawls/pages.ebay.com/User-Agreement/raw/pics.ebaystatic.com/aw/pics/globalAssets/imgPanelULred.gif'

     0K                                                       100% 14.5M=0s

2012-10-01 05:07:52 (14.5 MB/s) - `code/../crawls/pages.ebay.com/User-Agreement/raw/pics.ebaystatic.com/aw/pics/globalAssets/imgPanelULred.gif' saved [82/82]

--2012-10-01 05:07:52--  http://pics.ebaystatic.com/aw/pics/globalAssets/imgPanelURred.gif
Reusing existing connection to pics.ebaystatic.com:80.
HTTP request sent, awaiting response... 200 OK
Length: 82 [image/gif]
Saving to: `code/../crawls/pages.ebay.com/User-Agreement/raw/pics.ebaystatic.com/aw/pics/globalAssets/imgPanelURred.gif'

     0K                                                       100% 14.7M=0s

2012-10-01 05:07:52 (14.7 MB/s) - `code/../crawls/pages.ebay.com/User-Agreement/raw/pics.ebaystatic.com/aw/pics/globalAssets/imgPanelURred.gif' saved [82/82]

--2012-10-01 05:07:52--  http://pics.ebaystatic.com/aw/pics/globalAssets/imgPanelLRred.gif
Reusing existing connection to pics.ebaystatic.com:80.
HTTP request sent, awaiting response... 200 OK
Length: 81 [image/gif]
Saving to: `code/../crawls/pages.ebay.com/User-Agreement/raw/pics.ebaystatic.com/aw/pics/globalAssets/imgPanelLRred.gif'

     0K                                                       100% 14.7M=0s

2012-10-01 05:07:52 (14.7 MB/s) - `code/../crawls/pages.ebay.com/User-Agreement/raw/pics.ebaystatic.com/aw/pics/globalAssets/imgPanelLRred.gif' saved [81/81]

--2012-10-01 05:07:52--  http://pics.ebaystatic.com/aw/pics/globalAssets/imgPanelLLred.gif
Reusing existing connection to pics.ebaystatic.com:80.
HTTP request sent, awaiting response... 200 OK
Length: 82 [image/gif]
Saving to: `code/../crawls/pages.ebay.com/User-Agreement/raw/pics.ebaystatic.com/aw/pics/globalAssets/imgPanelLLred.gif'

     0K                                                       100% 15.0M=0s

2012-10-01 05:07:52 (15.0 MB/s) - `code/../crawls/pages.ebay.com/User-Agreement/raw/pics.ebaystatic.com/aw/pics/globalAssets/imgPanelLLred.gif' saved [82/82]

--2012-10-01 05:07:52--  http://q.ebaystatic.com/aw/pics/cmp/ds2/sprArrows.png
Resolving q.ebaystatic.com... 206.33.42.126, 8.12.204.123, 198.78.193.126
Reusing existing connection to pics.ebaystatic.com:80.
HTTP request sent, awaiting response... 200 OK
Length: 2672 (2.6K) [image/png]
Saving to: `code/../crawls/pages.ebay.com/User-Agreement/raw/q.ebaystatic.com/aw/pics/cmp/ds2/sprArrows.png'

     0K ..                                                    100%  357M=0s

2012-10-01 05:07:52 (357 MB/s) - `code/../crawls/pages.ebay.com/User-Agreement/raw/q.ebaystatic.com/aw/pics/cmp/ds2/sprArrows.png' saved [2672/2672]

--2012-10-01 05:07:52--  http://q.ebaystatic.com/aw/pics/cmp/ds2/ui/sprBtnCore.png
Reusing existing connection to pics.ebaystatic.com:80.
HTTP request sent, awaiting response... 200 OK
Length: 7727 (7.5K) [image/png]
Saving to: `code/../crawls/pages.ebay.com/User-Agreement/raw/q.ebaystatic.com/aw/pics/cmp/ds2/ui/sprBtnCore.png'

     0K .......                                               100% 5.93M=0.001s

2012-10-01 05:07:52 (5.93 MB/s) - `code/../crawls/pages.ebay.com/User-Agreement/raw/q.ebaystatic.com/aw/pics/cmp/ds2/ui/sprBtnCore.png' saved [7727/7727]

FINISHED --2012-10-01 05:07:52--
Total wall clock time: 1.0s
Downloaded: 58 files, 555K in 0.2s (2.96 MB/s)
Converting code/../crawls/pages.ebay.com/User-Agreement/raw/pages.ebay.com/help/policies/user-agreement.html... 31-0
Converting code/../crawls/pages.ebay.com/User-Agreement/raw/gh.ebaystatic.com/header/css/all.min?combo=32&rvr=61.css... 26-0
Converting code/../crawls/pages.ebay.com/User-Agreement/raw/include.ebaystatic.com/css/v/us/help/help-ds2.css... 3-0
Converting code/../crawls/pages.ebay.com/User-Agreement/raw/include.ebaystatic.com/css/v/us/help/help.css... 3-0
Converting code/../crawls/pages.ebay.com/User-Agreement/raw/include.ebaystatic.com/css/v/us/help/help-yukon.css... 26-0
Converting code/../crawls/pages.ebay.com/User-Agreement/raw/include.ebaystatic.com/css/v/us/help/help-pagetype.css... 31-0
Converted 6 files in 0.005 seconds.
