--2012-12-05 05:13:59--  http://www.aetna.com/legal-notices/privacy/privacy.html
Resolving www.aetna.com... 206.213.253.171, 206.213.211.171
Connecting to www.aetna.com|206.213.253.171|:80... connected.
HTTP request sent, awaiting response... 200 OK
Length: 23525 (23K) [text/html]
Saving to: `code/../crawls/aetna.com/Privacy-Policy/raw/www.aetna.com/legal-notices/privacy/privacy.html'

     0K .......... .......... ..                              100% 96.5K=0.2s

2012-12-05 05:14:00 (96.5 KB/s) - `code/../crawls/aetna.com/Privacy-Policy/raw/www.aetna.com/legal-notices/privacy/privacy.html' saved [23525/23525]

--2012-12-05 05:14:00--  http://www.aetna.com/assets_aetnaCom/css/reset.css
Reusing existing connection to www.aetna.com:80.
HTTP request sent, awaiting response... 200 OK
Length: 1125 (1.1K) [text/css]
Saving to: `code/../crawls/aetna.com/Privacy-Policy/raw/www.aetna.com/assets_aetnaCom/css/reset.css'

     0K .                                                     100%  155M=0s

2012-12-05 05:14:00 (155 MB/s) - `code/../crawls/aetna.com/Privacy-Policy/raw/www.aetna.com/assets_aetnaCom/css/reset.css' saved [1125/1125]

--2012-12-05 05:14:00--  http://www.aetna.com/assets_aetnaCom/css/styles.css
Reusing existing connection to www.aetna.com:80.
HTTP request sent, awaiting response... 200 OK
Length: 47241 (46K) [text/css]
Saving to: `code/../crawls/aetna.com/Privacy-Policy/raw/www.aetna.com/assets_aetnaCom/css/styles.css'

     0K .......... .......... .......... .......... ......    100%  282K=0.2s

2012-12-05 05:14:00 (282 KB/s) - `code/../crawls/aetna.com/Privacy-Policy/raw/www.aetna.com/assets_aetnaCom/css/styles.css' saved [47241/47241]

--2012-12-05 05:14:00--  http://www.aetna.com/assets_aetnaCom/css/aeOverride.css
Reusing existing connection to www.aetna.com:80.
HTTP request sent, awaiting response... 200 OK
Length: 39071 (38K) [text/css]
Saving to: `code/../crawls/aetna.com/Privacy-Policy/raw/www.aetna.com/assets_aetnaCom/css/aeOverride.css'

     0K .......... .......... .......... ........             100%  476K=0.08s

2012-12-05 05:14:00 (476 KB/s) - `code/../crawls/aetna.com/Privacy-Policy/raw/www.aetna.com/assets_aetnaCom/css/aeOverride.css' saved [39071/39071]

--2012-12-05 05:14:00--  http://www.aetna.com/assets_aetnaCom/css/subBrand/aeAbout.css
Reusing existing connection to www.aetna.com:80.
HTTP request sent, awaiting response... 200 OK
Length: 1004 [text/css]
Saving to: `code/../crawls/aetna.com/Privacy-Policy/raw/www.aetna.com/assets_aetnaCom/css/subBrand/aeAbout.css'

     0K                                                       100%  161M=0s

2012-12-05 05:14:00 (161 MB/s) - `code/../crawls/aetna.com/Privacy-Policy/raw/www.aetna.com/assets_aetnaCom/css/subBrand/aeAbout.css' saved [1004/1004]

--2012-12-05 05:14:00--  http://www.aetna.com/assets_aetnaCom/css/print.css
Reusing existing connection to www.aetna.com:80.
HTTP request sent, awaiting response... 200 OK
Length: 9013 (8.8K) [text/css]
Saving to: `code/../crawls/aetna.com/Privacy-Policy/raw/www.aetna.com/assets_aetnaCom/css/print.css'

     0K ........                                              100% 9.73M=0.001s

2012-12-05 05:14:00 (9.73 MB/s) - `code/../crawls/aetna.com/Privacy-Policy/raw/www.aetna.com/assets_aetnaCom/css/print.css' saved [9013/9013]

--2012-12-05 05:14:00--  http://www.aetna.com/assets_aetnaCom/css/sifr.css
Reusing existing connection to www.aetna.com:80.
HTTP request sent, awaiting response... 200 OK
Length: 2706 (2.6K) [text/css]
Saving to: `code/../crawls/aetna.com/Privacy-Policy/raw/www.aetna.com/assets_aetnaCom/css/sifr.css'

     0K ..                                                    100% 39.3M=0s

2012-12-05 05:14:01 (39.3 MB/s) - `code/../crawls/aetna.com/Privacy-Policy/raw/www.aetna.com/assets_aetnaCom/css/sifr.css' saved [2706/2706]

--2012-12-05 05:14:01--  http://www.aetna.com/assets_aetnaCom/scripts/aeBrand.js
Reusing existing connection to www.aetna.com:80.
HTTP request sent, awaiting response... 200 OK
Length: 2296 (2.2K) [application/x-javascript]
Saving to: `code/../crawls/aetna.com/Privacy-Policy/raw/www.aetna.com/assets_aetnaCom/scripts/aeBrand.js'

     0K ..                                                    100%  284M=0s

2012-12-05 05:14:01 (284 MB/s) - `code/../crawls/aetna.com/Privacy-Policy/raw/www.aetna.com/assets_aetnaCom/scripts/aeBrand.js' saved [2296/2296]

--2012-12-05 05:14:01--  http://www.aetna.com/assets_aetnaCom/js/sifr.js
Reusing existing connection to www.aetna.com:80.
HTTP request sent, awaiting response... 200 OK
Length: 29344 (29K) [application/x-javascript]
Saving to: `code/../crawls/aetna.com/Privacy-Policy/raw/www.aetna.com/assets_aetnaCom/js/sifr.js'

     0K .......... .......... ........                        100%  363K=0.08s

2012-12-05 05:14:01 (363 KB/s) - `code/../crawls/aetna.com/Privacy-Policy/raw/www.aetna.com/assets_aetnaCom/js/sifr.js' saved [29344/29344]

--2012-12-05 05:14:01--  http://www.aetna.com/assets_aetnaCom/js/sifr-config.js
Reusing existing connection to www.aetna.com:80.
HTTP request sent, awaiting response... 200 OK
Length: 2790 (2.7K) [application/x-javascript]
Saving to: `code/../crawls/aetna.com/Privacy-Policy/raw/www.aetna.com/assets_aetnaCom/js/sifr-config.js'

     0K ..                                                    100% 41.8M=0s

2012-12-05 05:14:01 (41.8 MB/s) - `code/../crawls/aetna.com/Privacy-Policy/raw/www.aetna.com/assets_aetnaCom/js/sifr-config.js' saved [2790/2790]

--2012-12-05 05:14:01--  http://www.aetna.com/assets_aetnaCom/js/jquery-1.3.2.js
Reusing existing connection to www.aetna.com:80.
HTTP request sent, awaiting response... 200 OK
Length: 120619 (118K) [application/x-javascript]
Saving to: `code/../crawls/aetna.com/Privacy-Policy/raw/www.aetna.com/assets_aetnaCom/js/jquery-1.3.2.js'

     0K .......... .......... .......... .......... .......... 42%  621K 0s
    50K .......... .......... .......... .......... .......... 84%  627K 0s
   100K .......... .......                                    100% 9.94M=0.2s

2012-12-05 05:14:01 (727 KB/s) - `code/../crawls/aetna.com/Privacy-Policy/raw/www.aetna.com/assets_aetnaCom/js/jquery-1.3.2.js' saved [120619/120619]

--2012-12-05 05:14:01--  http://www.aetna.com/assets_aetnaCom/js/250/addthis_widget.js
Reusing existing connection to www.aetna.com:80.
HTTP request sent, awaiting response... 200 OK
Length: 60057 (59K) [application/x-javascript]
Saving to: `code/../crawls/aetna.com/Privacy-Policy/raw/www.aetna.com/assets_aetnaCom/js/250/addthis_widget.js'

     0K .......... .......... .......... .......... .......... 85%  618K 0s
    50K ........                                              100% 12.0M=0.08s

2012-12-05 05:14:01 (719 KB/s) - `code/../crawls/aetna.com/Privacy-Policy/raw/www.aetna.com/assets_aetnaCom/js/250/addthis_widget.js' saved [60057/60057]

--2012-12-05 05:14:01--  http://www.aetna.com/assets_aetnaCom/js/_jquery_/library.js
Reusing existing connection to www.aetna.com:80.
HTTP request sent, awaiting response... 200 OK
Length: 242 [application/x-javascript]
Saving to: `code/../crawls/aetna.com/Privacy-Policy/raw/www.aetna.com/assets_aetnaCom/js/_jquery_/library.js'

     0K                                                       100% 41.0M=0s

2012-12-05 05:14:01 (41.0 MB/s) - `code/../crawls/aetna.com/Privacy-Policy/raw/www.aetna.com/assets_aetnaCom/js/_jquery_/library.js' saved [242/242]

--2012-12-05 05:14:01--  http://www.aetna.com/assets_aetnaCom/js/ui.core.js
Reusing existing connection to www.aetna.com:80.
HTTP request sent, awaiting response... 200 OK
Length: 13932 (14K) [application/x-javascript]
Saving to: `code/../crawls/aetna.com/Privacy-Policy/raw/www.aetna.com/assets_aetnaCom/js/ui.core.js'

     0K .......... ...                                        100% 13.1M=0.001s

2012-12-05 05:14:01 (13.1 MB/s) - `code/../crawls/aetna.com/Privacy-Policy/raw/www.aetna.com/assets_aetnaCom/js/ui.core.js' saved [13932/13932]

--2012-12-05 05:14:01--  http://www.aetna.com/assets_aetnaCom/js/ui.tabs.js
Reusing existing connection to www.aetna.com:80.
HTTP request sent, awaiting response... 200 OK
Length: 19069 (19K) [application/x-javascript]
Saving to: `code/../crawls/aetna.com/Privacy-Policy/raw/www.aetna.com/assets_aetnaCom/js/ui.tabs.js'

     0K .......... ........                                   100% 12.6M=0.001s

2012-12-05 05:14:02 (12.6 MB/s) - `code/../crawls/aetna.com/Privacy-Policy/raw/www.aetna.com/assets_aetnaCom/js/ui.tabs.js' saved [19069/19069]

--2012-12-05 05:14:02--  http://www.aetna.com/assets_aetnaCom/js/webtrends/aetnaCom/webtrends.js
Reusing existing connection to www.aetna.com:80.
HTTP request sent, awaiting response... 200 OK
Length: 27153 (27K) [application/x-javascript]
Saving to: `code/../crawls/aetna.com/Privacy-Policy/raw/www.aetna.com/assets_aetnaCom/js/webtrends/aetnaCom/webtrends.js'

     0K .......... .......... ......                          100% 12.9M=0.002s

2012-12-05 05:14:02 (12.9 MB/s) - `code/../crawls/aetna.com/Privacy-Policy/raw/www.aetna.com/assets_aetnaCom/js/webtrends/aetnaCom/webtrends.js' saved [27153/27153]

--2012-12-05 05:14:02--  http://www.aetna.com/assets_aetnaCom/js/search/aetnaCom/search.js
Reusing existing connection to www.aetna.com:80.
HTTP request sent, awaiting response... 200 OK
Length: 608 [application/x-javascript]
Saving to: `code/../crawls/aetna.com/Privacy-Policy/raw/www.aetna.com/assets_aetnaCom/js/search/aetnaCom/search.js'

     0K                                                       100%  102M=0s

2012-12-05 05:14:02 (102 MB/s) - `code/../crawls/aetna.com/Privacy-Policy/raw/www.aetna.com/assets_aetnaCom/js/search/aetnaCom/search.js' saved [608/608]

--2012-12-05 05:14:02--  http://www.aetna.com/assets_aetnaCom/images/content/aetna-logo.gif
Reusing existing connection to www.aetna.com:80.
HTTP request sent, awaiting response... 200 OK
Length: 1942 (1.9K) [image/gif]
Saving to: `code/../crawls/aetna.com/Privacy-Policy/raw/www.aetna.com/assets_aetnaCom/images/content/aetna-logo.gif'

     0K .                                                     100%  264M=0s

2012-12-05 05:14:02 (264 MB/s) - `code/../crawls/aetna.com/Privacy-Policy/raw/www.aetna.com/assets_aetnaCom/images/content/aetna-logo.gif' saved [1942/1942]

--2012-12-05 05:14:02--  http://www.aetna.com/assets_aetnaCom/onlineopinionS3tS/oo_engine.js
Reusing existing connection to www.aetna.com:80.
HTTP request sent, awaiting response... 200 OK
Length: 1152 (1.1K) [application/x-javascript]
Saving to: `code/../crawls/aetna.com/Privacy-Policy/raw/www.aetna.com/assets_aetnaCom/onlineopinionS3tS/oo_engine.js'

     0K .                                                     100%  168M=0s

2012-12-05 05:14:02 (168 MB/s) - `code/../crawls/aetna.com/Privacy-Policy/raw/www.aetna.com/assets_aetnaCom/onlineopinionS3tS/oo_engine.js' saved [1152/1152]

--2012-12-05 05:14:02--  http://www.aetna.com/assets_aetnaCom/onlineopinionS3tS/sm_F9DE42_oo.gif
Reusing existing connection to www.aetna.com:80.
HTTP request sent, awaiting response... 200 OK
Length: 597 [image/gif]
Saving to: `code/../crawls/aetna.com/Privacy-Policy/raw/www.aetna.com/assets_aetnaCom/onlineopinionS3tS/sm_F9DE42_oo.gif'

     0K                                                       100%  106M=0s

2012-12-05 05:14:02 (106 MB/s) - `code/../crawls/aetna.com/Privacy-Policy/raw/www.aetna.com/assets_aetnaCom/onlineopinionS3tS/sm_F9DE42_oo.gif' saved [597/597]

--2012-12-05 05:14:02--  http://www.aetna.com/assets_aetnaCom/js/globalFooter.js
Reusing existing connection to www.aetna.com:80.
HTTP request sent, awaiting response... 200 OK
Length: 425 [application/x-javascript]
Saving to: `code/../crawls/aetna.com/Privacy-Policy/raw/www.aetna.com/assets_aetnaCom/js/globalFooter.js'

     0K                                                       100% 79.2M=0s

2012-12-05 05:14:02 (79.2 MB/s) - `code/../crawls/aetna.com/Privacy-Policy/raw/www.aetna.com/assets_aetnaCom/js/globalFooter.js' saved [425/425]

--2012-12-05 05:14:02--  http://webstats.aetna.com/dcs9a1185100004ztp0jf250k_5o4s/njs.gif?dcsuri=/nojavascript&WT.js=No&WT.tv=8.6.2
Resolving webstats.aetna.com... 206.213.251.205, 206.213.209.215
Connecting to webstats.aetna.com|206.213.251.205|:80... failed: Connection timed out.
Connecting to webstats.aetna.com|206.213.209.215|:80... failed: Connection timed out.
Retrying.

--2012-12-05 05:14:33--  (try: 2)  http://webstats.aetna.com/dcs9a1185100004ztp0jf250k_5o4s/njs.gif?dcsuri=/nojavascript&WT.js=No&WT.tv=8.6.2
Connecting to webstats.aetna.com|206.213.251.205|:80... failed: Connection timed out.
Connecting to webstats.aetna.com|206.213.209.215|:80... failed: Connection timed out.
Retrying.

--2012-12-05 05:15:05--  (try: 3)  http://webstats.aetna.com/dcs9a1185100004ztp0jf250k_5o4s/njs.gif?dcsuri=/nojavascript&WT.js=No&WT.tv=8.6.2
Connecting to webstats.aetna.com|206.213.251.205|:80... failed: Connection timed out.
Connecting to webstats.aetna.com|206.213.209.215|:80... failed: Connection timed out.
Giving up.

--2012-12-05 05:15:35--  http://www.aetna.com/assets_aetnaCom/images/structure/bg-nav-audience-home-on.gif
Connecting to www.aetna.com|206.213.253.171|:80... connected.
HTTP request sent, awaiting response... 200 OK
Length: 284 [image/gif]
Saving to: `code/../crawls/aetna.com/Privacy-Policy/raw/www.aetna.com/assets_aetnaCom/images/structure/bg-nav-audience-home-on.gif'

     0K                                                       100% 33.8M=0s

2012-12-05 05:15:37 (33.8 MB/s) - `code/../crawls/aetna.com/Privacy-Policy/raw/www.aetna.com/assets_aetnaCom/images/structure/bg-nav-audience-home-on.gif' saved [284/284]

--2012-12-05 05:15:37--  http://www.aetna.com/assets_aetnaCom/images/structure/bg-nav-audience-indiv-on.gif
Reusing existing connection to www.aetna.com:80.
HTTP request sent, awaiting response... 200 OK
Length: 308 [image/gif]
Saving to: `code/../crawls/aetna.com/Privacy-Policy/raw/www.aetna.com/assets_aetnaCom/images/structure/bg-nav-audience-indiv-on.gif'

     0K                                                       100% 47.5M=0s

2012-12-05 05:15:38 (47.5 MB/s) - `code/../crawls/aetna.com/Privacy-Policy/raw/www.aetna.com/assets_aetnaCom/images/structure/bg-nav-audience-indiv-on.gif' saved [308/308]

--2012-12-05 05:15:38--  http://www.aetna.com/assets_aetnaCom/images/structure/bg-nav-audience-orgs-on.gif
Reusing existing connection to www.aetna.com:80.
HTTP request sent, awaiting response... 200 OK
Length: 262 [image/gif]
Saving to: `code/../crawls/aetna.com/Privacy-Policy/raw/www.aetna.com/assets_aetnaCom/images/structure/bg-nav-audience-orgs-on.gif'

     0K                                                       100% 40.6M=0s

2012-12-05 05:15:38 (40.6 MB/s) - `code/../crawls/aetna.com/Privacy-Policy/raw/www.aetna.com/assets_aetnaCom/images/structure/bg-nav-audience-orgs-on.gif' saved [262/262]

--2012-12-05 05:15:38--  http://www.aetna.com/assets_aetnaCom/images/structure/bg-nav-audience-hcp-on.gif
Reusing existing connection to www.aetna.com:80.
HTTP request sent, awaiting response... 200 OK
Length: 267 [image/gif]
Saving to: `code/../crawls/aetna.com/Privacy-Policy/raw/www.aetna.com/assets_aetnaCom/images/structure/bg-nav-audience-hcp-on.gif'

     0K                                                       100% 43.7M=0s

2012-12-05 05:15:38 (43.7 MB/s) - `code/../crawls/aetna.com/Privacy-Policy/raw/www.aetna.com/assets_aetnaCom/images/structure/bg-nav-audience-hcp-on.gif' saved [267/267]

--2012-12-05 05:15:38--  http://www.aetna.com/assets_aetnaCom/images/structure/bg-nav-audience-prod-on.gif
Reusing existing connection to www.aetna.com:80.
HTTP request sent, awaiting response... 200 OK
Length: 262 [image/gif]
Saving to: `code/../crawls/aetna.com/Privacy-Policy/raw/www.aetna.com/assets_aetnaCom/images/structure/bg-nav-audience-prod-on.gif'

     0K                                                       100% 43.9M=0s

2012-12-05 05:15:38 (43.9 MB/s) - `code/../crawls/aetna.com/Privacy-Policy/raw/www.aetna.com/assets_aetnaCom/images/structure/bg-nav-audience-prod-on.gif' saved [262/262]

--2012-12-05 05:15:38--  http://www.aetna.com/assets_aetnaCom/images/structure/bg-nav-audience-about-on.gif
Reusing existing connection to www.aetna.com:80.
HTTP request sent, awaiting response... 200 OK
Length: 268 [image/gif]
Saving to: `code/../crawls/aetna.com/Privacy-Policy/raw/www.aetna.com/assets_aetnaCom/images/structure/bg-nav-audience-about-on.gif'

     0K                                                       100% 42.7M=0s

2012-12-05 05:15:38 (42.7 MB/s) - `code/../crawls/aetna.com/Privacy-Policy/raw/www.aetna.com/assets_aetnaCom/images/structure/bg-nav-audience-about-on.gif' saved [268/268]

--2012-12-05 05:15:38--  http://www.aetna.com/assets_aetnaCom/images/content/container-cols-photo-father-son.jpg
Reusing existing connection to www.aetna.com:80.
HTTP request sent, awaiting response... 200 OK
Length: 15082 (15K) [image/jpeg]
Saving to: `code/../crawls/aetna.com/Privacy-Policy/raw/www.aetna.com/assets_aetnaCom/images/content/container-cols-photo-father-son.jpg'

     0K .......... ....                                       100% 62.3K=0.2s

2012-12-05 05:15:38 (62.3 KB/s) - `code/../crawls/aetna.com/Privacy-Policy/raw/www.aetna.com/assets_aetnaCom/images/content/container-cols-photo-father-son.jpg' saved [15082/15082]

--2012-12-05 05:15:38--  http://www.aetna.com/assets_aetnaCom/images/content/container-cols-photo-bldg.jpg
Reusing existing connection to www.aetna.com:80.
HTTP request sent, awaiting response... 200 OK
Length: 24265 (24K) [image/jpeg]
Saving to: `code/../crawls/aetna.com/Privacy-Policy/raw/www.aetna.com/assets_aetnaCom/images/content/container-cols-photo-bldg.jpg'

     0K .......... .......... ...                             100%  150K=0.2s

2012-12-05 05:15:38 (150 KB/s) - `code/../crawls/aetna.com/Privacy-Policy/raw/www.aetna.com/assets_aetnaCom/images/content/container-cols-photo-bldg.jpg' saved [24265/24265]

--2012-12-05 05:15:38--  http://www.aetna.com/assets_aetnaCom/images/content/container-cols-photo-woman-phone.jpg
Reusing existing connection to www.aetna.com:80.
HTTP request sent, awaiting response... 200 OK
Length: 9618 (9.4K) [image/jpeg]
Saving to: `code/../crawls/aetna.com/Privacy-Policy/raw/www.aetna.com/assets_aetnaCom/images/content/container-cols-photo-woman-phone.jpg'

     0K .........                                             100% 12.9M=0.001s

2012-12-05 05:15:38 (12.9 MB/s) - `code/../crawls/aetna.com/Privacy-Policy/raw/www.aetna.com/assets_aetnaCom/images/content/container-cols-photo-woman-phone.jpg' saved [9618/9618]

--2012-12-05 05:15:38--  http://www.aetna.com/assets_aetnaCom/images/content/container-cols-photo-woman.jpg
Reusing existing connection to www.aetna.com:80.
HTTP request sent, awaiting response... 200 OK
Length: 8704 (8.5K) [image/jpeg]
Saving to: `code/../crawls/aetna.com/Privacy-Policy/raw/www.aetna.com/assets_aetnaCom/images/content/container-cols-photo-woman.jpg'

     0K ........                                              100% 15.9M=0.001s

2012-12-05 05:15:39 (15.9 MB/s) - `code/../crawls/aetna.com/Privacy-Policy/raw/www.aetna.com/assets_aetnaCom/images/content/container-cols-photo-woman.jpg' saved [8704/8704]

--2012-12-05 05:15:39--  http://www.aetna.com/assets_aetnaCom/images/content/container-cols-photo-2-women.jpg
Reusing existing connection to www.aetna.com:80.
HTTP request sent, awaiting response... 200 OK
Length: 14784 (14K) [image/jpeg]
Saving to: `code/../crawls/aetna.com/Privacy-Policy/raw/www.aetna.com/assets_aetnaCom/images/content/container-cols-photo-2-women.jpg'

     0K .......... ....                                       100%  183K=0.08s

2012-12-05 05:15:39 (183 KB/s) - `code/../crawls/aetna.com/Privacy-Policy/raw/www.aetna.com/assets_aetnaCom/images/content/container-cols-photo-2-women.jpg' saved [14784/14784]

--2012-12-05 05:15:39--  http://www.aetna.com/assets_aetnaCom/images/content/container-cols-photo-woman-bike.jpg
Reusing existing connection to www.aetna.com:80.
HTTP request sent, awaiting response... 200 OK
Length: 16357 (16K) [image/jpeg]
Saving to: `code/../crawls/aetna.com/Privacy-Policy/raw/www.aetna.com/assets_aetnaCom/images/content/container-cols-photo-woman-bike.jpg'

     0K .......... .....                                      100% 13.1M=0.001s

2012-12-05 05:15:39 (13.1 MB/s) - `code/../crawls/aetna.com/Privacy-Policy/raw/www.aetna.com/assets_aetnaCom/images/content/container-cols-photo-woman-bike.jpg' saved [16357/16357]

--2012-12-05 05:15:39--  http://www.aetna.com/assets_aetnaCom/images/content/container-cols-photo-docs.jpg
Reusing existing connection to www.aetna.com:80.
HTTP request sent, awaiting response... 200 OK
Length: 7987 (7.8K) [image/jpeg]
Saving to: `code/../crawls/aetna.com/Privacy-Policy/raw/www.aetna.com/assets_aetnaCom/images/content/container-cols-photo-docs.jpg'

     0K .......                                               100% 10.4M=0.001s

2012-12-05 05:15:39 (10.4 MB/s) - `code/../crawls/aetna.com/Privacy-Policy/raw/www.aetna.com/assets_aetnaCom/images/content/container-cols-photo-docs.jpg' saved [7987/7987]

--2012-12-05 05:15:39--  http://www.aetna.com/assets_aetnaCom/images/content/container-cols-photo-man-computer.jpg
Reusing existing connection to www.aetna.com:80.
HTTP request sent, awaiting response... 200 OK
Length: 10478 (10K) [image/jpeg]
Saving to: `code/../crawls/aetna.com/Privacy-Policy/raw/www.aetna.com/assets_aetnaCom/images/content/container-cols-photo-man-computer.jpg'

     0K ..........                                            100% 14.2M=0.001s

2012-12-05 05:15:39 (14.2 MB/s) - `code/../crawls/aetna.com/Privacy-Policy/raw/www.aetna.com/assets_aetnaCom/images/content/container-cols-photo-man-computer.jpg' saved [10478/10478]

--2012-12-05 05:15:39--  http://www.aetna.com/assets_aetnaCom/images/structure/bg-pipe-breadcrumb.gif
Reusing existing connection to www.aetna.com:80.
HTTP request sent, awaiting response... 200 OK
Length: 100 [image/gif]
Saving to: `code/../crawls/aetna.com/Privacy-Policy/raw/www.aetna.com/assets_aetnaCom/images/structure/bg-pipe-breadcrumb.gif'

     0K                                                       100% 18.3M=0s

2012-12-05 05:15:39 (18.3 MB/s) - `code/../crawls/aetna.com/Privacy-Policy/raw/www.aetna.com/assets_aetnaCom/images/structure/bg-pipe-breadcrumb.gif' saved [100/100]

--2012-12-05 05:15:39--  http://www.aetna.com/assets_aetnaCom/images/structure/bg-container-login.png
Reusing existing connection to www.aetna.com:80.
HTTP request sent, awaiting response... 200 OK
Length: 417 [image/png]
Saving to: `code/../crawls/aetna.com/Privacy-Policy/raw/www.aetna.com/assets_aetnaCom/images/structure/bg-container-login.png'

     0K                                                       100% 75.6M=0s

2012-12-05 05:15:39 (75.6 MB/s) - `code/../crawls/aetna.com/Privacy-Policy/raw/www.aetna.com/assets_aetnaCom/images/structure/bg-container-login.png' saved [417/417]

--2012-12-05 05:15:39--  http://www.aetna.com/assets_aetnaCom/images/structure/bg-login-h3.gif
Reusing existing connection to www.aetna.com:80.
HTTP request sent, awaiting response... 200 OK
Length: 183 [image/gif]
Saving to: `code/../crawls/aetna.com/Privacy-Policy/raw/www.aetna.com/assets_aetnaCom/images/structure/bg-login-h3.gif'

     0K                                                       100% 32.5M=0s

2012-12-05 05:15:39 (32.5 MB/s) - `code/../crawls/aetna.com/Privacy-Policy/raw/www.aetna.com/assets_aetnaCom/images/structure/bg-login-h3.gif' saved [183/183]

--2012-12-05 05:15:39--  http://www.aetna.com/assets_aetnaCom/images/structure/bg-container-register.png
Reusing existing connection to www.aetna.com:80.
HTTP request sent, awaiting response... 200 OK
Length: 850 [image/png]
Saving to: `code/../crawls/aetna.com/Privacy-Policy/raw/www.aetna.com/assets_aetnaCom/images/structure/bg-container-register.png'

     0K                                                       100%  151M=0s

2012-12-05 05:15:39 (151 MB/s) - `code/../crawls/aetna.com/Privacy-Policy/raw/www.aetna.com/assets_aetnaCom/images/structure/bg-container-register.png' saved [850/850]

--2012-12-05 05:15:39--  http://www.aetna.com/assets_aetnaCom/images/structure/bg-register-h3.gif
Reusing existing connection to www.aetna.com:80.
HTTP request sent, awaiting response... 200 OK
Length: 749 [image/gif]
Saving to: `code/../crawls/aetna.com/Privacy-Policy/raw/www.aetna.com/assets_aetnaCom/images/structure/bg-register-h3.gif'

     0K                                                       100%  128M=0s

2012-12-05 05:15:39 (128 MB/s) - `code/../crawls/aetna.com/Privacy-Policy/raw/www.aetna.com/assets_aetnaCom/images/structure/bg-register-h3.gif' saved [749/749]

--2012-12-05 05:15:39--  http://www.aetna.com/assets_aetnaCom/images/structure/bg-register-h3-active.gif
Reusing existing connection to www.aetna.com:80.
HTTP request sent, awaiting response... 200 OK
Length: 741 [image/gif]
Saving to: `code/../crawls/aetna.com/Privacy-Policy/raw/www.aetna.com/assets_aetnaCom/images/structure/bg-register-h3-active.gif'

     0K                                                       100%  129M=0s

2012-12-05 05:15:39 (129 MB/s) - `code/../crawls/aetna.com/Privacy-Policy/raw/www.aetna.com/assets_aetnaCom/images/structure/bg-register-h3-active.gif' saved [741/741]

--2012-12-05 05:15:39--  http://www.aetna.com/assets_aetnaCom/images/structure/bullet-blue.png
Reusing existing connection to www.aetna.com:80.
HTTP request sent, awaiting response... 200 OK
Length: 230 [image/png]
Saving to: `code/../crawls/aetna.com/Privacy-Policy/raw/www.aetna.com/assets_aetnaCom/images/structure/bullet-blue.png'

     0K                                                       100% 39.0M=0s

2012-12-05 05:15:40 (39.0 MB/s) - `code/../crawls/aetna.com/Privacy-Policy/raw/www.aetna.com/assets_aetnaCom/images/structure/bullet-blue.png' saved [230/230]

--2012-12-05 05:15:40--  http://www.aetna.com/assets_aetnaCom/images/structure/bg-50-white.png
Reusing existing connection to www.aetna.com:80.
HTTP request sent, awaiting response... 200 OK
Length: 853 [image/png]
Saving to: `code/../crawls/aetna.com/Privacy-Policy/raw/www.aetna.com/assets_aetnaCom/images/structure/bg-50-white.png'

     0K                                                       100%  151M=0s

2012-12-05 05:15:40 (151 MB/s) - `code/../crawls/aetna.com/Privacy-Policy/raw/www.aetna.com/assets_aetnaCom/images/structure/bg-50-white.png' saved [853/853]

--2012-12-05 05:15:40--  http://www.aetna.com/assets_aetnaCom/images/content/bg-box-outline-third-oranges.jpg
Reusing existing connection to www.aetna.com:80.
HTTP request sent, awaiting response... 200 OK
Length: 2830 (2.8K) [image/jpeg]
Saving to: `code/../crawls/aetna.com/Privacy-Policy/raw/www.aetna.com/assets_aetnaCom/images/content/bg-box-outline-third-oranges.jpg'

     0K ..                                                    100% 51.3M=0s

2012-12-05 05:15:40 (51.3 MB/s) - `code/../crawls/aetna.com/Privacy-Policy/raw/www.aetna.com/assets_aetnaCom/images/content/bg-box-outline-third-oranges.jpg' saved [2830/2830]

--2012-12-05 05:15:40--  http://www.aetna.com/assets_aetnaCom/images/content/bg-box-outline-third-fitness.jpg
Reusing existing connection to www.aetna.com:80.
HTTP request sent, awaiting response... 200 OK
Length: 2983 (2.9K) [image/jpeg]
Saving to: `code/../crawls/aetna.com/Privacy-Policy/raw/www.aetna.com/assets_aetnaCom/images/content/bg-box-outline-third-fitness.jpg'

     0K ..                                                    100% 60.5M=0s

2012-12-05 05:15:40 (60.5 MB/s) - `code/../crawls/aetna.com/Privacy-Policy/raw/www.aetna.com/assets_aetnaCom/images/content/bg-box-outline-third-fitness.jpg' saved [2983/2983]

--2012-12-05 05:15:40--  http://www.aetna.com/assets_aetnaCom/images/content/bg-box-outline-two-third-scale.jpg
Reusing existing connection to www.aetna.com:80.
HTTP request sent, awaiting response... 200 OK
Length: 1951 (1.9K) [image/jpeg]
Saving to: `code/../crawls/aetna.com/Privacy-Policy/raw/www.aetna.com/assets_aetnaCom/images/content/bg-box-outline-two-third-scale.jpg'

     0K .                                                     100%  279M=0s

2012-12-05 05:15:40 (279 MB/s) - `code/../crawls/aetna.com/Privacy-Policy/raw/www.aetna.com/assets_aetnaCom/images/content/bg-box-outline-two-third-scale.jpg' saved [1951/1951]

--2012-12-05 05:15:40--  http://www.aetna.com/assets_aetnaCom/images/structure/bg-caption-trans.png
Reusing existing connection to www.aetna.com:80.
HTTP request sent, awaiting response... 200 OK
Length: 652 [image/png]
Saving to: `code/../crawls/aetna.com/Privacy-Policy/raw/www.aetna.com/assets_aetnaCom/images/structure/bg-caption-trans.png'

     0K                                                       100%  106M=0s

2012-12-05 05:15:40 (106 MB/s) - `code/../crawls/aetna.com/Privacy-Policy/raw/www.aetna.com/assets_aetnaCom/images/structure/bg-caption-trans.png' saved [652/652]

--2012-12-05 05:15:40--  http://www.aetna.com/assets_aetnaCom/images/structure/bg-link-icon-more-trans.png
Reusing existing connection to www.aetna.com:80.
HTTP request sent, awaiting response... 200 OK
Length: 1185 (1.2K) [image/png]
Saving to: `code/../crawls/aetna.com/Privacy-Policy/raw/www.aetna.com/assets_aetnaCom/images/structure/bg-link-icon-more-trans.png'

     0K .                                                     100%  174M=0s

2012-12-05 05:15:40 (174 MB/s) - `code/../crawls/aetna.com/Privacy-Policy/raw/www.aetna.com/assets_aetnaCom/images/structure/bg-link-icon-more-trans.png' saved [1185/1185]

--2012-12-05 05:15:40--  http://www.aetna.com/assets_aetnaCom/images/structure/carat-red.gif
Reusing existing connection to www.aetna.com:80.
HTTP request sent, awaiting response... 200 OK
Length: 103 [image/gif]
Saving to: `code/../crawls/aetna.com/Privacy-Policy/raw/www.aetna.com/assets_aetnaCom/images/structure/carat-red.gif'

     0K                                                       100% 17.4M=0s

2012-12-05 05:15:40 (17.4 MB/s) - `code/../crawls/aetna.com/Privacy-Policy/raw/www.aetna.com/assets_aetnaCom/images/structure/carat-red.gif' saved [103/103]

--2012-12-05 05:15:40--  http://www.aetna.com/assets_aetnaCom/images/structure/bg-ul-switch-over.png
Reusing existing connection to www.aetna.com:80.
HTTP request sent, awaiting response... 200 OK
Length: 153 [image/png]
Saving to: `code/../crawls/aetna.com/Privacy-Policy/raw/www.aetna.com/assets_aetnaCom/images/structure/bg-ul-switch-over.png'

     0K                                                       100% 28.0M=0s

2012-12-05 05:15:40 (28.0 MB/s) - `code/../crawls/aetna.com/Privacy-Policy/raw/www.aetna.com/assets_aetnaCom/images/structure/bg-ul-switch-over.png' saved [153/153]

--2012-12-05 05:15:40--  http://www.aetna.com/assets_aetnaCom/images/structure/bg-ul-switch-on.png
Reusing existing connection to www.aetna.com:80.
HTTP request sent, awaiting response... 200 OK
Length: 225 [image/png]
Saving to: `code/../crawls/aetna.com/Privacy-Policy/raw/www.aetna.com/assets_aetnaCom/images/structure/bg-ul-switch-on.png'

     0K                                                       100% 39.2M=0s

2012-12-05 05:15:40 (39.2 MB/s) - `code/../crawls/aetna.com/Privacy-Policy/raw/www.aetna.com/assets_aetnaCom/images/structure/bg-ul-switch-on.png' saved [225/225]

--2012-12-05 05:15:40--  http://www.aetna.com/assets_aetnaCom/images/content/box-quote-apply-photo-woman.jpg
Reusing existing connection to www.aetna.com:80.
HTTP request sent, awaiting response... 200 OK
Length: 15329 (15K) [image/jpeg]
Saving to: `code/../crawls/aetna.com/Privacy-Policy/raw/www.aetna.com/assets_aetnaCom/images/content/box-quote-apply-photo-woman.jpg'

     0K .......... ....                                       100% 13.4M=0.001s

2012-12-05 05:15:40 (13.4 MB/s) - `code/../crawls/aetna.com/Privacy-Policy/raw/www.aetna.com/assets_aetnaCom/images/content/box-quote-apply-photo-woman.jpg' saved [15329/15329]

--2012-12-05 05:15:40--  http://www.aetna.com/assets_aetnaCom/images/structure/or.gif
Reusing existing connection to www.aetna.com:80.
HTTP request sent, awaiting response... 200 OK
Length: 175 [image/gif]
Saving to: `code/../crawls/aetna.com/Privacy-Policy/raw/www.aetna.com/assets_aetnaCom/images/structure/or.gif'

     0K                                                       100% 32.3M=0s

2012-12-05 05:15:40 (32.3 MB/s) - `code/../crawls/aetna.com/Privacy-Policy/raw/www.aetna.com/assets_aetnaCom/images/structure/or.gif' saved [175/175]

--2012-12-05 05:15:40--  http://www.aetna.com/assets_aetnaCom/images/structure/bg-50-white-trans.png
Reusing existing connection to www.aetna.com:80.
HTTP request sent, awaiting response... 200 OK
Length: 853 [image/png]
Saving to: `code/../crawls/aetna.com/Privacy-Policy/raw/www.aetna.com/assets_aetnaCom/images/structure/bg-50-white-trans.png'

     0K                                                       100%  145M=0s

2012-12-05 05:15:40 (145 MB/s) - `code/../crawls/aetna.com/Privacy-Policy/raw/www.aetna.com/assets_aetnaCom/images/structure/bg-50-white-trans.png' saved [853/853]

--2012-12-05 05:15:40--  http://www.aetna.com/assets_aetnaCom/images/structure/bg-link-pdf.gif
Reusing existing connection to www.aetna.com:80.
HTTP request sent, awaiting response... 200 OK
Length: 1687 (1.6K) [image/gif]
Saving to: `code/../crawls/aetna.com/Privacy-Policy/raw/www.aetna.com/assets_aetnaCom/images/structure/bg-link-pdf.gif'

     0K .                                                     100%  240M=0s

2012-12-05 05:15:41 (240 MB/s) - `code/../crawls/aetna.com/Privacy-Policy/raw/www.aetna.com/assets_aetnaCom/images/structure/bg-link-pdf.gif' saved [1687/1687]

--2012-12-05 05:15:41--  http://www.aetna.com/assets_aetnaCom/images/structure/double-carat-red-back.gif
Reusing existing connection to www.aetna.com:80.
HTTP request sent, awaiting response... 200 OK
Length: 118 [image/gif]
Saving to: `code/../crawls/aetna.com/Privacy-Policy/raw/www.aetna.com/assets_aetnaCom/images/structure/double-carat-red-back.gif'

     0K                                                       100% 20.9M=0s

2012-12-05 05:15:41 (20.9 MB/s) - `code/../crawls/aetna.com/Privacy-Policy/raw/www.aetna.com/assets_aetnaCom/images/structure/double-carat-red-back.gif' saved [118/118]

--2012-12-05 05:15:41--  http://www.aetna.com/assets_aetnaCom/images/structure/bg-lg-accordion-h2-closed.png
Reusing existing connection to www.aetna.com:80.
HTTP request sent, awaiting response... 200 OK
Length: 413 [image/png]
Saving to: `code/../crawls/aetna.com/Privacy-Policy/raw/www.aetna.com/assets_aetnaCom/images/structure/bg-lg-accordion-h2-closed.png'

     0K                                                       100% 73.3M=0s

2012-12-05 05:15:41 (73.3 MB/s) - `code/../crawls/aetna.com/Privacy-Policy/raw/www.aetna.com/assets_aetnaCom/images/structure/bg-lg-accordion-h2-closed.png' saved [413/413]

--2012-12-05 05:15:41--  http://www.aetna.com/assets_aetnaCom/images/structure/bg-lg-accordion-h2-open.png
Reusing existing connection to www.aetna.com:80.
HTTP request sent, awaiting response... 200 OK
Length: 408 [image/png]
Saving to: `code/../crawls/aetna.com/Privacy-Policy/raw/www.aetna.com/assets_aetnaCom/images/structure/bg-lg-accordion-h2-open.png'

     0K                                                       100% 74.9M=0s

2012-12-05 05:15:41 (74.9 MB/s) - `code/../crawls/aetna.com/Privacy-Policy/raw/www.aetna.com/assets_aetnaCom/images/structure/bg-lg-accordion-h2-open.png' saved [408/408]

--2012-12-05 05:15:41--  http://www.aetna.com/assets_aetnaCom/images/structure/bg-lg-accordion-register-trans.png
Reusing existing connection to www.aetna.com:80.
HTTP request sent, awaiting response... 200 OK
Length: 1580 (1.5K) [image/png]
Saving to: `code/../crawls/aetna.com/Privacy-Policy/raw/www.aetna.com/assets_aetnaCom/images/structure/bg-lg-accordion-register-trans.png'

     0K .                                                     100%  233M=0s

2012-12-05 05:15:41 (233 MB/s) - `code/../crawls/aetna.com/Privacy-Policy/raw/www.aetna.com/assets_aetnaCom/images/structure/bg-lg-accordion-register-trans.png' saved [1580/1580]

--2012-12-05 05:15:41--  http://www.aetna.com/assets_aetnaCom/images/structure/bg-tab-gradient-l.png
Reusing existing connection to www.aetna.com:80.
HTTP request sent, awaiting response... 200 OK
Length: 947 [image/png]
Saving to: `code/../crawls/aetna.com/Privacy-Policy/raw/www.aetna.com/assets_aetnaCom/images/structure/bg-tab-gradient-l.png'

     0K                                                       100%  167M=0s

2012-12-05 05:15:41 (167 MB/s) - `code/../crawls/aetna.com/Privacy-Policy/raw/www.aetna.com/assets_aetnaCom/images/structure/bg-tab-gradient-l.png' saved [947/947]

--2012-12-05 05:15:41--  http://www.aetna.com/assets_aetnaCom/images/structure/bg-plan-detail-thead.png
Reusing existing connection to www.aetna.com:80.
HTTP request sent, awaiting response... 200 OK
Length: 536 [image/png]
Saving to: `code/../crawls/aetna.com/Privacy-Policy/raw/www.aetna.com/assets_aetnaCom/images/structure/bg-plan-detail-thead.png'

     0K                                                       100% 48.6M=0s

2012-12-05 05:15:41 (48.6 MB/s) - `code/../crawls/aetna.com/Privacy-Policy/raw/www.aetna.com/assets_aetnaCom/images/structure/bg-plan-detail-thead.png' saved [536/536]

--2012-12-05 05:15:41--  http://www.aetna.com/assets_aetnaCom/images/structure/bg-dark-cell.gif
Reusing existing connection to www.aetna.com:80.
HTTP request sent, awaiting response... 200 OK
Length: 104 [image/gif]
Saving to: `code/../crawls/aetna.com/Privacy-Policy/raw/www.aetna.com/assets_aetnaCom/images/structure/bg-dark-cell.gif'

     0K                                                       100% 19.6M=0s

2012-12-05 05:15:41 (19.6 MB/s) - `code/../crawls/aetna.com/Privacy-Policy/raw/www.aetna.com/assets_aetnaCom/images/structure/bg-dark-cell.gif' saved [104/104]

--2012-12-05 05:15:41--  http://www.aetna.com/assets_aetnaCom/images/structure/bg-docs-util-pipe.gif
Reusing existing connection to www.aetna.com:80.
HTTP request sent, awaiting response... 200 OK
Length: 44 [image/gif]
Saving to: `code/../crawls/aetna.com/Privacy-Policy/raw/www.aetna.com/assets_aetnaCom/images/structure/bg-docs-util-pipe.gif'

     0K                                                       100% 8.10M=0s

2012-12-05 05:15:41 (8.10 MB/s) - `code/../crawls/aetna.com/Privacy-Policy/raw/www.aetna.com/assets_aetnaCom/images/structure/bg-docs-util-pipe.gif' saved [44/44]

--2012-12-05 05:15:41--  http://www.aetna.com/assets_aetnaCom/images/structure/bg-col-rail-trans.png
Reusing existing connection to www.aetna.com:80.
HTTP request sent, awaiting response... 200 OK
Length: 26258 (26K) [image/png]
Saving to: `code/../crawls/aetna.com/Privacy-Policy/raw/www.aetna.com/assets_aetnaCom/images/structure/bg-col-rail-trans.png'

     0K .......... .......... .....                           100%  323K=0.08s

2012-12-05 05:15:41 (323 KB/s) - `code/../crawls/aetna.com/Privacy-Policy/raw/www.aetna.com/assets_aetnaCom/images/structure/bg-col-rail-trans.png' saved [26258/26258]

--2012-12-05 05:15:41--  http://www.aetna.com/assets_aetnaCom/images/structure/bg-container-tools.png
Reusing existing connection to www.aetna.com:80.
HTTP request sent, awaiting response... 200 OK
Length: 817 [image/png]
Saving to: `code/../crawls/aetna.com/Privacy-Policy/raw/www.aetna.com/assets_aetnaCom/images/structure/bg-container-tools.png'

     0K                                                       100%  132M=0s

2012-12-05 05:15:41 (132 MB/s) - `code/../crawls/aetna.com/Privacy-Policy/raw/www.aetna.com/assets_aetnaCom/images/structure/bg-container-tools.png' saved [817/817]

--2012-12-05 05:15:41--  http://www.aetna.com/assets_aetnaCom/images/structure/arrow-white-trans.png
Reusing existing connection to www.aetna.com:80.
HTTP request sent, awaiting response... 200 OK
Length: 666 [image/png]
Saving to: `code/../crawls/aetna.com/Privacy-Policy/raw/www.aetna.com/assets_aetnaCom/images/structure/arrow-white-trans.png'

     0K                                                       100%  113M=0s

2012-12-05 05:15:42 (113 MB/s) - `code/../crawls/aetna.com/Privacy-Policy/raw/www.aetna.com/assets_aetnaCom/images/structure/arrow-white-trans.png' saved [666/666]

--2012-12-05 05:15:42--  http://www.aetna.com/assets_aetnaCom/images/structure/bg-container-tools-ul-li-on-trans.png
Reusing existing connection to www.aetna.com:80.
HTTP request sent, awaiting response... 200 OK
Length: 956 [image/png]
Saving to: `code/../crawls/aetna.com/Privacy-Policy/raw/www.aetna.com/assets_aetnaCom/images/structure/bg-container-tools-ul-li-on-trans.png'

     0K                                                       100%  160M=0s

2012-12-05 05:15:42 (160 MB/s) - `code/../crawls/aetna.com/Privacy-Policy/raw/www.aetna.com/assets_aetnaCom/images/structure/bg-container-tools-ul-li-on-trans.png' saved [956/956]

--2012-12-05 05:15:42--  http://www.aetna.com/assets_aetnaCom/images/structure/bg-container-tools-ul-li-protected-on-trans.png
Reusing existing connection to www.aetna.com:80.
HTTP request sent, awaiting response... 200 OK
Length: 1340 (1.3K) [image/png]
Saving to: `code/../crawls/aetna.com/Privacy-Policy/raw/www.aetna.com/assets_aetnaCom/images/structure/bg-container-tools-ul-li-protected-on-trans.png'

     0K .                                                     100%  188M=0s

2012-12-05 05:15:42 (188 MB/s) - `code/../crawls/aetna.com/Privacy-Policy/raw/www.aetna.com/assets_aetnaCom/images/structure/bg-container-tools-ul-li-protected-on-trans.png' saved [1340/1340]

--2012-12-05 05:15:42--  http://www.aetna.com/assets_aetnaCom/images/structure/util-print.gif
Reusing existing connection to www.aetna.com:80.
HTTP request sent, awaiting response... 200 OK
Length: 1186 (1.2K) [image/gif]
Saving to: `code/../crawls/aetna.com/Privacy-Policy/raw/www.aetna.com/assets_aetnaCom/images/structure/util-print.gif'

     0K .                                                     100%  182M=0s

2012-12-05 05:15:42 (182 MB/s) - `code/../crawls/aetna.com/Privacy-Policy/raw/www.aetna.com/assets_aetnaCom/images/structure/util-print.gif' saved [1186/1186]

--2012-12-05 05:15:42--  http://www.aetna.com/assets_aetnaCom/images/structure/util-email.gif
Reusing existing connection to www.aetna.com:80.
HTTP request sent, awaiting response... 200 OK
Length: 1265 (1.2K) [image/gif]
Saving to: `code/../crawls/aetna.com/Privacy-Policy/raw/www.aetna.com/assets_aetnaCom/images/structure/util-email.gif'

     0K .                                                     100%  192M=0s

2012-12-05 05:15:42 (192 MB/s) - `code/../crawls/aetna.com/Privacy-Policy/raw/www.aetna.com/assets_aetnaCom/images/structure/util-email.gif' saved [1265/1265]

--2012-12-05 05:15:42--  http://www.aetna.com/assets_aetnaCom/images/structure/util-bookmarks.gif
Reusing existing connection to www.aetna.com:80.
HTTP request sent, awaiting response... 200 OK
Length: 1156 (1.1K) [image/gif]
Saving to: `code/../crawls/aetna.com/Privacy-Policy/raw/www.aetna.com/assets_aetnaCom/images/structure/util-bookmarks.gif'

     0K .                                                     100%  172M=0s

2012-12-05 05:15:42 (172 MB/s) - `code/../crawls/aetna.com/Privacy-Policy/raw/www.aetna.com/assets_aetnaCom/images/structure/util-bookmarks.gif' saved [1156/1156]

--2012-12-05 05:15:42--  http://www.aetna.com/assets_aetnaCom/images/structure/bg-pipe-d1d6d3.gif
Reusing existing connection to www.aetna.com:80.
HTTP request sent, awaiting response... 200 OK
Length: 44 [image/gif]
Saving to: `code/../crawls/aetna.com/Privacy-Policy/raw/www.aetna.com/assets_aetnaCom/images/structure/bg-pipe-d1d6d3.gif'

     0K                                                       100% 7.92M=0s

2012-12-05 05:15:42 (7.92 MB/s) - `code/../crawls/aetna.com/Privacy-Policy/raw/www.aetna.com/assets_aetnaCom/images/structure/bg-pipe-d1d6d3.gif' saved [44/44]

--2012-12-05 05:15:42--  http://www.aetna.com/assets_aetnaCom/images/structure/carat.gif
Reusing existing connection to www.aetna.com:80.
HTTP request sent, awaiting response... 200 OK
Length: 111 [image/gif]
Saving to: `code/../crawls/aetna.com/Privacy-Policy/raw/www.aetna.com/assets_aetnaCom/images/structure/carat.gif'

     0K                                                       100% 19.2M=0s

2012-12-05 05:15:42 (19.2 MB/s) - `code/../crawls/aetna.com/Privacy-Policy/raw/www.aetna.com/assets_aetnaCom/images/structure/carat.gif' saved [111/111]

--2012-12-05 05:15:42--  http://www.aetna.com/assets_aetnaCom/images/structure/bg-feedback.gif
Reusing existing connection to www.aetna.com:80.
HTTP request sent, awaiting response... 200 OK
Length: 157 [image/gif]
Saving to: `code/../crawls/aetna.com/Privacy-Policy/raw/www.aetna.com/assets_aetnaCom/images/structure/bg-feedback.gif'

     0K                                                       100% 28.5M=0s

2012-12-05 05:15:42 (28.5 MB/s) - `code/../crawls/aetna.com/Privacy-Policy/raw/www.aetna.com/assets_aetnaCom/images/structure/bg-feedback.gif' saved [157/157]

--2012-12-05 05:15:42--  http://www.aetna.com/assets_aetnaCom/images/structure/carat-yellow.gif
Reusing existing connection to www.aetna.com:80.
HTTP request sent, awaiting response... 200 OK
Length: 108 [image/gif]
Saving to: `code/../crawls/aetna.com/Privacy-Policy/raw/www.aetna.com/assets_aetnaCom/images/structure/carat-yellow.gif'

     0K                                                       100% 20.0M=0s

2012-12-05 05:15:42 (20.0 MB/s) - `code/../crawls/aetna.com/Privacy-Policy/raw/www.aetna.com/assets_aetnaCom/images/structure/carat-yellow.gif' saved [108/108]

--2012-12-05 05:15:42--  http://www.aetna.com/assets_aetnaCom/images/structure/bg-pipe-515757.gif
Reusing existing connection to www.aetna.com:80.
HTTP request sent, awaiting response... 200 OK
Length: 44 [image/gif]
Saving to: `code/../crawls/aetna.com/Privacy-Policy/raw/www.aetna.com/assets_aetnaCom/images/structure/bg-pipe-515757.gif'

     0K                                                       100% 8.18M=0s

2012-12-05 05:15:42 (8.18 MB/s) - `code/../crawls/aetna.com/Privacy-Policy/raw/www.aetna.com/assets_aetnaCom/images/structure/bg-pipe-515757.gif' saved [44/44]

--2012-12-05 05:15:42--  http://www.aetna.com/assets_aetnaCom/images/structure/bg-ticker-header.gif
Reusing existing connection to www.aetna.com:80.
HTTP request sent, awaiting response... 200 OK
Length: 1170 (1.1K) [image/gif]
Saving to: `code/../crawls/aetna.com/Privacy-Policy/raw/www.aetna.com/assets_aetnaCom/images/structure/bg-ticker-header.gif'

     0K .                                                     100%  172M=0s

2012-12-05 05:15:42 (172 MB/s) - `code/../crawls/aetna.com/Privacy-Policy/raw/www.aetna.com/assets_aetnaCom/images/structure/bg-ticker-header.gif' saved [1170/1170]

--2012-12-05 05:15:42--  http://www.aetna.com/assets_aetnaCom/images/structure/bg-ticker-header2.gif
Reusing existing connection to www.aetna.com:80.
HTTP request sent, awaiting response... 200 OK
Length: 607 [image/gif]
Saving to: `code/../crawls/aetna.com/Privacy-Policy/raw/www.aetna.com/assets_aetnaCom/images/structure/bg-ticker-header2.gif'

     0K                                                       100% 96.7M=0s

2012-12-05 05:15:43 (96.7 MB/s) - `code/../crawls/aetna.com/Privacy-Policy/raw/www.aetna.com/assets_aetnaCom/images/structure/bg-ticker-header2.gif' saved [607/607]

--2012-12-05 05:15:43--  http://www.aetna.com/assets_aetnaCom/images/structure/userName.gif
Reusing existing connection to www.aetna.com:80.
HTTP request sent, awaiting response... 200 OK
Length: 350 [image/gif]
Saving to: `code/../crawls/aetna.com/Privacy-Policy/raw/www.aetna.com/assets_aetnaCom/images/structure/userName.gif'

     0K                                                       100% 50.7M=0s

2012-12-05 05:15:43 (50.7 MB/s) - `code/../crawls/aetna.com/Privacy-Policy/raw/www.aetna.com/assets_aetnaCom/images/structure/userName.gif' saved [350/350]

--2012-12-05 05:15:43--  http://www.aetna.com/assets_aetnaCom/images/structure/password.gif
Reusing existing connection to www.aetna.com:80.
HTTP request sent, awaiting response... 200 OK
Length: 335 [image/gif]
Saving to: `code/../crawls/aetna.com/Privacy-Policy/raw/www.aetna.com/assets_aetnaCom/images/structure/password.gif'

     0K                                                       100% 58.6M=0s

2012-12-05 05:15:43 (58.6 MB/s) - `code/../crawls/aetna.com/Privacy-Policy/raw/www.aetna.com/assets_aetnaCom/images/structure/password.gif' saved [335/335]

--2012-12-05 05:15:43--  http://www.aetna.com/assets_aetnaCom/images/structure/bg-ul-switch-over2.gif
Reusing existing connection to www.aetna.com:80.
HTTP request sent, awaiting response... 200 OK
Length: 145 [image/gif]
Saving to: `code/../crawls/aetna.com/Privacy-Policy/raw/www.aetna.com/assets_aetnaCom/images/structure/bg-ul-switch-over2.gif'

     0K                                                       100% 27.3M=0s

2012-12-05 05:15:43 (27.3 MB/s) - `code/../crawls/aetna.com/Privacy-Policy/raw/www.aetna.com/assets_aetnaCom/images/structure/bg-ul-switch-over2.gif' saved [145/145]

--2012-12-05 05:15:43--  http://www.aetna.com/assets_aetnaCom/images/structure/bg-ul-switch-on2.gif
Reusing existing connection to www.aetna.com:80.
HTTP request sent, awaiting response... 200 OK
Length: 1041 (1.0K) [image/gif]
Saving to: `code/../crawls/aetna.com/Privacy-Policy/raw/www.aetna.com/assets_aetnaCom/images/structure/bg-ul-switch-on2.gif'

     0K .                                                     100%  176M=0s

2012-12-05 05:15:43 (176 MB/s) - `code/../crawls/aetna.com/Privacy-Policy/raw/www.aetna.com/assets_aetnaCom/images/structure/bg-ul-switch-on2.gif' saved [1041/1041]

--2012-12-05 05:15:43--  http://www.aetna.com/assets_aetnaCom/images/structure/bg-lg-accordion-register-trans1.png
Reusing existing connection to www.aetna.com:80.
HTTP request sent, awaiting response... 200 OK
Length: 53585 (52K) [image/png]
Saving to: `code/../crawls/aetna.com/Privacy-Policy/raw/www.aetna.com/assets_aetnaCom/images/structure/bg-lg-accordion-register-trans1.png'

     0K .......... .......... .......... .......... .......... 95%  307K 0s
    50K ..                                                    100% 22.3M=0.2s

2012-12-05 05:15:43 (321 KB/s) - `code/../crawls/aetna.com/Privacy-Policy/raw/www.aetna.com/assets_aetnaCom/images/structure/bg-lg-accordion-register-trans1.png' saved [53585/53585]

--2012-12-05 05:15:43--  http://www.aetna.com/assets_aetnaCom/images/structure/bg-container-tools-ul-li-on-trans-twoline.png
Reusing existing connection to www.aetna.com:80.
HTTP request sent, awaiting response... 200 OK
Length: 4470 (4.4K) [image/png]
Saving to: `code/../crawls/aetna.com/Privacy-Policy/raw/www.aetna.com/assets_aetnaCom/images/structure/bg-container-tools-ul-li-on-trans-twoline.png'

     0K ....                                                  100% 28.0M=0s

2012-12-05 05:15:43 (28.0 MB/s) - `code/../crawls/aetna.com/Privacy-Policy/raw/www.aetna.com/assets_aetnaCom/images/structure/bg-container-tools-ul-li-on-trans-twoline.png' saved [4470/4470]

--2012-12-05 05:15:43--  http://www.aetna.com/assets_aetnaCom/images/structure/bkgd_fill_gray.gif
Reusing existing connection to www.aetna.com:80.
HTTP request sent, awaiting response... 200 OK
Length: 843 [image/gif]
Saving to: `code/../crawls/aetna.com/Privacy-Policy/raw/www.aetna.com/assets_aetnaCom/images/structure/bkgd_fill_gray.gif'

     0K                                                       100%  143M=0s

2012-12-05 05:15:44 (143 MB/s) - `code/../crawls/aetna.com/Privacy-Policy/raw/www.aetna.com/assets_aetnaCom/images/structure/bkgd_fill_gray.gif' saved [843/843]

FINISHED --2012-12-05 05:15:44--
Total wall clock time: 1m 44s
Downloaded: 85 files, 631K in 1.5s (412 KB/s)
Converting code/../crawls/aetna.com/Privacy-Policy/raw/www.aetna.com/legal-notices/privacy/privacy.html... 22-5
Converting code/../crawls/aetna.com/Privacy-Policy/raw/www.aetna.com/assets_aetnaCom/css/sifr.css... nothing to do.
Converting code/../crawls/aetna.com/Privacy-Policy/raw/www.aetna.com/assets_aetnaCom/css/print.css... nothing to do.
Converting code/../crawls/aetna.com/Privacy-Policy/raw/www.aetna.com/assets_aetnaCom/css/reset.css... nothing to do.
Converting code/../crawls/aetna.com/Privacy-Policy/raw/www.aetna.com/assets_aetnaCom/css/aeOverride.css... 37-0
Converting code/../crawls/aetna.com/Privacy-Policy/raw/www.aetna.com/assets_aetnaCom/css/subBrand/aeAbout.css... nothing to do.
Converting code/../crawls/aetna.com/Privacy-Policy/raw/www.aetna.com/assets_aetnaCom/css/styles.css... 65-0
Converted 7 files in 0.007 seconds.
