--2012-09-28 16:31:01--  http://privacy.microsoft.com/en-gb/fullnotice.mspx
Resolving privacy.microsoft.com... 64.4.11.26
Connecting to privacy.microsoft.com|64.4.11.26|:80... connected.
HTTP request sent, awaiting response... 200 OK
Length: 51880 (51K) [text/html]
Saving to: `code/../crawls/msn.co.uk/Privacy-Policy/raw/privacy.microsoft.com/en-gb/fullnotice.mspx.html'

     0K .......... .......... .......... .......... .......... 98% 3.16M 0s
    50K                                                       100% 1267G=0.02s

2012-09-28 16:31:01 (3.20 MB/s) - `code/../crawls/msn.co.uk/Privacy-Policy/raw/privacy.microsoft.com/en-gb/fullnotice.mspx.html' saved [51880/51880]

--2012-09-28 16:31:01--  http://privacy.microsoft.com/mnp_utility.mspx/templatecss?template=%2flibrary%2fgallery%2ftemplates%2fMNP2.GenericArticle&shell=%2fconfiguration%2fen-gb.xml&locale=en-gb
Connecting to privacy.microsoft.com|64.4.11.26|:80... connected.
HTTP request sent, awaiting response... 200 OK
Length: 11290 (11K) [text/css]
Saving to: `code/../crawls/msn.co.uk/Privacy-Policy/raw/privacy.microsoft.com/mnp_utility.mspx/templatecss?template=%2flibrary%2fgallery%2ftemplates%2fMNP2.GenericArticle&shell=%2fconfiguration%2fen-gb.xml&locale=en-gb.css'

     0K .......... .                                          100% 1.39M=0.008s

2012-09-28 16:31:01 (1.39 MB/s) - `code/../crawls/msn.co.uk/Privacy-Policy/raw/privacy.microsoft.com/mnp_utility.mspx/templatecss?template=%2flibrary%2fgallery%2ftemplates%2fMNP2.GenericArticle&shell=%2fconfiguration%2fen-gb.xml&locale=en-gb.css' saved [11290/11290]

--2012-09-28 16:31:01--  http://privacy.microsoft.com/library/mnp/2/aspx/css.aspx?locale=en-gb&static=Page
Connecting to privacy.microsoft.com|64.4.11.26|:80... connected.
HTTP request sent, awaiting response... 200 OK
Length: 27 [text/css]
Saving to: `code/../crawls/msn.co.uk/Privacy-Policy/raw/privacy.microsoft.com/library/mnp/2/aspx/css.aspx?locale=en-gb&static=Page.css'

     0K                                                       100% 4.69M=0s

2012-09-28 16:31:01 (4.69 MB/s) - `code/../crawls/msn.co.uk/Privacy-Policy/raw/privacy.microsoft.com/library/mnp/2/aspx/css.aspx?locale=en-gb&static=Page.css' saved [27/27]

--2012-09-28 16:31:01--  http://privacy.microsoft.com/library/toolbar/3.0/css.aspx?c=/configuration/en-gb.xml
Connecting to privacy.microsoft.com|64.4.11.26|:80... connected.
HTTP request sent, awaiting response... 200 OK
Length: 3952 (3.9K) [text/css]
Saving to: `code/../crawls/msn.co.uk/Privacy-Policy/raw/privacy.microsoft.com/library/toolbar/3.0/css.aspx?c=%2Fconfiguration%2Fen-gb.xml.css'

     0K ...                                                   100% 1.20M=0.003s

2012-09-28 16:31:01 (1.20 MB/s) - `code/../crawls/msn.co.uk/Privacy-Policy/raw/privacy.microsoft.com/library/toolbar/3.0/css.aspx?c=%2Fconfiguration%2Fen-gb.xml.css' saved [3952/3952]

The name is too long, 144 chars total.
Trying to shorten...
New name is trans_pixel.asp?source=privacy&TYPE='%20+%20tt%20+%20'&p=en-gb&URI=%2fen-gb%2ffullnotice.mspx&GUID=1F4FC18C-F71E-47FB-8FC9-612F.
The name is too long, 144 chars total.
Trying to shorten...
New name is trans_pixel.asp?source=privacy&TYPE='%20+%20tt%20+%20'&p=en-gb&URI=%2fen-gb%2ffullnotice.mspx&GUID=1F4FC18C-F71E-47FB-8FC9-612F.
--2012-09-28 16:31:01--  http://c.microsoft.com/trans_pixel.asp?source=privacy&TYPE='%20+%20tt%20+%20'&p=en-gb&URI=%2fen-gb%2ffullnotice.mspx&GUID=1F4FC18C-F71E-47FB-8FC9-612F8EE59C61&lc=en-gb
Resolving c.microsoft.com... 64.4.11.30
Connecting to c.microsoft.com|64.4.11.30|:80... connected.
HTTP request sent, awaiting response... 200 OK
Length: 44 [image/gif]
Saving to: `code/../crawls/msn.co.uk/Privacy-Policy/raw/c.microsoft.com/trans_pixel.asp?source=privacy&TYPE=\'%20+%20tt%20+%20\'&p=en-gb&URI=%2fen-gb%2ffullnotice.mspx&GUID=1F4FC18C-F71E-47FB-8FC9-612F'

     0K                                                       100% 7.05M=0s

2012-09-28 16:31:01 (7.05 MB/s) - `code/../crawls/msn.co.uk/Privacy-Policy/raw/c.microsoft.com/trans_pixel.asp?source=privacy&TYPE=\'%20+%20tt%20+%20\'&p=en-gb&URI=%2fen-gb%2ffullnotice.mspx&GUID=1F4FC18C-F71E-47FB-8FC9-612F' saved [44/44]

--2012-09-28 16:31:01--  http://js.microsoft.com/library/svy/broker.js
Resolving js.microsoft.com... 23.61.194.82, 23.61.194.25
Connecting to js.microsoft.com|23.61.194.82|:80... connected.
HTTP request sent, awaiting response... 200 OK
Length: unspecified [application/x-javascript]
Saving to: `code/../crawls/msn.co.uk/Privacy-Policy/raw/js.microsoft.com/library/svy/broker.js'

     0K .......... .......... .......... ...                   3.80M=0.009s

2012-09-28 16:31:01 (3.80 MB/s) - `code/../crawls/msn.co.uk/Privacy-Policy/raw/js.microsoft.com/library/svy/broker.js' saved [34145]

--2012-09-28 16:31:01--  http://privacy.microsoft.com/library/toolbar/3.0/gradient.aspx?a=4B92D9&b=1E77D3&w=250&h=22&d=ltr&c=eFLbOmyDquZL7nbgTLBSftxozLo%3d
Connecting to privacy.microsoft.com|64.4.11.26|:80... connected.
HTTP request sent, awaiting response... 200 OK
Length: 1407 (1.4K) [image/jpeg]
Saving to: `code/../crawls/msn.co.uk/Privacy-Policy/raw/privacy.microsoft.com/library/toolbar/3.0/gradient.aspx?a=4B92D9&b=1E77D3&w=250&h=22&d=ltr&c=eFLbOmyDquZL7nbgTLBSftxozLo%3d'

     0K .                                                     100%  209M=0s

2012-09-28 16:31:01 (209 MB/s) - `code/../crawls/msn.co.uk/Privacy-Policy/raw/privacy.microsoft.com/library/toolbar/3.0/gradient.aspx?a=4B92D9&b=1E77D3&w=250&h=22&d=ltr&c=eFLbOmyDquZL7nbgTLBSftxozLo%3d' saved [1407/1407]

--2012-09-28 16:31:01--  http://privacy.microsoft.com/library/toolbar/3.0/images/banners/ms_masthead_ltr.gif
Connecting to privacy.microsoft.com|64.4.11.26|:80... connected.
HTTP request sent, awaiting response... 200 OK
Length: 2307 (2.3K) [image/gif]
Saving to: `code/../crawls/msn.co.uk/Privacy-Policy/raw/privacy.microsoft.com/library/toolbar/3.0/images/banners/ms_masthead_ltr.gif'

     0K ..                                                    100%  307M=0s

2012-09-28 16:31:01 (307 MB/s) - `code/../crawls/msn.co.uk/Privacy-Policy/raw/privacy.microsoft.com/library/toolbar/3.0/images/banners/ms_masthead_ltr.gif' saved [2307/2307]

--2012-09-28 16:31:01--  http://privacy.microsoft.com/library/gallery/templates/MNP2.Common/images/arrow_px_down.gif
Connecting to privacy.microsoft.com|64.4.11.26|:80... connected.
HTTP request sent, awaiting response... 200 OK
Length: 53 [image/gif]
Saving to: `code/../crawls/msn.co.uk/Privacy-Policy/raw/privacy.microsoft.com/library/gallery/templates/MNP2.Common/images/arrow_px_down.gif'

     0K                                                       100% 8.78M=0s

2012-09-28 16:31:01 (8.78 MB/s) - `code/../crawls/msn.co.uk/Privacy-Policy/raw/privacy.microsoft.com/library/gallery/templates/MNP2.Common/images/arrow_px_down.gif' saved [53/53]

--2012-09-28 16:31:01--  http://privacy.microsoft.com/en-us/images/safe_harbor_seal.gif
Connecting to privacy.microsoft.com|64.4.11.26|:80... connected.
HTTP request sent, awaiting response... 200 OK
Length: 11843 (12K) [image/gif]
Saving to: `code/../crawls/msn.co.uk/Privacy-Policy/raw/privacy.microsoft.com/en-us/images/safe_harbor_seal.gif'

     0K .......... .                                          100% 1.31M=0.009s

2012-09-28 16:31:01 (1.31 MB/s) - `code/../crawls/msn.co.uk/Privacy-Policy/raw/privacy.microsoft.com/en-us/images/safe_harbor_seal.gif' saved [11843/11843]

--2012-09-28 16:31:01--  http://stb.msn.com/i/E3/D05222C8D0E9A3FC21DCD74B15ADF8.gif
Resolving stb.msn.com... 65.54.87.99, 65.54.87.90
Connecting to stb.msn.com|65.54.87.99|:80... failed: Connection refused.
Connecting to stb.msn.com|65.54.87.90|:80... failed: Connection refused.
--2012-09-28 16:31:01--  http://privacy.microsoft.com/library/gallery/templates/MNP2.Common/images/arrow_px_up.gif
Connecting to privacy.microsoft.com|64.4.11.26|:80... connected.
HTTP request sent, awaiting response... 200 OK
Length: 53 [image/gif]
Saving to: `code/../crawls/msn.co.uk/Privacy-Policy/raw/privacy.microsoft.com/library/gallery/templates/MNP2.Common/images/arrow_px_up.gif'

     0K                                                       100% 8.56M=0s

2012-09-28 16:31:01 (8.56 MB/s) - `code/../crawls/msn.co.uk/Privacy-Policy/raw/privacy.microsoft.com/library/gallery/templates/MNP2.Common/images/arrow_px_up.gif' saved [53/53]

The name is too long, 128 chars total.
Trying to shorten...
New name is trans_pixel.asp?source=privacy&TYPE=PV&p=en-gb&URI=%2fen-gb%2ffullnotice.mspx&GUID=1F4FC18C-F71E-47FB-8FC9-612F8EE59C61&lc=en-g.
The name is too long, 128 chars total.
Trying to shorten...
New name is trans_pixel.asp?source=privacy&TYPE=PV&p=en-gb&URI=%2fen-gb%2ffullnotice.mspx&GUID=1F4FC18C-F71E-47FB-8FC9-612F8EE59C61&lc=en-g.
--2012-09-28 16:31:01--  http://c.microsoft.com/trans_pixel.asp?source=privacy&TYPE=PV&p=en-gb&URI=%2fen-gb%2ffullnotice.mspx&GUID=1F4FC18C-F71E-47FB-8FC9-612F8EE59C61&lc=en-gb
Connecting to c.microsoft.com|64.4.11.30|:80... connected.
HTTP request sent, awaiting response... 200 OK
Length: 44 [image/gif]
Saving to: `code/../crawls/msn.co.uk/Privacy-Policy/raw/c.microsoft.com/trans_pixel.asp?source=privacy&TYPE=PV&p=en-gb&URI=%2fen-gb%2ffullnotice.mspx&GUID=1F4FC18C-F71E-47FB-8FC9-612F8EE59C61&lc=en-g'

     0K                                                       100% 7.38M=0s

2012-09-28 16:31:01 (7.38 MB/s) - `code/../crawls/msn.co.uk/Privacy-Policy/raw/c.microsoft.com/trans_pixel.asp?source=privacy&TYPE=PV&p=en-gb&URI=%2fen-gb%2ffullnotice.mspx&GUID=1F4FC18C-F71E-47FB-8FC9-612F8EE59C61&lc=en-g' saved [44/44]

--2012-09-28 16:31:01--  http://privacy.microsoft.com/library/toolbar/3.0/gradient.aspx?a=FFFFFF&b=3F8CDA&w=400&h=1&d=ltr&c=9voXwao2n8RHkUH%2bmSK1HX5FMl4%3d
Connecting to privacy.microsoft.com|64.4.11.26|:80... connected.
HTTP request sent, awaiting response... 200 OK
Length: 1299 (1.3K) [image/jpeg]
Saving to: `code/../crawls/msn.co.uk/Privacy-Policy/raw/privacy.microsoft.com/library/toolbar/3.0/gradient.aspx?a=FFFFFF&b=3F8CDA&w=400&h=1&d=ltr&c=9voXwao2n8RHkUH%2bmSK1HX5FMl4%3d'

     0K .                                                     100%  198M=0s

2012-09-28 16:31:01 (198 MB/s) - `code/../crawls/msn.co.uk/Privacy-Policy/raw/privacy.microsoft.com/library/toolbar/3.0/gradient.aspx?a=FFFFFF&b=3F8CDA&w=400&h=1&d=ltr&c=9voXwao2n8RHkUH%2bmSK1HX5FMl4%3d' saved [1299/1299]

FINISHED --2012-09-28 16:31:01--
Total wall clock time: 0.3s
Downloaded: 13 files, 116K in 0.04s (2.59 MB/s)
Converting code/../crawls/msn.co.uk/Privacy-Policy/raw/privacy.microsoft.com/en-gb/fullnotice.mspx.html... 99-18
Converting code/../crawls/msn.co.uk/Privacy-Policy/raw/privacy.microsoft.com/library/mnp/2/aspx/css.aspx?locale=en-gb&static=Page.css... nothing to do.
Converting code/../crawls/msn.co.uk/Privacy-Policy/raw/privacy.microsoft.com/mnp_utility.mspx/templatecss?template=%2flibrary%2fgallery%2ftemplates%2fMNP2.GenericArticle&shell=%2fconfiguration%2fen-gb.xml&locale=en-gb.css... nothing to do.
Converting code/../crawls/msn.co.uk/Privacy-Policy/raw/privacy.microsoft.com/library/toolbar/3.0/css.aspx?c=%2Fconfiguration%2Fen-gb.xml.css... 1-0
Converted 4 files in 0.003 seconds.
