--2012-04-15 09:14:37--  http://www.stumbleupon.com/privacy
Resolving www.stumbleupon.com... 199.30.80.32
Connecting to www.stumbleupon.com|199.30.80.32|:80... connected.
HTTP request sent, awaiting response... 200 OK
Length: 30238 (30K) [text/html]
Saving to: `code/../crawls/stumbleupon.com/Privacy-Policy/raw/www.stumbleupon.com/privacy.html'

     0K .......... .......... .........                       100% 3.94M=0.007s

2012-04-15 09:14:37 (3.94 MB/s) - `code/../crawls/stumbleupon.com/Privacy-Policy/raw/www.stumbleupon.com/privacy.html' saved [30238/30238]

--2012-04-15 09:14:37--  http://b9.sustatic.com/-G-ChSR8MQAl3Skvq8oNZg
Resolving b9.sustatic.com... 141.101.125.178, 141.101.124.178
Connecting to b9.sustatic.com|141.101.125.178|:80... connected.
HTTP request sent, awaiting response... 200 OK
Length: 1288 (1.3K) [image/vnd.microsoft.icon]
Saving to: `code/../crawls/stumbleupon.com/Privacy-Policy/raw/b9.sustatic.com/-G-ChSR8MQAl3Skvq8oNZg'

     0K .                                                     100% 20.6M=0s

2012-04-15 09:14:37 (20.6 MB/s) - `code/../crawls/stumbleupon.com/Privacy-Policy/raw/b9.sustatic.com/-G-ChSR8MQAl3Skvq8oNZg' saved [1288/1288]

--2012-04-15 09:14:37--  http://b9.sustatic.com/_VfCbLEcJK_3C4JvXkY3xA
Reusing existing connection to b9.sustatic.com:80.
HTTP request sent, awaiting response... 200 OK
Length: 43337 (42K) [text/css]
Saving to: `code/../crawls/stumbleupon.com/Privacy-Policy/raw/b9.sustatic.com/_VfCbLEcJK_3C4JvXkY3xA.css'

     0K .......... .......... .......... .......... ..        100% 1.37M=0.03s

2012-04-15 09:14:37 (1.37 MB/s) - `code/../crawls/stumbleupon.com/Privacy-Policy/raw/b9.sustatic.com/_VfCbLEcJK_3C4JvXkY3xA.css' saved [43337/43337]

--2012-04-15 09:14:37--  http://b9.sustatic.com/0G7od212tbGX7w8F-Kr-_w
Reusing existing connection to b9.sustatic.com:80.
HTTP request sent, awaiting response... 200 OK
Length: 24832 (24K) [text/css]
Saving to: `code/../crawls/stumbleupon.com/Privacy-Policy/raw/b9.sustatic.com/0G7od212tbGX7w8F-Kr-_w.css'

     0K .......... .......... ....                            100% 3.75M=0.006s

2012-04-15 09:14:37 (3.75 MB/s) - `code/../crawls/stumbleupon.com/Privacy-Policy/raw/b9.sustatic.com/0G7od212tbGX7w8F-Kr-_w.css' saved [24832/24832]

--2012-04-15 09:14:37--  http://b9.sustatic.com/IqNlBF6FbEDB_akzXG7q7A
Reusing existing connection to b9.sustatic.com:80.
HTTP request sent, awaiting response... 200 OK
Length: 15008 (15K) [text/css]
Saving to: `code/../crawls/stumbleupon.com/Privacy-Policy/raw/b9.sustatic.com/IqNlBF6FbEDB_akzXG7q7A.css'

     0K .......... ....                                       100% 13.8M=0.001s

2012-04-15 09:14:37 (13.8 MB/s) - `code/../crawls/stumbleupon.com/Privacy-Policy/raw/b9.sustatic.com/IqNlBF6FbEDB_akzXG7q7A.css' saved [15008/15008]

--2012-04-15 09:14:37--  http://b9.sustatic.com/lYhRyyGo0MjaX5xyfDZmWw
Reusing existing connection to b9.sustatic.com:80.
HTTP request sent, awaiting response... 200 OK
Length: 3376 (3.3K) [application/x-javascript]
Saving to: `code/../crawls/stumbleupon.com/Privacy-Policy/raw/b9.sustatic.com/lYhRyyGo0MjaX5xyfDZmWw'

     0K ...                                                   100% 16.1M=0s

2012-04-15 09:14:37 (16.1 MB/s) - `code/../crawls/stumbleupon.com/Privacy-Policy/raw/b9.sustatic.com/lYhRyyGo0MjaX5xyfDZmWw' saved [3376/3376]

--2012-04-15 09:14:37--  http://b9.sustatic.com/7oG6xi6K6E-OtJyhUesshg
Reusing existing connection to b9.sustatic.com:80.
HTTP request sent, awaiting response... 200 OK
Length: 176146 (172K) [application/x-javascript]
Saving to: `code/../crawls/stumbleupon.com/Privacy-Policy/raw/b9.sustatic.com/7oG6xi6K6E-OtJyhUesshg'

     0K .......... .......... .......... .......... .......... 29% 3.08M 0s
    50K .......... .......... .......... .......... .......... 58% 4.65M 0s
   100K .......... .......... .......... .......... .......... 87% 3.69M 0s
   150K .......... .......... ..                              100% 4.54M=0.04s

2012-04-15 09:14:37 (3.79 MB/s) - `code/../crawls/stumbleupon.com/Privacy-Policy/raw/b9.sustatic.com/7oG6xi6K6E-OtJyhUesshg' saved [176146/176146]

--2012-04-15 09:14:37--  http://b9.sustatic.com/hJITegTR4elcQ-cmFpNwuQ
Reusing existing connection to b9.sustatic.com:80.
HTTP request sent, awaiting response... 200 OK
Length: 63278 (62K) [application/x-javascript]
Saving to: `code/../crawls/stumbleupon.com/Privacy-Policy/raw/b9.sustatic.com/hJITegTR4elcQ-cmFpNwuQ'

     0K .......... .......... .......... .......... .......... 80% 3.98M 0s
    50K .......... .                                          100% 11.4M=0.01s

2012-04-15 09:14:37 (4.55 MB/s) - `code/../crawls/stumbleupon.com/Privacy-Policy/raw/b9.sustatic.com/hJITegTR4elcQ-cmFpNwuQ' saved [63278/63278]

--2012-04-15 09:14:37--  http://b9.sustatic.com/IsFCF5925Z5WaYoBF8W-Rw
Reusing existing connection to b9.sustatic.com:80.
HTTP request sent, awaiting response... 200 OK
Length: 118496 (116K) [application/x-javascript]
Saving to: `code/../crawls/stumbleupon.com/Privacy-Policy/raw/b9.sustatic.com/IsFCF5925Z5WaYoBF8W-Rw'

     0K .......... .......... .......... .......... .......... 43% 4.21M 0s
    50K .......... .......... .......... .......... .......... 86% 3.96M 0s
   100K .......... .....                                      100% 4.09M=0.03s

2012-04-15 09:14:37 (4.08 MB/s) - `code/../crawls/stumbleupon.com/Privacy-Policy/raw/b9.sustatic.com/IsFCF5925Z5WaYoBF8W-Rw' saved [118496/118496]

--2012-04-15 09:14:37--  http://b.scorecardresearch.com/p?c1=2&c2=7677660&cv=2.0&cj=1
Resolving b.scorecardresearch.com... 206.160.170.50, 206.160.170.27
Connecting to b.scorecardresearch.com|206.160.170.50|:80... connected.
HTTP request sent, awaiting response... 302 Moved Temporarily
Location: http://b.scorecardresearch.com/p2?c1=2&c2=7677660&cv=2.0&cj=1 [following]
--2012-04-15 09:14:37--  http://b.scorecardresearch.com/p2?c1=2&c2=7677660&cv=2.0&cj=1
Reusing existing connection to b.scorecardresearch.com:80.
HTTP request sent, awaiting response... 200 OK
Length: 43 [image/gif]
Saving to: `code/../crawls/stumbleupon.com/Privacy-Policy/raw/b.scorecardresearch.com/p?c1=2&c2=7677660&cv=2.0&cj=1'

     0K                                                       100% 7.18M=0s

2012-04-15 09:14:37 (7.18 MB/s) - `code/../crawls/stumbleupon.com/Privacy-Policy/raw/b.scorecardresearch.com/p?c1=2&c2=7677660&cv=2.0&cj=1' saved [43/43]

--2012-04-15 09:14:37--  http://b9.sustatic.com/KwIEec5utYGrKmzXYLgFzg
Connecting to b9.sustatic.com|141.101.125.178|:80... connected.
HTTP request sent, awaiting response... 200 OK
Length: 4366 (4.3K) [image/png]
Saving to: `code/../crawls/stumbleupon.com/Privacy-Policy/raw/b9.sustatic.com/KwIEec5utYGrKmzXYLgFzg'

     0K ....                                                  100% 1.28M=0.003s

2012-04-15 09:14:37 (1.28 MB/s) - `code/../crawls/stumbleupon.com/Privacy-Policy/raw/b9.sustatic.com/KwIEec5utYGrKmzXYLgFzg' saved [4366/4366]

--2012-04-15 09:14:37--  http://b9.sustatic.com/3OFqWahmiDq_pYhQn1swHQ
Reusing existing connection to b9.sustatic.com:80.
HTTP request sent, awaiting response... 200 OK
Length: 972 [image/png]
Saving to: `code/../crawls/stumbleupon.com/Privacy-Policy/raw/b9.sustatic.com/3OFqWahmiDq_pYhQn1swHQ'

     0K                                                       100%  164M=0s

2012-04-15 09:14:37 (164 MB/s) - `code/../crawls/stumbleupon.com/Privacy-Policy/raw/b9.sustatic.com/3OFqWahmiDq_pYhQn1swHQ' saved [972/972]

--2012-04-15 09:14:37--  http://b9.sustatic.com/cTmM2jALG8keRaJYBai3Lw
Reusing existing connection to b9.sustatic.com:80.
HTTP request sent, awaiting response... 200 OK
Length: 1990 (1.9K) [image/png]
Saving to: `code/../crawls/stumbleupon.com/Privacy-Policy/raw/b9.sustatic.com/cTmM2jALG8keRaJYBai3Lw'

     0K .                                                     100%  288M=0s

2012-04-15 09:14:37 (288 MB/s) - `code/../crawls/stumbleupon.com/Privacy-Policy/raw/b9.sustatic.com/cTmM2jALG8keRaJYBai3Lw' saved [1990/1990]

--2012-04-15 09:14:37--  http://b9.sustatic.com/JsyDxn1A5MxlT-v3W6Mezg
Reusing existing connection to b9.sustatic.com:80.
HTTP request sent, awaiting response... 200 OK
Length: 5170 (5.0K) [image/png]
Saving to: `code/../crawls/stumbleupon.com/Privacy-Policy/raw/b9.sustatic.com/JsyDxn1A5MxlT-v3W6Mezg'

     0K .....                                                 100% 19.8M=0s

2012-04-15 09:14:37 (19.8 MB/s) - `code/../crawls/stumbleupon.com/Privacy-Policy/raw/b9.sustatic.com/JsyDxn1A5MxlT-v3W6Mezg' saved [5170/5170]

--2012-04-15 09:14:37--  http://b9.sustatic.com/anAVjBrzYFAmwazVAqaA_A
Reusing existing connection to b9.sustatic.com:80.
HTTP request sent, awaiting response... 200 OK
Length: 6629 (6.5K) [image/gif]
Saving to: `code/../crawls/stumbleupon.com/Privacy-Policy/raw/b9.sustatic.com/anAVjBrzYFAmwazVAqaA_A'

     0K ......                                                100% 11.6M=0.001s

2012-04-15 09:14:37 (11.6 MB/s) - `code/../crawls/stumbleupon.com/Privacy-Policy/raw/b9.sustatic.com/anAVjBrzYFAmwazVAqaA_A' saved [6629/6629]

--2012-04-15 09:14:37--  http://b9.sustatic.com/_56oSyHdzeA4BHIzHOIS7A
Reusing existing connection to b9.sustatic.com:80.
HTTP request sent, awaiting response... 200 OK
Length: 1020 [image/png]
Saving to: `code/../crawls/stumbleupon.com/Privacy-Policy/raw/b9.sustatic.com/_56oSyHdzeA4BHIzHOIS7A'

     0K                                                       100%  167M=0s

2012-04-15 09:14:38 (167 MB/s) - `code/../crawls/stumbleupon.com/Privacy-Policy/raw/b9.sustatic.com/_56oSyHdzeA4BHIzHOIS7A' saved [1020/1020]

--2012-04-15 09:14:38--  http://b9.sustatic.com/jaPgCJzsyarArPC330jqwQ
Reusing existing connection to b9.sustatic.com:80.
HTTP request sent, awaiting response... 200 OK
Length: 874 [image/png]
Saving to: `code/../crawls/stumbleupon.com/Privacy-Policy/raw/b9.sustatic.com/jaPgCJzsyarArPC330jqwQ'

     0K                                                       100%  159M=0s

2012-04-15 09:14:38 (159 MB/s) - `code/../crawls/stumbleupon.com/Privacy-Policy/raw/b9.sustatic.com/jaPgCJzsyarArPC330jqwQ' saved [874/874]

--2012-04-15 09:14:38--  http://b9.sustatic.com/9X2QW2K3E-MyTHM9RJO_XA
Reusing existing connection to b9.sustatic.com:80.
HTTP request sent, awaiting response... 200 OK
Length: 1849 (1.8K) [image/gif]
Saving to: `code/../crawls/stumbleupon.com/Privacy-Policy/raw/b9.sustatic.com/9X2QW2K3E-MyTHM9RJO_XA'

     0K .                                                     100%  267M=0s

2012-04-15 09:14:38 (267 MB/s) - `code/../crawls/stumbleupon.com/Privacy-Policy/raw/b9.sustatic.com/9X2QW2K3E-MyTHM9RJO_XA' saved [1849/1849]

--2012-04-15 09:14:38--  http://b9.sustatic.com/9MfdjuDe7tBa5aaXeO065A
Reusing existing connection to b9.sustatic.com:80.
HTTP request sent, awaiting response... 200 OK
Length: 11101 (11K) [image/png]
Saving to: `code/../crawls/stumbleupon.com/Privacy-Policy/raw/b9.sustatic.com/9MfdjuDe7tBa5aaXeO065A'

     0K ..........                                            100% 14.9M=0.001s

2012-04-15 09:14:38 (14.9 MB/s) - `code/../crawls/stumbleupon.com/Privacy-Policy/raw/b9.sustatic.com/9MfdjuDe7tBa5aaXeO065A' saved [11101/11101]

--2012-04-15 09:14:38--  http://b9.sustatic.com/FnMAyS402cloFqHgTFiqFw
Reusing existing connection to b9.sustatic.com:80.
HTTP request sent, awaiting response... 200 OK
Length: 4856 (4.7K) [image/png]
Saving to: `code/../crawls/stumbleupon.com/Privacy-Policy/raw/b9.sustatic.com/FnMAyS402cloFqHgTFiqFw'

     0K ....                                                  100% 24.2M=0s

2012-04-15 09:14:38 (24.2 MB/s) - `code/../crawls/stumbleupon.com/Privacy-Policy/raw/b9.sustatic.com/FnMAyS402cloFqHgTFiqFw' saved [4856/4856]

FINISHED --2012-04-15 09:14:38--
Total wall clock time: 0.7s
Downloaded: 20 files, 503K in 0.1s (3.63 MB/s)
Converting code/../crawls/stumbleupon.com/Privacy-Policy/raw/www.stumbleupon.com/privacy.html... 13-13
Converting code/../crawls/stumbleupon.com/Privacy-Policy/raw/b9.sustatic.com/IqNlBF6FbEDB_akzXG7q7A.css... 10-0
Converting code/../crawls/stumbleupon.com/Privacy-Policy/raw/b9.sustatic.com/0G7od212tbGX7w8F-Kr-_w.css... 8-0
Converting code/../crawls/stumbleupon.com/Privacy-Policy/raw/b9.sustatic.com/_VfCbLEcJK_3C4JvXkY3xA.css... 9-0
Converted 4 files in 0.005 seconds.
