--2012-11-12 05:15:02--  http://www.condenast.com/services/privacy/
Resolving www.condenast.com... 23.59.193.133
Connecting to www.condenast.com|23.59.193.133|:80... connected.
HTTP request sent, awaiting response... 200 OK
Length: unspecified [text/html]
Saving to: `code/../crawls/arstechnica.com/Privacy-Policy/raw/www.condenast.com/services/privacy/index.html'

     0K .......... .......... .......... .......... ..........  672K
    50K .......... .......... .......... .......... ..........  636K
   100K .......... .                                           12.9M=0.2s

2012-11-12 05:15:04 (723 KB/s) - `code/../crawls/arstechnica.com/Privacy-Policy/raw/www.condenast.com/services/privacy/index.html' saved [113846]

--2012-11-12 05:15:04--  http://www.condenast.com/sites/all/themes/condenast/favicon.ico
Reusing existing connection to www.condenast.com:80.
HTTP request sent, awaiting response... 200 OK
Length: 1150 (1.1K) [text/plain]
Saving to: `code/../crawls/arstechnica.com/Privacy-Policy/raw/www.condenast.com/sites/all/themes/condenast/favicon.ico'

     0K .                                                     100%  154M=0s

2012-11-12 05:15:04 (154 MB/s) - `code/../crawls/arstechnica.com/Privacy-Policy/raw/www.condenast.com/sites/all/themes/condenast/favicon.ico' saved [1150/1150]

--2012-11-12 05:15:04--  http://www.condenast.com/sites/all/themes/condenast/fonts/fonts.css
Reusing existing connection to www.condenast.com:80.
HTTP request sent, awaiting response... 200 OK
Length: 3212 (3.1K) [text/css]
Saving to: `code/../crawls/arstechnica.com/Privacy-Policy/raw/www.condenast.com/sites/all/themes/condenast/fonts/fonts.css'

     0K ...                                                   100% 27.0M=0s

2012-11-12 05:15:04 (27.0 MB/s) - `code/../crawls/arstechnica.com/Privacy-Policy/raw/www.condenast.com/sites/all/themes/condenast/fonts/fonts.css' saved [3212/3212]

--2012-11-12 05:15:04--  http://www.condenast.com/sites/all/themes/condenast/css/style.css?v=2
Reusing existing connection to www.condenast.com:80.
HTTP request sent, awaiting response... 200 OK
Length: unspecified [text/css]
Saving to: `code/../crawls/arstechnica.com/Privacy-Policy/raw/www.condenast.com/sites/all/themes/condenast/css/style.css?v=2.css'

     0K .......... .......... .......... .......... .......... 6.40M
    50K .......... .......... .......... .......... .......... 5.57M
   100K .......... .......... .......... .......... .......... 9.73M
   150K .......... .......... .......... .......... .......... 5.92M
   200K .......... ....                                         119M=0.03s

2012-11-12 05:15:04 (7.05 MB/s) - `code/../crawls/arstechnica.com/Privacy-Policy/raw/www.condenast.com/sites/all/themes/condenast/css/style.css?v=2.css' saved [220148]

--2012-11-12 05:15:04--  http://cloud.webtype.com/css/4100279c-7d37-40ad-987a-d1417055a4f6.css
Resolving cloud.webtype.com... 65.52.18.154
Connecting to cloud.webtype.com|65.52.18.154|:80... connected.
HTTP request sent, awaiting response... 200 OK
Length: 1338 (1.3K) [text/css]
Saving to: `code/../crawls/arstechnica.com/Privacy-Policy/raw/cloud.webtype.com/css/4100279c-7d37-40ad-987a-d1417055a4f6.css'

     0K .                                                     100%  174M=0s

2012-11-12 05:15:04 (174 MB/s) - `code/../crawls/arstechnica.com/Privacy-Policy/raw/cloud.webtype.com/css/4100279c-7d37-40ad-987a-d1417055a4f6.css' saved [1338/1338]

--2012-11-12 05:15:04--  http://www.condenast.com/sites/all/themes/condenast/js/libs/modernizr-1.7.min.js
Connecting to www.condenast.com|23.59.193.133|:80... connected.
HTTP request sent, awaiting response... 200 OK
Length: 9021 (8.8K) [application/x-javascript]
Saving to: `code/../crawls/arstechnica.com/Privacy-Policy/raw/www.condenast.com/sites/all/themes/condenast/js/libs/modernizr-1.7.min.js'

     0K ........                                              100% 2.94M=0.003s

2012-11-12 05:15:04 (2.94 MB/s) - `code/../crawls/arstechnica.com/Privacy-Policy/raw/www.condenast.com/sites/all/themes/condenast/js/libs/modernizr-1.7.min.js' saved [9021/9021]

--2012-11-12 05:15:04--  http://www.condenast.com/sites/all/files/logosmall_allure_0.png
Reusing existing connection to www.condenast.com:80.
HTTP request sent, awaiting response... 200 OK
Length: 2565 (2.5K) [image/png]
Saving to: `code/../crawls/arstechnica.com/Privacy-Policy/raw/www.condenast.com/sites/all/files/logosmall_allure_0.png'

     0K ..                                                    100%  271M=0s

2012-11-12 05:15:04 (271 MB/s) - `code/../crawls/arstechnica.com/Privacy-Policy/raw/www.condenast.com/sites/all/files/logosmall_allure_0.png' saved [2565/2565]

--2012-11-12 05:15:04--  http://www.condenast.com/sites/all/files/logosmall_ad2_0.png
Reusing existing connection to www.condenast.com:80.
HTTP request sent, awaiting response... 200 OK
Length: 3955 (3.9K) [image/png]
Saving to: `code/../crawls/arstechnica.com/Privacy-Policy/raw/www.condenast.com/sites/all/files/logosmall_ad2_0.png'

     0K ...                                                   100% 20.3M=0s

2012-11-12 05:15:04 (20.3 MB/s) - `code/../crawls/arstechnica.com/Privacy-Policy/raw/www.condenast.com/sites/all/files/logosmall_ad2_0.png' saved [3955/3955]

--2012-11-12 05:15:04--  http://www.condenast.com/sites/all/files/logosmall_arstechnica.png
Reusing existing connection to www.condenast.com:80.
HTTP request sent, awaiting response... 200 OK
Length: 3413 (3.3K) [image/png]
Saving to: `code/../crawls/arstechnica.com/Privacy-Policy/raw/www.condenast.com/sites/all/files/logosmall_arstechnica.png'

     0K ...                                                   100% 45.6M=0s

2012-11-12 05:15:04 (45.6 MB/s) - `code/../crawls/arstechnica.com/Privacy-Policy/raw/www.condenast.com/sites/all/files/logosmall_arstechnica.png' saved [3413/3413]

--2012-11-12 05:15:04--  http://www.condenast.com/sites/all/files/logosmall_beautyinc.png
Reusing existing connection to www.condenast.com:80.
HTTP request sent, awaiting response... 200 OK
Length: 2933 (2.9K) [image/png]
Saving to: `code/../crawls/arstechnica.com/Privacy-Policy/raw/www.condenast.com/sites/all/files/logosmall_beautyinc.png'

     0K ..                                                    100% 37.9M=0s

2012-11-12 05:15:04 (37.9 MB/s) - `code/../crawls/arstechnica.com/Privacy-Policy/raw/www.condenast.com/sites/all/files/logosmall_beautyinc.png' saved [2933/2933]

--2012-11-12 05:15:04--  http://www.condenast.com/sites/all/files/logosmall_bonappetit_0.png
Reusing existing connection to www.condenast.com:80.
HTTP request sent, awaiting response... 200 OK
Length: 3617 (3.5K) [image/png]
Saving to: `code/../crawls/arstechnica.com/Privacy-Policy/raw/www.condenast.com/sites/all/files/logosmall_bonappetit_0.png'

     0K ...                                                   100% 44.6M=0s

2012-11-12 05:15:04 (44.6 MB/s) - `code/../crawls/arstechnica.com/Privacy-Policy/raw/www.condenast.com/sites/all/files/logosmall_bonappetit_0.png' saved [3617/3617]

--2012-11-12 05:15:04--  http://www.condenast.com/sites/all/files/brides_0.png
Reusing existing connection to www.condenast.com:80.
HTTP request sent, awaiting response... 200 OK
Length: 3449 (3.4K) [image/png]
Saving to: `code/../crawls/arstechnica.com/Privacy-Policy/raw/www.condenast.com/sites/all/files/brides_0.png'

     0K ...                                                   100% 41.5M=0s

2012-11-12 05:15:04 (41.5 MB/s) - `code/../crawls/arstechnica.com/Privacy-Policy/raw/www.condenast.com/sites/all/files/brides_0.png' saved [3449/3449]

--2012-11-12 05:15:04--  http://www.condenast.com/sites/all/files/logosmall_cntraveler_0.png
Reusing existing connection to www.condenast.com:80.
HTTP request sent, awaiting response... 200 OK
Length: 3564 (3.5K) [image/png]
Saving to: `code/../crawls/arstechnica.com/Privacy-Policy/raw/www.condenast.com/sites/all/files/logosmall_cntraveler_0.png'

     0K ...                                                   100% 50.1M=0s

2012-11-12 05:15:04 (50.1 MB/s) - `code/../crawls/arstechnica.com/Privacy-Policy/raw/www.condenast.com/sites/all/files/logosmall_cntraveler_0.png' saved [3564/3564]

--2012-11-12 05:15:04--  http://www.condenast.com/sites/all/files/logosmall_details.png
Reusing existing connection to www.condenast.com:80.
HTTP request sent, awaiting response... 200 OK
Length: 2667 (2.6K) [image/png]
Saving to: `code/../crawls/arstechnica.com/Privacy-Policy/raw/www.condenast.com/sites/all/files/logosmall_details.png'

     0K ..                                                    100% 40.4M=0s

2012-11-12 05:15:04 (40.4 MB/s) - `code/../crawls/arstechnica.com/Privacy-Policy/raw/www.condenast.com/sites/all/files/logosmall_details.png' saved [2667/2667]

--2012-11-12 05:15:04--  http://www.condenast.com/sites/all/files/logosmall_epicurious.png
Reusing existing connection to www.condenast.com:80.
HTTP request sent, awaiting response... 200 OK
Length: 2779 (2.7K) [image/png]
Saving to: `code/../crawls/arstechnica.com/Privacy-Policy/raw/www.condenast.com/sites/all/files/logosmall_epicurious.png'

     0K ..                                                    100% 39.2M=0s

2012-11-12 05:15:04 (39.2 MB/s) - `code/../crawls/arstechnica.com/Privacy-Policy/raw/www.condenast.com/sites/all/files/logosmall_epicurious.png' saved [2779/2779]

--2012-11-12 05:15:04--  http://www.condenast.com/sites/all/files/FN_weblogo_small.png
Reusing existing connection to www.condenast.com:80.
HTTP request sent, awaiting response... 200 OK
Length: 1784 (1.7K) [image/png]
Saving to: `code/../crawls/arstechnica.com/Privacy-Policy/raw/www.condenast.com/sites/all/files/FN_weblogo_small.png'

     0K .                                                     100%  257M=0s

2012-11-12 05:15:04 (257 MB/s) - `code/../crawls/arstechnica.com/Privacy-Policy/raw/www.condenast.com/sites/all/files/FN_weblogo_small.png' saved [1784/1784]

--2012-11-12 05:15:04--  http://www.condenast.com/sites/all/files/logosmall_glamour_0.png
Reusing existing connection to www.condenast.com:80.
HTTP request sent, awaiting response... 200 OK
Length: 2727 (2.7K) [image/png]
Saving to: `code/../crawls/arstechnica.com/Privacy-Policy/raw/www.condenast.com/sites/all/files/logosmall_glamour_0.png'

     0K ..                                                    100%  197M=0s

2012-11-12 05:15:04 (197 MB/s) - `code/../crawls/arstechnica.com/Privacy-Policy/raw/www.condenast.com/sites/all/files/logosmall_glamour_0.png' saved [2727/2727]

--2012-11-12 05:15:04--  http://www.condenast.com/sites/all/files/logosmall_golfdigest.png
Reusing existing connection to www.condenast.com:80.
HTTP request sent, awaiting response... 200 OK
Length: 3882 (3.8K) [image/png]
Saving to: `code/../crawls/arstechnica.com/Privacy-Policy/raw/www.condenast.com/sites/all/files/logosmall_golfdigest.png'

     0K ...                                                   100% 44.5M=0s

2012-11-12 05:15:04 (44.5 MB/s) - `code/../crawls/arstechnica.com/Privacy-Policy/raw/www.condenast.com/sites/all/files/logosmall_golfdigest.png' saved [3882/3882]

--2012-11-12 05:15:04--  http://www.condenast.com/sites/all/files/logosmall_golfworld.png
Reusing existing connection to www.condenast.com:80.
HTTP request sent, awaiting response... 200 OK
Length: 2655 (2.6K) [image/png]
Saving to: `code/../crawls/arstechnica.com/Privacy-Policy/raw/www.condenast.com/sites/all/files/logosmall_golfworld.png'

     0K ..                                                    100% 39.4M=0s

2012-11-12 05:15:04 (39.4 MB/s) - `code/../crawls/arstechnica.com/Privacy-Policy/raw/www.condenast.com/sites/all/files/logosmall_golfworld.png' saved [2655/2655]

--2012-11-12 05:15:04--  http://www.condenast.com/sites/all/files/GOURMET_small.png
Reusing existing connection to www.condenast.com:80.
HTTP request sent, awaiting response... 200 OK
Length: 5212 (5.1K) [image/png]
Saving to: `code/../crawls/arstechnica.com/Privacy-Policy/raw/www.condenast.com/sites/all/files/GOURMET_small.png'

     0K .....                                                 100% 25.5M=0s

2012-11-12 05:15:04 (25.5 MB/s) - `code/../crawls/arstechnica.com/Privacy-Policy/raw/www.condenast.com/sites/all/files/GOURMET_small.png' saved [5212/5212]

--2012-11-12 05:15:04--  http://www.condenast.com/sites/all/files/logosmall_gq.png
Reusing existing connection to www.condenast.com:80.
HTTP request sent, awaiting response... 200 OK
Length: 2125 (2.1K) [image/png]
Saving to: `code/../crawls/arstechnica.com/Privacy-Policy/raw/www.condenast.com/sites/all/files/logosmall_gq.png'

     0K ..                                                    100%  296M=0s

2012-11-12 05:15:04 (296 MB/s) - `code/../crawls/arstechnica.com/Privacy-Policy/raw/www.condenast.com/sites/all/files/logosmall_gq.png' saved [2125/2125]

--2012-11-12 05:15:04--  http://www.condenast.com/sites/all/files/logosmall_lucky.png
Reusing existing connection to www.condenast.com:80.
HTTP request sent, awaiting response... 200 OK
Length: 2349 (2.3K) [image/png]
Saving to: `code/../crawls/arstechnica.com/Privacy-Policy/raw/www.condenast.com/sites/all/files/logosmall_lucky.png'

     0K ..                                                    100% 35.5M=0s

2012-11-12 05:15:04 (35.5 MB/s) - `code/../crawls/arstechnica.com/Privacy-Policy/raw/www.condenast.com/sites/all/files/logosmall_lucky.png' saved [2349/2349]

--2012-11-12 05:15:04--  http://www.condenast.com/sites/all/files/M_small.png
Reusing existing connection to www.condenast.com:80.
HTTP request sent, awaiting response... 200 OK
Length: 4427 (4.3K) [image/png]
Saving to: `code/../crawls/arstechnica.com/Privacy-Policy/raw/www.condenast.com/sites/all/files/M_small.png'

     0K ....                                                  100% 20.0M=0s

2012-11-12 05:15:04 (20.0 MB/s) - `code/../crawls/arstechnica.com/Privacy-Policy/raw/www.condenast.com/sites/all/files/M_small.png' saved [4427/4427]

--2012-11-12 05:15:04--  http://www.condenast.com/sites/all/files/logosmall_self_0.png
Reusing existing connection to www.condenast.com:80.
HTTP request sent, awaiting response... 200 OK
Length: 2052 (2.0K) [image/png]
Saving to: `code/../crawls/arstechnica.com/Privacy-Policy/raw/www.condenast.com/sites/all/files/logosmall_self_0.png'

     0K ..                                                    100%  290M=0s

2012-11-12 05:15:04 (290 MB/s) - `code/../crawls/arstechnica.com/Privacy-Policy/raw/www.condenast.com/sites/all/files/logosmall_self_0.png' saved [2052/2052]

--2012-11-12 05:15:04--  http://www.condenast.com/sites/all/files/logosmall_style.png
Reusing existing connection to www.condenast.com:80.
HTTP request sent, awaiting response... 200 OK
Length: 2912 (2.8K) [image/png]
Saving to: `code/../crawls/arstechnica.com/Privacy-Policy/raw/www.condenast.com/sites/all/files/logosmall_style.png'

     0K ..                                                    100% 39.0M=0s

2012-11-12 05:15:04 (39.0 MB/s) - `code/../crawls/arstechnica.com/Privacy-Policy/raw/www.condenast.com/sites/all/files/logosmall_style.png' saved [2912/2912]

--2012-11-12 05:15:04--  http://www.condenast.com/sites/all/files/logosmall_teenvogue.png
Reusing existing connection to www.condenast.com:80.
HTTP request sent, awaiting response... 200 OK
Length: 3611 (3.5K) [image/png]
Saving to: `code/../crawls/arstechnica.com/Privacy-Policy/raw/www.condenast.com/sites/all/files/logosmall_teenvogue.png'

     0K ...                                                   100% 51.3M=0s

2012-11-12 05:15:04 (51.3 MB/s) - `code/../crawls/arstechnica.com/Privacy-Policy/raw/www.condenast.com/sites/all/files/logosmall_teenvogue.png' saved [3611/3611]

--2012-11-12 05:15:04--  http://www.condenast.com/sites/all/files/logosmall_newyorker_0.png
Reusing existing connection to www.condenast.com:80.
HTTP request sent, awaiting response... 200 OK
Length: 4001 (3.9K) [image/png]
Saving to: `code/../crawls/arstechnica.com/Privacy-Policy/raw/www.condenast.com/sites/all/files/logosmall_newyorker_0.png'

     0K ...                                                   100% 14.5M=0s

2012-11-12 05:15:04 (14.5 MB/s) - `code/../crawls/arstechnica.com/Privacy-Policy/raw/www.condenast.com/sites/all/files/logosmall_newyorker_0.png' saved [4001/4001]

--2012-11-12 05:15:04--  http://www.condenast.com/sites/all/files/logosmall_vanityfair_0.png
Reusing existing connection to www.condenast.com:80.
HTTP request sent, awaiting response... 200 OK
Length: 3424 (3.3K) [image/png]
Saving to: `code/../crawls/arstechnica.com/Privacy-Policy/raw/www.condenast.com/sites/all/files/logosmall_vanityfair_0.png'

     0K ...                                                   100% 51.2M=0s

2012-11-12 05:15:04 (51.2 MB/s) - `code/../crawls/arstechnica.com/Privacy-Policy/raw/www.condenast.com/sites/all/files/logosmall_vanityfair_0.png' saved [3424/3424]

--2012-11-12 05:15:04--  http://www.condenast.com/sites/all/files/logosmall_vogue.png
Reusing existing connection to www.condenast.com:80.
HTTP request sent, awaiting response... 200 OK
Length: 3122 (3.0K) [image/png]
Saving to: `code/../crawls/arstechnica.com/Privacy-Policy/raw/www.condenast.com/sites/all/files/logosmall_vogue.png'

     0K ...                                                   100% 48.0M=0s

2012-11-12 05:15:04 (48.0 MB/s) - `code/../crawls/arstechnica.com/Privacy-Policy/raw/www.condenast.com/sites/all/files/logosmall_vogue.png' saved [3122/3122]

--2012-11-12 05:15:04--  http://www.condenast.com/sites/all/files/logosmall_w_0.png
Reusing existing connection to www.condenast.com:80.
HTTP request sent, awaiting response... 200 OK
Length: 1288 (1.3K) [image/png]
Saving to: `code/../crawls/arstechnica.com/Privacy-Policy/raw/www.condenast.com/sites/all/files/logosmall_w_0.png'

     0K .                                                     100%  193M=0s

2012-11-12 05:15:04 (193 MB/s) - `code/../crawls/arstechnica.com/Privacy-Policy/raw/www.condenast.com/sites/all/files/logosmall_w_0.png' saved [1288/1288]

--2012-11-12 05:15:04--  http://www.condenast.com/sites/all/files/logosmall_wired.png
Reusing existing connection to www.condenast.com:80.
HTTP request sent, awaiting response... 200 OK
Length: 2239 (2.2K) [image/png]
Saving to: `code/../crawls/arstechnica.com/Privacy-Policy/raw/www.condenast.com/sites/all/files/logosmall_wired.png'

     0K ..                                                    100%  311M=0s

2012-11-12 05:15:04 (311 MB/s) - `code/../crawls/arstechnica.com/Privacy-Policy/raw/www.condenast.com/sites/all/files/logosmall_wired.png' saved [2239/2239]

--2012-11-12 05:15:04--  http://www.condenast.com/sites/all/files/logosmall_wwd.png
Reusing existing connection to www.condenast.com:80.
HTTP request sent, awaiting response... 200 OK
Length: 1603 (1.6K) [image/png]
Saving to: `code/../crawls/arstechnica.com/Privacy-Policy/raw/www.condenast.com/sites/all/files/logosmall_wwd.png'

     0K .                                                     100%  233M=0s

2012-11-12 05:15:04 (233 MB/s) - `code/../crawls/arstechnica.com/Privacy-Policy/raw/www.condenast.com/sites/all/files/logosmall_wwd.png' saved [1603/1603]

The name is too long, 151 chars total.
Trying to shorten...
New name is like.php?send=false&layout=button_count&width=0&show_faces=false&action=like&colorscheme=light&font=arial&height=21&href=http%3.
The name is too long, 151 chars total.
Trying to shorten...
New name is like.php?send=false&layout=button_count&width=0&show_faces=false&action=like&colorscheme=light&font=arial&height=21&href=http%3.
--2012-11-12 05:15:04--  http://www.facebook.com/plugins/like.php?send=false&layout=button_count&width=0&show_faces=false&action=like&colorscheme=light&font=arial&height=21&href=http%3A%2F%2Fwww.condenast.com
Resolving www.facebook.com... 69.171.234.21, 2a03:2880:10:1f02:face:b00c::
Connecting to www.facebook.com|69.171.234.21|:80... connected.
HTTP request sent, awaiting response... 200 OK
Length: unspecified [text/html]
Saving to: `code/../crawls/arstechnica.com/Privacy-Policy/raw/www.facebook.com/plugins/like.php?send=false&layout=button_count&width=0&show_faces=false&action=like&colorscheme=light&font=arial&height=21&href=http%3.html'

     0K .......... .                                            452K=0.02s

2012-11-12 05:15:04 (452 KB/s) - `code/../crawls/arstechnica.com/Privacy-Policy/raw/www.facebook.com/plugins/like.php?send=false&layout=button_count&width=0&show_faces=false&action=like&colorscheme=light&font=arial&height=21&href=http%3.html' saved [11553]

--2012-11-12 05:15:04--  http://www.condenast.com/sites/all/themes/condenast/images/social_like.png
Connecting to www.condenast.com|23.59.193.133|:80... connected.
HTTP request sent, awaiting response... 200 OK
Length: 364 [image/png]
Saving to: `code/../crawls/arstechnica.com/Privacy-Policy/raw/www.condenast.com/sites/all/themes/condenast/images/social_like.png'

     0K                                                       100% 56.2M=0s

2012-11-12 05:15:04 (56.2 MB/s) - `code/../crawls/arstechnica.com/Privacy-Policy/raw/www.condenast.com/sites/all/themes/condenast/images/social_like.png' saved [364/364]

--2012-11-12 05:15:04--  http://www.condenast.com/sites/all/themes/condenast/images/social_tweet.png
Reusing existing connection to www.condenast.com:80.
HTTP request sent, awaiting response... 200 OK
Length: 457 [image/png]
Saving to: `code/../crawls/arstechnica.com/Privacy-Policy/raw/www.condenast.com/sites/all/themes/condenast/images/social_tweet.png'

     0K                                                       100% 80.4M=0s

2012-11-12 05:15:04 (80.4 MB/s) - `code/../crawls/arstechnica.com/Privacy-Policy/raw/www.condenast.com/sites/all/themes/condenast/images/social_tweet.png' saved [457/457]

--2012-11-12 05:15:04--  http://ajax.googleapis.com/ajax/libs/jquery/1.5.1/jquery.min.js
Resolving ajax.googleapis.com... 74.125.136.95, 2a00:1450:4013:c01::5f
Connecting to ajax.googleapis.com|74.125.136.95|:80... connected.
HTTP request sent, awaiting response... 200 OK
Length: unspecified [text/javascript]
Saving to: `code/../crawls/arstechnica.com/Privacy-Policy/raw/ajax.googleapis.com/ajax/libs/jquery/1.5.1/jquery.min.js'

     0K .......... .......... .......... .......... ..........  109K
    50K .......... .......... .......... ...                    219K=0.6s

2012-11-12 05:15:05 (137 KB/s) - `code/../crawls/arstechnica.com/Privacy-Policy/raw/ajax.googleapis.com/ajax/libs/jquery/1.5.1/jquery.min.js' saved [85260]

--2012-11-12 05:15:05--  http://admin.brightcove.com/js/BrightcoveExperiences.js
Resolving admin.brightcove.com... 23.61.194.34, 23.61.194.74
Connecting to admin.brightcove.com|23.61.194.34|:80... connected.
HTTP request sent, awaiting response... 200 OK
Length: 32483 (32K) [application/x-javascript]
Saving to: `code/../crawls/arstechnica.com/Privacy-Policy/raw/admin.brightcove.com/js/BrightcoveExperiences.js'

     0K .......... .......... .......... .                    100% 4.99M=0.006s

2012-11-12 05:15:05 (4.99 MB/s) - `code/../crawls/arstechnica.com/Privacy-Policy/raw/admin.brightcove.com/js/BrightcoveExperiences.js' saved [32483/32483]

--2012-11-12 05:15:05--  http://admin.brightcove.com/js/APIModules_all.js
Reusing existing connection to admin.brightcove.com:80.
HTTP request sent, awaiting response... 200 OK
Length: unspecified [application/x-javascript]
Saving to: `code/../crawls/arstechnica.com/Privacy-Policy/raw/admin.brightcove.com/js/APIModules_all.js'

     0K .......... .......... .......... .......... .......... 8.86M
    50K .......... .......... ...                              6.66M=0.009s

2012-11-12 05:15:05 (8.01 MB/s) - `code/../crawls/arstechnica.com/Privacy-Policy/raw/admin.brightcove.com/js/APIModules_all.js' saved [75411]

--2012-11-12 05:15:05--  http://www.condenast.com/sites/all/themes/condenast/js/plugins.js
Connecting to www.condenast.com|23.59.193.133|:80... connected.
HTTP request sent, awaiting response... 200 OK
Length: unspecified [application/x-javascript]
Saving to: `code/../crawls/arstechnica.com/Privacy-Policy/raw/www.condenast.com/sites/all/themes/condenast/js/plugins.js'

     0K .......... .......... .......... .......... .......... 5.71M
    50K .......... .......... .......... .......... .......... 9.80M
   100K ....                                                   19.8M=0.01s

2012-11-12 05:15:05 (7.44 MB/s) - `code/../crawls/arstechnica.com/Privacy-Policy/raw/www.condenast.com/sites/all/themes/condenast/js/plugins.js' saved [107461]

--2012-11-12 05:15:05--  http://www.condenast.com/sites/all/themes/condenast/js/script.js
Reusing existing connection to www.condenast.com:80.
HTTP request sent, awaiting response... 200 OK
Length: 13738 (13K) [application/x-javascript]
Saving to: `code/../crawls/arstechnica.com/Privacy-Policy/raw/www.condenast.com/sites/all/themes/condenast/js/script.js'

     0K .......... ...                                        100% 14.3M=0.001s

2012-11-12 05:15:05 (14.3 MB/s) - `code/../crawls/arstechnica.com/Privacy-Policy/raw/www.condenast.com/sites/all/themes/condenast/js/script.js' saved [13738/13738]

--2012-11-12 05:15:05--  http://www.condenast.com/sites/all/modules/cn_brand_feeds/cn_brand_feeds_front.js
Reusing existing connection to www.condenast.com:80.
HTTP request sent, awaiting response... 200 OK
Length: 12434 (12K) [application/x-javascript]
Saving to: `code/../crawls/arstechnica.com/Privacy-Policy/raw/www.condenast.com/sites/all/modules/cn_brand_feeds/cn_brand_feeds_front.js'

     0K .......... ..                                         100% 16.6M=0.001s

2012-11-12 05:15:05 (16.6 MB/s) - `code/../crawls/arstechnica.com/Privacy-Policy/raw/www.condenast.com/sites/all/modules/cn_brand_feeds/cn_brand_feeds_front.js' saved [12434/12434]

--2012-11-12 05:15:05--  http://s7.addthis.com/js/250/addthis_widget.js
Resolving s7.addthis.com... 23.56.124.20
Connecting to s7.addthis.com|23.56.124.20|:80... connected.
HTTP request sent, awaiting response... 200 OK
Length: 6901 (6.7K) [application/javascript]
Saving to: `code/../crawls/arstechnica.com/Privacy-Policy/raw/s7.addthis.com/js/250/addthis_widget.js'

     0K ......                                                100% 2.73M=0.002s

2012-11-12 05:15:05 (2.73 MB/s) - `code/../crawls/arstechnica.com/Privacy-Policy/raw/s7.addthis.com/js/250/addthis_widget.js' saved [6901/6901]

--2012-11-12 05:15:05--  http://www.condenast.com/sites/all/themes/condenast/js/s_code.js
Connecting to www.condenast.com|23.59.193.133|:80... connected.
HTTP request sent, awaiting response... 200 OK
Length: unspecified [application/x-javascript]
Saving to: `code/../crawls/arstechnica.com/Privacy-Policy/raw/www.condenast.com/sites/all/themes/condenast/js/s_code.js'

     0K .......... .......... .......... .......               7.48K=5.1s

2012-11-12 05:15:10 (7.48 KB/s) - `code/../crawls/arstechnica.com/Privacy-Policy/raw/www.condenast.com/sites/all/themes/condenast/js/s_code.js' saved [38898]

--2012-11-12 05:15:10--  http://pixel.quantserve.com/pixel/p-d8ygdTQeOM_32.gif
Resolving pixel.quantserve.com... 64.94.107.14, 64.94.107.22, 64.94.107.29, ...
Connecting to pixel.quantserve.com|64.94.107.14|:80... connected.
HTTP request sent, awaiting response... 200 OK
Length: 35 [image/gif]
Saving to: `code/../crawls/arstechnica.com/Privacy-Policy/raw/pixel.quantserve.com/pixel/p-d8ygdTQeOM_32.gif'

     0K                                                       100% 5.70M=0s

2012-11-12 05:15:10 (5.70 MB/s) - `code/../crawls/arstechnica.com/Privacy-Policy/raw/pixel.quantserve.com/pixel/p-d8ygdTQeOM_32.gif' saved [35/35]

--2012-11-12 05:15:10--  http://www.condenast.com/sites/all/themes/condenast/fonts/typefaces/dagny/DagnyWeb.eot
Reusing existing connection to www.condenast.com:80.
HTTP request sent, awaiting response... 200 OK
Length: 57616 (56K) [text/plain]
Saving to: `code/../crawls/arstechnica.com/Privacy-Policy/raw/www.condenast.com/sites/all/themes/condenast/fonts/typefaces/dagny/DagnyWeb.eot'

     0K .......... .......... .......... .......... .......... 88%  326K 0s
    50K ......                                                100% 1.75M=0.2s

2012-11-12 05:15:11 (358 KB/s) - `code/../crawls/arstechnica.com/Privacy-Policy/raw/www.condenast.com/sites/all/themes/condenast/fonts/typefaces/dagny/DagnyWeb.eot' saved [57616/57616]

--2012-11-12 05:15:11--  http://www.condenast.com/sites/all/themes/condenast/fonts/typefaces/dagny/DagnyWeb.woff
Reusing existing connection to www.condenast.com:80.
HTTP request sent, awaiting response... 200 OK
Length: 32268 (32K) [application/x-font-woff]
Saving to: `code/../crawls/arstechnica.com/Privacy-Policy/raw/www.condenast.com/sites/all/themes/condenast/fonts/typefaces/dagny/DagnyWeb.woff'

     0K .......... .......... .......... .                    100% 8.35M=0.004s

2012-11-12 05:15:11 (8.35 MB/s) - `code/../crawls/arstechnica.com/Privacy-Policy/raw/www.condenast.com/sites/all/themes/condenast/fonts/typefaces/dagny/DagnyWeb.woff' saved [32268/32268]

--2012-11-12 05:15:11--  http://www.condenast.com/sites/all/themes/condenast/fonts/typefaces/dagny/DagnyWeb-Italic.eot
Reusing existing connection to www.condenast.com:80.
HTTP request sent, awaiting response... 200 OK
Length: 58140 (57K) [text/plain]
Saving to: `code/../crawls/arstechnica.com/Privacy-Policy/raw/www.condenast.com/sites/all/themes/condenast/fonts/typefaces/dagny/DagnyWeb-Italic.eot'

     0K .......... .......... .......... .......... .......... 88%  645K 0s
    50K ......                                                100% 2.58M=0.08s

2012-11-12 05:15:11 (709 KB/s) - `code/../crawls/arstechnica.com/Privacy-Policy/raw/www.condenast.com/sites/all/themes/condenast/fonts/typefaces/dagny/DagnyWeb-Italic.eot' saved [58140/58140]

--2012-11-12 05:15:11--  http://www.condenast.com/sites/all/themes/condenast/fonts/typefaces/dagny/DagnyWeb-Italic.woff
Reusing existing connection to www.condenast.com:80.
HTTP request sent, awaiting response... 200 OK
Length: 33428 (33K) [application/x-font-woff]
Saving to: `code/../crawls/arstechnica.com/Privacy-Policy/raw/www.condenast.com/sites/all/themes/condenast/fonts/typefaces/dagny/DagnyWeb-Italic.woff'

     0K .......... .......... .......... ..                   100% 8.43M=0.004s

2012-11-12 05:15:11 (8.43 MB/s) - `code/../crawls/arstechnica.com/Privacy-Policy/raw/www.condenast.com/sites/all/themes/condenast/fonts/typefaces/dagny/DagnyWeb-Italic.woff' saved [33428/33428]

--2012-11-12 05:15:11--  http://www.condenast.com/sites/all/themes/condenast/fonts/typefaces/dagny/DagnyWeb-Bold.eot
Reusing existing connection to www.condenast.com:80.
HTTP request sent, awaiting response... 200 OK
Length: 57192 (56K) [text/plain]
Saving to: `code/../crawls/arstechnica.com/Privacy-Policy/raw/www.condenast.com/sites/all/themes/condenast/fonts/typefaces/dagny/DagnyWeb-Bold.eot'

     0K .......... .......... .......... .......... .......... 89%  650K 0s
    50K .....                                                 100% 6.49M=0.08s

2012-11-12 05:15:11 (718 KB/s) - `code/../crawls/arstechnica.com/Privacy-Policy/raw/www.condenast.com/sites/all/themes/condenast/fonts/typefaces/dagny/DagnyWeb-Bold.eot' saved [57192/57192]

--2012-11-12 05:15:11--  http://www.condenast.com/sites/all/themes/condenast/fonts/typefaces/dagny/DagnyWeb-Bold.woff
Reusing existing connection to www.condenast.com:80.
HTTP request sent, awaiting response... 200 OK
Length: 32660 (32K) [application/x-font-woff]
Saving to: `code/../crawls/arstechnica.com/Privacy-Policy/raw/www.condenast.com/sites/all/themes/condenast/fonts/typefaces/dagny/DagnyWeb-Bold.woff'

     0K .......... .......... .......... .                    100% 4.13M=0.008s

2012-11-12 05:15:11 (4.13 MB/s) - `code/../crawls/arstechnica.com/Privacy-Policy/raw/www.condenast.com/sites/all/themes/condenast/fonts/typefaces/dagny/DagnyWeb-Bold.woff' saved [32660/32660]

--2012-11-12 05:15:11--  http://www.condenast.com/sites/all/themes/condenast/fonts/typefaces/dagny/DagnyWeb-BoldItalic.eot
Reusing existing connection to www.condenast.com:80.
HTTP request sent, awaiting response... 200 OK
Length: 57452 (56K) [text/plain]
Saving to: `code/../crawls/arstechnica.com/Privacy-Policy/raw/www.condenast.com/sites/all/themes/condenast/fonts/typefaces/dagny/DagnyWeb-BoldItalic.eot'

     0K .......... .......... .......... .......... .......... 89% 9.50M 0s
    50K ......                                                100%  109K=0.06s

2012-11-12 05:15:11 (921 KB/s) - `code/../crawls/arstechnica.com/Privacy-Policy/raw/www.condenast.com/sites/all/themes/condenast/fonts/typefaces/dagny/DagnyWeb-BoldItalic.eot' saved [57452/57452]

--2012-11-12 05:15:11--  http://www.condenast.com/sites/all/themes/condenast/fonts/typefaces/dagny/DagnyWeb-BoldItalic.woff
Reusing existing connection to www.condenast.com:80.
HTTP request sent, awaiting response... 200 OK
Length: 33252 (32K) [application/x-font-woff]
Saving to: `code/../crawls/arstechnica.com/Privacy-Policy/raw/www.condenast.com/sites/all/themes/condenast/fonts/typefaces/dagny/DagnyWeb-BoldItalic.woff'

     0K .......... .......... .......... ..                   100% 8.02M=0.004s

2012-11-12 05:15:11 (8.02 MB/s) - `code/../crawls/arstechnica.com/Privacy-Policy/raw/www.condenast.com/sites/all/themes/condenast/fonts/typefaces/dagny/DagnyWeb-BoldItalic.woff' saved [33252/33252]

--2012-11-12 05:15:11--  http://www.condenast.com/sites/all/themes/condenast/images/v_red.png
Reusing existing connection to www.condenast.com:80.
HTTP request sent, awaiting response... 200 OK
Length: 345 [image/png]
Saving to: `code/../crawls/arstechnica.com/Privacy-Policy/raw/www.condenast.com/sites/all/themes/condenast/images/v_red.png'

     0K                                                       100% 61.6M=0s

2012-11-12 05:15:11 (61.6 MB/s) - `code/../crawls/arstechnica.com/Privacy-Policy/raw/www.condenast.com/sites/all/themes/condenast/images/v_red.png' saved [345/345]

--2012-11-12 05:15:11--  http://www.condenast.com/sites/all/themes/condenast/images/social.png
Reusing existing connection to www.condenast.com:80.
HTTP request sent, awaiting response... 200 OK
Length: 3803 (3.7K) [image/png]
Saving to: `code/../crawls/arstechnica.com/Privacy-Policy/raw/www.condenast.com/sites/all/themes/condenast/images/social.png'

     0K ...                                                   100% 26.5M=0s

2012-11-12 05:15:11 (26.5 MB/s) - `code/../crawls/arstechnica.com/Privacy-Policy/raw/www.condenast.com/sites/all/themes/condenast/images/social.png' saved [3803/3803]

--2012-11-12 05:15:11--  http://www.condenast.com/sites/all/themes/condenast/images/social_after.png
Reusing existing connection to www.condenast.com:80.
HTTP request sent, awaiting response... 200 OK
Length: 1196 (1.2K) [image/png]
Saving to: `code/../crawls/arstechnica.com/Privacy-Policy/raw/www.condenast.com/sites/all/themes/condenast/images/social_after.png'

     0K .                                                     100%  169M=0s

2012-11-12 05:15:11 (169 MB/s) - `code/../crawls/arstechnica.com/Privacy-Policy/raw/www.condenast.com/sites/all/themes/condenast/images/social_after.png' saved [1196/1196]

--2012-11-12 05:15:11--  http://www.condenast.com/sites/all/themes/condenast/images/combo_v.png
Reusing existing connection to www.condenast.com:80.
HTTP request sent, awaiting response... 200 OK
Length: 148 [image/png]
Saving to: `code/../crawls/arstechnica.com/Privacy-Policy/raw/www.condenast.com/sites/all/themes/condenast/images/combo_v.png'

     0K                                                       100% 27.7M=0s

2012-11-12 05:15:11 (27.7 MB/s) - `code/../crawls/arstechnica.com/Privacy-Policy/raw/www.condenast.com/sites/all/themes/condenast/images/combo_v.png' saved [148/148]

--2012-11-12 05:15:11--  http://www.condenast.com/sites/all/themes/condenast/images/combo.png
Reusing existing connection to www.condenast.com:80.
HTTP request sent, awaiting response... 200 OK
Length: 154 [image/png]
Saving to: `code/../crawls/arstechnica.com/Privacy-Policy/raw/www.condenast.com/sites/all/themes/condenast/images/combo.png'

     0K                                                       100% 29.3M=0s

2012-11-12 05:15:11 (29.3 MB/s) - `code/../crawls/arstechnica.com/Privacy-Policy/raw/www.condenast.com/sites/all/themes/condenast/images/combo.png' saved [154/154]

--2012-11-12 05:15:11--  http://www.condenast.com/sites/all/themes/condenast/images/regular_button_extra.png
Reusing existing connection to www.condenast.com:80.
HTTP request sent, awaiting response... 200 OK
Length: 979 [image/png]
Saving to: `code/../crawls/arstechnica.com/Privacy-Policy/raw/www.condenast.com/sites/all/themes/condenast/images/regular_button_extra.png'

     0K                                                       100%  168M=0s

2012-11-12 05:15:11 (168 MB/s) - `code/../crawls/arstechnica.com/Privacy-Policy/raw/www.condenast.com/sites/all/themes/condenast/images/regular_button_extra.png' saved [979/979]

--2012-11-12 05:15:11--  http://www.condenast.com/sites/all/themes/condenast/images/regular_button_shadow.png
Reusing existing connection to www.condenast.com:80.
HTTP request sent, awaiting response... 200 OK
Length: 2242 (2.2K) [image/png]
Saving to: `code/../crawls/arstechnica.com/Privacy-Policy/raw/www.condenast.com/sites/all/themes/condenast/images/regular_button_shadow.png'

     0K ..                                                    100%  312M=0s

2012-11-12 05:15:11 (312 MB/s) - `code/../crawls/arstechnica.com/Privacy-Policy/raw/www.condenast.com/sites/all/themes/condenast/images/regular_button_shadow.png' saved [2242/2242]

--2012-11-12 05:15:11--  http://www.condenast.com/sites/all/themes/condenast/images/regular_button_red_shadow.png
Reusing existing connection to www.condenast.com:80.
HTTP request sent, awaiting response... 200 OK
Length: 2588 (2.5K) [image/png]
Saving to: `code/../crawls/arstechnica.com/Privacy-Policy/raw/www.condenast.com/sites/all/themes/condenast/images/regular_button_red_shadow.png'

     0K ..                                                    100%  309M=0s

2012-11-12 05:15:11 (309 MB/s) - `code/../crawls/arstechnica.com/Privacy-Policy/raw/www.condenast.com/sites/all/themes/condenast/images/regular_button_red_shadow.png' saved [2588/2588]

--2012-11-12 05:15:11--  http://www.condenast.com/sites/all/themes/condenast/images/regular_button_black_shadow.png
Reusing existing connection to www.condenast.com:80.
HTTP request sent, awaiting response... 200 OK
Length: 2309 (2.3K) [image/png]
Saving to: `code/../crawls/arstechnica.com/Privacy-Policy/raw/www.condenast.com/sites/all/themes/condenast/images/regular_button_black_shadow.png'

     0K ..                                                    100% 42.3M=0s

2012-11-12 05:15:11 (42.3 MB/s) - `code/../crawls/arstechnica.com/Privacy-Policy/raw/www.condenast.com/sites/all/themes/condenast/images/regular_button_black_shadow.png' saved [2309/2309]

--2012-11-12 05:15:11--  http://www.condenast.com/sites/all/themes/condenast/images/regular_button_dark_shadow.png
Reusing existing connection to www.condenast.com:80.
HTTP request sent, awaiting response... 200 OK
Length: 2011 (2.0K) [image/png]
Saving to: `code/../crawls/arstechnica.com/Privacy-Policy/raw/www.condenast.com/sites/all/themes/condenast/images/regular_button_dark_shadow.png'

     0K .                                                     100%  289M=0s

2012-11-12 05:15:11 (289 MB/s) - `code/../crawls/arstechnica.com/Privacy-Policy/raw/www.condenast.com/sites/all/themes/condenast/images/regular_button_dark_shadow.png' saved [2011/2011]

--2012-11-12 05:15:11--  http://www.condenast.com/sites/all/themes/condenast/images/regular_button.png
Reusing existing connection to www.condenast.com:80.
HTTP request sent, awaiting response... 200 OK
Length: 1006 [image/png]
Saving to: `code/../crawls/arstechnica.com/Privacy-Policy/raw/www.condenast.com/sites/all/themes/condenast/images/regular_button.png'

     0K                                                       100%  171M=0s

2012-11-12 05:15:11 (171 MB/s) - `code/../crawls/arstechnica.com/Privacy-Policy/raw/www.condenast.com/sites/all/themes/condenast/images/regular_button.png' saved [1006/1006]

--2012-11-12 05:15:11--  http://www.condenast.com/sites/all/themes/condenast/images/regular_button_black.png
Reusing existing connection to www.condenast.com:80.
HTTP request sent, awaiting response... 200 OK
Length: 1321 (1.3K) [image/png]
Saving to: `code/../crawls/arstechnica.com/Privacy-Policy/raw/www.condenast.com/sites/all/themes/condenast/images/regular_button_black.png'

     0K .                                                     100%  193M=0s

2012-11-12 05:15:11 (193 MB/s) - `code/../crawls/arstechnica.com/Privacy-Policy/raw/www.condenast.com/sites/all/themes/condenast/images/regular_button_black.png' saved [1321/1321]

--2012-11-12 05:15:11--  http://www.condenast.com/sites/all/themes/condenast/images/regular_button_dark.png
Reusing existing connection to www.condenast.com:80.
HTTP request sent, awaiting response... 200 OK
Length: 1061 (1.0K) [image/png]
Saving to: `code/../crawls/arstechnica.com/Privacy-Policy/raw/www.condenast.com/sites/all/themes/condenast/images/regular_button_dark.png'

     0K .                                                     100%  183M=0s

2012-11-12 05:15:11 (183 MB/s) - `code/../crawls/arstechnica.com/Privacy-Policy/raw/www.condenast.com/sites/all/themes/condenast/images/regular_button_dark.png' saved [1061/1061]

--2012-11-12 05:15:11--  http://www.condenast.com/sites/all/themes/condenast/images/regular_button_red.png
Reusing existing connection to www.condenast.com:80.
HTTP request sent, awaiting response... 200 OK
Length: 1314 (1.3K) [image/png]
Saving to: `code/../crawls/arstechnica.com/Privacy-Policy/raw/www.condenast.com/sites/all/themes/condenast/images/regular_button_red.png'

     0K .                                                     100%  185M=0s

2012-11-12 05:15:11 (185 MB/s) - `code/../crawls/arstechnica.com/Privacy-Policy/raw/www.condenast.com/sites/all/themes/condenast/images/regular_button_red.png' saved [1314/1314]

--2012-11-12 05:15:11--  http://www.condenast.com/sites/all/themes/condenast/images/search-white.png
Reusing existing connection to www.condenast.com:80.
HTTP request sent, awaiting response... 200 OK
Length: 3610 (3.5K) [image/png]
Saving to: `code/../crawls/arstechnica.com/Privacy-Policy/raw/www.condenast.com/sites/all/themes/condenast/images/search-white.png'

     0K ...                                                   100% 54.9M=0s

2012-11-12 05:15:11 (54.9 MB/s) - `code/../crawls/arstechnica.com/Privacy-Policy/raw/www.condenast.com/sites/all/themes/condenast/images/search-white.png' saved [3610/3610]

--2012-11-12 05:15:11--  http://www.condenast.com/sites/all/themes/condenast/images/indicator.png
Reusing existing connection to www.condenast.com:80.
HTTP request sent, awaiting response... 200 OK
Length: 434 [image/png]
Saving to: `code/../crawls/arstechnica.com/Privacy-Policy/raw/www.condenast.com/sites/all/themes/condenast/images/indicator.png'

     0K                                                       100% 77.4M=0s

2012-11-12 05:15:11 (77.4 MB/s) - `code/../crawls/arstechnica.com/Privacy-Policy/raw/www.condenast.com/sites/all/themes/condenast/images/indicator.png' saved [434/434]

--2012-11-12 05:15:11--  http://www.condenast.com/sites/all/themes/condenast/images/indicator_red.png
Reusing existing connection to www.condenast.com:80.
HTTP request sent, awaiting response... 200 OK
Length: 440 [image/png]
Saving to: `code/../crawls/arstechnica.com/Privacy-Policy/raw/www.condenast.com/sites/all/themes/condenast/images/indicator_red.png'

     0K                                                       100% 80.4M=0s

2012-11-12 05:15:11 (80.4 MB/s) - `code/../crawls/arstechnica.com/Privacy-Policy/raw/www.condenast.com/sites/all/themes/condenast/images/indicator_red.png' saved [440/440]

--2012-11-12 05:15:11--  http://www.condenast.com/sites/all/themes/condenast/images/indicator_yellow.png
Reusing existing connection to www.condenast.com:80.
HTTP request sent, awaiting response... 200 OK
Length: 469 [image/png]
Saving to: `code/../crawls/arstechnica.com/Privacy-Policy/raw/www.condenast.com/sites/all/themes/condenast/images/indicator_yellow.png'

     0K                                                       100% 83.0M=0s

2012-11-12 05:15:11 (83.0 MB/s) - `code/../crawls/arstechnica.com/Privacy-Policy/raw/www.condenast.com/sites/all/themes/condenast/images/indicator_yellow.png' saved [469/469]

--2012-11-12 05:15:11--  http://www.condenast.com/sites/all/themes/condenast/images/brand_badge.png
Reusing existing connection to www.condenast.com:80.
HTTP request sent, awaiting response... 200 OK
Length: 808 [image/png]
Saving to: `code/../crawls/arstechnica.com/Privacy-Policy/raw/www.condenast.com/sites/all/themes/condenast/images/brand_badge.png'

     0K                                                       100%  145M=0s

2012-11-12 05:15:11 (145 MB/s) - `code/../crawls/arstechnica.com/Privacy-Policy/raw/www.condenast.com/sites/all/themes/condenast/images/brand_badge.png' saved [808/808]

--2012-11-12 05:15:11--  http://www.condenast.com/sites/all/themes/condenast/images/filter_button.png
Reusing existing connection to www.condenast.com:80.
HTTP request sent, awaiting response... 200 OK
Length: 668 [image/png]
Saving to: `code/../crawls/arstechnica.com/Privacy-Policy/raw/www.condenast.com/sites/all/themes/condenast/images/filter_button.png'

     0K                                                       100%  118M=0s

2012-11-12 05:15:11 (118 MB/s) - `code/../crawls/arstechnica.com/Privacy-Policy/raw/www.condenast.com/sites/all/themes/condenast/images/filter_button.png' saved [668/668]

--2012-11-12 05:15:11--  http://www.condenast.com/sites/all/themes/condenast/images/filter_tweets.png
Reusing existing connection to www.condenast.com:80.
HTTP request sent, awaiting response... 200 OK
Length: 638 [image/png]
Saving to: `code/../crawls/arstechnica.com/Privacy-Policy/raw/www.condenast.com/sites/all/themes/condenast/images/filter_tweets.png'

     0K                                                       100%  111M=0s

2012-11-12 05:15:11 (111 MB/s) - `code/../crawls/arstechnica.com/Privacy-Policy/raw/www.condenast.com/sites/all/themes/condenast/images/filter_tweets.png' saved [638/638]

--2012-11-12 05:15:11--  http://www.condenast.com/sites/all/themes/condenast/images/filter_cols.png
Reusing existing connection to www.condenast.com:80.
HTTP request sent, awaiting response... 200 OK
Length: 283 [image/png]
Saving to: `code/../crawls/arstechnica.com/Privacy-Policy/raw/www.condenast.com/sites/all/themes/condenast/images/filter_cols.png'

     0K                                                       100% 50.8M=0s

2012-11-12 05:15:11 (50.8 MB/s) - `code/../crawls/arstechnica.com/Privacy-Policy/raw/www.condenast.com/sites/all/themes/condenast/images/filter_cols.png' saved [283/283]

--2012-11-12 05:15:11--  http://www.condenast.com/sites/all/themes/condenast/images/filter_grid.png
Reusing existing connection to www.condenast.com:80.
HTTP request sent, awaiting response... 200 OK
Length: 260 [image/png]
Saving to: `code/../crawls/arstechnica.com/Privacy-Policy/raw/www.condenast.com/sites/all/themes/condenast/images/filter_grid.png'

     0K                                                       100% 46.8M=0s

2012-11-12 05:15:11 (46.8 MB/s) - `code/../crawls/arstechnica.com/Privacy-Policy/raw/www.condenast.com/sites/all/themes/condenast/images/filter_grid.png' saved [260/260]

--2012-11-12 05:15:11--  http://www.condenast.com/sites/all/themes/condenast/images/filter_settings.png
Reusing existing connection to www.condenast.com:80.
HTTP request sent, awaiting response... 200 OK
Length: 582 [image/png]
Saving to: `code/../crawls/arstechnica.com/Privacy-Policy/raw/www.condenast.com/sites/all/themes/condenast/images/filter_settings.png'

     0K                                                       100%  101M=0s

2012-11-12 05:15:11 (101 MB/s) - `code/../crawls/arstechnica.com/Privacy-Policy/raw/www.condenast.com/sites/all/themes/condenast/images/filter_settings.png' saved [582/582]

--2012-11-12 05:15:11--  http://www.condenast.com/sites/all/themes/condenast/images/topnav_corner.png
Reusing existing connection to www.condenast.com:80.
HTTP request sent, awaiting response... 200 OK
Length: 3355 (3.3K) [image/png]
Saving to: `code/../crawls/arstechnica.com/Privacy-Policy/raw/www.condenast.com/sites/all/themes/condenast/images/topnav_corner.png'

     0K ...                                                   100% 40.1M=0s

2012-11-12 05:15:11 (40.1 MB/s) - `code/../crawls/arstechnica.com/Privacy-Policy/raw/www.condenast.com/sites/all/themes/condenast/images/topnav_corner.png' saved [3355/3355]

--2012-11-12 05:15:11--  http://www.condenast.com/sites/all/themes/condenast/images/topnav_overlay.png
Reusing existing connection to www.condenast.com:80.
HTTP request sent, awaiting response... 200 OK
Length: 51769 (51K) [image/png]
Saving to: `code/../crawls/arstechnica.com/Privacy-Policy/raw/www.condenast.com/sites/all/themes/condenast/images/topnav_overlay.png'

     0K .......... .......... .......... .......... .......... 98% 11.3M 0s
    50K                                                       100% 1060G=0.004s

2012-11-12 05:15:11 (11.4 MB/s) - `code/../crawls/arstechnica.com/Privacy-Policy/raw/www.condenast.com/sites/all/themes/condenast/images/topnav_overlay.png' saved [51769/51769]

--2012-11-12 05:15:11--  http://www.condenast.com/sites/all/themes/condenast/images/cn_logo.png
Reusing existing connection to www.condenast.com:80.
HTTP request sent, awaiting response... 200 OK
Length: 6887 (6.7K) [image/png]
Saving to: `code/../crawls/arstechnica.com/Privacy-Policy/raw/www.condenast.com/sites/all/themes/condenast/images/cn_logo.png'

     0K ......                                                100% 15.5M=0s

2012-11-12 05:15:11 (15.5 MB/s) - `code/../crawls/arstechnica.com/Privacy-Policy/raw/www.condenast.com/sites/all/themes/condenast/images/cn_logo.png' saved [6887/6887]

--2012-11-12 05:15:11--  http://www.condenast.com/sites/all/themes/condenast/images/ffm_logo_large.png
Reusing existing connection to www.condenast.com:80.
HTTP request sent, awaiting response... 200 OK
Length: 11011 (11K) [image/png]
Saving to: `code/../crawls/arstechnica.com/Privacy-Policy/raw/www.condenast.com/sites/all/themes/condenast/images/ffm_logo_large.png'

     0K ..........                                            100% 15.6M=0.001s

2012-11-12 05:15:11 (15.6 MB/s) - `code/../crawls/arstechnica.com/Privacy-Policy/raw/www.condenast.com/sites/all/themes/condenast/images/ffm_logo_large.png' saved [11011/11011]

--2012-11-12 05:15:11--  http://www.condenast.com/sites/all/themes/condenast/images/subnav-carat-expanded.png
Reusing existing connection to www.condenast.com:80.
HTTP request sent, awaiting response... 200 OK
Length: 956 [image/png]
Saving to: `code/../crawls/arstechnica.com/Privacy-Policy/raw/www.condenast.com/sites/all/themes/condenast/images/subnav-carat-expanded.png'

     0K                                                       100%  162M=0s

2012-11-12 05:15:11 (162 MB/s) - `code/../crawls/arstechnica.com/Privacy-Policy/raw/www.condenast.com/sites/all/themes/condenast/images/subnav-carat-expanded.png' saved [956/956]

--2012-11-12 05:15:11--  http://www.condenast.com/sites/all/themes/condenast/images/subnav-carat-collapsed.png
Reusing existing connection to www.condenast.com:80.
HTTP request sent, awaiting response... 200 OK
Length: 945 [image/png]
Saving to: `code/../crawls/arstechnica.com/Privacy-Policy/raw/www.condenast.com/sites/all/themes/condenast/images/subnav-carat-collapsed.png'

     0K                                                       100%  161M=0s

2012-11-12 05:15:11 (161 MB/s) - `code/../crawls/arstechnica.com/Privacy-Policy/raw/www.condenast.com/sites/all/themes/condenast/images/subnav-carat-collapsed.png' saved [945/945]

--2012-11-12 05:15:11--  http://www.condenast.com/sites/all/themes/condenast/images/subnav-icon-magazine.png
Reusing existing connection to www.condenast.com:80.
HTTP request sent, awaiting response... 200 OK
Length: 979 [image/png]
Saving to: `code/../crawls/arstechnica.com/Privacy-Policy/raw/www.condenast.com/sites/all/themes/condenast/images/subnav-icon-magazine.png'

     0K                                                       100%  165M=0s

2012-11-12 05:15:11 (165 MB/s) - `code/../crawls/arstechnica.com/Privacy-Policy/raw/www.condenast.com/sites/all/themes/condenast/images/subnav-icon-magazine.png' saved [979/979]

--2012-11-12 05:15:11--  http://www.condenast.com/sites/all/themes/condenast/images/subnav-icon-web.png
Reusing existing connection to www.condenast.com:80.
HTTP request sent, awaiting response... 200 OK
Length: 990 [image/png]
Saving to: `code/../crawls/arstechnica.com/Privacy-Policy/raw/www.condenast.com/sites/all/themes/condenast/images/subnav-icon-web.png'

     0K                                                       100%  170M=0s

2012-11-12 05:15:11 (170 MB/s) - `code/../crawls/arstechnica.com/Privacy-Policy/raw/www.condenast.com/sites/all/themes/condenast/images/subnav-icon-web.png' saved [990/990]

--2012-11-12 05:15:11--  http://www.condenast.com/sites/all/themes/condenast/images/subnav-icon-tablet.png
Reusing existing connection to www.condenast.com:80.
HTTP request sent, awaiting response... 200 OK
Length: 975 [image/png]
Saving to: `code/../crawls/arstechnica.com/Privacy-Policy/raw/www.condenast.com/sites/all/themes/condenast/images/subnav-icon-tablet.png'

     0K                                                       100%  161M=0s

2012-11-12 05:15:11 (161 MB/s) - `code/../crawls/arstechnica.com/Privacy-Policy/raw/www.condenast.com/sites/all/themes/condenast/images/subnav-icon-tablet.png' saved [975/975]

--2012-11-12 05:15:11--  http://www.condenast.com/sites/all/themes/condenast/images/subnav-icon-mobile.png
Reusing existing connection to www.condenast.com:80.
HTTP request sent, awaiting response... 200 OK
Length: 976 [image/png]
Saving to: `code/../crawls/arstechnica.com/Privacy-Policy/raw/www.condenast.com/sites/all/themes/condenast/images/subnav-icon-mobile.png'

     0K                                                       100%  166M=0s

2012-11-12 05:15:11 (166 MB/s) - `code/../crawls/arstechnica.com/Privacy-Policy/raw/www.condenast.com/sites/all/themes/condenast/images/subnav-icon-mobile.png' saved [976/976]

--2012-11-12 05:15:11--  http://www.condenast.com/sites/all/themes/condenast/images/heritage-corner.png
Reusing existing connection to www.condenast.com:80.
HTTP request sent, awaiting response... 200 OK
Length: 425 [image/png]
Saving to: `code/../crawls/arstechnica.com/Privacy-Policy/raw/www.condenast.com/sites/all/themes/condenast/images/heritage-corner.png'

     0K                                                       100% 69.5M=0s

2012-11-12 05:15:12 (69.5 MB/s) - `code/../crawls/arstechnica.com/Privacy-Policy/raw/www.condenast.com/sites/all/themes/condenast/images/heritage-corner.png' saved [425/425]

--2012-11-12 05:15:12--  http://www.condenast.com/sites/all/themes/condenast/images/red_x.png
Reusing existing connection to www.condenast.com:80.
HTTP request sent, awaiting response... 200 OK
Length: 531 [image/png]
Saving to: `code/../crawls/arstechnica.com/Privacy-Policy/raw/www.condenast.com/sites/all/themes/condenast/images/red_x.png'

     0K                                                       100% 91.8M=0s

2012-11-12 05:15:12 (91.8 MB/s) - `code/../crawls/arstechnica.com/Privacy-Policy/raw/www.condenast.com/sites/all/themes/condenast/images/red_x.png' saved [531/531]

--2012-11-12 05:15:12--  http://www.condenast.com/sites/all/themes/condenast/images/overlay_buttons_white.png
Reusing existing connection to www.condenast.com:80.
HTTP request sent, awaiting response... 200 OK
Length: 1334 (1.3K) [image/png]
Saving to: `code/../crawls/arstechnica.com/Privacy-Policy/raw/www.condenast.com/sites/all/themes/condenast/images/overlay_buttons_white.png'

     0K .                                                     100%  195M=0s

2012-11-12 05:15:12 (195 MB/s) - `code/../crawls/arstechnica.com/Privacy-Policy/raw/www.condenast.com/sites/all/themes/condenast/images/overlay_buttons_white.png' saved [1334/1334]

--2012-11-12 05:15:12--  http://www.condenast.com/sites/all/themes/condenast/images/overlay_screen3.png
Reusing existing connection to www.condenast.com:80.
HTTP request sent, awaiting response... 200 OK
Length: 35848 (35K) [image/png]
Saving to: `code/../crawls/arstechnica.com/Privacy-Policy/raw/www.condenast.com/sites/all/themes/condenast/images/overlay_screen3.png'

     0K .......... .......... .......... .....                100% 11.9M=0.003s

2012-11-12 05:15:12 (11.9 MB/s) - `code/../crawls/arstechnica.com/Privacy-Policy/raw/www.condenast.com/sites/all/themes/condenast/images/overlay_screen3.png' saved [35848/35848]

--2012-11-12 05:15:12--  http://www.condenast.com/sites/all/themes/condenast/images/overlay_glare.png
Reusing existing connection to www.condenast.com:80.
HTTP request sent, awaiting response... 200 OK
Length: 1946 (1.9K) [image/png]
Saving to: `code/../crawls/arstechnica.com/Privacy-Policy/raw/www.condenast.com/sites/all/themes/condenast/images/overlay_glare.png'

     0K .                                                     100%  281M=0s

2012-11-12 05:15:12 (281 MB/s) - `code/../crawls/arstechnica.com/Privacy-Policy/raw/www.condenast.com/sites/all/themes/condenast/images/overlay_glare.png' saved [1946/1946]

--2012-11-12 05:15:12--  http://www.condenast.com/sites/all/themes/condenast/images/overlay_cursors.png
Reusing existing connection to www.condenast.com:80.
HTTP request sent, awaiting response... 200 OK
Length: 648 [image/png]
Saving to: `code/../crawls/arstechnica.com/Privacy-Policy/raw/www.condenast.com/sites/all/themes/condenast/images/overlay_cursors.png'

     0K                                                       100%  116M=0s

2012-11-12 05:15:12 (116 MB/s) - `code/../crawls/arstechnica.com/Privacy-Policy/raw/www.condenast.com/sites/all/themes/condenast/images/overlay_cursors.png' saved [648/648]

--2012-11-12 05:15:12--  http://www.condenast.com/sites/all/themes/condenast/images/overlay_toggle.png
Reusing existing connection to www.condenast.com:80.
HTTP request sent, awaiting response... 200 OK
Length: 506 [image/png]
Saving to: `code/../crawls/arstechnica.com/Privacy-Policy/raw/www.condenast.com/sites/all/themes/condenast/images/overlay_toggle.png'

     0K                                                       100% 92.1M=0s

2012-11-12 05:15:12 (92.1 MB/s) - `code/../crawls/arstechnica.com/Privacy-Policy/raw/www.condenast.com/sites/all/themes/condenast/images/overlay_toggle.png' saved [506/506]

--2012-11-12 05:15:12--  http://www.condenast.com/sites/all/themes/condenast/images/generic-search.png
Reusing existing connection to www.condenast.com:80.
HTTP request sent, awaiting response... 200 OK
Length: 4520 (4.4K) [image/png]
Saving to: `code/../crawls/arstechnica.com/Privacy-Policy/raw/www.condenast.com/sites/all/themes/condenast/images/generic-search.png'

     0K ....                                                  100% 23.8M=0s

2012-11-12 05:15:12 (23.8 MB/s) - `code/../crawls/arstechnica.com/Privacy-Policy/raw/www.condenast.com/sites/all/themes/condenast/images/generic-search.png' saved [4520/4520]

--2012-11-12 05:15:12--  http://www.condenast.com/sites/all/themes/condenast/images/brand-news_top_shadow.png
Reusing existing connection to www.condenast.com:80.
HTTP request sent, awaiting response... 200 OK
Length: 173 [image/png]
Saving to: `code/../crawls/arstechnica.com/Privacy-Policy/raw/www.condenast.com/sites/all/themes/condenast/images/brand-news_top_shadow.png'

     0K                                                       100% 29.8M=0s

2012-11-12 05:15:12 (29.8 MB/s) - `code/../crawls/arstechnica.com/Privacy-Policy/raw/www.condenast.com/sites/all/themes/condenast/images/brand-news_top_shadow.png' saved [173/173]

--2012-11-12 05:15:12--  http://www.condenast.com/sites/all/themes/condenast/images/brands-search.png
Reusing existing connection to www.condenast.com:80.
HTTP request sent, awaiting response... 200 OK
Length: 4583 (4.5K) [image/png]
Saving to: `code/../crawls/arstechnica.com/Privacy-Policy/raw/www.condenast.com/sites/all/themes/condenast/images/brands-search.png'

     0K ....                                                  100% 21.9M=0s

2012-11-12 05:15:12 (21.9 MB/s) - `code/../crawls/arstechnica.com/Privacy-Policy/raw/www.condenast.com/sites/all/themes/condenast/images/brands-search.png' saved [4583/4583]

--2012-11-12 05:15:12--  http://www.condenast.com/sites/all/themes/condenast/images/brands_grid_overlay.png
Reusing existing connection to www.condenast.com:80.
HTTP request sent, awaiting response... 200 OK
Length: 130 [image/png]
Saving to: `code/../crawls/arstechnica.com/Privacy-Policy/raw/www.condenast.com/sites/all/themes/condenast/images/brands_grid_overlay.png'

     0K                                                       100% 24.9M=0s

2012-11-12 05:15:12 (24.9 MB/s) - `code/../crawls/arstechnica.com/Privacy-Policy/raw/www.condenast.com/sites/all/themes/condenast/images/brands_grid_overlay.png' saved [130/130]

--2012-11-12 05:15:12--  http://www.condenast.com/sites/all/themes/condenast/images/footer_logo.png
Reusing existing connection to www.condenast.com:80.
HTTP request sent, awaiting response... 200 OK
Length: 3493 (3.4K) [image/png]
Saving to: `code/../crawls/arstechnica.com/Privacy-Policy/raw/www.condenast.com/sites/all/themes/condenast/images/footer_logo.png'

     0K ...                                                   100% 47.3M=0s

2012-11-12 05:15:12 (47.3 MB/s) - `code/../crawls/arstechnica.com/Privacy-Policy/raw/www.condenast.com/sites/all/themes/condenast/images/footer_logo.png' saved [3493/3493]

--2012-11-12 05:15:12--  http://www.condenast.com/sites/all/themes/condenast/images/footer_ad_choice.png
Reusing existing connection to www.condenast.com:80.
HTTP request sent, awaiting response... 200 OK
Length: 307 [image/png]
Saving to: `code/../crawls/arstechnica.com/Privacy-Policy/raw/www.condenast.com/sites/all/themes/condenast/images/footer_ad_choice.png'

     0K                                                       100% 56.4M=0s

2012-11-12 05:15:12 (56.4 MB/s) - `code/../crawls/arstechnica.com/Privacy-Policy/raw/www.condenast.com/sites/all/themes/condenast/images/footer_ad_choice.png' saved [307/307]

--2012-11-12 05:15:12--  http://www.condenast.com/sites/all/themes/condenast/images/dropshadow_bottom.png
Reusing existing connection to www.condenast.com:80.
HTTP request sent, awaiting response... 200 OK
Length: 130 [image/png]
Saving to: `code/../crawls/arstechnica.com/Privacy-Policy/raw/www.condenast.com/sites/all/themes/condenast/images/dropshadow_bottom.png'

     0K                                                       100% 24.7M=0s

2012-11-12 05:15:12 (24.7 MB/s) - `code/../crawls/arstechnica.com/Privacy-Policy/raw/www.condenast.com/sites/all/themes/condenast/images/dropshadow_bottom.png' saved [130/130]

--2012-11-12 05:15:12--  http://www.condenast.com/sites/all/themes/condenast/images/statsbg.png
Reusing existing connection to www.condenast.com:80.
HTTP request sent, awaiting response... 200 OK
Length: 219 [image/png]
Saving to: `code/../crawls/arstechnica.com/Privacy-Policy/raw/www.condenast.com/sites/all/themes/condenast/images/statsbg.png'

     0K                                                       100% 41.9M=0s

2012-11-12 05:15:12 (41.9 MB/s) - `code/../crawls/arstechnica.com/Privacy-Policy/raw/www.condenast.com/sites/all/themes/condenast/images/statsbg.png' saved [219/219]

--2012-11-12 05:15:12--  http://www.condenast.com/sites/all/themes/condenast/images/sources.png
Reusing existing connection to www.condenast.com:80.
HTTP request sent, awaiting response... 200 OK
Length: 1261 (1.2K) [image/png]
Saving to: `code/../crawls/arstechnica.com/Privacy-Policy/raw/www.condenast.com/sites/all/themes/condenast/images/sources.png'

     0K .                                                     100% 39.0M=0s

2012-11-12 05:15:12 (39.0 MB/s) - `code/../crawls/arstechnica.com/Privacy-Policy/raw/www.condenast.com/sites/all/themes/condenast/images/sources.png' saved [1261/1261]

--2012-11-12 05:15:12--  http://www.condenast.com/sites/all/themes/condenast/images/lastupdate.png
Reusing existing connection to www.condenast.com:80.
HTTP request sent, awaiting response... 200 OK
Length: 1266 (1.2K) [image/png]
Saving to: `code/../crawls/arstechnica.com/Privacy-Policy/raw/www.condenast.com/sites/all/themes/condenast/images/lastupdate.png'

     0K .                                                     100%  179M=0s

2012-11-12 05:15:12 (179 MB/s) - `code/../crawls/arstechnica.com/Privacy-Policy/raw/www.condenast.com/sites/all/themes/condenast/images/lastupdate.png' saved [1266/1266]

--2012-11-12 05:15:12--  http://www.condenast.com/sites/all/themes/condenast/images/ul-circle-red.png
Reusing existing connection to www.condenast.com:80.
HTTP request sent, awaiting response... 200 OK
Length: 950 [image/png]
Saving to: `code/../crawls/arstechnica.com/Privacy-Policy/raw/www.condenast.com/sites/all/themes/condenast/images/ul-circle-red.png'

     0K                                                       100%  163M=0s

2012-11-12 05:15:12 (163 MB/s) - `code/../crawls/arstechnica.com/Privacy-Policy/raw/www.condenast.com/sites/all/themes/condenast/images/ul-circle-red.png' saved [950/950]

--2012-11-12 05:15:12--  http://www.condenast.com/sites/all/themes/condenast/images/paper_shade.png
Reusing existing connection to www.condenast.com:80.
HTTP request sent, awaiting response... 200 OK
Length: 643 [image/png]
Saving to: `code/../crawls/arstechnica.com/Privacy-Policy/raw/www.condenast.com/sites/all/themes/condenast/images/paper_shade.png'

     0K                                                       100%  111M=0s

2012-11-12 05:15:12 (111 MB/s) - `code/../crawls/arstechnica.com/Privacy-Policy/raw/www.condenast.com/sites/all/themes/condenast/images/paper_shade.png' saved [643/643]

--2012-11-12 05:15:12--  http://www.condenast.com/sites/all/themes/condenast/images/features_sprite.png
Reusing existing connection to www.condenast.com:80.
HTTP request sent, awaiting response... 200 OK
Length: 3736 (3.6K) [image/png]
Saving to: `code/../crawls/arstechnica.com/Privacy-Policy/raw/www.condenast.com/sites/all/themes/condenast/images/features_sprite.png'

     0K ...                                                   100% 50.6M=0s

2012-11-12 05:15:12 (50.6 MB/s) - `code/../crawls/arstechnica.com/Privacy-Policy/raw/www.condenast.com/sites/all/themes/condenast/images/features_sprite.png' saved [3736/3736]

--2012-11-12 05:15:12--  http://www.condenast.com/sites/all/themes/condenast/images/collage-magazine-shadow.png
Reusing existing connection to www.condenast.com:80.
HTTP request sent, awaiting response... 200 OK
Length: 2740 (2.7K) [image/png]
Saving to: `code/../crawls/arstechnica.com/Privacy-Policy/raw/www.condenast.com/sites/all/themes/condenast/images/collage-magazine-shadow.png'

     0K ..                                                    100% 51.3M=0s

2012-11-12 05:15:12 (51.3 MB/s) - `code/../crawls/arstechnica.com/Privacy-Policy/raw/www.condenast.com/sites/all/themes/condenast/images/collage-magazine-shadow.png' saved [2740/2740]

--2012-11-12 05:15:12--  http://www.condenast.com/sites/all/themes/condenast/images/collage-tablet.png
Reusing existing connection to www.condenast.com:80.
HTTP request sent, awaiting response... 200 OK
Length: 4336 (4.2K) [image/png]
Saving to: `code/../crawls/arstechnica.com/Privacy-Policy/raw/www.condenast.com/sites/all/themes/condenast/images/collage-tablet.png'

     0K ....                                                  100% 18.9M=0s

2012-11-12 05:15:12 (18.9 MB/s) - `code/../crawls/arstechnica.com/Privacy-Policy/raw/www.condenast.com/sites/all/themes/condenast/images/collage-tablet.png' saved [4336/4336]

--2012-11-12 05:15:12--  http://www.condenast.com/sites/all/themes/condenast/images/collage-tablet-shine.png
Reusing existing connection to www.condenast.com:80.
HTTP request sent, awaiting response... 200 OK
Length: 1775 (1.7K) [image/png]
Saving to: `code/../crawls/arstechnica.com/Privacy-Policy/raw/www.condenast.com/sites/all/themes/condenast/images/collage-tablet-shine.png'

     0K .                                                     100%  224M=0s

2012-11-12 05:15:12 (224 MB/s) - `code/../crawls/arstechnica.com/Privacy-Policy/raw/www.condenast.com/sites/all/themes/condenast/images/collage-tablet-shine.png' saved [1775/1775]

--2012-11-12 05:15:12--  http://www.condenast.com/sites/all/themes/condenast/images/collage-tablet-shadow.png
Reusing existing connection to www.condenast.com:80.
HTTP request sent, awaiting response... 200 OK
Length: 1305 (1.3K) [image/png]
Saving to: `code/../crawls/arstechnica.com/Privacy-Policy/raw/www.condenast.com/sites/all/themes/condenast/images/collage-tablet-shadow.png'

     0K .                                                     100%  195M=0s

2012-11-12 05:15:12 (195 MB/s) - `code/../crawls/arstechnica.com/Privacy-Policy/raw/www.condenast.com/sites/all/themes/condenast/images/collage-tablet-shadow.png' saved [1305/1305]

--2012-11-12 05:15:12--  http://www.condenast.com/sites/all/themes/condenast/images/collage-screen.png
Reusing existing connection to www.condenast.com:80.
HTTP request sent, awaiting response... 200 OK
Length: 4967 (4.9K) [image/png]
Saving to: `code/../crawls/arstechnica.com/Privacy-Policy/raw/www.condenast.com/sites/all/themes/condenast/images/collage-screen.png'

     0K ....                                                  100% 25.0M=0s

2012-11-12 05:15:12 (25.0 MB/s) - `code/../crawls/arstechnica.com/Privacy-Policy/raw/www.condenast.com/sites/all/themes/condenast/images/collage-screen.png' saved [4967/4967]

--2012-11-12 05:15:12--  http://www.condenast.com/sites/all/themes/condenast/images/collage-screen-shine.png
Reusing existing connection to www.condenast.com:80.
HTTP request sent, awaiting response... 200 OK
Length: 1775 (1.7K) [image/png]
Saving to: `code/../crawls/arstechnica.com/Privacy-Policy/raw/www.condenast.com/sites/all/themes/condenast/images/collage-screen-shine.png'

     0K .                                                     100%  237M=0s

2012-11-12 05:15:12 (237 MB/s) - `code/../crawls/arstechnica.com/Privacy-Policy/raw/www.condenast.com/sites/all/themes/condenast/images/collage-screen-shine.png' saved [1775/1775]

--2012-11-12 05:15:12--  http://www.condenast.com/sites/all/themes/condenast/images/collage-screen-shadow.png
Reusing existing connection to www.condenast.com:80.
HTTP request sent, awaiting response... 200 OK
Length: 1279 (1.2K) [image/png]
Saving to: `code/../crawls/arstechnica.com/Privacy-Policy/raw/www.condenast.com/sites/all/themes/condenast/images/collage-screen-shadow.png'

     0K .                                                     100%  133M=0s

2012-11-12 05:15:12 (133 MB/s) - `code/../crawls/arstechnica.com/Privacy-Policy/raw/www.condenast.com/sites/all/themes/condenast/images/collage-screen-shadow.png' saved [1279/1279]

--2012-11-12 05:15:12--  http://www.condenast.com/sites/all/themes/condenast/images/collage-smalltablet.png
Reusing existing connection to www.condenast.com:80.
HTTP request sent, awaiting response... 200 OK
Length: 2975 (2.9K) [image/png]
Saving to: `code/../crawls/arstechnica.com/Privacy-Policy/raw/www.condenast.com/sites/all/themes/condenast/images/collage-smalltablet.png'

     0K ..                                                    100% 42.1M=0s

2012-11-12 05:15:12 (42.1 MB/s) - `code/../crawls/arstechnica.com/Privacy-Policy/raw/www.condenast.com/sites/all/themes/condenast/images/collage-smalltablet.png' saved [2975/2975]

--2012-11-12 05:15:12--  http://www.condenast.com/sites/all/themes/condenast/images/collage-smalltablet-shine.png
Reusing existing connection to www.condenast.com:80.
HTTP request sent, awaiting response... 200 OK
Length: 1587 (1.5K) [image/png]
Saving to: `code/../crawls/arstechnica.com/Privacy-Policy/raw/www.condenast.com/sites/all/themes/condenast/images/collage-smalltablet-shine.png'

     0K .                                                     100%  226M=0s

2012-11-12 05:15:12 (226 MB/s) - `code/../crawls/arstechnica.com/Privacy-Policy/raw/www.condenast.com/sites/all/themes/condenast/images/collage-smalltablet-shine.png' saved [1587/1587]

--2012-11-12 05:15:12--  http://www.condenast.com/sites/all/themes/condenast/images/brands_brand-www.png
Reusing existing connection to www.condenast.com:80.
HTTP request sent, awaiting response... 200 OK
Length: 1506 (1.5K) [image/png]
Saving to: `code/../crawls/arstechnica.com/Privacy-Policy/raw/www.condenast.com/sites/all/themes/condenast/images/brands_brand-www.png'

     0K .                                                     100%  213M=0s

2012-11-12 05:15:12 (213 MB/s) - `code/../crawls/arstechnica.com/Privacy-Policy/raw/www.condenast.com/sites/all/themes/condenast/images/brands_brand-www.png' saved [1506/1506]

--2012-11-12 05:15:12--  http://www.condenast.com/sites/all/themes/condenast/images/brands_brand-twitter.png
Reusing existing connection to www.condenast.com:80.
HTTP request sent, awaiting response... 200 OK
Length: 1713 (1.7K) [image/png]
Saving to: `code/../crawls/arstechnica.com/Privacy-Policy/raw/www.condenast.com/sites/all/themes/condenast/images/brands_brand-twitter.png'

     0K .                                                     100%  248M=0s

2012-11-12 05:15:12 (248 MB/s) - `code/../crawls/arstechnica.com/Privacy-Policy/raw/www.condenast.com/sites/all/themes/condenast/images/brands_brand-twitter.png' saved [1713/1713]

--2012-11-12 05:15:12--  http://www.condenast.com/sites/all/themes/condenast/images/brands_brand-facebook.png
Reusing existing connection to www.condenast.com:80.
HTTP request sent, awaiting response... 200 OK
Length: 1460 (1.4K) [image/png]
Saving to: `code/../crawls/arstechnica.com/Privacy-Policy/raw/www.condenast.com/sites/all/themes/condenast/images/brands_brand-facebook.png'

     0K .                                                     100%  206M=0s

2012-11-12 05:15:12 (206 MB/s) - `code/../crawls/arstechnica.com/Privacy-Policy/raw/www.condenast.com/sites/all/themes/condenast/images/brands_brand-facebook.png' saved [1460/1460]

--2012-11-12 05:15:12--  http://www.condenast.com/sites/all/themes/condenast/images/brands_brand-tumblr.png
Reusing existing connection to www.condenast.com:80.
HTTP request sent, awaiting response... 200 OK
Length: 1513 (1.5K) [image/png]
Saving to: `code/../crawls/arstechnica.com/Privacy-Policy/raw/www.condenast.com/sites/all/themes/condenast/images/brands_brand-tumblr.png'

     0K .                                                     100%  217M=0s

2012-11-12 05:15:12 (217 MB/s) - `code/../crawls/arstechnica.com/Privacy-Policy/raw/www.condenast.com/sites/all/themes/condenast/images/brands_brand-tumblr.png' saved [1513/1513]

--2012-11-12 05:15:12--  http://www.condenast.com/sites/all/themes/condenast/images/accordion-close.png
Reusing existing connection to www.condenast.com:80.
HTTP request sent, awaiting response... 200 OK
Length: 1552 (1.5K) [image/png]
Saving to: `code/../crawls/arstechnica.com/Privacy-Policy/raw/www.condenast.com/sites/all/themes/condenast/images/accordion-close.png'

     0K .                                                     100%  224M=0s

2012-11-12 05:15:12 (224 MB/s) - `code/../crawls/arstechnica.com/Privacy-Policy/raw/www.condenast.com/sites/all/themes/condenast/images/accordion-close.png' saved [1552/1552]

--2012-11-12 05:15:12--  http://www.condenast.com/sites/all/themes/condenast/images/accordion-close-selected.png
Reusing existing connection to www.condenast.com:80.
HTTP request sent, awaiting response... 200 OK
Length: 1601 (1.6K) [image/png]
Saving to: `code/../crawls/arstechnica.com/Privacy-Policy/raw/www.condenast.com/sites/all/themes/condenast/images/accordion-close-selected.png'

     0K .                                                     100%  232M=0s

2012-11-12 05:15:12 (232 MB/s) - `code/../crawls/arstechnica.com/Privacy-Policy/raw/www.condenast.com/sites/all/themes/condenast/images/accordion-close-selected.png' saved [1601/1601]

--2012-11-12 05:15:12--  http://www.condenast.com/sites/all/themes/condenast/images/touts-horizontal-radial-gradient-small.png
Reusing existing connection to www.condenast.com:80.
HTTP request sent, awaiting response... 200 OK
Length: 1393 (1.4K) [image/png]
Saving to: `code/../crawls/arstechnica.com/Privacy-Policy/raw/www.condenast.com/sites/all/themes/condenast/images/touts-horizontal-radial-gradient-small.png'

     0K .                                                     100%  204M=0s

2012-11-12 05:15:12 (204 MB/s) - `code/../crawls/arstechnica.com/Privacy-Policy/raw/www.condenast.com/sites/all/themes/condenast/images/touts-horizontal-radial-gradient-small.png' saved [1393/1393]

--2012-11-12 05:15:12--  http://www.condenast.com/sites/all/themes/condenast/images/ul-dark-circle.gif
Reusing existing connection to www.condenast.com:80.
HTTP request sent, awaiting response... 200 OK
Length: 1122 (1.1K) [image/gif]
Saving to: `code/../crawls/arstechnica.com/Privacy-Policy/raw/www.condenast.com/sites/all/themes/condenast/images/ul-dark-circle.gif'

     0K .                                                     100%  193M=0s

2012-11-12 05:15:12 (193 MB/s) - `code/../crawls/arstechnica.com/Privacy-Policy/raw/www.condenast.com/sites/all/themes/condenast/images/ul-dark-circle.gif' saved [1122/1122]

--2012-11-12 05:15:12--  http://www.condenast.com/sites/all/themes/condenast/images/executive-team-close.png
Reusing existing connection to www.condenast.com:80.
HTTP request sent, awaiting response... 200 OK
Length: 2141 (2.1K) [image/png]
Saving to: `code/../crawls/arstechnica.com/Privacy-Policy/raw/www.condenast.com/sites/all/themes/condenast/images/executive-team-close.png'

     0K ..                                                    100%  300M=0s

2012-11-12 05:15:12 (300 MB/s) - `code/../crawls/arstechnica.com/Privacy-Policy/raw/www.condenast.com/sites/all/themes/condenast/images/executive-team-close.png' saved [2141/2141]

--2012-11-12 05:15:12--  http://www.condenast.com/sites/all/themes/condenast/images/executive-team-close-selected.png
Reusing existing connection to www.condenast.com:80.
HTTP request sent, awaiting response... 200 OK
Length: 2112 (2.1K) [image/png]
Saving to: `code/../crawls/arstechnica.com/Privacy-Policy/raw/www.condenast.com/sites/all/themes/condenast/images/executive-team-close-selected.png'

     0K ..                                                    100%  292M=0s

2012-11-12 05:15:12 (292 MB/s) - `code/../crawls/arstechnica.com/Privacy-Policy/raw/www.condenast.com/sites/all/themes/condenast/images/executive-team-close-selected.png' saved [2112/2112]

--2012-11-12 05:15:12--  http://www.condenast.com/sites/all/themes/condenast/images/paper_shade_large.png
Reusing existing connection to www.condenast.com:80.
HTTP request sent, awaiting response... 200 OK
Length: 925 [image/png]
Saving to: `code/../crawls/arstechnica.com/Privacy-Policy/raw/www.condenast.com/sites/all/themes/condenast/images/paper_shade_large.png'

     0K                                                       100%  156M=0s

2012-11-12 05:15:12 (156 MB/s) - `code/../crawls/arstechnica.com/Privacy-Policy/raw/www.condenast.com/sites/all/themes/condenast/images/paper_shade_large.png' saved [925/925]

--2012-11-12 05:15:12--  http://www.condenast.com/sites/all/themes/condenast/images/apps_dot_none.png
Reusing existing connection to www.condenast.com:80.
HTTP request sent, awaiting response... 200 OK
Length: 157 [image/png]
Saving to: `code/../crawls/arstechnica.com/Privacy-Policy/raw/www.condenast.com/sites/all/themes/condenast/images/apps_dot_none.png'

     0K                                                       100% 25.8M=0s

2012-11-12 05:15:12 (25.8 MB/s) - `code/../crawls/arstechnica.com/Privacy-Policy/raw/www.condenast.com/sites/all/themes/condenast/images/apps_dot_none.png' saved [157/157]

--2012-11-12 05:15:12--  http://www.condenast.com/sites/all/themes/condenast/images/apps_dot.png
Reusing existing connection to www.condenast.com:80.
HTTP request sent, awaiting response... 200 OK
Length: 159 [image/png]
Saving to: `code/../crawls/arstechnica.com/Privacy-Policy/raw/www.condenast.com/sites/all/themes/condenast/images/apps_dot.png'

     0K                                                       100% 28.6M=0s

2012-11-12 05:15:12 (28.6 MB/s) - `code/../crawls/arstechnica.com/Privacy-Policy/raw/www.condenast.com/sites/all/themes/condenast/images/apps_dot.png' saved [159/159]

--2012-11-12 05:15:12--  http://www.condenast.com/sites/all/themes/condenast/images/heritage_bg.jpg
Reusing existing connection to www.condenast.com:80.
HTTP request sent, awaiting response... 200 OK
Length: 87462 (85K) [image/jpeg]
Saving to: `code/../crawls/arstechnica.com/Privacy-Policy/raw/www.condenast.com/sites/all/themes/condenast/images/heritage_bg.jpg'

     0K .......... .......... .......... .......... .......... 58% 11.0M 0s
    50K .......... .......... .......... .....                100% 11.3M=0.007s

2012-11-12 05:15:12 (11.1 MB/s) - `code/../crawls/arstechnica.com/Privacy-Policy/raw/www.condenast.com/sites/all/themes/condenast/images/heritage_bg.jpg' saved [87462/87462]

--2012-11-12 05:15:12--  http://www.condenast.com/sites/all/themes/condenast/images/heritage-shadow.png
Reusing existing connection to www.condenast.com:80.
HTTP request sent, awaiting response... 200 OK
Length: 952 [image/png]
Saving to: `code/../crawls/arstechnica.com/Privacy-Policy/raw/www.condenast.com/sites/all/themes/condenast/images/heritage-shadow.png'

     0K                                                       100%  166M=0s

2012-11-12 05:15:12 (166 MB/s) - `code/../crawls/arstechnica.com/Privacy-Policy/raw/www.condenast.com/sites/all/themes/condenast/images/heritage-shadow.png' saved [952/952]

--2012-11-12 05:15:12--  http://www.condenast.com/sites/all/themes/condenast/images/heritage-shadow-right.png
Reusing existing connection to www.condenast.com:80.
HTTP request sent, awaiting response... 200 OK
Length: 951 [image/png]
Saving to: `code/../crawls/arstechnica.com/Privacy-Policy/raw/www.condenast.com/sites/all/themes/condenast/images/heritage-shadow-right.png'

     0K                                                       100%  158M=0s

2012-11-12 05:15:12 (158 MB/s) - `code/../crawls/arstechnica.com/Privacy-Policy/raw/www.condenast.com/sites/all/themes/condenast/images/heritage-shadow-right.png' saved [951/951]

--2012-11-12 05:15:12--  http://www.condenast.com/sites/all/themes/condenast/images/heritage-thumbnail-shadow.png
Reusing existing connection to www.condenast.com:80.
HTTP request sent, awaiting response... 200 OK
Length: 1758 (1.7K) [image/png]
Saving to: `code/../crawls/arstechnica.com/Privacy-Policy/raw/www.condenast.com/sites/all/themes/condenast/images/heritage-thumbnail-shadow.png'

     0K .                                                     100%  243M=0s

2012-11-12 05:15:12 (243 MB/s) - `code/../crawls/arstechnica.com/Privacy-Policy/raw/www.condenast.com/sites/all/themes/condenast/images/heritage-thumbnail-shadow.png' saved [1758/1758]

--2012-11-12 05:15:12--  http://www.condenast.com/sites/all/themes/condenast/images/heritage-video-shadow.png
Reusing existing connection to www.condenast.com:80.
HTTP request sent, awaiting response... 200 OK
Length: 2177 (2.1K) [image/png]
Saving to: `code/../crawls/arstechnica.com/Privacy-Policy/raw/www.condenast.com/sites/all/themes/condenast/images/heritage-video-shadow.png'

     0K ..                                                    100%  309M=0s

2012-11-12 05:15:12 (309 MB/s) - `code/../crawls/arstechnica.com/Privacy-Policy/raw/www.condenast.com/sites/all/themes/condenast/images/heritage-video-shadow.png' saved [2177/2177]

--2012-11-12 05:15:12--  http://www.condenast.com/sites/all/themes/condenast/images/video-icon.png
Reusing existing connection to www.condenast.com:80.
HTTP request sent, awaiting response... 200 OK
Length: 220 [image/png]
Saving to: `code/../crawls/arstechnica.com/Privacy-Policy/raw/www.condenast.com/sites/all/themes/condenast/images/video-icon.png'

     0K                                                       100% 38.9M=0s

2012-11-12 05:15:12 (38.9 MB/s) - `code/../crawls/arstechnica.com/Privacy-Policy/raw/www.condenast.com/sites/all/themes/condenast/images/video-icon.png' saved [220/220]

--2012-11-12 05:15:12--  http://www.condenast.com/sites/all/themes/condenast/images/heritage-slideshow-image-expand-icon.png
Reusing existing connection to www.condenast.com:80.
HTTP request sent, awaiting response... 200 OK
Length: 2639 (2.6K) [image/png]
Saving to: `code/../crawls/arstechnica.com/Privacy-Policy/raw/www.condenast.com/sites/all/themes/condenast/images/heritage-slideshow-image-expand-icon.png'

     0K ..                                                    100% 8.16M=0s

2012-11-12 05:15:12 (8.16 MB/s) - `code/../crawls/arstechnica.com/Privacy-Policy/raw/www.condenast.com/sites/all/themes/condenast/images/heritage-slideshow-image-expand-icon.png' saved [2639/2639]

--2012-11-12 05:15:12--  http://www.condenast.com/sites/all/themes/condenast/images/heritage-slideshow-imgShadow.png
Reusing existing connection to www.condenast.com:80.
HTTP request sent, awaiting response... 200 OK
Length: 2037 (2.0K) [image/png]
Saving to: `code/../crawls/arstechnica.com/Privacy-Policy/raw/www.condenast.com/sites/all/themes/condenast/images/heritage-slideshow-imgShadow.png'

     0K .                                                     100%  287M=0s

2012-11-12 05:15:12 (287 MB/s) - `code/../crawls/arstechnica.com/Privacy-Policy/raw/www.condenast.com/sites/all/themes/condenast/images/heritage-slideshow-imgShadow.png' saved [2037/2037]

--2012-11-12 05:15:12--  http://www.condenast.com/sites/all/themes/condenast/images/heritage-btns.png
Reusing existing connection to www.condenast.com:80.
HTTP request sent, awaiting response... 200 OK
Length: 3561 (3.5K) [image/png]
Saving to: `code/../crawls/arstechnica.com/Privacy-Policy/raw/www.condenast.com/sites/all/themes/condenast/images/heritage-btns.png'

     0K ...                                                   100% 49.3M=0s

2012-11-12 05:15:12 (49.3 MB/s) - `code/../crawls/arstechnica.com/Privacy-Policy/raw/www.condenast.com/sites/all/themes/condenast/images/heritage-btns.png' saved [3561/3561]

--2012-11-12 05:15:12--  http://www.condenast.com/sites/all/themes/condenast/images/heritage-scrub-bg.png
Reusing existing connection to www.condenast.com:80.
HTTP request sent, awaiting response... 200 OK
Length: 3299 (3.2K) [image/png]
Saving to: `code/../crawls/arstechnica.com/Privacy-Policy/raw/www.condenast.com/sites/all/themes/condenast/images/heritage-scrub-bg.png'

     0K ...                                                   100% 47.7M=0s

2012-11-12 05:15:12 (47.7 MB/s) - `code/../crawls/arstechnica.com/Privacy-Policy/raw/www.condenast.com/sites/all/themes/condenast/images/heritage-scrub-bg.png' saved [3299/3299]

--2012-11-12 05:15:12--  http://www.condenast.com/sites/all/themes/condenast/images/heritage-scrub.png
Reusing existing connection to www.condenast.com:80.
HTTP request sent, awaiting response... 200 OK
Length: 2859 (2.8K) [image/png]
Saving to: `code/../crawls/arstechnica.com/Privacy-Policy/raw/www.condenast.com/sites/all/themes/condenast/images/heritage-scrub.png'

     0K ..                                                    100% 43.2M=0s

2012-11-12 05:15:12 (43.2 MB/s) - `code/../crawls/arstechnica.com/Privacy-Policy/raw/www.condenast.com/sites/all/themes/condenast/images/heritage-scrub.png' saved [2859/2859]

--2012-11-12 05:15:12--  http://www.condenast.com/sites/all/themes/condenast/images/features_video_close.png
Reusing existing connection to www.condenast.com:80.
HTTP request sent, awaiting response... 200 OK
Length: 1661 (1.6K) [image/png]
Saving to: `code/../crawls/arstechnica.com/Privacy-Policy/raw/www.condenast.com/sites/all/themes/condenast/images/features_video_close.png'

     0K .                                                     100%  167M=0s

2012-11-12 05:15:12 (167 MB/s) - `code/../crawls/arstechnica.com/Privacy-Policy/raw/www.condenast.com/sites/all/themes/condenast/images/features_video_close.png' saved [1661/1661]

--2012-11-12 05:15:12--  http://www.condenast.com/sites/all/themes/condenast/images/features_shadow.png
Reusing existing connection to www.condenast.com:80.
HTTP request sent, awaiting response... 200 OK
Length: 985 [image/png]
Saving to: `code/../crawls/arstechnica.com/Privacy-Policy/raw/www.condenast.com/sites/all/themes/condenast/images/features_shadow.png'

     0K                                                       100%  160M=0s

2012-11-12 05:15:12 (160 MB/s) - `code/../crawls/arstechnica.com/Privacy-Policy/raw/www.condenast.com/sites/all/themes/condenast/images/features_shadow.png' saved [985/985]

--2012-11-12 05:15:12--  http://www.condenast.com/sites/all/themes/condenast/images/features_ribbon.png
Reusing existing connection to www.condenast.com:80.
HTTP request sent, awaiting response... 200 OK
Length: 3241 (3.2K) [image/png]
Saving to: `code/../crawls/arstechnica.com/Privacy-Policy/raw/www.condenast.com/sites/all/themes/condenast/images/features_ribbon.png'

     0K ...                                                   100% 55.0M=0s

2012-11-12 05:15:12 (55.0 MB/s) - `code/../crawls/arstechnica.com/Privacy-Policy/raw/www.condenast.com/sites/all/themes/condenast/images/features_ribbon.png' saved [3241/3241]

--2012-11-12 05:15:12--  http://www.condenast.com/sites/all/themes/condenast/images/features_subpage.jpg
Reusing existing connection to www.condenast.com:80.
HTTP request sent, awaiting response... 200 OK
Length: 33304 (33K) [image/jpeg]
Saving to: `code/../crawls/arstechnica.com/Privacy-Policy/raw/www.condenast.com/sites/all/themes/condenast/images/features_subpage.jpg'

     0K .......... .......... .......... ..                   100% 11.7M=0.003s

2012-11-12 05:15:12 (11.7 MB/s) - `code/../crawls/arstechnica.com/Privacy-Policy/raw/www.condenast.com/sites/all/themes/condenast/images/features_subpage.jpg' saved [33304/33304]

--2012-11-12 05:15:12--  http://www.condenast.com/sites/all/themes/condenast/images/spinner_bg.png
Reusing existing connection to www.condenast.com:80.
HTTP request sent, awaiting response... 200 OK
Length: 3104 (3.0K) [image/png]
Saving to: `code/../crawls/arstechnica.com/Privacy-Policy/raw/www.condenast.com/sites/all/themes/condenast/images/spinner_bg.png'

     0K ...                                                   100% 49.7M=0s

2012-11-12 05:15:12 (49.7 MB/s) - `code/../crawls/arstechnica.com/Privacy-Policy/raw/www.condenast.com/sites/all/themes/condenast/images/spinner_bg.png' saved [3104/3104]

--2012-11-12 05:15:12--  http://www.condenast.com/sites/all/themes/condenast/images/dk_arrow.png
Reusing existing connection to www.condenast.com:80.
HTTP request sent, awaiting response... 200 OK
Length: 175 [image/png]
Saving to: `code/../crawls/arstechnica.com/Privacy-Policy/raw/www.condenast.com/sites/all/themes/condenast/images/dk_arrow.png'

     0K                                                       100% 31.6M=0s

2012-11-12 05:15:12 (31.6 MB/s) - `code/../crawls/arstechnica.com/Privacy-Policy/raw/www.condenast.com/sites/all/themes/condenast/images/dk_arrow.png' saved [175/175]

--2012-11-12 05:15:12--  http://pls.webtype.com/v.css?ct=31126,16009,16007,16008&r=3252&p=2575&h=14QH4oOzDp%2bsGqfL6AndQA%3d%3d
Resolving pls.webtype.com... 65.52.62.25
Connecting to pls.webtype.com|65.52.62.25|:80... connected.
HTTP request sent, awaiting response... 200 OK
Length: 53 [text/css]
Saving to: `code/../crawls/arstechnica.com/Privacy-Policy/raw/pls.webtype.com/v.css?ct=31126,16009,16007,16008&r=3252&p=2575&h=14QH4oOzDp%2bsGqfL6AndQA%3d%3d.css'

     0K                                                       100% 7.94M=0s

2012-11-12 05:15:12 (7.94 MB/s) - `code/../crawls/arstechnica.com/Privacy-Policy/raw/pls.webtype.com/v.css?ct=31126,16009,16007,16008&r=3252&p=2575&h=14QH4oOzDp%2bsGqfL6AndQA%3d%3d.css' saved [53/53]

--2012-11-12 05:15:12--  http://wac.6a25.edgecastcdn.net/006A25/webtype/ff/1/c3f4e0ea-349d-4d22-b3e1-3587bad04e22
Resolving wac.6a25.edgecastcdn.net... 72.21.91.19
Connecting to wac.6a25.edgecastcdn.net|72.21.91.19|:80... connected.
HTTP request sent, awaiting response... 200 OK
Length: 76252 (74K) [application/octet-stream]
Saving to: `code/../crawls/arstechnica.com/Privacy-Policy/raw/wac.6a25.edgecastcdn.net/006A25/webtype/ff/1/c3f4e0ea-349d-4d22-b3e1-3587bad04e22'

     0K .......... .......... .......... .......... .......... 67% 3.84M 0s
    50K .......... .......... ....                            100% 2.67M=0.02s

2012-11-12 05:15:12 (3.36 MB/s) - `code/../crawls/arstechnica.com/Privacy-Policy/raw/wac.6a25.edgecastcdn.net/006A25/webtype/ff/1/c3f4e0ea-349d-4d22-b3e1-3587bad04e22' saved [76252/76252]

--2012-11-12 05:15:12--  http://wac.6a25.edgecastcdn.net/006A25/webtype/ff/1/3d37e2ba-4205-48aa-bcf8-ed2a0cce4e32
Reusing existing connection to wac.6a25.edgecastcdn.net:80.
HTTP request sent, awaiting response... 200 OK
Length: 86008 (84K) [application/octet-stream]
Saving to: `code/../crawls/arstechnica.com/Privacy-Policy/raw/wac.6a25.edgecastcdn.net/006A25/webtype/ff/1/3d37e2ba-4205-48aa-bcf8-ed2a0cce4e32'

     0K .......... .......... .......... .......... .......... 59% 6.30M 0s
    50K .......... .......... .......... ...                  100% 11.2M=0.01s

2012-11-12 05:15:12 (7.66 MB/s) - `code/../crawls/arstechnica.com/Privacy-Policy/raw/wac.6a25.edgecastcdn.net/006A25/webtype/ff/1/3d37e2ba-4205-48aa-bcf8-ed2a0cce4e32' saved [86008/86008]

--2012-11-12 05:15:12--  http://wac.6a25.edgecastcdn.net/006A25/webtype/ff/1/2f25c51e-b757-4d87-bec3-2b1fb0de66d4
Reusing existing connection to wac.6a25.edgecastcdn.net:80.
HTTP request sent, awaiting response... 200 OK
Length: 74736 (73K) [application/octet-stream]
Saving to: `code/../crawls/arstechnica.com/Privacy-Policy/raw/wac.6a25.edgecastcdn.net/006A25/webtype/ff/1/2f25c51e-b757-4d87-bec3-2b1fb0de66d4'

     0K .......... .......... .......... .......... .......... 68% 11.5M 0s
    50K .......... .......... ..                              100% 4.07M=0.01s

2012-11-12 05:15:12 (7.30 MB/s) - `code/../crawls/arstechnica.com/Privacy-Policy/raw/wac.6a25.edgecastcdn.net/006A25/webtype/ff/1/2f25c51e-b757-4d87-bec3-2b1fb0de66d4' saved [74736/74736]

--2012-11-12 05:15:12--  http://wac.6a25.edgecastcdn.net/006A25/webtype/ff/1/2c53451a-efe4-431f-bafb-3e90780ff55e
Reusing existing connection to wac.6a25.edgecastcdn.net:80.
HTTP request sent, awaiting response... 200 OK
Length: 84140 (82K) [application/octet-stream]
Saving to: `code/../crawls/arstechnica.com/Privacy-Policy/raw/wac.6a25.edgecastcdn.net/006A25/webtype/ff/1/2c53451a-efe4-431f-bafb-3e90780ff55e'

     0K .......... .......... .......... .......... .......... 60% 11.2M 0s
    50K .......... .......... .......... ..                   100% 7.91M=0.008s

2012-11-12 05:15:12 (9.64 MB/s) - `code/../crawls/arstechnica.com/Privacy-Policy/raw/wac.6a25.edgecastcdn.net/006A25/webtype/ff/1/2c53451a-efe4-431f-bafb-3e90780ff55e' saved [84140/84140]

--2012-11-12 05:15:12--  http://static.ak.fbcdn.net/rsrc.php/v2/y7/x/IJYgcESal33.png
Resolving static.ak.fbcdn.net... 23.61.194.10, 23.61.194.56, 2600:1406:1a::173d:c238, ...
Connecting to static.ak.fbcdn.net|23.61.194.10|:80... connected.
HTTP request sent, awaiting response... 200 OK
Length: 5771 (5.6K) [image/png]
Saving to: `code/../crawls/arstechnica.com/Privacy-Policy/raw/static.ak.fbcdn.net/rsrc.php/v2/y7/x/IJYgcESal33.png'

     0K .....                                                 100% 1.04M=0.005s

2012-11-12 05:15:12 (1.04 MB/s) - `code/../crawls/arstechnica.com/Privacy-Policy/raw/static.ak.fbcdn.net/rsrc.php/v2/y7/x/IJYgcESal33.png' saved [5771/5771]

--2012-11-12 05:15:12--  http://static.ak.fbcdn.net/rsrc.php/v2/yI/x/1dQf_ATK831.png
Reusing existing connection to static.ak.fbcdn.net:80.
HTTP request sent, awaiting response... 200 OK
Length: 567 [image/png]
Saving to: `code/../crawls/arstechnica.com/Privacy-Policy/raw/static.ak.fbcdn.net/rsrc.php/v2/yI/x/1dQf_ATK831.png'

     0K                                                       100% 91.2M=0s

2012-11-12 05:15:12 (91.2 MB/s) - `code/../crawls/arstechnica.com/Privacy-Policy/raw/static.ak.fbcdn.net/rsrc.php/v2/yI/x/1dQf_ATK831.png' saved [567/567]

FINISHED --2012-11-12 05:15:12--
Total wall clock time: 9.5s
Downloaded: 152 files, 1.8M in 6.4s (284 KB/s)
Converting code/../crawls/arstechnica.com/Privacy-Policy/raw/www.condenast.com/services/privacy/index.html... 54-76
Converting code/../crawls/arstechnica.com/Privacy-Policy/raw/www.facebook.com/plugins/like.php?send=false&layout=button_count&width=0&show_faces=false&action=like&colorscheme=light&font=arial&height=21&href=http%3.html... 2-1
Converting code/../crawls/arstechnica.com/Privacy-Policy/raw/www.condenast.com/sites/all/themes/condenast/fonts/fonts.css... 16-0
Converting code/../crawls/arstechnica.com/Privacy-Policy/raw/www.condenast.com/sites/all/themes/condenast/css/style.css?v=2.css... 181-0
Converting code/../crawls/arstechnica.com/Privacy-Policy/raw/cloud.webtype.com/css/4100279c-7d37-40ad-987a-d1417055a4f6.css... 5-0
Converting code/../crawls/arstechnica.com/Privacy-Policy/raw/pls.webtype.com/v.css?ct=31126,16009,16007,16008&r=3252&p=2575&h=14QH4oOzDp%2bsGqfL6AndQA%3d%3d.css... nothing to do.
Converted 6 files in 0.6 seconds.
