--2012-05-07 05:19:06--  http://www.carmax.com/enus/privacy-policy/default.html
Resolving www.carmax.com... 63.101.151.74
Connecting to www.carmax.com|63.101.151.74|:80... connected.
HTTP request sent, awaiting response... 200 OK
Length: 19369 (19K) [text/html]
Saving to: `code/../crawls/carmax.com/Privacy-Policy/raw/www.carmax.com/enus/privacy-policy/default.html'

     0K .......... ........                                   100%  115K=0.2s

2012-05-07 05:19:06 (115 KB/s) - `code/../crawls/carmax.com/Privacy-Policy/raw/www.carmax.com/enus/privacy-policy/default.html' saved [19369/19369]

--2012-05-07 05:19:06--  http://www.carmax.com/css/global.css?v=1.11.7
Reusing existing connection to www.carmax.com:80.
HTTP request sent, awaiting response... 200 OK
Length: 48541 (47K) [text/css]
Saving to: `code/../crawls/carmax.com/Privacy-Policy/raw/www.carmax.com/css/global.css?v=1.11.7.css'

     0K .......... .......... .......... .......... .......   100%  432K=0.1s

2012-05-07 05:19:07 (432 KB/s) - `code/../crawls/carmax.com/Privacy-Policy/raw/www.carmax.com/css/global.css?v=1.11.7.css' saved [48541/48541]

--2012-05-07 05:19:07--  http://www.carmax.com/css/enUS/popup.css?v=1.11.7
Reusing existing connection to www.carmax.com:80.
HTTP request sent, awaiting response... 200 OK
Length: 11253 (11K) [text/css]
Saving to: `code/../crawls/carmax.com/Privacy-Policy/raw/www.carmax.com/css/enUS/popup.css?v=1.11.7.css'

     0K ..........                                            100% 16.1M=0.001s

2012-05-07 05:19:07 (16.1 MB/s) - `code/../crawls/carmax.com/Privacy-Policy/raw/www.carmax.com/css/enUS/popup.css?v=1.11.7.css' saved [11253/11253]

--2012-05-07 05:19:07--  http://www.carmax.com/js/jquery.js?v=1.11.7
Reusing existing connection to www.carmax.com:80.
HTTP request sent, awaiting response... 200 OK
Length: 149531 (146K) [application/x-javascript]
Saving to: `code/../crawls/carmax.com/Privacy-Policy/raw/www.carmax.com/js/jquery.js?v=1.11.7'

     0K .......... .......... .......... .......... .......... 34%  797K 0s
    50K .......... .......... .......... .......... .......... 68%  874K 0s
   100K .......... .......... .......... .......... ......    100% 5.29M=0.1s

2012-05-07 05:19:07 (1.11 MB/s) - `code/../crawls/carmax.com/Privacy-Policy/raw/www.carmax.com/js/jquery.js?v=1.11.7' saved [149531/149531]

--2012-05-07 05:19:07--  http://www.carmax.com/js/global.js?v=1.11.7
Reusing existing connection to www.carmax.com:80.
HTTP request sent, awaiting response... 200 OK
Length: 32991 (32K) [application/x-javascript]
Saving to: `code/../crawls/carmax.com/Privacy-Policy/raw/www.carmax.com/js/global.js?v=1.11.7'

     0K .......... .......... .......... ..                   100% 10.8M=0.003s

2012-05-07 05:19:07 (10.8 MB/s) - `code/../crawls/carmax.com/Privacy-Policy/raw/www.carmax.com/js/global.js?v=1.11.7' saved [32991/32991]

--2012-05-07 05:19:07--  http://www.carmax.com/js/prototype.js?v=1.11.7
Reusing existing connection to www.carmax.com:80.
HTTP request sent, awaiting response... 200 OK
Length: 105642 (103K) [application/x-javascript]
Saving to: `code/../crawls/carmax.com/Privacy-Policy/raw/www.carmax.com/js/prototype.js?v=1.11.7'

     0K .......... .......... .......... .......... .......... 48% 11.5M 0s
    50K .......... .......... .......... .......... .......... 96% 6.90M 0s
   100K ...                                                   100% 15.4M=0.01s

2012-05-07 05:19:07 (8.75 MB/s) - `code/../crawls/carmax.com/Privacy-Policy/raw/www.carmax.com/js/prototype.js?v=1.11.7' saved [105642/105642]

--2012-05-07 05:19:07--  http://www.carmax.com/js/oo_engine.js
Reusing existing connection to www.carmax.com:80.
HTTP request sent, awaiting response... 200 OK
Length: 1929 (1.9K) [application/x-javascript]
Saving to: `code/../crawls/carmax.com/Privacy-Policy/raw/www.carmax.com/js/oo_engine.js'

     0K .                                                     100%  287M=0s

2012-05-07 05:19:07 (287 MB/s) - `code/../crawls/carmax.com/Privacy-Policy/raw/www.carmax.com/js/oo_engine.js' saved [1929/1929]

--2012-05-07 05:19:07--  http://www.carmax.com/img/common/header/ico_opinion_head.gif
Reusing existing connection to www.carmax.com:80.
HTTP request sent, awaiting response... 200 OK
Length: 597 [image/gif]
Saving to: `code/../crawls/carmax.com/Privacy-Policy/raw/www.carmax.com/img/common/header/ico_opinion_head.gif'

     0K                                                       100% 93.3M=0s

2012-05-07 05:19:07 (93.3 MB/s) - `code/../crawls/carmax.com/Privacy-Policy/raw/www.carmax.com/img/common/header/ico_opinion_head.gif' saved [597/597]

--2012-05-07 05:19:07--  http://www.carmax.com/img/common/footer/ico_opinion_foot.gif
Reusing existing connection to www.carmax.com:80.
HTTP request sent, awaiting response... 200 OK
Length: 597 [image/gif]
Saving to: `code/../crawls/carmax.com/Privacy-Policy/raw/www.carmax.com/img/common/footer/ico_opinion_foot.gif'

     0K                                                       100%  100M=0s

2012-05-07 05:19:07 (100 MB/s) - `code/../crawls/carmax.com/Privacy-Policy/raw/www.carmax.com/img/common/footer/ico_opinion_foot.gif' saved [597/597]

--2012-05-07 05:19:07--  http://www.carmax.com/js/s_code.js
Reusing existing connection to www.carmax.com:80.
HTTP request sent, awaiting response... 200 OK
Length: 36329 (35K) [application/x-javascript]
Saving to: `code/../crawls/carmax.com/Privacy-Policy/raw/www.carmax.com/js/s_code.js'

     0K .......... .......... .......... .....                100% 11.9M=0.003s

2012-05-07 05:19:07 (11.9 MB/s) - `code/../crawls/carmax.com/Privacy-Policy/raw/www.carmax.com/js/s_code.js' saved [36329/36329]

--2012-05-07 05:19:07--  http://www.carmax.com/assets/JCQMbidGB8IUCxhsSPakz42un-EOkLvv/fb_sm.gif
Reusing existing connection to www.carmax.com:80.
HTTP request sent, awaiting response... 200 OK
Length: 1368 (1.3K) [image/gif]
Saving to: `code/../crawls/carmax.com/Privacy-Policy/raw/www.carmax.com/assets/JCQMbidGB8IUCxhsSPakz42un-EOkLvv/fb_sm.gif'

     0K .                                                     100%  192M=0s

2012-05-07 05:19:07 (192 MB/s) - `code/../crawls/carmax.com/Privacy-Policy/raw/www.carmax.com/assets/JCQMbidGB8IUCxhsSPakz42un-EOkLvv/fb_sm.gif' saved [1368/1368]

--2012-05-07 05:19:07--  http://www.carmax.com/assets/2xYwMACst9PhfyyDDqKFsAB40RTwQvDf/twitter_sm.gif
Reusing existing connection to www.carmax.com:80.
HTTP request sent, awaiting response... 200 OK
Length: 1417 (1.4K) [image/gif]
Saving to: `code/../crawls/carmax.com/Privacy-Policy/raw/www.carmax.com/assets/2xYwMACst9PhfyyDDqKFsAB40RTwQvDf/twitter_sm.gif'

     0K .                                                     100%  204M=0s

2012-05-07 05:19:07 (204 MB/s) - `code/../crawls/carmax.com/Privacy-Policy/raw/www.carmax.com/assets/2xYwMACst9PhfyyDDqKFsAB40RTwQvDf/twitter_sm.gif' saved [1417/1417]

--2012-05-07 05:19:07--  http://www.carmax.com/img/common/header/bg_header_p1.jpg
Reusing existing connection to www.carmax.com:80.
HTTP request sent, awaiting response... 200 OK
Length: 23961 (23K) [image/jpeg]
Saving to: `code/../crawls/carmax.com/Privacy-Policy/raw/www.carmax.com/img/common/header/bg_header_p1.jpg'

     0K .......... .......... ...                             100% 12.5M=0.002s

2012-05-07 05:19:07 (12.5 MB/s) - `code/../crawls/carmax.com/Privacy-Policy/raw/www.carmax.com/img/common/header/bg_header_p1.jpg' saved [23961/23961]

--2012-05-07 05:19:07--  http://www.carmax.com/img/common/header/bg_carmax_logo.gif
Reusing existing connection to www.carmax.com:80.
HTTP request sent, awaiting response... 200 OK
Length: 5782 (5.6K) [image/gif]
Saving to: `code/../crawls/carmax.com/Privacy-Policy/raw/www.carmax.com/img/common/header/bg_carmax_logo.gif'

     0K .....                                                 100% 6.99M=0.001s

2012-05-07 05:19:07 (6.99 MB/s) - `code/../crawls/carmax.com/Privacy-Policy/raw/www.carmax.com/img/common/header/bg_carmax_logo.gif' saved [5782/5782]

--2012-05-07 05:19:07--  http://www.carmax.com/img/common/header/bg_logo.png
Reusing existing connection to www.carmax.com:80.
HTTP request sent, awaiting response... 200 OK
Length: 9252 (9.0K) [image/png]
Saving to: `code/../crawls/carmax.com/Privacy-Policy/raw/www.carmax.com/img/common/header/bg_logo.png'

     0K .........                                             100% 13.9M=0.001s

2012-05-07 05:19:07 (13.9 MB/s) - `code/../crawls/carmax.com/Privacy-Policy/raw/www.carmax.com/img/common/header/bg_logo.png' saved [9252/9252]

--2012-05-07 05:19:07--  http://www.carmax.com/img/common/header/bg_mainnav_li.gif
Reusing existing connection to www.carmax.com:80.
HTTP request sent, awaiting response... 200 OK
Length: 152 [image/gif]
Saving to: `code/../crawls/carmax.com/Privacy-Policy/raw/www.carmax.com/img/common/header/bg_mainnav_li.gif'

     0K                                                       100% 28.2M=0s

2012-05-07 05:19:07 (28.2 MB/s) - `code/../crawls/carmax.com/Privacy-Policy/raw/www.carmax.com/img/common/header/bg_mainnav_li.gif' saved [152/152]

--2012-05-07 05:19:07--  http://www.carmax.com/img/common/header/bg_header_form_p1.jpg
Reusing existing connection to www.carmax.com:80.
HTTP request sent, awaiting response... 200 OK
Length: 2444 (2.4K) [image/jpeg]
Saving to: `code/../crawls/carmax.com/Privacy-Policy/raw/www.carmax.com/img/common/header/bg_header_form_p1.jpg'

     0K ..                                                    100% 45.2M=0s

2012-05-07 05:19:08 (45.2 MB/s) - `code/../crawls/carmax.com/Privacy-Policy/raw/www.carmax.com/img/common/header/bg_header_form_p1.jpg' saved [2444/2444]

--2012-05-07 05:19:08--  http://www.carmax.com/img/mycarmax/key_small.gif
Reusing existing connection to www.carmax.com:80.
HTTP request sent, awaiting response... 200 OK
Length: 1302 (1.3K) [image/gif]
Saving to: `code/../crawls/carmax.com/Privacy-Policy/raw/www.carmax.com/img/mycarmax/key_small.gif'

     0K .                                                     100%  181M=0s

2012-05-07 05:19:08 (181 MB/s) - `code/../crawls/carmax.com/Privacy-Policy/raw/www.carmax.com/img/mycarmax/key_small.gif' saved [1302/1302]

--2012-05-07 05:19:08--  http://www.carmax.com/img/common/header/btn_my_carmax.gif
Reusing existing connection to www.carmax.com:80.
HTTP request sent, awaiting response... 200 OK
Length: 3275 (3.2K) [image/gif]
Saving to: `code/../crawls/carmax.com/Privacy-Policy/raw/www.carmax.com/img/common/header/btn_my_carmax.gif'

     0K ...                                                   100% 27.7M=0s

2012-05-07 05:19:08 (27.7 MB/s) - `code/../crawls/carmax.com/Privacy-Policy/raw/www.carmax.com/img/common/header/btn_my_carmax.gif' saved [3275/3275]

--2012-05-07 05:19:08--  http://www.carmax.com/img/common/header/bg_login_bottom.png
Reusing existing connection to www.carmax.com:80.
HTTP request sent, awaiting response... 200 OK
Length: 1155 (1.1K) [image/png]
Saving to: `code/../crawls/carmax.com/Privacy-Policy/raw/www.carmax.com/img/common/header/bg_login_bottom.png'

     0K .                                                     100%  173M=0s

2012-05-07 05:19:08 (173 MB/s) - `code/../crawls/carmax.com/Privacy-Policy/raw/www.carmax.com/img/common/header/bg_login_bottom.png' saved [1155/1155]

--2012-05-07 05:19:08--  http://www.carmax.com/img/common/header/name_bubble_lt.gif
Reusing existing connection to www.carmax.com:80.
HTTP request sent, awaiting response... 200 OK
Length: 733 [image/gif]
Saving to: `code/../crawls/carmax.com/Privacy-Policy/raw/www.carmax.com/img/common/header/name_bubble_lt.gif'

     0K                                                       100%  125M=0s

2012-05-07 05:19:08 (125 MB/s) - `code/../crawls/carmax.com/Privacy-Policy/raw/www.carmax.com/img/common/header/name_bubble_lt.gif' saved [733/733]

--2012-05-07 05:19:08--  http://www.carmax.com/img/common/header/name_bubble_bg.gif
Reusing existing connection to www.carmax.com:80.
HTTP request sent, awaiting response... 200 OK
Length: 152 [image/gif]
Saving to: `code/../crawls/carmax.com/Privacy-Policy/raw/www.carmax.com/img/common/header/name_bubble_bg.gif'

     0K                                                       100% 27.9M=0s

2012-05-07 05:19:08 (27.9 MB/s) - `code/../crawls/carmax.com/Privacy-Policy/raw/www.carmax.com/img/common/header/name_bubble_bg.gif' saved [152/152]

--2012-05-07 05:19:08--  http://www.carmax.com/img/common/header/name_bubble_rt.gif
Reusing existing connection to www.carmax.com:80.
HTTP request sent, awaiting response... 200 OK
Length: 731 [image/gif]
Saving to: `code/../crawls/carmax.com/Privacy-Policy/raw/www.carmax.com/img/common/header/name_bubble_rt.gif'

     0K                                                       100%  134M=0s

2012-05-07 05:19:08 (134 MB/s) - `code/../crawls/carmax.com/Privacy-Policy/raw/www.carmax.com/img/common/header/name_bubble_rt.gif' saved [731/731]

--2012-05-07 05:19:08--  http://www.carmax.com/img/common/header/name_bubble_arrow.gif
Reusing existing connection to www.carmax.com:80.
HTTP request sent, awaiting response... 200 OK
Length: 54 [image/gif]
Saving to: `code/../crawls/carmax.com/Privacy-Policy/raw/www.carmax.com/img/common/header/name_bubble_arrow.gif'

     0K                                                       100% 10.0M=0s

2012-05-07 05:19:08 (10.0 MB/s) - `code/../crawls/carmax.com/Privacy-Policy/raw/www.carmax.com/img/common/header/name_bubble_arrow.gif' saved [54/54]

--2012-05-07 05:19:08--  http://www.carmax.com/img/common/header/airplane.png
Reusing existing connection to www.carmax.com:80.
HTTP request sent, awaiting response... 200 OK
Length: 15458 (15K) [image/png]
Saving to: `code/../crawls/carmax.com/Privacy-Policy/raw/www.carmax.com/img/common/header/airplane.png'

     0K .......... .....                                      100% 13.2M=0.001s

2012-05-07 05:19:08 (13.2 MB/s) - `code/../crawls/carmax.com/Privacy-Policy/raw/www.carmax.com/img/common/header/airplane.png' saved [15458/15458]

--2012-05-07 05:19:08--  http://www.carmax.com/css/iepngfix.htc
Reusing existing connection to www.carmax.com:80.
HTTP request sent, awaiting response... 200 OK
Length: 1811 (1.8K) [text/x-component]
Saving to: `code/../crawls/carmax.com/Privacy-Policy/raw/www.carmax.com/css/iepngfix.htc'

     0K .                                                     100%  266M=0s

2012-05-07 05:19:08 (266 MB/s) - `code/../crawls/carmax.com/Privacy-Policy/raw/www.carmax.com/css/iepngfix.htc' saved [1811/1811]

--2012-05-07 05:19:08--  http://www.carmax.com/img/common/header/banner.png
Reusing existing connection to www.carmax.com:80.
HTTP request sent, awaiting response... 200 OK
Length: 16245 (16K) [image/png]
Saving to: `code/../crawls/carmax.com/Privacy-Policy/raw/www.carmax.com/img/common/header/banner.png'

     0K .......... .....                                      100% 13.6M=0.001s

2012-05-07 05:19:08 (13.6 MB/s) - `code/../crawls/carmax.com/Privacy-Policy/raw/www.carmax.com/img/common/header/banner.png' saved [16245/16245]

--2012-05-07 05:19:08--  http://www.carmax.com/img/common/bg_content.gif
Reusing existing connection to www.carmax.com:80.
HTTP request sent, awaiting response... 200 OK
Length: 364 [image/gif]
Saving to: `code/../crawls/carmax.com/Privacy-Policy/raw/www.carmax.com/img/common/bg_content.gif'

     0K                                                       100% 60.6M=0s

2012-05-07 05:19:08 (60.6 MB/s) - `code/../crawls/carmax.com/Privacy-Policy/raw/www.carmax.com/img/common/bg_content.gif' saved [364/364]

--2012-05-07 05:19:08--  http://www.carmax.com/img/common/bg_content_divider.gif
Reusing existing connection to www.carmax.com:80.
HTTP request sent, awaiting response... 200 OK
Length: 45 [image/gif]
Saving to: `code/../crawls/carmax.com/Privacy-Policy/raw/www.carmax.com/img/common/bg_content_divider.gif'

     0K                                                       100% 8.22M=0s

2012-05-07 05:19:08 (8.22 MB/s) - `code/../crawls/carmax.com/Privacy-Policy/raw/www.carmax.com/img/common/bg_content_divider.gif' saved [45/45]

--2012-05-07 05:19:08--  http://www.carmax.com/img/common/bg_content_bottom.gif
Reusing existing connection to www.carmax.com:80.
HTTP request sent, awaiting response... 200 OK
Length: 952 [image/gif]
Saving to: `code/../crawls/carmax.com/Privacy-Policy/raw/www.carmax.com/img/common/bg_content_bottom.gif'

     0K                                                       100%  142M=0s

2012-05-07 05:19:08 (142 MB/s) - `code/../crawls/carmax.com/Privacy-Policy/raw/www.carmax.com/img/common/bg_content_bottom.gif' saved [952/952]

--2012-05-07 05:19:08--  http://www.carmax.com/img/common/bullet_list.gif
Reusing existing connection to www.carmax.com:80.
HTTP request sent, awaiting response... 200 OK
Length: 275 [image/gif]
Saving to: `code/../crawls/carmax.com/Privacy-Policy/raw/www.carmax.com/img/common/bullet_list.gif'

     0K                                                       100% 49.2M=0s

2012-05-07 05:19:08 (49.2 MB/s) - `code/../crawls/carmax.com/Privacy-Policy/raw/www.carmax.com/img/common/bullet_list.gif' saved [275/275]

--2012-05-07 05:19:08--  http://www.carmax.com/img/common/arrow_right.gif
Reusing existing connection to www.carmax.com:80.
HTTP request sent, awaiting response... 200 OK
Length: 164 [image/gif]
Saving to: `code/../crawls/carmax.com/Privacy-Policy/raw/www.carmax.com/img/common/arrow_right.gif'

     0K                                                       100% 28.7M=0s

2012-05-07 05:19:08 (28.7 MB/s) - `code/../crawls/carmax.com/Privacy-Policy/raw/www.carmax.com/img/common/arrow_right.gif' saved [164/164]

--2012-05-07 05:19:08--  http://www.carmax.com/img/common/bg_landingPage.gif
Reusing existing connection to www.carmax.com:80.
HTTP request sent, awaiting response... 200 OK
Length: 454 [image/gif]
Saving to: `code/../crawls/carmax.com/Privacy-Policy/raw/www.carmax.com/img/common/bg_landingPage.gif'

     0K                                                       100% 79.5M=0s

2012-05-07 05:19:08 (79.5 MB/s) - `code/../crawls/carmax.com/Privacy-Policy/raw/www.carmax.com/img/common/bg_landingPage.gif' saved [454/454]

--2012-05-07 05:19:08--  http://www.carmax.com/img/common/bg_second.gif
Reusing existing connection to www.carmax.com:80.
HTTP request sent, awaiting response... 200 OK
Length: 526 [image/gif]
Saving to: `code/../crawls/carmax.com/Privacy-Policy/raw/www.carmax.com/img/common/bg_second.gif'

     0K                                                       100% 89.7M=0s

2012-05-07 05:19:08 (89.7 MB/s) - `code/../crawls/carmax.com/Privacy-Policy/raw/www.carmax.com/img/common/bg_second.gif' saved [526/526]

--2012-05-07 05:19:08--  http://www.carmax.com/img/common/bg_secondTab.gif
Reusing existing connection to www.carmax.com:80.
HTTP request sent, awaiting response... 200 OK
Length: 206 [image/gif]
Saving to: `code/../crawls/carmax.com/Privacy-Policy/raw/www.carmax.com/img/common/bg_secondTab.gif'

     0K                                                       100% 36.7M=0s

2012-05-07 05:19:08 (36.7 MB/s) - `code/../crawls/carmax.com/Privacy-Policy/raw/www.carmax.com/img/common/bg_secondTab.gif' saved [206/206]

--2012-05-07 05:19:08--  http://www.carmax.com/img/common/bg_secondTabOn.gif
Reusing existing connection to www.carmax.com:80.
HTTP request sent, awaiting response... 200 OK
Length: 127 [image/gif]
Saving to: `code/../crawls/carmax.com/Privacy-Policy/raw/www.carmax.com/img/common/bg_secondTabOn.gif'

     0K                                                       100% 22.0M=0s

2012-05-07 05:19:09 (22.0 MB/s) - `code/../crawls/carmax.com/Privacy-Policy/raw/www.carmax.com/img/common/bg_secondTabOn.gif' saved [127/127]

--2012-05-07 05:19:09--  http://www.carmax.com/img/foundation/bg_foundation.gif
Reusing existing connection to www.carmax.com:80.
HTTP request sent, awaiting response... 200 OK
Length: 2946 (2.9K) [image/gif]
Saving to: `code/../crawls/carmax.com/Privacy-Policy/raw/www.carmax.com/img/foundation/bg_foundation.gif'

     0K ..                                                    100%  199M=0s

2012-05-07 05:19:09 (199 MB/s) - `code/../crawls/carmax.com/Privacy-Policy/raw/www.carmax.com/img/foundation/bg_foundation.gif' saved [2946/2946]

--2012-05-07 05:19:09--  http://www.carmax.com/img/common/bg_arrowlist_bot.gif
Reusing existing connection to www.carmax.com:80.
HTTP request sent, awaiting response... 200 OK
Length: 403 [image/gif]
Saving to: `code/../crawls/carmax.com/Privacy-Policy/raw/www.carmax.com/img/common/bg_arrowlist_bot.gif'

     0K                                                       100% 75.4M=0s

2012-05-07 05:19:09 (75.4 MB/s) - `code/../crawls/carmax.com/Privacy-Policy/raw/www.carmax.com/img/common/bg_arrowlist_bot.gif' saved [403/403]

--2012-05-07 05:19:09--  http://www.carmax.com/img/common/bg_arrowlist_top.gif
Reusing existing connection to www.carmax.com:80.
HTTP request sent, awaiting response... 200 OK
Length: 213 [image/gif]
Saving to: `code/../crawls/carmax.com/Privacy-Policy/raw/www.carmax.com/img/common/bg_arrowlist_top.gif'

     0K                                                       100% 38.6M=0s

2012-05-07 05:19:09 (38.6 MB/s) - `code/../crawls/carmax.com/Privacy-Policy/raw/www.carmax.com/img/common/bg_arrowlist_top.gif' saved [213/213]

--2012-05-07 05:19:09--  http://www.carmax.com/img/common/bg_arrowlist_bot_hilite.gif
Reusing existing connection to www.carmax.com:80.
HTTP request sent, awaiting response... 200 OK
Length: 759 [image/gif]
Saving to: `code/../crawls/carmax.com/Privacy-Policy/raw/www.carmax.com/img/common/bg_arrowlist_bot_hilite.gif'

     0K                                                       100%  127M=0s

2012-05-07 05:19:09 (127 MB/s) - `code/../crawls/carmax.com/Privacy-Policy/raw/www.carmax.com/img/common/bg_arrowlist_bot_hilite.gif' saved [759/759]

--2012-05-07 05:19:09--  http://www.carmax.com/img/common/bg_arrowlist_top_hilite.gif
Reusing existing connection to www.carmax.com:80.
HTTP request sent, awaiting response... 200 OK
Length: 284 [image/gif]
Saving to: `code/../crawls/carmax.com/Privacy-Policy/raw/www.carmax.com/img/common/bg_arrowlist_top_hilite.gif'

     0K                                                       100% 49.2M=0s

2012-05-07 05:19:09 (49.2 MB/s) - `code/../crawls/carmax.com/Privacy-Policy/raw/www.carmax.com/img/common/bg_arrowlist_top_hilite.gif' saved [284/284]

--2012-05-07 05:19:09--  http://www.carmax.com/img/common/bg_arrowlist_top_hilast.gif
Reusing existing connection to www.carmax.com:80.
HTTP request sent, awaiting response... 200 OK
Length: 718 [image/gif]
Saving to: `code/../crawls/carmax.com/Privacy-Policy/raw/www.carmax.com/img/common/bg_arrowlist_top_hilast.gif'

     0K                                                       100%  121M=0s

2012-05-07 05:19:09 (121 MB/s) - `code/../crawls/carmax.com/Privacy-Policy/raw/www.carmax.com/img/common/bg_arrowlist_top_hilast.gif' saved [718/718]

--2012-05-07 05:19:09--  http://www.carmax.com/img/common/arrow_top.gif
Reusing existing connection to www.carmax.com:80.
HTTP request sent, awaiting response... 200 OK
Length: 847 [image/gif]
Saving to: `code/../crawls/carmax.com/Privacy-Policy/raw/www.carmax.com/img/common/arrow_top.gif'

     0K                                                       100%  149M=0s

2012-05-07 05:19:09 (149 MB/s) - `code/../crawls/carmax.com/Privacy-Policy/raw/www.carmax.com/img/common/arrow_top.gif' saved [847/847]

--2012-05-07 05:19:09--  http://www.carmax.com/img/common/bg_infobox_cap.gif
Reusing existing connection to www.carmax.com:80.
HTTP request sent, awaiting response... 200 OK
Length: 185 [image/gif]
Saving to: `code/../crawls/carmax.com/Privacy-Policy/raw/www.carmax.com/img/common/bg_infobox_cap.gif'

     0K                                                       100% 34.6M=0s

2012-05-07 05:19:09 (34.6 MB/s) - `code/../crawls/carmax.com/Privacy-Policy/raw/www.carmax.com/img/common/bg_infobox_cap.gif' saved [185/185]

--2012-05-07 05:19:09--  http://www.carmax.com/img/common/btn_search_complete.gif
Reusing existing connection to www.carmax.com:80.
HTTP request sent, awaiting response... 200 OK
Length: 2413 (2.4K) [image/gif]
Saving to: `code/../crawls/carmax.com/Privacy-Policy/raw/www.carmax.com/img/common/btn_search_complete.gif'

     0K ..                                                    100% 42.3M=0s

2012-05-07 05:19:09 (42.3 MB/s) - `code/../crawls/carmax.com/Privacy-Policy/raw/www.carmax.com/img/common/btn_search_complete.gif' saved [2413/2413]

--2012-05-07 05:19:09--  http://www.carmax.com/img/common/btn_find_a_store_complete.gif
Reusing existing connection to www.carmax.com:80.
HTTP request sent, awaiting response... 200 OK
Length: 3226 (3.2K) [image/gif]
Saving to: `code/../crawls/carmax.com/Privacy-Policy/raw/www.carmax.com/img/common/btn_find_a_store_complete.gif'

     0K ...                                                   100% 42.8M=0s

2012-05-07 05:19:09 (42.8 MB/s) - `code/../crawls/carmax.com/Privacy-Policy/raw/www.carmax.com/img/common/btn_find_a_store_complete.gif' saved [3226/3226]

--2012-05-07 05:19:09--  http://www.carmax.com/img/common/btn_find_cars.gif
Reusing existing connection to www.carmax.com:80.
HTTP request sent, awaiting response... 200 OK
Length: 1924 (1.9K) [image/gif]
Saving to: `code/../crawls/carmax.com/Privacy-Policy/raw/www.carmax.com/img/common/btn_find_cars.gif'

     0K .                                                     100%  282M=0s

2012-05-07 05:19:09 (282 MB/s) - `code/../crawls/carmax.com/Privacy-Policy/raw/www.carmax.com/img/common/btn_find_cars.gif' saved [1924/1924]

--2012-05-07 05:19:09--  http://www.carmax.com/img/common/btn_start_search.gif
Reusing existing connection to www.carmax.com:80.
HTTP request sent, awaiting response... 200 OK
Length: 4069 (4.0K) [image/gif]
Saving to: `code/../crawls/carmax.com/Privacy-Policy/raw/www.carmax.com/img/common/btn_start_search.gif'

     0K ...                                                   100% 20.3M=0s

2012-05-07 05:19:09 (20.3 MB/s) - `code/../crawls/carmax.com/Privacy-Policy/raw/www.carmax.com/img/common/btn_start_search.gif' saved [4069/4069]

--2012-05-07 05:19:09--  http://www.carmax.com/img/common/btn_create_alert.gif
Reusing existing connection to www.carmax.com:80.
HTTP request sent, awaiting response... 200 OK
Length: 5121 (5.0K) [image/gif]
Saving to: `code/../crawls/carmax.com/Privacy-Policy/raw/www.carmax.com/img/common/btn_create_alert.gif'

     0K .....                                                 100% 22.9M=0s

2012-05-07 05:19:09 (22.9 MB/s) - `code/../crawls/carmax.com/Privacy-Policy/raw/www.carmax.com/img/common/btn_create_alert.gif' saved [5121/5121]

--2012-05-07 05:19:09--  http://www.carmax.com/img/common/btn_save_changes.gif
Reusing existing connection to www.carmax.com:80.
HTTP request sent, awaiting response... 200 OK
Length: 1795 (1.8K) [image/gif]
Saving to: `code/../crawls/carmax.com/Privacy-Policy/raw/www.carmax.com/img/common/btn_save_changes.gif'

     0K .                                                     100%  254M=0s

2012-05-07 05:19:09 (254 MB/s) - `code/../crawls/carmax.com/Privacy-Policy/raw/www.carmax.com/img/common/btn_save_changes.gif' saved [1795/1795]

--2012-05-07 05:19:09--  http://www.carmax.com/img/common/btn_cancel.gif
Reusing existing connection to www.carmax.com:80.
HTTP request sent, awaiting response... 200 OK
Length: 2398 (2.3K) [image/gif]
Saving to: `code/../crawls/carmax.com/Privacy-Policy/raw/www.carmax.com/img/common/btn_cancel.gif'

     0K ..                                                    100% 43.7M=0s

2012-05-07 05:19:09 (43.7 MB/s) - `code/../crawls/carmax.com/Privacy-Policy/raw/www.carmax.com/img/common/btn_cancel.gif' saved [2398/2398]

--2012-05-07 05:19:09--  http://www.carmax.com/img/common/btn_register_now.gif
Reusing existing connection to www.carmax.com:80.
HTTP request sent, awaiting response... 200 OK
Length: 2277 (2.2K) [image/gif]
Saving to: `code/../crawls/carmax.com/Privacy-Policy/raw/www.carmax.com/img/common/btn_register_now.gif'

     0K ..                                                    100%  296M=0s

2012-05-07 05:19:09 (296 MB/s) - `code/../crawls/carmax.com/Privacy-Policy/raw/www.carmax.com/img/common/btn_register_now.gif' saved [2277/2277]

--2012-05-07 05:19:09--  http://www.carmax.com/img/common/btn_submit.gif
Reusing existing connection to www.carmax.com:80.
HTTP request sent, awaiting response... 200 OK
Length: 1778 (1.7K) [image/gif]
Saving to: `code/../crawls/carmax.com/Privacy-Policy/raw/www.carmax.com/img/common/btn_submit.gif'

     0K .                                                     100%  253M=0s

2012-05-07 05:19:10 (253 MB/s) - `code/../crawls/carmax.com/Privacy-Policy/raw/www.carmax.com/img/common/btn_submit.gif' saved [1778/1778]

--2012-05-07 05:19:10--  http://www.carmax.com/img/common/btn_sign_in.gif
Reusing existing connection to www.carmax.com:80.
HTTP request sent, awaiting response... 200 OK
Length: 1890 (1.8K) [image/gif]
Saving to: `code/../crawls/carmax.com/Privacy-Policy/raw/www.carmax.com/img/common/btn_sign_in.gif'

     0K .                                                     100%  266M=0s

2012-05-07 05:19:10 (266 MB/s) - `code/../crawls/carmax.com/Privacy-Policy/raw/www.carmax.com/img/common/btn_sign_in.gif' saved [1890/1890]

--2012-05-07 05:19:10--  http://www.carmax.com/img/common/btn_viewAllSavedCars.gif
Reusing existing connection to www.carmax.com:80.
HTTP request sent, awaiting response... 200 OK
Length: 3265 (3.2K) [image/gif]
Saving to: `code/../crawls/carmax.com/Privacy-Policy/raw/www.carmax.com/img/common/btn_viewAllSavedCars.gif'

     0K ...                                                   100% 23.2M=0s

2012-05-07 05:19:10 (23.2 MB/s) - `code/../crawls/carmax.com/Privacy-Policy/raw/www.carmax.com/img/common/btn_viewAllSavedCars.gif' saved [3265/3265]

--2012-05-07 05:19:10--  http://www.carmax.com/img/common/btn_website_feedback.gif
Reusing existing connection to www.carmax.com:80.
HTTP request sent, awaiting response... 200 OK
Length: 3647 (3.6K) [image/gif]
Saving to: `code/../crawls/carmax.com/Privacy-Policy/raw/www.carmax.com/img/common/btn_website_feedback.gif'

     0K ...                                                   100% 41.9M=0s

2012-05-07 05:19:10 (41.9 MB/s) - `code/../crawls/carmax.com/Privacy-Policy/raw/www.carmax.com/img/common/btn_website_feedback.gif' saved [3647/3647]

--2012-05-07 05:19:10--  http://www.carmax.com/img/common/btn_contact_us_for_more_info.gif
Reusing existing connection to www.carmax.com:80.
HTTP request sent, awaiting response... 200 OK
Length: 4436 (4.3K) [image/gif]
Saving to: `code/../crawls/carmax.com/Privacy-Policy/raw/www.carmax.com/img/common/btn_contact_us_for_more_info.gif'

     0K ....                                                  100% 21.7M=0s

2012-05-07 05:19:10 (21.7 MB/s) - `code/../crawls/carmax.com/Privacy-Policy/raw/www.carmax.com/img/common/btn_contact_us_for_more_info.gif' saved [4436/4436]

--2012-05-07 05:19:10--  http://www.carmax.com/img/tips/wait.gif
Reusing existing connection to www.carmax.com:80.
HTTP request sent, awaiting response... 200 OK
Length: 432 [image/gif]
Saving to: `code/../crawls/carmax.com/Privacy-Policy/raw/www.carmax.com/img/tips/wait.gif'

     0K                                                       100% 74.0M=0s

2012-05-07 05:19:10 (74.0 MB/s) - `code/../crawls/carmax.com/Privacy-Policy/raw/www.carmax.com/img/tips/wait.gif' saved [432/432]

--2012-05-07 05:19:10--  http://www.carmax.com/img/tips/arrowrig.gif
Reusing existing connection to www.carmax.com:80.
HTTP request sent, awaiting response... 200 OK
Length: 181 [image/gif]
Saving to: `code/../crawls/carmax.com/Privacy-Policy/raw/www.carmax.com/img/tips/arrowrig.gif'

     0K                                                       100% 31.7M=0s

2012-05-07 05:19:10 (31.7 MB/s) - `code/../crawls/carmax.com/Privacy-Policy/raw/www.carmax.com/img/tips/arrowrig.gif' saved [181/181]

--2012-05-07 05:19:10--  http://www.carmax.com/img/tips/arrowlef.gif
Reusing existing connection to www.carmax.com:80.
HTTP request sent, awaiting response... 200 OK
Length: 181 [image/gif]
Saving to: `code/../crawls/carmax.com/Privacy-Policy/raw/www.carmax.com/img/tips/arrowlef.gif'

     0K                                                       100% 31.3M=0s

2012-05-07 05:19:10 (31.3 MB/s) - `code/../crawls/carmax.com/Privacy-Policy/raw/www.carmax.com/img/tips/arrowlef.gif' saved [181/181]

--2012-05-07 05:19:10--  http://www.carmax.com/img/hybridpage/navigation_tab_open_top.gif
Reusing existing connection to www.carmax.com:80.
HTTP request sent, awaiting response... 200 OK
Length: 181 [image/gif]
Saving to: `code/../crawls/carmax.com/Privacy-Policy/raw/www.carmax.com/img/hybridpage/navigation_tab_open_top.gif'

     0K                                                       100% 29.6M=0s

2012-05-07 05:19:10 (29.6 MB/s) - `code/../crawls/carmax.com/Privacy-Policy/raw/www.carmax.com/img/hybridpage/navigation_tab_open_top.gif' saved [181/181]

--2012-05-07 05:19:10--  http://www.carmax.com/img/hybridpage/gray.gif
Reusing existing connection to www.carmax.com:80.
HTTP request sent, awaiting response... 200 OK
Length: 43 [image/gif]
Saving to: `code/../crawls/carmax.com/Privacy-Policy/raw/www.carmax.com/img/hybridpage/gray.gif'

     0K                                                       100% 7.11M=0s

2012-05-07 05:19:10 (7.11 MB/s) - `code/../crawls/carmax.com/Privacy-Policy/raw/www.carmax.com/img/hybridpage/gray.gif' saved [43/43]

--2012-05-07 05:19:10--  http://www.carmax.com/img/findacar/search/divider_h_dotted.gif
Reusing existing connection to www.carmax.com:80.
HTTP request sent, awaiting response... 200 OK
Length: 43 [image/gif]
Saving to: `code/../crawls/carmax.com/Privacy-Policy/raw/www.carmax.com/img/findacar/search/divider_h_dotted.gif'

     0K                                                       100% 7.64M=0s

2012-05-07 05:19:10 (7.64 MB/s) - `code/../crawls/carmax.com/Privacy-Policy/raw/www.carmax.com/img/findacar/search/divider_h_dotted.gif' saved [43/43]

--2012-05-07 05:19:10--  http://www.carmax.com/img/hybridpage/btn_make_this_my_store2.gif
Reusing existing connection to www.carmax.com:80.
HTTP request sent, awaiting response... 200 OK
Length: 3187 (3.1K) [image/gif]
Saving to: `code/../crawls/carmax.com/Privacy-Policy/raw/www.carmax.com/img/hybridpage/btn_make_this_my_store2.gif'

     0K ...                                                   100% 54.6M=0s

2012-05-07 05:19:10 (54.6 MB/s) - `code/../crawls/carmax.com/Privacy-Policy/raw/www.carmax.com/img/hybridpage/btn_make_this_my_store2.gif' saved [3187/3187]

--2012-05-07 05:19:10--  http://www.carmax.com/img/common/btn_search_Banner.gif
Reusing existing connection to www.carmax.com:80.
HTTP request sent, awaiting response... 200 OK
Length: 2844 (2.8K) [image/gif]
Saving to: `code/../crawls/carmax.com/Privacy-Policy/raw/www.carmax.com/img/common/btn_search_Banner.gif'

     0K ..                                                    100% 16.6M=0s

2012-05-07 05:19:10 (16.6 MB/s) - `code/../crawls/carmax.com/Privacy-Policy/raw/www.carmax.com/img/common/btn_search_Banner.gif' saved [2844/2844]

--2012-05-07 05:19:10--  http://www.carmax.com/img/common/ico_keys.gif
Reusing existing connection to www.carmax.com:80.
HTTP request sent, awaiting response... 200 OK
Length: 279 [image/gif]
Saving to: `code/../crawls/carmax.com/Privacy-Policy/raw/www.carmax.com/img/common/ico_keys.gif'

     0K                                                       100% 48.2M=0s

2012-05-07 05:19:10 (48.2 MB/s) - `code/../crawls/carmax.com/Privacy-Policy/raw/www.carmax.com/img/common/ico_keys.gif' saved [279/279]

--2012-05-07 05:19:10--  http://www.carmax.com/assets/Fl0dpRgKtkw74xai2CdEoQGvEueGosPx/btn_save_to_mycarmax.gif
Reusing existing connection to www.carmax.com:80.
HTTP request sent, awaiting response... 200 OK
Length: 4232 (4.1K) [image/gif]
Saving to: `code/../crawls/carmax.com/Privacy-Policy/raw/www.carmax.com/assets/Fl0dpRgKtkw74xai2CdEoQGvEueGosPx/btn_save_to_mycarmax.gif'

     0K ....                                                  100% 29.7M=0s

2012-05-07 05:19:10 (29.7 MB/s) - `code/../crawls/carmax.com/Privacy-Policy/raw/www.carmax.com/assets/Fl0dpRgKtkw74xai2CdEoQGvEueGosPx/btn_save_to_mycarmax.gif' saved [4232/4232]

--2012-05-07 05:19:10--  http://www.carmax.com/img/common/navigation_tab_open_top.gif
Reusing existing connection to www.carmax.com:80.
HTTP request sent, awaiting response... 200 OK
Length: 181 [image/gif]
Saving to: `code/../crawls/carmax.com/Privacy-Policy/raw/www.carmax.com/img/common/navigation_tab_open_top.gif'

     0K                                                       100% 32.5M=0s

2012-05-07 05:19:10 (32.5 MB/s) - `code/../crawls/carmax.com/Privacy-Policy/raw/www.carmax.com/img/common/navigation_tab_open_top.gif' saved [181/181]

--2012-05-07 05:19:10--  http://www.carmax.com/img/common/navigation_tab_open_contact_top.gif
Reusing existing connection to www.carmax.com:80.
HTTP request sent, awaiting response... 200 OK
Length: 1260 (1.2K) [image/gif]
Saving to: `code/../crawls/carmax.com/Privacy-Policy/raw/www.carmax.com/img/common/navigation_tab_open_contact_top.gif'

     0K .                                                     100%  189M=0s

2012-05-07 05:19:10 (189 MB/s) - `code/../crawls/carmax.com/Privacy-Policy/raw/www.carmax.com/img/common/navigation_tab_open_contact_top.gif' saved [1260/1260]

--2012-05-07 05:19:10--  http://www.carmax.com/img/common/btn_emailus.gif
Reusing existing connection to www.carmax.com:80.
HTTP request sent, awaiting response... 200 OK
Length: 2034 (2.0K) [image/gif]
Saving to: `code/../crawls/carmax.com/Privacy-Policy/raw/www.carmax.com/img/common/btn_emailus.gif'

     0K .                                                     100%  274M=0s

2012-05-07 05:19:11 (274 MB/s) - `code/../crawls/carmax.com/Privacy-Policy/raw/www.carmax.com/img/common/btn_emailus.gif' saved [2034/2034]

--2012-05-07 05:19:11--  http://www.carmax.com/img/common/btn_emailus_hover.gif
Reusing existing connection to www.carmax.com:80.
HTTP request sent, awaiting response... 200 OK
Length: 2664 (2.6K) [image/gif]
Saving to: `code/../crawls/carmax.com/Privacy-Policy/raw/www.carmax.com/img/common/btn_emailus_hover.gif'

     0K ..                                                    100% 32.3M=0s

2012-05-07 05:19:11 (32.3 MB/s) - `code/../crawls/carmax.com/Privacy-Policy/raw/www.carmax.com/img/common/btn_emailus_hover.gif' saved [2664/2664]

--2012-05-07 05:19:11--  http://www.carmax.com/img/common/btn_make_this_my_store2.gif
Reusing existing connection to www.carmax.com:80.
HTTP request sent, awaiting response... 200 OK
Length: 3187 (3.1K) [image/gif]
Saving to: `code/../crawls/carmax.com/Privacy-Policy/raw/www.carmax.com/img/common/btn_make_this_my_store2.gif'

     0K ...                                                   100%  396M=0s

2012-05-07 05:19:11 (396 MB/s) - `code/../crawls/carmax.com/Privacy-Policy/raw/www.carmax.com/img/common/btn_make_this_my_store2.gif' saved [3187/3187]

--2012-05-07 05:19:11--  http://www.carmax.com/img/home/bg_info_yellow.gif
Reusing existing connection to www.carmax.com:80.
HTTP request sent, awaiting response... 200 OK
Length: 686 [image/gif]
Saving to: `code/../crawls/carmax.com/Privacy-Policy/raw/www.carmax.com/img/home/bg_info_yellow.gif'

     0K                                                       100%  112M=0s

2012-05-07 05:19:11 (112 MB/s) - `code/../crawls/carmax.com/Privacy-Policy/raw/www.carmax.com/img/home/bg_info_yellow.gif' saved [686/686]

--2012-05-07 05:19:11--  http://www.carmax.com/assets/0EJzF9YuSS7hWwo8I4FE9G1f10-TH-jm/start4.png
Reusing existing connection to www.carmax.com:80.
HTTP request sent, awaiting response... 200 OK
Length: 21442 (21K) [image/png]
Saving to: `code/../crawls/carmax.com/Privacy-Policy/raw/www.carmax.com/assets/0EJzF9YuSS7hWwo8I4FE9G1f10-TH-jm/start4.png'

     0K .......... ..........                                 100% 9.31M=0.002s

2012-05-07 05:19:11 (9.31 MB/s) - `code/../crawls/carmax.com/Privacy-Policy/raw/www.carmax.com/assets/0EJzF9YuSS7hWwo8I4FE9G1f10-TH-jm/start4.png' saved [21442/21442]

--2012-05-07 05:19:11--  http://www.carmax.com/img/popups/bg_content.gif
Reusing existing connection to www.carmax.com:80.
HTTP request sent, awaiting response... 200 OK
Length: 127 [image/gif]
Saving to: `code/../crawls/carmax.com/Privacy-Policy/raw/www.carmax.com/img/popups/bg_content.gif'

     0K                                                       100% 20.1M=0s

2012-05-07 05:19:11 (20.1 MB/s) - `code/../crawls/carmax.com/Privacy-Policy/raw/www.carmax.com/img/popups/bg_content.gif' saved [127/127]

--2012-05-07 05:19:11--  http://www.carmax.com/img/popups/bg_header_popup.jpg
Reusing existing connection to www.carmax.com:80.
HTTP request sent, awaiting response... 200 OK
Length: 11351 (11K) [image/jpeg]
Saving to: `code/../crawls/carmax.com/Privacy-Policy/raw/www.carmax.com/img/popups/bg_header_popup.jpg'

     0K .......... .                                          100% 14.9M=0.001s

2012-05-07 05:19:11 (14.9 MB/s) - `code/../crawls/carmax.com/Privacy-Policy/raw/www.carmax.com/img/popups/bg_header_popup.jpg' saved [11351/11351]

--2012-05-07 05:19:11--  http://www.carmax.com/img/popups/bg_border.gif
Reusing existing connection to www.carmax.com:80.
HTTP request sent, awaiting response... 200 OK
Length: 50 [image/gif]
Saving to: `code/../crawls/carmax.com/Privacy-Policy/raw/www.carmax.com/img/popups/bg_border.gif'

     0K                                                       100% 9.34M=0s

2012-05-07 05:19:11 (9.34 MB/s) - `code/../crawls/carmax.com/Privacy-Policy/raw/www.carmax.com/img/popups/bg_border.gif' saved [50/50]

--2012-05-07 05:19:11--  http://www.carmax.com/img/popups/bg_dp_content.gif
Reusing existing connection to www.carmax.com:80.
HTTP request sent, awaiting response... 200 OK
Length: 860 [image/gif]
Saving to: `code/../crawls/carmax.com/Privacy-Policy/raw/www.carmax.com/img/popups/bg_dp_content.gif'

     0K                                                       100%  147M=0s

2012-05-07 05:19:11 (147 MB/s) - `code/../crawls/carmax.com/Privacy-Policy/raw/www.carmax.com/img/popups/bg_dp_content.gif' saved [860/860]

--2012-05-07 05:19:11--  http://www.carmax.com/img/popups/bg_dp_bottom.gif
Reusing existing connection to www.carmax.com:80.
HTTP request sent, awaiting response... 200 OK
Length: 696 [image/gif]
Saving to: `code/../crawls/carmax.com/Privacy-Policy/raw/www.carmax.com/img/popups/bg_dp_bottom.gif'

     0K                                                       100%  122M=0s

2012-05-07 05:19:11 (122 MB/s) - `code/../crawls/carmax.com/Privacy-Policy/raw/www.carmax.com/img/popups/bg_dp_bottom.gif' saved [696/696]

--2012-05-07 05:19:11--  http://www.carmax.com/img/popups/bg_popup_bottom.gif
Reusing existing connection to www.carmax.com:80.
HTTP request sent, awaiting response... 200 OK
Length: 699 [image/gif]
Saving to: `code/../crawls/carmax.com/Privacy-Policy/raw/www.carmax.com/img/popups/bg_popup_bottom.gif'

     0K                                                       100%  127M=0s

2012-05-07 05:19:11 (127 MB/s) - `code/../crawls/carmax.com/Privacy-Policy/raw/www.carmax.com/img/popups/bg_popup_bottom.gif' saved [699/699]

--2012-05-07 05:19:11--  http://www.carmax.com/img/popups/btn_print_report.gif
Reusing existing connection to www.carmax.com:80.
HTTP request sent, awaiting response... 200 OK
Length: 2649 (2.6K) [image/gif]
Saving to: `code/../crawls/carmax.com/Privacy-Policy/raw/www.carmax.com/img/popups/btn_print_report.gif'

     0K ..                                                    100% 36.0M=0s

2012-05-07 05:19:11 (36.0 MB/s) - `code/../crawls/carmax.com/Privacy-Policy/raw/www.carmax.com/img/popups/btn_print_report.gif' saved [2649/2649]

--2012-05-07 05:19:11--  http://www.carmax.com/img/common/btn_delete_alert.gif
Reusing existing connection to www.carmax.com:80.
HTTP request sent, awaiting response... 200 OK
Length: 4022 (3.9K) [image/gif]
Saving to: `code/../crawls/carmax.com/Privacy-Policy/raw/www.carmax.com/img/common/btn_delete_alert.gif'

     0K ...                                                   100% 30.1M=0s

2012-05-07 05:19:11 (30.1 MB/s) - `code/../crawls/carmax.com/Privacy-Policy/raw/www.carmax.com/img/common/btn_delete_alert.gif' saved [4022/4022]

--2012-05-07 05:19:11--  http://www.carmax.com/img/popups/btn_close_window.gif
Reusing existing connection to www.carmax.com:80.
HTTP request sent, awaiting response... 200 OK
Length: 3608 (3.5K) [image/gif]
Saving to: `code/../crawls/carmax.com/Privacy-Policy/raw/www.carmax.com/img/popups/btn_close_window.gif'

     0K ...                                                   100% 81.2K=0.04s

2012-05-07 05:19:11 (81.2 KB/s) - `code/../crawls/carmax.com/Privacy-Policy/raw/www.carmax.com/img/popups/btn_close_window.gif' saved [3608/3608]

--2012-05-07 05:19:11--  http://www.carmax.com/assets/P3ommLEcL3aA176V5fmW-Pl6jQMXDQgO/btn_transferred_car_page.gif
Reusing existing connection to www.carmax.com:80.
HTTP request sent, awaiting response... 200 OK
Length: 5422 (5.3K) [image/gif]
Saving to: `code/../crawls/carmax.com/Privacy-Policy/raw/www.carmax.com/assets/P3ommLEcL3aA176V5fmW-Pl6jQMXDQgO/btn_transferred_car_page.gif'

     0K .....                                                 100% 27.4M=0s

2012-05-07 05:19:11 (27.4 MB/s) - `code/../crawls/carmax.com/Privacy-Policy/raw/www.carmax.com/assets/P3ommLEcL3aA176V5fmW-Pl6jQMXDQgO/btn_transferred_car_page.gif' saved [5422/5422]

FINISHED --2012-05-07 05:19:11--
Total wall clock time: 5.3s
Downloaded: 84 files, 598K in 0.5s (1.23 MB/s)
Converting code/../crawls/carmax.com/Privacy-Policy/raw/www.carmax.com/enus/privacy-policy/default.html... 10-2
Converting code/../crawls/carmax.com/Privacy-Policy/raw/www.carmax.com/css/global.css?v=1.11.7.css... 74-0
Converting code/../crawls/carmax.com/Privacy-Policy/raw/www.carmax.com/css/enUS/popup.css?v=1.11.7.css... 12-0
Converted 3 files in 0.004 seconds.
