--2013-04-10 05:10:11--  http://timeanddate.com/information/privacy.html
Resolving timeanddate.com... 146.82.192.177, 146.82.192.201
Connecting to timeanddate.com|146.82.192.177|:80... connected.
HTTP request sent, awaiting response... 200 OK
Length: 6301 (6.2K) [text/html]
Saving to: `code/../crawls/timeanddate.com/Privacy-Policy/raw/timeanddate.com/information/privacy.html'

     0K ......                                                100% 86.5K=0.07s

2013-04-10 05:10:12 (86.5 KB/s) - `code/../crawls/timeanddate.com/Privacy-Policy/raw/timeanddate.com/information/privacy.html' saved [6301/6301]

--2013-04-10 05:10:12--  http://c.tadst.com/common/wstyle.css?38
Resolving c.tadst.com... 206.160.170.41, 206.160.170.35
Connecting to c.tadst.com|206.160.170.41|:80... connected.
HTTP request sent, awaiting response... 200 OK
Length: unspecified [text/css]
Saving to: `code/../crawls/timeanddate.com/Privacy-Policy/raw/c.tadst.com/common/wstyle.css?38.css'

     0K .......... .......... .......... .......... ........   7.14M=0.007s

2013-04-10 05:10:12 (7.14 MB/s) - `code/../crawls/timeanddate.com/Privacy-Policy/raw/c.tadst.com/common/wstyle.css?38.css' saved [49988]

--2013-04-10 05:10:12--  http://c.tadst.com/gfx/n/tad-logo-com.png
Reusing existing connection to c.tadst.com:80.
HTTP request sent, awaiting response... 200 OK
Length: 4332 (4.2K) [image/png]
Saving to: `code/../crawls/timeanddate.com/Privacy-Policy/raw/c.tadst.com/gfx/n/tad-logo-com.png'

     0K ....                                                  100% 52.8M=0s

2013-04-10 05:10:12 (52.8 MB/s) - `code/../crawls/timeanddate.com/Privacy-Policy/raw/c.tadst.com/gfx/n/tad-logo-com.png' saved [4332/4332]

--2013-04-10 05:10:12--  http://c.tadst.com/common/wcommon.js?32
Reusing existing connection to c.tadst.com:80.
HTTP request sent, awaiting response... 200 OK
Length: 28274 (28K) [application/javascript]
Saving to: `code/../crawls/timeanddate.com/Privacy-Policy/raw/c.tadst.com/common/wcommon.js?32'

     0K .......... .......... .......                         100% 11.9M=0.002s

2013-04-10 05:10:12 (11.9 MB/s) - `code/../crawls/timeanddate.com/Privacy-Policy/raw/c.tadst.com/common/wcommon.js?32' saved [28274/28274]

--2013-04-10 05:10:12--  http://c.tadst.com/gfx/n/hr-bg.png
Reusing existing connection to c.tadst.com:80.
HTTP request sent, awaiting response... 200 OK
Length: 413 [image/png]
Saving to: `code/../crawls/timeanddate.com/Privacy-Policy/raw/c.tadst.com/gfx/n/hr-bg.png'

     0K                                                       100% 74.7M=0s

2013-04-10 05:10:12 (74.7 MB/s) - `code/../crawls/timeanddate.com/Privacy-Policy/raw/c.tadst.com/gfx/n/hr-bg.png' saved [413/413]

--2013-04-10 05:10:12--  http://c.tadst.com/gfx/n/icon/list-tick.png
Reusing existing connection to c.tadst.com:80.
HTTP request sent, awaiting response... 200 OK
Length: 433 [image/png]
Saving to: `code/../crawls/timeanddate.com/Privacy-Policy/raw/c.tadst.com/gfx/n/icon/list-tick.png'

     0K                                                       100% 61.4M=0s

2013-04-10 05:10:12 (61.4 MB/s) - `code/../crawls/timeanddate.com/Privacy-Policy/raw/c.tadst.com/gfx/n/icon/list-tick.png' saved [433/433]

--2013-04-10 05:10:12--  http://c.tadst.com/gfx/n/icon/icon-pager.png
Reusing existing connection to c.tadst.com:80.
HTTP request sent, awaiting response... 200 OK
Length: 251 [image/png]
Saving to: `code/../crawls/timeanddate.com/Privacy-Policy/raw/c.tadst.com/gfx/n/icon/icon-pager.png'

     0K                                                       100% 43.9M=0s

2013-04-10 05:10:12 (43.9 MB/s) - `code/../crawls/timeanddate.com/Privacy-Policy/raw/c.tadst.com/gfx/n/icon/icon-pager.png' saved [251/251]

--2013-04-10 05:10:12--  http://c.tadst.com/gfx/n/spr-toolbar.png
Reusing existing connection to c.tadst.com:80.
HTTP request sent, awaiting response... 200 OK
Length: 1565 (1.5K) [image/png]
Saving to: `code/../crawls/timeanddate.com/Privacy-Policy/raw/c.tadst.com/gfx/n/spr-toolbar.png'

     0K .                                                     100%  215M=0s

2013-04-10 05:10:12 (215 MB/s) - `code/../crawls/timeanddate.com/Privacy-Policy/raw/c.tadst.com/gfx/n/spr-toolbar.png' saved [1565/1565]

--2013-04-10 05:10:12--  http://c.tadst.com/gfx/n/icon/icon-big-play.png
Reusing existing connection to c.tadst.com:80.
HTTP request sent, awaiting response... 200 OK
Length: 1496 (1.5K) [image/png]
Saving to: `code/../crawls/timeanddate.com/Privacy-Policy/raw/c.tadst.com/gfx/n/icon/icon-big-play.png'

     0K .                                                     100%  209M=0s

2013-04-10 05:10:12 (209 MB/s) - `code/../crawls/timeanddate.com/Privacy-Policy/raw/c.tadst.com/gfx/n/icon/icon-big-play.png' saved [1496/1496]

--2013-04-10 05:10:12--  http://c.tadst.com/gfx/n/bg-header_footer.jpg
Reusing existing connection to c.tadst.com:80.
HTTP request sent, awaiting response... 200 OK
Length: 24350 (24K) [image/jpeg]
Saving to: `code/../crawls/timeanddate.com/Privacy-Policy/raw/c.tadst.com/gfx/n/bg-header_footer.jpg'

     0K .......... .......... ...                             100% 12.3M=0.002s

2013-04-10 05:10:12 (12.3 MB/s) - `code/../crawls/timeanddate.com/Privacy-Policy/raw/c.tadst.com/gfx/n/bg-header_footer.jpg' saved [24350/24350]

--2013-04-10 05:10:12--  http://c.tadst.com/gfx/n/spr_03e.png
Reusing existing connection to c.tadst.com:80.
HTTP request sent, awaiting response... 200 OK
Length: 2479 (2.4K) [image/png]
Saving to: `code/../crawls/timeanddate.com/Privacy-Policy/raw/c.tadst.com/gfx/n/spr_03e.png'

     0K ..                                                    100% 34.7M=0s

2013-04-10 05:10:12 (34.7 MB/s) - `code/../crawls/timeanddate.com/Privacy-Policy/raw/c.tadst.com/gfx/n/spr_03e.png' saved [2479/2479]

--2013-04-10 05:10:12--  http://c.tadst.com/gfx/n/bg-main.png
Reusing existing connection to c.tadst.com:80.
HTTP request sent, awaiting response... 200 OK
Length: 673 [image/png]
Saving to: `code/../crawls/timeanddate.com/Privacy-Policy/raw/c.tadst.com/gfx/n/bg-main.png'

     0K                                                       100%  116M=0s

2013-04-10 05:10:12 (116 MB/s) - `code/../crawls/timeanddate.com/Privacy-Policy/raw/c.tadst.com/gfx/n/bg-main.png' saved [673/673]

--2013-04-10 05:10:12--  http://c.tadst.com/gfx/n/box-grad.png
Reusing existing connection to c.tadst.com:80.
HTTP request sent, awaiting response... 200 OK
Length: 190 [image/png]
Saving to: `code/../crawls/timeanddate.com/Privacy-Policy/raw/c.tadst.com/gfx/n/box-grad.png'

     0K                                                       100% 33.9M=0s

2013-04-10 05:10:12 (33.9 MB/s) - `code/../crawls/timeanddate.com/Privacy-Policy/raw/c.tadst.com/gfx/n/box-grad.png' saved [190/190]

--2013-04-10 05:10:12--  http://c.tadst.com/gfx/n/logo-toolbar.png
Reusing existing connection to c.tadst.com:80.
HTTP request sent, awaiting response... 200 OK
Length: 1568 (1.5K) [image/png]
Saving to: `code/../crawls/timeanddate.com/Privacy-Policy/raw/c.tadst.com/gfx/n/logo-toolbar.png'

     0K .                                                     100%  222M=0s

2013-04-10 05:10:12 (222 MB/s) - `code/../crawls/timeanddate.com/Privacy-Policy/raw/c.tadst.com/gfx/n/logo-toolbar.png' saved [1568/1568]

--2013-04-10 05:10:12--  http://c.tadst.com/gfx/n/bg-styled_select.png
Reusing existing connection to c.tadst.com:80.
HTTP request sent, awaiting response... 404 Not Found
2013-04-10 05:10:13 ERROR 404: Not Found.

--2013-04-10 05:10:13--  http://c.tadst.com/gfx/n/button-gloss.png
Reusing existing connection to c.tadst.com:80.
HTTP request sent, awaiting response... 200 OK
Length: 74 [image/png]
Saving to: `code/../crawls/timeanddate.com/Privacy-Policy/raw/c.tadst.com/gfx/n/button-gloss.png'

     0K                                                       100% 14.0M=0s

2013-04-10 05:10:13 (14.0 MB/s) - `code/../crawls/timeanddate.com/Privacy-Policy/raw/c.tadst.com/gfx/n/button-gloss.png' saved [74/74]

--2013-04-10 05:10:13--  http://c.tadst.com/gfx/n/icon/icon-add_more.png
Reusing existing connection to c.tadst.com:80.
HTTP request sent, awaiting response... 200 OK
Length: 269 [image/png]
Saving to: `code/../crawls/timeanddate.com/Privacy-Policy/raw/c.tadst.com/gfx/n/icon/icon-add_more.png'

     0K                                                       100% 45.8M=0s

2013-04-10 05:10:13 (45.8 MB/s) - `code/../crawls/timeanddate.com/Privacy-Policy/raw/c.tadst.com/gfx/n/icon/icon-add_more.png' saved [269/269]

--2013-04-10 05:10:13--  http://c.tadst.com/gfx/n/bg-styled_select-01.png
Reusing existing connection to c.tadst.com:80.
HTTP request sent, awaiting response... 200 OK
Length: 310 [image/png]
Saving to: `code/../crawls/timeanddate.com/Privacy-Policy/raw/c.tadst.com/gfx/n/bg-styled_select-01.png'

     0K                                                       100% 49.8M=0s

2013-04-10 05:10:13 (49.8 MB/s) - `code/../crawls/timeanddate.com/Privacy-Policy/raw/c.tadst.com/gfx/n/bg-styled_select-01.png' saved [310/310]

--2013-04-10 05:10:13--  http://c.tadst.com/gfx/n/bg-styled_select-03.png
Reusing existing connection to c.tadst.com:80.
HTTP request sent, awaiting response... 200 OK
Length: 914 [image/png]
Saving to: `code/../crawls/timeanddate.com/Privacy-Policy/raw/c.tadst.com/gfx/n/bg-styled_select-03.png'

     0K                                                       100%  145M=0s

2013-04-10 05:10:13 (145 MB/s) - `code/../crawls/timeanddate.com/Privacy-Policy/raw/c.tadst.com/gfx/n/bg-styled_select-03.png' saved [914/914]

--2013-04-10 05:10:13--  http://c.tadst.com/gfx/n/bg-desc.png
Reusing existing connection to c.tadst.com:80.
HTTP request sent, awaiting response... 200 OK
Length: 218 [image/png]
Saving to: `code/../crawls/timeanddate.com/Privacy-Policy/raw/c.tadst.com/gfx/n/bg-desc.png'

     0K                                                       100% 38.6M=0s

2013-04-10 05:10:13 (38.6 MB/s) - `code/../crawls/timeanddate.com/Privacy-Policy/raw/c.tadst.com/gfx/n/bg-desc.png' saved [218/218]

--2013-04-10 05:10:13--  http://c.tadst.com/gfx/n/spr-more.png
Reusing existing connection to c.tadst.com:80.
HTTP request sent, awaiting response... 200 OK
Length: 162 [image/png]
Saving to: `code/../crawls/timeanddate.com/Privacy-Policy/raw/c.tadst.com/gfx/n/spr-more.png'

     0K                                                       100% 29.0M=0s

2013-04-10 05:10:13 (29.0 MB/s) - `code/../crawls/timeanddate.com/Privacy-Policy/raw/c.tadst.com/gfx/n/spr-more.png' saved [162/162]

--2013-04-10 05:10:13--  http://c.tadst.com/gfx/n/spr-nxt-prv.png
Reusing existing connection to c.tadst.com:80.
HTTP request sent, awaiting response... 200 OK
Length: 299 [image/png]
Saving to: `code/../crawls/timeanddate.com/Privacy-Policy/raw/c.tadst.com/gfx/n/spr-nxt-prv.png'

     0K                                                       100% 52.7M=0s

2013-04-10 05:10:13 (52.7 MB/s) - `code/../crawls/timeanddate.com/Privacy-Policy/raw/c.tadst.com/gfx/n/spr-nxt-prv.png' saved [299/299]

--2013-04-10 05:10:13--  http://c.tadst.com/gfx/n/bg-title.png
Reusing existing connection to c.tadst.com:80.
HTTP request sent, awaiting response... 200 OK
Length: 81 [image/png]
Saving to: `code/../crawls/timeanddate.com/Privacy-Policy/raw/c.tadst.com/gfx/n/bg-title.png'

     0K                                                       100% 15.1M=0s

2013-04-10 05:10:13 (15.1 MB/s) - `code/../crawls/timeanddate.com/Privacy-Policy/raw/c.tadst.com/gfx/n/bg-title.png' saved [81/81]

--2013-04-10 05:10:13--  http://c.tadst.com/gfx/n/nav-conf.png
Reusing existing connection to c.tadst.com:80.
HTTP request sent, awaiting response... 200 OK
Length: 243 [image/png]
Saving to: `code/../crawls/timeanddate.com/Privacy-Policy/raw/c.tadst.com/gfx/n/nav-conf.png'

     0K                                                       100% 41.6M=0s

2013-04-10 05:10:13 (41.6 MB/s) - `code/../crawls/timeanddate.com/Privacy-Policy/raw/c.tadst.com/gfx/n/nav-conf.png' saved [243/243]

--2013-04-10 05:10:13--  http://c.tadst.com/gfx/n/icon/tb-set.png
Reusing existing connection to c.tadst.com:80.
HTTP request sent, awaiting response... 200 OK
Length: 354 [image/png]
Saving to: `code/../crawls/timeanddate.com/Privacy-Policy/raw/c.tadst.com/gfx/n/icon/tb-set.png'

     0K                                                       100% 63.1M=0s

2013-04-10 05:10:13 (63.1 MB/s) - `code/../crawls/timeanddate.com/Privacy-Policy/raw/c.tadst.com/gfx/n/icon/tb-set.png' saved [354/354]

--2013-04-10 05:10:13--  http://c.tadst.com/gfx/n/icon/icon-config.png
Reusing existing connection to c.tadst.com:80.
HTTP request sent, awaiting response... 200 OK
Length: 493 [image/png]
Saving to: `code/../crawls/timeanddate.com/Privacy-Policy/raw/c.tadst.com/gfx/n/icon/icon-config.png'

     0K                                                       100% 81.0M=0s

2013-04-10 05:10:13 (81.0 MB/s) - `code/../crawls/timeanddate.com/Privacy-Policy/raw/c.tadst.com/gfx/n/icon/icon-config.png' saved [493/493]

--2013-04-10 05:10:13--  http://c.tadst.com/gfx/n/icon/icon-more.png
Reusing existing connection to c.tadst.com:80.
HTTP request sent, awaiting response... 200 OK
Length: 122 [image/png]
Saving to: `code/../crawls/timeanddate.com/Privacy-Policy/raw/c.tadst.com/gfx/n/icon/icon-more.png'

     0K                                                       100% 21.7M=0s

2013-04-10 05:10:13 (21.7 MB/s) - `code/../crawls/timeanddate.com/Privacy-Policy/raw/c.tadst.com/gfx/n/icon/icon-more.png' saved [122/122]

--2013-04-10 05:10:13--  http://c.tadst.com/gfx/n/img-tag.png
Reusing existing connection to c.tadst.com:80.
HTTP request sent, awaiting response... 200 OK
Length: 771 [image/png]
Saving to: `code/../crawls/timeanddate.com/Privacy-Policy/raw/c.tadst.com/gfx/n/img-tag.png'

     0K                                                       100%  133M=0s

2013-04-10 05:10:13 (133 MB/s) - `code/../crawls/timeanddate.com/Privacy-Policy/raw/c.tadst.com/gfx/n/img-tag.png' saved [771/771]

--2013-04-10 05:10:13--  http://c.tadst.com/gfx/n/icon/icon-image_credit.png
Reusing existing connection to c.tadst.com:80.
HTTP request sent, awaiting response... 200 OK
Length: 158 [image/png]
Saving to: `code/../crawls/timeanddate.com/Privacy-Policy/raw/c.tadst.com/gfx/n/icon/icon-image_credit.png'

     0K                                                       100% 27.9M=0s

2013-04-10 05:10:13 (27.9 MB/s) - `code/../crawls/timeanddate.com/Privacy-Policy/raw/c.tadst.com/gfx/n/icon/icon-image_credit.png' saved [158/158]

--2013-04-10 05:10:13--  http://c.tadst.com/gfx/n/icon/arrows-sortable.png
Reusing existing connection to c.tadst.com:80.
HTTP request sent, awaiting response... 200 OK
Length: 300 [image/png]
Saving to: `code/../crawls/timeanddate.com/Privacy-Policy/raw/c.tadst.com/gfx/n/icon/arrows-sortable.png'

     0K                                                       100% 52.7M=0s

2013-04-10 05:10:13 (52.7 MB/s) - `code/../crawls/timeanddate.com/Privacy-Policy/raw/c.tadst.com/gfx/n/icon/arrows-sortable.png' saved [300/300]

--2013-04-10 05:10:13--  http://c.tadst.com/gfx/n/apps/app-48-shadow.png
Reusing existing connection to c.tadst.com:80.
HTTP request sent, awaiting response... 200 OK
Length: 298 [image/png]
Saving to: `code/../crawls/timeanddate.com/Privacy-Policy/raw/c.tadst.com/gfx/n/apps/app-48-shadow.png'

     0K                                                       100% 52.3M=0s

2013-04-10 05:10:13 (52.3 MB/s) - `code/../crawls/timeanddate.com/Privacy-Policy/raw/c.tadst.com/gfx/n/apps/app-48-shadow.png' saved [298/298]

FINISHED --2013-04-10 05:10:13--
Total wall clock time: 1.6s
Downloaded: 30 files, 124K in 0.08s (1.48 MB/s)
Converting code/../crawls/timeanddate.com/Privacy-Policy/raw/timeanddate.com/information/privacy.html... 5-31
Converting code/../crawls/timeanddate.com/Privacy-Policy/raw/c.tadst.com/common/wstyle.css?38.css... 39-1
Converted 2 files in 0.003 seconds.
