--2012-05-10 05:07:10--  http://www.tigerdirect.com/sectors/aboutus/privacy.asp
Resolving www.tigerdirect.com... 184.87.158.103
Connecting to www.tigerdirect.com|184.87.158.103|:80... connected.
HTTP request sent, awaiting response... 200 OK
Length: unspecified [text/html]
Saving to: `code/../crawls/tigerdirect.com/Privacy-Policy/raw/www.tigerdirect.com/sectors/aboutus/privacy.asp.html'

     0K .......... .......... .......... .......... .......... 6.55M
    50K .......... .......... .......... .......... .......... 5.29M
   100K .......... .......... .......... .......... .......... 10.6M
   150K .                                                      2097G=0.02s

2012-05-10 05:07:11 (6.92 MB/s) - `code/../crawls/tigerdirect.com/Privacy-Policy/raw/www.tigerdirect.com/sectors/aboutus/privacy.asp.html' saved [154726]

--2012-05-10 05:07:11--  http://www.tigerdirect.com/css/global.css
Reusing existing connection to www.tigerdirect.com:80.
HTTP request sent, awaiting response... 200 OK
Length: 14709 (14K) [text/css]
Saving to: `code/../crawls/tigerdirect.com/Privacy-Policy/raw/www.tigerdirect.com/css/global.css'

     0K .......... ....                                       100% 15.8M=0.001s

2012-05-10 05:07:11 (15.8 MB/s) - `code/../crawls/tigerdirect.com/Privacy-Policy/raw/www.tigerdirect.com/css/global.css' saved [14709/14709]

--2012-05-10 05:07:11--  http://www.tigerdirect.com/css/global3_com.css
Reusing existing connection to www.tigerdirect.com:80.
HTTP request sent, awaiting response... 200 OK
Length: 786 [text/css]
Saving to: `code/../crawls/tigerdirect.com/Privacy-Policy/raw/www.tigerdirect.com/css/global3_com.css'

     0K                                                       100%  129M=0s

2012-05-10 05:07:11 (129 MB/s) - `code/../crawls/tigerdirect.com/Privacy-Policy/raw/www.tigerdirect.com/css/global3_com.css' saved [786/786]

--2012-05-10 05:07:11--  http://images.highspeedbackbone.net/glblbg-FreeShipping_momApproved_v4.jpg
Resolving images.highspeedbackbone.net... 184.87.159.227
Connecting to images.highspeedbackbone.net|184.87.159.227|:80... connected.
HTTP request sent, awaiting response... 200 OK
Length: 31126 (30K) [image/jpeg]
Saving to: `code/../crawls/tigerdirect.com/Privacy-Policy/raw/images.highspeedbackbone.net/glblbg-FreeShipping_momApproved_v4.jpg'

     0K .......... .......... ..........                      100% 4.81M=0.006s

2012-05-10 05:07:11 (4.81 MB/s) - `code/../crawls/tigerdirect.com/Privacy-Policy/raw/images.highspeedbackbone.net/glblbg-FreeShipping_momApproved_v4.jpg' saved [31126/31126]

--2012-05-10 05:07:11--  http://images.highspeedbackbone.net/td/glbl-sprite-sitewide.png
Reusing existing connection to images.highspeedbackbone.net:80.
HTTP request sent, awaiting response... 200 OK
Length: 6712 (6.6K) [image/png]
Saving to: `code/../crawls/tigerdirect.com/Privacy-Policy/raw/images.highspeedbackbone.net/td/glbl-sprite-sitewide.png'

     0K ......                                                100% 21.7M=0s

2012-05-10 05:07:11 (21.7 MB/s) - `code/../crawls/tigerdirect.com/Privacy-Policy/raw/images.highspeedbackbone.net/td/glbl-sprite-sitewide.png' saved [6712/6712]

--2012-05-10 05:07:11--  http://images.highspeedbackbone.net/td/glbl-sprite-blue.png
Reusing existing connection to images.highspeedbackbone.net:80.
HTTP request sent, awaiting response... 200 OK
Length: 4906 (4.8K) [image/png]
Saving to: `code/../crawls/tigerdirect.com/Privacy-Policy/raw/images.highspeedbackbone.net/td/glbl-sprite-blue.png'

     0K ....                                                  100% 24.0M=0s

2012-05-10 05:07:11 (24.0 MB/s) - `code/../crawls/tigerdirect.com/Privacy-Policy/raw/images.highspeedbackbone.net/td/glbl-sprite-blue.png' saved [4906/4906]

--2012-05-10 05:07:11--  http://images.highspeedbackbone.net/td/breadcrumb-arrow.gif
Reusing existing connection to images.highspeedbackbone.net:80.
HTTP request sent, awaiting response... 200 OK
Length: 50 [image/gif]
Saving to: `code/../crawls/tigerdirect.com/Privacy-Policy/raw/images.highspeedbackbone.net/td/breadcrumb-arrow.gif'

     0K                                                       100% 9.07M=0s

2012-05-10 05:07:11 (9.07 MB/s) - `code/../crawls/tigerdirect.com/Privacy-Policy/raw/images.highspeedbackbone.net/td/breadcrumb-arrow.gif' saved [50/50]

--2012-05-10 05:07:11--  http://images.highspeedbackbone.net/td/glbl-sprite-icons.png
Reusing existing connection to images.highspeedbackbone.net:80.
HTTP request sent, awaiting response... 200 OK
Length: 3413 (3.3K) [image/png]
Saving to: `code/../crawls/tigerdirect.com/Privacy-Policy/raw/images.highspeedbackbone.net/td/glbl-sprite-icons.png'

     0K ...                                                   100% 45.0M=0s

2012-05-10 05:07:11 (45.0 MB/s) - `code/../crawls/tigerdirect.com/Privacy-Policy/raw/images.highspeedbackbone.net/td/glbl-sprite-icons.png' saved [3413/3413]

--2012-05-10 05:07:11--  http://images.highspeedbackbone.net/td/td-checkoutBtns-sprite.png
Reusing existing connection to images.highspeedbackbone.net:80.
HTTP request sent, awaiting response... 200 OK
Length: 19397 (19K) [image/png]
Saving to: `code/../crawls/tigerdirect.com/Privacy-Policy/raw/images.highspeedbackbone.net/td/td-checkoutBtns-sprite.png'

     0K .......... ........                                   100% 6.17M=0.003s

2012-05-10 05:07:11 (6.17 MB/s) - `code/../crawls/tigerdirect.com/Privacy-Policy/raw/images.highspeedbackbone.net/td/td-checkoutBtns-sprite.png' saved [19397/19397]

--2012-05-10 05:07:11--  http://images.highspeedbackbone.net/td/search-go-yellow.png
Reusing existing connection to images.highspeedbackbone.net:80.
HTTP request sent, awaiting response... 200 OK
Length: 1447 (1.4K) [image/png]
Saving to: `code/../crawls/tigerdirect.com/Privacy-Policy/raw/images.highspeedbackbone.net/td/search-go-yellow.png'

     0K .                                                     100%  219M=0s

2012-05-10 05:07:11 (219 MB/s) - `code/../crawls/tigerdirect.com/Privacy-Policy/raw/images.highspeedbackbone.net/td/search-go-yellow.png' saved [1447/1447]

--2012-05-10 05:07:11--  http://images.highspeedbackbone.net/td/icon-pulsminus.gif
Reusing existing connection to images.highspeedbackbone.net:80.
HTTP request sent, awaiting response... 200 OK
Length: 108 [image/gif]
Saving to: `code/../crawls/tigerdirect.com/Privacy-Policy/raw/images.highspeedbackbone.net/td/icon-pulsminus.gif'

     0K                                                       100% 19.2M=0s

2012-05-10 05:07:11 (19.2 MB/s) - `code/../crawls/tigerdirect.com/Privacy-Policy/raw/images.highspeedbackbone.net/td/icon-pulsminus.gif' saved [108/108]

--2012-05-10 05:07:11--  http://images.highspeedbackbone.net/mockup/checkout/icon-alert_v3.png
Reusing existing connection to images.highspeedbackbone.net:80.
HTTP request sent, awaiting response... 200 OK
Length: 1357 (1.3K) [image/png]
Saving to: `code/../crawls/tigerdirect.com/Privacy-Policy/raw/images.highspeedbackbone.net/mockup/checkout/icon-alert_v3.png'

     0K .                                                     100%  174M=0s

2012-05-10 05:07:11 (174 MB/s) - `code/../crawls/tigerdirect.com/Privacy-Policy/raw/images.highspeedbackbone.net/mockup/checkout/icon-alert_v3.png' saved [1357/1357]

--2012-05-10 05:07:11--  http://images.highspeedbackbone.net/td/masthead/masthead-bgX_repeat.gif
Reusing existing connection to images.highspeedbackbone.net:80.
HTTP request sent, awaiting response... 200 OK
Length: 81 [image/gif]
Saving to: `code/../crawls/tigerdirect.com/Privacy-Policy/raw/images.highspeedbackbone.net/td/masthead/masthead-bgX_repeat.gif'

     0K                                                       100% 14.3M=0s

2012-05-10 05:07:11 (14.3 MB/s) - `code/../crawls/tigerdirect.com/Privacy-Policy/raw/images.highspeedbackbone.net/td/masthead/masthead-bgX_repeat.gif' saved [81/81]

--2012-05-10 05:07:11--  http://images.highspeedbackbone.net/td/masthead/masthead-bg.jpg
Reusing existing connection to images.highspeedbackbone.net:80.
HTTP request sent, awaiting response... 200 OK
Length: 3165 (3.1K) [image/jpeg]
Saving to: `code/../crawls/tigerdirect.com/Privacy-Policy/raw/images.highspeedbackbone.net/td/masthead/masthead-bg.jpg'

     0K ...                                                   100% 40.4M=0s

2012-05-10 05:07:11 (40.4 MB/s) - `code/../crawls/tigerdirect.com/Privacy-Policy/raw/images.highspeedbackbone.net/td/masthead/masthead-bg.jpg' saved [3165/3165]

--2012-05-10 05:07:11--  http://images.highspeedbackbone.net/td/masthead/nav-logo.png
Reusing existing connection to images.highspeedbackbone.net:80.
HTTP request sent, awaiting response... 200 OK
Length: 1514 (1.5K) [image/png]
Saving to: `code/../crawls/tigerdirect.com/Privacy-Policy/raw/images.highspeedbackbone.net/td/masthead/nav-logo.png'

     0K .                                                     100%  229M=0s

2012-05-10 05:07:11 (229 MB/s) - `code/../crawls/tigerdirect.com/Privacy-Policy/raw/images.highspeedbackbone.net/td/masthead/nav-logo.png' saved [1514/1514]

--2012-05-10 05:07:11--  http://images.highspeedbackbone.net/td/masthead/nav-logo_innercircle.png
Reusing existing connection to images.highspeedbackbone.net:80.
HTTP request sent, awaiting response... 200 OK
Length: 4339 (4.2K) [image/png]
Saving to: `code/../crawls/tigerdirect.com/Privacy-Policy/raw/images.highspeedbackbone.net/td/masthead/nav-logo_innercircle.png'

     0K ....                                                  100% 21.3M=0s

2012-05-10 05:07:11 (21.3 MB/s) - `code/../crawls/tigerdirect.com/Privacy-Policy/raw/images.highspeedbackbone.net/td/masthead/nav-logo_innercircle.png' saved [4339/4339]

--2012-05-10 05:07:11--  http://images.highspeedbackbone.net/td/masthead/nav-crossLinks_v2.gif
Reusing existing connection to images.highspeedbackbone.net:80.
HTTP request sent, awaiting response... 200 OK
Length: 5404 (5.3K) [image/gif]
Saving to: `code/../crawls/tigerdirect.com/Privacy-Policy/raw/images.highspeedbackbone.net/td/masthead/nav-crossLinks_v2.gif'

     0K .....                                                 100% 17.4M=0s

2012-05-10 05:07:11 (17.4 MB/s) - `code/../crawls/tigerdirect.com/Privacy-Policy/raw/images.highspeedbackbone.net/td/masthead/nav-crossLinks_v2.gif' saved [5404/5404]

--2012-05-10 05:07:11--  http://images.highspeedbackbone.net/td/masthead/header-mastnav.png
Reusing existing connection to images.highspeedbackbone.net:80.
HTTP request sent, awaiting response... 200 OK
Length: 10553 (10K) [image/png]
Saving to: `code/../crawls/tigerdirect.com/Privacy-Policy/raw/images.highspeedbackbone.net/td/masthead/header-mastnav.png'

     0K ..........                                            100% 14.7M=0.001s

2012-05-10 05:07:11 (14.7 MB/s) - `code/../crawls/tigerdirect.com/Privacy-Policy/raw/images.highspeedbackbone.net/td/masthead/header-mastnav.png' saved [10553/10553]

--2012-05-10 05:07:11--  http://images.highspeedbackbone.net/td/footer/share-connect.gif
Reusing existing connection to images.highspeedbackbone.net:80.
HTTP request sent, awaiting response... 200 OK
Length: 5512 (5.4K) [image/gif]
Saving to: `code/../crawls/tigerdirect.com/Privacy-Policy/raw/images.highspeedbackbone.net/td/footer/share-connect.gif'

     0K .....                                                 100% 19.8M=0s

2012-05-10 05:07:11 (19.8 MB/s) - `code/../crawls/tigerdirect.com/Privacy-Policy/raw/images.highspeedbackbone.net/td/footer/share-connect.gif' saved [5512/5512]

--2012-05-10 05:07:11--  http://images.highspeedbackbone.net/td/v_advert_label.gif
Reusing existing connection to images.highspeedbackbone.net:80.
HTTP request sent, awaiting response... 200 OK
Length: 99 [image/gif]
Saving to: `code/../crawls/tigerdirect.com/Privacy-Policy/raw/images.highspeedbackbone.net/td/v_advert_label.gif'

     0K                                                       100% 18.4M=0s

2012-05-10 05:07:11 (18.4 MB/s) - `code/../crawls/tigerdirect.com/Privacy-Policy/raw/images.highspeedbackbone.net/td/v_advert_label.gif' saved [99/99]

--2012-05-10 05:07:11--  http://images.highspeedbackbone.net/td/h_advert_label.gif
Reusing existing connection to images.highspeedbackbone.net:80.
HTTP request sent, awaiting response... 200 OK
Length: 100 [image/gif]
Saving to: `code/../crawls/tigerdirect.com/Privacy-Policy/raw/images.highspeedbackbone.net/td/h_advert_label.gif'

     0K                                                       100% 18.1M=0s

2012-05-10 05:07:11 (18.1 MB/s) - `code/../crawls/tigerdirect.com/Privacy-Policy/raw/images.highspeedbackbone.net/td/h_advert_label.gif' saved [100/100]

--2012-05-10 05:07:11--  http://images.highspeedbackbone.net/td/product-grid-advert-bgX.gif
Reusing existing connection to images.highspeedbackbone.net:80.
HTTP request sent, awaiting response... 200 OK
Length: 158 [image/gif]
Saving to: `code/../crawls/tigerdirect.com/Privacy-Policy/raw/images.highspeedbackbone.net/td/product-grid-advert-bgX.gif'

     0K                                                       100% 29.2M=0s

2012-05-10 05:07:11 (29.2 MB/s) - `code/../crawls/tigerdirect.com/Privacy-Policy/raw/images.highspeedbackbone.net/td/product-grid-advert-bgX.gif' saved [158/158]

--2012-05-10 05:07:11--  http://images.highspeedbackbone.net/td/product-list-actions-bgY.gif
Reusing existing connection to images.highspeedbackbone.net:80.
HTTP request sent, awaiting response... 200 OK
Length: 53 [image/gif]
Saving to: `code/../crawls/tigerdirect.com/Privacy-Policy/raw/images.highspeedbackbone.net/td/product-list-actions-bgY.gif'

     0K                                                       100% 10.0M=0s

2012-05-10 05:07:11 (10.0 MB/s) - `code/../crawls/tigerdirect.com/Privacy-Policy/raw/images.highspeedbackbone.net/td/product-list-actions-bgY.gif' saved [53/53]

--2012-05-10 05:07:11--  http://images.highspeedbackbone.net/td/product-list-advert-bgX.gif
Reusing existing connection to images.highspeedbackbone.net:80.
HTTP request sent, awaiting response... 200 OK
Length: 110 [image/gif]
Saving to: `code/../crawls/tigerdirect.com/Privacy-Policy/raw/images.highspeedbackbone.net/td/product-list-advert-bgX.gif'

     0K                                                       100% 20.6M=0s

2012-05-10 05:07:11 (20.6 MB/s) - `code/../crawls/tigerdirect.com/Privacy-Policy/raw/images.highspeedbackbone.net/td/product-list-advert-bgX.gif' saved [110/110]

--2012-05-10 05:07:11--  http://images.highspeedbackbone.net/homepageV2/h-coupon-bg.gif
Reusing existing connection to images.highspeedbackbone.net:80.
HTTP request sent, awaiting response... 200 OK
Length: 1191 (1.2K) [image/gif]
Saving to: `code/../crawls/tigerdirect.com/Privacy-Policy/raw/images.highspeedbackbone.net/homepageV2/h-coupon-bg.gif'

     0K .                                                     100%  191M=0s

2012-05-10 05:07:11 (191 MB/s) - `code/../crawls/tigerdirect.com/Privacy-Policy/raw/images.highspeedbackbone.net/homepageV2/h-coupon-bg.gif' saved [1191/1191]

--2012-05-10 05:07:11--  http://www.tigerdirect.com/css/global-03Beta.css
Connecting to www.tigerdirect.com|184.87.158.103|:80... connected.
HTTP request sent, awaiting response... 200 OK
Length: unspecified [text/css]
Saving to: `code/../crawls/tigerdirect.com/Privacy-Policy/raw/www.tigerdirect.com/css/global-03Beta.css'

     0K .......... .......... .......... .......... .......... 5.55M
    50K ..                                                     4.07M=0.009s

2012-05-10 05:07:11 (5.45 MB/s) - `code/../crawls/tigerdirect.com/Privacy-Policy/raw/www.tigerdirect.com/css/global-03Beta.css' saved [53755]

--2012-05-10 05:07:11--  http://ajax.googleapis.com/ajax/libs/jquery/1.7.1/jquery.js
Resolving ajax.googleapis.com... 74.125.127.95
Connecting to ajax.googleapis.com|74.125.127.95|:80... connected.
HTTP request sent, awaiting response... 200 OK
Length: unspecified [text/javascript]
Saving to: `code/../crawls/tigerdirect.com/Privacy-Policy/raw/ajax.googleapis.com/ajax/libs/jquery/1.7.1/jquery.js'

     0K .......... .......... .......... .......... .......... 1004K
    50K .......... .......... .......... .......... .......... 1.64M
   100K .......... .......... .......... .......... .......... 2.29M
   150K .......... .......... .......... .......... .......... 2.14M
   200K .......... .......... .......... .......... ..         10.5M=0.1s

2012-05-10 05:07:12 (1.86 MB/s) - `code/../crawls/tigerdirect.com/Privacy-Policy/raw/ajax.googleapis.com/ajax/libs/jquery/1.7.1/jquery.js' saved [248235]

--2012-05-10 05:07:12--  http://images.highspeedbackbone.net/helpcenter/bkgd_bar2.gif
Connecting to images.highspeedbackbone.net|184.87.159.227|:80... connected.
HTTP request sent, awaiting response... 200 OK
Length: 191 [image/gif]
Saving to: `code/../crawls/tigerdirect.com/Privacy-Policy/raw/images.highspeedbackbone.net/helpcenter/bkgd_bar2.gif'

     0K                                                       100% 31.1M=0s

2012-05-10 05:07:12 (31.1 MB/s) - `code/../crawls/tigerdirect.com/Privacy-Policy/raw/images.highspeedbackbone.net/helpcenter/bkgd_bar2.gif' saved [191/191]

--2012-05-10 05:07:12--  http://www.tigerdirect.com/sectors/include/TD_Overlay.css
Connecting to www.tigerdirect.com|184.87.158.103|:80... connected.
HTTP request sent, awaiting response... 200 OK
Length: 2368 (2.3K) [text/css]
Saving to: `code/../crawls/tigerdirect.com/Privacy-Policy/raw/www.tigerdirect.com/sectors/include/TD_Overlay.css'

     0K ..                                                    100%  300M=0s

2012-05-10 05:07:12 (300 MB/s) - `code/../crawls/tigerdirect.com/Privacy-Policy/raw/www.tigerdirect.com/sectors/include/TD_Overlay.css' saved [2368/2368]

--2012-05-10 05:07:12--  http://images.highspeedbackbone.net/livechat/masthead-livechat.gif
Connecting to images.highspeedbackbone.net|184.87.159.227|:80... connected.
HTTP request sent, awaiting response... 200 OK
Length: 2065 (2.0K) [image/gif]
Saving to: `code/../crawls/tigerdirect.com/Privacy-Policy/raw/images.highspeedbackbone.net/livechat/masthead-livechat.gif'

     0K ..                                                    100% 91.4M=0s

2012-05-10 05:07:12 (91.4 MB/s) - `code/../crawls/tigerdirect.com/Privacy-Policy/raw/images.highspeedbackbone.net/livechat/masthead-livechat.gif' saved [2065/2065]

--2012-05-10 05:07:12--  http://images.highspeedbackbone.net/td/btn-signup-sm.gif
Reusing existing connection to images.highspeedbackbone.net:80.
HTTP request sent, awaiting response... 200 OK
Length: 644 [image/gif]
Saving to: `code/../crawls/tigerdirect.com/Privacy-Policy/raw/images.highspeedbackbone.net/td/btn-signup-sm.gif'

     0K                                                       100%  102M=0s

2012-05-10 05:07:12 (102 MB/s) - `code/../crawls/tigerdirect.com/Privacy-Policy/raw/images.highspeedbackbone.net/td/btn-signup-sm.gif' saved [644/644]

--2012-05-10 05:07:12--  http://images.highspeedbackbone.net/mastheadus/internetServices.jpg
Reusing existing connection to images.highspeedbackbone.net:80.
HTTP request sent, awaiting response... 200 OK
Length: 7174 (7.0K) [image/jpeg]
Saving to: `code/../crawls/tigerdirect.com/Privacy-Policy/raw/images.highspeedbackbone.net/mastheadus/internetServices.jpg'

     0K .......                                               100% 17.6M=0s

2012-05-10 05:07:12 (17.6 MB/s) - `code/../crawls/tigerdirect.com/Privacy-Policy/raw/images.highspeedbackbone.net/mastheadus/internetServices.jpg' saved [7174/7174]

Warning: wildcards not supported in HTTP.
--2012-05-10 05:07:12--  http://ad.doubleclick.net/adi/tigerdirect.com/ROS_475x35;sz=475x35;ord=[timestamp]?
Resolving ad.doubleclick.net... 74.125.224.92, 74.125.224.91
Connecting to ad.doubleclick.net|74.125.224.92|:80... connected.
HTTP request sent, awaiting response... 200 OK
Length: 456 [text/html]
Saving to: `code/../crawls/tigerdirect.com/Privacy-Policy/raw/ad.doubleclick.net/adi/tigerdirect.com/ROS_475x35;sz=475x35;ord=[timestamp].html'

     0K                                                       100% 73.1M=0s

2012-05-10 05:07:12 (73.1 MB/s) - `code/../crawls/tigerdirect.com/Privacy-Policy/raw/ad.doubleclick.net/adi/tigerdirect.com/ROS_475x35;sz=475x35;ord=[timestamp].html' saved [456/456]

Warning: wildcards not supported in HTTP.
--2012-05-10 05:07:12--  http://ad.doubleclick.net/ad/tigerdirect.com/ROS_475x35;sz=475x35;abr=!ie4;abr=!ie5;abr=!ie6;ord=[timestamp]?
Reusing existing connection to ad.doubleclick.net:80.
HTTP request sent, awaiting response... 302 Moved Temporarily
Location: http://s0.2mdn.net/viewad/1308101/OVERSTOCK_475x35.jpg [following]
--2012-05-10 05:07:12--  http://s0.2mdn.net/viewad/1308101/OVERSTOCK_475x35.jpg
Resolving s0.2mdn.net... 74.125.224.92, 74.125.224.91
Reusing existing connection to ad.doubleclick.net:80.
HTTP request sent, awaiting response... 200 OK
Length: 15897 (16K) [image/jpeg]
Saving to: `code/../crawls/tigerdirect.com/Privacy-Policy/raw/ad.doubleclick.net/ad/tigerdirect.com/ROS_475x35;sz=475x35;abr=!ie4;abr=!ie5;abr=!ie6;ord=[timestamp]'

     0K .......... .....                                      100% 4.74M=0.003s

2012-05-10 05:07:12 (4.74 MB/s) - `code/../crawls/tigerdirect.com/Privacy-Policy/raw/ad.doubleclick.net/ad/tigerdirect.com/ROS_475x35;sz=475x35;abr=!ie4;abr=!ie5;abr=!ie6;ord=[timestamp]' saved [15897/15897]

Warning: wildcards not supported in HTTP.
--2012-05-10 05:07:12--  http://ad.doubleclick.net/adl/tigerdirect.com/ROS_475x35;sz=475x35;ord=[timestamp]?
Reusing existing connection to ad.doubleclick.net:80.
HTTP request sent, awaiting response... 200 OK
Length: 480 [text/html]
Saving to: `code/../crawls/tigerdirect.com/Privacy-Policy/raw/ad.doubleclick.net/adl/tigerdirect.com/ROS_475x35;sz=475x35;ord=[timestamp].html'

     0K                                                       100% 83.3M=0s

2012-05-10 05:07:12 (83.3 MB/s) - `code/../crawls/tigerdirect.com/Privacy-Policy/raw/ad.doubleclick.net/adl/tigerdirect.com/ROS_475x35;sz=475x35;ord=[timestamp].html' saved [480/480]

Warning: wildcards not supported in HTTP.
--2012-05-10 05:07:12--  http://ad.doubleclick.net/ad/tigerdirect.com/ROS_475x35;sz=475x35;ord=[timestamp]?
Reusing existing connection to ad.doubleclick.net:80.
HTTP request sent, awaiting response... 302 Moved Temporarily
Location: http://s0.2mdn.net/viewad/1308101/475x35-fb-generic-banner.gif [following]
--2012-05-10 05:07:12--  http://s0.2mdn.net/viewad/1308101/475x35-fb-generic-banner.gif
Reusing existing connection to ad.doubleclick.net:80.
HTTP request sent, awaiting response... 200 OK
Length: 4681 (4.6K) [image/gif]
Saving to: `code/../crawls/tigerdirect.com/Privacy-Policy/raw/ad.doubleclick.net/ad/tigerdirect.com/ROS_475x35;sz=475x35;ord=[timestamp]'

     0K ....                                                  100% 24.6M=0s

2012-05-10 05:07:12 (24.6 MB/s) - `code/../crawls/tigerdirect.com/Privacy-Policy/raw/ad.doubleclick.net/ad/tigerdirect.com/ROS_475x35;sz=475x35;ord=[timestamp]' saved [4681/4681]

--2012-05-10 05:07:12--  http://images.highspeedbackbone.net/banners/freeShipping_475x35_momApproved.jpg
Connecting to images.highspeedbackbone.net|184.87.159.227|:80... connected.
HTTP request sent, awaiting response... 200 OK
Length: 8589 (8.4K) [image/jpeg]
Saving to: `code/../crawls/tigerdirect.com/Privacy-Policy/raw/images.highspeedbackbone.net/banners/freeShipping_475x35_momApproved.jpg'

     0K ........                                              100% 2.85M=0.003s

2012-05-10 05:07:12 (2.85 MB/s) - `code/../crawls/tigerdirect.com/Privacy-Policy/raw/images.highspeedbackbone.net/banners/freeShipping_475x35_momApproved.jpg' saved [8589/8589]

--2012-05-10 05:07:12--  http://images.highspeedbackbone.net/main/icon_rss.gif
Reusing existing connection to images.highspeedbackbone.net:80.
HTTP request sent, awaiting response... 200 OK
Length: 322 [image/gif]
Saving to: `code/../crawls/tigerdirect.com/Privacy-Policy/raw/images.highspeedbackbone.net/main/icon_rss.gif'

     0K                                                       100% 55.6M=0s

2012-05-10 05:07:12 (55.6 MB/s) - `code/../crawls/tigerdirect.com/Privacy-Policy/raw/images.highspeedbackbone.net/main/icon_rss.gif' saved [322/322]

--2012-05-10 05:07:12--  http://images.highspeedbackbone.net/sidenav/trade-recycle_img1.gif
Reusing existing connection to images.highspeedbackbone.net:80.
HTTP request sent, awaiting response... 200 OK
Length: 3361 (3.3K) [image/gif]
Saving to: `code/../crawls/tigerdirect.com/Privacy-Policy/raw/images.highspeedbackbone.net/sidenav/trade-recycle_img1.gif'

     0K ...                                                   100% 66.3M=0s

2012-05-10 05:07:12 (66.3 MB/s) - `code/../crawls/tigerdirect.com/Privacy-Policy/raw/images.highspeedbackbone.net/sidenav/trade-recycle_img1.gif' saved [3361/3361]

--2012-05-10 05:07:12--  http://images.highspeedbackbone.net/misc/pixel-clr.gif
Reusing existing connection to images.highspeedbackbone.net:80.
HTTP request sent, awaiting response... 200 OK
Length: 43 [image/gif]
Saving to: `code/../crawls/tigerdirect.com/Privacy-Policy/raw/images.highspeedbackbone.net/misc/pixel-clr.gif'

     0K                                                       100% 7.32M=0s

2012-05-10 05:07:12 (7.32 MB/s) - `code/../crawls/tigerdirect.com/Privacy-Policy/raw/images.highspeedbackbone.net/misc/pixel-clr.gif' saved [43/43]

--2012-05-10 05:07:12--  http://images.highspeedbackbone.net/spacer.gif
Reusing existing connection to images.highspeedbackbone.net:80.
HTTP request sent, awaiting response... 200 OK
Length: 49 [image/gif]
Saving to: `code/../crawls/tigerdirect.com/Privacy-Policy/raw/images.highspeedbackbone.net/spacer.gif'

     0K                                                       100% 9.43M=0s

2012-05-10 05:07:12 (9.43 MB/s) - `code/../crawls/tigerdirect.com/Privacy-Policy/raw/images.highspeedbackbone.net/spacer.gif' saved [49/49]

--2012-05-10 05:07:12--  http://images.highspeedbackbone.net/titleimages/privacyrights.gif
Reusing existing connection to images.highspeedbackbone.net:80.
HTTP request sent, awaiting response... 200 OK
Length: 8143 (8.0K) [image/gif]
Saving to: `code/../crawls/tigerdirect.com/Privacy-Policy/raw/images.highspeedbackbone.net/titleimages/privacyrights.gif'

     0K .......                                               100% 18.8M=0s

2012-05-10 05:07:12 (18.8 MB/s) - `code/../crawls/tigerdirect.com/Privacy-Policy/raw/images.highspeedbackbone.net/titleimages/privacyrights.gif' saved [8143/8143]

--2012-05-10 05:07:12--  http://images.highspeedbackbone.net/greybubblearrow.gif
Reusing existing connection to images.highspeedbackbone.net:80.
HTTP request sent, awaiting response... 200 OK
Length: 328 [image/gif]
Saving to: `code/../crawls/tigerdirect.com/Privacy-Policy/raw/images.highspeedbackbone.net/greybubblearrow.gif'

     0K                                                       100% 59.0M=0s

2012-05-10 05:07:12 (59.0 MB/s) - `code/../crawls/tigerdirect.com/Privacy-Policy/raw/images.highspeedbackbone.net/greybubblearrow.gif' saved [328/328]

--2012-05-10 05:07:12--  http://images.highspeedbackbone.net/rightnav/bullet2.gif
Reusing existing connection to images.highspeedbackbone.net:80.
HTTP request sent, awaiting response... 200 OK
Length: 51 [image/gif]
Saving to: `code/../crawls/tigerdirect.com/Privacy-Policy/raw/images.highspeedbackbone.net/rightnav/bullet2.gif'

     0K                                                       100% 9.24M=0s

2012-05-10 05:07:12 (9.24 MB/s) - `code/../crawls/tigerdirect.com/Privacy-Policy/raw/images.highspeedbackbone.net/rightnav/bullet2.gif' saved [51/51]

--2012-05-10 05:07:12--  http://images.highspeedbackbone.net/rightnav/corpBanner2.jpg
Reusing existing connection to images.highspeedbackbone.net:80.
HTTP request sent, awaiting response... 200 OK
Length: 5624 (5.5K) [image/jpeg]
Saving to: `code/../crawls/tigerdirect.com/Privacy-Policy/raw/images.highspeedbackbone.net/rightnav/corpBanner2.jpg'

     0K .....                                                 100% 16.9M=0s

2012-05-10 05:07:12 (16.9 MB/s) - `code/../crawls/tigerdirect.com/Privacy-Policy/raw/images.highspeedbackbone.net/rightnav/corpBanner2.jpg' saved [5624/5624]

--2012-05-10 05:07:12--  http://images.highspeedbackbone.net/rightnav/shippingBtn.gif
Reusing existing connection to images.highspeedbackbone.net:80.
HTTP request sent, awaiting response... 200 OK
Length: 1492 (1.5K) [image/gif]
Saving to: `code/../crawls/tigerdirect.com/Privacy-Policy/raw/images.highspeedbackbone.net/rightnav/shippingBtn.gif'

     0K .                                                     100%  222M=0s

2012-05-10 05:07:12 (222 MB/s) - `code/../crawls/tigerdirect.com/Privacy-Policy/raw/images.highspeedbackbone.net/rightnav/shippingBtn.gif' saved [1492/1492]

--2012-05-10 05:07:12--  http://images.highspeedbackbone.net/dealday/rightnav/RN_daydeal_B529-0516.jpg
Reusing existing connection to images.highspeedbackbone.net:80.
HTTP request sent, awaiting response... 200 OK
Length: 23502 (23K) [image/jpeg]
Saving to: `code/../crawls/tigerdirect.com/Privacy-Policy/raw/images.highspeedbackbone.net/dealday/rightnav/RN_daydeal_B529-0516.jpg'

     0K .......... .......... ..                              100% 6.09M=0.004s

2012-05-10 05:07:12 (6.09 MB/s) - `code/../crawls/tigerdirect.com/Privacy-Policy/raw/images.highspeedbackbone.net/dealday/rightnav/RN_daydeal_B529-0516.jpg' saved [23502/23502]

--2012-05-10 05:07:12--  http://images.highspeedbackbone.net/rightnav/btn_cart3.gif
Reusing existing connection to images.highspeedbackbone.net:80.
HTTP request sent, awaiting response... 200 OK
Length: 113 [image/gif]
Saving to: `code/../crawls/tigerdirect.com/Privacy-Policy/raw/images.highspeedbackbone.net/rightnav/btn_cart3.gif'

     0K                                                       100% 21.7M=0s

2012-05-10 05:07:12 (21.7 MB/s) - `code/../crawls/tigerdirect.com/Privacy-Policy/raw/images.highspeedbackbone.net/rightnav/btn_cart3.gif' saved [113/113]

--2012-05-10 05:07:12--  http://images.highspeedbackbone.net/rightnav/h_advert.gif
Reusing existing connection to images.highspeedbackbone.net:80.
HTTP request sent, awaiting response... 200 OK
Length: 100 [image/gif]
Saving to: `code/../crawls/tigerdirect.com/Privacy-Policy/raw/images.highspeedbackbone.net/rightnav/h_advert.gif'

     0K                                                       100% 18.6M=0s

2012-05-10 05:07:12 (18.6 MB/s) - `code/../crawls/tigerdirect.com/Privacy-Policy/raw/images.highspeedbackbone.net/rightnav/h_advert.gif' saved [100/100]

--2012-05-10 05:07:12--  http://ad.doubleclick.net/adi/tigerdirect.com/ROS_160x600;sz=160x600;ord=4457534551620?
Connecting to ad.doubleclick.net|74.125.224.92|:80... connected.
HTTP request sent, awaiting response... 200 OK
Length: 1690 (1.7K) [text/html]
Saving to: `code/../crawls/tigerdirect.com/Privacy-Policy/raw/ad.doubleclick.net/adi/tigerdirect.com/ROS_160x600;sz=160x600;ord=4457534551620.html'

     0K .                                                     100%  236M=0s

2012-05-10 05:07:13 (236 MB/s) - `code/../crawls/tigerdirect.com/Privacy-Policy/raw/ad.doubleclick.net/adi/tigerdirect.com/ROS_160x600;sz=160x600;ord=4457534551620.html' saved [1690/1690]

--2012-05-10 05:07:13--  http://ad.doubleclick.net/adj/tigerdirect.com/ROS_160x600;sz=160x600;abr=!ie;ord=4457534551620?
Reusing existing connection to ad.doubleclick.net:80.
HTTP request sent, awaiting response... 200 OK
Length: 3212 (3.1K) [application/x-javascript]
Saving to: `code/../crawls/tigerdirect.com/Privacy-Policy/raw/ad.doubleclick.net/adj/tigerdirect.com/ROS_160x600;sz=160x600;abr=!ie;ord=4457534551620'

     0K ...                                                   100%  395M=0s

2012-05-10 05:07:13 (395 MB/s) - `code/../crawls/tigerdirect.com/Privacy-Policy/raw/ad.doubleclick.net/adj/tigerdirect.com/ROS_160x600;sz=160x600;abr=!ie;ord=4457534551620' saved [3212/3212]

--2012-05-10 05:07:13--  http://ad.doubleclick.net/ad/tigerdirect.com/ROS_160x600;sz=160x600;abr=!ie4;abr=!ie5;abr=!ie6;ord=4457534551620?
Reusing existing connection to ad.doubleclick.net:80.
HTTP request sent, awaiting response... 302 Moved Temporarily
Location: http://s0.2mdn.net/viewad/1308101/160-x600-mom-approved.jpg [following]
--2012-05-10 05:07:13--  http://s0.2mdn.net/viewad/1308101/160-x600-mom-approved.jpg
Reusing existing connection to ad.doubleclick.net:80.
HTTP request sent, awaiting response... 200 OK
Length: 39417 (38K) [image/jpeg]
Saving to: `code/../crawls/tigerdirect.com/Privacy-Policy/raw/ad.doubleclick.net/ad/tigerdirect.com/ROS_160x600;sz=160x600;abr=!ie4;abr=!ie5;abr=!ie6;ord=4457534551620'

     0K .......... .......... .......... ........             100% 6.97M=0.005s

2012-05-10 05:07:13 (6.97 MB/s) - `code/../crawls/tigerdirect.com/Privacy-Policy/raw/ad.doubleclick.net/ad/tigerdirect.com/ROS_160x600;sz=160x600;abr=!ie4;abr=!ie5;abr=!ie6;ord=4457534551620' saved [39417/39417]

Warning: wildcards not supported in HTTP.
--2012-05-10 05:07:13--  http://ad.doubleclick.net/adi/tigerdirect.com/ROS_728x90;sz=728x90;ord=[timestamp]?
Reusing existing connection to ad.doubleclick.net:80.
HTTP request sent, awaiting response... 200 OK
Length: 1689 (1.6K) [text/html]
Saving to: `code/../crawls/tigerdirect.com/Privacy-Policy/raw/ad.doubleclick.net/adi/tigerdirect.com/ROS_728x90;sz=728x90;ord=[timestamp].html'

     0K .                                                     100%  240M=0s

2012-05-10 05:07:13 (240 MB/s) - `code/../crawls/tigerdirect.com/Privacy-Policy/raw/ad.doubleclick.net/adi/tigerdirect.com/ROS_728x90;sz=728x90;ord=[timestamp].html' saved [1689/1689]

Warning: wildcards not supported in HTTP.
--2012-05-10 05:07:13--  http://ad.doubleclick.net/ad/tigerdirect.com/ROS_728x90;sz=728x90;abr=!ie4;abr=!ie5;abr=!ie6;ord=[timestamp]?
Reusing existing connection to ad.doubleclick.net:80.
HTTP request sent, awaiting response... 302 Moved Temporarily
Location: http://s0.2mdn.net/viewad/1308101/728x90-mom-photo-contest.jpg [following]
--2012-05-10 05:07:13--  http://s0.2mdn.net/viewad/1308101/728x90-mom-photo-contest.jpg
Reusing existing connection to ad.doubleclick.net:80.
HTTP request sent, awaiting response... 200 OK
Length: 30407 (30K) [image/jpeg]
Saving to: `code/../crawls/tigerdirect.com/Privacy-Policy/raw/ad.doubleclick.net/ad/tigerdirect.com/ROS_728x90;sz=728x90;abr=!ie4;abr=!ie5;abr=!ie6;ord=[timestamp]'

     0K .......... .......... .........                       100% 7.69M=0.004s

2012-05-10 05:07:13 (7.69 MB/s) - `code/../crawls/tigerdirect.com/Privacy-Policy/raw/ad.doubleclick.net/ad/tigerdirect.com/ROS_728x90;sz=728x90;abr=!ie4;abr=!ie5;abr=!ie6;ord=[timestamp]' saved [30407/30407]

Warning: wildcards not supported in HTTP.
--2012-05-10 05:07:13--  http://ad.doubleclick.net/adl/tigerdirect.com/ROS_728x90;sz=728x90;ord=[timestamp]?
Reusing existing connection to ad.doubleclick.net:80.
HTTP request sent, awaiting response... 200 OK
Length: 1689 (1.6K) [text/html]
Saving to: `code/../crawls/tigerdirect.com/Privacy-Policy/raw/ad.doubleclick.net/adl/tigerdirect.com/ROS_728x90;sz=728x90;ord=[timestamp].html'

     0K .                                                     100%  248M=0s

2012-05-10 05:07:13 (248 MB/s) - `code/../crawls/tigerdirect.com/Privacy-Policy/raw/ad.doubleclick.net/adl/tigerdirect.com/ROS_728x90;sz=728x90;ord=[timestamp].html' saved [1689/1689]

Warning: wildcards not supported in HTTP.
--2012-05-10 05:07:13--  http://ad.doubleclick.net/ad/tigerdirect.com/Homepage_728x90;sz=728x90;ord=[timestamp]?
Reusing existing connection to ad.doubleclick.net:80.
HTTP request sent, awaiting response... 302 Moved Temporarily
Location: http://s0.2mdn.net/viewad/1297440/1-PSA_feed_728x90.gif [following]
--2012-05-10 05:07:14--  http://s0.2mdn.net/viewad/1297440/1-PSA_feed_728x90.gif
Reusing existing connection to ad.doubleclick.net:80.
HTTP request sent, awaiting response... 200 OK
Length: 8300 (8.1K) [image/gif]
Saving to: `code/../crawls/tigerdirect.com/Privacy-Policy/raw/ad.doubleclick.net/ad/tigerdirect.com/Homepage_728x90;sz=728x90;ord=[timestamp]'

     0K ........                                              100% 15.7M=0.001s

2012-05-10 05:07:14 (15.7 MB/s) - `code/../crawls/tigerdirect.com/Privacy-Policy/raw/ad.doubleclick.net/ad/tigerdirect.com/Homepage_728x90;sz=728x90;ord=[timestamp]' saved [8300/8300]

--2012-05-10 05:07:14--  http://images.highspeedbackbone.net/td/dealAlert-catalog-thumb.gif
Connecting to images.highspeedbackbone.net|184.87.159.227|:80... connected.
HTTP request sent, awaiting response... 200 OK
Length: 5911 (5.8K) [image/gif]
Saving to: `code/../crawls/tigerdirect.com/Privacy-Policy/raw/images.highspeedbackbone.net/td/dealAlert-catalog-thumb.gif'

     0K .....                                                 100% 2.15M=0.003s

2012-05-10 05:07:14 (2.15 MB/s) - `code/../crawls/tigerdirect.com/Privacy-Policy/raw/images.highspeedbackbone.net/td/dealAlert-catalog-thumb.gif' saved [5911/5911]

--2012-05-10 05:07:14--  http://images.highspeedbackbone.net/td/footer/systemax.jpg
Reusing existing connection to images.highspeedbackbone.net:80.
HTTP request sent, awaiting response... 200 OK
Length: 2141 (2.1K) [image/jpeg]
Saving to: `code/../crawls/tigerdirect.com/Privacy-Policy/raw/images.highspeedbackbone.net/td/footer/systemax.jpg'

     0K ..                                                    100%  288M=0s

2012-05-10 05:07:14 (288 MB/s) - `code/../crawls/tigerdirect.com/Privacy-Policy/raw/images.highspeedbackbone.net/td/footer/systemax.jpg' saved [2141/2141]

--2012-05-10 05:07:14--  http://images.highspeedbackbone.net/td/footer/logos-bbb.png
Reusing existing connection to images.highspeedbackbone.net:80.
HTTP request sent, awaiting response... 200 OK
Length: 2844 (2.8K) [image/png]
Saving to: `code/../crawls/tigerdirect.com/Privacy-Policy/raw/images.highspeedbackbone.net/td/footer/logos-bbb.png'

     0K ..                                                    100% 36.9M=0s

2012-05-10 05:07:14 (36.9 MB/s) - `code/../crawls/tigerdirect.com/Privacy-Policy/raw/images.highspeedbackbone.net/td/footer/logos-bbb.png' saved [2844/2844]

--2012-05-10 05:07:14--  http://images.highspeedbackbone.net/td/footer/verisign.gif
Reusing existing connection to images.highspeedbackbone.net:80.
HTTP request sent, awaiting response... 200 OK
Length: 2978 (2.9K) [image/gif]
Saving to: `code/../crawls/tigerdirect.com/Privacy-Policy/raw/images.highspeedbackbone.net/td/footer/verisign.gif'

     0K ..                                                    100% 39.0M=0s

2012-05-10 05:07:14 (39.0 MB/s) - `code/../crawls/tigerdirect.com/Privacy-Policy/raw/images.highspeedbackbone.net/td/footer/verisign.gif' saved [2978/2978]

--2012-05-10 05:07:14--  http://images.highspeedbackbone.net/td/footer/trustwave_logo.gif
Reusing existing connection to images.highspeedbackbone.net:80.
HTTP request sent, awaiting response... 200 OK
Length: 4589 (4.5K) [image/gif]
Saving to: `code/../crawls/tigerdirect.com/Privacy-Policy/raw/images.highspeedbackbone.net/td/footer/trustwave_logo.gif'

     0K ....                                                  100% 23.6M=0s

2012-05-10 05:07:14 (23.6 MB/s) - `code/../crawls/tigerdirect.com/Privacy-Policy/raw/images.highspeedbackbone.net/td/footer/trustwave_logo.gif' saved [4589/4589]

--2012-05-10 05:07:14--  http://images.highspeedbackbone.net/td/footer/logos-mc.png
Reusing existing connection to images.highspeedbackbone.net:80.
HTTP request sent, awaiting response... 200 OK
Length: 3177 (3.1K) [image/png]
Saving to: `code/../crawls/tigerdirect.com/Privacy-Policy/raw/images.highspeedbackbone.net/td/footer/logos-mc.png'

     0K ...                                                   100% 37.3M=0s

2012-05-10 05:07:14 (37.3 MB/s) - `code/../crawls/tigerdirect.com/Privacy-Policy/raw/images.highspeedbackbone.net/td/footer/logos-mc.png' saved [3177/3177]

--2012-05-10 05:07:14--  http://images.highspeedbackbone.net/td/footer/logos-visa.png
Reusing existing connection to images.highspeedbackbone.net:80.
HTTP request sent, awaiting response... 200 OK
Length: 2694 (2.6K) [image/png]
Saving to: `code/../crawls/tigerdirect.com/Privacy-Policy/raw/images.highspeedbackbone.net/td/footer/logos-visa.png'

     0K ..                                                    100%  284M=0s

2012-05-10 05:07:14 (284 MB/s) - `code/../crawls/tigerdirect.com/Privacy-Policy/raw/images.highspeedbackbone.net/td/footer/logos-visa.png' saved [2694/2694]

--2012-05-10 05:07:14--  http://images.highspeedbackbone.net/footer/BR_2010.gif
Reusing existing connection to images.highspeedbackbone.net:80.
HTTP request sent, awaiting response... 200 OK
Length: 1902 (1.9K) [image/gif]
Saving to: `code/../crawls/tigerdirect.com/Privacy-Policy/raw/images.highspeedbackbone.net/footer/BR_2010.gif'

     0K .                                                     100%  244M=0s

2012-05-10 05:07:14 (244 MB/s) - `code/../crawls/tigerdirect.com/Privacy-Policy/raw/images.highspeedbackbone.net/footer/BR_2010.gif' saved [1902/1902]

--2012-05-10 05:07:14--  http://www.google.com/jsapi
Resolving www.google.com... 74.125.224.112, 74.125.224.113, 74.125.224.114, ...
Connecting to www.google.com|74.125.224.112|:80... connected.
HTTP request sent, awaiting response... 200 OK
Length: unspecified [text/javascript]
Saving to: `code/../crawls/tigerdirect.com/Privacy-Policy/raw/www.google.com/jsapi'

     0K .......... .......... ...                              4.18M=0.006s

2012-05-10 05:07:14 (4.18 MB/s) - `code/../crawls/tigerdirect.com/Privacy-Policy/raw/www.google.com/jsapi' saved [24289]

--2012-05-10 05:07:14--  http://i.simpli.fi/dpx?cid=1504&action=100&segment=Systemax
Resolving i.simpli.fi... 174.36.149.67
Connecting to i.simpli.fi|174.36.149.67|:80... connected.
HTTP request sent, awaiting response... 200 OK
Length: 43 [image/gif]
Saving to: `code/../crawls/tigerdirect.com/Privacy-Policy/raw/i.simpli.fi/dpx?cid=1504&action=100&segment=Systemax'

     0K                                                       100% 7.42M=0s

2012-05-10 05:07:14 (7.42 MB/s) - `code/../crawls/tigerdirect.com/Privacy-Policy/raw/i.simpli.fi/dpx?cid=1504&action=100&segment=Systemax' saved [43/43]

--2012-05-10 05:07:14--  http://www.tigerdirect.com/javascript/cm/eluminate.js
Connecting to www.tigerdirect.com|184.87.158.103|:80... connected.
HTTP request sent, awaiting response... 200 OK
Length: unspecified [application/x-javascript]
Saving to: `code/../crawls/tigerdirect.com/Privacy-Policy/raw/www.tigerdirect.com/javascript/cm/eluminate.js'

     0K .......... .......... .......... .......... .......... 3.79M
    50K .........                                              10.7M=0.01s

2012-05-10 05:07:14 (4.22 MB/s) - `code/../crawls/tigerdirect.com/Privacy-Policy/raw/www.tigerdirect.com/javascript/cm/eluminate.js' saved [60702]

--2012-05-10 05:07:14--  http://www.tigerdirect.com/javascript/cm/cmdatatagutils.js
Reusing existing connection to www.tigerdirect.com:80.
HTTP request sent, awaiting response... 200 OK
Length: 23498 (23K) [application/x-javascript]
Saving to: `code/../crawls/tigerdirect.com/Privacy-Policy/raw/www.tigerdirect.com/javascript/cm/cmdatatagutils.js'

     0K .......... .......... ..                              100% 12.2M=0.002s

2012-05-10 05:07:14 (12.2 MB/s) - `code/../crawls/tigerdirect.com/Privacy-Policy/raw/www.tigerdirect.com/javascript/cm/cmdatatagutils.js' saved [23498/23498]

--2012-05-10 05:07:14--  http://images.tigerdirect.com/frontproducts/bullet.gif
Resolving images.tigerdirect.com... 206.160.170.17, 206.160.170.18
Connecting to images.tigerdirect.com|206.160.170.17|:80... connected.
HTTP request sent, awaiting response... 200 OK
Length: 70 [image/gif]
Saving to: `code/../crawls/tigerdirect.com/Privacy-Policy/raw/images.tigerdirect.com/frontproducts/bullet.gif'

     0K                                                       100% 11.4M=0s

2012-05-10 05:07:14 (11.4 MB/s) - `code/../crawls/tigerdirect.com/Privacy-Policy/raw/images.tigerdirect.com/frontproducts/bullet.gif' saved [70/70]

--2012-05-10 05:07:14--  http://images.tigerdirect.com/main/buynow_sm.gif
Reusing existing connection to images.tigerdirect.com:80.
HTTP request sent, awaiting response... 200 OK
Length: 1732 (1.7K) [image/gif]
Saving to: `code/../crawls/tigerdirect.com/Privacy-Policy/raw/images.tigerdirect.com/main/buynow_sm.gif'

     0K .                                                     100%  223M=0s

2012-05-10 05:07:14 (223 MB/s) - `code/../crawls/tigerdirect.com/Privacy-Policy/raw/images.tigerdirect.com/main/buynow_sm.gif' saved [1732/1732]

--2012-05-10 05:07:14--  http://images.tigerdirect.com/main/buynow_lg.gif
Reusing existing connection to images.tigerdirect.com:80.
HTTP request sent, awaiting response... 200 OK
Length: 2621 (2.6K) [image/gif]
Saving to: `code/../crawls/tigerdirect.com/Privacy-Policy/raw/images.tigerdirect.com/main/buynow_lg.gif'

     0K ..                                                    100% 37.3M=0s

2012-05-10 05:07:14 (37.3 MB/s) - `code/../crawls/tigerdirect.com/Privacy-Policy/raw/images.tigerdirect.com/main/buynow_lg.gif' saved [2621/2621]

--2012-05-10 05:07:14--  http://images.highspeedbackbone.net/td/btn-quick-look2.gif
Connecting to images.highspeedbackbone.net|184.87.159.227|:80... connected.
HTTP request sent, awaiting response... 200 OK
Length: 1176 (1.1K) [image/gif]
Saving to: `code/../crawls/tigerdirect.com/Privacy-Policy/raw/images.highspeedbackbone.net/td/btn-quick-look2.gif'

     0K .                                                     100%  191M=0s

2012-05-10 05:07:14 (191 MB/s) - `code/../crawls/tigerdirect.com/Privacy-Policy/raw/images.highspeedbackbone.net/td/btn-quick-look2.gif' saved [1176/1176]

--2012-05-10 05:07:14--  http://images.highspeedbackbone.net/td/modal-prev-next.gif
Reusing existing connection to images.highspeedbackbone.net:80.
HTTP request sent, awaiting response... 200 OK
Length: 2855 (2.8K) [image/gif]
Saving to: `code/../crawls/tigerdirect.com/Privacy-Policy/raw/images.highspeedbackbone.net/td/modal-prev-next.gif'

     0K ..                                                    100% 37.4M=0s

2012-05-10 05:07:14 (37.4 MB/s) - `code/../crawls/tigerdirect.com/Privacy-Policy/raw/images.highspeedbackbone.net/td/modal-prev-next.gif' saved [2855/2855]

--2012-05-10 05:07:14--  http://c1.rfihub.net/js/bcS.js
Resolving c1.rfihub.net... 184.27.208.66
Connecting to c1.rfihub.net|184.27.208.66|:80... connected.
HTTP request sent, awaiting response... 200 OK
Length: 16501 (16K) [application/x-javascript]
Saving to: `code/../crawls/tigerdirect.com/Privacy-Policy/raw/c1.rfihub.net/js/bcS.js'

     0K .......... ......                                     100% 2.80M=0.006s

2012-05-10 05:07:14 (2.80 MB/s) - `code/../crawls/tigerdirect.com/Privacy-Policy/raw/c1.rfihub.net/js/bcS.js' saved [16501/16501]

FINISHED --2012-05-10 05:07:14--
Total wall clock time: 3.6s
Downloaded: 74 files, 884K in 0.2s (3.90 MB/s)
Converting code/../crawls/tigerdirect.com/Privacy-Policy/raw/ad.doubleclick.net/adi/tigerdirect.com/ROS_475x35;sz=475x35;ord=[timestamp].html... 1-0
Converting code/../crawls/tigerdirect.com/Privacy-Policy/raw/www.tigerdirect.com/sectors/aboutus/privacy.asp.html... 112-288
Converting code/../crawls/tigerdirect.com/Privacy-Policy/raw/ad.doubleclick.net/adl/tigerdirect.com/ROS_475x35;sz=475x35;ord=[timestamp].html... 1-0
Converting code/../crawls/tigerdirect.com/Privacy-Policy/raw/ad.doubleclick.net/adi/tigerdirect.com/ROS_160x600;sz=160x600;ord=4457534551620.html... 1-0
Converting code/../crawls/tigerdirect.com/Privacy-Policy/raw/ad.doubleclick.net/adi/tigerdirect.com/ROS_728x90;sz=728x90;ord=[timestamp].html... 1-0
Converting code/../crawls/tigerdirect.com/Privacy-Policy/raw/ad.doubleclick.net/adl/tigerdirect.com/ROS_728x90;sz=728x90;ord=[timestamp].html... 1-0
Converting code/../crawls/tigerdirect.com/Privacy-Policy/raw/www.tigerdirect.com/css/global.css... 3-0
Converting code/../crawls/tigerdirect.com/Privacy-Policy/raw/www.tigerdirect.com/css/global-03Beta.css... 2-0
Converting code/../crawls/tigerdirect.com/Privacy-Policy/raw/www.tigerdirect.com/sectors/include/TD_Overlay.css... nothing to do.
Converting code/../crawls/tigerdirect.com/Privacy-Policy/raw/www.tigerdirect.com/css/global3_com.css... nothing to do.
Converted 10 files in 0.01 seconds.
