--2012-12-15 05:12:51--  http://www.ephotozine.com/terms-and-conditions/privacy-policy-3
Resolving www.ephotozine.com... 85.118.234.131
Connecting to www.ephotozine.com|85.118.234.131|:80... connected.
HTTP request sent, awaiting response... 200 OK
Length: unspecified [text/html]
Saving to: `code/../crawls/ephotozine.com/Privacy-Policy/raw/www.ephotozine.com/terms-and-conditions/privacy-policy-3.html'

     0K .......... .......... .......... .......... ........    152K=0.3s

2012-12-15 05:12:52 (152 KB/s) - `code/../crawls/ephotozine.com/Privacy-Policy/raw/www.ephotozine.com/terms-and-conditions/privacy-policy-3.html' saved [49748]

--2012-12-15 05:12:52--  http://www.ephotozine.com/v5/images/site/favicon.ico
Connecting to www.ephotozine.com|85.118.234.131|:80... connected.
HTTP request sent, awaiting response... 200 OK
Length: 1150 (1.1K) [image/vnd.microsoft.icon]
Saving to: `code/../crawls/ephotozine.com/Privacy-Policy/raw/www.ephotozine.com/v5/images/site/favicon.ico'

     0K .                                                     100%  147M=0s

2012-12-15 05:12:52 (147 MB/s) - `code/../crawls/ephotozine.com/Privacy-Policy/raw/www.ephotozine.com/v5/images/site/favicon.ico' saved [1150/1150]

--2012-12-15 05:12:52--  http://www.ephotozine.com/v5/libs/javascript/functions-1355331372.js
Reusing existing connection to www.ephotozine.com:80.
HTTP request sent, awaiting response... 200 OK
Length: unspecified [application/javascript]
Saving to: `code/../crawls/ephotozine.com/Privacy-Policy/raw/www.ephotozine.com/v5/libs/javascript/functions-1355331372.js'

     0K .......... .......... ..                                135K=0.2s

2012-12-15 05:12:53 (135 KB/s) - `code/../crawls/ephotozine.com/Privacy-Policy/raw/www.ephotozine.com/v5/libs/javascript/functions-1355331372.js' saved [22999]

--2012-12-15 05:12:53--  http://www.ephotozine.com/v5/libs/styles/global-1354101624.css
Connecting to www.ephotozine.com|85.118.234.131|:80... connected.
HTTP request sent, awaiting response... 200 OK
Length: unspecified [text/css]
Saving to: `code/../crawls/ephotozine.com/Privacy-Policy/raw/www.ephotozine.com/v5/libs/styles/global-1354101624.css'

     0K .......... .......... .......... .......... .......... 99.4K
    50K .......... .......... .......... ..                    5.88M=0.5s

2012-12-15 05:12:53 (163 KB/s) - `code/../crawls/ephotozine.com/Privacy-Policy/raw/www.ephotozine.com/v5/libs/styles/global-1354101624.css' saved [84748]

--2012-12-15 05:12:53--  http://www.ephotozine.com/v5/libs/styles/print-1351783848.css
Reusing existing connection to www.ephotozine.com:80.
HTTP request sent, awaiting response... 200 OK
Length: 345 [text/css]
Saving to: `code/../crawls/ephotozine.com/Privacy-Policy/raw/www.ephotozine.com/v5/libs/styles/print-1351783848.css'

     0K                                                       100% 61.8M=0s

2012-12-15 05:12:54 (61.8 MB/s) - `code/../crawls/ephotozine.com/Privacy-Policy/raw/www.ephotozine.com/v5/libs/styles/print-1351783848.css' saved [345/345]

--2012-12-15 05:12:54--  http://www.ephotozine.com/v5/libs/styles/fluid-1331221598.css
Reusing existing connection to www.ephotozine.com:80.
HTTP request sent, awaiting response... 200 OK
Length: 606 [text/css]
Saving to: `code/../crawls/ephotozine.com/Privacy-Policy/raw/www.ephotozine.com/v5/libs/styles/fluid-1331221598.css'

     0K                                                       100%  103M=0s

2012-12-15 05:12:54 (103 MB/s) - `code/../crawls/ephotozine.com/Privacy-Policy/raw/www.ephotozine.com/v5/libs/styles/fluid-1331221598.css' saved [606/606]

--2012-12-15 05:12:54--  http://www.google.com/jsapi
Resolving www.google.com... 173.194.44.116, 173.194.44.112, 173.194.44.113, ...
Connecting to www.google.com|173.194.44.116|:80... connected.
HTTP request sent, awaiting response... 200 OK
Length: unspecified [text/javascript]
Saving to: `code/../crawls/ephotozine.com/Privacy-Policy/raw/www.google.com/jsapi'

     0K .......... .......... ...                              75.8K=0.3s

2012-12-15 05:12:54 (75.8 KB/s) - `code/../crawls/ephotozine.com/Privacy-Policy/raw/www.google.com/jsapi' saved [24425]

--2012-12-15 05:12:54--  http://www.ephotozine.com/v5/libs/javascript/jquery_tooltip-1344955432.js
Connecting to www.ephotozine.com|85.118.234.131|:80... connected.
HTTP request sent, awaiting response... 200 OK
Length: 5300 (5.2K) [text/html]
Saving to: `code/../crawls/ephotozine.com/Privacy-Policy/raw/www.ephotozine.com/v5/libs/javascript/jquery_tooltip-1344955432.js.html'

     0K .....                                                 100% 29.3M=0s

2012-12-15 05:12:55 (29.3 MB/s) - `code/../crawls/ephotozine.com/Privacy-Policy/raw/www.ephotozine.com/v5/libs/javascript/jquery_tooltip-1344955432.js.html' saved [5300/5300]

--2012-12-15 05:12:55--  http://www.ephotozine.com/v5/images/site/btn-signin-facebook.png
Connecting to www.ephotozine.com|85.118.234.131|:80... connected.
HTTP request sent, awaiting response... 200 OK
Length: 2917 (2.8K) [image/png]
Saving to: `code/../crawls/ephotozine.com/Privacy-Policy/raw/www.ephotozine.com/v5/images/site/btn-signin-facebook.png'

     0K ..                                                    100%  120M=0s

2012-12-15 05:12:55 (120 MB/s) - `code/../crawls/ephotozine.com/Privacy-Policy/raw/www.ephotozine.com/v5/images/site/btn-signin-facebook.png' saved [2917/2917]

--2012-12-15 05:12:55--  http://www.ephotozine.com/v5/images/site/btn-signin-twitter.png
Reusing existing connection to www.ephotozine.com:80.
HTTP request sent, awaiting response... 200 OK
Length: 2554 (2.5K) [image/png]
Saving to: `code/../crawls/ephotozine.com/Privacy-Policy/raw/www.ephotozine.com/v5/images/site/btn-signin-twitter.png'

     0K ..                                                    100% 16.2M=0s

2012-12-15 05:12:55 (16.2 MB/s) - `code/../crawls/ephotozine.com/Privacy-Policy/raw/www.ephotozine.com/v5/images/site/btn-signin-twitter.png' saved [2554/2554]

--2012-12-15 05:12:55--  http://www.ephotozine.com/v5/images/site/search-icon.png
Reusing existing connection to www.ephotozine.com:80.
HTTP request sent, awaiting response... 200 OK
Length: 653 [image/png]
Saving to: `code/../crawls/ephotozine.com/Privacy-Policy/raw/www.ephotozine.com/v5/images/site/search-icon.png'

     0K                                                       100%  111M=0s

2012-12-15 05:12:55 (111 MB/s) - `code/../crawls/ephotozine.com/Privacy-Policy/raw/www.ephotozine.com/v5/images/site/search-icon.png' saved [653/653]

--2012-12-15 05:12:55--  http://www.ephotozine.com/v5/images/site/logo-menu.png
Reusing existing connection to www.ephotozine.com:80.
HTTP request sent, awaiting response... 200 OK
Length: 7308 (7.1K) [image/png]
Saving to: `code/../crawls/ephotozine.com/Privacy-Policy/raw/www.ephotozine.com/v5/images/site/logo-menu.png'

     0K .......                                               100% 13.9M=0.001s

2012-12-15 05:12:55 (13.9 MB/s) - `code/../crawls/ephotozine.com/Privacy-Policy/raw/www.ephotozine.com/v5/images/site/logo-menu.png' saved [7308/7308]

--2012-12-15 05:12:55--  http://www.ephotozine.com/v5/images/site/nikon-icon.gif
Reusing existing connection to www.ephotozine.com:80.
HTTP request sent, awaiting response... 200 OK
Length: 3677 (3.6K) [image/gif]
Saving to: `code/../crawls/ephotozine.com/Privacy-Policy/raw/www.ephotozine.com/v5/images/site/nikon-icon.gif'

     0K ...                                                   100% 62.0M=0s

2012-12-15 05:12:56 (62.0 MB/s) - `code/../crawls/ephotozine.com/Privacy-Policy/raw/www.ephotozine.com/v5/images/site/nikon-icon.gif' saved [3677/3677]

--2012-12-15 05:12:56--  http://www.ephotozine.com/v5/images/site/tamron-icon.gif
Reusing existing connection to www.ephotozine.com:80.
HTTP request sent, awaiting response... 200 OK
Length: 77 [image/gif]
Saving to: `code/../crawls/ephotozine.com/Privacy-Policy/raw/www.ephotozine.com/v5/images/site/tamron-icon.gif'

     0K                                                       100% 13.3M=0s

2012-12-15 05:12:56 (13.3 MB/s) - `code/../crawls/ephotozine.com/Privacy-Policy/raw/www.ephotozine.com/v5/images/site/tamron-icon.gif' saved [77/77]

--2012-12-15 05:12:56--  http://www.ephotozine.com/images/snowflake-small.jpg
Reusing existing connection to www.ephotozine.com:80.
HTTP request sent, awaiting response... 200 OK
Length: 400 [image/jpeg]
Saving to: `code/../crawls/ephotozine.com/Privacy-Policy/raw/www.ephotozine.com/images/snowflake-small.jpg'

     0K                                                       100% 66.9M=0s

2012-12-15 05:12:56 (66.9 MB/s) - `code/../crawls/ephotozine.com/Privacy-Policy/raw/www.ephotozine.com/images/snowflake-small.jpg' saved [400/400]

--2012-12-15 05:12:56--  http://www.ephotozine.com/v5/images/advert/samsung-mini-banner.jpg
Reusing existing connection to www.ephotozine.com:80.
HTTP request sent, awaiting response... 200 OK
Length: 28702 (28K) [image/jpeg]
Saving to: `code/../crawls/ephotozine.com/Privacy-Policy/raw/www.ephotozine.com/v5/images/advert/samsung-mini-banner.jpg'

     0K .......... .......... ........                        100% 72.8K=0.4s

2012-12-15 05:12:56 (72.8 KB/s) - `code/../crawls/ephotozine.com/Privacy-Policy/raw/www.ephotozine.com/v5/images/advert/samsung-mini-banner.jpg' saved [28702/28702]

--2012-12-15 05:12:56--  http://www.ephotozine.com/advert_images/4459_LF_ePhoto_Banner.gif
Reusing existing connection to www.ephotozine.com:80.
HTTP request sent, awaiting response... 200 OK
Length: 7191 (7.0K) [image/gif]
Saving to: `code/../crawls/ephotozine.com/Privacy-Policy/raw/www.ephotozine.com/advert_images/4459_LF_ePhoto_Banner.gif'

     0K .......                                               100% 18.9M=0s

2012-12-15 05:12:57 (18.9 MB/s) - `code/../crawls/ephotozine.com/Privacy-Policy/raw/www.ephotozine.com/advert_images/4459_LF_ePhoto_Banner.gif' saved [7191/7191]

--2012-12-15 05:12:57--  http://www.ephotozine.com/images/adverts/dir1268650536.gif
Reusing existing connection to www.ephotozine.com:80.
HTTP request sent, awaiting response... 200 OK
Length: 10336 (10K) [image/gif]
Saving to: `code/../crawls/ephotozine.com/Privacy-Policy/raw/www.ephotozine.com/images/adverts/dir1268650536.gif'

     0K ..........                                            100% 13.7M=0.001s

2012-12-15 05:12:57 (13.7 MB/s) - `code/../crawls/ephotozine.com/Privacy-Policy/raw/www.ephotozine.com/images/adverts/dir1268650536.gif' saved [10336/10336]

--2012-12-15 05:12:57--  http://www.ephotozine.com/images/directory/buttons/dir1252054982.gif
Reusing existing connection to www.ephotozine.com:80.
HTTP request sent, awaiting response... 200 OK
Length: 4408 (4.3K) [image/gif]
Saving to: `code/../crawls/ephotozine.com/Privacy-Policy/raw/www.ephotozine.com/images/directory/buttons/dir1252054982.gif'

     0K ....                                                  100% 49.5M=0s

2012-12-15 05:12:57 (49.5 MB/s) - `code/../crawls/ephotozine.com/Privacy-Policy/raw/www.ephotozine.com/images/directory/buttons/dir1252054982.gif' saved [4408/4408]

--2012-12-15 05:12:57--  http://www.ephotozine.com/images/directory/buttons/dir1337352288.gif
Reusing existing connection to www.ephotozine.com:80.
HTTP request sent, awaiting response... 200 OK
Length: 33525 (33K) [image/gif]
Saving to: `code/../crawls/ephotozine.com/Privacy-Policy/raw/www.ephotozine.com/images/directory/buttons/dir1337352288.gif'

     0K .......... .......... .......... ..                   100%  211K=0.2s

2012-12-15 05:12:57 (211 KB/s) - `code/../crawls/ephotozine.com/Privacy-Policy/raw/www.ephotozine.com/images/directory/buttons/dir1337352288.gif' saved [33525/33525]

--2012-12-15 05:12:57--  http://www.ephotozine.com/images/directory/buttons/dir21.gif
Reusing existing connection to www.ephotozine.com:80.
HTTP request sent, awaiting response... 200 OK
Length: 4408 (4.3K) [image/gif]
Saving to: `code/../crawls/ephotozine.com/Privacy-Policy/raw/www.ephotozine.com/images/directory/buttons/dir21.gif'

     0K ....                                                  100% 25.0M=0s

2012-12-15 05:12:57 (25.0 MB/s) - `code/../crawls/ephotozine.com/Privacy-Policy/raw/www.ephotozine.com/images/directory/buttons/dir21.gif' saved [4408/4408]

--2012-12-15 05:12:57--  http://www.ephotozine.com/images/directory/buttons/dir1197550668.gif
Reusing existing connection to www.ephotozine.com:80.
HTTP request sent, awaiting response... 200 OK
Length: 2731 (2.7K) [image/gif]
Saving to: `code/../crawls/ephotozine.com/Privacy-Policy/raw/www.ephotozine.com/images/directory/buttons/dir1197550668.gif'

     0K ..                                                    100% 24.5M=0s

2012-12-15 05:12:58 (24.5 MB/s) - `code/../crawls/ephotozine.com/Privacy-Policy/raw/www.ephotozine.com/images/directory/buttons/dir1197550668.gif' saved [2731/2731]

--2012-12-15 05:12:58--  http://www.ephotozine.com/v5/images/awards/abc-2011.jpg
Reusing existing connection to www.ephotozine.com:80.
HTTP request sent, awaiting response... 200 OK
Length: 4032 (3.9K) [image/jpeg]
Saving to: `code/../crawls/ephotozine.com/Privacy-Policy/raw/www.ephotozine.com/v5/images/awards/abc-2011.jpg'

     0K ...                                                   100% 56.0M=0s

2012-12-15 05:12:58 (56.0 MB/s) - `code/../crawls/ephotozine.com/Privacy-Policy/raw/www.ephotozine.com/v5/images/awards/abc-2011.jpg' saved [4032/4032]

--2012-12-15 05:12:58--  http://www.ephotozine.com/v5/images/awards/experian-2011.jpg
Reusing existing connection to www.ephotozine.com:80.
HTTP request sent, awaiting response... 200 OK
Length: 5652 (5.5K) [image/jpeg]
Saving to: `code/../crawls/ephotozine.com/Privacy-Policy/raw/www.ephotozine.com/v5/images/awards/experian-2011.jpg'

     0K .....                                                 100% 15.6M=0s

2012-12-15 05:12:58 (15.6 MB/s) - `code/../crawls/ephotozine.com/Privacy-Policy/raw/www.ephotozine.com/v5/images/awards/experian-2011.jpg' saved [5652/5652]

--2012-12-15 05:12:58--  http://www.ephotozine.com/v5/images/awards/webuser.jpg
Reusing existing connection to www.ephotozine.com:80.
HTTP request sent, awaiting response... 200 OK
Length: 4550 (4.4K) [image/jpeg]
Saving to: `code/../crawls/ephotozine.com/Privacy-Policy/raw/www.ephotozine.com/v5/images/awards/webuser.jpg'

     0K ....                                                  100% 26.0M=0s

2012-12-15 05:12:58 (26.0 MB/s) - `code/../crawls/ephotozine.com/Privacy-Policy/raw/www.ephotozine.com/v5/images/awards/webuser.jpg' saved [4550/4550]

--2012-12-15 05:12:58--  http://images.ephotozine.com/gallery/2012/25/tn/tn95987_1340140842.jpg
Resolving images.ephotozine.com... 85.118.234.131
Reusing existing connection to www.ephotozine.com:80.
HTTP request sent, awaiting response... 200 OK
Length: 18256 (18K) [image/jpeg]
Saving to: `code/../crawls/ephotozine.com/Privacy-Policy/raw/images.ephotozine.com/gallery/2012/25/tn/tn95987_1340140842.jpg'

     0K .......... .......                                    100% 15.7M=0.001s

2012-12-15 05:12:58 (15.7 MB/s) - `code/../crawls/ephotozine.com/Privacy-Policy/raw/images.ephotozine.com/gallery/2012/25/tn/tn95987_1340140842.jpg' saved [18256/18256]

--2012-12-15 05:12:58--  http://www.ephotozine.com/v5/images/site/ceop.gif
Reusing existing connection to www.ephotozine.com:80.
HTTP request sent, awaiting response... 200 OK
Length: 2568 (2.5K) [image/gif]
Saving to: `code/../crawls/ephotozine.com/Privacy-Policy/raw/www.ephotozine.com/v5/images/site/ceop.gif'

     0K ..                                                    100% 44.9M=0s

2012-12-15 05:12:58 (44.9 MB/s) - `code/../crawls/ephotozine.com/Privacy-Policy/raw/www.ephotozine.com/v5/images/site/ceop.gif' saved [2568/2568]

--2012-12-15 05:12:58--  http://www.ephotozine.com/v5/images/site/book_add.gif
Reusing existing connection to www.ephotozine.com:80.
HTTP request sent, awaiting response... 200 OK
Length: 1068 (1.0K) [image/gif]
Saving to: `code/../crawls/ephotozine.com/Privacy-Policy/raw/www.ephotozine.com/v5/images/site/book_add.gif'

     0K .                                                     100%  154M=0s

2012-12-15 05:12:59 (154 MB/s) - `code/../crawls/ephotozine.com/Privacy-Policy/raw/www.ephotozine.com/v5/images/site/book_add.gif' saved [1068/1068]

--2012-12-15 05:12:59--  http://www.ephotozine.com/v5/images/site/photo-library-bg.jpg
Reusing existing connection to www.ephotozine.com:80.
HTTP request sent, awaiting response... 200 OK
Length: 318 [image/jpeg]
Saving to: `code/../crawls/ephotozine.com/Privacy-Policy/raw/www.ephotozine.com/v5/images/site/photo-library-bg.jpg'

     0K                                                       100% 51.5M=0s

2012-12-15 05:12:59 (51.5 MB/s) - `code/../crawls/ephotozine.com/Privacy-Policy/raw/www.ephotozine.com/v5/images/site/photo-library-bg.jpg' saved [318/318]

--2012-12-15 05:12:59--  http://www.ephotozine.com/v5/images/site/ajax-loader.gif
Reusing existing connection to www.ephotozine.com:80.
HTTP request sent, awaiting response... 200 OK
Length: 673 [image/gif]
Saving to: `code/../crawls/ephotozine.com/Privacy-Policy/raw/www.ephotozine.com/v5/images/site/ajax-loader.gif'

     0K                                                       100%  116M=0s

2012-12-15 05:12:59 (116 MB/s) - `code/../crawls/ephotozine.com/Privacy-Policy/raw/www.ephotozine.com/v5/images/site/ajax-loader.gif' saved [673/673]

--2012-12-15 05:12:59--  http://www.ephotozine.com/v5/images/site/logo-2012.png
Reusing existing connection to www.ephotozine.com:80.
HTTP request sent, awaiting response... 200 OK
Length: 14694 (14K) [image/png]
Saving to: `code/../crawls/ephotozine.com/Privacy-Policy/raw/www.ephotozine.com/v5/images/site/logo-2012.png'

     0K .......... ....                                       100% 13.5M=0.001s

2012-12-15 05:12:59 (13.5 MB/s) - `code/../crawls/ephotozine.com/Privacy-Policy/raw/www.ephotozine.com/v5/images/site/logo-2012.png' saved [14694/14694]

--2012-12-15 05:12:59--  http://www.ephotozine.com/v5/images/site/menu-bg-top-1353942151.png
Reusing existing connection to www.ephotozine.com:80.
HTTP request sent, awaiting response... 200 OK
Length: 207 [image/png]
Saving to: `code/../crawls/ephotozine.com/Privacy-Policy/raw/www.ephotozine.com/v5/images/site/menu-bg-top-1353942151.png'

     0K                                                       100% 35.9M=0s

2012-12-15 05:12:59 (35.9 MB/s) - `code/../crawls/ephotozine.com/Privacy-Policy/raw/www.ephotozine.com/v5/images/site/menu-bg-top-1353942151.png' saved [207/207]

--2012-12-15 05:12:59--  http://www.ephotozine.com/v5/images/site/portfolio_icons-1353942151.png
Reusing existing connection to www.ephotozine.com:80.
HTTP request sent, awaiting response... 200 OK
Length: 20685 (20K) [image/png]
Saving to: `code/../crawls/ephotozine.com/Privacy-Policy/raw/www.ephotozine.com/v5/images/site/portfolio_icons-1353942151.png'

     0K .......... ..........                                 100% 12.5M=0.002s

2012-12-15 05:12:59 (12.5 MB/s) - `code/../crawls/ephotozine.com/Privacy-Policy/raw/www.ephotozine.com/v5/images/site/portfolio_icons-1353942151.png' saved [20685/20685]

--2012-12-15 05:12:59--  http://www.ephotozine.com/v5/images/site/bg-searchbox-submit.gif
Reusing existing connection to www.ephotozine.com:80.
HTTP request sent, awaiting response... 200 OK
Length: 3961 (3.9K) [image/gif]
Saving to: `code/../crawls/ephotozine.com/Privacy-Policy/raw/www.ephotozine.com/v5/images/site/bg-searchbox-submit.gif'

     0K ...                                                   100% 48.9M=0s

2012-12-15 05:12:59 (48.9 MB/s) - `code/../crawls/ephotozine.com/Privacy-Policy/raw/www.ephotozine.com/v5/images/site/bg-searchbox-submit.gif' saved [3961/3961]

--2012-12-15 05:12:59--  http://www.ephotozine.com/v5/images/site/sitewide-search-icon-lrg.png
Reusing existing connection to www.ephotozine.com:80.
HTTP request sent, awaiting response... 200 OK
Length: 887 [image/png]
Saving to: `code/../crawls/ephotozine.com/Privacy-Policy/raw/www.ephotozine.com/v5/images/site/sitewide-search-icon-lrg.png'

     0K                                                       100%  147M=0s

2012-12-15 05:13:00 (147 MB/s) - `code/../crawls/ephotozine.com/Privacy-Policy/raw/www.ephotozine.com/v5/images/site/sitewide-search-icon-lrg.png' saved [887/887]

--2012-12-15 05:13:00--  http://www.ephotozine.com/v5/images/site/icon-message-error.jpg
Reusing existing connection to www.ephotozine.com:80.
HTTP request sent, awaiting response... 200 OK
Length: 2183 (2.1K) [image/jpeg]
Saving to: `code/../crawls/ephotozine.com/Privacy-Policy/raw/www.ephotozine.com/v5/images/site/icon-message-error.jpg'

     0K ..                                                    100%  304M=0s

2012-12-15 05:13:00 (304 MB/s) - `code/../crawls/ephotozine.com/Privacy-Policy/raw/www.ephotozine.com/v5/images/site/icon-message-error.jpg' saved [2183/2183]

--2012-12-15 05:13:00--  http://www.ephotozine.com/v5/images/site/icon-message-success.jpg
Reusing existing connection to www.ephotozine.com:80.
HTTP request sent, awaiting response... 200 OK
Length: 1885 (1.8K) [image/jpeg]
Saving to: `code/../crawls/ephotozine.com/Privacy-Policy/raw/www.ephotozine.com/v5/images/site/icon-message-success.jpg'

     0K .                                                     100%  262M=0s

2012-12-15 05:13:00 (262 MB/s) - `code/../crawls/ephotozine.com/Privacy-Policy/raw/www.ephotozine.com/v5/images/site/icon-message-success.jpg' saved [1885/1885]

--2012-12-15 05:13:00--  http://www.ephotozine.com/v5/images/site/icon-message-alert.jpg
Reusing existing connection to www.ephotozine.com:80.
HTTP request sent, awaiting response... 200 OK
Length: 1958 (1.9K) [image/jpeg]
Saving to: `code/../crawls/ephotozine.com/Privacy-Policy/raw/www.ephotozine.com/v5/images/site/icon-message-alert.jpg'

     0K .                                                     100%  274M=0s

2012-12-15 05:13:00 (274 MB/s) - `code/../crawls/ephotozine.com/Privacy-Policy/raw/www.ephotozine.com/v5/images/site/icon-message-alert.jpg' saved [1958/1958]

--2012-12-15 05:13:00--  http://www.ephotozine.com/v5/images/site/icon-comments.jpg
Reusing existing connection to www.ephotozine.com:80.
HTTP request sent, awaiting response... 200 OK
Length: 2331 (2.3K) [image/jpeg]
Saving to: `code/../crawls/ephotozine.com/Privacy-Policy/raw/www.ephotozine.com/v5/images/site/icon-comments.jpg'

     0K ..                                                    100% 42.5M=0s

2012-12-15 05:13:00 (42.5 MB/s) - `code/../crawls/ephotozine.com/Privacy-Policy/raw/www.ephotozine.com/v5/images/site/icon-comments.jpg' saved [2331/2331]

--2012-12-15 05:13:00--  http://www.ephotozine.com/v5/images/site/icon-comments-add.jpg
Reusing existing connection to www.ephotozine.com:80.
HTTP request sent, awaiting response... 200 OK
Length: 1911 (1.9K) [image/jpeg]
Saving to: `code/../crawls/ephotozine.com/Privacy-Policy/raw/www.ephotozine.com/v5/images/site/icon-comments-add.jpg'

     0K .                                                     100%  258M=0s

2012-12-15 05:13:00 (258 MB/s) - `code/../crawls/ephotozine.com/Privacy-Policy/raw/www.ephotozine.com/v5/images/site/icon-comments-add.jpg' saved [1911/1911]

--2012-12-15 05:13:00--  http://www.ephotozine.com/v5/images/site/menu-bgs-1353942151.jpg
Reusing existing connection to www.ephotozine.com:80.
HTTP request sent, awaiting response... 200 OK
Length: 654 [image/jpeg]
Saving to: `code/../crawls/ephotozine.com/Privacy-Policy/raw/www.ephotozine.com/v5/images/site/menu-bgs-1353942151.jpg'

     0K                                                       100%  113M=0s

2012-12-15 05:13:01 (113 MB/s) - `code/../crawls/ephotozine.com/Privacy-Policy/raw/www.ephotozine.com/v5/images/site/menu-bgs-1353942151.jpg' saved [654/654]

--2012-12-15 05:13:01--  http://www.ephotozine.com/v5/images/site/control-icons-1353942151.gif
Reusing existing connection to www.ephotozine.com:80.
HTTP request sent, awaiting response... 200 OK
Length: 970 [image/gif]
Saving to: `code/../crawls/ephotozine.com/Privacy-Policy/raw/www.ephotozine.com/v5/images/site/control-icons-1353942151.gif'

     0K                                                       100%  166M=0s

2012-12-15 05:13:01 (166 MB/s) - `code/../crawls/ephotozine.com/Privacy-Policy/raw/www.ephotozine.com/v5/images/site/control-icons-1353942151.gif' saved [970/970]

--2012-12-15 05:13:01--  http://www.ephotozine.com/v5/images/site/folder-white.gif
Reusing existing connection to www.ephotozine.com:80.
HTTP request sent, awaiting response... 200 OK
Length: 996 [image/gif]
Saving to: `code/../crawls/ephotozine.com/Privacy-Policy/raw/www.ephotozine.com/v5/images/site/folder-white.gif'

     0K                                                       100%  153M=0s

2012-12-15 05:13:01 (153 MB/s) - `code/../crawls/ephotozine.com/Privacy-Policy/raw/www.ephotozine.com/v5/images/site/folder-white.gif' saved [996/996]

--2012-12-15 05:13:01--  http://www.ephotozine.com/v5/images/site/world-white.gif
Reusing existing connection to www.ephotozine.com:80.
HTTP request sent, awaiting response... 200 OK
Length: 1074 (1.0K) [image/gif]
Saving to: `code/../crawls/ephotozine.com/Privacy-Policy/raw/www.ephotozine.com/v5/images/site/world-white.gif'

     0K .                                                     100%  155M=0s

2012-12-15 05:13:02 (155 MB/s) - `code/../crawls/ephotozine.com/Privacy-Policy/raw/www.ephotozine.com/v5/images/site/world-white.gif' saved [1074/1074]

--2012-12-15 05:13:02--  http://www.ephotozine.com/v5/images/site/folder-blue.gif
Reusing existing connection to www.ephotozine.com:80.
HTTP request sent, awaiting response... 200 OK
Length: 995 [image/gif]
Saving to: `code/../crawls/ephotozine.com/Privacy-Policy/raw/www.ephotozine.com/v5/images/site/folder-blue.gif'

     0K                                                       100%  168M=0s

2012-12-15 05:13:02 (168 MB/s) - `code/../crawls/ephotozine.com/Privacy-Policy/raw/www.ephotozine.com/v5/images/site/folder-blue.gif' saved [995/995]

--2012-12-15 05:13:02--  http://www.ephotozine.com/v5/images/site/world-blue.gif
Reusing existing connection to www.ephotozine.com:80.
HTTP request sent, awaiting response... 200 OK
Length: 1073 (1.0K) [image/gif]
Saving to: `code/../crawls/ephotozine.com/Privacy-Policy/raw/www.ephotozine.com/v5/images/site/world-blue.gif'

     0K .                                                     100%  168M=0s

2012-12-15 05:13:02 (168 MB/s) - `code/../crawls/ephotozine.com/Privacy-Policy/raw/www.ephotozine.com/v5/images/site/world-blue.gif' saved [1073/1073]

--2012-12-15 05:13:02--  http://www.ephotozine.com/v5/images/site/shareicons.jpg
Reusing existing connection to www.ephotozine.com:80.
HTTP request sent, awaiting response... 200 OK
Length: 3683 (3.6K) [image/jpeg]
Saving to: `code/../crawls/ephotozine.com/Privacy-Policy/raw/www.ephotozine.com/v5/images/site/shareicons.jpg'

     0K ...                                                   100% 44.4M=0s

2012-12-15 05:13:02 (44.4 MB/s) - `code/../crawls/ephotozine.com/Privacy-Policy/raw/www.ephotozine.com/v5/images/site/shareicons.jpg' saved [3683/3683]

--2012-12-15 05:13:02--  http://www.ephotozine.com/v5/images/site/forumicons.png
Reusing existing connection to www.ephotozine.com:80.
HTTP request sent, awaiting response... 200 OK
Length: 2153 (2.1K) [image/png]
Saving to: `code/../crawls/ephotozine.com/Privacy-Policy/raw/www.ephotozine.com/v5/images/site/forumicons.png'

     0K ..                                                    100%  300M=0s

2012-12-15 05:13:02 (300 MB/s) - `code/../crawls/ephotozine.com/Privacy-Policy/raw/www.ephotozine.com/v5/images/site/forumicons.png' saved [2153/2153]

--2012-12-15 05:13:02--  http://www.ephotozine.com/v5/images/site/gallery/gallery_icon_sprite-1353942151.jpg
Reusing existing connection to www.ephotozine.com:80.
HTTP request sent, awaiting response... 200 OK
Length: 2099 (2.0K) [image/jpeg]
Saving to: `code/../crawls/ephotozine.com/Privacy-Policy/raw/www.ephotozine.com/v5/images/site/gallery/gallery_icon_sprite-1353942151.jpg'

     0K ..                                                    100%  293M=0s

2012-12-15 05:13:02 (293 MB/s) - `code/../crawls/ephotozine.com/Privacy-Policy/raw/www.ephotozine.com/v5/images/site/gallery/gallery_icon_sprite-1353942151.jpg' saved [2099/2099]

--2012-12-15 05:13:02--  http://www.ephotozine.com/v5/images/site/epz-like-1353942151.png
Reusing existing connection to www.ephotozine.com:80.
HTTP request sent, awaiting response... 200 OK
Length: 6031 (5.9K) [image/png]
Saving to: `code/../crawls/ephotozine.com/Privacy-Policy/raw/www.ephotozine.com/v5/images/site/epz-like-1353942151.png'

     0K .....                                                 100% 20.2M=0s

2012-12-15 05:13:02 (20.2 MB/s) - `code/../crawls/ephotozine.com/Privacy-Policy/raw/www.ephotozine.com/v5/images/site/epz-like-1353942151.png' saved [6031/6031]

--2012-12-15 05:13:02--  http://www.ephotozine.com/v5/images/site/social-icons-1353942151.gif
Reusing existing connection to www.ephotozine.com:80.
HTTP request sent, awaiting response... 200 OK
Length: 1614 (1.6K) [image/gif]
Saving to: `code/../crawls/ephotozine.com/Privacy-Policy/raw/www.ephotozine.com/v5/images/site/social-icons-1353942151.gif'

     0K .                                                     100%  221M=0s

2012-12-15 05:13:03 (221 MB/s) - `code/../crawls/ephotozine.com/Privacy-Policy/raw/www.ephotozine.com/v5/images/site/social-icons-1353942151.gif' saved [1614/1614]

--2012-12-15 05:13:03--  http://www.ephotozine.com/v5/images/site/buttonlist-droparrows-1353942151.png
Reusing existing connection to www.ephotozine.com:80.
HTTP request sent, awaiting response... 200 OK
Length: 554 [image/png]
Saving to: `code/../crawls/ephotozine.com/Privacy-Policy/raw/www.ephotozine.com/v5/images/site/buttonlist-droparrows-1353942151.png'

     0K                                                       100% 94.8M=0s

2012-12-15 05:13:03 (94.8 MB/s) - `code/../crawls/ephotozine.com/Privacy-Policy/raw/www.ephotozine.com/v5/images/site/buttonlist-droparrows-1353942151.png' saved [554/554]

--2012-12-15 05:13:03--  http://www.ephotozine.com/v5/images/site/quick-start-1353942151.png
Reusing existing connection to www.ephotozine.com:80.
HTTP request sent, awaiting response... 200 OK
Length: 798 [image/png]
Saving to: `code/../crawls/ephotozine.com/Privacy-Policy/raw/www.ephotozine.com/v5/images/site/quick-start-1353942151.png'

     0K                                                       100%  133M=0s

2012-12-15 05:13:03 (133 MB/s) - `code/../crawls/ephotozine.com/Privacy-Policy/raw/www.ephotozine.com/v5/images/site/quick-start-1353942151.png' saved [798/798]

--2012-12-15 05:13:03--  http://www.ephotozine.com/v5/images/site/side-arrows-1353942151.gif
Reusing existing connection to www.ephotozine.com:80.
HTTP request sent, awaiting response... 200 OK
Length: 233 [image/gif]
Saving to: `code/../crawls/ephotozine.com/Privacy-Policy/raw/www.ephotozine.com/v5/images/site/side-arrows-1353942151.gif'

     0K                                                       100% 69.0M=0s

2012-12-15 05:13:03 (69.0 MB/s) - `code/../crawls/ephotozine.com/Privacy-Policy/raw/www.ephotozine.com/v5/images/site/side-arrows-1353942151.gif' saved [233/233]

--2012-12-15 05:13:03--  http://www.ephotozine.com/v5/images/site/loading-bg-1353942151.gif
Reusing existing connection to www.ephotozine.com:80.
HTTP request sent, awaiting response... 200 OK
Length: 18511 (18K) [image/gif]
Saving to: `code/../crawls/ephotozine.com/Privacy-Policy/raw/www.ephotozine.com/v5/images/site/loading-bg-1353942151.gif'

     0K .......... ........                                   100%  117K=0.2s

2012-12-15 05:13:03 (117 KB/s) - `code/../crawls/ephotozine.com/Privacy-Policy/raw/www.ephotozine.com/v5/images/site/loading-bg-1353942151.gif' saved [18511/18511]

--2012-12-15 05:13:03--  http://www.ephotozine.com/v5/images/site/directory_add_btn.jpg
Reusing existing connection to www.ephotozine.com:80.
HTTP request sent, awaiting response... 200 OK
Length: 5817 (5.7K) [image/jpeg]
Saving to: `code/../crawls/ephotozine.com/Privacy-Policy/raw/www.ephotozine.com/v5/images/site/directory_add_btn.jpg'

     0K .....                                                 100% 19.0M=0s

2012-12-15 05:13:04 (19.0 MB/s) - `code/../crawls/ephotozine.com/Privacy-Policy/raw/www.ephotozine.com/v5/images/site/directory_add_btn.jpg' saved [5817/5817]

--2012-12-15 05:13:04--  http://www.ephotozine.com/v5/images/site/directory_add_btn_enhanced.jpg
Reusing existing connection to www.ephotozine.com:80.
HTTP request sent, awaiting response... 200 OK
Length: 12823 (13K) [image/jpeg]
Saving to: `code/../crawls/ephotozine.com/Privacy-Policy/raw/www.ephotozine.com/v5/images/site/directory_add_btn_enhanced.jpg'

     0K .......... ..                                         100% 15.2M=0.001s

2012-12-15 05:13:04 (15.2 MB/s) - `code/../crawls/ephotozine.com/Privacy-Policy/raw/www.ephotozine.com/v5/images/site/directory_add_btn_enhanced.jpg' saved [12823/12823]

--2012-12-15 05:13:04--  http://www.ephotozine.com/v5/images/site/photo-protector.gif
Reusing existing connection to www.ephotozine.com:80.
HTTP request sent, awaiting response... 200 OK
Length: 45 [image/gif]
Saving to: `code/../crawls/ephotozine.com/Privacy-Policy/raw/www.ephotozine.com/v5/images/site/photo-protector.gif'

     0K                                                       100% 8.09M=0s

2012-12-15 05:13:04 (8.09 MB/s) - `code/../crawls/ephotozine.com/Privacy-Policy/raw/www.ephotozine.com/v5/images/site/photo-protector.gif' saved [45/45]

--2012-12-15 05:13:04--  http://www.ephotozine.com/v5/images/site/lightbox_prev.gif
Reusing existing connection to www.ephotozine.com:80.
HTTP request sent, awaiting response... 200 OK
Length: 268 [image/gif]
Saving to: `code/../crawls/ephotozine.com/Privacy-Policy/raw/www.ephotozine.com/v5/images/site/lightbox_prev.gif'

     0K                                                       100% 44.2M=0s

2012-12-15 05:13:04 (44.2 MB/s) - `code/../crawls/ephotozine.com/Privacy-Policy/raw/www.ephotozine.com/v5/images/site/lightbox_prev.gif' saved [268/268]

--2012-12-15 05:13:04--  http://www.ephotozine.com/v5/images/site/lightbox_next.gif
Reusing existing connection to www.ephotozine.com:80.
HTTP request sent, awaiting response... 200 OK
Length: 273 [image/gif]
Saving to: `code/../crawls/ephotozine.com/Privacy-Policy/raw/www.ephotozine.com/v5/images/site/lightbox_next.gif'

     0K                                                       100% 48.7M=0s

2012-12-15 05:13:04 (48.7 MB/s) - `code/../crawls/ephotozine.com/Privacy-Policy/raw/www.ephotozine.com/v5/images/site/lightbox_next.gif' saved [273/273]

--2012-12-15 05:13:04--  http://www.ephotozine.com/v5/images/site/gallery/gallery_award_sprite-1353942151.jpg
Reusing existing connection to www.ephotozine.com:80.
HTTP request sent, awaiting response... 200 OK
Length: 42024 (41K) [image/jpeg]
Saving to: `code/../crawls/ephotozine.com/Privacy-Policy/raw/www.ephotozine.com/v5/images/site/gallery/gallery_award_sprite-1353942151.jpg'

     0K .......... .......... .......... .......... .         100%  213K=0.2s

2012-12-15 05:13:04 (213 KB/s) - `code/../crawls/ephotozine.com/Privacy-Policy/raw/www.ephotozine.com/v5/images/site/gallery/gallery_award_sprite-1353942151.jpg' saved [42024/42024]

--2012-12-15 05:13:04--  http://www.ephotozine.com/v5/images/site/photo_scroller_slider_bg.jpg
Reusing existing connection to www.ephotozine.com:80.
HTTP request sent, awaiting response... 200 OK
Length: 1145 (1.1K) [image/jpeg]
Saving to: `code/../crawls/ephotozine.com/Privacy-Policy/raw/www.ephotozine.com/v5/images/site/photo_scroller_slider_bg.jpg'

     0K .                                                     100%  158M=0s

2012-12-15 05:13:05 (158 MB/s) - `code/../crawls/ephotozine.com/Privacy-Policy/raw/www.ephotozine.com/v5/images/site/photo_scroller_slider_bg.jpg' saved [1145/1145]

--2012-12-15 05:13:05--  http://www.ephotozine.com/v5/images/site/photo_scroller_slider.jpg
Reusing existing connection to www.ephotozine.com:80.
HTTP request sent, awaiting response... 200 OK
Length: 1436 (1.4K) [image/jpeg]
Saving to: `code/../crawls/ephotozine.com/Privacy-Policy/raw/www.ephotozine.com/v5/images/site/photo_scroller_slider.jpg'

     0K .                                                     100%  204M=0s

2012-12-15 05:13:05 (204 MB/s) - `code/../crawls/ephotozine.com/Privacy-Policy/raw/www.ephotozine.com/v5/images/site/photo_scroller_slider.jpg' saved [1436/1436]

--2012-12-15 05:13:05--  http://www.ephotozine.com/v5/images/site/download_top.gif
Reusing existing connection to www.ephotozine.com:80.
HTTP request sent, awaiting response... 200 OK
Length: 696 [image/gif]
Saving to: `code/../crawls/ephotozine.com/Privacy-Policy/raw/www.ephotozine.com/v5/images/site/download_top.gif'

     0K                                                       100%  113M=0s

2012-12-15 05:13:05 (113 MB/s) - `code/../crawls/ephotozine.com/Privacy-Policy/raw/www.ephotozine.com/v5/images/site/download_top.gif' saved [696/696]

--2012-12-15 05:13:05--  http://www.ephotozine.com/v5/images/site/download_now_button.gif
Reusing existing connection to www.ephotozine.com:80.
HTTP request sent, awaiting response... 200 OK
Length: 4608 (4.5K) [image/gif]
Saving to: `code/../crawls/ephotozine.com/Privacy-Policy/raw/www.ephotozine.com/v5/images/site/download_now_button.gif'

     0K ....                                                  100% 25.6M=0s

2012-12-15 05:13:05 (25.6 MB/s) - `code/../crawls/ephotozine.com/Privacy-Policy/raw/www.ephotozine.com/v5/images/site/download_now_button.gif' saved [4608/4608]

--2012-12-15 05:13:05--  http://www.ephotozine.com/v5/images/site/join-white-bg.jpg
Reusing existing connection to www.ephotozine.com:80.
HTTP request sent, awaiting response... 200 OK
Length: 47038 (46K) [image/jpeg]
Saving to: `code/../crawls/ephotozine.com/Privacy-Policy/raw/www.ephotozine.com/v5/images/site/join-white-bg.jpg'

     0K .......... .......... .......... .......... .....     100%  295K=0.2s

2012-12-15 05:13:05 (295 KB/s) - `code/../crawls/ephotozine.com/Privacy-Policy/raw/www.ephotozine.com/v5/images/site/join-white-bg.jpg' saved [47038/47038]

--2012-12-15 05:13:05--  http://www.ephotozine.com/v5/images/site/join-black-bg.jpg
Reusing existing connection to www.ephotozine.com:80.
HTTP request sent, awaiting response... 200 OK
Length: 33697 (33K) [image/jpeg]
Saving to: `code/../crawls/ephotozine.com/Privacy-Policy/raw/www.ephotozine.com/v5/images/site/join-black-bg.jpg'

     0K .......... .......... .......... ..                   100%  214K=0.2s

2012-12-15 05:13:06 (214 KB/s) - `code/../crawls/ephotozine.com/Privacy-Policy/raw/www.ephotozine.com/v5/images/site/join-black-bg.jpg' saved [33697/33697]

--2012-12-15 05:13:06--  http://www.ephotozine.com/v5/images/site/menu-bgs-1353942151.png
Reusing existing connection to www.ephotozine.com:80.
HTTP request sent, awaiting response... 200 OK
Length: 409 [image/png]
Saving to: `code/../crawls/ephotozine.com/Privacy-Policy/raw/www.ephotozine.com/v5/images/site/menu-bgs-1353942151.png'

     0K                                                       100% 73.4M=0s

2012-12-15 05:13:06 (73.4 MB/s) - `code/../crawls/ephotozine.com/Privacy-Policy/raw/www.ephotozine.com/v5/images/site/menu-bgs-1353942151.png' saved [409/409]

--2012-12-15 05:13:06--  http://www.ephotozine.com/v5/images/site/checkbox_icon.gif
Reusing existing connection to www.ephotozine.com:80.
HTTP request sent, awaiting response... 200 OK
Length: 3370 (3.3K) [image/gif]
Saving to: `code/../crawls/ephotozine.com/Privacy-Policy/raw/www.ephotozine.com/v5/images/site/checkbox_icon.gif'

     0K ...                                                   100%  286M=0s

2012-12-15 05:13:12 (286 MB/s) - `code/../crawls/ephotozine.com/Privacy-Policy/raw/www.ephotozine.com/v5/images/site/checkbox_icon.gif' saved [3370/3370]

--2012-12-15 05:13:12--  http://www.ephotozine.com/v5/images/site/more-tab-arrow.gif
Connecting to www.ephotozine.com|85.118.234.131|:80... connected.
HTTP request sent, awaiting response... 200 OK
Length: 153 [image/gif]
Saving to: `code/../crawls/ephotozine.com/Privacy-Policy/raw/www.ephotozine.com/v5/images/site/more-tab-arrow.gif'

     0K                                                       100% 26.0M=0s

2012-12-15 05:13:12 (26.0 MB/s) - `code/../crawls/ephotozine.com/Privacy-Policy/raw/www.ephotozine.com/v5/images/site/more-tab-arrow.gif' saved [153/153]

--2012-12-15 05:13:12--  http://www.ephotozine.com/v5/images/site/more-tab-arrow-current.gif
Reusing existing connection to www.ephotozine.com:80.
HTTP request sent, awaiting response... 200 OK
Length: 152 [image/gif]
Saving to: `code/../crawls/ephotozine.com/Privacy-Policy/raw/www.ephotozine.com/v5/images/site/more-tab-arrow-current.gif'

     0K                                                       100% 26.2M=0s

2012-12-15 05:13:12 (26.2 MB/s) - `code/../crawls/ephotozine.com/Privacy-Policy/raw/www.ephotozine.com/v5/images/site/more-tab-arrow-current.gif' saved [152/152]

--2012-12-15 05:13:12--  http://www.ephotozine.com/v5/images/site/folder.png
Reusing existing connection to www.ephotozine.com:80.
HTTP request sent, awaiting response... 200 OK
Length: 2967 (2.9K) [image/png]
Saving to: `code/../crawls/ephotozine.com/Privacy-Policy/raw/www.ephotozine.com/v5/images/site/folder.png'

     0K ..                                                    100% 41.4M=0s

2012-12-15 05:13:12 (41.4 MB/s) - `code/../crawls/ephotozine.com/Privacy-Policy/raw/www.ephotozine.com/v5/images/site/folder.png' saved [2967/2967]

--2012-12-15 05:13:12--  http://www.ephotozine.com/v5/images/site/folder_add.png
Reusing existing connection to www.ephotozine.com:80.
HTTP request sent, awaiting response... 200 OK
Length: 3622 (3.5K) [image/png]
Saving to: `code/../crawls/ephotozine.com/Privacy-Policy/raw/www.ephotozine.com/v5/images/site/folder_add.png'

     0K ...                                                   100% 61.6M=0s

2012-12-15 05:13:12 (61.6 MB/s) - `code/../crawls/ephotozine.com/Privacy-Policy/raw/www.ephotozine.com/v5/images/site/folder_add.png' saved [3622/3622]

--2012-12-15 05:13:12--  http://www.ephotozine.com/v5/images/site/delete-cursor.gif
Reusing existing connection to www.ephotozine.com:80.
HTTP request sent, awaiting response... 200 OK
Length: 633 [image/gif]
Saving to: `code/../crawls/ephotozine.com/Privacy-Policy/raw/www.ephotozine.com/v5/images/site/delete-cursor.gif'

     0K                                                       100%  101M=0s

2012-12-15 05:13:13 (101 MB/s) - `code/../crawls/ephotozine.com/Privacy-Policy/raw/www.ephotozine.com/v5/images/site/delete-cursor.gif' saved [633/633]

--2012-12-15 05:13:13--  http://www.ephotozine.com/v5/images/site/delete_cursor.cur
Reusing existing connection to www.ephotozine.com:80.
HTTP request sent, awaiting response... 200 OK
Length: 2238 (2.2K) [application/octet-stream]
Saving to: `code/../crawls/ephotozine.com/Privacy-Policy/raw/www.ephotozine.com/v5/images/site/delete_cursor.cur'

     0K ..                                                    100%  306M=0s

2012-12-15 05:13:13 (306 MB/s) - `code/../crawls/ephotozine.com/Privacy-Policy/raw/www.ephotozine.com/v5/images/site/delete_cursor.cur' saved [2238/2238]

FINISHED --2012-12-15 05:13:13--
Total wall clock time: 22s
Downloaded: 75 files, 577K in 2.5s (230 KB/s)
Converting code/../crawls/ephotozine.com/Privacy-Policy/raw/www.ephotozine.com/v5/libs/javascript/jquery_tooltip-1344955432.js.html... nothing to do.
Converting code/../crawls/ephotozine.com/Privacy-Policy/raw/www.ephotozine.com/terms-and-conditions/privacy-policy-3.html... 28-0
Converting code/../crawls/ephotozine.com/Privacy-Policy/raw/www.ephotozine.com/v5/libs/styles/print-1351783848.css... nothing to do.
Converting code/../crawls/ephotozine.com/Privacy-Policy/raw/www.ephotozine.com/v5/libs/styles/global-1354101624.css... 78-0
Converting code/../crawls/ephotozine.com/Privacy-Policy/raw/www.ephotozine.com/v5/libs/styles/fluid-1331221598.css... nothing to do.
Converted 5 files in 0.005 seconds.
