--2012-05-10 05:11:44--  http://www.eonline.com/about/privacy/index.jsp
Resolving www.eonline.com... 206.160.170.24, 206.160.170.58
Connecting to www.eonline.com|206.160.170.24|:80... connected.
HTTP request sent, awaiting response... 200 OK
Length: unspecified [text/html]
Saving to: `code/../crawls/eonline.com/Privacy-Policy/raw/www.eonline.com/about/privacy/index.jsp.html'

     0K .......... .......... .......... .......... ...        4.90M=0.009s

2012-05-10 05:11:45 (4.90 MB/s) - `code/../crawls/eonline.com/Privacy-Policy/raw/www.eonline.com/about/privacy/index.jsp.html' saved [44999]

--2012-05-10 05:11:45--  http://www.eonline.com/about/includes/css/about.css
Reusing existing connection to www.eonline.com:80.
HTTP request sent, awaiting response... 200 OK
Length: 1387 (1.4K) [text/css]
Saving to: `code/../crawls/eonline.com/Privacy-Policy/raw/www.eonline.com/about/includes/css/about.css'

     0K .                                                     100%  199M=0s

2012-05-10 05:11:45 (199 MB/s) - `code/../crawls/eonline.com/Privacy-Policy/raw/www.eonline.com/about/includes/css/about.css' saved [1387/1387]

--2012-05-10 05:11:45--  http://www.eonline.com/uberblog/includes/css/eol.css
Reusing existing connection to www.eonline.com:80.
HTTP request sent, awaiting response... 200 OK
Length: 38318 (37K) [text/css]
Saving to: `code/../crawls/eonline.com/Privacy-Policy/raw/www.eonline.com/uberblog/includes/css/eol.css'

     0K .......... .......... .......... .......              100% 6.23M=0.006s

2012-05-10 05:11:45 (6.23 MB/s) - `code/../crawls/eonline.com/Privacy-Policy/raw/www.eonline.com/uberblog/includes/css/eol.css' saved [38318/38318]

--2012-05-10 05:11:45--  http://www.eonline.com/uberblog/includes/css/jquery-ui/cupertino/jquery-ui-1.8.11.custom.css
Reusing existing connection to www.eonline.com:80.
HTTP request sent, awaiting response... 200 OK
Length: 34143 (33K) [text/css]
Saving to: `code/../crawls/eonline.com/Privacy-Policy/raw/www.eonline.com/uberblog/includes/css/jquery-ui/cupertino/jquery-ui-1.8.11.custom.css'

     0K .......... .......... .......... ...                  100% 10.4M=0.003s

2012-05-10 05:11:45 (10.4 MB/s) - `code/../crawls/eonline.com/Privacy-Policy/raw/www.eonline.com/uberblog/includes/css/jquery-ui/cupertino/jquery-ui-1.8.11.custom.css' saved [34143/34143]

--2012-05-10 05:11:45--  http://www.eonline.com/uberblog/includes/js/aculo/lib/prototype.js
Reusing existing connection to www.eonline.com:80.
HTTP request sent, awaiting response... 200 OK
Length: 129738 (127K) [text/javascript]
Saving to: `code/../crawls/eonline.com/Privacy-Policy/raw/www.eonline.com/uberblog/includes/js/aculo/lib/prototype.js'

     0K .......... .......... .......... .......... .......... 39% 8.25M 0s
    50K .......... .......... .......... .......... .......... 78% 7.98M 0s
   100K .......... .......... ......                          100% 11.6M=0.01s

2012-05-10 05:11:45 (8.67 MB/s) - `code/../crawls/eonline.com/Privacy-Policy/raw/www.eonline.com/uberblog/includes/js/aculo/lib/prototype.js' saved [129738/129738]

--2012-05-10 05:11:45--  http://www.eonline.com/uberblog/includes/js/aculo/src/scriptaculous.js?load=effects,controls
Reusing existing connection to www.eonline.com:80.
HTTP request sent, awaiting response... 200 OK
Length: 2644 (2.6K) [text/javascript]
Saving to: `code/../crawls/eonline.com/Privacy-Policy/raw/www.eonline.com/uberblog/includes/js/aculo/src/scriptaculous.js?load=effects,controls'

     0K ..                                                    100%  346M=0s

2012-05-10 05:11:45 (346 MB/s) - `code/../crawls/eonline.com/Privacy-Policy/raw/www.eonline.com/uberblog/includes/js/aculo/src/scriptaculous.js?load=effects,controls' saved [2644/2644]

--2012-05-10 05:11:45--  http://ajax.googleapis.com/ajax/libs/jquery/1.7.0/jquery.min.js
Resolving ajax.googleapis.com... 74.125.127.95
Connecting to ajax.googleapis.com|74.125.127.95|:80... connected.
HTTP request sent, awaiting response... 200 OK
Length: unspecified [text/javascript]
Saving to: `code/../crawls/eonline.com/Privacy-Policy/raw/ajax.googleapis.com/ajax/libs/jquery/1.7.0/jquery.min.js'

     0K .......... .......... .......... .......... ..........  995K
    50K .......... .......... .......... .......... .          1.65M=0.07s

2012-05-10 05:11:45 (1.20 MB/s) - `code/../crawls/eonline.com/Privacy-Policy/raw/ajax.googleapis.com/ajax/libs/jquery/1.7.0/jquery.min.js' saved [94020]

--2012-05-10 05:11:45--  http://www.eonline.com/uberblog/includes/js/eol-lib/jquery-1.7.0.min.js
Connecting to www.eonline.com|206.160.170.24|:80... connected.
HTTP request sent, awaiting response... 200 OK
Length: 94019 (92K) [text/javascript]
Saving to: `code/../crawls/eonline.com/Privacy-Policy/raw/www.eonline.com/uberblog/includes/js/eol-lib/jquery-1.7.0.min.js'

     0K .......... .......... .......... .......... .......... 54% 4.27M 0s
    50K .......... .......... .......... .......... .         100% 6.45M=0.02s

2012-05-10 05:11:45 (5.05 MB/s) - `code/../crawls/eonline.com/Privacy-Policy/raw/www.eonline.com/uberblog/includes/js/eol-lib/jquery-1.7.0.min.js' saved [94019/94019]

--2012-05-10 05:11:45--  http://www.eonline.com/uberblog/includes/js/eol.min.jsp
Reusing existing connection to www.eonline.com:80.
HTTP request sent, awaiting response... 200 OK
Length: 258564 (253K) [application/x-javascript]
Saving to: `code/../crawls/eonline.com/Privacy-Policy/raw/www.eonline.com/uberblog/includes/js/eol.min.jsp'

     0K .......... .......... .......... .......... .......... 19% 7.55M 0s
    50K .......... .......... .......... .......... .......... 39% 10.3M 0s
   100K .......... .......... .......... .......... .......... 59% 11.0M 0s
   150K .......... .......... .......... .......... .......... 79% 8.42M 0s
   200K .......... .......... .......... .......... .......... 99% 11.0M 0s
   250K ..                                                    100% 4776G=0.03s

2012-05-10 05:11:45 (9.53 MB/s) - `code/../crawls/eonline.com/Privacy-Policy/raw/www.eonline.com/uberblog/includes/js/eol.min.jsp' saved [258564/258564]

--2012-05-10 05:11:45--  http://connect.facebook.net/en_US/all.js
Resolving connect.facebook.net... 184.24.239.139
Connecting to connect.facebook.net|184.24.239.139|:80... connected.
HTTP request sent, awaiting response... 200 OK
Length: unspecified [application/x-javascript]
Saving to: `code/../crawls/eonline.com/Privacy-Policy/raw/connect.facebook.net/en_US/all.js'

     0K .......... .......... .......... .......... .......... 5.05M
    50K .......... .......... .......... .......... .......... 9.85M
   100K .......... .......... .......... .......... .......... 11.1M
   150K .......... .......... .......                          8.88M=0.02s

2012-05-10 05:11:45 (7.87 MB/s) - `code/../crawls/eonline.com/Privacy-Policy/raw/connect.facebook.net/en_US/all.js' saved [182052]

--2012-05-10 05:11:45--  https://apis.google.com/js/plusone.js
Resolving apis.google.com... 74.125.224.68, 74.125.224.69, 74.125.224.70, ...
Connecting to apis.google.com|74.125.224.68|:443... connected.
HTTP request sent, awaiting response... 200 OK
Length: unspecified [application/javascript]
Saving to: `code/../crawls/eonline.com/Privacy-Policy/raw/apis.google.com/js/plusone.js'

     0K .......                                                17.8M=0s

2012-05-10 05:11:45 (17.8 MB/s) - `code/../crawls/eonline.com/Privacy-Policy/raw/apis.google.com/js/plusone.js' saved [7692]

--2012-05-10 05:11:45--  http://www.nbcudigitaladops.com/hosted/global_header.js
Resolving www.nbcudigitaladops.com... 184.28.174.170
Connecting to www.nbcudigitaladops.com|184.28.174.170|:80... connected.
HTTP request sent, awaiting response... 200 OK
Length: 2009 (2.0K) [application/javascript]
Saving to: `code/../crawls/eonline.com/Privacy-Policy/raw/www.nbcudigitaladops.com/hosted/global_header.js'

     0K .                                                     100%  255M=0s

2012-05-10 05:11:45 (255 MB/s) - `code/../crawls/eonline.com/Privacy-Policy/raw/www.nbcudigitaladops.com/hosted/global_header.js' saved [2009/2009]

--2012-05-10 05:11:45--  http://images.eonline.com/static/uberblog/images/flag_usa.gif
Resolving images.eonline.com... 206.160.170.58, 206.160.170.24
Connecting to images.eonline.com|206.160.170.58|:80... connected.
HTTP request sent, awaiting response... 200 OK
Length: 211 [image/gif]
Saving to: `code/../crawls/eonline.com/Privacy-Policy/raw/images.eonline.com/static/uberblog/images/flag_usa.gif'

     0K                                                       100% 32.3M=0s

2012-05-10 05:11:45 (32.3 MB/s) - `code/../crawls/eonline.com/Privacy-Policy/raw/images.eonline.com/static/uberblog/images/flag_usa.gif' saved [211/211]

--2012-05-10 05:11:45--  http://s3.amazonaws.com/getsatisfaction.com/feedback/feedback.css
Resolving s3.amazonaws.com... 207.171.187.117
Connecting to s3.amazonaws.com|207.171.187.117|:80... connected.
HTTP request sent, awaiting response... 200 OK
Length: 2364 (2.3K) [text/css]
Saving to: `code/../crawls/eonline.com/Privacy-Policy/raw/s3.amazonaws.com/getsatisfaction.com/feedback/feedback.css'

     0K ..                                                    100%  299M=0s

2012-05-10 05:11:45 (299 MB/s) - `code/../crawls/eonline.com/Privacy-Policy/raw/s3.amazonaws.com/getsatisfaction.com/feedback/feedback.css' saved [2364/2364]

--2012-05-10 05:11:45--  http://s3.amazonaws.com/getsatisfaction.com/feedback/feedback.js
Reusing existing connection to s3.amazonaws.com:80.
HTTP request sent, awaiting response... 200 OK
Length: 3956 (3.9K) [application/x-javascript]
Saving to: `code/../crawls/eonline.com/Privacy-Policy/raw/s3.amazonaws.com/getsatisfaction.com/feedback/feedback.js'

     0K ...                                                   100% 60.6M=0s

2012-05-10 05:11:46 (60.6 MB/s) - `code/../crawls/eonline.com/Privacy-Policy/raw/s3.amazonaws.com/getsatisfaction.com/feedback/feedback.js' saved [3956/3956]

--2012-05-10 05:11:46--  http://www.nbcudigitaladops.com/hosted/global.js
Connecting to www.nbcudigitaladops.com|184.28.174.170|:80... connected.
HTTP request sent, awaiting response... 200 OK
Length: 1188 (1.2K) [application/javascript]
Saving to: `code/../crawls/eonline.com/Privacy-Policy/raw/www.nbcudigitaladops.com/hosted/global.js'

     0K .                                                     100%  170M=0s

2012-05-10 05:11:46 (170 MB/s) - `code/../crawls/eonline.com/Privacy-Policy/raw/www.nbcudigitaladops.com/hosted/global.js' saved [1188/1188]

--2012-05-10 05:11:46--  http://www.eonline.com/includes/js/sitecatalyst/s_all.jsp
Connecting to www.eonline.com|206.160.170.24|:80... connected.
HTTP request sent, awaiting response... 200 OK
Length: 84422 (82K) [text/javascript]
Saving to: `code/../crawls/eonline.com/Privacy-Policy/raw/www.eonline.com/includes/js/sitecatalyst/s_all.jsp'

     0K .......... .......... .......... .......... .......... 60% 2.72M 0s
    50K .......... .......... .......... ..                   100% 10.6M=0.02s

2012-05-10 05:11:46 (3.85 MB/s) - `code/../crawls/eonline.com/Privacy-Policy/raw/www.eonline.com/includes/js/sitecatalyst/s_all.jsp' saved [84422/84422]

--2012-05-10 05:11:46--  http://tcr.tynt.com/javascripts/Tracer.js?user=cOOKLcbRar37sNadbiUzgI&s=122
Resolving tcr.tynt.com... 206.160.170.32, 206.160.170.59
Connecting to tcr.tynt.com|206.160.170.32|:80... connected.
HTTP request sent, awaiting response... 200 OK
Length: 14736 (14K) [application/x-javascript]
Saving to: `code/../crawls/eonline.com/Privacy-Policy/raw/tcr.tynt.com/javascripts/Tracer.js?user=cOOKLcbRar37sNadbiUzgI&s=122'

     0K .......... ....                                       100% 5.30M=0.003s

2012-05-10 05:11:46 (5.30 MB/s) - `code/../crawls/eonline.com/Privacy-Policy/raw/tcr.tynt.com/javascripts/Tracer.js?user=cOOKLcbRar37sNadbiUzgI&s=122' saved [14736/14736]

--2012-05-10 05:11:46--  http://images.eonline.com/static/everywhere/images/nav_bg.gif
Connecting to images.eonline.com|206.160.170.58|:80... connected.
HTTP request sent, awaiting response... 200 OK
Length: 97 [image/gif]
Saving to: `code/../crawls/eonline.com/Privacy-Policy/raw/images.eonline.com/static/everywhere/images/nav_bg.gif'

     0K                                                       100% 16.0M=0s

2012-05-10 05:11:46 (16.0 MB/s) - `code/../crawls/eonline.com/Privacy-Policy/raw/images.eonline.com/static/everywhere/images/nav_bg.gif' saved [97/97]

--2012-05-10 05:11:46--  http://images.eonline.com/static/everywhere/images/nav_bg_hover.gif
Reusing existing connection to images.eonline.com:80.
HTTP request sent, awaiting response... 200 OK
Length: 100 [image/gif]
Saving to: `code/../crawls/eonline.com/Privacy-Policy/raw/images.eonline.com/static/everywhere/images/nav_bg_hover.gif'

     0K                                                       100% 17.1M=0s

2012-05-10 05:11:46 (17.1 MB/s) - `code/../crawls/eonline.com/Privacy-Policy/raw/images.eonline.com/static/everywhere/images/nav_bg_hover.gif' saved [100/100]

--2012-05-10 05:11:46--  http://www.eonline.com/static/uberblog/overlays/tipline/imgs/background.gif
Reusing existing connection to images.eonline.com:80.
HTTP request sent, awaiting response... 200 OK
Length: 5631 (5.5K) [image/gif]
Saving to: `code/../crawls/eonline.com/Privacy-Policy/raw/www.eonline.com/static/uberblog/overlays/tipline/imgs/background.gif'

     0K .....                                                 100% 37.8M=0s

2012-05-10 05:11:46 (37.8 MB/s) - `code/../crawls/eonline.com/Privacy-Policy/raw/www.eonline.com/static/uberblog/overlays/tipline/imgs/background.gif' saved [5631/5631]

--2012-05-10 05:11:46--  http://www.eonline.com/static/uberblog/overlays/tipline/imgs/btn.close.png
Reusing existing connection to images.eonline.com:80.
HTTP request sent, awaiting response... 200 OK
Length: 1700 (1.7K) [image/png]
Saving to: `code/../crawls/eonline.com/Privacy-Policy/raw/www.eonline.com/static/uberblog/overlays/tipline/imgs/btn.close.png'

     0K .                                                     100%  240M=0s

2012-05-10 05:11:46 (240 MB/s) - `code/../crawls/eonline.com/Privacy-Policy/raw/www.eonline.com/static/uberblog/overlays/tipline/imgs/btn.close.png' saved [1700/1700]

--2012-05-10 05:11:46--  http://www.eonline.com/static/uberblog/images/flare.jpg
Reusing existing connection to images.eonline.com:80.
HTTP request sent, awaiting response... 200 OK
Length: 7073 (6.9K) [image/jpeg]
Saving to: `code/../crawls/eonline.com/Privacy-Policy/raw/www.eonline.com/static/uberblog/images/flare.jpg'

     0K ......                                                100% 21.0M=0s

2012-05-10 05:11:46 (21.0 MB/s) - `code/../crawls/eonline.com/Privacy-Policy/raw/www.eonline.com/static/uberblog/images/flare.jpg' saved [7073/7073]

--2012-05-10 05:11:46--  http://www.eonline.com/static/uberblog/images/flare_soup.jpg
Reusing existing connection to images.eonline.com:80.
HTTP request sent, awaiting response... 200 OK
Length: 8138 (7.9K) [image/jpeg]
Saving to: `code/../crawls/eonline.com/Privacy-Policy/raw/www.eonline.com/static/uberblog/images/flare_soup.jpg'

     0K .......                                               100% 14.1M=0.001s

2012-05-10 05:11:46 (14.1 MB/s) - `code/../crawls/eonline.com/Privacy-Policy/raw/www.eonline.com/static/uberblog/images/flare_soup.jpg' saved [8138/8138]

--2012-05-10 05:11:46--  http://www.eonline.com/static/uberblog/images/flare_legacy.jpg
Reusing existing connection to images.eonline.com:80.
HTTP request sent, awaiting response... 200 OK
Length: 5220 (5.1K) [image/jpeg]
Saving to: `code/../crawls/eonline.com/Privacy-Policy/raw/www.eonline.com/static/uberblog/images/flare_legacy.jpg'

     0K .....                                                 100% 25.8M=0s

2012-05-10 05:11:46 (25.8 MB/s) - `code/../crawls/eonline.com/Privacy-Policy/raw/www.eonline.com/static/uberblog/images/flare_legacy.jpg' saved [5220/5220]

--2012-05-10 05:11:46--  http://www.eonline.com/static/uberblog/images/eonline_logo.png
Reusing existing connection to images.eonline.com:80.
HTTP request sent, awaiting response... 200 OK
Length: 4759 (4.6K) [image/png]
Saving to: `code/../crawls/eonline.com/Privacy-Policy/raw/www.eonline.com/static/uberblog/images/eonline_logo.png'

     0K ....                                                  100% 23.7M=0s

2012-05-10 05:11:46 (23.7 MB/s) - `code/../crawls/eonline.com/Privacy-Policy/raw/www.eonline.com/static/uberblog/images/eonline_logo.png' saved [4759/4759]

--2012-05-10 05:11:46--  http://www.eonline.com/static/uberblog/images/spacer.gif
Reusing existing connection to images.eonline.com:80.
HTTP request sent, awaiting response... 200 OK
Length: 43 [image/gif]
Saving to: `code/../crawls/eonline.com/Privacy-Policy/raw/www.eonline.com/static/uberblog/images/spacer.gif'

     0K                                                       100% 7.93M=0s

2012-05-10 05:11:46 (7.93 MB/s) - `code/../crawls/eonline.com/Privacy-Policy/raw/www.eonline.com/static/uberblog/images/spacer.gif' saved [43/43]

--2012-05-10 05:11:46--  http://www.eonline.com/static/uberblog/images/grey_arrow_dwn.gif
Reusing existing connection to images.eonline.com:80.
HTTP request sent, awaiting response... 200 OK
Length: 79 [image/gif]
Saving to: `code/../crawls/eonline.com/Privacy-Policy/raw/www.eonline.com/static/uberblog/images/grey_arrow_dwn.gif'

     0K                                                       100% 14.4M=0s

2012-05-10 05:11:46 (14.4 MB/s) - `code/../crawls/eonline.com/Privacy-Policy/raw/www.eonline.com/static/uberblog/images/grey_arrow_dwn.gif' saved [79/79]

--2012-05-10 05:11:46--  http://www.eonline.com/static/uberblog/images/flag_usa.gif
Reusing existing connection to images.eonline.com:80.
HTTP request sent, awaiting response... 200 OK
Length: 211 [image/gif]
Saving to: `code/../crawls/eonline.com/Privacy-Policy/raw/www.eonline.com/static/uberblog/images/flag_usa.gif'

     0K                                                       100% 37.6M=0s

2012-05-10 05:11:46 (37.6 MB/s) - `code/../crawls/eonline.com/Privacy-Policy/raw/www.eonline.com/static/uberblog/images/flag_usa.gif' saved [211/211]

--2012-05-10 05:11:46--  http://www.eonline.com/static/uberblog/images/flag_canada.gif
Reusing existing connection to images.eonline.com:80.
HTTP request sent, awaiting response... 200 OK
Length: 227 [image/gif]
Saving to: `code/../crawls/eonline.com/Privacy-Policy/raw/www.eonline.com/static/uberblog/images/flag_canada.gif'

     0K                                                       100% 41.9M=0s

2012-05-10 05:11:46 (41.9 MB/s) - `code/../crawls/eonline.com/Privacy-Policy/raw/www.eonline.com/static/uberblog/images/flag_canada.gif' saved [227/227]

--2012-05-10 05:11:46--  http://www.eonline.com/static/uberblog/images/flag_uk.gif
Reusing existing connection to images.eonline.com:80.
HTTP request sent, awaiting response... 200 OK
Length: 425 [image/gif]
Saving to: `code/../crawls/eonline.com/Privacy-Policy/raw/www.eonline.com/static/uberblog/images/flag_uk.gif'

     0K                                                       100% 77.0M=0s

2012-05-10 05:11:46 (77.0 MB/s) - `code/../crawls/eonline.com/Privacy-Policy/raw/www.eonline.com/static/uberblog/images/flag_uk.gif' saved [425/425]

--2012-05-10 05:11:46--  http://www.eonline.com/static/uberblog/images/flag_it.gif
Reusing existing connection to images.eonline.com:80.
HTTP request sent, awaiting response... 200 OK
Length: 209 [image/gif]
Saving to: `code/../crawls/eonline.com/Privacy-Policy/raw/www.eonline.com/static/uberblog/images/flag_it.gif'

     0K                                                       100% 38.2M=0s

2012-05-10 05:11:46 (38.2 MB/s) - `code/../crawls/eonline.com/Privacy-Policy/raw/www.eonline.com/static/uberblog/images/flag_it.gif' saved [209/209]

--2012-05-10 05:11:46--  http://www.eonline.com/static/uberblog/images/flag_de.gif
Reusing existing connection to images.eonline.com:80.
HTTP request sent, awaiting response... 200 OK
Length: 206 [image/gif]
Saving to: `code/../crawls/eonline.com/Privacy-Policy/raw/www.eonline.com/static/uberblog/images/flag_de.gif'

     0K                                                       100% 37.1M=0s

2012-05-10 05:11:46 (37.1 MB/s) - `code/../crawls/eonline.com/Privacy-Policy/raw/www.eonline.com/static/uberblog/images/flag_de.gif' saved [206/206]

--2012-05-10 05:11:46--  http://www.eonline.com/static/uberblog/images/flag_fr.gif
Reusing existing connection to images.eonline.com:80.
HTTP request sent, awaiting response... 200 OK
Length: 209 [image/gif]
Saving to: `code/../crawls/eonline.com/Privacy-Policy/raw/www.eonline.com/static/uberblog/images/flag_fr.gif'

     0K                                                       100% 38.9M=0s

2012-05-10 05:11:46 (38.9 MB/s) - `code/../crawls/eonline.com/Privacy-Policy/raw/www.eonline.com/static/uberblog/images/flag_fr.gif' saved [209/209]

--2012-05-10 05:11:46--  http://www.eonline.com/static/uberblog/images/flag_au.gif
Reusing existing connection to images.eonline.com:80.
HTTP request sent, awaiting response... 200 OK
Length: 623 [image/gif]
Saving to: `code/../crawls/eonline.com/Privacy-Policy/raw/www.eonline.com/static/uberblog/images/flag_au.gif'

     0K                                                       100%  106M=0s

2012-05-10 05:11:46 (106 MB/s) - `code/../crawls/eonline.com/Privacy-Policy/raw/www.eonline.com/static/uberblog/images/flag_au.gif' saved [623/623]

--2012-05-10 05:11:46--  http://www.eonline.com/static/uberblog/images/cta.tipline.gif
Reusing existing connection to images.eonline.com:80.
HTTP request sent, awaiting response... 200 OK
Length: 5017 (4.9K) [image/gif]
Saving to: `code/../crawls/eonline.com/Privacy-Policy/raw/www.eonline.com/static/uberblog/images/cta.tipline.gif'

     0K ....                                                  100% 25.5M=0s

2012-05-10 05:11:46 (25.5 MB/s) - `code/../crawls/eonline.com/Privacy-Policy/raw/www.eonline.com/static/uberblog/images/cta.tipline.gif' saved [5017/5017]

--2012-05-10 05:11:46--  http://www.eonline.com/static/uberblog/images/rss_14x14_transp.gif
Reusing existing connection to images.eonline.com:80.
HTTP request sent, awaiting response... 200 OK
Length: 592 [image/gif]
Saving to: `code/../crawls/eonline.com/Privacy-Policy/raw/www.eonline.com/static/uberblog/images/rss_14x14_transp.gif'

     0K                                                       100%  109M=0s

2012-05-10 05:11:46 (109 MB/s) - `code/../crawls/eonline.com/Privacy-Policy/raw/www.eonline.com/static/uberblog/images/rss_14x14_transp.gif' saved [592/592]

--2012-05-10 05:11:46--  http://images.eonline.com/eol_images/Entire_Site/201061/Watch_video_110.gif
Reusing existing connection to images.eonline.com:80.
HTTP request sent, awaiting response... 200 OK
Length: 4036 (3.9K) [image/gif]
Saving to: `code/../crawls/eonline.com/Privacy-Policy/raw/images.eonline.com/eol_images/Entire_Site/201061/Watch_video_110.gif'

     0K ...                                                   100%  310M=0s

2012-05-10 05:11:46 (310 MB/s) - `code/../crawls/eonline.com/Privacy-Policy/raw/images.eonline.com/eol_images/Entire_Site/201061/Watch_video_110.gif' saved [4036/4036]

--2012-05-10 05:11:46--  http://images.eonline.com/eol_images/Entire_Site/2010530//Watch_video_157x90.gif
Reusing existing connection to images.eonline.com:80.
HTTP request sent, awaiting response... 200 OK
Length: 5800 (5.7K) [image/gif]
Saving to: `code/../crawls/eonline.com/Privacy-Policy/raw/images.eonline.com/eol_images/Entire_Site/2010530/Watch_video_157x90.gif'

     0K .....                                                 100% 21.4M=0s

2012-05-10 05:11:46 (21.4 MB/s) - `code/../crawls/eonline.com/Privacy-Policy/raw/images.eonline.com/eol_images/Entire_Site/2010530/Watch_video_157x90.gif' saved [5800/5800]

--2012-05-10 05:11:46--  http://www.eonline.com/static/frontdoor/images/header_promo_110_it.png
Reusing existing connection to images.eonline.com:80.
HTTP request sent, awaiting response... 200 OK
Length: 11308 (11K) [image/png]
Saving to: `code/../crawls/eonline.com/Privacy-Policy/raw/www.eonline.com/static/frontdoor/images/header_promo_110_it.png'

     0K .......... .                                          100% 9.46M=0.001s

2012-05-10 05:11:46 (9.46 MB/s) - `code/../crawls/eonline.com/Privacy-Policy/raw/www.eonline.com/static/frontdoor/images/header_promo_110_it.png' saved [11308/11308]

--2012-05-10 05:11:46--  http://www.eonline.com/static/frontdoor/images/header_promo_it.png
Reusing existing connection to images.eonline.com:80.
HTTP request sent, awaiting response... 200 OK
Length: 12262 (12K) [image/png]
Saving to: `code/../crawls/eonline.com/Privacy-Policy/raw/www.eonline.com/static/frontdoor/images/header_promo_it.png'

     0K .......... .                                          100% 4.60M=0.003s

2012-05-10 05:11:46 (4.60 MB/s) - `code/../crawls/eonline.com/Privacy-Policy/raw/www.eonline.com/static/frontdoor/images/header_promo_it.png' saved [12262/12262]

--2012-05-10 05:11:46--  http://images.eonline.com/static/frontdoor/images/html_player_bg.gif
Reusing existing connection to images.eonline.com:80.
HTTP request sent, awaiting response... 200 OK
Length: 1080 (1.1K) [image/gif]
Saving to: `code/../crawls/eonline.com/Privacy-Policy/raw/images.eonline.com/static/frontdoor/images/html_player_bg.gif'

     0K .                                                     100%  180M=0s

2012-05-10 05:11:46 (180 MB/s) - `code/../crawls/eonline.com/Privacy-Policy/raw/images.eonline.com/static/frontdoor/images/html_player_bg.gif' saved [1080/1080]

--2012-05-10 05:11:46--  http://images.eonline.com/static/frontdoor/images/html_player_loading.gif
Reusing existing connection to images.eonline.com:80.
HTTP request sent, awaiting response... 200 OK
Length: 7347 (7.2K) [image/gif]
Saving to: `code/../crawls/eonline.com/Privacy-Policy/raw/images.eonline.com/static/frontdoor/images/html_player_loading.gif'

     0K .......                                               100% 16.3M=0s

2012-05-10 05:11:46 (16.3 MB/s) - `code/../crawls/eonline.com/Privacy-Policy/raw/images.eonline.com/static/frontdoor/images/html_player_loading.gif' saved [7347/7347]

--2012-05-10 05:11:46--  http://images.eonline.com/static/frontdoor/images/html_player_controls.gif
Reusing existing connection to images.eonline.com:80.
HTTP request sent, awaiting response... 200 OK
Length: 4415 (4.3K) [image/gif]
Saving to: `code/../crawls/eonline.com/Privacy-Policy/raw/images.eonline.com/static/frontdoor/images/html_player_controls.gif'

     0K ....                                                  100% 20.5M=0s

2012-05-10 05:11:46 (20.5 MB/s) - `code/../crawls/eonline.com/Privacy-Policy/raw/images.eonline.com/static/frontdoor/images/html_player_controls.gif' saved [4415/4415]

--2012-05-10 05:11:46--  http://images.eonline.com/static/frontdoor/images/html_player_scrollbar.gif
Reusing existing connection to images.eonline.com:80.
HTTP request sent, awaiting response... 200 OK
Length: 1495 (1.5K) [image/gif]
Saving to: `code/../crawls/eonline.com/Privacy-Policy/raw/images.eonline.com/static/frontdoor/images/html_player_scrollbar.gif'

     0K .                                                     100%  216M=0s

2012-05-10 05:11:46 (216 MB/s) - `code/../crawls/eonline.com/Privacy-Policy/raw/images.eonline.com/static/frontdoor/images/html_player_scrollbar.gif' saved [1495/1495]

--2012-05-10 05:11:46--  http://www.eonline.com/static/uberblog/images/ico.social.22x32.gif
Reusing existing connection to images.eonline.com:80.
HTTP request sent, awaiting response... 200 OK
Length: 3401 (3.3K) [image/gif]
Saving to: `code/../crawls/eonline.com/Privacy-Policy/raw/www.eonline.com/static/uberblog/images/ico.social.22x32.gif'

     0K ...                                                   100% 44.9M=0s

2012-05-10 05:11:46 (44.9 MB/s) - `code/../crawls/eonline.com/Privacy-Policy/raw/www.eonline.com/static/uberblog/images/ico.social.22x32.gif' saved [3401/3401]

--2012-05-10 05:11:46--  http://www.eonline.com/static/uberblog/images/social-email-btn.jpg
Reusing existing connection to images.eonline.com:80.
HTTP request sent, awaiting response... 200 OK
Length: 1938 (1.9K) [image/jpeg]
Saving to: `code/../crawls/eonline.com/Privacy-Policy/raw/www.eonline.com/static/uberblog/images/social-email-btn.jpg'

     0K .                                                     100%  293M=0s

2012-05-10 05:11:46 (293 MB/s) - `code/../crawls/eonline.com/Privacy-Policy/raw/www.eonline.com/static/uberblog/images/social-email-btn.jpg' saved [1938/1938]

--2012-05-10 05:11:46--  http://www.eonline.com/static/uberblog/images/indicator.gif
Reusing existing connection to images.eonline.com:80.
HTTP request sent, awaiting response... 200 OK
Length: 1542 (1.5K) [image/gif]
Saving to: `code/../crawls/eonline.com/Privacy-Policy/raw/www.eonline.com/static/uberblog/images/indicator.gif'

     0K .                                                     100%  221M=0s

2012-05-10 05:11:46 (221 MB/s) - `code/../crawls/eonline.com/Privacy-Policy/raw/www.eonline.com/static/uberblog/images/indicator.gif' saved [1542/1542]

--2012-05-10 05:11:46--  http://www.eonline.com/static/uberblog/images/nav_bg.jpg
Reusing existing connection to images.eonline.com:80.
HTTP request sent, awaiting response... 200 OK
Length: 376 [image/jpeg]
Saving to: `code/../crawls/eonline.com/Privacy-Policy/raw/www.eonline.com/static/uberblog/images/nav_bg.jpg'

     0K                                                       100% 69.6M=0s

2012-05-10 05:11:46 (69.6 MB/s) - `code/../crawls/eonline.com/Privacy-Policy/raw/www.eonline.com/static/uberblog/images/nav_bg.jpg' saved [376/376]

--2012-05-10 05:11:46--  http://images.eonline.com/static/uberblog/images/nav_divider.gif
Reusing existing connection to images.eonline.com:80.
HTTP request sent, awaiting response... 200 OK
Length: 37 [image/gif]
Saving to: `code/../crawls/eonline.com/Privacy-Policy/raw/images.eonline.com/static/uberblog/images/nav_divider.gif'

     0K                                                       100% 6.74M=0s

2012-05-10 05:11:46 (6.74 MB/s) - `code/../crawls/eonline.com/Privacy-Policy/raw/images.eonline.com/static/uberblog/images/nav_divider.gif' saved [37/37]

--2012-05-10 05:11:46--  http://images.eonline.com/static/uberblog/images/nav_bg.jpg
Reusing existing connection to images.eonline.com:80.
HTTP request sent, awaiting response... 200 OK
Length: 376 [image/jpeg]
Saving to: `code/../crawls/eonline.com/Privacy-Policy/raw/images.eonline.com/static/uberblog/images/nav_bg.jpg'

     0K                                                       100% 68.1M=0s

2012-05-10 05:11:47 (68.1 MB/s) - `code/../crawls/eonline.com/Privacy-Policy/raw/images.eonline.com/static/uberblog/images/nav_bg.jpg' saved [376/376]

--2012-05-10 05:11:47--  http://www.eonline.com/static/uberblog/images/nav_divider.gif
Reusing existing connection to images.eonline.com:80.
HTTP request sent, awaiting response... 200 OK
Length: 37 [image/gif]
Saving to: `code/../crawls/eonline.com/Privacy-Policy/raw/www.eonline.com/static/uberblog/images/nav_divider.gif'

     0K                                                       100% 6.71M=0s

2012-05-10 05:11:47 (6.71 MB/s) - `code/../crawls/eonline.com/Privacy-Policy/raw/www.eonline.com/static/uberblog/images/nav_divider.gif' saved [37/37]

--2012-05-10 05:11:47--  http://www.eonline.com/static/uberblog/images/shop.gif
Reusing existing connection to images.eonline.com:80.
HTTP request sent, awaiting response... 200 OK
Length: 426 [image/gif]
Saving to: `code/../crawls/eonline.com/Privacy-Policy/raw/www.eonline.com/static/uberblog/images/shop.gif'

     0K                                                       100% 72.6M=0s

2012-05-10 05:11:47 (72.6 MB/s) - `code/../crawls/eonline.com/Privacy-Policy/raw/www.eonline.com/static/uberblog/images/shop.gif' saved [426/426]

--2012-05-10 05:11:47--  http://www.eonline.com/static/search/images/searchbox_sm.png
Reusing existing connection to images.eonline.com:80.
HTTP request sent, awaiting response... 200 OK
Length: 1983 (1.9K) [image/png]
Saving to: `code/../crawls/eonline.com/Privacy-Policy/raw/www.eonline.com/static/search/images/searchbox_sm.png'

     0K .                                                     100%  268M=0s

2012-05-10 05:11:47 (268 MB/s) - `code/../crawls/eonline.com/Privacy-Policy/raw/www.eonline.com/static/search/images/searchbox_sm.png' saved [1983/1983]

--2012-05-10 05:11:47--  http://www.eonline.com/static/search/images/searchbox.png
Reusing existing connection to images.eonline.com:80.
HTTP request sent, awaiting response... 200 OK
Length: 2689 (2.6K) [image/png]
Saving to: `code/../crawls/eonline.com/Privacy-Policy/raw/www.eonline.com/static/search/images/searchbox.png'

     0K ..                                                    100% 39.6M=0s

2012-05-10 05:11:47 (39.6 MB/s) - `code/../crawls/eonline.com/Privacy-Policy/raw/www.eonline.com/static/search/images/searchbox.png' saved [2689/2689]

--2012-05-10 05:11:47--  http://www.eonline.com/static/search/images/searchbtn.png
Reusing existing connection to images.eonline.com:80.
HTTP request sent, awaiting response... 200 OK
Length: 1271 (1.2K) [image/png]
Saving to: `code/../crawls/eonline.com/Privacy-Policy/raw/www.eonline.com/static/search/images/searchbtn.png'

     0K .                                                     100%  186M=0s

2012-05-10 05:11:47 (186 MB/s) - `code/../crawls/eonline.com/Privacy-Policy/raw/www.eonline.com/static/search/images/searchbtn.png' saved [1271/1271]

--2012-05-10 05:11:47--  http://www.eonline.com/static/search/images/de/searchbtn/suchen/white_matte.gif
Reusing existing connection to images.eonline.com:80.
HTTP request sent, awaiting response... 200 OK
Length: 1523 (1.5K) [image/gif]
Saving to: `code/../crawls/eonline.com/Privacy-Policy/raw/www.eonline.com/static/search/images/de/searchbtn/suchen/white_matte.gif'

     0K .                                                     100%  209M=0s

2012-05-10 05:11:47 (209 MB/s) - `code/../crawls/eonline.com/Privacy-Policy/raw/www.eonline.com/static/search/images/de/searchbtn/suchen/white_matte.gif' saved [1523/1523]

--2012-05-10 05:11:47--  http://www.eonline.com/static/search/images/fr/searchbtn/ok/white_matte.gif
Reusing existing connection to images.eonline.com:80.
HTTP request sent, awaiting response... 200 OK
Length: 1345 (1.3K) [image/gif]
Saving to: `code/../crawls/eonline.com/Privacy-Policy/raw/www.eonline.com/static/search/images/fr/searchbtn/ok/white_matte.gif'

     0K .                                                     100%  186M=0s

2012-05-10 05:11:47 (186 MB/s) - `code/../crawls/eonline.com/Privacy-Policy/raw/www.eonline.com/static/search/images/fr/searchbtn/ok/white_matte.gif' saved [1345/1345]

--2012-05-10 05:11:47--  http://www.eonline.com/static/search/images/it/searchbtn/vai/white_matte.gif
Reusing existing connection to images.eonline.com:80.
HTTP request sent, awaiting response... 200 OK
Length: 1335 (1.3K) [image/gif]
Saving to: `code/../crawls/eonline.com/Privacy-Policy/raw/www.eonline.com/static/search/images/it/searchbtn/vai/white_matte.gif'

     0K .                                                     100%  185M=0s

2012-05-10 05:11:47 (185 MB/s) - `code/../crawls/eonline.com/Privacy-Policy/raw/www.eonline.com/static/search/images/it/searchbtn/vai/white_matte.gif' saved [1335/1335]

--2012-05-10 05:11:47--  http://www.eonline.com/static/uberblog/images/footer_rss_logo.gif
Reusing existing connection to images.eonline.com:80.
HTTP request sent, awaiting response... 200 OK
Length: 981 [image/gif]
Saving to: `code/../crawls/eonline.com/Privacy-Policy/raw/www.eonline.com/static/uberblog/images/footer_rss_logo.gif'

     0K                                                       100%  168M=0s

2012-05-10 05:11:47 (168 MB/s) - `code/../crawls/eonline.com/Privacy-Policy/raw/www.eonline.com/static/uberblog/images/footer_rss_logo.gif' saved [981/981]

--2012-05-10 05:11:47--  http://www.eonline.com/static/uberblog/images/footer_search_box.gif
Reusing existing connection to images.eonline.com:80.
HTTP request sent, awaiting response... 200 OK
Length: 478 [image/gif]
Saving to: `code/../crawls/eonline.com/Privacy-Policy/raw/www.eonline.com/static/uberblog/images/footer_search_box.gif'

     0K                                                       100% 81.6M=0s

2012-05-10 05:11:47 (81.6 MB/s) - `code/../crawls/eonline.com/Privacy-Policy/raw/www.eonline.com/static/uberblog/images/footer_search_box.gif' saved [478/478]

--2012-05-10 05:11:47--  http://www.eonline.com/static/uberblog/images/go_button.gif
Reusing existing connection to images.eonline.com:80.
HTTP request sent, awaiting response... 200 OK
Length: 775 [image/gif]
Saving to: `code/../crawls/eonline.com/Privacy-Policy/raw/www.eonline.com/static/uberblog/images/go_button.gif'

     0K                                                       100%  134M=0s

2012-05-10 05:11:47 (134 MB/s) - `code/../crawls/eonline.com/Privacy-Policy/raw/www.eonline.com/static/uberblog/images/go_button.gif' saved [775/775]

--2012-05-10 05:11:47--  http://www.eonline.com/static/uberblog/images/go_button_de.jpg
Reusing existing connection to images.eonline.com:80.
HTTP request sent, awaiting response... 200 OK
Length: 1389 (1.4K) [image/jpeg]
Saving to: `code/../crawls/eonline.com/Privacy-Policy/raw/www.eonline.com/static/uberblog/images/go_button_de.jpg'

     0K .                                                     100%  206M=0s

2012-05-10 05:11:47 (206 MB/s) - `code/../crawls/eonline.com/Privacy-Policy/raw/www.eonline.com/static/uberblog/images/go_button_de.jpg' saved [1389/1389]

--2012-05-10 05:11:47--  http://www.eonline.com/static/uberblog/images/go_button_fr.jpg
Reusing existing connection to images.eonline.com:80.
HTTP request sent, awaiting response... 200 OK
Length: 1091 (1.1K) [image/jpeg]
Saving to: `code/../crawls/eonline.com/Privacy-Policy/raw/www.eonline.com/static/uberblog/images/go_button_fr.jpg'

     0K .                                                     100%  180M=0s

2012-05-10 05:11:47 (180 MB/s) - `code/../crawls/eonline.com/Privacy-Policy/raw/www.eonline.com/static/uberblog/images/go_button_fr.jpg' saved [1091/1091]

--2012-05-10 05:11:47--  http://www.eonline.com/static/uberblog/images/go_button_it.jpg
Reusing existing connection to images.eonline.com:80.
HTTP request sent, awaiting response... 200 OK
Length: 1082 (1.1K) [image/jpeg]
Saving to: `code/../crawls/eonline.com/Privacy-Policy/raw/www.eonline.com/static/uberblog/images/go_button_it.jpg'

     0K .                                                     100%  191M=0s

2012-05-10 05:11:47 (191 MB/s) - `code/../crawls/eonline.com/Privacy-Policy/raw/www.eonline.com/static/uberblog/images/go_button_it.jpg' saved [1082/1082]

--2012-05-10 05:11:47--  http://www.eonline.com/static/uberblog/images/footer_feedback_btn.gif
Reusing existing connection to images.eonline.com:80.
HTTP request sent, awaiting response... 200 OK
Length: 676 [image/gif]
Saving to: `code/../crawls/eonline.com/Privacy-Policy/raw/www.eonline.com/static/uberblog/images/footer_feedback_btn.gif'

     0K                                                       100%  117M=0s

2012-05-10 05:11:47 (117 MB/s) - `code/../crawls/eonline.com/Privacy-Policy/raw/www.eonline.com/static/uberblog/images/footer_feedback_btn.gif' saved [676/676]

--2012-05-10 05:11:47--  http://www.eonline.com/static/uberblog/images/footer_eonline_logo_sm.gif
Reusing existing connection to images.eonline.com:80.
HTTP request sent, awaiting response... 200 OK
Length: 2596 (2.5K) [image/gif]
Saving to: `code/../crawls/eonline.com/Privacy-Policy/raw/www.eonline.com/static/uberblog/images/footer_eonline_logo_sm.gif'

     0K ..                                                    100%  214M=0s

2012-05-10 05:11:47 (214 MB/s) - `code/../crawls/eonline.com/Privacy-Policy/raw/www.eonline.com/static/uberblog/images/footer_eonline_logo_sm.gif' saved [2596/2596]

--2012-05-10 05:11:47--  http://www.eonline.com/static/uberblog/images/e_nbcu_logo_us.png
Reusing existing connection to images.eonline.com:80.
HTTP request sent, awaiting response... 200 OK
Length: 5213 (5.1K) [image/png]
Saving to: `code/../crawls/eonline.com/Privacy-Policy/raw/www.eonline.com/static/uberblog/images/e_nbcu_logo_us.png'

     0K .....                                                 100% 25.5M=0s

2012-05-10 05:11:47 (25.5 MB/s) - `code/../crawls/eonline.com/Privacy-Policy/raw/www.eonline.com/static/uberblog/images/e_nbcu_logo_us.png' saved [5213/5213]

--2012-05-10 05:11:47--  http://www.eonline.com/static/uberblog/images/e_nbcu_logo_de.png
Reusing existing connection to images.eonline.com:80.
HTTP request sent, awaiting response... 200 OK
Length: 5360 (5.2K) [image/png]
Saving to: `code/../crawls/eonline.com/Privacy-Policy/raw/www.eonline.com/static/uberblog/images/e_nbcu_logo_de.png'

     0K .....                                                 100% 18.4M=0s

2012-05-10 05:11:47 (18.4 MB/s) - `code/../crawls/eonline.com/Privacy-Policy/raw/www.eonline.com/static/uberblog/images/e_nbcu_logo_de.png' saved [5360/5360]

--2012-05-10 05:11:47--  http://www.eonline.com/static/uberblog/images/e_nbcu_logo_fr.png
Reusing existing connection to images.eonline.com:80.
HTTP request sent, awaiting response... 200 OK
Length: 5235 (5.1K) [image/png]
Saving to: `code/../crawls/eonline.com/Privacy-Policy/raw/www.eonline.com/static/uberblog/images/e_nbcu_logo_fr.png'

     0K .....                                                 100% 13.6M=0s

2012-05-10 05:11:47 (13.6 MB/s) - `code/../crawls/eonline.com/Privacy-Policy/raw/www.eonline.com/static/uberblog/images/e_nbcu_logo_fr.png' saved [5235/5235]

--2012-05-10 05:11:47--  http://www.eonline.com/static/uberblog/images/e_nbcu_logo_it.png
Reusing existing connection to images.eonline.com:80.
HTTP request sent, awaiting response... 200 OK
Length: 5403 (5.3K) [image/png]
Saving to: `code/../crawls/eonline.com/Privacy-Policy/raw/www.eonline.com/static/uberblog/images/e_nbcu_logo_it.png'

     0K .....                                                 100% 6.47M=0.001s

2012-05-10 05:11:47 (6.47 MB/s) - `code/../crawls/eonline.com/Privacy-Policy/raw/www.eonline.com/static/uberblog/images/e_nbcu_logo_it.png' saved [5403/5403]

--2012-05-10 05:11:47--  http://www.eonline.com/static/uberblog/images/footer_eonline_logo_sm.png
Reusing existing connection to images.eonline.com:80.
HTTP request sent, awaiting response... 200 OK
Length: 1903 (1.9K) [image/png]
Saving to: `code/../crawls/eonline.com/Privacy-Policy/raw/www.eonline.com/static/uberblog/images/footer_eonline_logo_sm.png'

     0K .                                                     100%  271M=0s

2012-05-10 05:11:47 (271 MB/s) - `code/../crawls/eonline.com/Privacy-Policy/raw/www.eonline.com/static/uberblog/images/footer_eonline_logo_sm.png' saved [1903/1903]

--2012-05-10 05:11:47--  http://www.eonline.com/static/uberblog/images/e_nbcu_logo_legacy_us.png
Reusing existing connection to images.eonline.com:80.
HTTP request sent, awaiting response... 200 OK
Length: 4731 (4.6K) [image/png]
Saving to: `code/../crawls/eonline.com/Privacy-Policy/raw/www.eonline.com/static/uberblog/images/e_nbcu_logo_legacy_us.png'

     0K ....                                                  100% 24.5M=0s

2012-05-10 05:11:47 (24.5 MB/s) - `code/../crawls/eonline.com/Privacy-Policy/raw/www.eonline.com/static/uberblog/images/e_nbcu_logo_legacy_us.png' saved [4731/4731]

--2012-05-10 05:11:47--  http://www.eonline.com/static/uberblog/images/e_nbcu_logo_legacy_de.png
Reusing existing connection to images.eonline.com:80.
HTTP request sent, awaiting response... 200 OK
Length: 4919 (4.8K) [image/png]
Saving to: `code/../crawls/eonline.com/Privacy-Policy/raw/www.eonline.com/static/uberblog/images/e_nbcu_logo_legacy_de.png'

     0K ....                                                  100% 33.8M=0s

2012-05-10 05:11:47 (33.8 MB/s) - `code/../crawls/eonline.com/Privacy-Policy/raw/www.eonline.com/static/uberblog/images/e_nbcu_logo_legacy_de.png' saved [4919/4919]

--2012-05-10 05:11:47--  http://www.eonline.com/static/uberblog/images/e_nbcu_logo_legacy_fr.png
Reusing existing connection to images.eonline.com:80.
HTTP request sent, awaiting response... 200 OK
Length: 4757 (4.6K) [image/png]
Saving to: `code/../crawls/eonline.com/Privacy-Policy/raw/www.eonline.com/static/uberblog/images/e_nbcu_logo_legacy_fr.png'

     0K ....                                                  100% 25.4M=0s

2012-05-10 05:11:47 (25.4 MB/s) - `code/../crawls/eonline.com/Privacy-Policy/raw/www.eonline.com/static/uberblog/images/e_nbcu_logo_legacy_fr.png' saved [4757/4757]

--2012-05-10 05:11:47--  http://www.eonline.com/static/uberblog/images/e_nbcu_logo_legacy_it.png
Reusing existing connection to images.eonline.com:80.
HTTP request sent, awaiting response... 200 OK
Length: 4887 (4.8K) [image/png]
Saving to: `code/../crawls/eonline.com/Privacy-Policy/raw/www.eonline.com/static/uberblog/images/e_nbcu_logo_legacy_it.png'

     0K ....                                                  100% 24.6M=0s

2012-05-10 05:11:47 (24.6 MB/s) - `code/../crawls/eonline.com/Privacy-Policy/raw/www.eonline.com/static/uberblog/images/e_nbcu_logo_legacy_it.png' saved [4887/4887]

--2012-05-10 05:11:47--  http://www.eonline.com/uberblog/includes/css/jquery-ui/cupertino/images/ui-bg_highlight-hard_100_f2f5f7_1x100.png
Reusing existing connection to images.eonline.com:80.
HTTP request sent, awaiting response... 200 OK
Length: 103 [image/png]
Saving to: `code/../crawls/eonline.com/Privacy-Policy/raw/www.eonline.com/uberblog/includes/css/jquery-ui/cupertino/images/ui-bg_highlight-hard_100_f2f5f7_1x100.png'

     0K                                                       100% 18.0M=0s

2012-05-10 05:11:47 (18.0 MB/s) - `code/../crawls/eonline.com/Privacy-Policy/raw/www.eonline.com/uberblog/includes/css/jquery-ui/cupertino/images/ui-bg_highlight-hard_100_f2f5f7_1x100.png' saved [103/103]

--2012-05-10 05:11:47--  http://www.eonline.com/uberblog/includes/css/jquery-ui/cupertino/images/ui-bg_highlight-soft_100_deedf7_1x100.png
Reusing existing connection to images.eonline.com:80.
HTTP request sent, awaiting response... 200 OK
Length: 104 [image/png]
Saving to: `code/../crawls/eonline.com/Privacy-Policy/raw/www.eonline.com/uberblog/includes/css/jquery-ui/cupertino/images/ui-bg_highlight-soft_100_deedf7_1x100.png'

     0K                                                       100% 16.4M=0s

2012-05-10 05:11:47 (16.4 MB/s) - `code/../crawls/eonline.com/Privacy-Policy/raw/www.eonline.com/uberblog/includes/css/jquery-ui/cupertino/images/ui-bg_highlight-soft_100_deedf7_1x100.png' saved [104/104]

--2012-05-10 05:11:47--  http://www.eonline.com/uberblog/includes/css/jquery-ui/cupertino/images/ui-bg_glass_80_d7ebf9_1x400.png
Reusing existing connection to images.eonline.com:80.
HTTP request sent, awaiting response... 200 OK
Length: 124 [image/png]
Saving to: `code/../crawls/eonline.com/Privacy-Policy/raw/www.eonline.com/uberblog/includes/css/jquery-ui/cupertino/images/ui-bg_glass_80_d7ebf9_1x400.png'

     0K                                                       100% 21.8M=0s

2012-05-10 05:11:47 (21.8 MB/s) - `code/../crawls/eonline.com/Privacy-Policy/raw/www.eonline.com/uberblog/includes/css/jquery-ui/cupertino/images/ui-bg_glass_80_d7ebf9_1x400.png' saved [124/124]

--2012-05-10 05:11:47--  http://www.eonline.com/uberblog/includes/css/jquery-ui/cupertino/images/ui-bg_glass_100_e4f1fb_1x400.png
Reusing existing connection to images.eonline.com:80.
HTTP request sent, awaiting response... 200 OK
Length: 119 [image/png]
Saving to: `code/../crawls/eonline.com/Privacy-Policy/raw/www.eonline.com/uberblog/includes/css/jquery-ui/cupertino/images/ui-bg_glass_100_e4f1fb_1x400.png'

     0K                                                       100% 21.4M=0s

2012-05-10 05:11:47 (21.4 MB/s) - `code/../crawls/eonline.com/Privacy-Policy/raw/www.eonline.com/uberblog/includes/css/jquery-ui/cupertino/images/ui-bg_glass_100_e4f1fb_1x400.png' saved [119/119]

--2012-05-10 05:11:47--  http://www.eonline.com/uberblog/includes/css/jquery-ui/cupertino/images/ui-bg_glass_50_3baae3_1x400.png
Reusing existing connection to images.eonline.com:80.
HTTP request sent, awaiting response... 200 OK
Length: 131 [image/png]
Saving to: `code/../crawls/eonline.com/Privacy-Policy/raw/www.eonline.com/uberblog/includes/css/jquery-ui/cupertino/images/ui-bg_glass_50_3baae3_1x400.png'

     0K                                                       100% 24.1M=0s

2012-05-10 05:11:47 (24.1 MB/s) - `code/../crawls/eonline.com/Privacy-Policy/raw/www.eonline.com/uberblog/includes/css/jquery-ui/cupertino/images/ui-bg_glass_50_3baae3_1x400.png' saved [131/131]

--2012-05-10 05:11:47--  http://www.eonline.com/uberblog/includes/css/jquery-ui/cupertino/images/ui-bg_highlight-soft_25_ffef8f_1x100.png
Reusing existing connection to images.eonline.com:80.
HTTP request sent, awaiting response... 200 OK
Length: 119 [image/png]
Saving to: `code/../crawls/eonline.com/Privacy-Policy/raw/www.eonline.com/uberblog/includes/css/jquery-ui/cupertino/images/ui-bg_highlight-soft_25_ffef8f_1x100.png'

     0K                                                       100% 21.5M=0s

2012-05-10 05:11:47 (21.5 MB/s) - `code/../crawls/eonline.com/Privacy-Policy/raw/www.eonline.com/uberblog/includes/css/jquery-ui/cupertino/images/ui-bg_highlight-soft_25_ffef8f_1x100.png' saved [119/119]

--2012-05-10 05:11:47--  http://www.eonline.com/uberblog/includes/css/jquery-ui/cupertino/images/ui-bg_flat_15_cd0a0a_40x100.png
Reusing existing connection to images.eonline.com:80.
HTTP request sent, awaiting response... 200 OK
Length: 181 [image/png]
Saving to: `code/../crawls/eonline.com/Privacy-Policy/raw/www.eonline.com/uberblog/includes/css/jquery-ui/cupertino/images/ui-bg_flat_15_cd0a0a_40x100.png'

     0K                                                       100% 31.0M=0s

2012-05-10 05:11:47 (31.0 MB/s) - `code/../crawls/eonline.com/Privacy-Policy/raw/www.eonline.com/uberblog/includes/css/jquery-ui/cupertino/images/ui-bg_flat_15_cd0a0a_40x100.png' saved [181/181]

--2012-05-10 05:11:47--  http://www.eonline.com/uberblog/includes/css/jquery-ui/cupertino/images/ui-icons_72a7cf_256x240.png
Reusing existing connection to images.eonline.com:80.
HTTP request sent, awaiting response... 200 OK
Length: 4369 (4.3K) [image/png]
Saving to: `code/../crawls/eonline.com/Privacy-Policy/raw/www.eonline.com/uberblog/includes/css/jquery-ui/cupertino/images/ui-icons_72a7cf_256x240.png'

     0K ....                                                  100% 22.6M=0s

2012-05-10 05:11:47 (22.6 MB/s) - `code/../crawls/eonline.com/Privacy-Policy/raw/www.eonline.com/uberblog/includes/css/jquery-ui/cupertino/images/ui-icons_72a7cf_256x240.png' saved [4369/4369]

--2012-05-10 05:11:47--  http://www.eonline.com/uberblog/includes/css/jquery-ui/cupertino/images/ui-icons_3d80b3_256x240.png
Reusing existing connection to images.eonline.com:80.
HTTP request sent, awaiting response... 200 OK
Length: 4369 (4.3K) [image/png]
Saving to: `code/../crawls/eonline.com/Privacy-Policy/raw/www.eonline.com/uberblog/includes/css/jquery-ui/cupertino/images/ui-icons_3d80b3_256x240.png'

     0K ....                                                  100% 13.5M=0s

2012-05-10 05:11:47 (13.5 MB/s) - `code/../crawls/eonline.com/Privacy-Policy/raw/www.eonline.com/uberblog/includes/css/jquery-ui/cupertino/images/ui-icons_3d80b3_256x240.png' saved [4369/4369]

--2012-05-10 05:11:47--  http://www.eonline.com/uberblog/includes/css/jquery-ui/cupertino/images/ui-icons_2694e8_256x240.png
Reusing existing connection to images.eonline.com:80.
HTTP request sent, awaiting response... 200 OK
Length: 5355 (5.2K) [image/png]
Saving to: `code/../crawls/eonline.com/Privacy-Policy/raw/www.eonline.com/uberblog/includes/css/jquery-ui/cupertino/images/ui-icons_2694e8_256x240.png'

     0K .....                                                 100% 17.1M=0s

2012-05-10 05:11:47 (17.1 MB/s) - `code/../crawls/eonline.com/Privacy-Policy/raw/www.eonline.com/uberblog/includes/css/jquery-ui/cupertino/images/ui-icons_2694e8_256x240.png' saved [5355/5355]

--2012-05-10 05:11:47--  http://www.eonline.com/uberblog/includes/css/jquery-ui/cupertino/images/ui-icons_ffffff_256x240.png
Reusing existing connection to images.eonline.com:80.
HTTP request sent, awaiting response... 200 OK
Length: 4369 (4.3K) [image/png]
Saving to: `code/../crawls/eonline.com/Privacy-Policy/raw/www.eonline.com/uberblog/includes/css/jquery-ui/cupertino/images/ui-icons_ffffff_256x240.png'

     0K ....                                                  100% 28.3M=0s

2012-05-10 05:11:47 (28.3 MB/s) - `code/../crawls/eonline.com/Privacy-Policy/raw/www.eonline.com/uberblog/includes/css/jquery-ui/cupertino/images/ui-icons_ffffff_256x240.png' saved [4369/4369]

--2012-05-10 05:11:47--  http://www.eonline.com/uberblog/includes/css/jquery-ui/cupertino/images/ui-icons_2e83ff_256x240.png
Reusing existing connection to images.eonline.com:80.
HTTP request sent, awaiting response... 200 OK
Length: 4369 (4.3K) [image/png]
Saving to: `code/../crawls/eonline.com/Privacy-Policy/raw/www.eonline.com/uberblog/includes/css/jquery-ui/cupertino/images/ui-icons_2e83ff_256x240.png'

     0K ....                                                  100% 23.4M=0s

2012-05-10 05:11:47 (23.4 MB/s) - `code/../crawls/eonline.com/Privacy-Policy/raw/www.eonline.com/uberblog/includes/css/jquery-ui/cupertino/images/ui-icons_2e83ff_256x240.png' saved [4369/4369]

--2012-05-10 05:11:47--  http://www.eonline.com/uberblog/includes/css/jquery-ui/cupertino/images/ui-bg_diagonals-thick_90_eeeeee_40x40.png
Reusing existing connection to images.eonline.com:80.
HTTP request sent, awaiting response... 200 OK
Length: 251 [image/png]
Saving to: `code/../crawls/eonline.com/Privacy-Policy/raw/www.eonline.com/uberblog/includes/css/jquery-ui/cupertino/images/ui-bg_diagonals-thick_90_eeeeee_40x40.png'

     0K                                                       100% 46.5M=0s

2012-05-10 05:11:47 (46.5 MB/s) - `code/../crawls/eonline.com/Privacy-Policy/raw/www.eonline.com/uberblog/includes/css/jquery-ui/cupertino/images/ui-bg_diagonals-thick_90_eeeeee_40x40.png' saved [251/251]

--2012-05-10 05:11:47--  http://www.eonline.com/uberblog/includes/css/jquery-ui/cupertino/images/ui-bg_highlight-hard_70_000000_1x100.png
Reusing existing connection to images.eonline.com:80.
HTTP request sent, awaiting response... 200 OK
Length: 118 [image/png]
Saving to: `code/../crawls/eonline.com/Privacy-Policy/raw/www.eonline.com/uberblog/includes/css/jquery-ui/cupertino/images/ui-bg_highlight-hard_70_000000_1x100.png'

     0K                                                       100% 21.4M=0s

2012-05-10 05:11:47 (21.4 MB/s) - `code/../crawls/eonline.com/Privacy-Policy/raw/www.eonline.com/uberblog/includes/css/jquery-ui/cupertino/images/ui-bg_highlight-hard_70_000000_1x100.png' saved [118/118]

--2012-05-10 05:11:47--  https://s3.amazonaws.com/getsatisfaction.com/feedback/fb_loading.png
Connecting to s3.amazonaws.com|207.171.187.117|:443... connected.
HTTP request sent, awaiting response... 200 OK
Length: 1457 (1.4K) [image/png]
Saving to: `code/../crawls/eonline.com/Privacy-Policy/raw/s3.amazonaws.com/getsatisfaction.com/feedback/fb_loading.png'

     0K .                                                     100%  870M=0s

2012-05-10 05:11:48 (870 MB/s) - `code/../crawls/eonline.com/Privacy-Policy/raw/s3.amazonaws.com/getsatisfaction.com/feedback/fb_loading.png' saved [1457/1457]

--2012-05-10 05:11:48--  https://s3.amazonaws.com/getsatisfaction.com/feedback/feedback_trans_tab.png
Reusing existing connection to s3.amazonaws.com:443.
HTTP request sent, awaiting response... 200 OK
Length: 1685 (1.6K) [image/png]
Saving to: `code/../crawls/eonline.com/Privacy-Policy/raw/s3.amazonaws.com/getsatisfaction.com/feedback/feedback_trans_tab.png'

     0K .                                                     100% 1.01G=0s

2012-05-10 05:11:48 (1.01 GB/s) - `code/../crawls/eonline.com/Privacy-Policy/raw/s3.amazonaws.com/getsatisfaction.com/feedback/feedback_trans_tab.png' saved [1685/1685]

--2012-05-10 05:11:48--  https://s3.amazonaws.com/getsatisfaction.com/feedback/feedback_tab_ie6.png
Reusing existing connection to s3.amazonaws.com:443.
HTTP request sent, awaiting response... 200 OK
Length: 886 [image/png]
Saving to: `code/../crawls/eonline.com/Privacy-Policy/raw/s3.amazonaws.com/getsatisfaction.com/feedback/feedback_tab_ie6.png'

     0K                                                       100%  695M=0s

2012-05-10 05:11:48 (695 MB/s) - `code/../crawls/eonline.com/Privacy-Policy/raw/s3.amazonaws.com/getsatisfaction.com/feedback/feedback_tab_ie6.png' saved [886/886]

--2012-05-10 05:11:48--  https://s3.amazonaws.com/getsatisfaction.com/feedback/feedback-close.png
Reusing existing connection to s3.amazonaws.com:443.
HTTP request sent, awaiting response... 200 OK
Length: 2892 (2.8K) [image/png]
Saving to: `code/../crawls/eonline.com/Privacy-Policy/raw/s3.amazonaws.com/getsatisfaction.com/feedback/feedback-close.png'

     0K ..                                                    100% 1.59G=0s

2012-05-10 05:11:48 (1.59 GB/s) - `code/../crawls/eonline.com/Privacy-Policy/raw/s3.amazonaws.com/getsatisfaction.com/feedback/feedback-close.png' saved [2892/2892]

FINISHED --2012-05-10 05:11:48--
Total wall clock time: 3.5s
Downloaded: 94 files, 1.1M in 0.2s (5.47 MB/s)
Converting code/../crawls/eonline.com/Privacy-Policy/raw/www.eonline.com/about/privacy/index.jsp.html... 19-111
Converting code/../crawls/eonline.com/Privacy-Policy/raw/www.eonline.com/about/includes/css/about.css... 3-0
Converting code/../crawls/eonline.com/Privacy-Policy/raw/www.eonline.com/uberblog/includes/css/eol.css... 80-0
Converting code/../crawls/eonline.com/Privacy-Policy/raw/www.eonline.com/uberblog/includes/css/jquery-ui/cupertino/jquery-ui-1.8.11.custom.css... 17-0
Converting code/../crawls/eonline.com/Privacy-Policy/raw/s3.amazonaws.com/getsatisfaction.com/feedback/feedback.css... 4-0
Converted 5 files in 0.005 seconds.
