--2012-04-15 08:20:23--  http://www.bedbathandbeyond.com/policyPrivacy.asp?
Resolving www.bedbathandbeyond.com... 206.16.253.10
Connecting to www.bedbathandbeyond.com|206.16.253.10|:80... connected.
HTTP request sent, awaiting response... 200 OK
Length: 909572 (888K) [text/html]
Saving to: `code/../crawls/bedbathandbeyond.com/Privacy-Policy/raw/www.bedbathandbeyond.com/policyPrivacy.asp.html'

     0K .......... .......... .......... .......... ..........  5%  137K 6s
    50K .......... .......... .......... .......... .......... 11%  550K 4s
   100K .......... .......... .......... .......... .......... 16% 1.11M 2s
   150K .......... .......... .......... .......... .......... 22%  988K 2s
   200K .......... .......... .......... .......... .......... 28%  556K 2s
   250K .......... .......... .......... .......... .......... 33%  556K 1s
   300K .......... .......... .......... .......... .......... 39%  567K 1s
   350K .......... .......... .......... .......... .......... 45% 6.70M 1s
   400K .......... .......... .......... .......... .......... 50%  562K 1s
   450K .......... .......... .......... .......... .......... 56%  561K 1s
   500K .......... .......... .......... .......... .......... 61%  564K 1s
   550K .......... .......... .......... .......... .......... 67%  569K 1s
   600K .......... .......... .......... .......... .......... 73% 4.74M 0s
   650K .......... .......... .......... .......... .......... 78%  560K 0s
   700K .......... .......... .......... .......... .......... 84%  561K 0s
   750K .......... .......... .......... .......... .......... 90%  566K 0s
   800K .......... .......... .......... .......... .......... 95%  552K 0s
   850K .......... .......... .......... ........             100% 7.53M=1.6s

2012-04-15 08:20:26 (572 KB/s) - `code/../crawls/bedbathandbeyond.com/Privacy-Policy/raw/www.bedbathandbeyond.com/policyPrivacy.asp.html' saved [909572/909572]

--2012-04-15 08:20:26--  http://www.bedbathandbeyond.com/foresee/foresee-alive.js
Reusing existing connection to www.bedbathandbeyond.com:80.
HTTP request sent, awaiting response... 200 OK
Length: 1805 (1.8K) [application/x-javascript]
Saving to: `code/../crawls/bedbathandbeyond.com/Privacy-Policy/raw/www.bedbathandbeyond.com/foresee/foresee-alive.js'

     0K .                                                     100%  234M=0s

2012-04-15 08:20:26 (234 MB/s) - `code/../crawls/bedbathandbeyond.com/Privacy-Policy/raw/www.bedbathandbeyond.com/foresee/foresee-alive.js' saved [1805/1805]

--2012-04-15 08:20:26--  http://www.bedbathandbeyond.com/js/leftnav_preload.js
Reusing existing connection to www.bedbathandbeyond.com:80.
HTTP request sent, awaiting response... 200 OK
Length: 9472 (9.2K) [application/x-javascript]
Saving to: `code/../crawls/bedbathandbeyond.com/Privacy-Policy/raw/www.bedbathandbeyond.com/js/leftnav_preload.js'

     0K .........                                             100% 8.72M=0.001s

2012-04-15 08:20:27 (8.72 MB/s) - `code/../crawls/bedbathandbeyond.com/Privacy-Policy/raw/www.bedbathandbeyond.com/js/leftnav_preload.js' saved [9472/9472]

--2012-04-15 08:20:27--  http://www.bedbathandbeyond.com/js/common.js
Reusing existing connection to www.bedbathandbeyond.com:80.
HTTP request sent, awaiting response... 200 OK
Length: 2744 (2.7K) [application/x-javascript]
Saving to: `code/../crawls/bedbathandbeyond.com/Privacy-Policy/raw/www.bedbathandbeyond.com/js/common.js'

     0K ..                                                    100% 38.1M=0s

2012-04-15 08:20:27 (38.1 MB/s) - `code/../crawls/bedbathandbeyond.com/Privacy-Policy/raw/www.bedbathandbeyond.com/js/common.js' saved [2744/2744]

--2012-04-15 08:20:27--  http://www.bedbathandbeyond.com/js/jquery-1.2.6.js
Reusing existing connection to www.bedbathandbeyond.com:80.
HTTP request sent, awaiting response... 200 OK
Length: 100196 (98K) [application/x-javascript]
Saving to: `code/../crawls/bedbathandbeyond.com/Privacy-Policy/raw/www.bedbathandbeyond.com/js/jquery-1.2.6.js'

     0K .......... .......... .......... .......... .......... 51% 9.05M 0s
    50K .......... .......... .......... .......... .......   100%  504K=0.1s

2012-04-15 08:20:27 (975 KB/s) - `code/../crawls/bedbathandbeyond.com/Privacy-Policy/raw/www.bedbathandbeyond.com/js/jquery-1.2.6.js' saved [100196/100196]

--2012-04-15 08:20:27--  http://www.bedbathandbeyond.com/css/autosuggest.css
Reusing existing connection to www.bedbathandbeyond.com:80.
HTTP request sent, awaiting response... 200 OK
Length: 211 [text/css]
Saving to: `code/../crawls/bedbathandbeyond.com/Privacy-Policy/raw/www.bedbathandbeyond.com/css/autosuggest.css'

     0K                                                       100% 37.1M=0s

2012-04-15 08:20:27 (37.1 MB/s) - `code/../crawls/bedbathandbeyond.com/Privacy-Policy/raw/www.bedbathandbeyond.com/css/autosuggest.css' saved [211/211]

--2012-04-15 08:20:27--  http://www.bedbathandbeyond.com/js/autosuggest.js
Reusing existing connection to www.bedbathandbeyond.com:80.
HTTP request sent, awaiting response... 200 OK
Length: 8715 (8.5K) [application/x-javascript]
Saving to: `code/../crawls/bedbathandbeyond.com/Privacy-Policy/raw/www.bedbathandbeyond.com/js/autosuggest.js'

     0K ........                                              100% 10.8M=0.001s

2012-04-15 08:20:27 (10.8 MB/s) - `code/../crawls/bedbathandbeyond.com/Privacy-Policy/raw/www.bedbathandbeyond.com/js/autosuggest.js' saved [8715/8715]

--2012-04-15 08:20:27--  http://www.bedbathandbeyond.com/css/overlay.css
Reusing existing connection to www.bedbathandbeyond.com:80.
HTTP request sent, awaiting response... 200 OK
Length: 1904 (1.9K) [text/css]
Saving to: `code/../crawls/bedbathandbeyond.com/Privacy-Policy/raw/www.bedbathandbeyond.com/css/overlay.css'

     0K .                                                     100%  262M=0s

2012-04-15 08:20:27 (262 MB/s) - `code/../crawls/bedbathandbeyond.com/Privacy-Policy/raw/www.bedbathandbeyond.com/css/overlay.css' saved [1904/1904]

--2012-04-15 08:20:27--  http://www.bedbathandbeyond.com/js/overlay.js
Reusing existing connection to www.bedbathandbeyond.com:80.
HTTP request sent, awaiting response... 200 OK
Length: 5177 (5.1K) [application/x-javascript]
Saving to: `code/../crawls/bedbathandbeyond.com/Privacy-Policy/raw/www.bedbathandbeyond.com/js/overlay.js'

     0K .....                                                 100% 17.9M=0s

2012-04-15 08:20:27 (17.9 MB/s) - `code/../crawls/bedbathandbeyond.com/Privacy-Policy/raw/www.bedbathandbeyond.com/js/overlay.js' saved [5177/5177]

--2012-04-15 08:20:27--  http://www.bedbathandbeyond.com/js/mobileRedirect.js
Reusing existing connection to www.bedbathandbeyond.com:80.
HTTP request sent, awaiting response... 200 OK
Length: 5765 (5.6K) [application/x-javascript]
Saving to: `code/../crawls/bedbathandbeyond.com/Privacy-Policy/raw/www.bedbathandbeyond.com/js/mobileRedirect.js'

     0K .....                                                 100% 12.2M=0s

2012-04-15 08:20:27 (12.2 MB/s) - `code/../crawls/bedbathandbeyond.com/Privacy-Policy/raw/www.bedbathandbeyond.com/js/mobileRedirect.js' saved [5765/5765]

--2012-04-15 08:20:27--  http://www.bedbathandbeyond.com/css/main.css
Reusing existing connection to www.bedbathandbeyond.com:80.
HTTP request sent, awaiting response... 200 OK
Length: 20013 (20K) [text/css]
Saving to: `code/../crawls/bedbathandbeyond.com/Privacy-Policy/raw/www.bedbathandbeyond.com/css/main.css'

     0K .......... .........                                  100% 13.1M=0.001s

2012-04-15 08:20:27 (13.1 MB/s) - `code/../crawls/bedbathandbeyond.com/Privacy-Policy/raw/www.bedbathandbeyond.com/css/main.css' saved [20013/20013]

--2012-04-15 08:20:27--  http://www.bedbathandbeyond.com/css/newmain.css
Reusing existing connection to www.bedbathandbeyond.com:80.
HTTP request sent, awaiting response... 200 OK
Length: 39584 (39K) [text/css]
Saving to: `code/../crawls/bedbathandbeyond.com/Privacy-Policy/raw/www.bedbathandbeyond.com/css/newmain.css'

     0K .......... .......... .......... ........             100% 8.71M=0.004s

2012-04-15 08:20:27 (8.71 MB/s) - `code/../crawls/bedbathandbeyond.com/Privacy-Policy/raw/www.bedbathandbeyond.com/css/newmain.css' saved [39584/39584]

--2012-04-15 08:20:27--  http://www.bedbathandbeyond.com/img/arrow_on.gif
Reusing existing connection to www.bedbathandbeyond.com:80.
HTTP request sent, awaiting response... 200 OK
Length: 63 [image/gif]
Saving to: `code/../crawls/bedbathandbeyond.com/Privacy-Policy/raw/www.bedbathandbeyond.com/img/arrow_on.gif'

     0K                                                       100% 10.5M=0s

2012-04-15 08:20:28 (10.5 MB/s) - `code/../crawls/bedbathandbeyond.com/Privacy-Policy/raw/www.bedbathandbeyond.com/img/arrow_on.gif' saved [63/63]

--2012-04-15 08:20:28--  http://www.bedbathandbeyond.com/img/globalicon_cart_off.gif
Reusing existing connection to www.bedbathandbeyond.com:80.
HTTP request sent, awaiting response... 200 OK
Length: 217 [image/gif]
Saving to: `code/../crawls/bedbathandbeyond.com/Privacy-Policy/raw/www.bedbathandbeyond.com/img/globalicon_cart_off.gif'

     0K                                                       100% 39.3M=0s

2012-04-15 08:20:28 (39.3 MB/s) - `code/../crawls/bedbathandbeyond.com/Privacy-Policy/raw/www.bedbathandbeyond.com/img/globalicon_cart_off.gif' saved [217/217]

--2012-04-15 08:20:28--  http://www.bedbathandbeyond.com/img/logo_bbb.gif
Reusing existing connection to www.bedbathandbeyond.com:80.
HTTP request sent, awaiting response... 200 OK
Length: 1848 (1.8K) [image/gif]
Saving to: `code/../crawls/bedbathandbeyond.com/Privacy-Policy/raw/www.bedbathandbeyond.com/img/logo_bbb.gif'

     0K .                                                     100%  255M=0s

2012-04-15 08:20:28 (255 MB/s) - `code/../crawls/bedbathandbeyond.com/Privacy-Policy/raw/www.bedbathandbeyond.com/img/logo_bbb.gif' saved [1848/1848]

--2012-04-15 08:20:28--  http://www.bedbathandbeyond.com/Homeimg/logo_facebook2.jpg
Reusing existing connection to www.bedbathandbeyond.com:80.
HTTP request sent, awaiting response... 200 OK
Length: 1381 (1.3K) [image/jpeg]
Saving to: `code/../crawls/bedbathandbeyond.com/Privacy-Policy/raw/www.bedbathandbeyond.com/Homeimg/logo_facebook2.jpg'

     0K .                                                     100%  191M=0s

2012-04-15 08:20:28 (191 MB/s) - `code/../crawls/bedbathandbeyond.com/Privacy-Policy/raw/www.bedbathandbeyond.com/Homeimg/logo_facebook2.jpg' saved [1381/1381]

--2012-04-15 08:20:28--  http://www.bedbathandbeyond.com/Homeimg/logo_twitter.jpg
Reusing existing connection to www.bedbathandbeyond.com:80.
HTTP request sent, awaiting response... 200 OK
Length: 1457 (1.4K) [image/jpeg]
Saving to: `code/../crawls/bedbathandbeyond.com/Privacy-Policy/raw/www.bedbathandbeyond.com/Homeimg/logo_twitter.jpg'

     0K .                                                     100%  211M=0s

2012-04-15 08:20:28 (211 MB/s) - `code/../crawls/bedbathandbeyond.com/Privacy-Policy/raw/www.bedbathandbeyond.com/Homeimg/logo_twitter.jpg' saved [1457/1457]

--2012-04-15 08:20:28--  http://www.bedbathandbeyond.com/img/freeShipHdrItems.gif
Reusing existing connection to www.bedbathandbeyond.com:80.
HTTP request sent, awaiting response... 200 OK
Length: 1858 (1.8K) [image/gif]
Saving to: `code/../crawls/bedbathandbeyond.com/Privacy-Policy/raw/www.bedbathandbeyond.com/img/freeShipHdrItems.gif'

     0K .                                                     100%  253M=0s

2012-04-15 08:20:28 (253 MB/s) - `code/../crawls/bedbathandbeyond.com/Privacy-Policy/raw/www.bedbathandbeyond.com/img/freeShipHdrItems.gif' saved [1858/1858]

--2012-04-15 08:20:28--  http://www.bedbathandbeyond.com/img/btn_menu_off.gif
Reusing existing connection to www.bedbathandbeyond.com:80.
HTTP request sent, awaiting response... 200 OK
Length: 289 [image/gif]
Saving to: `code/../crawls/bedbathandbeyond.com/Privacy-Policy/raw/www.bedbathandbeyond.com/img/btn_menu_off.gif'

     0K                                                       100% 53.1M=0s

2012-04-15 08:20:28 (53.1 MB/s) - `code/../crawls/bedbathandbeyond.com/Privacy-Policy/raw/www.bedbathandbeyond.com/img/btn_menu_off.gif' saved [289/289]

--2012-04-15 08:20:28--  http://www.bedbathandbeyond.com/img/txtShopDept.gif
Reusing existing connection to www.bedbathandbeyond.com:80.
HTTP request sent, awaiting response... 200 OK
Length: 1421 (1.4K) [image/gif]
Saving to: `code/../crawls/bedbathandbeyond.com/Privacy-Policy/raw/www.bedbathandbeyond.com/img/txtShopDept.gif'

     0K .                                                     100%  202M=0s

2012-04-15 08:20:28 (202 MB/s) - `code/../crawls/bedbathandbeyond.com/Privacy-Policy/raw/www.bedbathandbeyond.com/img/txtShopDept.gif' saved [1421/1421]

--2012-04-15 08:20:28--  http://www.bedbathandbeyond.com/img/lnav3_1whatsnew_off.gif
Reusing existing connection to www.bedbathandbeyond.com:80.
HTTP request sent, awaiting response... 200 OK
Length: 599 [image/gif]
Saving to: `code/../crawls/bedbathandbeyond.com/Privacy-Policy/raw/www.bedbathandbeyond.com/img/lnav3_1whatsnew_off.gif'

     0K                                                       100%  104M=0s

2012-04-15 08:20:28 (104 MB/s) - `code/../crawls/bedbathandbeyond.com/Privacy-Policy/raw/www.bedbathandbeyond.com/img/lnav3_1whatsnew_off.gif' saved [599/599]

--2012-04-15 08:20:28--  http://www.bedbathandbeyond.com/img/lnav3_1seasonal_off.gif
Reusing existing connection to www.bedbathandbeyond.com:80.
HTTP request sent, awaiting response... 200 OK
Length: 523 [image/gif]
Saving to: `code/../crawls/bedbathandbeyond.com/Privacy-Policy/raw/www.bedbathandbeyond.com/img/lnav3_1seasonal_off.gif'

     0K                                                       100% 96.0M=0s

2012-04-15 08:20:28 (96.0 MB/s) - `code/../crawls/bedbathandbeyond.com/Privacy-Policy/raw/www.bedbathandbeyond.com/img/lnav3_1seasonal_off.gif' saved [523/523]

--2012-04-15 08:20:28--  http://www.bedbathandbeyond.com/img/lnav3_1gifts_off.gif
Reusing existing connection to www.bedbathandbeyond.com:80.
HTTP request sent, awaiting response... 200 OK
Length: 418 [image/gif]
Saving to: `code/../crawls/bedbathandbeyond.com/Privacy-Policy/raw/www.bedbathandbeyond.com/img/lnav3_1gifts_off.gif'

     0K                                                       100% 74.2M=0s

2012-04-15 08:20:29 (74.2 MB/s) - `code/../crawls/bedbathandbeyond.com/Privacy-Policy/raw/www.bedbathandbeyond.com/img/lnav3_1gifts_off.gif' saved [418/418]

--2012-04-15 08:20:29--  http://www.bedbathandbeyond.com/img/lnav3_1bedding_off.gif
Reusing existing connection to www.bedbathandbeyond.com:80.
HTTP request sent, awaiting response... 200 OK
Length: 505 [image/gif]
Saving to: `code/../crawls/bedbathandbeyond.com/Privacy-Policy/raw/www.bedbathandbeyond.com/img/lnav3_1bedding_off.gif'

     0K                                                       100% 93.6M=0s

2012-04-15 08:20:29 (93.6 MB/s) - `code/../crawls/bedbathandbeyond.com/Privacy-Policy/raw/www.bedbathandbeyond.com/img/lnav3_1bedding_off.gif' saved [505/505]

--2012-04-15 08:20:29--  http://www.bedbathandbeyond.com/img/lnav3_1bath_off.gif
Reusing existing connection to www.bedbathandbeyond.com:80.
HTTP request sent, awaiting response... 200 OK
Length: 409 [image/gif]
Saving to: `code/../crawls/bedbathandbeyond.com/Privacy-Policy/raw/www.bedbathandbeyond.com/img/lnav3_1bath_off.gif'

     0K                                                       100% 74.7M=0s

2012-04-15 08:20:29 (74.7 MB/s) - `code/../crawls/bedbathandbeyond.com/Privacy-Policy/raw/www.bedbathandbeyond.com/img/lnav3_1bath_off.gif' saved [409/409]

--2012-04-15 08:20:29--  http://www.bedbathandbeyond.com/img/lnav3_1kitchen_off.gif
Reusing existing connection to www.bedbathandbeyond.com:80.
HTTP request sent, awaiting response... 200 OK
Length: 463 [image/gif]
Saving to: `code/../crawls/bedbathandbeyond.com/Privacy-Policy/raw/www.bedbathandbeyond.com/img/lnav3_1kitchen_off.gif'

     0K                                                       100% 80.0M=0s

2012-04-15 08:20:29 (80.0 MB/s) - `code/../crawls/bedbathandbeyond.com/Privacy-Policy/raw/www.bedbathandbeyond.com/img/lnav3_1kitchen_off.gif' saved [463/463]

--2012-04-15 08:20:29--  http://www.bedbathandbeyond.com/img/lnav3_1kitchenelectrics_off.gif
Reusing existing connection to www.bedbathandbeyond.com:80.
HTTP request sent, awaiting response... 200 OK
Length: 661 [image/gif]
Saving to: `code/../crawls/bedbathandbeyond.com/Privacy-Policy/raw/www.bedbathandbeyond.com/img/lnav3_1kitchenelectrics_off.gif'

     0K                                                       100%  116M=0s

2012-04-15 08:20:29 (116 MB/s) - `code/../crawls/bedbathandbeyond.com/Privacy-Policy/raw/www.bedbathandbeyond.com/img/lnav3_1kitchenelectrics_off.gif' saved [661/661]

--2012-04-15 08:20:29--  http://www.bedbathandbeyond.com/img/lnav3_1cookware_off.gif
Reusing existing connection to www.bedbathandbeyond.com:80.
HTTP request sent, awaiting response... 200 OK
Length: 545 [image/gif]
Saving to: `code/../crawls/bedbathandbeyond.com/Privacy-Policy/raw/www.bedbathandbeyond.com/img/lnav3_1cookware_off.gif'

     0K                                                       100%  100M=0s

2012-04-15 08:20:29 (100 MB/s) - `code/../crawls/bedbathandbeyond.com/Privacy-Policy/raw/www.bedbathandbeyond.com/img/lnav3_1cookware_off.gif' saved [545/545]

--2012-04-15 08:20:29--  http://www.bedbathandbeyond.com/img/lnav3_1cutlery_off.gif
Reusing existing connection to www.bedbathandbeyond.com:80.
HTTP request sent, awaiting response... 200 OK
Length: 472 [image/gif]
Saving to: `code/../crawls/bedbathandbeyond.com/Privacy-Policy/raw/www.bedbathandbeyond.com/img/lnav3_1cutlery_off.gif'

     0K                                                       100% 86.2M=0s

2012-04-15 08:20:29 (86.2 MB/s) - `code/../crawls/bedbathandbeyond.com/Privacy-Policy/raw/www.bedbathandbeyond.com/img/lnav3_1cutlery_off.gif' saved [472/472]

--2012-04-15 08:20:29--  http://www.bedbathandbeyond.com/img/lnav3_1finedininggiftware_off.gif
Reusing existing connection to www.bedbathandbeyond.com:80.
HTTP request sent, awaiting response... 200 OK
Length: 783 [image/gif]
Saving to: `code/../crawls/bedbathandbeyond.com/Privacy-Policy/raw/www.bedbathandbeyond.com/img/lnav3_1finedininggiftware_off.gif'

     0K                                                       100%  137M=0s

2012-04-15 08:20:29 (137 MB/s) - `code/../crawls/bedbathandbeyond.com/Privacy-Policy/raw/www.bedbathandbeyond.com/img/lnav3_1finedininggiftware_off.gif' saved [783/783]

--2012-04-15 08:20:29--  http://www.bedbathandbeyond.com/img/lnav3_1casualdining_off.gif
Reusing existing connection to www.bedbathandbeyond.com:80.
HTTP request sent, awaiting response... 200 OK
Length: 622 [image/gif]
Saving to: `code/../crawls/bedbathandbeyond.com/Privacy-Policy/raw/www.bedbathandbeyond.com/img/lnav3_1casualdining_off.gif'

     0K                                                       100%  106M=0s

2012-04-15 08:20:29 (106 MB/s) - `code/../crawls/bedbathandbeyond.com/Privacy-Policy/raw/www.bedbathandbeyond.com/img/lnav3_1casualdining_off.gif' saved [622/622]

--2012-04-15 08:20:29--  http://www.bedbathandbeyond.com/img/lnav3_1serveware_off.gif
Reusing existing connection to www.bedbathandbeyond.com:80.
HTTP request sent, awaiting response... 200 OK
Length: 559 [image/gif]
Saving to: `code/../crawls/bedbathandbeyond.com/Privacy-Policy/raw/www.bedbathandbeyond.com/img/lnav3_1serveware_off.gif'

     0K                                                       100% 97.7M=0s

2012-04-15 08:20:29 (97.7 MB/s) - `code/../crawls/bedbathandbeyond.com/Privacy-Policy/raw/www.bedbathandbeyond.com/img/lnav3_1serveware_off.gif' saved [559/559]

--2012-04-15 08:20:29--  http://www.bedbathandbeyond.com/img/lnav3_1tablelinens_off.gif
Reusing existing connection to www.bedbathandbeyond.com:80.
HTTP request sent, awaiting response... 200 OK
Length: 558 [image/gif]
Saving to: `code/../crawls/bedbathandbeyond.com/Privacy-Policy/raw/www.bedbathandbeyond.com/img/lnav3_1tablelinens_off.gif'

     0K                                                       100% 98.3M=0s

2012-04-15 08:20:29 (98.3 MB/s) - `code/../crawls/bedbathandbeyond.com/Privacy-Policy/raw/www.bedbathandbeyond.com/img/lnav3_1tablelinens_off.gif' saved [558/558]

--2012-04-15 08:20:29--  http://www.bedbathandbeyond.com/img/lnav3_1homedecor_off.gif
Reusing existing connection to www.bedbathandbeyond.com:80.
HTTP request sent, awaiting response... 200 OK
Length: 552 [image/gif]
Saving to: `code/../crawls/bedbathandbeyond.com/Privacy-Policy/raw/www.bedbathandbeyond.com/img/lnav3_1homedecor_off.gif'

     0K                                                       100%  100M=0s

2012-04-15 08:20:30 (100 MB/s) - `code/../crawls/bedbathandbeyond.com/Privacy-Policy/raw/www.bedbathandbeyond.com/img/lnav3_1homedecor_off.gif' saved [552/552]

--2012-04-15 08:20:30--  http://www.bedbathandbeyond.com/img/lnav3_1windowtreatments_off.gif
Reusing existing connection to www.bedbathandbeyond.com:80.
HTTP request sent, awaiting response... 200 OK
Length: 739 [image/gif]
Saving to: `code/../crawls/bedbathandbeyond.com/Privacy-Policy/raw/www.bedbathandbeyond.com/img/lnav3_1windowtreatments_off.gif'

     0K                                                       100%  132M=0s

2012-04-15 08:20:30 (132 MB/s) - `code/../crawls/bedbathandbeyond.com/Privacy-Policy/raw/www.bedbathandbeyond.com/img/lnav3_1windowtreatments_off.gif' saved [739/739]

--2012-04-15 08:20:30--  http://www.bedbathandbeyond.com/img/lnav3_1furniture_off.gif
Reusing existing connection to www.bedbathandbeyond.com:80.
HTTP request sent, awaiting response... 200 OK
Length: 456 [image/gif]
Saving to: `code/../crawls/bedbathandbeyond.com/Privacy-Policy/raw/www.bedbathandbeyond.com/img/lnav3_1furniture_off.gif'

     0K                                                       100% 85.1M=0s

2012-04-15 08:20:30 (85.1 MB/s) - `code/../crawls/bedbathandbeyond.com/Privacy-Policy/raw/www.bedbathandbeyond.com/img/lnav3_1furniture_off.gif' saved [456/456]

--2012-04-15 08:20:30--  http://www.bedbathandbeyond.com/img/lnav3_1rugs_off.gif
Reusing existing connection to www.bedbathandbeyond.com:80.
HTTP request sent, awaiting response... 200 OK
Length: 428 [image/gif]
Saving to: `code/../crawls/bedbathandbeyond.com/Privacy-Policy/raw/www.bedbathandbeyond.com/img/lnav3_1rugs_off.gif'

     0K                                                       100% 73.8M=0s

2012-04-15 08:20:30 (73.8 MB/s) - `code/../crawls/bedbathandbeyond.com/Privacy-Policy/raw/www.bedbathandbeyond.com/img/lnav3_1rugs_off.gif' saved [428/428]

--2012-04-15 08:20:30--  http://www.bedbathandbeyond.com/img/lnav3_1lighting_off.gif
Reusing existing connection to www.bedbathandbeyond.com:80.
HTTP request sent, awaiting response... 200 OK
Length: 479 [image/gif]
Saving to: `code/../crawls/bedbathandbeyond.com/Privacy-Policy/raw/www.bedbathandbeyond.com/img/lnav3_1lighting_off.gif'

     0K                                                       100% 85.2M=0s

2012-04-15 08:20:30 (85.2 MB/s) - `code/../crawls/bedbathandbeyond.com/Privacy-Policy/raw/www.bedbathandbeyond.com/img/lnav3_1lighting_off.gif' saved [479/479]

--2012-04-15 08:20:30--  http://www.bedbathandbeyond.com/img/lnav3_1walldecor_off.gif
Reusing existing connection to www.bedbathandbeyond.com:80.
HTTP request sent, awaiting response... 200 OK
Length: 554 [image/gif]
Saving to: `code/../crawls/bedbathandbeyond.com/Privacy-Policy/raw/www.bedbathandbeyond.com/img/lnav3_1walldecor_off.gif'

     0K                                                       100% 98.7M=0s

2012-04-15 08:20:30 (98.7 MB/s) - `code/../crawls/bedbathandbeyond.com/Privacy-Policy/raw/www.bedbathandbeyond.com/img/lnav3_1walldecor_off.gif' saved [554/554]

--2012-04-15 08:20:30--  http://www.bedbathandbeyond.com/img/lnav3_1storage_off.gif
Reusing existing connection to www.bedbathandbeyond.com:80.
HTTP request sent, awaiting response... 200 OK
Length: 510 [image/gif]
Saving to: `code/../crawls/bedbathandbeyond.com/Privacy-Policy/raw/www.bedbathandbeyond.com/img/lnav3_1storage_off.gif'

     0K                                                       100% 88.8M=0s

2012-04-15 08:20:30 (88.8 MB/s) - `code/../crawls/bedbathandbeyond.com/Privacy-Policy/raw/www.bedbathandbeyond.com/img/lnav3_1storage_off.gif' saved [510/510]

--2012-04-15 08:20:30--  http://www.bedbathandbeyond.com/img/lnav3_1cleaning_off.gif
Reusing existing connection to www.bedbathandbeyond.com:80.
HTTP request sent, awaiting response... 200 OK
Length: 509 [image/gif]
Saving to: `code/../crawls/bedbathandbeyond.com/Privacy-Policy/raw/www.bedbathandbeyond.com/img/lnav3_1cleaning_off.gif'

     0K                                                       100% 88.4M=0s

2012-04-15 08:20:30 (88.4 MB/s) - `code/../crawls/bedbathandbeyond.com/Privacy-Policy/raw/www.bedbathandbeyond.com/img/lnav3_1cleaning_off.gif' saved [509/509]

--2012-04-15 08:20:30--  http://www.bedbathandbeyond.com/img/lnav3_1utility_off.gif
Reusing existing connection to www.bedbathandbeyond.com:80.
HTTP request sent, awaiting response... 200 OK
Length: 435 [image/gif]
Saving to: `code/../crawls/bedbathandbeyond.com/Privacy-Policy/raw/www.bedbathandbeyond.com/img/lnav3_1utility_off.gif'

     0K                                                       100% 78.2M=0s

2012-04-15 08:20:30 (78.2 MB/s) - `code/../crawls/bedbathandbeyond.com/Privacy-Policy/raw/www.bedbathandbeyond.com/img/lnav3_1utility_off.gif' saved [435/435]

--2012-04-15 08:20:30--  http://www.bedbathandbeyond.com/img/lnav3_1vacuums_off.gif
Reusing existing connection to www.bedbathandbeyond.com:80.
HTTP request sent, awaiting response... 200 OK
Length: 496 [image/gif]
Saving to: `code/../crawls/bedbathandbeyond.com/Privacy-Policy/raw/www.bedbathandbeyond.com/img/lnav3_1vacuums_off.gif'

     0K                                                       100% 90.7M=0s

2012-04-15 08:20:30 (90.7 MB/s) - `code/../crawls/bedbathandbeyond.com/Privacy-Policy/raw/www.bedbathandbeyond.com/img/lnav3_1vacuums_off.gif' saved [496/496]

--2012-04-15 08:20:30--  http://www.bedbathandbeyond.com/img/lnav3_1baby_off.gif
Reusing existing connection to www.bedbathandbeyond.com:80.
HTTP request sent, awaiting response... 200 OK
Length: 436 [image/gif]
Saving to: `code/../crawls/bedbathandbeyond.com/Privacy-Policy/raw/www.bedbathandbeyond.com/img/lnav3_1baby_off.gif'

     0K                                                       100% 71.4M=0s

2012-04-15 08:20:30 (71.4 MB/s) - `code/../crawls/bedbathandbeyond.com/Privacy-Policy/raw/www.bedbathandbeyond.com/img/lnav3_1baby_off.gif' saved [436/436]

--2012-04-15 08:20:30--  http://www.bedbathandbeyond.com/img/lnav3_1kids_off.gif
Reusing existing connection to www.bedbathandbeyond.com:80.
HTTP request sent, awaiting response... 200 OK
Length: 398 [image/gif]
Saving to: `code/../crawls/bedbathandbeyond.com/Privacy-Policy/raw/www.bedbathandbeyond.com/img/lnav3_1kids_off.gif'

     0K                                                       100% 69.5M=0s

2012-04-15 08:20:31 (69.5 MB/s) - `code/../crawls/bedbathandbeyond.com/Privacy-Policy/raw/www.bedbathandbeyond.com/img/lnav3_1kids_off.gif' saved [398/398]

--2012-04-15 08:20:31--  http://www.bedbathandbeyond.com/img/lnav3_1beautywellness_off.gif
Reusing existing connection to www.bedbathandbeyond.com:80.
HTTP request sent, awaiting response... 200 OK
Length: 737 [image/gif]
Saving to: `code/../crawls/bedbathandbeyond.com/Privacy-Policy/raw/www.bedbathandbeyond.com/img/lnav3_1beautywellness_off.gif'

     0K                                                       100%  131M=0s

2012-04-15 08:20:31 (131 MB/s) - `code/../crawls/bedbathandbeyond.com/Privacy-Policy/raw/www.bedbathandbeyond.com/img/lnav3_1beautywellness_off.gif' saved [737/737]

--2012-04-15 08:20:31--  http://www.bedbathandbeyond.com/img/lnav3_1electronics_off.gif
Reusing existing connection to www.bedbathandbeyond.com:80.
HTTP request sent, awaiting response... 200 OK
Length: 542 [image/gif]
Saving to: `code/../crawls/bedbathandbeyond.com/Privacy-Policy/raw/www.bedbathandbeyond.com/img/lnav3_1electronics_off.gif'

     0K                                                       100% 95.3M=0s

2012-04-15 08:20:31 (95.3 MB/s) - `code/../crawls/bedbathandbeyond.com/Privacy-Policy/raw/www.bedbathandbeyond.com/img/lnav3_1electronics_off.gif' saved [542/542]

--2012-04-15 08:20:31--  http://www.bedbathandbeyond.com/img/lnav3_1luggage_off.gif
Reusing existing connection to www.bedbathandbeyond.com:80.
HTTP request sent, awaiting response... 200 OK
Length: 523 [image/gif]
Saving to: `code/../crawls/bedbathandbeyond.com/Privacy-Policy/raw/www.bedbathandbeyond.com/img/lnav3_1luggage_off.gif'

     0K                                                       100% 92.4M=0s

2012-04-15 08:20:31 (92.4 MB/s) - `code/../crawls/bedbathandbeyond.com/Privacy-Policy/raw/www.bedbathandbeyond.com/img/lnav3_1luggage_off.gif' saved [523/523]

--2012-04-15 08:20:31--  http://www.bedbathandbeyond.com/img/lnav3_1pet_off.gif
Reusing existing connection to www.bedbathandbeyond.com:80.
HTTP request sent, awaiting response... 200 OK
Length: 365 [image/gif]
Saving to: `code/../crawls/bedbathandbeyond.com/Privacy-Policy/raw/www.bedbathandbeyond.com/img/lnav3_1pet_off.gif'

     0K                                                       100% 65.0M=0s

2012-04-15 08:20:31 (65.0 MB/s) - `code/../crawls/bedbathandbeyond.com/Privacy-Policy/raw/www.bedbathandbeyond.com/img/lnav3_1pet_off.gif' saved [365/365]

--2012-04-15 08:20:31--  http://www.bedbathandbeyond.com/img/lnav3_1teamshop_off.gif
Reusing existing connection to www.bedbathandbeyond.com:80.
HTTP request sent, awaiting response... 200 OK
Length: 561 [image/gif]
Saving to: `code/../crawls/bedbathandbeyond.com/Privacy-Policy/raw/www.bedbathandbeyond.com/img/lnav3_1teamshop_off.gif'

     0K                                                       100%  100M=0s

2012-04-15 08:20:31 (100 MB/s) - `code/../crawls/bedbathandbeyond.com/Privacy-Policy/raw/www.bedbathandbeyond.com/img/lnav3_1teamshop_off.gif' saved [561/561]

--2012-04-15 08:20:31--  http://www.bedbathandbeyond.com/img/lnav3_1hospitality_off.gif
Reusing existing connection to www.bedbathandbeyond.com:80.
HTTP request sent, awaiting response... 200 OK
Length: 560 [image/gif]
Saving to: `code/../crawls/bedbathandbeyond.com/Privacy-Policy/raw/www.bedbathandbeyond.com/img/lnav3_1hospitality_off.gif'

     0K                                                       100% 99.9M=0s

2012-04-15 08:20:31 (99.9 MB/s) - `code/../crawls/bedbathandbeyond.com/Privacy-Policy/raw/www.bedbathandbeyond.com/img/lnav3_1hospitality_off.gif' saved [560/560]

--2012-04-15 08:20:31--  http://www.bedbathandbeyond.com/img/lnav3_1specialtyshops_off.gif
Reusing existing connection to www.bedbathandbeyond.com:80.
HTTP request sent, awaiting response... 200 OK
Length: 706 [image/gif]
Saving to: `code/../crawls/bedbathandbeyond.com/Privacy-Policy/raw/www.bedbathandbeyond.com/img/lnav3_1specialtyshops_off.gif'

     0K                                                       100%  123M=0s

2012-04-15 08:20:31 (123 MB/s) - `code/../crawls/bedbathandbeyond.com/Privacy-Policy/raw/www.bedbathandbeyond.com/img/lnav3_1specialtyshops_off.gif' saved [706/706]

--2012-04-15 08:20:31--  http://www.bedbathandbeyond.com/img/lnav3_1featuredbrands_off.gif
Reusing existing connection to www.bedbathandbeyond.com:80.
HTTP request sent, awaiting response... 200 OK
Length: 663 [image/gif]
Saving to: `code/../crawls/bedbathandbeyond.com/Privacy-Policy/raw/www.bedbathandbeyond.com/img/lnav3_1featuredbrands_off.gif'

     0K                                                       100%  114M=0s

2012-04-15 08:20:31 (114 MB/s) - `code/../crawls/bedbathandbeyond.com/Privacy-Policy/raw/www.bedbathandbeyond.com/img/lnav3_1featuredbrands_off.gif' saved [663/663]

--2012-04-15 08:20:31--  http://www.bedbathandbeyond.com/img/lnav3_1specialpurchase_off.gif
Reusing existing connection to www.bedbathandbeyond.com:80.
HTTP request sent, awaiting response... 200 OK
Length: 707 [image/gif]
Saving to: `code/../crawls/bedbathandbeyond.com/Privacy-Policy/raw/www.bedbathandbeyond.com/img/lnav3_1specialpurchase_off.gif'

     0K                                                       100%  125M=0s

2012-04-15 08:20:31 (125 MB/s) - `code/../crawls/bedbathandbeyond.com/Privacy-Policy/raw/www.bedbathandbeyond.com/img/lnav3_1specialpurchase_off.gif' saved [707/707]

--2012-04-15 08:20:31--  http://www.bedbathandbeyond.com/img/lnav3_1clearance_off.gif
Reusing existing connection to www.bedbathandbeyond.com:80.
HTTP request sent, awaiting response... 200 OK
Length: 546 [image/gif]
Saving to: `code/../crawls/bedbathandbeyond.com/Privacy-Policy/raw/www.bedbathandbeyond.com/img/lnav3_1clearance_off.gif'

     0K                                                       100% 96.6M=0s

2012-04-15 08:20:31 (96.6 MB/s) - `code/../crawls/bedbathandbeyond.com/Privacy-Policy/raw/www.bedbathandbeyond.com/img/lnav3_1clearance_off.gif' saved [546/546]

--2012-04-15 08:20:31--  http://www.bedbathandbeyond.com/img/bordLeftNavBottom.gif
Reusing existing connection to www.bedbathandbeyond.com:80.
HTTP request sent, awaiting response... 200 OK
Length: 56 [image/gif]
Saving to: `code/../crawls/bedbathandbeyond.com/Privacy-Policy/raw/www.bedbathandbeyond.com/img/bordLeftNavBottom.gif'

     0K                                                       100% 10.3M=0s

2012-04-15 08:20:32 (10.3 MB/s) - `code/../crawls/bedbathandbeyond.com/Privacy-Policy/raw/www.bedbathandbeyond.com/img/bordLeftNavBottom.gif' saved [56/56]

--2012-04-15 08:20:32--  http://www.bedbathandbeyond.com/img/i.gif
Reusing existing connection to www.bedbathandbeyond.com:80.
HTTP request sent, awaiting response... 200 OK
Length: 43 [image/gif]
Saving to: `code/../crawls/bedbathandbeyond.com/Privacy-Policy/raw/www.bedbathandbeyond.com/img/i.gif'

     0K                                                       100% 7.93M=0s

2012-04-15 08:20:32 (7.93 MB/s) - `code/../crawls/bedbathandbeyond.com/Privacy-Policy/raw/www.bedbathandbeyond.com/img/i.gif' saved [43/43]

--2012-04-15 08:20:32--  http://www.bedbathandbeyond.com/img/callout_giftcards_generic.gif
Reusing existing connection to www.bedbathandbeyond.com:80.
HTTP request sent, awaiting response... 200 OK
Length: 6441 (6.3K) [image/gif]
Saving to: `code/../crawls/bedbathandbeyond.com/Privacy-Policy/raw/www.bedbathandbeyond.com/img/callout_giftcards_generic.gif'

     0K ......                                                100% 17.5M=0s

2012-04-15 08:20:32 (17.5 MB/s) - `code/../crawls/bedbathandbeyond.com/Privacy-Policy/raw/www.bedbathandbeyond.com/img/callout_giftcards_generic.gif' saved [6441/6441]

--2012-04-15 08:20:32--  http://www.bedbathandbeyond.com/img/WeddingStationary_LNav_Home.gif
Reusing existing connection to www.bedbathandbeyond.com:80.
HTTP request sent, awaiting response... 200 OK
Length: 13995 (14K) [image/gif]
Saving to: `code/../crawls/bedbathandbeyond.com/Privacy-Policy/raw/www.bedbathandbeyond.com/img/WeddingStationary_LNav_Home.gif'

     0K .......... ...                                        100% 13.8M=0.001s

2012-04-15 08:20:32 (13.8 MB/s) - `code/../crawls/bedbathandbeyond.com/Privacy-Policy/raw/www.bedbathandbeyond.com/img/WeddingStationary_LNav_Home.gif' saved [13995/13995]

--2012-04-15 08:20:32--  http://www.bedbathandbeyond.com/img/topTabShopOn.gif
Reusing existing connection to www.bedbathandbeyond.com:80.
HTTP request sent, awaiting response... 200 OK
Length: 1272 (1.2K) [image/gif]
Saving to: `code/../crawls/bedbathandbeyond.com/Privacy-Policy/raw/www.bedbathandbeyond.com/img/topTabShopOn.gif'

     0K .                                                     100%  183M=0s

2012-04-15 08:20:32 (183 MB/s) - `code/../crawls/bedbathandbeyond.com/Privacy-Policy/raw/www.bedbathandbeyond.com/img/topTabShopOn.gif' saved [1272/1272]

--2012-04-15 08:20:32--  http://www.bedbathandbeyond.com/img/topTabBridalGiftOff.gif
Reusing existing connection to www.bedbathandbeyond.com:80.
HTTP request sent, awaiting response... 200 OK
Length: 2099 (2.0K) [image/gif]
Saving to: `code/../crawls/bedbathandbeyond.com/Privacy-Policy/raw/www.bedbathandbeyond.com/img/topTabBridalGiftOff.gif'

     0K ..                                                    100%  284M=0s

2012-04-15 08:20:32 (284 MB/s) - `code/../crawls/bedbathandbeyond.com/Privacy-Policy/raw/www.bedbathandbeyond.com/img/topTabBridalGiftOff.gif' saved [2099/2099]

--2012-04-15 08:20:32--  http://www.bedbathandbeyond.com/img/topTabShopCollegeOff.gif
Reusing existing connection to www.bedbathandbeyond.com:80.
HTTP request sent, awaiting response... 200 OK
Length: 2065 (2.0K) [image/gif]
Saving to: `code/../crawls/bedbathandbeyond.com/Privacy-Policy/raw/www.bedbathandbeyond.com/img/topTabShopCollegeOff.gif'

     0K ..                                                    100%  285M=0s

2012-04-15 08:20:32 (285 MB/s) - `code/../crawls/bedbathandbeyond.com/Privacy-Policy/raw/www.bedbathandbeyond.com/img/topTabShopCollegeOff.gif' saved [2065/2065]

--2012-04-15 08:20:32--  http://www.bedbathandbeyond.com/img/btnSearchOff.gif
Reusing existing connection to www.bedbathandbeyond.com:80.
HTTP request sent, awaiting response... 200 OK
Length: 488 [image/gif]
Saving to: `code/../crawls/bedbathandbeyond.com/Privacy-Policy/raw/www.bedbathandbeyond.com/img/btnSearchOff.gif'

     0K                                                       100% 87.3M=0s

2012-04-15 08:20:32 (87.3 MB/s) - `code/../crawls/bedbathandbeyond.com/Privacy-Policy/raw/www.bedbathandbeyond.com/img/btnSearchOff.gif' saved [488/488]

--2012-04-15 08:20:32--  http://www.bedbathandbeyond.com/img/btnBrowseBrandOff.gif
Reusing existing connection to www.bedbathandbeyond.com:80.
HTTP request sent, awaiting response... 200 OK
Length: 1172 (1.1K) [image/gif]
Saving to: `code/../crawls/bedbathandbeyond.com/Privacy-Policy/raw/www.bedbathandbeyond.com/img/btnBrowseBrandOff.gif'

     0K .                                                     100%  171M=0s

2012-04-15 08:20:32 (171 MB/s) - `code/../crawls/bedbathandbeyond.com/Privacy-Policy/raw/www.bedbathandbeyond.com/img/btnBrowseBrandOff.gif' saved [1172/1172]

--2012-04-15 08:20:32--  http://www.bedbathandbeyond.com/img/btnHomeWhatsNewOff.gif
Reusing existing connection to www.bedbathandbeyond.com:80.
HTTP request sent, awaiting response... 200 OK
Length: 1121 (1.1K) [image/gif]
Saving to: `code/../crawls/bedbathandbeyond.com/Privacy-Policy/raw/www.bedbathandbeyond.com/img/btnHomeWhatsNewOff.gif'

     0K .                                                     100%  145M=0s

2012-04-15 08:20:32 (145 MB/s) - `code/../crawls/bedbathandbeyond.com/Privacy-Policy/raw/www.bedbathandbeyond.com/img/btnHomeWhatsNewOff.gif' saved [1121/1121]

--2012-04-15 08:20:32--  http://www.bedbathandbeyond.com/img/ftrGuarantee.gif
Reusing existing connection to www.bedbathandbeyond.com:80.
HTTP request sent, awaiting response... 200 OK
Length: 1077 (1.1K) [image/gif]
Saving to: `code/../crawls/bedbathandbeyond.com/Privacy-Policy/raw/www.bedbathandbeyond.com/img/ftrGuarantee.gif'

     0K .                                                     100%  143M=0s

2012-04-15 08:20:32 (143 MB/s) - `code/../crawls/bedbathandbeyond.com/Privacy-Policy/raw/www.bedbathandbeyond.com/img/ftrGuarantee.gif' saved [1077/1077]

--2012-04-15 08:20:32--  http://www.bedbathandbeyond.com/img/ftrCustomerService.gif
Reusing existing connection to www.bedbathandbeyond.com:80.
HTTP request sent, awaiting response... 200 OK
Length: 690 [image/gif]
Saving to: `code/../crawls/bedbathandbeyond.com/Privacy-Policy/raw/www.bedbathandbeyond.com/img/ftrCustomerService.gif'

     0K                                                       100%  123M=0s

2012-04-15 08:20:33 (123 MB/s) - `code/../crawls/bedbathandbeyond.com/Privacy-Policy/raw/www.bedbathandbeyond.com/img/ftrCustomerService.gif' saved [690/690]

--2012-04-15 08:20:33--  http://www.bedbathandbeyond.com/img/ftrHelp.gif
Reusing existing connection to www.bedbathandbeyond.com:80.
HTTP request sent, awaiting response... 200 OK
Length: 203 [image/gif]
Saving to: `code/../crawls/bedbathandbeyond.com/Privacy-Policy/raw/www.bedbathandbeyond.com/img/ftrHelp.gif'

     0K                                                       100% 36.9M=0s

2012-04-15 08:20:33 (36.9 MB/s) - `code/../crawls/bedbathandbeyond.com/Privacy-Policy/raw/www.bedbathandbeyond.com/img/ftrHelp.gif' saved [203/203]

--2012-04-15 08:20:33--  http://www.bedbathandbeyond.com/img/ftrCompanyInfo.gif
Reusing existing connection to www.bedbathandbeyond.com:80.
HTTP request sent, awaiting response... 200 OK
Length: 584 [image/gif]
Saving to: `code/../crawls/bedbathandbeyond.com/Privacy-Policy/raw/www.bedbathandbeyond.com/img/ftrCompanyInfo.gif'

     0K                                                       100%  105M=0s

2012-04-15 08:20:33 (105 MB/s) - `code/../crawls/bedbathandbeyond.com/Privacy-Policy/raw/www.bedbathandbeyond.com/img/ftrCompanyInfo.gif' saved [584/584]

--2012-04-15 08:20:33--  http://www.bedbathandbeyond.com/Homeimg/btnHomeSmallButtonBaby.gif
Reusing existing connection to www.bedbathandbeyond.com:80.
HTTP request sent, awaiting response... 200 OK
Length: 1514 (1.5K) [image/gif]
Saving to: `code/../crawls/bedbathandbeyond.com/Privacy-Policy/raw/www.bedbathandbeyond.com/Homeimg/btnHomeSmallButtonBaby.gif'

     0K .                                                     100%  205M=0s

2012-04-15 08:20:33 (205 MB/s) - `code/../crawls/bedbathandbeyond.com/Privacy-Policy/raw/www.bedbathandbeyond.com/Homeimg/btnHomeSmallButtonBaby.gif' saved [1514/1514]

--2012-04-15 08:20:33--  http://www.bedbathandbeyond.com/Homeimg/btnHomeSmallButtonHarmon.gif
Reusing existing connection to www.bedbathandbeyond.com:80.
HTTP request sent, awaiting response... 200 OK
Length: 2280 (2.2K) [image/gif]
Saving to: `code/../crawls/bedbathandbeyond.com/Privacy-Policy/raw/www.bedbathandbeyond.com/Homeimg/btnHomeSmallButtonHarmon.gif'

     0K ..                                                    100% 40.1M=0s

2012-04-15 08:20:33 (40.1 MB/s) - `code/../crawls/bedbathandbeyond.com/Privacy-Policy/raw/www.bedbathandbeyond.com/Homeimg/btnHomeSmallButtonHarmon.gif' saved [2280/2280]

--2012-04-15 08:20:33--  http://www.bedbathandbeyond.com/img/btnSubmit.gif
Reusing existing connection to www.bedbathandbeyond.com:80.
HTTP request sent, awaiting response... 200 OK
Length: 946 [image/gif]
Saving to: `code/../crawls/bedbathandbeyond.com/Privacy-Policy/raw/www.bedbathandbeyond.com/img/btnSubmit.gif'

     0K                                                       100%  143M=0s

2012-04-15 08:20:33 (143 MB/s) - `code/../crawls/bedbathandbeyond.com/Privacy-Policy/raw/www.bedbathandbeyond.com/img/btnSubmit.gif' saved [946/946]

--2012-04-15 08:20:33--  http://www.bedbathandbeyond.com/img/BBB_HealthyWomen_Homepage3.gif
Reusing existing connection to www.bedbathandbeyond.com:80.
HTTP request sent, awaiting response... 200 OK
Length: 6544 (6.4K) [image/gif]
Saving to: `code/../crawls/bedbathandbeyond.com/Privacy-Policy/raw/www.bedbathandbeyond.com/img/BBB_HealthyWomen_Homepage3.gif'

     0K ......                                                100% 21.2M=0s

2012-04-15 08:20:33 (21.2 MB/s) - `code/../crawls/bedbathandbeyond.com/Privacy-Policy/raw/www.bedbathandbeyond.com/img/BBB_HealthyWomen_Homepage3.gif' saved [6544/6544]

--2012-04-15 08:20:33--  http://www.bedbathandbeyond.com/img/cleanKitchenGuide.gif
Reusing existing connection to www.bedbathandbeyond.com:80.
HTTP request sent, awaiting response... 200 OK
Length: 1966 (1.9K) [image/gif]
Saving to: `code/../crawls/bedbathandbeyond.com/Privacy-Policy/raw/www.bedbathandbeyond.com/img/cleanKitchenGuide.gif'

     0K .                                                     100%  265M=0s

2012-04-15 08:20:33 (265 MB/s) - `code/../crawls/bedbathandbeyond.com/Privacy-Policy/raw/www.bedbathandbeyond.com/img/cleanKitchenGuide.gif' saved [1966/1966]

--2012-04-15 08:20:33--  http://www.bedbathandbeyond.com/foresee/foresee-trigger.js
Reusing existing connection to www.bedbathandbeyond.com:80.
HTTP request sent, awaiting response... 200 OK
Length: 48729 (48K) [application/x-javascript]
Saving to: `code/../crawls/bedbathandbeyond.com/Privacy-Policy/raw/www.bedbathandbeyond.com/foresee/foresee-trigger.js'

     0K .......... .......... .......... .......... .......   100% 11.8M=0.004s

2012-04-15 08:20:33 (11.8 MB/s) - `code/../crawls/bedbathandbeyond.com/Privacy-Policy/raw/www.bedbathandbeyond.com/foresee/foresee-trigger.js' saved [48729/48729]

--2012-04-15 08:20:33--  http://www.bedbathandbeyond.com/'%20+%20href%20+%20'
Reusing existing connection to www.bedbathandbeyond.com:80.
HTTP request sent, awaiting response... 404 Not Found
2012-04-15 08:20:33 ERROR 404: Not Found.

--2012-04-15 08:20:33--  http://www.bedbathandbeyond.com/img/bordLtBlueLeft.gif
Reusing existing connection to www.bedbathandbeyond.com:80.
HTTP request sent, awaiting response... 200 OK
Length: 102 [image/gif]
Saving to: `code/../crawls/bedbathandbeyond.com/Privacy-Policy/raw/www.bedbathandbeyond.com/img/bordLtBlueLeft.gif'

     0K                                                       100% 18.1M=0s

2012-04-15 08:20:33 (18.1 MB/s) - `code/../crawls/bedbathandbeyond.com/Privacy-Policy/raw/www.bedbathandbeyond.com/img/bordLtBlueLeft.gif' saved [102/102]

--2012-04-15 08:20:33--  http://www.bedbathandbeyond.com/img/bordLtBlueRight.gif
Reusing existing connection to www.bedbathandbeyond.com:80.
HTTP request sent, awaiting response... 200 OK
Length: 76 [image/gif]
Saving to: `code/../crawls/bedbathandbeyond.com/Privacy-Policy/raw/www.bedbathandbeyond.com/img/bordLtBlueRight.gif'

     0K                                                       100% 12.6M=0s

2012-04-15 08:20:34 (12.6 MB/s) - `code/../crawls/bedbathandbeyond.com/Privacy-Policy/raw/www.bedbathandbeyond.com/img/bordLtBlueRight.gif' saved [76/76]

--2012-04-15 08:20:34--  http://www.bedbathandbeyond.com/img/bordDkBlueBottomLeft.gif
Reusing existing connection to www.bedbathandbeyond.com:80.
HTTP request sent, awaiting response... 200 OK
Length: 68 [image/gif]
Saving to: `code/../crawls/bedbathandbeyond.com/Privacy-Policy/raw/www.bedbathandbeyond.com/img/bordDkBlueBottomLeft.gif'

     0K                                                       100% 10.8M=0s

2012-04-15 08:20:34 (10.8 MB/s) - `code/../crawls/bedbathandbeyond.com/Privacy-Policy/raw/www.bedbathandbeyond.com/img/bordDkBlueBottomLeft.gif' saved [68/68]

--2012-04-15 08:20:34--  http://www.bedbathandbeyond.com/img/bordDkBlueBottomRight.gif
Reusing existing connection to www.bedbathandbeyond.com:80.
HTTP request sent, awaiting response... 200 OK
Length: 68 [image/gif]
Saving to: `code/../crawls/bedbathandbeyond.com/Privacy-Policy/raw/www.bedbathandbeyond.com/img/bordDkBlueBottomRight.gif'

     0K                                                       100% 11.4M=0s

2012-04-15 08:20:34 (11.4 MB/s) - `code/../crawls/bedbathandbeyond.com/Privacy-Policy/raw/www.bedbathandbeyond.com/img/bordDkBlueBottomRight.gif' saved [68/68]

--2012-04-15 08:20:34--  http://www.bedbathandbeyond.com/img/bordDkBlueTopLeft.gif
Reusing existing connection to www.bedbathandbeyond.com:80.
HTTP request sent, awaiting response... 200 OK
Length: 68 [image/gif]
Saving to: `code/../crawls/bedbathandbeyond.com/Privacy-Policy/raw/www.bedbathandbeyond.com/img/bordDkBlueTopLeft.gif'

     0K                                                       100% 11.9M=0s

2012-04-15 08:20:34 (11.9 MB/s) - `code/../crawls/bedbathandbeyond.com/Privacy-Policy/raw/www.bedbathandbeyond.com/img/bordDkBlueTopLeft.gif' saved [68/68]

--2012-04-15 08:20:34--  http://www.bedbathandbeyond.com/img/bordDkBlueTopRight.gif
Reusing existing connection to www.bedbathandbeyond.com:80.
HTTP request sent, awaiting response... 200 OK
Length: 68 [image/gif]
Saving to: `code/../crawls/bedbathandbeyond.com/Privacy-Policy/raw/www.bedbathandbeyond.com/img/bordDkBlueTopRight.gif'

     0K                                                       100% 11.4M=0s

2012-04-15 08:20:34 (11.4 MB/s) - `code/../crawls/bedbathandbeyond.com/Privacy-Policy/raw/www.bedbathandbeyond.com/img/bordDkBlueTopRight.gif' saved [68/68]

--2012-04-15 08:20:34--  http://www.bedbathandbeyond.com/img/ftr_specialoffers.gif
Reusing existing connection to www.bedbathandbeyond.com:80.
HTTP request sent, awaiting response... 200 OK
Length: 647 [image/gif]
Saving to: `code/../crawls/bedbathandbeyond.com/Privacy-Policy/raw/www.bedbathandbeyond.com/img/ftr_specialoffers.gif'

     0K                                                       100%  113M=0s

2012-04-15 08:20:34 (113 MB/s) - `code/../crawls/bedbathandbeyond.com/Privacy-Policy/raw/www.bedbathandbeyond.com/img/ftr_specialoffers.gif' saved [647/647]

--2012-04-15 08:20:34--  http://www.bedbathandbeyond.com/img/womanshealthBackGround1.gif
Reusing existing connection to www.bedbathandbeyond.com:80.
HTTP request sent, awaiting response... 200 OK
Length: 2902 (2.8K) [image/gif]
Saving to: `code/../crawls/bedbathandbeyond.com/Privacy-Policy/raw/www.bedbathandbeyond.com/img/womanshealthBackGround1.gif'

     0K ..                                                    100% 42.3M=0s

2012-04-15 08:20:34 (42.3 MB/s) - `code/../crawls/bedbathandbeyond.com/Privacy-Policy/raw/www.bedbathandbeyond.com/img/womanshealthBackGround1.gif' saved [2902/2902]

--2012-04-15 08:20:34--  http://www.bedbathandbeyond.com/img/ftrEmailSignUp.gif
Reusing existing connection to www.bedbathandbeyond.com:80.
HTTP request sent, awaiting response... 200 OK
Length: 5999 (5.9K) [image/gif]
Saving to: `code/../crawls/bedbathandbeyond.com/Privacy-Policy/raw/www.bedbathandbeyond.com/img/ftrEmailSignUp.gif'

     0K .....                                                 100% 20.0M=0s

2012-04-15 08:20:34 (20.0 MB/s) - `code/../crawls/bedbathandbeyond.com/Privacy-Policy/raw/www.bedbathandbeyond.com/img/ftrEmailSignUp.gif' saved [5999/5999]

--2012-04-15 08:20:34--  http://www.bedbathandbeyond.com/img/bordDkPurpleTopLeft.gif
Reusing existing connection to www.bedbathandbeyond.com:80.
HTTP request sent, awaiting response... 200 OK
Length: 93 [image/gif]
Saving to: `code/../crawls/bedbathandbeyond.com/Privacy-Policy/raw/www.bedbathandbeyond.com/img/bordDkPurpleTopLeft.gif'

     0K                                                       100% 17.1M=0s

2012-04-15 08:20:34 (17.1 MB/s) - `code/../crawls/bedbathandbeyond.com/Privacy-Policy/raw/www.bedbathandbeyond.com/img/bordDkPurpleTopLeft.gif' saved [93/93]

--2012-04-15 08:20:34--  http://www.bedbathandbeyond.com/img/bordDkPurpleTopRight.gif
Reusing existing connection to www.bedbathandbeyond.com:80.
HTTP request sent, awaiting response... 200 OK
Length: 93 [image/gif]
Saving to: `code/../crawls/bedbathandbeyond.com/Privacy-Policy/raw/www.bedbathandbeyond.com/img/bordDkPurpleTopRight.gif'

     0K                                                       100% 16.8M=0s

2012-04-15 08:20:34 (16.8 MB/s) - `code/../crawls/bedbathandbeyond.com/Privacy-Policy/raw/www.bedbathandbeyond.com/img/bordDkPurpleTopRight.gif' saved [93/93]

--2012-04-15 08:20:34--  http://www.bedbathandbeyond.com/img/bordDkPurpleBottomLeft.gif
Reusing existing connection to www.bedbathandbeyond.com:80.
HTTP request sent, awaiting response... 200 OK
Length: 93 [image/gif]
Saving to: `code/../crawls/bedbathandbeyond.com/Privacy-Policy/raw/www.bedbathandbeyond.com/img/bordDkPurpleBottomLeft.gif'

     0K                                                       100% 16.3M=0s

2012-04-15 08:20:34 (16.3 MB/s) - `code/../crawls/bedbathandbeyond.com/Privacy-Policy/raw/www.bedbathandbeyond.com/img/bordDkPurpleBottomLeft.gif' saved [93/93]

--2012-04-15 08:20:34--  http://www.bedbathandbeyond.com/img/bordDkPurpleBottomRight.gif
Reusing existing connection to www.bedbathandbeyond.com:80.
HTTP request sent, awaiting response... 200 OK
Length: 93 [image/gif]
Saving to: `code/../crawls/bedbathandbeyond.com/Privacy-Policy/raw/www.bedbathandbeyond.com/img/bordDkPurpleBottomRight.gif'

     0K                                                       100% 15.5M=0s

2012-04-15 08:20:35 (15.5 MB/s) - `code/../crawls/bedbathandbeyond.com/Privacy-Policy/raw/www.bedbathandbeyond.com/img/bordDkPurpleBottomRight.gif' saved [93/93]

--2012-04-15 08:20:35--  http://www.bedbathandbeyond.com/img/bordLtPurpleLeft.gif
Reusing existing connection to www.bedbathandbeyond.com:80.
HTTP request sent, awaiting response... 200 OK
Length: 65 [image/gif]
Saving to: `code/../crawls/bedbathandbeyond.com/Privacy-Policy/raw/www.bedbathandbeyond.com/img/bordLtPurpleLeft.gif'

     0K                                                       100% 11.7M=0s

2012-04-15 08:20:35 (11.7 MB/s) - `code/../crawls/bedbathandbeyond.com/Privacy-Policy/raw/www.bedbathandbeyond.com/img/bordLtPurpleLeft.gif' saved [65/65]

--2012-04-15 08:20:35--  http://www.bedbathandbeyond.com/img/bordLtPurpleRight.gif
Reusing existing connection to www.bedbathandbeyond.com:80.
HTTP request sent, awaiting response... 200 OK
Length: 65 [image/gif]
Saving to: `code/../crawls/bedbathandbeyond.com/Privacy-Policy/raw/www.bedbathandbeyond.com/img/bordLtPurpleRight.gif'

     0K                                                       100% 11.7M=0s

2012-04-15 08:20:35 (11.7 MB/s) - `code/../crawls/bedbathandbeyond.com/Privacy-Policy/raw/www.bedbathandbeyond.com/img/bordLtPurpleRight.gif' saved [65/65]

--2012-04-15 08:20:35--  http://www.bedbathandbeyond.com/img/btshome.jpg
Reusing existing connection to www.bedbathandbeyond.com:80.
HTTP request sent, awaiting response... 200 OK
Length: 121717 (119K) [image/jpeg]
Saving to: `code/../crawls/bedbathandbeyond.com/Privacy-Policy/raw/www.bedbathandbeyond.com/img/btshome.jpg'

     0K .......... .......... .......... .......... .......... 42% 11.4M 0s
    50K .......... .......... .......... .......... .......... 84%  554K 0s
   100K .......... ........                                   100% 11.2M=0.1s

2012-04-15 08:20:35 (1.21 MB/s) - `code/../crawls/bedbathandbeyond.com/Privacy-Policy/raw/www.bedbathandbeyond.com/img/btshome.jpg' saved [121717/121717]

--2012-04-15 08:20:35--  http://www.bedbathandbeyond.com/img/node_sleep.jpg
Reusing existing connection to www.bedbathandbeyond.com:80.
HTTP request sent, awaiting response... 200 OK
Length: 122605 (120K) [image/jpeg]
Saving to: `code/../crawls/bedbathandbeyond.com/Privacy-Policy/raw/www.bedbathandbeyond.com/img/node_sleep.jpg'

     0K .......... .......... .......... .......... .......... 41% 11.3M 0s
    50K .......... .......... .......... .......... .......... 83%  549K 0s
   100K .......... .........                                  100% 8.63M=0.1s

2012-04-15 08:20:35 (1.20 MB/s) - `code/../crawls/bedbathandbeyond.com/Privacy-Policy/raw/www.bedbathandbeyond.com/img/node_sleep.jpg' saved [122605/122605]

--2012-04-15 08:20:35--  http://www.bedbathandbeyond.com/img/node_eat.jpg
Reusing existing connection to www.bedbathandbeyond.com:80.
HTTP request sent, awaiting response... 200 OK
Length: 113824 (111K) [image/jpeg]
Saving to: `code/../crawls/bedbathandbeyond.com/Privacy-Policy/raw/www.bedbathandbeyond.com/img/node_eat.jpg'

     0K .......... .......... .......... .......... .......... 44% 10.1M 0s
    50K .......... .......... .......... .......... .......... 89%  554K 0s
   100K .......... .                                          100% 12.6M=0.1s

2012-04-15 08:20:35 (1.13 MB/s) - `code/../crawls/bedbathandbeyond.com/Privacy-Policy/raw/www.bedbathandbeyond.com/img/node_eat.jpg' saved [113824/113824]

--2012-04-15 08:20:35--  http://www.bedbathandbeyond.com/img/node_wash.jpg
Reusing existing connection to www.bedbathandbeyond.com:80.
HTTP request sent, awaiting response... 200 OK
Length: 113937 (111K) [image/jpeg]
Saving to: `code/../crawls/bedbathandbeyond.com/Privacy-Policy/raw/www.bedbathandbeyond.com/img/node_wash.jpg'

     0K .......... .......... .......... .......... .......... 44% 11.5M 0s
    50K .......... .......... .......... .......... .......... 89%  556K 0s
   100K .......... .                                          100% 14.1M=0.09s

2012-04-15 08:20:36 (1.14 MB/s) - `code/../crawls/bedbathandbeyond.com/Privacy-Policy/raw/www.bedbathandbeyond.com/img/node_wash.jpg' saved [113937/113937]

--2012-04-15 08:20:36--  http://www.bedbathandbeyond.com/img/node_study.jpg
Reusing existing connection to www.bedbathandbeyond.com:80.
HTTP request sent, awaiting response... 200 OK
Length: 111641 (109K) [image/jpeg]
Saving to: `code/../crawls/bedbathandbeyond.com/Privacy-Policy/raw/www.bedbathandbeyond.com/img/node_study.jpg'

     0K .......... .......... .......... .......... .......... 45% 10.8M 0s
    50K .......... .......... .......... .......... .......... 91%  555K 0s
   100K .........                                             100% 13.7M=0.1s

2012-04-15 08:20:36 (1.12 MB/s) - `code/../crawls/bedbathandbeyond.com/Privacy-Policy/raw/www.bedbathandbeyond.com/img/node_study.jpg' saved [111641/111641]

--2012-04-15 08:20:36--  http://www.bedbathandbeyond.com/img/node_organize.jpg
Reusing existing connection to www.bedbathandbeyond.com:80.
HTTP request sent, awaiting response... 200 OK
Length: 137911 (135K) [image/jpeg]
Saving to: `code/../crawls/bedbathandbeyond.com/Privacy-Policy/raw/www.bedbathandbeyond.com/img/node_organize.jpg'

     0K .......... .......... .......... .......... .......... 37% 11.5M 0s
    50K .......... .......... .......... .......... .......... 74%  553K 0s
   100K .......... .......... .......... ....                 100%  395K=0.2s

2012-04-15 08:20:36 (738 KB/s) - `code/../crawls/bedbathandbeyond.com/Privacy-Policy/raw/www.bedbathandbeyond.com/img/node_organize.jpg' saved [137911/137911]

--2012-04-15 08:20:36--  http://www.bedbathandbeyond.com/img/node_relax.jpg
Reusing existing connection to www.bedbathandbeyond.com:80.
HTTP request sent, awaiting response... 200 OK
Length: 101001 (99K) [image/jpeg]
Saving to: `code/../crawls/bedbathandbeyond.com/Privacy-Policy/raw/www.bedbathandbeyond.com/img/node_relax.jpg'

     0K .......... .......... .......... .......... .......... 50% 6.69M 0s
    50K .......... .......... .......... .......... ........  100%  543K=0.1s

2012-04-15 08:20:36 (1017 KB/s) - `code/../crawls/bedbathandbeyond.com/Privacy-Policy/raw/www.bedbathandbeyond.com/img/node_relax.jpg' saved [101001/101001]

--2012-04-15 08:20:36--  http://www.bedbathandbeyond.com/img/node_collegiatestuff.jpg
Reusing existing connection to www.bedbathandbeyond.com:80.
HTTP request sent, awaiting response... 404 Not Found
2012-04-15 08:20:36 ERROR 404: Not Found.

FINISHED --2012-04-15 08:20:36--
Total wall clock time: 14s
Downloaded: 97 files, 2.0M in 2.4s (829 KB/s)
Converting code/../crawls/bedbathandbeyond.com/Privacy-Policy/raw/www.bedbathandbeyond.com/policyPrivacy.asp.html... 214-1
Converting code/../crawls/bedbathandbeyond.com/Privacy-Policy/raw/www.bedbathandbeyond.com/css/main.css... nothing to do.
Converting code/../crawls/bedbathandbeyond.com/Privacy-Policy/raw/www.bedbathandbeyond.com/css/newmain.css... 41-1
Converting code/../crawls/bedbathandbeyond.com/Privacy-Policy/raw/www.bedbathandbeyond.com/css/autosuggest.css... nothing to do.
Converting code/../crawls/bedbathandbeyond.com/Privacy-Policy/raw/www.bedbathandbeyond.com/css/overlay.css... nothing to do.
Converted 5 files in 0.02 seconds.
