--2012-11-12 05:11:35--  http://www.zales.com/helpdesk/index.jsp?display=safety&subdisplay=privacy
Resolving www.zales.com... 63.240.110.134
Connecting to www.zales.com|63.240.110.134|:80... connected.
HTTP request sent, awaiting response... 200 OK
Length: unspecified [text/html]
Saving to: `code/../crawls/zales.com/Privacy-Policy/raw/www.zales.com/helpdesk/index.jsp?display=safety&subdisplay=privacy.html'

     0K .......... .......... .......... .......... ..........  196K
    50K .......... .......... .......... .......                436K=0.3s

2012-11-12 05:11:36 (256 KB/s) - `code/../crawls/zales.com/Privacy-Policy/raw/www.zales.com/helpdesk/index.jsp?display=safety&subdisplay=privacy.html' saved [89245]

--2012-11-12 05:11:36--  http://zales.imageg.net/min-cat/site-css.xml.min.css
Resolving zales.imageg.net... 23.61.194.9, 23.61.194.40
Connecting to zales.imageg.net|23.61.194.9|:80... connected.
HTTP request sent, awaiting response... 200 OK
Length: 22827 (22K) [text/css]
Saving to: `code/../crawls/zales.com/Privacy-Policy/raw/zales.imageg.net/min-cat/site-css.xml.min.css'

     0K .......... .......... ..                              100% 3.77M=0.006s

2012-11-12 05:11:36 (3.77 MB/s) - `code/../crawls/zales.com/Privacy-Policy/raw/zales.imageg.net/min-cat/site-css.xml.min.css' saved [22827/22827]

--2012-11-12 05:11:36--  http://zales.imageg.net/js/Df.js
Reusing existing connection to zales.imageg.net:80.
HTTP request sent, awaiting response... 200 OK
Length: 2870 (2.8K) [application/x-javascript]
Saving to: `code/../crawls/zales.com/Privacy-Policy/raw/zales.imageg.net/js/Df.js'

     0K ..                                                    100%  160M=0s

2012-11-12 05:11:36 (160 MB/s) - `code/../crawls/zales.com/Privacy-Policy/raw/zales.imageg.net/js/Df.js' saved [2870/2870]

--2012-11-12 05:11:36--  http://zales.imageg.net/min-cat/site-head-js.xml.min.js
Reusing existing connection to zales.imageg.net:80.
HTTP request sent, awaiting response... 200 OK
Length: unspecified [application/x-javascript]
Saving to: `code/../crawls/zales.com/Privacy-Policy/raw/zales.imageg.net/min-cat/site-head-js.xml.min.js'

     0K .......... .......... .......... .......... .......... 6.11M
    50K .......... .......... .......... .......... .........  9.97M=0.01s

2012-11-12 05:11:36 (7.57 MB/s) - `code/../crawls/zales.com/Privacy-Policy/raw/zales.imageg.net/min-cat/site-head-js.xml.min.js' saved [101932]

--2012-11-12 05:11:36--  http://zales.imageg.net/include/store.css
Reusing existing connection to zales.imageg.net:80.
HTTP request sent, awaiting response... 200 OK
Length: 14340 (14K) [text/css]
Saving to: `code/../crawls/zales.com/Privacy-Policy/raw/zales.imageg.net/include/store.css'

     0K .......... ....                                       100% 13.7M=0.001s

2012-11-12 05:11:36 (13.7 MB/s) - `code/../crawls/zales.com/Privacy-Policy/raw/zales.imageg.net/include/store.css' saved [14340/14340]

--2012-11-12 05:11:36--  http://zales.imageg.net/css/zales_helpdesk.css
Reusing existing connection to zales.imageg.net:80.
HTTP request sent, awaiting response... 200 OK
Length: 1376 (1.3K) [text/css]
Saving to: `code/../crawls/zales.com/Privacy-Policy/raw/zales.imageg.net/css/zales_helpdesk.css'

     0K .                                                     100%  192M=0s

2012-11-12 05:11:36 (192 MB/s) - `code/../crawls/zales.com/Privacy-Policy/raw/zales.imageg.net/css/zales_helpdesk.css' saved [1376/1376]

--2012-11-12 05:11:36--  http://zales.imageg.net/images/header_search.gif
Reusing existing connection to zales.imageg.net:80.
HTTP request sent, awaiting response... 200 OK
Length: 844 [image/gif]
Saving to: `code/../crawls/zales.com/Privacy-Policy/raw/zales.imageg.net/images/header_search.gif'

     0K                                                       100%  137M=0s

2012-11-12 05:11:36 (137 MB/s) - `code/../crawls/zales.com/Privacy-Policy/raw/zales.imageg.net/images/header_search.gif' saved [844/844]

--2012-11-12 05:11:36--  http://zales.imageg.net/include/swfobject.js
Reusing existing connection to zales.imageg.net:80.
HTTP request sent, awaiting response... 200 OK
Length: 6758 (6.6K) [application/x-javascript]
Saving to: `code/../crawls/zales.com/Privacy-Policy/raw/zales.imageg.net/include/swfobject.js'

     0K ......                                                100% 18.8M=0s

2012-11-12 05:11:36 (18.8 MB/s) - `code/../crawls/zales.com/Privacy-Policy/raw/zales.imageg.net/include/swfobject.js' saved [6758/6758]

--2012-11-12 05:11:36--  http://zales.imageg.net/cms_widgets/18/60/1860483_assets/mm_vera-h12.jpg
Reusing existing connection to zales.imageg.net:80.
HTTP request sent, awaiting response... 200 OK
Length: 231108 (226K) [image/jpeg]
Saving to: `code/../crawls/zales.com/Privacy-Policy/raw/zales.imageg.net/cms_widgets/18/60/1860483_assets/mm_vera-h12.jpg'

     0K .......... .......... .......... .......... .......... 22% 11.6M 0s
    50K .......... .......... .......... .......... .......... 44% 9.97M 0s
   100K .......... .......... .......... .......... .......... 66% 11.3M 0s
   150K .......... .......... .......... .......... .......... 88% 10.7M 0s
   200K .......... .......... .....                           100% 10.7M=0.02s

2012-11-12 05:11:36 (10.8 MB/s) - `code/../crawls/zales.com/Privacy-Policy/raw/zales.imageg.net/cms_widgets/18/60/1860483_assets/mm_vera-h12.jpg' saved [231108/231108]

--2012-11-12 05:11:36--  http://zales.imageg.net/cms_widgets/18/60/1860488_assets/mm_rings-h12.jpg
Reusing existing connection to zales.imageg.net:80.
HTTP request sent, awaiting response... 200 OK
Length: 250432 (245K) [image/jpeg]
Saving to: `code/../crawls/zales.com/Privacy-Policy/raw/zales.imageg.net/cms_widgets/18/60/1860488_assets/mm_rings-h12.jpg'

     0K .......... .......... .......... .......... .......... 20% 11.7M 0s
    50K .......... .......... .......... .......... .......... 40% 10.9M 0s
   100K .......... .......... .......... .......... .......... 61% 10.7M 0s
   150K .......... .......... .......... .......... .......... 81% 10.2M 0s
   200K .......... .......... .......... .......... ....      100% 9.74M=0.02s

2012-11-12 05:11:36 (10.6 MB/s) - `code/../crawls/zales.com/Privacy-Policy/raw/zales.imageg.net/cms_widgets/18/60/1860488_assets/mm_rings-h12.jpg' saved [250432/250432]

--2012-11-12 05:11:36--  http://zales.imageg.net/cms_widgets/18/60/1860498_assets/mm_pendants-h12.jpg
Reusing existing connection to zales.imageg.net:80.
HTTP request sent, awaiting response... 200 OK
Length: 245367 (240K) [image/jpeg]
Saving to: `code/../crawls/zales.com/Privacy-Policy/raw/zales.imageg.net/cms_widgets/18/60/1860498_assets/mm_pendants-h12.jpg'

     0K .......... .......... .......... .......... .......... 20% 8.80M 0s
    50K .......... .......... .......... .......... .......... 41% 8.86M 0s
   100K .......... .......... .......... .......... .......... 62% 10.9M 0s
   150K .......... .......... .......... .......... .......... 83% 11.0M 0s
   200K .......... .......... .......... .........            100% 10.4M=0.02s

2012-11-12 05:11:36 (9.88 MB/s) - `code/../crawls/zales.com/Privacy-Policy/raw/zales.imageg.net/cms_widgets/18/60/1860498_assets/mm_pendants-h12.jpg' saved [245367/245367]

--2012-11-12 05:11:36--  http://zales.imageg.net/cms_widgets/18/60/1860500_assets/mm_earrings-h12.jpg
Reusing existing connection to zales.imageg.net:80.
HTTP request sent, awaiting response... 200 OK
Length: 250383 (245K) [image/jpeg]
Saving to: `code/../crawls/zales.com/Privacy-Policy/raw/zales.imageg.net/cms_widgets/18/60/1860500_assets/mm_earrings-h12.jpg'

     0K .......... .......... .......... .......... .......... 20% 11.3M 0s
    50K .......... .......... .......... .......... .......... 40% 9.68M 0s
   100K .......... .......... .......... .......... .......... 61% 10.6M 0s
   150K .......... .......... .......... .......... .......... 81% 10.8M 0s
   200K .......... .......... .......... .......... ....      100% 11.5M=0.02s

2012-11-12 05:11:36 (10.7 MB/s) - `code/../crawls/zales.com/Privacy-Policy/raw/zales.imageg.net/cms_widgets/18/60/1860500_assets/mm_earrings-h12.jpg' saved [250383/250383]

--2012-11-12 05:11:36--  http://zales.imageg.net/cms_widgets/18/60/1860504_assets/mm_bracelets-h12.jpg
Reusing existing connection to zales.imageg.net:80.
HTTP request sent, awaiting response... 200 OK
Length: 251228 (245K) [image/jpeg]
Saving to: `code/../crawls/zales.com/Privacy-Policy/raw/zales.imageg.net/cms_widgets/18/60/1860504_assets/mm_bracelets-h12.jpg'

     0K .......... .......... .......... .......... .......... 20% 10.7M 0s
    50K .......... .......... .......... .......... .......... 40% 11.1M 0s
   100K .......... .......... .......... .......... .......... 61% 10.9M 0s
   150K .......... .......... .......... .......... .......... 81% 10.8M 0s
   200K .......... .......... .......... .......... .....     100% 10.9M=0.02s

2012-11-12 05:11:37 (10.9 MB/s) - `code/../crawls/zales.com/Privacy-Policy/raw/zales.imageg.net/cms_widgets/18/60/1860504_assets/mm_bracelets-h12.jpg' saved [251228/251228]

--2012-11-12 05:11:37--  http://zales.imageg.net/cms_widgets/18/60/1860512_assets/mm_watches_88rdr-h12.jpg
Reusing existing connection to zales.imageg.net:80.
HTTP request sent, awaiting response... 200 OK
Length: 254678 (249K) [image/jpeg]
Saving to: `code/../crawls/zales.com/Privacy-Policy/raw/zales.imageg.net/cms_widgets/18/60/1860512_assets/mm_watches_88rdr-h12.jpg'

     0K .......... .......... .......... .......... .......... 20% 9.15M 0s
    50K .......... .......... .......... .......... .......... 40% 7.45M 0s
   100K .......... .......... .......... .......... .......... 60% 11.1M 0s
   150K .......... .......... .......... .......... .......... 80% 10.1M 0s
   200K .......... .......... .......... .......... ........  100% 11.5M=0.03s

2012-11-12 05:11:37 (9.60 MB/s) - `code/../crawls/zales.com/Privacy-Policy/raw/zales.imageg.net/cms_widgets/18/60/1860512_assets/mm_watches_88rdr-h12.jpg' saved [254678/254678]

--2012-11-12 05:11:37--  http://zales.imageg.net/cms_widgets/18/60/1860514_assets/collections.jpg
Reusing existing connection to zales.imageg.net:80.
HTTP request sent, awaiting response... 200 OK
Length: 219218 (214K) [image/jpeg]
Saving to: `code/../crawls/zales.com/Privacy-Policy/raw/zales.imageg.net/cms_widgets/18/60/1860514_assets/collections.jpg'

     0K .......... .......... .......... .......... .......... 23% 11.4M 0s
    50K .......... .......... .......... .......... .......... 46% 11.2M 0s
   100K .......... .......... .......... .......... .......... 70% 10.9M 0s
   150K .......... .......... .......... .......... .......... 93% 11.1M 0s
   200K .......... ....                                       100% 12.2M=0.02s

2012-11-12 05:11:37 (11.2 MB/s) - `code/../crawls/zales.com/Privacy-Policy/raw/zales.imageg.net/cms_widgets/18/60/1860514_assets/collections.jpg' saved [219218/219218]

--2012-11-12 05:11:37--  http://zales.imageg.net/cms_widgets/18/60/1860520_assets/mm_dyo-h12.jpg
Reusing existing connection to zales.imageg.net:80.
HTTP request sent, awaiting response... 200 OK
Length: 248129 (242K) [image/jpeg]
Saving to: `code/../crawls/zales.com/Privacy-Policy/raw/zales.imageg.net/cms_widgets/18/60/1860520_assets/mm_dyo-h12.jpg'

     0K .......... .......... .......... .......... .......... 20% 10.1M 0s
    50K .......... .......... .......... .......... .......... 41% 10.3M 0s
   100K .......... .......... .......... .......... .......... 61% 10.1M 0s
   150K .......... .......... .......... .......... .......... 82% 11.0M 0s
   200K .......... .......... .......... .......... ..        100% 6.14M=0.03s

2012-11-12 05:11:37 (9.25 MB/s) - `code/../crawls/zales.com/Privacy-Policy/raw/zales.imageg.net/cms_widgets/18/60/1860520_assets/mm_dyo-h12.jpg' saved [248129/248129]

--2012-11-12 05:11:37--  http://zales.imageg.net/images/breadcrumb_bullet.gif
Reusing existing connection to zales.imageg.net:80.
HTTP request sent, awaiting response... 200 OK
Length: 45 [image/gif]
Saving to: `code/../crawls/zales.com/Privacy-Policy/raw/zales.imageg.net/images/breadcrumb_bullet.gif'

     0K                                                       100% 7.86M=0s

2012-11-12 05:11:37 (7.86 MB/s) - `code/../crawls/zales.com/Privacy-Policy/raw/zales.imageg.net/images/breadcrumb_bullet.gif' saved [45/45]

--2012-11-12 05:11:37--  http://zales.imageg.net/graphics/storeman/zgor/zgor_geotrust.gif
Reusing existing connection to zales.imageg.net:80.
HTTP request sent, awaiting response... 200 OK
Length: 1670 (1.6K) [image/gif]
Saving to: `code/../crawls/zales.com/Privacy-Policy/raw/zales.imageg.net/graphics/storeman/zgor/zgor_geotrust.gif'

     0K .                                                     100%  224M=0s

2012-11-12 05:11:37 (224 MB/s) - `code/../crawls/zales.com/Privacy-Policy/raw/zales.imageg.net/graphics/storeman/zgor/zgor_geotrust.gif' saved [1670/1670]

--2012-11-12 05:11:37--  http://zales.imageg.net/images/footer_signup.gif
Reusing existing connection to zales.imageg.net:80.
HTTP request sent, awaiting response... 200 OK
Length: 831 [image/gif]
Saving to: `code/../crawls/zales.com/Privacy-Policy/raw/zales.imageg.net/images/footer_signup.gif'

     0K                                                       100%  141M=0s

2012-11-12 05:11:37 (141 MB/s) - `code/../crawls/zales.com/Privacy-Policy/raw/zales.imageg.net/images/footer_signup.gif' saved [831/831]

--2012-11-12 05:11:37--  https://cts-secure.channelintelligence.com/16481822_landing.js
Resolving cts-secure.channelintelligence.com... 23.56.121.220
Connecting to cts-secure.channelintelligence.com|23.56.121.220|:443... connected.
HTTP request sent, awaiting response... 200 OK
Length: 9500 (9.3K) [application/x-javascript]
Saving to: `code/../crawls/zales.com/Privacy-Policy/raw/cts-secure.channelintelligence.com/16481822_landing.js'

     0K .........                                             100% 1.05K=8.8s

2012-11-12 05:11:46 (1.05 KB/s) - `code/../crawls/zales.com/Privacy-Policy/raw/cts-secure.channelintelligence.com/16481822_landing.js' saved [9500/9500]

--2012-11-12 05:11:46--  http://zales.imageg.net/js/resxclsa.js
Connecting to zales.imageg.net|23.61.194.9|:80... connected.
HTTP request sent, awaiting response... 200 OK
Length: 8705 (8.5K) [application/x-javascript]
Saving to: `code/../crawls/zales.com/Privacy-Policy/raw/zales.imageg.net/js/resxclsa.js'

     0K ........                                              100%  124M=0s

2012-11-12 05:11:46 (124 MB/s) - `code/../crawls/zales.com/Privacy-Policy/raw/zales.imageg.net/js/resxclsa.js' saved [8705/8705]

--2012-11-12 05:11:46--  https://dsa.csdata1.com/data/js/10040032/csgather.js
Resolving dsa.csdata1.com... 23.56.116.212
Connecting to dsa.csdata1.com|23.56.116.212|:443... connected.
HTTP request sent, awaiting response... 200 OK
Length: 19506 (19K) [application/x-javascript]
Saving to: `code/../crawls/zales.com/Privacy-Policy/raw/dsa.csdata1.com/data/js/10040032/csgather.js'

     0K .......... .........                                  100% 13.7K=1.4s

2012-11-12 05:11:48 (13.7 KB/s) - `code/../crawls/zales.com/Privacy-Policy/raw/dsa.csdata1.com/data/js/10040032/csgather.js' saved [19506/19506]

--2012-11-12 05:11:48--  http://zales.imageg.net/include/omniture-h.js
Connecting to zales.imageg.net|23.61.194.9|:80... connected.
HTTP request sent, awaiting response... 200 OK
Length: unspecified [application/x-javascript]
Saving to: `code/../crawls/zales.com/Privacy-Policy/raw/zales.imageg.net/include/omniture-h.js'

     0K .......... .......... .......... .......... .          4.70M=0.009s

2012-11-12 05:11:48 (4.70 MB/s) - `code/../crawls/zales.com/Privacy-Policy/raw/zales.imageg.net/include/omniture-h.js' saved [42943]

--2012-11-12 05:11:48--  http://zales.imageg.net/min-cat/site-foot-js.xml.min.js
Reusing existing connection to zales.imageg.net:80.
HTTP request sent, awaiting response... 200 OK
Length: 11071 (11K) [application/x-javascript]
Saving to: `code/../crawls/zales.com/Privacy-Policy/raw/zales.imageg.net/min-cat/site-foot-js.xml.min.js'

     0K ..........                                            100% 13.5M=0.001s

2012-11-12 05:11:48 (13.5 MB/s) - `code/../crawls/zales.com/Privacy-Policy/raw/zales.imageg.net/min-cat/site-foot-js.xml.min.js' saved [11071/11071]

--2012-11-12 05:11:48--  http://zales.imageg.net/images/btn-arrow-wth.png
Reusing existing connection to zales.imageg.net:80.
HTTP request sent, awaiting response... 200 OK
Length: 131 [image/png]
Saving to: `code/../crawls/zales.com/Privacy-Policy/raw/zales.imageg.net/images/btn-arrow-wth.png'

     0K                                                       100% 24.0M=0s

2012-11-12 05:11:48 (24.0 MB/s) - `code/../crawls/zales.com/Privacy-Policy/raw/zales.imageg.net/images/btn-arrow-wth.png' saved [131/131]

--2012-11-12 05:11:48--  http://zales.imageg.net/images/zales-sprite.png
Reusing existing connection to zales.imageg.net:80.
HTTP request sent, awaiting response... 200 OK
Length: 33094 (32K) [image/png]
Saving to: `code/../crawls/zales.com/Privacy-Policy/raw/zales.imageg.net/images/zales-sprite.png'

     0K .......... .......... .......... ..                   100% 9.19M=0.003s

2012-11-12 05:11:48 (9.19 MB/s) - `code/../crawls/zales.com/Privacy-Policy/raw/zales.imageg.net/images/zales-sprite.png' saved [33094/33094]

--2012-11-12 05:11:48--  http://zales.imageg.net/images/leftnav_header.gif
Reusing existing connection to zales.imageg.net:80.
HTTP request sent, awaiting response... 200 OK
Length: 523 [image/gif]
Saving to: `code/../crawls/zales.com/Privacy-Policy/raw/zales.imageg.net/images/leftnav_header.gif'

     0K                                                       100% 93.3M=0s

2012-11-12 05:11:48 (93.3 MB/s) - `code/../crawls/zales.com/Privacy-Policy/raw/zales.imageg.net/images/leftnav_header.gif' saved [523/523]

--2012-11-12 05:11:48--  http://zales.imageg.net/images/BV-sprite.png
Reusing existing connection to zales.imageg.net:80.
HTTP request sent, awaiting response... 200 OK
Length: 5696 (5.6K) [image/png]
Saving to: `code/../crawls/zales.com/Privacy-Policy/raw/zales.imageg.net/images/BV-sprite.png'

     0K .....                                                 100% 14.0M=0s

2012-11-12 05:11:48 (14.0 MB/s) - `code/../crawls/zales.com/Privacy-Policy/raw/zales.imageg.net/images/BV-sprite.png' saved [5696/5696]

--2012-11-12 05:11:48--  http://zales.imageg.net/min-cat/df_strip.css
Reusing existing connection to zales.imageg.net:80.
HTTP request sent, awaiting response... 404 Not Found
2012-11-12 05:11:48 ERROR 404: Not Found.

--2012-11-12 05:11:48--  http://zales.imageg.net/min-cat/df_site.css
Reusing existing connection to zales.imageg.net:80.
HTTP request sent, awaiting response... 404 Not Found
2012-11-12 05:11:48 ERROR 404: Not Found.

--2012-11-12 05:11:48--  http://zales.imageg.net/images/outlet_nav_divider.gif
Reusing existing connection to zales.imageg.net:80.
HTTP request sent, awaiting response... 200 OK
Length: 44 [image/gif]
Saving to: `code/../crawls/zales.com/Privacy-Policy/raw/zales.imageg.net/images/outlet_nav_divider.gif'

     0K                                                       100% 7.49M=0s

2012-11-12 05:11:48 (7.49 MB/s) - `code/../crawls/zales.com/Privacy-Policy/raw/zales.imageg.net/images/outlet_nav_divider.gif' saved [44/44]

--2012-11-12 05:11:48--  http://zales.imageg.net/images/zales-main-sprite.gif
Reusing existing connection to zales.imageg.net:80.
HTTP request sent, awaiting response... 200 OK
Length: 9380 (9.2K) [image/gif]
Saving to: `code/../crawls/zales.com/Privacy-Policy/raw/zales.imageg.net/images/zales-main-sprite.gif'

     0K .........                                             100% 15.6M=0.001s

2012-11-12 05:11:48 (15.6 MB/s) - `code/../crawls/zales.com/Privacy-Policy/raw/zales.imageg.net/images/zales-main-sprite.gif' saved [9380/9380]

--2012-11-12 05:11:48--  http://zales.imageg.net/images/btn-arrow.png
Reusing existing connection to zales.imageg.net:80.
HTTP request sent, awaiting response... 200 OK
Length: 151 [image/png]
Saving to: `code/../crawls/zales.com/Privacy-Policy/raw/zales.imageg.net/images/btn-arrow.png'

     0K                                                       100% 26.7M=0s

2012-11-12 05:11:48 (26.7 MB/s) - `code/../crawls/zales.com/Privacy-Policy/raw/zales.imageg.net/images/btn-arrow.png' saved [151/151]

FINISHED --2012-11-12 05:11:48--
Total wall clock time: 13s
Downloaded: 31 files, 2.2M in 11s (212 KB/s)
Converting code/../crawls/zales.com/Privacy-Policy/raw/www.zales.com/helpdesk/index.jsp?display=safety&subdisplay=privacy.html... 33-271
Converting code/../crawls/zales.com/Privacy-Policy/raw/zales.imageg.net/min-cat/site-css.xml.min.css... 11-2
Converting code/../crawls/zales.com/Privacy-Policy/raw/zales.imageg.net/include/store.css... 3-0
Converting code/../crawls/zales.com/Privacy-Policy/raw/zales.imageg.net/css/zales_helpdesk.css... 1-0
Converted 4 files in 0.006 seconds.
