--2013-03-16 05:11:28--  http://www.sierratradingpost.com/lp2/policies/
Resolving www.sierratradingpost.com... 65.114.202.18
Connecting to www.sierratradingpost.com|65.114.202.18|:80... connected.
HTTP request sent, awaiting response... 200 OK
Length: 73108 (71K) [text/html]
Saving to: `code/../crawls/sierratradingpost.com/Privacy-Policy/raw/www.sierratradingpost.com/lp2/policies/index.html'

     0K .......... .......... .......... .......... .......... 70%  511K 0s
    50K .......... .......... .                               100%  661K=0.1s

2013-03-16 05:11:28 (548 KB/s) - `code/../crawls/sierratradingpost.com/Privacy-Policy/raw/www.sierratradingpost.com/lp2/policies/index.html' saved [73108/73108]

--2013-03-16 05:11:28--  http://s.stpost.com/css/lp2-index.201303151008.comb.css
Resolving s.stpost.com... 68.142.93.254, 68.142.93.133
Connecting to s.stpost.com|68.142.93.254|:80... connected.
HTTP request sent, awaiting response... 200 OK
Length: 48203 (47K) [text/css]
Saving to: `code/../crawls/sierratradingpost.com/Privacy-Policy/raw/s.stpost.com/css/lp2-index.201303151008.comb.css'

     0K .......... .......... .......... .......... .......   100% 1.14M=0.04s

2013-03-16 05:11:28 (1.14 MB/s) - `code/../crawls/sierratradingpost.com/Privacy-Policy/raw/s.stpost.com/css/lp2-index.201303151008.comb.css' saved [48203/48203]

--2013-03-16 05:11:28--  http://s.stpost.com/m/css/landing-page-styles.2.min.css
Reusing existing connection to s.stpost.com:80.
HTTP request sent, awaiting response... 200 OK
Length: 3776 (3.7K) [text/css]
Saving to: `code/../crawls/sierratradingpost.com/Privacy-Policy/raw/s.stpost.com/m/css/landing-page-styles.2.min.css'

     0K ...                                                   100% 41.8M=0s

2013-03-16 05:11:28 (41.8 MB/s) - `code/../crawls/sierratradingpost.com/Privacy-Policy/raw/s.stpost.com/m/css/landing-page-styles.2.min.css' saved [3776/3776]

--2013-03-16 05:11:28--  http://s.stpost.com/m/css/sitewide.25.min.css
Reusing existing connection to s.stpost.com:80.
HTTP request sent, awaiting response... 200 OK
Length: 1575 (1.5K) [text/css]
Saving to: `code/../crawls/sierratradingpost.com/Privacy-Policy/raw/s.stpost.com/m/css/sitewide.25.min.css'

     0K .                                                     100%  209M=0s

2013-03-16 05:11:28 (209 MB/s) - `code/../crawls/sierratradingpost.com/Privacy-Policy/raw/s.stpost.com/m/css/sitewide.25.min.css' saved [1575/1575]

--2013-03-16 05:11:28--  https://ssl.gstatic.com/images/icons/gplus-16.png
Resolving ssl.gstatic.com... 173.194.34.175, 2a00:1450:4009:805::100f
Connecting to ssl.gstatic.com|173.194.34.175|:443... connected.
HTTP request sent, awaiting response... 200 OK
Length: 492 [image/png]
Saving to: `code/../crawls/sierratradingpost.com/Privacy-Policy/raw/ssl.gstatic.com/images/icons/gplus-16.png'

     0K                                                       100%  148M=0s

2013-03-16 05:11:33 (148 MB/s) - `code/../crawls/sierratradingpost.com/Privacy-Policy/raw/ssl.gstatic.com/images/icons/gplus-16.png' saved [492/492]

--2013-03-16 05:11:33--  http://s.stpost.com/img/df-logo.gif
Connecting to s.stpost.com|68.142.93.254|:80... connected.
HTTP request sent, awaiting response... 200 OK
Length: 1978 (1.9K) [image/gif]
Saving to: `code/../crawls/sierratradingpost.com/Privacy-Policy/raw/s.stpost.com/img/df-logo.gif'

     0K .                                                     100%  240M=0s

2013-03-16 05:11:33 (240 MB/s) - `code/../crawls/sierratradingpost.com/Privacy-Policy/raw/s.stpost.com/img/df-logo.gif' saved [1978/1978]

--2013-03-16 05:11:33--  http://s.stpost.com/m/img/misc/footer/bottom-footer-sprite-v.png
Reusing existing connection to s.stpost.com:80.
HTTP request sent, awaiting response... 200 OK
Length: 19053 (19K) [image/png]
Saving to: `code/../crawls/sierratradingpost.com/Privacy-Policy/raw/s.stpost.com/m/img/misc/footer/bottom-footer-sprite-v.png'

     0K .......... ........                                   100%  929K=0.02s

2013-03-16 05:11:33 (929 KB/s) - `code/../crawls/sierratradingpost.com/Privacy-Policy/raw/s.stpost.com/m/img/misc/footer/bottom-footer-sprite-v.png' saved [19053/19053]

--2013-03-16 05:11:33--  http://s.stpost.com/img/sierra-logo.gif
Reusing existing connection to s.stpost.com:80.
HTTP request sent, awaiting response... 200 OK
Length: 6695 (6.5K) [image/gif]
Saving to: `code/../crawls/sierratradingpost.com/Privacy-Policy/raw/s.stpost.com/img/sierra-logo.gif'

     0K ......                                                100% 19.7M=0s

2013-03-16 05:11:33 (19.7 MB/s) - `code/../crawls/sierratradingpost.com/Privacy-Policy/raw/s.stpost.com/img/sierra-logo.gif' saved [6695/6695]

--2013-03-16 05:11:33--  http://s.stpost.com/img/sierra-tag.gif
Reusing existing connection to s.stpost.com:80.
HTTP request sent, awaiting response... 200 OK
Length: 13515 (13K) [image/gif]
Saving to: `code/../crawls/sierratradingpost.com/Privacy-Policy/raw/s.stpost.com/img/sierra-tag.gif'

     0K .......... ...                                        100% 9.09M=0.001s

2013-03-16 05:11:33 (9.09 MB/s) - `code/../crawls/sierratradingpost.com/Privacy-Policy/raw/s.stpost.com/img/sierra-tag.gif' saved [13515/13515]

--2013-03-16 05:11:33--  http://s.stpost.com/js/combine/site-base.201303151008.comb.js
Reusing existing connection to s.stpost.com:80.
HTTP request sent, awaiting response... 200 OK
Length: 116811 (114K) [application/x-javascript]
Saving to: `code/../crawls/sierratradingpost.com/Privacy-Policy/raw/s.stpost.com/js/combine/site-base.201303151008.comb.js'

     0K .......... .......... .......... .......... .......... 43% 2.16M 0s
    50K .......... .......... .......... .......... .......... 87% 2.39M 0s
   100K .......... ....                                       100% 10.2M=0.04s

2013-03-16 05:11:33 (2.51 MB/s) - `code/../crawls/sierratradingpost.com/Privacy-Policy/raw/s.stpost.com/js/combine/site-base.201303151008.comb.js' saved [116811/116811]

--2013-03-16 05:11:33--  http://s.stpost.com/js/combine/site.201303151008.comb.js
Reusing existing connection to s.stpost.com:80.
HTTP request sent, awaiting response... 200 OK
Length: 15018 (15K) [application/x-javascript]
Saving to: `code/../crawls/sierratradingpost.com/Privacy-Policy/raw/s.stpost.com/js/combine/site.201303151008.comb.js'

     0K .......... ....                                       100% 12.3M=0.001s

2013-03-16 05:11:33 (12.3 MB/s) - `code/../crawls/sierratradingpost.com/Privacy-Policy/raw/s.stpost.com/js/combine/site.201303151008.comb.js' saved [15018/15018]

--2013-03-16 05:11:33--  https://www.googleadservices.com/pagead/conversion.js
Resolving www.googleadservices.com... 173.194.41.89, 173.194.41.90, 173.194.41.77
Connecting to www.googleadservices.com|173.194.41.89|:443... connected.
HTTP request sent, awaiting response... 200 OK
Length: unspecified [text/javascript]
Saving to: `code/../crawls/sierratradingpost.com/Privacy-Policy/raw/www.googleadservices.com/pagead/conversion.js'

     0K ......                                                 18.2M=0s

2013-03-16 05:11:34 (18.2 MB/s) - `code/../crawls/sierratradingpost.com/Privacy-Policy/raw/www.googleadservices.com/pagead/conversion.js' saved [6508]

--2013-03-16 05:11:34--  https://www.googleadservices.com/pagead/conversion/948801181/?label=4u-aCOuz0gMQnZ22xAM&guid=ON&script=0
Reusing existing connection to www.googleadservices.com:443.
HTTP request sent, awaiting response... 302 Found
Location: https://googleads.g.doubleclick.net/pagead/viewthroughconversion/948801181/?label=4u-aCOuz0gMQnZ22xAM&guid=ON&script=0&ctc_id=CAIVAgAAAB0CAAAA&ct_cookie_present=false [following]
--2013-03-16 05:11:34--  https://googleads.g.doubleclick.net/pagead/viewthroughconversion/948801181/?label=4u-aCOuz0gMQnZ22xAM&guid=ON&script=0&ctc_id=CAIVAgAAAB0CAAAA&ct_cookie_present=false
Resolving googleads.g.doubleclick.net... 173.194.34.185, 173.194.34.186, 173.194.34.173, ...
Connecting to googleads.g.doubleclick.net|173.194.34.185|:443... connected.
HTTP request sent, awaiting response... 302 Found
Location: https://www.google.com/ads/user-lists/948801181/?label=4u-aCOuz0gMQnZ22xAM&script=0&ct_cookie_present=false&random=852986497 [following]
--2013-03-16 05:11:35--  https://www.google.com/ads/user-lists/948801181/?label=4u-aCOuz0gMQnZ22xAM&script=0&ct_cookie_present=false&random=852986497
Resolving www.google.com... 173.194.67.99, 173.194.67.103, 173.194.67.104, ...
Connecting to www.google.com|173.194.67.99|:443... connected.
HTTP request sent, awaiting response... 200 OK
Length: 42 [image/gif]
Saving to: `code/../crawls/sierratradingpost.com/Privacy-Policy/raw/www.googleadservices.com/pagead/conversion/948801181/index.html?label=4u-aCOuz0gMQnZ22xAM&guid=ON&script=0'

     0K                                                       100% 25.6M=0s

2013-03-16 05:11:35 (25.6 MB/s) - `code/../crawls/sierratradingpost.com/Privacy-Policy/raw/www.googleadservices.com/pagead/conversion/948801181/index.html?label=4u-aCOuz0gMQnZ22xAM&guid=ON&script=0' saved [42/42]

--2013-03-16 05:11:35--  http://s.stpost.com/m/js/popup.min.js
Connecting to s.stpost.com|68.142.93.254|:80... connected.
HTTP request sent, awaiting response... 200 OK
Length: 141 [application/x-javascript]
Saving to: `code/../crawls/sierratradingpost.com/Privacy-Policy/raw/s.stpost.com/m/js/popup.min.js'

     0K                                                       100% 21.0M=0s

2013-03-16 05:11:35 (21.0 MB/s) - `code/../crawls/sierratradingpost.com/Privacy-Policy/raw/s.stpost.com/m/js/popup.min.js' saved [141/141]

--2013-03-16 05:11:35--  http://s.stpost.com/js/combine/site-last.201303151008.comb.js
Reusing existing connection to s.stpost.com:80.
HTTP request sent, awaiting response... 200 OK
Length: 582 [application/x-javascript]
Saving to: `code/../crawls/sierratradingpost.com/Privacy-Policy/raw/s.stpost.com/js/combine/site-last.201303151008.comb.js'

     0K                                                       100% 97.8M=0s

2013-03-16 05:11:35 (97.8 MB/s) - `code/../crawls/sierratradingpost.com/Privacy-Policy/raw/s.stpost.com/js/combine/site-last.201303151008.comb.js' saved [582/582]

--2013-03-16 05:11:35--  http://s.stpost.com/img/fancybox_1_3_1/fancybox.png
Reusing existing connection to s.stpost.com:80.
HTTP request sent, awaiting response... 200 OK
Length: 14892 (15K) [image/png]
Saving to: `code/../crawls/sierratradingpost.com/Privacy-Policy/raw/s.stpost.com/img/fancybox_1_3_1/fancybox.png'

     0K .......... ....                                       100%  740K=0.02s

2013-03-16 05:11:36 (740 KB/s) - `code/../crawls/sierratradingpost.com/Privacy-Policy/raw/s.stpost.com/img/fancybox_1_3_1/fancybox.png' saved [14892/14892]

--2013-03-16 05:11:36--  http://s.stpost.com/img/fancybox_1_3_1/blank.gif
Reusing existing connection to s.stpost.com:80.
HTTP request sent, awaiting response... 200 OK
Length: 43 [image/gif]
Saving to: `code/../crawls/sierratradingpost.com/Privacy-Policy/raw/s.stpost.com/img/fancybox_1_3_1/blank.gif'

     0K                                                       100% 7.35M=0s

2013-03-16 05:11:36 (7.35 MB/s) - `code/../crawls/sierratradingpost.com/Privacy-Policy/raw/s.stpost.com/img/fancybox_1_3_1/blank.gif' saved [43/43]

--2013-03-16 05:11:36--  http://s.stpost.com/img/fancybox_1_3_1/fancybox-x.png
Reusing existing connection to s.stpost.com:80.
HTTP request sent, awaiting response... 200 OK
Length: 203 [image/png]
Saving to: `code/../crawls/sierratradingpost.com/Privacy-Policy/raw/s.stpost.com/img/fancybox_1_3_1/fancybox-x.png'

     0K                                                       100% 37.2M=0s

2013-03-16 05:11:36 (37.2 MB/s) - `code/../crawls/sierratradingpost.com/Privacy-Policy/raw/s.stpost.com/img/fancybox_1_3_1/fancybox-x.png' saved [203/203]

--2013-03-16 05:11:36--  http://s.stpost.com/img/fancybox_1_3_1/fancybox-y.png
Reusing existing connection to s.stpost.com:80.
HTTP request sent, awaiting response... 200 OK
Length: 176 [image/png]
Saving to: `code/../crawls/sierratradingpost.com/Privacy-Policy/raw/s.stpost.com/img/fancybox_1_3_1/fancybox-y.png'

     0K                                                       100% 31.7M=0s

2013-03-16 05:11:36 (31.7 MB/s) - `code/../crawls/sierratradingpost.com/Privacy-Policy/raw/s.stpost.com/img/fancybox_1_3_1/fancybox-y.png' saved [176/176]

--2013-03-16 05:11:36--  http://s.stpost.com/img/fancybox_1_3_1/fancy_title_over.png
Reusing existing connection to s.stpost.com:80.
HTTP request sent, awaiting response... 200 OK
Length: 70 [image/png]
Saving to: `code/../crawls/sierratradingpost.com/Privacy-Policy/raw/s.stpost.com/img/fancybox_1_3_1/fancy_title_over.png'

     0K                                                       100% 12.0M=0s

2013-03-16 05:11:36 (12.0 MB/s) - `code/../crawls/sierratradingpost.com/Privacy-Policy/raw/s.stpost.com/img/fancybox_1_3_1/fancy_title_over.png' saved [70/70]

--2013-03-16 05:11:36--  http://s.stpost.com/img/header-bg.gif
Reusing existing connection to s.stpost.com:80.
HTTP request sent, awaiting response... 200 OK
Length: 107 [image/gif]
Saving to: `code/../crawls/sierratradingpost.com/Privacy-Policy/raw/s.stpost.com/img/header-bg.gif'

     0K                                                       100% 17.8M=0s

2013-03-16 05:11:36 (17.8 MB/s) - `code/../crawls/sierratradingpost.com/Privacy-Policy/raw/s.stpost.com/img/header-bg.gif' saved [107/107]

--2013-03-16 05:11:36--  http://s.stpost.com/img/jquery-loadmask/loading.gif
Reusing existing connection to s.stpost.com:80.
HTTP request sent, awaiting response... 200 OK
Length: 673 [image/gif]
Saving to: `code/../crawls/sierratradingpost.com/Privacy-Policy/raw/s.stpost.com/img/jquery-loadmask/loading.gif'

     0K                                                       100%  111M=0s

2013-03-16 05:11:36 (111 MB/s) - `code/../crawls/sierratradingpost.com/Privacy-Policy/raw/s.stpost.com/img/jquery-loadmask/loading.gif' saved [673/673]

--2013-03-16 05:11:36--  http://s.stpost.com/img/trees3.jpg
Reusing existing connection to s.stpost.com:80.
HTTP request sent, awaiting response... 200 OK
Length: 12123 (12K) [image/jpeg]
Saving to: `code/../crawls/sierratradingpost.com/Privacy-Policy/raw/s.stpost.com/img/trees3.jpg'

     0K .......... .                                          100% 14.4M=0.001s

2013-03-16 05:11:36 (14.4 MB/s) - `code/../crawls/sierratradingpost.com/Privacy-Policy/raw/s.stpost.com/img/trees3.jpg' saved [12123/12123]

--2013-03-16 05:11:36--  http://s.stpost.com/img/dot-vert.gif
Reusing existing connection to s.stpost.com:80.
HTTP request sent, awaiting response... 200 OK
Length: 44 [image/gif]
Saving to: `code/../crawls/sierratradingpost.com/Privacy-Policy/raw/s.stpost.com/img/dot-vert.gif'

     0K                                                       100% 7.28M=0s

2013-03-16 05:11:36 (7.28 MB/s) - `code/../crawls/sierratradingpost.com/Privacy-Policy/raw/s.stpost.com/img/dot-vert.gif' saved [44/44]

--2013-03-16 05:11:36--  http://s.stpost.com/img/dot-horizontal.gif
Reusing existing connection to s.stpost.com:80.
HTTP request sent, awaiting response... 200 OK
Length: 44 [image/gif]
Saving to: `code/../crawls/sierratradingpost.com/Privacy-Policy/raw/s.stpost.com/img/dot-horizontal.gif'

     0K                                                       100% 7.14M=0s

2013-03-16 05:11:36 (7.14 MB/s) - `code/../crawls/sierratradingpost.com/Privacy-Policy/raw/s.stpost.com/img/dot-horizontal.gif' saved [44/44]

--2013-03-16 05:11:36--  http://s.stpost.com/img/cart-icon-default.png
Reusing existing connection to s.stpost.com:80.
HTTP request sent, awaiting response... 200 OK
Length: 1306 (1.3K) [image/png]
Saving to: `code/../crawls/sierratradingpost.com/Privacy-Policy/raw/s.stpost.com/img/cart-icon-default.png'

     0K .                                                     100%  191M=0s

2013-03-16 05:11:36 (191 MB/s) - `code/../crawls/sierratradingpost.com/Privacy-Policy/raw/s.stpost.com/img/cart-icon-default.png' saved [1306/1306]

--2013-03-16 05:11:36--  http://s.stpost.com/img/cart-icon.png
Reusing existing connection to s.stpost.com:80.
HTTP request sent, awaiting response... 200 OK
Length: 442 [image/png]
Saving to: `code/../crawls/sierratradingpost.com/Privacy-Policy/raw/s.stpost.com/img/cart-icon.png'

     0K                                                       100% 78.5M=0s

2013-03-16 05:11:36 (78.5 MB/s) - `code/../crawls/sierratradingpost.com/Privacy-Policy/raw/s.stpost.com/img/cart-icon.png' saved [442/442]

--2013-03-16 05:11:36--  http://s.stpost.com/img/cart-icon-secondary.png
Reusing existing connection to s.stpost.com:80.
HTTP request sent, awaiting response... 200 OK
Length: 442 [image/png]
Saving to: `code/../crawls/sierratradingpost.com/Privacy-Policy/raw/s.stpost.com/img/cart-icon-secondary.png'

     0K                                                       100% 76.2M=0s

2013-03-16 05:11:36 (76.2 MB/s) - `code/../crawls/sierratradingpost.com/Privacy-Policy/raw/s.stpost.com/img/cart-icon-secondary.png' saved [442/442]

--2013-03-16 05:11:36--  http://s.stpost.com/img/search-icon-active.gif
Reusing existing connection to s.stpost.com:80.
HTTP request sent, awaiting response... 200 OK
Length: 641 [image/gif]
Saving to: `code/../crawls/sierratradingpost.com/Privacy-Policy/raw/s.stpost.com/img/search-icon-active.gif'

     0K                                                       100%  105M=0s

2013-03-16 05:11:36 (105 MB/s) - `code/../crawls/sierratradingpost.com/Privacy-Policy/raw/s.stpost.com/img/search-icon-active.gif' saved [641/641]

--2013-03-16 05:11:36--  http://s.stpost.com/img/go-button.png
Reusing existing connection to s.stpost.com:80.
HTTP request sent, awaiting response... 200 OK
Length: 842 [image/png]
Saving to: `code/../crawls/sierratradingpost.com/Privacy-Policy/raw/s.stpost.com/img/go-button.png'

     0K                                                       100%  143M=0s

2013-03-16 05:11:36 (143 MB/s) - `code/../crawls/sierratradingpost.com/Privacy-Policy/raw/s.stpost.com/img/go-button.png' saved [842/842]

--2013-03-16 05:11:36--  http://s.stpost.com/img/nav-down-arrow.png
Reusing existing connection to s.stpost.com:80.
HTTP request sent, awaiting response... 200 OK
Length: 205 [image/png]
Saving to: `code/../crawls/sierratradingpost.com/Privacy-Policy/raw/s.stpost.com/img/nav-down-arrow.png'

     0K                                                       100% 36.0M=0s

2013-03-16 05:11:36 (36.0 MB/s) - `code/../crawls/sierratradingpost.com/Privacy-Policy/raw/s.stpost.com/img/nav-down-arrow.png' saved [205/205]

--2013-03-16 05:11:36--  http://s.stpost.com/img/select-arrow.png
Reusing existing connection to s.stpost.com:80.
HTTP request sent, awaiting response... 200 OK
Length: 205 [image/png]
Saving to: `code/../crawls/sierratradingpost.com/Privacy-Policy/raw/s.stpost.com/img/select-arrow.png'

     0K                                                       100% 34.9M=0s

2013-03-16 05:11:36 (34.9 MB/s) - `code/../crawls/sierratradingpost.com/Privacy-Policy/raw/s.stpost.com/img/select-arrow.png' saved [205/205]

--2013-03-16 05:11:36--  http://s.stpost.com/img/currencyselection/flags.gif
Reusing existing connection to s.stpost.com:80.
HTTP request sent, awaiting response... 200 OK
Length: 26060 (25K) [image/gif]
Saving to: `code/../crawls/sierratradingpost.com/Privacy-Policy/raw/s.stpost.com/img/currencyselection/flags.gif'

     0K .......... .......... .....                           100% 1.00M=0.02s

2013-03-16 05:11:36 (1.00 MB/s) - `code/../crawls/sierratradingpost.com/Privacy-Policy/raw/s.stpost.com/img/currencyselection/flags.gif' saved [26060/26060]

--2013-03-16 05:11:36--  http://s.stpost.com/img/expand-collapse.png
Reusing existing connection to s.stpost.com:80.
HTTP request sent, awaiting response... 200 OK
Length: 644 [image/png]
Saving to: `code/../crawls/sierratradingpost.com/Privacy-Policy/raw/s.stpost.com/img/expand-collapse.png'

     0K                                                       100%  104M=0s

2013-03-16 05:11:36 (104 MB/s) - `code/../crawls/sierratradingpost.com/Privacy-Policy/raw/s.stpost.com/img/expand-collapse.png' saved [644/644]

--2013-03-16 05:11:36--  http://s.stpost.com/img/camo-filter.gif
Reusing existing connection to s.stpost.com:80.
HTTP request sent, awaiting response... 200 OK
Length: 465 [image/gif]
Saving to: `code/../crawls/sierratradingpost.com/Privacy-Policy/raw/s.stpost.com/img/camo-filter.gif'

     0K                                                       100% 77.0M=0s

2013-03-16 05:11:36 (77.0 MB/s) - `code/../crawls/sierratradingpost.com/Privacy-Policy/raw/s.stpost.com/img/camo-filter.gif' saved [465/465]

--2013-03-16 05:11:36--  http://s.stpost.com/img/pattern-filter.gif
Reusing existing connection to s.stpost.com:80.
HTTP request sent, awaiting response... 200 OK
Length: 762 [image/gif]
Saving to: `code/../crawls/sierratradingpost.com/Privacy-Policy/raw/s.stpost.com/img/pattern-filter.gif'

     0K                                                       100%  126M=0s

2013-03-16 05:11:36 (126 MB/s) - `code/../crawls/sierratradingpost.com/Privacy-Policy/raw/s.stpost.com/img/pattern-filter.gif' saved [762/762]

--2013-03-16 05:11:36--  http://s.stpost.com/m/img/misc/footer/footer-icons.2.png
Reusing existing connection to s.stpost.com:80.
HTTP request sent, awaiting response... 200 OK
Length: 1523 (1.5K) [image/png]
Saving to: `code/../crawls/sierratradingpost.com/Privacy-Policy/raw/s.stpost.com/m/img/misc/footer/footer-icons.2.png'

     0K .                                                     100%  209M=0s

2013-03-16 05:11:36 (209 MB/s) - `code/../crawls/sierratradingpost.com/Privacy-Policy/raw/s.stpost.com/m/img/misc/footer/footer-icons.2.png' saved [1523/1523]

FINISHED --2013-03-16 05:11:36--
Total wall clock time: 8.4s
Downloaded: 37 files, 361K in 0.3s (1.24 MB/s)
Converting code/../crawls/sierratradingpost.com/Privacy-Policy/raw/www.sierratradingpost.com/lp2/policies/index.html... 18-271
Converting code/../crawls/sierratradingpost.com/Privacy-Policy/raw/s.stpost.com/m/css/landing-page-styles.2.min.css... nothing to do.
Converting code/../crawls/sierratradingpost.com/Privacy-Policy/raw/s.stpost.com/m/css/sitewide.25.min.css... 6-0
Converting code/../crawls/sierratradingpost.com/Privacy-Policy/raw/s.stpost.com/css/lp2-index.201303151008.comb.css... 35-0
Converted 4 files in 0.006 seconds.
