--2012-12-05 05:22:49--  http://www.monkeybrains.net/links.html
Resolving www.monkeybrains.net... 208.69.40.119
Connecting to www.monkeybrains.net|208.69.40.119|:80... connected.
HTTP request sent, awaiting response... 200 OK
Length: 5716 (5.6K) [text/html]
Saving to: `code/../crawls/Monkeybrains.net/All-Policies/raw/www.monkeybrains.net/links.html'

     0K .....                                                 100%  215K=0.03s

2012-12-05 05:22:50 (215 KB/s) - `code/../crawls/Monkeybrains.net/All-Policies/raw/www.monkeybrains.net/links.html' saved [5716/5716]

--2012-12-05 05:22:50--  http://www.monkeybrains.net/2011style.css
Reusing existing connection to www.monkeybrains.net:80.
HTTP request sent, awaiting response... 200 OK
Length: 3320 (3.2K) [text/css]
Saving to: `code/../crawls/Monkeybrains.net/All-Policies/raw/www.monkeybrains.net/2011style.css'

     0K ...                                                   100% 47.1M=0s

2012-12-05 05:22:50 (47.1 MB/s) - `code/../crawls/Monkeybrains.net/All-Policies/raw/www.monkeybrains.net/2011style.css' saved [3320/3320]

--2012-12-05 05:22:50--  http://www.monkeybrains.net/mootools.js
Reusing existing connection to www.monkeybrains.net:80.
HTTP request sent, awaiting response... 200 OK
Length: 82574 (81K) [application/javascript]
Saving to: `code/../crawls/Monkeybrains.net/All-Policies/raw/www.monkeybrains.net/mootools.js'

     0K .......... .......... .......... .......... .......... 62% 5.62M 0s
    50K .......... .......... ..........                      100% 11.7M=0.01s

2012-12-05 05:22:50 (7.00 MB/s) - `code/../crawls/Monkeybrains.net/All-Policies/raw/www.monkeybrains.net/mootools.js' saved [82574/82574]

--2012-12-05 05:22:50--  http://www.monkeybrains.net/moo-more.js
Reusing existing connection to www.monkeybrains.net:80.
HTTP request sent, awaiting response... 200 OK
Length: 137345 (134K) [application/javascript]
Saving to: `code/../crawls/Monkeybrains.net/All-Policies/raw/www.monkeybrains.net/moo-more.js'

     0K .......... .......... .......... .......... .......... 37% 11.4M 0s
    50K .......... .......... .......... .......... .......... 74% 10.5M 0s
   100K .......... .......... .......... ....                 100% 9.51M=0.01s

2012-12-05 05:22:50 (10.5 MB/s) - `code/../crawls/Monkeybrains.net/All-Policies/raw/www.monkeybrains.net/moo-more.js' saved [137345/137345]

--2012-12-05 05:22:50--  http://www.monkeybrains.net/2011script.js
Reusing existing connection to www.monkeybrains.net:80.
HTTP request sent, awaiting response... 200 OK
Length: 5225 (5.1K) [application/javascript]
Saving to: `code/../crawls/Monkeybrains.net/All-Policies/raw/www.monkeybrains.net/2011script.js'

     0K .....                                                 100% 26.5M=0s

2012-12-05 05:22:50 (26.5 MB/s) - `code/../crawls/Monkeybrains.net/All-Policies/raw/www.monkeybrains.net/2011script.js' saved [5225/5225]

--2012-12-05 05:22:50--  http://www.monkeybrains.net/2011/header.png
Reusing existing connection to www.monkeybrains.net:80.
HTTP request sent, awaiting response... 200 OK
Length: 46904 (46K) [image/png]
Saving to: `code/../crawls/Monkeybrains.net/All-Policies/raw/www.monkeybrains.net/2011/header.png'

     0K .......... .......... .......... .......... .....     100% 12.0M=0.004s

2012-12-05 05:22:50 (12.0 MB/s) - `code/../crawls/Monkeybrains.net/All-Policies/raw/www.monkeybrains.net/2011/header.png' saved [46904/46904]

--2012-12-05 05:22:50--  http://www.monkeybrains.net/2011/icon-yelp.png
Reusing existing connection to www.monkeybrains.net:80.
HTTP request sent, awaiting response... 200 OK
Length: 1135 (1.1K) [image/png]
Saving to: `code/../crawls/Monkeybrains.net/All-Policies/raw/www.monkeybrains.net/2011/icon-yelp.png'

     0K .                                                     100%  191M=0s

2012-12-05 05:22:50 (191 MB/s) - `code/../crawls/Monkeybrains.net/All-Policies/raw/www.monkeybrains.net/2011/icon-yelp.png' saved [1135/1135]

--2012-12-05 05:22:50--  http://www.monkeybrains.net/2011/icon-twitter.png
Reusing existing connection to www.monkeybrains.net:80.
HTTP request sent, awaiting response... 200 OK
Length: 1689 (1.6K) [image/png]
Saving to: `code/../crawls/Monkeybrains.net/All-Policies/raw/www.monkeybrains.net/2011/icon-twitter.png'

     0K .                                                     100%  251M=0s

2012-12-05 05:22:50 (251 MB/s) - `code/../crawls/Monkeybrains.net/All-Policies/raw/www.monkeybrains.net/2011/icon-twitter.png' saved [1689/1689]

--2012-12-05 05:22:50--  http://www.monkeybrains.net/2011/mug1.jpg
Reusing existing connection to www.monkeybrains.net:80.
HTTP request sent, awaiting response... 200 OK
Length: 9644 (9.4K) [image/jpeg]
Saving to: `code/../crawls/Monkeybrains.net/All-Policies/raw/www.monkeybrains.net/2011/mug1.jpg'

     0K .........                                             100%  497K=0.02s

2012-12-05 05:22:50 (497 KB/s) - `code/../crawls/Monkeybrains.net/All-Policies/raw/www.monkeybrains.net/2011/mug1.jpg' saved [9644/9644]

--2012-12-05 05:22:50--  http://www.monkeybrains.net/2011/mug2.jpg
Reusing existing connection to www.monkeybrains.net:80.
HTTP request sent, awaiting response... 200 OK
Length: 7303 (7.1K) [image/jpeg]
Saving to: `code/../crawls/Monkeybrains.net/All-Policies/raw/www.monkeybrains.net/2011/mug2.jpg'

     0K .......                                               100%  589K=0.01s

2012-12-05 05:22:50 (589 KB/s) - `code/../crawls/Monkeybrains.net/All-Policies/raw/www.monkeybrains.net/2011/mug2.jpg' saved [7303/7303]

--2012-12-05 05:22:50--  http://www.monkeybrains.net/ooo/mini-sticker.gif
Reusing existing connection to www.monkeybrains.net:80.
HTTP request sent, awaiting response... 200 OK
Length: 19101 (19K) [image/gif]
Saving to: `code/../crawls/Monkeybrains.net/All-Policies/raw/www.monkeybrains.net/ooo/mini-sticker.gif'

     0K .......... ........                                   100% 13.2M=0.001s

2012-12-05 05:22:50 (13.2 MB/s) - `code/../crawls/Monkeybrains.net/All-Policies/raw/www.monkeybrains.net/ooo/mini-sticker.gif' saved [19101/19101]

--2012-12-05 05:22:50--  http://www.monkeybrains.net/2011/stripes.jpg
Reusing existing connection to www.monkeybrains.net:80.
HTTP request sent, awaiting response... 200 OK
Length: 55398 (54K) [image/jpeg]
Saving to: `code/../crawls/Monkeybrains.net/All-Policies/raw/www.monkeybrains.net/2011/stripes.jpg'

     0K .......... .......... .......... .......... .......... 92% 11.5M 0s
    50K ....                                                  100% 16.5M=0.004s

2012-12-05 05:22:50 (11.8 MB/s) - `code/../crawls/Monkeybrains.net/All-Policies/raw/www.monkeybrains.net/2011/stripes.jpg' saved [55398/55398]

FINISHED --2012-12-05 05:22:50--
Total wall clock time: 0.2s
Downloaded: 12 files, 367K in 0.09s (3.95 MB/s)
Converting code/../crawls/Monkeybrains.net/All-Policies/raw/www.monkeybrains.net/links.html... 22-11
Converting code/../crawls/Monkeybrains.net/All-Policies/raw/www.monkeybrains.net/2011style.css... 1-0
Converted 2 files in 0.001 seconds.
