--2012-05-14 05:12:13--  http://about.shopzilla.com/privacy-policy
Resolving about.shopzilla.com... 67.201.59.62
Connecting to about.shopzilla.com|67.201.59.62|:80... connected.
HTTP request sent, awaiting response... 200 OK
Length: unspecified [text/html]
Saving to: `code/../crawls/shopzilla.com/Privacy-Policy/raw/about.shopzilla.com/privacy-policy.html'

     0K .......... .......... .......... .......... .......... 1.05M
    50K .......... .......... ....                             11.8M=0.05s

2012-05-14 05:12:13 (1.50 MB/s) - `code/../crawls/shopzilla.com/Privacy-Policy/raw/about.shopzilla.com/privacy-policy.html' saved [75919]

--2012-05-14 05:12:13--  http://static.blazonco.com/stylesheets/framework/framework.css
Resolving static.blazonco.com... 67.201.59.57
Connecting to static.blazonco.com|67.201.59.57|:80... connected.
HTTP request sent, awaiting response... 200 OK
Length: 7491 (7.3K) [text/css]
Saving to: `code/../crawls/shopzilla.com/Privacy-Policy/raw/static.blazonco.com/stylesheets/framework/framework.css'

     0K .......                                               100%  660K=0.01s

2012-05-14 05:12:13 (660 KB/s) - `code/../crawls/shopzilla.com/Privacy-Policy/raw/static.blazonco.com/stylesheets/framework/framework.css' saved [7491/7491]

--2012-05-14 05:12:13--  http://static.blazonco.com/templates/custom/newshopzilla/style/careers.css
Reusing existing connection to static.blazonco.com:80.
HTTP request sent, awaiting response... 200 OK
Length: 3706 (3.6K) [text/css]
Saving to: `code/../crawls/shopzilla.com/Privacy-Policy/raw/static.blazonco.com/templates/custom/newshopzilla/style/careers.css'

     0K ...                                                   100%  454M=0s

2012-05-14 05:12:13 (454 MB/s) - `code/../crawls/shopzilla.com/Privacy-Policy/raw/static.blazonco.com/templates/custom/newshopzilla/style/careers.css' saved [3706/3706]

--2012-05-14 05:12:13--  http://static.blazonco.com/templates/custom/newshopzilla/style/common.css
Reusing existing connection to static.blazonco.com:80.
HTTP request sent, awaiting response... 200 OK
Length: 6515 (6.4K) [text/css]
Saving to: `code/../crawls/shopzilla.com/Privacy-Policy/raw/static.blazonco.com/templates/custom/newshopzilla/style/common.css'

     0K ......                                                100% 18.4M=0s

2012-05-14 05:12:13 (18.4 MB/s) - `code/../crawls/shopzilla.com/Privacy-Policy/raw/static.blazonco.com/templates/custom/newshopzilla/style/common.css' saved [6515/6515]

--2012-05-14 05:12:13--  http://static.blazonco.com/templates/custom/newshopzilla/style/sub.css
Reusing existing connection to static.blazonco.com:80.
HTTP request sent, awaiting response... 200 OK
Length: 23339 (23K) [text/css]
Saving to: `code/../crawls/shopzilla.com/Privacy-Policy/raw/static.blazonco.com/templates/custom/newshopzilla/style/sub.css'

     0K .......... .......... ..                              100% 1.86M=0.01s

2012-05-14 05:12:13 (1.86 MB/s) - `code/../crawls/shopzilla.com/Privacy-Policy/raw/static.blazonco.com/templates/custom/newshopzilla/style/sub.css' saved [23339/23339]

--2012-05-14 05:12:13--  http://static.blazonco.com/templates/custom/newshopzilla/style/branding.css
Reusing existing connection to static.blazonco.com:80.
HTTP request sent, awaiting response... 200 OK
Length: 34 [text/css]
Saving to: `code/../crawls/shopzilla.com/Privacy-Policy/raw/static.blazonco.com/templates/custom/newshopzilla/style/branding.css'

     0K                                                       100% 5.04M=0s

2012-05-14 05:12:13 (5.04 MB/s) - `code/../crawls/shopzilla.com/Privacy-Policy/raw/static.blazonco.com/templates/custom/newshopzilla/style/branding.css' saved [34/34]

--2012-05-14 05:12:13--  http://about.shopzilla.com/custom-branding.css
Connecting to about.shopzilla.com|67.201.59.62|:80... connected.
HTTP request sent, awaiting response... 200 OK
Length: 235 [text/css]
Saving to: `code/../crawls/shopzilla.com/Privacy-Policy/raw/about.shopzilla.com/custom-branding.css'

     0K                                                       100% 38.4M=0s

2012-05-14 05:12:14 (38.4 MB/s) - `code/../crawls/shopzilla.com/Privacy-Policy/raw/about.shopzilla.com/custom-branding.css' saved [235/235]

--2012-05-14 05:12:14--  http://about.shopzilla.com/files/favicon.ico
Reusing existing connection to about.shopzilla.com:80.
HTTP request sent, awaiting response... 404 The document you requested could not be found (/files/favicon.ico)
2012-05-14 05:12:14 ERROR 404: The document you requested could not be found (/files/favicon.ico).

--2012-05-14 05:12:14--  http://static.blazonco.com/templates/custom/newshopzilla/style/text.css
Connecting to static.blazonco.com|67.201.59.57|:80... connected.
HTTP request sent, awaiting response... 200 OK
Length: 906 [text/css]
Saving to: `code/../crawls/shopzilla.com/Privacy-Policy/raw/static.blazonco.com/templates/custom/newshopzilla/style/text.css'

     0K                                                       100%  145M=0s

2012-05-14 05:12:14 (145 MB/s) - `code/../crawls/shopzilla.com/Privacy-Policy/raw/static.blazonco.com/templates/custom/newshopzilla/style/text.css' saved [906/906]

--2012-05-14 05:12:14--  http://static.blazonco.com/templates/custom/newshopzilla/style/color1.css
Reusing existing connection to static.blazonco.com:80.
HTTP request sent, awaiting response... 200 OK
Length: 36 [text/css]
Saving to: `code/../crawls/shopzilla.com/Privacy-Policy/raw/static.blazonco.com/templates/custom/newshopzilla/style/color1.css'

     0K                                                       100% 6.05M=0s

2012-05-14 05:12:14 (6.05 MB/s) - `code/../crawls/shopzilla.com/Privacy-Policy/raw/static.blazonco.com/templates/custom/newshopzilla/style/color1.css' saved [36/36]

--2012-05-14 05:12:14--  http://static.blazonco.com/scripts/yui/2.8.0/yahoo-dom-event/yahoo-dom-event.js
Reusing existing connection to static.blazonco.com:80.
HTTP request sent, awaiting response... 200 OK
Length: 36989 (36K) [application/x-javascript]
Saving to: `code/../crawls/shopzilla.com/Privacy-Policy/raw/static.blazonco.com/scripts/yui/2.8.0/yahoo-dom-event/yahoo-dom-event.js'

     0K .......... .......... .......... ......               100% 1.04M=0.03s

2012-05-14 05:12:14 (1.04 MB/s) - `code/../crawls/shopzilla.com/Privacy-Policy/raw/static.blazonco.com/scripts/yui/2.8.0/yahoo-dom-event/yahoo-dom-event.js' saved [36989/36989]

--2012-05-14 05:12:14--  http://static.blazonco.com/scripts/yui/2.8.0/selector/selector-min.js
Reusing existing connection to static.blazonco.com:80.
HTTP request sent, awaiting response... 200 OK
Length: 7807 (7.6K) [application/x-javascript]
Saving to: `code/../crawls/shopzilla.com/Privacy-Policy/raw/static.blazonco.com/scripts/yui/2.8.0/selector/selector-min.js'

     0K .......                                               100% 19.7M=0s

2012-05-14 05:12:14 (19.7 MB/s) - `code/../crawls/shopzilla.com/Privacy-Policy/raw/static.blazonco.com/scripts/yui/2.8.0/selector/selector-min.js' saved [7807/7807]

--2012-05-14 05:12:14--  http://static.blazonco.com/scripts/yui/2.8.0/json/json-min.js
Reusing existing connection to static.blazonco.com:80.
HTTP request sent, awaiting response... 200 OK
Length: 4890 (4.8K) [application/x-javascript]
Saving to: `code/../crawls/shopzilla.com/Privacy-Policy/raw/static.blazonco.com/scripts/yui/2.8.0/json/json-min.js'

     0K ....                                                  100% 34.1M=0s

2012-05-14 05:12:14 (34.1 MB/s) - `code/../crawls/shopzilla.com/Privacy-Policy/raw/static.blazonco.com/scripts/yui/2.8.0/json/json-min.js' saved [4890/4890]

--2012-05-14 05:12:14--  http://type.blazonco.com/scripts/typostreamnd-b.js
Resolving type.blazonco.com... 173.203.206.172
Connecting to type.blazonco.com|173.203.206.172|:80... connected.
HTTP request sent, awaiting response... 200 OK
Length: 10014 (9.8K) [application/javascript]
Saving to: `code/../crawls/shopzilla.com/Privacy-Policy/raw/type.blazonco.com/scripts/typostreamnd-b.js'

     0K .........                                             100%  215K=0.05s

2012-05-14 05:12:15 (215 KB/s) - `code/../crawls/shopzilla.com/Privacy-Policy/raw/type.blazonco.com/scripts/typostreamnd-b.js' saved [10014/10014]

--2012-05-14 05:12:15--  http://static.blazonco.com/templates/custom/newshopzilla/style/type.js
Connecting to static.blazonco.com|67.201.59.57|:80... connected.
HTTP request sent, awaiting response... 200 OK
Length: 6422 (6.3K) [application/x-javascript]
Saving to: `code/../crawls/shopzilla.com/Privacy-Policy/raw/static.blazonco.com/templates/custom/newshopzilla/style/type.js'

     0K ......                                                100%  528K=0.01s

2012-05-14 05:12:15 (528 KB/s) - `code/../crawls/shopzilla.com/Privacy-Policy/raw/static.blazonco.com/templates/custom/newshopzilla/style/type.js' saved [6422/6422]

--2012-05-14 05:12:15--  http://tracker.blazonco.com/piwik.js
Resolving tracker.blazonco.com... 67.201.34.74
Connecting to tracker.blazonco.com|67.201.34.74|:80... connected.
HTTP request sent, awaiting response... 200 OK
Length: 18716 (18K) [application/javascript]
Saving to: `code/../crawls/shopzilla.com/Privacy-Policy/raw/tracker.blazonco.com/piwik.js'

     0K .......... ........                                   100%  789K=0.02s

2012-05-14 05:12:15 (789 KB/s) - `code/../crawls/shopzilla.com/Privacy-Policy/raw/tracker.blazonco.com/piwik.js' saved [18716/18716]

--2012-05-14 05:12:15--  http://tracker.blazonco.com/piwik.php?idsite=376
Reusing existing connection to tracker.blazonco.com:80.
HTTP request sent, awaiting response... 200 OK
Length: 43 [image/gif]
Saving to: `code/../crawls/shopzilla.com/Privacy-Policy/raw/tracker.blazonco.com/piwik.php?idsite=376'

     0K                                                       100% 8.16M=0s

2012-05-14 05:12:15 (8.16 MB/s) - `code/../crawls/shopzilla.com/Privacy-Policy/raw/tracker.blazonco.com/piwik.php?idsite=376' saved [43/43]

--2012-05-14 05:12:15--  http://s3.amazonaws.com/new.cetrk.com/pages/scripts/0010/8026.js
Resolving s3.amazonaws.com... 207.171.185.200
Connecting to s3.amazonaws.com|207.171.185.200|:80... connected.
HTTP request sent, awaiting response... 200 OK
Length: 22 [application/javascript]
Saving to: `code/../crawls/shopzilla.com/Privacy-Policy/raw/s3.amazonaws.com/new.cetrk.com/pages/scripts/0010/8026.js'

     0K                                                       100% 3.43M=0s

2012-05-14 05:12:15 (3.43 MB/s) - `code/../crawls/shopzilla.com/Privacy-Policy/raw/s3.amazonaws.com/new.cetrk.com/pages/scripts/0010/8026.js' saved [22/22]

--2012-05-14 05:12:15--  http://static.blazonco.com/stylesheets/framework/images/digg_32.png
Connecting to static.blazonco.com|67.201.59.57|:80... connected.
HTTP request sent, awaiting response... 200 OK
Length: 2660 (2.6K) [image/png]
Saving to: `code/../crawls/shopzilla.com/Privacy-Policy/raw/static.blazonco.com/stylesheets/framework/images/digg_32.png'

     0K ..                                                    100%  315M=0s

2012-05-14 05:12:15 (315 MB/s) - `code/../crawls/shopzilla.com/Privacy-Policy/raw/static.blazonco.com/stylesheets/framework/images/digg_32.png' saved [2660/2660]

--2012-05-14 05:12:15--  http://static.blazonco.com/stylesheets/framework/images/technorati-32x32.png
Reusing existing connection to static.blazonco.com:80.
HTTP request sent, awaiting response... 200 OK
Length: 2353 (2.3K) [image/png]
Saving to: `code/../crawls/shopzilla.com/Privacy-Policy/raw/static.blazonco.com/stylesheets/framework/images/technorati-32x32.png'

     0K ..                                                    100% 36.9M=0s

2012-05-14 05:12:15 (36.9 MB/s) - `code/../crawls/shopzilla.com/Privacy-Policy/raw/static.blazonco.com/stylesheets/framework/images/technorati-32x32.png' saved [2353/2353]

--2012-05-14 05:12:15--  http://static.blazonco.com/stylesheets/framework/images/delicious_32.png
Reusing existing connection to static.blazonco.com:80.
HTTP request sent, awaiting response... 200 OK
Length: 1754 (1.7K) [image/png]
Saving to: `code/../crawls/shopzilla.com/Privacy-Policy/raw/static.blazonco.com/stylesheets/framework/images/delicious_32.png'

     0K .                                                     100%  244M=0s

2012-05-14 05:12:15 (244 MB/s) - `code/../crawls/shopzilla.com/Privacy-Policy/raw/static.blazonco.com/stylesheets/framework/images/delicious_32.png' saved [1754/1754]

--2012-05-14 05:12:15--  http://static.blazonco.com/stylesheets/framework/images/reddit_32.png
Reusing existing connection to static.blazonco.com:80.
HTTP request sent, awaiting response... 200 OK
Length: 2813 (2.7K) [image/png]
Saving to: `code/../crawls/shopzilla.com/Privacy-Policy/raw/static.blazonco.com/stylesheets/framework/images/reddit_32.png'

     0K ..                                                    100% 39.1M=0s

2012-05-14 05:12:15 (39.1 MB/s) - `code/../crawls/shopzilla.com/Privacy-Policy/raw/static.blazonco.com/stylesheets/framework/images/reddit_32.png' saved [2813/2813]

--2012-05-14 05:12:15--  http://static.blazonco.com/stylesheets/framework/images/stumbleupon_32.png
Reusing existing connection to static.blazonco.com:80.
HTTP request sent, awaiting response... 200 OK
Length: 3089 (3.0K) [image/png]
Saving to: `code/../crawls/shopzilla.com/Privacy-Policy/raw/static.blazonco.com/stylesheets/framework/images/stumbleupon_32.png'

     0K ...                                                   100% 44.1M=0s

2012-05-14 05:12:15 (44.1 MB/s) - `code/../crawls/shopzilla.com/Privacy-Policy/raw/static.blazonco.com/stylesheets/framework/images/stumbleupon_32.png' saved [3089/3089]

--2012-05-14 05:12:15--  http://static.blazonco.com/stylesheets/framework/images/mixx_32.png
Reusing existing connection to static.blazonco.com:80.
HTTP request sent, awaiting response... 200 OK
Length: 2566 (2.5K) [image/png]
Saving to: `code/../crawls/shopzilla.com/Privacy-Policy/raw/static.blazonco.com/stylesheets/framework/images/mixx_32.png'

     0K ..                                                    100% 35.6M=0s

2012-05-14 05:12:15 (35.6 MB/s) - `code/../crawls/shopzilla.com/Privacy-Policy/raw/static.blazonco.com/stylesheets/framework/images/mixx_32.png' saved [2566/2566]

--2012-05-14 05:12:15--  http://static.blazonco.com/stylesheets/framework/images/facebook_32.png
Reusing existing connection to static.blazonco.com:80.
HTTP request sent, awaiting response... 200 OK
Length: 2232 (2.2K) [image/png]
Saving to: `code/../crawls/shopzilla.com/Privacy-Policy/raw/static.blazonco.com/stylesheets/framework/images/facebook_32.png'

     0K ..                                                    100% 27.2M=0s

2012-05-14 05:12:15 (27.2 MB/s) - `code/../crawls/shopzilla.com/Privacy-Policy/raw/static.blazonco.com/stylesheets/framework/images/facebook_32.png' saved [2232/2232]

--2012-05-14 05:12:15--  http://static.blazonco.com/stylesheets/framework/images/designfloat-32x32.png
Reusing existing connection to static.blazonco.com:80.
HTTP request sent, awaiting response... 200 OK
Length: 2781 (2.7K) [image/png]
Saving to: `code/../crawls/shopzilla.com/Privacy-Policy/raw/static.blazonco.com/stylesheets/framework/images/designfloat-32x32.png'

     0K ..                                                    100% 41.1M=0s

2012-05-14 05:12:15 (41.1 MB/s) - `code/../crawls/shopzilla.com/Privacy-Policy/raw/static.blazonco.com/stylesheets/framework/images/designfloat-32x32.png' saved [2781/2781]

--2012-05-14 05:12:15--  http://static.blazonco.com/stylesheets/framework/images/google_32.png
Reusing existing connection to static.blazonco.com:80.
HTTP request sent, awaiting response... 200 OK
Length: 2592 (2.5K) [image/png]
Saving to: `code/../crawls/shopzilla.com/Privacy-Policy/raw/static.blazonco.com/stylesheets/framework/images/google_32.png'

     0K ..                                                    100% 36.9M=0s

2012-05-14 05:12:15 (36.9 MB/s) - `code/../crawls/shopzilla.com/Privacy-Policy/raw/static.blazonco.com/stylesheets/framework/images/google_32.png' saved [2592/2592]

--2012-05-14 05:12:15--  http://static.blazonco.com/stylesheets/framework/images/twitter_32.png
Reusing existing connection to static.blazonco.com:80.
HTTP request sent, awaiting response... 200 OK
Length: 2484 (2.4K) [image/png]
Saving to: `code/../crawls/shopzilla.com/Privacy-Policy/raw/static.blazonco.com/stylesheets/framework/images/twitter_32.png'

     0K ..                                                    100% 28.3M=0s

2012-05-14 05:12:15 (28.3 MB/s) - `code/../crawls/shopzilla.com/Privacy-Policy/raw/static.blazonco.com/stylesheets/framework/images/twitter_32.png' saved [2484/2484]

--2012-05-14 05:12:15--  http://static.blazonco.com/templates/custom/newshopzilla/style/images/header_bar.gif
Reusing existing connection to static.blazonco.com:80.
HTTP request sent, awaiting response... 200 OK
Length: 45 [image/gif]
Saving to: `code/../crawls/shopzilla.com/Privacy-Policy/raw/static.blazonco.com/templates/custom/newshopzilla/style/images/header_bar.gif'

     0K                                                       100% 7.49M=0s

2012-05-14 05:12:15 (7.49 MB/s) - `code/../crawls/shopzilla.com/Privacy-Policy/raw/static.blazonco.com/templates/custom/newshopzilla/style/images/header_bar.gif' saved [45/45]

--2012-05-14 05:12:15--  http://static.blazonco.com/templates/custom/newshopzilla/style/images/bg_glow.png
Reusing existing connection to static.blazonco.com:80.
HTTP request sent, awaiting response... 200 OK
Length: 68582 (67K) [image/png]
Saving to: `code/../crawls/shopzilla.com/Privacy-Policy/raw/static.blazonco.com/templates/custom/newshopzilla/style/images/bg_glow.png'

     0K .......... .......... .......... .......... .......... 74% 1.33M 0s
    50K .......... ......                                     100% 1.64M=0.05s

2012-05-14 05:12:15 (1.39 MB/s) - `code/../crawls/shopzilla.com/Privacy-Policy/raw/static.blazonco.com/templates/custom/newshopzilla/style/images/bg_glow.png' saved [68582/68582]

--2012-05-14 05:12:15--  http://static.blazonco.com/templates/custom/newshopzilla/style/images/nav_bar.jpg
Reusing existing connection to static.blazonco.com:80.
HTTP request sent, awaiting response... 200 OK
Length: 16922 (17K) [image/jpeg]
Saving to: `code/../crawls/shopzilla.com/Privacy-Policy/raw/static.blazonco.com/templates/custom/newshopzilla/style/images/nav_bar.jpg'

     0K .......... ......                                     100% 11.5M=0.001s

2012-05-14 05:12:15 (11.5 MB/s) - `code/../crawls/shopzilla.com/Privacy-Policy/raw/static.blazonco.com/templates/custom/newshopzilla/style/images/nav_bar.jpg' saved [16922/16922]

--2012-05-14 05:12:15--  http://static.blazonco.com/templates/custom/newshopzilla/style/images/nav_hover.gif
Reusing existing connection to static.blazonco.com:80.
HTTP request sent, awaiting response... 200 OK
Length: 273 [image/gif]
Saving to: `code/../crawls/shopzilla.com/Privacy-Policy/raw/static.blazonco.com/templates/custom/newshopzilla/style/images/nav_hover.gif'

     0K                                                       100% 50.6M=0s

2012-05-14 05:12:15 (50.6 MB/s) - `code/../crawls/shopzilla.com/Privacy-Policy/raw/static.blazonco.com/templates/custom/newshopzilla/style/images/nav_hover.gif' saved [273/273]

--2012-05-14 05:12:15--  http://static.blazonco.com/templates/custom/newshopzilla/style/images/sub_li.gif
Reusing existing connection to static.blazonco.com:80.
HTTP request sent, awaiting response... 200 OK
Length: 46 [image/gif]
Saving to: `code/../crawls/shopzilla.com/Privacy-Policy/raw/static.blazonco.com/templates/custom/newshopzilla/style/images/sub_li.gif'

     0K                                                       100% 8.38M=0s

2012-05-14 05:12:15 (8.38 MB/s) - `code/../crawls/shopzilla.com/Privacy-Policy/raw/static.blazonco.com/templates/custom/newshopzilla/style/images/sub_li.gif' saved [46/46]

--2012-05-14 05:12:15--  http://static.blazonco.com/templates/custom/newshopzilla/style/images/sub_li_hover.gif
Reusing existing connection to static.blazonco.com:80.
HTTP request sent, awaiting response... 200 OK
Length: 46 [image/gif]
Saving to: `code/../crawls/shopzilla.com/Privacy-Policy/raw/static.blazonco.com/templates/custom/newshopzilla/style/images/sub_li_hover.gif'

     0K                                                       100% 8.69M=0s

2012-05-14 05:12:15 (8.69 MB/s) - `code/../crawls/shopzilla.com/Privacy-Policy/raw/static.blazonco.com/templates/custom/newshopzilla/style/images/sub_li_hover.gif' saved [46/46]

--2012-05-14 05:12:15--  http://static.blazonco.com/templates/custom/newshopzilla/style/images/sub_shadow.gif
Reusing existing connection to static.blazonco.com:80.
HTTP request sent, awaiting response... 200 OK
Length: 95 [image/gif]
Saving to: `code/../crawls/shopzilla.com/Privacy-Policy/raw/static.blazonco.com/templates/custom/newshopzilla/style/images/sub_shadow.gif'

     0K                                                       100% 17.3M=0s

2012-05-14 05:12:15 (17.3 MB/s) - `code/../crawls/shopzilla.com/Privacy-Policy/raw/static.blazonco.com/templates/custom/newshopzilla/style/images/sub_shadow.gif' saved [95/95]

--2012-05-14 05:12:15--  http://static.blazonco.com/templates/custom/newshopzilla/style/images/sub_shadow_hover.gif
Reusing existing connection to static.blazonco.com:80.
HTTP request sent, awaiting response... 200 OK
Length: 95 [image/gif]
Saving to: `code/../crawls/shopzilla.com/Privacy-Policy/raw/static.blazonco.com/templates/custom/newshopzilla/style/images/sub_shadow_hover.gif'

     0K                                                       100% 3.93M=0s

2012-05-14 05:12:15 (3.93 MB/s) - `code/../crawls/shopzilla.com/Privacy-Policy/raw/static.blazonco.com/templates/custom/newshopzilla/style/images/sub_shadow_hover.gif' saved [95/95]

--2012-05-14 05:12:15--  http://static.blazonco.com/templates/custom/newshopzilla/style/images/li_arrow.png
Reusing existing connection to static.blazonco.com:80.
HTTP request sent, awaiting response... 200 OK
Length: 191 [image/png]
Saving to: `code/../crawls/shopzilla.com/Privacy-Policy/raw/static.blazonco.com/templates/custom/newshopzilla/style/images/li_arrow.png'

     0K                                                       100% 34.4M=0s

2012-05-14 05:12:15 (34.4 MB/s) - `code/../crawls/shopzilla.com/Privacy-Policy/raw/static.blazonco.com/templates/custom/newshopzilla/style/images/li_arrow.png' saved [191/191]

--2012-05-14 05:12:15--  http://static.blazonco.com/templates/custom/newshopzilla/style/images/li_arrow_hover.png
Reusing existing connection to static.blazonco.com:80.
HTTP request sent, awaiting response... 200 OK
Length: 173 [image/png]
Saving to: `code/../crawls/shopzilla.com/Privacy-Policy/raw/static.blazonco.com/templates/custom/newshopzilla/style/images/li_arrow_hover.png'

     0K                                                       100% 29.0M=0s

2012-05-14 05:12:15 (29.0 MB/s) - `code/../crawls/shopzilla.com/Privacy-Policy/raw/static.blazonco.com/templates/custom/newshopzilla/style/images/li_arrow_hover.png' saved [173/173]

--2012-05-14 05:12:15--  http://static.blazonco.com/templates/custom/newshopzilla/style/images/blue_bullets.gif
Reusing existing connection to static.blazonco.com:80.
HTTP request sent, awaiting response... 200 OK
Length: 228 [image/gif]
Saving to: `code/../crawls/shopzilla.com/Privacy-Policy/raw/static.blazonco.com/templates/custom/newshopzilla/style/images/blue_bullets.gif'

     0K                                                       100% 40.1M=0s

2012-05-14 05:12:15 (40.1 MB/s) - `code/../crawls/shopzilla.com/Privacy-Policy/raw/static.blazonco.com/templates/custom/newshopzilla/style/images/blue_bullets.gif' saved [228/228]

--2012-05-14 05:12:15--  http://static.blazonco.com/templates/custom/newshopzilla/style/images/sub_nav_h3.gif
Reusing existing connection to static.blazonco.com:80.
HTTP request sent, awaiting response... 200 OK
Length: 1105 (1.1K) [image/gif]
Saving to: `code/../crawls/shopzilla.com/Privacy-Policy/raw/static.blazonco.com/templates/custom/newshopzilla/style/images/sub_nav_h3.gif'

     0K .                                                     100%  168M=0s

2012-05-14 05:12:15 (168 MB/s) - `code/../crawls/shopzilla.com/Privacy-Policy/raw/static.blazonco.com/templates/custom/newshopzilla/style/images/sub_nav_h3.gif' saved [1105/1105]

--2012-05-14 05:12:15--  http://static.blazonco.com/templates/custom/newshopzilla/style/images/sub_nav_hover.png
Reusing existing connection to static.blazonco.com:80.
HTTP request sent, awaiting response... 200 OK
Length: 943 [image/png]
Saving to: `code/../crawls/shopzilla.com/Privacy-Policy/raw/static.blazonco.com/templates/custom/newshopzilla/style/images/sub_nav_hover.png'

     0K                                                       100%  161M=0s

2012-05-14 05:12:15 (161 MB/s) - `code/../crawls/shopzilla.com/Privacy-Policy/raw/static.blazonco.com/templates/custom/newshopzilla/style/images/sub_nav_hover.png' saved [943/943]

--2012-05-14 05:12:15--  http://static.blazonco.com/templates/custom/newshopzilla/style/images/zill_bg.gif
Reusing existing connection to static.blazonco.com:80.
HTTP request sent, awaiting response... 200 OK
Length: 513 [image/gif]
Saving to: `code/../crawls/shopzilla.com/Privacy-Policy/raw/static.blazonco.com/templates/custom/newshopzilla/style/images/zill_bg.gif'

     0K                                                       100% 90.0M=0s

2012-05-14 05:12:15 (90.0 MB/s) - `code/../crawls/shopzilla.com/Privacy-Policy/raw/static.blazonco.com/templates/custom/newshopzilla/style/images/zill_bg.gif' saved [513/513]

--2012-05-14 05:12:15--  http://static.blazonco.com/templates/custom/newshopzilla/style/images/the-zill.jpg
Reusing existing connection to static.blazonco.com:80.
HTTP request sent, awaiting response... 200 OK
Length: 5528 (5.4K) [image/jpeg]
Saving to: `code/../crawls/shopzilla.com/Privacy-Policy/raw/static.blazonco.com/templates/custom/newshopzilla/style/images/the-zill.jpg'

     0K .....                                                 100% 7.85M=0.001s

2012-05-14 05:12:15 (7.85 MB/s) - `code/../crawls/shopzilla.com/Privacy-Policy/raw/static.blazonco.com/templates/custom/newshopzilla/style/images/the-zill.jpg' saved [5528/5528]

--2012-05-14 05:12:15--  http://static.blazonco.com/templates/custom/newshopzilla/style/images/module_h3_bg.gif
Reusing existing connection to static.blazonco.com:80.
HTTP request sent, awaiting response... 200 OK
Length: 262 [image/gif]
Saving to: `code/../crawls/shopzilla.com/Privacy-Policy/raw/static.blazonco.com/templates/custom/newshopzilla/style/images/module_h3_bg.gif'

     0K                                                       100% 46.9M=0s

2012-05-14 05:12:15 (46.9 MB/s) - `code/../crawls/shopzilla.com/Privacy-Policy/raw/static.blazonco.com/templates/custom/newshopzilla/style/images/module_h3_bg.gif' saved [262/262]

--2012-05-14 05:12:15--  http://static.blazonco.com/templates/custom/newshopzilla/style/images/tall_module_h3_bg.gif
Reusing existing connection to static.blazonco.com:80.
HTTP request sent, awaiting response... 200 OK
Length: 65 [image/gif]
Saving to: `code/../crawls/shopzilla.com/Privacy-Policy/raw/static.blazonco.com/templates/custom/newshopzilla/style/images/tall_module_h3_bg.gif'

     0K                                                       100% 12.2M=0s

2012-05-14 05:12:15 (12.2 MB/s) - `code/../crawls/shopzilla.com/Privacy-Policy/raw/static.blazonco.com/templates/custom/newshopzilla/style/images/tall_module_h3_bg.gif' saved [65/65]

--2012-05-14 05:12:15--  http://static.blazonco.com/templates/custom/newshopzilla/style/images/connect.jpg
Reusing existing connection to static.blazonco.com:80.
HTTP request sent, awaiting response... 200 OK
Length: 10118 (9.9K) [image/jpeg]
Saving to: `code/../crawls/shopzilla.com/Privacy-Policy/raw/static.blazonco.com/templates/custom/newshopzilla/style/images/connect.jpg'

     0K .........                                             100% 12.7M=0.001s

2012-05-14 05:12:15 (12.7 MB/s) - `code/../crawls/shopzilla.com/Privacy-Policy/raw/static.blazonco.com/templates/custom/newshopzilla/style/images/connect.jpg' saved [10118/10118]

--2012-05-14 05:12:15--  http://static.blazonco.com/templates/custom/newshopzilla/style/images/module_row_grad.gif
Reusing existing connection to static.blazonco.com:80.
HTTP request sent, awaiting response... 200 OK
Length: 126 [image/gif]
Saving to: `code/../crawls/shopzilla.com/Privacy-Policy/raw/static.blazonco.com/templates/custom/newshopzilla/style/images/module_row_grad.gif'

     0K                                                       100% 22.1M=0s

2012-05-14 05:12:15 (22.1 MB/s) - `code/../crawls/shopzilla.com/Privacy-Policy/raw/static.blazonco.com/templates/custom/newshopzilla/style/images/module_row_grad.gif' saved [126/126]

--2012-05-14 05:12:15--  http://static.blazonco.com/templates/custom/newshopzilla/style/images/leadership_img_shadow.gif
Reusing existing connection to static.blazonco.com:80.
HTTP request sent, awaiting response... 200 OK
Length: 1234 (1.2K) [image/gif]
Saving to: `code/../crawls/shopzilla.com/Privacy-Policy/raw/static.blazonco.com/templates/custom/newshopzilla/style/images/leadership_img_shadow.gif'

     0K .                                                     100%  184M=0s

2012-05-14 05:12:15 (184 MB/s) - `code/../crawls/shopzilla.com/Privacy-Policy/raw/static.blazonco.com/templates/custom/newshopzilla/style/images/leadership_img_shadow.gif' saved [1234/1234]

--2012-05-14 05:12:15--  http://static.blazonco.com/templates/custom/newshopzilla/style/images/laptop_new.jpg
Reusing existing connection to static.blazonco.com:80.
HTTP request sent, awaiting response... 200 OK
Length: 48829 (48K) [image/jpeg]
Saving to: `code/../crawls/shopzilla.com/Privacy-Policy/raw/static.blazonco.com/templates/custom/newshopzilla/style/images/laptop_new.jpg'

     0K .......... .......... .......... .......... .......   100% 3.73M=0.01s

2012-05-14 05:12:15 (3.73 MB/s) - `code/../crawls/shopzilla.com/Privacy-Policy/raw/static.blazonco.com/templates/custom/newshopzilla/style/images/laptop_new.jpg' saved [48829/48829]

--2012-05-14 05:12:15--  http://static.blazonco.com/templates/custom/newshopzilla/style/images/shopzilla-brands.png
Reusing existing connection to static.blazonco.com:80.
HTTP request sent, awaiting response... 200 OK
Length: 5928 (5.8K) [image/png]
Saving to: `code/../crawls/shopzilla.com/Privacy-Policy/raw/static.blazonco.com/templates/custom/newshopzilla/style/images/shopzilla-brands.png'

     0K .....                                                 100% 18.3M=0s

2012-05-14 05:12:15 (18.3 MB/s) - `code/../crawls/shopzilla.com/Privacy-Policy/raw/static.blazonco.com/templates/custom/newshopzilla/style/images/shopzilla-brands.png' saved [5928/5928]

--2012-05-14 05:12:15--  http://static.blazonco.com/templates/custom/newshopzilla/style/images/bizrate-brands-new.png
Reusing existing connection to static.blazonco.com:80.
HTTP request sent, awaiting response... 200 OK
Length: 9235 (9.0K) [image/png]
Saving to: `code/../crawls/shopzilla.com/Privacy-Policy/raw/static.blazonco.com/templates/custom/newshopzilla/style/images/bizrate-brands-new.png'

     0K .........                                             100% 15.5M=0.001s

2012-05-14 05:12:15 (15.5 MB/s) - `code/../crawls/shopzilla.com/Privacy-Policy/raw/static.blazonco.com/templates/custom/newshopzilla/style/images/bizrate-brands-new.png' saved [9235/9235]

--2012-05-14 05:12:15--  http://static.blazonco.com/templates/custom/newshopzilla/style/images/beso-brands.png
Reusing existing connection to static.blazonco.com:80.
HTTP request sent, awaiting response... 200 OK
Length: 3628 (3.5K) [image/png]
Saving to: `code/../crawls/shopzilla.com/Privacy-Policy/raw/static.blazonco.com/templates/custom/newshopzilla/style/images/beso-brands.png'

     0K ...                                                   100% 54.0M=0s

2012-05-14 05:12:15 (54.0 MB/s) - `code/../crawls/shopzilla.com/Privacy-Policy/raw/static.blazonco.com/templates/custom/newshopzilla/style/images/beso-brands.png' saved [3628/3628]

--2012-05-14 05:12:15--  http://static.blazonco.com/templates/custom/newshopzilla/style/images/tada-brands-new.png
Reusing existing connection to static.blazonco.com:80.
HTTP request sent, awaiting response... 200 OK
Length: 5401 (5.3K) [image/png]
Saving to: `code/../crawls/shopzilla.com/Privacy-Policy/raw/static.blazonco.com/templates/custom/newshopzilla/style/images/tada-brands-new.png'

     0K .....                                                 100% 23.0M=0s

2012-05-14 05:12:15 (23.0 MB/s) - `code/../crawls/shopzilla.com/Privacy-Policy/raw/static.blazonco.com/templates/custom/newshopzilla/style/images/tada-brands-new.png' saved [5401/5401]

--2012-05-14 05:12:15--  http://static.blazonco.com/templates/custom/newshopzilla/style/images/shopzilla_brand_hover.gif
Reusing existing connection to static.blazonco.com:80.
HTTP request sent, awaiting response... 200 OK
Length: 1722 (1.7K) [image/gif]
Saving to: `code/../crawls/shopzilla.com/Privacy-Policy/raw/static.blazonco.com/templates/custom/newshopzilla/style/images/shopzilla_brand_hover.gif'

     0K .                                                     100%  258M=0s

2012-05-14 05:12:15 (258 MB/s) - `code/../crawls/shopzilla.com/Privacy-Policy/raw/static.blazonco.com/templates/custom/newshopzilla/style/images/shopzilla_brand_hover.gif' saved [1722/1722]

--2012-05-14 05:12:15--  http://static.blazonco.com/templates/custom/newshopzilla/style/images/spar_brand_hover.gif
Reusing existing connection to static.blazonco.com:80.
HTTP request sent, awaiting response... 200 OK
Length: 1769 (1.7K) [image/gif]
Saving to: `code/../crawls/shopzilla.com/Privacy-Policy/raw/static.blazonco.com/templates/custom/newshopzilla/style/images/spar_brand_hover.gif'

     0K .                                                     100%  257M=0s

2012-05-14 05:12:15 (257 MB/s) - `code/../crawls/shopzilla.com/Privacy-Policy/raw/static.blazonco.com/templates/custom/newshopzilla/style/images/spar_brand_hover.gif' saved [1769/1769]

--2012-05-14 05:12:15--  http://static.blazonco.com/templates/custom/newshopzilla/style/images/beso_brand_hover.gif
Reusing existing connection to static.blazonco.com:80.
HTTP request sent, awaiting response... 200 OK
Length: 1578 (1.5K) [image/gif]
Saving to: `code/../crawls/shopzilla.com/Privacy-Policy/raw/static.blazonco.com/templates/custom/newshopzilla/style/images/beso_brand_hover.gif'

     0K .                                                     100%  238M=0s

2012-05-14 05:12:15 (238 MB/s) - `code/../crawls/shopzilla.com/Privacy-Policy/raw/static.blazonco.com/templates/custom/newshopzilla/style/images/beso_brand_hover.gif' saved [1578/1578]

--2012-05-14 05:12:15--  http://static.blazonco.com/templates/custom/newshopzilla/style/images/lang_us.png
Reusing existing connection to static.blazonco.com:80.
HTTP request sent, awaiting response... 200 OK
Length: 1350 (1.3K) [image/png]
Saving to: `code/../crawls/shopzilla.com/Privacy-Policy/raw/static.blazonco.com/templates/custom/newshopzilla/style/images/lang_us.png'

     0K .                                                     100%  205M=0s

2012-05-14 05:12:15 (205 MB/s) - `code/../crawls/shopzilla.com/Privacy-Policy/raw/static.blazonco.com/templates/custom/newshopzilla/style/images/lang_us.png' saved [1350/1350]

--2012-05-14 05:12:15--  http://static.blazonco.com/templates/custom/newshopzilla/style/images/lang_uk.png
Reusing existing connection to static.blazonco.com:80.
HTTP request sent, awaiting response... 200 OK
Length: 1458 (1.4K) [image/png]
Saving to: `code/../crawls/shopzilla.com/Privacy-Policy/raw/static.blazonco.com/templates/custom/newshopzilla/style/images/lang_uk.png'

     0K .                                                     100%  216M=0s

2012-05-14 05:12:15 (216 MB/s) - `code/../crawls/shopzilla.com/Privacy-Policy/raw/static.blazonco.com/templates/custom/newshopzilla/style/images/lang_uk.png' saved [1458/1458]

--2012-05-14 05:12:15--  http://static.blazonco.com/templates/custom/newshopzilla/style/images/lang_ger.png
Reusing existing connection to static.blazonco.com:80.
HTTP request sent, awaiting response... 200 OK
Length: 1202 (1.2K) [image/png]
Saving to: `code/../crawls/shopzilla.com/Privacy-Policy/raw/static.blazonco.com/templates/custom/newshopzilla/style/images/lang_ger.png'

     0K .                                                     100%  189M=0s

2012-05-14 05:12:15 (189 MB/s) - `code/../crawls/shopzilla.com/Privacy-Policy/raw/static.blazonco.com/templates/custom/newshopzilla/style/images/lang_ger.png' saved [1202/1202]

--2012-05-14 05:12:15--  http://static.blazonco.com/templates/custom/newshopzilla/style/images/lang_fr.png
Reusing existing connection to static.blazonco.com:80.
HTTP request sent, awaiting response... 200 OK
Length: 921 [image/png]
Saving to: `code/../crawls/shopzilla.com/Privacy-Policy/raw/static.blazonco.com/templates/custom/newshopzilla/style/images/lang_fr.png'

     0K                                                       100%  164M=0s

2012-05-14 05:12:15 (164 MB/s) - `code/../crawls/shopzilla.com/Privacy-Policy/raw/static.blazonco.com/templates/custom/newshopzilla/style/images/lang_fr.png' saved [921/921]

--2012-05-14 05:12:15--  http://about.shopzilla.com/logo.png
Connecting to about.shopzilla.com|67.201.59.62|:80... connected.
HTTP request sent, awaiting response... 200 OK
Length: 5043 (4.9K) [image/png]
Saving to: `code/../crawls/shopzilla.com/Privacy-Policy/raw/about.shopzilla.com/logo.png'

     0K ....                                                  100%  438K=0.01s

2012-05-14 05:12:16 (438 KB/s) - `code/../crawls/shopzilla.com/Privacy-Policy/raw/about.shopzilla.com/logo.png' saved [5043/5043]

FINISHED --2012-05-14 05:12:16--
Total wall clock time: 2.5s
Downloaded: 60 files, 413K in 0.3s (1.54 MB/s)
Converting code/../crawls/shopzilla.com/Privacy-Policy/raw/about.shopzilla.com/privacy-policy.html... 20-19
Converting code/../crawls/shopzilla.com/Privacy-Policy/raw/static.blazonco.com/stylesheets/framework/framework.css... 10-0
Converting code/../crawls/shopzilla.com/Privacy-Policy/raw/static.blazonco.com/templates/custom/newshopzilla/style/sub.css... 31-0
Converting code/../crawls/shopzilla.com/Privacy-Policy/raw/static.blazonco.com/templates/custom/newshopzilla/style/color1.css... nothing to do.
Converting code/../crawls/shopzilla.com/Privacy-Policy/raw/static.blazonco.com/templates/custom/newshopzilla/style/text.css... nothing to do.
Converting code/../crawls/shopzilla.com/Privacy-Policy/raw/static.blazonco.com/templates/custom/newshopzilla/style/careers.css... nothing to do.
Converting code/../crawls/shopzilla.com/Privacy-Policy/raw/static.blazonco.com/templates/custom/newshopzilla/style/common.css... 12-0
Converting code/../crawls/shopzilla.com/Privacy-Policy/raw/static.blazonco.com/templates/custom/newshopzilla/style/branding.css... nothing to do.
Converting code/../crawls/shopzilla.com/Privacy-Policy/raw/about.shopzilla.com/custom-branding.css... 1-0
Converted 9 files in 0.004 seconds.
