--2013-01-12 05:10:32--  http://byliner.com/privacy
Resolving byliner.com... 50.17.199.127
Connecting to byliner.com|50.17.199.127|:80... connected.
HTTP request sent, awaiting response... 301 Moved Permanently
Location: http://byliner.com/about/privacy [following]
--2013-01-12 05:10:32--  http://byliner.com/about/privacy
Reusing existing connection to byliner.com:80.
HTTP request sent, awaiting response... 200 OK
Length: 27881 (27K) [text/html]
Saving to: `code/../crawls/byliner.com/Privacy-Policy/raw/byliner.com/privacy.html'

     0K .......... .......... .......                         100%  122K=0.2s

2013-01-12 05:10:32 (122 KB/s) - `code/../crawls/byliner.com/Privacy-Policy/raw/byliner.com/privacy.html' saved [27881/27881]

--2013-01-12 05:10:32--  http://cdn.optimizely.com/js/87354113.js
Resolving cdn.optimizely.com... 23.59.196.211
Connecting to cdn.optimizely.com|23.59.196.211|:80... connected.
HTTP request sent, awaiting response... 200 OK
Length: unspecified [text/javascript]
Saving to: `code/../crawls/byliner.com/Privacy-Policy/raw/cdn.optimizely.com/js/87354113.js'

     0K .......... .......... .......... .......... .......... 5.59M
    50K .......... .......... .......... .......... .......... 9.46M
   100K .......... .......... .......... .......... .......... 9.93M
   150K .......... .......... .......... .......... .......... 10.7M
   200K .......... .......... .......... .......... .......... 8.26M
   250K .......... .                                            194M=0.03s

2013-01-12 05:10:33 (8.71 MB/s) - `code/../crawls/byliner.com/Privacy-Policy/raw/cdn.optimizely.com/js/87354113.js' saved [267750]

--2013-01-12 05:10:33--  http://use.typekit.net/xje3kqj.js
Resolving use.typekit.net... 72.21.91.19
Connecting to use.typekit.net|72.21.91.19|:80... connected.
HTTP request sent, awaiting response... 200 OK
Length: 29737 (29K) [text/javascript]
Saving to: `code/../crawls/byliner.com/Privacy-Policy/raw/use.typekit.net/xje3kqj.js'

     0K .......... .......... .........                       100%  125K=0.2s

2013-01-12 05:10:33 (125 KB/s) - `code/../crawls/byliner.com/Privacy-Policy/raw/use.typekit.net/xje3kqj.js' saved [29737/29737]

--2013-01-12 05:10:33--  http://byliner.com/assets/mobile-79cadf2316e7f1ecfe793da5fe274214.js
Connecting to byliner.com|50.17.199.127|:80... connected.
HTTP request sent, awaiting response... 200 OK
Length: 445526 (435K) [application/x-javascript]
Saving to: `code/../crawls/byliner.com/Privacy-Policy/raw/byliner.com/assets/mobile-79cadf2316e7f1ecfe793da5fe274214.js'

     0K .......... .......... .......... .......... .......... 11%  214K 2s
    50K .......... .......... .......... .......... .......... 22%  639K 1s
   100K .......... .......... .......... .......... .......... 34%  638K 1s
   150K .......... .......... .......... .......... .......... 45%  653K 1s
   200K .......... .......... .......... .......... .......... 57%  654K 0s
   250K .......... .......... .......... .......... .......... 68% 10.7M 0s
   300K .......... .......... .......... .......... .......... 80%  674K 0s
   350K .......... .......... .......... .......... .......... 91% 9.89M 0s
   400K .......... .......... .......... .....                100%  495K=0.7s

2013-01-12 05:10:34 (623 KB/s) - `code/../crawls/byliner.com/Privacy-Policy/raw/byliner.com/assets/mobile-79cadf2316e7f1ecfe793da5fe274214.js' saved [445526/445526]

--2013-01-12 05:10:34--  http://byliner.com/assets/mobile-b13701bba0a79efc117d9538f915a36f.css
Reusing existing connection to byliner.com:80.
HTTP request sent, awaiting response... 200 OK
Length: 162216 (158K) [text/css]
Saving to: `code/../crawls/byliner.com/Privacy-Policy/raw/byliner.com/assets/mobile-b13701bba0a79efc117d9538f915a36f.css'

     0K .......... .......... .......... .......... .......... 31% 11.5M 0s
    50K .......... .......... .......... .......... .......... 63% 11.4M 0s
   100K .......... .......... .......... .......... .......... 94% 11.3M 0s
   150K ........                                              100%  124K=0.08s

2013-01-12 05:10:34 (1.91 MB/s) - `code/../crawls/byliner.com/Privacy-Policy/raw/byliner.com/assets/mobile-b13701bba0a79efc117d9538f915a36f.css' saved [162216/162216]

--2013-01-12 05:10:34--  http://s7.addthis.com/js/300/addthis_widget.js
Resolving s7.addthis.com... 23.56.124.20
Connecting to s7.addthis.com|23.56.124.20|:80... connected.
HTTP request sent, awaiting response... 200 OK
Length: 6784 (6.6K) [application/javascript]
Saving to: `code/../crawls/byliner.com/Privacy-Policy/raw/s7.addthis.com/js/300/addthis_widget.js'

     0K ......                                                100% 2.54M=0.003s

2013-01-12 05:10:34 (2.54 MB/s) - `code/../crawls/byliner.com/Privacy-Policy/raw/s7.addthis.com/js/300/addthis_widget.js' saved [6784/6784]

--2013-01-12 05:10:34--  http://byliner.com/images/nub_pennant_left.png
Connecting to byliner.com|50.17.199.127|:80... connected.
HTTP request sent, awaiting response... 200 OK
Length: 1259 (1.2K) [image/png]
Saving to: `code/../crawls/byliner.com/Privacy-Policy/raw/byliner.com/images/nub_pennant_left.png'

     0K .                                                     100%  166M=0s

2013-01-12 05:10:34 (166 MB/s) - `code/../crawls/byliner.com/Privacy-Policy/raw/byliner.com/images/nub_pennant_left.png' saved [1259/1259]

--2013-01-12 05:10:34--  http://byliner.com/assets/fontello/font/fontello-e186420edc550c122ec997875293c134.eot
Reusing existing connection to byliner.com:80.
HTTP request sent, awaiting response... 200 OK
Length: 22754 (22K) [application/octet-stream]
Saving to: `code/../crawls/byliner.com/Privacy-Policy/raw/byliner.com/assets/fontello/font/fontello-e186420edc550c122ec997875293c134.eot'

     0K .......... .......... ..                              100%  114K=0.2s

2013-01-12 05:10:35 (114 KB/s) - `code/../crawls/byliner.com/Privacy-Policy/raw/byliner.com/assets/fontello/font/fontello-e186420edc550c122ec997875293c134.eot' saved [22754/22754]

--2013-01-12 05:10:35--  http://byliner.com/assets/fontello/font/fontello.eot?
Reusing existing connection to byliner.com:80.
HTTP request sent, awaiting response... 200 OK
Length: 22754 (22K) [application/octet-stream]
Saving to: `code/../crawls/byliner.com/Privacy-Policy/raw/byliner.com/assets/fontello/font/fontello.eot'

     0K .......... .......... ..                              100%  282K=0.08s

2013-01-12 05:10:35 (282 KB/s) - `code/../crawls/byliner.com/Privacy-Policy/raw/byliner.com/assets/fontello/font/fontello.eot' saved [22754/22754]

--2013-01-12 05:10:35--  http://byliner.com/assets/fontello/font/fontello-4eeda06343dd5b5e050f34082a51dd9d.woff
Reusing existing connection to byliner.com:80.
HTTP request sent, awaiting response... 200 OK
Length: 14424 (14K) [application/octet-stream]
Saving to: `code/../crawls/byliner.com/Privacy-Policy/raw/byliner.com/assets/fontello/font/fontello-4eeda06343dd5b5e050f34082a51dd9d.woff'

     0K .......... ....                                       100% 11.9M=0.001s

2013-01-12 05:10:35 (11.9 MB/s) - `code/../crawls/byliner.com/Privacy-Policy/raw/byliner.com/assets/fontello/font/fontello-4eeda06343dd5b5e050f34082a51dd9d.woff' saved [14424/14424]

--2013-01-12 05:10:35--  http://byliner.com/assets/fontello/font/fontello-0fb769c71064b5a5887ede70f64d4247.ttf
Reusing existing connection to byliner.com:80.
HTTP request sent, awaiting response... 200 OK
Length: 22500 (22K) [application/octet-stream]
Saving to: `code/../crawls/byliner.com/Privacy-Policy/raw/byliner.com/assets/fontello/font/fontello-0fb769c71064b5a5887ede70f64d4247.ttf'

     0K .......... .......... .                               100%  288K=0.08s

2013-01-12 05:10:35 (288 KB/s) - `code/../crawls/byliner.com/Privacy-Policy/raw/byliner.com/assets/fontello/font/fontello-0fb769c71064b5a5887ede70f64d4247.ttf' saved [22500/22500]

--2013-01-12 05:10:35--  http://byliner.com/assets/fontello/font/fontello.svg
Reusing existing connection to byliner.com:80.
HTTP request sent, awaiting response... 200 OK
Length: 35138 (34K) [image/svg+xml]
Saving to: `code/../crawls/byliner.com/Privacy-Policy/raw/byliner.com/assets/fontello/font/fontello.svg'

     0K .......... .......... .......... ....                 100%  442K=0.08s

2013-01-12 05:10:35 (442 KB/s) - `code/../crawls/byliner.com/Privacy-Policy/raw/byliner.com/assets/fontello/font/fontello.svg' saved [35138/35138]

--2013-01-12 05:10:35--  http://byliner.com/assets/byliner/byliner-icons-f9a22f2c7209493f56223ac5fa7673bb.eot
Reusing existing connection to byliner.com:80.
HTTP request sent, awaiting response... 200 OK
Length: 2084 (2.0K) [application/octet-stream]
Saving to: `code/../crawls/byliner.com/Privacy-Policy/raw/byliner.com/assets/byliner/byliner-icons-f9a22f2c7209493f56223ac5fa7673bb.eot'

     0K ..                                                    100%  275M=0s

2013-01-12 05:10:35 (275 MB/s) - `code/../crawls/byliner.com/Privacy-Policy/raw/byliner.com/assets/byliner/byliner-icons-f9a22f2c7209493f56223ac5fa7673bb.eot' saved [2084/2084]

--2013-01-12 05:10:35--  http://byliner.com/assets/byliner/byliner-icons.eot?
Reusing existing connection to byliner.com:80.
HTTP request sent, awaiting response... 200 OK
Length: 2084 (2.0K) [application/octet-stream]
Saving to: `code/../crawls/byliner.com/Privacy-Policy/raw/byliner.com/assets/byliner/byliner-icons.eot'

     0K ..                                                    100%  296M=0s

2013-01-12 05:10:35 (296 MB/s) - `code/../crawls/byliner.com/Privacy-Policy/raw/byliner.com/assets/byliner/byliner-icons.eot' saved [2084/2084]

--2013-01-12 05:10:35--  http://byliner.com/assets/byliner/byliner-icons-c0b9705b0b51ea82bfecc8e896df025f.woff
Reusing existing connection to byliner.com:80.
HTTP request sent, awaiting response... 200 OK
Length: 1712 (1.7K) [application/octet-stream]
Saving to: `code/../crawls/byliner.com/Privacy-Policy/raw/byliner.com/assets/byliner/byliner-icons-c0b9705b0b51ea82bfecc8e896df025f.woff'

     0K .                                                     100%  249M=0s

2013-01-12 05:10:35 (249 MB/s) - `code/../crawls/byliner.com/Privacy-Policy/raw/byliner.com/assets/byliner/byliner-icons-c0b9705b0b51ea82bfecc8e896df025f.woff' saved [1712/1712]

--2013-01-12 05:10:35--  http://byliner.com/assets/byliner/byliner-icons-f2d10ef1468842c635bae9c9435087ee.ttf
Reusing existing connection to byliner.com:80.
HTTP request sent, awaiting response... 200 OK
Length: 1900 (1.9K) [application/octet-stream]
Saving to: `code/../crawls/byliner.com/Privacy-Policy/raw/byliner.com/assets/byliner/byliner-icons-f2d10ef1468842c635bae9c9435087ee.ttf'

     0K .                                                     100% 34.2M=0s

2013-01-12 05:10:35 (34.2 MB/s) - `code/../crawls/byliner.com/Privacy-Policy/raw/byliner.com/assets/byliner/byliner-icons-f2d10ef1468842c635bae9c9435087ee.ttf' saved [1900/1900]

--2013-01-12 05:10:35--  http://byliner.com/assets/byliner/byliner-icons.svg
Reusing existing connection to byliner.com:80.
HTTP request sent, awaiting response... 200 OK
Length: 2628 (2.6K) [image/svg+xml]
Saving to: `code/../crawls/byliner.com/Privacy-Policy/raw/byliner.com/assets/byliner/byliner-icons.svg'

     0K ..                                                    100%  172M=0s

2013-01-12 05:10:36 (172 MB/s) - `code/../crawls/byliner.com/Privacy-Policy/raw/byliner.com/assets/byliner/byliner-icons.svg' saved [2628/2628]

FINISHED --2013-01-12 05:10:36--
Total wall clock time: 3.9s
Downloaded: 17 files, 1.0M in 1.7s (615 KB/s)
Converting code/../crawls/byliner.com/Privacy-Policy/raw/byliner.com/privacy.html... 7-37
Converting code/../crawls/byliner.com/Privacy-Policy/raw/byliner.com/assets/mobile-b13701bba0a79efc117d9538f915a36f.css... 11-0
Converted 2 files in 0.007 seconds.
