--2013-04-03 05:18:53--  http://www.starwoodhotels.com/corporate/privacy_policy.html
Resolving www.starwoodhotels.com... 23.56.123.169
Connecting to www.starwoodhotels.com|23.56.123.169|:80... connected.
HTTP request sent, awaiting response... 200 OK
Length: unspecified [text/html]
Saving to: `code/../crawls/starwoodhotels.com/Privacy-Policy/raw/www.starwoodhotels.com/corporate/privacy_policy.html'

     0K .......... .......... .......... .......... .......... 6.38M
    50K .......... .......... .......... .......... .......... 7.97M
   100K .......... .......... .......... .......... .......... 9.84M
   150K .......... .......... .......... .                     10.1M=0.02s

2013-04-03 05:18:53 (8.15 MB/s) - `code/../crawls/starwoodhotels.com/Privacy-Policy/raw/www.starwoodhotels.com/corporate/privacy_policy.html' saved [186288]

--2013-04-03 05:18:53--  http://www.starwoodhotels.com/corporate/css/global/fonts.css?v=153868ebc01db93a599a8517962690a4
Reusing existing connection to www.starwoodhotels.com:80.
HTTP request sent, awaiting response... 200 OK
Length: 3232 (3.2K) [text/css]
Saving to: `code/../crawls/starwoodhotels.com/Privacy-Policy/raw/www.starwoodhotels.com/corporate/css/global/fonts.css?v=153868ebc01db93a599a8517962690a4.css'

     0K ...                                                   100%  375M=0s

2013-04-03 05:18:53 (375 MB/s) - `code/../crawls/starwoodhotels.com/Privacy-Policy/raw/www.starwoodhotels.com/corporate/css/global/fonts.css?v=153868ebc01db93a599a8517962690a4.css' saved [3232/3232]

--2013-04-03 05:18:53--  http://www.starwoodhotels.com/corporate/css/global_css.do?v=153868ebc01db93a599a8517962690a4
Reusing existing connection to www.starwoodhotels.com:80.
HTTP request sent, awaiting response... 200 OK
Length: unspecified [text/css]
Saving to: `code/../crawls/starwoodhotels.com/Privacy-Policy/raw/www.starwoodhotels.com/corporate/css/global_css.do?v=153868ebc01db93a599a8517962690a4.css'

     0K .......... .......... .......... .......... .......... 10.8M
    50K .......... .......... ...                              11.2M=0.007s

2013-04-03 05:18:53 (11.0 MB/s) - `code/../crawls/starwoodhotels.com/Privacy-Policy/raw/www.starwoodhotels.com/corporate/css/global_css.do?v=153868ebc01db93a599a8517962690a4.css' saved [75653]

--2013-04-03 05:18:53--  http://www.starwoodhotels.com/corporate/css/layout/oneColumnLayout.css?v=153868ebc01db93a599a8517962690a4
Reusing existing connection to www.starwoodhotels.com:80.
HTTP request sent, awaiting response... 200 OK
Length: 290 [text/css]
Saving to: `code/../crawls/starwoodhotels.com/Privacy-Policy/raw/www.starwoodhotels.com/corporate/css/layout/oneColumnLayout.css?v=153868ebc01db93a599a8517962690a4.css'

     0K                                                       100% 50.6M=0s

2013-04-03 05:18:53 (50.6 MB/s) - `code/../crawls/starwoodhotels.com/Privacy-Policy/raw/www.starwoodhotels.com/corporate/css/layout/oneColumnLayout.css?v=153868ebc01db93a599a8517962690a4.css' saved [290/290]

--2013-04-03 05:18:53--  http://www.starwoodhotels.com/corporate/css/global/print.css?v=153868ebc01db93a599a8517962690a4
Reusing existing connection to www.starwoodhotels.com:80.
HTTP request sent, awaiting response... 200 OK
Length: 0 [text/css]
Saving to: `code/../crawls/starwoodhotels.com/Privacy-Policy/raw/www.starwoodhotels.com/corporate/css/global/print.css?v=153868ebc01db93a599a8517962690a4.css'

     0K                                                        0.00 =0s

2013-04-03 05:18:53 (0.00 B/s) - `code/../crawls/starwoodhotels.com/Privacy-Policy/raw/www.starwoodhotels.com/corporate/css/global/print.css?v=153868ebc01db93a599a8517962690a4.css' saved [0/0]

--2013-04-03 05:18:53--  http://www.starwoodhotels.com/corporate/css/local/terms/terms.css?v=153868ebc01db93a599a8517962690a4
Reusing existing connection to www.starwoodhotels.com:80.
HTTP request sent, awaiting response... 200 OK
Length: 314 [text/css]
Saving to: `code/../crawls/starwoodhotels.com/Privacy-Policy/raw/www.starwoodhotels.com/corporate/css/local/terms/terms.css?v=153868ebc01db93a599a8517962690a4.css'

     0K                                                       100% 53.6M=0s

2013-04-03 05:18:53 (53.6 MB/s) - `code/../crawls/starwoodhotels.com/Privacy-Policy/raw/www.starwoodhotels.com/corporate/css/local/terms/terms.css?v=153868ebc01db93a599a8517962690a4.css' saved [314/314]

--2013-04-03 05:18:53--  http://www.starwoodhotels.com/corporate/js/global_js.do?v=153868ebc01db93a599a8517962690a4
Reusing existing connection to www.starwoodhotels.com:80.
HTTP request sent, awaiting response... 200 OK
Length: unspecified [text/javascript]
Saving to: `code/../crawls/starwoodhotels.com/Privacy-Policy/raw/www.starwoodhotels.com/corporate/js/global_js.do?v=153868ebc01db93a599a8517962690a4'

     0K .......... .......... .......... .......... .......... 11.1M
    50K .......... .......... .......... .......... .......... 9.70M
   100K .......... .......... .......... .......... .......... 9.85M
   150K .......... .......... .......... .......... .......... 8.80M
   200K .......... .......... .......... .......... .......... 8.34M
   250K .......... .......... .......... .......... .......... 8.84M
   300K .......... .......... .......... .......... .......... 7.62M
   350K .......... .......... .......... ..........            9.23M=0.04s

2013-04-03 05:18:53 (9.08 MB/s) - `code/../crawls/starwoodhotels.com/Privacy-Policy/raw/www.starwoodhotels.com/corporate/js/global_js.do?v=153868ebc01db93a599a8517962690a4' saved [399520]

--2013-04-03 05:18:53--  http://www.starwoodhotels.com/js/calendar.do?v=153868ebc01db93a599a8517962690a4
Reusing existing connection to www.starwoodhotels.com:80.
HTTP request sent, awaiting response... 200 OK
Length: unspecified [text/javascript]
Saving to: `code/../crawls/starwoodhotels.com/Privacy-Policy/raw/www.starwoodhotels.com/js/calendar.do?v=153868ebc01db93a599a8517962690a4'

     0K .......... .......... .......... .......... .......... 10.4M
    50K .......... .......... .......... .......... .......... 9.66M
   100K .......... .......... .......... .......... .....      8.03M=0.02s

2013-04-03 05:18:53 (9.30 MB/s) - `code/../crawls/starwoodhotels.com/Privacy-Policy/raw/www.starwoodhotels.com/js/calendar.do?v=153868ebc01db93a599a8517962690a4' saved [149029]

--2013-04-03 05:18:53--  http://www.starwoodhotels.com/corporate/js/chat/chat.do?v=153868ebc01db93a599a8517962690a4
Reusing existing connection to www.starwoodhotels.com:80.
HTTP request sent, awaiting response... 200 OK
Length: 9648 (9.4K) [text/javascript]
Saving to: `code/../crawls/starwoodhotels.com/Privacy-Policy/raw/www.starwoodhotels.com/corporate/js/chat/chat.do?v=153868ebc01db93a599a8517962690a4'

     0K .........                                             100% 17.4M=0.001s

2013-04-03 05:18:53 (17.4 MB/s) - `code/../crawls/starwoodhotels.com/Privacy-Policy/raw/www.starwoodhotels.com/corporate/js/chat/chat.do?v=153868ebc01db93a599a8517962690a4' saved [9648/9648]

--2013-04-03 05:18:53--  http://www.starwoodhotels.com/en_US/Media/ICO/Corp/corp.ico
Reusing existing connection to www.starwoodhotels.com:80.
HTTP request sent, awaiting response... 200 OK
Length: 1150 (1.1K) [image/x-icon]
Saving to: `code/../crawls/starwoodhotels.com/Privacy-Policy/raw/www.starwoodhotels.com/en_US/Media/ICO/Corp/corp.ico'

     0K .                                                     100%  168M=0s

2013-04-03 05:18:53 (168 MB/s) - `code/../crawls/starwoodhotels.com/Privacy-Policy/raw/www.starwoodhotels.com/en_US/Media/ICO/Corp/corp.ico' saved [1150/1150]

--2013-04-03 05:18:53--  http://static.atgsvcs.com/js/atgsvcs.js
Resolving static.atgsvcs.com... 23.56.124.9
Connecting to static.atgsvcs.com|23.56.124.9|:80... connected.
HTTP request sent, awaiting response... 200 OK
Length: unspecified [application/x-javascript]
Saving to: `code/../crawls/starwoodhotels.com/Privacy-Policy/raw/static.atgsvcs.com/js/atgsvcs.js'

     0K .......... .......... .......... .......... .......... 6.23M
    50K .......... .......... ....                             6.43M=0.01s

2013-04-03 05:18:54 (6.29 MB/s) - `code/../crawls/starwoodhotels.com/Privacy-Policy/raw/static.atgsvcs.com/js/atgsvcs.js' saved [76784]

--2013-04-03 05:18:54--  http://www.starwoodhotels.com/en_US/Media/Graphics/Corporate/Images/Banner/header-guest.jpg
Connecting to www.starwoodhotels.com|23.56.123.169|:80... connected.
HTTP request sent, awaiting response... 200 OK
Length: 8523 (8.3K) [image/jpeg]
Saving to: `code/../crawls/starwoodhotels.com/Privacy-Policy/raw/www.starwoodhotels.com/en_US/Media/Graphics/Corporate/Images/Banner/header-guest.jpg'

     0K ........                                              100% 1.70M=0.005s

2013-04-03 05:18:54 (1.70 MB/s) - `code/../crawls/starwoodhotels.com/Privacy-Policy/raw/www.starwoodhotels.com/en_US/Media/Graphics/Corporate/Images/Banner/header-guest.jpg' saved [8523/8523]

--2013-04-03 05:18:54--  http://www.starwoodhotels.com/corporate/images/logos/corpLogo.png
Reusing existing connection to www.starwoodhotels.com:80.
HTTP request sent, awaiting response... 200 OK
Length: 4501 (4.4K) [image/png]
Saving to: `code/../crawls/starwoodhotels.com/Privacy-Policy/raw/www.starwoodhotels.com/corporate/images/logos/corpLogo.png'

     0K ....                                                  100% 46.1M=0s

2013-04-03 05:18:54 (46.1 MB/s) - `code/../crawls/starwoodhotels.com/Privacy-Policy/raw/www.starwoodhotels.com/corporate/images/logos/corpLogo.png' saved [4501/4501]

--2013-04-03 05:18:54--  http://www.starwoodhotels.com/en_US/Media/Graphics/BRG/images/Brg_CORP_Footer.png
Reusing existing connection to www.starwoodhotels.com:80.
HTTP request sent, awaiting response... 200 OK
Length: 2137 (2.1K) [image/png]
Saving to: `code/../crawls/starwoodhotels.com/Privacy-Policy/raw/www.starwoodhotels.com/en_US/Media/Graphics/BRG/images/Brg_CORP_Footer.png'

     0K ..                                                    100%  298M=0s

2013-04-03 05:18:54 (298 MB/s) - `code/../crawls/starwoodhotels.com/Privacy-Policy/raw/www.starwoodhotels.com/en_US/Media/Graphics/BRG/images/Brg_CORP_Footer.png' saved [2137/2137]

--2013-04-03 05:18:54--  http://www.starwoodhotels.com/Media/Graphics/Common/logos/SocialMedia/youtube_footer.png
Reusing existing connection to www.starwoodhotels.com:80.
HTTP request sent, awaiting response... 200 OK
Length: 1279 (1.2K) [image/png]
Saving to: `code/../crawls/starwoodhotels.com/Privacy-Policy/raw/www.starwoodhotels.com/Media/Graphics/Common/logos/SocialMedia/youtube_footer.png'

     0K .                                                     100%  178M=0s

2013-04-03 05:18:54 (178 MB/s) - `code/../crawls/starwoodhotels.com/Privacy-Policy/raw/www.starwoodhotels.com/Media/Graphics/Common/logos/SocialMedia/youtube_footer.png' saved [1279/1279]

The name is too long, 760 chars total.
Trying to shorten...
New name is 0?pageName=en_US%3ACORP%3AnoID%3AAbout%3ALegal%3APrivacy&server=phxchlpas07.ssd.star%3AWEB-P-Res-B-PHXCHLPAS07-6092&ch=Branded+.
The name is too long, 760 chars total.
Trying to shorten...
New name is 0?pageName=en_US%3ACORP%3AnoID%3AAbout%3ALegal%3APrivacy&server=phxchlpas07.ssd.star%3AWEB-P-Res-B-PHXCHLPAS07-6092&ch=Branded+.
--2013-04-03 05:18:54--  http://metrics.starwoodhotels.com/b/ss/swhstarwoodver2/1/H.24.1--NS/0?pageName=en_US%3ACORP%3AnoID%3AAbout%3ALegal%3APrivacy&server=phxchlpas07.ssd.star%3AWEB-P-Res-B-PHXCHLPAS07-6092&ch=Branded+Websites&ce=UTF-8&c1=noID&c2=CORP&c3=en_US&c4=&c5=&c6=&c7=&c8=CORP%3Aen_US&c9=About&c10=About%3ALegal&c11=About%3ALegal%3APrivacy&c12=&c13=CORP%3AAbout&c14=CORP%3AAbout%3ALegal&c15=CORP%3AAbout%3ALegal%3APrivacy&c17=en_US%3AAbout&c18=en_US%3AAbout%3ALegal&c19=en_US%3AAbout%3ALegal%3APrivacy&c21=CORP%3Aen_US%3AAbout&c22=CORP%3Aen_US%3AAbout%3ALegal&c25=noID%3AAbout%3ALegal&c26=noID%3AAbout%3ALegal%3APrivacy&c28=Non-SPG+%28%29&c29=&c30=&c31=Y&c32=noID%3Aen_US%3AAbout%3ALegal&c33=&c35=&c37=&c41=&c48=&c55=&c56=&events=&products=&v0=&v21=&v30=&v31=&v35=&v36=%7C%7C&v26=Y&v37=&v38=&c46=CORP%3AAboutLegal%3AG&v46=CORP%3AAboutLegal%3AG
Resolving metrics.starwoodhotels.com... 66.235.138.59, 66.235.139.110, 66.235.139.118, ...
Connecting to metrics.starwoodhotels.com|66.235.138.59|:80... connected.
HTTP request sent, awaiting response... 302 Found
Location: http://metrics.starwoodhotels.com/b/ss/swhstarwoodver2/1/H.24.1--NS/0?AQB=1&pccr=true&vidn=28AE0F1705162750-6000018300110C13&pageName=en_US%3ACORP%3AnoID%3AAbout%3ALegal%3APrivacy&server=phxchlpas07.ssd.star%3AWEB-P-Res-B-PHXCHLPAS07-6092&ch=Branded+Websites&ce=UTF-8&c1=noID&c2=CORP&c3=en_US&c4=&c5=&c6=&c7=&c8=CORP%3Aen_US&c9=About&c10=About%3ALegal&c11=About%3ALegal%3APrivacy&c12=&c13=CORP%3AAbout&c14=CORP%3AAbout%3ALegal&c15=CORP%3AAbout%3ALegal%3APrivacy&c17=en_US%3AAbout&c18=en_US%3AAbout%3ALegal&c19=en_US%3AAbout%3ALegal%3APrivacy&c21=CORP%3Aen_US%3AAbout&c22=CORP%3Aen_US%3AAbout%3ALegal&c25=noID%3AAbout%3ALegal&c26=noID%3AAbout%3ALegal%3APrivacy&c28=Non-SPG+%28%29&c29=&c30=&c31=Y&c32=noID%3Aen_US%3AAbout%3ALegal&c33=&c35=&c37=&c41=&c48=&c55=&c56=&events=&products=&v0=&v21=&v30=&v31=&v35=&v36=%7C%7C&v26=Y&v37=&v38=&c46=CORP%3AAboutLegal%3AG&v46=CORP%3AAboutLegal%3AG&AQE=1 [following]
The name is too long, 760 chars total.
Trying to shorten...
New name is 0?pageName=en_US%3ACORP%3AnoID%3AAbout%3ALegal%3APrivacy&server=phxchlpas07.ssd.star%3AWEB-P-Res-B-PHXCHLPAS07-6092&ch=Branded+.
The name is too long, 760 chars total.
Trying to shorten...
New name is 0?pageName=en_US%3ACORP%3AnoID%3AAbout%3ALegal%3APrivacy&server=phxchlpas07.ssd.star%3AWEB-P-Res-B-PHXCHLPAS07-6092&ch=Branded+.
--2013-04-03 05:18:54--  http://metrics.starwoodhotels.com/b/ss/swhstarwoodver2/1/H.24.1--NS/0?AQB=1&pccr=true&vidn=28AE0F1705162750-6000018300110C13&pageName=en_US%3ACORP%3AnoID%3AAbout%3ALegal%3APrivacy&server=phxchlpas07.ssd.star%3AWEB-P-Res-B-PHXCHLPAS07-6092&ch=Branded+Websites&ce=UTF-8&c1=noID&c2=CORP&c3=en_US&c4=&c5=&c6=&c7=&c8=CORP%3Aen_US&c9=About&c10=About%3ALegal&c11=About%3ALegal%3APrivacy&c12=&c13=CORP%3AAbout&c14=CORP%3AAbout%3ALegal&c15=CORP%3AAbout%3ALegal%3APrivacy&c17=en_US%3AAbout&c18=en_US%3AAbout%3ALegal&c19=en_US%3AAbout%3ALegal%3APrivacy&c21=CORP%3Aen_US%3AAbout&c22=CORP%3Aen_US%3AAbout%3ALegal&c25=noID%3AAbout%3ALegal&c26=noID%3AAbout%3ALegal%3APrivacy&c28=Non-SPG+%28%29&c29=&c30=&c31=Y&c32=noID%3Aen_US%3AAbout%3ALegal&c33=&c35=&c37=&c41=&c48=&c55=&c56=&events=&products=&v0=&v21=&v30=&v31=&v35=&v36=%7C%7C&v26=Y&v37=&v38=&c46=CORP%3AAboutLegal%3AG&v46=CORP%3AAboutLegal%3AG&AQE=1
Reusing existing connection to metrics.starwoodhotels.com:80.
HTTP request sent, awaiting response... 200 OK
Length: 43 [image/gif]
Saving to: `code/../crawls/starwoodhotels.com/Privacy-Policy/raw/metrics.starwoodhotels.com/b/ss/swhstarwoodver2/1/H.24.1--NS/0?pageName=en_US%3ACORP%3AnoID%3AAbout%3ALegal%3APrivacy&server=phxchlpas07.ssd.star%3AWEB-P-Res-B-PHXCHLPAS07-6092&ch=Branded+'

     0K                                                       100% 7.30M=0s

2013-04-03 05:18:54 (7.30 MB/s) - `code/../crawls/starwoodhotels.com/Privacy-Policy/raw/metrics.starwoodhotels.com/b/ss/swhstarwoodver2/1/H.24.1--NS/0?pageName=en_US%3ACORP%3AnoID%3AAbout%3ALegal%3APrivacy&server=phxchlpas07.ssd.star%3AWEB-P-Res-B-PHXCHLPAS07-6092&ch=Branded+' saved [43/43]

--2013-04-03 05:18:54--  http://s.thebrighttag.com/iframe?c=REqL8dD
Resolving s.thebrighttag.com... 50.18.173.83, 50.18.173.48
Connecting to s.thebrighttag.com|50.18.173.83|:80... connected.
HTTP request sent, awaiting response... 200 OK
Length: 80 [text/html]
Saving to: `code/../crawls/starwoodhotels.com/Privacy-Policy/raw/s.thebrighttag.com/iframe?c=REqL8dD.html'

     0K                                                       100% 13.3M=0s

2013-04-03 05:18:54 (13.3 MB/s) - `code/../crawls/starwoodhotels.com/Privacy-Policy/raw/s.thebrighttag.com/iframe?c=REqL8dD.html' saved [80/80]

--2013-04-03 05:18:54--  http://www.starwoodhotels.com/common/js/online_opinion_v5/js/oo_conf_optin.js?v=153868ebc01db93a599a8517962690a4
Connecting to www.starwoodhotels.com|23.56.123.169|:80... connected.
HTTP request sent, awaiting response... 200 OK
Length: 668 [application/x-javascript]
Saving to: `code/../crawls/starwoodhotels.com/Privacy-Policy/raw/www.starwoodhotels.com/common/js/online_opinion_v5/js/oo_conf_optin.js?v=153868ebc01db93a599a8517962690a4'

     0K                                                       100%  104M=0s

2013-04-03 05:18:54 (104 MB/s) - `code/../crawls/starwoodhotels.com/Privacy-Policy/raw/www.starwoodhotels.com/common/js/online_opinion_v5/js/oo_conf_optin.js?v=153868ebc01db93a599a8517962690a4' saved [668/668]

--2013-04-03 05:18:54--  http://www.starwoodhotels.com/common/js/browserUpdateNotify.js
Reusing existing connection to www.starwoodhotels.com:80.
HTTP request sent, awaiting response... 200 OK
Length: 1157 (1.1K) [application/x-javascript]
Saving to: `code/../crawls/starwoodhotels.com/Privacy-Policy/raw/www.starwoodhotels.com/common/js/browserUpdateNotify.js'

     0K .                                                     100%  162M=0s

2013-04-03 05:18:54 (162 MB/s) - `code/../crawls/starwoodhotels.com/Privacy-Policy/raw/www.starwoodhotels.com/common/js/browserUpdateNotify.js' saved [1157/1157]

--2013-04-03 05:18:54--  http://www.starwoodhotels.com/common/fonts/corporate/7de6b03f-1298-4bc2-89af-9d9da594008d.eot?iefix
Reusing existing connection to www.starwoodhotels.com:80.
HTTP request sent, awaiting response... 200 OK
Length: unspecified [text/plain]
Saving to: `code/../crawls/starwoodhotels.com/Privacy-Policy/raw/www.starwoodhotels.com/common/fonts/corporate/7de6b03f-1298-4bc2-89af-9d9da594008d.eot?iefix'

     0K .......... .......... .......... .......... .......... 6.68M
    50K .......... .......... .......... .......... .......... 6.16M
   100K .......... ..........                                  11.4M=0.02s

2013-04-03 05:18:54 (6.93 MB/s) - `code/../crawls/starwoodhotels.com/Privacy-Policy/raw/www.starwoodhotels.com/common/fonts/corporate/7de6b03f-1298-4bc2-89af-9d9da594008d.eot?iefix' saved [123524]

--2013-04-03 05:18:54--  http://www.starwoodhotels.com/woff/render_woff.do?font=corporate/42aacb2f-222e-46f5-a95a-1c22948ee0d1.woff
Reusing existing connection to www.starwoodhotels.com:80.
HTTP request sent, awaiting response... 200 OK
Length: 52240 (51K) [application/x-font-woff]
Saving to: `code/../crawls/starwoodhotels.com/Privacy-Policy/raw/www.starwoodhotels.com/woff/render_woff.do?font=corporate%2F42aacb2f-222e-46f5-a95a-1c22948ee0d1.woff'

     0K .......... .......... .......... .......... .......... 98% 8.52M 0s
    50K .                                                     100% 1937G=0.006s

2013-04-03 05:18:54 (8.70 MB/s) - `code/../crawls/starwoodhotels.com/Privacy-Policy/raw/www.starwoodhotels.com/woff/render_woff.do?font=corporate%2F42aacb2f-222e-46f5-a95a-1c22948ee0d1.woff' saved [52240/52240]

--2013-04-03 05:18:54--  http://www.starwoodhotels.com/common/fonts/corporate/5405647d-099e-47f7-9d4a-f8692e57a206.svg
Reusing existing connection to www.starwoodhotels.com:80.
HTTP request sent, awaiting response... 200 OK
Length: unspecified [text/plain]
Saving to: `code/../crawls/starwoodhotels.com/Privacy-Policy/raw/www.starwoodhotels.com/common/fonts/corporate/5405647d-099e-47f7-9d4a-f8692e57a206.svg'

     0K .......... .......... .......... .......... .......... 10.9M
    50K .......... .......... ......                           9.20M=0.007s

2013-04-03 05:18:54 (10.2 MB/s) - `code/../crawls/starwoodhotels.com/Privacy-Policy/raw/www.starwoodhotels.com/common/fonts/corporate/5405647d-099e-47f7-9d4a-f8692e57a206.svg' saved [78613]

--2013-04-03 05:18:54--  http://www.starwoodhotels.com/common/fonts/corporate/ecaa98fe-425a-42de-846b-c235f0dbc449.eot?iefix
Reusing existing connection to www.starwoodhotels.com:80.
HTTP request sent, awaiting response... 200 OK
Length: unspecified [text/plain]
Saving to: `code/../crawls/starwoodhotels.com/Privacy-Policy/raw/www.starwoodhotels.com/common/fonts/corporate/ecaa98fe-425a-42de-846b-c235f0dbc449.eot?iefix'

     0K .......... .......... .......... .......... .......... 8.23M
    50K .......... .......... .......... .......... .......... 8.66M
   100K .......... .......... .....                            11.0M=0.01s

2013-04-03 05:18:54 (8.86 MB/s) - `code/../crawls/starwoodhotels.com/Privacy-Policy/raw/www.starwoodhotels.com/common/fonts/corporate/ecaa98fe-425a-42de-846b-c235f0dbc449.eot?iefix' saved [128874]

--2013-04-03 05:18:54--  http://www.starwoodhotels.com/woff/render_woff.do?font=corporate/842088d0-1ae2-40d0-8561-3c95761ba7a6.woff
Reusing existing connection to www.starwoodhotels.com:80.
HTTP request sent, awaiting response... 200 OK
Length: 54796 (54K) [application/x-font-woff]
Saving to: `code/../crawls/starwoodhotels.com/Privacy-Policy/raw/www.starwoodhotels.com/woff/render_woff.do?font=corporate%2F842088d0-1ae2-40d0-8561-3c95761ba7a6.woff'

     0K .......... .......... .......... .......... .......... 93% 10.5M 0s
    50K ...                                                   100% 13.6M=0.005s

2013-04-03 05:18:54 (10.6 MB/s) - `code/../crawls/starwoodhotels.com/Privacy-Policy/raw/www.starwoodhotels.com/woff/render_woff.do?font=corporate%2F842088d0-1ae2-40d0-8561-3c95761ba7a6.woff' saved [54796/54796]

--2013-04-03 05:18:54--  http://www.starwoodhotels.com/common/fonts/corporate/6cd480d1-47d0-48b4-86bd-283db2cb9235.svg
Reusing existing connection to www.starwoodhotels.com:80.
HTTP request sent, awaiting response... 200 OK
Length: unspecified [text/plain]
Saving to: `code/../crawls/starwoodhotels.com/Privacy-Policy/raw/www.starwoodhotels.com/common/fonts/corporate/6cd480d1-47d0-48b4-86bd-283db2cb9235.svg'

     0K .......... .......... .......... .......... .......... 11.0M
    50K .......... .......... .......... ..                    11.3M=0.007s

2013-04-03 05:18:54 (11.1 MB/s) - `code/../crawls/starwoodhotels.com/Privacy-Policy/raw/www.starwoodhotels.com/common/fonts/corporate/6cd480d1-47d0-48b4-86bd-283db2cb9235.svg' saved [83971]

--2013-04-03 05:18:54--  http://www.starwoodhotels.com/common/fonts/corporate/3a605871-b94d-4161-a394-bb2cfc975df7.eot?iefix
Reusing existing connection to www.starwoodhotels.com:80.
HTTP request sent, awaiting response... 200 OK
Length: unspecified [text/plain]
Saving to: `code/../crawls/starwoodhotels.com/Privacy-Policy/raw/www.starwoodhotels.com/common/fonts/corporate/3a605871-b94d-4161-a394-bb2cfc975df7.eot?iefix'

     0K .......... .......... .......... .......... .......... 10.9M
    50K .......... .......... .......... .......... .....      10.3M=0.009s

2013-04-03 05:18:54 (10.6 MB/s) - `code/../crawls/starwoodhotels.com/Privacy-Policy/raw/www.starwoodhotels.com/common/fonts/corporate/3a605871-b94d-4161-a394-bb2cfc975df7.eot?iefix' saved [98228]

--2013-04-03 05:18:54--  http://www.starwoodhotels.com/woff/render_woff.do?font=corporate/aef05e22-e1d4-4e59-bc2e-a71c13c26cca.woff
Reusing existing connection to www.starwoodhotels.com:80.
HTTP request sent, awaiting response... 200 OK
Length: 43248 (42K) [application/x-font-woff]
Saving to: `code/../crawls/starwoodhotels.com/Privacy-Policy/raw/www.starwoodhotels.com/woff/render_woff.do?font=corporate%2Faef05e22-e1d4-4e59-bc2e-a71c13c26cca.woff'

     0K .......... .......... .......... .......... ..        100% 11.3M=0.004s

2013-04-03 05:18:54 (11.3 MB/s) - `code/../crawls/starwoodhotels.com/Privacy-Policy/raw/www.starwoodhotels.com/woff/render_woff.do?font=corporate%2Faef05e22-e1d4-4e59-bc2e-a71c13c26cca.woff' saved [43248/43248]

--2013-04-03 05:18:54--  http://www.starwoodhotels.com/common/fonts/corporate/5ab0c585-fb4b-43d9-abb0-b92f452b1284.svg
Reusing existing connection to www.starwoodhotels.com:80.
HTTP request sent, awaiting response... 200 OK
Length: unspecified [text/plain]
Saving to: `code/../crawls/starwoodhotels.com/Privacy-Policy/raw/www.starwoodhotels.com/common/fonts/corporate/5ab0c585-fb4b-43d9-abb0-b92f452b1284.svg'

     0K .......... .......... .......... .......... .......... 10.1M
    50K .......... .......... .......... ......                9.61M=0.009s

2013-04-03 05:18:54 (9.91 MB/s) - `code/../crawls/starwoodhotels.com/Privacy-Policy/raw/www.starwoodhotels.com/common/fonts/corporate/5ab0c585-fb4b-43d9-abb0-b92f452b1284.svg' saved [88389]

--2013-04-03 05:18:54--  http://www.starwoodhotels.com/common/fonts/corporate/83d5bc89-af33-46a9-8fe3-15d87784f50e.eot?iefix
Reusing existing connection to www.starwoodhotels.com:80.
HTTP request sent, awaiting response... 200 OK
Length: unspecified [text/plain]
Saving to: `code/../crawls/starwoodhotels.com/Privacy-Policy/raw/www.starwoodhotels.com/common/fonts/corporate/83d5bc89-af33-46a9-8fe3-15d87784f50e.eot?iefix'

     0K .......... .......... .......... .......... .......... 9.42M
    50K .......... .......... .......... .......               8.17M=0.01s

2013-04-03 05:18:54 (8.84 MB/s) - `code/../crawls/starwoodhotels.com/Privacy-Policy/raw/www.starwoodhotels.com/common/fonts/corporate/83d5bc89-af33-46a9-8fe3-15d87784f50e.eot?iefix' saved [90048]

--2013-04-03 05:18:54--  http://www.starwoodhotels.com/woff/render_woff.do?font=corporate/102ab74c-0e84-4fe5-a17a-b20fb643591a.woff
Reusing existing connection to www.starwoodhotels.com:80.
HTTP request sent, awaiting response... 200 OK
Length: 39772 (39K) [application/x-font-woff]
Saving to: `code/../crawls/starwoodhotels.com/Privacy-Policy/raw/www.starwoodhotels.com/woff/render_woff.do?font=corporate%2F102ab74c-0e84-4fe5-a17a-b20fb643591a.woff'

     0K .......... .......... .......... ........             100% 11.6M=0.003s

2013-04-03 05:18:54 (11.6 MB/s) - `code/../crawls/starwoodhotels.com/Privacy-Policy/raw/www.starwoodhotels.com/woff/render_woff.do?font=corporate%2F102ab74c-0e84-4fe5-a17a-b20fb643591a.woff' saved [39772/39772]

--2013-04-03 05:18:54--  http://www.starwoodhotels.com/common/fonts/corporate/d90b3358-e1e2-4abb-ba96-356983a54c22.svg
Reusing existing connection to www.starwoodhotels.com:80.
HTTP request sent, awaiting response... 200 OK
Length: unspecified [text/plain]
Saving to: `code/../crawls/starwoodhotels.com/Privacy-Policy/raw/www.starwoodhotels.com/common/fonts/corporate/d90b3358-e1e2-4abb-ba96-356983a54c22.svg'

     0K .......... .......... .......... .......... .......... 11.1M
    50K .......... .......... .......... .                     9.43M=0.008s

2013-04-03 05:18:54 (10.4 MB/s) - `code/../crawls/starwoodhotels.com/Privacy-Policy/raw/www.starwoodhotels.com/common/fonts/corporate/d90b3358-e1e2-4abb-ba96-356983a54c22.svg' saved [83045]

--2013-04-03 05:18:54--  http://www.starwoodhotels.com/corporate/css/close12_1.gif
Reusing existing connection to www.starwoodhotels.com:80.
HTTP request sent, awaiting response... 302 Moved Temporarily
Location: http://ak1.abmr.net/is/www.starwoodhotels.com?U=/corporate/css/close12_1.gif&V=3-pn9r4eEFUq4QTBAjSJk%2fhRO4ZuBWHMGFmyqHv6O5vMnHSZ84mOibuxXOl4+VUPtk&I=8CEAA8AE14C9CE5&D=starwoodhotels.com&01AD=1& [following]
--2013-04-03 05:18:54--  http://ak1.abmr.net/is/www.starwoodhotels.com?U=/corporate/css/close12_1.gif&V=3-pn9r4eEFUq4QTBAjSJk%2fhRO4ZuBWHMGFmyqHv6O5vMnHSZ84mOibuxXOl4+VUPtk&I=8CEAA8AE14C9CE5&D=starwoodhotels.com&01AD=1&
Resolving ak1.abmr.net... 23.61.194.225, 23.61.194.178
Connecting to ak1.abmr.net|23.61.194.225|:80... connected.
HTTP request sent, awaiting response... 302 Moved Temporarily
Location: http://www.starwoodhotels.com/corporate/css/close12_1.gif?01AD=33F17OJx7FEum46IzXiC1963GOOB2ivLbhmBQ04o9IQcD8iK6mVIgqg&01RI=8CEAA8AE14C9CE5&01NA=na [following]
--2013-04-03 05:18:54--  http://www.starwoodhotels.com/corporate/css/close12_1.gif?01AD=33F17OJx7FEum46IzXiC1963GOOB2ivLbhmBQ04o9IQcD8iK6mVIgqg&01RI=8CEAA8AE14C9CE5&01NA=na
Connecting to www.starwoodhotels.com|23.56.123.169|:80... connected.
HTTP request sent, awaiting response... 404 Not Found
2013-04-03 05:18:54 ERROR 404: Not Found.

--2013-04-03 05:18:54--  http://www.starwoodhotels.com/corporate/css/blck16_1.gif
Reusing existing connection to www.starwoodhotels.com:80.
HTTP request sent, awaiting response... 302 Moved Temporarily
Location: http://ak1.abmr.net/is/www.starwoodhotels.com?U=/corporate/css/blck16_1.gif&V=3-oL4iGP1yjwz3Z7XOrlfz0SPY6GFNK4Xncrw2j8MyonSIySdE7hL90HnvvOWRPmeu&I=167CF704D506344&D=starwoodhotels.com&01AD=1& [following]
--2013-04-03 05:18:54--  http://ak1.abmr.net/is/www.starwoodhotels.com?U=/corporate/css/blck16_1.gif&V=3-oL4iGP1yjwz3Z7XOrlfz0SPY6GFNK4Xncrw2j8MyonSIySdE7hL90HnvvOWRPmeu&I=167CF704D506344&D=starwoodhotels.com&01AD=1&
Connecting to ak1.abmr.net|23.61.194.225|:80... connected.
HTTP request sent, awaiting response... 302 Moved Temporarily
Location: http://www.starwoodhotels.com/corporate/css/blck16_1.gif?01AD=3lbsmXeJsOF3-6foBwUwlxSMWcxQ2IO4eLQePbnv9MfXdkT4-26rPwg&01RI=167CF704D506344&01NA= [following]
--2013-04-03 05:18:54--  http://www.starwoodhotels.com/corporate/css/blck16_1.gif?01AD=3lbsmXeJsOF3-6foBwUwlxSMWcxQ2IO4eLQePbnv9MfXdkT4-26rPwg&01RI=167CF704D506344&01NA=
Connecting to www.starwoodhotels.com|23.56.123.169|:80... connected.
HTTP request sent, awaiting response... 404 Not Found
2013-04-03 05:18:54 ERROR 404: Not Found.

--2013-04-03 05:18:54--  http://www.starwoodhotels.com/corporate/css/alrt16_1.gif
Reusing existing connection to www.starwoodhotels.com:80.
HTTP request sent, awaiting response... 404 Not Found
2013-04-03 05:18:54 ERROR 404: Not Found.

--2013-04-03 05:18:54--  http://www.starwoodhotels.com/corporate/css/hlp16_1.gif
Reusing existing connection to www.starwoodhotels.com:80.
HTTP request sent, awaiting response... 404 Not Found
2013-04-03 05:18:54 ERROR 404: Not Found.

--2013-04-03 05:18:54--  http://www.starwoodhotels.com/corporate/css/info16_1.gif
Reusing existing connection to www.starwoodhotels.com:80.
HTTP request sent, awaiting response... 404 Not Found
2013-04-03 05:18:54 ERROR 404: Not Found.

--2013-04-03 05:18:54--  http://www.starwoodhotels.com/corporate/css/warn16_1.gif
Reusing existing connection to www.starwoodhotels.com:80.
HTTP request sent, awaiting response... 302 Moved Temporarily
Location: http://akamai.mathtag.com/event/img?akid=3lbsmXeJsOF3-6foBwUwlxSMWcxQ2IO4eLQePbnv9MfXdkT4-26rPwg&rurl=4-PPdyvcpgepJnmStKwY1yDLYUWmI2YCwEY+eq%2fFA65LydnX3c7Vml5nS2EaEaB7EjUnmTN2E4g%2fxOGd9ybVjRKOQK9jzXf1MSSU1V2FdGOQ5Unr6WRfTrMMub3PD9eSYgN3OjZUiMNRUH%2fooyo4k7p4LpMAnlU7fhey5KyQ2XmbLeLxmL19cRutptobgYyPb82EjbKEi1EJiSKba+ZLAmOoEVYDyqpRLybudpYgkRqL0bmGz4cu5BxEuHatArfeNETSSDgH4W3vc%3d&V=3-3rbaiYGzR+vhALnXCtVWuDZT3F+SKBAuocRfYtSDUd1k9lP6DIF1iHcU6Zn7zuRY [following]
--2013-04-03 05:18:54--  http://akamai.mathtag.com/event/img?akid=3lbsmXeJsOF3-6foBwUwlxSMWcxQ2IO4eLQePbnv9MfXdkT4-26rPwg&rurl=4-PPdyvcpgepJnmStKwY1yDLYUWmI2YCwEY+eq%2fFA65LydnX3c7Vml5nS2EaEaB7EjUnmTN2E4g%2fxOGd9ybVjRKOQK9jzXf1MSSU1V2FdGOQ5Unr6WRfTrMMub3PD9eSYgN3OjZUiMNRUH%2fooyo4k7p4LpMAnlU7fhey5KyQ2XmbLeLxmL19cRutptobgYyPb82EjbKEi1EJiSKba+ZLAmOoEVYDyqpRLybudpYgkRqL0bmGz4cu5BxEuHatArfeNETSSDgH4W3vc%3d&V=3-3rbaiYGzR+vhALnXCtVWuDZT3F+SKBAuocRfYtSDUd1k9lP6DIF1iHcU6Zn7zuRY
Resolving akamai.mathtag.com... 23.56.124.75
Connecting to akamai.mathtag.com|23.56.124.75|:80... connected.
HTTP request sent, awaiting response... 302 Moved Temporarily
Location: http://www.starwoodhotels.com/corporate/css/warn16_1.gif?01RI=EA33ED9B02D7B0A,cm:akamai.mathtag.com%2fevent%2fimg%3fakid%3d3lbsmXeJsOF3-6foBwUwlxSMWcxQ2IO4eLQePbnv9MfXdkT4-26rPwg&01NA=ck& [following]
--2013-04-03 05:18:54--  http://www.starwoodhotels.com/corporate/css/warn16_1.gif?01RI=EA33ED9B02D7B0A,cm:akamai.mathtag.com%2fevent%2fimg%3fakid%3d3lbsmXeJsOF3-6foBwUwlxSMWcxQ2IO4eLQePbnv9MfXdkT4-26rPwg&01NA=ck&
Connecting to www.starwoodhotels.com|23.56.123.169|:80... connected.
HTTP request sent, awaiting response... 404 Not Found
2013-04-03 05:18:54 ERROR 404: Not Found.

--2013-04-03 05:18:54--  http://www.starwoodhotels.com/corporate/css/tip16_1.gif
Reusing existing connection to www.starwoodhotels.com:80.
HTTP request sent, awaiting response... 404 Not Found
2013-04-03 05:18:54 ERROR 404: Not Found.

--2013-04-03 05:18:54--  http://www.starwoodhotels.com/common/js/lib/starwood/calendar/assets/previous.gif
Reusing existing connection to www.starwoodhotels.com:80.
HTTP request sent, awaiting response... 200 OK
Length: 53 [image/gif]
Saving to: `code/../crawls/starwoodhotels.com/Privacy-Policy/raw/www.starwoodhotels.com/common/js/lib/starwood/calendar/assets/previous.gif'

     0K                                                       100% 8.68M=0s

2013-04-03 05:18:54 (8.68 MB/s) - `code/../crawls/starwoodhotels.com/Privacy-Policy/raw/www.starwoodhotels.com/common/js/lib/starwood/calendar/assets/previous.gif' saved [53/53]

--2013-04-03 05:18:54--  http://www.starwoodhotels.com/common/js/lib/starwood/calendar/assets/next.gif
Reusing existing connection to www.starwoodhotels.com:80.
HTTP request sent, awaiting response... 200 OK
Length: 54 [image/gif]
Saving to: `code/../crawls/starwoodhotels.com/Privacy-Policy/raw/www.starwoodhotels.com/common/js/lib/starwood/calendar/assets/next.gif'

     0K                                                       100% 9.77M=0s

2013-04-03 05:18:54 (9.77 MB/s) - `code/../crawls/starwoodhotels.com/Privacy-Policy/raw/www.starwoodhotels.com/common/js/lib/starwood/calendar/assets/next.gif' saved [54/54]

--2013-04-03 05:18:54--  http://www.starwoodhotels.com/common/js/lib/starwood/calendar/assets/close.gif
Reusing existing connection to www.starwoodhotels.com:80.
HTTP request sent, awaiting response... 200 OK
Length: 67 [image/gif]
Saving to: `code/../crawls/starwoodhotels.com/Privacy-Policy/raw/www.starwoodhotels.com/common/js/lib/starwood/calendar/assets/close.gif'

     0K                                                       100% 12.3M=0s

2013-04-03 05:18:54 (12.3 MB/s) - `code/../crawls/starwoodhotels.com/Privacy-Policy/raw/www.starwoodhotels.com/common/js/lib/starwood/calendar/assets/close.gif' saved [67/67]

--2013-04-03 05:18:54--  http://www.starwoodhotels.com/preferredguest/images/calendar/spg_calendar_cells.gif
Reusing existing connection to www.starwoodhotels.com:80.
HTTP request sent, awaiting response... 200 OK
Length: 1697 (1.7K) [image/gif]
Saving to: `code/../crawls/starwoodhotels.com/Privacy-Policy/raw/www.starwoodhotels.com/preferredguest/images/calendar/spg_calendar_cells.gif'

     0K .                                                     100%  230M=0s

2013-04-03 05:18:54 (230 MB/s) - `code/../crawls/starwoodhotels.com/Privacy-Policy/raw/www.starwoodhotels.com/preferredguest/images/calendar/spg_calendar_cells.gif' saved [1697/1697]

--2013-04-03 05:18:54--  http://www.starwoodhotels.com/corporate/images/icons/arrowRightBlue.png
Reusing existing connection to www.starwoodhotels.com:80.
HTTP request sent, awaiting response... 200 OK
Length: 159 [image/png]
Saving to: `code/../crawls/starwoodhotels.com/Privacy-Policy/raw/www.starwoodhotels.com/corporate/images/icons/arrowRightBlue.png'

     0K                                                       100% 26.2M=0s

2013-04-03 05:18:54 (26.2 MB/s) - `code/../crawls/starwoodhotels.com/Privacy-Policy/raw/www.starwoodhotels.com/corporate/images/icons/arrowRightBlue.png' saved [159/159]

--2013-04-03 05:18:54--  http://www.starwoodhotels.com/fourpoints/images/icons/toolTipClose.png
Reusing existing connection to www.starwoodhotels.com:80.
HTTP request sent, awaiting response... 200 OK
Length: 234 [image/png]
Saving to: `code/../crawls/starwoodhotels.com/Privacy-Policy/raw/www.starwoodhotels.com/fourpoints/images/icons/toolTipClose.png'

     0K                                                       100% 40.4M=0s

2013-04-03 05:18:54 (40.4 MB/s) - `code/../crawls/starwoodhotels.com/Privacy-Policy/raw/www.starwoodhotels.com/fourpoints/images/icons/toolTipClose.png' saved [234/234]

--2013-04-03 05:18:54--  http://www.starwoodhotels.com/corporate/images/corporateSprite.png
Reusing existing connection to www.starwoodhotels.com:80.
HTTP request sent, awaiting response... 200 OK
Length: 6397 (6.2K) [image/png]
Saving to: `code/../crawls/starwoodhotels.com/Privacy-Policy/raw/www.starwoodhotels.com/corporate/images/corporateSprite.png'

     0K ......                                                100% 8.92M=0.001s

2013-04-03 05:18:54 (8.92 MB/s) - `code/../crawls/starwoodhotels.com/Privacy-Policy/raw/www.starwoodhotels.com/corporate/images/corporateSprite.png' saved [6397/6397]

--2013-04-03 05:18:54--  http://www.starwoodhotels.com/corporate/images/icons/arrowRightFFFFFF.png
Reusing existing connection to www.starwoodhotels.com:80.
HTTP request sent, awaiting response... 200 OK
Length: 155 [image/png]
Saving to: `code/../crawls/starwoodhotels.com/Privacy-Policy/raw/www.starwoodhotels.com/corporate/images/icons/arrowRightFFFFFF.png'

     0K                                                       100% 29.1M=0s

2013-04-03 05:18:54 (29.1 MB/s) - `code/../crawls/starwoodhotels.com/Privacy-Policy/raw/www.starwoodhotels.com/corporate/images/icons/arrowRightFFFFFF.png' saved [155/155]

--2013-04-03 05:18:54--  http://www.starwoodhotels.com/corporate/images/icons/globeIcon.png
Reusing existing connection to www.starwoodhotels.com:80.
HTTP request sent, awaiting response... 200 OK
Length: 1216 (1.2K) [image/png]
Saving to: `code/../crawls/starwoodhotels.com/Privacy-Policy/raw/www.starwoodhotels.com/corporate/images/icons/globeIcon.png'

     0K .                                                     100%  180M=0s

2013-04-03 05:18:54 (180 MB/s) - `code/../crawls/starwoodhotels.com/Privacy-Policy/raw/www.starwoodhotels.com/corporate/images/icons/globeIcon.png' saved [1216/1216]

--2013-04-03 05:18:54--  http://www.starwoodhotels.com/corporate/images/icons/globeIcon_hover.png
Reusing existing connection to www.starwoodhotels.com:80.
HTTP request sent, awaiting response... 200 OK
Length: 563 [image/png]
Saving to: `code/../crawls/starwoodhotels.com/Privacy-Policy/raw/www.starwoodhotels.com/corporate/images/icons/globeIcon_hover.png'

     0K                                                       100%  100M=0s

2013-04-03 05:18:54 (100 MB/s) - `code/../crawls/starwoodhotels.com/Privacy-Policy/raw/www.starwoodhotels.com/corporate/images/icons/globeIcon_hover.png' saved [563/563]

--2013-04-03 05:18:54--  http://www.starwoodhotels.com/corporate/images/homepage/brandLogos.png
Reusing existing connection to www.starwoodhotels.com:80.
HTTP request sent, awaiting response... 200 OK
Length: 18242 (18K) [image/png]
Saving to: `code/../crawls/starwoodhotels.com/Privacy-Policy/raw/www.starwoodhotels.com/corporate/images/homepage/brandLogos.png'

     0K .......... .......                                    100% 5.62M=0.003s

2013-04-03 05:18:54 (5.62 MB/s) - `code/../crawls/starwoodhotels.com/Privacy-Policy/raw/www.starwoodhotels.com/corporate/images/homepage/brandLogos.png' saved [18242/18242]

--2013-04-03 05:18:54--  http://www.starwoodhotels.com/corporate/images/homepage/brandLogosCH.png
Reusing existing connection to www.starwoodhotels.com:80.
HTTP request sent, awaiting response... 200 OK
Length: 32408 (32K) [image/png]
Saving to: `code/../crawls/starwoodhotels.com/Privacy-Policy/raw/www.starwoodhotels.com/corporate/images/homepage/brandLogosCH.png'

     0K .......... .......... .......... .                    100% 7.22M=0.004s

2013-04-03 05:18:54 (7.22 MB/s) - `code/../crawls/starwoodhotels.com/Privacy-Policy/raw/www.starwoodhotels.com/corporate/images/homepage/brandLogosCH.png' saved [32408/32408]

--2013-04-03 05:18:54--  http://www.starwoodhotels.com/corporate/images/icons/errorIcon.png
Reusing existing connection to www.starwoodhotels.com:80.
HTTP request sent, awaiting response... 200 OK
Length: 542 [image/png]
Saving to: `code/../crawls/starwoodhotels.com/Privacy-Policy/raw/www.starwoodhotels.com/corporate/images/icons/errorIcon.png'

     0K                                                       100% 97.1M=0s

2013-04-03 05:18:54 (97.1 MB/s) - `code/../crawls/starwoodhotels.com/Privacy-Policy/raw/www.starwoodhotels.com/corporate/images/icons/errorIcon.png' saved [542/542]

--2013-04-03 05:18:54--  http://www.starwoodhotels.com/corporate/images/icons/errorIconSmall.png
Reusing existing connection to www.starwoodhotels.com:80.
HTTP request sent, awaiting response... 200 OK
Length: 3239 (3.2K) [image/png]
Saving to: `code/../crawls/starwoodhotels.com/Privacy-Policy/raw/www.starwoodhotels.com/corporate/images/icons/errorIconSmall.png'

     0K ...                                                   100% 47.3M=0s

2013-04-03 05:18:54 (47.3 MB/s) - `code/../crawls/starwoodhotels.com/Privacy-Policy/raw/www.starwoodhotels.com/corporate/images/icons/errorIconSmall.png' saved [3239/3239]

--2013-04-03 05:18:54--  http://www.starwoodhotels.com/corporate/images/icons/arrowRight.gif
Reusing existing connection to www.starwoodhotels.com:80.
HTTP request sent, awaiting response... 200 OK
Length: 72 [image/gif]
Saving to: `code/../crawls/starwoodhotels.com/Privacy-Policy/raw/www.starwoodhotels.com/corporate/images/icons/arrowRight.gif'

     0K                                                       100% 13.8M=0s

2013-04-03 05:18:54 (13.8 MB/s) - `code/../crawls/starwoodhotels.com/Privacy-Policy/raw/www.starwoodhotels.com/corporate/images/icons/arrowRight.gif' saved [72/72]

--2013-04-03 05:18:54--  http://www.starwoodhotels.com/corporate/images/icons/arrowDown4882d0.png
Reusing existing connection to www.starwoodhotels.com:80.
HTTP request sent, awaiting response... 200 OK
Length: 174 [image/png]
Saving to: `code/../crawls/starwoodhotels.com/Privacy-Policy/raw/www.starwoodhotels.com/corporate/images/icons/arrowDown4882d0.png'

     0K                                                       100% 31.7M=0s

2013-04-03 05:18:54 (31.7 MB/s) - `code/../crawls/starwoodhotels.com/Privacy-Policy/raw/www.starwoodhotels.com/corporate/images/icons/arrowDown4882d0.png' saved [174/174]

--2013-04-03 05:18:54--  http://www.starwoodhotels.com/corporate/images/calendar/corp_calendar_cells.gif
Reusing existing connection to www.starwoodhotels.com:80.
HTTP request sent, awaiting response... 200 OK
Length: 1039 (1.0K) [image/gif]
Saving to: `code/../crawls/starwoodhotels.com/Privacy-Policy/raw/www.starwoodhotels.com/corporate/images/calendar/corp_calendar_cells.gif'

     0K .                                                     100%  168M=0s

2013-04-03 05:18:54 (168 MB/s) - `code/../crawls/starwoodhotels.com/Privacy-Policy/raw/www.starwoodhotels.com/corporate/images/calendar/corp_calendar_cells.gif' saved [1039/1039]

--2013-04-03 05:18:54--  http://www.starwoodhotels.com/corporate/images/searchBtnArrow.gif
Reusing existing connection to www.starwoodhotels.com:80.
HTTP request sent, awaiting response... 302 Moved Temporarily
Location: http://akamai.mathtag.com/event/img?akid=3lbsmXeJsOF3-6foBwUwlxSMWcxQ2IO4eLQePbnv9MfXdkT4-26rPwg&rurl=4-yMkO6TqvwvgDlP0qU%2fiFzjB4JEnjOo2zYWbTqX1XXwK8RCdly5L3oGhDqbQOacIGclYE4+ufq5lFOibPGRg+boUw+cZXRmLx7lXrE1J255eIrfoj08HD%2f+QE3IxEDJzmLOLDIaLUr6z19rj0QMqWQDRao2SWcXQYI8axa3iatPCE%2frySQ+Bp0BrVEPKGC%2fQ1kl5uIzjokyZ6sRoEFfUawJEIx7rFXkxmmnRQbQZ1x79UeBumVKUbcQ6IsY%2fHcqVORHa2Oc3kthtD1N3cPzZftQ%3d%3d&V=3-W3fj0FV1Kc1NunREDAaoxEGCb4DwJytn16cvRK9G0ijZNw5Spq1CttgxHltckbOe [following]
--2013-04-03 05:18:54--  http://akamai.mathtag.com/event/img?akid=3lbsmXeJsOF3-6foBwUwlxSMWcxQ2IO4eLQePbnv9MfXdkT4-26rPwg&rurl=4-yMkO6TqvwvgDlP0qU%2fiFzjB4JEnjOo2zYWbTqX1XXwK8RCdly5L3oGhDqbQOacIGclYE4+ufq5lFOibPGRg+boUw+cZXRmLx7lXrE1J255eIrfoj08HD%2f+QE3IxEDJzmLOLDIaLUr6z19rj0QMqWQDRao2SWcXQYI8axa3iatPCE%2frySQ+Bp0BrVEPKGC%2fQ1kl5uIzjokyZ6sRoEFfUawJEIx7rFXkxmmnRQbQZ1x79UeBumVKUbcQ6IsY%2fHcqVORHa2Oc3kthtD1N3cPzZftQ%3d%3d&V=3-W3fj0FV1Kc1NunREDAaoxEGCb4DwJytn16cvRK9G0ijZNw5Spq1CttgxHltckbOe
Connecting to akamai.mathtag.com|23.56.124.75|:80... connected.
HTTP request sent, awaiting response... 302 Moved Temporarily
Location: http://www.starwoodhotels.com/corporate/images/searchBtnArrow.gif?01RI=665DC7B8DB90390,cm:akamai.mathtag.com%2fevent%2fimg%3fakid%3d3lbsmXeJsOF3-6foBwUwlxSMWcxQ2IO4eLQePbnv9MfXdkT4-26rPwg&01NA=ck& [following]
--2013-04-03 05:18:54--  http://www.starwoodhotels.com/corporate/images/searchBtnArrow.gif?01RI=665DC7B8DB90390,cm:akamai.mathtag.com%2fevent%2fimg%3fakid%3d3lbsmXeJsOF3-6foBwUwlxSMWcxQ2IO4eLQePbnv9MfXdkT4-26rPwg&01NA=ck&
Connecting to www.starwoodhotels.com|23.56.123.169|:80... connected.
HTTP request sent, awaiting response... 200 OK
Length: 64 [image/gif]
Saving to: `code/../crawls/starwoodhotels.com/Privacy-Policy/raw/www.starwoodhotels.com/corporate/images/searchBtnArrow.gif'

     0K                                                       100% 11.1M=0s

2013-04-03 05:18:54 (11.1 MB/s) - `code/../crawls/starwoodhotels.com/Privacy-Policy/raw/www.starwoodhotels.com/corporate/images/searchBtnArrow.gif' saved [64/64]

--2013-04-03 05:18:54--  http://www.starwoodhotels.com/corporate/images/globalNavDivider.gif
Reusing existing connection to www.starwoodhotels.com:80.
HTTP request sent, awaiting response... 200 OK
Length: 45 [image/gif]
Saving to: `code/../crawls/starwoodhotels.com/Privacy-Policy/raw/www.starwoodhotels.com/corporate/images/globalNavDivider.gif'

     0K                                                       100% 7.99M=0s

2013-04-03 05:18:54 (7.99 MB/s) - `code/../crawls/starwoodhotels.com/Privacy-Policy/raw/www.starwoodhotels.com/corporate/images/globalNavDivider.gif' saved [45/45]

--2013-04-03 05:18:54--  http://www.starwoodhotels.com/corporate/images/secondaryNavDivider.gif
Reusing existing connection to www.starwoodhotels.com:80.
HTTP request sent, awaiting response... 200 OK
Length: 54 [image/gif]
Saving to: `code/../crawls/starwoodhotels.com/Privacy-Policy/raw/www.starwoodhotels.com/corporate/images/secondaryNavDivider.gif'

     0K                                                       100% 9.62M=0s

2013-04-03 05:18:54 (9.62 MB/s) - `code/../crawls/starwoodhotels.com/Privacy-Policy/raw/www.starwoodhotels.com/corporate/images/secondaryNavDivider.gif' saved [54/54]

--2013-04-03 05:18:54--  http://www.starwoodhotels.com/corporate/images/logos/spgLogo.png
Reusing existing connection to www.starwoodhotels.com:80.
HTTP request sent, awaiting response... 200 OK
Length: 2599 (2.5K) [image/png]
Saving to: `code/../crawls/starwoodhotels.com/Privacy-Policy/raw/www.starwoodhotels.com/corporate/images/logos/spgLogo.png'

     0K ..                                                    100% 38.8M=0s

2013-04-03 05:18:54 (38.8 MB/s) - `code/../crawls/starwoodhotels.com/Privacy-Policy/raw/www.starwoodhotels.com/corporate/images/logos/spgLogo.png' saved [2599/2599]

--2013-04-03 05:18:54--  http://www.starwoodhotels.com/corporate/images/logos/spgLogo_ch.png
Reusing existing connection to www.starwoodhotels.com:80.
HTTP request sent, awaiting response... 200 OK
Length: 3171 (3.1K) [image/png]
Saving to: `code/../crawls/starwoodhotels.com/Privacy-Policy/raw/www.starwoodhotels.com/corporate/images/logos/spgLogo_ch.png'

     0K ...                                                   100% 44.4M=0s

2013-04-03 05:18:54 (44.4 MB/s) - `code/../crawls/starwoodhotels.com/Privacy-Policy/raw/www.starwoodhotels.com/corporate/images/logos/spgLogo_ch.png' saved [3171/3171]

--2013-04-03 05:18:54--  http://www.starwoodhotels.com/common/images/logos/brandBars/chinese/corp_brandbar_ch.gif
Reusing existing connection to www.starwoodhotels.com:80.
HTTP request sent, awaiting response... 200 OK
Length: 7788 (7.6K) [image/gif]
Saving to: `code/../crawls/starwoodhotels.com/Privacy-Policy/raw/www.starwoodhotels.com/common/images/logos/brandBars/chinese/corp_brandbar_ch.gif'

     0K .......                                               100% 26.0M=0s

2013-04-03 05:18:54 (26.0 MB/s) - `code/../crawls/starwoodhotels.com/Privacy-Policy/raw/www.starwoodhotels.com/common/images/logos/brandBars/chinese/corp_brandbar_ch.gif' saved [7788/7788]

--2013-04-03 05:18:54--  http://www.starwoodhotels.com/common/images/logos/brandBars/corp_brandbar.gif
Reusing existing connection to www.starwoodhotels.com:80.
HTTP request sent, awaiting response... 200 OK
Length: 5745 (5.6K) [image/gif]
Saving to: `code/../crawls/starwoodhotels.com/Privacy-Policy/raw/www.starwoodhotels.com/common/images/logos/brandBars/corp_brandbar.gif'

     0K .....                                                 100% 17.5M=0s

2013-04-03 05:18:54 (17.5 MB/s) - `code/../crawls/starwoodhotels.com/Privacy-Policy/raw/www.starwoodhotels.com/common/images/logos/brandBars/corp_brandbar.gif' saved [5745/5745]

--2013-04-03 05:18:54--  http://www.starwoodhotels.com/corporate/images/icons/brgCheckMark.png
Reusing existing connection to www.starwoodhotels.com:80.
HTTP request sent, awaiting response... 200 OK
Length: 944 [image/png]
Saving to: `code/../crawls/starwoodhotels.com/Privacy-Policy/raw/www.starwoodhotels.com/corporate/images/icons/brgCheckMark.png'

     0K                                                       100%  146M=0s

2013-04-03 05:18:54 (146 MB/s) - `code/../crawls/starwoodhotels.com/Privacy-Policy/raw/www.starwoodhotels.com/corporate/images/icons/brgCheckMark.png' saved [944/944]

--2013-04-03 05:18:54--  http://www.starwoodhotels.com/common/js/online_opinion_v5/images/oo_float_icon.gif
Reusing existing connection to www.starwoodhotels.com:80.
HTTP request sent, awaiting response... 200 OK
Length: 1994 (1.9K) [image/gif]
Saving to: `code/../crawls/starwoodhotels.com/Privacy-Policy/raw/www.starwoodhotels.com/common/js/online_opinion_v5/images/oo_float_icon.gif'

     0K .                                                     100%  279M=0s

2013-04-03 05:18:54 (279 MB/s) - `code/../crawls/starwoodhotels.com/Privacy-Policy/raw/www.starwoodhotels.com/common/js/online_opinion_v5/images/oo_float_icon.gif' saved [1994/1994]

--2013-04-03 05:18:54--  http://www.starwoodhotels.com/common/js/online_opinion_v5/images/oo_white.gif
Reusing existing connection to www.starwoodhotels.com:80.
HTTP request sent, awaiting response... 200 OK
Length: 1994 (1.9K) [image/gif]
Saving to: `code/../crawls/starwoodhotels.com/Privacy-Policy/raw/www.starwoodhotels.com/common/js/online_opinion_v5/images/oo_white.gif'

     0K .                                                     100%  292M=0s

2013-04-03 05:18:55 (292 MB/s) - `code/../crawls/starwoodhotels.com/Privacy-Policy/raw/www.starwoodhotels.com/common/js/online_opinion_v5/images/oo_white.gif' saved [1994/1994]

--2013-04-03 05:18:55--  http://www.starwoodhotels.com/common/js/online_opinion_v5/images/oo_close.png
Reusing existing connection to www.starwoodhotels.com:80.
HTTP request sent, awaiting response... 200 OK
Length: 665 [image/png]
Saving to: `code/../crawls/starwoodhotels.com/Privacy-Policy/raw/www.starwoodhotels.com/common/js/online_opinion_v5/images/oo_close.png'

     0K                                                       100%  118M=0s

2013-04-03 05:18:55 (118 MB/s) - `code/../crawls/starwoodhotels.com/Privacy-Policy/raw/www.starwoodhotels.com/common/js/online_opinion_v5/images/oo_close.png' saved [665/665]

--2013-04-03 05:18:55--  http://www.starwoodhotels.com/common/js/online_opinion_v5/images/oo_shadow.png
Reusing existing connection to www.starwoodhotels.com:80.
HTTP request sent, awaiting response... 200 OK
Length: 1038 (1.0K) [image/png]
Saving to: `code/../crawls/starwoodhotels.com/Privacy-Policy/raw/www.starwoodhotels.com/common/js/online_opinion_v5/images/oo_shadow.png'

     0K .                                                     100%  154M=0s

2013-04-03 05:18:55 (154 MB/s) - `code/../crawls/starwoodhotels.com/Privacy-Policy/raw/www.starwoodhotels.com/common/js/online_opinion_v5/images/oo_shadow.png' saved [1038/1038]

--2013-04-03 05:18:55--  http://www.starwoodhotels.com/common/js/online_opinion_v5/images/oo_bar.png
Reusing existing connection to www.starwoodhotels.com:80.
HTTP request sent, awaiting response... 200 OK
Length: 203 [image/png]
Saving to: `code/../crawls/starwoodhotels.com/Privacy-Policy/raw/www.starwoodhotels.com/common/js/online_opinion_v5/images/oo_bar.png'

     0K                                                       100% 36.1M=0s

2013-04-03 05:18:55 (36.1 MB/s) - `code/../crawls/starwoodhotels.com/Privacy-Policy/raw/www.starwoodhotels.com/common/js/online_opinion_v5/images/oo_bar.png' saved [203/203]

--2013-04-03 05:18:55--  http://www.starwoodhotels.com/common/js/online_opinion_v5/images/oo_bar_icon.gif
Reusing existing connection to www.starwoodhotels.com:80.
HTTP request sent, awaiting response... 200 OK
Length: 1994 (1.9K) [image/gif]
Saving to: `code/../crawls/starwoodhotels.com/Privacy-Policy/raw/www.starwoodhotels.com/common/js/online_opinion_v5/images/oo_bar_icon.gif'

     0K .                                                     100%  280M=0s

2013-04-03 05:18:55 (280 MB/s) - `code/../crawls/starwoodhotels.com/Privacy-Policy/raw/www.starwoodhotels.com/common/js/online_opinion_v5/images/oo_bar_icon.gif' saved [1994/1994]

--2013-04-03 05:18:55--  http://www.starwoodhotels.com/common/js/online_opinion_v5/images/oo_tab.png
Reusing existing connection to www.starwoodhotels.com:80.
HTTP request sent, awaiting response... 200 OK
Length: 945 [image/png]
Saving to: `code/../crawls/starwoodhotels.com/Privacy-Policy/raw/www.starwoodhotels.com/common/js/online_opinion_v5/images/oo_tab.png'

     0K                                                       100%  153M=0s

2013-04-03 05:18:55 (153 MB/s) - `code/../crawls/starwoodhotels.com/Privacy-Policy/raw/www.starwoodhotels.com/common/js/online_opinion_v5/images/oo_tab.png' saved [945/945]

--2013-04-03 05:18:55--  http://www.starwoodhotels.com/common/js/online_opinion_v5/images/oo_tab_icon.gif
Reusing existing connection to www.starwoodhotels.com:80.
HTTP request sent, awaiting response... 200 OK
Length: 1785 (1.7K) [image/gif]
Saving to: `code/../crawls/starwoodhotels.com/Privacy-Policy/raw/www.starwoodhotels.com/common/js/online_opinion_v5/images/oo_tab_icon.gif'

     0K .                                                     100%  254M=0s

2013-04-03 05:18:55 (254 MB/s) - `code/../crawls/starwoodhotels.com/Privacy-Policy/raw/www.starwoodhotels.com/common/js/online_opinion_v5/images/oo_tab_icon.gif' saved [1785/1785]

--2013-04-03 05:18:55--  http://www.starwoodhotels.com/common/js/online_opinion_v5/images/oo_int_opinionlab.gif
Reusing existing connection to www.starwoodhotels.com:80.
HTTP request sent, awaiting response... 200 OK
Length: 1332 (1.3K) [image/gif]
Saving to: `code/../crawls/starwoodhotels.com/Privacy-Policy/raw/www.starwoodhotels.com/common/js/online_opinion_v5/images/oo_int_opinionlab.gif'

     0K .                                                     100%  193M=0s

2013-04-03 05:18:55 (193 MB/s) - `code/../crawls/starwoodhotels.com/Privacy-Policy/raw/www.starwoodhotels.com/common/js/online_opinion_v5/images/oo_int_opinionlab.gif' saved [1332/1332]

--2013-04-03 05:18:55--  http://www.starwoodhotels.com/common/js/online_opinion_v5/images/oo_loading.gif
Reusing existing connection to www.starwoodhotels.com:80.
HTTP request sent, awaiting response... 200 OK
Length: 5435 (5.3K) [image/gif]
Saving to: `code/../crawls/starwoodhotels.com/Privacy-Policy/raw/www.starwoodhotels.com/common/js/online_opinion_v5/images/oo_loading.gif'

     0K .....                                                 100% 16.8M=0s

2013-04-03 05:18:55 (16.8 MB/s) - `code/../crawls/starwoodhotels.com/Privacy-Policy/raw/www.starwoodhotels.com/common/js/online_opinion_v5/images/oo_loading.gif' saved [5435/5435]

--2013-04-03 05:18:55--  http://www.starwoodhotels.com/corporate/images/corp_btn_arrow.gif
Reusing existing connection to www.starwoodhotels.com:80.
HTTP request sent, awaiting response... 200 OK
Length: 96 [image/gif]
Saving to: `code/../crawls/starwoodhotels.com/Privacy-Policy/raw/www.starwoodhotels.com/corporate/images/corp_btn_arrow.gif'

     0K                                                       100% 17.6M=0s

2013-04-03 05:18:55 (17.6 MB/s) - `code/../crawls/starwoodhotels.com/Privacy-Policy/raw/www.starwoodhotels.com/corporate/images/corp_btn_arrow.gif' saved [96/96]

--2013-04-03 05:18:55--  http://www.starwoodhotels.com/corporate/images/leftArrow.gif
Reusing existing connection to www.starwoodhotels.com:80.
HTTP request sent, awaiting response... 200 OK
Length: 837 [image/gif]
Saving to: `code/../crawls/starwoodhotels.com/Privacy-Policy/raw/www.starwoodhotels.com/corporate/images/leftArrow.gif'

     0K                                                       100%  146M=0s

2013-04-03 05:18:55 (146 MB/s) - `code/../crawls/starwoodhotels.com/Privacy-Policy/raw/www.starwoodhotels.com/corporate/images/leftArrow.gif' saved [837/837]

--2013-04-03 05:18:55--  http://www.starwoodhotels.com/corporate/images/icons/arrowRightSpacer.png
Reusing existing connection to www.starwoodhotels.com:80.
HTTP request sent, awaiting response... 200 OK
Length: 130 [image/png]
Saving to: `code/../crawls/starwoodhotels.com/Privacy-Policy/raw/www.starwoodhotels.com/corporate/images/icons/arrowRightSpacer.png'

     0K                                                       100% 23.8M=0s

2013-04-03 05:18:55 (23.8 MB/s) - `code/../crawls/starwoodhotels.com/Privacy-Policy/raw/www.starwoodhotels.com/corporate/images/icons/arrowRightSpacer.png' saved [130/130]

--2013-04-03 05:18:55--  http://www.starwoodhotels.com/common/css/global/dhtmlSelectBox/dhtmlSelectBox.css
Reusing existing connection to www.starwoodhotels.com:80.
HTTP request sent, awaiting response... 200 OK
Length: 1183 (1.2K) [text/css]
Saving to: `code/../crawls/starwoodhotels.com/Privacy-Policy/raw/www.starwoodhotels.com/common/css/global/dhtmlSelectBox/dhtmlSelectBox.css'

     0K .                                                     100%  168M=0s

2013-04-03 05:18:55 (168 MB/s) - `code/../crawls/starwoodhotels.com/Privacy-Policy/raw/www.starwoodhotels.com/common/css/global/dhtmlSelectBox/dhtmlSelectBox.css' saved [1183/1183]

--2013-04-03 05:18:55--  http://www.starwoodhotels.com/corporate/images/selectBoxArrow.gif
Reusing existing connection to www.starwoodhotels.com:80.
HTTP request sent, awaiting response... 200 OK
Length: 49 [image/gif]
Saving to: `code/../crawls/starwoodhotels.com/Privacy-Policy/raw/www.starwoodhotels.com/corporate/images/selectBoxArrow.gif'

     0K                                                       100% 9.10M=0s

2013-04-03 05:18:55 (9.10 MB/s) - `code/../crawls/starwoodhotels.com/Privacy-Policy/raw/www.starwoodhotels.com/corporate/images/selectBoxArrow.gif' saved [49/49]

FINISHED --2013-04-03 05:18:55--
Total wall clock time: 1.7s
Downloaded: 71 files, 1.9M in 0.2s (9.06 MB/s)
Converting code/../crawls/starwoodhotels.com/Privacy-Policy/raw/www.starwoodhotels.com/corporate/privacy_policy.html... 51-69
Converting code/../crawls/starwoodhotels.com/Privacy-Policy/raw/s.thebrighttag.com/iframe?c=REqL8dD.html... nothing to do.
Converting code/../crawls/starwoodhotels.com/Privacy-Policy/raw/www.starwoodhotels.com/corporate/css/global/print.css?v=153868ebc01db93a599a8517962690a4.css... nothing to do.
Converting code/../crawls/starwoodhotels.com/Privacy-Policy/raw/www.starwoodhotels.com/common/css/global/dhtmlSelectBox/dhtmlSelectBox.css... nothing to do.
Converting code/../crawls/starwoodhotels.com/Privacy-Policy/raw/www.starwoodhotels.com/corporate/css/global/fonts.css?v=153868ebc01db93a599a8517962690a4.css... 16-0
Converting code/../crawls/starwoodhotels.com/Privacy-Policy/raw/www.starwoodhotels.com/corporate/css/local/terms/terms.css?v=153868ebc01db93a599a8517962690a4.css... nothing to do.
Converting code/../crawls/starwoodhotels.com/Privacy-Policy/raw/www.starwoodhotels.com/corporate/css/global_css.do?v=153868ebc01db93a599a8517962690a4.css... 72-7
Converting code/../crawls/starwoodhotels.com/Privacy-Policy/raw/www.starwoodhotels.com/corporate/css/layout/oneColumnLayout.css?v=153868ebc01db93a599a8517962690a4.css... nothing to do.
Converted 8 files in 0.01 seconds.
