--2012-10-29 05:16:00--  http://www.hotels.com/customer_care/privacy.html
Resolving www.hotels.com... 209.107.213.241, 209.107.213.239
Connecting to www.hotels.com|209.107.213.241|:80... connected.
HTTP request sent, awaiting response... 200 OK
Length: unspecified [text/html]
Saving to: `code/../crawls/hotels.com/Privacy-Policy/raw/www.hotels.com/customer_care/privacy.html'

     0K .......... .......... .......... .........             6.61M=0.006s

2012-10-29 05:16:00 (6.61 MB/s) - `code/../crawls/hotels.com/Privacy-Policy/raw/www.hotels.com/customer_care/privacy.html' saved [40378]

--2012-10-29 05:16:00--  http://a2.cdn-hotels.com/static/common/14.0/hcom-common-HCOM_US-www_hotels_com-en_US.css
Resolving a2.cdn-hotels.com... 23.45.87.48
Connecting to a2.cdn-hotels.com|23.45.87.48|:80... connected.
HTTP request sent, awaiting response... 200 OK
Length: unspecified [text/css]
Saving to: `code/../crawls/hotels.com/Privacy-Policy/raw/a2.cdn-hotels.com/static/common/14.0/hcom-common-HCOM_US-www_hotels_com-en_US.css'

     0K .......... .......... .......... .......... .......... 5.82M
    50K .......... .......... .......... .......... .......... 9.46M
   100K .......... .......... .......... .......... .......... 10.2M
   150K .......... .......... .......... .......... .......... 11.2M
   200K .......... .......... .......... ......                11.4M=0.03s

2012-10-29 05:16:00 (8.95 MB/s) - `code/../crawls/hotels.com/Privacy-Policy/raw/a2.cdn-hotels.com/static/common/14.0/hcom-common-HCOM_US-www_hotels_com-en_US.css' saved [242123]

--2012-10-29 05:16:00--  http://a2.cdn-hotels.com/static/common/14.0/hcom-customer_care-HCOM_US-www_hotels_com-en_US.css
Reusing existing connection to a2.cdn-hotels.com:80.
HTTP request sent, awaiting response... 200 OK
Length: unspecified [text/css]
Saving to: `code/../crawls/hotels.com/Privacy-Policy/raw/a2.cdn-hotels.com/static/common/14.0/hcom-customer_care-HCOM_US-www_hotels_com-en_US.css'

     0K .......... .......... .......... .......... .......... 8.70M
    50K .......... .......... .......... .......... .......... 6.02M
   100K .......... ...                                         9.11M=0.02s

2012-10-29 05:16:00 (7.32 MB/s) - `code/../crawls/hotels.com/Privacy-Policy/raw/a2.cdn-hotels.com/static/common/14.0/hcom-customer_care-HCOM_US-www_hotels_com-en_US.css' saved [116612]

--2012-10-29 05:16:00--  http://www.hotels.com/favicon_onebrand.ico
Connecting to www.hotels.com|209.107.213.241|:80... connected.
HTTP request sent, awaiting response... 200 OK
Length: 1150 (1.1K) [text/plain]
Saving to: `code/../crawls/hotels.com/Privacy-Policy/raw/www.hotels.com/favicon_onebrand.ico'

     0K .                                                     100%  179M=0s

2012-10-29 05:16:00 (179 MB/s) - `code/../crawls/hotels.com/Privacy-Policy/raw/www.hotels.com/favicon_onebrand.ico' saved [1150/1150]

--2012-10-29 05:16:00--  http://www.hotels.com/images/p.gif
Reusing existing connection to www.hotels.com:80.
HTTP request sent, awaiting response... 301 Moved Permanently
Location: http://www.hotels.com/images/p.gif?pos=HCOM_CA&locale=en_CA [following]
--2012-10-29 05:16:00--  http://www.hotels.com/images/p.gif?pos=HCOM_CA&locale=en_CA
Reusing existing connection to www.hotels.com:80.
HTTP request sent, awaiting response... 404 Not Found
2012-10-29 05:16:01 ERROR 404: Not Found.

--2012-10-29 05:16:01--  http://a2.cdn-hotels.com/static/common/14.0/hcom.js
Connecting to a2.cdn-hotels.com|23.45.87.48|:80... connected.
HTTP request sent, awaiting response... 200 OK
Length: unspecified [application/x-javascript]
Saving to: `code/../crawls/hotels.com/Privacy-Policy/raw/a2.cdn-hotels.com/static/common/14.0/hcom.js'

     0K .......... .......... .......... .......... .......... 5.00M
    50K .......... .......... .......... .......... .......... 4.87M
   100K .......... .......... .......... .......... .......... 8.31M
   150K .......... .......... .......... .......... .......... 11.0M
   200K .......... .......... .......... .......... .......... 10.6M
   250K .......... .......... .......... .......... .......... 10.1M
   300K .......... .......... .......... .......... ..........  614K
   350K .......... .......... .......... .......... .......... 4.39M
   400K .......... .......... .......... .......... .......... 7.70M
   450K .......... .......... .......... .......... .......... 6.08M
   500K .......... .......... .......... .......... .......... 6.46M
   550K .......... .......... .......... .......... .......... 9.85M
   600K .......... .......... .......... ....                  6.83M=0.2s

2012-10-29 05:16:01 (3.78 MB/s) - `code/../crawls/hotels.com/Privacy-Policy/raw/a2.cdn-hotels.com/static/common/14.0/hcom.js' saved [649360]

--2012-10-29 05:16:01--  http://a2.cdn-hotels.com/static/common/14.0/oo_engine_hcom_us.js
Reusing existing connection to a2.cdn-hotels.com:80.
HTTP request sent, awaiting response... 200 OK
Length: 7566 (7.4K) [application/x-javascript]
Saving to: `code/../crawls/hotels.com/Privacy-Policy/raw/a2.cdn-hotels.com/static/common/14.0/oo_engine_hcom_us.js'

     0K .......                                               100% 16.9M=0s

2012-10-29 05:16:01 (16.9 MB/s) - `code/../crawls/hotels.com/Privacy-Policy/raw/a2.cdn-hotels.com/static/common/14.0/oo_engine_hcom_us.js' saved [7566/7566]

--2012-10-29 05:16:01--  http://www.google-analytics.com/ga.js
Resolving www.google-analytics.com... 173.194.34.129, 173.194.34.130, 173.194.34.131, ...
Connecting to www.google-analytics.com|173.194.34.129|:80... connected.
HTTP request sent, awaiting response... 200 OK
Length: unspecified [text/javascript]
Saving to: `code/../crawls/hotels.com/Privacy-Policy/raw/www.google-analytics.com/ga.js'

     0K .......... .......... .......... ......                 122K=0.3s

2012-10-29 05:16:01 (122 KB/s) - `code/../crawls/hotels.com/Privacy-Policy/raw/www.google-analytics.com/ga.js' saved [37105]

--2012-10-29 05:16:01--  http://a2.cdn-hotels.com/static/common/14.0/images/common/furniture/bullet_type_2_emea.gif
Connecting to a2.cdn-hotels.com|23.45.87.48|:80... connected.
HTTP request sent, awaiting response... 200 OK
Length: 50 [image/gif]
Saving to: `code/../crawls/hotels.com/Privacy-Policy/raw/a2.cdn-hotels.com/static/common/14.0/images/common/furniture/bullet_type_2_emea.gif'

     0K                                                       100% 7.93M=0s

2012-10-29 05:16:01 (7.93 MB/s) - `code/../crawls/hotels.com/Privacy-Policy/raw/a2.cdn-hotels.com/static/common/14.0/images/common/furniture/bullet_type_2_emea.gif' saved [50/50]

--2012-10-29 05:16:01--  http://a2.cdn-hotels.com/static/common/14.0/images/common/furniture/bullet_type_2_us.gif
Reusing existing connection to a2.cdn-hotels.com:80.
HTTP request sent, awaiting response... 200 OK
Length: 50 [image/gif]
Saving to: `code/../crawls/hotels.com/Privacy-Policy/raw/a2.cdn-hotels.com/static/common/14.0/images/common/furniture/bullet_type_2_us.gif'

     0K                                                       100% 9.02M=0s

2012-10-29 05:16:01 (9.02 MB/s) - `code/../crawls/hotels.com/Privacy-Policy/raw/a2.cdn-hotels.com/static/common/14.0/images/common/furniture/bullet_type_2_us.gif' saved [50/50]

--2012-10-29 05:16:01--  http://a2.cdn-hotels.com/static/common/14.0/images/common/sprites/button_bg.gif
Reusing existing connection to a2.cdn-hotels.com:80.
HTTP request sent, awaiting response... 200 OK
Length: 458 [image/gif]
Saving to: `code/../crawls/hotels.com/Privacy-Policy/raw/a2.cdn-hotels.com/static/common/14.0/images/common/sprites/button_bg.gif'

     0K                                                       100% 76.5M=0s

2012-10-29 05:16:01 (76.5 MB/s) - `code/../crawls/hotels.com/Privacy-Policy/raw/a2.cdn-hotels.com/static/common/14.0/images/common/sprites/button_bg.gif' saved [458/458]

--2012-10-29 05:16:01--  http://a2.cdn-hotels.com/static/common/14.0/images/common/sprites/cancel_button_bg.png
Reusing existing connection to a2.cdn-hotels.com:80.
HTTP request sent, awaiting response... 200 OK
Length: 140 [image/png]
Saving to: `code/../crawls/hotels.com/Privacy-Policy/raw/a2.cdn-hotels.com/static/common/14.0/images/common/sprites/cancel_button_bg.png'

     0K                                                       100% 24.2M=0s

2012-10-29 05:16:01 (24.2 MB/s) - `code/../crawls/hotels.com/Privacy-Policy/raw/a2.cdn-hotels.com/static/common/14.0/images/common/sprites/cancel_button_bg.png' saved [140/140]

--2012-10-29 05:16:01--  http://a2.cdn-hotels.com/static/common/14.0/images/common/backgrounds/v_21_eaeaea_cecece.png
Reusing existing connection to a2.cdn-hotels.com:80.
HTTP request sent, awaiting response... 200 OK
Length: 112 [image/png]
Saving to: `code/../crawls/hotels.com/Privacy-Policy/raw/a2.cdn-hotels.com/static/common/14.0/images/common/backgrounds/v_21_eaeaea_cecece.png'

     0K                                                       100% 19.1M=0s

2012-10-29 05:16:01 (19.1 MB/s) - `code/../crawls/hotels.com/Privacy-Policy/raw/a2.cdn-hotels.com/static/common/14.0/images/common/backgrounds/v_21_eaeaea_cecece.png' saved [112/112]

--2012-10-29 05:16:01--  http://a2.cdn-hotels.com/static/common/14.0/images/common/calendar/calendar_v.png
Reusing existing connection to a2.cdn-hotels.com:80.
HTTP request sent, awaiting response... 200 OK
Length: 220 [image/png]
Saving to: `code/../crawls/hotels.com/Privacy-Policy/raw/a2.cdn-hotels.com/static/common/14.0/images/common/calendar/calendar_v.png'

     0K                                                       100% 36.1M=0s

2012-10-29 05:16:01 (36.1 MB/s) - `code/../crawls/hotels.com/Privacy-Policy/raw/a2.cdn-hotels.com/static/common/14.0/images/common/calendar/calendar_v.png' saved [220/220]

--2012-10-29 05:16:01--  http://a2.cdn-hotels.com/static/common/14.0/images/common/calendar/calendar_h.png
Reusing existing connection to a2.cdn-hotels.com:80.
HTTP request sent, awaiting response... 200 OK
Length: 564 [image/png]
Saving to: `code/../crawls/hotels.com/Privacy-Policy/raw/a2.cdn-hotels.com/static/common/14.0/images/common/calendar/calendar_h.png'

     0K                                                       100% 95.0M=0s

2012-10-29 05:16:01 (95.0 MB/s) - `code/../crawls/hotels.com/Privacy-Policy/raw/a2.cdn-hotels.com/static/common/14.0/images/common/calendar/calendar_h.png' saved [564/564]

--2012-10-29 05:16:01--  http://a2.cdn-hotels.com/static/common/14.0/images/common/search/notification_msg_general_type_2.png
Reusing existing connection to a2.cdn-hotels.com:80.
HTTP request sent, awaiting response... 200 OK
Length: 645 [image/png]
Saving to: `code/../crawls/hotels.com/Privacy-Policy/raw/a2.cdn-hotels.com/static/common/14.0/images/common/search/notification_msg_general_type_2.png'

     0K                                                       100%  104M=0s

2012-10-29 05:16:01 (104 MB/s) - `code/../crawls/hotels.com/Privacy-Policy/raw/a2.cdn-hotels.com/static/common/14.0/images/common/search/notification_msg_general_type_2.png' saved [645/645]

--2012-10-29 05:16:01--  http://a2.cdn-hotels.com/static/common/14.0/images/common/backgrounds/v_100_ffffff_ebebeb.png
Reusing existing connection to a2.cdn-hotels.com:80.
HTTP request sent, awaiting response... 200 OK
Length: 104 [image/png]
Saving to: `code/../crawls/hotels.com/Privacy-Policy/raw/a2.cdn-hotels.com/static/common/14.0/images/common/backgrounds/v_100_ffffff_ebebeb.png'

     0K                                                       100% 19.3M=0s

2012-10-29 05:16:01 (19.3 MB/s) - `code/../crawls/hotels.com/Privacy-Policy/raw/a2.cdn-hotels.com/static/common/14.0/images/common/backgrounds/v_100_ffffff_ebebeb.png' saved [104/104]

--2012-10-29 05:16:01--  http://a2.cdn-hotels.com/static/common/14.0/images/common/sprites/error_alert_icons.png
Reusing existing connection to a2.cdn-hotels.com:80.
HTTP request sent, awaiting response... 200 OK
Length: 4868 (4.8K) [image/png]
Saving to: `code/../crawls/hotels.com/Privacy-Policy/raw/a2.cdn-hotels.com/static/common/14.0/images/common/sprites/error_alert_icons.png'

     0K ....                                                  100% 24.7M=0s

2012-10-29 05:16:01 (24.7 MB/s) - `code/../crawls/hotels.com/Privacy-Policy/raw/a2.cdn-hotels.com/static/common/14.0/images/common/sprites/error_alert_icons.png' saved [4868/4868]

--2012-10-29 05:16:01--  http://a2.cdn-hotels.com/static/common/14.0/images/common/sprites/error_alert_icons_theme_red.png
Reusing existing connection to a2.cdn-hotels.com:80.
HTTP request sent, awaiting response... 200 OK
Length: 2728 (2.7K) [image/png]
Saving to: `code/../crawls/hotels.com/Privacy-Policy/raw/a2.cdn-hotels.com/static/common/14.0/images/common/sprites/error_alert_icons_theme_red.png'

     0K ..                                                    100% 13.5M=0s

2012-10-29 05:16:01 (13.5 MB/s) - `code/../crawls/hotels.com/Privacy-Policy/raw/a2.cdn-hotels.com/static/common/14.0/images/common/sprites/error_alert_icons_theme_red.png' saved [2728/2728]

--2012-10-29 05:16:01--  http://a2.cdn-hotels.com/static/common/14.0/images/common/search/notification_msg_good.png
Reusing existing connection to a2.cdn-hotels.com:80.
HTTP request sent, awaiting response... 200 OK
Length: 2178 (2.1K) [image/png]
Saving to: `code/../crawls/hotels.com/Privacy-Policy/raw/a2.cdn-hotels.com/static/common/14.0/images/common/search/notification_msg_good.png'

     0K ..                                                    100%  306M=0s

2012-10-29 05:16:01 (306 MB/s) - `code/../crawls/hotels.com/Privacy-Policy/raw/a2.cdn-hotels.com/static/common/14.0/images/common/search/notification_msg_good.png' saved [2178/2178]

--2012-10-29 05:16:01--  http://a2.cdn-hotels.com/static/common/14.0/images/common/backgrounds/404.jpg
Reusing existing connection to a2.cdn-hotels.com:80.
HTTP request sent, awaiting response... 200 OK
Length: 8232 (8.0K) [image/jpeg]
Saving to: `code/../crawls/hotels.com/Privacy-Policy/raw/a2.cdn-hotels.com/static/common/14.0/images/common/backgrounds/404.jpg'

     0K ........                                              100% 14.8M=0.001s

2012-10-29 05:16:02 (14.8 MB/s) - `code/../crawls/hotels.com/Privacy-Policy/raw/a2.cdn-hotels.com/static/common/14.0/images/common/backgrounds/404.jpg' saved [8232/8232]

--2012-10-29 05:16:02--  http://a2.cdn-hotels.com/static/common/14.0/images/common/backgrounds/500.jpg
Reusing existing connection to a2.cdn-hotels.com:80.
HTTP request sent, awaiting response... 200 OK
Length: 12895 (13K) [image/jpeg]
Saving to: `code/../crawls/hotels.com/Privacy-Policy/raw/a2.cdn-hotels.com/static/common/14.0/images/common/backgrounds/500.jpg'

     0K .......... ..                                         100% 4.44M=0.003s

2012-10-29 05:16:02 (4.44 MB/s) - `code/../crawls/hotels.com/Privacy-Policy/raw/a2.cdn-hotels.com/static/common/14.0/images/common/backgrounds/500.jpg' saved [12895/12895]

--2012-10-29 05:16:02--  http://a2.cdn-hotels.com/static/common/14.0/images/common/sprites/sprite_icons_index.png
Reusing existing connection to a2.cdn-hotels.com:80.
HTTP request sent, awaiting response... 200 OK
Length: 17344 (17K) [image/png]
Saving to: `code/../crawls/hotels.com/Privacy-Policy/raw/a2.cdn-hotels.com/static/common/14.0/images/common/sprites/sprite_icons_index.png'

     0K .......... ......                                     100% 4.46M=0.004s

2012-10-29 05:16:02 (4.46 MB/s) - `code/../crawls/hotels.com/Privacy-Policy/raw/a2.cdn-hotels.com/static/common/14.0/images/common/sprites/sprite_icons_index.png' saved [17344/17344]

--2012-10-29 05:16:02--  http://a2.cdn-hotels.com/static/common/14.0/images/common/sprites/flags.png
Reusing existing connection to a2.cdn-hotels.com:80.
HTTP request sent, awaiting response... 200 OK
Length: 7203 (7.0K) [image/png]
Saving to: `code/../crawls/hotels.com/Privacy-Policy/raw/a2.cdn-hotels.com/static/common/14.0/images/common/sprites/flags.png'

     0K .......                                               100% 15.9M=0s

2012-10-29 05:16:02 (15.9 MB/s) - `code/../crawls/hotels.com/Privacy-Policy/raw/a2.cdn-hotels.com/static/common/14.0/images/common/sprites/flags.png' saved [7203/7203]

--2012-10-29 05:16:02--  http://a2.cdn-hotels.com/static/common/14.0/images/common/sprites/sprite_tripadvisor.png
Reusing existing connection to a2.cdn-hotels.com:80.
HTTP request sent, awaiting response... 200 OK
Length: 12813 (13K) [image/png]
Saving to: `code/../crawls/hotels.com/Privacy-Policy/raw/a2.cdn-hotels.com/static/common/14.0/images/common/sprites/sprite_tripadvisor.png'

     0K .......... ..                                         100% 12.6M=0.001s

2012-10-29 05:16:02 (12.6 MB/s) - `code/../crawls/hotels.com/Privacy-Policy/raw/a2.cdn-hotels.com/static/common/14.0/images/common/sprites/sprite_tripadvisor.png' saved [12813/12813]

--2012-10-29 05:16:02--  http://a2.cdn-hotels.com/static/common/14.0/images/common/sprites/sprite_expedia.png
Reusing existing connection to a2.cdn-hotels.com:80.
HTTP request sent, awaiting response... 200 OK
Length: 2596 (2.5K) [image/png]
Saving to: `code/../crawls/hotels.com/Privacy-Policy/raw/a2.cdn-hotels.com/static/common/14.0/images/common/sprites/sprite_expedia.png'

     0K ..                                                    100% 40.3M=0s

2012-10-29 05:16:02 (40.3 MB/s) - `code/../crawls/hotels.com/Privacy-Policy/raw/a2.cdn-hotels.com/static/common/14.0/images/common/sprites/sprite_expedia.png' saved [2596/2596]

--2012-10-29 05:16:02--  http://a2.cdn-hotels.com/static/common/14.0/images/common/sprites/sprite_arrow_buttons.png
Reusing existing connection to a2.cdn-hotels.com:80.
HTTP request sent, awaiting response... 200 OK
Length: 1384 (1.4K) [image/png]
Saving to: `code/../crawls/hotels.com/Privacy-Policy/raw/a2.cdn-hotels.com/static/common/14.0/images/common/sprites/sprite_arrow_buttons.png'

     0K .                                                     100%  206M=0s

2012-10-29 05:16:02 (206 MB/s) - `code/../crawls/hotels.com/Privacy-Policy/raw/a2.cdn-hotels.com/static/common/14.0/images/common/sprites/sprite_arrow_buttons.png' saved [1384/1384]

--2012-10-29 05:16:02--  http://a2.cdn-hotels.com/static/common/14.0/images/common/sprites/sprite_icons_alpha.png
Reusing existing connection to a2.cdn-hotels.com:80.
HTTP request sent, awaiting response... 200 OK
Length: 2280 (2.2K) [image/png]
Saving to: `code/../crawls/hotels.com/Privacy-Policy/raw/a2.cdn-hotels.com/static/common/14.0/images/common/sprites/sprite_icons_alpha.png'

     0K ..                                                    100%  184M=0s

2012-10-29 05:16:02 (184 MB/s) - `code/../crawls/hotels.com/Privacy-Policy/raw/a2.cdn-hotels.com/static/common/14.0/images/common/sprites/sprite_icons_alpha.png' saved [2280/2280]

--2012-10-29 05:16:02--  http://a2.cdn-hotels.com/static/common/14.0/images/common/sprites/sprite_landing_landmarks.png
Reusing existing connection to a2.cdn-hotels.com:80.
HTTP request sent, awaiting response... 200 OK
Length: 1044 (1.0K) [image/png]
Saving to: `code/../crawls/hotels.com/Privacy-Policy/raw/a2.cdn-hotels.com/static/common/14.0/images/common/sprites/sprite_landing_landmarks.png'

     0K .                                                     100%  175M=0s

2012-10-29 05:16:02 (175 MB/s) - `code/../crawls/hotels.com/Privacy-Policy/raw/a2.cdn-hotels.com/static/common/14.0/images/common/sprites/sprite_landing_landmarks.png' saved [1044/1044]

--2012-10-29 05:16:02--  http://a2.cdn-hotels.com/static/common/14.0/images/common/sprites/sprite_fivestar_red.png
Reusing existing connection to a2.cdn-hotels.com:80.
HTTP request sent, awaiting response... 200 OK
Length: 2077 (2.0K) [image/png]
Saving to: `code/../crawls/hotels.com/Privacy-Policy/raw/a2.cdn-hotels.com/static/common/14.0/images/common/sprites/sprite_fivestar_red.png'

     0K ..                                                    100%  301M=0s

2012-10-29 05:16:02 (301 MB/s) - `code/../crawls/hotels.com/Privacy-Policy/raw/a2.cdn-hotels.com/static/common/14.0/images/common/sprites/sprite_fivestar_red.png' saved [2077/2077]

--2012-10-29 05:16:02--  http://a2.cdn-hotels.com/static/common/14.0/images/common/sprites/sprite_hcom_logos.png
Reusing existing connection to a2.cdn-hotels.com:80.
HTTP request sent, awaiting response... 200 OK
Length: 4535 (4.4K) [image/png]
Saving to: `code/../crawls/hotels.com/Privacy-Policy/raw/a2.cdn-hotels.com/static/common/14.0/images/common/sprites/sprite_hcom_logos.png'

     0K ....                                                  100% 23.0M=0s

2012-10-29 05:16:02 (23.0 MB/s) - `code/../crawls/hotels.com/Privacy-Policy/raw/a2.cdn-hotels.com/static/common/14.0/images/common/sprites/sprite_hcom_logos.png' saved [4535/4535]

--2012-10-29 05:16:02--  http://a2.cdn-hotels.com/static/common/14.0/images/common/sprites/sprite_guest_reviews.png
Reusing existing connection to a2.cdn-hotels.com:80.
HTTP request sent, awaiting response... 200 OK
Length: 6691 (6.5K) [image/png]
Saving to: `code/../crawls/hotels.com/Privacy-Policy/raw/a2.cdn-hotels.com/static/common/14.0/images/common/sprites/sprite_guest_reviews.png'

     0K ......                                                100% 18.8M=0s

2012-10-29 05:16:02 (18.8 MB/s) - `code/../crawls/hotels.com/Privacy-Policy/raw/a2.cdn-hotels.com/static/common/14.0/images/common/sprites/sprite_guest_reviews.png' saved [6691/6691]

--2012-10-29 05:16:02--  http://a2.cdn-hotels.com/static/common/14.0/images/common/sprites/social_bookmark_icons.png
Reusing existing connection to a2.cdn-hotels.com:80.
HTTP request sent, awaiting response... 200 OK
Length: 26142 (26K) [image/png]
Saving to: `code/../crawls/hotels.com/Privacy-Policy/raw/a2.cdn-hotels.com/static/common/14.0/images/common/sprites/social_bookmark_icons.png'

     0K .......... .......... .....                           100% 7.23M=0.003s

2012-10-29 05:16:02 (7.23 MB/s) - `code/../crawls/hotels.com/Privacy-Policy/raw/a2.cdn-hotels.com/static/common/14.0/images/common/sprites/social_bookmark_icons.png' saved [26142/26142]

--2012-10-29 05:16:02--  http://a2.cdn-hotels.com/static/common/14.0/images/header_row_3_background.png
Reusing existing connection to a2.cdn-hotels.com:80.
HTTP request sent, awaiting response... 200 OK
Length: 135 [image/png]
Saving to: `code/../crawls/hotels.com/Privacy-Policy/raw/a2.cdn-hotels.com/static/common/14.0/images/header_row_3_background.png'

     0K                                                       100% 24.6M=0s

2012-10-29 05:16:02 (24.6 MB/s) - `code/../crawls/hotels.com/Privacy-Policy/raw/a2.cdn-hotels.com/static/common/14.0/images/header_row_3_background.png' saved [135/135]

--2012-10-29 05:16:02--  http://a2.cdn-hotels.com/static/common/14.0/images/generic/one_brand_speech_message.png
Reusing existing connection to a2.cdn-hotels.com:80.
HTTP request sent, awaiting response... 200 OK
Length: 246 [image/png]
Saving to: `code/../crawls/hotels.com/Privacy-Policy/raw/a2.cdn-hotels.com/static/common/14.0/images/generic/one_brand_speech_message.png'

     0K                                                       100% 41.2M=0s

2012-10-29 05:16:02 (41.2 MB/s) - `code/../crawls/hotels.com/Privacy-Policy/raw/a2.cdn-hotels.com/static/common/14.0/images/generic/one_brand_speech_message.png' saved [246/246]

--2012-10-29 05:16:02--  http://a2.cdn-hotels.com/static/common/14.0/images/common/sprites/sprite_header.png
Reusing existing connection to a2.cdn-hotels.com:80.
HTTP request sent, awaiting response... 200 OK
Length: 160 [image/png]
Saving to: `code/../crawls/hotels.com/Privacy-Policy/raw/a2.cdn-hotels.com/static/common/14.0/images/common/sprites/sprite_header.png'

     0K                                                       100% 30.3M=0s

2012-10-29 05:16:02 (30.3 MB/s) - `code/../crawls/hotels.com/Privacy-Policy/raw/a2.cdn-hotels.com/static/common/14.0/images/common/sprites/sprite_header.png' saved [160/160]

--2012-10-29 05:16:02--  http://a2.cdn-hotels.com/static/common/14.0/images/common/backgrounds/v_300_dfe8eb_c2d7de.png
Reusing existing connection to a2.cdn-hotels.com:80.
HTTP request sent, awaiting response... 200 OK
Length: 181 [image/png]
Saving to: `code/../crawls/hotels.com/Privacy-Policy/raw/a2.cdn-hotels.com/static/common/14.0/images/common/backgrounds/v_300_dfe8eb_c2d7de.png'

     0K                                                       100% 31.7M=0s

2012-10-29 05:16:02 (31.7 MB/s) - `code/../crawls/hotels.com/Privacy-Policy/raw/a2.cdn-hotels.com/static/common/14.0/images/common/backgrounds/v_300_dfe8eb_c2d7de.png' saved [181/181]

--2012-10-29 05:16:02--  http://a2.cdn-hotels.com/static/common/14.0/images/common/backgrounds/v_1000_eaf5fa_dfdfdf.png
Reusing existing connection to a2.cdn-hotels.com:80.
HTTP request sent, awaiting response... 200 OK
Length: 130 [image/png]
Saving to: `code/../crawls/hotels.com/Privacy-Policy/raw/a2.cdn-hotels.com/static/common/14.0/images/common/backgrounds/v_1000_eaf5fa_dfdfdf.png'

     0K                                                       100% 24.2M=0s

2012-10-29 05:16:02 (24.2 MB/s) - `code/../crawls/hotels.com/Privacy-Policy/raw/a2.cdn-hotels.com/static/common/14.0/images/common/backgrounds/v_1000_eaf5fa_dfdfdf.png' saved [130/130]

--2012-10-29 05:16:02--  http://a2.cdn-hotels.com/static/common/14.0/images/common/search/gradient_box_bg.png
Reusing existing connection to a2.cdn-hotels.com:80.
HTTP request sent, awaiting response... 200 OK
Length: 1016 [image/png]
Saving to: `code/../crawls/hotels.com/Privacy-Policy/raw/a2.cdn-hotels.com/static/common/14.0/images/common/search/gradient_box_bg.png'

     0K                                                       100%  180M=0s

2012-10-29 05:16:02 (180 MB/s) - `code/../crawls/hotels.com/Privacy-Policy/raw/a2.cdn-hotels.com/static/common/14.0/images/common/search/gradient_box_bg.png' saved [1016/1016]

--2012-10-29 05:16:02--  http://a2.cdn-hotels.com/static/common/14.0/images/common/search/icon_suggest_city.gif
Reusing existing connection to a2.cdn-hotels.com:80.
HTTP request sent, awaiting response... 200 OK
Length: 53 [image/gif]
Saving to: `code/../crawls/hotels.com/Privacy-Policy/raw/a2.cdn-hotels.com/static/common/14.0/images/common/search/icon_suggest_city.gif'

     0K                                                       100% 9.34M=0s

2012-10-29 05:16:02 (9.34 MB/s) - `code/../crawls/hotels.com/Privacy-Policy/raw/a2.cdn-hotels.com/static/common/14.0/images/common/search/icon_suggest_city.gif' saved [53/53]

--2012-10-29 05:16:02--  http://a2.cdn-hotels.com/static/common/14.0/images/common/furniture/bullet_type_1.gif
Reusing existing connection to a2.cdn-hotels.com:80.
HTTP request sent, awaiting response... 200 OK
Length: 46 [image/gif]
Saving to: `code/../crawls/hotels.com/Privacy-Policy/raw/a2.cdn-hotels.com/static/common/14.0/images/common/furniture/bullet_type_1.gif'

     0K                                                       100% 8.28M=0s

2012-10-29 05:16:02 (8.28 MB/s) - `code/../crawls/hotels.com/Privacy-Policy/raw/a2.cdn-hotels.com/static/common/14.0/images/common/furniture/bullet_type_1.gif' saved [46/46]

--2012-10-29 05:16:02--  http://a2.cdn-hotels.com/static/common/14.0/images/common/backgrounds/v_30_f1f1f1_dedede.png
Reusing existing connection to a2.cdn-hotels.com:80.
HTTP request sent, awaiting response... 200 OK
Length: 95 [image/png]
Saving to: `code/../crawls/hotels.com/Privacy-Policy/raw/a2.cdn-hotels.com/static/common/14.0/images/common/backgrounds/v_30_f1f1f1_dedede.png'

     0K                                                       100% 16.9M=0s

2012-10-29 05:16:02 (16.9 MB/s) - `code/../crawls/hotels.com/Privacy-Policy/raw/a2.cdn-hotels.com/static/common/14.0/images/common/backgrounds/v_30_f1f1f1_dedede.png' saved [95/95]

--2012-10-29 05:16:02--  http://a2.cdn-hotels.com/static/common/14.0/images/common/backgrounds/v_100_dfe8eb_c2d7de.png
Reusing existing connection to a2.cdn-hotels.com:80.
HTTP request sent, awaiting response... 200 OK
Length: 183 [image/png]
Saving to: `code/../crawls/hotels.com/Privacy-Policy/raw/a2.cdn-hotels.com/static/common/14.0/images/common/backgrounds/v_100_dfe8eb_c2d7de.png'

     0K                                                       100% 32.3M=0s

2012-10-29 05:16:02 (32.3 MB/s) - `code/../crawls/hotels.com/Privacy-Policy/raw/a2.cdn-hotels.com/static/common/14.0/images/common/backgrounds/v_100_dfe8eb_c2d7de.png' saved [183/183]

--2012-10-29 05:16:02--  http://a2.cdn-hotels.com/static/common/14.0/images/common/search/icon_minus_type_2.gif
Reusing existing connection to a2.cdn-hotels.com:80.
HTTP request sent, awaiting response... 404 Not Found
2012-10-29 05:16:02 ERROR 404: Not Found.

--2012-10-29 05:16:02--  http://a2.cdn-hotels.com/static/common/14.0/images/common/search/icon_plus_type_2.gif
Reusing existing connection to a2.cdn-hotels.com:80.
HTTP request sent, awaiting response... 404 Not Found
2012-10-29 05:16:02 ERROR 404: Not Found.

--2012-10-29 05:16:02--  http://a2.cdn-hotels.com/static/common/14.0/images/common/sprites/sprite_check_avail_popdiv.png
Reusing existing connection to a2.cdn-hotels.com:80.
HTTP request sent, awaiting response... 200 OK
Length: 3297 (3.2K) [image/png]
Saving to: `code/../crawls/hotels.com/Privacy-Policy/raw/a2.cdn-hotels.com/static/common/14.0/images/common/sprites/sprite_check_avail_popdiv.png'

     0K ...                                                   100% 41.4M=0s

2012-10-29 05:16:02 (41.4 MB/s) - `code/../crawls/hotels.com/Privacy-Policy/raw/a2.cdn-hotels.com/static/common/14.0/images/common/sprites/sprite_check_avail_popdiv.png' saved [3297/3297]

--2012-10-29 05:16:02--  http://a2.cdn-hotels.com/static/common/14.0/images/common/search/animation_loading_1.gif
Reusing existing connection to a2.cdn-hotels.com:80.
HTTP request sent, awaiting response... 200 OK
Length: 332 [image/gif]
Saving to: `code/../crawls/hotels.com/Privacy-Policy/raw/a2.cdn-hotels.com/static/common/14.0/images/common/search/animation_loading_1.gif'

     0K                                                       100% 57.5M=0s

2012-10-29 05:16:02 (57.5 MB/s) - `code/../crawls/hotels.com/Privacy-Policy/raw/a2.cdn-hotels.com/static/common/14.0/images/common/search/animation_loading_1.gif' saved [332/332]

--2012-10-29 05:16:02--  http://a2.cdn-hotels.com/static/common/14.0/images/common/search/animation_loading_1_red.gif
Reusing existing connection to a2.cdn-hotels.com:80.
HTTP request sent, awaiting response... 200 OK
Length: 348 [image/gif]
Saving to: `code/../crawls/hotels.com/Privacy-Policy/raw/a2.cdn-hotels.com/static/common/14.0/images/common/search/animation_loading_1_red.gif'

     0K                                                       100% 59.6M=0s

2012-10-29 05:16:02 (59.6 MB/s) - `code/../crawls/hotels.com/Privacy-Policy/raw/a2.cdn-hotels.com/static/common/14.0/images/common/search/animation_loading_1_red.gif' saved [348/348]

--2012-10-29 05:16:02--  http://a2.cdn-hotels.com/static/common/14.0/images/common/search/tabs_shadow.gif
Reusing existing connection to a2.cdn-hotels.com:80.
HTTP request sent, awaiting response... 200 OK
Length: 50 [image/gif]
Saving to: `code/../crawls/hotels.com/Privacy-Policy/raw/a2.cdn-hotels.com/static/common/14.0/images/common/search/tabs_shadow.gif'

     0K                                                       100% 9.16M=0s

2012-10-29 05:16:02 (9.16 MB/s) - `code/../crawls/hotels.com/Privacy-Policy/raw/a2.cdn-hotels.com/static/common/14.0/images/common/search/tabs_shadow.gif' saved [50/50]

--2012-10-29 05:16:02--  http://a2.cdn-hotels.com/static/common/14.0/images/common/search/tabs_shadow_red.gif
Reusing existing connection to a2.cdn-hotels.com:80.
HTTP request sent, awaiting response... 200 OK
Length: 50 [image/gif]
Saving to: `code/../crawls/hotels.com/Privacy-Policy/raw/a2.cdn-hotels.com/static/common/14.0/images/common/search/tabs_shadow_red.gif'

     0K                                                       100% 9.46M=0s

2012-10-29 05:16:02 (9.46 MB/s) - `code/../crawls/hotels.com/Privacy-Policy/raw/a2.cdn-hotels.com/static/common/14.0/images/common/search/tabs_shadow_red.gif' saved [50/50]

--2012-10-29 05:16:02--  http://a2.cdn-hotels.com/static/common/14.0/images/common/sprites/sprite_booking_index.png
Reusing existing connection to a2.cdn-hotels.com:80.
HTTP request sent, awaiting response... 200 OK
Length: 33160 (32K) [image/png]
Saving to: `code/../crawls/hotels.com/Privacy-Policy/raw/a2.cdn-hotels.com/static/common/14.0/images/common/sprites/sprite_booking_index.png'

     0K .......... .......... .......... ..                   100% 8.43M=0.004s

2012-10-29 05:16:02 (8.43 MB/s) - `code/../crawls/hotels.com/Privacy-Policy/raw/a2.cdn-hotels.com/static/common/14.0/images/common/sprites/sprite_booking_index.png' saved [33160/33160]

--2012-10-29 05:16:02--  http://a2.cdn-hotels.com/static/common/14.0/images/common/sprites/footer_logos.png
Reusing existing connection to a2.cdn-hotels.com:80.
HTTP request sent, awaiting response... 200 OK
Length: 4187 (4.1K) [image/png]
Saving to: `code/../crawls/hotels.com/Privacy-Policy/raw/a2.cdn-hotels.com/static/common/14.0/images/common/sprites/footer_logos.png'

     0K ....                                                  100% 21.7M=0s

2012-10-29 05:16:02 (21.7 MB/s) - `code/../crawls/hotels.com/Privacy-Policy/raw/a2.cdn-hotels.com/static/common/14.0/images/common/sprites/footer_logos.png' saved [4187/4187]

--2012-10-29 05:16:02--  http://a2.cdn-hotels.com/static/common/14.0/images/map/map_shadow.png
Reusing existing connection to a2.cdn-hotels.com:80.
HTTP request sent, awaiting response... 200 OK
Length: 576 [image/png]
Saving to: `code/../crawls/hotels.com/Privacy-Policy/raw/a2.cdn-hotels.com/static/common/14.0/images/map/map_shadow.png'

     0K                                                       100% 98.2M=0s

2012-10-29 05:16:02 (98.2 MB/s) - `code/../crawls/hotels.com/Privacy-Policy/raw/a2.cdn-hotels.com/static/common/14.0/images/map/map_shadow.png' saved [576/576]

--2012-10-29 05:16:02--  http://a2.cdn-hotels.com/static/common/14.0/images/common/backgrounds/v_95_ffffff_f2f2f2.png
Reusing existing connection to a2.cdn-hotels.com:80.
HTTP request sent, awaiting response... 200 OK
Length: 107 [image/png]
Saving to: `code/../crawls/hotels.com/Privacy-Policy/raw/a2.cdn-hotels.com/static/common/14.0/images/common/backgrounds/v_95_ffffff_f2f2f2.png'

     0K                                                       100% 19.7M=0s

2012-10-29 05:16:02 (19.7 MB/s) - `code/../crawls/hotels.com/Privacy-Policy/raw/a2.cdn-hotels.com/static/common/14.0/images/common/backgrounds/v_95_ffffff_f2f2f2.png' saved [107/107]

--2012-10-29 05:16:02--  http://a2.cdn-hotels.com/static/common/14.0/images/common/popdivs/popright_error_top.png
Reusing existing connection to a2.cdn-hotels.com:80.
HTTP request sent, awaiting response... 200 OK
Length: 320 [image/png]
Saving to: `code/../crawls/hotels.com/Privacy-Policy/raw/a2.cdn-hotels.com/static/common/14.0/images/common/popdivs/popright_error_top.png'

     0K                                                       100% 55.6M=0s

2012-10-29 05:16:02 (55.6 MB/s) - `code/../crawls/hotels.com/Privacy-Policy/raw/a2.cdn-hotels.com/static/common/14.0/images/common/popdivs/popright_error_top.png' saved [320/320]

--2012-10-29 05:16:02--  http://a2.cdn-hotels.com/static/common/14.0/images/common/popdivs/popright_error_mid.png
Reusing existing connection to a2.cdn-hotels.com:80.
HTTP request sent, awaiting response... 200 OK
Length: 1102 (1.1K) [image/png]
Saving to: `code/../crawls/hotels.com/Privacy-Policy/raw/a2.cdn-hotels.com/static/common/14.0/images/common/popdivs/popright_error_mid.png'

     0K .                                                     100%  189M=0s

2012-10-29 05:16:02 (189 MB/s) - `code/../crawls/hotels.com/Privacy-Policy/raw/a2.cdn-hotels.com/static/common/14.0/images/common/popdivs/popright_error_mid.png' saved [1102/1102]

--2012-10-29 05:16:02--  http://a2.cdn-hotels.com/static/common/14.0/images/common/popdivs/popright_error_bottom.png
Reusing existing connection to a2.cdn-hotels.com:80.
HTTP request sent, awaiting response... 200 OK
Length: 324 [image/png]
Saving to: `code/../crawls/hotels.com/Privacy-Policy/raw/a2.cdn-hotels.com/static/common/14.0/images/common/popdivs/popright_error_bottom.png'

     0K                                                       100% 57.4M=0s

2012-10-29 05:16:02 (57.4 MB/s) - `code/../crawls/hotels.com/Privacy-Policy/raw/a2.cdn-hotels.com/static/common/14.0/images/common/popdivs/popright_error_bottom.png' saved [324/324]

--2012-10-29 05:16:02--  http://a2.cdn-hotels.com/static/common/14.0/images/common/popdivs/popup_information_top.png
Reusing existing connection to a2.cdn-hotels.com:80.
HTTP request sent, awaiting response... 200 OK
Length: 289 [image/png]
Saving to: `code/../crawls/hotels.com/Privacy-Policy/raw/a2.cdn-hotels.com/static/common/14.0/images/common/popdivs/popup_information_top.png'

     0K                                                       100% 52.6M=0s

2012-10-29 05:16:02 (52.6 MB/s) - `code/../crawls/hotels.com/Privacy-Policy/raw/a2.cdn-hotels.com/static/common/14.0/images/common/popdivs/popup_information_top.png' saved [289/289]

--2012-10-29 05:16:02--  http://a2.cdn-hotels.com/static/common/14.0/images/common/popdivs/popup_information_mid.png
Reusing existing connection to a2.cdn-hotels.com:80.
HTTP request sent, awaiting response... 200 OK
Length: 872 [image/png]
Saving to: `code/../crawls/hotels.com/Privacy-Policy/raw/a2.cdn-hotels.com/static/common/14.0/images/common/popdivs/popup_information_mid.png'

     0K                                                       100%  153M=0s

2012-10-29 05:16:02 (153 MB/s) - `code/../crawls/hotels.com/Privacy-Policy/raw/a2.cdn-hotels.com/static/common/14.0/images/common/popdivs/popup_information_mid.png' saved [872/872]

--2012-10-29 05:16:02--  http://a2.cdn-hotels.com/static/common/14.0/images/common/popdivs/popup_information_bottom.png
Reusing existing connection to a2.cdn-hotels.com:80.
HTTP request sent, awaiting response... 200 OK
Length: 557 [image/png]
Saving to: `code/../crawls/hotels.com/Privacy-Policy/raw/a2.cdn-hotels.com/static/common/14.0/images/common/popdivs/popup_information_bottom.png'

     0K                                                       100% 95.5M=0s

2012-10-29 05:16:02 (95.5 MB/s) - `code/../crawls/hotels.com/Privacy-Policy/raw/a2.cdn-hotels.com/static/common/14.0/images/common/popdivs/popup_information_bottom.png' saved [557/557]

--2012-10-29 05:16:02--  http://a2.cdn-hotels.com/static/common/14.0/images/common/sprites/sprite_overlay_box.png
Reusing existing connection to a2.cdn-hotels.com:80.
HTTP request sent, awaiting response... 200 OK
Length: 783 [image/png]
Saving to: `code/../crawls/hotels.com/Privacy-Policy/raw/a2.cdn-hotels.com/static/common/14.0/images/common/sprites/sprite_overlay_box.png'

     0K                                                       100%  134M=0s

2012-10-29 05:16:02 (134 MB/s) - `code/../crawls/hotels.com/Privacy-Policy/raw/a2.cdn-hotels.com/static/common/14.0/images/common/sprites/sprite_overlay_box.png' saved [783/783]

--2012-10-29 05:16:02--  http://a2.cdn-hotels.com/static/common/14.0/images/common/sprites/sprite_overlay_box_theme_red.png
Reusing existing connection to a2.cdn-hotels.com:80.
HTTP request sent, awaiting response... 200 OK
Length: 780 [image/png]
Saving to: `code/../crawls/hotels.com/Privacy-Policy/raw/a2.cdn-hotels.com/static/common/14.0/images/common/sprites/sprite_overlay_box_theme_red.png'

     0K                                                       100%  134M=0s

2012-10-29 05:16:02 (134 MB/s) - `code/../crawls/hotels.com/Privacy-Policy/raw/a2.cdn-hotels.com/static/common/14.0/images/common/sprites/sprite_overlay_box_theme_red.png' saved [780/780]

--2012-10-29 05:16:02--  http://a2.cdn-hotels.com/static/common/14.0/images/common/sprites/sprite_query_frame_h.png
Reusing existing connection to a2.cdn-hotels.com:80.
HTTP request sent, awaiting response... 200 OK
Length: 955 [image/png]
Saving to: `code/../crawls/hotels.com/Privacy-Policy/raw/a2.cdn-hotels.com/static/common/14.0/images/common/sprites/sprite_query_frame_h.png'

     0K                                                       100%  152M=0s

2012-10-29 05:16:02 (152 MB/s) - `code/../crawls/hotels.com/Privacy-Policy/raw/a2.cdn-hotels.com/static/common/14.0/images/common/sprites/sprite_query_frame_h.png' saved [955/955]

--2012-10-29 05:16:02--  http://a2.cdn-hotels.com/static/common/14.0/images/common/sprites/sprite_query_frame_v.png
Reusing existing connection to a2.cdn-hotels.com:80.
HTTP request sent, awaiting response... 200 OK
Length: 925 [image/png]
Saving to: `code/../crawls/hotels.com/Privacy-Policy/raw/a2.cdn-hotels.com/static/common/14.0/images/common/sprites/sprite_query_frame_v.png'

     0K                                                       100%  159M=0s

2012-10-29 05:16:02 (159 MB/s) - `code/../crawls/hotels.com/Privacy-Policy/raw/a2.cdn-hotels.com/static/common/14.0/images/common/sprites/sprite_query_frame_v.png' saved [925/925]

--2012-10-29 05:16:02--  http://a2.cdn-hotels.com/static/common/14.0/images/common/sprites/uber_popdiv_custom_3.png
Reusing existing connection to a2.cdn-hotels.com:80.
HTTP request sent, awaiting response... 200 OK
Length: 3001 (2.9K) [image/png]
Saving to: `code/../crawls/hotels.com/Privacy-Policy/raw/a2.cdn-hotels.com/static/common/14.0/images/common/sprites/uber_popdiv_custom_3.png'

     0K ..                                                    100% 39.3M=0s

2012-10-29 05:16:02 (39.3 MB/s) - `code/../crawls/hotels.com/Privacy-Policy/raw/a2.cdn-hotels.com/static/common/14.0/images/common/sprites/uber_popdiv_custom_3.png' saved [3001/3001]

--2012-10-29 05:16:02--  http://a2.cdn-hotels.com/static/common/14.0/images/common/sprites/uber_popdiv_frame_h.png
Reusing existing connection to a2.cdn-hotels.com:80.
HTTP request sent, awaiting response... 200 OK
Length: 2933 (2.9K) [image/png]
Saving to: `code/../crawls/hotels.com/Privacy-Policy/raw/a2.cdn-hotels.com/static/common/14.0/images/common/sprites/uber_popdiv_frame_h.png'

     0K ..                                                    100% 41.2M=0s

2012-10-29 05:16:02 (41.2 MB/s) - `code/../crawls/hotels.com/Privacy-Policy/raw/a2.cdn-hotels.com/static/common/14.0/images/common/sprites/uber_popdiv_frame_h.png' saved [2933/2933]

--2012-10-29 05:16:02--  http://a2.cdn-hotels.com/static/common/14.0/images/common/sprites/uber_popdiv_frame_h_us.png
Reusing existing connection to a2.cdn-hotels.com:80.
HTTP request sent, awaiting response... 200 OK
Length: 4538 (4.4K) [image/png]
Saving to: `code/../crawls/hotels.com/Privacy-Policy/raw/a2.cdn-hotels.com/static/common/14.0/images/common/sprites/uber_popdiv_frame_h_us.png'

     0K ....                                                  100% 28.1M=0s

2012-10-29 05:16:02 (28.1 MB/s) - `code/../crawls/hotels.com/Privacy-Policy/raw/a2.cdn-hotels.com/static/common/14.0/images/common/sprites/uber_popdiv_frame_h_us.png' saved [4538/4538]

--2012-10-29 05:16:02--  http://a2.cdn-hotels.com/static/common/14.0/images/common/sprites/uber_popdiv_frame_v.png
Reusing existing connection to a2.cdn-hotels.com:80.
HTTP request sent, awaiting response... 200 OK
Length: 4553 (4.4K) [image/png]
Saving to: `code/../crawls/hotels.com/Privacy-Policy/raw/a2.cdn-hotels.com/static/common/14.0/images/common/sprites/uber_popdiv_frame_v.png'

     0K ....                                                  100% 21.4M=0s

2012-10-29 05:16:02 (21.4 MB/s) - `code/../crawls/hotels.com/Privacy-Policy/raw/a2.cdn-hotels.com/static/common/14.0/images/common/sprites/uber_popdiv_frame_v.png' saved [4553/4553]

--2012-10-29 05:16:02--  http://a2.cdn-hotels.com/static/common/14.0/images/common/sprites/uber_popdiv_frame_v_us.png
Reusing existing connection to a2.cdn-hotels.com:80.
HTTP request sent, awaiting response... 200 OK
Length: 6750 (6.6K) [image/png]
Saving to: `code/../crawls/hotels.com/Privacy-Policy/raw/a2.cdn-hotels.com/static/common/14.0/images/common/sprites/uber_popdiv_frame_v_us.png'

     0K ......                                                100% 15.0M=0s

2012-10-29 05:16:02 (15.0 MB/s) - `code/../crawls/hotels.com/Privacy-Policy/raw/a2.cdn-hotels.com/static/common/14.0/images/common/sprites/uber_popdiv_frame_v_us.png' saved [6750/6750]

--2012-10-29 05:16:02--  http://a2.cdn-hotels.com/static/common/14.0/images/common/sprites/uber_tooltip_frame_h.png
Reusing existing connection to a2.cdn-hotels.com:80.
HTTP request sent, awaiting response... 200 OK
Length: 1026 (1.0K) [image/png]
Saving to: `code/../crawls/hotels.com/Privacy-Policy/raw/a2.cdn-hotels.com/static/common/14.0/images/common/sprites/uber_tooltip_frame_h.png'

     0K .                                                     100%  180M=0s

2012-10-29 05:16:02 (180 MB/s) - `code/../crawls/hotels.com/Privacy-Policy/raw/a2.cdn-hotels.com/static/common/14.0/images/common/sprites/uber_tooltip_frame_h.png' saved [1026/1026]

--2012-10-29 05:16:02--  http://a2.cdn-hotels.com/static/common/14.0/images/common/sprites/uber_tooltip_frame_h_red.png
Reusing existing connection to a2.cdn-hotels.com:80.
HTTP request sent, awaiting response... 200 OK
Length: 938 [image/png]
Saving to: `code/../crawls/hotels.com/Privacy-Policy/raw/a2.cdn-hotels.com/static/common/14.0/images/common/sprites/uber_tooltip_frame_h_red.png'

     0K                                                       100%  168M=0s

2012-10-29 05:16:02 (168 MB/s) - `code/../crawls/hotels.com/Privacy-Policy/raw/a2.cdn-hotels.com/static/common/14.0/images/common/sprites/uber_tooltip_frame_h_red.png' saved [938/938]

--2012-10-29 05:16:02--  http://a2.cdn-hotels.com/static/common/14.0/images/common/sprites/uber_tooltip_frame_v.png
Reusing existing connection to a2.cdn-hotels.com:80.
HTTP request sent, awaiting response... 200 OK
Length: 2825 (2.8K) [image/png]
Saving to: `code/../crawls/hotels.com/Privacy-Policy/raw/a2.cdn-hotels.com/static/common/14.0/images/common/sprites/uber_tooltip_frame_v.png'

     0K ..                                                    100% 29.6M=0s

2012-10-29 05:16:02 (29.6 MB/s) - `code/../crawls/hotels.com/Privacy-Policy/raw/a2.cdn-hotels.com/static/common/14.0/images/common/sprites/uber_tooltip_frame_v.png' saved [2825/2825]

--2012-10-29 05:16:02--  http://a2.cdn-hotels.com/static/common/14.0/images/common/sprites/uber_tooltip_frame_v_red.png
Reusing existing connection to a2.cdn-hotels.com:80.
HTTP request sent, awaiting response... 200 OK
Length: 2286 (2.2K) [image/png]
Saving to: `code/../crawls/hotels.com/Privacy-Policy/raw/a2.cdn-hotels.com/static/common/14.0/images/common/sprites/uber_tooltip_frame_v_red.png'

     0K ..                                                    100% 40.8M=0s

2012-10-29 05:16:02 (40.8 MB/s) - `code/../crawls/hotels.com/Privacy-Policy/raw/a2.cdn-hotels.com/static/common/14.0/images/common/sprites/uber_tooltip_frame_v_red.png' saved [2286/2286]

--2012-10-29 05:16:02--  http://a2.cdn-hotels.com/static/common/14.0/images/common/sprites/uber_popdiv_frame_h_us_alert.png
Reusing existing connection to a2.cdn-hotels.com:80.
HTTP request sent, awaiting response... 200 OK
Length: 3181 (3.1K) [image/png]
Saving to: `code/../crawls/hotels.com/Privacy-Policy/raw/a2.cdn-hotels.com/static/common/14.0/images/common/sprites/uber_popdiv_frame_h_us_alert.png'

     0K ...                                                   100% 42.8M=0s

2012-10-29 05:16:02 (42.8 MB/s) - `code/../crawls/hotels.com/Privacy-Policy/raw/a2.cdn-hotels.com/static/common/14.0/images/common/sprites/uber_popdiv_frame_h_us_alert.png' saved [3181/3181]

--2012-10-29 05:16:02--  http://a2.cdn-hotels.com/static/common/14.0/images/common/sprites/uber_popdiv_frame_v_us_alert.png
Reusing existing connection to a2.cdn-hotels.com:80.
HTTP request sent, awaiting response... 200 OK
Length: 4403 (4.3K) [image/png]
Saving to: `code/../crawls/hotels.com/Privacy-Policy/raw/a2.cdn-hotels.com/static/common/14.0/images/common/sprites/uber_popdiv_frame_v_us_alert.png'

     0K ....                                                  100% 20.3M=0s

2012-10-29 05:16:02 (20.3 MB/s) - `code/../crawls/hotels.com/Privacy-Policy/raw/a2.cdn-hotels.com/static/common/14.0/images/common/sprites/uber_popdiv_frame_v_us_alert.png' saved [4403/4403]

--2012-10-29 05:16:02--  http://a2.cdn-hotels.com/static/common/14.0/images/common/sprites/sprite_video.png
Reusing existing connection to a2.cdn-hotels.com:80.
HTTP request sent, awaiting response... 200 OK
Length: 1231 (1.2K) [image/png]
Saving to: `code/../crawls/hotels.com/Privacy-Policy/raw/a2.cdn-hotels.com/static/common/14.0/images/common/sprites/sprite_video.png'

     0K .                                                     100%  176M=0s

2012-10-29 05:16:02 (176 MB/s) - `code/../crawls/hotels.com/Privacy-Policy/raw/a2.cdn-hotels.com/static/common/14.0/images/common/sprites/sprite_video.png' saved [1231/1231]

--2012-10-29 05:16:02--  http://a2.cdn-hotels.com/static/common/14.0/images/common/backgrounds/v_532_f1f1f1_d0d0d0.png
Reusing existing connection to a2.cdn-hotels.com:80.
HTTP request sent, awaiting response... 200 OK
Length: 1118 (1.1K) [image/png]
Saving to: `code/../crawls/hotels.com/Privacy-Policy/raw/a2.cdn-hotels.com/static/common/14.0/images/common/backgrounds/v_532_f1f1f1_d0d0d0.png'

     0K .                                                     100%  186M=0s

2012-10-29 05:16:02 (186 MB/s) - `code/../crawls/hotels.com/Privacy-Policy/raw/a2.cdn-hotels.com/static/common/14.0/images/common/backgrounds/v_532_f1f1f1_d0d0d0.png' saved [1118/1118]

--2012-10-29 05:16:02--  http://a2.cdn-hotels.com/static/common/14.0/images/common/sprites/sprite_onebrandqueryform.png
Reusing existing connection to a2.cdn-hotels.com:80.
HTTP request sent, awaiting response... 200 OK
Length: 1205 (1.2K) [image/png]
Saving to: `code/../crawls/hotels.com/Privacy-Policy/raw/a2.cdn-hotels.com/static/common/14.0/images/common/sprites/sprite_onebrandqueryform.png'

     0K .                                                     100%  180M=0s

2012-10-29 05:16:02 (180 MB/s) - `code/../crawls/hotels.com/Privacy-Policy/raw/a2.cdn-hotels.com/static/common/14.0/images/common/sprites/sprite_onebrandqueryform.png' saved [1205/1205]

--2012-10-29 05:16:02--  http://a2.cdn-hotels.com/static/common/14.0/images/common/logos/hotels_com_logo_onebrand_small.png
Reusing existing connection to a2.cdn-hotels.com:80.
HTTP request sent, awaiting response... 200 OK
Length: 827 [image/png]
Saving to: `code/../crawls/hotels.com/Privacy-Policy/raw/a2.cdn-hotels.com/static/common/14.0/images/common/logos/hotels_com_logo_onebrand_small.png'

     0K                                                       100%  135M=0s

2012-10-29 05:16:02 (135 MB/s) - `code/../crawls/hotels.com/Privacy-Policy/raw/a2.cdn-hotels.com/static/common/14.0/images/common/logos/hotels_com_logo_onebrand_small.png' saved [827/827]

--2012-10-29 05:16:02--  http://a2.cdn-hotels.com/static/common/14.0/images/theme/es/logo_small.png
Reusing existing connection to a2.cdn-hotels.com:80.
HTTP request sent, awaiting response... 200 OK
Length: 1278 (1.2K) [image/png]
Saving to: `code/../crawls/hotels.com/Privacy-Policy/raw/a2.cdn-hotels.com/static/common/14.0/images/theme/es/logo_small.png'

     0K .                                                     100%  183M=0s

2012-10-29 05:16:02 (183 MB/s) - `code/../crawls/hotels.com/Privacy-Policy/raw/a2.cdn-hotels.com/static/common/14.0/images/theme/es/logo_small.png' saved [1278/1278]

--2012-10-29 05:16:02--  http://a2.cdn-hotels.com/static/common/14.0/images/common/logos/hotels.com_jp_small.png
Reusing existing connection to a2.cdn-hotels.com:80.
HTTP request sent, awaiting response... 200 OK
Length: 715 [image/png]
Saving to: `code/../crawls/hotels.com/Privacy-Policy/raw/a2.cdn-hotels.com/static/common/14.0/images/common/logos/hotels.com_jp_small.png'

     0K                                                       100%  127M=0s

2012-10-29 05:16:02 (127 MB/s) - `code/../crawls/hotels.com/Privacy-Policy/raw/a2.cdn-hotels.com/static/common/14.0/images/common/logos/hotels.com_jp_small.png' saved [715/715]

--2012-10-29 05:16:02--  http://a2.cdn-hotels.com/static/common/14.0/images/theme/br/hoteis_logo_small.png
Reusing existing connection to a2.cdn-hotels.com:80.
HTTP request sent, awaiting response... 200 OK
Length: 2491 (2.4K) [image/png]
Saving to: `code/../crawls/hotels.com/Privacy-Policy/raw/a2.cdn-hotels.com/static/common/14.0/images/theme/br/hoteis_logo_small.png'

     0K ..                                                    100%  172M=0s

2012-10-29 05:16:02 (172 MB/s) - `code/../crawls/hotels.com/Privacy-Policy/raw/a2.cdn-hotels.com/static/common/14.0/images/theme/br/hoteis_logo_small.png' saved [2491/2491]

--2012-10-29 05:16:02--  http://a2.cdn-hotels.com/static/common/14.0/images/theme/pt/logo_small.png
Reusing existing connection to a2.cdn-hotels.com:80.
HTTP request sent, awaiting response... 200 OK
Length: 2507 (2.4K) [image/png]
Saving to: `code/../crawls/hotels.com/Privacy-Policy/raw/a2.cdn-hotels.com/static/common/14.0/images/theme/pt/logo_small.png'

     0K ..                                                    100%  173M=0s

2012-10-29 05:16:02 (173 MB/s) - `code/../crawls/hotels.com/Privacy-Policy/raw/a2.cdn-hotels.com/static/common/14.0/images/theme/pt/logo_small.png' saved [2507/2507]

--2012-10-29 05:16:02--  http://a2.cdn-hotels.com/static/common/14.0/images/common/logos/hotels.com_small.png
Reusing existing connection to a2.cdn-hotels.com:80.
HTTP request sent, awaiting response... 200 OK
Length: 1074 (1.0K) [image/png]
Saving to: `code/../crawls/hotels.com/Privacy-Policy/raw/a2.cdn-hotels.com/static/common/14.0/images/common/logos/hotels.com_small.png'

     0K .                                                     100%  185M=0s

2012-10-29 05:16:02 (185 MB/s) - `code/../crawls/hotels.com/Privacy-Policy/raw/a2.cdn-hotels.com/static/common/14.0/images/common/logos/hotels.com_small.png' saved [1074/1074]

--2012-10-29 05:16:02--  http://a2.cdn-hotels.com/static/common/14.0/images/common/sprites/sprite_wr_logo_purple.png
Reusing existing connection to a2.cdn-hotels.com:80.
HTTP request sent, awaiting response... 200 OK
Length: 8741 (8.5K) [image/png]
Saving to: `code/../crawls/hotels.com/Privacy-Policy/raw/a2.cdn-hotels.com/static/common/14.0/images/common/sprites/sprite_wr_logo_purple.png'

     0K ........                                              100% 13.6M=0.001s

2012-10-29 05:16:02 (13.6 MB/s) - `code/../crawls/hotels.com/Privacy-Policy/raw/a2.cdn-hotels.com/static/common/14.0/images/common/sprites/sprite_wr_logo_purple.png' saved [8741/8741]

--2012-10-29 05:16:02--  http://a2.cdn-hotels.com/static/common/14.0/images/common/sprites/sprite_wr_logo_chinese_purple.png
Reusing existing connection to a2.cdn-hotels.com:80.
HTTP request sent, awaiting response... 200 OK
Length: 18984 (19K) [image/png]
Saving to: `code/../crawls/hotels.com/Privacy-Policy/raw/a2.cdn-hotels.com/static/common/14.0/images/common/sprites/sprite_wr_logo_chinese_purple.png'

     0K .......... ........                                   100% 11.2M=0.002s

2012-10-29 05:16:02 (11.2 MB/s) - `code/../crawls/hotels.com/Privacy-Policy/raw/a2.cdn-hotels.com/static/common/14.0/images/common/sprites/sprite_wr_logo_chinese_purple.png' saved [18984/18984]

--2012-10-29 05:16:02--  http://a2.cdn-hotels.com/static/common/14.0/images/common/backgrounds/v_116_fefefe_eaf5fa.png
Reusing existing connection to a2.cdn-hotels.com:80.
HTTP request sent, awaiting response... 200 OK
Length: 110 [image/png]
Saving to: `code/../crawls/hotels.com/Privacy-Policy/raw/a2.cdn-hotels.com/static/common/14.0/images/common/backgrounds/v_116_fefefe_eaf5fa.png'

     0K                                                       100% 20.5M=0s

2012-10-29 05:16:02 (20.5 MB/s) - `code/../crawls/hotels.com/Privacy-Policy/raw/a2.cdn-hotels.com/static/common/14.0/images/common/backgrounds/v_116_fefefe_eaf5fa.png' saved [110/110]

--2012-10-29 05:16:02--  http://a2.cdn-hotels.com/static/common/14.0/images/chat/chat_bg_one-brand.png
Reusing existing connection to a2.cdn-hotels.com:80.
HTTP request sent, awaiting response... 200 OK
Length: 10939 (11K) [image/png]
Saving to: `code/../crawls/hotels.com/Privacy-Policy/raw/a2.cdn-hotels.com/static/common/14.0/images/chat/chat_bg_one-brand.png'

     0K ..........                                            100% 12.3M=0.001s

2012-10-29 05:16:02 (12.3 MB/s) - `code/../crawls/hotels.com/Privacy-Policy/raw/a2.cdn-hotels.com/static/common/14.0/images/chat/chat_bg_one-brand.png' saved [10939/10939]

--2012-10-29 05:16:02--  http://a2.cdn-hotels.com/static/common/14.0/images/chat/chat_btn_yellow.png
Reusing existing connection to a2.cdn-hotels.com:80.
HTTP request sent, awaiting response... 200 OK
Length: 2932 (2.9K) [image/png]
Saving to: `code/../crawls/hotels.com/Privacy-Policy/raw/a2.cdn-hotels.com/static/common/14.0/images/chat/chat_btn_yellow.png'

     0K ..                                                    100% 40.4M=0s

2012-10-29 05:16:02 (40.4 MB/s) - `code/../crawls/hotels.com/Privacy-Policy/raw/a2.cdn-hotels.com/static/common/14.0/images/chat/chat_btn_yellow.png' saved [2932/2932]

--2012-10-29 05:16:02--  http://a2.cdn-hotels.com/static/common/14.0/images/chat/chat_close.png
Reusing existing connection to a2.cdn-hotels.com:80.
HTTP request sent, awaiting response... 200 OK
Length: 1180 (1.2K) [image/png]
Saving to: `code/../crawls/hotels.com/Privacy-Policy/raw/a2.cdn-hotels.com/static/common/14.0/images/chat/chat_close.png'

     0K .                                                     100% 90.3M=0s

2012-10-29 05:16:02 (90.3 MB/s) - `code/../crawls/hotels.com/Privacy-Policy/raw/a2.cdn-hotels.com/static/common/14.0/images/chat/chat_close.png' saved [1180/1180]

--2012-10-29 05:16:02--  http://a2.cdn-hotels.com/static/common/14.0/images/chat/chat_decline.png
Reusing existing connection to a2.cdn-hotels.com:80.
HTTP request sent, awaiting response... 200 OK
Length: 1738 (1.7K) [image/png]
Saving to: `code/../crawls/hotels.com/Privacy-Policy/raw/a2.cdn-hotels.com/static/common/14.0/images/chat/chat_decline.png'

     0K .                                                     100%  240M=0s

2012-10-29 05:16:02 (240 MB/s) - `code/../crawls/hotels.com/Privacy-Policy/raw/a2.cdn-hotels.com/static/common/14.0/images/chat/chat_decline.png' saved [1738/1738]

--2012-10-29 05:16:02--  http://a2.cdn-hotels.com/static/common/14.0/images/common/sprites/sprite_wr_premium.png
Reusing existing connection to a2.cdn-hotels.com:80.
HTTP request sent, awaiting response... 200 OK
Length: 8926 (8.7K) [image/png]
Saving to: `code/../crawls/hotels.com/Privacy-Policy/raw/a2.cdn-hotels.com/static/common/14.0/images/common/sprites/sprite_wr_premium.png'

     0K ........                                              100% 15.3M=0.001s

2012-10-29 05:16:02 (15.3 MB/s) - `code/../crawls/hotels.com/Privacy-Policy/raw/a2.cdn-hotels.com/static/common/14.0/images/common/sprites/sprite_wr_premium.png' saved [8926/8926]

--2012-10-29 05:16:02--  http://a2.cdn-hotels.com/static/common/14.0/images/common/sprites/sprite_wr_premium_ie6.png
Reusing existing connection to a2.cdn-hotels.com:80.
HTTP request sent, awaiting response... 200 OK
Length: 12064 (12K) [image/png]
Saving to: `code/../crawls/hotels.com/Privacy-Policy/raw/a2.cdn-hotels.com/static/common/14.0/images/common/sprites/sprite_wr_premium_ie6.png'

     0K .......... .                                          100% 14.0M=0.001s

2012-10-29 05:16:02 (14.0 MB/s) - `code/../crawls/hotels.com/Privacy-Policy/raw/a2.cdn-hotels.com/static/common/14.0/images/common/sprites/sprite_wr_premium_ie6.png' saved [12064/12064]

--2012-10-29 05:16:02--  http://a2.cdn-hotels.com/static/common/14.0/images/common/sprites/drr/sprite.drr.png
Reusing existing connection to a2.cdn-hotels.com:80.
HTTP request sent, awaiting response... 200 OK
Length: 5006 (4.9K) [image/png]
Saving to: `code/../crawls/hotels.com/Privacy-Policy/raw/a2.cdn-hotels.com/static/common/14.0/images/common/sprites/drr/sprite.drr.png'

     0K ....                                                  100% 42.3M=0s

2012-10-29 05:16:02 (42.3 MB/s) - `code/../crawls/hotels.com/Privacy-Policy/raw/a2.cdn-hotels.com/static/common/14.0/images/common/sprites/drr/sprite.drr.png' saved [5006/5006]

--2012-10-29 05:16:02--  http://a2.cdn-hotels.com/static/common/14.0/images/common/sprites/drr/sprite.drr.rtl.png
Reusing existing connection to a2.cdn-hotels.com:80.
HTTP request sent, awaiting response... 200 OK
Length: 5356 (5.2K) [image/png]
Saving to: `code/../crawls/hotels.com/Privacy-Policy/raw/a2.cdn-hotels.com/static/common/14.0/images/common/sprites/drr/sprite.drr.rtl.png'

     0K .....                                                 100% 17.8M=0s

2012-10-29 05:16:02 (17.8 MB/s) - `code/../crawls/hotels.com/Privacy-Policy/raw/a2.cdn-hotels.com/static/common/14.0/images/common/sprites/drr/sprite.drr.rtl.png' saved [5356/5356]

--2012-10-29 05:16:02--  http://a2.cdn-hotels.com/static/common/14.0/images/common/sprites/order_change/sprite_order_change_icons.png
Reusing existing connection to a2.cdn-hotels.com:80.
HTTP request sent, awaiting response... 200 OK
Length: 3204 (3.1K) [image/png]
Saving to: `code/../crawls/hotels.com/Privacy-Policy/raw/a2.cdn-hotels.com/static/common/14.0/images/common/sprites/order_change/sprite_order_change_icons.png'

     0K ...                                                   100%  203M=0s

2012-10-29 05:16:02 (203 MB/s) - `code/../crawls/hotels.com/Privacy-Policy/raw/a2.cdn-hotels.com/static/common/14.0/images/common/sprites/order_change/sprite_order_change_icons.png' saved [3204/3204]

--2012-10-29 05:16:02--  http://a2.cdn-hotels.com/static/common/14.0/images/common/backgrounds/v_23_fefefe_efefef.png
Reusing existing connection to a2.cdn-hotels.com:80.
HTTP request sent, awaiting response... 200 OK
Length: 135 [image/png]
Saving to: `code/../crawls/hotels.com/Privacy-Policy/raw/a2.cdn-hotels.com/static/common/14.0/images/common/backgrounds/v_23_fefefe_efefef.png'

     0K                                                       100% 23.8M=0s

2012-10-29 05:16:02 (23.8 MB/s) - `code/../crawls/hotels.com/Privacy-Policy/raw/a2.cdn-hotels.com/static/common/14.0/images/common/backgrounds/v_23_fefefe_efefef.png' saved [135/135]

--2012-10-29 05:16:02--  http://a2.cdn-hotels.com/static/common/14.0/images/common/sprites/sprite_throbbers.gif
Reusing existing connection to a2.cdn-hotels.com:80.
HTTP request sent, awaiting response... 200 OK
Length: 5458 (5.3K) [image/gif]
Saving to: `code/../crawls/hotels.com/Privacy-Policy/raw/a2.cdn-hotels.com/static/common/14.0/images/common/sprites/sprite_throbbers.gif'

     0K .....                                                 100% 17.2M=0s

2012-10-29 05:16:02 (17.2 MB/s) - `code/../crawls/hotels.com/Privacy-Policy/raw/a2.cdn-hotels.com/static/common/14.0/images/common/sprites/sprite_throbbers.gif' saved [5458/5458]

--2012-10-29 05:16:02--  http://a2.cdn-hotels.com/static/common/14.0/images/promos/mobile_ad_banner_red.png
Reusing existing connection to a2.cdn-hotels.com:80.
HTTP request sent, awaiting response... 200 OK
Length: 605 [image/png]
Saving to: `code/../crawls/hotels.com/Privacy-Policy/raw/a2.cdn-hotels.com/static/common/14.0/images/promos/mobile_ad_banner_red.png'

     0K                                                       100% 56.0M=0s

2012-10-29 05:16:06 (56.0 MB/s) - `code/../crawls/hotels.com/Privacy-Policy/raw/a2.cdn-hotels.com/static/common/14.0/images/promos/mobile_ad_banner_red.png' saved [605/605]

--2012-10-29 05:16:06--  http://a2.cdn-hotels.com/static/common/14.0/images/promos/overlay_ffffff.png
Reusing existing connection to a2.cdn-hotels.com:80.
HTTP request sent, awaiting response... 200 OK
Length: 79 [image/png]
Saving to: `code/../crawls/hotels.com/Privacy-Policy/raw/a2.cdn-hotels.com/static/common/14.0/images/promos/overlay_ffffff.png'

     0K                                                       100% 13.5M=0s

2012-10-29 05:16:06 (13.5 MB/s) - `code/../crawls/hotels.com/Privacy-Policy/raw/a2.cdn-hotels.com/static/common/14.0/images/promos/overlay_ffffff.png' saved [79/79]

--2012-10-29 05:16:06--  http://a2.cdn-hotels.com/static/common/14.0/images/promos/mobile_ad_banner_mobile_red.png
Reusing existing connection to a2.cdn-hotels.com:80.
HTTP request sent, awaiting response... 200 OK
Length: 4926 (4.8K) [image/png]
Saving to: `code/../crawls/hotels.com/Privacy-Policy/raw/a2.cdn-hotels.com/static/common/14.0/images/promos/mobile_ad_banner_mobile_red.png'

     0K ....                                                  100% 31.8M=0s

2012-10-29 05:16:06 (31.8 MB/s) - `code/../crawls/hotels.com/Privacy-Policy/raw/a2.cdn-hotels.com/static/common/14.0/images/promos/mobile_ad_banner_mobile_red.png' saved [4926/4926]

--2012-10-29 05:16:06--  http://a2.cdn-hotels.com/static/common/14.0/images/common/sprites/sprite_assistance_module.png
Reusing existing connection to a2.cdn-hotels.com:80.
HTTP request sent, awaiting response... 200 OK
Length: 4246 (4.1K) [image/png]
Saving to: `code/../crawls/hotels.com/Privacy-Policy/raw/a2.cdn-hotels.com/static/common/14.0/images/common/sprites/sprite_assistance_module.png'

     0K ....                                                  100% 24.0M=0s

2012-10-29 05:16:07 (24.0 MB/s) - `code/../crawls/hotels.com/Privacy-Policy/raw/a2.cdn-hotels.com/static/common/14.0/images/common/sprites/sprite_assistance_module.png' saved [4246/4246]

--2012-10-29 05:16:07--  http://a2.cdn-hotels.com/static/common/14.0/images/fivestar/fivestar_header.jpg
Reusing existing connection to a2.cdn-hotels.com:80.
HTTP request sent, awaiting response... 200 OK
Length: 50604 (49K) [image/jpeg]
Saving to: `code/../crawls/hotels.com/Privacy-Policy/raw/a2.cdn-hotels.com/static/common/14.0/images/fivestar/fivestar_header.jpg'

     0K .......... .......... .......... .......... ......... 100%  335K=0.1s

2012-10-29 05:16:07 (335 KB/s) - `code/../crawls/hotels.com/Privacy-Policy/raw/a2.cdn-hotels.com/static/common/14.0/images/fivestar/fivestar_header.jpg' saved [50604/50604]

--2012-10-29 05:16:07--  http://a2.cdn-hotels.com/static/common/14.0/images/customer_care/sprite_wr_pillar.png
Reusing existing connection to a2.cdn-hotels.com:80.
HTTP request sent, awaiting response... 200 OK
Length: 7254 (7.1K) [image/png]
Saving to: `code/../crawls/hotels.com/Privacy-Policy/raw/a2.cdn-hotels.com/static/common/14.0/images/customer_care/sprite_wr_pillar.png'

     0K .......                                               100% 19.7M=0s

2012-10-29 05:16:07 (19.7 MB/s) - `code/../crawls/hotels.com/Privacy-Policy/raw/a2.cdn-hotels.com/static/common/14.0/images/customer_care/sprite_wr_pillar.png' saved [7254/7254]

--2012-10-29 05:16:07--  http://a2.cdn-hotels.com/static/common/14.0/images/common/sprites/sprite_account_purple.png
Reusing existing connection to a2.cdn-hotels.com:80.
HTTP request sent, awaiting response... 200 OK
Length: 2458 (2.4K) [image/png]
Saving to: `code/../crawls/hotels.com/Privacy-Policy/raw/a2.cdn-hotels.com/static/common/14.0/images/common/sprites/sprite_account_purple.png'

     0K ..                                                    100% 39.5M=0s

2012-10-29 05:16:07 (39.5 MB/s) - `code/../crawls/hotels.com/Privacy-Policy/raw/a2.cdn-hotels.com/static/common/14.0/images/common/sprites/sprite_account_purple.png' saved [2458/2458]

--2012-10-29 05:16:07--  http://a2.cdn-hotels.com/static/common/14.0/images/customer_care/sprite_wr_pillar_ie6.png
Reusing existing connection to a2.cdn-hotels.com:80.
HTTP request sent, awaiting response... 200 OK
Length: 11274 (11K) [image/png]
Saving to: `code/../crawls/hotels.com/Privacy-Policy/raw/a2.cdn-hotels.com/static/common/14.0/images/customer_care/sprite_wr_pillar_ie6.png'

     0K .......... .                                          100% 15.0M=0.001s

2012-10-29 05:16:07 (15.0 MB/s) - `code/../crawls/hotels.com/Privacy-Policy/raw/a2.cdn-hotels.com/static/common/14.0/images/customer_care/sprite_wr_pillar_ie6.png' saved [11274/11274]

--2012-10-29 05:16:07--  http://a2.cdn-hotels.com/static/common/14.0/images/common/backgrounds/v1_f8ac1a_d18418.png
Reusing existing connection to a2.cdn-hotels.com:80.
HTTP request sent, awaiting response... 200 OK
Length: 147 [image/png]
Saving to: `code/../crawls/hotels.com/Privacy-Policy/raw/a2.cdn-hotels.com/static/common/14.0/images/common/backgrounds/v1_f8ac1a_d18418.png'

     0K                                                       100% 26.8M=0s

2012-10-29 05:16:07 (26.8 MB/s) - `code/../crawls/hotels.com/Privacy-Policy/raw/a2.cdn-hotels.com/static/common/14.0/images/common/backgrounds/v1_f8ac1a_d18418.png' saved [147/147]

--2012-10-29 05:16:07--  http://a2.cdn-hotels.com/static/common/14.0/images/common/backgrounds/v1_95b5cc_82a2bb.png
Reusing existing connection to a2.cdn-hotels.com:80.
HTTP request sent, awaiting response... 200 OK
Length: 111 [image/png]
Saving to: `code/../crawls/hotels.com/Privacy-Policy/raw/a2.cdn-hotels.com/static/common/14.0/images/common/backgrounds/v1_95b5cc_82a2bb.png'

     0K                                                       100% 20.0M=0s

2012-10-29 05:16:07 (20.0 MB/s) - `code/../crawls/hotels.com/Privacy-Policy/raw/a2.cdn-hotels.com/static/common/14.0/images/common/backgrounds/v1_95b5cc_82a2bb.png' saved [111/111]

--2012-10-29 05:16:07--  http://a2.cdn-hotels.com/static/common/14.0/images/common/sprites/sprite_calendar_icons.png
Reusing existing connection to a2.cdn-hotels.com:80.
HTTP request sent, awaiting response... 200 OK
Length: 3215 (3.1K) [image/png]
Saving to: `code/../crawls/hotels.com/Privacy-Policy/raw/a2.cdn-hotels.com/static/common/14.0/images/common/sprites/sprite_calendar_icons.png'

     0K ...                                                   100% 15.5M=0s

2012-10-29 05:16:07 (15.5 MB/s) - `code/../crawls/hotels.com/Privacy-Policy/raw/a2.cdn-hotels.com/static/common/14.0/images/common/sprites/sprite_calendar_icons.png' saved [3215/3215]

--2012-10-29 05:16:07--  http://a2.cdn-hotels.com/static/common/14.0/images/common/sprites/sprite_booking_icons.png
Reusing existing connection to a2.cdn-hotels.com:80.
HTTP request sent, awaiting response... 200 OK
Length: 4520 (4.4K) [image/png]
Saving to: `code/../crawls/hotels.com/Privacy-Policy/raw/a2.cdn-hotels.com/static/common/14.0/images/common/sprites/sprite_booking_icons.png'

     0K ....                                                  100% 32.2M=0s

2012-10-29 05:16:07 (32.2 MB/s) - `code/../crawls/hotels.com/Privacy-Policy/raw/a2.cdn-hotels.com/static/common/14.0/images/common/sprites/sprite_booking_icons.png' saved [4520/4520]

--2012-10-29 05:16:07--  http://a2.cdn-hotels.com/static/common/14.0/images/common/sprites/sprite_wr_premium_account.png
Reusing existing connection to a2.cdn-hotels.com:80.
HTTP request sent, awaiting response... 200 OK
Length: 8892 (8.7K) [image/png]
Saving to: `code/../crawls/hotels.com/Privacy-Policy/raw/a2.cdn-hotels.com/static/common/14.0/images/common/sprites/sprite_wr_premium_account.png'

     0K ........                                              100% 15.6M=0.001s

2012-10-29 05:16:07 (15.6 MB/s) - `code/../crawls/hotels.com/Privacy-Policy/raw/a2.cdn-hotels.com/static/common/14.0/images/common/sprites/sprite_wr_premium_account.png' saved [8892/8892]

FINISHED --2012-10-29 05:16:07--
Total wall clock time: 7.3s
Downloaded: 108 files, 1.4M in 0.7s (2.09 MB/s)
Converting code/../crawls/hotels.com/Privacy-Policy/raw/www.hotels.com/customer_care/privacy.html... 6-1
Converting code/../crawls/hotels.com/Privacy-Policy/raw/a2.cdn-hotels.com/static/common/14.0/hcom-customer_care-HCOM_US-www_hotels_com-en_US.css... 62-0
Converting code/../crawls/hotels.com/Privacy-Policy/raw/a2.cdn-hotels.com/static/common/14.0/hcom-common-HCOM_US-www_hotels_com-en_US.css... 237-2
Converted 3 files in 0.02 seconds.
