--2012-12-22 05:17:08--  http://www.amazon.com/gp/help/customer/display.html/?&nodeId=200506200
Resolving www.amazon.com... 72.21.215.232
Connecting to www.amazon.com|72.21.215.232|:80... connected.
HTTP request sent, awaiting response... 200 OK
Length: unspecified [text/html]
Saving to: `code/../crawls/www.amazon.com/Kindle-License-Agreement-and-Terms-of-Use/raw/www.amazon.com/gp/help/customer/display.html/index.html?&nodeId=200506200.html'

     0K .......... .......... .......... .......... ..........  321K
    50K .......... .......... .......... .......... ..........  324K
   100K .......... .......... ........                          193K=0.5s

2012-12-22 05:17:09 (280 KB/s) - `code/../crawls/www.amazon.com/Kindle-License-Agreement-and-Terms-of-Use/raw/www.amazon.com/gp/help/customer/display.html/index.html?&nodeId=200506200.html' saved [132021]

--2012-12-22 05:17:09--  http://z-ecx.images-amazon.com/images/G/01/nav2/gamma/websiteGlobalCSS/websiteGlobalCSS-websiteGlobal-10346._V1_.css
Resolving z-ecx.images-amazon.com... 23.61.195.91, 23.61.195.96
Connecting to z-ecx.images-amazon.com|23.61.195.91|:80... connected.
HTTP request sent, awaiting response... 200 OK
Length: 14270 (14K) [text/css]
Saving to: `code/../crawls/www.amazon.com/Kindle-License-Agreement-and-Terms-of-Use/raw/z-ecx.images-amazon.com/images/G/01/nav2/gamma/websiteGlobalCSS/websiteGlobalCSS-websiteGlobal-10346._V1_.css'

     0K .......... ...                                        100% 4.14M=0.003s

2012-12-22 05:17:09 (4.14 MB/s) - `code/../crawls/www.amazon.com/Kindle-License-Agreement-and-Terms-of-Use/raw/z-ecx.images-amazon.com/images/G/01/nav2/gamma/websiteGlobalCSS/websiteGlobalCSS-websiteGlobal-10346._V1_.css' saved [14270/14270]

--2012-12-22 05:17:09--  http://z-ecx.images-amazon.com/images/G/01/browser-scripts/fruitCSS/US-combined-3926343938._V146284167_.css
Reusing existing connection to z-ecx.images-amazon.com:80.
HTTP request sent, awaiting response... 200 OK
Length: 13519 (13K) [text/css]
Saving to: `code/../crawls/www.amazon.com/Kindle-License-Agreement-and-Terms-of-Use/raw/z-ecx.images-amazon.com/images/G/01/browser-scripts/fruitCSS/US-combined-3926343938._V146284167_.css'

     0K .......... ...                                        100% 15.8M=0.001s

2012-12-22 05:17:09 (15.8 MB/s) - `code/../crawls/www.amazon.com/Kindle-License-Agreement-and-Terms-of-Use/raw/z-ecx.images-amazon.com/images/G/01/browser-scripts/fruitCSS/US-combined-3926343938._V146284167_.css' saved [13519/13519]

--2012-12-22 05:17:09--  http://z-ecx.images-amazon.com/images/G/01/browser-scripts/us-site-wide-css-beacon/site-wide-7002449915._V1_.css
Reusing existing connection to z-ecx.images-amazon.com:80.
HTTP request sent, awaiting response... 200 OK
Length: unspecified [text/css]
Saving to: `code/../crawls/www.amazon.com/Kindle-License-Agreement-and-Terms-of-Use/raw/z-ecx.images-amazon.com/images/G/01/browser-scripts/us-site-wide-css-beacon/site-wide-7002449915._V1_.css'

     0K .......... .......... .......... ........              7.57M=0.005s

2012-12-22 05:17:09 (7.57 MB/s) - `code/../crawls/www.amazon.com/Kindle-License-Agreement-and-Terms-of-Use/raw/z-ecx.images-amazon.com/images/G/01/browser-scripts/us-site-wide-css-beacon/site-wide-7002449915._V1_.css' saved [39034]

--2012-12-22 05:17:09--  http://z-ecx.images-amazon.com/images/G/01/browser-scripts/wcs-css-buttons/wcs-css-buttons-2172471701._V1_.css
Reusing existing connection to z-ecx.images-amazon.com:80.
HTTP request sent, awaiting response... 200 OK
Length: 17264 (17K) [text/css]
Saving to: `code/../crawls/www.amazon.com/Kindle-License-Agreement-and-Terms-of-Use/raw/z-ecx.images-amazon.com/images/G/01/browser-scripts/wcs-css-buttons/wcs-css-buttons-2172471701._V1_.css'

     0K .......... ......                                     100% 13.3M=0.001s

2012-12-22 05:17:09 (13.3 MB/s) - `code/../crawls/www.amazon.com/Kindle-License-Agreement-and-Terms-of-Use/raw/z-ecx.images-amazon.com/images/G/01/browser-scripts/wcs-css-buttons/wcs-css-buttons-2172471701._V1_.css' saved [17264/17264]

--2012-12-22 05:17:09--  http://z-ecx.images-amazon.com/images/G/01/browser-scripts/wcs-help-base/wcs-help-base-1648671159._V1_.css
Reusing existing connection to z-ecx.images-amazon.com:80.
HTTP request sent, awaiting response... 200 OK
Length: 15567 (15K) [text/css]
Saving to: `code/../crawls/www.amazon.com/Kindle-License-Agreement-and-Terms-of-Use/raw/z-ecx.images-amazon.com/images/G/01/browser-scripts/wcs-help-base/wcs-help-base-1648671159._V1_.css'

     0K .......... .....                                      100% 15.3M=0.001s

2012-12-22 05:17:09 (15.3 MB/s) - `code/../crawls/www.amazon.com/Kindle-License-Agreement-and-Terms-of-Use/raw/z-ecx.images-amazon.com/images/G/01/browser-scripts/wcs-help-base/wcs-help-base-1648671159._V1_.css' saved [15567/15567]

--2012-12-22 05:17:09--  http://g-ecx.images-amazon.com/images/G/01/javascripts/lib/popover/images/po_left_17._V248144977_.png
Resolving g-ecx.images-amazon.com... 216.137.33.173, 216.137.33.212, 216.137.33.224, ...
Connecting to g-ecx.images-amazon.com|216.137.33.173|:80... connected.
HTTP request sent, awaiting response... 200 OK
Length: 166 [image/png]
Saving to: `code/../crawls/www.amazon.com/Kindle-License-Agreement-and-Terms-of-Use/raw/g-ecx.images-amazon.com/images/G/01/javascripts/lib/popover/images/po_left_17._V248144977_.png'

     0K                                                       100% 25.4M=0s

2012-12-22 05:17:09 (25.4 MB/s) - `code/../crawls/www.amazon.com/Kindle-License-Agreement-and-Terms-of-Use/raw/g-ecx.images-amazon.com/images/G/01/javascripts/lib/popover/images/po_left_17._V248144977_.png' saved [166/166]

--2012-12-22 05:17:09--  http://g-ecx.images-amazon.com/images/G/01/javascripts/lib/popover/images/po_right_17._V248144979_.png
Reusing existing connection to g-ecx.images-amazon.com:80.
HTTP request sent, awaiting response... 200 OK
Length: 172 [image/png]
Saving to: `code/../crawls/www.amazon.com/Kindle-License-Agreement-and-Terms-of-Use/raw/g-ecx.images-amazon.com/images/G/01/javascripts/lib/popover/images/po_right_17._V248144979_.png'

     0K                                                       100% 30.9M=0s

2012-12-22 05:17:09 (30.9 MB/s) - `code/../crawls/www.amazon.com/Kindle-License-Agreement-and-Terms-of-Use/raw/g-ecx.images-amazon.com/images/G/01/javascripts/lib/popover/images/po_right_17._V248144979_.png' saved [172/172]

--2012-12-22 05:17:09--  http://g-ecx.images-amazon.com/images/G/01/javascripts/lib/popover/images/po_top_left._V265110087_.png
Reusing existing connection to g-ecx.images-amazon.com:80.
HTTP request sent, awaiting response... 200 OK
Length: 819 [image/png]
Saving to: `code/../crawls/www.amazon.com/Kindle-License-Agreement-and-Terms-of-Use/raw/g-ecx.images-amazon.com/images/G/01/javascripts/lib/popover/images/po_top_left._V265110087_.png'

     0K                                                       100%  139M=0s

2012-12-22 05:17:09 (139 MB/s) - `code/../crawls/www.amazon.com/Kindle-License-Agreement-and-Terms-of-Use/raw/g-ecx.images-amazon.com/images/G/01/javascripts/lib/popover/images/po_top_left._V265110087_.png' saved [819/819]

--2012-12-22 05:17:09--  http://g-ecx.images-amazon.com/images/G/01/javascripts/lib/popover/images/po_top_right._V265110087_.png
Reusing existing connection to g-ecx.images-amazon.com:80.
HTTP request sent, awaiting response... 200 OK
Length: 948 [image/png]
Saving to: `code/../crawls/www.amazon.com/Kindle-License-Agreement-and-Terms-of-Use/raw/g-ecx.images-amazon.com/images/G/01/javascripts/lib/popover/images/po_top_right._V265110087_.png'

     0K                                                       100%  159M=0s

2012-12-22 05:17:09 (159 MB/s) - `code/../crawls/www.amazon.com/Kindle-License-Agreement-and-Terms-of-Use/raw/g-ecx.images-amazon.com/images/G/01/javascripts/lib/popover/images/po_top_right._V265110087_.png' saved [948/948]

--2012-12-22 05:17:09--  http://g-ecx.images-amazon.com/images/G/01/javascripts/lib/popover/images/po_top._V265110086_.png
Reusing existing connection to g-ecx.images-amazon.com:80.
HTTP request sent, awaiting response... 200 OK
Length: 181 [image/png]
Saving to: `code/../crawls/www.amazon.com/Kindle-License-Agreement-and-Terms-of-Use/raw/g-ecx.images-amazon.com/images/G/01/javascripts/lib/popover/images/po_top._V265110086_.png'

     0K                                                       100% 32.2M=0s

2012-12-22 05:17:09 (32.2 MB/s) - `code/../crawls/www.amazon.com/Kindle-License-Agreement-and-Terms-of-Use/raw/g-ecx.images-amazon.com/images/G/01/javascripts/lib/popover/images/po_top._V265110086_.png' saved [181/181]

--2012-12-22 05:17:09--  http://g-ecx.images-amazon.com/images/G/01/javascripts/lib/popover/images/po_bottom_left._V265110084_.png
Reusing existing connection to g-ecx.images-amazon.com:80.
HTTP request sent, awaiting response... 200 OK
Length: 1154 (1.1K) [image/png]
Saving to: `code/../crawls/www.amazon.com/Kindle-License-Agreement-and-Terms-of-Use/raw/g-ecx.images-amazon.com/images/G/01/javascripts/lib/popover/images/po_bottom_left._V265110084_.png'

     0K .                                                     100%  167M=0s

2012-12-22 05:17:09 (167 MB/s) - `code/../crawls/www.amazon.com/Kindle-License-Agreement-and-Terms-of-Use/raw/g-ecx.images-amazon.com/images/G/01/javascripts/lib/popover/images/po_bottom_left._V265110084_.png' saved [1154/1154]

--2012-12-22 05:17:09--  http://g-ecx.images-amazon.com/images/G/01/javascripts/lib/popover/images/po_bottom_right._V265110087_.png
Reusing existing connection to g-ecx.images-amazon.com:80.
HTTP request sent, awaiting response... 200 OK
Length: 1142 (1.1K) [image/png]
Saving to: `code/../crawls/www.amazon.com/Kindle-License-Agreement-and-Terms-of-Use/raw/g-ecx.images-amazon.com/images/G/01/javascripts/lib/popover/images/po_bottom_right._V265110087_.png'

     0K .                                                     100%  169M=0s

2012-12-22 05:17:09 (169 MB/s) - `code/../crawls/www.amazon.com/Kindle-License-Agreement-and-Terms-of-Use/raw/g-ecx.images-amazon.com/images/G/01/javascripts/lib/popover/images/po_bottom_right._V265110087_.png' saved [1142/1142]

--2012-12-22 05:17:09--  http://g-ecx.images-amazon.com/images/G/01/javascripts/lib/popover/images/po_bottom._V265110084_.png
Reusing existing connection to g-ecx.images-amazon.com:80.
HTTP request sent, awaiting response... 200 OK
Length: 210 [image/png]
Saving to: `code/../crawls/www.amazon.com/Kindle-License-Agreement-and-Terms-of-Use/raw/g-ecx.images-amazon.com/images/G/01/javascripts/lib/popover/images/po_bottom._V265110084_.png'

     0K                                                       100% 36.0M=0s

2012-12-22 05:17:09 (36.0 MB/s) - `code/../crawls/www.amazon.com/Kindle-License-Agreement-and-Terms-of-Use/raw/g-ecx.images-amazon.com/images/G/01/javascripts/lib/popover/images/po_bottom._V265110084_.png' saved [210/210]

--2012-12-22 05:17:09--  http://g-ecx.images-amazon.com/images/G/01/javascripts/lib/popover/images/light/sprite-v._V219326283_.png
Reusing existing connection to g-ecx.images-amazon.com:80.
HTTP request sent, awaiting response... 200 OK
Length: 181 [image/png]
Saving to: `code/../crawls/www.amazon.com/Kindle-License-Agreement-and-Terms-of-Use/raw/g-ecx.images-amazon.com/images/G/01/javascripts/lib/popover/images/light/sprite-v._V219326283_.png'

     0K                                                       100% 28.3M=0s

2012-12-22 05:17:10 (28.3 MB/s) - `code/../crawls/www.amazon.com/Kindle-License-Agreement-and-Terms-of-Use/raw/g-ecx.images-amazon.com/images/G/01/javascripts/lib/popover/images/light/sprite-v._V219326283_.png' saved [181/181]

--2012-12-22 05:17:10--  http://g-ecx.images-amazon.com/images/G/01/javascripts/lib/popover/images/light/sprite-h._V219326280_.png
Reusing existing connection to g-ecx.images-amazon.com:80.
HTTP request sent, awaiting response... 200 OK
Length: 4359 (4.3K) [image/png]
Saving to: `code/../crawls/www.amazon.com/Kindle-License-Agreement-and-Terms-of-Use/raw/g-ecx.images-amazon.com/images/G/01/javascripts/lib/popover/images/light/sprite-h._V219326280_.png'

     0K ....                                                  100% 30.0M=0s

2012-12-22 05:17:10 (30.0 MB/s) - `code/../crawls/www.amazon.com/Kindle-License-Agreement-and-Terms-of-Use/raw/g-ecx.images-amazon.com/images/G/01/javascripts/lib/popover/images/light/sprite-h._V219326280_.png' saved [4359/4359]

--2012-12-22 05:17:10--  http://g-ecx.images-amazon.com/images/G/01/javascripts/lib/popover/images/light/sprite-arrow-v._V219326286_.png
Reusing existing connection to g-ecx.images-amazon.com:80.
HTTP request sent, awaiting response... 200 OK
Length: 2407 (2.4K) [image/png]
Saving to: `code/../crawls/www.amazon.com/Kindle-License-Agreement-and-Terms-of-Use/raw/g-ecx.images-amazon.com/images/G/01/javascripts/lib/popover/images/light/sprite-arrow-v._V219326286_.png'

     0K ..                                                    100% 34.7M=0s

2012-12-22 05:17:10 (34.7 MB/s) - `code/../crawls/www.amazon.com/Kindle-License-Agreement-and-Terms-of-Use/raw/g-ecx.images-amazon.com/images/G/01/javascripts/lib/popover/images/light/sprite-arrow-v._V219326286_.png' saved [2407/2407]

--2012-12-22 05:17:10--  https://amazoncustomerservice.d2.sc.omtrdc.net/b/ss/acsus-prod/1/H.25.2--NS/0
Resolving amazoncustomerservice.d2.sc.omtrdc.net... 66.235.133.25, 66.235.133.45, 66.235.133.47, ...
Connecting to amazoncustomerservice.d2.sc.omtrdc.net|66.235.133.25|:443... connected.
HTTP request sent, awaiting response... 302 Found
Location: https://amazoncustomerservice.d2.sc.omtrdc.net/b/ss/acsus-prod/1/H.25.2--NS/0?AQB=1&pccr=true&AQE=1 [following]
--2012-12-22 05:17:10--  https://amazoncustomerservice.d2.sc.omtrdc.net/b/ss/acsus-prod/1/H.25.2--NS/0?AQB=1&pccr=true&AQE=1
Reusing existing connection to amazoncustomerservice.d2.sc.omtrdc.net:443.
HTTP request sent, awaiting response... 200 OK
Length: 43 [image/gif]
Saving to: `code/../crawls/www.amazon.com/Kindle-License-Agreement-and-Terms-of-Use/raw/amazoncustomerservice.d2.sc.omtrdc.net/b/ss/acsus-prod/1/H.25.2--NS/0'

     0K                                                       100% 33.2M=0s

2012-12-22 05:17:10 (33.2 MB/s) - `code/../crawls/www.amazon.com/Kindle-License-Agreement-and-Terms-of-Use/raw/amazoncustomerservice.d2.sc.omtrdc.net/b/ss/acsus-prod/1/H.25.2--NS/0' saved [43/43]

--2012-12-22 05:17:10--  http://g-ecx.images-amazon.com/images/G/01/gno/beacon/BeaconSprite-US-01._V397411194_.png
Connecting to g-ecx.images-amazon.com|216.137.33.173|:80... connected.
HTTP request sent, awaiting response... 200 OK
Length: 6829 (6.7K) [image/png]
Saving to: `code/../crawls/www.amazon.com/Kindle-License-Agreement-and-Terms-of-Use/raw/g-ecx.images-amazon.com/images/G/01/gno/beacon/BeaconSprite-US-01._V397411194_.png'

     0K ......                                                100% 88.5K=0.08s

2012-12-22 05:17:10 (88.5 KB/s) - `code/../crawls/www.amazon.com/Kindle-License-Agreement-and-Terms-of-Use/raw/g-ecx.images-amazon.com/images/G/01/gno/beacon/BeaconSprite-US-01._V397411194_.png' saved [6829/6829]

--2012-12-22 05:17:10--  http://g-ecx.images-amazon.com/images/G/01/gno/beacon/nav-pop-h-v2._V137157005_.png
Reusing existing connection to g-ecx.images-amazon.com:80.
HTTP request sent, awaiting response... 200 OK
Length: 1134 (1.1K) [image/png]
Saving to: `code/../crawls/www.amazon.com/Kindle-License-Agreement-and-Terms-of-Use/raw/g-ecx.images-amazon.com/images/G/01/gno/beacon/nav-pop-h-v2._V137157005_.png'

     0K .                                                     100%  143M=0s

2012-12-22 05:17:10 (143 MB/s) - `code/../crawls/www.amazon.com/Kindle-License-Agreement-and-Terms-of-Use/raw/g-ecx.images-amazon.com/images/G/01/gno/beacon/nav-pop-h-v2._V137157005_.png' saved [1134/1134]

--2012-12-22 05:17:10--  http://g-ecx.images-amazon.com/images/G/01/gno/beacon/nav-pop-v-v2._V137157005_.png
Reusing existing connection to g-ecx.images-amazon.com:80.
HTTP request sent, awaiting response... 200 OK
Length: 1827 (1.8K) [image/png]
Saving to: `code/../crawls/www.amazon.com/Kindle-License-Agreement-and-Terms-of-Use/raw/g-ecx.images-amazon.com/images/G/01/gno/beacon/nav-pop-v-v2._V137157005_.png'

     0K .                                                     100%  220M=0s

2012-12-22 05:17:10 (220 MB/s) - `code/../crawls/www.amazon.com/Kindle-License-Agreement-and-Terms-of-Use/raw/g-ecx.images-amazon.com/images/G/01/gno/beacon/nav-pop-v-v2._V137157005_.png' saved [1827/1827]

--2012-12-22 05:17:10--  http://g-ecx.images-amazon.com/images/G/01/gno/beacon/nav-pop-8bit-h._V155961234_.png
Reusing existing connection to g-ecx.images-amazon.com:80.
HTTP request sent, awaiting response... 200 OK
Length: 219 [image/png]
Saving to: `code/../crawls/www.amazon.com/Kindle-License-Agreement-and-Terms-of-Use/raw/g-ecx.images-amazon.com/images/G/01/gno/beacon/nav-pop-8bit-h._V155961234_.png'

     0K                                                       100% 34.8M=0s

2012-12-22 05:17:10 (34.8 MB/s) - `code/../crawls/www.amazon.com/Kindle-License-Agreement-and-Terms-of-Use/raw/g-ecx.images-amazon.com/images/G/01/gno/beacon/nav-pop-8bit-h._V155961234_.png' saved [219/219]

--2012-12-22 05:17:10--  http://g-ecx.images-amazon.com/images/G/01/gno/beacon/nav-pop-8bit-v._V155961234_.png
Reusing existing connection to g-ecx.images-amazon.com:80.
HTTP request sent, awaiting response... 200 OK
Length: 302 [image/png]
Saving to: `code/../crawls/www.amazon.com/Kindle-License-Agreement-and-Terms-of-Use/raw/g-ecx.images-amazon.com/images/G/01/gno/beacon/nav-pop-8bit-v._V155961234_.png'

     0K                                                       100% 49.1M=0s

2012-12-22 05:17:10 (49.1 MB/s) - `code/../crawls/www.amazon.com/Kindle-License-Agreement-and-Terms-of-Use/raw/g-ecx.images-amazon.com/images/G/01/gno/beacon/nav-pop-8bit-v._V155961234_.png' saved [302/302]

--2012-12-22 05:17:10--  http://g-ecx.images-amazon.com/images/G/01/javascripts/lib/popover/images/snake._V192571611_.gif
Reusing existing connection to g-ecx.images-amazon.com:80.
HTTP request sent, awaiting response... 200 OK
Length: 1698 (1.7K) [image/gif]
Saving to: `code/../crawls/www.amazon.com/Kindle-License-Agreement-and-Terms-of-Use/raw/g-ecx.images-amazon.com/images/G/01/javascripts/lib/popover/images/snake._V192571611_.gif'

     0K .                                                     100%  241M=0s

2012-12-22 05:17:10 (241 MB/s) - `code/../crawls/www.amazon.com/Kindle-License-Agreement-and-Terms-of-Use/raw/g-ecx.images-amazon.com/images/G/01/javascripts/lib/popover/images/snake._V192571611_.gif' saved [1698/1698]

--2012-12-22 05:17:10--  http://g-ecx.images-amazon.com/images/G/01/nav2/images/gui/beacon-sprite._V391206562_.png
Reusing existing connection to g-ecx.images-amazon.com:80.
HTTP request sent, awaiting response... 200 OK
Length: 3787 (3.7K) [image/png]
Saving to: `code/../crawls/www.amazon.com/Kindle-License-Agreement-and-Terms-of-Use/raw/g-ecx.images-amazon.com/images/G/01/nav2/images/gui/beacon-sprite._V391206562_.png'

     0K ...                                                   100%  282M=0s

2012-12-22 05:17:10 (282 MB/s) - `code/../crawls/www.amazon.com/Kindle-License-Agreement-and-Terms-of-Use/raw/g-ecx.images-amazon.com/images/G/01/nav2/images/gui/beacon-sprite._V391206562_.png' saved [3787/3787]

--2012-12-22 05:17:10--  http://g-ecx.images-amazon.com/images/G/01/x-locale/common/transparent-pixel._V386942464_.gif
Reusing existing connection to g-ecx.images-amazon.com:80.
HTTP request sent, awaiting response... 200 OK
Length: 43 [image/gif]
Saving to: `code/../crawls/www.amazon.com/Kindle-License-Agreement-and-Terms-of-Use/raw/g-ecx.images-amazon.com/images/G/01/x-locale/common/transparent-pixel._V386942464_.gif'

     0K                                                       100% 7.47M=0s

2012-12-22 05:17:10 (7.47 MB/s) - `code/../crawls/www.amazon.com/Kindle-License-Agreement-and-Terms-of-Use/raw/g-ecx.images-amazon.com/images/G/01/x-locale/common/transparent-pixel._V386942464_.gif' saved [43/43]

--2012-12-22 05:17:10--  http://g-ecx.images-amazon.com/images/G/01/img12/x-site/holiday/swms/shipping/holiday-ship_nonprime-16_swms._V397752152_.png
Reusing existing connection to g-ecx.images-amazon.com:80.
HTTP request sent, awaiting response... 200 OK
Length: 5628 (5.5K) [image/png]
Saving to: `code/../crawls/www.amazon.com/Kindle-License-Agreement-and-Terms-of-Use/raw/g-ecx.images-amazon.com/images/G/01/img12/x-site/holiday/swms/shipping/holiday-ship_nonprime-16_swms._V397752152_.png'

     0K .....                                                 100% 51.3M=0s

2012-12-22 05:17:11 (51.3 MB/s) - `code/../crawls/www.amazon.com/Kindle-License-Agreement-and-Terms-of-Use/raw/g-ecx.images-amazon.com/images/G/01/img12/x-site/holiday/swms/shipping/holiday-ship_nonprime-16_swms._V397752152_.png' saved [5628/5628]

--2012-12-22 05:17:11--  http://ecx.images-amazon.com/images/G/01/x-locale/common/transparent-pixel._V386942464_.gif
Resolving ecx.images-amazon.com... 23.61.195.80, 23.61.195.152
Connecting to ecx.images-amazon.com|23.61.195.80|:80... connected.
HTTP request sent, awaiting response... 200 OK
Length: 43 [image/gif]
Saving to: `code/../crawls/www.amazon.com/Kindle-License-Agreement-and-Terms-of-Use/raw/ecx.images-amazon.com/images/G/01/x-locale/common/transparent-pixel._V386942464_.gif'

     0K                                                       100% 6.98M=0s

2012-12-22 05:17:11 (6.98 MB/s) - `code/../crawls/www.amazon.com/Kindle-License-Agreement-and-Terms-of-Use/raw/ecx.images-amazon.com/images/G/01/x-locale/common/transparent-pixel._V386942464_.gif' saved [43/43]

--2012-12-22 05:17:11--  http://g-ecx.images-amazon.com/images/G/01/x-locale/cs/help/images/spotlight/new-kindle-family._V386799004_.png
Connecting to g-ecx.images-amazon.com|216.137.33.173|:80... connected.
HTTP request sent, awaiting response... 200 OK
Length: 14137 (14K) [image/png]
Saving to: `code/../crawls/www.amazon.com/Kindle-License-Agreement-and-Terms-of-Use/raw/g-ecx.images-amazon.com/images/G/01/x-locale/cs/help/images/spotlight/new-kindle-family._V386799004_.png'

     0K .......... ...                                        100%  181K=0.08s

2012-12-22 05:17:11 (181 KB/s) - `code/../crawls/www.amazon.com/Kindle-License-Agreement-and-Terms-of-Use/raw/g-ecx.images-amazon.com/images/G/01/x-locale/cs/help/images/spotlight/new-kindle-family._V386799004_.png' saved [14137/14137]

--2012-12-22 05:17:11--  http://g-ecx.images-amazon.com/images/G/01/gno/images/general/navAmazonLogoFooter._V169459313_.gif
Reusing existing connection to g-ecx.images-amazon.com:80.
HTTP request sent, awaiting response... 200 OK
Length: 1216 (1.2K) [image/gif]
Saving to: `code/../crawls/www.amazon.com/Kindle-License-Agreement-and-Terms-of-Use/raw/g-ecx.images-amazon.com/images/G/01/gno/images/general/navAmazonLogoFooter._V169459313_.gif'

     0K .                                                     100%  177M=0s

2012-12-22 05:17:11 (177 MB/s) - `code/../crawls/www.amazon.com/Kindle-License-Agreement-and-Terms-of-Use/raw/g-ecx.images-amazon.com/images/G/01/gno/images/general/navAmazonLogoFooter._V169459313_.gif' saved [1216/1216]

The name is too long, 129 chars total.
Trying to shorten...
New name is iu3?d=amazon.com&slot=navFooter&a2=0101f093274ae27e4999b92f97255c4ab77d11db565360904da558c060b35a2ab51c&old_oo=0&cb=13561822287.
The name is too long, 129 chars total.
Trying to shorten...
New name is iu3?d=amazon.com&slot=navFooter&a2=0101f093274ae27e4999b92f97255c4ab77d11db565360904da558c060b35a2ab51c&old_oo=0&cb=13561822287.
--2012-12-22 05:17:11--  http://s.amazon-adsystem.com/iu3?d=amazon.com&slot=navFooter&a2=0101f093274ae27e4999b92f97255c4ab77d11db565360904da558c060b35a2ab51c&old_oo=0&cb=1356182228735
Resolving s.amazon-adsystem.com... 72.21.202.183
Connecting to s.amazon-adsystem.com|72.21.202.183|:80... connected.
HTTP request sent, awaiting response... 302 Moved Temporarily
Location: http://s.amazon-adsystem.com/iu3?d=amazon.com&slot=navFooter&a2=0101f093274ae27e4999b92f97255c4ab77d11db565360904da558c060b35a2ab51c&old_oo=0&cb=1356182228735&dcc=t [following]
The name is too long, 129 chars total.
Trying to shorten...
New name is iu3?d=amazon.com&slot=navFooter&a2=0101f093274ae27e4999b92f97255c4ab77d11db565360904da558c060b35a2ab51c&old_oo=0&cb=13561822287.
The name is too long, 129 chars total.
Trying to shorten...
New name is iu3?d=amazon.com&slot=navFooter&a2=0101f093274ae27e4999b92f97255c4ab77d11db565360904da558c060b35a2ab51c&old_oo=0&cb=13561822287.
--2012-12-22 05:17:11--  http://s.amazon-adsystem.com/iu3?d=amazon.com&slot=navFooter&a2=0101f093274ae27e4999b92f97255c4ab77d11db565360904da558c060b35a2ab51c&old_oo=0&cb=1356182228735&dcc=t
Reusing existing connection to s.amazon-adsystem.com:80.
HTTP request sent, awaiting response... 200 OK
Length: 1062 (1.0K) [text/html]
Saving to: `code/../crawls/www.amazon.com/Kindle-License-Agreement-and-Terms-of-Use/raw/s.amazon-adsystem.com/iu3?d=amazon.com&slot=navFooter&a2=0101f093274ae27e4999b92f97255c4ab77d11db565360904da558c060b35a2ab51c&old_oo=0&cb=13561822287.html'

     0K .                                                     100%  140M=0s

2012-12-22 05:17:11 (140 MB/s) - `code/../crawls/www.amazon.com/Kindle-License-Agreement-and-Terms-of-Use/raw/s.amazon-adsystem.com/iu3?d=amazon.com&slot=navFooter&a2=0101f093274ae27e4999b92f97255c4ab77d11db565360904da558c060b35a2ab51c&old_oo=0&cb=13561822287.html' saved [1062/1062]

--2012-12-22 05:17:11--  http://g-ecx.images-amazon.com/images/G/01/marketing/prime/ev/Sprite_Nav._V389709824_.png
Connecting to g-ecx.images-amazon.com|216.137.33.173|:80... connected.
HTTP request sent, awaiting response... 200 OK
Length: 35129 (34K) [image/png]
Saving to: `code/../crawls/www.amazon.com/Kindle-License-Agreement-and-Terms-of-Use/raw/g-ecx.images-amazon.com/images/G/01/marketing/prime/ev/Sprite_Nav._V389709824_.png'

     0K .......... .......... .......... ....                 100%  225K=0.2s

2012-12-22 05:17:11 (225 KB/s) - `code/../crawls/www.amazon.com/Kindle-License-Agreement-and-Terms-of-Use/raw/g-ecx.images-amazon.com/images/G/01/marketing/prime/ev/Sprite_Nav._V389709824_.png' saved [35129/35129]

--2012-12-22 05:17:11--  http://www.amazon.com/gp/help/customer/display.html/%3C
Connecting to www.amazon.com|72.21.215.232|:80... connected.
HTTP request sent, awaiting response... 302 MovedTemporarily
Location: https://www.amazon.com/gp/help/customer/display.html/%3C?ie=UTF8&*Version*=1&*entries*=0 [following]
--2012-12-22 05:17:12--  https://www.amazon.com/gp/help/customer/display.html/%3C?ie=UTF8&*Version*=1&*entries*=0
Connecting to www.amazon.com|72.21.215.232|:443... connected.
HTTP request sent, awaiting response... 302 MovedTemporarily
Location: https://www.amazon.com/gp/help/customer/contact-us/?ie=UTF8&*Version*=1&*entries*=0 [following]
--2012-12-22 05:17:12--  https://www.amazon.com/gp/help/customer/contact-us/?ie=UTF8&*Version*=1&*entries*=0
Reusing existing connection to www.amazon.com:443.
HTTP request sent, awaiting response... 302 MovedTemporarily
Location: https://www.amazon.com/ap/signin?_encoding=UTF8&openid.assoc_handle=usflex&openid.claimed_id=http%3A%2F%2Fspecs.openid.net%2Fauth%2F2.0%2Fidentifier_select&openid.identity=http%3A%2F%2Fspecs.openid.net%2Fauth%2F2.0%2Fidentifier_select&openid.mode=checkid_setup&openid.ns=http%3A%2F%2Fspecs.openid.net%2Fauth%2F2.0&openid.ns.pape=http%3A%2F%2Fspecs.openid.net%2Fextensions%2Fpape%2F1.0&openid.pape.max_auth_age=0&openid.return_to=https%3A%2F%2Fwww.amazon.com%2Fgp%2Fhelp%2Fcustomer%2Fcontact-us&pageId=webcs-contactus&siteState=returnAddress%3D%2Fgp%2Fhelp%2Fcustomer%2Fcontact-us%7Cmode%3D%7CtsId%3D%7CinitialIssue%3D%7CorderId%3D%7Clanguage%3Den_US%7CsicPlan%3D%7CnodeId%3D&suppressSignInRadioButtons=0 [following]
--2012-12-22 05:17:12--  https://www.amazon.com/ap/signin?_encoding=UTF8&openid.assoc_handle=usflex&openid.claimed_id=http%3A%2F%2Fspecs.openid.net%2Fauth%2F2.0%2Fidentifier_select&openid.identity=http%3A%2F%2Fspecs.openid.net%2Fauth%2F2.0%2Fidentifier_select&openid.mode=checkid_setup&openid.ns=http%3A%2F%2Fspecs.openid.net%2Fauth%2F2.0&openid.ns.pape=http%3A%2F%2Fspecs.openid.net%2Fextensions%2Fpape%2F1.0&openid.pape.max_auth_age=0&openid.return_to=https%3A%2F%2Fwww.amazon.com%2Fgp%2Fhelp%2Fcustomer%2Fcontact-us&pageId=webcs-contactus&siteState=returnAddress%3D%2Fgp%2Fhelp%2Fcustomer%2Fcontact-us%7Cmode%3D%7CtsId%3D%7CinitialIssue%3D%7CorderId%3D%7Clanguage%3Den_US%7CsicPlan%3D%7CnodeId%3D&suppressSignInRadioButtons=0
Reusing existing connection to www.amazon.com:443.
HTTP request sent, awaiting response... 200 OK
Length: unspecified [text/html]
Saving to: `code/../crawls/www.amazon.com/Kindle-License-Agreement-and-Terms-of-Use/raw/www.amazon.com/gp/help/customer/display.html/<.html'

     0K .......... .......... .....                             329K=0.08s

2012-12-22 05:17:12 (329 KB/s) - `code/../crawls/www.amazon.com/Kindle-License-Agreement-and-Terms-of-Use/raw/www.amazon.com/gp/help/customer/display.html/<.html' saved [26068]

--2012-12-22 05:17:12--  http://z-ecx.images-amazon.com/images/G/01/browser-scripts/site-wide-js-1.7-beacon/site-wide-8662383960._V1_.js
Connecting to z-ecx.images-amazon.com|23.61.195.91|:80... connected.
HTTP request sent, awaiting response... 200 OK
Length: unspecified [application/x-javascript]
Saving to: `code/../crawls/www.amazon.com/Kindle-License-Agreement-and-Terms-of-Use/raw/z-ecx.images-amazon.com/images/G/01/browser-scripts/site-wide-js-1.7-beacon/site-wide-8662383960._V1_.js'

     0K .......... .......... .......... .......... .......... 5.55M
    50K .......... .......... .......... .......... .......... 9.50M
   100K .......... .......... .......... .......... .......... 10.7M
   150K .......... .......... .......... .......... .......... 9.97M
   200K .......... .......... .......... .......... .......... 11.0M
   250K .......... .........                                   12.4M=0.03s

2012-12-22 05:17:12 (8.97 MB/s) - `code/../crawls/www.amazon.com/Kindle-License-Agreement-and-Terms-of-Use/raw/z-ecx.images-amazon.com/images/G/01/browser-scripts/site-wide-js-1.7-beacon/site-wide-8662383960._V1_.js' saved [275902]

--2012-12-22 05:17:12--  http://www.amazon.com/gp/uedata/175-1492987-7213403?noscript&id=1PDQZ6D8Y65YJMCNSP8Y
Connecting to www.amazon.com|72.21.215.232|:80... connected.
HTTP request sent, awaiting response... 200 OK
Length: unspecified [image/gif]
Saving to: `code/../crawls/www.amazon.com/Kindle-License-Agreement-and-Terms-of-Use/raw/www.amazon.com/gp/uedata/175-1492987-7213403?noscript&id=1PDQZ6D8Y65YJMCNSP8Y'

     0K                                                        4.55M=0s

2012-12-22 05:17:13 (4.55 MB/s) - `code/../crawls/www.amazon.com/Kindle-License-Agreement-and-Terms-of-Use/raw/www.amazon.com/gp/uedata/175-1492987-7213403?noscript&id=1PDQZ6D8Y65YJMCNSP8Y' saved [43]

--2012-12-22 05:17:13--  http://g-ecx.images-amazon.com/images/G/01/common/sprites/sprite-site-wide-2._V146303866_.png
Connecting to g-ecx.images-amazon.com|216.137.33.173|:80... connected.
HTTP request sent, awaiting response... 200 OK
Length: 14808 (14K) [image/png]
Saving to: `code/../crawls/www.amazon.com/Kindle-License-Agreement-and-Terms-of-Use/raw/g-ecx.images-amazon.com/images/G/01/common/sprites/sprite-site-wide-2._V146303866_.png'

     0K .......... ....                                       100%  189K=0.08s

2012-12-22 05:17:13 (189 KB/s) - `code/../crawls/www.amazon.com/Kindle-License-Agreement-and-Terms-of-Use/raw/g-ecx.images-amazon.com/images/G/01/common/sprites/sprite-site-wide-2._V146303866_.png' saved [14808/14808]

--2012-12-22 05:17:13--  http://g-ecx.images-amazon.com/images/G/01/common/sprites/sprite-communities._V136632413_.png
Reusing existing connection to g-ecx.images-amazon.com:80.
HTTP request sent, awaiting response... 200 OK
Length: 10979 (11K) [image/png]
Saving to: `code/../crawls/www.amazon.com/Kindle-License-Agreement-and-Terms-of-Use/raw/g-ecx.images-amazon.com/images/G/01/common/sprites/sprite-communities._V136632413_.png'

     0K ..........                                            100% 12.6M=0.001s

2012-12-22 05:17:13 (12.6 MB/s) - `code/../crawls/www.amazon.com/Kindle-License-Agreement-and-Terms-of-Use/raw/g-ecx.images-amazon.com/images/G/01/common/sprites/sprite-communities._V136632413_.png' saved [10979/10979]

--2012-12-22 05:17:13--  http://g-ecx.images-amazon.com/images/G/01/ui/loadIndicators/loading-small._V192238939_.gif
Reusing existing connection to g-ecx.images-amazon.com:80.
HTTP request sent, awaiting response... 200 OK
Length: 1338 (1.3K) [image/gif]
Saving to: `code/../crawls/www.amazon.com/Kindle-License-Agreement-and-Terms-of-Use/raw/g-ecx.images-amazon.com/images/G/01/ui/loadIndicators/loading-small._V192238939_.gif'

     0K .                                                     100%  189M=0s

2012-12-22 05:17:13 (189 MB/s) - `code/../crawls/www.amazon.com/Kindle-License-Agreement-and-Terms-of-Use/raw/g-ecx.images-amazon.com/images/G/01/ui/loadIndicators/loading-small._V192238939_.gif' saved [1338/1338]

--2012-12-22 05:17:13--  http://g-ecx.images-amazon.com/images/G/01/x-locale/personalization/shoveler/left-arrow-semi-rd._V17361814_.gif
Reusing existing connection to g-ecx.images-amazon.com:80.
HTTP request sent, awaiting response... 200 OK
Length: 999 [image/gif]
Saving to: `code/../crawls/www.amazon.com/Kindle-License-Agreement-and-Terms-of-Use/raw/g-ecx.images-amazon.com/images/G/01/x-locale/personalization/shoveler/left-arrow-semi-rd._V17361814_.gif'

     0K                                                       100%  130M=0s

2012-12-22 05:17:13 (130 MB/s) - `code/../crawls/www.amazon.com/Kindle-License-Agreement-and-Terms-of-Use/raw/g-ecx.images-amazon.com/images/G/01/x-locale/personalization/shoveler/left-arrow-semi-rd._V17361814_.gif' saved [999/999]

--2012-12-22 05:17:13--  http://g-ecx.images-amazon.com/images/G/01/x-locale/personalization/shoveler/right-arrow-semi-rd._V17361809_.gif
Reusing existing connection to g-ecx.images-amazon.com:80.
HTTP request sent, awaiting response... 200 OK
Length: 1008 [image/gif]
Saving to: `code/../crawls/www.amazon.com/Kindle-License-Agreement-and-Terms-of-Use/raw/g-ecx.images-amazon.com/images/G/01/x-locale/personalization/shoveler/right-arrow-semi-rd._V17361809_.gif'

     0K                                                       100%  145M=0s

2012-12-22 05:17:13 (145 MB/s) - `code/../crawls/www.amazon.com/Kindle-License-Agreement-and-Terms-of-Use/raw/g-ecx.images-amazon.com/images/G/01/x-locale/personalization/shoveler/right-arrow-semi-rd._V17361809_.gif' saved [1008/1008]

--2012-12-22 05:17:13--  http://g-ecx.images-amazon.com/images/G/01/x-locale/personalization/yourstore/box/sliced_box_fill/sliced-box-tbevel._V47082452_.gif
Reusing existing connection to g-ecx.images-amazon.com:80.
HTTP request sent, awaiting response... 200 OK
Length: 332 [image/gif]
Saving to: `code/../crawls/www.amazon.com/Kindle-License-Agreement-and-Terms-of-Use/raw/g-ecx.images-amazon.com/images/G/01/x-locale/personalization/yourstore/box/sliced_box_fill/sliced-box-tbevel._V47082452_.gif'

     0K                                                       100% 54.4M=0s

2012-12-22 05:17:13 (54.4 MB/s) - `code/../crawls/www.amazon.com/Kindle-License-Agreement-and-Terms-of-Use/raw/g-ecx.images-amazon.com/images/G/01/x-locale/personalization/yourstore/box/sliced_box_fill/sliced-box-tbevel._V47082452_.gif' saved [332/332]

--2012-12-22 05:17:13--  http://g-ecx.images-amazon.com/images/G/01/x-locale/personalization/yourstore/box/sliced_box_fill/sliced-box-tl._V6007502_.gif
Reusing existing connection to g-ecx.images-amazon.com:80.
HTTP request sent, awaiting response... 200 OK
Length: 1178 (1.2K) [image/gif]
Saving to: `code/../crawls/www.amazon.com/Kindle-License-Agreement-and-Terms-of-Use/raw/g-ecx.images-amazon.com/images/G/01/x-locale/personalization/yourstore/box/sliced_box_fill/sliced-box-tl._V6007502_.gif'

     0K .                                                     100%  172M=0s

2012-12-22 05:17:13 (172 MB/s) - `code/../crawls/www.amazon.com/Kindle-License-Agreement-and-Terms-of-Use/raw/g-ecx.images-amazon.com/images/G/01/x-locale/personalization/yourstore/box/sliced_box_fill/sliced-box-tl._V6007502_.gif' saved [1178/1178]

--2012-12-22 05:17:13--  http://g-ecx.images-amazon.com/images/G/01/x-locale/personalization/yourstore/box/sliced_box_fill/sliced-box-tr._V6007499_.gif
Reusing existing connection to g-ecx.images-amazon.com:80.
HTTP request sent, awaiting response... 200 OK
Length: 1175 (1.1K) [image/gif]
Saving to: `code/../crawls/www.amazon.com/Kindle-License-Agreement-and-Terms-of-Use/raw/g-ecx.images-amazon.com/images/G/01/x-locale/personalization/yourstore/box/sliced_box_fill/sliced-box-tr._V6007499_.gif'

     0K .                                                     100%  157M=0s

2012-12-22 05:17:13 (157 MB/s) - `code/../crawls/www.amazon.com/Kindle-License-Agreement-and-Terms-of-Use/raw/g-ecx.images-amazon.com/images/G/01/x-locale/personalization/yourstore/box/sliced_box_fill/sliced-box-tr._V6007499_.gif' saved [1175/1175]

--2012-12-22 05:17:13--  http://g-ecx.images-amazon.com/images/G/01/x-locale/personalization/yourstore/box/sliced-box-bl._V47082482_.gif
Reusing existing connection to g-ecx.images-amazon.com:80.
HTTP request sent, awaiting response... 200 OK
Length: 643 [image/gif]
Saving to: `code/../crawls/www.amazon.com/Kindle-License-Agreement-and-Terms-of-Use/raw/g-ecx.images-amazon.com/images/G/01/x-locale/personalization/yourstore/box/sliced-box-bl._V47082482_.gif'

     0K                                                       100%  113M=0s

2012-12-22 05:17:13 (113 MB/s) - `code/../crawls/www.amazon.com/Kindle-License-Agreement-and-Terms-of-Use/raw/g-ecx.images-amazon.com/images/G/01/x-locale/personalization/yourstore/box/sliced-box-bl._V47082482_.gif' saved [643/643]

--2012-12-22 05:17:13--  http://g-ecx.images-amazon.com/images/G/01/x-locale/personalization/yourstore/box/sliced-box-br._V47062575_.gif
Reusing existing connection to g-ecx.images-amazon.com:80.
HTTP request sent, awaiting response... 200 OK
Length: 642 [image/gif]
Saving to: `code/../crawls/www.amazon.com/Kindle-License-Agreement-and-Terms-of-Use/raw/g-ecx.images-amazon.com/images/G/01/x-locale/personalization/yourstore/box/sliced-box-br._V47062575_.gif'

     0K                                                       100%  182M=0s

2012-12-22 05:17:14 (182 MB/s) - `code/../crawls/www.amazon.com/Kindle-License-Agreement-and-Terms-of-Use/raw/g-ecx.images-amazon.com/images/G/01/x-locale/personalization/yourstore/box/sliced-box-br._V47062575_.gif' saved [642/642]

--2012-12-22 05:17:14--  http://z-ecx.images-amazon.com/images/G/01/x-locale/cs/css/images/amznbtn-sprite03._V387356454_.png
Connecting to z-ecx.images-amazon.com|23.61.195.91|:80... connected.
HTTP request sent, awaiting response... 200 OK
Length: 43438 (42K) [image/png]
Saving to: `code/../crawls/www.amazon.com/Kindle-License-Agreement-and-Terms-of-Use/raw/z-ecx.images-amazon.com/images/G/01/x-locale/cs/css/images/amznbtn-sprite03._V387356454_.png'

     0K .......... .......... .......... .......... ..        100% 5.19M=0.008s

2012-12-22 05:17:14 (5.19 MB/s) - `code/../crawls/www.amazon.com/Kindle-License-Agreement-and-Terms-of-Use/raw/z-ecx.images-amazon.com/images/G/01/x-locale/cs/css/images/amznbtn-sprite03._V387356454_.png' saved [43438/43438]

--2012-12-22 05:17:14--  http://z-ecx.images-amazon.com/images/G/01/x-locale/cs/help/sprites/step-arrow.gif
Reusing existing connection to z-ecx.images-amazon.com:80.
HTTP request sent, awaiting response... 200 OK
Length: 49 [image/gif]
Saving to: `code/../crawls/www.amazon.com/Kindle-License-Agreement-and-Terms-of-Use/raw/z-ecx.images-amazon.com/images/G/01/x-locale/cs/help/sprites/step-arrow.gif'

     0K                                                       100% 8.10M=0s

2012-12-22 05:17:14 (8.10 MB/s) - `code/../crawls/www.amazon.com/Kindle-License-Agreement-and-Terms-of-Use/raw/z-ecx.images-amazon.com/images/G/01/x-locale/cs/help/sprites/step-arrow.gif' saved [49/49]

--2012-12-22 05:17:14--  http://z-ecx.images-amazon.com/images/G/01/x-locale/cs/help/sprites/process_count.gif
Reusing existing connection to z-ecx.images-amazon.com:80.
HTTP request sent, awaiting response... 200 OK
Length: 3845 (3.8K) [image/gif]
Saving to: `code/../crawls/www.amazon.com/Kindle-License-Agreement-and-Terms-of-Use/raw/z-ecx.images-amazon.com/images/G/01/x-locale/cs/help/sprites/process_count.gif'

     0K ...                                                   100% 48.5M=0s

2012-12-22 05:17:14 (48.5 MB/s) - `code/../crawls/www.amazon.com/Kindle-License-Agreement-and-Terms-of-Use/raw/z-ecx.images-amazon.com/images/G/01/x-locale/cs/help/sprites/process_count.gif' saved [3845/3845]

--2012-12-22 05:17:14--  http://z-ecx.images-amazon.com/images/G/01/x-locale/cs/help/sprites/step-back-arrow.gif
Reusing existing connection to z-ecx.images-amazon.com:80.
HTTP request sent, awaiting response... 200 OK
Length: 49 [image/gif]
Saving to: `code/../crawls/www.amazon.com/Kindle-License-Agreement-and-Terms-of-Use/raw/z-ecx.images-amazon.com/images/G/01/x-locale/cs/help/sprites/step-back-arrow.gif'

     0K                                                       100% 9.23M=0s

2012-12-22 05:17:14 (9.23 MB/s) - `code/../crawls/www.amazon.com/Kindle-License-Agreement-and-Terms-of-Use/raw/z-ecx.images-amazon.com/images/G/01/x-locale/cs/help/sprites/step-back-arrow.gif' saved [49/49]

--2012-12-22 05:17:14--  http://z-ecx.images-amazon.com/images/G/01/x-locale/cs/help/sprites/main-area.gif
Reusing existing connection to z-ecx.images-amazon.com:80.
HTTP request sent, awaiting response... 200 OK
Length: 112 [image/gif]
Saving to: `code/../crawls/www.amazon.com/Kindle-License-Agreement-and-Terms-of-Use/raw/z-ecx.images-amazon.com/images/G/01/x-locale/cs/help/sprites/main-area.gif'

     0K                                                       100% 34.5M=0s

2012-12-22 05:17:14 (34.5 MB/s) - `code/../crawls/www.amazon.com/Kindle-License-Agreement-and-Terms-of-Use/raw/z-ecx.images-amazon.com/images/G/01/x-locale/cs/help/sprites/main-area.gif' saved [112/112]

--2012-12-22 05:17:14--  http://z-ecx.images-amazon.com/images/G/01/x-locale/cs/help/sprites/expander.gif
Reusing existing connection to z-ecx.images-amazon.com:80.
HTTP request sent, awaiting response... 200 OK
Length: 385 [image/gif]
Saving to: `code/../crawls/www.amazon.com/Kindle-License-Agreement-and-Terms-of-Use/raw/z-ecx.images-amazon.com/images/G/01/x-locale/cs/help/sprites/expander.gif'

     0K                                                       100% 59.0M=0s

2012-12-22 05:17:14 (59.0 MB/s) - `code/../crawls/www.amazon.com/Kindle-License-Agreement-and-Terms-of-Use/raw/z-ecx.images-amazon.com/images/G/01/x-locale/cs/help/sprites/expander.gif' saved [385/385]

--2012-12-22 05:17:14--  http://z-ecx.images-amazon.com/images/G/01/x-locale/cs/help/sprites/blue-bar.gif
Reusing existing connection to z-ecx.images-amazon.com:80.
HTTP request sent, awaiting response... 200 OK
Length: 344 [image/gif]
Saving to: `code/../crawls/www.amazon.com/Kindle-License-Agreement-and-Terms-of-Use/raw/z-ecx.images-amazon.com/images/G/01/x-locale/cs/help/sprites/blue-bar.gif'

     0K                                                       100% 62.8M=0s

2012-12-22 05:17:14 (62.8 MB/s) - `code/../crawls/www.amazon.com/Kindle-License-Agreement-and-Terms-of-Use/raw/z-ecx.images-amazon.com/images/G/01/x-locale/cs/help/sprites/blue-bar.gif' saved [344/344]

--2012-12-22 05:17:14--  http://z-ecx.images-amazon.com/images/G/01/x-locale/cs/help/personalized/help_watermark_clipped.gif
Reusing existing connection to z-ecx.images-amazon.com:80.
HTTP request sent, awaiting response... 200 OK
Length: 5553 (5.4K) [image/gif]
Saving to: `code/../crawls/www.amazon.com/Kindle-License-Agreement-and-Terms-of-Use/raw/z-ecx.images-amazon.com/images/G/01/x-locale/cs/help/personalized/help_watermark_clipped.gif'

     0K .....                                                 100% 35.6M=0s

2012-12-22 05:17:14 (35.6 MB/s) - `code/../crawls/www.amazon.com/Kindle-License-Agreement-and-Terms-of-Use/raw/z-ecx.images-amazon.com/images/G/01/x-locale/cs/help/personalized/help_watermark_clipped.gif' saved [5553/5553]

--2012-12-22 05:17:14--  http://c.amazon-adsystem.com/sis/main/3.1/prod-g.html
Resolving c.amazon-adsystem.com... 216.137.37.204, 216.137.37.219, 216.137.37.233, ...
Connecting to c.amazon-adsystem.com|216.137.37.204|:80... connected.
HTTP request sent, awaiting response... 200 OK
Length: 187 [text/html]
Saving to: `code/../crawls/www.amazon.com/Kindle-License-Agreement-and-Terms-of-Use/raw/c.amazon-adsystem.com/sis/main/3.1/prod-g.html'

     0K                                                       100% 29.7M=0s

2012-12-22 05:17:14 (29.7 MB/s) - `code/../crawls/www.amazon.com/Kindle-License-Agreement-and-Terms-of-Use/raw/c.amazon-adsystem.com/sis/main/3.1/prod-g.html' saved [187/187]

--2012-12-22 05:17:14--  http://c.amazon-adsystem.com/sis/main/3.1/prod-am-v1.html
Reusing existing connection to c.amazon-adsystem.com:80.
HTTP request sent, awaiting response... 200 OK
Length: 232 [text/html]
Saving to: `code/../crawls/www.amazon.com/Kindle-License-Agreement-and-Terms-of-Use/raw/c.amazon-adsystem.com/sis/main/3.1/prod-am-v1.html'

     0K                                                       100% 44.0M=0s

2012-12-22 05:17:14 (44.0 MB/s) - `code/../crawls/www.amazon.com/Kindle-License-Agreement-and-Terms-of-Use/raw/c.amazon-adsystem.com/sis/main/3.1/prod-am-v1.html' saved [232/232]

--2012-12-22 05:17:14--  http://c.amazon-adsystem.com/sis/main/3.1/prod-rb.html
Reusing existing connection to c.amazon-adsystem.com:80.
HTTP request sent, awaiting response... 200 OK
Length: 236 [text/html]
Saving to: `code/../crawls/www.amazon.com/Kindle-License-Agreement-and-Terms-of-Use/raw/c.amazon-adsystem.com/sis/main/3.1/prod-rb.html'

     0K                                                       100% 44.2M=0s

2012-12-22 05:17:14 (44.2 MB/s) - `code/../crawls/www.amazon.com/Kindle-License-Agreement-and-Terms-of-Use/raw/c.amazon-adsystem.com/sis/main/3.1/prod-rb.html' saved [236/236]

--2012-12-22 05:17:14--  http://c.amazon-adsystem.com/sis/main/3.1/prod-ox.html
Reusing existing connection to c.amazon-adsystem.com:80.
HTTP request sent, awaiting response... 200 OK
Length: 246 [text/html]
Saving to: `code/../crawls/www.amazon.com/Kindle-License-Agreement-and-Terms-of-Use/raw/c.amazon-adsystem.com/sis/main/3.1/prod-ox.html'

     0K                                                       100% 45.7M=0s

2012-12-22 05:17:14 (45.7 MB/s) - `code/../crawls/www.amazon.com/Kindle-License-Agreement-and-Terms-of-Use/raw/c.amazon-adsystem.com/sis/main/3.1/prod-ox.html' saved [246/246]

--2012-12-22 05:17:14--  http://c.amazon-adsystem.com/sis/main/3.1/prod-pm.html
Reusing existing connection to c.amazon-adsystem.com:80.
HTTP request sent, awaiting response... 200 OK
Length: 227 [text/html]
Saving to: `code/../crawls/www.amazon.com/Kindle-License-Agreement-and-Terms-of-Use/raw/c.amazon-adsystem.com/sis/main/3.1/prod-pm.html'

     0K                                                       100% 43.5M=0s

2012-12-22 05:17:14 (43.5 MB/s) - `code/../crawls/www.amazon.com/Kindle-License-Agreement-and-Terms-of-Use/raw/c.amazon-adsystem.com/sis/main/3.1/prod-pm.html' saved [227/227]

--2012-12-22 05:17:14--  http://s.amazon-adsystem.com/v3/pr?a=pt&pid=1074
Connecting to s.amazon-adsystem.com|72.21.202.183|:80... connected.
HTTP request sent, awaiting response... 200 OK
Length: 179 [text/html]
Saving to: `code/../crawls/www.amazon.com/Kindle-License-Agreement-and-Terms-of-Use/raw/s.amazon-adsystem.com/v3/pr?a=pt&pid=1074.html'

     0K                                                       100% 27.8M=0s

2012-12-22 05:17:14 (27.8 MB/s) - `code/../crawls/www.amazon.com/Kindle-License-Agreement-and-Terms-of-Use/raw/s.amazon-adsystem.com/v3/pr?a=pt&pid=1074.html' saved [179/179]

--2012-12-22 05:17:14--  http://s.amazon-adsystem.com/v3/pr?a=pt&pid=1075
Reusing existing connection to s.amazon-adsystem.com:80.
HTTP request sent, awaiting response... 200 OK
Length: 181 [text/html]
Saving to: `code/../crawls/www.amazon.com/Kindle-License-Agreement-and-Terms-of-Use/raw/s.amazon-adsystem.com/v3/pr?a=pt&pid=1075.html'

     0K                                                       100% 30.5M=0s

2012-12-22 05:17:14 (30.5 MB/s) - `code/../crawls/www.amazon.com/Kindle-License-Agreement-and-Terms-of-Use/raw/s.amazon-adsystem.com/v3/pr?a=pt&pid=1075.html' saved [181/181]

FINISHED --2012-12-22 05:17:14--
Total wall clock time: 6.1s
Downloaded: 60 files, 690K in 1.0s (713 KB/s)
Converting code/../crawls/www.amazon.com/Kindle-License-Agreement-and-Terms-of-Use/raw/c.amazon-adsystem.com/sis/main/3.1/prod-rb.html... nothing to do.
Converting code/../crawls/www.amazon.com/Kindle-License-Agreement-and-Terms-of-Use/raw/c.amazon-adsystem.com/sis/main/3.1/prod-ox.html... nothing to do.
Converting code/../crawls/www.amazon.com/Kindle-License-Agreement-and-Terms-of-Use/raw/c.amazon-adsystem.com/sis/main/3.1/prod-g.html... nothing to do.
Converting code/../crawls/www.amazon.com/Kindle-License-Agreement-and-Terms-of-Use/raw/c.amazon-adsystem.com/sis/main/3.1/prod-am-v1.html... nothing to do.
Converting code/../crawls/www.amazon.com/Kindle-License-Agreement-and-Terms-of-Use/raw/www.amazon.com/gp/help/customer/display.html/<.html... 0-5
Converting code/../crawls/www.amazon.com/Kindle-License-Agreement-and-Terms-of-Use/raw/s.amazon-adsystem.com/v3/pr?a=pt&pid=1074.html... nothing to do.
Converting code/../crawls/www.amazon.com/Kindle-License-Agreement-and-Terms-of-Use/raw/c.amazon-adsystem.com/sis/main/3.1/prod-pm.html... nothing to do.
Converting code/../crawls/www.amazon.com/Kindle-License-Agreement-and-Terms-of-Use/raw/s.amazon-adsystem.com/iu3?d=amazon.com&slot=navFooter&a2=0101f093274ae27e4999b92f97255c4ab77d11db565360904da558c060b35a2ab51c&old_oo=0&cb=13561822287.html... 7-0
Converting code/../crawls/www.amazon.com/Kindle-License-Agreement-and-Terms-of-Use/raw/www.amazon.com/gp/help/customer/display.html/index.html?&nodeId=200506200.html... 43-273
Converting code/../crawls/www.amazon.com/Kindle-License-Agreement-and-Terms-of-Use/raw/s.amazon-adsystem.com/v3/pr?a=pt&pid=1075.html... nothing to do.
Converting code/../crawls/www.amazon.com/Kindle-License-Agreement-and-Terms-of-Use/raw/z-ecx.images-amazon.com/images/G/01/browser-scripts/wcs-css-buttons/wcs-css-buttons-2172471701._V1_.css... 2-0
Converting code/../crawls/www.amazon.com/Kindle-License-Agreement-and-Terms-of-Use/raw/z-ecx.images-amazon.com/images/G/01/nav2/gamma/websiteGlobalCSS/websiteGlobalCSS-websiteGlobal-10346._V1_.css... nothing to do.
Converting code/../crawls/www.amazon.com/Kindle-License-Agreement-and-Terms-of-Use/raw/z-ecx.images-amazon.com/images/G/01/browser-scripts/us-site-wide-css-beacon/site-wide-7002449915._V1_.css... 8-0
Converting code/../crawls/www.amazon.com/Kindle-License-Agreement-and-Terms-of-Use/raw/z-ecx.images-amazon.com/images/G/01/browser-scripts/wcs-help-base/wcs-help-base-1648671159._V1_.css... 7-0
Converting code/../crawls/www.amazon.com/Kindle-License-Agreement-and-Terms-of-Use/raw/z-ecx.images-amazon.com/images/G/01/browser-scripts/fruitCSS/US-combined-3926343938._V146284167_.css... 5-0
Converted 15 files in 0.01 seconds.
