--2012-11-12 05:25:21--  http://cbsiprivacy.custhelp.com/app/answers/detail/a_id/1265
Resolving cbsiprivacy.custhelp.com... 74.117.206.64
Connecting to cbsiprivacy.custhelp.com|74.117.206.64|:80... connected.
HTTP request sent, awaiting response... 200 OK
Length: 45717 (45K) [text/html]
Saving to: `code/../crawls/cnet.com/Privacy-Policy/raw/cbsiprivacy.custhelp.com/app/answers/detail/a_id/1265.html'

     0K .......... .......... .......... .......... ....      100%  405K=0.1s

2012-11-12 05:25:22 (405 KB/s) - `code/../crawls/cnet.com/Privacy-Policy/raw/cbsiprivacy.custhelp.com/app/answers/detail/a_id/1265.html' saved [45717/45717]

--2012-11-12 05:25:22--  http://cbsiprivacy.custhelp.com/euf/rightnow/optimized/1340165842/templates/standard.themes.standard.SITE.css
Reusing existing connection to cbsiprivacy.custhelp.com:80.
HTTP request sent, awaiting response... 200 OK
Length: 19170 (19K) [text/css]
Saving to: `code/../crawls/cnet.com/Privacy-Policy/raw/cbsiprivacy.custhelp.com/euf/rightnow/optimized/1340165842/templates/standard.themes.standard.SITE.css'

     0K .......... ........                                   100% 11.5M=0.002s

2012-11-12 05:25:22 (11.5 MB/s) - `code/../crawls/cnet.com/Privacy-Policy/raw/cbsiprivacy.custhelp.com/euf/rightnow/optimized/1340165842/templates/standard.themes.standard.SITE.css' saved [19170/19170]

--2012-11-12 05:25:22--  http://cbsiprivacy.custhelp.com/euf/rightnow/optimized/1340165842/themes/standard/images/loading.gif
Reusing existing connection to cbsiprivacy.custhelp.com:80.
HTTP request sent, awaiting response... 200 OK
Length: 4670 (4.6K) [image/gif]
Saving to: `code/../crawls/cnet.com/Privacy-Policy/raw/cbsiprivacy.custhelp.com/euf/rightnow/optimized/1340165842/themes/standard/images/loading.gif'

     0K ....                                                  100% 73.4M=0s

2012-11-12 05:25:22 (73.4 MB/s) - `code/../crawls/cnet.com/Privacy-Policy/raw/cbsiprivacy.custhelp.com/euf/rightnow/optimized/1340165842/themes/standard/images/loading.gif' saved [4670/4670]

--2012-11-12 05:25:22--  http://cbsiprivacy.custhelp.com/euf/rightnow/optimized/1340165842/themes/standard/images/tabBackground.png
Reusing existing connection to cbsiprivacy.custhelp.com:80.
HTTP request sent, awaiting response... 200 OK
Length: 750 [image/png]
Saving to: `code/../crawls/cnet.com/Privacy-Policy/raw/cbsiprivacy.custhelp.com/euf/rightnow/optimized/1340165842/themes/standard/images/tabBackground.png'

     0K                                                       100%  135M=0s

2012-11-12 05:25:22 (135 MB/s) - `code/../crawls/cnet.com/Privacy-Policy/raw/cbsiprivacy.custhelp.com/euf/rightnow/optimized/1340165842/themes/standard/images/tabBackground.png' saved [750/750]

--2012-11-12 05:25:22--  http://cbsiprivacy.custhelp.com/euf/rightnow/images/RightNowLogo.png
Reusing existing connection to cbsiprivacy.custhelp.com:80.
HTTP request sent, awaiting response... 200 OK
Length: 1227 (1.2K) [image/png]
Saving to: `code/../crawls/cnet.com/Privacy-Policy/raw/cbsiprivacy.custhelp.com/euf/rightnow/images/RightNowLogo.png'

     0K .                                                     100%  157M=0s

2012-11-12 05:25:22 (157 MB/s) - `code/../crawls/cnet.com/Privacy-Policy/raw/cbsiprivacy.custhelp.com/euf/rightnow/images/RightNowLogo.png' saved [1227/1227]

--2012-11-12 05:25:22--  http://cbsiprivacy.custhelp.com/euf/rightnow/optimized/1340165842/pages/answers/detail.themes.standard.css
Reusing existing connection to cbsiprivacy.custhelp.com:80.
HTTP request sent, awaiting response... 200 OK
Length: 7680 (7.5K) [text/css]
Saving to: `code/../crawls/cnet.com/Privacy-Policy/raw/cbsiprivacy.custhelp.com/euf/rightnow/optimized/1340165842/pages/answers/detail.themes.standard.css'

     0K .......                                               100% 25.7M=0s

2012-11-12 05:25:22 (25.7 MB/s) - `code/../crawls/cnet.com/Privacy-Policy/raw/cbsiprivacy.custhelp.com/euf/rightnow/optimized/1340165842/pages/answers/detail.themes.standard.css' saved [7680/7680]

--2012-11-12 05:25:22--  http://cbsiprivacy.custhelp.com/euf/assets/themes/standard/upgrades.css
Reusing existing connection to cbsiprivacy.custhelp.com:80.
HTTP request sent, awaiting response... 200 OK
Length: 8218 (8.0K) [text/css]
Saving to: `code/../crawls/cnet.com/Privacy-Policy/raw/cbsiprivacy.custhelp.com/euf/assets/themes/standard/upgrades.css'

     0K ........                                              100% 19.7M=0s

2012-11-12 05:25:22 (19.7 MB/s) - `code/../crawls/cnet.com/Privacy-Policy/raw/cbsiprivacy.custhelp.com/euf/assets/themes/standard/upgrades.css' saved [8218/8218]

--2012-11-12 05:25:22--  http://cbsiprivacy.custhelp.com/euf/rightnow/optimized/1340165842/themes/standard/images/Share.png
Reusing existing connection to cbsiprivacy.custhelp.com:80.
HTTP request sent, awaiting response... 200 OK
Length: 615 [image/png]
Saving to: `code/../crawls/cnet.com/Privacy-Policy/raw/cbsiprivacy.custhelp.com/euf/rightnow/optimized/1340165842/themes/standard/images/Share.png'

     0K                                                       100% 95.7M=0s

2012-11-12 05:25:22 (95.7 MB/s) - `code/../crawls/cnet.com/Privacy-Policy/raw/cbsiprivacy.custhelp.com/euf/rightnow/optimized/1340165842/themes/standard/images/Share.png' saved [615/615]

--2012-11-12 05:25:22--  http://cbsiprivacy.custhelp.com/euf/rightnow/optimized/1340165842/themes/standard/images/Print.png
Reusing existing connection to cbsiprivacy.custhelp.com:80.
HTTP request sent, awaiting response... 200 OK
Length: 627 [image/png]
Saving to: `code/../crawls/cnet.com/Privacy-Policy/raw/cbsiprivacy.custhelp.com/euf/rightnow/optimized/1340165842/themes/standard/images/Print.png'

     0K                                                       100%  108M=0s

2012-11-12 05:25:22 (108 MB/s) - `code/../crawls/cnet.com/Privacy-Policy/raw/cbsiprivacy.custhelp.com/euf/rightnow/optimized/1340165842/themes/standard/images/Print.png' saved [627/627]

--2012-11-12 05:25:22--  http://cbsiprivacy.custhelp.com/euf/rightnow/optimized/1340165842/themes/standard/images/Email.png
Reusing existing connection to cbsiprivacy.custhelp.com:80.
HTTP request sent, awaiting response... 200 OK
Length: 396 [image/png]
Saving to: `code/../crawls/cnet.com/Privacy-Policy/raw/cbsiprivacy.custhelp.com/euf/rightnow/optimized/1340165842/themes/standard/images/Email.png'

     0K                                                       100% 65.5M=0s

2012-11-12 05:25:22 (65.5 MB/s) - `code/../crawls/cnet.com/Privacy-Policy/raw/cbsiprivacy.custhelp.com/euf/rightnow/optimized/1340165842/themes/standard/images/Email.png' saved [396/396]

--2012-11-12 05:25:22--  http://cbsiprivacy.custhelp.com/euf/rightnow/optimized/1340165842/themes/standard/images/icons/search.png
Reusing existing connection to cbsiprivacy.custhelp.com:80.
HTTP request sent, awaiting response... 200 OK
Length: 564 [image/png]
Saving to: `code/../crawls/cnet.com/Privacy-Policy/raw/cbsiprivacy.custhelp.com/euf/rightnow/optimized/1340165842/themes/standard/images/icons/search.png'

     0K                                                       100% 89.0M=0s

2012-11-12 05:25:22 (89.0 MB/s) - `code/../crawls/cnet.com/Privacy-Policy/raw/cbsiprivacy.custhelp.com/euf/rightnow/optimized/1340165842/themes/standard/images/icons/search.png' saved [564/564]

--2012-11-12 05:25:22--  http://cbsiprivacy.custhelp.com/euf/rightnow/js/10.11.0.1.5.138/min/RightNow.js
Reusing existing connection to cbsiprivacy.custhelp.com:80.
HTTP request sent, awaiting response... 200 OK
Length: 213726 (209K) [application/x-javascript]
Saving to: `code/../crawls/cnet.com/Privacy-Policy/raw/cbsiprivacy.custhelp.com/euf/rightnow/js/10.11.0.1.5.138/min/RightNow.js'

     0K .......... .......... .......... .......... .......... 23% 12.1M 0s
    50K .......... .......... .......... .......... .......... 47%  932K 0s
   100K .......... .......... .......... .......... .......... 71%  871K 0s
   150K .......... .......... .......... .......... .......... 95%  984K 0s
   200K ........                                              100% 2.69M=0.2s

2012-11-12 05:25:22 (1.21 MB/s) - `code/../crawls/cnet.com/Privacy-Policy/raw/cbsiprivacy.custhelp.com/euf/rightnow/js/10.11.0.1.5.138/min/RightNow.js' saved [213726/213726]

--2012-11-12 05:25:22--  http://cbsiprivacy.custhelp.com/euf/rightnow/optimized/1340165842/templates/standard.js
Reusing existing connection to cbsiprivacy.custhelp.com:80.
HTTP request sent, awaiting response... 200 OK
Length: 15819 (15K) [application/x-javascript]
Saving to: `code/../crawls/cnet.com/Privacy-Policy/raw/cbsiprivacy.custhelp.com/euf/rightnow/optimized/1340165842/templates/standard.js'

     0K .......... .....                                      100% 13.8M=0.001s

2012-11-12 05:25:22 (13.8 MB/s) - `code/../crawls/cnet.com/Privacy-Policy/raw/cbsiprivacy.custhelp.com/euf/rightnow/optimized/1340165842/templates/standard.js' saved [15819/15819]

--2012-11-12 05:25:22--  http://cbsiprivacy.custhelp.com/euf/rightnow/optimized/1340165842/pages/answers/detail.js
Reusing existing connection to cbsiprivacy.custhelp.com:80.
HTTP request sent, awaiting response... 200 OK
Length: 47782 (47K) [application/x-javascript]
Saving to: `code/../crawls/cnet.com/Privacy-Policy/raw/cbsiprivacy.custhelp.com/euf/rightnow/optimized/1340165842/pages/answers/detail.js'

     0K .......... .......... .......... .......... ......    100% 11.6M=0.004s

2012-11-12 05:25:22 (11.6 MB/s) - `code/../crawls/cnet.com/Privacy-Policy/raw/cbsiprivacy.custhelp.com/euf/rightnow/optimized/1340165842/pages/answers/detail.js' saved [47782/47782]

--2012-11-12 05:25:22--  http://cbsiprivacy.custhelp.com/euf/rightnow/optimized/custom/autoload1340165842.js
Reusing existing connection to cbsiprivacy.custhelp.com:80.
HTTP request sent, awaiting response... 200 OK
Length: 392 [application/x-javascript]
Saving to: `code/../crawls/cnet.com/Privacy-Policy/raw/cbsiprivacy.custhelp.com/euf/rightnow/optimized/custom/autoload1340165842.js'

     0K                                                       100% 66.0M=0s

2012-11-12 05:25:23 (66.0 MB/s) - `code/../crawls/cnet.com/Privacy-Policy/raw/cbsiprivacy.custhelp.com/euf/rightnow/optimized/custom/autoload1340165842.js' saved [392/392]

--2012-11-12 05:25:23--  http://cbsiprivacy.custhelp.com/euf/rightnow/optimized/1340165842/themes/standard/images/layout/royalGrayBackground.png
Reusing existing connection to cbsiprivacy.custhelp.com:80.
HTTP request sent, awaiting response... 200 OK
Length: 351 [image/png]
Saving to: `code/../crawls/cnet.com/Privacy-Policy/raw/cbsiprivacy.custhelp.com/euf/rightnow/optimized/1340165842/themes/standard/images/layout/royalGrayBackground.png'

     0K                                                       100% 57.2M=0s

2012-11-12 05:25:23 (57.2 MB/s) - `code/../crawls/cnet.com/Privacy-Policy/raw/cbsiprivacy.custhelp.com/euf/rightnow/optimized/1340165842/themes/standard/images/layout/royalGrayBackground.png' saved [351/351]

--2012-11-12 05:25:23--  http://cbsiprivacy.custhelp.com/euf/rightnow/optimized/1340165842/themes/standard/images/buttonGradientCombo.png
Reusing existing connection to cbsiprivacy.custhelp.com:80.
HTTP request sent, awaiting response... 200 OK
Length: 140 [image/png]
Saving to: `code/../crawls/cnet.com/Privacy-Policy/raw/cbsiprivacy.custhelp.com/euf/rightnow/optimized/1340165842/themes/standard/images/buttonGradientCombo.png'

     0K                                                       100% 23.7M=0s

2012-11-12 05:25:23 (23.7 MB/s) - `code/../crawls/cnet.com/Privacy-Policy/raw/cbsiprivacy.custhelp.com/euf/rightnow/optimized/1340165842/themes/standard/images/buttonGradientCombo.png' saved [140/140]

--2012-11-12 05:25:23--  http://cbsiprivacy.custhelp.com/euf/rightnow/optimized/1340165842/themes/standard/images/layout/contactDiscs.png
Reusing existing connection to cbsiprivacy.custhelp.com:80.
HTTP request sent, awaiting response... 200 OK
Length: 2967 (2.9K) [image/png]
Saving to: `code/../crawls/cnet.com/Privacy-Policy/raw/cbsiprivacy.custhelp.com/euf/rightnow/optimized/1340165842/themes/standard/images/layout/contactDiscs.png'

     0K ..                                                    100%  299M=0s

2012-11-12 05:25:23 (299 MB/s) - `code/../crawls/cnet.com/Privacy-Policy/raw/cbsiprivacy.custhelp.com/euf/rightnow/optimized/1340165842/themes/standard/images/layout/contactDiscs.png' saved [2967/2967]

--2012-11-12 05:25:23--  http://cbsiprivacy.custhelp.com/euf/rightnow/optimized/1340165842/themes/standard/images/layout/important.png
Reusing existing connection to cbsiprivacy.custhelp.com:80.
HTTP request sent, awaiting response... 200 OK
Length: 1125 (1.1K) [image/png]
Saving to: `code/../crawls/cnet.com/Privacy-Policy/raw/cbsiprivacy.custhelp.com/euf/rightnow/optimized/1340165842/themes/standard/images/layout/important.png'

     0K .                                                     100%  157M=0s

2012-11-12 05:25:23 (157 MB/s) - `code/../crawls/cnet.com/Privacy-Policy/raw/cbsiprivacy.custhelp.com/euf/rightnow/optimized/1340165842/themes/standard/images/layout/important.png' saved [1125/1125]

--2012-11-12 05:25:23--  http://cbsiprivacy.custhelp.com/euf/rightnow/optimized/1340165842/themes/standard/images/layout/info.png
Reusing existing connection to cbsiprivacy.custhelp.com:80.
HTTP request sent, awaiting response... 200 OK
Length: 1915 (1.9K) [image/png]
Saving to: `code/../crawls/cnet.com/Privacy-Policy/raw/cbsiprivacy.custhelp.com/euf/rightnow/optimized/1340165842/themes/standard/images/layout/info.png'

     0K .                                                     100%  262M=0s

2012-11-12 05:25:23 (262 MB/s) - `code/../crawls/cnet.com/Privacy-Policy/raw/cbsiprivacy.custhelp.com/euf/rightnow/optimized/1340165842/themes/standard/images/layout/info.png' saved [1915/1915]

--2012-11-12 05:25:23--  http://cbsiprivacy.custhelp.com/euf/rightnow/optimized/1340165842/themes/standard/images/layout/accountOverview.png
Reusing existing connection to cbsiprivacy.custhelp.com:80.
HTTP request sent, awaiting response... 200 OK
Length: 2903 (2.8K) [image/png]
Saving to: `code/../crawls/cnet.com/Privacy-Policy/raw/cbsiprivacy.custhelp.com/euf/rightnow/optimized/1340165842/themes/standard/images/layout/accountOverview.png'

     0K ..                                                    100% 42.7M=0s

2012-11-12 05:25:23 (42.7 MB/s) - `code/../crawls/cnet.com/Privacy-Policy/raw/cbsiprivacy.custhelp.com/euf/rightnow/optimized/1340165842/themes/standard/images/layout/accountOverview.png' saved [2903/2903]

--2012-11-12 05:25:23--  http://cbsiprivacy.custhelp.com/euf/rightnow/optimized/1340165842/themes/standard/images/layout/createAccount.png
Reusing existing connection to cbsiprivacy.custhelp.com:80.
HTTP request sent, awaiting response... 200 OK
Length: 2614 (2.6K) [image/png]
Saving to: `code/../crawls/cnet.com/Privacy-Policy/raw/cbsiprivacy.custhelp.com/euf/rightnow/optimized/1340165842/themes/standard/images/layout/createAccount.png'

     0K ..                                                    100% 36.2M=0s

2012-11-12 05:25:23 (36.2 MB/s) - `code/../crawls/cnet.com/Privacy-Policy/raw/cbsiprivacy.custhelp.com/euf/rightnow/optimized/1340165842/themes/standard/images/layout/createAccount.png' saved [2614/2614]

--2012-11-12 05:25:23--  http://cbsiprivacy.custhelp.com/rnt/rnw/yui_2.7/assets/skins/sam/sprite.png
Reusing existing connection to cbsiprivacy.custhelp.com:80.
HTTP request sent, awaiting response... 200 OK
Length: 3745 (3.7K) [image/png]
Saving to: `code/../crawls/cnet.com/Privacy-Policy/raw/cbsiprivacy.custhelp.com/rnt/rnw/yui_2.7/assets/skins/sam/sprite.png'

     0K ...                                                   100%  421M=0s

2012-11-12 05:25:23 (421 MB/s) - `code/../crawls/cnet.com/Privacy-Policy/raw/cbsiprivacy.custhelp.com/rnt/rnw/yui_2.7/assets/skins/sam/sprite.png' saved [3745/3745]

--2012-11-12 05:25:23--  http://cbsiprivacy.custhelp.com/euf/rightnow/optimized/1340165842/pages/answers/adff
Reusing existing connection to cbsiprivacy.custhelp.com:80.
HTTP request sent, awaiting response... 404 Not Found
2012-11-12 05:25:23 ERROR 404: Not Found.

--2012-11-12 05:25:23--  http://cbsiprivacy.custhelp.com/euf/rightnow/optimized/1340165842/themes/standard/images/RatingStars.png
Reusing existing connection to cbsiprivacy.custhelp.com:80.
HTTP request sent, awaiting response... 200 OK
Length: 1389 (1.4K) [image/png]
Saving to: `code/../crawls/cnet.com/Privacy-Policy/raw/cbsiprivacy.custhelp.com/euf/rightnow/optimized/1340165842/themes/standard/images/RatingStars.png'

     0K .                                                     100%  193M=0s

2012-11-12 05:25:23 (193 MB/s) - `code/../crawls/cnet.com/Privacy-Policy/raw/cbsiprivacy.custhelp.com/euf/rightnow/optimized/1340165842/themes/standard/images/RatingStars.png' saved [1389/1389]

--2012-11-12 05:25:23--  http://cbsiprivacy.custhelp.com/euf/rightnow/optimized/1340165842/themes/standard/images/icons/socialBookmark.png
Reusing existing connection to cbsiprivacy.custhelp.com:80.
HTTP request sent, awaiting response... 200 OK
Length: 2060 (2.0K) [image/png]
Saving to: `code/../crawls/cnet.com/Privacy-Policy/raw/cbsiprivacy.custhelp.com/euf/rightnow/optimized/1340165842/themes/standard/images/icons/socialBookmark.png'

     0K ..                                                    100%  265M=0s

2012-11-12 05:25:23 (265 MB/s) - `code/../crawls/cnet.com/Privacy-Policy/raw/cbsiprivacy.custhelp.com/euf/rightnow/optimized/1340165842/themes/standard/images/icons/socialBookmark.png' saved [2060/2060]

--2012-11-12 05:25:23--  http://cbsiprivacy.custhelp.com/euf/assets/themes/standard/images/tabBackground.png
Reusing existing connection to cbsiprivacy.custhelp.com:80.
HTTP request sent, awaiting response... 200 OK
Length: 750 [image/png]
Saving to: `code/../crawls/cnet.com/Privacy-Policy/raw/cbsiprivacy.custhelp.com/euf/assets/themes/standard/images/tabBackground.png'

     0K                                                       100%  122M=0s

2012-11-12 05:25:23 (122 MB/s) - `code/../crawls/cnet.com/Privacy-Policy/raw/cbsiprivacy.custhelp.com/euf/assets/themes/standard/images/tabBackground.png' saved [750/750]

--2012-11-12 05:25:23--  http://cbsiprivacy.custhelp.com/euf/assets/themes/standard/images/buttonGradientCombo.png
Reusing existing connection to cbsiprivacy.custhelp.com:80.
HTTP request sent, awaiting response... 200 OK
Length: 140 [image/png]
Saving to: `code/../crawls/cnet.com/Privacy-Policy/raw/cbsiprivacy.custhelp.com/euf/assets/themes/standard/images/buttonGradientCombo.png'

     0K                                                       100% 24.8M=0s

2012-11-12 05:25:23 (24.8 MB/s) - `code/../crawls/cnet.com/Privacy-Policy/raw/cbsiprivacy.custhelp.com/euf/assets/themes/standard/images/buttonGradientCombo.png' saved [140/140]

--2012-11-12 05:25:23--  http://cbsiprivacy.custhelp.com/euf/assets/images/HEADER_cbsiprivacy_620x50.gif
Reusing existing connection to cbsiprivacy.custhelp.com:80.
HTTP request sent, awaiting response... 200 OK
Length: 6326 (6.2K) [image/gif]
Saving to: `code/../crawls/cnet.com/Privacy-Policy/raw/cbsiprivacy.custhelp.com/euf/assets/images/HEADER_cbsiprivacy_620x50.gif'

     0K ......                                                100% 25.6M=0s

2012-11-12 05:25:23 (25.6 MB/s) - `code/../crawls/cnet.com/Privacy-Policy/raw/cbsiprivacy.custhelp.com/euf/assets/images/HEADER_cbsiprivacy_620x50.gif' saved [6326/6326]

FINISHED --2012-11-12 05:25:23--
Total wall clock time: 2.2s
Downloaded: 28 files, 385K in 0.3s (1.31 MB/s)
Converting code/../crawls/cnet.com/Privacy-Policy/raw/cbsiprivacy.custhelp.com/app/answers/detail/a_id/1265.html... 15-16
Converting code/../crawls/cnet.com/Privacy-Policy/raw/cbsiprivacy.custhelp.com/euf/rightnow/optimized/1340165842/templates/standard.themes.standard.SITE.css... 10-0
Converting code/../crawls/cnet.com/Privacy-Policy/raw/cbsiprivacy.custhelp.com/euf/assets/themes/standard/upgrades.css... 3-0
Converting code/../crawls/cnet.com/Privacy-Policy/raw/cbsiprivacy.custhelp.com/euf/rightnow/optimized/1340165842/pages/answers/detail.themes.standard.css... 2-1
Converted 4 files in 0.004 seconds.
