--2013-03-06 05:24:56--  http://rotoworld.com/about/privacy.aspx
Resolving rotoworld.com... 64.210.192.54
Connecting to rotoworld.com|64.210.192.54|:80... connected.
HTTP request sent, awaiting response... 301 Moved Permanently
Location: http://www.rotoworld.com/about/privacy.aspx [following]
--2013-03-06 05:24:56--  http://www.rotoworld.com/about/privacy.aspx
Resolving www.rotoworld.com... 206.160.170.57, 206.160.170.56
Connecting to www.rotoworld.com|206.160.170.57|:80... connected.
HTTP request sent, awaiting response... 200 OK
Length: unspecified [text/html]
Saving to: `code/../crawls/rotoworld.com/Privacy-Policy/raw/rotoworld.com/about/privacy.aspx.html'

     0K .......... .......... .......... .......... ..........  675K
    50K .......... .......... .......... .......... ..........  662K
   100K .......... .......... .                                7.34M=0.2s

2013-03-06 05:24:57 (797 KB/s) - `code/../crawls/rotoworld.com/Privacy-Policy/raw/rotoworld.com/about/privacy.aspx.html' saved [124408]

--2013-03-06 05:24:57--  http://www.rotoworld.com/favicon.ico
Reusing existing connection to www.rotoworld.com:80.
HTTP request sent, awaiting response... 200 OK
Length: 9062 (8.8K) [image/x-icon]
Saving to: `code/../crawls/rotoworld.com/Privacy-Policy/raw/www.rotoworld.com/favicon.ico'

     0K ........                                              100% 18.3M=0s

2013-03-06 05:24:57 (18.3 MB/s) - `code/../crawls/rotoworld.com/Privacy-Policy/raw/www.rotoworld.com/favicon.ico' saved [9062/9062]

--2013-03-06 05:24:57--  http://www.google-analytics.com/urchin.js
Resolving www.google-analytics.com... 173.194.34.162, 173.194.34.163, 173.194.34.164, ...
Connecting to www.google-analytics.com|173.194.34.162|:80... connected.
HTTP request sent, awaiting response... 200 OK
Length: unspecified [text/javascript]
Saving to: `code/../crawls/rotoworld.com/Privacy-Policy/raw/www.google-analytics.com/urchin.js'

     0K .......... .......... ..                               79.4K=0.3s

2013-03-06 05:24:58 (79.4 KB/s) - `code/../crawls/rotoworld.com/Privacy-Policy/raw/www.google-analytics.com/urchin.js' saved [22678]

--2013-03-06 05:24:58--  http://www.rotoworld.com/App_Themes/rw/a.v09252012.css
Connecting to www.rotoworld.com|206.160.170.57|:80... connected.
HTTP request sent, awaiting response... 200 OK
Length: 29601 (29K) [text/css]
Saving to: `code/../crawls/rotoworld.com/Privacy-Policy/raw/www.rotoworld.com/App_Themes/rw/a.v09252012.css'

     0K .......... .......... ........                        100% 4.21M=0.007s

2013-03-06 05:24:58 (4.21 MB/s) - `code/../crawls/rotoworld.com/Privacy-Policy/raw/www.rotoworld.com/App_Themes/rw/a.v09252012.css' saved [29601/29601]

--2013-03-06 05:24:58--  http://ajax.googleapis.com/ajax/libs/jquery/1.4.2/jquery.min.js
Resolving ajax.googleapis.com... 173.194.69.95, 2a00:1450:4008:c01::5f
Connecting to ajax.googleapis.com|173.194.69.95|:80... connected.
HTTP request sent, awaiting response... 200 OK
Length: unspecified [text/javascript]
Saving to: `code/../crawls/rotoworld.com/Privacy-Policy/raw/ajax.googleapis.com/ajax/libs/jquery/1.4.2/jquery.min.js'

     0K .......... .......... .......... .......... .......... 58.9K
    50K .......... ..........                                   136M=0.8s

2013-03-06 05:24:59 (83.0 KB/s) - `code/../crawls/rotoworld.com/Privacy-Policy/raw/ajax.googleapis.com/ajax/libs/jquery/1.4.2/jquery.min.js' saved [72174]

--2013-03-06 05:24:59--  http://www.rotoworld.com/zlibs/flyoutnav_v092012.js
Connecting to www.rotoworld.com|206.160.170.57|:80... connected.
HTTP request sent, awaiting response... 200 OK
Length: 14761 (14K) [application/x-javascript]
Saving to: `code/../crawls/rotoworld.com/Privacy-Policy/raw/www.rotoworld.com/zlibs/flyoutnav_v092012.js'

     0K .......... ....                                       100% 3.63M=0.004s

2013-03-06 05:24:59 (3.63 MB/s) - `code/../crawls/rotoworld.com/Privacy-Policy/raw/www.rotoworld.com/zlibs/flyoutnav_v092012.js' saved [14761/14761]

--2013-03-06 05:24:59--  http://www.nbcudigitaladops.com/hosted/global_header.js
Resolving www.nbcudigitaladops.com... 23.32.22.170
Connecting to www.nbcudigitaladops.com|23.32.22.170|:80... connected.
HTTP request sent, awaiting response... 200 OK
Length: 2009 (2.0K) [application/javascript]
Saving to: `code/../crawls/rotoworld.com/Privacy-Policy/raw/www.nbcudigitaladops.com/hosted/global_header.js'

     0K .                                                     100%  263M=0s

2013-03-06 05:24:59 (263 MB/s) - `code/../crawls/rotoworld.com/Privacy-Policy/raw/www.nbcudigitaladops.com/hosted/global_header.js' saved [2009/2009]

--2013-03-06 05:24:59--  http://www.rotoworld.com/zlibs/jcarousellite_1.0.1.js
Connecting to www.rotoworld.com|206.160.170.57|:80... connected.
HTTP request sent, awaiting response... 200 OK
Length: 14634 (14K) [application/x-javascript]
Saving to: `code/../crawls/rotoworld.com/Privacy-Policy/raw/www.rotoworld.com/zlibs/jcarousellite_1.0.1.js'

     0K .......... ....                                       100% 5.13M=0.003s

2013-03-06 05:24:59 (5.13 MB/s) - `code/../crawls/rotoworld.com/Privacy-Policy/raw/www.rotoworld.com/zlibs/jcarousellite_1.0.1.js' saved [14634/14634]

--2013-03-06 05:24:59--  http://www.rotoworld.com/zlibs/jquery.easing.1.3.js
Reusing existing connection to www.rotoworld.com:80.
HTTP request sent, awaiting response... 200 OK
Length: 8097 (7.9K) [application/x-javascript]
Saving to: `code/../crawls/rotoworld.com/Privacy-Policy/raw/www.rotoworld.com/zlibs/jquery.easing.1.3.js'

     0K .......                                               100% 17.6M=0s

2013-03-06 05:24:59 (17.6 MB/s) - `code/../crawls/rotoworld.com/Privacy-Policy/raw/www.rotoworld.com/zlibs/jquery.easing.1.3.js' saved [8097/8097]

--2013-03-06 05:24:59--  http://www.rotoworld.com/img/site/main-logo.png
Reusing existing connection to www.rotoworld.com:80.
HTTP request sent, awaiting response... 200 OK
Length: 14284 (14K) [image/png]
Saving to: `code/../crawls/rotoworld.com/Privacy-Policy/raw/www.rotoworld.com/img/site/main-logo.png'

     0K .......... ...                                        100% 14.0M=0.001s

2013-03-06 05:24:59 (14.0 MB/s) - `code/../crawls/rotoworld.com/Privacy-Policy/raw/www.rotoworld.com/img/site/main-logo.png' saved [14284/14284]

--2013-03-06 05:24:59--  http://www.rotoworld.com/img/partnerlogos/nbcsports-logo-2012.png
Reusing existing connection to www.rotoworld.com:80.
HTTP request sent, awaiting response... 200 OK
Length: 2949 (2.9K) [image/png]
Saving to: `code/../crawls/rotoworld.com/Privacy-Policy/raw/www.rotoworld.com/img/partnerlogos/nbcsports-logo-2012.png'

     0K ..                                                    100%  227M=0s

2013-03-06 05:24:59 (227 MB/s) - `code/../crawls/rotoworld.com/Privacy-Policy/raw/www.rotoworld.com/img/partnerlogos/nbcsports-logo-2012.png' saved [2949/2949]

--2013-03-06 05:24:59--  http://www.rotoworld.com/scoreboard-jquery-nbc/ticker.html?width=715&sports=nhl%7Cnba%7Ccbk%7Cmlb
Reusing existing connection to www.rotoworld.com:80.
HTTP request sent, awaiting response... 200 OK
Length: 2228 (2.2K) [text/html]
Saving to: `code/../crawls/rotoworld.com/Privacy-Policy/raw/www.rotoworld.com/scoreboard-jquery-nbc/ticker.html?width=715&sports=nhl%7Cnba%7Ccbk%7Cmlb.html'

     0K ..                                                    100%  294M=0s

2013-03-06 05:24:59 (294 MB/s) - `code/../crawls/rotoworld.com/Privacy-Policy/raw/www.rotoworld.com/scoreboard-jquery-nbc/ticker.html?width=715&sports=nhl%7Cnba%7Ccbk%7Cmlb.html' saved [2228/2228]

--2013-03-06 05:24:59--  http://ad.doubleclick.net/jump/nbcu.rotosports/roto_home;site=roto;sect=home;!c=home;!c=noopapd!c=home;pos=1;tile=1;sz=728x90;ord=123456a?
Resolving ad.doubleclick.net... 173.194.69.149, 173.194.69.148
Connecting to ad.doubleclick.net|173.194.69.149|:80... connected.
HTTP request sent, awaiting response... 204 No Content
Length: 0
Saving to: `code/../crawls/rotoworld.com/Privacy-Policy/raw/ad.doubleclick.net/jump/nbcu.rotosports/roto_home;site=roto;sect=home;!c=home;!c=noopapd!c=home;pos=1;tile=1;sz=728x90;ord=123456a.html'

     0K                                                        0.00 =0s

2013-03-06 05:25:00 (0.00 B/s) - `code/../crawls/rotoworld.com/Privacy-Policy/raw/ad.doubleclick.net/jump/nbcu.rotosports/roto_home;site=roto;sect=home;!c=home;!c=noopapd!c=home;pos=1;tile=1;sz=728x90;ord=123456a.html' saved [0/0]

--2013-03-06 05:25:00--  http://www.rotoworld.com/img/site/live.png
Connecting to www.rotoworld.com|206.160.170.57|:80... connected.
HTTP request sent, awaiting response... 200 OK
Length: 883 [image/png]
Saving to: `code/../crawls/rotoworld.com/Privacy-Policy/raw/www.rotoworld.com/img/site/live.png'

     0K                                                       100% 93.8M=0s

2013-03-06 05:25:00 (93.8 MB/s) - `code/../crawls/rotoworld.com/Privacy-Policy/raw/www.rotoworld.com/img/site/live.png' saved [883/883]

--2013-03-06 05:25:00--  http://www.rotoworld.com/img/blogs/hbt_logo.png
Reusing existing connection to www.rotoworld.com:80.
HTTP request sent, awaiting response... 200 OK
Length: 3108 (3.0K) [image/png]
Saving to: `code/../crawls/rotoworld.com/Privacy-Policy/raw/www.rotoworld.com/img/blogs/hbt_logo.png'

     0K ...                                                   100% 56.7M=0s

2013-03-06 05:25:00 (56.7 MB/s) - `code/../crawls/rotoworld.com/Privacy-Policy/raw/www.rotoworld.com/img/blogs/hbt_logo.png' saved [3108/3108]

--2013-03-06 05:25:00--  http://www.rotoworld.com/img/blogs/pft_logo.png
Reusing existing connection to www.rotoworld.com:80.
HTTP request sent, awaiting response... 200 OK
Length: 2752 (2.7K) [image/png]
Saving to: `code/../crawls/rotoworld.com/Privacy-Policy/raw/www.rotoworld.com/img/blogs/pft_logo.png'

     0K ..                                                    100% 37.1M=0s

2013-03-06 05:25:00 (37.1 MB/s) - `code/../crawls/rotoworld.com/Privacy-Policy/raw/www.rotoworld.com/img/blogs/pft_logo.png' saved [2752/2752]

--2013-03-06 05:25:00--  http://www.rotoworld.com/img/blogs/pbt_logo.png
Reusing existing connection to www.rotoworld.com:80.
HTTP request sent, awaiting response... 200 OK
Length: 3440 (3.4K) [image/png]
Saving to: `code/../crawls/rotoworld.com/Privacy-Policy/raw/www.rotoworld.com/img/blogs/pbt_logo.png'

     0K ...                                                   100% 46.1M=0s

2013-03-06 05:25:00 (46.1 MB/s) - `code/../crawls/rotoworld.com/Privacy-Policy/raw/www.rotoworld.com/img/blogs/pbt_logo.png' saved [3440/3440]

--2013-03-06 05:25:00--  http://www.rotoworld.com/img/blogs/pht_logo.png
Reusing existing connection to www.rotoworld.com:80.
HTTP request sent, awaiting response... 200 OK
Length: 3175 (3.1K) [image/png]
Saving to: `code/../crawls/rotoworld.com/Privacy-Policy/raw/www.rotoworld.com/img/blogs/pht_logo.png'

     0K ...                                                   100% 32.2M=0s

2013-03-06 05:25:00 (32.2 MB/s) - `code/../crawls/rotoworld.com/Privacy-Policy/raw/www.rotoworld.com/img/blogs/pht_logo.png' saved [3175/3175]

--2013-03-06 05:25:00--  http://www.rotoworld.com/img/blogs/cft_logo.png
Reusing existing connection to www.rotoworld.com:80.
HTTP request sent, awaiting response... 200 OK
Length: 3190 (3.1K) [image/png]
Saving to: `code/../crawls/rotoworld.com/Privacy-Policy/raw/www.rotoworld.com/img/blogs/cft_logo.png'

     0K ...                                                   100% 43.5M=0s

2013-03-06 05:25:00 (43.5 MB/s) - `code/../crawls/rotoworld.com/Privacy-Policy/raw/www.rotoworld.com/img/blogs/cft_logo.png' saved [3190/3190]

--2013-03-06 05:25:00--  http://www.rotoworld.com/img/blogs/gtc_logo.png?v=2
Reusing existing connection to www.rotoworld.com:80.
HTTP request sent, awaiting response... 200 OK
Length: 3422 (3.3K) [image/png]
Saving to: `code/../crawls/rotoworld.com/Privacy-Policy/raw/www.rotoworld.com/img/blogs/gtc_logo.png?v=2'

     0K ...                                                   100% 44.9M=0s

2013-03-06 05:25:00 (44.9 MB/s) - `code/../crawls/rotoworld.com/Privacy-Policy/raw/www.rotoworld.com/img/blogs/gtc_logo.png?v=2' saved [3422/3422]

--2013-03-06 05:25:00--  http://www.rotoworld.com/img/blogs/cbt_logo.png
Reusing existing connection to www.rotoworld.com:80.
HTTP request sent, awaiting response... 200 OK
Length: 3799 (3.7K) [image/png]
Saving to: `code/../crawls/rotoworld.com/Privacy-Policy/raw/www.rotoworld.com/img/blogs/cbt_logo.png'

     0K ...                                                   100% 41.3M=0s

2013-03-06 05:25:00 (41.3 MB/s) - `code/../crawls/rotoworld.com/Privacy-Policy/raw/www.rotoworld.com/img/blogs/cbt_logo.png' saved [3799/3799]

--2013-03-06 05:25:00--  http://www.rotoworld.com/img/blogs/otb_logo.png
Reusing existing connection to www.rotoworld.com:80.
HTTP request sent, awaiting response... 200 OK
Length: 4174 (4.1K) [image/png]
Saving to: `code/../crawls/rotoworld.com/Privacy-Policy/raw/www.rotoworld.com/img/blogs/otb_logo.png'

     0K ....                                                  100% 12.5M=0s

2013-03-06 05:25:00 (12.5 MB/s) - `code/../crawls/rotoworld.com/Privacy-Policy/raw/www.rotoworld.com/img/blogs/otb_logo.png' saved [4174/4174]

--2013-03-06 05:25:00--  http://www.rotoworld.com/img/blogs/pst_logo.png
Reusing existing connection to www.rotoworld.com:80.
HTTP request sent, awaiting response... 200 OK
Length: 3533 (3.5K) [image/png]
Saving to: `code/../crawls/rotoworld.com/Privacy-Policy/raw/www.rotoworld.com/img/blogs/pst_logo.png'

     0K ...                                                   100% 45.1M=0s

2013-03-06 05:25:00 (45.1 MB/s) - `code/../crawls/rotoworld.com/Privacy-Policy/raw/www.rotoworld.com/img/blogs/pst_logo.png' saved [3533/3533]

--2013-03-06 05:25:00--  http://www.rotoworld.com/img/promos/100x80_baseball_stacked.png
Reusing existing connection to www.rotoworld.com:80.
HTTP request sent, awaiting response... 200 OK
Length: 19987 (20K) [image/png]
Saving to: `code/../crawls/rotoworld.com/Privacy-Policy/raw/www.rotoworld.com/img/promos/100x80_baseball_stacked.png'

     0K .......... .........                                  100% 6.80M=0.003s

2013-03-06 05:25:00 (6.80 MB/s) - `code/../crawls/rotoworld.com/Privacy-Policy/raw/www.rotoworld.com/img/promos/100x80_baseball_stacked.png' saved [19987/19987]

--2013-03-06 05:25:00--  http://www.rotoworld.com/img/promos/100x80_hockey_stacked.png
Reusing existing connection to www.rotoworld.com:80.
HTTP request sent, awaiting response... 200 OK
Length: 17147 (17K) [image/png]
Saving to: `code/../crawls/rotoworld.com/Privacy-Policy/raw/www.rotoworld.com/img/promos/100x80_hockey_stacked.png'

     0K .......... ......                                     100% 6.94M=0.002s

2013-03-06 05:25:00 (6.94 MB/s) - `code/../crawls/rotoworld.com/Privacy-Policy/raw/www.rotoworld.com/img/promos/100x80_hockey_stacked.png' saved [17147/17147]

--2013-03-06 05:25:00--  http://www.rotoworld.com/img/promos/100x80_golf_stacked.png
Reusing existing connection to www.rotoworld.com:80.
HTTP request sent, awaiting response... 200 OK
Length: 16442 (16K) [image/png]
Saving to: `code/../crawls/rotoworld.com/Privacy-Policy/raw/www.rotoworld.com/img/promos/100x80_golf_stacked.png'

     0K .......... ......                                     100% 12.8M=0.001s

2013-03-06 05:25:00 (12.8 MB/s) - `code/../crawls/rotoworld.com/Privacy-Policy/raw/www.rotoworld.com/img/promos/100x80_golf_stacked.png' saved [16442/16442]

--2013-03-06 05:25:00--  http://www.rotoworld.com/img/promos/100x80_auto_stacked.png
Reusing existing connection to www.rotoworld.com:80.
HTTP request sent, awaiting response... 200 OK
Length: 11775 (11K) [image/png]
Saving to: `code/../crawls/rotoworld.com/Privacy-Policy/raw/www.rotoworld.com/img/promos/100x80_auto_stacked.png'

     0K .......... .                                          100% 13.9M=0.001s

2013-03-06 05:25:00 (13.9 MB/s) - `code/../crawls/rotoworld.com/Privacy-Policy/raw/www.rotoworld.com/img/promos/100x80_auto_stacked.png' saved [11775/11775]

--2013-03-06 05:25:00--  http://ad.doubleclick.net/jump/nbcu.rotosports/roto_home;site=roto;sect=home;!c=home;!c=noopapd!c=home;pos=2;tile=2;sz=300x250;ord=123456a?
Connecting to ad.doubleclick.net|173.194.69.149|:80... connected.
HTTP request sent, awaiting response... 204 No Content
Length: 0
Saving to: `code/../crawls/rotoworld.com/Privacy-Policy/raw/ad.doubleclick.net/jump/nbcu.rotosports/roto_home;site=roto;sect=home;!c=home;!c=noopapd!c=home;pos=2;tile=2;sz=300x250;ord=123456a.html'

     0K                                                        0.00 =0s

2013-03-06 05:25:00 (0.00 B/s) - `code/../crawls/rotoworld.com/Privacy-Policy/raw/ad.doubleclick.net/jump/nbcu.rotosports/roto_home;site=roto;sect=home;!c=home;!c=noopapd!c=home;pos=2;tile=2;sz=300x250;ord=123456a.html' saved [0/0]

--2013-03-06 05:25:00--  http://www.rotoworld.com/app_themes/mini-video-slider.css
Connecting to www.rotoworld.com|206.160.170.57|:80... connected.
HTTP request sent, awaiting response... 200 OK
Length: 1147 (1.1K) [text/css]
Saving to: `code/../crawls/rotoworld.com/Privacy-Policy/raw/www.rotoworld.com/app_themes/mini-video-slider.css'

     0K .                                                     100%  172M=0s

2013-03-06 05:25:00 (172 MB/s) - `code/../crawls/rotoworld.com/Privacy-Policy/raw/www.rotoworld.com/app_themes/mini-video-slider.css' saved [1147/1147]

--2013-03-06 05:25:00--  http://nbcsportsmedia.msnbc.com/j/NBCSports/Components/Video/2013/03%20-%20March/130304/s_ffix_mlbdraftprevsp_130304.standard.jpg
Resolving nbcsportsmedia.msnbc.com... 174.35.15.166, 174.35.40.9
Connecting to nbcsportsmedia.msnbc.com|174.35.15.166|:80... connected.
HTTP request sent, awaiting response... 200 OK
Length: 3838 (3.7K) [image/jpeg]
Saving to: `code/../crawls/rotoworld.com/Privacy-Policy/raw/nbcsportsmedia.msnbc.com/j/NBCSports/Components/Video/2013/03 - March/130304/s_ffix_mlbdraftprevsp_130304.standard.jpg'

     0K ...                                                   100%  253M=0s

2013-03-06 05:25:00 (253 MB/s) - `code/../crawls/rotoworld.com/Privacy-Policy/raw/nbcsportsmedia.msnbc.com/j/NBCSports/Components/Video/2013/03 - March/130304/s_ffix_mlbdraftprevsp_130304.standard.jpg' saved [3838/3838]

--2013-03-06 05:25:00--  http://nbcsportsmedia4.msnbc.com/j/NBCSports/Components/Video/2013/03%20-%20March/130304/s_ffix_mlbdraftprevrp_130304.standard.jpg
Resolving nbcsportsmedia4.msnbc.com... 174.35.40.9, 174.35.15.166
Reusing existing connection to nbcsportsmedia.msnbc.com:80.
HTTP request sent, awaiting response... 200 OK
Length: 3862 (3.8K) [image/jpeg]
Saving to: `code/../crawls/rotoworld.com/Privacy-Policy/raw/nbcsportsmedia4.msnbc.com/j/NBCSports/Components/Video/2013/03 - March/130304/s_ffix_mlbdraftprevrp_130304.standard.jpg'

     0K ...                                                   100% 40.3M=0s

2013-03-06 05:25:00 (40.3 MB/s) - `code/../crawls/rotoworld.com/Privacy-Policy/raw/nbcsportsmedia4.msnbc.com/j/NBCSports/Components/Video/2013/03 - March/130304/s_ffix_mlbdraftprevrp_130304.standard.jpg' saved [3862/3862]

--2013-03-06 05:25:00--  http://nbcsportsmedia4.msnbc.com/j/NBCSports/Components/Video/2013/03%20-%20March/130301/s_ffix_mlbdraftprevof_130301.standard.jpg
Reusing existing connection to nbcsportsmedia.msnbc.com:80.
HTTP request sent, awaiting response... 200 OK
Length: 5718 (5.6K) [image/jpeg]
Saving to: `code/../crawls/rotoworld.com/Privacy-Policy/raw/nbcsportsmedia4.msnbc.com/j/NBCSports/Components/Video/2013/03 - March/130301/s_ffix_mlbdraftprevof_130301.standard.jpg'

     0K .....                                                 100% 11.8M=0s

2013-03-06 05:25:00 (11.8 MB/s) - `code/../crawls/rotoworld.com/Privacy-Policy/raw/nbcsportsmedia4.msnbc.com/j/NBCSports/Components/Video/2013/03 - March/130301/s_ffix_mlbdraftprevof_130301.standard.jpg' saved [5718/5718]

--2013-03-06 05:25:00--  http://nbcsportsmedia3.msnbc.com/j/NBCSports/Components/Video/2013/03%20-%20March/130301/s_ffix_mlbdraftprev3b_130301.standard.jpg
Resolving nbcsportsmedia3.msnbc.com... 174.35.15.166, 174.35.40.9
Reusing existing connection to nbcsportsmedia.msnbc.com:80.
HTTP request sent, awaiting response... 200 OK
Length: 4396 (4.3K) [image/jpeg]
Saving to: `code/../crawls/rotoworld.com/Privacy-Policy/raw/nbcsportsmedia3.msnbc.com/j/NBCSports/Components/Video/2013/03 - March/130301/s_ffix_mlbdraftprev3b_130301.standard.jpg'

     0K ....                                                  100% 23.0M=0s

2013-03-06 05:25:00 (23.0 MB/s) - `code/../crawls/rotoworld.com/Privacy-Policy/raw/nbcsportsmedia3.msnbc.com/j/NBCSports/Components/Video/2013/03 - March/130301/s_ffix_mlbdraftprev3b_130301.standard.jpg' saved [4396/4396]

--2013-03-06 05:25:00--  http://nbcsportsmedia2.msnbc.com/j/NBCSports/Components/Video/2013/02%20-%20February/130228/s_ffix_mlbdraftprevss_130228.standard.jpg
Resolving nbcsportsmedia2.msnbc.com... 174.35.40.9, 174.35.15.166
Reusing existing connection to nbcsportsmedia.msnbc.com:80.
HTTP request sent, awaiting response... 200 OK
Length: 4388 (4.3K) [image/jpeg]
Saving to: `code/../crawls/rotoworld.com/Privacy-Policy/raw/nbcsportsmedia2.msnbc.com/j/NBCSports/Components/Video/2013/02 - February/130228/s_ffix_mlbdraftprevss_130228.standard.jpg'

     0K ....                                                  100% 37.6M=0s

2013-03-06 05:25:00 (37.6 MB/s) - `code/../crawls/rotoworld.com/Privacy-Policy/raw/nbcsportsmedia2.msnbc.com/j/NBCSports/Components/Video/2013/02 - February/130228/s_ffix_mlbdraftprevss_130228.standard.jpg' saved [4388/4388]

--2013-03-06 05:25:00--  http://nbcsportsmedia3.msnbc.com/j/NBCSports/Components/Video/2013/02%20-%20February/130228/s_stu_qbdraftranks_130228.standard.jpg
Reusing existing connection to nbcsportsmedia.msnbc.com:80.
HTTP request sent, awaiting response... 200 OK
Length: 4831 (4.7K) [image/jpeg]
Saving to: `code/../crawls/rotoworld.com/Privacy-Policy/raw/nbcsportsmedia3.msnbc.com/j/NBCSports/Components/Video/2013/02 - February/130228/s_stu_qbdraftranks_130228.standard.jpg'

     0K ....                                                  100% 10.9M=0s

2013-03-06 05:25:00 (10.9 MB/s) - `code/../crawls/rotoworld.com/Privacy-Policy/raw/nbcsportsmedia3.msnbc.com/j/NBCSports/Components/Video/2013/02 - February/130228/s_stu_qbdraftranks_130228.standard.jpg' saved [4831/4831]

--2013-03-06 05:25:00--  http://nbcsportsmedia1.msnbc.com/j/NBCSports/Components/Video/2013/02%20-%20February/130228/s_ffix_mlbdraftprev2b_130228.standard.jpg
Resolving nbcsportsmedia1.msnbc.com... 174.35.15.166, 174.35.40.9
Reusing existing connection to nbcsportsmedia.msnbc.com:80.
HTTP request sent, awaiting response... 200 OK
Length: 3401 (3.3K) [image/jpeg]
Saving to: `code/../crawls/rotoworld.com/Privacy-Policy/raw/nbcsportsmedia1.msnbc.com/j/NBCSports/Components/Video/2013/02 - February/130228/s_ffix_mlbdraftprev2b_130228.standard.jpg'

     0K ...                                                   100%  405M=0s

2013-03-06 05:25:00 (405 MB/s) - `code/../crawls/rotoworld.com/Privacy-Policy/raw/nbcsportsmedia1.msnbc.com/j/NBCSports/Components/Video/2013/02 - February/130228/s_ffix_mlbdraftprev2b_130228.standard.jpg' saved [3401/3401]

--2013-03-06 05:25:00--  http://nbcsportsmedia.msnbc.com/j/NBCSports/Components/Video/2013/02%20-%20February/130228/s_stu_rbdraftranks_130228.standard.jpg
Reusing existing connection to nbcsportsmedia.msnbc.com:80.
HTTP request sent, awaiting response... 200 OK
Length: 5313 (5.2K) [image/jpeg]
Saving to: `code/../crawls/rotoworld.com/Privacy-Policy/raw/nbcsportsmedia.msnbc.com/j/NBCSports/Components/Video/2013/02 - February/130228/s_stu_rbdraftranks_130228.standard.jpg'

     0K .....                                                 100% 12.7M=0s

2013-03-06 05:25:00 (12.7 MB/s) - `code/../crawls/rotoworld.com/Privacy-Policy/raw/nbcsportsmedia.msnbc.com/j/NBCSports/Components/Video/2013/02 - February/130228/s_stu_rbdraftranks_130228.standard.jpg' saved [5313/5313]

--2013-03-06 05:25:00--  http://ticketsnow.ticketmaster.com/PromotionalContent/NBCSports.aspx?category=nfl&zipcode='%20+%20zip%20+%20'
Resolving ticketsnow.ticketmaster.com... 23.56.121.116
Connecting to ticketsnow.ticketmaster.com|23.56.121.116|:80... connected.
HTTP request sent, awaiting response... 200 OK
Length: 2263 (2.2K) [text/html]
Saving to: `code/../crawls/rotoworld.com/Privacy-Policy/raw/ticketsnow.ticketmaster.com/PromotionalContent/NBCSports.aspx?category=nfl&zipcode=\'%20+%20zip%20+%20\'.html'

     0K ..                                                    100%  287M=0s

2013-03-06 05:25:01 (287 MB/s) - `code/../crawls/rotoworld.com/Privacy-Policy/raw/ticketsnow.ticketmaster.com/PromotionalContent/NBCSports.aspx?category=nfl&zipcode=\'%20+%20zip%20+%20\'.html' saved [2263/2263]

--2013-03-06 05:25:01--  http://www.rotoworld.com/images/photos/MLB/NYY/MLB_Teixeira1_small.jpg
Connecting to www.rotoworld.com|206.160.170.57|:80... connected.
HTTP request sent, awaiting response... 200 OK
Length: 39351 (38K) [image/jpeg]
Saving to: `code/../crawls/rotoworld.com/Privacy-Policy/raw/www.rotoworld.com/images/photos/MLB/NYY/MLB_Teixeira1_small.jpg'

     0K .......... .......... .......... ........             100% 6.42M=0.006s

2013-03-06 05:25:01 (6.42 MB/s) - `code/../crawls/rotoworld.com/Privacy-Policy/raw/www.rotoworld.com/images/photos/MLB/NYY/MLB_Teixeira1_small.jpg' saved [39351/39351]

--2013-03-06 05:25:01--  http://www.rotoworld.com/img/partnerlogos/nbc-logo-2012.png
Reusing existing connection to www.rotoworld.com:80.
HTTP request sent, awaiting response... 200 OK
Length: 7524 (7.3K) [image/png]
Saving to: `code/../crawls/rotoworld.com/Privacy-Policy/raw/www.rotoworld.com/img/partnerlogos/nbc-logo-2012.png'

     0K .......                                               100% 16.4M=0s

2013-03-06 05:25:01 (16.4 MB/s) - `code/../crawls/rotoworld.com/Privacy-Policy/raw/www.rotoworld.com/img/partnerlogos/nbc-logo-2012.png' saved [7524/7524]

--2013-03-06 05:25:01--  http://www.rotoworld.com/zlibs/ominture.js
Reusing existing connection to www.rotoworld.com:80.
HTTP request sent, awaiting response... 200 OK
Length: 20919 (20K) [application/x-javascript]
Saving to: `code/../crawls/rotoworld.com/Privacy-Policy/raw/www.rotoworld.com/zlibs/ominture.js'

     0K .......... ..........                                 100% 12.4M=0.002s

2013-03-06 05:25:01 (12.4 MB/s) - `code/../crawls/rotoworld.com/Privacy-Policy/raw/www.rotoworld.com/zlibs/ominture.js' saved [20919/20919]

--2013-03-06 05:25:01--  http://edge.quantserve.com/quant.js
Resolving edge.quantserve.com... 64.94.107.64, 64.94.107.23, 64.94.107.34, ...
Connecting to edge.quantserve.com|64.94.107.64|:80... connected.
HTTP request sent, awaiting response... 200 OK
Length: 5839 (5.7K) [application/x-javascript]
Saving to: `code/../crawls/rotoworld.com/Privacy-Policy/raw/edge.quantserve.com/quant.js'

     0K .....                                                 100%  120K=0.05s

2013-03-06 05:25:01 (120 KB/s) - `code/../crawls/rotoworld.com/Privacy-Policy/raw/edge.quantserve.com/quant.js' saved [5839/5839]

--2013-03-06 05:25:01--  http://pixel.quantserve.com/pixel/p-bb5-6blQm-CI-.gif
Resolving pixel.quantserve.com... 64.94.107.55, 64.94.107.21, 64.94.107.25, ...
Connecting to pixel.quantserve.com|64.94.107.55|:80... connected.
HTTP request sent, awaiting response... 200 OK
Length: 35 [image/gif]
Saving to: `code/../crawls/rotoworld.com/Privacy-Policy/raw/pixel.quantserve.com/pixel/p-bb5-6blQm-CI-.gif'

     0K                                                       100% 5.39M=0s

2013-03-06 05:25:01 (5.39 MB/s) - `code/../crawls/rotoworld.com/Privacy-Policy/raw/pixel.quantserve.com/pixel/p-bb5-6blQm-CI-.gif' saved [35/35]

--2013-03-06 05:25:01--  http://www.nbcudigitaladops.com/hosted/global.js
Connecting to www.nbcudigitaladops.com|23.32.22.170|:80... connected.
HTTP request sent, awaiting response... 200 OK
Length: 1188 (1.2K) [application/javascript]
Saving to: `code/../crawls/rotoworld.com/Privacy-Policy/raw/www.nbcudigitaladops.com/hosted/global.js'

     0K .                                                     100%  163M=0s

2013-03-06 05:25:01 (163 MB/s) - `code/../crawls/rotoworld.com/Privacy-Policy/raw/www.nbcudigitaladops.com/hosted/global.js' saved [1188/1188]

--2013-03-06 05:25:01--  http://ad.doubleclick.net/jump/nbcu.rotosports/roto_home;site=roto;sect=home;!c=home;!c=noopapd!c=home;pos=3;tile=3;sz=160x600;ord=123456a?
Connecting to ad.doubleclick.net|173.194.69.149|:80... connected.
HTTP request sent, awaiting response... 204 No Content
Length: 0
Saving to: `code/../crawls/rotoworld.com/Privacy-Policy/raw/ad.doubleclick.net/jump/nbcu.rotosports/roto_home;site=roto;sect=home;!c=home;!c=noopapd!c=home;pos=3;tile=3;sz=160x600;ord=123456a.html'

     0K                                                        0.00 =0s

2013-03-06 05:25:02 (0.00 B/s) - `code/../crawls/rotoworld.com/Privacy-Policy/raw/ad.doubleclick.net/jump/nbcu.rotosports/roto_home;site=roto;sect=home;!c=home;!c=noopapd!c=home;pos=3;tile=3;sz=160x600;ord=123456a.html' saved [0/0]

The name is too long, 131 chars total.
Trying to shorten...
New name is WebResource.axd?d=W2_zxUcqQAFKnzlcm-OM9HyJZ9-jjmxf107o0eo14erknDBloaZOofdZNG8nWtzZBzgH7aX8HtWlillLYtYeTmqiwjY1&t=63470366229872.
The name is too long, 131 chars total.
Trying to shorten...
New name is WebResource.axd?d=W2_zxUcqQAFKnzlcm-OM9HyJZ9-jjmxf107o0eo14erknDBloaZOofdZNG8nWtzZBzgH7aX8HtWlillLYtYeTmqiwjY1&t=63470366229872.
--2013-03-06 05:25:02--  http://www.rotoworld.com/WebResource.axd?d=W2_zxUcqQAFKnzlcm-OM9HyJZ9-jjmxf107o0eo14erknDBloaZOofdZNG8nWtzZBzgH7aX8HtWlillLYtYeTmqiwjY1&t=634703662298723805
Connecting to www.rotoworld.com|206.160.170.57|:80... connected.
HTTP request sent, awaiting response... 200 OK
Length: 21823 (21K) [application/x-javascript]
Saving to: `code/../crawls/rotoworld.com/Privacy-Policy/raw/www.rotoworld.com/WebResource.axd?d=W2_zxUcqQAFKnzlcm-OM9HyJZ9-jjmxf107o0eo14erknDBloaZOofdZNG8nWtzZBzgH7aX8HtWlillLYtYeTmqiwjY1&t=63470366229872'

     0K .......... .......... .                               100%  152K=0.1s

2013-03-06 05:25:02 (152 KB/s) - `code/../crawls/rotoworld.com/Privacy-Policy/raw/www.rotoworld.com/WebResource.axd?d=W2_zxUcqQAFKnzlcm-OM9HyJZ9-jjmxf107o0eo14erknDBloaZOofdZNG8nWtzZBzgH7aX8HtWlillLYtYeTmqiwjY1&t=63470366229872' saved [21823/21823]

--2013-03-06 05:25:02--  http://www.rotoworld.com/App_Themes/rw/images/header-slice.png
Reusing existing connection to www.rotoworld.com:80.
HTTP request sent, awaiting response... 200 OK
Length: 168 [image/png]
Saving to: `code/../crawls/rotoworld.com/Privacy-Policy/raw/www.rotoworld.com/App_Themes/rw/images/header-slice.png'

     0K                                                       100% 28.8M=0s

2013-03-06 05:25:02 (28.8 MB/s) - `code/../crawls/rotoworld.com/Privacy-Policy/raw/www.rotoworld.com/App_Themes/rw/images/header-slice.png' saved [168/168]

--2013-03-06 05:25:02--  http://www.rotoworld.com/App_Themes/rw/images/header2-bg.png
Reusing existing connection to www.rotoworld.com:80.
HTTP request sent, awaiting response... 200 OK
Length: 2874 (2.8K) [image/png]
Saving to: `code/../crawls/rotoworld.com/Privacy-Policy/raw/www.rotoworld.com/App_Themes/rw/images/header2-bg.png'

     0K ..                                                    100%  189M=0s

2013-03-06 05:25:02 (189 MB/s) - `code/../crawls/rotoworld.com/Privacy-Policy/raw/www.rotoworld.com/App_Themes/rw/images/header2-bg.png' saved [2874/2874]

--2013-03-06 05:25:02--  http://www.rotoworld.com/App_Themes/rw/images/search-submit.png
Reusing existing connection to www.rotoworld.com:80.
HTTP request sent, awaiting response... 200 OK
Length: 1112 (1.1K) [image/png]
Saving to: `code/../crawls/rotoworld.com/Privacy-Policy/raw/www.rotoworld.com/App_Themes/rw/images/search-submit.png'

     0K .                                                     100%  192M=0s

2013-03-06 05:25:02 (192 MB/s) - `code/../crawls/rotoworld.com/Privacy-Policy/raw/www.rotoworld.com/App_Themes/rw/images/search-submit.png' saved [1112/1112]

--2013-03-06 05:25:02--  http://www.rotoworld.com/App_Themes/rw/images/navbg.jpg
Reusing existing connection to www.rotoworld.com:80.
HTTP request sent, awaiting response... 200 OK
Length: 337 [image/jpeg]
Saving to: `code/../crawls/rotoworld.com/Privacy-Policy/raw/www.rotoworld.com/App_Themes/rw/images/navbg.jpg'

     0K                                                       100% 59.6M=0s

2013-03-06 05:25:02 (59.6 MB/s) - `code/../crawls/rotoworld.com/Privacy-Policy/raw/www.rotoworld.com/App_Themes/rw/images/navbg.jpg' saved [337/337]

--2013-03-06 05:25:02--  http://www.rotoworld.com/App_Themes/rw/images/navlibg.jpg
Reusing existing connection to www.rotoworld.com:80.
HTTP request sent, awaiting response... 200 OK
Length: 565 [image/jpeg]
Saving to: `code/../crawls/rotoworld.com/Privacy-Policy/raw/www.rotoworld.com/App_Themes/rw/images/navlibg.jpg'

     0K                                                       100%  103M=0s

2013-03-06 05:25:02 (103 MB/s) - `code/../crawls/rotoworld.com/Privacy-Policy/raw/www.rotoworld.com/App_Themes/rw/images/navlibg.jpg' saved [565/565]

--2013-03-06 05:25:02--  http://www.rotoworld.com/App_Themes/rw/images/nav_active_right.jpg
Reusing existing connection to www.rotoworld.com:80.
HTTP request sent, awaiting response... 200 OK
Length: 890 [image/jpeg]
Saving to: `code/../crawls/rotoworld.com/Privacy-Policy/raw/www.rotoworld.com/App_Themes/rw/images/nav_active_right.jpg'

     0K                                                       100%  150M=0s

2013-03-06 05:25:02 (150 MB/s) - `code/../crawls/rotoworld.com/Privacy-Policy/raw/www.rotoworld.com/App_Themes/rw/images/nav_active_right.jpg' saved [890/890]

--2013-03-06 05:25:02--  http://www.rotoworld.com/App_Themes/rw/images/nav_active_left.jpg
Reusing existing connection to www.rotoworld.com:80.
HTTP request sent, awaiting response... 200 OK
Length: 570 [image/jpeg]
Saving to: `code/../crawls/rotoworld.com/Privacy-Policy/raw/www.rotoworld.com/App_Themes/rw/images/nav_active_left.jpg'

     0K                                                       100%  105M=0s

2013-03-06 05:25:02 (105 MB/s) - `code/../crawls/rotoworld.com/Privacy-Policy/raw/www.rotoworld.com/App_Themes/rw/images/nav_active_left.jpg' saved [570/570]

--2013-03-06 05:25:02--  http://www.rotoworld.com/App_Themes/rw/images/flyout_title_one.jpg
Reusing existing connection to www.rotoworld.com:80.
HTTP request sent, awaiting response... 200 OK
Length: 1223 (1.2K) [image/jpeg]
Saving to: `code/../crawls/rotoworld.com/Privacy-Policy/raw/www.rotoworld.com/App_Themes/rw/images/flyout_title_one.jpg'

     0K .                                                     100%  182M=0s

2013-03-06 05:25:02 (182 MB/s) - `code/../crawls/rotoworld.com/Privacy-Policy/raw/www.rotoworld.com/App_Themes/rw/images/flyout_title_one.jpg' saved [1223/1223]

--2013-03-06 05:25:02--  http://www.rotoworld.com/App_Themes/rw/images/flyout_title_two.jpg
Reusing existing connection to www.rotoworld.com:80.
HTTP request sent, awaiting response... 200 OK
Length: 554 [image/jpeg]
Saving to: `code/../crawls/rotoworld.com/Privacy-Policy/raw/www.rotoworld.com/App_Themes/rw/images/flyout_title_two.jpg'

     0K                                                       100%  103M=0s

2013-03-06 05:25:02 (103 MB/s) - `code/../crawls/rotoworld.com/Privacy-Policy/raw/www.rotoworld.com/App_Themes/rw/images/flyout_title_two.jpg' saved [554/554]

--2013-03-06 05:25:02--  http://www.rotoworld.com/App_Themes/rw/images/flyout_title_three.jpg
Reusing existing connection to www.rotoworld.com:80.
HTTP request sent, awaiting response... 200 OK
Length: 2512 (2.5K) [image/jpeg]
Saving to: `code/../crawls/rotoworld.com/Privacy-Policy/raw/www.rotoworld.com/App_Themes/rw/images/flyout_title_three.jpg'

     0K ..                                                    100%  299M=0s

2013-03-06 05:25:02 (299 MB/s) - `code/../crawls/rotoworld.com/Privacy-Policy/raw/www.rotoworld.com/App_Themes/rw/images/flyout_title_three.jpg' saved [2512/2512]

--2013-03-06 05:25:02--  http://www.rotoworld.com/App_Themes/rw/images/RW_bn_globe.jpg
Reusing existing connection to www.rotoworld.com:80.
HTTP request sent, awaiting response... 200 OK
Length: 701 [image/jpeg]
Saving to: `code/../crawls/rotoworld.com/Privacy-Policy/raw/www.rotoworld.com/App_Themes/rw/images/RW_bn_globe.jpg'

     0K                                                       100%  120M=0s

2013-03-06 05:25:02 (120 MB/s) - `code/../crawls/rotoworld.com/Privacy-Policy/raw/www.rotoworld.com/App_Themes/rw/images/RW_bn_globe.jpg' saved [701/701]

--2013-03-06 05:25:02--  http://www.rotoworld.com/App_Themes/rw/images/gradientbg_long.jpg
Reusing existing connection to www.rotoworld.com:80.
HTTP request sent, awaiting response... 200 OK
Length: 380 [image/jpeg]
Saving to: `code/../crawls/rotoworld.com/Privacy-Policy/raw/www.rotoworld.com/App_Themes/rw/images/gradientbg_long.jpg'

     0K                                                       100% 65.5M=0s

2013-03-06 05:25:02 (65.5 MB/s) - `code/../crawls/rotoworld.com/Privacy-Policy/raw/www.rotoworld.com/App_Themes/rw/images/gradientbg_long.jpg' saved [380/380]

--2013-03-06 05:25:02--  http://www.rotoworld.com/App_Themes/rw/images/gradientbg_s.jpg
Reusing existing connection to www.rotoworld.com:80.
HTTP request sent, awaiting response... 200 OK
Length: 7741 (7.6K) [image/jpeg]
Saving to: `code/../crawls/rotoworld.com/Privacy-Policy/raw/www.rotoworld.com/App_Themes/rw/images/gradientbg_s.jpg'

     0K .......                                               100% 16.8M=0s

2013-03-06 05:25:02 (16.8 MB/s) - `code/../crawls/rotoworld.com/Privacy-Policy/raw/www.rotoworld.com/App_Themes/rw/images/gradientbg_s.jpg' saved [7741/7741]

--2013-03-06 05:25:02--  http://www.rotoworld.com/App_Themes/rw/images/headlinesbg.jpg
Reusing existing connection to www.rotoworld.com:80.
HTTP request sent, awaiting response... 200 OK
Length: 348 [image/jpeg]
Saving to: `code/../crawls/rotoworld.com/Privacy-Policy/raw/www.rotoworld.com/App_Themes/rw/images/headlinesbg.jpg'

     0K                                                       100% 63.2M=0s

2013-03-06 05:25:02 (63.2 MB/s) - `code/../crawls/rotoworld.com/Privacy-Policy/raw/www.rotoworld.com/App_Themes/rw/images/headlinesbg.jpg' saved [348/348]

--2013-03-06 05:25:02--  http://www.rotoworld.com/App_Themes/rw/images/headlines-point.jpg
Reusing existing connection to www.rotoworld.com:80.
HTTP request sent, awaiting response... 200 OK
Length: 2897 (2.8K) [image/jpeg]
Saving to: `code/../crawls/rotoworld.com/Privacy-Policy/raw/www.rotoworld.com/App_Themes/rw/images/headlines-point.jpg'

     0K ..                                                    100%  196M=0s

2013-03-06 05:25:02 (196 MB/s) - `code/../crawls/rotoworld.com/Privacy-Policy/raw/www.rotoworld.com/App_Themes/rw/images/headlines-point.jpg' saved [2897/2897]

--2013-03-06 05:25:02--  http://www.rotoworld.com/App_Themes/rw/images/headlines-point_w.jpg
Reusing existing connection to www.rotoworld.com:80.
HTTP request sent, awaiting response... 200 OK
Length: 3157 (3.1K) [image/jpeg]
Saving to: `code/../crawls/rotoworld.com/Privacy-Policy/raw/www.rotoworld.com/App_Themes/rw/images/headlines-point_w.jpg'

     0K ...                                                   100% 39.8M=0s

2013-03-06 05:25:02 (39.8 MB/s) - `code/../crawls/rotoworld.com/Privacy-Policy/raw/www.rotoworld.com/App_Themes/rw/images/headlines-point_w.jpg' saved [3157/3157]

--2013-03-06 05:25:02--  http://www.rotoworld.com/App_Themes/rw/images/sub.jpg
Reusing existing connection to www.rotoworld.com:80.
HTTP request sent, awaiting response... 200 OK
Length: 477 [image/jpeg]
Saving to: `code/../crawls/rotoworld.com/Privacy-Policy/raw/www.rotoworld.com/App_Themes/rw/images/sub.jpg'

     0K                                                       100% 84.5M=0s

2013-03-06 05:25:02 (84.5 MB/s) - `code/../crawls/rotoworld.com/Privacy-Policy/raw/www.rotoworld.com/App_Themes/rw/images/sub.jpg' saved [477/477]

--2013-03-06 05:25:02--  http://www.rotoworld.com/App_Themes/rw/images/li-ribbon-bul.png
Reusing existing connection to www.rotoworld.com:80.
HTTP request sent, awaiting response... 200 OK
Length: 2893 (2.8K) [image/png]
Saving to: `code/../crawls/rotoworld.com/Privacy-Policy/raw/www.rotoworld.com/App_Themes/rw/images/li-ribbon-bul.png'

     0K ..                                                    100% 40.2M=0s

2013-03-06 05:25:02 (40.2 MB/s) - `code/../crawls/rotoworld.com/Privacy-Policy/raw/www.rotoworld.com/App_Themes/rw/images/li-ribbon-bul.png' saved [2893/2893]

--2013-03-06 05:25:02--  http://www.rotoworld.com/App_Themes/rw/images/most_sr_hl.jpg
Reusing existing connection to www.rotoworld.com:80.
HTTP request sent, awaiting response... 200 OK
Length: 357 [image/jpeg]
Saving to: `code/../crawls/rotoworld.com/Privacy-Policy/raw/www.rotoworld.com/App_Themes/rw/images/most_sr_hl.jpg'

     0K                                                       100% 56.1M=0s

2013-03-06 05:25:02 (56.1 MB/s) - `code/../crawls/rotoworld.com/Privacy-Policy/raw/www.rotoworld.com/App_Themes/rw/images/most_sr_hl.jpg' saved [357/357]

--2013-03-06 05:25:02--  http://www.rotoworld.com/App_Themes/rw/images/nav_activebg.jpg
Reusing existing connection to www.rotoworld.com:80.
HTTP request sent, awaiting response... 200 OK
Length: 885 [image/jpeg]
Saving to: `code/../crawls/rotoworld.com/Privacy-Policy/raw/www.rotoworld.com/App_Themes/rw/images/nav_activebg.jpg'

     0K                                                       100%  153M=0s

2013-03-06 05:25:02 (153 MB/s) - `code/../crawls/rotoworld.com/Privacy-Policy/raw/www.rotoworld.com/App_Themes/rw/images/nav_activebg.jpg' saved [885/885]

--2013-03-06 05:25:02--  http://www.rotoworld.com/App_Themes/rw/images/trending-now.png
Reusing existing connection to www.rotoworld.com:80.
HTTP request sent, awaiting response... 200 OK
Length: 1515 (1.5K) [image/png]
Saving to: `code/../crawls/rotoworld.com/Privacy-Policy/raw/www.rotoworld.com/App_Themes/rw/images/trending-now.png'

     0K .                                                     100%  218M=0s

2013-03-06 05:25:02 (218 MB/s) - `code/../crawls/rotoworld.com/Privacy-Policy/raw/www.rotoworld.com/App_Themes/rw/images/trending-now.png' saved [1515/1515]

--2013-03-06 05:25:02--  http://www.rotoworld.com/App_Themes/rw/images/player-card-bg.png
Reusing existing connection to www.rotoworld.com:80.
HTTP request sent, awaiting response... 200 OK
Length: 118 [image/png]
Saving to: `code/../crawls/rotoworld.com/Privacy-Policy/raw/www.rotoworld.com/App_Themes/rw/images/player-card-bg.png'

     0K                                                       100% 21.6M=0s

2013-03-06 05:25:02 (21.6 MB/s) - `code/../crawls/rotoworld.com/Privacy-Policy/raw/www.rotoworld.com/App_Themes/rw/images/player-card-bg.png' saved [118/118]

--2013-03-06 05:25:02--  http://www.rotoworld.com/scoreboard-jquery-nbc/scripts/shs_masterTicker.css?vs=8172011
Reusing existing connection to www.rotoworld.com:80.
HTTP request sent, awaiting response... 200 OK
Length: 14981 (15K) [text/css]
Saving to: `code/../crawls/rotoworld.com/Privacy-Policy/raw/www.rotoworld.com/scoreboard-jquery-nbc/scripts/shs_masterTicker.css?vs=8172011.css'

     0K .......... ....                                       100% 7.03M=0.002s

2013-03-06 05:25:02 (7.03 MB/s) - `code/../crawls/rotoworld.com/Privacy-Policy/raw/www.rotoworld.com/scoreboard-jquery-nbc/scripts/shs_masterTicker.css?vs=8172011.css' saved [14981/14981]

--2013-03-06 05:25:02--  https://ajax.googleapis.com/ajax/libs/jquery/1.5.2/jquery.min.js
Connecting to ajax.googleapis.com|173.194.69.95|:443... connected.
HTTP request sent, awaiting response... 200 OK
Length: unspecified [text/javascript]
Saving to: `code/../crawls/rotoworld.com/Privacy-Policy/raw/ajax.googleapis.com/ajax/libs/jquery/1.5.2/jquery.min.js'

     0K .......... .......... .......... .......... .......... 29.5K
    50K .......... .......... .......... ...                   30.4M=1.7s

2013-03-06 05:25:04 (49.5 KB/s) - `code/../crawls/rotoworld.com/Privacy-Policy/raw/ajax.googleapis.com/ajax/libs/jquery/1.5.2/jquery.min.js' saved [85925]

--2013-03-06 05:25:04--  https://ajax.googleapis.com/ajax/libs/jqueryui/1.8.9/jquery-ui.min.js
Reusing existing connection to ajax.googleapis.com:443.
HTTP request sent, awaiting response... 200 OK
Length: unspecified [text/javascript]
Saving to: `code/../crawls/rotoworld.com/Privacy-Policy/raw/ajax.googleapis.com/ajax/libs/jqueryui/1.8.9/jquery-ui.min.js'

     0K .......... .......... .......... .......... .......... 9.36M
    50K .......... .......... .......... .......... ..........  301K
   100K .......... .......... .......... .......... .......... 1.11M
   150K .......... .......... .......... .......... ...         356K=0.3s

2013-03-06 05:25:05 (573 KB/s) - `code/../crawls/rotoworld.com/Privacy-Policy/raw/ajax.googleapis.com/ajax/libs/jqueryui/1.8.9/jquery-ui.min.js' saved [198588]

--2013-03-06 05:25:05--  http://scores.nbcsports.msnbc.com/ticker/scripts/jquery.client.js
Resolving scores.nbcsports.msnbc.com... 206.160.170.27, 206.160.170.34
Connecting to scores.nbcsports.msnbc.com|206.160.170.27|:80... connected.
HTTP request sent, awaiting response... 200 OK
Length: 2736 (2.7K) [application/x-javascript]
Saving to: `code/../crawls/rotoworld.com/Privacy-Policy/raw/scores.nbcsports.msnbc.com/ticker/scripts/jquery.client.js'

     0K ..                                                    100%  307M=0s

2013-03-06 05:25:05 (307 MB/s) - `code/../crawls/rotoworld.com/Privacy-Policy/raw/scores.nbcsports.msnbc.com/ticker/scripts/jquery.client.js' saved [2736/2736]

--2013-03-06 05:25:05--  http://www.rotoworld.com/scoreboard-jquery-nbc/scripts/msnbcTicker.js?vs=03062012
Connecting to www.rotoworld.com|206.160.170.57|:80... connected.
HTTP request sent, awaiting response... 200 OK
Length: 25920 (25K) [application/x-javascript]
Saving to: `code/../crawls/rotoworld.com/Privacy-Policy/raw/www.rotoworld.com/scoreboard-jquery-nbc/scripts/msnbcTicker.js?vs=03062012'

     0K .......... .......... .....                           100% 5.01M=0.005s

2013-03-06 05:25:05 (5.01 MB/s) - `code/../crawls/rotoworld.com/Privacy-Policy/raw/www.rotoworld.com/scoreboard-jquery-nbc/scripts/msnbcTicker.js?vs=03062012' saved [25920/25920]

--2013-03-06 05:25:05--  http://content.ticketsnow.com/Css/PromotionalContent/NBCSportsPromotionalContent.css
Resolving content.ticketsnow.com... 206.160.170.49, 206.160.170.33
Connecting to content.ticketsnow.com|206.160.170.49|:80... connected.
HTTP request sent, awaiting response... 200 OK
Length: 479 [text/css]
Saving to: `code/../crawls/rotoworld.com/Privacy-Policy/raw/content.ticketsnow.com/Css/PromotionalContent/NBCSportsPromotionalContent.css'

     0K                                                       100% 71.7M=0s

2013-03-06 05:25:05 (71.7 MB/s) - `code/../crawls/rotoworld.com/Privacy-Policy/raw/content.ticketsnow.com/Css/PromotionalContent/NBCSportsPromotionalContent.css' saved [479/479]

--2013-03-06 05:25:05--  http://content.ticketsnow.com/graphics/PromotionalContent/NBCSports/AdvertisementGraphics/NBCSports_300x240.jpg
Reusing existing connection to content.ticketsnow.com:80.
HTTP request sent, awaiting response... 200 OK
Length: 33594 (33K) [image/jpeg]
Saving to: `code/../crawls/rotoworld.com/Privacy-Policy/raw/content.ticketsnow.com/graphics/PromotionalContent/NBCSports/AdvertisementGraphics/NBCSports_300x240.jpg'

     0K .......... .......... .......... ..                   100% 4.51M=0.007s

2013-03-06 05:25:05 (4.51 MB/s) - `code/../crawls/rotoworld.com/Privacy-Policy/raw/content.ticketsnow.com/graphics/PromotionalContent/NBCSports/AdvertisementGraphics/NBCSports_300x240.jpg' saved [33594/33594]

--2013-03-06 05:25:05--  http://bs.serving-sys.com/BurstingPipe/adServer.bs?cn=tf&c=19&mc=imp&pli=5607311&PluID=0&ord=[timestamp]&rtu=-1
Resolving bs.serving-sys.com... 12.129.210.71
Connecting to bs.serving-sys.com|12.129.210.71|:80... connected.
HTTP request sent, awaiting response... 200 OK
Length: 42 [image/gif]
Saving to: `code/../crawls/rotoworld.com/Privacy-Policy/raw/bs.serving-sys.com/BurstingPipe/adServer.bs?cn=tf&c=19&mc=imp&pli=5607311&PluID=0&ord=[timestamp]&rtu=-1'

     0K                                                       100% 6.73M=0s

2013-03-06 05:25:05 (6.73 MB/s) - `code/../crawls/rotoworld.com/Privacy-Policy/raw/bs.serving-sys.com/BurstingPipe/adServer.bs?cn=tf&c=19&mc=imp&pli=5607311&PluID=0&ord=[timestamp]&rtu=-1' saved [42/42]

FINISHED --2013-03-06 05:25:05--
Total wall clock time: 9.2s
Downloaded: 76 files, 922K in 3.6s (260 KB/s)
Converting code/../crawls/rotoworld.com/Privacy-Policy/raw/ad.doubleclick.net/jump/nbcu.rotosports/roto_home;site=roto;sect=home;!c=home;!c=noopapd!c=home;pos=3;tile=3;sz=160x600;ord=123456a.html... nothing to do.
Converting code/../crawls/rotoworld.com/Privacy-Policy/raw/ad.doubleclick.net/jump/nbcu.rotosports/roto_home;site=roto;sect=home;!c=home;!c=noopapd!c=home;pos=1;tile=1;sz=728x90;ord=123456a.html... nothing to do.
Converting code/../crawls/rotoworld.com/Privacy-Policy/raw/rotoworld.com/about/privacy.aspx.html... 88-310
Converting code/../crawls/rotoworld.com/Privacy-Policy/raw/www.rotoworld.com/scoreboard-jquery-nbc/ticker.html?width=715&sports=nhl%7Cnba%7Ccbk%7Cmlb.html... 5-0
Converting code/../crawls/rotoworld.com/Privacy-Policy/raw/ad.doubleclick.net/jump/nbcu.rotosports/roto_home;site=roto;sect=home;!c=home;!c=noopapd!c=home;pos=2;tile=2;sz=300x250;ord=123456a.html... nothing to do.
Converting code/../crawls/rotoworld.com/Privacy-Policy/raw/ticketsnow.ticketmaster.com/PromotionalContent/NBCSports.aspx?category=nfl&zipcode='%20+%20zip%20+%20'.html... 3-1
Converting code/../crawls/rotoworld.com/Privacy-Policy/raw/www.rotoworld.com/app_themes/mini-video-slider.css... nothing to do.
Converting code/../crawls/rotoworld.com/Privacy-Policy/raw/www.rotoworld.com/App_Themes/rw/a.v09252012.css... 38-0
Converting code/../crawls/rotoworld.com/Privacy-Policy/raw/content.ticketsnow.com/Css/PromotionalContent/NBCSportsPromotionalContent.css... nothing to do.
Converting code/../crawls/rotoworld.com/Privacy-Policy/raw/www.rotoworld.com/scoreboard-jquery-nbc/scripts/shs_masterTicker.css?vs=8172011.css... 0-8
Converted 10 files in 0.009 seconds.
