--2012-11-15 05:09:17--  http://www.google.com.ph/intl/en/privacy/privacy-policy.html
Resolving www.google.com.ph... 173.194.73.94, 2607:f8b0:400c:c02::5e
Connecting to www.google.com.ph|173.194.73.94|:80... connected.
HTTP request sent, awaiting response... 301 Moved Permanently
Location: http://www.google.com.ph/intl/en/policies/privacy/ [following]
--2012-11-15 05:09:17--  http://www.google.com.ph/intl/en/policies/privacy/
Reusing existing connection to www.google.com.ph:80.
HTTP request sent, awaiting response... 200 OK
Length: unspecified [text/html]
Saving to: `code/../crawls/blogspot.com/Privacy-Policy/raw/www.google.com.ph/intl/en/privacy/privacy-policy.html'

     0K .......... .......... ..                                131K=0.2s

2012-11-15 05:09:18 (131 KB/s) - `code/../crawls/blogspot.com/Privacy-Policy/raw/www.google.com.ph/intl/en/privacy/privacy-policy.html' saved [22847]

--2012-11-15 05:09:18--  http://www.google.com/js/google.js
Resolving www.google.com... 173.194.73.106, 173.194.73.147, 173.194.73.99, ...
Connecting to www.google.com|173.194.73.106|:80... connected.
HTTP request sent, awaiting response... 200 OK
Length: unspecified [text/javascript]
Saving to: `code/../crawls/blogspot.com/Privacy-Policy/raw/www.google.com/js/google.js'

     0K ...                                                    56.5M=0s

2012-11-15 05:09:18 (56.5 MB/s) - `code/../crawls/blogspot.com/Privacy-Policy/raw/www.google.com/js/google.js' saved [4017]

--2012-11-15 05:09:18--  http://fonts.googleapis.com/css?family=Open+Sans:300,400,600,700&lang=en
Resolving fonts.googleapis.com... 173.194.74.95, 2607:f8b0:400d:c02::5f
Connecting to fonts.googleapis.com|173.194.74.95|:80... connected.
HTTP request sent, awaiting response... 200 OK
Length: unspecified [text/css]
Saving to: `code/../crawls/blogspot.com/Privacy-Policy/raw/fonts.googleapis.com/css?family=Open+Sans:300,400,600,700&lang=en.css'

     0K .                                                       107M=0s

2012-11-15 05:09:18 (107 MB/s) - `code/../crawls/blogspot.com/Privacy-Policy/raw/fonts.googleapis.com/css?family=Open+Sans:300,400,600,700&lang=en.css' saved [1100]

--2012-11-15 05:09:18--  http://www.google.com.ph/policies/css/default.css
Connecting to www.google.com.ph|173.194.73.94|:80... connected.
HTTP request sent, awaiting response... 200 OK
Length: unspecified [text/css]
Saving to: `code/../crawls/blogspot.com/Privacy-Policy/raw/www.google.com.ph/policies/css/default.css'

     0K .                                                       175M=0s

2012-11-15 05:09:18 (175 MB/s) - `code/../crawls/blogspot.com/Privacy-Policy/raw/www.google.com.ph/policies/css/default.css' saved [1977]

--2012-11-15 05:09:18--  http://www.google.com/images/logos/google_logo_41.png
Connecting to www.google.com|173.194.73.106|:80... connected.
HTTP request sent, awaiting response... 200 OK
Length: 6321 (6.2K) [image/png]
Saving to: `code/../crawls/blogspot.com/Privacy-Policy/raw/www.google.com/images/logos/google_logo_41.png'

     0K ......                                                100% 72.3K=0.09s

2012-11-15 05:09:19 (72.3 KB/s) - `code/../crawls/blogspot.com/Privacy-Policy/raw/www.google.com/images/logos/google_logo_41.png' saved [6321/6321]

--2012-11-15 05:09:19--  http://www.google.com/js/maia.js
Reusing existing connection to www.google.com:80.
HTTP request sent, awaiting response... 200 OK
Length: unspecified [text/javascript]
Saving to: `code/../crawls/blogspot.com/Privacy-Policy/raw/www.google.com/js/maia.js'

     0K ......                                                 20.9M=0s

2012-11-15 05:09:19 (20.9 MB/s) - `code/../crawls/blogspot.com/Privacy-Policy/raw/www.google.com/js/maia.js' saved [6854]

--2012-11-15 05:09:19--  http://themes.googleusercontent.com/static/fonts/opensans/v6/k3k702ZOKiLJc3WVjuplzInF5uFdDttMLvmWuJdhhgs.ttf
Resolving themes.googleusercontent.com... 74.125.226.236, 74.125.226.234, 74.125.226.235, ...
Connecting to themes.googleusercontent.com|74.125.226.236|:80... connected.
HTTP request sent, awaiting response... 200 OK
Length: unspecified [font/ttf]
Saving to: `code/../crawls/blogspot.com/Privacy-Policy/raw/themes.googleusercontent.com/static/fonts/opensans/v6/k3k702ZOKiLJc3WVjuplzInF5uFdDttMLvmWuJdhhgs.ttf'

     0K .......... .......... .......... .......                229K=0.2s

2012-11-15 05:09:19 (229 KB/s) - `code/../crawls/blogspot.com/Privacy-Policy/raw/themes.googleusercontent.com/static/fonts/opensans/v6/k3k702ZOKiLJc3WVjuplzInF5uFdDttMLvmWuJdhhgs.ttf' saved [38108]

--2012-11-15 05:09:19--  http://themes.googleusercontent.com/static/fonts/opensans/v6/DXI1ORHCpsQm3Vp6mXoaTYnF5uFdDttMLvmWuJdhhgs.ttf
Reusing existing connection to themes.googleusercontent.com:80.
HTTP request sent, awaiting response... 200 OK
Length: unspecified [font/ttf]
Saving to: `code/../crawls/blogspot.com/Privacy-Policy/raw/themes.googleusercontent.com/static/fonts/opensans/v6/DXI1ORHCpsQm3Vp6mXoaTYnF5uFdDttMLvmWuJdhhgs.ttf'

     0K .......... .......... .......... ......                 450K=0.08s

2012-11-15 05:09:19 (450 KB/s) - `code/../crawls/blogspot.com/Privacy-Policy/raw/themes.googleusercontent.com/static/fonts/opensans/v6/DXI1ORHCpsQm3Vp6mXoaTYnF5uFdDttMLvmWuJdhhgs.ttf' saved [37816]

--2012-11-15 05:09:19--  http://themes.googleusercontent.com/static/fonts/opensans/v6/MTP_ySUJH_bn48VBG8sNSonF5uFdDttMLvmWuJdhhgs.ttf
Reusing existing connection to themes.googleusercontent.com:80.
HTTP request sent, awaiting response... 200 OK
Length: unspecified [font/ttf]
Saving to: `code/../crawls/blogspot.com/Privacy-Policy/raw/themes.googleusercontent.com/static/fonts/opensans/v6/MTP_ySUJH_bn48VBG8sNSonF5uFdDttMLvmWuJdhhgs.ttf'

     0K .......... .......... .......... ......                 435K=0.08s

2012-11-15 05:09:19 (435 KB/s) - `code/../crawls/blogspot.com/Privacy-Policy/raw/themes.googleusercontent.com/static/fonts/opensans/v6/MTP_ySUJH_bn48VBG8sNSonF5uFdDttMLvmWuJdhhgs.ttf' saved [37568]

--2012-11-15 05:09:19--  http://themes.googleusercontent.com/static/fonts/opensans/v6/cJZKeOuBrn4kERxqtaUH3aCWcynf_cDxXwCLxiixG1c.ttf
Reusing existing connection to themes.googleusercontent.com:80.
HTTP request sent, awaiting response... 200 OK
Length: unspecified [font/ttf]
Saving to: `code/../crawls/blogspot.com/Privacy-Policy/raw/themes.googleusercontent.com/static/fonts/opensans/v6/cJZKeOuBrn4kERxqtaUH3aCWcynf_cDxXwCLxiixG1c.ttf'

     0K .......... .......... .......... .....                  441K=0.08s

2012-11-15 05:09:19 (441 KB/s) - `code/../crawls/blogspot.com/Privacy-Policy/raw/themes.googleusercontent.com/static/fonts/opensans/v6/cJZKeOuBrn4kERxqtaUH3aCWcynf_cDxXwCLxiixG1c.ttf' saved [36492]

--2012-11-15 05:09:19--  http://www.google.com/css/maia.css
Connecting to www.google.com|173.194.73.106|:80... connected.
HTTP request sent, awaiting response... 200 OK
Length: unspecified [text/css]
Saving to: `code/../crawls/blogspot.com/Privacy-Policy/raw/www.google.com/css/maia.css'

     0K .......... .......... .......... .......... ....        239K=0.2s

2012-11-15 05:09:20 (239 KB/s) - `code/../crawls/blogspot.com/Privacy-Policy/raw/www.google.com/css/maia.css' saved [45182]

FINISHED --2012-11-15 05:09:20--
Total wall clock time: 2.6s
Downloaded: 11 files, 233K in 0.8s (274 KB/s)
Converting code/../crawls/blogspot.com/Privacy-Policy/raw/www.google.com.ph/intl/en/privacy/privacy-policy.html... 5-29
Converting code/../crawls/blogspot.com/Privacy-Policy/raw/fonts.googleapis.com/css?family=Open+Sans:300,400,600,700&lang=en.css... 4-0
Converting code/../crawls/blogspot.com/Privacy-Policy/raw/www.google.com.ph/policies/css/default.css... 1-0
Converting code/../crawls/blogspot.com/Privacy-Policy/raw/www.google.com/css/maia.css... nothing to do.
Converted 4 files in 0.003 seconds.
