--2012-10-15 05:17:49--  http://www.gci.com/privacy-policy
Resolving www.gci.com... 209.165.141.84
Connecting to www.gci.com|209.165.141.84|:80... connected.
HTTP request sent, awaiting response... 200 OK
Length: unspecified [text/html]
Saving to: `code/../crawls/gci.com/Privacy-Policy/raw/www.gci.com/privacy-policy.html'

     0K .......... .......... .......... ...                    183K=0.2s

2012-10-15 05:17:50 (183 KB/s) - `code/../crawls/gci.com/Privacy-Policy/raw/www.gci.com/privacy-policy.html' saved [34058]

--2012-10-15 05:17:50--  http://static.gci.com/corporate/favicon.ico
Resolving static.gci.com... 209.165.141.76
Connecting to static.gci.com|209.165.141.76|:80... connected.
HTTP request sent, awaiting response... 200 OK
Length: 1406 (1.4K) [image/x-icon]
Saving to: `code/../crawls/gci.com/Privacy-Policy/raw/static.gci.com/corporate/favicon.ico'

     0K .                                                     100%  215M=0s

2012-10-15 05:17:50 (215 MB/s) - `code/../crawls/gci.com/Privacy-Policy/raw/static.gci.com/corporate/favicon.ico' saved [1406/1406]

--2012-10-15 05:17:50--  http://static.gci.com/corporate/css/style.css
Reusing existing connection to static.gci.com:80.
HTTP request sent, awaiting response... 200 OK
Length: 101984 (100K) [text/css]
Saving to: `code/../crawls/gci.com/Privacy-Policy/raw/static.gci.com/corporate/css/style.css'

     0K .......... .......... .......... .......... .......... 50%  343K 0s
    50K .......... .......... .......... .......... ......... 100% 1.03M=0.2s

2012-10-15 05:17:51 (517 KB/s) - `code/../crawls/gci.com/Privacy-Policy/raw/static.gci.com/corporate/css/style.css' saved [101984/101984]

--2012-10-15 05:17:51--  http://static.gci.com/corporate/css/forms.css
Reusing existing connection to static.gci.com:80.
HTTP request sent, awaiting response... 200 OK
Length: 65356 (64K) [text/css]
Saving to: `code/../crawls/gci.com/Privacy-Policy/raw/static.gci.com/corporate/css/forms.css'

     0K .......... .......... .......... .......... .......... 78% 7.32M 0s
    50K .......... ...                                        100%  327K=0.05s

2012-10-15 05:17:51 (1.27 MB/s) - `code/../crawls/gci.com/Privacy-Policy/raw/static.gci.com/corporate/css/forms.css' saved [65356/65356]

--2012-10-15 05:17:51--  http://static.gci.com/corporate/js/libs/fancybox/source/jquery.fancybox.css?ver=3.3.1
Reusing existing connection to static.gci.com:80.
HTTP request sent, awaiting response... 200 OK
Length: 4064 (4.0K) [text/css]
Saving to: `code/../crawls/gci.com/Privacy-Policy/raw/static.gci.com/corporate/js/libs/fancybox/source/jquery.fancybox.css?ver=3.3.1.css'

     0K ...                                                   100% 7.64M=0.001s

2012-10-15 05:17:51 (7.64 MB/s) - `code/../crawls/gci.com/Privacy-Policy/raw/static.gci.com/corporate/js/libs/fancybox/source/jquery.fancybox.css?ver=3.3.1.css' saved [4064/4064]

--2012-10-15 05:17:51--  http://static.gci.com/corporate/js/libs/jquery-1.7.1.min.js
Reusing existing connection to static.gci.com:80.
HTTP request sent, awaiting response... 200 OK
Length: 93867 (92K) [application/x-javascript]
Saving to: `code/../crawls/gci.com/Privacy-Policy/raw/static.gci.com/corporate/js/libs/jquery-1.7.1.min.js'

     0K .......... .......... .......... .......... .......... 54% 7.66M 0s
    50K .......... .......... .......... .......... .         100%  306K=0.1s

2012-10-15 05:17:51 (644 KB/s) - `code/../crawls/gci.com/Privacy-Policy/raw/static.gci.com/corporate/js/libs/jquery-1.7.1.min.js' saved [93867/93867]

--2012-10-15 05:17:51--  http://use.typekit.com/lrs6mtx.js
Resolving use.typekit.com... 72.21.91.19
Connecting to use.typekit.com|72.21.91.19|:80... connected.
HTTP request sent, awaiting response... 200 OK
Length: 27075 (26K) [text/javascript]
Saving to: `code/../crawls/gci.com/Privacy-Policy/raw/use.typekit.com/lrs6mtx.js'

     0K .......... .......... ......                          100% 4.74M=0.005s

2012-10-15 05:17:51 (4.74 MB/s) - `code/../crawls/gci.com/Privacy-Policy/raw/use.typekit.com/lrs6mtx.js' saved [27075/27075]

--2012-10-15 05:17:51--  http://static.gci.com/corporate/js/fontloader.min.js
Connecting to static.gci.com|209.165.141.76|:80... connected.
HTTP request sent, awaiting response... 200 OK
Length: 1556 (1.5K) [application/x-javascript]
Saving to: `code/../crawls/gci.com/Privacy-Policy/raw/static.gci.com/corporate/js/fontloader.min.js'

     0K .                                                     100% 3.52M=0s

2012-10-15 05:17:51 (3.52 MB/s) - `code/../crawls/gci.com/Privacy-Policy/raw/static.gci.com/corporate/js/fontloader.min.js' saved [1556/1556]

--2012-10-15 05:17:51--  http://static.gci.com/corporate/js/libs/fancybox/source/jquery.fancybox.pack.js?ver=3.3.1
Reusing existing connection to static.gci.com:80.
HTTP request sent, awaiting response... 200 OK
Length: 21709 (21K) [application/x-javascript]
Saving to: `code/../crawls/gci.com/Privacy-Policy/raw/static.gci.com/corporate/js/libs/fancybox/source/jquery.fancybox.pack.js?ver=3.3.1'

     0K .......... .......... .                               100%  220K=0.1s

2012-10-15 05:17:51 (220 KB/s) - `code/../crawls/gci.com/Privacy-Policy/raw/static.gci.com/corporate/js/libs/fancybox/source/jquery.fancybox.pack.js?ver=3.3.1' saved [21709/21709]

--2012-10-15 05:17:51--  http://static.gci.com/corporate/js/libs/cycle/jquery.cycle.min.js?ver=3.3.1
Reusing existing connection to static.gci.com:80.
HTTP request sent, awaiting response... 200 OK
Length: 19285 (19K) [application/x-javascript]
Saving to: `code/../crawls/gci.com/Privacy-Policy/raw/static.gci.com/corporate/js/libs/cycle/jquery.cycle.min.js?ver=3.3.1'

     0K .......... ........                                   100% 7.68M=0.002s

2012-10-15 05:17:51 (7.68 MB/s) - `code/../crawls/gci.com/Privacy-Policy/raw/static.gci.com/corporate/js/libs/cycle/jquery.cycle.min.js?ver=3.3.1' saved [19285/19285]

--2012-10-15 05:17:51--  http://static.gci.com/corporate/js/libs/modernizr-2.0.6.min.js?ver=3.3.1
Reusing existing connection to static.gci.com:80.
HTTP request sent, awaiting response... 200 OK
Length: 16226 (16K) [application/x-javascript]
Saving to: `code/../crawls/gci.com/Privacy-Policy/raw/static.gci.com/corporate/js/libs/modernizr-2.0.6.min.js?ver=3.3.1'

     0K .......... .....                                      100% 4.19M=0.004s

2012-10-15 05:17:51 (4.19 MB/s) - `code/../crawls/gci.com/Privacy-Policy/raw/static.gci.com/corporate/js/libs/modernizr-2.0.6.min.js?ver=3.3.1' saved [16226/16226]

--2012-10-15 05:17:51--  http://static.gci.com/corporate/js/scripts.min.js?ver=3.3.1
Reusing existing connection to static.gci.com:80.
HTTP request sent, awaiting response... 200 OK
Length: 2066 (2.0K) [application/x-javascript]
Saving to: `code/../crawls/gci.com/Privacy-Policy/raw/static.gci.com/corporate/js/scripts.min.js?ver=3.3.1'

     0K ..                                                    100%  157M=0s

2012-10-15 05:17:51 (157 MB/s) - `code/../crawls/gci.com/Privacy-Policy/raw/static.gci.com/corporate/js/scripts.min.js?ver=3.3.1' saved [2066/2066]

--2012-10-15 05:17:51--  http://static.gci.com/corporate/images/search.png
Reusing existing connection to static.gci.com:80.
HTTP request sent, awaiting response... 200 OK
Length: 316 [image/png]
Saving to: `code/../crawls/gci.com/Privacy-Policy/raw/static.gci.com/corporate/images/search.png'

     0K                                                       100% 18.7M=0s

2012-10-15 05:17:51 (18.7 MB/s) - `code/../crawls/gci.com/Privacy-Policy/raw/static.gci.com/corporate/images/search.png' saved [316/316]

--2012-10-15 05:17:51--  http://static.gci.com/corporate/images/nav_home_icon.png
Reusing existing connection to static.gci.com:80.
HTTP request sent, awaiting response... 200 OK
Length: 312 [image/png]
Saving to: `code/../crawls/gci.com/Privacy-Policy/raw/static.gci.com/corporate/images/nav_home_icon.png'

     0K                                                       100% 57.6M=0s

2012-10-15 05:17:52 (57.6 MB/s) - `code/../crawls/gci.com/Privacy-Policy/raw/static.gci.com/corporate/images/nav_home_icon.png' saved [312/312]

--2012-10-15 05:17:52--  http://www.gci.com/wp-content/themes/GCI2012/library/images/salesperson3_storepromo_bg.png
Connecting to www.gci.com|209.165.141.84|:80... connected.
HTTP request sent, awaiting response... 200 OK
Length: 16851 (16K) [image/png]
Saving to: `code/../crawls/gci.com/Privacy-Policy/raw/www.gci.com/wp-content/themes/GCI2012/library/images/salesperson3_storepromo_bg.png'

     0K .......... ......                                     100%  176K=0.09s

2012-10-15 05:17:52 (176 KB/s) - `code/../crawls/gci.com/Privacy-Policy/raw/www.gci.com/wp-content/themes/GCI2012/library/images/salesperson3_storepromo_bg.png' saved [16851/16851]

--2012-10-15 05:17:52--  http://assets.gci.com/2012/03/infotool_bg_wireless_coverage.png
Resolving assets.gci.com... 209.165.141.84
Reusing existing connection to www.gci.com:80.
HTTP request sent, awaiting response... 200 OK
Length: 15144 (15K) [image/png]
Saving to: `code/../crawls/gci.com/Privacy-Policy/raw/assets.gci.com/2012/03/infotool_bg_wireless_coverage.png'

     0K .......... ....                                       100%  316K=0.05s

2012-10-15 05:17:52 (316 KB/s) - `code/../crawls/gci.com/Privacy-Policy/raw/assets.gci.com/2012/03/infotool_bg_wireless_coverage.png' saved [15144/15144]

--2012-10-15 05:17:52--  http://static.gci.com/corporate/images/social_facebook.png
Connecting to static.gci.com|209.165.141.76|:80... connected.
HTTP request sent, awaiting response... 200 OK
Length: 538 [image/png]
Saving to: `code/../crawls/gci.com/Privacy-Policy/raw/static.gci.com/corporate/images/social_facebook.png'

     0K                                                       100% 91.4M=0s

2012-10-15 05:17:52 (91.4 MB/s) - `code/../crawls/gci.com/Privacy-Policy/raw/static.gci.com/corporate/images/social_facebook.png' saved [538/538]

--2012-10-15 05:17:52--  http://static.gci.com/corporate/images/social_twitter.png
Reusing existing connection to static.gci.com:80.
HTTP request sent, awaiting response... 200 OK
Length: 563 [image/png]
Saving to: `code/../crawls/gci.com/Privacy-Policy/raw/static.gci.com/corporate/images/social_twitter.png'

     0K                                                       100% 96.4M=0s

2012-10-15 05:17:52 (96.4 MB/s) - `code/../crawls/gci.com/Privacy-Policy/raw/static.gci.com/corporate/images/social_twitter.png' saved [563/563]

--2012-10-15 05:17:52--  http://www.google-analytics.com/urchin.js
Resolving www.google-analytics.com... 173.194.41.97, 173.194.41.98, 173.194.41.99, ...
Connecting to www.google-analytics.com|173.194.41.97|:80... connected.
HTTP request sent, awaiting response... 200 OK
Length: unspecified [text/javascript]
Saving to: `code/../crawls/gci.com/Privacy-Policy/raw/www.google-analytics.com/urchin.js'

     0K .......... .......... ..                               78.3K=0.3s

2012-10-15 05:17:53 (78.3 KB/s) - `code/../crawls/gci.com/Privacy-Policy/raw/www.google-analytics.com/urchin.js' saved [22678]

--2012-10-15 05:17:53--  http://static.gci.com/corporate/images/toggle_arrow_sprite.png
Connecting to static.gci.com|209.165.141.76|:80... connected.
HTTP request sent, awaiting response... 200 OK
Length: 436 [image/png]
Saving to: `code/../crawls/gci.com/Privacy-Policy/raw/static.gci.com/corporate/images/toggle_arrow_sprite.png'

     0K                                                       100% 68.5M=0s

2012-10-15 05:17:53 (68.5 MB/s) - `code/../crawls/gci.com/Privacy-Policy/raw/static.gci.com/corporate/images/toggle_arrow_sprite.png' saved [436/436]

--2012-10-15 05:17:53--  http://static.gci.com/corporate/images/logo.png
Reusing existing connection to static.gci.com:80.
HTTP request sent, awaiting response... 200 OK
Length: 1306 (1.3K) [image/png]
Saving to: `code/../crawls/gci.com/Privacy-Policy/raw/static.gci.com/corporate/images/logo.png'

     0K .                                                     100% 2.49M=0s

2012-10-15 05:17:53 (2.49 MB/s) - `code/../crawls/gci.com/Privacy-Policy/raw/static.gci.com/corporate/images/logo.png' saved [1306/1306]

--2012-10-15 05:17:53--  http://static.gci.com/corporate/images/logo30.png
Reusing existing connection to static.gci.com:80.
HTTP request sent, awaiting response... 200 OK
Length: 3399 (3.3K) [image/png]
Saving to: `code/../crawls/gci.com/Privacy-Policy/raw/static.gci.com/corporate/images/logo30.png'

     0K ...                                                   100% 5.58M=0.001s

2012-10-15 05:17:53 (5.58 MB/s) - `code/../crawls/gci.com/Privacy-Policy/raw/static.gci.com/corporate/images/logo30.png' saved [3399/3399]

--2012-10-15 05:17:53--  http://static.gci.com/wp-content/themes/GCI2012/library/css/boxsizing.htc
Reusing existing connection to static.gci.com:80.
HTTP request sent, awaiting response... 404 Not Found
2012-10-15 05:17:53 ERROR 404: Not Found.

--2012-10-15 05:17:53--  http://static.gci.com/corporate/images/salesperson3_storepromo_bg.png
Reusing existing connection to static.gci.com:80.
HTTP request sent, awaiting response... 200 OK
Length: 16851 (16K) [image/png]
Saving to: `code/../crawls/gci.com/Privacy-Policy/raw/static.gci.com/corporate/images/salesperson3_storepromo_bg.png'

     0K .......... ......                                     100%  346K=0.05s

2012-10-15 05:17:53 (346 KB/s) - `code/../crawls/gci.com/Privacy-Policy/raw/static.gci.com/corporate/images/salesperson3_storepromo_bg.png' saved [16851/16851]

--2012-10-15 05:17:53--  http://static.gci.com/corporate/images/bg_p_salepromo.png
Reusing existing connection to static.gci.com:80.
HTTP request sent, awaiting response... 200 OK
Length: 1497 (1.5K) [image/png]
Saving to: `code/../crawls/gci.com/Privacy-Policy/raw/static.gci.com/corporate/images/bg_p_salepromo.png'

     0K .                                                     100% 3.65M=0s

2012-10-15 05:17:53 (3.65 MB/s) - `code/../crawls/gci.com/Privacy-Policy/raw/static.gci.com/corporate/images/bg_p_salepromo.png' saved [1497/1497]

--2012-10-15 05:17:53--  http://static.gci.com/corporate/images/bg_commercial_subpromos.jpg
Reusing existing connection to static.gci.com:80.
HTTP request sent, awaiting response... 200 OK
Length: 3088 (3.0K) [image/jpeg]
Saving to: `code/../crawls/gci.com/Privacy-Policy/raw/static.gci.com/corporate/images/bg_commercial_subpromos.jpg'

     0K ...                                                   100% 5.44M=0.001s

2012-10-15 05:17:53 (5.44 MB/s) - `code/../crawls/gci.com/Privacy-Policy/raw/static.gci.com/corporate/images/bg_commercial_subpromos.jpg' saved [3088/3088]

--2012-10-15 05:17:53--  http://static.gci.com/corporate/images/notify_info.png
Reusing existing connection to static.gci.com:80.
HTTP request sent, awaiting response... 200 OK
Length: 4403 (4.3K) [image/png]
Saving to: `code/../crawls/gci.com/Privacy-Policy/raw/static.gci.com/corporate/images/notify_info.png'

     0K ....                                                  100% 4.80M=0.001s

2012-10-15 05:17:53 (4.80 MB/s) - `code/../crawls/gci.com/Privacy-Policy/raw/static.gci.com/corporate/images/notify_info.png' saved [4403/4403]

--2012-10-15 05:17:53--  http://static.gci.com/corporate/images/notify_warning.png
Reusing existing connection to static.gci.com:80.
HTTP request sent, awaiting response... 200 OK
Length: 4567 (4.5K) [image/png]
Saving to: `code/../crawls/gci.com/Privacy-Policy/raw/static.gci.com/corporate/images/notify_warning.png'

     0K ....                                                  100% 9.35M=0s

2012-10-15 05:17:53 (9.35 MB/s) - `code/../crawls/gci.com/Privacy-Policy/raw/static.gci.com/corporate/images/notify_warning.png' saved [4567/4567]

--2012-10-15 05:17:53--  http://static.gci.com/corporate/images/notify_success.png
Reusing existing connection to static.gci.com:80.
HTTP request sent, awaiting response... 200 OK
Length: 4447 (4.3K) [image/png]
Saving to: `code/../crawls/gci.com/Privacy-Policy/raw/static.gci.com/corporate/images/notify_success.png'

     0K ....                                                  100% 4.70M=0.001s

2012-10-15 05:17:53 (4.70 MB/s) - `code/../crawls/gci.com/Privacy-Policy/raw/static.gci.com/corporate/images/notify_success.png' saved [4447/4447]

--2012-10-15 05:17:53--  http://static.gci.com/corporate/images/notify_error.png
Reusing existing connection to static.gci.com:80.
HTTP request sent, awaiting response... 200 OK
Length: 4340 (4.2K) [image/png]
Saving to: `code/../crawls/gci.com/Privacy-Policy/raw/static.gci.com/corporate/images/notify_error.png'

     0K ....                                                  100% 13.4M=0s

2012-10-15 05:17:53 (13.4 MB/s) - `code/../crawls/gci.com/Privacy-Policy/raw/static.gci.com/corporate/images/notify_error.png' saved [4340/4340]

--2012-10-15 05:17:53--  http://static.gci.com/corporate/images/nav_current_super.png
Reusing existing connection to static.gci.com:80.
HTTP request sent, awaiting response... 200 OK
Length: 139 [image/png]
Saving to: `code/../crawls/gci.com/Privacy-Policy/raw/static.gci.com/corporate/images/nav_current_super.png'

     0K                                                       100% 11.8M=0s

2012-10-15 05:17:53 (11.8 MB/s) - `code/../crawls/gci.com/Privacy-Policy/raw/static.gci.com/corporate/images/nav_current_super.png' saved [139/139]

--2012-10-15 05:17:53--  http://static.gci.com/corporate/images/nav_off_main.gif
Reusing existing connection to static.gci.com:80.
HTTP request sent, awaiting response... 200 OK
Length: 121 [image/gif]
Saving to: `code/../crawls/gci.com/Privacy-Policy/raw/static.gci.com/corporate/images/nav_off_main.gif'

     0K                                                       100% 21.6M=0s

2012-10-15 05:17:53 (21.6 MB/s) - `code/../crawls/gci.com/Privacy-Policy/raw/static.gci.com/corporate/images/nav_off_main.gif' saved [121/121]

--2012-10-15 05:17:53--  http://static.gci.com/corporate/images/nav_current_main.gif
Reusing existing connection to static.gci.com:80.
HTTP request sent, awaiting response... 200 OK
Length: 399 [image/gif]
Saving to: `code/../crawls/gci.com/Privacy-Policy/raw/static.gci.com/corporate/images/nav_current_main.gif'

     0K                                                       100% 70.6M=0s

2012-10-15 05:17:53 (70.6 MB/s) - `code/../crawls/gci.com/Privacy-Policy/raw/static.gci.com/corporate/images/nav_current_main.gif' saved [399/399]

--2012-10-15 05:17:53--  http://static.gci.com/corporate/images/nav_current_sub.png
Reusing existing connection to static.gci.com:80.
HTTP request sent, awaiting response... 200 OK
Length: 164 [image/png]
Saving to: `code/../crawls/gci.com/Privacy-Policy/raw/static.gci.com/corporate/images/nav_current_sub.png'

     0K                                                       100% 30.0M=0s

2012-10-15 05:17:53 (30.0 MB/s) - `code/../crawls/gci.com/Privacy-Policy/raw/static.gci.com/corporate/images/nav_current_sub.png' saved [164/164]

--2012-10-15 05:17:53--  http://static.gci.com/corporate/images/bg_footer_navigation.png
Reusing existing connection to static.gci.com:80.
HTTP request sent, awaiting response... 200 OK
Length: 2558 (2.5K) [image/png]
Saving to: `code/../crawls/gci.com/Privacy-Policy/raw/static.gci.com/corporate/images/bg_footer_navigation.png'

     0K ..                                                    100% 8.05M=0s

2012-10-15 05:17:54 (8.05 MB/s) - `code/../crawls/gci.com/Privacy-Policy/raw/static.gci.com/corporate/images/bg_footer_navigation.png' saved [2558/2558]

--2012-10-15 05:17:54--  http://static.gci.com/corporate/images/bg_info-box-example.jpg
Reusing existing connection to static.gci.com:80.
HTTP request sent, awaiting response... 404 Not Found
2012-10-15 05:17:54 ERROR 404: Not Found.

--2012-10-15 05:17:54--  http://static.gci.com/corporate/images/bg_biggie_iphone4s.jpg
Reusing existing connection to static.gci.com:80.
HTTP request sent, awaiting response... 404 Not Found
2012-10-15 05:17:54 ERROR 404: Not Found.

--2012-10-15 05:17:54--  http://static.gci.com/corporate/images/picpromo_bg_smartphone.jpg
Reusing existing connection to static.gci.com:80.
HTTP request sent, awaiting response... 404 Not Found
2012-10-15 05:17:54 ERROR 404: Not Found.

--2012-10-15 05:17:54--  http://static.gci.com/corporate/images/picpromo_bg_talkandtext.jpg
Reusing existing connection to static.gci.com:80.
HTTP request sent, awaiting response... 404 Not Found
2012-10-15 05:17:54 ERROR 404: Not Found.

--2012-10-15 05:17:54--  http://static.gci.com/corporate/images/picpromo_bg_mobilebroadband.jpg
Reusing existing connection to static.gci.com:80.
HTTP request sent, awaiting response... 404 Not Found
2012-10-15 05:17:54 ERROR 404: Not Found.

--2012-10-15 05:17:54--  http://static.gci.com/corporate/images/picpromo_bg_payasyougo.jpg
Reusing existing connection to static.gci.com:80.
HTTP request sent, awaiting response... 404 Not Found
2012-10-15 05:17:54 ERROR 404: Not Found.

--2012-10-15 05:17:54--  http://static.gci.com/corporate/images/picpromo_bg_lifeline.jpg
Reusing existing connection to static.gci.com:80.
HTTP request sent, awaiting response... 404 Not Found
2012-10-15 05:17:54 ERROR 404: Not Found.

--2012-10-15 05:17:54--  http://static.gci.com/corporate/images/picpromo_bg_support-wireless.jpg
Reusing existing connection to static.gci.com:80.
HTTP request sent, awaiting response... 200 OK
Length: 21643 (21K) [image/jpeg]
Saving to: `code/../crawls/gci.com/Privacy-Policy/raw/static.gci.com/corporate/images/picpromo_bg_support-wireless.jpg'

     0K .......... .......... .                               100% 8.34M=0.002s

2012-10-15 05:17:54 (8.34 MB/s) - `code/../crawls/gci.com/Privacy-Policy/raw/static.gci.com/corporate/images/picpromo_bg_support-wireless.jpg' saved [21643/21643]

--2012-10-15 05:17:54--  http://static.gci.com/corporate/images/picpromo_bg_support-internet.jpg
Reusing existing connection to static.gci.com:80.
HTTP request sent, awaiting response... 200 OK
Length: 10392 (10K) [image/jpeg]
Saving to: `code/../crawls/gci.com/Privacy-Policy/raw/static.gci.com/corporate/images/picpromo_bg_support-internet.jpg'

     0K ..........                                            100% 14.9M=0.001s

2012-10-15 05:17:54 (14.9 MB/s) - `code/../crawls/gci.com/Privacy-Policy/raw/static.gci.com/corporate/images/picpromo_bg_support-internet.jpg' saved [10392/10392]

--2012-10-15 05:17:54--  http://static.gci.com/corporate/images/picpromo_bg_support-video.jpg
Reusing existing connection to static.gci.com:80.
HTTP request sent, awaiting response... 200 OK
Length: 17830 (17K) [image/jpeg]
Saving to: `code/../crawls/gci.com/Privacy-Policy/raw/static.gci.com/corporate/images/picpromo_bg_support-video.jpg'

     0K .......... .......                                    100% 6.69M=0.003s

2012-10-15 05:17:54 (6.69 MB/s) - `code/../crawls/gci.com/Privacy-Policy/raw/static.gci.com/corporate/images/picpromo_bg_support-video.jpg' saved [17830/17830]

--2012-10-15 05:17:54--  http://static.gci.com/corporate/images/picpromo_bg_support-phone.jpg
Reusing existing connection to static.gci.com:80.
HTTP request sent, awaiting response... 200 OK
Length: 9928 (9.7K) [image/jpeg]
Saving to: `code/../crawls/gci.com/Privacy-Policy/raw/static.gci.com/corporate/images/picpromo_bg_support-phone.jpg'

     0K .........                                             100% 11.7M=0.001s

2012-10-15 05:17:54 (11.7 MB/s) - `code/../crawls/gci.com/Privacy-Policy/raw/static.gci.com/corporate/images/picpromo_bg_support-phone.jpg' saved [9928/9928]

--2012-10-15 05:17:54--  http://static.gci.com/corporate/images/bg_landing_subpromos.gif
Reusing existing connection to static.gci.com:80.
HTTP request sent, awaiting response... 200 OK
Length: 4491 (4.4K) [image/gif]
Saving to: `code/../crawls/gci.com/Privacy-Policy/raw/static.gci.com/corporate/images/bg_landing_subpromos.gif'

     0K ....                                                  100% 24.4M=0s

2012-10-15 05:17:54 (24.4 MB/s) - `code/../crawls/gci.com/Privacy-Policy/raw/static.gci.com/corporate/images/bg_landing_subpromos.gif' saved [4491/4491]

--2012-10-15 05:17:54--  http://static.gci.com/corporate/images/bg_subpage_subpromos.png
Reusing existing connection to static.gci.com:80.
HTTP request sent, awaiting response... 200 OK
Length: 3212 (3.1K) [image/png]
Saving to: `code/../crawls/gci.com/Privacy-Policy/raw/static.gci.com/corporate/images/bg_subpage_subpromos.png'

     0K ...                                                   100% 44.5M=0s

2012-10-15 05:17:54 (44.5 MB/s) - `code/../crawls/gci.com/Privacy-Policy/raw/static.gci.com/corporate/images/bg_subpage_subpromos.png' saved [3212/3212]

--2012-10-15 05:17:54--  http://static.gci.com/corporate/images/bg_tertiary_subpromo.jpg
Reusing existing connection to static.gci.com:80.
HTTP request sent, awaiting response... 200 OK
Length: 2393 (2.3K) [image/jpeg]
Saving to: `code/../crawls/gci.com/Privacy-Policy/raw/static.gci.com/corporate/images/bg_tertiary_subpromo.jpg'

     0K ..                                                    100% 7.36M=0s

2012-10-15 05:17:54 (7.36 MB/s) - `code/../crawls/gci.com/Privacy-Policy/raw/static.gci.com/corporate/images/bg_tertiary_subpromo.jpg' saved [2393/2393]

--2012-10-15 05:17:54--  http://static.gci.com/corporate/images/bg_secondary_promos.png
Reusing existing connection to static.gci.com:80.
HTTP request sent, awaiting response... 200 OK
Length: 1456 (1.4K) [image/png]
Saving to: `code/../crawls/gci.com/Privacy-Policy/raw/static.gci.com/corporate/images/bg_secondary_promos.png'

     0K .                                                     100% 4.30M=0s

2012-10-15 05:17:54 (4.30 MB/s) - `code/../crawls/gci.com/Privacy-Policy/raw/static.gci.com/corporate/images/bg_secondary_promos.png' saved [1456/1456]

--2012-10-15 05:17:54--  http://static.gci.com/corporate/images/bg_copy-sections.png
Reusing existing connection to static.gci.com:80.
HTTP request sent, awaiting response... 404 Not Found
2012-10-15 05:17:54 ERROR 404: Not Found.

--2012-10-15 05:17:54--  http://static.gci.com/corporate/js/libs/form_support/images/stopbanner.png
Reusing existing connection to static.gci.com:80.
HTTP request sent, awaiting response... 200 OK
Length: 17891 (17K) [image/png]
Saving to: `code/../crawls/gci.com/Privacy-Policy/raw/static.gci.com/corporate/js/libs/form_support/images/stopbanner.png'

     0K .......... .......                                    100% 7.55M=0.002s

2012-10-15 05:17:54 (7.55 MB/s) - `code/../crawls/gci.com/Privacy-Policy/raw/static.gci.com/corporate/js/libs/form_support/images/stopbanner.png' saved [17891/17891]

--2012-10-15 05:17:54--  http://static.gci.com/corporate/js/libs/form_support/images/datepicker_arrow_left.gif
Reusing existing connection to static.gci.com:80.
HTTP request sent, awaiting response... 200 OK
Length: 53 [image/gif]
Saving to: `code/../crawls/gci.com/Privacy-Policy/raw/static.gci.com/corporate/js/libs/form_support/images/datepicker_arrow_left.gif'

     0K                                                       100% 9.48M=0s

2012-10-15 05:17:54 (9.48 MB/s) - `code/../crawls/gci.com/Privacy-Policy/raw/static.gci.com/corporate/js/libs/form_support/images/datepicker_arrow_left.gif' saved [53/53]

--2012-10-15 05:17:54--  http://static.gci.com/corporate/js/libs/form_support/images/datepicker_arrow_right.gif
Reusing existing connection to static.gci.com:80.
HTTP request sent, awaiting response... 200 OK
Length: 53 [image/gif]
Saving to: `code/../crawls/gci.com/Privacy-Policy/raw/static.gci.com/corporate/js/libs/form_support/images/datepicker_arrow_right.gif'

     0K                                                       100% 4.48M=0s

2012-10-15 05:17:55 (4.48 MB/s) - `code/../crawls/gci.com/Privacy-Policy/raw/static.gci.com/corporate/js/libs/form_support/images/datepicker_arrow_right.gif' saved [53/53]

--2012-10-15 05:17:55--  http://static.gci.com/corporate/js/libs/form_support/images/percentbar_bg.png
Reusing existing connection to static.gci.com:80.
HTTP request sent, awaiting response... 200 OK
Length: 334 [image/png]
Saving to: `code/../crawls/gci.com/Privacy-Policy/raw/static.gci.com/corporate/js/libs/form_support/images/percentbar_bg.png'

     0K                                                       100% 57.9M=0s

2012-10-15 05:17:55 (57.9 MB/s) - `code/../crawls/gci.com/Privacy-Policy/raw/static.gci.com/corporate/js/libs/form_support/images/percentbar_bg.png' saved [334/334]

--2012-10-15 05:17:55--  http://static.gci.com/corporate/js/libs/form_support/images/percentbar_blue.png
Reusing existing connection to static.gci.com:80.
HTTP request sent, awaiting response... 200 OK
Length: 492 [image/png]
Saving to: `code/../crawls/gci.com/Privacy-Policy/raw/static.gci.com/corporate/js/libs/form_support/images/percentbar_blue.png'

     0K                                                       100% 81.4M=0s

2012-10-15 05:17:55 (81.4 MB/s) - `code/../crawls/gci.com/Privacy-Policy/raw/static.gci.com/corporate/js/libs/form_support/images/percentbar_blue.png' saved [492/492]

--2012-10-15 05:17:55--  http://static.gci.com/corporate/js/libs/form_support/images/percentbar_gray.png
Reusing existing connection to static.gci.com:80.
HTTP request sent, awaiting response... 200 OK
Length: 375 [image/png]
Saving to: `code/../crawls/gci.com/Privacy-Policy/raw/static.gci.com/corporate/js/libs/form_support/images/percentbar_gray.png'

     0K                                                       100% 6.39M=0s

2012-10-15 05:17:55 (6.39 MB/s) - `code/../crawls/gci.com/Privacy-Policy/raw/static.gci.com/corporate/js/libs/form_support/images/percentbar_gray.png' saved [375/375]

--2012-10-15 05:17:55--  http://static.gci.com/corporate/js/libs/form_support/images/percentbar_green.png
Reusing existing connection to static.gci.com:80.
HTTP request sent, awaiting response... 200 OK
Length: 513 [image/png]
Saving to: `code/../crawls/gci.com/Privacy-Policy/raw/static.gci.com/corporate/js/libs/form_support/images/percentbar_green.png'

     0K                                                       100% 89.4M=0s

2012-10-15 05:17:55 (89.4 MB/s) - `code/../crawls/gci.com/Privacy-Policy/raw/static.gci.com/corporate/js/libs/form_support/images/percentbar_green.png' saved [513/513]

--2012-10-15 05:17:55--  http://static.gci.com/corporate/js/libs/form_support/images/percentbar_orange.png
Reusing existing connection to static.gci.com:80.
HTTP request sent, awaiting response... 200 OK
Length: 483 [image/png]
Saving to: `code/../crawls/gci.com/Privacy-Policy/raw/static.gci.com/corporate/js/libs/form_support/images/percentbar_orange.png'

     0K                                                       100% 3.41M=0s

2012-10-15 05:17:55 (3.41 MB/s) - `code/../crawls/gci.com/Privacy-Policy/raw/static.gci.com/corporate/js/libs/form_support/images/percentbar_orange.png' saved [483/483]

--2012-10-15 05:17:55--  http://static.gci.com/corporate/js/libs/form_support/images/percentbar_red.png
Reusing existing connection to static.gci.com:80.
HTTP request sent, awaiting response... 200 OK
Length: 452 [image/png]
Saving to: `code/../crawls/gci.com/Privacy-Policy/raw/static.gci.com/corporate/js/libs/form_support/images/percentbar_red.png'

     0K                                                       100% 39.0M=0s

2012-10-15 05:17:55 (39.0 MB/s) - `code/../crawls/gci.com/Privacy-Policy/raw/static.gci.com/corporate/js/libs/form_support/images/percentbar_red.png' saved [452/452]

--2012-10-15 05:17:55--  http://static.gci.com/corporate/js/libs/form_support/images/percentbar_custom.png
Reusing existing connection to static.gci.com:80.
HTTP request sent, awaiting response... 200 OK
Length: 547 [image/png]
Saving to: `code/../crawls/gci.com/Privacy-Policy/raw/static.gci.com/corporate/js/libs/form_support/images/percentbar_custom.png'

     0K                                                       100% 46.2M=0s

2012-10-15 05:17:55 (46.2 MB/s) - `code/../crawls/gci.com/Privacy-Policy/raw/static.gci.com/corporate/js/libs/form_support/images/percentbar_custom.png' saved [547/547]

--2012-10-15 05:17:55--  http://static.gci.com/corporate/js/libs/form_support/images/chosen-sprite.png
Reusing existing connection to static.gci.com:80.
HTTP request sent, awaiting response... 200 OK
Length: 742 [image/png]
Saving to: `code/../crawls/gci.com/Privacy-Policy/raw/static.gci.com/corporate/js/libs/form_support/images/chosen-sprite.png'

     0K                                                       100% 2.75M=0s

2012-10-15 05:17:55 (2.75 MB/s) - `code/../crawls/gci.com/Privacy-Policy/raw/static.gci.com/corporate/js/libs/form_support/images/chosen-sprite.png' saved [742/742]

--2012-10-15 05:17:55--  http://static.gci.com/corporate/js/libs/form_support/images/gf_creditcard_icons.png
Reusing existing connection to static.gci.com:80.
HTTP request sent, awaiting response... 200 OK
Length: 76461 (75K) [image/png]
Saving to: `code/../crawls/gci.com/Privacy-Policy/raw/static.gci.com/corporate/js/libs/form_support/images/gf_creditcard_icons.png'

     0K .......... .......... .......... .......... .......... 66% 9.63M 0s
    50K .......... .......... ....                            100%  555K=0.05s

2012-10-15 05:17:55 (1.47 MB/s) - `code/../crawls/gci.com/Privacy-Policy/raw/static.gci.com/corporate/js/libs/form_support/images/gf_creditcard_icons.png' saved [76461/76461]

--2012-10-15 05:17:55--  http://static.gci.com/corporate/js/libs/fancybox/source/fancybox_sprite.png
Reusing existing connection to static.gci.com:80.
HTTP request sent, awaiting response... 200 OK
Length: 1362 (1.3K) [image/png]
Saving to: `code/../crawls/gci.com/Privacy-Policy/raw/static.gci.com/corporate/js/libs/fancybox/source/fancybox_sprite.png'

     0K .                                                     100% 4.28M=0s

2012-10-15 05:17:55 (4.28 MB/s) - `code/../crawls/gci.com/Privacy-Policy/raw/static.gci.com/corporate/js/libs/fancybox/source/fancybox_sprite.png' saved [1362/1362]

--2012-10-15 05:17:55--  http://static.gci.com/corporate/js/libs/fancybox/source/fancybox_loading.gif
Reusing existing connection to static.gci.com:80.
HTTP request sent, awaiting response... 200 OK
Length: 3866 (3.8K) [image/gif]
Saving to: `code/../crawls/gci.com/Privacy-Policy/raw/static.gci.com/corporate/js/libs/fancybox/source/fancybox_loading.gif'

     0K ...                                                   100% 7.42M=0s

2012-10-15 05:17:55 (7.42 MB/s) - `code/../crawls/gci.com/Privacy-Policy/raw/static.gci.com/corporate/js/libs/fancybox/source/fancybox_loading.gif' saved [3866/3866]

--2012-10-15 05:17:55--  http://static.gci.com/corporate/js/libs/fancybox/source/blank.gif
Reusing existing connection to static.gci.com:80.
HTTP request sent, awaiting response... 200 OK
Length: 43 [image/gif]
Saving to: `code/../crawls/gci.com/Privacy-Policy/raw/static.gci.com/corporate/js/libs/fancybox/source/blank.gif'

     0K                                                       100% 8.06M=0s

2012-10-15 05:17:55 (8.06 MB/s) - `code/../crawls/gci.com/Privacy-Policy/raw/static.gci.com/corporate/js/libs/fancybox/source/blank.gif' saved [43/43]

--2012-10-15 05:17:55--  http://static.gci.com/corporate/js/libs/fancybox/source/fancybox_overlay.png
Reusing existing connection to static.gci.com:80.
HTTP request sent, awaiting response... 200 OK
Length: 923 [image/png]
Saving to: `code/../crawls/gci.com/Privacy-Policy/raw/static.gci.com/corporate/js/libs/fancybox/source/fancybox_overlay.png'

     0K                                                       100% 72.2M=0s

2012-10-15 05:17:55 (72.2 MB/s) - `code/../crawls/gci.com/Privacy-Policy/raw/static.gci.com/corporate/js/libs/fancybox/source/fancybox_overlay.png' saved [923/923]

FINISHED --2012-10-15 05:17:55--
Total wall clock time: 5.8s
Downloaded: 58 files, 653K in 1.2s (540 KB/s)
Converting code/../crawls/gci.com/Privacy-Policy/raw/www.gci.com/privacy-policy.html... 23-44
Converting code/../crawls/gci.com/Privacy-Policy/raw/static.gci.com/corporate/css/style.css... 26-20
Converting code/../crawls/gci.com/Privacy-Policy/raw/static.gci.com/corporate/css/forms.css... 30-0
Converting code/../crawls/gci.com/Privacy-Policy/raw/static.gci.com/corporate/js/libs/fancybox/source/jquery.fancybox.css?ver=3.3.1.css... 4-0
Converted 4 files in 0.008 seconds.
