--2012-11-08 06:22:04--  http://paidcontent.org/privacy/
Resolving paidcontent.org... 72.233.69.6, 74.200.243.251, 74.200.244.59, ...
Connecting to paidcontent.org|72.233.69.6|:80... connected.
HTTP request sent, awaiting response... 301 Moved Permanently
Location: http://paidcontent.org/tech/privacy-breach-costs-aol-cto-two-others-their-jobs-privacy-taskforce-starte/ [following]
--2012-11-08 06:22:04--  http://paidcontent.org/tech/privacy-breach-costs-aol-cto-two-others-their-jobs-privacy-taskforce-starte/
Reusing existing connection to paidcontent.org:80.
HTTP request sent, awaiting response... 200 OK
Length: unspecified [text/html]
Saving to: `code/../crawls/paidcontent.org/Privacy-Policy/raw/paidcontent.org/privacy/index.html'

     0K .......... .......... .......... .......... .........   554K=0.09s

2012-11-08 06:22:05 (554 KB/s) - `code/../crawls/paidcontent.org/Privacy-Policy/raw/paidcontent.org/privacy/index.html' saved [50447]

--2012-11-08 06:22:05--  http://s1.wp.com/wp-content/themes/vip/gigaom-paidcontent/img/favicon.ico?m=1332980516g
Resolving s1.wp.com... 72.21.91.111, 2606:2800:220:1c85:99b:1b56:207e:ea5
Connecting to s1.wp.com|72.21.91.111|:80... connected.
HTTP request sent, awaiting response... 200 OK
Length: 1150 (1.1K) [image/vnd.microsoft.icon]
Saving to: `code/../crawls/paidcontent.org/Privacy-Policy/raw/s1.wp.com/wp-content/themes/vip/gigaom-paidcontent/img/favicon.ico?m=1332980516g'

     0K .                                                     100%  169M=0s

2012-11-08 06:22:05 (169 MB/s) - `code/../crawls/paidcontent.org/Privacy-Policy/raw/s1.wp.com/wp-content/themes/vip/gigaom-paidcontent/img/favicon.ico?m=1332980516g' saved [1150/1150]

The name is too long, 181 chars total.
Trying to shorten...
New name is remote-login.php?action=js&host=paidcontent.org&id=33319749&t=1352384525&back=paidcontent.org%2Ftech%2Fprivacy-breach-costs-aol.
The name is too long, 181 chars total.
Trying to shorten...
New name is remote-login.php?action=js&host=paidcontent.org&id=33319749&t=1352384525&back=paidcontent.org%2Ftech%2Fprivacy-breach-costs-aol.
--2012-11-08 06:22:05--  http://r-login.wordpress.com/remote-login.php?action=js&host=paidcontent.org&id=33319749&t=1352384525&back=paidcontent.org%2Ftech%2Fprivacy-breach-costs-aol-cto-two-others-their-jobs-privacy-taskforce-starte%2F
Resolving r-login.wordpress.com... 72.233.69.6, 72.233.2.58
Connecting to r-login.wordpress.com|72.233.69.6|:80... connected.
HTTP request sent, awaiting response... 200 OK
Length: unspecified [text/javascript]
Saving to: `code/../crawls/paidcontent.org/Privacy-Policy/raw/r-login.wordpress.com/remote-login.php?action=js&host=paidcontent.org&id=33319749&t=1352384525&back=paidcontent.org%2Ftech%2Fprivacy-breach-costs-aol'

     0K                                                        0.00 =0s

2012-11-08 06:22:05 (0.00 B/s) - `code/../crawls/paidcontent.org/Privacy-Policy/raw/r-login.wordpress.com/remote-login.php?action=js&host=paidcontent.org&id=33319749&t=1352384525&back=paidcontent.org%2Ftech%2Fprivacy-breach-costs-aol' saved [0]

The name is too long, 173 chars total.
Trying to shorten...
New name is index.html??-eJyNzr0OwjAMBOAXIljpz8BQ9VnSEBIXx4lqR8DbUwa6sDDdDd9JB49qkD21axBYBTShvy%2FleZSzFznBrnxhDayQm6nUIrJALaLmRg43EH1R+Ncm.
The name is too long, 173 chars total.
Trying to shorten...
New name is index.html??-eJyNzr0OwjAMBOAXIljpz8BQ9VnSEBIXx4lqR8DbUwa6sDDdDd9JB49qkD21axBYBTShvy%2FleZSzFznBrnxhDayQm6nUIrJALaLmRg43EH1R+Ncm.
--2012-11-08 06:22:05--  http://s2.wp.com/_static/??-eJyNzr0OwjAMBOAXIljpz8BQ9VnSEBIXx4lqR8DbUwa6sDDdDd9JB49qkD21axBYBTShvy/leZSzFznBrnxhDayQm6nUIrJALaLmRg43EH1R+NcmtyHHb/6sNIW8v0kDRCqLow+Y82T70V66cbD9+gaTPULC
Resolving s2.wp.com... 72.21.91.111, 2606:2800:220:1c85:99b:1b56:207e:ea5
Connecting to s2.wp.com|72.21.91.111|:80... connected.
HTTP request sent, awaiting response... 200 OK
Length: 37890 (37K) [text/css]
Saving to: `code/../crawls/paidcontent.org/Privacy-Policy/raw/s2.wp.com/_static/index.html??-eJyNzr0OwjAMBOAXIljpz8BQ9VnSEBIXx4lqR8DbUwa6sDDdDd9JB49qkD21axBYBTShvy%2FleZSzFznBrnxhDayQm6nUIrJALaLmRg43EH1R+Ncm.css'

     0K .......... .......... .......... .......              100% 5.90M=0.006s

2012-11-08 06:22:05 (5.90 MB/s) - `code/../crawls/paidcontent.org/Privacy-Policy/raw/s2.wp.com/_static/index.html??-eJyNzr0OwjAMBOAXIljpz8BQ9VnSEBIXx4lqR8DbUwa6sDDdDd9JB49qkD21axBYBTShvy%2FleZSzFznBrnxhDayQm6nUIrJALaLmRg43EH1R+Ncm.css' saved [37890/37890]

--2012-11-08 06:22:05--  http://s2.wp.com/_static/??-eJzTLy/QTc7PK0nNK9EvyUjNTS3WL8ss0E/PTE/Mz9UvM9ZPLi7WT0osTtUDMnT08anWLUjMTIHJoum0z7U1NDYxtzS0MDYwyQIA8jgpmA==
Reusing existing connection to s2.wp.com:80.
HTTP request sent, awaiting response... 200 OK
Length: 56875 (56K) [text/css]
Saving to: `code/../crawls/paidcontent.org/Privacy-Policy/raw/s2.wp.com/_static/index.html??-eJzTLy%2FQTc7PK0nNK9EvyUjNTS3WL8ss0E%2FPTE%2FMz9UvM9ZPLi7WT0osTtUDMnT08anWLUjMTIHJoum0z7U1NDYxtzS0MDYwyQIA8jgpmA==.css'

     0K .......... .......... .......... .......... .......... 90% 10.7M 0s
    50K .....                                                 100% 14.5M=0.005s

2012-11-08 06:22:05 (11.0 MB/s) - `code/../crawls/paidcontent.org/Privacy-Policy/raw/s2.wp.com/_static/index.html??-eJzTLy%2FQTc7PK0nNK9EvyUjNTS3WL8ss0E%2FPTE%2FMz9UvM9ZPLi7WT0osTtUDMnT08anWLUjMTIHJoum0z7U1NDYxtzS0MDYwyQIA8jgpmA==.css' saved [56875/56875]

The name is too long, 291 chars total.
Trying to shorten...
New name is index.html??-eJydkcsOwiAQRX9Ii6a66ML4LbyC0wCDnaG1fr1oNGriopiQEMI5N3dATGkNUftsLIm+rHO2w%2Fzcmp5W4jeQ4cVkaDQOtgkQl%2FITGGe5xmCpqI.
The name is too long, 291 chars total.
Trying to shorten...
New name is index.html??-eJydkcsOwiAQRX9Ii6a66ML4LbyC0wCDnaG1fr1oNGriopiQEMI5N3dATGkNUftsLIm+rHO2w%2Fzcmp5W4jeQ4cVkaDQOtgkQl%2FITGGe5xmCpqI.
--2012-11-08 06:22:05--  http://s0.wp.com/_static/??-eJydkcsOwiAQRX9Ii6a66ML4LbyC0wCDnaG1fr1oNGriopiQEMI5N3dATGkNUftsLIm+rHO2w/zcmp5W4jeQ4cVkaDQOtgkQl/ITGGe5xmCpqIYPmKmq0mAJrlL5KskM0rlaSWVmjDVGQgKGOseA9Og+DY2RbWTBJxuKN0ISDpzEIJLPDiIJh2tCXcR3aGMvMqTvAf8LYkRPy2LG9u4pWX5wIQum3ALPyysqHUhoDAljAR/POMk5IZTDs+UxHLbtrus2bbfv+hsHxi37
Resolving s0.wp.com... 72.21.91.111, 2606:2800:220:1c85:99b:1b56:207e:ea5
Reusing existing connection to s2.wp.com:80.
HTTP request sent, awaiting response... 200 OK
Length: 235967 (230K) [application/x-javascript]
Saving to: `code/../crawls/paidcontent.org/Privacy-Policy/raw/s0.wp.com/_static/index.html??-eJydkcsOwiAQRX9Ii6a66ML4LbyC0wCDnaG1fr1oNGriopiQEMI5N3dATGkNUftsLIm+rHO2w%2Fzcmp5W4jeQ4cVkaDQOtgkQl%2FITGGe5xmCpqI'

     0K .......... .......... .......... .......... .......... 21% 10.4M 0s
    50K .......... .......... .......... .......... .......... 43% 10.9M 0s
   100K .......... .......... .......... .......... .......... 65% 11.3M 0s
   150K .......... .......... .......... .......... .......... 86% 10.9M 0s
   200K .......... .......... ..........                      100% 10.5M=0.02s

2012-11-08 06:22:05 (10.8 MB/s) - `code/../crawls/paidcontent.org/Privacy-Policy/raw/s0.wp.com/_static/index.html??-eJydkcsOwiAQRX9Ii6a66ML4LbyC0wCDnaG1fr1oNGriopiQEMI5N3dATGkNUftsLIm+rHO2w%2Fzcmp5W4jeQ4cVkaDQOtgkQl%2FITGGe5xmCpqI' saved [235967/235967]

--2012-11-08 06:22:05--  http://www.google.com/jsapi?ver=3.5-alpha-21989
Resolving www.google.com... 173.194.44.148, 173.194.44.144, 173.194.44.145, ...
Connecting to www.google.com|173.194.44.148|:80... connected.
HTTP request sent, awaiting response... 200 OK
Length: unspecified [text/javascript]
Saving to: `code/../crawls/paidcontent.org/Privacy-Policy/raw/www.google.com/jsapi?ver=3.5-alpha-21989'

     0K .......... .......... ...                              60.0K=0.4s

2012-11-08 06:22:06 (60.0 KB/s) - `code/../crawls/paidcontent.org/Privacy-Policy/raw/www.google.com/jsapi?ver=3.5-alpha-21989' saved [24425]

The name is too long, 142 chars total.
Trying to shorten...
New name is index.html??%2Fwp-content%2Fthemes%2Fvip%2Fgigaom%2Fplugins%2Fgo-cse%2Fjs%2Fgo-cse.js,%2Fwp-includes%2Fjs%2Fcomment-reply.min.j.
The name is too long, 142 chars total.
Trying to shorten...
New name is index.html??%2Fwp-content%2Fthemes%2Fvip%2Fgigaom%2Fplugins%2Fgo-cse%2Fjs%2Fgo-cse.js,%2Fwp-includes%2Fjs%2Fcomment-reply.min.j.
--2012-11-08 06:22:06--  http://s0.wp.com/_static/??/wp-content/themes/vip/gigaom/plugins/go-cse/js/go-cse.js,/wp-includes/js/comment-reply.min.js?m=1349903959j
Connecting to s0.wp.com|72.21.91.111|:80... connected.
HTTP request sent, awaiting response... 200 OK
Length: 5314 (5.2K) [application/x-javascript]
Saving to: `code/../crawls/paidcontent.org/Privacy-Policy/raw/s0.wp.com/_static/index.html??%2Fwp-content%2Fthemes%2Fvip%2Fgigaom%2Fplugins%2Fgo-cse%2Fjs%2Fgo-cse.js,%2Fwp-includes%2Fjs%2Fcomment-reply.min.j'

     0K .....                                                 100% 32.4M=0s

2012-11-08 06:22:06 (32.4 MB/s) - `code/../crawls/paidcontent.org/Privacy-Policy/raw/s0.wp.com/_static/index.html??%2Fwp-content%2Fthemes%2Fvip%2Fgigaom%2Fplugins%2Fgo-cse%2Fjs%2Fgo-cse.js,%2Fwp-includes%2Fjs%2Fcomment-reply.min.j' saved [5314/5314]

--2012-11-08 06:22:06--  http://s2.wp.com/wp-content/themes/vip/gigaom/plugins/go-cse/css/go-cse.css?m=1339082856g
Reusing existing connection to s0.wp.com:80.
HTTP request sent, awaiting response... 200 OK
Length: 169 [text/css]
Saving to: `code/../crawls/paidcontent.org/Privacy-Policy/raw/s2.wp.com/wp-content/themes/vip/gigaom/plugins/go-cse/css/go-cse.css?m=1339082856g.css'

     0K                                                       100% 27.5M=0s

2012-11-08 06:22:06 (27.5 MB/s) - `code/../crawls/paidcontent.org/Privacy-Policy/raw/s2.wp.com/wp-content/themes/vip/gigaom/plugins/go-cse/css/go-cse.css?m=1339082856g.css' saved [169/169]

--2012-11-08 06:22:06--  http://s1.wp.com/wp-content/themes/vip/gigaom/v3/css/cse.css?m=1342569055g
Reusing existing connection to s0.wp.com:80.
HTTP request sent, awaiting response... 200 OK
Length: 8829 (8.6K) [text/css]
Saving to: `code/../crawls/paidcontent.org/Privacy-Policy/raw/s1.wp.com/wp-content/themes/vip/gigaom/v3/css/cse.css?m=1342569055g.css'

     0K ........                                              100% 18.9M=0s

2012-11-08 06:22:06 (18.9 MB/s) - `code/../crawls/paidcontent.org/Privacy-Policy/raw/s1.wp.com/wp-content/themes/vip/gigaom/v3/css/cse.css?m=1342569055g.css' saved [8829/8829]

--2012-11-08 06:22:06--  http://partner.googleadservices.com/gampad/google_service.js
Resolving partner.googleadservices.com... 173.194.34.89, 173.194.34.90, 173.194.34.77
Connecting to partner.googleadservices.com|173.194.34.89|:80... connected.
HTTP request sent, awaiting response... 200 OK
Length: unspecified [text/javascript]
Saving to: `code/../crawls/paidcontent.org/Privacy-Policy/raw/partner.googleadservices.com/gampad/google_service.js'

     0K ...                                                    56.5M=0s

2012-11-08 06:22:06 (56.5 MB/s) - `code/../crawls/paidcontent.org/Privacy-Policy/raw/partner.googleadservices.com/gampad/google_service.js' saved [3768]

--2012-11-08 06:22:06--  http://s2.wp.com/?custom-css=1&csblog=2fNZj&cscache=6&csrev=29
Connecting to s2.wp.com|72.21.91.111|:80... connected.
HTTP request sent, awaiting response... 200 OK
Length: 1949 (1.9K) [text/css]
Saving to: `code/../crawls/paidcontent.org/Privacy-Policy/raw/s2.wp.com/index.html?custom-css=1&csblog=2fNZj&cscache=6&csrev=29.css'

     0K .                                                     100%  266M=0s

2012-11-08 06:22:06 (266 MB/s) - `code/../crawls/paidcontent.org/Privacy-Policy/raw/s2.wp.com/index.html?custom-css=1&csblog=2fNZj&cscache=6&csrev=29.css' saved [1949/1949]

--2012-11-08 06:22:06--  http://s2.wp.com/wp-content/themes/vip/gigaom/plugins/bcms/components//img/loading-gray.gif?m=1340382944g
Reusing existing connection to s2.wp.com:80.
HTTP request sent, awaiting response... 200 OK
Length: 723 [image/gif]
Saving to: `code/../crawls/paidcontent.org/Privacy-Policy/raw/s2.wp.com/wp-content/themes/vip/gigaom/plugins/bcms/components/img/loading-gray.gif?m=1340382944g'

     0K                                                       100%  116M=0s

2012-11-08 06:22:06 (116 MB/s) - `code/../crawls/paidcontent.org/Privacy-Policy/raw/s2.wp.com/wp-content/themes/vip/gigaom/plugins/bcms/components/img/loading-gray.gif?m=1340382944g' saved [723/723]

--2012-11-08 06:22:06--  http://s1.wp.com/wp-content/themes/vip/gigaom/v3/img/newsletter-sample.png?m=1342507021g
Reusing existing connection to s2.wp.com:80.
HTTP request sent, awaiting response... 200 OK
Length: 594475 (581K) [image/png]
Saving to: `code/../crawls/paidcontent.org/Privacy-Policy/raw/s1.wp.com/wp-content/themes/vip/gigaom/v3/img/newsletter-sample.png?m=1342507021g'

     0K .......... .......... .......... .......... ..........  8% 7.96M 0s
    50K .......... .......... .......... .......... .......... 17% 10.7M 0s
   100K .......... .......... .......... .......... .......... 25% 11.3M 0s
   150K .......... .......... .......... .......... .......... 34% 10.2M 0s
   200K .......... .......... .......... .......... .......... 43% 11.2M 0s
   250K .......... .......... .......... .......... .......... 51% 11.4M 0s
   300K .......... .......... .......... .......... .......... 60% 11.3M 0s
   350K .......... .......... .......... .......... .......... 68% 10.8M 0s
   400K .......... .......... .......... .......... .......... 77% 11.3M 0s
   450K .......... .......... .......... .......... .......... 86% 11.3M 0s
   500K .......... .......... .......... .......... .......... 94% 10.4M 0s
   550K .......... .......... ..........                      100% 9.70M=0.05s

2012-11-08 06:22:07 (10.6 MB/s) - `code/../crawls/paidcontent.org/Privacy-Policy/raw/s1.wp.com/wp-content/themes/vip/gigaom/v3/img/newsletter-sample.png?m=1342507021g' saved [594475/594475]

--2012-11-08 06:22:07--  http://edge.quantserve.com/quant.js
Resolving edge.quantserve.com... 64.94.107.14, 64.94.107.30, 64.94.107.33, ...
Connecting to edge.quantserve.com|64.94.107.14|:80... connected.
HTTP request sent, awaiting response... 200 OK
Length: 5670 (5.5K) [application/x-javascript]
Saving to: `code/../crawls/paidcontent.org/Privacy-Policy/raw/edge.quantserve.com/quant.js'

     0K .....                                                 100%  172K=0.03s

2012-11-08 06:22:07 (172 KB/s) - `code/../crawls/paidcontent.org/Privacy-Policy/raw/edge.quantserve.com/quant.js' saved [5670/5670]

--2012-11-08 06:22:07--  http://pixel.quantserve.com/pixel/p-7f76HAgni1Oqs.gif
Resolving pixel.quantserve.com... 64.94.107.14, 64.94.107.30, 64.94.107.40, ...
Connecting to pixel.quantserve.com|64.94.107.14|:80... connected.
HTTP request sent, awaiting response... 200 OK
Length: 35 [image/gif]
Saving to: `code/../crawls/paidcontent.org/Privacy-Policy/raw/pixel.quantserve.com/pixel/p-7f76HAgni1Oqs.gif'

     0K                                                       100% 5.37M=0s

2012-11-08 06:22:07 (5.37 MB/s) - `code/../crawls/paidcontent.org/Privacy-Policy/raw/pixel.quantserve.com/pixel/p-7f76HAgni1Oqs.gif' saved [35/35]

--2012-11-08 06:22:07--  http://www.statcounter.com/counter/counter_xhtml.js
Resolving www.statcounter.com... 174.35.40.19, 174.35.40.15
Connecting to www.statcounter.com|174.35.40.19|:80... connected.
HTTP request sent, awaiting response... 200 OK
Length: 9066 (8.9K) [application/x-javascript]
Saving to: `code/../crawls/paidcontent.org/Privacy-Policy/raw/www.statcounter.com/counter/counter_xhtml.js'

     0K ........                                              100% 2.62M=0.003s

2012-11-08 06:22:07 (2.62 MB/s) - `code/../crawls/paidcontent.org/Privacy-Policy/raw/www.statcounter.com/counter/counter_xhtml.js' saved [9066/9066]

--2012-11-08 06:22:07--  http://c.statcounter.com/2084610/0/843e48c0/1/
Resolving c.statcounter.com... 67.215.253.140, 216.59.38.123, 216.59.38.124, ...
Connecting to c.statcounter.com|67.215.253.140|:80... connected.
HTTP request sent, awaiting response... 200 OK
Length: 49 [image/gif]
Saving to: `code/../crawls/paidcontent.org/Privacy-Policy/raw/c.statcounter.com/2084610/0/843e48c0/1/index.html'

     0K                                                       100% 8.17M=0s

2012-11-08 06:22:07 (8.17 MB/s) - `code/../crawls/paidcontent.org/Privacy-Policy/raw/c.statcounter.com/2084610/0/843e48c0/1/index.html' saved [49/49]

--2012-11-08 06:22:07--  http://b.scorecardresearch.com/p?c1=2&c2=13557238&cv=2.0&cj=1
Resolving b.scorecardresearch.com... 23.61.194.218, 23.61.194.248
Connecting to b.scorecardresearch.com|23.61.194.218|:80... connected.
HTTP request sent, awaiting response... 302 Moved Temporarily
Location: http://b.scorecardresearch.com/p2?c1=2&c2=13557238&cv=2.0&cj=1 [following]
--2012-11-08 06:22:07--  http://b.scorecardresearch.com/p2?c1=2&c2=13557238&cv=2.0&cj=1
Reusing existing connection to b.scorecardresearch.com:80.
HTTP request sent, awaiting response... 200 OK
Length: 43 [image/gif]
Saving to: `code/../crawls/paidcontent.org/Privacy-Policy/raw/b.scorecardresearch.com/p?c1=2&c2=13557238&cv=2.0&cj=1'

     0K                                                       100% 6.25M=0s

2012-11-08 06:22:07 (6.25 MB/s) - `code/../crawls/paidcontent.org/Privacy-Policy/raw/b.scorecardresearch.com/p?c1=2&c2=13557238&cv=2.0&cj=1' saved [43/43]

--2012-11-08 06:22:07--  http://secure-us.imrworldwide.com/cgi-bin/m?ci=us-thestreet&cg=0&cc=1&ts=noscript
Resolving secure-us.imrworldwide.com... 138.108.6.20
Connecting to secure-us.imrworldwide.com|138.108.6.20|:80... connected.
HTTP request sent, awaiting response... 302 Found
Location: http://secure-us.imrworldwide.com/cgi-bin/m1?ci=us-thestreet&cg=0&cc=1&ts=noscript&ja=1 [following]
--2012-11-08 06:22:07--  http://secure-us.imrworldwide.com/cgi-bin/m1?ci=us-thestreet&cg=0&cc=1&ts=noscript&ja=1
Reusing existing connection to secure-us.imrworldwide.com:80.
HTTP request sent, awaiting response... 200 OK
Length: unspecified [image/gif]
Saving to: `code/../crawls/paidcontent.org/Privacy-Policy/raw/secure-us.imrworldwide.com/cgi-bin/m?ci=us-thestreet&cg=0&cc=1&ts=noscript'

     0K                                                        4.26M=0s

2012-11-08 06:22:07 (4.26 MB/s) - `code/../crawls/paidcontent.org/Privacy-Policy/raw/secure-us.imrworldwide.com/cgi-bin/m?ci=us-thestreet&cg=0&cc=1&ts=noscript' saved [44]

The name is too long, 156 chars total.
Trying to shorten...
New name is p-18-mFEk4J448M.gif?labels=%2Clanguage.en%2Ctype.wpcom%2Cposttag.aol%2Cposttag.companies%2Cposttag.paidcontent%2Cposttag.time-w.
The name is too long, 156 chars total.
Trying to shorten...
New name is p-18-mFEk4J448M.gif?labels=%2Clanguage.en%2Ctype.wpcom%2Cposttag.aol%2Cposttag.companies%2Cposttag.paidcontent%2Cposttag.time-w.
--2012-11-08 06:22:07--  http://pixel.quantserve.com/pixel/p-18-mFEk4J448M.gif?labels=%2Clanguage.en%2Ctype.wpcom%2Cposttag.aol%2Cposttag.companies%2Cposttag.paidcontent%2Cposttag.time-warner%2Cvip.gigaompaidcontent
Connecting to pixel.quantserve.com|64.94.107.14|:80... connected.
HTTP request sent, awaiting response... 200 OK
Length: 35 [image/gif]
Saving to: `code/../crawls/paidcontent.org/Privacy-Policy/raw/pixel.quantserve.com/pixel/p-18-mFEk4J448M.gif?labels=%2Clanguage.en%2Ctype.wpcom%2Cposttag.aol%2Cposttag.companies%2Cposttag.paidcontent%2Cposttag.time-w'

     0K                                                       100% 6.13M=0s

2012-11-08 06:22:07 (6.13 MB/s) - `code/../crawls/paidcontent.org/Privacy-Policy/raw/pixel.quantserve.com/pixel/p-18-mFEk4J448M.gif?labels=%2Clanguage.en%2Ctype.wpcom%2Cposttag.aol%2Cposttag.companies%2Cposttag.paidcontent%2Cposttag.time-w' saved [35/35]

--2012-11-08 06:22:07--  http://s1.wp.com/wp-content/themes/vip/gigaom/plugins/go-social/images/ajax-loader.gif?m=1310483236g
Connecting to s1.wp.com|72.21.91.111|:80... connected.
HTTP request sent, awaiting response... 200 OK
Length: 3951 (3.9K) [image/gif]
Saving to: `code/../crawls/paidcontent.org/Privacy-Policy/raw/s1.wp.com/wp-content/themes/vip/gigaom/plugins/go-social/images/ajax-loader.gif?m=1310483236g'

     0K ...                                                   100%  452M=0s

2012-11-08 06:22:07 (452 MB/s) - `code/../crawls/paidcontent.org/Privacy-Policy/raw/s1.wp.com/wp-content/themes/vip/gigaom/plugins/go-social/images/ajax-loader.gif?m=1310483236g' saved [3951/3951]

--2012-11-08 06:22:07--  https://apis.google.com/js/plusone.js
Resolving apis.google.com... 173.194.41.162, 173.194.41.163, 173.194.41.164, ...
Connecting to apis.google.com|173.194.41.162|:443... connected.
HTTP request sent, awaiting response... 200 OK
Length: unspecified [application/javascript]
Saving to: `code/../crawls/paidcontent.org/Privacy-Policy/raw/apis.google.com/js/plusone.js'

     0K .....                                                  13.4M=0s

2012-11-08 06:22:08 (13.4 MB/s) - `code/../crawls/paidcontent.org/Privacy-Policy/raw/apis.google.com/js/plusone.js' saved [6094]

--2012-11-08 06:22:08--  http://0.gravatar.com/js/gprofiles.js?ver=201245ab
Resolving 0.gravatar.com... 72.21.91.121, 2606:2800:220:bf1:95:a65:51f:1a94
Connecting to 0.gravatar.com|72.21.91.121|:80... connected.
HTTP request sent, awaiting response... 200 OK
Length: 23779 (23K) [application/x-javascript]
Saving to: `code/../crawls/paidcontent.org/Privacy-Policy/raw/0.gravatar.com/js/gprofiles.js?ver=201245ab'

     0K .......... .......... ...                             100% 5.33M=0.004s

2012-11-08 06:22:08 (5.33 MB/s) - `code/../crawls/paidcontent.org/Privacy-Policy/raw/0.gravatar.com/js/gprofiles.js?ver=201245ab' saved [23779/23779]

--2012-11-08 06:22:08--  http://s0.wp.com/wp-content/mu-plugins/gravatar-hovercards/wpgroho.js?m=1351637563g
Connecting to s0.wp.com|72.21.91.111|:80... connected.
HTTP request sent, awaiting response... 200 OK
Length: 582 [application/x-javascript]
Saving to: `code/../crawls/paidcontent.org/Privacy-Policy/raw/s0.wp.com/wp-content/mu-plugins/gravatar-hovercards/wpgroho.js?m=1351637563g'

     0K                                                       100% 90.4M=0s

2012-11-08 06:22:08 (90.4 MB/s) - `code/../crawls/paidcontent.org/Privacy-Policy/raw/s0.wp.com/wp-content/mu-plugins/gravatar-hovercards/wpgroho.js?m=1351637563g' saved [582/582]

The name is too long, 277 chars total.
Trying to shorten...
New name is index.html??-eJyVkVsSgjAMRTckrYzj48dxA26illgCbVNpQNi9ZYY6+iX+5XHPTZvIZyg0eQbPsomyggE1hFE0cSNTC722fQVx7nGNur3R+A6yKPNcg0vSAYM0aB.
The name is too long, 277 chars total.
Trying to shorten...
New name is index.html??-eJyVkVsSgjAMRTckrYzj48dxA26illgCbVNpQNi9ZYY6+iX+5XHPTZvIZyg0eQbPsomyggE1hFE0cSNTC722fQVx7nGNur3R+A6yKPNcg0vSAYM0aB.
--2012-11-08 06:22:08--  http://s2.wp.com/_static/??-eJyVkVsSgjAMRTckrYzj48dxA26illgCbVNpQNi9ZYY6+iX+5XHPTZvIZyg0eQbPsomyggE1hFE0cSNTC722fQVx7nGNur3R+A6yKPNcg0vSAYM0aBQ5GWxv0EdpqAgUuQjKQDd7fRV++ySiefTQTUJP2oJw6FdBSZfBASugK5qaV718gYkmZdUq+V15Pc3rWQbmvCjFTmxFULr956MMLljF8NdyiFpcQXychUlFft9kyZLDxZ3L3b48ng7ladu8AJT4zB0=
Reusing existing connection to s0.wp.com:80.
HTTP request sent, awaiting response... 200 OK
Length: 103086 (101K) [application/x-javascript]
Saving to: `code/../crawls/paidcontent.org/Privacy-Policy/raw/s2.wp.com/_static/index.html??-eJyVkVsSgjAMRTckrYzj48dxA26illgCbVNpQNi9ZYY6+iX+5XHPTZvIZyg0eQbPsomyggE1hFE0cSNTC722fQVx7nGNur3R+A6yKPNcg0vSAYM0aB'

     0K .......... .......... .......... .......... .......... 49% 5.58M 0s
    50K .......... .......... .......... .......... .......... 99% 11.6M 0s
   100K                                                       100% 1278G=0.01s

2012-11-08 06:22:08 (7.58 MB/s) - `code/../crawls/paidcontent.org/Privacy-Policy/raw/s2.wp.com/_static/index.html??-eJyVkVsSgjAMRTckrYzj48dxA26illgCbVNpQNi9ZYY6+iX+5XHPTZvIZyg0eQbPsomyggE1hFE0cSNTC722fQVx7nGNur3R+A6yKPNcg0vSAYM0aB' saved [103086/103086]

--2012-11-08 06:22:08--  http://s.stats.wordpress.com/w.js?21
Resolving s.stats.wordpress.com... 93.184.216.119, 2606:2800:220:6d:26bf:1447:1097:aa7
Connecting to s.stats.wordpress.com|93.184.216.119|:80... connected.
HTTP request sent, awaiting response... 200 OK
Length: 2595 (2.5K) [application/x-javascript]
Saving to: `code/../crawls/paidcontent.org/Privacy-Policy/raw/s.stats.wordpress.com/w.js?21'

     0K ..                                                    100%  316M=0s

2012-11-08 06:22:08 (316 MB/s) - `code/../crawls/paidcontent.org/Privacy-Policy/raw/s.stats.wordpress.com/w.js?21' saved [2595/2595]

--2012-11-08 06:22:08--  http://stats.wordpress.com/b.gif?v=noscript
Resolving stats.wordpress.com... 74.200.247.187, 76.74.248.163, 216.151.210.122, ...
Connecting to stats.wordpress.com|74.200.247.187|:80... connected.
HTTP request sent, awaiting response... 200 OK
Length: 43 [image/gif]
Saving to: `code/../crawls/paidcontent.org/Privacy-Policy/raw/stats.wordpress.com/b.gif?v=noscript'

     0K                                                       100% 7.01M=0s

2012-11-08 06:22:08 (7.01 MB/s) - `code/../crawls/paidcontent.org/Privacy-Policy/raw/stats.wordpress.com/b.gif?v=noscript' saved [43/43]

--2012-11-08 06:22:08--  http://s2.wp.com/wp-includes/js/thickbox/macFFBgHack.png
Connecting to s2.wp.com|72.21.91.111|:80... connected.
HTTP request sent, awaiting response... 200 OK
Length: 205 [image/png]
Saving to: `code/../crawls/paidcontent.org/Privacy-Policy/raw/s2.wp.com/wp-includes/js/thickbox/macFFBgHack.png'

     0K                                                       100% 32.9M=0s

2012-11-08 06:22:08 (32.9 MB/s) - `code/../crawls/paidcontent.org/Privacy-Policy/raw/s2.wp.com/wp-includes/js/thickbox/macFFBgHack.png' saved [205/205]

--2012-11-08 06:22:08--  http://s2.wp.com/wp-content/mu-plugins/post-flair/sharing/images/facebook.png
Reusing existing connection to s2.wp.com:80.
HTTP request sent, awaiting response... 200 OK
Length: 838 [image/png]
Saving to: `code/../crawls/paidcontent.org/Privacy-Policy/raw/s2.wp.com/wp-content/mu-plugins/post-flair/sharing/images/facebook.png'

     0K                                                       100%  132M=0s

2012-11-08 06:22:08 (132 MB/s) - `code/../crawls/paidcontent.org/Privacy-Policy/raw/s2.wp.com/wp-content/mu-plugins/post-flair/sharing/images/facebook.png' saved [838/838]

--2012-11-08 06:22:08--  http://s2.wp.com/wp-content/mu-plugins/post-flair/sharing/images/tumblr.png
Reusing existing connection to s2.wp.com:80.
HTTP request sent, awaiting response... 200 OK
Length: 1941 (1.9K) [image/png]
Saving to: `code/../crawls/paidcontent.org/Privacy-Policy/raw/s2.wp.com/wp-content/mu-plugins/post-flair/sharing/images/tumblr.png'

     0K .                                                     100%  273M=0s

2012-11-08 06:22:08 (273 MB/s) - `code/../crawls/paidcontent.org/Privacy-Policy/raw/s2.wp.com/wp-content/mu-plugins/post-flair/sharing/images/tumblr.png' saved [1941/1941]

--2012-11-08 06:22:08--  http://s2.wp.com/wp-content/mu-plugins/post-flair/sharing/images/twitter.png?1
Reusing existing connection to s2.wp.com:80.
HTTP request sent, awaiting response... 200 OK
Length: 523 [image/png]
Saving to: `code/../crawls/paidcontent.org/Privacy-Policy/raw/s2.wp.com/wp-content/mu-plugins/post-flair/sharing/images/twitter.png?1'

     0K                                                       100% 88.3M=0s

2012-11-08 06:22:08 (88.3 MB/s) - `code/../crawls/paidcontent.org/Privacy-Policy/raw/s2.wp.com/wp-content/mu-plugins/post-flair/sharing/images/twitter.png?1' saved [523/523]

--2012-11-08 06:22:08--  http://s2.wp.com/wp-content/mu-plugins/post-flair/sharing/images/googleplus1.png?1
Reusing existing connection to s2.wp.com:80.
HTTP request sent, awaiting response... 200 OK
Length: 574 [image/png]
Saving to: `code/../crawls/paidcontent.org/Privacy-Policy/raw/s2.wp.com/wp-content/mu-plugins/post-flair/sharing/images/googleplus1.png?1'

     0K                                                       100% 98.3M=0s

2012-11-08 06:22:08 (98.3 MB/s) - `code/../crawls/paidcontent.org/Privacy-Policy/raw/s2.wp.com/wp-content/mu-plugins/post-flair/sharing/images/googleplus1.png?1' saved [574/574]

--2012-11-08 06:22:08--  http://s2.wp.com/wp-content/mu-plugins/post-flair/sharing/images/linkedin.png
Reusing existing connection to s2.wp.com:80.
HTTP request sent, awaiting response... 200 OK
Length: 381 [image/png]
Saving to: `code/../crawls/paidcontent.org/Privacy-Policy/raw/s2.wp.com/wp-content/mu-plugins/post-flair/sharing/images/linkedin.png'

     0K                                                       100% 66.8M=0s

2012-11-08 06:22:08 (66.8 MB/s) - `code/../crawls/paidcontent.org/Privacy-Policy/raw/s2.wp.com/wp-content/mu-plugins/post-flair/sharing/images/linkedin.png' saved [381/381]

--2012-11-08 06:22:08--  http://s2.wp.com/wp-content/mu-plugins/post-flair/sharing/images/wordpress.png
Reusing existing connection to s2.wp.com:80.
HTTP request sent, awaiting response... 200 OK
Length: 1586 (1.5K) [image/png]
Saving to: `code/../crawls/paidcontent.org/Privacy-Policy/raw/s2.wp.com/wp-content/mu-plugins/post-flair/sharing/images/wordpress.png'

     0K .                                                     100%  237M=0s

2012-11-08 06:22:08 (237 MB/s) - `code/../crawls/paidcontent.org/Privacy-Policy/raw/s2.wp.com/wp-content/mu-plugins/post-flair/sharing/images/wordpress.png' saved [1586/1586]

--2012-11-08 06:22:08--  http://s2.wp.com/wp-content/mu-plugins/post-flair/sharing/images/digg.png
Reusing existing connection to s2.wp.com:80.
HTTP request sent, awaiting response... 200 OK
Length: 1449 (1.4K) [image/png]
Saving to: `code/../crawls/paidcontent.org/Privacy-Policy/raw/s2.wp.com/wp-content/mu-plugins/post-flair/sharing/images/digg.png'

     0K .                                                     100%  214M=0s

2012-11-08 06:22:08 (214 MB/s) - `code/../crawls/paidcontent.org/Privacy-Policy/raw/s2.wp.com/wp-content/mu-plugins/post-flair/sharing/images/digg.png' saved [1449/1449]

--2012-11-08 06:22:08--  http://s2.wp.com/wp-content/mu-plugins/post-flair/sharing/images/stumbleupon.png
Reusing existing connection to s2.wp.com:80.
HTTP request sent, awaiting response... 200 OK
Length: 638 [image/png]
Saving to: `code/../crawls/paidcontent.org/Privacy-Policy/raw/s2.wp.com/wp-content/mu-plugins/post-flair/sharing/images/stumbleupon.png'

     0K                                                       100%  109M=0s

2012-11-08 06:22:08 (109 MB/s) - `code/../crawls/paidcontent.org/Privacy-Policy/raw/s2.wp.com/wp-content/mu-plugins/post-flair/sharing/images/stumbleupon.png' saved [638/638]

--2012-11-08 06:22:08--  http://s2.wp.com/wp-content/mu-plugins/post-flair/sharing/images/reddit.png
Reusing existing connection to s2.wp.com:80.
HTTP request sent, awaiting response... 200 OK
Length: 918 [image/png]
Saving to: `code/../crawls/paidcontent.org/Privacy-Policy/raw/s2.wp.com/wp-content/mu-plugins/post-flair/sharing/images/reddit.png'

     0K                                                       100%  152M=0s

2012-11-08 06:22:08 (152 MB/s) - `code/../crawls/paidcontent.org/Privacy-Policy/raw/s2.wp.com/wp-content/mu-plugins/post-flair/sharing/images/reddit.png' saved [918/918]

--2012-11-08 06:22:08--  http://s2.wp.com/wp-content/mu-plugins/post-flair/sharing/images/pinterest.png
Reusing existing connection to s2.wp.com:80.
HTTP request sent, awaiting response... 200 OK
Length: 6407 (6.3K) [image/png]
Saving to: `code/../crawls/paidcontent.org/Privacy-Policy/raw/s2.wp.com/wp-content/mu-plugins/post-flair/sharing/images/pinterest.png'

     0K ......                                                100% 20.7M=0s

2012-11-08 06:22:08 (20.7 MB/s) - `code/../crawls/paidcontent.org/Privacy-Policy/raw/s2.wp.com/wp-content/mu-plugins/post-flair/sharing/images/pinterest.png' saved [6407/6407]

--2012-11-08 06:22:08--  http://s2.wp.com/wp-content/mu-plugins/post-flair/sharing/images/email.png
Reusing existing connection to s2.wp.com:80.
HTTP request sent, awaiting response... 200 OK
Length: 316 [image/png]
Saving to: `code/../crawls/paidcontent.org/Privacy-Policy/raw/s2.wp.com/wp-content/mu-plugins/post-flair/sharing/images/email.png'

     0K                                                       100% 56.5M=0s

2012-11-08 06:22:08 (56.5 MB/s) - `code/../crawls/paidcontent.org/Privacy-Policy/raw/s2.wp.com/wp-content/mu-plugins/post-flair/sharing/images/email.png' saved [316/316]

--2012-11-08 06:22:08--  http://s2.wp.com/wp-content/mu-plugins/post-flair/sharing/images/print.png
Reusing existing connection to s2.wp.com:80.
HTTP request sent, awaiting response... 200 OK
Length: 316 [image/png]
Saving to: `code/../crawls/paidcontent.org/Privacy-Policy/raw/s2.wp.com/wp-content/mu-plugins/post-flair/sharing/images/print.png'

     0K                                                       100% 55.3M=0s

2012-11-08 06:22:08 (55.3 MB/s) - `code/../crawls/paidcontent.org/Privacy-Policy/raw/s2.wp.com/wp-content/mu-plugins/post-flair/sharing/images/print.png' saved [316/316]

--2012-11-08 06:22:08--  http://s2.wp.com/wp-content/mu-plugins/post-flair/sharing/images/more.png
Reusing existing connection to s2.wp.com:80.
HTTP request sent, awaiting response... 200 OK
Length: 395 [image/png]
Saving to: `code/../crawls/paidcontent.org/Privacy-Policy/raw/s2.wp.com/wp-content/mu-plugins/post-flair/sharing/images/more.png'

     0K                                                       100% 71.5M=0s

2012-11-08 06:22:08 (71.5 MB/s) - `code/../crawls/paidcontent.org/Privacy-Policy/raw/s2.wp.com/wp-content/mu-plugins/post-flair/sharing/images/more.png' saved [395/395]

--2012-11-08 06:22:08--  http://s2.wp.com/wp-content/mu-plugins/post-flair/sharing/images/facebook@2x.png
Reusing existing connection to s2.wp.com:80.
HTTP request sent, awaiting response... 200 OK
Length: 1533 (1.5K) [image/png]
Saving to: `code/../crawls/paidcontent.org/Privacy-Policy/raw/s2.wp.com/wp-content/mu-plugins/post-flair/sharing/images/facebook@2x.png'

     0K .                                                     100%  199M=0s

2012-11-08 06:22:08 (199 MB/s) - `code/../crawls/paidcontent.org/Privacy-Policy/raw/s2.wp.com/wp-content/mu-plugins/post-flair/sharing/images/facebook@2x.png' saved [1533/1533]

--2012-11-08 06:22:08--  http://s2.wp.com/wp-content/mu-plugins/post-flair/sharing/images/tumblr@2x.png
Reusing existing connection to s2.wp.com:80.
HTTP request sent, awaiting response... 200 OK
Length: 1847 (1.8K) [image/png]
Saving to: `code/../crawls/paidcontent.org/Privacy-Policy/raw/s2.wp.com/wp-content/mu-plugins/post-flair/sharing/images/tumblr@2x.png'

     0K .                                                     100%  267M=0s

2012-11-08 06:22:08 (267 MB/s) - `code/../crawls/paidcontent.org/Privacy-Policy/raw/s2.wp.com/wp-content/mu-plugins/post-flair/sharing/images/tumblr@2x.png' saved [1847/1847]

--2012-11-08 06:22:08--  http://s2.wp.com/wp-content/mu-plugins/post-flair/sharing/images/twitter@2x.png?1
Reusing existing connection to s2.wp.com:80.
HTTP request sent, awaiting response... 200 OK
Length: 2223 (2.2K) [image/png]
Saving to: `code/../crawls/paidcontent.org/Privacy-Policy/raw/s2.wp.com/wp-content/mu-plugins/post-flair/sharing/images/twitter@2x.png?1'

     0K ..                                                    100%  305M=0s

2012-11-08 06:22:08 (305 MB/s) - `code/../crawls/paidcontent.org/Privacy-Policy/raw/s2.wp.com/wp-content/mu-plugins/post-flair/sharing/images/twitter@2x.png?1' saved [2223/2223]

--2012-11-08 06:22:08--  http://s2.wp.com/wp-content/mu-plugins/post-flair/sharing/images/googleplus1@2x.png
Reusing existing connection to s2.wp.com:80.
HTTP request sent, awaiting response... 200 OK
Length: 1815 (1.8K) [image/png]
Saving to: `code/../crawls/paidcontent.org/Privacy-Policy/raw/s2.wp.com/wp-content/mu-plugins/post-flair/sharing/images/googleplus1@2x.png'

     0K .                                                     100%  254M=0s

2012-11-08 06:22:08 (254 MB/s) - `code/../crawls/paidcontent.org/Privacy-Policy/raw/s2.wp.com/wp-content/mu-plugins/post-flair/sharing/images/googleplus1@2x.png' saved [1815/1815]

--2012-11-08 06:22:08--  http://s2.wp.com/wp-content/mu-plugins/post-flair/sharing/images/linkedin@2x.png
Reusing existing connection to s2.wp.com:80.
HTTP request sent, awaiting response... 200 OK
Length: 1865 (1.8K) [image/png]
Saving to: `code/../crawls/paidcontent.org/Privacy-Policy/raw/s2.wp.com/wp-content/mu-plugins/post-flair/sharing/images/linkedin@2x.png'

     0K .                                                     100%  276M=0s

2012-11-08 06:22:08 (276 MB/s) - `code/../crawls/paidcontent.org/Privacy-Policy/raw/s2.wp.com/wp-content/mu-plugins/post-flair/sharing/images/linkedin@2x.png' saved [1865/1865]

--2012-11-08 06:22:08--  http://s2.wp.com/wp-content/mu-plugins/post-flair/sharing/images/wordpress@2x.png
Reusing existing connection to s2.wp.com:80.
HTTP request sent, awaiting response... 200 OK
Length: 2265 (2.2K) [image/png]
Saving to: `code/../crawls/paidcontent.org/Privacy-Policy/raw/s2.wp.com/wp-content/mu-plugins/post-flair/sharing/images/wordpress@2x.png'

     0K ..                                                    100%  316M=0s

2012-11-08 06:22:08 (316 MB/s) - `code/../crawls/paidcontent.org/Privacy-Policy/raw/s2.wp.com/wp-content/mu-plugins/post-flair/sharing/images/wordpress@2x.png' saved [2265/2265]

--2012-11-08 06:22:08--  http://s2.wp.com/wp-content/mu-plugins/post-flair/sharing/images/digg@2x.png?1
Reusing existing connection to s2.wp.com:80.
HTTP request sent, awaiting response... 200 OK
Length: 1793 (1.8K) [image/png]
Saving to: `code/../crawls/paidcontent.org/Privacy-Policy/raw/s2.wp.com/wp-content/mu-plugins/post-flair/sharing/images/digg@2x.png?1'

     0K .                                                     100%  263M=0s

2012-11-08 06:22:08 (263 MB/s) - `code/../crawls/paidcontent.org/Privacy-Policy/raw/s2.wp.com/wp-content/mu-plugins/post-flair/sharing/images/digg@2x.png?1' saved [1793/1793]

--2012-11-08 06:22:08--  http://s2.wp.com/wp-content/mu-plugins/post-flair/sharing/images/stumbleupon@2x.png
Reusing existing connection to s2.wp.com:80.
HTTP request sent, awaiting response... 200 OK
Length: 2276 (2.2K) [image/png]
Saving to: `code/../crawls/paidcontent.org/Privacy-Policy/raw/s2.wp.com/wp-content/mu-plugins/post-flair/sharing/images/stumbleupon@2x.png'

     0K ..                                                    100%  188M=0s

2012-11-08 06:22:08 (188 MB/s) - `code/../crawls/paidcontent.org/Privacy-Policy/raw/s2.wp.com/wp-content/mu-plugins/post-flair/sharing/images/stumbleupon@2x.png' saved [2276/2276]

--2012-11-08 06:22:08--  http://s2.wp.com/wp-content/mu-plugins/post-flair/sharing/images/reddit@2x.png
Reusing existing connection to s2.wp.com:80.
HTTP request sent, awaiting response... 200 OK
Length: 2421 (2.4K) [image/png]
Saving to: `code/../crawls/paidcontent.org/Privacy-Policy/raw/s2.wp.com/wp-content/mu-plugins/post-flair/sharing/images/reddit@2x.png'

     0K ..                                                    100% 28.0M=0s

2012-11-08 06:22:08 (28.0 MB/s) - `code/../crawls/paidcontent.org/Privacy-Policy/raw/s2.wp.com/wp-content/mu-plugins/post-flair/sharing/images/reddit@2x.png' saved [2421/2421]

--2012-11-08 06:22:08--  http://s2.wp.com/wp-content/mu-plugins/post-flair/sharing/images/pinterest@2x.png
Reusing existing connection to s2.wp.com:80.
HTTP request sent, awaiting response... 200 OK
Length: 2231 (2.2K) [image/png]
Saving to: `code/../crawls/paidcontent.org/Privacy-Policy/raw/s2.wp.com/wp-content/mu-plugins/post-flair/sharing/images/pinterest@2x.png'

     0K ..                                                    100%  189M=0s

2012-11-08 06:22:08 (189 MB/s) - `code/../crawls/paidcontent.org/Privacy-Policy/raw/s2.wp.com/wp-content/mu-plugins/post-flair/sharing/images/pinterest@2x.png' saved [2231/2231]

--2012-11-08 06:22:08--  http://s2.wp.com/wp-content/mu-plugins/post-flair/sharing/images/email@2x.png?1
Reusing existing connection to s2.wp.com:80.
HTTP request sent, awaiting response... 200 OK
Length: 1848 (1.8K) [image/png]
Saving to: `code/../crawls/paidcontent.org/Privacy-Policy/raw/s2.wp.com/wp-content/mu-plugins/post-flair/sharing/images/email@2x.png?1'

     0K .                                                     100%  263M=0s

2012-11-08 06:22:08 (263 MB/s) - `code/../crawls/paidcontent.org/Privacy-Policy/raw/s2.wp.com/wp-content/mu-plugins/post-flair/sharing/images/email@2x.png?1' saved [1848/1848]

--2012-11-08 06:22:08--  http://s2.wp.com/wp-content/mu-plugins/post-flair/sharing/images/print@2x.png
Reusing existing connection to s2.wp.com:80.
HTTP request sent, awaiting response... 200 OK
Length: 1973 (1.9K) [image/png]
Saving to: `code/../crawls/paidcontent.org/Privacy-Policy/raw/s2.wp.com/wp-content/mu-plugins/post-flair/sharing/images/print@2x.png'

     0K .                                                     100%  286M=0s

2012-11-08 06:22:08 (286 MB/s) - `code/../crawls/paidcontent.org/Privacy-Policy/raw/s2.wp.com/wp-content/mu-plugins/post-flair/sharing/images/print@2x.png' saved [1973/1973]

--2012-11-08 06:22:08--  http://s2.wp.com/wp-content/mu-plugins/post-flair/sharing/images/more@2x.png?1
Reusing existing connection to s2.wp.com:80.
HTTP request sent, awaiting response... 200 OK
Length: 1719 (1.7K) [image/png]
Saving to: `code/../crawls/paidcontent.org/Privacy-Policy/raw/s2.wp.com/wp-content/mu-plugins/post-flair/sharing/images/more@2x.png?1'

     0K .                                                     100%  243M=0s

2012-11-08 06:22:08 (243 MB/s) - `code/../crawls/paidcontent.org/Privacy-Policy/raw/s2.wp.com/wp-content/mu-plugins/post-flair/sharing/images/more@2x.png?1' saved [1719/1719]

--2012-11-08 06:22:08--  http://s2.wp.com/wp-content/themes/h4/i/simple-homepage/wp-logo-1x.png
Reusing existing connection to s2.wp.com:80.
HTTP request sent, awaiting response... 200 OK
Length: 2647 (2.6K) [image/png]
Saving to: `code/../crawls/paidcontent.org/Privacy-Policy/raw/s2.wp.com/wp-content/themes/h4/i/simple-homepage/wp-logo-1x.png'

     0K ..                                                    100%  165M=0s

2012-11-08 06:22:08 (165 MB/s) - `code/../crawls/paidcontent.org/Privacy-Policy/raw/s2.wp.com/wp-content/themes/h4/i/simple-homepage/wp-logo-1x.png' saved [2647/2647]

--2012-11-08 06:22:08--  http://s2.wp.com/wp-content/themes/h4/i/simple-homepage/login-sprite-1x.png
Reusing existing connection to s2.wp.com:80.
HTTP request sent, awaiting response... 200 OK
Length: 889 [image/png]
Saving to: `code/../crawls/paidcontent.org/Privacy-Policy/raw/s2.wp.com/wp-content/themes/h4/i/simple-homepage/login-sprite-1x.png'

     0K                                                       100%  148M=0s

2012-11-08 06:22:08 (148 MB/s) - `code/../crawls/paidcontent.org/Privacy-Policy/raw/s2.wp.com/wp-content/themes/h4/i/simple-homepage/login-sprite-1x.png' saved [889/889]

--2012-11-08 06:22:08--  http://s2.wp.com/wp-content/themes/h4/i/simple-homepage/automattic-1x.png
Reusing existing connection to s2.wp.com:80.
HTTP request sent, awaiting response... 200 OK
Length: 1228 (1.2K) [image/png]
Saving to: `code/../crawls/paidcontent.org/Privacy-Policy/raw/s2.wp.com/wp-content/themes/h4/i/simple-homepage/automattic-1x.png'

     0K .                                                     100%  171M=0s

2012-11-08 06:22:08 (171 MB/s) - `code/../crawls/paidcontent.org/Privacy-Policy/raw/s2.wp.com/wp-content/themes/h4/i/simple-homepage/automattic-1x.png' saved [1228/1228]

--2012-11-08 06:22:08--  http://s2.wp.com/wp-content/themes/h4/i/simple-homepage/wp-logo-2x.png
Reusing existing connection to s2.wp.com:80.
HTTP request sent, awaiting response... 200 OK
Length: 4702 (4.6K) [image/png]
Saving to: `code/../crawls/paidcontent.org/Privacy-Policy/raw/s2.wp.com/wp-content/themes/h4/i/simple-homepage/wp-logo-2x.png'

     0K ....                                                  100% 23.6M=0s

2012-11-08 06:22:08 (23.6 MB/s) - `code/../crawls/paidcontent.org/Privacy-Policy/raw/s2.wp.com/wp-content/themes/h4/i/simple-homepage/wp-logo-2x.png' saved [4702/4702]

--2012-11-08 06:22:08--  http://s2.wp.com/wp-content/themes/h4/i/simple-homepage/automattic-2x.png
Reusing existing connection to s2.wp.com:80.
HTTP request sent, awaiting response... 200 OK
Length: 1958 (1.9K) [image/png]
Saving to: `code/../crawls/paidcontent.org/Privacy-Policy/raw/s2.wp.com/wp-content/themes/h4/i/simple-homepage/automattic-2x.png'

     0K .                                                     100%  283M=0s

2012-11-08 06:22:08 (283 MB/s) - `code/../crawls/paidcontent.org/Privacy-Policy/raw/s2.wp.com/wp-content/themes/h4/i/simple-homepage/automattic-2x.png' saved [1958/1958]

--2012-11-08 06:22:08--  http://s2.wp.com/wp-content/themes/h4/i/simple-homepage/login-sprite-2x.png
Reusing existing connection to s2.wp.com:80.
HTTP request sent, awaiting response... 200 OK
Length: 1403 (1.4K) [image/png]
Saving to: `code/../crawls/paidcontent.org/Privacy-Policy/raw/s2.wp.com/wp-content/themes/h4/i/simple-homepage/login-sprite-2x.png'

     0K .                                                     100%  209M=0s

2012-11-08 06:22:08 (209 MB/s) - `code/../crawls/paidcontent.org/Privacy-Policy/raw/s2.wp.com/wp-content/themes/h4/i/simple-homepage/login-sprite-2x.png' saved [1403/1403]

--2012-11-08 06:22:08--  http://s2.wp.com/wp-content/themes/vip/gigaom/v3/img/main-bkgd.png
Reusing existing connection to s2.wp.com:80.
HTTP request sent, awaiting response... 200 OK
Length: 35855 (35K) [image/png]
Saving to: `code/../crawls/paidcontent.org/Privacy-Policy/raw/s2.wp.com/wp-content/themes/vip/gigaom/v3/img/main-bkgd.png'

     0K .......... .......... .......... .....                100% 8.63M=0.004s

2012-11-08 06:22:08 (8.63 MB/s) - `code/../crawls/paidcontent.org/Privacy-Policy/raw/s2.wp.com/wp-content/themes/vip/gigaom/v3/img/main-bkgd.png' saved [35855/35855]

--2012-11-08 06:22:08--  http://s2.wp.com/wp-content/themes/vip/gigaom/v3/img/button-primary-bkgd.png
Reusing existing connection to s2.wp.com:80.
HTTP request sent, awaiting response... 200 OK
Length: 1119 (1.1K) [image/png]
Saving to: `code/../crawls/paidcontent.org/Privacy-Policy/raw/s2.wp.com/wp-content/themes/vip/gigaom/v3/img/button-primary-bkgd.png'

     0K .                                                     100%  190M=0s

2012-11-08 06:22:08 (190 MB/s) - `code/../crawls/paidcontent.org/Privacy-Policy/raw/s2.wp.com/wp-content/themes/vip/gigaom/v3/img/button-primary-bkgd.png' saved [1119/1119]

--2012-11-08 06:22:08--  http://s2.wp.com/wp-content/themes/vip/gigaom/v3/img/button-primary-bkgd-down.png
Reusing existing connection to s2.wp.com:80.
HTTP request sent, awaiting response... 200 OK
Length: 1119 (1.1K) [image/png]
Saving to: `code/../crawls/paidcontent.org/Privacy-Policy/raw/s2.wp.com/wp-content/themes/vip/gigaom/v3/img/button-primary-bkgd-down.png'

     0K .                                                     100%  192M=0s

2012-11-08 06:22:08 (192 MB/s) - `code/../crawls/paidcontent.org/Privacy-Policy/raw/s2.wp.com/wp-content/themes/vip/gigaom/v3/img/button-primary-bkgd-down.png' saved [1119/1119]

--2012-11-08 06:22:08--  http://s2.wp.com/wp-content/themes/vip/gigaom/v3/img/button-secondary-bkgd.png
Reusing existing connection to s2.wp.com:80.
HTTP request sent, awaiting response... 200 OK
Length: 1060 (1.0K) [image/png]
Saving to: `code/../crawls/paidcontent.org/Privacy-Policy/raw/s2.wp.com/wp-content/themes/vip/gigaom/v3/img/button-secondary-bkgd.png'

     0K .                                                     100%  184M=0s

2012-11-08 06:22:08 (184 MB/s) - `code/../crawls/paidcontent.org/Privacy-Policy/raw/s2.wp.com/wp-content/themes/vip/gigaom/v3/img/button-secondary-bkgd.png' saved [1060/1060]

--2012-11-08 06:22:08--  http://s2.wp.com/wp-content/themes/vip/gigaom/v3/img/button-secondary-bkgd-down.png
Reusing existing connection to s2.wp.com:80.
HTTP request sent, awaiting response... 200 OK
Length: 1060 (1.0K) [image/png]
Saving to: `code/../crawls/paidcontent.org/Privacy-Policy/raw/s2.wp.com/wp-content/themes/vip/gigaom/v3/img/button-secondary-bkgd-down.png'

     0K .                                                     100%  183M=0s

2012-11-08 06:22:08 (183 MB/s) - `code/../crawls/paidcontent.org/Privacy-Policy/raw/s2.wp.com/wp-content/themes/vip/gigaom/v3/img/button-secondary-bkgd-down.png' saved [1060/1060]

--2012-11-08 06:22:08--  http://s2.wp.com/wp-content/themes/vip/gigaom/v3/img/top-menu-pro-research.png
Reusing existing connection to s2.wp.com:80.
HTTP request sent, awaiting response... 200 OK
Length: 1425 (1.4K) [image/png]
Saving to: `code/../crawls/paidcontent.org/Privacy-Policy/raw/s2.wp.com/wp-content/themes/vip/gigaom/v3/img/top-menu-pro-research.png'

     0K .                                                     100%  220M=0s

2012-11-08 06:22:08 (220 MB/s) - `code/../crawls/paidcontent.org/Privacy-Policy/raw/s2.wp.com/wp-content/themes/vip/gigaom/v3/img/top-menu-pro-research.png' saved [1425/1425]

--2012-11-08 06:22:08--  http://s2.wp.com/wp-content/themes/vip/gigaom/v3/img/gigaom-logo.png
Reusing existing connection to s2.wp.com:80.
HTTP request sent, awaiting response... 200 OK
Length: 2675 (2.6K) [image/png]
Saving to: `code/../crawls/paidcontent.org/Privacy-Policy/raw/s2.wp.com/wp-content/themes/vip/gigaom/v3/img/gigaom-logo.png'

     0K ..                                                    100%  315M=0s

2012-11-08 06:22:08 (315 MB/s) - `code/../crawls/paidcontent.org/Privacy-Policy/raw/s2.wp.com/wp-content/themes/vip/gigaom/v3/img/gigaom-logo.png' saved [2675/2675]

--2012-11-08 06:22:08--  http://s2.wp.com/wp-content/themes/vip/gigaom/v3/img/social-icons.png
Reusing existing connection to s2.wp.com:80.
HTTP request sent, awaiting response... 200 OK
Length: 4589 (4.5K) [image/png]
Saving to: `code/../crawls/paidcontent.org/Privacy-Policy/raw/s2.wp.com/wp-content/themes/vip/gigaom/v3/img/social-icons.png'

     0K ....                                                  100% 23.1M=0s

2012-11-08 06:22:08 (23.1 MB/s) - `code/../crawls/paidcontent.org/Privacy-Policy/raw/s2.wp.com/wp-content/themes/vip/gigaom/v3/img/social-icons.png' saved [4589/4589]

--2012-11-08 06:22:08--  http://s2.wp.com/wp-content/themes/vip/gigaom/v3/img/social-email-icon.png
Reusing existing connection to s2.wp.com:80.
HTTP request sent, awaiting response... 200 OK
Length: 1187 (1.2K) [image/png]
Saving to: `code/../crawls/paidcontent.org/Privacy-Policy/raw/s2.wp.com/wp-content/themes/vip/gigaom/v3/img/social-email-icon.png'

     0K .                                                     100%  185M=0s

2012-11-08 06:22:08 (185 MB/s) - `code/../crawls/paidcontent.org/Privacy-Policy/raw/s2.wp.com/wp-content/themes/vip/gigaom/v3/img/social-email-icon.png' saved [1187/1187]

--2012-11-08 06:22:08--  http://s2.wp.com/wp-content/themes/vip/gigaom/v3/img/button-arrow-left.png
Reusing existing connection to s2.wp.com:80.
HTTP request sent, awaiting response... 200 OK
Length: 2855 (2.8K) [image/png]
Saving to: `code/../crawls/paidcontent.org/Privacy-Policy/raw/s2.wp.com/wp-content/themes/vip/gigaom/v3/img/button-arrow-left.png'

     0K ..                                                    100% 50.9M=0s

2012-11-08 06:22:08 (50.9 MB/s) - `code/../crawls/paidcontent.org/Privacy-Policy/raw/s2.wp.com/wp-content/themes/vip/gigaom/v3/img/button-arrow-left.png' saved [2855/2855]

--2012-11-08 06:22:08--  http://s2.wp.com/wp-content/themes/vip/gigaom/v3/img/button-arrow-right.png
Reusing existing connection to s2.wp.com:80.
HTTP request sent, awaiting response... 200 OK
Length: 990 [image/png]
Saving to: `code/../crawls/paidcontent.org/Privacy-Policy/raw/s2.wp.com/wp-content/themes/vip/gigaom/v3/img/button-arrow-right.png'

     0K                                                       100%  168M=0s

2012-11-08 06:22:08 (168 MB/s) - `code/../crawls/paidcontent.org/Privacy-Policy/raw/s2.wp.com/wp-content/themes/vip/gigaom/v3/img/button-arrow-right.png' saved [990/990]

--2012-11-08 06:22:08--  http://s2.wp.com/wp-content/themes/vip/gigaom/plugins/go-social/images/sharing_bubble_lg.png
Reusing existing connection to s2.wp.com:80.
HTTP request sent, awaiting response... 200 OK
Length: 1232 (1.2K) [image/png]
Saving to: `code/../crawls/paidcontent.org/Privacy-Policy/raw/s2.wp.com/wp-content/themes/vip/gigaom/plugins/go-social/images/sharing_bubble_lg.png'

     0K .                                                     100%  176M=0s

2012-11-08 06:22:08 (176 MB/s) - `code/../crawls/paidcontent.org/Privacy-Policy/raw/s2.wp.com/wp-content/themes/vip/gigaom/plugins/go-social/images/sharing_bubble_lg.png' saved [1232/1232]

--2012-11-08 06:22:08--  http://s2.wp.com/wp-content/themes/vip/gigaom/img/social/facebook.png
Reusing existing connection to s2.wp.com:80.
HTTP request sent, awaiting response... 200 OK
Length: 946 [image/png]
Saving to: `code/../crawls/paidcontent.org/Privacy-Policy/raw/s2.wp.com/wp-content/themes/vip/gigaom/img/social/facebook.png'

     0K                                                       100%  149M=0s

2012-11-08 06:22:08 (149 MB/s) - `code/../crawls/paidcontent.org/Privacy-Policy/raw/s2.wp.com/wp-content/themes/vip/gigaom/img/social/facebook.png' saved [946/946]

--2012-11-08 06:22:08--  http://s2.wp.com/wp-content/themes/vip/gigaom/v3/img/search-button-bkgd.png
Reusing existing connection to s2.wp.com:80.
HTTP request sent, awaiting response... 200 OK
Length: 1710 (1.7K) [image/png]
Saving to: `code/../crawls/paidcontent.org/Privacy-Policy/raw/s2.wp.com/wp-content/themes/vip/gigaom/v3/img/search-button-bkgd.png'

     0K .                                                     100%  238M=0s

2012-11-08 06:22:08 (238 MB/s) - `code/../crawls/paidcontent.org/Privacy-Policy/raw/s2.wp.com/wp-content/themes/vip/gigaom/v3/img/search-button-bkgd.png' saved [1710/1710]

--2012-11-08 06:22:08--  http://s2.wp.com/wp-content/themes/vip/gigaom/v3/img/activity-comment.png
Reusing existing connection to s2.wp.com:80.
HTTP request sent, awaiting response... 200 OK
Length: 1122 (1.1K) [image/png]
Saving to: `code/../crawls/paidcontent.org/Privacy-Policy/raw/s2.wp.com/wp-content/themes/vip/gigaom/v3/img/activity-comment.png'

     0K .                                                     100%  195M=0s

2012-11-08 06:22:08 (195 MB/s) - `code/../crawls/paidcontent.org/Privacy-Policy/raw/s2.wp.com/wp-content/themes/vip/gigaom/v3/img/activity-comment.png' saved [1122/1122]

--2012-11-08 06:22:08--  http://s2.wp.com/wp-content/themes/vip/gigaom/v3/img/activity-post.png
Reusing existing connection to s2.wp.com:80.
HTTP request sent, awaiting response... 200 OK
Length: 2853 (2.8K) [image/png]
Saving to: `code/../crawls/paidcontent.org/Privacy-Policy/raw/s2.wp.com/wp-content/themes/vip/gigaom/v3/img/activity-post.png'

     0K ..                                                    100% 41.4M=0s

2012-11-08 06:22:08 (41.4 MB/s) - `code/../crawls/paidcontent.org/Privacy-Policy/raw/s2.wp.com/wp-content/themes/vip/gigaom/v3/img/activity-post.png' saved [2853/2853]

--2012-11-08 06:22:08--  http://s2.wp.com/wp-content/themes/vip/gigaom/v3/img/newsletter-bkgd.png
Reusing existing connection to s2.wp.com:80.
HTTP request sent, awaiting response... 200 OK
Length: 29609 (29K) [image/png]
Saving to: `code/../crawls/paidcontent.org/Privacy-Policy/raw/s2.wp.com/wp-content/themes/vip/gigaom/v3/img/newsletter-bkgd.png'

     0K .......... .......... ........                        100% 10.7M=0.003s

2012-11-08 06:22:08 (10.7 MB/s) - `code/../crawls/paidcontent.org/Privacy-Policy/raw/s2.wp.com/wp-content/themes/vip/gigaom/v3/img/newsletter-bkgd.png' saved [29609/29609]

--2012-11-08 06:22:08--  http://s2.wp.com/wp-content/themes/vip/gigaom/v3/img/footer-logos.png
Reusing existing connection to s2.wp.com:80.
HTTP request sent, awaiting response... 200 OK
Length: 3009 (2.9K) [image/png]
Saving to: `code/../crawls/paidcontent.org/Privacy-Policy/raw/s2.wp.com/wp-content/themes/vip/gigaom/v3/img/footer-logos.png'

     0K ..                                                    100% 42.4M=0s

2012-11-08 06:22:08 (42.4 MB/s) - `code/../crawls/paidcontent.org/Privacy-Policy/raw/s2.wp.com/wp-content/themes/vip/gigaom/v3/img/footer-logos.png' saved [3009/3009]

--2012-11-08 06:22:08--  http://s2.wp.com/wp-content/themes/vip/gigaom/plugins/go-social/images/close.png
Reusing existing connection to s2.wp.com:80.
HTTP request sent, awaiting response... 200 OK
Length: 1875 (1.8K) [image/png]
Saving to: `code/../crawls/paidcontent.org/Privacy-Policy/raw/s2.wp.com/wp-content/themes/vip/gigaom/plugins/go-social/images/close.png'

     0K .                                                     100%  277M=0s

2012-11-08 06:22:08 (277 MB/s) - `code/../crawls/paidcontent.org/Privacy-Policy/raw/s2.wp.com/wp-content/themes/vip/gigaom/plugins/go-social/images/close.png' saved [1875/1875]

--2012-11-08 06:22:08--  http://s2.wp.com/wp-content/themes/vip/gigaom/plugins/go-social/images/login-buttons.png
Reusing existing connection to s2.wp.com:80.
HTTP request sent, awaiting response... 200 OK
Length: 28377 (28K) [image/png]
Saving to: `code/../crawls/paidcontent.org/Privacy-Policy/raw/s2.wp.com/wp-content/themes/vip/gigaom/plugins/go-social/images/login-buttons.png'

     0K .......... .......... .......                         100% 9.36M=0.003s

2012-11-08 06:22:08 (9.36 MB/s) - `code/../crawls/paidcontent.org/Privacy-Policy/raw/s2.wp.com/wp-content/themes/vip/gigaom/plugins/go-social/images/login-buttons.png' saved [28377/28377]

--2012-11-08 06:22:08--  http://s2.wp.com/wp-content/themes/vip/gigaom-paidcontent/v3/img/main-bkgd.png
Reusing existing connection to s2.wp.com:80.
HTTP request sent, awaiting response... 200 OK
Length: 956 [image/png]
Saving to: `code/../crawls/paidcontent.org/Privacy-Policy/raw/s2.wp.com/wp-content/themes/vip/gigaom-paidcontent/v3/img/main-bkgd.png'

     0K                                                       100%  156M=0s

2012-11-08 06:22:08 (156 MB/s) - `code/../crawls/paidcontent.org/Privacy-Policy/raw/s2.wp.com/wp-content/themes/vip/gigaom-paidcontent/v3/img/main-bkgd.png' saved [956/956]

--2012-11-08 06:22:08--  http://s2.wp.com/wp-content/themes/vip/gigaom-paidcontent/v3/img/button-primary-bkgd.png
Reusing existing connection to s2.wp.com:80.
HTTP request sent, awaiting response... 200 OK
Length: 996 [image/png]
Saving to: `code/../crawls/paidcontent.org/Privacy-Policy/raw/s2.wp.com/wp-content/themes/vip/gigaom-paidcontent/v3/img/button-primary-bkgd.png'

     0K                                                       100%  171M=0s

2012-11-08 06:22:08 (171 MB/s) - `code/../crawls/paidcontent.org/Privacy-Policy/raw/s2.wp.com/wp-content/themes/vip/gigaom-paidcontent/v3/img/button-primary-bkgd.png' saved [996/996]

--2012-11-08 06:22:08--  http://s2.wp.com/wp-content/themes/vip/gigaom-paidcontent/v3/img/button-primary-bkgd-down.png
Reusing existing connection to s2.wp.com:80.
HTTP request sent, awaiting response... 200 OK
Length: 996 [image/png]
Saving to: `code/../crawls/paidcontent.org/Privacy-Policy/raw/s2.wp.com/wp-content/themes/vip/gigaom-paidcontent/v3/img/button-primary-bkgd-down.png'

     0K                                                       100%  169M=0s

2012-11-08 06:22:08 (169 MB/s) - `code/../crawls/paidcontent.org/Privacy-Policy/raw/s2.wp.com/wp-content/themes/vip/gigaom-paidcontent/v3/img/button-primary-bkgd-down.png' saved [996/996]

--2012-11-08 06:22:08--  http://s2.wp.com/wp-content/themes/vip/gigaom-paidcontent/v3/img/button-secondary-bkgd.png
Reusing existing connection to s2.wp.com:80.
HTTP request sent, awaiting response... 200 OK
Length: 981 [image/png]
Saving to: `code/../crawls/paidcontent.org/Privacy-Policy/raw/s2.wp.com/wp-content/themes/vip/gigaom-paidcontent/v3/img/button-secondary-bkgd.png'

     0K                                                       100%  166M=0s

2012-11-08 06:22:08 (166 MB/s) - `code/../crawls/paidcontent.org/Privacy-Policy/raw/s2.wp.com/wp-content/themes/vip/gigaom-paidcontent/v3/img/button-secondary-bkgd.png' saved [981/981]

--2012-11-08 06:22:08--  http://s2.wp.com/wp-content/themes/vip/gigaom-paidcontent/v3/img/button-secondary-bkgd-down.png
Reusing existing connection to s2.wp.com:80.
HTTP request sent, awaiting response... 200 OK
Length: 1006 [image/png]
Saving to: `code/../crawls/paidcontent.org/Privacy-Policy/raw/s2.wp.com/wp-content/themes/vip/gigaom-paidcontent/v3/img/button-secondary-bkgd-down.png'

     0K                                                       100%  169M=0s

2012-11-08 06:22:08 (169 MB/s) - `code/../crawls/paidcontent.org/Privacy-Policy/raw/s2.wp.com/wp-content/themes/vip/gigaom-paidcontent/v3/img/button-secondary-bkgd-down.png' saved [1006/1006]

--2012-11-08 06:22:08--  http://s2.wp.com/wp-content/themes/vip/gigaom-paidcontent/v3/img/top-menu-pro-research.png
Reusing existing connection to s2.wp.com:80.
HTTP request sent, awaiting response... 200 OK
Length: 1425 (1.4K) [image/png]
Saving to: `code/../crawls/paidcontent.org/Privacy-Policy/raw/s2.wp.com/wp-content/themes/vip/gigaom-paidcontent/v3/img/top-menu-pro-research.png'

     0K .                                                     100%  213M=0s

2012-11-08 06:22:08 (213 MB/s) - `code/../crawls/paidcontent.org/Privacy-Policy/raw/s2.wp.com/wp-content/themes/vip/gigaom-paidcontent/v3/img/top-menu-pro-research.png' saved [1425/1425]

--2012-11-08 06:22:08--  http://s2.wp.com/wp-content/themes/vip/gigaom-paidcontent/v3/img/paidcontent-logo.png
Reusing existing connection to s2.wp.com:80.
HTTP request sent, awaiting response... 200 OK
Length: 5208 (5.1K) [image/png]
Saving to: `code/../crawls/paidcontent.org/Privacy-Policy/raw/s2.wp.com/wp-content/themes/vip/gigaom-paidcontent/v3/img/paidcontent-logo.png'

     0K .....                                                 100% 26.7M=0s

2012-11-08 06:22:08 (26.7 MB/s) - `code/../crawls/paidcontent.org/Privacy-Policy/raw/s2.wp.com/wp-content/themes/vip/gigaom-paidcontent/v3/img/paidcontent-logo.png' saved [5208/5208]

--2012-11-08 06:22:08--  http://s2.wp.com/wp-content/themes/vip/gigaom-paidcontent/v3/img/social-icons.png
Reusing existing connection to s2.wp.com:80.
HTTP request sent, awaiting response... 200 OK
Length: 4589 (4.5K) [image/png]
Saving to: `code/../crawls/paidcontent.org/Privacy-Policy/raw/s2.wp.com/wp-content/themes/vip/gigaom-paidcontent/v3/img/social-icons.png'

     0K ....                                                  100% 23.6M=0s

2012-11-08 06:22:08 (23.6 MB/s) - `code/../crawls/paidcontent.org/Privacy-Policy/raw/s2.wp.com/wp-content/themes/vip/gigaom-paidcontent/v3/img/social-icons.png' saved [4589/4589]

--2012-11-08 06:22:08--  http://s2.wp.com/wp-content/themes/vip/gigaom-paidcontent/v3/img/social-email-icon.png
Reusing existing connection to s2.wp.com:80.
HTTP request sent, awaiting response... 200 OK
Length: 1184 (1.2K) [image/png]
Saving to: `code/../crawls/paidcontent.org/Privacy-Policy/raw/s2.wp.com/wp-content/themes/vip/gigaom-paidcontent/v3/img/social-email-icon.png'

     0K .                                                     100%  179M=0s

2012-11-08 06:22:08 (179 MB/s) - `code/../crawls/paidcontent.org/Privacy-Policy/raw/s2.wp.com/wp-content/themes/vip/gigaom-paidcontent/v3/img/social-email-icon.png' saved [1184/1184]

--2012-11-08 06:22:08--  http://s2.wp.com/wp-content/themes/vip/gigaom-paidcontent/v3/img/button-arrow-left.png
Reusing existing connection to s2.wp.com:80.
HTTP request sent, awaiting response... 200 OK
Length: 989 [image/png]
Saving to: `code/../crawls/paidcontent.org/Privacy-Policy/raw/s2.wp.com/wp-content/themes/vip/gigaom-paidcontent/v3/img/button-arrow-left.png'

     0K                                                       100%  167M=0s

2012-11-08 06:22:08 (167 MB/s) - `code/../crawls/paidcontent.org/Privacy-Policy/raw/s2.wp.com/wp-content/themes/vip/gigaom-paidcontent/v3/img/button-arrow-left.png' saved [989/989]

--2012-11-08 06:22:08--  http://s2.wp.com/wp-content/themes/vip/gigaom-paidcontent/v3/img/button-arrow-right.png
Reusing existing connection to s2.wp.com:80.
HTTP request sent, awaiting response... 200 OK
Length: 990 [image/png]
Saving to: `code/../crawls/paidcontent.org/Privacy-Policy/raw/s2.wp.com/wp-content/themes/vip/gigaom-paidcontent/v3/img/button-arrow-right.png'

     0K                                                       100%  170M=0s

2012-11-08 06:22:08 (170 MB/s) - `code/../crawls/paidcontent.org/Privacy-Policy/raw/s2.wp.com/wp-content/themes/vip/gigaom-paidcontent/v3/img/button-arrow-right.png' saved [990/990]

--2012-11-08 06:22:08--  http://s2.wp.com/wp-content/themes/vip/gigaom-paidcontent/v3/img/search-button-bkgd.png
Reusing existing connection to s2.wp.com:80.
HTTP request sent, awaiting response... 200 OK
Length: 1772 (1.7K) [image/png]
Saving to: `code/../crawls/paidcontent.org/Privacy-Policy/raw/s2.wp.com/wp-content/themes/vip/gigaom-paidcontent/v3/img/search-button-bkgd.png'

     0K .                                                     100%  259M=0s

2012-11-08 06:22:08 (259 MB/s) - `code/../crawls/paidcontent.org/Privacy-Policy/raw/s2.wp.com/wp-content/themes/vip/gigaom-paidcontent/v3/img/search-button-bkgd.png' saved [1772/1772]

--2012-11-08 06:22:08--  http://s2.wp.com/wp-content/themes/vip/gigaom-paidcontent/v3/img/activity-comment.png
Reusing existing connection to s2.wp.com:80.
HTTP request sent, awaiting response... 200 OK
Length: 1125 (1.1K) [image/png]
Saving to: `code/../crawls/paidcontent.org/Privacy-Policy/raw/s2.wp.com/wp-content/themes/vip/gigaom-paidcontent/v3/img/activity-comment.png'

     0K .                                                     100%  186M=0s

2012-11-08 06:22:08 (186 MB/s) - `code/../crawls/paidcontent.org/Privacy-Policy/raw/s2.wp.com/wp-content/themes/vip/gigaom-paidcontent/v3/img/activity-comment.png' saved [1125/1125]

--2012-11-08 06:22:08--  http://s2.wp.com/wp-content/themes/vip/gigaom-paidcontent/v3/img/activity-post.png
Reusing existing connection to s2.wp.com:80.
HTTP request sent, awaiting response... 200 OK
Length: 978 [image/png]
Saving to: `code/../crawls/paidcontent.org/Privacy-Policy/raw/s2.wp.com/wp-content/themes/vip/gigaom-paidcontent/v3/img/activity-post.png'

     0K                                                       100%  172M=0s

2012-11-08 06:22:08 (172 MB/s) - `code/../crawls/paidcontent.org/Privacy-Policy/raw/s2.wp.com/wp-content/themes/vip/gigaom-paidcontent/v3/img/activity-post.png' saved [978/978]

--2012-11-08 06:22:08--  http://s2.wp.com/wp-content/themes/vip/gigaom-paidcontent/v3/img/footer-logos.png
Reusing existing connection to s2.wp.com:80.
HTTP request sent, awaiting response... 200 OK
Length: 3052 (3.0K) [image/png]
Saving to: `code/../crawls/paidcontent.org/Privacy-Policy/raw/s2.wp.com/wp-content/themes/vip/gigaom-paidcontent/v3/img/footer-logos.png'

     0K ..                                                    100% 43.0M=0s

2012-11-08 06:22:08 (43.0 MB/s) - `code/../crawls/paidcontent.org/Privacy-Policy/raw/s2.wp.com/wp-content/themes/vip/gigaom-paidcontent/v3/img/footer-logos.png' saved [3052/3052]

--2012-11-08 06:22:08--  http://s1.wp.com/wp-content/themes/vip/gigaom/v3/img/loading-spinner.gif
Reusing existing connection to s2.wp.com:80.
HTTP request sent, awaiting response... 404 Not Found
2012-11-08 06:22:08 ERROR 404: Not Found.

--2012-11-08 06:22:08--  http://s1.wp.com/wp-content/themes/vip/gigaom/v3/img/loading-error.png
Reusing existing connection to s2.wp.com:80.
HTTP request sent, awaiting response... 404 Not Found
2012-11-08 06:22:08 ERROR 404: Not Found.

FINISHED --2012-11-08 06:22:08--
Total wall clock time: 4.3s
Downloaded: 96 files, 1.3M in 0.6s (2.07 MB/s)
Converting code/../crawls/paidcontent.org/Privacy-Policy/raw/paidcontent.org/privacy/index.html... 31-0
Converting code/../crawls/paidcontent.org/Privacy-Policy/raw/s2.wp.com/_static/index.html??-eJyNzr0OwjAMBOAXIljpz8BQ9VnSEBIXx4lqR8DbUwa6sDDdDd9JB49qkD21axBYBTShvy%2FleZSzFznBrnxhDayQm6nUIrJALaLmRg43EH1R+Ncm.css... 35-0
Converting code/../crawls/paidcontent.org/Privacy-Policy/raw/s1.wp.com/wp-content/themes/vip/gigaom/v3/css/cse.css?m=1342569055g.css... 0-4
Converting code/../crawls/paidcontent.org/Privacy-Policy/raw/s2.wp.com/_static/index.html??-eJzTLy%2FQTc7PK0nNK9EvyUjNTS3WL8ss0E%2FPTE%2FMz9UvM9ZPLi7WT0osTtUDMnT08anWLUjMTIHJoum0z7U1NDYxtzS0MDYwyQIA8jgpmA==.css... 72-0
Converting code/../crawls/paidcontent.org/Privacy-Policy/raw/s2.wp.com/index.html?custom-css=1&csblog=2fNZj&cscache=6&csrev=29.css... nothing to do.
Converting code/../crawls/paidcontent.org/Privacy-Policy/raw/s2.wp.com/wp-content/themes/vip/gigaom/plugins/go-cse/css/go-cse.css?m=1339082856g.css... nothing to do.
Converted 6 files in 0.007 seconds.
