--2012-05-14 05:05:05--  http://www.careerbuilderinstitute.com/pages/Privacy.aspx
Resolving www.careerbuilderinstitute.com... 68.171.158.35
Connecting to www.careerbuilderinstitute.com|68.171.158.35|:80... connected.
HTTP request sent, awaiting response... 200 OK
Length: 31700 (31K) [text/html]
Saving to: `code/../crawls/careerbuilderinstitute.com/Privacy-Policy/raw/www.careerbuilderinstitute.com/pages/Privacy.aspx.html'

     0K .......... .......... ..........                      100%  130K=0.2s

2012-05-14 05:05:05 (130 KB/s) - `code/../crawls/careerbuilderinstitute.com/Privacy-Policy/raw/www.careerbuilderinstitute.com/pages/Privacy.aspx.html' saved [31700/31700]

--2012-05-14 05:05:05--  http://www.careerbuilderinstitute.com/App_Themes/Default/text.css
Reusing existing connection to www.careerbuilderinstitute.com:80.
HTTP request sent, awaiting response... 200 OK
Length: 70 [text/css]
Saving to: `code/../crawls/careerbuilderinstitute.com/Privacy-Policy/raw/www.careerbuilderinstitute.com/App_Themes/Default/text.css'

     0K                                                       100% 11.0M=0s

2012-05-14 05:05:05 (11.0 MB/s) - `code/../crawls/careerbuilderinstitute.com/Privacy-Policy/raw/www.careerbuilderinstitute.com/App_Themes/Default/text.css' saved [70/70]

--2012-05-14 05:05:05--  http://www.careerbuilderinstitute.com/favicon.ico
Reusing existing connection to www.careerbuilderinstitute.com:80.
HTTP request sent, awaiting response... 200 OK
Length: 1406 (1.4K) [image/x-icon]
Saving to: `code/../crawls/careerbuilderinstitute.com/Privacy-Policy/raw/www.careerbuilderinstitute.com/favicon.ico'

     0K .                                                     100%  174M=0s

2012-05-14 05:05:05 (174 MB/s) - `code/../crawls/careerbuilderinstitute.com/Privacy-Policy/raw/www.careerbuilderinstitute.com/favicon.ico' saved [1406/1406]

--2012-05-14 05:05:05--  http://www.careerbuilderinstitute.com/App_Themes/CBI/admin.css
Reusing existing connection to www.careerbuilderinstitute.com:80.
HTTP request sent, awaiting response... 200 OK
Length: 2752 (2.7K) [text/css]
Saving to: `code/../crawls/careerbuilderinstitute.com/Privacy-Policy/raw/www.careerbuilderinstitute.com/App_Themes/CBI/admin.css'

     0K ..                                                    100%  225M=0s

2012-05-14 05:05:05 (225 MB/s) - `code/../crawls/careerbuilderinstitute.com/Privacy-Policy/raw/www.careerbuilderinstitute.com/App_Themes/CBI/admin.css' saved [2752/2752]

--2012-05-14 05:05:05--  http://www.careerbuilderinstitute.com/App_Themes/CBI/AssociationManager.css
Reusing existing connection to www.careerbuilderinstitute.com:80.
HTTP request sent, awaiting response... 200 OK
Length: 518 [text/css]
Saving to: `code/../crawls/careerbuilderinstitute.com/Privacy-Policy/raw/www.careerbuilderinstitute.com/App_Themes/CBI/AssociationManager.css'

     0K                                                       100% 88.5M=0s

2012-05-14 05:05:06 (88.5 MB/s) - `code/../crawls/careerbuilderinstitute.com/Privacy-Policy/raw/www.careerbuilderinstitute.com/App_Themes/CBI/AssociationManager.css' saved [518/518]

--2012-05-14 05:05:06--  http://www.careerbuilderinstitute.com/App_Themes/CBI/CatalogItemEditor.css
Reusing existing connection to www.careerbuilderinstitute.com:80.
HTTP request sent, awaiting response... 200 OK
Length: 225 [text/css]
Saving to: `code/../crawls/careerbuilderinstitute.com/Privacy-Policy/raw/www.careerbuilderinstitute.com/App_Themes/CBI/CatalogItemEditor.css'

     0K                                                       100% 39.3M=0s

2012-05-14 05:05:06 (39.3 MB/s) - `code/../crawls/careerbuilderinstitute.com/Privacy-Policy/raw/www.careerbuilderinstitute.com/App_Themes/CBI/CatalogItemEditor.css' saved [225/225]

--2012-05-14 05:05:06--  http://www.careerbuilderinstitute.com/App_Themes/CBI/fix.css
Reusing existing connection to www.careerbuilderinstitute.com:80.
HTTP request sent, awaiting response... 200 OK
Length: 112 [text/css]
Saving to: `code/../crawls/careerbuilderinstitute.com/Privacy-Policy/raw/www.careerbuilderinstitute.com/App_Themes/CBI/fix.css'

     0K                                                       100% 21.2M=0s

2012-05-14 05:05:06 (21.2 MB/s) - `code/../crawls/careerbuilderinstitute.com/Privacy-Policy/raw/www.careerbuilderinstitute.com/App_Themes/CBI/fix.css' saved [112/112]

--2012-05-14 05:05:06--  http://www.careerbuilderinstitute.com/App_Themes/CBI/homepage.css
Reusing existing connection to www.careerbuilderinstitute.com:80.
HTTP request sent, awaiting response... 200 OK
Length: 7852 (7.7K) [text/css]
Saving to: `code/../crawls/careerbuilderinstitute.com/Privacy-Policy/raw/www.careerbuilderinstitute.com/App_Themes/CBI/homepage.css'

     0K .......                                               100% 17.5M=0s

2012-05-14 05:05:06 (17.5 MB/s) - `code/../crawls/careerbuilderinstitute.com/Privacy-Policy/raw/www.careerbuilderinstitute.com/App_Themes/CBI/homepage.css' saved [7852/7852]

--2012-05-14 05:05:06--  http://www.careerbuilderinstitute.com/App_Themes/CBI/internal.css
Reusing existing connection to www.careerbuilderinstitute.com:80.
HTTP request sent, awaiting response... 200 OK
Length: 25384 (25K) [text/css]
Saving to: `code/../crawls/careerbuilderinstitute.com/Privacy-Policy/raw/www.careerbuilderinstitute.com/App_Themes/CBI/internal.css'

     0K .......... .......... ....                            100% 12.8M=0.002s

2012-05-14 05:05:06 (12.8 MB/s) - `code/../crawls/careerbuilderinstitute.com/Privacy-Policy/raw/www.careerbuilderinstitute.com/App_Themes/CBI/internal.css' saved [25384/25384]

--2012-05-14 05:05:06--  http://www.careerbuilderinstitute.com/App_Themes/CBI/layout.css
Reusing existing connection to www.careerbuilderinstitute.com:80.
HTTP request sent, awaiting response... 200 OK
Length: 6860 (6.7K) [text/css]
Saving to: `code/../crawls/careerbuilderinstitute.com/Privacy-Policy/raw/www.careerbuilderinstitute.com/App_Themes/CBI/layout.css'

     0K ......                                                100% 23.2M=0s

2012-05-14 05:05:06 (23.2 MB/s) - `code/../crawls/careerbuilderinstitute.com/Privacy-Policy/raw/www.careerbuilderinstitute.com/App_Themes/CBI/layout.css' saved [6860/6860]

--2012-05-14 05:05:06--  http://www.careerbuilderinstitute.com/App_Themes/CBI/login.css
Reusing existing connection to www.careerbuilderinstitute.com:80.
HTTP request sent, awaiting response... 200 OK
Length: 501 [text/css]
Saving to: `code/../crawls/careerbuilderinstitute.com/Privacy-Policy/raw/www.careerbuilderinstitute.com/App_Themes/CBI/login.css'

     0K                                                       100% 80.3M=0s

2012-05-14 05:05:06 (80.3 MB/s) - `code/../crawls/careerbuilderinstitute.com/Privacy-Policy/raw/www.careerbuilderinstitute.com/App_Themes/CBI/login.css' saved [501/501]

--2012-05-14 05:05:06--  http://www.careerbuilderinstitute.com/App_Themes/CBI/text.css
Reusing existing connection to www.careerbuilderinstitute.com:80.
HTTP request sent, awaiting response... 200 OK
Length: 8278 (8.1K) [text/css]
Saving to: `code/../crawls/careerbuilderinstitute.com/Privacy-Policy/raw/www.careerbuilderinstitute.com/App_Themes/CBI/text.css'

     0K ........                                              100% 15.2M=0.001s

2012-05-14 05:05:06 (15.2 MB/s) - `code/../crawls/careerbuilderinstitute.com/Privacy-Policy/raw/www.careerbuilderinstitute.com/App_Themes/CBI/text.css' saved [8278/8278]

--2012-05-14 05:05:06--  http://www.careerbuilderinstitute.com/App_Themes/CBI/UserAdminStyles.css
Reusing existing connection to www.careerbuilderinstitute.com:80.
HTTP request sent, awaiting response... 200 OK
Length: 1804 (1.8K) [text/css]
Saving to: `code/../crawls/careerbuilderinstitute.com/Privacy-Policy/raw/www.careerbuilderinstitute.com/App_Themes/CBI/UserAdminStyles.css'

     0K .                                                     100%  248M=0s

2012-05-14 05:05:06 (248 MB/s) - `code/../crawls/careerbuilderinstitute.com/Privacy-Policy/raw/www.careerbuilderinstitute.com/App_Themes/CBI/UserAdminStyles.css' saved [1804/1804]

--2012-05-14 05:05:06--  http://www.careerbuilderinstitute.com/App_Themes/CBI/UserControls.css
Reusing existing connection to www.careerbuilderinstitute.com:80.
HTTP request sent, awaiting response... 200 OK
Length: 546 [text/css]
Saving to: `code/../crawls/careerbuilderinstitute.com/Privacy-Policy/raw/www.careerbuilderinstitute.com/App_Themes/CBI/UserControls.css'

     0K                                                       100% 97.2M=0s

2012-05-14 05:05:06 (97.2 MB/s) - `code/../crawls/careerbuilderinstitute.com/Privacy-Policy/raw/www.careerbuilderinstitute.com/App_Themes/CBI/UserControls.css' saved [546/546]

--2012-05-14 05:05:06--  http://www.careerbuilderinstitute.com/scripts/AC_RunActiveContent.js
Reusing existing connection to www.careerbuilderinstitute.com:80.
HTTP request sent, awaiting response... 200 OK
Length: 8321 (8.1K) [application/x-javascript]
Saving to: `code/../crawls/careerbuilderinstitute.com/Privacy-Policy/raw/www.careerbuilderinstitute.com/scripts/AC_RunActiveContent.js'

     0K ........                                              100% 15.8M=0.001s

2012-05-14 05:05:06 (15.8 MB/s) - `code/../crawls/careerbuilderinstitute.com/Privacy-Policy/raw/www.careerbuilderinstitute.com/scripts/AC_RunActiveContent.js' saved [8321/8321]

The name is too long, 131 chars total.
Trying to shorten...
New name is WebResource.axd?d=r4aFFYD-DrMmKzOTM9FsjaICJ3VV9Fy2iDvaaURiPl9tB2tRl5rFDQJ-tGn3ZCkKrfG9wkgLf5j2g1y8e8ArJxhzdlA1&t=63472129443580.
The name is too long, 131 chars total.
Trying to shorten...
New name is WebResource.axd?d=r4aFFYD-DrMmKzOTM9FsjaICJ3VV9Fy2iDvaaURiPl9tB2tRl5rFDQJ-tGn3ZCkKrfG9wkgLf5j2g1y8e8ArJxhzdlA1&t=63472129443580.
--2012-05-14 05:05:06--  http://www.careerbuilderinstitute.com/WebResource.axd?d=r4aFFYD-DrMmKzOTM9FsjaICJ3VV9Fy2iDvaaURiPl9tB2tRl5rFDQJ-tGn3ZCkKrfG9wkgLf5j2g1y8e8ArJxhzdlA1&t=634721294435804192
Reusing existing connection to www.careerbuilderinstitute.com:80.
HTTP request sent, awaiting response... 200 OK
Length: 20794 (20K) [application/x-javascript]
Saving to: `code/../crawls/careerbuilderinstitute.com/Privacy-Policy/raw/www.careerbuilderinstitute.com/WebResource.axd?d=r4aFFYD-DrMmKzOTM9FsjaICJ3VV9Fy2iDvaaURiPl9tB2tRl5rFDQJ-tGn3ZCkKrfG9wkgLf5j2g1y8e8ArJxhzdlA1&t=63472129443580'

     0K .......... ..........                                 100% 13.0M=0.002s

2012-05-14 05:05:06 (13.0 MB/s) - `code/../crawls/careerbuilderinstitute.com/Privacy-Policy/raw/www.careerbuilderinstitute.com/WebResource.axd?d=r4aFFYD-DrMmKzOTM9FsjaICJ3VV9Fy2iDvaaURiPl9tB2tRl5rFDQJ-tGn3ZCkKrfG9wkgLf5j2g1y8e8ArJxhzdlA1&t=63472129443580' saved [20794/20794]

The name is too long, 196 chars total.
Trying to shorten...
New name is ScriptResource.axd?d=YSg1GsWMLn0dGV_KkUXeCGMidj0QYJJ8_hKQcNxa2SUniMJqr3XvAvFBHXHscDDLovDT_NXvVLEVEUKla7krxlVLvkQxuf8qK9QjRkOlO4.
The name is too long, 196 chars total.
Trying to shorten...
New name is ScriptResource.axd?d=YSg1GsWMLn0dGV_KkUXeCGMidj0QYJJ8_hKQcNxa2SUniMJqr3XvAvFBHXHscDDLovDT_NXvVLEVEUKla7krxlVLvkQxuf8qK9QjRkOlO4.
--2012-05-14 05:05:06--  http://www.careerbuilderinstitute.com/ScriptResource.axd?d=YSg1GsWMLn0dGV_KkUXeCGMidj0QYJJ8_hKQcNxa2SUniMJqr3XvAvFBHXHscDDLovDT_NXvVLEVEUKla7krxlVLvkQxuf8qK9QjRkOlO4A-auBmfxhgD1aEBRkygisRPKFmlRLYyvcaJV3ROpebYxZLEpI1&t=ffffffffc8f6ad57
Reusing existing connection to www.careerbuilderinstitute.com:80.
HTTP request sent, awaiting response... 200 OK
Length: 99445 (97K) [application/x-javascript]
Saving to: `code/../crawls/careerbuilderinstitute.com/Privacy-Policy/raw/www.careerbuilderinstitute.com/ScriptResource.axd?d=YSg1GsWMLn0dGV_KkUXeCGMidj0QYJJ8_hKQcNxa2SUniMJqr3XvAvFBHXHscDDLovDT_NXvVLEVEUKla7krxlVLvkQxuf8qK9QjRkOlO4'

     0K .......... .......... .......... .......... .......... 51% 11.5M 0s
    50K .......... .......... .......... .......... .......   100%  603K=0.08s

2012-05-14 05:05:07 (1.15 MB/s) - `code/../crawls/careerbuilderinstitute.com/Privacy-Policy/raw/www.careerbuilderinstitute.com/ScriptResource.axd?d=YSg1GsWMLn0dGV_KkUXeCGMidj0QYJJ8_hKQcNxa2SUniMJqr3XvAvFBHXHscDDLovDT_NXvVLEVEUKla7krxlVLvkQxuf8qK9QjRkOlO4' saved [99445/99445]

The name is too long, 217 chars total.
Trying to shorten...
New name is ScriptResource.axd?d=yU9KWzNcoezkBzUKCmdVUtzzqNdzbbytobeVOrchq05zQIuF1M3J27JaHVbewY2rwaudF2c1qWXcRVb8TnxCK_NKJhGHqw5ifHDiXvW3oy.
The name is too long, 217 chars total.
Trying to shorten...
New name is ScriptResource.axd?d=yU9KWzNcoezkBzUKCmdVUtzzqNdzbbytobeVOrchq05zQIuF1M3J27JaHVbewY2rwaudF2c1qWXcRVb8TnxCK_NKJhGHqw5ifHDiXvW3oy.
--2012-05-14 05:05:07--  http://www.careerbuilderinstitute.com/ScriptResource.axd?d=yU9KWzNcoezkBzUKCmdVUtzzqNdzbbytobeVOrchq05zQIuF1M3J27JaHVbewY2rwaudF2c1qWXcRVb8TnxCK_NKJhGHqw5ifHDiXvW3oyXM_Y6WJlJoU8XIuUju8-HSKTWzbVshwNrjWa4xIsAE0bN7yVEhF7IYyxUESWg20bTFEmZO0&t=ffffffffc8f6ad57
Reusing existing connection to www.careerbuilderinstitute.com:80.
HTTP request sent, awaiting response... 200 OK
Length: 32226 (31K) [application/x-javascript]
Saving to: `code/../crawls/careerbuilderinstitute.com/Privacy-Policy/raw/www.careerbuilderinstitute.com/ScriptResource.axd?d=yU9KWzNcoezkBzUKCmdVUtzzqNdzbbytobeVOrchq05zQIuF1M3J27JaHVbewY2rwaudF2c1qWXcRVb8TnxCK_NKJhGHqw5ifHDiXvW3oy'

     0K .......... .......... .......... .                    100% 12.4M=0.002s

2012-05-14 05:05:07 (12.4 MB/s) - `code/../crawls/careerbuilderinstitute.com/Privacy-Policy/raw/www.careerbuilderinstitute.com/ScriptResource.axd?d=yU9KWzNcoezkBzUKCmdVUtzzqNdzbbytobeVOrchq05zQIuF1M3J27JaHVbewY2rwaudF2c1qWXcRVb8TnxCK_NKJhGHqw5ifHDiXvW3oy' saved [32226/32226]

--2012-05-14 05:05:07--  http://www.careerbuilderinstitute.com/images/wrappercoverright.gif
Reusing existing connection to www.careerbuilderinstitute.com:80.
HTTP request sent, awaiting response... 200 OK
Length: 1816 (1.8K) [image/gif]
Saving to: `code/../crawls/careerbuilderinstitute.com/Privacy-Policy/raw/www.careerbuilderinstitute.com/images/wrappercoverright.gif'

     0K .                                                     100%  245M=0s

2012-05-14 05:05:07 (245 MB/s) - `code/../crawls/careerbuilderinstitute.com/Privacy-Policy/raw/www.careerbuilderinstitute.com/images/wrappercoverright.gif' saved [1816/1816]

--2012-05-14 05:05:07--  http://www.careerbuilderinstitute.com/images/wrappercoverleft.gif
Reusing existing connection to www.careerbuilderinstitute.com:80.
HTTP request sent, awaiting response... 200 OK
Length: 1837 (1.8K) [image/gif]
Saving to: `code/../crawls/careerbuilderinstitute.com/Privacy-Policy/raw/www.careerbuilderinstitute.com/images/wrappercoverleft.gif'

     0K .                                                     100%  253M=0s

2012-05-14 05:05:07 (253 MB/s) - `code/../crawls/careerbuilderinstitute.com/Privacy-Policy/raw/www.careerbuilderinstitute.com/images/wrappercoverleft.gif' saved [1837/1837]

--2012-05-14 05:05:07--  http://www.careerbuilderinstitute.com/images/login-signintransparent.gif
Reusing existing connection to www.careerbuilderinstitute.com:80.
HTTP request sent, awaiting response... 200 OK
Length: 125 [image/gif]
Saving to: `code/../crawls/careerbuilderinstitute.com/Privacy-Policy/raw/www.careerbuilderinstitute.com/images/login-signintransparent.gif'

     0K                                                       100% 21.5M=0s

2012-05-14 05:05:07 (21.5 MB/s) - `code/../crawls/careerbuilderinstitute.com/Privacy-Policy/raw/www.careerbuilderinstitute.com/images/login-signintransparent.gif' saved [125/125]

--2012-05-14 05:05:07--  http://www.careerbuilderinstitute.com/images/login-base.gif
Reusing existing connection to www.careerbuilderinstitute.com:80.
HTTP request sent, awaiting response... 200 OK
Length: 200 [image/gif]
Saving to: `code/../crawls/careerbuilderinstitute.com/Privacy-Policy/raw/www.careerbuilderinstitute.com/images/login-base.gif'

     0K                                                       100% 35.5M=0s

2012-05-14 05:05:07 (35.5 MB/s) - `code/../crawls/careerbuilderinstitute.com/Privacy-Policy/raw/www.careerbuilderinstitute.com/images/login-base.gif' saved [200/200]

--2012-05-14 05:05:07--  http://www.careerbuilderinstitute.com/images/ads/rotator/adLoader_V2.swf
Reusing existing connection to www.careerbuilderinstitute.com:80.
HTTP request sent, awaiting response... 200 OK
Length: 2048 (2.0K) [application/x-shockwave-flash]
Saving to: `code/../crawls/careerbuilderinstitute.com/Privacy-Policy/raw/www.careerbuilderinstitute.com/images/ads/rotator/adLoader_V2.swf'

     0K ..                                                    100%  264M=0s

2012-05-14 05:05:07 (264 MB/s) - `code/../crawls/careerbuilderinstitute.com/Privacy-Policy/raw/www.careerbuilderinstitute.com/images/ads/rotator/adLoader_V2.swf' saved [2048/2048]

--2012-05-14 05:05:07--  http://www.careerbuilderinstitute.com/images/careerbuilderinstitutelogo.gif
Reusing existing connection to www.careerbuilderinstitute.com:80.
HTTP request sent, awaiting response... 200 OK
Length: 4812 (4.7K) [image/gif]
Saving to: `code/../crawls/careerbuilderinstitute.com/Privacy-Policy/raw/www.careerbuilderinstitute.com/images/careerbuilderinstitutelogo.gif'

     0K ....                                                  100% 25.6M=0s

2012-05-14 05:05:07 (25.6 MB/s) - `code/../crawls/careerbuilderinstitute.com/Privacy-Policy/raw/www.careerbuilderinstitute.com/images/careerbuilderinstitutelogo.gif' saved [4812/4812]

--2012-05-14 05:05:07--  http://www.careerbuilderinstitute.com/images/navigationseparator.gif
Reusing existing connection to www.careerbuilderinstitute.com:80.
HTTP request sent, awaiting response... 200 OK
Length: 195 [image/gif]
Saving to: `code/../crawls/careerbuilderinstitute.com/Privacy-Policy/raw/www.careerbuilderinstitute.com/images/navigationseparator.gif'

     0K                                                       100% 34.5M=0s

2012-05-14 05:05:07 (34.5 MB/s) - `code/../crawls/careerbuilderinstitute.com/Privacy-Policy/raw/www.careerbuilderinstitute.com/images/navigationseparator.gif' saved [195/195]

--2012-05-14 05:05:07--  http://www.careerbuilderinstitute.com/images/advicehelp-iconbubblemd.gif
Reusing existing connection to www.careerbuilderinstitute.com:80.
HTTP request sent, awaiting response... 200 OK
Length: 1540 (1.5K) [image/gif]
Saving to: `code/../crawls/careerbuilderinstitute.com/Privacy-Policy/raw/www.careerbuilderinstitute.com/images/advicehelp-iconbubblemd.gif'

     0K .                                                     100% 72.6M=0s

2012-05-14 05:05:07 (72.6 MB/s) - `code/../crawls/careerbuilderinstitute.com/Privacy-Policy/raw/www.careerbuilderinstitute.com/images/advicehelp-iconbubblemd.gif' saved [1540/1540]

--2012-05-14 05:05:07--  http://img.icbdr.com/images/JS/img-email-example.gif
Resolving img.icbdr.com... 206.160.170.8, 206.160.170.33
Connecting to img.icbdr.com|206.160.170.8|:80... connected.
HTTP request sent, awaiting response... 200 OK
Length: 13828 (14K) [image/gif]
Saving to: `code/../crawls/careerbuilderinstitute.com/Privacy-Policy/raw/img.icbdr.com/images/JS/img-email-example.gif'

     0K .......... ...                                        100% 4.49M=0.003s

2012-05-14 05:05:08 (4.49 MB/s) - `code/../crawls/careerbuilderinstitute.com/Privacy-Policy/raw/img.icbdr.com/images/JS/img-email-example.gif' saved [13828/13828]

--2012-05-14 05:05:08--  http://www.careerbuilderinstitute.com/images/contentcontainer-basecap.gif
Connecting to www.careerbuilderinstitute.com|68.171.158.35|:80... connected.
HTTP request sent, awaiting response... 200 OK
Length: 162 [image/gif]
Saving to: `code/../crawls/careerbuilderinstitute.com/Privacy-Policy/raw/www.careerbuilderinstitute.com/images/contentcontainer-basecap.gif'

     0K                                                       100% 26.7M=0s

2012-05-14 05:05:08 (26.7 MB/s) - `code/../crawls/careerbuilderinstitute.com/Privacy-Policy/raw/www.careerbuilderinstitute.com/images/contentcontainer-basecap.gif' saved [162/162]

--2012-05-14 05:05:08--  http://www.careerbuilderinstitute.com/images/contentbottom.gif
Reusing existing connection to www.careerbuilderinstitute.com:80.
HTTP request sent, awaiting response... 200 OK
Length: 472 [image/gif]
Saving to: `code/../crawls/careerbuilderinstitute.com/Privacy-Policy/raw/www.careerbuilderinstitute.com/images/contentbottom.gif'

     0K                                                       100% 77.8M=0s

2012-05-14 05:05:08 (77.8 MB/s) - `code/../crawls/careerbuilderinstitute.com/Privacy-Policy/raw/www.careerbuilderinstitute.com/images/contentbottom.gif' saved [472/472]

--2012-05-14 05:05:08--  http://www.careerbuilderinstitute.com/images/footertop.gif
Reusing existing connection to www.careerbuilderinstitute.com:80.
HTTP request sent, awaiting response... 200 OK
Length: 341 [image/gif]
Saving to: `code/../crawls/careerbuilderinstitute.com/Privacy-Policy/raw/www.careerbuilderinstitute.com/images/footertop.gif'

     0K                                                       100% 56.7M=0s

2012-05-14 05:05:08 (56.7 MB/s) - `code/../crawls/careerbuilderinstitute.com/Privacy-Policy/raw/www.careerbuilderinstitute.com/images/footertop.gif' saved [341/341]

--2012-05-14 05:05:08--  http://www.careerbuilderinstitute.com/images/footerbottom.gif
Reusing existing connection to www.careerbuilderinstitute.com:80.
HTTP request sent, awaiting response... 200 OK
Length: 1211 (1.2K) [image/gif]
Saving to: `code/../crawls/careerbuilderinstitute.com/Privacy-Policy/raw/www.careerbuilderinstitute.com/images/footerbottom.gif'

     0K .                                                     100%  171M=0s

2012-05-14 05:05:08 (171 MB/s) - `code/../crawls/careerbuilderinstitute.com/Privacy-Policy/raw/www.careerbuilderinstitute.com/images/footerbottom.gif' saved [1211/1211]

--2012-05-14 05:05:08--  http://b.scorecardresearch.com/p?c1=2&c2=&c3=&c4=&c5=&c6=&c15=&cj=1
Resolving b.scorecardresearch.com... 206.160.170.40, 206.160.170.50, 206.160.170.9, ...
Connecting to b.scorecardresearch.com|206.160.170.40|:80... connected.
HTTP request sent, awaiting response... 302 Moved Temporarily
Location: http://b.scorecardresearch.com/p2?c1=2&c2=&c3=&c4=&c5=&c6=&c15=&cj=1 [following]
--2012-05-14 05:05:08--  http://b.scorecardresearch.com/p2?c1=2&c2=&c3=&c4=&c5=&c6=&c15=&cj=1
Reusing existing connection to b.scorecardresearch.com:80.
HTTP request sent, awaiting response... 200 OK
Length: 43 [image/gif]
Saving to: `code/../crawls/careerbuilderinstitute.com/Privacy-Policy/raw/b.scorecardresearch.com/p?c1=2&c2=&c3=&c4=&c5=&c6=&c15=&cj=1'

     0K                                                       100% 7.37M=0s

2012-05-14 05:05:08 (7.37 MB/s) - `code/../crawls/careerbuilderinstitute.com/Privacy-Policy/raw/b.scorecardresearch.com/p?c1=2&c2=&c3=&c4=&c5=&c6=&c15=&cj=1' saved [43/43]

--2012-05-14 05:05:08--  http://www.careerbuilderinstitute.com/images/homepage-search-background.gif
Connecting to www.careerbuilderinstitute.com|68.171.158.35|:80... connected.
HTTP request sent, awaiting response... 200 OK
Length: 5584 (5.5K) [image/gif]
Saving to: `code/../crawls/careerbuilderinstitute.com/Privacy-Policy/raw/www.careerbuilderinstitute.com/images/homepage-search-background.gif'

     0K .....                                                 100% 68.8K=0.08s

2012-05-14 05:05:08 (68.8 KB/s) - `code/../crawls/careerbuilderinstitute.com/Privacy-Policy/raw/www.careerbuilderinstitute.com/images/homepage-search-background.gif' saved [5584/5584]

--2012-05-14 05:05:08--  http://www.careerbuilderinstitute.com/images/searchgradient-72.gif
Reusing existing connection to www.careerbuilderinstitute.com:80.
HTTP request sent, awaiting response... 200 OK
Length: 493 [image/gif]
Saving to: `code/../crawls/careerbuilderinstitute.com/Privacy-Policy/raw/www.careerbuilderinstitute.com/images/searchgradient-72.gif'

     0K                                                       100% 82.1M=0s

2012-05-14 05:05:08 (82.1 MB/s) - `code/../crawls/careerbuilderinstitute.com/Privacy-Policy/raw/www.careerbuilderinstitute.com/images/searchgradient-72.gif' saved [493/493]

--2012-05-14 05:05:08--  http://www.careerbuilderinstitute.com/images/hm-splashwindow.gif
Reusing existing connection to www.careerbuilderinstitute.com:80.
HTTP request sent, awaiting response... 200 OK
Length: 6945 (6.8K) [image/gif]
Saving to: `code/../crawls/careerbuilderinstitute.com/Privacy-Policy/raw/www.careerbuilderinstitute.com/images/hm-splashwindow.gif'

     0K ......                                                100% 15.7M=0s

2012-05-14 05:05:08 (15.7 MB/s) - `code/../crawls/careerbuilderinstitute.com/Privacy-Policy/raw/www.careerbuilderinstitute.com/images/hm-splashwindow.gif' saved [6945/6945]

--2012-05-14 05:05:08--  http://www.careerbuilderinstitute.com/images/FrontSplash01.jpg
Reusing existing connection to www.careerbuilderinstitute.com:80.
HTTP request sent, awaiting response... 200 OK
Length: 14521 (14K) [image/jpeg]
Saving to: `code/../crawls/careerbuilderinstitute.com/Privacy-Policy/raw/www.careerbuilderinstitute.com/images/FrontSplash01.jpg'

     0K .......... ....                                       100%  179K=0.08s

2012-05-14 05:05:09 (179 KB/s) - `code/../crawls/careerbuilderinstitute.com/Privacy-Policy/raw/www.careerbuilderinstitute.com/images/FrontSplash01.jpg' saved [14521/14521]

--2012-05-14 05:05:09--  http://www.careerbuilderinstitute.com/images/splash1.jpg
Reusing existing connection to www.careerbuilderinstitute.com:80.
HTTP request sent, awaiting response... 200 OK
Length: 28553 (28K) [image/jpeg]
Saving to: `code/../crawls/careerbuilderinstitute.com/Privacy-Policy/raw/www.careerbuilderinstitute.com/images/splash1.jpg'

     0K .......... .......... .......                         100%  349K=0.08s

2012-05-14 05:05:09 (349 KB/s) - `code/../crawls/careerbuilderinstitute.com/Privacy-Policy/raw/www.careerbuilderinstitute.com/images/splash1.jpg' saved [28553/28553]

--2012-05-14 05:05:09--  http://www.careerbuilderinstitute.com/images/splash3.jpg
Reusing existing connection to www.careerbuilderinstitute.com:80.
HTTP request sent, awaiting response... 200 OK
Length: 19164 (19K) [image/jpeg]
Saving to: `code/../crawls/careerbuilderinstitute.com/Privacy-Policy/raw/www.careerbuilderinstitute.com/images/splash3.jpg'

     0K .......... ........                                   100% 12.7M=0.001s

2012-05-14 05:05:09 (12.7 MB/s) - `code/../crawls/careerbuilderinstitute.com/Privacy-Policy/raw/www.careerbuilderinstitute.com/images/splash3.jpg' saved [19164/19164]

--2012-05-14 05:05:09--  http://www.careerbuilderinstitute.com/images/slideD-subscription.jpg
Reusing existing connection to www.careerbuilderinstitute.com:80.
HTTP request sent, awaiting response... 200 OK
Length: 15428 (15K) [image/jpeg]
Saving to: `code/../crawls/careerbuilderinstitute.com/Privacy-Policy/raw/www.careerbuilderinstitute.com/images/slideD-subscription.jpg'

     0K .......... .....                                      100% 14.0M=0.001s

2012-05-14 05:05:09 (14.0 MB/s) - `code/../crawls/careerbuilderinstitute.com/Privacy-Policy/raw/www.careerbuilderinstitute.com/images/slideD-subscription.jpg' saved [15428/15428]

--2012-05-14 05:05:09--  http://www.careerbuilderinstitute.com/images/splashbulletarrow.gif
Reusing existing connection to www.careerbuilderinstitute.com:80.
HTTP request sent, awaiting response... 200 OK
Length: 193 [image/gif]
Saving to: `code/../crawls/careerbuilderinstitute.com/Privacy-Policy/raw/www.careerbuilderinstitute.com/images/splashbulletarrow.gif'

     0K                                                       100% 35.5M=0s

2012-05-14 05:05:09 (35.5 MB/s) - `code/../crawls/careerbuilderinstitute.com/Privacy-Policy/raw/www.careerbuilderinstitute.com/images/splashbulletarrow.gif' saved [193/193]

--2012-05-14 05:05:09--  http://www.careerbuilderinstitute.com/images/homepagetabsgradient.gif
Reusing existing connection to www.careerbuilderinstitute.com:80.
HTTP request sent, awaiting response... 200 OK
Length: 156 [image/gif]
Saving to: `code/../crawls/careerbuilderinstitute.com/Privacy-Policy/raw/www.careerbuilderinstitute.com/images/homepagetabsgradient.gif'

     0K                                                       100% 27.2M=0s

2012-05-14 05:05:09 (27.2 MB/s) - `code/../crawls/careerbuilderinstitute.com/Privacy-Policy/raw/www.careerbuilderinstitute.com/images/homepagetabsgradient.gif' saved [156/156]

--2012-05-14 05:05:09--  http://www.careerbuilderinstitute.com/images/tabselected.gif
Reusing existing connection to www.careerbuilderinstitute.com:80.
HTTP request sent, awaiting response... 200 OK
Length: 158 [image/gif]
Saving to: `code/../crawls/careerbuilderinstitute.com/Privacy-Policy/raw/www.careerbuilderinstitute.com/images/tabselected.gif'

     0K                                                       100% 26.8M=0s

2012-05-14 05:05:09 (26.8 MB/s) - `code/../crawls/careerbuilderinstitute.com/Privacy-Policy/raw/www.careerbuilderinstitute.com/images/tabselected.gif' saved [158/158]

--2012-05-14 05:05:09--  http://www.careerbuilderinstitute.com/images/tabs-separatorimg2.gif
Reusing existing connection to www.careerbuilderinstitute.com:80.
HTTP request sent, awaiting response... 200 OK
Length: 155 [image/gif]
Saving to: `code/../crawls/careerbuilderinstitute.com/Privacy-Policy/raw/www.careerbuilderinstitute.com/images/tabs-separatorimg2.gif'

     0K                                                       100% 27.1M=0s

2012-05-14 05:05:09 (27.1 MB/s) - `code/../crawls/careerbuilderinstitute.com/Privacy-Policy/raw/www.careerbuilderinstitute.com/images/tabs-separatorimg2.gif' saved [155/155]

--2012-05-14 05:05:09--  http://www.careerbuilderinstitute.com/images/homepagetabsectiongradient.gif
Reusing existing connection to www.careerbuilderinstitute.com:80.
HTTP request sent, awaiting response... 200 OK
Length: 320 [image/gif]
Saving to: `code/../crawls/careerbuilderinstitute.com/Privacy-Policy/raw/www.careerbuilderinstitute.com/images/homepagetabsectiongradient.gif'

     0K                                                       100% 55.2M=0s

2012-05-14 05:05:09 (55.2 MB/s) - `code/../crawls/careerbuilderinstitute.com/Privacy-Policy/raw/www.careerbuilderinstitute.com/images/homepagetabsectiongradient.gif' saved [320/320]

--2012-05-14 05:05:09--  http://www.careerbuilderinstitute.com/images/smlightbluearrow.gif
Reusing existing connection to www.careerbuilderinstitute.com:80.
HTTP request sent, awaiting response... 200 OK
Length: 46 [image/gif]
Saving to: `code/../crawls/careerbuilderinstitute.com/Privacy-Policy/raw/www.careerbuilderinstitute.com/images/smlightbluearrow.gif'

     0K                                                       100% 7.83M=0s

2012-05-14 05:05:09 (7.83 MB/s) - `code/../crawls/careerbuilderinstitute.com/Privacy-Policy/raw/www.careerbuilderinstitute.com/images/smlightbluearrow.gif' saved [46/46]

--2012-05-14 05:05:09--  http://www.careerbuilderinstitute.com/images/middleleftgradient.gif
Reusing existing connection to www.careerbuilderinstitute.com:80.
HTTP request sent, awaiting response... 200 OK
Length: 207 [image/gif]
Saving to: `code/../crawls/careerbuilderinstitute.com/Privacy-Policy/raw/www.careerbuilderinstitute.com/images/middleleftgradient.gif'

     0K                                                       100% 35.4M=0s

2012-05-14 05:05:09 (35.4 MB/s) - `code/../crawls/careerbuilderinstitute.com/Privacy-Policy/raw/www.careerbuilderinstitute.com/images/middleleftgradient.gif' saved [207/207]

--2012-05-14 05:05:09--  http://www.careerbuilderinstitute.com/images/fc-bottomseparator.gif
Reusing existing connection to www.careerbuilderinstitute.com:80.
HTTP request sent, awaiting response... 200 OK
Length: 65 [image/gif]
Saving to: `code/../crawls/careerbuilderinstitute.com/Privacy-Policy/raw/www.careerbuilderinstitute.com/images/fc-bottomseparator.gif'

     0K                                                       100% 11.6M=0s

2012-05-14 05:05:09 (11.6 MB/s) - `code/../crawls/careerbuilderinstitute.com/Privacy-Policy/raw/www.careerbuilderinstitute.com/images/fc-bottomseparator.gif' saved [65/65]

--2012-05-14 05:05:09--  http://www.careerbuilderinstitute.com/images/fc-background.jpg
Reusing existing connection to www.careerbuilderinstitute.com:80.
HTTP request sent, awaiting response... 200 OK
Length: 14535 (14K) [image/jpeg]
Saving to: `code/../crawls/careerbuilderinstitute.com/Privacy-Policy/raw/www.careerbuilderinstitute.com/images/fc-background.jpg'

     0K .......... ....                                       100% 13.2M=0.001s

2012-05-14 05:05:10 (13.2 MB/s) - `code/../crawls/careerbuilderinstitute.com/Privacy-Policy/raw/www.careerbuilderinstitute.com/images/fc-background.jpg' saved [14535/14535]

--2012-05-14 05:05:10--  http://www.careerbuilderinstitute.com/images/middleadbackground.gif
Reusing existing connection to www.careerbuilderinstitute.com:80.
HTTP request sent, awaiting response... 200 OK
Length: 1075 (1.0K) [image/gif]
Saving to: `code/../crawls/careerbuilderinstitute.com/Privacy-Policy/raw/www.careerbuilderinstitute.com/images/middleadbackground.gif'

     0K .                                                     100%  178M=0s

2012-05-14 05:05:10 (178 MB/s) - `code/../crawls/careerbuilderinstitute.com/Privacy-Policy/raw/www.careerbuilderinstitute.com/images/middleadbackground.gif' saved [1075/1075]

--2012-05-14 05:05:10--  http://www.careerbuilderinstitute.com/images/sr-keywordsearch-normal.gif
Reusing existing connection to www.careerbuilderinstitute.com:80.
HTTP request sent, awaiting response... 200 OK
Length: 1111 (1.1K) [image/gif]
Saving to: `code/../crawls/careerbuilderinstitute.com/Privacy-Policy/raw/www.careerbuilderinstitute.com/images/sr-keywordsearch-normal.gif'

     0K .                                                     100%  185M=0s

2012-05-14 05:05:10 (185 MB/s) - `code/../crawls/careerbuilderinstitute.com/Privacy-Policy/raw/www.careerbuilderinstitute.com/images/sr-keywordsearch-normal.gif' saved [1111/1111]

--2012-05-14 05:05:10--  http://www.careerbuilderinstitute.com/images/sr-keywordsearch-over.gif
Reusing existing connection to www.careerbuilderinstitute.com:80.
HTTP request sent, awaiting response... 200 OK
Length: 1110 (1.1K) [image/gif]
Saving to: `code/../crawls/careerbuilderinstitute.com/Privacy-Policy/raw/www.careerbuilderinstitute.com/images/sr-keywordsearch-over.gif'

     0K .                                                     100%  170M=0s

2012-05-14 05:05:10 (170 MB/s) - `code/../crawls/careerbuilderinstitute.com/Privacy-Policy/raw/www.careerbuilderinstitute.com/images/sr-keywordsearch-over.gif' saved [1110/1110]

--2012-05-14 05:05:10--  http://www.careerbuilderinstitute.com/images/masthead.jpg
Reusing existing connection to www.careerbuilderinstitute.com:80.
HTTP request sent, awaiting response... 200 OK
Length: 1871 (1.8K) [image/jpeg]
Saving to: `code/../crawls/careerbuilderinstitute.com/Privacy-Policy/raw/www.careerbuilderinstitute.com/images/masthead.jpg'

     0K .                                                     100%  254M=0s

2012-05-14 05:05:10 (254 MB/s) - `code/../crawls/careerbuilderinstitute.com/Privacy-Policy/raw/www.careerbuilderinstitute.com/images/masthead.jpg' saved [1871/1871]

--2012-05-14 05:05:10--  http://www.careerbuilderinstitute.com/images/gradient_form.gif
Reusing existing connection to www.careerbuilderinstitute.com:80.
HTTP request sent, awaiting response... 200 OK
Length: 52 [image/gif]
Saving to: `code/../crawls/careerbuilderinstitute.com/Privacy-Policy/raw/www.careerbuilderinstitute.com/images/gradient_form.gif'

     0K                                                       100% 9.19M=0s

2012-05-14 05:05:10 (9.19 MB/s) - `code/../crawls/careerbuilderinstitute.com/Privacy-Policy/raw/www.careerbuilderinstitute.com/images/gradient_form.gif' saved [52/52]

--2012-05-14 05:05:10--  http://www.careerbuilderinstitute.com/images/demo_button.gif
Reusing existing connection to www.careerbuilderinstitute.com:80.
HTTP request sent, awaiting response... 200 OK
Length: 2810 (2.7K) [image/gif]
Saving to: `code/../crawls/careerbuilderinstitute.com/Privacy-Policy/raw/www.careerbuilderinstitute.com/images/demo_button.gif'

     0K ..                                                    100% 44.2M=0s

2012-05-14 05:05:10 (44.2 MB/s) - `code/../crawls/careerbuilderinstitute.com/Privacy-Policy/raw/www.careerbuilderinstitute.com/images/demo_button.gif' saved [2810/2810]

--2012-05-14 05:05:10--  http://www.careerbuilderinstitute.com/images/demo_button_hover.gif
Reusing existing connection to www.careerbuilderinstitute.com:80.
HTTP request sent, awaiting response... 200 OK
Length: 2836 (2.8K) [image/gif]
Saving to: `code/../crawls/careerbuilderinstitute.com/Privacy-Policy/raw/www.careerbuilderinstitute.com/images/demo_button_hover.gif'

     0K ..                                                    100% 47.1M=0s

2012-05-14 05:05:10 (47.1 MB/s) - `code/../crawls/careerbuilderinstitute.com/Privacy-Policy/raw/www.careerbuilderinstitute.com/images/demo_button_hover.gif' saved [2836/2836]

--2012-05-14 05:05:10--  http://www.careerbuilderinstitute.com/images/search-return-arrow.gif
Reusing existing connection to www.careerbuilderinstitute.com:80.
HTTP request sent, awaiting response... 200 OK
Length: 89 [image/gif]
Saving to: `code/../crawls/careerbuilderinstitute.com/Privacy-Policy/raw/www.careerbuilderinstitute.com/images/search-return-arrow.gif'

     0K                                                       100% 15.4M=0s

2012-05-14 05:05:10 (15.4 MB/s) - `code/../crawls/careerbuilderinstitute.com/Privacy-Policy/raw/www.careerbuilderinstitute.com/images/search-return-arrow.gif' saved [89/89]

--2012-05-14 05:05:10--  http://www.careerbuilderinstitute.com/images/icon-favorites-star.gif
Reusing existing connection to www.careerbuilderinstitute.com:80.
HTTP request sent, awaiting response... 200 OK
Length: 1055 (1.0K) [image/gif]
Saving to: `code/../crawls/careerbuilderinstitute.com/Privacy-Policy/raw/www.careerbuilderinstitute.com/images/icon-favorites-star.gif'

     0K .                                                     100%  169M=0s

2012-05-14 05:05:10 (169 MB/s) - `code/../crawls/careerbuilderinstitute.com/Privacy-Policy/raw/www.careerbuilderinstitute.com/images/icon-favorites-star.gif' saved [1055/1055]

--2012-05-14 05:05:10--  http://www.careerbuilderinstitute.com/images/gamesbackground.jpg
Reusing existing connection to www.careerbuilderinstitute.com:80.
HTTP request sent, awaiting response... 200 OK
Length: 6119 (6.0K) [image/jpeg]
Saving to: `code/../crawls/careerbuilderinstitute.com/Privacy-Policy/raw/www.careerbuilderinstitute.com/images/gamesbackground.jpg'

     0K .....                                                 100% 20.4M=0s

2012-05-14 05:05:10 (20.4 MB/s) - `code/../crawls/careerbuilderinstitute.com/Privacy-Policy/raw/www.careerbuilderinstitute.com/images/gamesbackground.jpg' saved [6119/6119]

--2012-05-14 05:05:10--  http://www.careerbuilderinstitute.com/images/cbgamestraybackground.gif
Reusing existing connection to www.careerbuilderinstitute.com:80.
HTTP request sent, awaiting response... 200 OK
Length: 62 [image/gif]
Saving to: `code/../crawls/careerbuilderinstitute.com/Privacy-Policy/raw/www.careerbuilderinstitute.com/images/cbgamestraybackground.gif'

     0K                                                       100% 10.7M=0s

2012-05-14 05:05:10 (10.7 MB/s) - `code/../crawls/careerbuilderinstitute.com/Privacy-Policy/raw/www.careerbuilderinstitute.com/images/cbgamestraybackground.gif' saved [62/62]

--2012-05-14 05:05:10--  http://www.careerbuilderinstitute.com/images/cbgamesholder.gif
Reusing existing connection to www.careerbuilderinstitute.com:80.
HTTP request sent, awaiting response... 200 OK
Length: 3952 (3.9K) [image/gif]
Saving to: `code/../crawls/careerbuilderinstitute.com/Privacy-Policy/raw/www.careerbuilderinstitute.com/images/cbgamesholder.gif'

     0K ...                                                   100% 23.0M=0s

2012-05-14 05:05:11 (23.0 MB/s) - `code/../crawls/careerbuilderinstitute.com/Privacy-Policy/raw/www.careerbuilderinstitute.com/images/cbgamesholder.gif' saved [3952/3952]

--2012-05-14 05:05:11--  http://www.careerbuilderinstitute.com/images/gameholderbackground.gif
Reusing existing connection to www.careerbuilderinstitute.com:80.
HTTP request sent, awaiting response... 200 OK
Length: 2304 (2.2K) [image/gif]
Saving to: `code/../crawls/careerbuilderinstitute.com/Privacy-Policy/raw/www.careerbuilderinstitute.com/images/gameholderbackground.gif'

     0K ..                                                    100%  326M=0s

2012-05-14 05:05:11 (326 MB/s) - `code/../crawls/careerbuilderinstitute.com/Privacy-Policy/raw/www.careerbuilderinstitute.com/images/gameholderbackground.gif' saved [2304/2304]

--2012-05-14 05:05:11--  http://www.careerbuilderinstitute.com/images/free-classes-bgrnd.jpg
Reusing existing connection to www.careerbuilderinstitute.com:80.
HTTP request sent, awaiting response... 200 OK
Length: 23566 (23K) [image/jpeg]
Saving to: `code/../crawls/careerbuilderinstitute.com/Privacy-Policy/raw/www.careerbuilderinstitute.com/images/free-classes-bgrnd.jpg'

     0K .......... .......... ...                             100% 11.8M=0.002s

2012-05-14 05:05:11 (11.8 MB/s) - `code/../crawls/careerbuilderinstitute.com/Privacy-Policy/raw/www.careerbuilderinstitute.com/images/free-classes-bgrnd.jpg' saved [23566/23566]

--2012-05-14 05:05:11--  http://www.careerbuilderinstitute.com/images/subscription-background.gif
Reusing existing connection to www.careerbuilderinstitute.com:80.
HTTP request sent, awaiting response... 200 OK
Length: 724 [image/gif]
Saving to: `code/../crawls/careerbuilderinstitute.com/Privacy-Policy/raw/www.careerbuilderinstitute.com/images/subscription-background.gif'

     0K                                                       100%  124M=0s

2012-05-14 05:05:11 (124 MB/s) - `code/../crawls/careerbuilderinstitute.com/Privacy-Policy/raw/www.careerbuilderinstitute.com/images/subscription-background.gif' saved [724/724]

--2012-05-14 05:05:11--  http://www.careerbuilderinstitute.com/images/subscription-box-background.gif
Reusing existing connection to www.careerbuilderinstitute.com:80.
HTTP request sent, awaiting response... 200 OK
Length: 8070 (7.9K) [image/gif]
Saving to: `code/../crawls/careerbuilderinstitute.com/Privacy-Policy/raw/www.careerbuilderinstitute.com/images/subscription-box-background.gif'

     0K .......                                               100% 18.5M=0s

2012-05-14 05:05:11 (18.5 MB/s) - `code/../crawls/careerbuilderinstitute.com/Privacy-Policy/raw/www.careerbuilderinstitute.com/images/subscription-box-background.gif' saved [8070/8070]

--2012-05-14 05:05:11--  http://www.careerbuilderinstitute.com/images/subscription-checkmark.gif
Reusing existing connection to www.careerbuilderinstitute.com:80.
HTTP request sent, awaiting response... 200 OK
Length: 1125 (1.1K) [image/gif]
Saving to: `code/../crawls/careerbuilderinstitute.com/Privacy-Policy/raw/www.careerbuilderinstitute.com/images/subscription-checkmark.gif'

     0K .                                                     100%  187M=0s

2012-05-14 05:05:11 (187 MB/s) - `code/../crawls/careerbuilderinstitute.com/Privacy-Policy/raw/www.careerbuilderinstitute.com/images/subscription-checkmark.gif' saved [1125/1125]

--2012-05-14 05:05:11--  http://www.careerbuilderinstitute.com/images/intskills-promo-background.gif
Reusing existing connection to www.careerbuilderinstitute.com:80.
HTTP request sent, awaiting response... 200 OK
Length: 770 [image/gif]
Saving to: `code/../crawls/careerbuilderinstitute.com/Privacy-Policy/raw/www.careerbuilderinstitute.com/images/intskills-promo-background.gif'

     0K                                                       100%  129M=0s

2012-05-14 05:05:12 (129 MB/s) - `code/../crawls/careerbuilderinstitute.com/Privacy-Policy/raw/www.careerbuilderinstitute.com/images/intskills-promo-background.gif' saved [770/770]

--2012-05-14 05:05:12--  http://www.careerbuilderinstitute.com/images/promo-intskills-bottom.gif
Reusing existing connection to www.careerbuilderinstitute.com:80.
HTTP request sent, awaiting response... 200 OK
Length: 549 [image/gif]
Saving to: `code/../crawls/careerbuilderinstitute.com/Privacy-Policy/raw/www.careerbuilderinstitute.com/images/promo-intskills-bottom.gif'

     0K                                                       100% 95.6M=0s

2012-05-14 05:05:12 (95.6 MB/s) - `code/../crawls/careerbuilderinstitute.com/Privacy-Policy/raw/www.careerbuilderinstitute.com/images/promo-intskills-bottom.gif' saved [549/549]

--2012-05-14 05:05:12--  http://www.careerbuilderinstitute.com/images/intskills-promo-bgrnd.jpg
Reusing existing connection to www.careerbuilderinstitute.com:80.
HTTP request sent, awaiting response... 200 OK
Length: 37020 (36K) [image/jpeg]
Saving to: `code/../crawls/careerbuilderinstitute.com/Privacy-Policy/raw/www.careerbuilderinstitute.com/images/intskills-promo-bgrnd.jpg'

     0K .......... .......... .......... ......               100% 12.3M=0.003s

2012-05-14 05:05:12 (12.3 MB/s) - `code/../crawls/careerbuilderinstitute.com/Privacy-Policy/raw/www.careerbuilderinstitute.com/images/intskills-promo-bgrnd.jpg' saved [37020/37020]

--2012-05-14 05:05:12--  http://www.careerbuilderinstitute.com/images/sr-toolbar-background.gif
Reusing existing connection to www.careerbuilderinstitute.com:80.
HTTP request sent, awaiting response... 200 OK
Length: 150 [image/gif]
Saving to: `code/../crawls/careerbuilderinstitute.com/Privacy-Policy/raw/www.careerbuilderinstitute.com/images/sr-toolbar-background.gif'

     0K                                                       100% 25.6M=0s

2012-05-14 05:05:12 (25.6 MB/s) - `code/../crawls/careerbuilderinstitute.com/Privacy-Policy/raw/www.careerbuilderinstitute.com/images/sr-toolbar-background.gif' saved [150/150]

--2012-05-14 05:05:12--  http://www.careerbuilderinstitute.com/images/searchresults_backgroundgradient.gif
Reusing existing connection to www.careerbuilderinstitute.com:80.
HTTP request sent, awaiting response... 200 OK
Length: 529 [image/gif]
Saving to: `code/../crawls/careerbuilderinstitute.com/Privacy-Policy/raw/www.careerbuilderinstitute.com/images/searchresults_backgroundgradient.gif'

     0K                                                       100% 88.0M=0s

2012-05-14 05:05:12 (88.0 MB/s) - `code/../crawls/careerbuilderinstitute.com/Privacy-Policy/raw/www.careerbuilderinstitute.com/images/searchresults_backgroundgradient.gif' saved [529/529]

--2012-05-14 05:05:12--  http://www.careerbuilderinstitute.com/images/search-backarrow.gif
Reusing existing connection to www.careerbuilderinstitute.com:80.
HTTP request sent, awaiting response... 200 OK
Length: 118 [image/gif]
Saving to: `code/../crawls/careerbuilderinstitute.com/Privacy-Policy/raw/www.careerbuilderinstitute.com/images/search-backarrow.gif'

     0K                                                       100% 20.1M=0s

2012-05-14 05:05:12 (20.1 MB/s) - `code/../crawls/careerbuilderinstitute.com/Privacy-Policy/raw/www.careerbuilderinstitute.com/images/search-backarrow.gif' saved [118/118]

--2012-05-14 05:05:12--  http://www.careerbuilderinstitute.com/images/search-backarrow-hover.gif
Reusing existing connection to www.careerbuilderinstitute.com:80.
HTTP request sent, awaiting response... 200 OK
Length: 91 [image/gif]
Saving to: `code/../crawls/careerbuilderinstitute.com/Privacy-Policy/raw/www.careerbuilderinstitute.com/images/search-backarrow-hover.gif'

     0K                                                       100% 16.3M=0s

2012-05-14 05:05:12 (16.3 MB/s) - `code/../crawls/careerbuilderinstitute.com/Privacy-Policy/raw/www.careerbuilderinstitute.com/images/search-backarrow-hover.gif' saved [91/91]

--2012-05-14 05:05:12--  http://www.careerbuilderinstitute.com/images/search-nextarrow.gif
Reusing existing connection to www.careerbuilderinstitute.com:80.
HTTP request sent, awaiting response... 200 OK
Length: 466 [image/gif]
Saving to: `code/../crawls/careerbuilderinstitute.com/Privacy-Policy/raw/www.careerbuilderinstitute.com/images/search-nextarrow.gif'

     0K                                                       100% 80.7M=0s

2012-05-14 05:05:13 (80.7 MB/s) - `code/../crawls/careerbuilderinstitute.com/Privacy-Policy/raw/www.careerbuilderinstitute.com/images/search-nextarrow.gif' saved [466/466]

--2012-05-14 05:05:13--  http://www.careerbuilderinstitute.com/images/search-nextarrow-hover.gif
Reusing existing connection to www.careerbuilderinstitute.com:80.
HTTP request sent, awaiting response... 200 OK
Length: 466 [image/gif]
Saving to: `code/../crawls/careerbuilderinstitute.com/Privacy-Policy/raw/www.careerbuilderinstitute.com/images/search-nextarrow-hover.gif'

     0K                                                       100% 83.2M=0s

2012-05-14 05:05:13 (83.2 MB/s) - `code/../crawls/careerbuilderinstitute.com/Privacy-Policy/raw/www.careerbuilderinstitute.com/images/search-nextarrow-hover.gif' saved [466/466]

--2012-05-14 05:05:13--  http://www.careerbuilderinstitute.com/images/mail.gif
Reusing existing connection to www.careerbuilderinstitute.com:80.
HTTP request sent, awaiting response... 200 OK
Length: 303 [image/gif]
Saving to: `code/../crawls/careerbuilderinstitute.com/Privacy-Policy/raw/www.careerbuilderinstitute.com/images/mail.gif'

     0K                                                       100% 53.3M=0s

2012-05-14 05:05:13 (53.3 MB/s) - `code/../crawls/careerbuilderinstitute.com/Privacy-Policy/raw/www.careerbuilderinstitute.com/images/mail.gif' saved [303/303]

--2012-05-14 05:05:13--  http://www.careerbuilderinstitute.com/images/subpage_background_GS.gif
Reusing existing connection to www.careerbuilderinstitute.com:80.
HTTP request sent, awaiting response... 200 OK
Length: 244 [image/gif]
Saving to: `code/../crawls/careerbuilderinstitute.com/Privacy-Policy/raw/www.careerbuilderinstitute.com/images/subpage_background_GS.gif'

     0K                                                       100% 41.8M=0s

2012-05-14 05:05:13 (41.8 MB/s) - `code/../crawls/careerbuilderinstitute.com/Privacy-Policy/raw/www.careerbuilderinstitute.com/images/subpage_background_GS.gif' saved [244/244]

--2012-05-14 05:05:13--  http://www.careerbuilderinstitute.com/images/buynow_button.gif
Reusing existing connection to www.careerbuilderinstitute.com:80.
HTTP request sent, awaiting response... 200 OK
Length: 4160 (4.1K) [image/gif]
Saving to: `code/../crawls/careerbuilderinstitute.com/Privacy-Policy/raw/www.careerbuilderinstitute.com/images/buynow_button.gif'

     0K ....                                                  100% 22.5M=0s

2012-05-14 05:05:13 (22.5 MB/s) - `code/../crawls/careerbuilderinstitute.com/Privacy-Policy/raw/www.careerbuilderinstitute.com/images/buynow_button.gif' saved [4160/4160]

--2012-05-14 05:05:13--  http://www.careerbuilderinstitute.com/images/getstarted_button.gif
Reusing existing connection to www.careerbuilderinstitute.com:80.
HTTP request sent, awaiting response... 200 OK
Length: 2959 (2.9K) [image/gif]
Saving to: `code/../crawls/careerbuilderinstitute.com/Privacy-Policy/raw/www.careerbuilderinstitute.com/images/getstarted_button.gif'

     0K ..                                                    100% 52.7M=0s

2012-05-14 05:05:13 (52.7 MB/s) - `code/../crawls/careerbuilderinstitute.com/Privacy-Policy/raw/www.careerbuilderinstitute.com/images/getstarted_button.gif' saved [2959/2959]

--2012-05-14 05:05:13--  http://www.careerbuilderinstitute.com/images/visitfaq_button.gif
Reusing existing connection to www.careerbuilderinstitute.com:80.
HTTP request sent, awaiting response... 200 OK
Length: 3156 (3.1K) [image/gif]
Saving to: `code/../crawls/careerbuilderinstitute.com/Privacy-Policy/raw/www.careerbuilderinstitute.com/images/visitfaq_button.gif'

     0K ...                                                   100% 56.4M=0s

2012-05-14 05:05:13 (56.4 MB/s) - `code/../crawls/careerbuilderinstitute.com/Privacy-Policy/raw/www.careerbuilderinstitute.com/images/visitfaq_button.gif' saved [3156/3156]

--2012-05-14 05:05:13--  http://www.careerbuilderinstitute.com/images/login_background.gif
Reusing existing connection to www.careerbuilderinstitute.com:80.
HTTP request sent, awaiting response... 200 OK
Length: 7723 (7.5K) [image/gif]
Saving to: `code/../crawls/careerbuilderinstitute.com/Privacy-Policy/raw/www.careerbuilderinstitute.com/images/login_background.gif'

     0K .......                                               100% 16.9M=0s

2012-05-14 05:05:13 (16.9 MB/s) - `code/../crawls/careerbuilderinstitute.com/Privacy-Policy/raw/www.careerbuilderinstitute.com/images/login_background.gif' saved [7723/7723]

--2012-05-14 05:05:13--  http://www.careerbuilderinstitute.com/images/purchase_button.gif
Reusing existing connection to www.careerbuilderinstitute.com:80.
HTTP request sent, awaiting response... 200 OK
Length: 2048 (2.0K) [image/gif]
Saving to: `code/../crawls/careerbuilderinstitute.com/Privacy-Policy/raw/www.careerbuilderinstitute.com/images/purchase_button.gif'

     0K ..                                                    100%  283M=0s

2012-05-14 05:05:13 (283 MB/s) - `code/../crawls/careerbuilderinstitute.com/Privacy-Policy/raw/www.careerbuilderinstitute.com/images/purchase_button.gif' saved [2048/2048]

--2012-05-14 05:05:13--  http://www.careerbuilderinstitute.com/images/purchase_button_hover.gif
Reusing existing connection to www.careerbuilderinstitute.com:80.
HTTP request sent, awaiting response... 200 OK
Length: 2034 (2.0K) [image/gif]
Saving to: `code/../crawls/careerbuilderinstitute.com/Privacy-Policy/raw/www.careerbuilderinstitute.com/images/purchase_button_hover.gif'

     0K .                                                     100%  292M=0s

2012-05-14 05:05:13 (292 MB/s) - `code/../crawls/careerbuilderinstitute.com/Privacy-Policy/raw/www.careerbuilderinstitute.com/images/purchase_button_hover.gif' saved [2034/2034]

--2012-05-14 05:05:13--  http://www.careerbuilderinstitute.com/images/toc.gif
Reusing existing connection to www.careerbuilderinstitute.com:80.
HTTP request sent, awaiting response... 200 OK
Length: 328 [image/gif]
Saving to: `code/../crawls/careerbuilderinstitute.com/Privacy-Policy/raw/www.careerbuilderinstitute.com/images/toc.gif'

     0K                                                       100% 57.1M=0s

2012-05-14 05:05:13 (57.1 MB/s) - `code/../crawls/careerbuilderinstitute.com/Privacy-Policy/raw/www.careerbuilderinstitute.com/images/toc.gif' saved [328/328]

--2012-05-14 05:05:13--  http://www.careerbuilderinstitute.com/images/product-icon.gif
Reusing existing connection to www.careerbuilderinstitute.com:80.
HTTP request sent, awaiting response... 200 OK
Length: 346 [image/gif]
Saving to: `code/../crawls/careerbuilderinstitute.com/Privacy-Policy/raw/www.careerbuilderinstitute.com/images/product-icon.gif'

     0K                                                       100% 62.6M=0s

2012-05-14 05:05:13 (62.6 MB/s) - `code/../crawls/careerbuilderinstitute.com/Privacy-Policy/raw/www.careerbuilderinstitute.com/images/product-icon.gif' saved [346/346]

--2012-05-14 05:05:13--  http://www.careerbuilderinstitute.com/images/subcourse_arrow.gif
Reusing existing connection to www.careerbuilderinstitute.com:80.
HTTP request sent, awaiting response... 200 OK
Length: 65 [image/gif]
Saving to: `code/../crawls/careerbuilderinstitute.com/Privacy-Policy/raw/www.careerbuilderinstitute.com/images/subcourse_arrow.gif'

     0K                                                       100% 11.9M=0s

2012-05-14 05:05:14 (11.9 MB/s) - `code/../crawls/careerbuilderinstitute.com/Privacy-Policy/raw/www.careerbuilderinstitute.com/images/subcourse_arrow.gif' saved [65/65]

--2012-05-14 05:05:14--  http://www.careerbuilderinstitute.com/images/bodygradient.gif
Reusing existing connection to www.careerbuilderinstitute.com:80.
HTTP request sent, awaiting response... 200 OK
Length: 1232 (1.2K) [image/gif]
Saving to: `code/../crawls/careerbuilderinstitute.com/Privacy-Policy/raw/www.careerbuilderinstitute.com/images/bodygradient.gif'

     0K .                                                     100%  181M=0s

2012-05-14 05:05:14 (181 MB/s) - `code/../crawls/careerbuilderinstitute.com/Privacy-Policy/raw/www.careerbuilderinstitute.com/images/bodygradient.gif' saved [1232/1232]

--2012-05-14 05:05:14--  http://www.careerbuilderinstitute.com/images/contentshadow.gif
Reusing existing connection to www.careerbuilderinstitute.com:80.
HTTP request sent, awaiting response... 200 OK
Length: 94 [image/gif]
Saving to: `code/../crawls/careerbuilderinstitute.com/Privacy-Policy/raw/www.careerbuilderinstitute.com/images/contentshadow.gif'

     0K                                                       100% 16.8M=0s

2012-05-14 05:05:14 (16.8 MB/s) - `code/../crawls/careerbuilderinstitute.com/Privacy-Policy/raw/www.careerbuilderinstitute.com/images/contentshadow.gif' saved [94/94]

--2012-05-14 05:05:14--  http://www.careerbuilderinstitute.com/images/login-gradient.gif
Reusing existing connection to www.careerbuilderinstitute.com:80.
HTTP request sent, awaiting response... 200 OK
Length: 46 [image/gif]
Saving to: `code/../crawls/careerbuilderinstitute.com/Privacy-Policy/raw/www.careerbuilderinstitute.com/images/login-gradient.gif'

     0K                                                       100% 8.37M=0s

2012-05-14 05:05:14 (8.37 MB/s) - `code/../crawls/careerbuilderinstitute.com/Privacy-Policy/raw/www.careerbuilderinstitute.com/images/login-gradient.gif' saved [46/46]

--2012-05-14 05:05:14--  http://www.careerbuilderinstitute.com/images/password_form.gif
Reusing existing connection to www.careerbuilderinstitute.com:80.
HTTP request sent, awaiting response... 200 OK
Length: 298 [image/gif]
Saving to: `code/../crawls/careerbuilderinstitute.com/Privacy-Policy/raw/www.careerbuilderinstitute.com/images/password_form.gif'

     0K                                                       100% 54.3M=0s

2012-05-14 05:05:14 (54.3 MB/s) - `code/../crawls/careerbuilderinstitute.com/Privacy-Policy/raw/www.careerbuilderinstitute.com/images/password_form.gif' saved [298/298]

--2012-05-14 05:05:14--  http://www.careerbuilderinstitute.com/images/headeradbackground.gif
Reusing existing connection to www.careerbuilderinstitute.com:80.
HTTP request sent, awaiting response... 200 OK
Length: 976 [image/gif]
Saving to: `code/../crawls/careerbuilderinstitute.com/Privacy-Policy/raw/www.careerbuilderinstitute.com/images/headeradbackground.gif'

     0K                                                       100%  172M=0s

2012-05-14 05:05:14 (172 MB/s) - `code/../crawls/careerbuilderinstitute.com/Privacy-Policy/raw/www.careerbuilderinstitute.com/images/headeradbackground.gif' saved [976/976]

--2012-05-14 05:05:14--  http://www.careerbuilderinstitute.com/images/navigationgradient.gif
Reusing existing connection to www.careerbuilderinstitute.com:80.
HTTP request sent, awaiting response... 200 OK
Length: 176 [image/gif]
Saving to: `code/../crawls/careerbuilderinstitute.com/Privacy-Policy/raw/www.careerbuilderinstitute.com/images/navigationgradient.gif'

     0K                                                       100% 30.3M=0s

2012-05-14 05:05:14 (30.3 MB/s) - `code/../crawls/careerbuilderinstitute.com/Privacy-Policy/raw/www.careerbuilderinstitute.com/images/navigationgradient.gif' saved [176/176]

--2012-05-14 05:05:14--  http://www.careerbuilderinstitute.com/images/navigationhover.gif
Reusing existing connection to www.careerbuilderinstitute.com:80.
HTTP request sent, awaiting response... 200 OK
Length: 153 [image/gif]
Saving to: `code/../crawls/careerbuilderinstitute.com/Privacy-Policy/raw/www.careerbuilderinstitute.com/images/navigationhover.gif'

     0K                                                       100% 27.3M=0s

2012-05-14 05:05:14 (27.3 MB/s) - `code/../crawls/careerbuilderinstitute.com/Privacy-Policy/raw/www.careerbuilderinstitute.com/images/navigationhover.gif' saved [153/153]

--2012-05-14 05:05:14--  http://www.careerbuilderinstitute.com/images/navigationselected.gif
Reusing existing connection to www.careerbuilderinstitute.com:80.
HTTP request sent, awaiting response... 200 OK
Length: 260 [image/gif]
Saving to: `code/../crawls/careerbuilderinstitute.com/Privacy-Policy/raw/www.careerbuilderinstitute.com/images/navigationselected.gif'

     0K                                                       100% 43.8M=0s

2012-05-14 05:05:14 (43.8 MB/s) - `code/../crawls/careerbuilderinstitute.com/Privacy-Policy/raw/www.careerbuilderinstitute.com/images/navigationselected.gif' saved [260/260]

--2012-05-14 05:05:14--  http://www.careerbuilderinstitute.com/images/contentgradient.gif
Reusing existing connection to www.careerbuilderinstitute.com:80.
HTTP request sent, awaiting response... 200 OK
Length: 1200 (1.2K) [image/gif]
Saving to: `code/../crawls/careerbuilderinstitute.com/Privacy-Policy/raw/www.careerbuilderinstitute.com/images/contentgradient.gif'

     0K .                                                     100%  181M=0s

2012-05-14 05:05:14 (181 MB/s) - `code/../crawls/careerbuilderinstitute.com/Privacy-Policy/raw/www.careerbuilderinstitute.com/images/contentgradient.gif' saved [1200/1200]

--2012-05-14 05:05:14--  http://www.careerbuilderinstitute.com/images/footershadow.gif
Reusing existing connection to www.careerbuilderinstitute.com:80.
HTTP request sent, awaiting response... 200 OK
Length: 96 [image/gif]
Saving to: `code/../crawls/careerbuilderinstitute.com/Privacy-Policy/raw/www.careerbuilderinstitute.com/images/footershadow.gif'

     0K                                                       100% 17.9M=0s

2012-05-14 05:05:14 (17.9 MB/s) - `code/../crawls/careerbuilderinstitute.com/Privacy-Policy/raw/www.careerbuilderinstitute.com/images/footershadow.gif' saved [96/96]

--2012-05-14 05:05:14--  http://www.careerbuilderinstitute.com/images/emp-switchsites.gif
Reusing existing connection to www.careerbuilderinstitute.com:80.
HTTP request sent, awaiting response... 200 OK
Length: 149 [image/gif]
Saving to: `code/../crawls/careerbuilderinstitute.com/Privacy-Policy/raw/www.careerbuilderinstitute.com/images/emp-switchsites.gif'

     0K                                                       100% 27.1M=0s

2012-05-14 05:05:14 (27.1 MB/s) - `code/../crawls/careerbuilderinstitute.com/Privacy-Policy/raw/www.careerbuilderinstitute.com/images/emp-switchsites.gif' saved [149/149]

--2012-05-14 05:05:14--  http://www.careerbuilderinstitute.com/images/emp-switchsiteshover.gif
Reusing existing connection to www.careerbuilderinstitute.com:80.
HTTP request sent, awaiting response... 200 OK
Length: 149 [image/gif]
Saving to: `code/../crawls/careerbuilderinstitute.com/Privacy-Policy/raw/www.careerbuilderinstitute.com/images/emp-switchsiteshover.gif'

     0K                                                       100% 22.1M=0s

2012-05-14 05:05:15 (22.1 MB/s) - `code/../crawls/careerbuilderinstitute.com/Privacy-Policy/raw/www.careerbuilderinstitute.com/images/emp-switchsiteshover.gif' saved [149/149]

--2012-05-14 05:05:15--  http://www.careerbuilderinstitute.com/images/buttonstatic.gif
Reusing existing connection to www.careerbuilderinstitute.com:80.
HTTP request sent, awaiting response... 200 OK
Length: 146 [image/gif]
Saving to: `code/../crawls/careerbuilderinstitute.com/Privacy-Policy/raw/www.careerbuilderinstitute.com/images/buttonstatic.gif'

     0K                                                       100% 26.7M=0s

2012-05-14 05:05:15 (26.7 MB/s) - `code/../crawls/careerbuilderinstitute.com/Privacy-Policy/raw/www.careerbuilderinstitute.com/images/buttonstatic.gif' saved [146/146]

--2012-05-14 05:05:15--  http://www.careerbuilderinstitute.com/images/buttonhover.gif
Reusing existing connection to www.careerbuilderinstitute.com:80.
HTTP request sent, awaiting response... 200 OK
Length: 146 [image/gif]
Saving to: `code/../crawls/careerbuilderinstitute.com/Privacy-Policy/raw/www.careerbuilderinstitute.com/images/buttonhover.gif'

     0K                                                       100% 26.8M=0s

2012-05-14 05:05:15 (26.8 MB/s) - `code/../crawls/careerbuilderinstitute.com/Privacy-Policy/raw/www.careerbuilderinstitute.com/images/buttonhover.gif' saved [146/146]

--2012-05-14 05:05:15--  http://www.careerbuilderinstitute.com/images/bluebuttonstatic.gif
Reusing existing connection to www.careerbuilderinstitute.com:80.
HTTP request sent, awaiting response... 200 OK
Length: 146 [image/gif]
Saving to: `code/../crawls/careerbuilderinstitute.com/Privacy-Policy/raw/www.careerbuilderinstitute.com/images/bluebuttonstatic.gif'

     0K                                                       100% 26.9M=0s

2012-05-14 05:05:15 (26.9 MB/s) - `code/../crawls/careerbuilderinstitute.com/Privacy-Policy/raw/www.careerbuilderinstitute.com/images/bluebuttonstatic.gif' saved [146/146]

--2012-05-14 05:05:15--  http://www.careerbuilderinstitute.com/images/bluebuttonhover.gif
Reusing existing connection to www.careerbuilderinstitute.com:80.
HTTP request sent, awaiting response... 200 OK
Length: 146 [image/gif]
Saving to: `code/../crawls/careerbuilderinstitute.com/Privacy-Policy/raw/www.careerbuilderinstitute.com/images/bluebuttonhover.gif'

     0K                                                       100% 26.7M=0s

2012-05-14 05:05:15 (26.7 MB/s) - `code/../crawls/careerbuilderinstitute.com/Privacy-Policy/raw/www.careerbuilderinstitute.com/images/bluebuttonhover.gif' saved [146/146]

--2012-05-14 05:05:15--  http://www.careerbuilderinstitute.com/images/smbluearrow.gif
Reusing existing connection to www.careerbuilderinstitute.com:80.
HTTP request sent, awaiting response... 200 OK
Length: 116 [image/gif]
Saving to: `code/../crawls/careerbuilderinstitute.com/Privacy-Policy/raw/www.careerbuilderinstitute.com/images/smbluearrow.gif'

     0K                                                       100% 20.6M=0s

2012-05-14 05:05:15 (20.6 MB/s) - `code/../crawls/careerbuilderinstitute.com/Privacy-Policy/raw/www.careerbuilderinstitute.com/images/smbluearrow.gif' saved [116/116]

--2012-05-14 05:05:15--  http://www.careerbuilderinstitute.com/images/smorangearrow.gif
Reusing existing connection to www.careerbuilderinstitute.com:80.
HTTP request sent, awaiting response... 200 OK
Length: 117 [image/gif]
Saving to: `code/../crawls/careerbuilderinstitute.com/Privacy-Policy/raw/www.careerbuilderinstitute.com/images/smorangearrow.gif'

     0K                                                       100% 20.2M=0s

2012-05-14 05:05:15 (20.2 MB/s) - `code/../crawls/careerbuilderinstitute.com/Privacy-Policy/raw/www.careerbuilderinstitute.com/images/smorangearrow.gif' saved [117/117]

--2012-05-14 05:05:15--  http://www.careerbuilderinstitute.com/images/bulletarrow.gif
Reusing existing connection to www.careerbuilderinstitute.com:80.
HTTP request sent, awaiting response... 200 OK
Length: 111 [image/gif]
Saving to: `code/../crawls/careerbuilderinstitute.com/Privacy-Policy/raw/www.careerbuilderinstitute.com/images/bulletarrow.gif'

     0K                                                       100% 17.9M=0s

2012-05-14 05:05:15 (17.9 MB/s) - `code/../crawls/careerbuilderinstitute.com/Privacy-Policy/raw/www.careerbuilderinstitute.com/images/bulletarrow.gif' saved [111/111]

--2012-05-14 05:05:15--  http://www.careerbuilderinstitute.com/images/separatorline.gif
Reusing existing connection to www.careerbuilderinstitute.com:80.
HTTP request sent, awaiting response... 200 OK
Length: 43 [image/gif]
Saving to: `code/../crawls/careerbuilderinstitute.com/Privacy-Policy/raw/www.careerbuilderinstitute.com/images/separatorline.gif'

     0K                                                       100% 7.40M=0s

2012-05-14 05:05:15 (7.40 MB/s) - `code/../crawls/careerbuilderinstitute.com/Privacy-Policy/raw/www.careerbuilderinstitute.com/images/separatorline.gif' saved [43/43]

FINISHED --2012-05-14 05:05:15--
Total wall clock time: 10s
Downloaded: 105 files, 499K in 0.6s (860 KB/s)
Converting code/../crawls/careerbuilderinstitute.com/Privacy-Policy/raw/www.careerbuilderinstitute.com/pages/Privacy.aspx.html... 39-30
Converting code/../crawls/careerbuilderinstitute.com/Privacy-Policy/raw/www.careerbuilderinstitute.com/App_Themes/CBI/homepage.css... 20-0
Converting code/../crawls/careerbuilderinstitute.com/Privacy-Policy/raw/www.careerbuilderinstitute.com/App_Themes/Default/text.css... nothing to do.
Converting code/../crawls/careerbuilderinstitute.com/Privacy-Policy/raw/www.careerbuilderinstitute.com/App_Themes/CBI/login.css... nothing to do.
Converting code/../crawls/careerbuilderinstitute.com/Privacy-Policy/raw/www.careerbuilderinstitute.com/App_Themes/CBI/layout.css... 15-0
Converting code/../crawls/careerbuilderinstitute.com/Privacy-Policy/raw/www.careerbuilderinstitute.com/App_Themes/CBI/admin.css... nothing to do.
Converting code/../crawls/careerbuilderinstitute.com/Privacy-Policy/raw/www.careerbuilderinstitute.com/App_Themes/CBI/CatalogItemEditor.css... nothing to do.
Converting code/../crawls/careerbuilderinstitute.com/Privacy-Policy/raw/www.careerbuilderinstitute.com/App_Themes/CBI/UserControls.css... nothing to do.
Converting code/../crawls/careerbuilderinstitute.com/Privacy-Policy/raw/www.careerbuilderinstitute.com/App_Themes/CBI/internal.css... 46-0
Converting code/../crawls/careerbuilderinstitute.com/Privacy-Policy/raw/www.careerbuilderinstitute.com/App_Themes/CBI/text.css... 14-0
Converting code/../crawls/careerbuilderinstitute.com/Privacy-Policy/raw/www.careerbuilderinstitute.com/App_Themes/CBI/UserAdminStyles.css... 4-0
Converting code/../crawls/careerbuilderinstitute.com/Privacy-Policy/raw/www.careerbuilderinstitute.com/App_Themes/CBI/fix.css... nothing to do.
Converting code/../crawls/careerbuilderinstitute.com/Privacy-Policy/raw/www.careerbuilderinstitute.com/App_Themes/CBI/AssociationManager.css... nothing to do.
Converted 13 files in 0.01 seconds.
