--2012-04-15 09:17:34--  http://www.replacements.com/privacy.htm
Resolving www.replacements.com... 216.27.74.215
Connecting to www.replacements.com|216.27.74.215|:80... connected.
HTTP request sent, awaiting response... 200 OK
Length: 19822 (19K) [text/html]
Saving to: `code/../crawls/replacements.com/Privacy-Policy/raw/www.replacements.com/privacy.htm'

     0K .......... .........                                  100% 93.4K=0.2s

2012-04-15 09:17:37 (93.4 KB/s) - `code/../crawls/replacements.com/Privacy-Policy/raw/www.replacements.com/privacy.htm' saved [19822/19822]

--2012-04-15 09:17:37--  http://www.replacements.com/rplcss.css
Reusing existing connection to www.replacements.com:80.
HTTP request sent, awaiting response... 200 OK
Length: 12064 (12K) [text/css]
Saving to: `code/../crawls/replacements.com/Privacy-Policy/raw/www.replacements.com/rplcss.css'

     0K .......... .                                          100%  159K=0.07s

2012-04-15 09:17:37 (159 KB/s) - `code/../crawls/replacements.com/Privacy-Policy/raw/www.replacements.com/rplcss.css' saved [12064/12064]

--2012-04-15 09:17:37--  http://www.replacements.com/js/coosource.js
Reusing existing connection to www.replacements.com:80.
HTTP request sent, awaiting response... 200 OK
Length: 16981 (17K) [application/x-javascript]
Saving to: `code/../crawls/replacements.com/Privacy-Policy/raw/www.replacements.com/js/coosource.js'

     0K .......... ......                                     100% 8.30M=0.002s

2012-04-15 09:17:37 (8.30 MB/s) - `code/../crawls/replacements.com/Privacy-Policy/raw/www.replacements.com/js/coosource.js' saved [16981/16981]

--2012-04-15 09:17:37--  http://www.replacements.com/images/logoform.gif
Reusing existing connection to www.replacements.com:80.
HTTP request sent, awaiting response... 200 OK
Length: 8669 (8.5K) [image/gif]
Saving to: `code/../crawls/replacements.com/Privacy-Policy/raw/www.replacements.com/images/logoform.gif'

     0K ........                                              100% 10.8M=0.001s

2012-04-15 09:17:37 (10.8 MB/s) - `code/../crawls/replacements.com/Privacy-Policy/raw/www.replacements.com/images/logoform.gif' saved [8669/8669]

--2012-04-15 09:17:37--  http://www.replacements.com/images/plates2s.gif
Reusing existing connection to www.replacements.com:80.
HTTP request sent, awaiting response... 200 OK
Length: 6277 (6.1K) [image/gif]
Saving to: `code/../crawls/replacements.com/Privacy-Policy/raw/www.replacements.com/images/plates2s.gif'

     0K ......                                                100% 8.33M=0.001s

2012-04-15 09:17:37 (8.33 MB/s) - `code/../crawls/replacements.com/Privacy-Policy/raw/www.replacements.com/images/plates2s.gif' saved [6277/6277]

--2012-04-15 09:17:37--  http://www.replacements.com/images/registration.gif
Reusing existing connection to www.replacements.com:80.
HTTP request sent, awaiting response... 200 OK
Length: 1035 (1.0K) [image/gif]
Saving to: `code/../crawls/replacements.com/Privacy-Policy/raw/www.replacements.com/images/registration.gif'

     0K .                                                     100%  182M=0s

2012-04-15 09:17:37 (182 MB/s) - `code/../crawls/replacements.com/Privacy-Policy/raw/www.replacements.com/images/registration.gif' saved [1035/1035]

--2012-04-15 09:17:37--  http://www.replacements.com/images/envelope.gif
Reusing existing connection to www.replacements.com:80.
HTTP request sent, awaiting response... 200 OK
Length: 1205 (1.2K) [image/gif]
Saving to: `code/../crawls/replacements.com/Privacy-Policy/raw/www.replacements.com/images/envelope.gif'

     0K .                                                     100%  183M=0s

2012-04-15 09:17:37 (183 MB/s) - `code/../crawls/replacements.com/Privacy-Policy/raw/www.replacements.com/images/envelope.gif' saved [1205/1205]

--2012-04-15 09:17:37--  http://www.replacements.com/images/greycart.gif
Reusing existing connection to www.replacements.com:80.
HTTP request sent, awaiting response... 200 OK
Length: 100 [image/gif]
Saving to: `code/../crawls/replacements.com/Privacy-Policy/raw/www.replacements.com/images/greycart.gif'

     0K                                                       100% 17.7M=0s

2012-04-15 09:17:37 (17.7 MB/s) - `code/../crawls/replacements.com/Privacy-Policy/raw/www.replacements.com/images/greycart.gif' saved [100/100]

--2012-04-15 09:17:37--  http://www.replacements.com/images/search.gif
Reusing existing connection to www.replacements.com:80.
HTTP request sent, awaiting response... 200 OK
Length: 811 [image/gif]
Saving to: `code/../crawls/replacements.com/Privacy-Policy/raw/www.replacements.com/images/search.gif'

     0K                                                       100%  144M=0s

2012-04-15 09:17:38 (144 MB/s) - `code/../crawls/replacements.com/Privacy-Policy/raw/www.replacements.com/images/search.gif' saved [811/811]

--2012-04-15 09:17:38--  http://www.replacements.com/images/tabs/map/mainmap_7mar01_1403_trim.gif
Reusing existing connection to www.replacements.com:80.
HTTP request sent, awaiting response... 200 OK
Length: 4582 (4.5K) [image/gif]
Saving to: `code/../crawls/replacements.com/Privacy-Policy/raw/www.replacements.com/images/tabs/map/mainmap_7mar01_1403_trim.gif'

     0K ....                                                  100% 46.6M=0s

2012-04-15 09:17:38 (46.6 MB/s) - `code/../crawls/replacements.com/Privacy-Policy/raw/www.replacements.com/images/tabs/map/mainmap_7mar01_1403_trim.gif' saved [4582/4582]

--2012-04-15 09:17:38--  http://www.replacements.com/images/tabs/bg.gif
Reusing existing connection to www.replacements.com:80.
HTTP request sent, awaiting response... 200 OK
Length: 167 [image/gif]
Saving to: `code/../crawls/replacements.com/Privacy-Policy/raw/www.replacements.com/images/tabs/bg.gif'

     0K                                                       100% 29.4M=0s

2012-04-15 09:17:38 (29.4 MB/s) - `code/../crawls/replacements.com/Privacy-Policy/raw/www.replacements.com/images/tabs/bg.gif' saved [167/167]

--2012-04-15 09:17:38--  http://www.replacements.com/images/bbb.png
Reusing existing connection to www.replacements.com:80.
HTTP request sent, awaiting response... 200 OK
Length: 59370 (58K) [image/png]
Saving to: `code/../crawls/replacements.com/Privacy-Policy/raw/www.replacements.com/images/bbb.png'

     0K .......... .......... .......... .......... .......... 86%  679K 0s
    50K .......                                               100% 3.29M=0.08s

2012-04-15 09:17:38 (763 KB/s) - `code/../crawls/replacements.com/Privacy-Policy/raw/www.replacements.com/images/bbb.png' saved [59370/59370]

FINISHED --2012-04-15 09:17:38--
Total wall clock time: 3.5s
Downloaded: 12 files, 128K in 0.4s (355 KB/s)
Converting code/../crawls/replacements.com/Privacy-Policy/raw/www.replacements.com/privacy.htm... 14-29
Converting code/../crawls/replacements.com/Privacy-Policy/raw/www.replacements.com/rplcss.css... nothing to do.
Converted 2 files in 0.001 seconds.
