--2012-05-14 05:06:32--  http://www.sfgate.com/pages/privacy/
Resolving www.sfgate.com... 66.35.240.8
Connecting to www.sfgate.com|66.35.240.8|:80... connected.
HTTP request sent, awaiting response... 200 OK
Length: unspecified [text/html]
Saving to: `code/../crawls/sfgate.com/Privacy-Policy/raw/www.sfgate.com/pages/privacy/index.html'

     0K .......... .......... .......... .......... .......... 3.97M
    50K .......... .......                                     6.86M=0.01s

2012-05-14 05:06:32 (4.45 MB/s) - `code/../crawls/sfgate.com/Privacy-Policy/raw/www.sfgate.com/pages/privacy/index.html' saved [69203]

--2012-05-14 05:06:32--  http://imgs.sfgate.com/widgets/sitewide/css/sitewide.css
Resolving imgs.sfgate.com... 206.160.170.16, 206.160.170.58
Connecting to imgs.sfgate.com|206.160.170.16|:80... connected.
HTTP request sent, awaiting response... 200 OK
Length: unspecified [text/css]
Saving to: `code/../crawls/sfgate.com/Privacy-Policy/raw/imgs.sfgate.com/widgets/sitewide/css/sitewide.css'

     0K .......... .......... .......... .....                 5.40M=0.006s

2012-05-14 05:06:32 (5.40 MB/s) - `code/../crawls/sfgate.com/Privacy-Policy/raw/imgs.sfgate.com/widgets/sitewide/css/sitewide.css' saved [36362]

--2012-05-14 05:06:32--  http://imgs.sfgate.com/css/contentmodules/topmost.css
Reusing existing connection to imgs.sfgate.com:80.
HTTP request sent, awaiting response... 200 OK
Length: 1398 (1.4K) [text/css]
Saving to: `code/../crawls/sfgate.com/Privacy-Policy/raw/imgs.sfgate.com/css/contentmodules/topmost.css'

     0K .                                                     100%  194M=0s

2012-05-14 05:06:32 (194 MB/s) - `code/../crawls/sfgate.com/Privacy-Policy/raw/imgs.sfgate.com/css/contentmodules/topmost.css' saved [1398/1398]

--2012-05-14 05:06:32--  http://imgs.sfgate.com/jobs/style/topjobs.css
Reusing existing connection to imgs.sfgate.com:80.
HTTP request sent, awaiting response... 200 OK
Length: 2092 (2.0K) [text/css]
Saving to: `code/../crawls/sfgate.com/Privacy-Policy/raw/imgs.sfgate.com/jobs/style/topjobs.css'

     0K ..                                                    100%  284M=0s

2012-05-14 05:06:32 (284 MB/s) - `code/../crawls/sfgate.com/Privacy-Policy/raw/imgs.sfgate.com/jobs/style/topjobs.css' saved [2092/2092]

--2012-05-14 05:06:32--  http://imgs.sfgate.com/css/contentmodules/textads.css
Reusing existing connection to imgs.sfgate.com:80.
HTTP request sent, awaiting response... 200 OK
Length: 952 [text/css]
Saving to: `code/../crawls/sfgate.com/Privacy-Policy/raw/imgs.sfgate.com/css/contentmodules/textads.css'

     0K                                                       100%  161M=0s

2012-05-14 05:06:32 (161 MB/s) - `code/../crawls/sfgate.com/Privacy-Policy/raw/imgs.sfgate.com/css/contentmodules/textads.css' saved [952/952]

--2012-05-14 05:06:32--  http://www.sfgate.com/css/company/style.css
Connecting to www.sfgate.com|66.35.240.8|:80... connected.
HTTP request sent, awaiting response... 200 OK
Length: 3924 (3.8K) [text/css]
Saving to: `code/../crawls/sfgate.com/Privacy-Policy/raw/www.sfgate.com/css/company/style.css'

     0K ...                                                   100%  442M=0s

2012-05-14 05:06:32 (442 MB/s) - `code/../crawls/sfgate.com/Privacy-Policy/raw/www.sfgate.com/css/company/style.css' saved [3924/3924]

--2012-05-14 05:06:32--  http://www.sfgate.com/css/contentmodules/ysm001.css
Connecting to www.sfgate.com|66.35.240.8|:80... connected.
HTTP request sent, awaiting response... 200 OK
Length: 2470 (2.4K) [text/css]
Saving to: `code/../crawls/sfgate.com/Privacy-Policy/raw/www.sfgate.com/css/contentmodules/ysm001.css'

     0K ..                                                    100% 37.5M=0s

2012-05-14 05:06:32 (37.5 MB/s) - `code/../crawls/sfgate.com/Privacy-Policy/raw/www.sfgate.com/css/contentmodules/ysm001.css' saved [2470/2470]

--2012-05-14 05:06:32--  http://imgs.sfgate.com/js1333134803/sitewide/js/sitewide.js
Reusing existing connection to imgs.sfgate.com:80.
HTTP request sent, awaiting response... 200 OK
Length: 14602 (14K) [text/javascript]
Saving to: `code/../crawls/sfgate.com/Privacy-Policy/raw/imgs.sfgate.com/js1333134803/sitewide/js/sitewide.js'

     0K .......... ....                                       100% 15.2M=0.001s

2012-05-14 05:06:32 (15.2 MB/s) - `code/../crawls/sfgate.com/Privacy-Policy/raw/imgs.sfgate.com/js1333134803/sitewide/js/sitewide.js' saved [14602/14602]

--2012-05-14 05:06:32--  http://imgs.sfgate.com/js1223403062/yld/js/yld_global.js
Reusing existing connection to imgs.sfgate.com:80.
HTTP request sent, awaiting response... 200 OK
Length: 1498 (1.5K) [text/javascript]
Saving to: `code/../crawls/sfgate.com/Privacy-Policy/raw/imgs.sfgate.com/js1223403062/yld/js/yld_global.js'

     0K .                                                     100%  224M=0s

2012-05-14 05:06:32 (224 MB/s) - `code/../crawls/sfgate.com/Privacy-Policy/raw/imgs.sfgate.com/js1223403062/yld/js/yld_global.js' saved [1498/1498]

--2012-05-14 05:06:32--  http://e.yieldmanager.net/script.js
Resolving e.yieldmanager.net... 98.137.88.34, 98.137.88.35, 98.137.88.36, ...
Connecting to e.yieldmanager.net|98.137.88.34|:80... connected.
HTTP request sent, awaiting response... 200 OK
Length: 6042 (5.9K) [application/x-javascript]
Saving to: `code/../crawls/sfgate.com/Privacy-Policy/raw/e.yieldmanager.net/script.js'

     0K .....                                                 100% 2.25M=0.003s

2012-05-14 05:06:32 (2.25 MB/s) - `code/../crawls/sfgate.com/Privacy-Policy/raw/e.yieldmanager.net/script.js' saved [6042/6042]

--2012-05-14 05:06:32--  http://imgs.sfgate.com/js/omniture/s_code.js
Connecting to imgs.sfgate.com|206.160.170.16|:80... connected.
HTTP request sent, awaiting response... 200 OK
Length: unspecified [text/javascript]
Saving to: `code/../crawls/sfgate.com/Privacy-Policy/raw/imgs.sfgate.com/js/omniture/s_code.js'

     0K .......... .......... .......... ...                   5.66M=0.006s

2012-05-14 05:06:32 (5.66 MB/s) - `code/../crawls/sfgate.com/Privacy-Policy/raw/imgs.sfgate.com/js/omniture/s_code.js' saved [34233]

--2012-05-14 05:06:32--  http://ajax.googleapis.com/ajax/libs/jquery/1.6.2/jquery.min.js
Resolving ajax.googleapis.com... 173.194.79.95
Connecting to ajax.googleapis.com|173.194.79.95|:80... connected.
HTTP request sent, awaiting response... 200 OK
Length: unspecified [text/javascript]
Saving to: `code/../crawls/sfgate.com/Privacy-Policy/raw/ajax.googleapis.com/ajax/libs/jquery/1.6.2/jquery.min.js'

     0K .......... .......... .......... .......... ..........  707K
    50K .......... .......... .......... .........             1.63M=0.09s

2012-05-14 05:06:32 (947 KB/s) - `code/../crawls/sfgate.com/Privacy-Policy/raw/ajax.googleapis.com/ajax/libs/jquery/1.6.2/jquery.min.js' saved [91556]

--2012-05-14 05:06:32--  http://imgs.sfgate.com/graphics/search/searchbar_btn.gif
Connecting to imgs.sfgate.com|206.160.170.16|:80... connected.
HTTP request sent, awaiting response... 200 OK
Length: 799 [image/gif]
Saving to: `code/../crawls/sfgate.com/Privacy-Policy/raw/imgs.sfgate.com/graphics/search/searchbar_btn.gif'

     0K                                                       100%  126M=0s

2012-05-14 05:06:32 (126 MB/s) - `code/../crawls/sfgate.com/Privacy-Policy/raw/imgs.sfgate.com/graphics/search/searchbar_btn.gif' saved [799/799]

--2012-05-14 05:06:32--  http://imgs.sfgate.com/data/statics/partners/target/target_weekly_ad_animated.gif
Reusing existing connection to imgs.sfgate.com:80.
HTTP request sent, awaiting response... 200 OK
Length: 32294 (32K) [image/gif]
Saving to: `code/../crawls/sfgate.com/Privacy-Policy/raw/imgs.sfgate.com/data/statics/partners/target/target_weekly_ad_animated.gif'

     0K .......... .......... .......... .                    100% 4.37M=0.007s

2012-05-14 05:06:32 (4.37 MB/s) - `code/../crawls/sfgate.com/Privacy-Policy/raw/imgs.sfgate.com/data/statics/partners/target/target_weekly_ad_animated.gif' saved [32294/32294]

--2012-05-14 05:06:32--  http://imgs.sfgate.com/graphics/sitenav/sub_dontmiss.gif
Reusing existing connection to imgs.sfgate.com:80.
HTTP request sent, awaiting response... 200 OK
Length: 294 [image/gif]
Saving to: `code/../crawls/sfgate.com/Privacy-Policy/raw/imgs.sfgate.com/graphics/sitenav/sub_dontmiss.gif'

     0K                                                       100% 51.7M=0s

2012-05-14 05:06:32 (51.7 MB/s) - `code/../crawls/sfgate.com/Privacy-Policy/raw/imgs.sfgate.com/graphics/sitenav/sub_dontmiss.gif' saved [294/294]

The name is too long, 187 chars total.
Trying to shorten...
New name is index.html?config=2130893885&source=npc_hearst_sanfranciscochronicle_t2_ctxt&maxCount=3&outputCharEnc=latin1&ctxtId=news&type=n.
The name is too long, 187 chars total.
Trying to shorten...
New name is index.html?config=2130893885&source=npc_hearst_sanfranciscochronicle_t2_ctxt&maxCount=3&outputCharEnc=latin1&ctxtId=news&type=n.
--2012-05-14 05:06:32--  http://cm.npc-hearst.overture.com/js_flat_1_0/?config=2130893885&source=npc_hearst_sanfranciscochronicle_t2_ctxt&maxCount=3&outputCharEnc=latin1&ctxtId=news&type=news&ctxtUrl=http%3A%2F%2Fwww.sfgate.com%2Fpages%2Fprivacy%2F
Resolving cm.npc-hearst.overture.com... 216.155.207.26
Connecting to cm.npc-hearst.overture.com|216.155.207.26|:80... connected.
HTTP request sent, awaiting response... 200 OK
Length: unspecified [text/javascript]
Saving to: `code/../crawls/sfgate.com/Privacy-Policy/raw/cm.npc-hearst.overture.com/js_flat_1_0/index.html?config=2130893885&source=npc_hearst_sanfranciscochronicle_t2_ctxt&maxCount=3&outputCharEnc=latin1&ctxtId=news&type=n'

     0K .                                                       165M=0s

2012-05-14 05:06:32 (165 MB/s) - `code/../crawls/sfgate.com/Privacy-Policy/raw/cm.npc-hearst.overture.com/js_flat_1_0/index.html?config=2130893885&source=npc_hearst_sanfranciscochronicle_t2_ctxt&maxCount=3&outputCharEnc=latin1&ctxtId=news&type=n' saved [1752]

--2012-05-14 05:06:32--  http://imgs.sfgate.com/graphics/contentmodules/topmost/rec/most_read_on.gif
Connecting to imgs.sfgate.com|206.160.170.16|:80... connected.
HTTP request sent, awaiting response... 200 OK
Length: 827 [image/gif]
Saving to: `code/../crawls/sfgate.com/Privacy-Policy/raw/imgs.sfgate.com/graphics/contentmodules/topmost/rec/most_read_on.gif'

     0K                                                       100%  135M=0s

2012-05-14 05:06:32 (135 MB/s) - `code/../crawls/sfgate.com/Privacy-Policy/raw/imgs.sfgate.com/graphics/contentmodules/topmost/rec/most_read_on.gif' saved [827/827]

--2012-05-14 05:06:32--  http://imgs.sfgate.com/graphics/contentmodules/topmost/rec/most_emailed_off.gif
Reusing existing connection to imgs.sfgate.com:80.
HTTP request sent, awaiting response... 200 OK
Length: 2358 (2.3K) [image/gif]
Saving to: `code/../crawls/sfgate.com/Privacy-Policy/raw/imgs.sfgate.com/graphics/contentmodules/topmost/rec/most_emailed_off.gif'

     0K ..                                                    100%  328M=0s

2012-05-14 05:06:32 (328 MB/s) - `code/../crawls/sfgate.com/Privacy-Policy/raw/imgs.sfgate.com/graphics/contentmodules/topmost/rec/most_emailed_off.gif' saved [2358/2358]

--2012-05-14 05:06:32--  http://imgs.sfgate.com/graphics/contentmodules/topmost/rec/most_commented_off.gif
Reusing existing connection to imgs.sfgate.com:80.
HTTP request sent, awaiting response... 200 OK
Length: 1710 (1.7K) [image/gif]
Saving to: `code/../crawls/sfgate.com/Privacy-Policy/raw/imgs.sfgate.com/graphics/contentmodules/topmost/rec/most_commented_off.gif'

     0K .                                                     100%  241M=0s

2012-05-14 05:06:32 (241 MB/s) - `code/../crawls/sfgate.com/Privacy-Policy/raw/imgs.sfgate.com/graphics/contentmodules/topmost/rec/most_commented_off.gif' saved [1710/1710]

--2012-05-14 05:06:32--  http://imgs.sfgate.com/templates/types/topmost/images/corner_botl.gif
Reusing existing connection to imgs.sfgate.com:80.
HTTP request sent, awaiting response... 200 OK
Length: 94 [image/gif]
Saving to: `code/../crawls/sfgate.com/Privacy-Policy/raw/imgs.sfgate.com/templates/types/topmost/images/corner_botl.gif'

     0K                                                       100% 15.6M=0s

2012-05-14 05:06:32 (15.6 MB/s) - `code/../crawls/sfgate.com/Privacy-Policy/raw/imgs.sfgate.com/templates/types/topmost/images/corner_botl.gif' saved [94/94]

--2012-05-14 05:06:32--  http://imgs.sfgate.com/templates/types/topmost/images/corner_botr.gif
Reusing existing connection to imgs.sfgate.com:80.
HTTP request sent, awaiting response... 200 OK
Length: 95 [image/gif]
Saving to: `code/../crawls/sfgate.com/Privacy-Policy/raw/imgs.sfgate.com/templates/types/topmost/images/corner_botr.gif'

     0K                                                       100% 17.1M=0s

2012-05-14 05:06:32 (17.1 MB/s) - `code/../crawls/sfgate.com/Privacy-Policy/raw/imgs.sfgate.com/templates/types/topmost/images/corner_botr.gif' saved [95/95]

--2012-05-14 05:06:32--  http://imgs.sfgate.com/templates/types/common/graphics/clear.gif
Reusing existing connection to imgs.sfgate.com:80.
HTTP request sent, awaiting response... 200 OK
Length: 43 [image/gif]
Saving to: `code/../crawls/sfgate.com/Privacy-Policy/raw/imgs.sfgate.com/templates/types/common/graphics/clear.gif'

     0K                                                       100% 7.57M=0s

2012-05-14 05:06:32 (7.57 MB/s) - `code/../crawls/sfgate.com/Privacy-Policy/raw/imgs.sfgate.com/templates/types/common/graphics/clear.gif' saved [43/43]

--2012-05-14 05:06:32--  http://imgs.sfgate.com/graphics/utils/hearst_logo.gif
Reusing existing connection to imgs.sfgate.com:80.
HTTP request sent, awaiting response... 200 OK
Length: 751 [image/gif]
Saving to: `code/../crawls/sfgate.com/Privacy-Policy/raw/imgs.sfgate.com/graphics/utils/hearst_logo.gif'

     0K                                                       100%  126M=0s

2012-05-14 05:06:32 (126 MB/s) - `code/../crawls/sfgate.com/Privacy-Policy/raw/imgs.sfgate.com/graphics/utils/hearst_logo.gif' saved [751/751]

--2012-05-14 05:06:32--  http://secure-us.imrworldwide.com/cgi-bin/m?ci=us-202808h&cg=0&cc=1&ts=noscript
Resolving secure-us.imrworldwide.com... 138.108.6.20, 138.108.7.20
Connecting to secure-us.imrworldwide.com|138.108.6.20|:80... connected.
HTTP request sent, awaiting response... 302 Found
Location: http://secure-us.imrworldwide.com/cgi-bin/m1?ci=us-202808h&cg=0&cc=1&ts=noscript&ja=1 [following]
--2012-05-14 05:06:32--  http://secure-us.imrworldwide.com/cgi-bin/m1?ci=us-202808h&cg=0&cc=1&ts=noscript&ja=1
Reusing existing connection to secure-us.imrworldwide.com:80.
HTTP request sent, awaiting response... 200 OK
Length: unspecified [image/gif]
Saving to: `code/../crawls/sfgate.com/Privacy-Policy/raw/secure-us.imrworldwide.com/cgi-bin/m?ci=us-202808h&cg=0&cc=1&ts=noscript'

     0K                                                        4.45M=0s

2012-05-14 05:06:32 (4.45 MB/s) - `code/../crawls/sfgate.com/Privacy-Policy/raw/secure-us.imrworldwide.com/cgi-bin/m?ci=us-202808h&cg=0&cc=1&ts=noscript' saved [44]

--2012-05-14 05:06:32--  http://cdn.krxd.net/krux.js
Resolving cdn.krxd.net... 184.25.148.251
Connecting to cdn.krxd.net|184.25.148.251|:80... connected.
HTTP request sent, awaiting response... 200 OK
Length: unspecified [application/javascript]
Saving to: `code/../crawls/sfgate.com/Privacy-Policy/raw/cdn.krxd.net/krux.js'

     0K .......... .......... .......... .......... ....       5.74M=0.008s

2012-05-14 05:06:32 (5.74 MB/s) - `code/../crawls/sfgate.com/Privacy-Policy/raw/cdn.krxd.net/krux.js' saved [45973]

--2012-05-14 05:06:32--  http://imgs.sfgate.com/graphics/sitenav/media_tile2.gif
Connecting to imgs.sfgate.com|206.160.170.16|:80... connected.
HTTP request sent, awaiting response... 200 OK
Length: 403 [image/gif]
Saving to: `code/../crawls/sfgate.com/Privacy-Policy/raw/imgs.sfgate.com/graphics/sitenav/media_tile2.gif'

     0K                                                       100% 70.4M=0s

2012-05-14 05:06:33 (70.4 MB/s) - `code/../crawls/sfgate.com/Privacy-Policy/raw/imgs.sfgate.com/graphics/sitenav/media_tile2.gif' saved [403/403]

--2012-05-14 05:06:33--  http://imgs.sfgate.com/graphics/sitenav/media_tile1.gif
Reusing existing connection to imgs.sfgate.com:80.
HTTP request sent, awaiting response... 200 OK
Length: 440 [image/gif]
Saving to: `code/../crawls/sfgate.com/Privacy-Policy/raw/imgs.sfgate.com/graphics/sitenav/media_tile1.gif'

     0K                                                       100% 79.5M=0s

2012-05-14 05:06:33 (79.5 MB/s) - `code/../crawls/sfgate.com/Privacy-Policy/raw/imgs.sfgate.com/graphics/sitenav/media_tile1.gif' saved [440/440]

--2012-05-14 05:06:33--  http://imgs.sfgate.com/place-ads/spec/2010/10/brand_sfgate192x37_giants_e.gif
Reusing existing connection to imgs.sfgate.com:80.
HTTP request sent, awaiting response... 200 OK
Length: 1975 (1.9K) [image/gif]
Saving to: `code/../crawls/sfgate.com/Privacy-Policy/raw/imgs.sfgate.com/place-ads/spec/2010/10/brand_sfgate192x37_giants_e.gif'

     0K .                                                     100%  278M=0s

2012-05-14 05:06:33 (278 MB/s) - `code/../crawls/sfgate.com/Privacy-Policy/raw/imgs.sfgate.com/place-ads/spec/2010/10/brand_sfgate192x37_giants_e.gif' saved [1975/1975]

--2012-05-14 05:06:33--  http://imgs.sfgate.com/graphics/sitenav/tile_gradient_skyline.jpg
Reusing existing connection to imgs.sfgate.com:80.
HTTP request sent, awaiting response... 200 OK
Length: 10585 (10K) [image/jpeg]
Saving to: `code/../crawls/sfgate.com/Privacy-Policy/raw/imgs.sfgate.com/graphics/sitenav/tile_gradient_skyline.jpg'

     0K ..........                                            100% 4.36M=0.002s

2012-05-14 05:06:33 (4.36 MB/s) - `code/../crawls/sfgate.com/Privacy-Policy/raw/imgs.sfgate.com/graphics/sitenav/tile_gradient_skyline.jpg' saved [10585/10585]

--2012-05-14 05:06:33--  http://imgs.sfgate.com/graphics/sitenav/brand_sfgate192x37.gif
Reusing existing connection to imgs.sfgate.com:80.
HTTP request sent, awaiting response... 200 OK
Length: 2186 (2.1K) [image/gif]
Saving to: `code/../crawls/sfgate.com/Privacy-Policy/raw/imgs.sfgate.com/graphics/sitenav/brand_sfgate192x37.gif'

     0K ..                                                    100%  274M=0s

2012-05-14 05:06:33 (274 MB/s) - `code/../crawls/sfgate.com/Privacy-Policy/raw/imgs.sfgate.com/graphics/sitenav/brand_sfgate192x37.gif' saved [2186/2186]

--2012-05-14 05:06:33--  http://imgs.sfgate.com/graphics/sitenav/brand_chronicle178x21.gif
Reusing existing connection to imgs.sfgate.com:80.
HTTP request sent, awaiting response... 200 OK
Length: 2377 (2.3K) [image/gif]
Saving to: `code/../crawls/sfgate.com/Privacy-Policy/raw/imgs.sfgate.com/graphics/sitenav/brand_chronicle178x21.gif'

     0K ..                                                    100% 4.09M=0.001s

2012-05-14 05:06:33 (4.09 MB/s) - `code/../crawls/sfgate.com/Privacy-Policy/raw/imgs.sfgate.com/graphics/sitenav/brand_chronicle178x21.gif' saved [2377/2377]

--2012-05-14 05:06:33--  http://imgs.sfgate.com/graphics/sitenav/tile_gradient_leaderboard.gif
Reusing existing connection to imgs.sfgate.com:80.
HTTP request sent, awaiting response... 200 OK
Length: 727 [image/gif]
Saving to: `code/../crawls/sfgate.com/Privacy-Policy/raw/imgs.sfgate.com/graphics/sitenav/tile_gradient_leaderboard.gif'

     0K                                                       100%  123M=0s

2012-05-14 05:06:33 (123 MB/s) - `code/../crawls/sfgate.com/Privacy-Policy/raw/imgs.sfgate.com/graphics/sitenav/tile_gradient_leaderboard.gif' saved [727/727]

--2012-05-14 05:06:33--  http://imgs.sfgate.com/graphics/sitenav/brand_sfgate154x30.gif
Reusing existing connection to imgs.sfgate.com:80.
HTTP request sent, awaiting response... 200 OK
Length: 1911 (1.9K) [image/gif]
Saving to: `code/../crawls/sfgate.com/Privacy-Policy/raw/imgs.sfgate.com/graphics/sitenav/brand_sfgate154x30.gif'

     0K .                                                     100%  277M=0s

2012-05-14 05:06:33 (277 MB/s) - `code/../crawls/sfgate.com/Privacy-Policy/raw/imgs.sfgate.com/graphics/sitenav/brand_sfgate154x30.gif' saved [1911/1911]

--2012-05-14 05:06:33--  http://imgs.sfgate.com/graphics/sitenav/brand_chronicle172x18.gif
Reusing existing connection to imgs.sfgate.com:80.
HTTP request sent, awaiting response... 200 OK
Length: 2359 (2.3K) [image/gif]
Saving to: `code/../crawls/sfgate.com/Privacy-Policy/raw/imgs.sfgate.com/graphics/sitenav/brand_chronicle172x18.gif'

     0K ..                                                    100% 36.3M=0s

2012-05-14 05:06:33 (36.3 MB/s) - `code/../crawls/sfgate.com/Privacy-Policy/raw/imgs.sfgate.com/graphics/sitenav/brand_chronicle172x18.gif' saved [2359/2359]

--2012-05-14 05:06:33--  http://imgs.sfgate.com/graphics/sitenav/tile_gradient_noads.gif
Reusing existing connection to imgs.sfgate.com:80.
HTTP request sent, awaiting response... 200 OK
Length: 474 [image/gif]
Saving to: `code/../crawls/sfgate.com/Privacy-Policy/raw/imgs.sfgate.com/graphics/sitenav/tile_gradient_noads.gif'

     0K                                                       100% 86.7M=0s

2012-05-14 05:06:33 (86.7 MB/s) - `code/../crawls/sfgate.com/Privacy-Policy/raw/imgs.sfgate.com/graphics/sitenav/tile_gradient_noads.gif' saved [474/474]

--2012-05-14 05:06:33--  http://imgs.sfgate.com/graphics/search/searchbar_bg.gif
Reusing existing connection to imgs.sfgate.com:80.
HTTP request sent, awaiting response... 200 OK
Length: 281 [image/gif]
Saving to: `code/../crawls/sfgate.com/Privacy-Policy/raw/imgs.sfgate.com/graphics/search/searchbar_bg.gif'

     0K                                                       100% 50.6M=0s

2012-05-14 05:06:33 (50.6 MB/s) - `code/../crawls/sfgate.com/Privacy-Policy/raw/imgs.sfgate.com/graphics/search/searchbar_bg.gif' saved [281/281]

--2012-05-14 05:06:33--  http://imgs.sfgate.com/graphics/homev4/sitenav/main_none.gif
Reusing existing connection to imgs.sfgate.com:80.
HTTP request sent, awaiting response... 200 OK
Length: 9867 (9.6K) [image/gif]
Saving to: `code/../crawls/sfgate.com/Privacy-Policy/raw/imgs.sfgate.com/graphics/homev4/sitenav/main_none.gif'

     0K .........                                             100% 18.3M=0.001s

2012-05-14 05:06:33 (18.3 MB/s) - `code/../crawls/sfgate.com/Privacy-Policy/raw/imgs.sfgate.com/graphics/homev4/sitenav/main_none.gif' saved [9867/9867]

--2012-05-14 05:06:33--  http://imgs.sfgate.com/graphics/homev4/sitenav/main_home.gif
Reusing existing connection to imgs.sfgate.com:80.
HTTP request sent, awaiting response... 200 OK
Length: 5496 (5.4K) [image/gif]
Saving to: `code/../crawls/sfgate.com/Privacy-Policy/raw/imgs.sfgate.com/graphics/homev4/sitenav/main_home.gif'

     0K .....                                                 100% 22.2M=0s

2012-05-14 05:06:33 (22.2 MB/s) - `code/../crawls/sfgate.com/Privacy-Policy/raw/imgs.sfgate.com/graphics/homev4/sitenav/main_home.gif' saved [5496/5496]

--2012-05-14 05:06:33--  http://imgs.sfgate.com/graphics/homev4/sitenav/main_news.gif
Reusing existing connection to imgs.sfgate.com:80.
HTTP request sent, awaiting response... 200 OK
Length: 5512 (5.4K) [image/gif]
Saving to: `code/../crawls/sfgate.com/Privacy-Policy/raw/imgs.sfgate.com/graphics/homev4/sitenav/main_news.gif'

     0K .....                                                 100% 22.4M=0s

2012-05-14 05:06:33 (22.4 MB/s) - `code/../crawls/sfgate.com/Privacy-Policy/raw/imgs.sfgate.com/graphics/homev4/sitenav/main_news.gif' saved [5512/5512]

--2012-05-14 05:06:33--  http://imgs.sfgate.com/graphics/homev4/sitenav/main_sports.gif
Reusing existing connection to imgs.sfgate.com:80.
HTTP request sent, awaiting response... 200 OK
Length: 5542 (5.4K) [image/gif]
Saving to: `code/../crawls/sfgate.com/Privacy-Policy/raw/imgs.sfgate.com/graphics/homev4/sitenav/main_sports.gif'

     0K .....                                                 100% 17.0M=0s

2012-05-14 05:06:33 (17.0 MB/s) - `code/../crawls/sfgate.com/Privacy-Policy/raw/imgs.sfgate.com/graphics/homev4/sitenav/main_sports.gif' saved [5542/5542]

--2012-05-14 05:06:33--  http://imgs.sfgate.com/graphics/homev4/sitenav/main_business.gif
Reusing existing connection to imgs.sfgate.com:80.
HTTP request sent, awaiting response... 200 OK
Length: 5520 (5.4K) [image/gif]
Saving to: `code/../crawls/sfgate.com/Privacy-Policy/raw/imgs.sfgate.com/graphics/homev4/sitenav/main_business.gif'

     0K .....                                                 100% 9.00M=0.001s

2012-05-14 05:06:33 (9.00 MB/s) - `code/../crawls/sfgate.com/Privacy-Policy/raw/imgs.sfgate.com/graphics/homev4/sitenav/main_business.gif' saved [5520/5520]

--2012-05-14 05:06:33--  http://imgs.sfgate.com/graphics/homev4/sitenav/main_entertainment.gif
Reusing existing connection to imgs.sfgate.com:80.
HTTP request sent, awaiting response... 200 OK
Length: 5609 (5.5K) [image/gif]
Saving to: `code/../crawls/sfgate.com/Privacy-Policy/raw/imgs.sfgate.com/graphics/homev4/sitenav/main_entertainment.gif'

     0K .....                                                 100% 15.5M=0s

2012-05-14 05:06:33 (15.5 MB/s) - `code/../crawls/sfgate.com/Privacy-Policy/raw/imgs.sfgate.com/graphics/homev4/sitenav/main_entertainment.gif' saved [5609/5609]

--2012-05-14 05:06:33--  http://imgs.sfgate.com/graphics/homev4/sitenav/main_food.gif
Reusing existing connection to imgs.sfgate.com:80.
HTTP request sent, awaiting response... 200 OK
Length: 5535 (5.4K) [image/gif]
Saving to: `code/../crawls/sfgate.com/Privacy-Policy/raw/imgs.sfgate.com/graphics/homev4/sitenav/main_food.gif'

     0K .....                                                 100% 16.7M=0s

2012-05-14 05:06:33 (16.7 MB/s) - `code/../crawls/sfgate.com/Privacy-Policy/raw/imgs.sfgate.com/graphics/homev4/sitenav/main_food.gif' saved [5535/5535]

--2012-05-14 05:06:33--  http://imgs.sfgate.com/graphics/homev4/sitenav/main_living.gif
Reusing existing connection to imgs.sfgate.com:80.
HTTP request sent, awaiting response... 200 OK
Length: 5512 (5.4K) [image/gif]
Saving to: `code/../crawls/sfgate.com/Privacy-Policy/raw/imgs.sfgate.com/graphics/homev4/sitenav/main_living.gif'

     0K .....                                                 100% 23.2M=0s

2012-05-14 05:06:33 (23.2 MB/s) - `code/../crawls/sfgate.com/Privacy-Policy/raw/imgs.sfgate.com/graphics/homev4/sitenav/main_living.gif' saved [5512/5512]

--2012-05-14 05:06:33--  http://imgs.sfgate.com/graphics/homev4/sitenav/main_travel.gif
Reusing existing connection to imgs.sfgate.com:80.
HTTP request sent, awaiting response... 200 OK
Length: 5526 (5.4K) [image/gif]
Saving to: `code/../crawls/sfgate.com/Privacy-Policy/raw/imgs.sfgate.com/graphics/homev4/sitenav/main_travel.gif'

     0K .....                                                 100% 25.0M=0s

2012-05-14 05:06:33 (25.0 MB/s) - `code/../crawls/sfgate.com/Privacy-Policy/raw/imgs.sfgate.com/graphics/homev4/sitenav/main_travel.gif' saved [5526/5526]

--2012-05-14 05:06:33--  http://imgs.sfgate.com/graphics/homev4/sitenav/main_shopping.gif
Reusing existing connection to imgs.sfgate.com:80.
HTTP request sent, awaiting response... 200 OK
Length: 5574 (5.4K) [image/gif]
Saving to: `code/../crawls/sfgate.com/Privacy-Policy/raw/imgs.sfgate.com/graphics/homev4/sitenav/main_shopping.gif'

     0K .....                                                 100% 16.4M=0s

2012-05-14 05:06:33 (16.4 MB/s) - `code/../crawls/sfgate.com/Privacy-Policy/raw/imgs.sfgate.com/graphics/homev4/sitenav/main_shopping.gif' saved [5574/5574]

--2012-05-14 05:06:33--  http://imgs.sfgate.com/graphics/homev4/sitenav/main_columns.gif
Reusing existing connection to imgs.sfgate.com:80.
HTTP request sent, awaiting response... 200 OK
Length: 5526 (5.4K) [image/gif]
Saving to: `code/../crawls/sfgate.com/Privacy-Policy/raw/imgs.sfgate.com/graphics/homev4/sitenav/main_columns.gif'

     0K .....                                                 100% 5.87M=0.001s

2012-05-14 05:06:33 (5.87 MB/s) - `code/../crawls/sfgate.com/Privacy-Policy/raw/imgs.sfgate.com/graphics/homev4/sitenav/main_columns.gif' saved [5526/5526]

--2012-05-14 05:06:33--  http://imgs.sfgate.com/graphics/homev4/sitenav/main_cars.gif
Reusing existing connection to imgs.sfgate.com:80.
HTTP request sent, awaiting response... 404 Not Found
2012-05-14 05:06:33 ERROR 404: Not Found.

--2012-05-14 05:06:33--  http://imgs.sfgate.com/graphics/homev4/sitenav/main_homes.gif
Reusing existing connection to imgs.sfgate.com:80.
HTTP request sent, awaiting response... 404 Not Found
2012-05-14 05:06:33 ERROR 404: Not Found.

--2012-05-14 05:06:33--  http://imgs.sfgate.com/graphics/sitenav/index_tab84x26.gif
Reusing existing connection to imgs.sfgate.com:80.
HTTP request sent, awaiting response... 200 OK
Length: 790 [image/gif]
Saving to: `code/../crawls/sfgate.com/Privacy-Policy/raw/imgs.sfgate.com/graphics/sitenav/index_tab84x26.gif'

     0K                                                       100%  137M=0s

2012-05-14 05:06:33 (137 MB/s) - `code/../crawls/sfgate.com/Privacy-Policy/raw/imgs.sfgate.com/graphics/sitenav/index_tab84x26.gif' saved [790/790]

--2012-05-14 05:06:33--  http://imgs.sfgate.com/graphics/sitenav/index_header554x28.gif
Reusing existing connection to imgs.sfgate.com:80.
HTTP request sent, awaiting response... 200 OK
Length: 281 [image/gif]
Saving to: `code/../crawls/sfgate.com/Privacy-Policy/raw/imgs.sfgate.com/graphics/sitenav/index_header554x28.gif'

     0K                                                       100% 52.5M=0s

2012-05-14 05:06:33 (52.5 MB/s) - `code/../crawls/sfgate.com/Privacy-Policy/raw/imgs.sfgate.com/graphics/sitenav/index_header554x28.gif' saved [281/281]

--2012-05-14 05:06:33--  http://imgs.sfgate.com/graphics/sitenav/rule_dotted_vert.gif
Reusing existing connection to imgs.sfgate.com:80.
HTTP request sent, awaiting response... 200 OK
Length: 43 [image/gif]
Saving to: `code/../crawls/sfgate.com/Privacy-Policy/raw/imgs.sfgate.com/graphics/sitenav/rule_dotted_vert.gif'

     0K                                                       100% 8.02M=0s

2012-05-14 05:06:33 (8.02 MB/s) - `code/../crawls/sfgate.com/Privacy-Policy/raw/imgs.sfgate.com/graphics/sitenav/rule_dotted_vert.gif' saved [43/43]

--2012-05-14 05:06:33--  http://imgs.sfgate.com/graphics/sitenav/rule_dotted_horiz.gif
Reusing existing connection to imgs.sfgate.com:80.
HTTP request sent, awaiting response... 200 OK
Length: 48 [image/gif]
Saving to: `code/../crawls/sfgate.com/Privacy-Policy/raw/imgs.sfgate.com/graphics/sitenav/rule_dotted_horiz.gif'

     0K                                                       100% 9.12M=0s

2012-05-14 05:06:33 (9.12 MB/s) - `code/../crawls/sfgate.com/Privacy-Policy/raw/imgs.sfgate.com/graphics/sitenav/rule_dotted_horiz.gif' saved [48/48]

--2012-05-14 05:06:33--  http://imgs.sfgate.com/graphics/sitenav/sub_pipe_bullet.gif
Reusing existing connection to imgs.sfgate.com:80.
HTTP request sent, awaiting response... 200 OK
Length: 42 [image/gif]
Saving to: `code/../crawls/sfgate.com/Privacy-Policy/raw/imgs.sfgate.com/graphics/sitenav/sub_pipe_bullet.gif'

     0K                                                       100% 7.93M=0s

2012-05-14 05:06:33 (7.93 MB/s) - `code/../crawls/sfgate.com/Privacy-Policy/raw/imgs.sfgate.com/graphics/sitenav/sub_pipe_bullet.gif' saved [42/42]

--2012-05-14 05:06:33--  http://imgs.sfgate.com/graphics/traffic/sponsored_by.gif
Reusing existing connection to imgs.sfgate.com:80.
HTTP request sent, awaiting response... 200 OK
Length: 396 [image/gif]
Saving to: `code/../crawls/sfgate.com/Privacy-Policy/raw/imgs.sfgate.com/graphics/traffic/sponsored_by.gif'

     0K                                                       100% 66.9M=0s

2012-05-14 05:06:33 (66.9 MB/s) - `code/../crawls/sfgate.com/Privacy-Policy/raw/imgs.sfgate.com/graphics/traffic/sponsored_by.gif' saved [396/396]

--2012-05-14 05:06:33--  http://imgs.sfgate.com/graphics/sitenav/footer_pipe_bullet.gif
Reusing existing connection to imgs.sfgate.com:80.
HTTP request sent, awaiting response... 200 OK
Length: 50 [image/gif]
Saving to: `code/../crawls/sfgate.com/Privacy-Policy/raw/imgs.sfgate.com/graphics/sitenav/footer_pipe_bullet.gif'

     0K                                                       100% 9.35M=0s

2012-05-14 05:06:33 (9.35 MB/s) - `code/../crawls/sfgate.com/Privacy-Policy/raw/imgs.sfgate.com/graphics/sitenav/footer_pipe_bullet.gif' saved [50/50]

--2012-05-14 05:06:33--  http://imgs.sfgate.com/graphics/utils/hearst125-logo-footer.png
Reusing existing connection to imgs.sfgate.com:80.
HTTP request sent, awaiting response... 200 OK
Length: 8856 (8.6K) [image/png]
Saving to: `code/../crawls/sfgate.com/Privacy-Policy/raw/imgs.sfgate.com/graphics/utils/hearst125-logo-footer.png'

     0K ........                                              100% 15.2M=0.001s

2012-05-14 05:06:33 (15.2 MB/s) - `code/../crawls/sfgate.com/Privacy-Policy/raw/imgs.sfgate.com/graphics/utils/hearst125-logo-footer.png' saved [8856/8856]

--2012-05-14 05:06:33--  http://imgs.sfgate.com/graphics/utils/curvebox_mint1.gif
Reusing existing connection to imgs.sfgate.com:80.
HTTP request sent, awaiting response... 200 OK
Length: 2238 (2.2K) [image/gif]
Saving to: `code/../crawls/sfgate.com/Privacy-Policy/raw/imgs.sfgate.com/graphics/utils/curvebox_mint1.gif'

     0K ..                                                    100%  179M=0s

2012-05-14 05:06:33 (179 MB/s) - `code/../crawls/sfgate.com/Privacy-Policy/raw/imgs.sfgate.com/graphics/utils/curvebox_mint1.gif' saved [2238/2238]

--2012-05-14 05:06:33--  http://imgs.sfgate.com/graphics/utils/curvebox_mint2.gif
Reusing existing connection to imgs.sfgate.com:80.
HTTP request sent, awaiting response... 200 OK
Length: 304 [image/gif]
Saving to: `code/../crawls/sfgate.com/Privacy-Policy/raw/imgs.sfgate.com/graphics/utils/curvebox_mint2.gif'

     0K                                                       100% 55.5M=0s

2012-05-14 05:06:33 (55.5 MB/s) - `code/../crawls/sfgate.com/Privacy-Policy/raw/imgs.sfgate.com/graphics/utils/curvebox_mint2.gif' saved [304/304]

--2012-05-14 05:06:33--  http://imgs.sfgate.com/graphics/utils/curvebox_mint3.gif
Reusing existing connection to imgs.sfgate.com:80.
HTTP request sent, awaiting response... 200 OK
Length: 162 [image/gif]
Saving to: `code/../crawls/sfgate.com/Privacy-Policy/raw/imgs.sfgate.com/graphics/utils/curvebox_mint3.gif'

     0K                                                       100% 30.7M=0s

2012-05-14 05:06:33 (30.7 MB/s) - `code/../crawls/sfgate.com/Privacy-Policy/raw/imgs.sfgate.com/graphics/utils/curvebox_mint3.gif' saved [162/162]

--2012-05-14 05:06:33--  http://imgs.sfgate.com/graphics/utils/curvebox_mint4.gif
Reusing existing connection to imgs.sfgate.com:80.
HTTP request sent, awaiting response... 200 OK
Length: 99 [image/gif]
Saving to: `code/../crawls/sfgate.com/Privacy-Policy/raw/imgs.sfgate.com/graphics/utils/curvebox_mint4.gif'

     0K                                                       100% 18.4M=0s

2012-05-14 05:06:33 (18.4 MB/s) - `code/../crawls/sfgate.com/Privacy-Policy/raw/imgs.sfgate.com/graphics/utils/curvebox_mint4.gif' saved [99/99]

--2012-05-14 05:06:33--  http://imgs.sfgate.com/graphics/utils/curvebox_mintedge1.gif
Reusing existing connection to imgs.sfgate.com:80.
HTTP request sent, awaiting response... 200 OK
Length: 4795 (4.7K) [image/gif]
Saving to: `code/../crawls/sfgate.com/Privacy-Policy/raw/imgs.sfgate.com/graphics/utils/curvebox_mintedge1.gif'

     0K ....                                                  100% 24.4M=0s

2012-05-14 05:06:33 (24.4 MB/s) - `code/../crawls/sfgate.com/Privacy-Policy/raw/imgs.sfgate.com/graphics/utils/curvebox_mintedge1.gif' saved [4795/4795]

--2012-05-14 05:06:33--  http://imgs.sfgate.com/graphics/utils/curvebox_mintedge2.gif
Reusing existing connection to imgs.sfgate.com:80.
HTTP request sent, awaiting response... 200 OK
Length: 1461 (1.4K) [image/gif]
Saving to: `code/../crawls/sfgate.com/Privacy-Policy/raw/imgs.sfgate.com/graphics/utils/curvebox_mintedge2.gif'

     0K .                                                     100%  220M=0s

2012-05-14 05:06:33 (220 MB/s) - `code/../crawls/sfgate.com/Privacy-Policy/raw/imgs.sfgate.com/graphics/utils/curvebox_mintedge2.gif' saved [1461/1461]

--2012-05-14 05:06:33--  http://imgs.sfgate.com/graphics/utils/curvebox_mintedge3.gif
Reusing existing connection to imgs.sfgate.com:80.
HTTP request sent, awaiting response... 200 OK
Length: 161 [image/gif]
Saving to: `code/../crawls/sfgate.com/Privacy-Policy/raw/imgs.sfgate.com/graphics/utils/curvebox_mintedge3.gif'

     0K                                                       100% 29.8M=0s

2012-05-14 05:06:33 (29.8 MB/s) - `code/../crawls/sfgate.com/Privacy-Policy/raw/imgs.sfgate.com/graphics/utils/curvebox_mintedge3.gif' saved [161/161]

--2012-05-14 05:06:33--  http://imgs.sfgate.com/graphics/utils/curvebox_mintedge4.gif
Reusing existing connection to imgs.sfgate.com:80.
HTTP request sent, awaiting response... 200 OK
Length: 98 [image/gif]
Saving to: `code/../crawls/sfgate.com/Privacy-Policy/raw/imgs.sfgate.com/graphics/utils/curvebox_mintedge4.gif'

     0K                                                       100% 18.2M=0s

2012-05-14 05:06:33 (18.2 MB/s) - `code/../crawls/sfgate.com/Privacy-Policy/raw/imgs.sfgate.com/graphics/utils/curvebox_mintedge4.gif' saved [98/98]

--2012-05-14 05:06:33--  http://imgs.sfgate.com/graphics/utils/curvebox_gray1.gif
Reusing existing connection to imgs.sfgate.com:80.
HTTP request sent, awaiting response... 200 OK
Length: 2240 (2.2K) [image/gif]
Saving to: `code/../crawls/sfgate.com/Privacy-Policy/raw/imgs.sfgate.com/graphics/utils/curvebox_gray1.gif'

     0K ..                                                    100%  324M=0s

2012-05-14 05:06:33 (324 MB/s) - `code/../crawls/sfgate.com/Privacy-Policy/raw/imgs.sfgate.com/graphics/utils/curvebox_gray1.gif' saved [2240/2240]

--2012-05-14 05:06:33--  http://imgs.sfgate.com/graphics/utils/curvebox_gray2.gif
Reusing existing connection to imgs.sfgate.com:80.
HTTP request sent, awaiting response... 200 OK
Length: 305 [image/gif]
Saving to: `code/../crawls/sfgate.com/Privacy-Policy/raw/imgs.sfgate.com/graphics/utils/curvebox_gray2.gif'

     0K                                                       100% 57.0M=0s

2012-05-14 05:06:33 (57.0 MB/s) - `code/../crawls/sfgate.com/Privacy-Policy/raw/imgs.sfgate.com/graphics/utils/curvebox_gray2.gif' saved [305/305]

--2012-05-14 05:06:33--  http://imgs.sfgate.com/graphics/utils/curvebox_gray3.gif
Reusing existing connection to imgs.sfgate.com:80.
HTTP request sent, awaiting response... 200 OK
Length: 162 [image/gif]
Saving to: `code/../crawls/sfgate.com/Privacy-Policy/raw/imgs.sfgate.com/graphics/utils/curvebox_gray3.gif'

     0K                                                       100% 30.1M=0s

2012-05-14 05:06:33 (30.1 MB/s) - `code/../crawls/sfgate.com/Privacy-Policy/raw/imgs.sfgate.com/graphics/utils/curvebox_gray3.gif' saved [162/162]

--2012-05-14 05:06:33--  http://imgs.sfgate.com/graphics/utils/curvebox_gray4.gif
Reusing existing connection to imgs.sfgate.com:80.
HTTP request sent, awaiting response... 200 OK
Length: 99 [image/gif]
Saving to: `code/../crawls/sfgate.com/Privacy-Policy/raw/imgs.sfgate.com/graphics/utils/curvebox_gray4.gif'

     0K                                                       100% 18.7M=0s

2012-05-14 05:06:33 (18.7 MB/s) - `code/../crawls/sfgate.com/Privacy-Policy/raw/imgs.sfgate.com/graphics/utils/curvebox_gray4.gif' saved [99/99]

--2012-05-14 05:06:33--  http://imgs.sfgate.com/graphics/utils/curvebox_grayedge1.gif
Reusing existing connection to imgs.sfgate.com:80.
HTTP request sent, awaiting response... 200 OK
Length: 2238 (2.2K) [image/gif]
Saving to: `code/../crawls/sfgate.com/Privacy-Policy/raw/imgs.sfgate.com/graphics/utils/curvebox_grayedge1.gif'

     0K ..                                                    100% 49.5M=0s

2012-05-14 05:06:33 (49.5 MB/s) - `code/../crawls/sfgate.com/Privacy-Policy/raw/imgs.sfgate.com/graphics/utils/curvebox_grayedge1.gif' saved [2238/2238]

--2012-05-14 05:06:33--  http://imgs.sfgate.com/graphics/utils/curvebox_grayedge2.gif
Reusing existing connection to imgs.sfgate.com:80.
HTTP request sent, awaiting response... 200 OK
Length: 303 [image/gif]
Saving to: `code/../crawls/sfgate.com/Privacy-Policy/raw/imgs.sfgate.com/graphics/utils/curvebox_grayedge2.gif'

     0K                                                       100% 55.4M=0s

2012-05-14 05:06:33 (55.4 MB/s) - `code/../crawls/sfgate.com/Privacy-Policy/raw/imgs.sfgate.com/graphics/utils/curvebox_grayedge2.gif' saved [303/303]

--2012-05-14 05:06:33--  http://imgs.sfgate.com/graphics/utils/curvebox_grayedge3.gif
Reusing existing connection to imgs.sfgate.com:80.
HTTP request sent, awaiting response... 200 OK
Length: 161 [image/gif]
Saving to: `code/../crawls/sfgate.com/Privacy-Policy/raw/imgs.sfgate.com/graphics/utils/curvebox_grayedge3.gif'

     0K                                                       100% 30.4M=0s

2012-05-14 05:06:33 (30.4 MB/s) - `code/../crawls/sfgate.com/Privacy-Policy/raw/imgs.sfgate.com/graphics/utils/curvebox_grayedge3.gif' saved [161/161]

--2012-05-14 05:06:33--  http://imgs.sfgate.com/graphics/utils/curvebox_grayedge4.gif
Reusing existing connection to imgs.sfgate.com:80.
HTTP request sent, awaiting response... 200 OK
Length: 98 [image/gif]
Saving to: `code/../crawls/sfgate.com/Privacy-Policy/raw/imgs.sfgate.com/graphics/utils/curvebox_grayedge4.gif'

     0K                                                       100% 18.3M=0s

2012-05-14 05:06:33 (18.3 MB/s) - `code/../crawls/sfgate.com/Privacy-Policy/raw/imgs.sfgate.com/graphics/utils/curvebox_grayedge4.gif' saved [98/98]

--2012-05-14 05:06:33--  http://imgs.sfgate.com/graphics/socialmedia/socialtoolsmid.gif
Reusing existing connection to imgs.sfgate.com:80.
HTTP request sent, awaiting response... 200 OK
Length: 442 [image/gif]
Saving to: `code/../crawls/sfgate.com/Privacy-Policy/raw/imgs.sfgate.com/graphics/socialmedia/socialtoolsmid.gif'

     0K                                                       100% 76.2M=0s

2012-05-14 05:06:33 (76.2 MB/s) - `code/../crawls/sfgate.com/Privacy-Policy/raw/imgs.sfgate.com/graphics/socialmedia/socialtoolsmid.gif' saved [442/442]

--2012-05-14 05:06:33--  http://imgs.sfgate.com/graphics/socialmedia/socialtoolstop.png
Reusing existing connection to imgs.sfgate.com:80.
HTTP request sent, awaiting response... 200 OK
Length: 5970 (5.8K) [image/png]
Saving to: `code/../crawls/sfgate.com/Privacy-Policy/raw/imgs.sfgate.com/graphics/socialmedia/socialtoolstop.png'

     0K .....                                                 100% 18.1M=0s

2012-05-14 05:06:33 (18.1 MB/s) - `code/../crawls/sfgate.com/Privacy-Policy/raw/imgs.sfgate.com/graphics/socialmedia/socialtoolstop.png' saved [5970/5970]

--2012-05-14 05:06:33--  http://imgs.sfgate.com/graphics/socialmedia/socialtoolsbtm.png
Reusing existing connection to imgs.sfgate.com:80.
HTTP request sent, awaiting response... 200 OK
Length: 5967 (5.8K) [image/png]
Saving to: `code/../crawls/sfgate.com/Privacy-Policy/raw/imgs.sfgate.com/graphics/socialmedia/socialtoolsbtm.png'

     0K .....                                                 100% 20.8M=0s

2012-05-14 05:06:33 (20.8 MB/s) - `code/../crawls/sfgate.com/Privacy-Policy/raw/imgs.sfgate.com/graphics/socialmedia/socialtoolsbtm.png' saved [5967/5967]

--2012-05-14 05:06:33--  http://imgs.sfgate.com/graphics/topmost/fill_tabs.gif
Reusing existing connection to imgs.sfgate.com:80.
HTTP request sent, awaiting response... 200 OK
Length: 45 [image/gif]
Saving to: `code/../crawls/sfgate.com/Privacy-Policy/raw/imgs.sfgate.com/graphics/topmost/fill_tabs.gif'

     0K                                                       100% 7.92M=0s

2012-05-14 05:06:33 (7.92 MB/s) - `code/../crawls/sfgate.com/Privacy-Policy/raw/imgs.sfgate.com/graphics/topmost/fill_tabs.gif' saved [45/45]

--2012-05-14 05:06:33--  http://imgs.sfgate.com/graphics/topmost/fill_footer.gif
Reusing existing connection to imgs.sfgate.com:80.
HTTP request sent, awaiting response... 200 OK
Length: 46 [image/gif]
Saving to: `code/../crawls/sfgate.com/Privacy-Policy/raw/imgs.sfgate.com/graphics/topmost/fill_footer.gif'

     0K                                                       100% 8.56M=0s

2012-05-14 05:06:33 (8.56 MB/s) - `code/../crawls/sfgate.com/Privacy-Policy/raw/imgs.sfgate.com/graphics/topmost/fill_footer.gif' saved [46/46]

--2012-05-14 05:06:33--  http://imgs.sfgate.com/jobs/graphics/bkg-topjobs.gif
Reusing existing connection to imgs.sfgate.com:80.
HTTP request sent, awaiting response... 200 OK
Length: 2315 (2.3K) [image/gif]
Saving to: `code/../crawls/sfgate.com/Privacy-Policy/raw/imgs.sfgate.com/jobs/graphics/bkg-topjobs.gif'

     0K ..                                                    100%  322M=0s

2012-05-14 05:06:33 (322 MB/s) - `code/../crawls/sfgate.com/Privacy-Policy/raw/imgs.sfgate.com/jobs/graphics/bkg-topjobs.gif' saved [2315/2315]

--2012-05-14 05:06:33--  http://imgs.sfgate.com/templates/types/common/graphics/arrows/9x7-black-right.gif
Reusing existing connection to imgs.sfgate.com:80.
HTTP request sent, awaiting response... 200 OK
Length: 54 [image/gif]
Saving to: `code/../crawls/sfgate.com/Privacy-Policy/raw/imgs.sfgate.com/templates/types/common/graphics/arrows/9x7-black-right.gif'

     0K                                                       100% 9.05M=0s

2012-05-14 05:06:33 (9.05 MB/s) - `code/../crawls/sfgate.com/Privacy-Policy/raw/imgs.sfgate.com/templates/types/common/graphics/arrows/9x7-black-right.gif' saved [54/54]

--2012-05-14 05:06:33--  http://imgs.sfgate.com/graphics/utils/vertical_dots_627-300.gif
Reusing existing connection to imgs.sfgate.com:80.
HTTP request sent, awaiting response... 200 OK
Length: 92 [image/gif]
Saving to: `code/../crawls/sfgate.com/Privacy-Policy/raw/imgs.sfgate.com/graphics/utils/vertical_dots_627-300.gif'

     0K                                                       100% 17.1M=0s

2012-05-14 05:06:33 (17.1 MB/s) - `code/../crawls/sfgate.com/Privacy-Policy/raw/imgs.sfgate.com/graphics/utils/vertical_dots_627-300.gif' saved [92/92]

--2012-05-14 05:06:33--  http://imgs.sfgate.com/graphics/utils/bullet_square666.gif
Reusing existing connection to imgs.sfgate.com:80.
HTTP request sent, awaiting response... 200 OK
Length: 44 [image/gif]
Saving to: `code/../crawls/sfgate.com/Privacy-Policy/raw/imgs.sfgate.com/graphics/utils/bullet_square666.gif'

     0K                                                       100% 7.37M=0s

2012-05-14 05:06:33 (7.37 MB/s) - `code/../crawls/sfgate.com/Privacy-Policy/raw/imgs.sfgate.com/graphics/utils/bullet_square666.gif' saved [44/44]

--2012-05-14 05:06:33--  http://imgs.sfgate.com/graphics/utils/dotrule.gif
Reusing existing connection to imgs.sfgate.com:80.
HTTP request sent, awaiting response... 200 OK
Length: 45 [image/gif]
Saving to: `code/../crawls/sfgate.com/Privacy-Policy/raw/imgs.sfgate.com/graphics/utils/dotrule.gif'

     0K                                                       100% 6.89M=0s

2012-05-14 05:06:33 (6.89 MB/s) - `code/../crawls/sfgate.com/Privacy-Policy/raw/imgs.sfgate.com/graphics/utils/dotrule.gif' saved [45/45]

FINISHED --2012-05-14 05:06:33--
Total wall clock time: 1.7s
Downloaded: 81 files, 469K in 0.1s (3.09 MB/s)
Converting code/../crawls/sfgate.com/Privacy-Policy/raw/www.sfgate.com/pages/privacy/index.html... 39-152
Converting code/../crawls/sfgate.com/Privacy-Policy/raw/www.sfgate.com/css/company/style.css... 4-0
Converting code/../crawls/sfgate.com/Privacy-Policy/raw/imgs.sfgate.com/css/contentmodules/textads.css... nothing to do.
Converting code/../crawls/sfgate.com/Privacy-Policy/raw/imgs.sfgate.com/jobs/style/topjobs.css... 2-0
Converting code/../crawls/sfgate.com/Privacy-Policy/raw/imgs.sfgate.com/widgets/sitewide/css/sitewide.css... 88-0
Converting code/../crawls/sfgate.com/Privacy-Policy/raw/imgs.sfgate.com/css/contentmodules/topmost.css... 2-0
Converting code/../crawls/sfgate.com/Privacy-Policy/raw/www.sfgate.com/css/contentmodules/ysm001.css... nothing to do.
Converted 7 files in 0.1 seconds.
