--2012-10-22 05:12:29--  http://www.seventeen.com/about/privacy-policy
Resolving www.seventeen.com... 23.61.194.83, 23.61.194.59
Connecting to www.seventeen.com|23.61.194.83|:80... connected.
HTTP request sent, awaiting response... 200 OK
Length: 85481 (83K) [text/html]
Saving to: `code/../crawls/seventeen.com/Privacy-Policy/raw/www.seventeen.com/about/privacy-policy.html'

     0K .......... .......... .......... .......... .......... 59% 5.54M 0s
    50K .......... .......... .......... ...                  100% 8.13M=0.01s

2012-10-22 05:12:35 (6.35 MB/s) - `code/../crawls/seventeen.com/Privacy-Policy/raw/www.seventeen.com/about/privacy-policy.html' saved [85481/85481]

--2012-10-22 05:12:35--  http://www.seventeen.com/cm/seventeen/site_images/favicon/favicon.ico
Reusing existing connection to www.seventeen.com:80.
HTTP request sent, awaiting response... 200 OK
Length: 3638 (3.6K) [image/x-icon]
Saving to: `code/../crawls/seventeen.com/Privacy-Policy/raw/www.seventeen.com/cm/seventeen/site_images/favicon/favicon.ico'

     0K ...                                                   100%  237M=0s

2012-10-22 05:12:35 (237 MB/s) - `code/../crawls/seventeen.com/Privacy-Policy/raw/www.seventeen.com/cm/seventeen/site_images/favicon/favicon.ico' saved [3638/3638]

--2012-10-22 05:12:35--  http://www.seventeen.com/cm/seventeen/styles/redesign/global.css
Reusing existing connection to www.seventeen.com:80.
HTTP request sent, awaiting response... 200 OK
Length: 50022 (49K) [text/css]
Saving to: `code/../crawls/seventeen.com/Privacy-Policy/raw/www.seventeen.com/cm/seventeen/styles/redesign/global.css'

     0K .......... .......... .......... .......... ........  100% 11.6M=0.004s

2012-10-22 05:12:35 (11.6 MB/s) - `code/../crawls/seventeen.com/Privacy-Policy/raw/www.seventeen.com/cm/seventeen/styles/redesign/global.css' saved [50022/50022]

--2012-10-22 05:12:35--  http://www.seventeen.com/cm/seventeen/styles/redesign/selectbox.css
Reusing existing connection to www.seventeen.com:80.
HTTP request sent, awaiting response... 200 OK
Length: 1618 (1.6K) [text/css]
Saving to: `code/../crawls/seventeen.com/Privacy-Policy/raw/www.seventeen.com/cm/seventeen/styles/redesign/selectbox.css'

     0K .                                                     100%  242M=0s

2012-10-22 05:12:35 (242 MB/s) - `code/../crawls/seventeen.com/Privacy-Policy/raw/www.seventeen.com/cm/seventeen/styles/redesign/selectbox.css' saved [1618/1618]

--2012-10-22 05:12:35--  http://www.seventeen.com/cm/seventeen/styles/redesign/navigation.css
Reusing existing connection to www.seventeen.com:80.
HTTP request sent, awaiting response... 200 OK
Length: 6679 (6.5K) [text/css]
Saving to: `code/../crawls/seventeen.com/Privacy-Policy/raw/www.seventeen.com/cm/seventeen/styles/redesign/navigation.css'

     0K ......                                                100% 17.2M=0s

2012-10-22 05:12:35 (17.2 MB/s) - `code/../crawls/seventeen.com/Privacy-Policy/raw/www.seventeen.com/cm/seventeen/styles/redesign/navigation.css' saved [6679/6679]

--2012-10-22 05:12:35--  http://www.seventeen.com/cm/seventeen/styles/redesign/circulation.css
Reusing existing connection to www.seventeen.com:80.
HTTP request sent, awaiting response... 200 OK
Length: 2089 (2.0K) [text/css]
Saving to: `code/../crawls/seventeen.com/Privacy-Policy/raw/www.seventeen.com/cm/seventeen/styles/redesign/circulation.css'

     0K ..                                                    100%  301M=0s

2012-10-22 05:12:35 (301 MB/s) - `code/../crawls/seventeen.com/Privacy-Policy/raw/www.seventeen.com/cm/seventeen/styles/redesign/circulation.css' saved [2089/2089]

--2012-10-22 05:12:35--  http://www.seventeen.com/cm/seventeen/styles/redesign/web_search.css
Reusing existing connection to www.seventeen.com:80.
HTTP request sent, awaiting response... 200 OK
Length: 1656 (1.6K) [text/css]
Saving to: `code/../crawls/seventeen.com/Privacy-Policy/raw/www.seventeen.com/cm/seventeen/styles/redesign/web_search.css'

     0K .                                                     100%  240M=0s

2012-10-22 05:12:35 (240 MB/s) - `code/../crawls/seventeen.com/Privacy-Policy/raw/www.seventeen.com/cm/seventeen/styles/redesign/web_search.css' saved [1656/1656]

--2012-10-22 05:12:35--  http://www.seventeen.com/cm/seventeen/styles/redesign/comments.css
Reusing existing connection to www.seventeen.com:80.
HTTP request sent, awaiting response... 200 OK
Length: 4448 (4.3K) [text/css]
Saving to: `code/../crawls/seventeen.com/Privacy-Policy/raw/www.seventeen.com/cm/seventeen/styles/redesign/comments.css'

     0K ....                                                  100% 19.2M=0s

2012-10-22 05:12:35 (19.2 MB/s) - `code/../crawls/seventeen.com/Privacy-Policy/raw/www.seventeen.com/cm/seventeen/styles/redesign/comments.css' saved [4448/4448]

--2012-10-22 05:12:35--  http://www.seventeen.com/cm/seventeen/styles/redesign/article.css
Reusing existing connection to www.seventeen.com:80.
HTTP request sent, awaiting response... 200 OK
Length: 938 [text/css]
Saving to: `code/../crawls/seventeen.com/Privacy-Policy/raw/www.seventeen.com/cm/seventeen/styles/redesign/article.css'

     0K                                                       100%  173M=0s

2012-10-22 05:12:35 (173 MB/s) - `code/../crawls/seventeen.com/Privacy-Policy/raw/www.seventeen.com/cm/seventeen/styles/redesign/article.css' saved [938/938]

--2012-10-22 05:12:35--  http://www.seventeen.com/cm/shared/scripts/jquery-1.4.2.min.js
Reusing existing connection to www.seventeen.com:80.
HTTP request sent, awaiting response... 200 OK
Length: 72173 (70K) [application/x-javascript]
Saving to: `code/../crawls/seventeen.com/Privacy-Policy/raw/www.seventeen.com/cm/shared/scripts/jquery-1.4.2.min.js'

     0K .......... .......... .......... .......... .......... 70% 11.6M 0s
    50K .......... ..........                                 100% 11.4M=0.006s

2012-10-22 05:12:35 (11.5 MB/s) - `code/../crawls/seventeen.com/Privacy-Policy/raw/www.seventeen.com/cm/shared/scripts/jquery-1.4.2.min.js' saved [72173/72173]

--2012-10-22 05:12:35--  http://www.seventeen.com/cm/shared/scripts/jquery.bgiframe.min.js
Reusing existing connection to www.seventeen.com:80.
HTTP request sent, awaiting response... 200 OK
Length: 1517 (1.5K) [application/x-javascript]
Saving to: `code/../crawls/seventeen.com/Privacy-Policy/raw/www.seventeen.com/cm/shared/scripts/jquery.bgiframe.min.js'

     0K .                                                     100%  225M=0s

2012-10-22 05:12:35 (225 MB/s) - `code/../crawls/seventeen.com/Privacy-Policy/raw/www.seventeen.com/cm/shared/scripts/jquery.bgiframe.min.js' saved [1517/1517]

--2012-10-22 05:12:35--  http://www.seventeen.com/cm/shared/scripts/jquery.selectbox.js
Reusing existing connection to www.seventeen.com:80.
HTTP request sent, awaiting response... 200 OK
Length: 6157 (6.0K) [application/x-javascript]
Saving to: `code/../crawls/seventeen.com/Privacy-Policy/raw/www.seventeen.com/cm/shared/scripts/jquery.selectbox.js'

     0K ......                                                100% 21.2M=0s

2012-10-22 05:12:35 (21.2 MB/s) - `code/../crawls/seventeen.com/Privacy-Policy/raw/www.seventeen.com/cm/shared/scripts/jquery.selectbox.js' saved [6157/6157]

--2012-10-22 05:12:35--  http://www.seventeen.com/cm/shared/scripts/jquery.filestyle.js
Reusing existing connection to www.seventeen.com:80.
HTTP request sent, awaiting response... 200 OK
Length: 2750 (2.7K) [application/x-javascript]
Saving to: `code/../crawls/seventeen.com/Privacy-Policy/raw/www.seventeen.com/cm/shared/scripts/jquery.filestyle.js'

     0K ..                                                    100% 36.7M=0s

2012-10-22 05:12:35 (36.7 MB/s) - `code/../crawls/seventeen.com/Privacy-Policy/raw/www.seventeen.com/cm/shared/scripts/jquery.filestyle.js' saved [2750/2750]

--2012-10-22 05:12:35--  http://www.seventeen.com/cm/shared/ria/swfObject1.5/swfobject.js
Reusing existing connection to www.seventeen.com:80.
HTTP request sent, awaiting response... 200 OK
Length: 6887 (6.7K) [application/x-javascript]
Saving to: `code/../crawls/seventeen.com/Privacy-Policy/raw/www.seventeen.com/cm/shared/ria/swfObject1.5/swfobject.js'

     0K ......                                                100% 21.9M=0s

2012-10-22 05:12:35 (21.9 MB/s) - `code/../crawls/seventeen.com/Privacy-Policy/raw/www.seventeen.com/cm/shared/ria/swfObject1.5/swfobject.js' saved [6887/6887]

--2012-10-22 05:12:35--  http://www.seventeen.com/cm/shared/web_search/web_search.js
Reusing existing connection to www.seventeen.com:80.
HTTP request sent, awaiting response... 200 OK
Length: 3743 (3.7K) [application/x-javascript]
Saving to: `code/../crawls/seventeen.com/Privacy-Policy/raw/www.seventeen.com/cm/shared/web_search/web_search.js'

     0K ...                                                   100% 72.1M=0s

2012-10-22 05:12:35 (72.1 MB/s) - `code/../crawls/seventeen.com/Privacy-Policy/raw/www.seventeen.com/cm/shared/web_search/web_search.js' saved [3743/3743]

--2012-10-22 05:12:35--  http://w.sharethis.com/button/sharethis.js
Resolving w.sharethis.com... 206.160.170.48, 206.160.170.51
Connecting to w.sharethis.com|206.160.170.48|:80... connected.
HTTP request sent, awaiting response... 200 OK
Length: unspecified [application/x-javascript]
Saving to: `code/../crawls/seventeen.com/Privacy-Policy/raw/w.sharethis.com/button/sharethis.js'

     0K .......... .......... .......... .......... .......... 6.14M
    50K .......... .......... ..                               11.7M=0.01s

2012-10-22 05:12:35 (7.18 MB/s) - `code/../crawls/seventeen.com/Privacy-Policy/raw/w.sharethis.com/button/sharethis.js' saved [73789]

--2012-10-22 05:12:35--  http://www.seventeen.com/cm/seventeen/scripts/redesign/global.js
Connecting to www.seventeen.com|23.61.194.83|:80... connected.
HTTP request sent, awaiting response... 200 OK
Length: 2611 (2.5K) [application/x-javascript]
Saving to: `code/../crawls/seventeen.com/Privacy-Policy/raw/www.seventeen.com/cm/seventeen/scripts/redesign/global.js'

     0K ..                                                    100%  317M=0s

2012-10-22 05:12:35 (317 MB/s) - `code/../crawls/seventeen.com/Privacy-Policy/raw/www.seventeen.com/cm/seventeen/scripts/redesign/global.js' saved [2611/2611]

--2012-10-22 05:12:35--  http://www.seventeen.com/cm/shared/scripts/refreshads-v2.1.0.js
Reusing existing connection to www.seventeen.com:80.
HTTP request sent, awaiting response... 200 OK
Length: 14447 (14K) [application/x-javascript]
Saving to: `code/../crawls/seventeen.com/Privacy-Policy/raw/www.seventeen.com/cm/shared/scripts/refreshads-v2.1.0.js'

     0K .......... ....                                       100% 4.44M=0.003s

2012-10-22 05:12:36 (4.44 MB/s) - `code/../crawls/seventeen.com/Privacy-Policy/raw/www.seventeen.com/cm/shared/scripts/refreshads-v2.1.0.js' saved [14447/14447]

The name is too long, 814 chars total.
Trying to shorten...
New name is page-ads.js?ad_category_prefix=&ad_sub_category_prefix=&ams_promo=&amz_browse_node_ids=&amz_search_indexes=&article_type_prefix.
The name is too long, 814 chars total.
Trying to shorten...
New name is page-ads.js?ad_category_prefix=&ad_sub_category_prefix=&ams_promo=&amz_browse_node_ids=&amz_search_indexes=&article_type_prefix.
--2012-10-22 05:12:36--  http://www.seventeen.com/ams/page-ads.js?ad_category_prefix=&ad_sub_category_prefix=&ams_promo=&amz_browse_node_ids=&amz_search_indexes=&article_type_prefix=article&browser_path=%2Fabout%2Fprivacy-policy&cat_prefixes=&keywords=&position_list=ams_17_networktout%2Cams_app_svn_foot_link%2Cams_app_svn_nav_link%2Cams_circ_svn_300x300%2Cams_circ_svn_sub_nav_link%2Cams_digital_svn_foot_link%2Cams_digital_svn_nav_link%2Cams_mbox_svn_global%2Cams_seventeen_fixed_panel%2Cams_seventeen_footer%2Cams_seventeen_gallery%2Cams_seventeen_hpto_inner%2Cams_seventeen_meebo%2Cams_seventeen_smartbot%2Cams_seventeen_smarttop%2Cams_seventeen_sponsored_links%2Cams_seventeen_top%2Cams_svn_205x92_header%2Cams_svn_circ_takeover%2Cams_svn_epic%2Cams_svn_social_ad&section_prefix=about&site_prefix=seventeen&sub_cat_prefixes=&subdomain=www&url_name=privacy-policy
Reusing existing connection to www.seventeen.com:80.
HTTP request sent, awaiting response... 200 OK
Length: 22070 (22K) [application/x-javascript]
Saving to: `code/../crawls/seventeen.com/Privacy-Policy/raw/www.seventeen.com/ams/page-ads.js?ad_category_prefix=&ad_sub_category_prefix=&ams_promo=&amz_browse_node_ids=&amz_search_indexes=&article_type_prefix'

     0K .......... .......... .                               100% 3.82M=0.006s

2012-10-22 05:12:36 (3.82 MB/s) - `code/../crawls/seventeen.com/Privacy-Policy/raw/www.seventeen.com/ams/page-ads.js?ad_category_prefix=&ad_sub_category_prefix=&ams_promo=&amz_browse_node_ids=&amz_search_indexes=&article_type_prefix' saved [22070/22070]

--2012-10-22 05:12:36--  http://www.seventeen.com/cm/shared/scripts/modernizr-1.7.min.js
Reusing existing connection to www.seventeen.com:80.
HTTP request sent, awaiting response... 200 OK
Length: 9021 (8.8K) [application/x-javascript]
Saving to: `code/../crawls/seventeen.com/Privacy-Policy/raw/www.seventeen.com/cm/shared/scripts/modernizr-1.7.min.js'

     0K ........                                              100% 16.5M=0.001s

2012-10-22 05:12:36 (16.5 MB/s) - `code/../crawls/seventeen.com/Privacy-Policy/raw/www.seventeen.com/cm/shared/scripts/modernizr-1.7.min.js' saved [9021/9021]

--2012-10-22 05:12:36--  http://www.seventeen.com/cm/shared/scripts/hdm-lib.js
Reusing existing connection to www.seventeen.com:80.
HTTP request sent, awaiting response... 200 OK
Length: 109007 (106K) [application/x-javascript]
Saving to: `code/../crawls/seventeen.com/Privacy-Policy/raw/www.seventeen.com/cm/shared/scripts/hdm-lib.js'

     0K .......... .......... .......... .......... .......... 46% 6.91M 0s
    50K .......... .......... .......... .......... .......... 93% 9.61M 0s
   100K ......                                                100% 15.7M=0.01s

2012-10-22 05:12:36 (8.29 MB/s) - `code/../crawls/seventeen.com/Privacy-Policy/raw/www.seventeen.com/cm/shared/scripts/hdm-lib.js' saved [109007/109007]

--2012-10-22 05:12:36--  http://www.seventeen.com/cm/shared/scripts/fixed-panel-ad.js
Reusing existing connection to www.seventeen.com:80.
HTTP request sent, awaiting response... 200 OK
Length: 1096 (1.1K) [application/x-javascript]
Saving to: `code/../crawls/seventeen.com/Privacy-Policy/raw/www.seventeen.com/cm/shared/scripts/fixed-panel-ad.js'

     0K .                                                     100%  194M=0s

2012-10-22 05:12:36 (194 MB/s) - `code/../crawls/seventeen.com/Privacy-Policy/raw/www.seventeen.com/cm/shared/scripts/fixed-panel-ad.js' saved [1096/1096]

--2012-10-22 05:12:36--  http://www.seventeen.com/cm/shared/audience_science/audience_science_segment_reader.js
Reusing existing connection to www.seventeen.com:80.
HTTP request sent, awaiting response... 200 OK
Length: 516 [application/x-javascript]
Saving to: `code/../crawls/seventeen.com/Privacy-Policy/raw/www.seventeen.com/cm/shared/audience_science/audience_science_segment_reader.js'

     0K                                                       100% 85.3M=0s

2012-10-22 05:12:36 (85.3 MB/s) - `code/../crawls/seventeen.com/Privacy-Policy/raw/www.seventeen.com/cm/shared/audience_science/audience_science_segment_reader.js' saved [516/516]

--2012-10-22 05:12:36--  https://apis.google.com/js/plusone.js
Resolving apis.google.com... 173.194.41.71, 173.194.41.72, 173.194.41.73, ...
Connecting to apis.google.com|173.194.41.71|:443... connected.
HTTP request sent, awaiting response... 200 OK
Length: unspecified [application/javascript]
Saving to: `code/../crawls/seventeen.com/Privacy-Policy/raw/apis.google.com/js/plusone.js'

     0K ......                                                 17.9M=0s

2012-10-22 05:12:37 (17.9 MB/s) - `code/../crawls/seventeen.com/Privacy-Policy/raw/apis.google.com/js/plusone.js' saved [6568]

--2012-10-22 05:12:37--  http://www.seventeen.com/cm/seventeen/styles/autocomplete.css
Connecting to www.seventeen.com|23.61.194.83|:80... connected.
HTTP request sent, awaiting response... 200 OK
Length: 881 [text/css]
Saving to: `code/../crawls/seventeen.com/Privacy-Policy/raw/www.seventeen.com/cm/seventeen/styles/autocomplete.css'

     0K                                                       100%  140M=0s

2012-10-22 05:12:37 (140 MB/s) - `code/../crawls/seventeen.com/Privacy-Policy/raw/www.seventeen.com/cm/seventeen/styles/autocomplete.css' saved [881/881]

--2012-10-22 05:12:37--  http://www.seventeen.com/cm/shared/scripts/autocomplete_bgiframe.js
Reusing existing connection to www.seventeen.com:80.
HTTP request sent, awaiting response... 200 OK
Length: 7515 (7.3K) [application/x-javascript]
Saving to: `code/../crawls/seventeen.com/Privacy-Policy/raw/www.seventeen.com/cm/shared/scripts/autocomplete_bgiframe.js'

     0K .......                                               100% 18.0M=0s

2012-10-22 05:12:37 (18.0 MB/s) - `code/../crawls/seventeen.com/Privacy-Policy/raw/www.seventeen.com/cm/shared/scripts/autocomplete_bgiframe.js' saved [7515/7515]

--2012-10-22 05:12:37--  http://www.seventeen.com/cm/seventeen/site_images/redesign/buttons/network/seventeen-active.png
Reusing existing connection to www.seventeen.com:80.
HTTP request sent, awaiting response... 200 OK
Length: 2056 (2.0K) [image/png]
Saving to: `code/../crawls/seventeen.com/Privacy-Policy/raw/www.seventeen.com/cm/seventeen/site_images/redesign/buttons/network/seventeen-active.png'

     0K ..                                                    100%  291M=0s

2012-10-22 05:12:37 (291 MB/s) - `code/../crawls/seventeen.com/Privacy-Policy/raw/www.seventeen.com/cm/seventeen/site_images/redesign/buttons/network/seventeen-active.png' saved [2056/2056]

--2012-10-22 05:12:37--  http://www.seventeen.com/cm/seventeen/site_images/redesign/buttons/network/cosmogirl.png
Reusing existing connection to www.seventeen.com:80.
HTTP request sent, awaiting response... 200 OK
Length: 1522 (1.5K) [image/png]
Saving to: `code/../crawls/seventeen.com/Privacy-Policy/raw/www.seventeen.com/cm/seventeen/site_images/redesign/buttons/network/cosmogirl.png'

     0K .                                                     100%  235M=0s

2012-10-22 05:12:37 (235 MB/s) - `code/../crawls/seventeen.com/Privacy-Policy/raw/www.seventeen.com/cm/seventeen/site_images/redesign/buttons/network/cosmogirl.png' saved [1522/1522]

--2012-10-22 05:12:37--  http://www.seventeen.com/cm/seventeen/site_images/redesign/buttons/network/teenmag.png
Reusing existing connection to www.seventeen.com:80.
HTTP request sent, awaiting response... 200 OK
Length: 1008 [image/png]
Saving to: `code/../crawls/seventeen.com/Privacy-Policy/raw/www.seventeen.com/cm/seventeen/site_images/redesign/buttons/network/teenmag.png'

     0K                                                       100%  178M=0s

2012-10-22 05:12:37 (178 MB/s) - `code/../crawls/seventeen.com/Privacy-Policy/raw/www.seventeen.com/cm/seventeen/site_images/redesign/buttons/network/teenmag.png' saved [1008/1008]

--2012-10-22 05:12:37--  http://www.seventeen.com/cm/seventeen/site_images/redesign/buttons/network/misquince.png
Reusing existing connection to www.seventeen.com:80.
HTTP request sent, awaiting response... 200 OK
Length: 1458 (1.4K) [image/png]
Saving to: `code/../crawls/seventeen.com/Privacy-Policy/raw/www.seventeen.com/cm/seventeen/site_images/redesign/buttons/network/misquince.png'

     0K .                                                     100%  217M=0s

2012-10-22 05:12:37 (217 MB/s) - `code/../crawls/seventeen.com/Privacy-Policy/raw/www.seventeen.com/cm/seventeen/site_images/redesign/buttons/network/misquince.png' saved [1458/1458]

--2012-10-22 05:12:37--  http://www.seventeen.com/cm/seventeen/site_images/redesign/buttons/network/donatemydress.png
Reusing existing connection to www.seventeen.com:80.
HTTP request sent, awaiting response... 200 OK
Length: 1963 (1.9K) [image/png]
Saving to: `code/../crawls/seventeen.com/Privacy-Policy/raw/www.seventeen.com/cm/seventeen/site_images/redesign/buttons/network/donatemydress.png'

     0K .                                                     100%  295M=0s

2012-10-22 05:12:37 (295 MB/s) - `code/../crawls/seventeen.com/Privacy-Policy/raw/www.seventeen.com/cm/seventeen/site_images/redesign/buttons/network/donatemydress.png' saved [1963/1963]

--2012-10-22 05:12:37--  http://www.seventeen.com/cm/seventeen/site_images/redesign/logo.png
Reusing existing connection to www.seventeen.com:80.
HTTP request sent, awaiting response... 200 OK
Length: 37700 (37K) [image/png]
Saving to: `code/../crawls/seventeen.com/Privacy-Policy/raw/www.seventeen.com/cm/seventeen/site_images/redesign/logo.png'

     0K .......... .......... .......... ......               100% 4.35M=0.008s

2012-10-22 05:12:37 (4.35 MB/s) - `code/../crawls/seventeen.com/Privacy-Policy/raw/www.seventeen.com/cm/seventeen/site_images/redesign/logo.png' saved [37700/37700]

--2012-10-22 05:12:37--  http://www.seventeen.com/cm/seventeen/site_images/redesign/buttons/search.png
Reusing existing connection to www.seventeen.com:80.
HTTP request sent, awaiting response... 200 OK
Length: 1663 (1.6K) [image/png]
Saving to: `code/../crawls/seventeen.com/Privacy-Policy/raw/www.seventeen.com/cm/seventeen/site_images/redesign/buttons/search.png'

     0K .                                                     100%  248M=0s

2012-10-22 05:12:37 (248 MB/s) - `code/../crawls/seventeen.com/Privacy-Policy/raw/www.seventeen.com/cm/seventeen/site_images/redesign/buttons/search.png' saved [1663/1663]

--2012-10-22 05:12:37--  http://www.seventeen.com/cm/seventeen/site_images/redesign/buttons/heart.png
Reusing existing connection to www.seventeen.com:80.
HTTP request sent, awaiting response... 200 OK
Length: 275 [image/png]
Saving to: `code/../crawls/seventeen.com/Privacy-Policy/raw/www.seventeen.com/cm/seventeen/site_images/redesign/buttons/heart.png'

     0K                                                       100% 51.3M=0s

2012-10-22 05:12:37 (51.3 MB/s) - `code/../crawls/seventeen.com/Privacy-Policy/raw/www.seventeen.com/cm/seventeen/site_images/redesign/buttons/heart.png' saved [275/275]

--2012-10-22 05:12:37--  http://www.seventeen.com/cm/shared/images/design/s.gif
Reusing existing connection to www.seventeen.com:80.
HTTP request sent, awaiting response... 200 OK
Length: 49 [image/gif]
Saving to: `code/../crawls/seventeen.com/Privacy-Policy/raw/www.seventeen.com/cm/shared/images/design/s.gif'

     0K                                                       100% 8.73M=0s

2012-10-22 05:12:37 (8.73 MB/s) - `code/../crawls/seventeen.com/Privacy-Policy/raw/www.seventeen.com/cm/shared/images/design/s.gif' saved [49/49]

--2012-10-22 05:12:37--  http://www.seventeen.com/cm/seventeen/images/zJ/sev-jenner-sisters-beauty-5-smn-9795891.jpg
Reusing existing connection to www.seventeen.com:80.
HTTP request sent, awaiting response... 200 OK
Length: 7715 (7.5K) [image/jpeg]
Saving to: `code/../crawls/seventeen.com/Privacy-Policy/raw/www.seventeen.com/cm/seventeen/images/zJ/sev-jenner-sisters-beauty-5-smn-9795891.jpg'

     0K .......                                               100% 20.7M=0s

2012-10-22 05:12:37 (20.7 MB/s) - `code/../crawls/seventeen.com/Privacy-Policy/raw/www.seventeen.com/cm/seventeen/images/zJ/sev-jenner-sisters-beauty-5-smn-9795891.jpg' saved [7715/7715]

--2012-10-22 05:12:37--  http://www.seventeen.com/cm/seventeen/site_images/redesign/buttons/more.png
Reusing existing connection to www.seventeen.com:80.
HTTP request sent, awaiting response... 200 OK
Length: 1557 (1.5K) [image/png]
Saving to: `code/../crawls/seventeen.com/Privacy-Policy/raw/www.seventeen.com/cm/seventeen/site_images/redesign/buttons/more.png'

     0K .                                                     100%  227M=0s

2012-10-22 05:12:37 (227 MB/s) - `code/../crawls/seventeen.com/Privacy-Policy/raw/www.seventeen.com/cm/seventeen/site_images/redesign/buttons/more.png' saved [1557/1557]

--2012-10-22 05:12:37--  http://www.seventeen.com/cm/seventeen/site_images/redesign/starbursts/nav/fun.png
Reusing existing connection to www.seventeen.com:80.
HTTP request sent, awaiting response... 200 OK
Length: 1231 (1.2K) [image/png]
Saving to: `code/../crawls/seventeen.com/Privacy-Policy/raw/www.seventeen.com/cm/seventeen/site_images/redesign/starbursts/nav/fun.png'

     0K .                                                     100%  175M=0s

2012-10-22 05:12:37 (175 MB/s) - `code/../crawls/seventeen.com/Privacy-Policy/raw/www.seventeen.com/cm/seventeen/site_images/redesign/starbursts/nav/fun.png' saved [1231/1231]

--2012-10-22 05:12:37--  http://www.seventeen.com/cm/seventeen/images/Q5/sev-diandra-smn.jpg
Reusing existing connection to www.seventeen.com:80.
HTTP request sent, awaiting response... 200 OK
Length: 5883 (5.7K) [image/jpeg]
Saving to: `code/../crawls/seventeen.com/Privacy-Policy/raw/www.seventeen.com/cm/seventeen/images/Q5/sev-diandra-smn.jpg'

     0K .....                                                 100% 21.5M=0s

2012-10-22 05:12:37 (21.5 MB/s) - `code/../crawls/seventeen.com/Privacy-Policy/raw/www.seventeen.com/cm/seventeen/images/Q5/sev-diandra-smn.jpg' saved [5883/5883]

--2012-10-22 05:12:37--  http://www.seventeen.com/cm/seventeen/site_images/redesign/starbursts/nav/fashion.png
Reusing existing connection to www.seventeen.com:80.
HTTP request sent, awaiting response... 200 OK
Length: 1264 (1.2K) [image/png]
Saving to: `code/../crawls/seventeen.com/Privacy-Policy/raw/www.seventeen.com/cm/seventeen/site_images/redesign/starbursts/nav/fashion.png'

     0K .                                                     100%  190M=0s

2012-10-22 05:12:37 (190 MB/s) - `code/../crawls/seventeen.com/Privacy-Policy/raw/www.seventeen.com/cm/seventeen/site_images/redesign/starbursts/nav/fashion.png' saved [1264/1264]

--2012-10-22 05:12:37--  http://www.seventeen.com/cm/seventeen/misc/qI/sev-must-haves-hayley-smn
Reusing existing connection to www.seventeen.com:80.
HTTP request sent, awaiting response... 200 OK
Length: 6465 (6.3K) [text/html]
Saving to: `code/../crawls/seventeen.com/Privacy-Policy/raw/www.seventeen.com/cm/seventeen/misc/qI/sev-must-haves-hayley-smn.html'

     0K ......                                                100% 19.6M=0s

2012-10-22 05:12:37 (19.6 MB/s) - `code/../crawls/seventeen.com/Privacy-Policy/raw/www.seventeen.com/cm/seventeen/misc/qI/sev-must-haves-hayley-smn.html' saved [6465/6465]

--2012-10-22 05:12:37--  http://www.seventeen.com/cm/seventeen/site_images/redesign/starbursts/nav/beauty.png
Reusing existing connection to www.seventeen.com:80.
HTTP request sent, awaiting response... 200 OK
Length: 1228 (1.2K) [image/png]
Saving to: `code/../crawls/seventeen.com/Privacy-Policy/raw/www.seventeen.com/cm/seventeen/site_images/redesign/starbursts/nav/beauty.png'

     0K .                                                     100%  187M=0s

2012-10-22 05:12:37 (187 MB/s) - `code/../crawls/seventeen.com/Privacy-Policy/raw/www.seventeen.com/cm/seventeen/site_images/redesign/starbursts/nav/beauty.png' saved [1228/1228]

--2012-10-22 05:12:37--  http://www.seventeen.com/cm/seventeen/misc/w0/-small_new.ev-willow-holland-arrow
Reusing existing connection to www.seventeen.com:80.
HTTP request sent, awaiting response... 200 OK
Length: 44657 (44K) [text/html]
Saving to: `code/../crawls/seventeen.com/Privacy-Policy/raw/www.seventeen.com/cm/seventeen/misc/w0/-small_new.ev-willow-holland-arrow.html'

     0K .......... .......... .......... .......... ...       100% 8.68M=0.005s

2012-10-22 05:12:37 (8.68 MB/s) - `code/../crawls/seventeen.com/Privacy-Policy/raw/www.seventeen.com/cm/seventeen/misc/w0/-small_new.ev-willow-holland-arrow.html' saved [44657/44657]

--2012-10-22 05:12:37--  http://www.seventeen.com/cm/seventeen/site_images/redesign/starbursts/nav/entertainment.png
Reusing existing connection to www.seventeen.com:80.
HTTP request sent, awaiting response... 200 OK
Length: 1245 (1.2K) [image/png]
Saving to: `code/../crawls/seventeen.com/Privacy-Policy/raw/www.seventeen.com/cm/seventeen/site_images/redesign/starbursts/nav/entertainment.png'

     0K .                                                     100%  188M=0s

2012-10-22 05:12:37 (188 MB/s) - `code/../crawls/seventeen.com/Privacy-Policy/raw/www.seventeen.com/cm/seventeen/site_images/redesign/starbursts/nav/entertainment.png' saved [1245/1245]

--2012-10-22 05:12:37--  http://www.seventeen.com/cm/seventeen/images/5b/SEV-too-clingy-nq-smn.jpg
Reusing existing connection to www.seventeen.com:80.
HTTP request sent, awaiting response... 200 OK
Length: 6315 (6.2K) [image/jpeg]
Saving to: `code/../crawls/seventeen.com/Privacy-Policy/raw/www.seventeen.com/cm/seventeen/images/5b/SEV-too-clingy-nq-smn.jpg'

     0K ......                                                100% 23.5M=0s

2012-10-22 05:12:37 (23.5 MB/s) - `code/../crawls/seventeen.com/Privacy-Policy/raw/www.seventeen.com/cm/seventeen/images/5b/SEV-too-clingy-nq-smn.jpg' saved [6315/6315]

--2012-10-22 05:12:37--  http://www.seventeen.com/cm/seventeen/site_images/redesign/starbursts/nav/love.png
Reusing existing connection to www.seventeen.com:80.
HTTP request sent, awaiting response... 200 OK
Length: 1266 (1.2K) [image/png]
Saving to: `code/../crawls/seventeen.com/Privacy-Policy/raw/www.seventeen.com/cm/seventeen/site_images/redesign/starbursts/nav/love.png'

     0K .                                                     100%  196M=0s

2012-10-22 05:12:37 (196 MB/s) - `code/../crawls/seventeen.com/Privacy-Policy/raw/www.seventeen.com/cm/seventeen/site_images/redesign/starbursts/nav/love.png' saved [1266/1266]

--2012-10-22 05:12:37--  http://www.seventeen.com/cm/seventeen/images/wK/peace-sign-large-smn.jpg
Reusing existing connection to www.seventeen.com:80.
HTTP request sent, awaiting response... 200 OK
Length: 25737 (25K) [image/jpeg]
Saving to: `code/../crawls/seventeen.com/Privacy-Policy/raw/www.seventeen.com/cm/seventeen/images/wK/peace-sign-large-smn.jpg'

     0K .......... .......... .....                           100% 11.3M=0.002s

2012-10-22 05:12:37 (11.3 MB/s) - `code/../crawls/seventeen.com/Privacy-Policy/raw/www.seventeen.com/cm/seventeen/images/wK/peace-sign-large-smn.jpg' saved [25737/25737]

--2012-10-22 05:12:37--  http://www.seventeen.com/cm/seventeen/site_images/redesign/starbursts/nav/health.png
Reusing existing connection to www.seventeen.com:80.
HTTP request sent, awaiting response... 200 OK
Length: 1285 (1.3K) [image/png]
Saving to: `code/../crawls/seventeen.com/Privacy-Policy/raw/www.seventeen.com/cm/seventeen/site_images/redesign/starbursts/nav/health.png'

     0K .                                                     100%  199M=0s

2012-10-22 05:12:37 (199 MB/s) - `code/../crawls/seventeen.com/Privacy-Policy/raw/www.seventeen.com/cm/seventeen/site_images/redesign/starbursts/nav/health.png' saved [1285/1285]

--2012-10-22 05:12:37--  http://www.seventeen.com/cm/seventeen/images/Xo/sev-classes-iphone-smn.jpg
Reusing existing connection to www.seventeen.com:80.
HTTP request sent, awaiting response... 200 OK
Length: 4634 (4.5K) [image/jpeg]
Saving to: `code/../crawls/seventeen.com/Privacy-Policy/raw/www.seventeen.com/cm/seventeen/images/Xo/sev-classes-iphone-smn.jpg'

     0K ....                                                  100% 34.8M=0s

2012-10-22 05:12:37 (34.8 MB/s) - `code/../crawls/seventeen.com/Privacy-Policy/raw/www.seventeen.com/cm/seventeen/images/Xo/sev-classes-iphone-smn.jpg' saved [4634/4634]

--2012-10-22 05:12:37--  http://www.seventeen.com/cm/seventeen/site_images/redesign/starbursts/nav/college.png
Reusing existing connection to www.seventeen.com:80.
HTTP request sent, awaiting response... 200 OK
Length: 1233 (1.2K) [image/png]
Saving to: `code/../crawls/seventeen.com/Privacy-Policy/raw/www.seventeen.com/cm/seventeen/site_images/redesign/starbursts/nav/college.png'

     0K .                                                     100%  189M=0s

2012-10-22 05:12:37 (189 MB/s) - `code/../crawls/seventeen.com/Privacy-Policy/raw/www.seventeen.com/cm/seventeen/site_images/redesign/starbursts/nav/college.png' saved [1233/1233]

--2012-10-22 05:12:37--  http://www.seventeen.com/cm/seventeen/images/Vd/sev-kelli-fairy-smn.jpg
Reusing existing connection to www.seventeen.com:80.
HTTP request sent, awaiting response... 200 OK
Length: 5277 (5.2K) [image/jpeg]
Saving to: `code/../crawls/seventeen.com/Privacy-Policy/raw/www.seventeen.com/cm/seventeen/images/Vd/sev-kelli-fairy-smn.jpg'

     0K .....                                                 100% 21.4M=0s

2012-10-22 05:12:37 (21.4 MB/s) - `code/../crawls/seventeen.com/Privacy-Policy/raw/www.seventeen.com/cm/seventeen/images/Vd/sev-kelli-fairy-smn.jpg' saved [5277/5277]

--2012-10-22 05:12:37--  http://www.seventeen.com/cm/seventeen/site_images/redesign/starbursts/nav/parties.png
Reusing existing connection to www.seventeen.com:80.
HTTP request sent, awaiting response... 200 OK
Length: 1273 (1.2K) [image/png]
Saving to: `code/../crawls/seventeen.com/Privacy-Policy/raw/www.seventeen.com/cm/seventeen/site_images/redesign/starbursts/nav/parties.png'

     0K .                                                     100%  196M=0s

2012-10-22 05:12:37 (196 MB/s) - `code/../crawls/seventeen.com/Privacy-Policy/raw/www.seventeen.com/cm/seventeen/site_images/redesign/starbursts/nav/parties.png' saved [1273/1273]

--2012-10-22 05:12:37--  http://www.seventeen.com/cm/shared/epic/seventeen/images/tooltip-top.png
Reusing existing connection to www.seventeen.com:80.
HTTP request sent, awaiting response... 200 OK
Length: 830 [image/png]
Saving to: `code/../crawls/seventeen.com/Privacy-Policy/raw/www.seventeen.com/cm/shared/epic/seventeen/images/tooltip-top.png'

     0K                                                       100%  140M=0s

2012-10-22 05:12:37 (140 MB/s) - `code/../crawls/seventeen.com/Privacy-Policy/raw/www.seventeen.com/cm/shared/epic/seventeen/images/tooltip-top.png' saved [830/830]

--2012-10-22 05:12:37--  http://www.seventeen.com/cm/shared/epic/seventeen/images/tooltip-body.png
Reusing existing connection to www.seventeen.com:80.
HTTP request sent, awaiting response... 200 OK
Length: 198 [image/png]
Saving to: `code/../crawls/seventeen.com/Privacy-Policy/raw/www.seventeen.com/cm/shared/epic/seventeen/images/tooltip-body.png'

     0K                                                       100% 36.4M=0s

2012-10-22 05:12:37 (36.4 MB/s) - `code/../crawls/seventeen.com/Privacy-Policy/raw/www.seventeen.com/cm/shared/epic/seventeen/images/tooltip-body.png' saved [198/198]

--2012-10-22 05:12:37--  http://www.seventeen.com/cm/shared/epic/seventeen/images/tooltip-bottom.png
Reusing existing connection to www.seventeen.com:80.
HTTP request sent, awaiting response... 200 OK
Length: 484 [image/png]
Saving to: `code/../crawls/seventeen.com/Privacy-Policy/raw/www.seventeen.com/cm/shared/epic/seventeen/images/tooltip-bottom.png'

     0K                                                       100% 88.6M=0s

2012-10-22 05:12:37 (88.6 MB/s) - `code/../crawls/seventeen.com/Privacy-Policy/raw/www.seventeen.com/cm/shared/epic/seventeen/images/tooltip-bottom.png' saved [484/484]

--2012-10-22 05:12:37--  http://policy.hearstmags.com.edgesuite.net/privacy.js
Resolving policy.hearstmags.com.edgesuite.net... 23.61.194.50, 23.61.194.34
Connecting to policy.hearstmags.com.edgesuite.net|23.61.194.50|:80... connected.
HTTP request sent, awaiting response... 200 OK
Length: 30859 (30K) [application/x-javascript]
Saving to: `code/../crawls/seventeen.com/Privacy-Policy/raw/policy.hearstmags.com.edgesuite.net/privacy.js'

     0K .......... .......... ..........                      100% 4.66M=0.006s

2012-10-22 05:12:37 (4.66 MB/s) - `code/../crawls/seventeen.com/Privacy-Policy/raw/policy.hearstmags.com.edgesuite.net/privacy.js' saved [30859/30859]

--2012-10-22 05:12:37--  http://www.seventeen.com/cm/seventeen/site_images/redesign/arrows/standard.png
Connecting to www.seventeen.com|23.61.194.83|:80... connected.
HTTP request sent, awaiting response... 200 OK
Length: 382 [image/png]
Saving to: `code/../crawls/seventeen.com/Privacy-Policy/raw/www.seventeen.com/cm/seventeen/site_images/redesign/arrows/standard.png'

     0K                                                       100% 62.6M=0s

2012-10-22 05:12:37 (62.6 MB/s) - `code/../crawls/seventeen.com/Privacy-Policy/raw/www.seventeen.com/cm/seventeen/site_images/redesign/arrows/standard.png' saved [382/382]

--2012-10-22 05:12:37--  http://www.seventeen.com/cm/seventeen/images/1s/sev-rush-lindsey-caldwell-smn.jpg
Reusing existing connection to www.seventeen.com:80.
HTTP request sent, awaiting response... 200 OK
Length: 6779 (6.6K) [image/jpeg]
Saving to: `code/../crawls/seventeen.com/Privacy-Policy/raw/www.seventeen.com/cm/seventeen/images/1s/sev-rush-lindsey-caldwell-smn.jpg'

     0K ......                                                100% 24.6M=0s

2012-10-22 05:12:37 (24.6 MB/s) - `code/../crawls/seventeen.com/Privacy-Policy/raw/www.seventeen.com/cm/seventeen/images/1s/sev-rush-lindsey-caldwell-smn.jpg' saved [6779/6779]

--2012-10-22 05:12:37--  http://www.seventeen.com/cm/seventeen/images/zg/sev-the-notebook-smn.jpg
Reusing existing connection to www.seventeen.com:80.
HTTP request sent, awaiting response... 200 OK
Length: 8234 (8.0K) [image/jpeg]
Saving to: `code/../crawls/seventeen.com/Privacy-Policy/raw/www.seventeen.com/cm/seventeen/images/zg/sev-the-notebook-smn.jpg'

     0K ........                                              100% 16.4M=0s

2012-10-22 05:12:37 (16.4 MB/s) - `code/../crawls/seventeen.com/Privacy-Policy/raw/www.seventeen.com/cm/seventeen/images/zg/sev-the-notebook-smn.jpg' saved [8234/8234]

--2012-10-22 05:12:37--  http://www.seventeen.com/cm/seventeen/images/zF/sev-american-eagle-cute-winter-jackets-smn.jpg
Reusing existing connection to www.seventeen.com:80.
HTTP request sent, awaiting response... 200 OK
Length: 5120 (5.0K) [image/jpeg]
Saving to: `code/../crawls/seventeen.com/Privacy-Policy/raw/www.seventeen.com/cm/seventeen/images/zF/sev-american-eagle-cute-winter-jackets-smn.jpg'

     0K .....                                                 100% 37.0M=0s

2012-10-22 05:12:37 (37.0 MB/s) - `code/../crawls/seventeen.com/Privacy-Policy/raw/www.seventeen.com/cm/seventeen/images/zF/sev-american-eagle-cute-winter-jackets-smn.jpg' saved [5120/5120]

--2012-10-22 05:12:37--  http://www.seventeen.com/cm/seventeen/images/qw/sev-leroy-sanchez-pbXP5s-cotw.jpg
Reusing existing connection to www.seventeen.com:80.
HTTP request sent, awaiting response... 200 OK
Length: 25201 (25K) [image/jpeg]
Saving to: `code/../crawls/seventeen.com/Privacy-Policy/raw/www.seventeen.com/cm/seventeen/images/qw/sev-leroy-sanchez-pbXP5s-cotw.jpg'

     0K .......... .......... ....                            100% 6.32M=0.004s

2012-10-22 05:12:37 (6.32 MB/s) - `code/../crawls/seventeen.com/Privacy-Policy/raw/www.seventeen.com/cm/seventeen/images/qw/sev-leroy-sanchez-pbXP5s-cotw.jpg' saved [25201/25201]

--2012-10-22 05:12:37--  http://www.seventeen.com/cm/shared/social/social_tools.js
Reusing existing connection to www.seventeen.com:80.
HTTP request sent, awaiting response... 200 OK
Length: 13015 (13K) [application/x-javascript]
Saving to: `code/../crawls/seventeen.com/Privacy-Policy/raw/www.seventeen.com/cm/shared/social/social_tools.js'

     0K .......... ..                                         100% 14.8M=0.001s

2012-10-22 05:12:37 (14.8 MB/s) - `code/../crawls/seventeen.com/Privacy-Policy/raw/www.seventeen.com/cm/shared/social/social_tools.js' saved [13015/13015]

--2012-10-22 05:12:37--  https://subscribe.hearstmags.com/circulation/seventeen/images/svn_cvr-thumb.jpg
Resolving subscribe.hearstmags.com... 23.56.115.171
Connecting to subscribe.hearstmags.com|23.56.115.171|:443... connected.
HTTP request sent, awaiting response... 200 OK
Length: 11721 (11K) [image/jpeg]
Saving to: `code/../crawls/seventeen.com/Privacy-Policy/raw/subscribe.hearstmags.com/circulation/seventeen/images/svn_cvr-thumb.jpg'

     0K .......... .                                          100%  248M=0s

2012-10-22 05:12:37 (248 MB/s) - `code/../crawls/seventeen.com/Privacy-Policy/raw/subscribe.hearstmags.com/circulation/seventeen/images/svn_cvr-thumb.jpg' saved [11721/11721]

--2012-10-22 05:12:37--  http://platform.twitter.com/widgets/follow_button.html?screen_name=seventeenmag&size=large
Resolving platform.twitter.com... 23.56.127.144
Connecting to platform.twitter.com|23.56.127.144|:80... connected.
HTTP request sent, awaiting response... 200 OK
Length: unspecified [text/html]
Saving to: `code/../crawls/seventeen.com/Privacy-Policy/raw/platform.twitter.com/widgets/follow_button.html?screen_name=seventeenmag&size=large.html'

     0K .......... .......... .......... .......... .......... 5.37M
    50K .......... .......                                     11.4M=0.01s

2012-10-22 05:12:37 (6.23 MB/s) - `code/../crawls/seventeen.com/Privacy-Policy/raw/platform.twitter.com/widgets/follow_button.html?screen_name=seventeenmag&size=large.html' saved [69174]

--2012-10-22 05:12:37--  http://admin.brightcove.com/js/BrightcoveExperiences.js
Resolving admin.brightcove.com... 23.61.194.74, 23.61.194.34
Connecting to admin.brightcove.com|23.61.194.74|:80... connected.
HTTP request sent, awaiting response... 200 OK
Length: 28673 (28K) [application/x-javascript]
Saving to: `code/../crawls/seventeen.com/Privacy-Policy/raw/admin.brightcove.com/js/BrightcoveExperiences.js'

     0K .......... .......... ........                        100% 3.04M=0.009s

2012-10-22 05:12:37 (3.04 MB/s) - `code/../crawls/seventeen.com/Privacy-Policy/raw/admin.brightcove.com/js/BrightcoveExperiences.js' saved [28673/28673]

--2012-10-22 05:12:37--  http://www.seventeen.com/cm/seventeen/site_images/redesign/starbursts/win.png
Connecting to www.seventeen.com|23.61.194.83|:80... connected.
HTTP request sent, awaiting response... 200 OK
Length: 1923 (1.9K) [image/png]
Saving to: `code/../crawls/seventeen.com/Privacy-Policy/raw/www.seventeen.com/cm/seventeen/site_images/redesign/starbursts/win.png'

     0K .                                                     100%  272M=0s

2012-10-22 05:12:37 (272 MB/s) - `code/../crawls/seventeen.com/Privacy-Policy/raw/www.seventeen.com/cm/seventeen/site_images/redesign/starbursts/win.png' saved [1923/1923]

--2012-10-22 05:12:37--  http://subscribe.hearstmags.com/circulation/shared/images/sev-october-freebie-22-smn.jpg
Connecting to subscribe.hearstmags.com|23.56.115.171|:80... connected.
HTTP request sent, awaiting response... 200 OK
Length: 2217 (2.2K) [image/jpeg]
Saving to: `code/../crawls/seventeen.com/Privacy-Policy/raw/subscribe.hearstmags.com/circulation/shared/images/sev-october-freebie-22-smn.jpg'

     0K ..                                                    100%  292M=0s

2012-10-22 05:12:37 (292 MB/s) - `code/../crawls/seventeen.com/Privacy-Policy/raw/subscribe.hearstmags.com/circulation/shared/images/sev-october-freebie-22-smn.jpg' saved [2217/2217]

--2012-10-22 05:12:37--  http://answerology.seventeen.com//cobrands/seventeen/widgets/seventeen_rightrail/assets/tab_1.png
Resolving answerology.seventeen.com... 23.61.194.16, 23.61.194.18
Connecting to answerology.seventeen.com|23.61.194.16|:80... connected.
HTTP request sent, awaiting response... 200 OK
Length: 2156 (2.1K) [image/png]
Saving to: `code/../crawls/seventeen.com/Privacy-Policy/raw/answerology.seventeen.com/cobrands/seventeen/widgets/seventeen_rightrail/assets/tab_1.png'

     0K ..                                                    100%  268M=0s

2012-10-22 05:12:38 (268 MB/s) - `code/../crawls/seventeen.com/Privacy-Policy/raw/answerology.seventeen.com/cobrands/seventeen/widgets/seventeen_rightrail/assets/tab_1.png' saved [2156/2156]

--2012-10-22 05:12:38--  http://answerology.seventeen.com//cobrands/seventeen/widgets/seventeen_rightrail/assets/tab_2.png
Reusing existing connection to answerology.seventeen.com:80.
HTTP request sent, awaiting response... 200 OK
Length: 710 [image/png]
Saving to: `code/../crawls/seventeen.com/Privacy-Policy/raw/answerology.seventeen.com/cobrands/seventeen/widgets/seventeen_rightrail/assets/tab_2.png'

     0K                                                       100% 64.9M=0s

2012-10-22 05:12:38 (64.9 MB/s) - `code/../crawls/seventeen.com/Privacy-Policy/raw/answerology.seventeen.com/cobrands/seventeen/widgets/seventeen_rightrail/assets/tab_2.png' saved [710/710]

--2012-10-22 05:12:38--  http://answerology.seventeen.com//cobrands/seventeen/widgets/seventeen_rightrail/assets/tab_3.png
Reusing existing connection to answerology.seventeen.com:80.
HTTP request sent, awaiting response... 200 OK
Length: 1205 (1.2K) [image/png]
Saving to: `code/../crawls/seventeen.com/Privacy-Policy/raw/answerology.seventeen.com/cobrands/seventeen/widgets/seventeen_rightrail/assets/tab_3.png'

     0K .                                                     100%  173M=0s

2012-10-22 05:12:38 (173 MB/s) - `code/../crawls/seventeen.com/Privacy-Policy/raw/answerology.seventeen.com/cobrands/seventeen/widgets/seventeen_rightrail/assets/tab_3.png' saved [1205/1205]

The name is too long, 129 chars total.
Trying to shorten...
New name is index.aspx?template=cobrand_question_of_day_widget.ascx&widgetName=seventeen_rightrail&au=seventeenrightrail&__as_javascript=tr.
The name is too long, 129 chars total.
Trying to shorten...
New name is index.aspx?template=cobrand_question_of_day_widget.ascx&widgetName=seventeen_rightrail&au=seventeenrightrail&__as_javascript=tr.
--2012-10-22 05:12:38--  http://answerology.seventeen.com//index.aspx?template=cobrand_question_of_day_widget.ascx&widgetName=seventeen_rightrail&au=seventeenrightrail&__as_javascript=true
Reusing existing connection to answerology.seventeen.com:80.
HTTP request sent, awaiting response... 200 OK
Length: 1762 (1.7K) [text/html]
Saving to: `code/../crawls/seventeen.com/Privacy-Policy/raw/answerology.seventeen.com/index.aspx?template=cobrand_question_of_day_widget.ascx&widgetName=seventeen_rightrail&au=seventeenrightrail&__as_javascript=tr.html'

     0K .                                                     100%  247M=0s

2012-10-22 05:12:38 (247 MB/s) - `code/../crawls/seventeen.com/Privacy-Policy/raw/answerology.seventeen.com/index.aspx?template=cobrand_question_of_day_widget.ascx&widgetName=seventeen_rightrail&au=seventeenrightrail&__as_javascript=tr.html' saved [1762/1762]

--2012-10-22 05:12:38--  http://answerology.seventeen.com//cobrands/seventeen/widgets/seventeen_rightrail/assets/btn-get_answers.png
Reusing existing connection to answerology.seventeen.com:80.
HTTP request sent, awaiting response... 200 OK
Length: 2308 (2.3K) [image/png]
Saving to: `code/../crawls/seventeen.com/Privacy-Policy/raw/answerology.seventeen.com/cobrands/seventeen/widgets/seventeen_rightrail/assets/btn-get_answers.png'

     0K ..                                                    100%  321M=0s

2012-10-22 05:12:38 (321 MB/s) - `code/../crawls/seventeen.com/Privacy-Policy/raw/answerology.seventeen.com/cobrands/seventeen/widgets/seventeen_rightrail/assets/btn-get_answers.png' saved [2308/2308]

The name is too long, 143 chars total.
Trying to shorten...
New name is index.aspx?template=cobrand_question_of_day_widget.ascx&widgetName=seventeen_rightrail_hot_questions&au=seventeenrightrail&__as.
The name is too long, 143 chars total.
Trying to shorten...
New name is index.aspx?template=cobrand_question_of_day_widget.ascx&widgetName=seventeen_rightrail_hot_questions&au=seventeenrightrail&__as.
--2012-10-22 05:12:38--  http://answerology.seventeen.com//index.aspx?template=cobrand_question_of_day_widget.ascx&widgetName=seventeen_rightrail_hot_questions&au=seventeenrightrail&__as_javascript=true
Reusing existing connection to answerology.seventeen.com:80.
HTTP request sent, awaiting response... 200 OK
Length: 2369 (2.3K) [text/html]
Saving to: `code/../crawls/seventeen.com/Privacy-Policy/raw/answerology.seventeen.com/index.aspx?template=cobrand_question_of_day_widget.ascx&widgetName=seventeen_rightrail_hot_questions&au=seventeenrightrail&__as.html'

     0K ..                                                    100% 35.0M=0s

2012-10-22 05:12:38 (35.0 MB/s) - `code/../crawls/seventeen.com/Privacy-Policy/raw/answerology.seventeen.com/index.aspx?template=cobrand_question_of_day_widget.ascx&widgetName=seventeen_rightrail_hot_questions&au=seventeenrightrail&__as.html' saved [2369/2369]

--2012-10-22 05:12:38--  http://www.seventeen.com/cm/seventeen/site_images/redesign/right-rail/moduleDivider.png
Connecting to www.seventeen.com|23.61.194.83|:80... connected.
HTTP request sent, awaiting response... 200 OK
Length: 249 [image/png]
Saving to: `code/../crawls/seventeen.com/Privacy-Policy/raw/www.seventeen.com/cm/seventeen/site_images/redesign/right-rail/moduleDivider.png'

     0K                                                       100% 41.6M=0s

2012-10-22 05:12:38 (41.6 MB/s) - `code/../crawls/seventeen.com/Privacy-Policy/raw/www.seventeen.com/cm/seventeen/site_images/redesign/right-rail/moduleDivider.png' saved [249/249]

--2012-10-22 05:12:38--  http://www.seventeen.com/cm/seventeen/styles/seo-footer.css
Reusing existing connection to www.seventeen.com:80.
HTTP request sent, awaiting response... 200 OK
Length: 889 [text/css]
Saving to: `code/../crawls/seventeen.com/Privacy-Policy/raw/www.seventeen.com/cm/seventeen/styles/seo-footer.css'

     0K                                                       100%  158M=0s

2012-10-22 05:12:38 (158 MB/s) - `code/../crawls/seventeen.com/Privacy-Policy/raw/www.seventeen.com/cm/seventeen/styles/seo-footer.css' saved [889/889]

--2012-10-22 05:12:38--  http://www.seventeen.com/cm/crosssite/site_images/hearst-logo-125-160x124.png
Reusing existing connection to www.seventeen.com:80.
HTTP request sent, awaiting response... 200 OK
Length: 15512 (15K) [image/png]
Saving to: `code/../crawls/seventeen.com/Privacy-Policy/raw/www.seventeen.com/cm/crosssite/site_images/hearst-logo-125-160x124.png'

     0K .......... .....                                      100% 4.80M=0.003s

2012-10-22 05:12:38 (4.80 MB/s) - `code/../crawls/seventeen.com/Privacy-Policy/raw/www.seventeen.com/cm/crosssite/site_images/hearst-logo-125-160x124.png' saved [15512/15512]

--2012-10-22 05:12:38--  http://www.seventeen.com/cm/shared/images/logos/hearst-teen-logo-white.gif
Reusing existing connection to www.seventeen.com:80.
HTTP request sent, awaiting response... 200 OK
Length: 1308 (1.3K) [image/gif]
Saving to: `code/../crawls/seventeen.com/Privacy-Policy/raw/www.seventeen.com/cm/shared/images/logos/hearst-teen-logo-white.gif'

     0K .                                                     100%  179M=0s

2012-10-22 05:12:38 (179 MB/s) - `code/../crawls/seventeen.com/Privacy-Policy/raw/www.seventeen.com/cm/shared/images/logos/hearst-teen-logo-white.gif' saved [1308/1308]

--2012-10-22 05:12:38--  http://www.seventeen.com/cm/shared/scripts/s_code.js
Reusing existing connection to www.seventeen.com:80.
HTTP request sent, awaiting response... 200 OK
Length: 62120 (61K) [application/x-javascript]
Saving to: `code/../crawls/seventeen.com/Privacy-Policy/raw/www.seventeen.com/cm/shared/scripts/s_code.js'

     0K .......... .......... .......... .......... .......... 82% 6.11M 0s
    50K ..........                                            100% 8.15M=0.009s

2012-10-22 05:12:38 (6.39 MB/s) - `code/../crawls/seventeen.com/Privacy-Policy/raw/www.seventeen.com/cm/shared/scripts/s_code.js' saved [62120/62120]

--2012-10-22 05:12:38--  http://hearstmagazines.112.2o7.net/b/ss/hmagglobal/1/H.22.1--NS/0
Resolving hearstmagazines.112.2o7.net... 66.235.138.59, 66.235.139.118, 66.235.139.121, ...
Connecting to hearstmagazines.112.2o7.net|66.235.138.59|:80... connected.
HTTP request sent, awaiting response... 302 Found
Location: http://hearstmagazines.112.2o7.net/b/ss/hmagglobal/1/H.22.1--NS/0?AQB=1&pccr=true&AQE=1 [following]
--2012-10-22 05:12:38--  http://hearstmagazines.112.2o7.net/b/ss/hmagglobal/1/H.22.1--NS/0?AQB=1&pccr=true&AQE=1
Reusing existing connection to hearstmagazines.112.2o7.net:80.
HTTP request sent, awaiting response... 200 OK
Length: 43 [image/gif]
Saving to: `code/../crawls/seventeen.com/Privacy-Policy/raw/hearstmagazines.112.2o7.net/b/ss/hmagglobal/1/H.22.1--NS/0'

     0K                                                       100% 7.09M=0s

2012-10-22 05:12:38 (7.09 MB/s) - `code/../crawls/seventeen.com/Privacy-Policy/raw/hearstmagazines.112.2o7.net/b/ss/hmagglobal/1/H.22.1--NS/0' saved [43/43]

--2012-10-22 05:12:38--  http://js.revsci.net/gateway/gw.js?csid=I09839
Resolving js.revsci.net... 206.191.168.170
Connecting to js.revsci.net|206.191.168.170|:80... connected.
HTTP request sent, awaiting response... 200 OK
Length: unspecified [application/javascript]
Saving to: `code/../crawls/seventeen.com/Privacy-Policy/raw/js.revsci.net/gateway/gw.js?csid=I09839'

     0K ....                                                    218K=0.02s

2012-10-22 05:12:38 (218 KB/s) - `code/../crawls/seventeen.com/Privacy-Policy/raw/js.revsci.net/gateway/gw.js?csid=I09839' saved [4598]

--2012-10-22 05:12:38--  http://assets.pinterest.com/js/pinit.js
Resolving assets.pinterest.com... 184.73.171.145
Connecting to assets.pinterest.com|184.73.171.145|:80... connected.
HTTP request sent, awaiting response... 200 OK
Length: 1461 (1.4K) [application/x-javascript]
Saving to: `code/../crawls/seventeen.com/Privacy-Policy/raw/assets.pinterest.com/js/pinit.js'

     0K .                                                     100%  202M=0s

2012-10-22 05:12:38 (202 MB/s) - `code/../crawls/seventeen.com/Privacy-Policy/raw/assets.pinterest.com/js/pinit.js' saved [1461/1461]

--2012-10-22 05:12:38--  http://www.seventeen.com/cm/seventeen/site_images/redesign/backgrounds/headerBG.png
Connecting to www.seventeen.com|23.61.194.83|:80... connected.
HTTP request sent, awaiting response... 200 OK
Length: 126 [image/png]
Saving to: `code/../crawls/seventeen.com/Privacy-Policy/raw/www.seventeen.com/cm/seventeen/site_images/redesign/backgrounds/headerBG.png'

     0K                                                       100% 20.5M=0s

2012-10-22 05:12:38 (20.5 MB/s) - `code/../crawls/seventeen.com/Privacy-Policy/raw/www.seventeen.com/cm/seventeen/site_images/redesign/backgrounds/headerBG.png' saved [126/126]

--2012-10-22 05:12:38--  http://www.seventeen.com/cm/seventeen/site_images/redesign/backgrounds/bannerBlue.png
Reusing existing connection to www.seventeen.com:80.
HTTP request sent, awaiting response... 200 OK
Length: 114 [image/png]
Saving to: `code/../crawls/seventeen.com/Privacy-Policy/raw/www.seventeen.com/cm/seventeen/site_images/redesign/backgrounds/bannerBlue.png'

     0K                                                       100% 21.2M=0s

2012-10-22 05:12:38 (21.2 MB/s) - `code/../crawls/seventeen.com/Privacy-Policy/raw/www.seventeen.com/cm/seventeen/site_images/redesign/backgrounds/bannerBlue.png' saved [114/114]

--2012-10-22 05:12:38--  http://www.seventeen.com/cm/seventeen/site_images/redesign/icons/fbSmall.png
Reusing existing connection to www.seventeen.com:80.
HTTP request sent, awaiting response... 200 OK
Length: 853 [image/png]
Saving to: `code/../crawls/seventeen.com/Privacy-Policy/raw/www.seventeen.com/cm/seventeen/site_images/redesign/icons/fbSmall.png'

     0K                                                       100%  141M=0s

2012-10-22 05:12:38 (141 MB/s) - `code/../crawls/seventeen.com/Privacy-Policy/raw/www.seventeen.com/cm/seventeen/site_images/redesign/icons/fbSmall.png' saved [853/853]

--2012-10-22 05:12:38--  http://www.seventeen.com/cm/seventeen/site_images/redesign/starbursts/header.png
Reusing existing connection to www.seventeen.com:80.
HTTP request sent, awaiting response... 200 OK
Length: 5054 (4.9K) [image/png]
Saving to: `code/../crawls/seventeen.com/Privacy-Policy/raw/www.seventeen.com/cm/seventeen/site_images/redesign/starbursts/header.png'

     0K ....                                                  100% 25.7M=0s

2012-10-22 05:12:38 (25.7 MB/s) - `code/../crawls/seventeen.com/Privacy-Policy/raw/www.seventeen.com/cm/seventeen/site_images/redesign/starbursts/header.png' saved [5054/5054]

--2012-10-22 05:12:38--  http://www.seventeen.com/cm/seventeen/site_images/redesign/borders/dot.gif
Reusing existing connection to www.seventeen.com:80.
HTTP request sent, awaiting response... 200 OK
Length: 81 [image/gif]
Saving to: `code/../crawls/seventeen.com/Privacy-Policy/raw/www.seventeen.com/cm/seventeen/site_images/redesign/borders/dot.gif'

     0K                                                       100% 13.8M=0s

2012-10-22 05:12:38 (13.8 MB/s) - `code/../crawls/seventeen.com/Privacy-Policy/raw/www.seventeen.com/cm/seventeen/site_images/redesign/borders/dot.gif' saved [81/81]

--2012-10-22 05:12:38--  http://www.seventeen.com/cm/seventeen/site_images/oba-article-small-logo.png
Reusing existing connection to www.seventeen.com:80.
HTTP request sent, awaiting response... 200 OK
Length: 476 [image/png]
Saving to: `code/../crawls/seventeen.com/Privacy-Policy/raw/www.seventeen.com/cm/seventeen/site_images/oba-article-small-logo.png'

     0K                                                       100% 85.5M=0s

2012-10-22 05:12:38 (85.5 MB/s) - `code/../crawls/seventeen.com/Privacy-Policy/raw/www.seventeen.com/cm/seventeen/site_images/oba-article-small-logo.png' saved [476/476]

--2012-10-22 05:12:38--  http://www.seventeen.com/cm/seventeen/site_images/redesign/right-rail/module-open.png
Reusing existing connection to www.seventeen.com:80.
HTTP request sent, awaiting response... 200 OK
Length: 872 [image/png]
Saving to: `code/../crawls/seventeen.com/Privacy-Policy/raw/www.seventeen.com/cm/seventeen/site_images/redesign/right-rail/module-open.png'

     0K                                                       100%  159M=0s

2012-10-22 05:12:38 (159 MB/s) - `code/../crawls/seventeen.com/Privacy-Policy/raw/www.seventeen.com/cm/seventeen/site_images/redesign/right-rail/module-open.png' saved [872/872]

--2012-10-22 05:12:38--  http://www.seventeen.com/cm/seventeen/site_images/redesign/right-rail/module-closed.png
Reusing existing connection to www.seventeen.com:80.
HTTP request sent, awaiting response... 200 OK
Length: 1096 (1.1K) [image/png]
Saving to: `code/../crawls/seventeen.com/Privacy-Policy/raw/www.seventeen.com/cm/seventeen/site_images/redesign/right-rail/module-closed.png'

     0K .                                                     100%  186M=0s

2012-10-22 05:12:38 (186 MB/s) - `code/../crawls/seventeen.com/Privacy-Policy/raw/www.seventeen.com/cm/seventeen/site_images/redesign/right-rail/module-closed.png' saved [1096/1096]

--2012-10-22 05:12:38--  http://www.seventeen.com/cm/seventeen/site_images/redesign/right-rail/static/salon.png
Reusing existing connection to www.seventeen.com:80.
HTTP request sent, awaiting response... 200 OK
Length: 30024 (29K) [image/png]
Saving to: `code/../crawls/seventeen.com/Privacy-Policy/raw/www.seventeen.com/cm/seventeen/site_images/redesign/right-rail/static/salon.png'

     0K .......... .......... .........                       100% 4.76M=0.006s

2012-10-22 05:12:38 (4.76 MB/s) - `code/../crawls/seventeen.com/Privacy-Policy/raw/www.seventeen.com/cm/seventeen/site_images/redesign/right-rail/static/salon.png' saved [30024/30024]

--2012-10-22 05:12:38--  http://www.seventeen.com/cm/seventeen/site_images/redesign/icons/little_x.gif
Reusing existing connection to www.seventeen.com:80.
HTTP request sent, awaiting response... 200 OK
Length: 713 [image/gif]
Saving to: `code/../crawls/seventeen.com/Privacy-Policy/raw/www.seventeen.com/cm/seventeen/site_images/redesign/icons/little_x.gif'

     0K                                                       100%  136M=0s

2012-10-22 05:12:38 (136 MB/s) - `code/../crawls/seventeen.com/Privacy-Policy/raw/www.seventeen.com/cm/seventeen/site_images/redesign/icons/little_x.gif' saved [713/713]

--2012-10-22 05:12:38--  http://www.seventeen.com/cm/seventeen/site_images/redesign/buttons/viral-tools/viral_tools_bg.png
Reusing existing connection to www.seventeen.com:80.
HTTP request sent, awaiting response... 200 OK
Length: 5081 (5.0K) [image/png]
Saving to: `code/../crawls/seventeen.com/Privacy-Policy/raw/www.seventeen.com/cm/seventeen/site_images/redesign/buttons/viral-tools/viral_tools_bg.png'

     0K ....                                                  100% 43.3M=0s

2012-10-22 05:12:38 (43.3 MB/s) - `code/../crawls/seventeen.com/Privacy-Policy/raw/www.seventeen.com/cm/seventeen/site_images/redesign/buttons/viral-tools/viral_tools_bg.png' saved [5081/5081]

--2012-10-22 05:12:38--  http://www.seventeen.com/cm/shared/social/img/comment_bubble_COS.gif
Reusing existing connection to www.seventeen.com:80.
HTTP request sent, awaiting response... 200 OK
Length: 402 [image/gif]
Saving to: `code/../crawls/seventeen.com/Privacy-Policy/raw/www.seventeen.com/cm/shared/social/img/comment_bubble_COS.gif'

     0K                                                       100% 71.4M=0s

2012-10-22 05:12:38 (71.4 MB/s) - `code/../crawls/seventeen.com/Privacy-Policy/raw/www.seventeen.com/cm/shared/social/img/comment_bubble_COS.gif' saved [402/402]

--2012-10-22 05:12:38--  http://www.seventeen.com/cm/seventeen/site_images/redesign/buttons/seventeen_social_tools.png
Reusing existing connection to www.seventeen.com:80.
HTTP request sent, awaiting response... 200 OK
Length: 29844 (29K) [image/png]
Saving to: `code/../crawls/seventeen.com/Privacy-Policy/raw/www.seventeen.com/cm/seventeen/site_images/redesign/buttons/seventeen_social_tools.png'

     0K .......... .......... .........                       100% 7.52M=0.004s

2012-10-22 05:12:38 (7.52 MB/s) - `code/../crawls/seventeen.com/Privacy-Policy/raw/www.seventeen.com/cm/seventeen/site_images/redesign/buttons/seventeen_social_tools.png' saved [29844/29844]

--2012-10-22 05:12:38--  http://www.seventeen.com/cm/seventeen/site_images/redesign/buttons/action_btn.png
Reusing existing connection to www.seventeen.com:80.
HTTP request sent, awaiting response... 200 OK
Length: 988 [image/png]
Saving to: `code/../crawls/seventeen.com/Privacy-Policy/raw/www.seventeen.com/cm/seventeen/site_images/redesign/buttons/action_btn.png'

     0K                                                       100%  174M=0s

2012-10-22 05:12:38 (174 MB/s) - `code/../crawls/seventeen.com/Privacy-Policy/raw/www.seventeen.com/cm/seventeen/site_images/redesign/buttons/action_btn.png' saved [988/988]

--2012-10-22 05:12:38--  http://www.seventeen.com/cm/seventeen/site_images/redesign/buttons/sev_pinterest_buttons.png
Reusing existing connection to www.seventeen.com:80.
HTTP request sent, awaiting response... 200 OK
Length: 3947 (3.9K) [image/png]
Saving to: `code/../crawls/seventeen.com/Privacy-Policy/raw/www.seventeen.com/cm/seventeen/site_images/redesign/buttons/sev_pinterest_buttons.png'

     0K ...                                                   100% 46.7M=0s

2012-10-22 05:12:38 (46.7 MB/s) - `code/../crawls/seventeen.com/Privacy-Policy/raw/www.seventeen.com/cm/seventeen/site_images/redesign/buttons/sev_pinterest_buttons.png' saved [3947/3947]

--2012-10-22 05:12:38--  http://www.seventeen.com/cm/seventeen/site_images/redesign/buttons/popup_arrow_top_bottom.gif
Reusing existing connection to www.seventeen.com:80.
HTTP request sent, awaiting response... 200 OK
Length: 1648 (1.6K) [image/gif]
Saving to: `code/../crawls/seventeen.com/Privacy-Policy/raw/www.seventeen.com/cm/seventeen/site_images/redesign/buttons/popup_arrow_top_bottom.gif'

     0K .                                                     100%  253M=0s

2012-10-22 05:12:38 (253 MB/s) - `code/../crawls/seventeen.com/Privacy-Policy/raw/www.seventeen.com/cm/seventeen/site_images/redesign/buttons/popup_arrow_top_bottom.gif' saved [1648/1648]

--2012-10-22 05:12:38--  http://www.seventeen.com/cm/seventeen/site_images/redesign/horoscopes/btn_gethoroscope.gif
Reusing existing connection to www.seventeen.com:80.
HTTP request sent, awaiting response... 200 OK
Length: 3894 (3.8K) [image/gif]
Saving to: `code/../crawls/seventeen.com/Privacy-Policy/raw/www.seventeen.com/cm/seventeen/site_images/redesign/horoscopes/btn_gethoroscope.gif'

     0K ...                                                   100% 55.0M=0s

2012-10-22 05:12:38 (55.0 MB/s) - `code/../crawls/seventeen.com/Privacy-Policy/raw/www.seventeen.com/cm/seventeen/site_images/redesign/horoscopes/btn_gethoroscope.gif' saved [3894/3894]

--2012-10-22 05:12:38--  http://www.seventeen.com/cm/seventeen/site_images/redesign/buttons/buttonBGRight.png
Reusing existing connection to www.seventeen.com:80.
HTTP request sent, awaiting response... 200 OK
Length: 1520 (1.5K) [image/png]
Saving to: `code/../crawls/seventeen.com/Privacy-Policy/raw/www.seventeen.com/cm/seventeen/site_images/redesign/buttons/buttonBGRight.png'

     0K .                                                     100%  230M=0s

2012-10-22 05:12:38 (230 MB/s) - `code/../crawls/seventeen.com/Privacy-Policy/raw/www.seventeen.com/cm/seventeen/site_images/redesign/buttons/buttonBGRight.png' saved [1520/1520]

--2012-10-22 05:12:38--  http://www.seventeen.com/cm/seventeen/site_images/redesign/backgrounds/moreFromSeventeen.png
Reusing existing connection to www.seventeen.com:80.
HTTP request sent, awaiting response... 200 OK
Length: 8782 (8.6K) [image/png]
Saving to: `code/../crawls/seventeen.com/Privacy-Policy/raw/www.seventeen.com/cm/seventeen/site_images/redesign/backgrounds/moreFromSeventeen.png'

     0K ........                                              100% 15.2M=0.001s

2012-10-22 05:12:38 (15.2 MB/s) - `code/../crawls/seventeen.com/Privacy-Policy/raw/www.seventeen.com/cm/seventeen/site_images/redesign/backgrounds/moreFromSeventeen.png' saved [8782/8782]

--2012-10-22 05:12:38--  http://www.seventeen.com/cm/seventeen/site_images/redesign/buttons/pagination/pageCurrent.png
Reusing existing connection to www.seventeen.com:80.
HTTP request sent, awaiting response... 200 OK
Length: 415 [image/png]
Saving to: `code/../crawls/seventeen.com/Privacy-Policy/raw/www.seventeen.com/cm/seventeen/site_images/redesign/buttons/pagination/pageCurrent.png'

     0K                                                       100% 67.7M=0s

2012-10-22 05:12:38 (67.7 MB/s) - `code/../crawls/seventeen.com/Privacy-Policy/raw/www.seventeen.com/cm/seventeen/site_images/redesign/buttons/pagination/pageCurrent.png' saved [415/415]

--2012-10-22 05:12:38--  http://www.seventeen.com/cm/seventeen/site_images/redesign/buttons/pagination/pageOff.png
Reusing existing connection to www.seventeen.com:80.
HTTP request sent, awaiting response... 200 OK
Length: 517 [image/png]
Saving to: `code/../crawls/seventeen.com/Privacy-Policy/raw/www.seventeen.com/cm/seventeen/site_images/redesign/buttons/pagination/pageOff.png'

     0K                                                       100% 93.3M=0s

2012-10-22 05:12:38 (93.3 MB/s) - `code/../crawls/seventeen.com/Privacy-Policy/raw/www.seventeen.com/cm/seventeen/site_images/redesign/buttons/pagination/pageOff.png' saved [517/517]

--2012-10-22 05:12:38--  http://www.seventeen.com/cm/seventeen/site_images/redesign/buttons/pagination/page.png
Reusing existing connection to www.seventeen.com:80.
HTTP request sent, awaiting response... 200 OK
Length: 521 [image/png]
Saving to: `code/../crawls/seventeen.com/Privacy-Policy/raw/www.seventeen.com/cm/seventeen/site_images/redesign/buttons/pagination/page.png'

     0K                                                       100% 97.1M=0s

2012-10-22 05:12:38 (97.1 MB/s) - `code/../crawls/seventeen.com/Privacy-Policy/raw/www.seventeen.com/cm/seventeen/site_images/redesign/buttons/pagination/page.png' saved [521/521]

--2012-10-22 05:12:38--  http://www.seventeen.com/cm/seventeen/site_images/redesign/labels/advertisement-vertical.png
Reusing existing connection to www.seventeen.com:80.
HTTP request sent, awaiting response... 200 OK
Length: 617 [image/png]
Saving to: `code/../crawls/seventeen.com/Privacy-Policy/raw/www.seventeen.com/cm/seventeen/site_images/redesign/labels/advertisement-vertical.png'

     0K                                                       100%  109M=0s

2012-10-22 05:12:38 (109 MB/s) - `code/../crawls/seventeen.com/Privacy-Policy/raw/www.seventeen.com/cm/seventeen/site_images/redesign/labels/advertisement-vertical.png' saved [617/617]

--2012-10-22 05:12:38--  http://www.seventeen.com/cm/seventeen/site_images/redesign/labels/advertisement.png
Reusing existing connection to www.seventeen.com:80.
HTTP request sent, awaiting response... 200 OK
Length: 590 [image/png]
Saving to: `code/../crawls/seventeen.com/Privacy-Policy/raw/www.seventeen.com/cm/seventeen/site_images/redesign/labels/advertisement.png'

     0K                                                       100%  108M=0s

2012-10-22 05:12:38 (108 MB/s) - `code/../crawls/seventeen.com/Privacy-Policy/raw/www.seventeen.com/cm/seventeen/site_images/redesign/labels/advertisement.png' saved [590/590]

--2012-10-22 05:12:38--  http://www.seventeen.com/cm/seventeen/site_images/redesign/backgrounds/modules/related.png
Reusing existing connection to www.seventeen.com:80.
HTTP request sent, awaiting response... 200 OK
Length: 26016 (25K) [image/png]
Saving to: `code/../crawls/seventeen.com/Privacy-Policy/raw/www.seventeen.com/cm/seventeen/site_images/redesign/backgrounds/modules/related.png'

     0K .......... .......... .....                           100% 7.68M=0.003s

2012-10-22 05:12:38 (7.68 MB/s) - `code/../crawls/seventeen.com/Privacy-Policy/raw/www.seventeen.com/cm/seventeen/site_images/redesign/backgrounds/modules/related.png' saved [26016/26016]

--2012-10-22 05:12:38--  http://www.seventeen.com/cm/seventeen/site_images/redesign/backgrounds/modules/mostPopular.png
Reusing existing connection to www.seventeen.com:80.
HTTP request sent, awaiting response... 200 OK
Length: 29755 (29K) [image/png]
Saving to: `code/../crawls/seventeen.com/Privacy-Policy/raw/www.seventeen.com/cm/seventeen/site_images/redesign/backgrounds/modules/mostPopular.png'

     0K .......... .......... .........                       100% 12.5M=0.002s

2012-10-22 05:12:38 (12.5 MB/s) - `code/../crawls/seventeen.com/Privacy-Policy/raw/www.seventeen.com/cm/seventeen/site_images/redesign/backgrounds/modules/mostPopular.png' saved [29755/29755]

--2012-10-22 05:12:38--  http://www.seventeen.com/cm/seventeen/site_images/redesign/buttons/seeComments.png
Reusing existing connection to www.seventeen.com:80.
HTTP request sent, awaiting response... 200 OK
Length: 1301 (1.3K) [image/png]
Saving to: `code/../crawls/seventeen.com/Privacy-Policy/raw/www.seventeen.com/cm/seventeen/site_images/redesign/buttons/seeComments.png'

     0K .                                                     100%  181M=0s

2012-10-22 05:12:38 (181 MB/s) - `code/../crawls/seventeen.com/Privacy-Policy/raw/www.seventeen.com/cm/seventeen/site_images/redesign/buttons/seeComments.png' saved [1301/1301]

--2012-10-22 05:12:38--  http://www.seventeen.com/cm/seventeen/site_images/redesign/labels/games.gif
Reusing existing connection to www.seventeen.com:80.
HTTP request sent, awaiting response... 200 OK
Length: 1198 (1.2K) [image/gif]
Saving to: `code/../crawls/seventeen.com/Privacy-Policy/raw/www.seventeen.com/cm/seventeen/site_images/redesign/labels/games.gif'

     0K .                                                     100%  201M=0s

2012-10-22 05:12:38 (201 MB/s) - `code/../crawls/seventeen.com/Privacy-Policy/raw/www.seventeen.com/cm/seventeen/site_images/redesign/labels/games.gif' saved [1198/1198]

--2012-10-22 05:12:38--  http://www.seventeen.com/cm/seventeen/site_images/redesign/icons/content/article.png
Reusing existing connection to www.seventeen.com:80.
HTTP request sent, awaiting response... 200 OK
Length: 600 [image/png]
Saving to: `code/../crawls/seventeen.com/Privacy-Policy/raw/www.seventeen.com/cm/seventeen/site_images/redesign/icons/content/article.png'

     0K                                                       100%  104M=0s

2012-10-22 05:12:38 (104 MB/s) - `code/../crawls/seventeen.com/Privacy-Policy/raw/www.seventeen.com/cm/seventeen/site_images/redesign/icons/content/article.png' saved [600/600]

--2012-10-22 05:12:38--  http://www.seventeen.com/cm/seventeen/site_images/redesign/icons/content/video.png
Reusing existing connection to www.seventeen.com:80.
HTTP request sent, awaiting response... 200 OK
Length: 601 [image/png]
Saving to: `code/../crawls/seventeen.com/Privacy-Policy/raw/www.seventeen.com/cm/seventeen/site_images/redesign/icons/content/video.png'

     0K                                                       100%  112M=0s

2012-10-22 05:12:38 (112 MB/s) - `code/../crawls/seventeen.com/Privacy-Policy/raw/www.seventeen.com/cm/seventeen/site_images/redesign/icons/content/video.png' saved [601/601]

--2012-10-22 05:12:38--  http://www.seventeen.com/cm/seventeen/site_images/redesign/starbursts/new.png
Reusing existing connection to www.seventeen.com:80.
HTTP request sent, awaiting response... 200 OK
Length: 1906 (1.9K) [image/png]
Saving to: `code/../crawls/seventeen.com/Privacy-Policy/raw/www.seventeen.com/cm/seventeen/site_images/redesign/starbursts/new.png'

     0K .                                                     100%  262M=0s

2012-10-22 05:12:38 (262 MB/s) - `code/../crawls/seventeen.com/Privacy-Policy/raw/www.seventeen.com/cm/seventeen/site_images/redesign/starbursts/new.png' saved [1906/1906]

--2012-10-22 05:12:38--  http://www.seventeen.com/cm/seventeen/site_images/redesign/backgrounds/quizzes/seolinks.png
Reusing existing connection to www.seventeen.com:80.
HTTP request sent, awaiting response... 200 OK
Length: 6475 (6.3K) [image/png]
Saving to: `code/../crawls/seventeen.com/Privacy-Policy/raw/www.seventeen.com/cm/seventeen/site_images/redesign/backgrounds/quizzes/seolinks.png'

     0K ......                                                100% 25.7M=0s

2012-10-22 05:12:38 (25.7 MB/s) - `code/../crawls/seventeen.com/Privacy-Policy/raw/www.seventeen.com/cm/seventeen/site_images/redesign/backgrounds/quizzes/seolinks.png' saved [6475/6475]

--2012-10-22 05:12:38--  http://www.seventeen.com/cm/seventeen/site_images/redesign/buttons/action.png
Reusing existing connection to www.seventeen.com:80.
HTTP request sent, awaiting response... 200 OK
Length: 1629 (1.6K) [image/png]
Saving to: `code/../crawls/seventeen.com/Privacy-Policy/raw/www.seventeen.com/cm/seventeen/site_images/redesign/buttons/action.png'

     0K .                                                     100%  228M=0s

2012-10-22 05:12:38 (228 MB/s) - `code/../crawls/seventeen.com/Privacy-Policy/raw/www.seventeen.com/cm/seventeen/site_images/redesign/buttons/action.png' saved [1629/1629]

--2012-10-22 05:12:38--  http://www.seventeen.com/cm/seventeen/site_images/redesign/right-rail/bg_header_new.gif
Reusing existing connection to www.seventeen.com:80.
HTTP request sent, awaiting response... 200 OK
Length: 2486 (2.4K) [image/gif]
Saving to: `code/../crawls/seventeen.com/Privacy-Policy/raw/www.seventeen.com/cm/seventeen/site_images/redesign/right-rail/bg_header_new.gif'

     0K ..                                                    100% 37.0M=0s

2012-10-22 05:12:38 (37.0 MB/s) - `code/../crawls/seventeen.com/Privacy-Policy/raw/www.seventeen.com/cm/seventeen/site_images/redesign/right-rail/bg_header_new.gif' saved [2486/2486]

--2012-10-22 05:12:38--  http://www.seventeen.com/cm/seventeen/site_images/redesign/right-rail/new_bg_header.gif
Reusing existing connection to www.seventeen.com:80.
HTTP request sent, awaiting response... 200 OK
Length: 10612 (10K) [image/gif]
Saving to: `code/../crawls/seventeen.com/Privacy-Policy/raw/www.seventeen.com/cm/seventeen/site_images/redesign/right-rail/new_bg_header.gif'

     0K ..........                                            100% 15.0M=0.001s

2012-10-22 05:12:38 (15.0 MB/s) - `code/../crawls/seventeen.com/Privacy-Policy/raw/www.seventeen.com/cm/seventeen/site_images/redesign/right-rail/new_bg_header.gif' saved [10612/10612]

--2012-10-22 05:12:38--  http://www.seventeen.com/cm/shared/smarttout/seventeen/smarttout_link_icon.gif
Reusing existing connection to www.seventeen.com:80.
HTTP request sent, awaiting response... 200 OK
Length: 127 [image/gif]
Saving to: `code/../crawls/seventeen.com/Privacy-Policy/raw/www.seventeen.com/cm/shared/smarttout/seventeen/smarttout_link_icon.gif'

     0K                                                       100% 21.4M=0s

2012-10-22 05:12:38 (21.4 MB/s) - `code/../crawls/seventeen.com/Privacy-Policy/raw/www.seventeen.com/cm/shared/smarttout/seventeen/smarttout_link_icon.gif' saved [127/127]

--2012-10-22 05:12:38--  http://www.seventeen.com/cm/shared/smarttout/seventeen/smarttout_blog_icon.gif
Reusing existing connection to www.seventeen.com:80.
HTTP request sent, awaiting response... 200 OK
Length: 199 [image/gif]
Saving to: `code/../crawls/seventeen.com/Privacy-Policy/raw/www.seventeen.com/cm/shared/smarttout/seventeen/smarttout_blog_icon.gif'

     0K                                                       100% 33.2M=0s

2012-10-22 05:12:38 (33.2 MB/s) - `code/../crawls/seventeen.com/Privacy-Policy/raw/www.seventeen.com/cm/shared/smarttout/seventeen/smarttout_blog_icon.gif' saved [199/199]

--2012-10-22 05:12:38--  http://www.seventeen.com/cm/shared/smarttout/seventeen/smarttout_flipbook_icon.gif
Reusing existing connection to www.seventeen.com:80.
HTTP request sent, awaiting response... 200 OK
Length: 115 [image/gif]
Saving to: `code/../crawls/seventeen.com/Privacy-Policy/raw/www.seventeen.com/cm/shared/smarttout/seventeen/smarttout_flipbook_icon.gif'

     0K                                                       100% 21.2M=0s

2012-10-22 05:12:38 (21.2 MB/s) - `code/../crawls/seventeen.com/Privacy-Policy/raw/www.seventeen.com/cm/shared/smarttout/seventeen/smarttout_flipbook_icon.gif' saved [115/115]

--2012-10-22 05:12:38--  http://www.seventeen.com/cm/shared/smarttout/seventeen/smarttout_video_icon.gif
Reusing existing connection to www.seventeen.com:80.
HTTP request sent, awaiting response... 200 OK
Length: 206 [image/gif]
Saving to: `code/../crawls/seventeen.com/Privacy-Policy/raw/www.seventeen.com/cm/shared/smarttout/seventeen/smarttout_video_icon.gif'

     0K                                                       100% 36.7M=0s

2012-10-22 05:12:38 (36.7 MB/s) - `code/../crawls/seventeen.com/Privacy-Policy/raw/www.seventeen.com/cm/shared/smarttout/seventeen/smarttout_video_icon.gif' saved [206/206]

--2012-10-22 05:12:38--  http://www.seventeen.com/cm/seventeen/site_images/redesign/bg_vl_new.gif
Reusing existing connection to www.seventeen.com:80.
HTTP request sent, awaiting response... 200 OK
Length: 2705 (2.6K) [image/gif]
Saving to: `code/../crawls/seventeen.com/Privacy-Policy/raw/www.seventeen.com/cm/seventeen/site_images/redesign/bg_vl_new.gif'

     0K ..                                                    100%  182M=0s

2012-10-22 05:12:38 (182 MB/s) - `code/../crawls/seventeen.com/Privacy-Policy/raw/www.seventeen.com/cm/seventeen/site_images/redesign/bg_vl_new.gif' saved [2705/2705]

--2012-10-22 05:12:38--  http://www.seventeen.com/cm/seventeen/site_images/redesign/icons/bullet_sochub.gif
Reusing existing connection to www.seventeen.com:80.
HTTP request sent, awaiting response... 200 OK
Length: 152 [image/gif]
Saving to: `code/../crawls/seventeen.com/Privacy-Policy/raw/www.seventeen.com/cm/seventeen/site_images/redesign/icons/bullet_sochub.gif'

     0K                                                       100% 28.3M=0s

2012-10-22 05:12:38 (28.3 MB/s) - `code/../crawls/seventeen.com/Privacy-Policy/raw/www.seventeen.com/cm/seventeen/site_images/redesign/icons/bullet_sochub.gif' saved [152/152]

--2012-10-22 05:12:38--  http://www.seventeen.com/cm/seventeen/site_images/redesign/arrows/dropdown/select-bg.png
Reusing existing connection to www.seventeen.com:80.
HTTP request sent, awaiting response... 200 OK
Length: 574 [image/png]
Saving to: `code/../crawls/seventeen.com/Privacy-Policy/raw/www.seventeen.com/cm/seventeen/site_images/redesign/arrows/dropdown/select-bg.png'

     0K                                                       100% 93.5M=0s

2012-10-22 05:12:38 (93.5 MB/s) - `code/../crawls/seventeen.com/Privacy-Policy/raw/www.seventeen.com/cm/seventeen/site_images/redesign/arrows/dropdown/select-bg.png' saved [574/574]

--2012-10-22 05:12:38--  http://www.seventeen.com/cm/seventeen/styles/img/bg-TextFieldError.gif
Reusing existing connection to www.seventeen.com:80.
HTTP request sent, awaiting response... 404 Not Found
2012-10-22 05:12:38 ERROR 404: Not Found.

--2012-10-22 05:12:38--  http://www.seventeen.com/cm/seventeen/site_images/redesign/navigation/fullbar.gif
Reusing existing connection to www.seventeen.com:80.
HTTP request sent, awaiting response... 200 OK
Length: 10607 (10K) [image/gif]
Saving to: `code/../crawls/seventeen.com/Privacy-Policy/raw/www.seventeen.com/cm/seventeen/site_images/redesign/navigation/fullbar.gif'

     0K ..........                                            100% 19.3M=0.001s

2012-10-22 05:12:38 (19.3 MB/s) - `code/../crawls/seventeen.com/Privacy-Policy/raw/www.seventeen.com/cm/seventeen/site_images/redesign/navigation/fullbar.gif' saved [10607/10607]

--2012-10-22 05:12:38--  http://www.seventeen.com/cm/seventeen/site_images/redesign/navigation/ddGradient.gif
Reusing existing connection to www.seventeen.com:80.
HTTP request sent, awaiting response... 200 OK
Length: 170 [image/gif]
Saving to: `code/../crawls/seventeen.com/Privacy-Policy/raw/www.seventeen.com/cm/seventeen/site_images/redesign/navigation/ddGradient.gif'

     0K                                                       100% 28.6M=0s

2012-10-22 05:12:38 (28.6 MB/s) - `code/../crawls/seventeen.com/Privacy-Policy/raw/www.seventeen.com/cm/seventeen/site_images/redesign/navigation/ddGradient.gif' saved [170/170]

--2012-10-22 05:12:38--  http://www.seventeen.com/cm/seventeen/site_images/redesign/arrows/nav/fun.png
Reusing existing connection to www.seventeen.com:80.
HTTP request sent, awaiting response... 200 OK
Length: 352 [image/png]
Saving to: `code/../crawls/seventeen.com/Privacy-Policy/raw/www.seventeen.com/cm/seventeen/site_images/redesign/arrows/nav/fun.png'

     0K                                                       100% 61.1M=0s

2012-10-22 05:12:38 (61.1 MB/s) - `code/../crawls/seventeen.com/Privacy-Policy/raw/www.seventeen.com/cm/seventeen/site_images/redesign/arrows/nav/fun.png' saved [352/352]

--2012-10-22 05:12:38--  http://www.seventeen.com/cm/seventeen/site_images/redesign/arrows/nav/fashion.png
Reusing existing connection to www.seventeen.com:80.
HTTP request sent, awaiting response... 200 OK
Length: 360 [image/png]
Saving to: `code/../crawls/seventeen.com/Privacy-Policy/raw/www.seventeen.com/cm/seventeen/site_images/redesign/arrows/nav/fashion.png'

     0K                                                       100% 67.7M=0s

2012-10-22 05:12:38 (67.7 MB/s) - `code/../crawls/seventeen.com/Privacy-Policy/raw/www.seventeen.com/cm/seventeen/site_images/redesign/arrows/nav/fashion.png' saved [360/360]

--2012-10-22 05:12:38--  http://www.seventeen.com/cm/seventeen/site_images/redesign/arrows/nav/beauty.png
Reusing existing connection to www.seventeen.com:80.
HTTP request sent, awaiting response... 200 OK
Length: 365 [image/png]
Saving to: `code/../crawls/seventeen.com/Privacy-Policy/raw/www.seventeen.com/cm/seventeen/site_images/redesign/arrows/nav/beauty.png'

     0K                                                       100% 66.9M=0s

2012-10-22 05:12:38 (66.9 MB/s) - `code/../crawls/seventeen.com/Privacy-Policy/raw/www.seventeen.com/cm/seventeen/site_images/redesign/arrows/nav/beauty.png' saved [365/365]

--2012-10-22 05:12:38--  http://www.seventeen.com/cm/seventeen/site_images/redesign/arrows/nav/entertainment.png
Reusing existing connection to www.seventeen.com:80.
HTTP request sent, awaiting response... 200 OK
Length: 371 [image/png]
Saving to: `code/../crawls/seventeen.com/Privacy-Policy/raw/www.seventeen.com/cm/seventeen/site_images/redesign/arrows/nav/entertainment.png'

     0K                                                       100% 66.4M=0s

2012-10-22 05:12:38 (66.4 MB/s) - `code/../crawls/seventeen.com/Privacy-Policy/raw/www.seventeen.com/cm/seventeen/site_images/redesign/arrows/nav/entertainment.png' saved [371/371]

--2012-10-22 05:12:38--  http://www.seventeen.com/cm/seventeen/site_images/redesign/arrows/nav/love.png
Reusing existing connection to www.seventeen.com:80.
HTTP request sent, awaiting response... 200 OK
Length: 346 [image/png]
Saving to: `code/../crawls/seventeen.com/Privacy-Policy/raw/www.seventeen.com/cm/seventeen/site_images/redesign/arrows/nav/love.png'

     0K                                                       100% 65.2M=0s

2012-10-22 05:12:38 (65.2 MB/s) - `code/../crawls/seventeen.com/Privacy-Policy/raw/www.seventeen.com/cm/seventeen/site_images/redesign/arrows/nav/love.png' saved [346/346]

--2012-10-22 05:12:38--  http://www.seventeen.com/cm/seventeen/site_images/redesign/arrows/nav/health.png
Reusing existing connection to www.seventeen.com:80.
HTTP request sent, awaiting response... 200 OK
Length: 357 [image/png]
Saving to: `code/../crawls/seventeen.com/Privacy-Policy/raw/www.seventeen.com/cm/seventeen/site_images/redesign/arrows/nav/health.png'

     0K                                                       100% 63.6M=0s

2012-10-22 05:12:38 (63.6 MB/s) - `code/../crawls/seventeen.com/Privacy-Policy/raw/www.seventeen.com/cm/seventeen/site_images/redesign/arrows/nav/health.png' saved [357/357]

--2012-10-22 05:12:38--  http://www.seventeen.com/cm/seventeen/site_images/redesign/arrows/nav/college.png
Reusing existing connection to www.seventeen.com:80.
HTTP request sent, awaiting response... 200 OK
Length: 371 [image/png]
Saving to: `code/../crawls/seventeen.com/Privacy-Policy/raw/www.seventeen.com/cm/seventeen/site_images/redesign/arrows/nav/college.png'

     0K                                                       100% 68.1M=0s

2012-10-22 05:12:38 (68.1 MB/s) - `code/../crawls/seventeen.com/Privacy-Policy/raw/www.seventeen.com/cm/seventeen/site_images/redesign/arrows/nav/college.png' saved [371/371]

--2012-10-22 05:12:38--  http://www.seventeen.com/cm/seventeen/site_images/redesign/arrows/nav/parties.png
Reusing existing connection to www.seventeen.com:80.
HTTP request sent, awaiting response... 200 OK
Length: 326 [image/png]
Saving to: `code/../crawls/seventeen.com/Privacy-Policy/raw/www.seventeen.com/cm/seventeen/site_images/redesign/arrows/nav/parties.png'

     0K                                                       100% 58.8M=0s

2012-10-22 05:12:38 (58.8 MB/s) - `code/../crawls/seventeen.com/Privacy-Policy/raw/www.seventeen.com/cm/seventeen/site_images/redesign/arrows/nav/parties.png' saved [326/326]

--2012-10-22 05:12:38--  http://www.seventeen.com/cm/seventeen/site_images/redesign/arrows/nav/sponsored.png
Reusing existing connection to www.seventeen.com:80.
HTTP request sent, awaiting response... 200 OK
Length: 212 [image/png]
Saving to: `code/../crawls/seventeen.com/Privacy-Policy/raw/www.seventeen.com/cm/seventeen/site_images/redesign/arrows/nav/sponsored.png'

     0K                                                       100% 38.3M=0s

2012-10-22 05:12:38 (38.3 MB/s) - `code/../crawls/seventeen.com/Privacy-Policy/raw/www.seventeen.com/cm/seventeen/site_images/redesign/arrows/nav/sponsored.png' saved [212/212]

--2012-10-22 05:12:38--  http://www.seventeen.com/cm/seventeen/site_images/redesign/labels/offer.png
Reusing existing connection to www.seventeen.com:80.
HTTP request sent, awaiting response... 200 OK
Length: 653 [image/png]
Saving to: `code/../crawls/seventeen.com/Privacy-Policy/raw/www.seventeen.com/cm/seventeen/site_images/redesign/labels/offer.png'

     0K                                                       100%  117M=0s

2012-10-22 05:12:38 (117 MB/s) - `code/../crawls/seventeen.com/Privacy-Policy/raw/www.seventeen.com/cm/seventeen/site_images/redesign/labels/offer.png' saved [653/653]

--2012-10-22 05:12:38--  http://www.seventeen.com/cm/seventeen/site_images/redesign/backgrounds/searchBottom.png
Reusing existing connection to www.seventeen.com:80.
HTTP request sent, awaiting response... 200 OK
Length: 472 [image/png]
Saving to: `code/../crawls/seventeen.com/Privacy-Policy/raw/www.seventeen.com/cm/seventeen/site_images/redesign/backgrounds/searchBottom.png'

     0K                                                       100% 88.9M=0s

2012-10-22 05:12:38 (88.9 MB/s) - `code/../crawls/seventeen.com/Privacy-Policy/raw/www.seventeen.com/cm/seventeen/site_images/redesign/backgrounds/searchBottom.png' saved [472/472]

--2012-10-22 05:12:38--  http://www.seventeen.com/cm/seventeen/site_images/redesign/backgrounds/searchTop.png
Reusing existing connection to www.seventeen.com:80.
HTTP request sent, awaiting response... 200 OK
Length: 455 [image/png]
Saving to: `code/../crawls/seventeen.com/Privacy-Policy/raw/www.seventeen.com/cm/seventeen/site_images/redesign/backgrounds/searchTop.png'

     0K                                                       100% 83.0M=0s

2012-10-22 05:12:38 (83.0 MB/s) - `code/../crawls/seventeen.com/Privacy-Policy/raw/www.seventeen.com/cm/seventeen/site_images/redesign/backgrounds/searchTop.png' saved [455/455]

--2012-10-22 05:12:38--  http://www.seventeen.com/cm/seventeen/site_images/redesign/comments/formBG.png
Reusing existing connection to www.seventeen.com:80.
HTTP request sent, awaiting response... 200 OK
Length: 40411 (39K) [image/png]
Saving to: `code/../crawls/seventeen.com/Privacy-Policy/raw/www.seventeen.com/cm/seventeen/site_images/redesign/comments/formBG.png'

     0K .......... .......... .......... .........            100% 10.6M=0.004s

2012-10-22 05:12:38 (10.6 MB/s) - `code/../crawls/seventeen.com/Privacy-Policy/raw/www.seventeen.com/cm/seventeen/site_images/redesign/comments/formBG.png' saved [40411/40411]

--2012-10-22 05:12:38--  http://www.seventeen.com/cm/seventeen/site_images/redesign/comments/reportAbuse.png
Reusing existing connection to www.seventeen.com:80.
HTTP request sent, awaiting response... 200 OK
Length: 519 [image/png]
Saving to: `code/../crawls/seventeen.com/Privacy-Policy/raw/www.seventeen.com/cm/seventeen/site_images/redesign/comments/reportAbuse.png'

     0K                                                       100% 93.8M=0s

2012-10-22 05:12:38 (93.8 MB/s) - `code/../crawls/seventeen.com/Privacy-Policy/raw/www.seventeen.com/cm/seventeen/site_images/redesign/comments/reportAbuse.png' saved [519/519]

--2012-10-22 05:12:38--  http://www.seventeen.com/cm/seventeen/site_images/redesign/icons/rss.png
Reusing existing connection to www.seventeen.com:80.
HTTP request sent, awaiting response... 200 OK
Length: 814 [image/png]
Saving to: `code/../crawls/seventeen.com/Privacy-Policy/raw/www.seventeen.com/cm/seventeen/site_images/redesign/icons/rss.png'

     0K                                                       100%  144M=0s

2012-10-22 05:12:38 (144 MB/s) - `code/../crawls/seventeen.com/Privacy-Policy/raw/www.seventeen.com/cm/seventeen/site_images/redesign/icons/rss.png' saved [814/814]

--2012-10-22 05:12:38--  http://www.seventeen.com/cm/seventeen/site_images/redesign/arrows/standard-left.png
Reusing existing connection to www.seventeen.com:80.
HTTP request sent, awaiting response... 200 OK
Length: 388 [image/png]
Saving to: `code/../crawls/seventeen.com/Privacy-Policy/raw/www.seventeen.com/cm/seventeen/site_images/redesign/arrows/standard-left.png'

     0K                                                       100% 69.0M=0s

2012-10-22 05:12:38 (69.0 MB/s) - `code/../crawls/seventeen.com/Privacy-Policy/raw/www.seventeen.com/cm/seventeen/site_images/redesign/arrows/standard-left.png' saved [388/388]

--2012-10-22 05:12:38--  http://platform.twitter.com/widgets/images/btn.27237bab4db188ca749164efd38861b0.png
Connecting to platform.twitter.com|23.56.127.144|:80... connected.
HTTP request sent, awaiting response... 200 OK
Length: 1707 (1.7K) [image/png]
Saving to: `code/../crawls/seventeen.com/Privacy-Policy/raw/platform.twitter.com/widgets/images/btn.27237bab4db188ca749164efd38861b0.png'

     0K .                                                     100%  230M=0s

2012-10-22 05:12:38 (230 MB/s) - `code/../crawls/seventeen.com/Privacy-Policy/raw/platform.twitter.com/widgets/images/btn.27237bab4db188ca749164efd38861b0.png' saved [1707/1707]

--2012-10-22 05:12:38--  http://platform.twitter.com/widgets/images/btn.80461603b10bcad420939ef5204c466a.gif
Reusing existing connection to platform.twitter.com:80.
HTTP request sent, awaiting response... 200 OK
Length: 898 [image/gif]
Saving to: `code/../crawls/seventeen.com/Privacy-Policy/raw/platform.twitter.com/widgets/images/btn.80461603b10bcad420939ef5204c466a.gif'

     0K                                                       100%  160M=0s

2012-10-22 05:12:38 (160 MB/s) - `code/../crawls/seventeen.com/Privacy-Policy/raw/platform.twitter.com/widgets/images/btn.80461603b10bcad420939ef5204c466a.gif' saved [898/898]

FINISHED --2012-10-22 05:12:38--
Total wall clock time: 9.4s
Downloaded: 143 files, 1.2M in 0.2s (7.22 MB/s)
Converting code/../crawls/seventeen.com/Privacy-Policy/raw/answerology.seventeen.com/index.aspx?template=cobrand_question_of_day_widget.ascx&widgetName=seventeen_rightrail&au=seventeenrightrail&__as_javascript=tr.html... 0-4
Converting code/../crawls/seventeen.com/Privacy-Policy/raw/www.seventeen.com/cm/seventeen/misc/w0/-small_new.ev-willow-holland-arrow.html... nothing to do.
Converting code/../crawls/seventeen.com/Privacy-Policy/raw/platform.twitter.com/widgets/follow_button.html?screen_name=seventeenmag&size=large.html... 3-1
Converting code/../crawls/seventeen.com/Privacy-Policy/raw/answerology.seventeen.com/index.aspx?template=cobrand_question_of_day_widget.ascx&widgetName=seventeen_rightrail_hot_questions&au=seventeenrightrail&__as.html... 0-4
Converting code/../crawls/seventeen.com/Privacy-Policy/raw/www.seventeen.com/about/privacy-policy.html... 123-113
Converting code/../crawls/seventeen.com/Privacy-Policy/raw/www.seventeen.com/cm/seventeen/misc/qI/sev-must-haves-hayley-smn.html... nothing to do.
Converting code/../crawls/seventeen.com/Privacy-Policy/raw/www.seventeen.com/cm/seventeen/styles/redesign/global.css... 63-0
Converting code/../crawls/seventeen.com/Privacy-Policy/raw/www.seventeen.com/cm/seventeen/styles/redesign/navigation.css... 15-0
Converting code/../crawls/seventeen.com/Privacy-Policy/raw/www.seventeen.com/cm/seventeen/styles/redesign/circulation.css... 1-0
Converting code/../crawls/seventeen.com/Privacy-Policy/raw/www.seventeen.com/cm/seventeen/styles/seo-footer.css... nothing to do.
Converting code/../crawls/seventeen.com/Privacy-Policy/raw/www.seventeen.com/cm/seventeen/styles/autocomplete.css... nothing to do.
Converting code/../crawls/seventeen.com/Privacy-Policy/raw/www.seventeen.com/cm/seventeen/styles/redesign/comments.css... 3-0
Converting code/../crawls/seventeen.com/Privacy-Policy/raw/www.seventeen.com/cm/seventeen/styles/redesign/selectbox.css... 1-1
Converting code/../crawls/seventeen.com/Privacy-Policy/raw/www.seventeen.com/cm/seventeen/styles/redesign/article.css... 3-0
Converting code/../crawls/seventeen.com/Privacy-Policy/raw/www.seventeen.com/cm/seventeen/styles/redesign/web_search.css... 2-0
Converted 15 files in 0.01 seconds.
