--2012-12-01 05:10:10--  http://www.avidaviator.com/privacy.html
Resolving www.avidaviator.com... 216.172.172.243
Connecting to www.avidaviator.com|216.172.172.243|:80... connected.
HTTP request sent, awaiting response... 200 OK
Length: 11775 (11K) [text/html]
Saving to: `code/../crawls/avidaviator.com/Privacy-Policy/raw/www.avidaviator.com/privacy.html'

     0K .......... .                                          100%  276K=0.04s

2012-12-01 05:10:11 (276 KB/s) - `code/../crawls/avidaviator.com/Privacy-Policy/raw/www.avidaviator.com/privacy.html' saved [11775/11775]

--2012-12-01 05:10:11--  http://www.avidaviator.com/imgs/avid_logo.jpg
Reusing existing connection to www.avidaviator.com:80.
HTTP request sent, awaiting response... 200 OK
Length: 25595 (25K) [image/jpeg]
Saving to: `code/../crawls/avidaviator.com/Privacy-Policy/raw/www.avidaviator.com/imgs/avid_logo.jpg'

     0K .......... .......... ....                            100%  583K=0.04s

2012-12-01 05:10:11 (583 KB/s) - `code/../crawls/avidaviator.com/Privacy-Policy/raw/www.avidaviator.com/imgs/avid_logo.jpg' saved [25595/25595]

--2012-12-01 05:10:11--  http://www.avidaviator.com/imgs/menu_bar02.gif
Reusing existing connection to www.avidaviator.com:80.
HTTP request sent, awaiting response... 200 OK
Length: 2269 (2.2K) [image/gif]
Saving to: `code/../crawls/avidaviator.com/Privacy-Policy/raw/www.avidaviator.com/imgs/menu_bar02.gif'

     0K ..                                                    100%  299M=0s

2012-12-01 05:10:11 (299 MB/s) - `code/../crawls/avidaviator.com/Privacy-Policy/raw/www.avidaviator.com/imgs/menu_bar02.gif' saved [2269/2269]

FINISHED --2012-12-01 05:10:11--
Total wall clock time: 0.4s
Downloaded: 3 files, 39K in 0.08s (458 KB/s)
Converting code/../crawls/avidaviator.com/Privacy-Policy/raw/www.avidaviator.com/privacy.html... 3-37
Converted 1 files in 0 seconds.
