--2013-04-03 05:23:36--  http://www.peekyou.com/about/corporate/site/privacy_policy/
Resolving www.peekyou.com... 74.125.132.121, 2a00:1450:400c:c05::79
Connecting to www.peekyou.com|74.125.132.121|:80... connected.
HTTP request sent, awaiting response... 200 OK
Length: unspecified [text/html]
Saving to: `code/../crawls/peekyou.com/Privacy-Policy/raw/www.peekyou.com/about/corporate/site/privacy_policy/index.html'

     0K .......... .......... .......... .........             93.7K=0.4s

2013-04-03 05:23:37 (93.7 KB/s) - `code/../crawls/peekyou.com/Privacy-Policy/raw/www.peekyou.com/about/corporate/site/privacy_policy/index.html' saved [40604]

--2013-04-03 05:23:37--  http://1-ps.googleusercontent.com/h/www.peekyou.com/css/A.main.css.pagespeed.cf.78AFB-pW81.css
Resolving 1-ps.googleusercontent.com... 74.125.136.132, 2a00:1450:4013:c00::84
Connecting to 1-ps.googleusercontent.com|74.125.136.132|:80... connected.
HTTP request sent, awaiting response... 200 OK
Length: unspecified [text/css]
Saving to: `code/../crawls/peekyou.com/Privacy-Policy/raw/1-ps.googleusercontent.com/h/www.peekyou.com/css/A.main.css.pagespeed.cf.78AFB-pW81.css'

     0K .......... ..........                                  65.8K=0.3s

2013-04-03 05:23:38 (65.8 KB/s) - `code/../crawls/peekyou.com/Privacy-Policy/raw/1-ps.googleusercontent.com/h/www.peekyou.com/css/A.main.css.pagespeed.cf.78AFB-pW81.css' saved [21453]

--2013-04-03 05:23:38--  http://1-ps.googleusercontent.com/h/www.peekyou.com/css/A.results.css.pagespeed.cf.bcsPr2QiVo.css
Reusing existing connection to 1-ps.googleusercontent.com:80.
HTTP request sent, awaiting response... 200 OK
Length: unspecified [text/css]
Saving to: `code/../crawls/peekyou.com/Privacy-Policy/raw/1-ps.googleusercontent.com/h/www.peekyou.com/css/A.results.css.pagespeed.cf.bcsPr2QiVo.css'

     0K .......... .......... ..........                        188K=0.2s

2013-04-03 05:23:38 (188 KB/s) - `code/../crawls/peekyou.com/Privacy-Policy/raw/1-ps.googleusercontent.com/h/www.peekyou.com/css/A.results.css.pagespeed.cf.bcsPr2QiVo.css' saved [31088]

--2013-04-03 05:23:38--  http://1-ps.googleusercontent.com/h/www.peekyou.com/js/68/prototype-min.js.pagespeed.jm.xHVLMZt1GQ.js
Reusing existing connection to 1-ps.googleusercontent.com:80.
HTTP request sent, awaiting response... 200 OK
Length: unspecified [text/javascript]
Saving to: `code/../crawls/peekyou.com/Privacy-Policy/raw/1-ps.googleusercontent.com/h/www.peekyou.com/js/68/prototype-min.js.pagespeed.jm.xHVLMZt1GQ.js'

     0K .......... .......... .......... .......... ..........  311K
    50K .......... .......... .......... .......... .......... 45.6K
   100K ...                                                    6678G=1.3s

2013-04-03 05:23:40 (82.2 KB/s) - `code/../crawls/peekyou.com/Privacy-Policy/raw/1-ps.googleusercontent.com/h/www.peekyou.com/js/68/prototype-min.js.pagespeed.jm.xHVLMZt1GQ.js' saved [105985]

--2013-04-03 05:23:40--  http://1-ps.googleusercontent.com/h/www.peekyou.com/js/68/externallinks.js.pagespeed.jm.TMYP8ZyOTs.js
Reusing existing connection to 1-ps.googleusercontent.com:80.
HTTP request sent, awaiting response... 200 OK
Length: unspecified [text/javascript]
Saving to: `code/../crawls/peekyou.com/Privacy-Policy/raw/1-ps.googleusercontent.com/h/www.peekyou.com/js/68/externallinks.js.pagespeed.jm.TMYP8ZyOTs.js'

     0K                                                        23.7M=0s

2013-04-03 05:23:40 (23.7 MB/s) - `code/../crawls/peekyou.com/Privacy-Policy/raw/1-ps.googleusercontent.com/h/www.peekyou.com/js/68/externallinks.js.pagespeed.jm.TMYP8ZyOTs.js' saved [230]

--2013-04-03 05:23:40--  http://1-ps.googleusercontent.com/h/www.peekyou.com/js/68/greybox/AJS.js.pagespeed.jm.761QsYUrt9.js
Reusing existing connection to 1-ps.googleusercontent.com:80.
HTTP request sent, awaiting response... 200 OK
Length: unspecified [text/javascript]
Saving to: `code/../crawls/peekyou.com/Privacy-Policy/raw/1-ps.googleusercontent.com/h/www.peekyou.com/js/68/greybox/AJS.js.pagespeed.jm.761QsYUrt9.js'

     0K .......... .........                                   13.4M=0.001s

2013-04-03 05:23:40 (13.4 MB/s) - `code/../crawls/peekyou.com/Privacy-Policy/raw/1-ps.googleusercontent.com/h/www.peekyou.com/js/68/greybox/AJS.js.pagespeed.jm.761QsYUrt9.js' saved [20009]

--2013-04-03 05:23:40--  http://1-ps.googleusercontent.com/h/www.peekyou.com/js/68/greybox/AJS_fx.js.pagespeed.jm.Lcbsv0YlIN.js
Reusing existing connection to 1-ps.googleusercontent.com:80.
HTTP request sent, awaiting response... 200 OK
Length: unspecified [text/javascript]
Saving to: `code/../crawls/peekyou.com/Privacy-Policy/raw/1-ps.googleusercontent.com/h/www.peekyou.com/js/68/greybox/AJS_fx.js.pagespeed.jm.Lcbsv0YlIN.js'

     0K ..                                                     44.3M=0s

2013-04-03 05:23:40 (44.3 MB/s) - `code/../crawls/peekyou.com/Privacy-Policy/raw/1-ps.googleusercontent.com/h/www.peekyou.com/js/68/greybox/AJS_fx.js.pagespeed.jm.Lcbsv0YlIN.js' saved [3063]

--2013-04-03 05:23:40--  http://1-ps.googleusercontent.com/h/www.peekyou.com/js/layout.js.pagespeed.jm.ttx-etm8wk.js
Reusing existing connection to 1-ps.googleusercontent.com:80.
HTTP request sent, awaiting response... 200 OK
Length: unspecified [text/javascript]
Saving to: `code/../crawls/peekyou.com/Privacy-Policy/raw/1-ps.googleusercontent.com/h/www.peekyou.com/js/layout.js.pagespeed.jm.ttx-etm8wk.js'

     0K .......... .                                           14.4M=0.001s

2013-04-03 05:23:40 (14.4 MB/s) - `code/../crawls/peekyou.com/Privacy-Policy/raw/1-ps.googleusercontent.com/h/www.peekyou.com/js/layout.js.pagespeed.jm.ttx-etm8wk.js' saved [11564]

--2013-04-03 05:23:40--  http://1-ps.googleusercontent.com/x/www.peekyou.com/static.getclicky.com/js.pagespeed.ce.qWbKfyrEUU.js
Reusing existing connection to 1-ps.googleusercontent.com:80.
HTTP request sent, awaiting response... 200 OK
Length: unspecified [application/x-javascript]
Saving to: `code/../crawls/peekyou.com/Privacy-Policy/raw/1-ps.googleusercontent.com/x/www.peekyou.com/static.getclicky.com/js.pagespeed.ce.qWbKfyrEUU.js'

     0K .......... ....                                        15.7M=0.001s

2013-04-03 05:23:41 (15.7 MB/s) - `code/../crawls/peekyou.com/Privacy-Policy/raw/1-ps.googleusercontent.com/x/www.peekyou.com/static.getclicky.com/js.pagespeed.ce.qWbKfyrEUU.js' saved [14611]

--2013-04-03 05:23:41--  http://b.scorecardresearch.com/p?c1=2&c2=8428994&cv=2.0&cj=1
Resolving b.scorecardresearch.com... 23.61.194.218, 23.61.194.248
Connecting to b.scorecardresearch.com|23.61.194.218|:80... connected.
HTTP request sent, awaiting response... 302 Moved Temporarily
Location: http://b.scorecardresearch.com/p2?c1=2&c2=8428994&cv=2.0&cj=1 [following]
--2013-04-03 05:23:41--  http://b.scorecardresearch.com/p2?c1=2&c2=8428994&cv=2.0&cj=1
Reusing existing connection to b.scorecardresearch.com:80.
HTTP request sent, awaiting response... 200 OK
Length: 43 [image/gif]
Saving to: `code/../crawls/peekyou.com/Privacy-Policy/raw/b.scorecardresearch.com/p?c1=2&c2=8428994&cv=2.0&cj=1'

     0K                                                       100% 7.23M=0s

2013-04-03 05:23:41 (7.23 MB/s) - `code/../crawls/peekyou.com/Privacy-Policy/raw/b.scorecardresearch.com/p?c1=2&c2=8428994&cv=2.0&cj=1' saved [43/43]

--2013-04-03 05:23:41--  http://edge.quantserve.com/quant.js
Resolving edge.quantserve.com... 64.94.107.53, 64.94.107.14, 64.94.107.20, ...
Connecting to edge.quantserve.com|64.94.107.53|:80... connected.
HTTP request sent, awaiting response... 200 OK
Length: 5839 (5.7K) [application/x-javascript]
Saving to: `code/../crawls/peekyou.com/Privacy-Policy/raw/edge.quantserve.com/quant.js'

     0K .....                                                 100%  120K=0.05s

2013-04-03 05:23:41 (120 KB/s) - `code/../crawls/peekyou.com/Privacy-Policy/raw/edge.quantserve.com/quant.js' saved [5839/5839]

--2013-04-03 05:23:41--  http://pixel.quantserve.com/pixel/p-8f3IpECSxZr7g.gif
Resolving pixel.quantserve.com... 64.94.107.46, 64.94.107.58, 64.94.107.66, ...
Connecting to pixel.quantserve.com|64.94.107.46|:80... connected.
HTTP request sent, awaiting response... 200 OK
Length: 35 [image/gif]
Saving to: `code/../crawls/peekyou.com/Privacy-Policy/raw/pixel.quantserve.com/pixel/p-8f3IpECSxZr7g.gif'

     0K                                                       100% 5.50M=0s

2013-04-03 05:23:41 (5.50 MB/s) - `code/../crawls/peekyou.com/Privacy-Policy/raw/pixel.quantserve.com/pixel/p-8f3IpECSxZr7g.gif' saved [35/35]

--2013-04-03 05:23:41--  http://1-ps.googleusercontent.com/h/www.peekyou.com/images/peekyou.gif.pagespeed.ce.GV0AAEOXra.gif
Connecting to 1-ps.googleusercontent.com|74.125.136.132|:80... connected.
HTTP request sent, awaiting response... 200 OK
Length: unspecified [image/gif]
Saving to: `code/../crawls/peekyou.com/Privacy-Policy/raw/1-ps.googleusercontent.com/h/www.peekyou.com/images/peekyou.gif.pagespeed.ce.GV0AAEOXra.gif'

     0K ........                                                114M=0s

2013-04-03 05:23:42 (114 MB/s) - `code/../crawls/peekyou.com/Privacy-Policy/raw/1-ps.googleusercontent.com/h/www.peekyou.com/images/peekyou.gif.pagespeed.ce.GV0AAEOXra.gif' saved [8518]

--2013-04-03 05:23:42--  http://1-ps.googleusercontent.com/h/www.peekyou.com/images/xcollage_small.png.pagespeed.ic.eL-Mu7Kgfj.png
Reusing existing connection to 1-ps.googleusercontent.com:80.
HTTP request sent, awaiting response... 200 OK
Length: 10547 (10K) [image/png]
Saving to: `code/../crawls/peekyou.com/Privacy-Policy/raw/1-ps.googleusercontent.com/h/www.peekyou.com/images/xcollage_small.png.pagespeed.ic.eL-Mu7Kgfj.png'

     0K ..........                                            100% 16.5M=0.001s

2013-04-03 05:23:43 (16.5 MB/s) - `code/../crawls/peekyou.com/Privacy-Policy/raw/1-ps.googleusercontent.com/h/www.peekyou.com/images/xcollage_small.png.pagespeed.ic.eL-Mu7Kgfj.png' saved [10547/10547]

--2013-04-03 05:23:43--  http://1-ps.googleusercontent.com/h/www.peekyou.com/images/profileRight.gif.pagespeed.ce.71NokeOJOI.gif
Reusing existing connection to 1-ps.googleusercontent.com:80.
HTTP request sent, awaiting response... 200 OK
Length: 124 [image/gif]
Saving to: `code/../crawls/peekyou.com/Privacy-Policy/raw/1-ps.googleusercontent.com/h/www.peekyou.com/images/profileRight.gif.pagespeed.ce.71NokeOJOI.gif'

     0K                                                       100% 22.1M=0s

2013-04-03 05:23:43 (22.1 MB/s) - `code/../crawls/peekyou.com/Privacy-Policy/raw/1-ps.googleusercontent.com/h/www.peekyou.com/images/profileRight.gif.pagespeed.ce.71NokeOJOI.gif' saved [124/124]

--2013-04-03 05:23:43--  http://1-ps.googleusercontent.com/h/www.peekyou.com/images/countryflags.gif.pagespeed.ce.Frlgefdv7m.gif
Reusing existing connection to 1-ps.googleusercontent.com:80.
HTTP request sent, awaiting response... 200 OK
Length: unspecified [image/gif]
Saving to: `code/../crawls/peekyou.com/Privacy-Policy/raw/1-ps.googleusercontent.com/h/www.peekyou.com/images/countryflags.gif.pagespeed.ce.Frlgefdv7m.gif'

     0K .......                                                18.4M=0s

2013-04-03 05:23:43 (18.4 MB/s) - `code/../crawls/peekyou.com/Privacy-Policy/raw/1-ps.googleusercontent.com/h/www.peekyou.com/images/countryflags.gif.pagespeed.ce.Frlgefdv7m.gif' saved [8097]

--2013-04-03 05:23:43--  http://1-ps.googleusercontent.com/h/www.peekyou.com/images/xcollage_new.png.pagespeed.ic.vkb5zuad59.png
Reusing existing connection to 1-ps.googleusercontent.com:80.
HTTP request sent, awaiting response... 200 OK
Length: unspecified [image/png]
Saving to: `code/../crawls/peekyou.com/Privacy-Policy/raw/1-ps.googleusercontent.com/h/www.peekyou.com/images/xcollage_new.png.pagespeed.ic.vkb5zuad59.png'

     0K ..                                                      194M=0s

2013-04-03 05:23:43 (194 MB/s) - `code/../crawls/peekyou.com/Privacy-Policy/raw/1-ps.googleusercontent.com/h/www.peekyou.com/images/xcollage_new.png.pagespeed.ic.vkb5zuad59.png' saved [2148]

--2013-04-03 05:23:43--  http://1-ps.googleusercontent.com/h/www.peekyou.com/about/images/bg-span-hint-gray.gif.pagespeed.ce.nW5BQKTF0Q.gif
Reusing existing connection to 1-ps.googleusercontent.com:80.
HTTP request sent, awaiting response... 200 OK
Length: unspecified [image/gif]
Saving to: `code/../crawls/peekyou.com/Privacy-Policy/raw/1-ps.googleusercontent.com/h/www.peekyou.com/about/images/bg-span-hint-gray.gif.pagespeed.ce.nW5BQKTF0Q.gif'

     0K                                                        95.6M=0s

2013-04-03 05:23:43 (95.6 MB/s) - `code/../crawls/peekyou.com/Privacy-Policy/raw/1-ps.googleusercontent.com/h/www.peekyou.com/about/images/bg-span-hint-gray.gif.pagespeed.ce.nW5BQKTF0Q.gif' saved [960]

--2013-04-03 05:23:43--  http://1-ps.googleusercontent.com/h/www.peekyou.com/images/Check-icon.png.pagespeed.ce.E7MQI8oTzZ.png
Reusing existing connection to 1-ps.googleusercontent.com:80.
HTTP request sent, awaiting response... 200 OK
Length: unspecified [image/png]
Saving to: `code/../crawls/peekyou.com/Privacy-Policy/raw/1-ps.googleusercontent.com/h/www.peekyou.com/images/Check-icon.png.pagespeed.ce.E7MQI8oTzZ.png'

     0K                                                        69.9M=0s

2013-04-03 05:23:43 (69.9 MB/s) - `code/../crawls/peekyou.com/Privacy-Policy/raw/1-ps.googleusercontent.com/h/www.peekyou.com/images/Check-icon.png.pagespeed.ce.E7MQI8oTzZ.png' saved [697]

--2013-04-03 05:23:43--  http://1-ps.googleusercontent.com/h/www.peekyou.com/images/Delete-icon.png.pagespeed.ce.O0Ggsme8As.png
Reusing existing connection to 1-ps.googleusercontent.com:80.
HTTP request sent, awaiting response... 200 OK
Length: unspecified [image/png]
Saving to: `code/../crawls/peekyou.com/Privacy-Policy/raw/1-ps.googleusercontent.com/h/www.peekyou.com/images/Delete-icon.png.pagespeed.ce.O0Ggsme8As.png'

     0K                                                        74.3M=0s

2013-04-03 05:23:44 (74.3 MB/s) - `code/../crawls/peekyou.com/Privacy-Policy/raw/1-ps.googleusercontent.com/h/www.peekyou.com/images/Delete-icon.png.pagespeed.ce.O0Ggsme8As.png' saved [717]

--2013-04-03 05:23:44--  http://1-ps.googleusercontent.com/h/www.peekyou.com/images/xnewFeature.png.pagespeed.ic.qgx-PO6tBx.png
Reusing existing connection to 1-ps.googleusercontent.com:80.
HTTP request sent, awaiting response... 200 OK
Length: unspecified [image/png]
Saving to: `code/../crawls/peekyou.com/Privacy-Policy/raw/1-ps.googleusercontent.com/h/www.peekyou.com/images/xnewFeature.png.pagespeed.ic.qgx-PO6tBx.png'

     0K                                                        45.6M=0s

2013-04-03 05:23:49 (45.6 MB/s) - `code/../crawls/peekyou.com/Privacy-Policy/raw/1-ps.googleusercontent.com/h/www.peekyou.com/images/xnewFeature.png.pagespeed.ic.qgx-PO6tBx.png' saved [682]

--2013-04-03 05:23:49--  http://1-ps.googleusercontent.com/h/www.peekyou.com/images/xheaderCellLeft_bg.png.pagespeed.ic.9UsDSzh5Wv.jpg
Reusing existing connection to 1-ps.googleusercontent.com:80.
HTTP request sent, awaiting response... 200 OK
Length: unspecified [image/jpeg]
Saving to: `code/../crawls/peekyou.com/Privacy-Policy/raw/1-ps.googleusercontent.com/h/www.peekyou.com/images/xheaderCellLeft_bg.png.pagespeed.ic.9UsDSzh5Wv.jpg'

     0K                                                         102M=0s

2013-04-03 05:23:49 (102 MB/s) - `code/../crawls/peekyou.com/Privacy-Policy/raw/1-ps.googleusercontent.com/h/www.peekyou.com/images/xheaderCellLeft_bg.png.pagespeed.ic.9UsDSzh5Wv.jpg' saved [1011]

--2013-04-03 05:23:49--  http://1-ps.googleusercontent.com/h/www.peekyou.com/images/sliderHighlight.gif.pagespeed.ce.qXt0XqTX7_.gif
Reusing existing connection to 1-ps.googleusercontent.com:80.
HTTP request sent, awaiting response... 200 OK
Length: 43 [image/gif]
Saving to: `code/../crawls/peekyou.com/Privacy-Policy/raw/1-ps.googleusercontent.com/h/www.peekyou.com/images/sliderHighlight.gif.pagespeed.ce.qXt0XqTX7_.gif'

     0K                                                       100% 7.49M=0s

2013-04-03 05:23:49 (7.49 MB/s) - `code/../crawls/peekyou.com/Privacy-Policy/raw/1-ps.googleusercontent.com/h/www.peekyou.com/images/sliderHighlight.gif.pagespeed.ce.qXt0XqTX7_.gif' saved [43/43]

--2013-04-03 05:23:49--  http://1-ps.googleusercontent.com/h/www.peekyou.com/images/large_loading_w.gif.pagespeed.ce.hVHOhjZ9km.gif
Reusing existing connection to 1-ps.googleusercontent.com:80.
HTTP request sent, awaiting response... 200 OK
Length: 3208 (3.1K) [image/gif]
Saving to: `code/../crawls/peekyou.com/Privacy-Policy/raw/1-ps.googleusercontent.com/h/www.peekyou.com/images/large_loading_w.gif.pagespeed.ce.hVHOhjZ9km.gif'

     0K ...                                                   100% 44.9M=0s

2013-04-03 05:23:50 (44.9 MB/s) - `code/../crawls/peekyou.com/Privacy-Policy/raw/1-ps.googleusercontent.com/h/www.peekyou.com/images/large_loading_w.gif.pagespeed.ce.hVHOhjZ9km.gif' saved [3208/3208]

--2013-04-03 05:23:50--  http://1-ps.googleusercontent.com/h/www.peekyou.com/images/resultRank10.gif.pagespeed.ce.qlVJ-tS5cq.gif
Reusing existing connection to 1-ps.googleusercontent.com:80.
HTTP request sent, awaiting response... 200 OK
Length: unspecified [image/gif]
Saving to: `code/../crawls/peekyou.com/Privacy-Policy/raw/1-ps.googleusercontent.com/h/www.peekyou.com/images/resultRank10.gif.pagespeed.ce.qlVJ-tS5cq.gif'

     0K ..                                                      118M=0s

2013-04-03 05:23:50 (118 MB/s) - `code/../crawls/peekyou.com/Privacy-Policy/raw/1-ps.googleusercontent.com/h/www.peekyou.com/images/resultRank10.gif.pagespeed.ce.qlVJ-tS5cq.gif' saved [2909]

--2013-04-03 05:23:50--  http://1-ps.googleusercontent.com/h/www.peekyou.com/images/enlargePhotoBg.png.pagespeed.ce.y_J0DKs2cz.png
Reusing existing connection to 1-ps.googleusercontent.com:80.
HTTP request sent, awaiting response... 200 OK
Length: unspecified [image/png]
Saving to: `code/../crawls/peekyou.com/Privacy-Policy/raw/1-ps.googleusercontent.com/h/www.peekyou.com/images/enlargePhotoBg.png.pagespeed.ce.y_J0DKs2cz.png'

     0K                                                        30.1M=0s

2013-04-03 05:23:50 (30.1 MB/s) - `code/../crawls/peekyou.com/Privacy-Policy/raw/1-ps.googleusercontent.com/h/www.peekyou.com/images/enlargePhotoBg.png.pagespeed.ce.y_J0DKs2cz.png' saved [276]

--2013-04-03 05:23:50--  http://1-ps.googleusercontent.com/h/www.peekyou.com/images/xpopUpArrows.png.pagespeed.ic.L8fAeGyFZd.png
Reusing existing connection to 1-ps.googleusercontent.com:80.
HTTP request sent, awaiting response... 200 OK
Length: unspecified [image/png]
Saving to: `code/../crawls/peekyou.com/Privacy-Policy/raw/1-ps.googleusercontent.com/h/www.peekyou.com/images/xpopUpArrows.png.pagespeed.ic.L8fAeGyFZd.png'

     0K                                                        33.4M=0s

2013-04-03 05:23:50 (33.4 MB/s) - `code/../crawls/peekyou.com/Privacy-Policy/raw/1-ps.googleusercontent.com/h/www.peekyou.com/images/xpopUpArrows.png.pagespeed.ic.L8fAeGyFZd.png' saved [317]

--2013-04-03 05:23:50--  http://1-ps.googleusercontent.com/h/www.peekyou.com/images/xgreenBar.png.pagespeed.ic.NqeD-v9P_u.png
Reusing existing connection to 1-ps.googleusercontent.com:80.
HTTP request sent, awaiting response... 200 OK
Length: unspecified [image/png]
Saving to: `code/../crawls/peekyou.com/Privacy-Policy/raw/1-ps.googleusercontent.com/h/www.peekyou.com/images/xgreenBar.png.pagespeed.ic.NqeD-v9P_u.png'

     0K                                                        9.94M=0s

2013-04-03 05:23:50 (9.94 MB/s) - `code/../crawls/peekyou.com/Privacy-Policy/raw/1-ps.googleusercontent.com/h/www.peekyou.com/images/xgreenBar.png.pagespeed.ic.NqeD-v9P_u.png' saved [96]

--2013-04-03 05:23:50--  http://1-ps.googleusercontent.com/h/www.peekyou.com/images/site_icons/xdown_arrow.png.pagespeed.ic.yLUpjBGZbO.png
Reusing existing connection to 1-ps.googleusercontent.com:80.
HTTP request sent, awaiting response... 200 OK
Length: unspecified [image/png]
Saving to: `code/../crawls/peekyou.com/Privacy-Policy/raw/1-ps.googleusercontent.com/h/www.peekyou.com/images/site_icons/xdown_arrow.png.pagespeed.ic.yLUpjBGZbO.png'

     0K                                                        34.3M=0s

2013-04-03 05:23:51 (34.3 MB/s) - `code/../crawls/peekyou.com/Privacy-Policy/raw/1-ps.googleusercontent.com/h/www.peekyou.com/images/site_icons/xdown_arrow.png.pagespeed.ic.yLUpjBGZbO.png' saved [331]

--2013-04-03 05:23:51--  http://1-ps.googleusercontent.com/h/www.peekyou.com/images/xpeekScoreSprite5.png.pagespeed.ic.BB4dIFDHR4.png
Reusing existing connection to 1-ps.googleusercontent.com:80.
HTTP request sent, awaiting response... 200 OK
Length: 6951 (6.8K) [image/png]
Saving to: `code/../crawls/peekyou.com/Privacy-Policy/raw/1-ps.googleusercontent.com/h/www.peekyou.com/images/xpeekScoreSprite5.png.pagespeed.ic.BB4dIFDHR4.png'

     0K ......                                                100% 16.5M=0s

2013-04-03 05:23:51 (16.5 MB/s) - `code/../crawls/peekyou.com/Privacy-Policy/raw/1-ps.googleusercontent.com/h/www.peekyou.com/images/xpeekScoreSprite5.png.pagespeed.ic.BB4dIFDHR4.png' saved [6951/6951]

--2013-04-03 05:23:51--  http://1-ps.googleusercontent.com/h/www.peekyou.com/images/peek_sprite.gif.pagespeed.ce.bzZ3j2XEn3.gif
Reusing existing connection to 1-ps.googleusercontent.com:80.
HTTP request sent, awaiting response... 200 OK
Length: 1686 (1.6K) [image/gif]
Saving to: `code/../crawls/peekyou.com/Privacy-Policy/raw/1-ps.googleusercontent.com/h/www.peekyou.com/images/peek_sprite.gif.pagespeed.ce.bzZ3j2XEn3.gif'

     0K .                                                     100%  227M=0s

2013-04-03 05:23:51 (227 MB/s) - `code/../crawls/peekyou.com/Privacy-Policy/raw/1-ps.googleusercontent.com/h/www.peekyou.com/images/peek_sprite.gif.pagespeed.ce.bzZ3j2XEn3.gif' saved [1686/1686]

--2013-04-03 05:23:51--  http://1-ps.googleusercontent.com/h/www.peekyou.com/images/xsprite-peoplesmart.png.pagespeed.ic.kxiiF1bIqf.png
Reusing existing connection to 1-ps.googleusercontent.com:80.
HTTP request sent, awaiting response... 200 OK
Length: unspecified [image/png]
Saving to: `code/../crawls/peekyou.com/Privacy-Policy/raw/1-ps.googleusercontent.com/h/www.peekyou.com/images/xsprite-peoplesmart.png.pagespeed.ic.kxiiF1bIqf.png'

     0K ..                                                      176M=0s

2013-04-03 05:23:51 (176 MB/s) - `code/../crawls/peekyou.com/Privacy-Policy/raw/1-ps.googleusercontent.com/h/www.peekyou.com/images/xsprite-peoplesmart.png.pagespeed.ic.kxiiF1bIqf.png' saved [2413]

--2013-04-03 05:23:51--  http://1-ps.googleusercontent.com/h/www.peekyou.com/images/favicon_sprite.gif.pagespeed.ce.BWFONfzBYo.gif
Reusing existing connection to 1-ps.googleusercontent.com:80.
HTTP request sent, awaiting response... 200 OK
Length: 9206 (9.0K) [image/gif]
Saving to: `code/../crawls/peekyou.com/Privacy-Policy/raw/1-ps.googleusercontent.com/h/www.peekyou.com/images/favicon_sprite.gif.pagespeed.ce.BWFONfzBYo.gif'

     0K ........                                              100% 16.3M=0.001s

2013-04-03 05:23:51 (16.3 MB/s) - `code/../crawls/peekyou.com/Privacy-Policy/raw/1-ps.googleusercontent.com/h/www.peekyou.com/images/favicon_sprite.gif.pagespeed.ce.BWFONfzBYo.gif' saved [9206/9206]

--2013-04-03 05:23:51--  http://1-ps.googleusercontent.com/h/www.peekyou.com/images/xfavicon_sprite_fb.png.pagespeed.ic.MdMCV0Tz_z.png
Reusing existing connection to 1-ps.googleusercontent.com:80.
HTTP request sent, awaiting response... 200 OK
Length: unspecified [image/png]
Saving to: `code/../crawls/peekyou.com/Privacy-Policy/raw/1-ps.googleusercontent.com/h/www.peekyou.com/images/xfavicon_sprite_fb.png.pagespeed.ic.MdMCV0Tz_z.png'

     0K ..                                                     26.4K=0.09s

2013-04-03 05:23:51 (26.4 KB/s) - `code/../crawls/peekyou.com/Privacy-Policy/raw/1-ps.googleusercontent.com/h/www.peekyou.com/images/xfavicon_sprite_fb.png.pagespeed.ic.MdMCV0Tz_z.png' saved [2418]

--2013-04-03 05:23:51--  http://1-ps.googleusercontent.com/h/www.peekyou.com/images/xinstantcheckmate_button.png.pagespeed.ic.aFpKuJjJYA.png
Reusing existing connection to 1-ps.googleusercontent.com:80.
HTTP request sent, awaiting response... 200 OK
Length: unspecified [image/png]
Saving to: `code/../crawls/peekyou.com/Privacy-Policy/raw/1-ps.googleusercontent.com/h/www.peekyou.com/images/xinstantcheckmate_button.png.pagespeed.ic.aFpKuJjJYA.png'

     0K .                                                       154M=0s

2013-04-03 05:23:52 (154 MB/s) - `code/../crawls/peekyou.com/Privacy-Policy/raw/1-ps.googleusercontent.com/h/www.peekyou.com/images/xinstantcheckmate_button.png.pagespeed.ic.aFpKuJjJYA.png' saved [1670]

--2013-04-03 05:23:52--  http://1-ps.googleusercontent.com/h/www.peekyou.com/images/mobile/large_loading_w.gif.pagespeed.ce.oljd9mGak3.gif
Reusing existing connection to 1-ps.googleusercontent.com:80.
HTTP request sent, awaiting response... 200 OK
Length: 1456 (1.4K) [image/gif]
Saving to: `code/../crawls/peekyou.com/Privacy-Policy/raw/1-ps.googleusercontent.com/h/www.peekyou.com/images/mobile/large_loading_w.gif.pagespeed.ce.oljd9mGak3.gif'

     0K .                                                     100%  195M=0s

2013-04-03 05:23:52 (195 MB/s) - `code/../crawls/peekyou.com/Privacy-Policy/raw/1-ps.googleusercontent.com/h/www.peekyou.com/images/mobile/large_loading_w.gif.pagespeed.ce.oljd9mGak3.gif' saved [1456/1456]

FINISHED --2013-04-03 05:23:52--
Total wall clock time: 15s
Downloaded: 36 files, 313K in 2.3s (136 KB/s)
Converting code/../crawls/peekyou.com/Privacy-Policy/raw/www.peekyou.com/about/corporate/site/privacy_policy/index.html... 20-8
Converting code/../crawls/peekyou.com/Privacy-Policy/raw/1-ps.googleusercontent.com/h/www.peekyou.com/css/A.main.css.pagespeed.cf.78AFB-pW81.css... 12-0
Converting code/../crawls/peekyou.com/Privacy-Policy/raw/1-ps.googleusercontent.com/h/www.peekyou.com/css/A.results.css.pagespeed.cf.bcsPr2QiVo.css... 25-0
Converted 3 files in 0.004 seconds.
