--2013-03-09 05:05:36--  http://www.fandango.com/PrivacyPolicy.aspx?mode=popup
Resolving www.fandango.com... 23.56.126.14
Connecting to www.fandango.com|23.56.126.14|:80... connected.
HTTP request sent, awaiting response... 200 OK
Length: 37131 (36K) [text/html]
Saving to: `code/../crawls/fandango.com/Privacy-Policy/raw/www.fandango.com/PrivacyPolicy.aspx?mode=popup.html'

     0K .......... .......... .......... ......               100%  248K=0.1s

2013-03-09 05:05:36 (248 KB/s) - `code/../crawls/fandango.com/Privacy-Policy/raw/www.fandango.com/PrivacyPolicy.aspx?mode=popup.html' saved [37131/37131]

--2013-03-09 05:05:36--  http://www.statf.com/r89.3//styles/globalOpt.css
Resolving www.statf.com... 206.160.170.18, 206.160.170.35
Connecting to www.statf.com|206.160.170.18|:80... connected.
HTTP request sent, awaiting response... 200 OK
Length: unspecified [text/css]
Saving to: `code/../crawls/fandango.com/Privacy-Policy/raw/www.statf.com/r89.3/styles/globalOpt.css'

     0K .......... .......... .......... .......... .......... 4.94M
    50K .......... .......... .......... .......               4.50M=0.02s

2013-03-09 05:05:36 (4.74 MB/s) - `code/../crawls/fandango.com/Privacy-Policy/raw/www.statf.com/r89.3/styles/globalOpt.css' saved [89587]

--2013-03-09 05:05:36--  http://www.statf.com/r89.3//styles/print.css
Reusing existing connection to www.statf.com:80.
HTTP request sent, awaiting response... 200 OK
Length: 1240 (1.2K) [text/css]
Saving to: `code/../crawls/fandango.com/Privacy-Policy/raw/www.statf.com/r89.3/styles/print.css'

     0K .                                                     100%  179M=0s

2013-03-09 05:05:36 (179 MB/s) - `code/../crawls/fandango.com/Privacy-Policy/raw/www.statf.com/r89.3/styles/print.css' saved [1240/1240]

--2013-03-09 05:05:36--  http://images.fandango.com/r89.3//scripts/modernizr.custom.js
Resolving images.fandango.com... 206.160.170.49, 206.160.170.64
Connecting to images.fandango.com|206.160.170.49|:80... connected.
HTTP request sent, awaiting response... 200 OK
Length: 13772 (13K) [application/x-javascript]
Saving to: `code/../crawls/fandango.com/Privacy-Policy/raw/images.fandango.com/r89.3/scripts/modernizr.custom.js'

     0K .......... ...                                        100% 5.04M=0.003s

2013-03-09 05:05:36 (5.04 MB/s) - `code/../crawls/fandango.com/Privacy-Policy/raw/images.fandango.com/r89.3/scripts/modernizr.custom.js' saved [13772/13772]

--2013-03-09 05:05:36--  http://ajax.googleapis.com/ajax/libs/jquery/1.7.1/jquery.min.js
Resolving ajax.googleapis.com... 173.194.67.95, 2a00:1450:400c:c05::5f
Connecting to ajax.googleapis.com|173.194.67.95|:80... connected.
HTTP request sent, awaiting response... 200 OK
Length: unspecified [text/javascript]
Saving to: `code/../crawls/fandango.com/Privacy-Policy/raw/ajax.googleapis.com/ajax/libs/jquery/1.7.1/jquery.min.js'

     0K .......... .......... .......... .......... ..........  115K
    50K .......... .......... .......... .......... .          10.9M=0.4s

2013-03-09 05:05:37 (208 KB/s) - `code/../crawls/fandango.com/Privacy-Policy/raw/ajax.googleapis.com/ajax/libs/jquery/1.7.1/jquery.min.js' saved [93868]

--2013-03-09 05:05:37--  http://images.fandango.com/r89.3//scripts/siteplugins.js
Connecting to images.fandango.com|206.160.170.49|:80... connected.
HTTP request sent, awaiting response... 200 OK
Length: unspecified [application/x-javascript]
Saving to: `code/../crawls/fandango.com/Privacy-Policy/raw/images.fandango.com/r89.3/scripts/siteplugins.js'

     0K .......... .......... .......... .......... .......... 5.67M
    50K .......... .......... .......... .......... .......... 9.97M
   100K .......... .......... .......... .......... .......... 10.1M
   150K .......... .......... .......... .......... .......... 11.1M
   200K .......... .......... .......... .......... ..........  539K
   250K .......... .                                           12.0M=0.1s

2013-03-09 05:05:37 (2.19 MB/s) - `code/../crawls/fandango.com/Privacy-Policy/raw/images.fandango.com/r89.3/scripts/siteplugins.js' saved [267565]

--2013-03-09 05:05:37--  http://images.fandango.com/r89.3//scripts/global.js
Reusing existing connection to images.fandango.com:80.
HTTP request sent, awaiting response... 200 OK
Length: unspecified [application/x-javascript]
Saving to: `code/../crawls/fandango.com/Privacy-Policy/raw/images.fandango.com/r89.3/scripts/global.js'

     0K .......... .......... .......... ......                11.6M=0.003s

2013-03-09 05:05:37 (11.6 MB/s) - `code/../crawls/fandango.com/Privacy-Policy/raw/images.fandango.com/r89.3/scripts/global.js' saved [37173]

--2013-03-09 05:05:37--  http://www.fandango.com/favicon.ico
Connecting to www.fandango.com|23.56.126.14|:80... connected.
HTTP request sent, awaiting response... 200 OK
Length: 24038 (23K) [image/x-icon]
Saving to: `code/../crawls/fandango.com/Privacy-Policy/raw/www.fandango.com/favicon.ico'

     0K .......... .......... ...                             100% 3.84M=0.006s

2013-03-09 05:05:37 (3.84 MB/s) - `code/../crawls/fandango.com/Privacy-Policy/raw/www.fandango.com/favicon.ico' saved [24038/24038]

--2013-03-09 05:05:37--  http://images.fandango.com/r89.3//scripts/offermatica/mbox.js
Connecting to images.fandango.com|206.160.170.49|:80... connected.
HTTP request sent, awaiting response... 200 OK
Length: 22433 (22K) [application/x-javascript]
Saving to: `code/../crawls/fandango.com/Privacy-Policy/raw/images.fandango.com/r89.3/scripts/offermatica/mbox.js'

     0K .......... .......... .                               100% 4.72M=0.005s

2013-03-09 05:05:37 (4.72 MB/s) - `code/../crawls/fandango.com/Privacy-Policy/raw/images.fandango.com/r89.3/scripts/offermatica/mbox.js' saved [22433/22433]

--2013-03-09 05:05:37--  http://images.fandango.com/r89.3//onlineopinionV5/oo_style.css
Reusing existing connection to images.fandango.com:80.
HTTP request sent, awaiting response... 200 OK
Length: 5781 (5.6K) [text/css]
Saving to: `code/../crawls/fandango.com/Privacy-Policy/raw/images.fandango.com/r89.3/onlineopinionV5/oo_style.css'

     0K .....                                                 100% 21.1M=0s

2013-03-09 05:05:37 (21.1 MB/s) - `code/../crawls/fandango.com/Privacy-Policy/raw/images.fandango.com/r89.3/onlineopinionV5/oo_style.css' saved [5781/5781]

--2013-03-09 05:05:37--  http://images.fandango.com/r89.3//onlineopinionV5/oo_engine.min.js
Reusing existing connection to images.fandango.com:80.
HTTP request sent, awaiting response... 200 OK
Length: 23052 (23K) [application/x-javascript]
Saving to: `code/../crawls/fandango.com/Privacy-Policy/raw/images.fandango.com/r89.3/onlineopinionV5/oo_engine.min.js'

     0K .......... .......... ..                              100% 7.68M=0.003s

2013-03-09 05:05:37 (7.68 MB/s) - `code/../crawls/fandango.com/Privacy-Policy/raw/images.fandango.com/r89.3/onlineopinionV5/oo_engine.min.js' saved [23052/23052]

--2013-03-09 05:05:37--  http://images.fandango.com/r89.3//onlineopinionV5/oo_conf_inline.js
Reusing existing connection to images.fandango.com:80.
HTTP request sent, awaiting response... 200 OK
Length: 441 [application/x-javascript]
Saving to: `code/../crawls/fandango.com/Privacy-Policy/raw/images.fandango.com/r89.3/onlineopinionV5/oo_conf_inline.js'

     0K                                                       100% 77.5M=0s

2013-03-09 05:05:37 (77.5 MB/s) - `code/../crawls/fandango.com/Privacy-Policy/raw/images.fandango.com/r89.3/onlineopinionV5/oo_conf_inline.js' saved [441/441]

--2013-03-09 05:05:37--  http://images.fandango.com/r89.3//styles/aboutuspage.css
Reusing existing connection to images.fandango.com:80.
HTTP request sent, awaiting response... 200 OK
Length: 13955 (14K) [text/css]
Saving to: `code/../crawls/fandango.com/Privacy-Policy/raw/images.fandango.com/r89.3/styles/aboutuspage.css'

     0K .......... ...                                        100% 13.4M=0.001s

2013-03-09 05:05:37 (13.4 MB/s) - `code/../crawls/fandango.com/Privacy-Policy/raw/images.fandango.com/r89.3/styles/aboutuspage.css' saved [13955/13955]

The name is too long, 169 chars total.
Trying to shorten...
New name is misc;tile=3;gal=;mv=;dma=;zip=;cid=;tid=;genre=;rt=;pname=;promo=;env=production;sweeps=;entry=no;sz=160x600;'+(top.__nbcudigit.
The name is too long, 169 chars total.
Trying to shorten...
New name is misc;tile=3;gal=;mv=;dma=;zip=;cid=;tid=;genre=;rt=;pname=;promo=;env=production;sweeps=;entry=no;sz=160x600;'+(top.__nbcudigit.
--2013-03-09 05:05:37--  http://ad.doubleclick.net/N2620/adj/fandango.dart/misc;tile=3;gal=;mv=;dma=;zip=;cid=;tid=;genre=;rt=;pname=;promo=;env=production;sweeps=;entry=no;sz=160x600;'+(top.__nbcudigitaladops_dtparams%7C%7C'')+';ord=11305351130535?
Resolving ad.doubleclick.net... 173.194.34.188, 173.194.34.187
Connecting to ad.doubleclick.net|173.194.34.188|:80... connected.
HTTP request sent, awaiting response... 200 OK
Length: unspecified [text/javascript]
Saving to: `code/../crawls/fandango.com/Privacy-Policy/raw/ad.doubleclick.net/N2620/adj/fandango.dart/misc;tile=3;gal=;mv=;dma=;zip=;cid=;tid=;genre=;rt=;pname=;promo=;env=production;sweeps=;entry=no;sz=160x600;\'+(top.__nbcudigit'

     0K .......                                                50.6K=0.1s

2013-03-09 05:05:38 (50.6 KB/s) - `code/../crawls/fandango.com/Privacy-Policy/raw/ad.doubleclick.net/N2620/adj/fandango.dart/misc;tile=3;gal=;mv=;dma=;zip=;cid=;tid=;genre=;rt=;pname=;promo=;env=production;sweeps=;entry=no;sz=160x600;\'+(top.__nbcudigit' saved [7575]

--2013-03-09 05:05:38--  http://ad.doubleclick.net/N2620/ad/fandango.dart/misc;tile=3;gal=;mv=;dma=;zip=;cid=;tid=;genre=;rt=;pname=;promo=;env=production;sweeps=;entry=no;sz=160x600;ord=11305351130535?
Reusing existing connection to ad.doubleclick.net:80.
HTTP request sent, awaiting response... 302 Found
Location: http://pagead2.googlesyndication.com/pagead/imgad?id=CICAgIDQ4YSGiwEQoAEY2AQyCCcArlEsSP5K [following]
--2013-03-09 05:05:38--  http://pagead2.googlesyndication.com/pagead/imgad?id=CICAgIDQ4YSGiwEQoAEY2AQyCCcArlEsSP5K
Resolving pagead2.googlesyndication.com... 173.194.34.185, 173.194.34.186, 173.194.34.173, ...
Connecting to pagead2.googlesyndication.com|173.194.34.185|:80... connected.
HTTP request sent, awaiting response... 200 OK
Length: 32828 (32K) [image/gif]
Saving to: `code/../crawls/fandango.com/Privacy-Policy/raw/ad.doubleclick.net/N2620/ad/fandango.dart/misc;tile=3;gal=;mv=;dma=;zip=;cid=;tid=;genre=;rt=;pname=;promo=;env=production;sweeps=;entry=no;sz=160x600;ord=11305351130535'

     0K .......... .......... .......... ..                   100% 26.9K=1.2s

2013-03-09 05:05:40 (26.9 KB/s) - `code/../crawls/fandango.com/Privacy-Policy/raw/ad.doubleclick.net/N2620/ad/fandango.dart/misc;tile=3;gal=;mv=;dma=;zip=;cid=;tid=;genre=;rt=;pname=;promo=;env=production;sweeps=;entry=no;sz=160x600;ord=11305351130535' saved [32828/32828]

--2013-03-09 05:05:40--  http://images.fandango.com/r89.3//scripts/hbx.js
Connecting to images.fandango.com|206.160.170.49|:80... connected.
HTTP request sent, awaiting response... 200 OK
Length: 16427 (16K) [application/x-javascript]
Saving to: `code/../crawls/fandango.com/Privacy-Policy/raw/images.fandango.com/r89.3/scripts/hbx.js'

     0K .......... ......                                     100% 4.97M=0.003s

2013-03-09 05:05:40 (4.97 MB/s) - `code/../crawls/fandango.com/Privacy-Policy/raw/images.fandango.com/r89.3/scripts/hbx.js' saved [16427/16427]

--2013-03-09 05:05:40--  http://images.fandango.com/r89.3//scripts/jquery.cookie.js
Reusing existing connection to images.fandango.com:80.
HTTP request sent, awaiting response... 200 OK
Length: 2183 (2.1K) [application/x-javascript]
Saving to: `code/../crawls/fandango.com/Privacy-Policy/raw/images.fandango.com/r89.3/scripts/jquery.cookie.js'

     0K ..                                                    100%  310M=0s

2013-03-09 05:05:40 (310 MB/s) - `code/../crawls/fandango.com/Privacy-Policy/raw/images.fandango.com/r89.3/scripts/jquery.cookie.js' saved [2183/2183]

--2013-03-09 05:05:40--  http://images.fandango.com/r89.3//scripts/omniture/s_code.js
Reusing existing connection to images.fandango.com:80.
HTTP request sent, awaiting response... 200 OK
Length: unspecified [application/x-javascript]
Saving to: `code/../crawls/fandango.com/Privacy-Policy/raw/images.fandango.com/r89.3/scripts/omniture/s_code.js'

     0K .......... .......... .......... .......... .......... 8.05M
    50K ...                                                    12.3M=0.006s

2013-03-09 05:05:40 (8.25 MB/s) - `code/../crawls/fandango.com/Privacy-Policy/raw/images.fandango.com/r89.3/scripts/omniture/s_code.js' saved [55039]

--2013-03-09 05:05:40--  http://images.fandango.com/r89.3//scripts/fandangoTrackLinks.js
Reusing existing connection to images.fandango.com:80.
HTTP request sent, awaiting response... 200 OK
Length: 16699 (16K) [application/x-javascript]
Saving to: `code/../crawls/fandango.com/Privacy-Policy/raw/images.fandango.com/r89.3/scripts/fandangoTrackLinks.js'

     0K .......... ......                                     100% 13.5M=0.001s

2013-03-09 05:05:40 (13.5 MB/s) - `code/../crawls/fandango.com/Privacy-Policy/raw/images.fandango.com/r89.3/scripts/fandangoTrackLinks.js' saved [16699/16699]

--2013-03-09 05:05:40--  http://www.nbcudigitaladops.com/hosted/global.js
Resolving www.nbcudigitaladops.com... 23.32.22.170
Connecting to www.nbcudigitaladops.com|23.32.22.170|:80... connected.
HTTP request sent, awaiting response... 200 OK
Length: 1188 (1.2K) [application/javascript]
Saving to: `code/../crawls/fandango.com/Privacy-Policy/raw/www.nbcudigitaladops.com/hosted/global.js'

     0K .                                                     100%  159M=0s

2013-03-09 05:05:40 (159 MB/s) - `code/../crawls/fandango.com/Privacy-Policy/raw/www.nbcudigitaladops.com/hosted/global.js' saved [1188/1188]

--2013-03-09 05:05:40--  http://www.statf.com/r89.3//images/global/dfdfdf-f5f5f5-bg.png
Connecting to www.statf.com|206.160.170.18|:80... connected.
HTTP request sent, awaiting response... 200 OK
Length: 605 [image/png]
Saving to: `code/../crawls/fandango.com/Privacy-Policy/raw/www.statf.com/r89.3/images/global/dfdfdf-f5f5f5-bg.png'

     0K                                                       100% 92.4M=0s

2013-03-09 05:05:40 (92.4 MB/s) - `code/../crawls/fandango.com/Privacy-Policy/raw/www.statf.com/r89.3/images/global/dfdfdf-f5f5f5-bg.png' saved [605/605]

--2013-03-09 05:05:40--  http://www.statf.com/r89.3//images/9150/different_titles.png
Reusing existing connection to www.statf.com:80.
HTTP request sent, awaiting response... 200 OK
Length: 7738 (7.6K) [image/png]
Saving to: `code/../crawls/fandango.com/Privacy-Policy/raw/www.statf.com/r89.3/images/9150/different_titles.png'

     0K .......                                               100% 3.50M=0.002s

2013-03-09 05:05:40 (3.50 MB/s) - `code/../crawls/fandango.com/Privacy-Policy/raw/www.statf.com/r89.3/images/9150/different_titles.png' saved [7738/7738]

--2013-03-09 05:05:40--  http://www.statf.com/r89.3//images/9150/global_sprite_2.png
Reusing existing connection to www.statf.com:80.
HTTP request sent, awaiting response... 200 OK
Length: 145137 (142K) [image/png]
Saving to: `code/../crawls/fandango.com/Privacy-Policy/raw/www.statf.com/r89.3/images/9150/global_sprite_2.png'

     0K .......... .......... .......... .......... .......... 35% 6.01M 0s
    50K .......... .......... .......... .......... .......... 70% 9.11M 0s
   100K .......... .......... .......... .......... .         100% 10.9M=0.02s

2013-03-09 05:05:40 (8.04 MB/s) - `code/../crawls/fandango.com/Privacy-Policy/raw/www.statf.com/r89.3/images/9150/global_sprite_2.png' saved [145137/145137]

--2013-03-09 05:05:40--  http://www.statf.com/r89.3//images/9150/repeat-y_sprite.png
Reusing existing connection to www.statf.com:80.
HTTP request sent, awaiting response... 200 OK
Length: 208 [image/png]
Saving to: `code/../crawls/fandango.com/Privacy-Policy/raw/www.statf.com/r89.3/images/9150/repeat-y_sprite.png'

     0K                                                       100% 37.3M=0s

2013-03-09 05:05:40 (37.3 MB/s) - `code/../crawls/fandango.com/Privacy-Policy/raw/www.statf.com/r89.3/images/9150/repeat-y_sprite.png' saved [208/208]

--2013-03-09 05:05:40--  http://www.statf.com/r89.3//images/9150/icons_sprite.png
Reusing existing connection to www.statf.com:80.
HTTP request sent, awaiting response... 200 OK
Length: 37651 (37K) [image/png]
Saving to: `code/../crawls/fandango.com/Privacy-Policy/raw/www.statf.com/r89.3/images/9150/icons_sprite.png'

     0K .......... .......... .......... ......               100% 12.1M=0.003s

2013-03-09 05:05:40 (12.1 MB/s) - `code/../crawls/fandango.com/Privacy-Policy/raw/www.statf.com/r89.3/images/9150/icons_sprite.png' saved [37651/37651]

--2013-03-09 05:05:40--  http://www.statf.com/r89.3//images/global/movie_dropdown_bl.png
Reusing existing connection to www.statf.com:80.
HTTP request sent, awaiting response... 200 OK
Length: 446 [image/png]
Saving to: `code/../crawls/fandango.com/Privacy-Policy/raw/www.statf.com/r89.3/images/global/movie_dropdown_bl.png'

     0K                                                       100% 73.9M=0s

2013-03-09 05:05:40 (73.9 MB/s) - `code/../crawls/fandango.com/Privacy-Policy/raw/www.statf.com/r89.3/images/global/movie_dropdown_bl.png' saved [446/446]

--2013-03-09 05:05:40--  http://www.statf.com/r89.3//images/global/movie_dropdown_bg.png
Reusing existing connection to www.statf.com:80.
HTTP request sent, awaiting response... 200 OK
Length: 3767 (3.7K) [image/png]
Saving to: `code/../crawls/fandango.com/Privacy-Policy/raw/www.statf.com/r89.3/images/global/movie_dropdown_bg.png'

     0K ...                                                   100% 53.0M=0s

2013-03-09 05:05:40 (53.0 MB/s) - `code/../crawls/fandango.com/Privacy-Policy/raw/www.statf.com/r89.3/images/global/movie_dropdown_bg.png' saved [3767/3767]

--2013-03-09 05:05:40--  http://www.statf.com/r89.3//images/global/advert_bg.gif
Reusing existing connection to www.statf.com:80.
HTTP request sent, awaiting response... 200 OK
Length: 181 [image/gif]
Saving to: `code/../crawls/fandango.com/Privacy-Policy/raw/www.statf.com/r89.3/images/global/advert_bg.gif'

     0K                                                       100% 32.9M=0s

2013-03-09 05:05:40 (32.9 MB/s) - `code/../crawls/fandango.com/Privacy-Policy/raw/www.statf.com/r89.3/images/global/advert_bg.gif' saved [181/181]

--2013-03-09 05:05:40--  http://www.statf.com/r89.3//images/9150/repeat-x_sprite.png
Reusing existing connection to www.statf.com:80.
HTTP request sent, awaiting response... 200 OK
Length: 1099 (1.1K) [image/png]
Saving to: `code/../crawls/fandango.com/Privacy-Policy/raw/www.statf.com/r89.3/images/9150/repeat-x_sprite.png'

     0K .                                                     100%  188M=0s

2013-03-09 05:05:40 (188 MB/s) - `code/../crawls/fandango.com/Privacy-Policy/raw/www.statf.com/r89.3/images/9150/repeat-x_sprite.png' saved [1099/1099]

--2013-03-09 05:05:40--  http://www.statf.com/r89.3//images/global/nav_shadow.png
Reusing existing connection to www.statf.com:80.
HTTP request sent, awaiting response... 200 OK
Length: 129 [image/png]
Saving to: `code/../crawls/fandango.com/Privacy-Policy/raw/www.statf.com/r89.3/images/global/nav_shadow.png'

     0K                                                       100% 22.2M=0s

2013-03-09 05:05:40 (22.2 MB/s) - `code/../crawls/fandango.com/Privacy-Policy/raw/www.statf.com/r89.3/images/global/nav_shadow.png' saved [129/129]

--2013-03-09 05:05:40--  http://www.statf.com/r89.3//images/partners/mdc_bg.gif
Reusing existing connection to www.statf.com:80.
HTTP request sent, awaiting response... 200 OK
Length: 156 [image/gif]
Saving to: `code/../crawls/fandango.com/Privacy-Policy/raw/www.statf.com/r89.3/images/partners/mdc_bg.gif'

     0K                                                       100% 25.7M=0s

2013-03-09 05:05:40 (25.7 MB/s) - `code/../crawls/fandango.com/Privacy-Policy/raw/www.statf.com/r89.3/images/partners/mdc_bg.gif' saved [156/156]

--2013-03-09 05:05:40--  http://www.statf.com/r89.3//images/partners/visa_bg.png
Reusing existing connection to www.statf.com:80.
HTTP request sent, awaiting response... 200 OK
Length: 146 [image/png]
Saving to: `code/../crawls/fandango.com/Privacy-Policy/raw/www.statf.com/r89.3/images/partners/visa_bg.png'

     0K                                                       100% 26.9M=0s

2013-03-09 05:05:40 (26.9 MB/s) - `code/../crawls/fandango.com/Privacy-Policy/raw/www.statf.com/r89.3/images/partners/visa_bg.png' saved [146/146]

--2013-03-09 05:05:40--  http://www.statf.com/r89.3//images/partners/visa_fb_bg.png
Reusing existing connection to www.statf.com:80.
HTTP request sent, awaiting response... 200 OK
Length: 158 [image/png]
Saving to: `code/../crawls/fandango.com/Privacy-Policy/raw/www.statf.com/r89.3/images/partners/visa_fb_bg.png'

     0K                                                       100% 26.9M=0s

2013-03-09 05:05:40 (26.9 MB/s) - `code/../crawls/fandango.com/Privacy-Policy/raw/www.statf.com/r89.3/images/partners/visa_fb_bg.png' saved [158/158]

--2013-03-09 05:05:40--  http://www.statf.com/r89.3//images/global/bg_content_movies.gif
Reusing existing connection to www.statf.com:80.
HTTP request sent, awaiting response... 200 OK
Length: 64 [image/gif]
Saving to: `code/../crawls/fandango.com/Privacy-Policy/raw/www.statf.com/r89.3/images/global/bg_content_movies.gif'

     0K                                                       100% 12.1M=0s

2013-03-09 05:05:40 (12.1 MB/s) - `code/../crawls/fandango.com/Privacy-Policy/raw/www.statf.com/r89.3/images/global/bg_content_movies.gif' saved [64/64]

--2013-03-09 05:05:40--  http://www.statf.com/r89.3//images/global/bg_sub_content.gif
Reusing existing connection to www.statf.com:80.
HTTP request sent, awaiting response... 200 OK
Length: 64 [image/gif]
Saving to: `code/../crawls/fandango.com/Privacy-Policy/raw/www.statf.com/r89.3/images/global/bg_sub_content.gif'

     0K                                                       100% 11.8M=0s

2013-03-09 05:05:40 (11.8 MB/s) - `code/../crawls/fandango.com/Privacy-Policy/raw/www.statf.com/r89.3/images/global/bg_sub_content.gif' saved [64/64]

--2013-03-09 05:05:40--  http://www.statf.com/r89.3//images/global/social/ajax-loader-16x16-grey.gif
Reusing existing connection to www.statf.com:80.
HTTP request sent, awaiting response... 200 OK
Length: 1849 (1.8K) [image/gif]
Saving to: `code/../crawls/fandango.com/Privacy-Policy/raw/www.statf.com/r89.3/images/global/social/ajax-loader-16x16-grey.gif'

     0K .                                                     100%  247M=0s

2013-03-09 05:05:40 (247 MB/s) - `code/../crawls/fandango.com/Privacy-Policy/raw/www.statf.com/r89.3/images/global/social/ajax-loader-16x16-grey.gif' saved [1849/1849]

--2013-03-09 05:05:40--  http://www.statf.com/r89.3//images/global/ajax-loader-32.gif
Reusing existing connection to www.statf.com:80.
HTTP request sent, awaiting response... 200 OK
Length: 3208 (3.1K) [image/gif]
Saving to: `code/../crawls/fandango.com/Privacy-Policy/raw/www.statf.com/r89.3/images/global/ajax-loader-32.gif'

     0K ...                                                   100% 47.7M=0s

2013-03-09 05:05:40 (47.7 MB/s) - `code/../crawls/fandango.com/Privacy-Policy/raw/www.statf.com/r89.3/images/global/ajax-loader-32.gif' saved [3208/3208]

--2013-03-09 05:05:40--  http://www.statf.com/r89.3//images/global/link_action.png
Reusing existing connection to www.statf.com:80.
HTTP request sent, awaiting response... 200 OK
Length: 515 [image/png]
Saving to: `code/../crawls/fandango.com/Privacy-Policy/raw/www.statf.com/r89.3/images/global/link_action.png'

     0K                                                       100% 91.7M=0s

2013-03-09 05:05:40 (91.7 MB/s) - `code/../crawls/fandango.com/Privacy-Policy/raw/www.statf.com/r89.3/images/global/link_action.png' saved [515/515]

--2013-03-09 05:05:40--  http://www.statf.com/r89.3//images/9150/buttons_sprite.png
Reusing existing connection to www.statf.com:80.
HTTP request sent, awaiting response... 200 OK
Length: 72084 (70K) [image/png]
Saving to: `code/../crawls/fandango.com/Privacy-Policy/raw/www.statf.com/r89.3/images/9150/buttons_sprite.png'

     0K .......... .......... .......... .......... .......... 71% 6.11M 0s
    50K .......... ..........                                 100% 11.3M=0.01s

2013-03-09 05:05:40 (7.04 MB/s) - `code/../crawls/fandango.com/Privacy-Policy/raw/www.statf.com/r89.3/images/9150/buttons_sprite.png' saved [72084/72084]

--2013-03-09 05:05:40--  http://www.statf.com/r89.3//images/global/bg_main_3col_160.gif
Reusing existing connection to www.statf.com:80.
HTTP request sent, awaiting response... 200 OK
Length: 135 [image/gif]
Saving to: `code/../crawls/fandango.com/Privacy-Policy/raw/www.statf.com/r89.3/images/global/bg_main_3col_160.gif'

     0K                                                       100% 23.8M=0s

2013-03-09 05:05:40 (23.8 MB/s) - `code/../crawls/fandango.com/Privacy-Policy/raw/www.statf.com/r89.3/images/global/bg_main_3col_160.gif' saved [135/135]

--2013-03-09 05:05:40--  http://www.statf.com/r89.3//images/global/bg_main_2col_300.gif
Reusing existing connection to www.statf.com:80.
HTTP request sent, awaiting response... 200 OK
Length: 138 [image/gif]
Saving to: `code/../crawls/fandango.com/Privacy-Policy/raw/www.statf.com/r89.3/images/global/bg_main_2col_300.gif'

     0K                                                       100% 25.0M=0s

2013-03-09 05:05:40 (25.0 MB/s) - `code/../crawls/fandango.com/Privacy-Policy/raw/www.statf.com/r89.3/images/global/bg_main_2col_300.gif' saved [138/138]

--2013-03-09 05:05:40--  http://www.statf.com/r89.3//images/moviepage/bg_colOne.png
Reusing existing connection to www.statf.com:80.
HTTP request sent, awaiting response... 200 OK
Length: 130 [image/png]
Saving to: `code/../crawls/fandango.com/Privacy-Policy/raw/www.statf.com/r89.3/images/moviepage/bg_colOne.png'

     0K                                                       100% 21.9M=0s

2013-03-09 05:05:40 (21.9 MB/s) - `code/../crawls/fandango.com/Privacy-Policy/raw/www.statf.com/r89.3/images/moviepage/bg_colOne.png' saved [130/130]

--2013-03-09 05:05:40--  http://www.statf.com/r89.3//images/global/link_action_header.png
Reusing existing connection to www.statf.com:80.
HTTP request sent, awaiting response... 200 OK
Length: 228 [image/png]
Saving to: `code/../crawls/fandango.com/Privacy-Policy/raw/www.statf.com/r89.3/images/global/link_action_header.png'

     0K                                                       100% 39.8M=0s

2013-03-09 05:05:40 (39.8 MB/s) - `code/../crawls/fandango.com/Privacy-Policy/raw/www.statf.com/r89.3/images/global/link_action_header.png' saved [228/228]

--2013-03-09 05:05:40--  http://www.statf.com/r89.3//images/global/social/button-sign-in-with-fb.png
Reusing existing connection to www.statf.com:80.
HTTP request sent, awaiting response... 200 OK
Length: 7533 (7.4K) [image/png]
Saving to: `code/../crawls/fandango.com/Privacy-Policy/raw/www.statf.com/r89.3/images/global/social/button-sign-in-with-fb.png'

     0K .......                                               100% 16.7M=0s

2013-03-09 05:05:40 (16.7 MB/s) - `code/../crawls/fandango.com/Privacy-Policy/raw/www.statf.com/r89.3/images/global/social/button-sign-in-with-fb.png' saved [7533/7533]

--2013-03-09 05:05:40--  http://www.statf.com/r89.3//images/9150/amenities_sprite4.png
Reusing existing connection to www.statf.com:80.
HTTP request sent, awaiting response... 200 OK
Length: 5448 (5.3K) [image/png]
Saving to: `code/../crawls/fandango.com/Privacy-Policy/raw/www.statf.com/r89.3/images/9150/amenities_sprite4.png'

     0K .....                                                 100% 23.5M=0s

2013-03-09 05:05:40 (23.5 MB/s) - `code/../crawls/fandango.com/Privacy-Policy/raw/www.statf.com/r89.3/images/9150/amenities_sprite4.png' saved [5448/5448]

--2013-03-09 05:05:40--  http://www.statf.com/r89.3//images/global/dolby71and3Dlogo.gif
Reusing existing connection to www.statf.com:80.
HTTP request sent, awaiting response... 200 OK
Length: 878 [image/gif]
Saving to: `code/../crawls/fandango.com/Privacy-Policy/raw/www.statf.com/r89.3/images/global/dolby71and3Dlogo.gif'

     0K                                                       100%  152M=0s

2013-03-09 05:05:40 (152 MB/s) - `code/../crawls/fandango.com/Privacy-Policy/raw/www.statf.com/r89.3/images/global/dolby71and3Dlogo.gif' saved [878/878]

--2013-03-09 05:05:40--  http://www.statf.com/r89.3//images/global/moviePaneNav_bg.gif
Reusing existing connection to www.statf.com:80.
HTTP request sent, awaiting response... 200 OK
Length: 44 [image/gif]
Saving to: `code/../crawls/fandango.com/Privacy-Policy/raw/www.statf.com/r89.3/images/global/moviePaneNav_bg.gif'

     0K                                                       100% 8.02M=0s

2013-03-09 05:05:40 (8.02 MB/s) - `code/../crawls/fandango.com/Privacy-Policy/raw/www.statf.com/r89.3/images/global/moviePaneNav_bg.gif' saved [44/44]

--2013-03-09 05:05:40--  http://www.statf.com/r89.3//images/global/list_vert_line.gif
Reusing existing connection to www.statf.com:80.
HTTP request sent, awaiting response... 200 OK
Length: 44 [image/gif]
Saving to: `code/../crawls/fandango.com/Privacy-Policy/raw/www.statf.com/r89.3/images/global/list_vert_line.gif'

     0K                                                       100% 8.17M=0s

2013-03-09 05:05:40 (8.17 MB/s) - `code/../crawls/fandango.com/Privacy-Policy/raw/www.statf.com/r89.3/images/global/list_vert_line.gif' saved [44/44]

--2013-03-09 05:05:40--  http://www.statf.com/r89.3//images/global/link_action_back.gif
Reusing existing connection to www.statf.com:80.
HTTP request sent, awaiting response... 200 OK
Length: 226 [image/gif]
Saving to: `code/../crawls/fandango.com/Privacy-Policy/raw/www.statf.com/r89.3/images/global/link_action_back.gif'

     0K                                                       100% 39.5M=0s

2013-03-09 05:05:40 (39.5 MB/s) - `code/../crawls/fandango.com/Privacy-Policy/raw/www.statf.com/r89.3/images/global/link_action_back.gif' saved [226/226]

--2013-03-09 05:05:40--  http://www.statf.com/r89.3//images/global/icn_sort.gif
Reusing existing connection to www.statf.com:80.
HTTP request sent, awaiting response... 200 OK
Length: 114 [image/gif]
Saving to: `code/../crawls/fandango.com/Privacy-Policy/raw/www.statf.com/r89.3/images/global/icn_sort.gif'

     0K                                                       100% 20.8M=0s

2013-03-09 05:05:40 (20.8 MB/s) - `code/../crawls/fandango.com/Privacy-Policy/raw/www.statf.com/r89.3/images/global/icn_sort.gif' saved [114/114]

--2013-03-09 05:05:40--  http://www.statf.com/r89.3//images/global/icn_sort_up.gif
Reusing existing connection to www.statf.com:80.
HTTP request sent, awaiting response... 200 OK
Length: 114 [image/gif]
Saving to: `code/../crawls/fandango.com/Privacy-Policy/raw/www.statf.com/r89.3/images/global/icn_sort_up.gif'

     0K                                                       100% 20.7M=0s

2013-03-09 05:05:40 (20.7 MB/s) - `code/../crawls/fandango.com/Privacy-Policy/raw/www.statf.com/r89.3/images/global/icn_sort_up.gif' saved [114/114]

--2013-03-09 05:05:40--  http://www.statf.com/r89.3//images/9150/rating_sprite_2.png
Reusing existing connection to www.statf.com:80.
HTTP request sent, awaiting response... 200 OK
Length: 44559 (44K) [image/png]
Saving to: `code/../crawls/fandango.com/Privacy-Policy/raw/www.statf.com/r89.3/images/9150/rating_sprite_2.png'

     0K .......... .......... .......... .......... ...       100% 7.75M=0.005s

2013-03-09 05:05:40 (7.75 MB/s) - `code/../crawls/fandango.com/Privacy-Policy/raw/www.statf.com/r89.3/images/9150/rating_sprite_2.png' saved [44559/44559]

--2013-03-09 05:05:40--  http://www.statf.com/r89.3//images/9150/buttons_login_small.png
Reusing existing connection to www.statf.com:80.
HTTP request sent, awaiting response... 200 OK
Length: 3158 (3.1K) [image/png]
Saving to: `code/../crawls/fandango.com/Privacy-Policy/raw/www.statf.com/r89.3/images/9150/buttons_login_small.png'

     0K ...                                                   100%  335M=0s

2013-03-09 05:05:40 (335 MB/s) - `code/../crawls/fandango.com/Privacy-Policy/raw/www.statf.com/r89.3/images/9150/buttons_login_small.png' saved [3158/3158]

--2013-03-09 05:05:40--  http://www.statf.com/r89.3//images/global/glow_6px_bg_top.png
Reusing existing connection to www.statf.com:80.
HTTP request sent, awaiting response... 200 OK
Length: 132 [image/png]
Saving to: `code/../crawls/fandango.com/Privacy-Policy/raw/www.statf.com/r89.3/images/global/glow_6px_bg_top.png'

     0K                                                       100% 23.0M=0s

2013-03-09 05:05:40 (23.0 MB/s) - `code/../crawls/fandango.com/Privacy-Policy/raw/www.statf.com/r89.3/images/global/glow_6px_bg_top.png' saved [132/132]

--2013-03-09 05:05:40--  http://www.statf.com/r89.3//images/global/glow_6px_bg_top_left.png
Reusing existing connection to www.statf.com:80.
HTTP request sent, awaiting response... 200 OK
Length: 152 [image/png]
Saving to: `code/../crawls/fandango.com/Privacy-Policy/raw/www.statf.com/r89.3/images/global/glow_6px_bg_top_left.png'

     0K                                                       100% 28.1M=0s

2013-03-09 05:05:40 (28.1 MB/s) - `code/../crawls/fandango.com/Privacy-Policy/raw/www.statf.com/r89.3/images/global/glow_6px_bg_top_left.png' saved [152/152]

--2013-03-09 05:05:40--  http://www.statf.com/r89.3//images/global/glow_6px_bg_top_right.png
Reusing existing connection to www.statf.com:80.
HTTP request sent, awaiting response... 200 OK
Length: 155 [image/png]
Saving to: `code/../crawls/fandango.com/Privacy-Policy/raw/www.statf.com/r89.3/images/global/glow_6px_bg_top_right.png'

     0K                                                       100% 29.6M=0s

2013-03-09 05:05:40 (29.6 MB/s) - `code/../crawls/fandango.com/Privacy-Policy/raw/www.statf.com/r89.3/images/global/glow_6px_bg_top_right.png' saved [155/155]

--2013-03-09 05:05:40--  http://www.statf.com/r89.3//images/global/glow_6px_bg_left.png
Reusing existing connection to www.statf.com:80.
HTTP request sent, awaiting response... 200 OK
Length: 132 [image/png]
Saving to: `code/../crawls/fandango.com/Privacy-Policy/raw/www.statf.com/r89.3/images/global/glow_6px_bg_left.png'

     0K                                                       100% 24.7M=0s

2013-03-09 05:05:41 (24.7 MB/s) - `code/../crawls/fandango.com/Privacy-Policy/raw/www.statf.com/r89.3/images/global/glow_6px_bg_left.png' saved [132/132]

--2013-03-09 05:05:41--  http://www.statf.com/r89.3//images/global/glow_6px_bg_right.png
Reusing existing connection to www.statf.com:80.
HTTP request sent, awaiting response... 200 OK
Length: 134 [image/png]
Saving to: `code/../crawls/fandango.com/Privacy-Policy/raw/www.statf.com/r89.3/images/global/glow_6px_bg_right.png'

     0K                                                       100% 24.2M=0s

2013-03-09 05:05:41 (24.2 MB/s) - `code/../crawls/fandango.com/Privacy-Policy/raw/www.statf.com/r89.3/images/global/glow_6px_bg_right.png' saved [134/134]

--2013-03-09 05:05:41--  http://www.statf.com/r89.3//images/global/glow_6px_bg_bottom_left.png
Reusing existing connection to www.statf.com:80.
HTTP request sent, awaiting response... 200 OK
Length: 150 [image/png]
Saving to: `code/../crawls/fandango.com/Privacy-Policy/raw/www.statf.com/r89.3/images/global/glow_6px_bg_bottom_left.png'

     0K                                                       100% 26.0M=0s

2013-03-09 05:05:41 (26.0 MB/s) - `code/../crawls/fandango.com/Privacy-Policy/raw/www.statf.com/r89.3/images/global/glow_6px_bg_bottom_left.png' saved [150/150]

--2013-03-09 05:05:41--  http://www.statf.com/r89.3//images/global/glow_6px_bg_bottom.png
Reusing existing connection to www.statf.com:80.
HTTP request sent, awaiting response... 200 OK
Length: 133 [image/png]
Saving to: `code/../crawls/fandango.com/Privacy-Policy/raw/www.statf.com/r89.3/images/global/glow_6px_bg_bottom.png'

     0K                                                       100% 24.5M=0s

2013-03-09 05:05:41 (24.5 MB/s) - `code/../crawls/fandango.com/Privacy-Policy/raw/www.statf.com/r89.3/images/global/glow_6px_bg_bottom.png' saved [133/133]

--2013-03-09 05:05:41--  http://www.statf.com/r89.3//images/global/glow_6px_bg_bottom_right.png
Reusing existing connection to www.statf.com:80.
HTTP request sent, awaiting response... 200 OK
Length: 168 [image/png]
Saving to: `code/../crawls/fandango.com/Privacy-Policy/raw/www.statf.com/r89.3/images/global/glow_6px_bg_bottom_right.png'

     0K                                                       100% 31.5M=0s

2013-03-09 05:05:41 (31.5 MB/s) - `code/../crawls/fandango.com/Privacy-Policy/raw/www.statf.com/r89.3/images/global/glow_6px_bg_bottom_right.png' saved [168/168]

--2013-03-09 05:05:41--  http://www.statf.com/r89.3//images/global/glowbox_arrow_vertical.png
Reusing existing connection to www.statf.com:80.
HTTP request sent, awaiting response... 200 OK
Length: 526 [image/png]
Saving to: `code/../crawls/fandango.com/Privacy-Policy/raw/www.statf.com/r89.3/images/global/glowbox_arrow_vertical.png'

     0K                                                       100% 90.8M=0s

2013-03-09 05:05:41 (90.8 MB/s) - `code/../crawls/fandango.com/Privacy-Policy/raw/www.statf.com/r89.3/images/global/glowbox_arrow_vertical.png' saved [526/526]

--2013-03-09 05:05:41--  http://www.statf.com/r89.3//images/global/error_h2.gif
Reusing existing connection to www.statf.com:80.
HTTP request sent, awaiting response... 200 OK
Length: 3261 (3.2K) [image/gif]
Saving to: `code/../crawls/fandango.com/Privacy-Policy/raw/www.statf.com/r89.3/images/global/error_h2.gif'

     0K ...                                                   100% 57.2M=0s

2013-03-09 05:05:41 (57.2 MB/s) - `code/../crawls/fandango.com/Privacy-Policy/raw/www.statf.com/r89.3/images/global/error_h2.gif' saved [3261/3261]

--2013-03-09 05:05:41--  http://www.statf.com/r89.3//images/global/error_bg_404.jpg
Reusing existing connection to www.statf.com:80.
HTTP request sent, awaiting response... 200 OK
Length: 23505 (23K) [image/jpeg]
Saving to: `code/../crawls/fandango.com/Privacy-Policy/raw/www.statf.com/r89.3/images/global/error_bg_404.jpg'

     0K .......... .......... ..                              100% 7.59M=0.003s

2013-03-09 05:05:41 (7.59 MB/s) - `code/../crawls/fandango.com/Privacy-Policy/raw/www.statf.com/r89.3/images/global/error_bg_404.jpg' saved [23505/23505]

--2013-03-09 05:05:41--  http://www.statf.com/r89.3//images/global/error_bg_500.jpg
Reusing existing connection to www.statf.com:80.
HTTP request sent, awaiting response... 200 OK
Length: 20920 (20K) [image/jpeg]
Saving to: `code/../crawls/fandango.com/Privacy-Policy/raw/www.statf.com/r89.3/images/global/error_bg_500.jpg'

     0K .......... ..........                                 100% 13.0M=0.002s

2013-03-09 05:05:41 (13.0 MB/s) - `code/../crawls/fandango.com/Privacy-Policy/raw/www.statf.com/r89.3/images/global/error_bg_500.jpg' saved [20920/20920]

--2013-03-09 05:05:41--  http://www.statf.com/r89.3//images/purchase/paypal_sprite.png
Reusing existing connection to www.statf.com:80.
HTTP request sent, awaiting response... 200 OK
Length: 16068 (16K) [image/png]
Saving to: `code/../crawls/fandango.com/Privacy-Policy/raw/www.statf.com/r89.3/images/purchase/paypal_sprite.png'

     0K .......... .....                                      100% 11.5M=0.001s

2013-03-09 05:05:41 (11.5 MB/s) - `code/../crawls/fandango.com/Privacy-Policy/raw/www.statf.com/r89.3/images/purchase/paypal_sprite.png' saved [16068/16068]

--2013-03-09 05:05:41--  http://www.statf.com/r89.3//images/moviepage/title_sprite.png
Reusing existing connection to www.statf.com:80.
HTTP request sent, awaiting response... 200 OK
Length: 11776 (12K) [image/png]
Saving to: `code/../crawls/fandango.com/Privacy-Policy/raw/www.statf.com/r89.3/images/moviepage/title_sprite.png'

     0K .......... .                                          100% 10.7M=0.001s

2013-03-09 05:05:41 (10.7 MB/s) - `code/../crawls/fandango.com/Privacy-Policy/raw/www.statf.com/r89.3/images/moviepage/title_sprite.png' saved [11776/11776]

--2013-03-09 05:05:41--  http://www.statf.com/r89.3//images/global/twitter-sentiment-mask.png
Reusing existing connection to www.statf.com:80.
HTTP request sent, awaiting response... 200 OK
Length: 2808 (2.7K) [image/png]
Saving to: `code/../crawls/fandango.com/Privacy-Policy/raw/www.statf.com/r89.3/images/global/twitter-sentiment-mask.png'

     0K ..                                                    100% 40.0M=0s

2013-03-09 05:05:41 (40.0 MB/s) - `code/../crawls/fandango.com/Privacy-Policy/raw/www.statf.com/r89.3/images/global/twitter-sentiment-mask.png' saved [2808/2808]

--2013-03-09 05:05:41--  http://www.statf.com/r89.3//images/global/twitter-join-the-conversation.png
Reusing existing connection to www.statf.com:80.
HTTP request sent, awaiting response... 200 OK
Length: 1740 (1.7K) [image/png]
Saving to: `code/../crawls/fandango.com/Privacy-Policy/raw/www.statf.com/r89.3/images/global/twitter-join-the-conversation.png'

     0K .                                                     100%  245M=0s

2013-03-09 05:05:41 (245 MB/s) - `code/../crawls/fandango.com/Privacy-Policy/raw/www.statf.com/r89.3/images/global/twitter-join-the-conversation.png' saved [1740/1740]

--2013-03-09 05:05:41--  http://www.statf.com/r89.3//images/global/flicktweets-logo.png
Reusing existing connection to www.statf.com:80.
HTTP request sent, awaiting response... 200 OK
Length: 540 [image/png]
Saving to: `code/../crawls/fandango.com/Privacy-Policy/raw/www.statf.com/r89.3/images/global/flicktweets-logo.png'

     0K                                                       100% 91.9M=0s

2013-03-09 05:05:41 (91.9 MB/s) - `code/../crawls/fandango.com/Privacy-Policy/raw/www.statf.com/r89.3/images/global/flicktweets-logo.png' saved [540/540]

--2013-03-09 05:05:41--  http://www.statf.com/r89.3//images/global/fui-sso-fb-signin.png
Reusing existing connection to www.statf.com:80.
HTTP request sent, awaiting response... 200 OK
Length: 2459 (2.4K) [image/png]
Saving to: `code/../crawls/fandango.com/Privacy-Policy/raw/www.statf.com/r89.3/images/global/fui-sso-fb-signin.png'

     0K ..                                                    100%  329M=0s

2013-03-09 05:05:41 (329 MB/s) - `code/../crawls/fandango.com/Privacy-Policy/raw/www.statf.com/r89.3/images/global/fui-sso-fb-signin.png' saved [2459/2459]

--2013-03-09 05:05:41--  http://www.statf.com/r89.3//images/9150/tabs_bg.png
Reusing existing connection to www.statf.com:80.
HTTP request sent, awaiting response... 200 OK
Length: 242 [image/png]
Saving to: `code/../crawls/fandango.com/Privacy-Policy/raw/www.statf.com/r89.3/images/9150/tabs_bg.png'

     0K                                                       100% 37.7M=0s

2013-03-09 05:05:41 (37.7 MB/s) - `code/../crawls/fandango.com/Privacy-Policy/raw/www.statf.com/r89.3/images/9150/tabs_bg.png' saved [242/242]

--2013-03-09 05:05:41--  http://www.statf.com/r89.3//images/global/social/megamodal-bg.jpg
Reusing existing connection to www.statf.com:80.
HTTP request sent, awaiting response... 200 OK
Length: 15663 (15K) [image/jpeg]
Saving to: `code/../crawls/fandango.com/Privacy-Policy/raw/www.statf.com/r89.3/images/global/social/megamodal-bg.jpg'

     0K .......... .....                                      100% 12.2M=0.001s

2013-03-09 05:05:41 (12.2 MB/s) - `code/../crawls/fandango.com/Privacy-Policy/raw/www.statf.com/r89.3/images/global/social/megamodal-bg.jpg' saved [15663/15663]

--2013-03-09 05:05:41--  http://www.statf.com/r89.3//images/global/loading.gif
Reusing existing connection to www.statf.com:80.
HTTP request sent, awaiting response... 200 OK
Length: 1553 (1.5K) [image/gif]
Saving to: `code/../crawls/fandango.com/Privacy-Policy/raw/www.statf.com/r89.3/images/global/loading.gif'

     0K .                                                     100%  212M=0s

2013-03-09 05:05:41 (212 MB/s) - `code/../crawls/fandango.com/Privacy-Policy/raw/www.statf.com/r89.3/images/global/loading.gif' saved [1553/1553]

--2013-03-09 05:05:41--  http://www.statf.com/r89.3//images/global/social/activity-layer-arrow.png
Reusing existing connection to www.statf.com:80.
HTTP request sent, awaiting response... 200 OK
Length: 343 [image/png]
Saving to: `code/../crawls/fandango.com/Privacy-Policy/raw/www.statf.com/r89.3/images/global/social/activity-layer-arrow.png'

     0K                                                       100% 62.0M=0s

2013-03-09 05:05:41 (62.0 MB/s) - `code/../crawls/fandango.com/Privacy-Policy/raw/www.statf.com/r89.3/images/global/social/activity-layer-arrow.png' saved [343/343]

--2013-03-09 05:05:41--  http://www.statf.com/r89.3//images/global/social/learnmore-hd.png
Reusing existing connection to www.statf.com:80.
HTTP request sent, awaiting response... 200 OK
Length: 5845 (5.7K) [image/png]
Saving to: `code/../crawls/fandango.com/Privacy-Policy/raw/www.statf.com/r89.3/images/global/social/learnmore-hd.png'

     0K .....                                                 100% 18.7M=0s

2013-03-09 05:05:41 (18.7 MB/s) - `code/../crawls/fandango.com/Privacy-Policy/raw/www.statf.com/r89.3/images/global/social/learnmore-hd.png' saved [5845/5845]

--2013-03-09 05:05:41--  http://www.statf.com/r89.3//images/global/social/learnmore-share.jpg
Reusing existing connection to www.statf.com:80.
HTTP request sent, awaiting response... 200 OK
Length: 56666 (55K) [image/jpeg]
Saving to: `code/../crawls/fandango.com/Privacy-Policy/raw/www.statf.com/r89.3/images/global/social/learnmore-share.jpg'

     0K .......... .......... .......... .......... .......... 90% 8.43M 0s
    50K .....                                                 100% 13.9M=0.006s

2013-03-09 05:05:41 (8.77 MB/s) - `code/../crawls/fandango.com/Privacy-Policy/raw/www.statf.com/r89.3/images/global/social/learnmore-share.jpg' saved [56666/56666]

--2013-03-09 05:05:41--  http://www.statf.com/r89.3//images/global/social/learnmore-discover.jpg
Reusing existing connection to www.statf.com:80.
HTTP request sent, awaiting response... 200 OK
Length: 30183 (29K) [image/jpeg]
Saving to: `code/../crawls/fandango.com/Privacy-Policy/raw/www.statf.com/r89.3/images/global/social/learnmore-discover.jpg'

     0K .......... .......... .........                       100% 11.9M=0.002s

2013-03-09 05:05:41 (11.9 MB/s) - `code/../crawls/fandango.com/Privacy-Policy/raw/www.statf.com/r89.3/images/global/social/learnmore-discover.jpg' saved [30183/30183]

--2013-03-09 05:05:41--  http://www.statf.com/r89.3//images/global/social/learnmore-customize.jpg
Reusing existing connection to www.statf.com:80.
HTTP request sent, awaiting response... 200 OK
Length: 30798 (30K) [image/jpeg]
Saving to: `code/../crawls/fandango.com/Privacy-Policy/raw/www.statf.com/r89.3/images/global/social/learnmore-customize.jpg'

     0K .......... .......... ..........                      100% 3.53M=0.008s

2013-03-09 05:05:41 (3.53 MB/s) - `code/../crawls/fandango.com/Privacy-Policy/raw/www.statf.com/r89.3/images/global/social/learnmore-customize.jpg' saved [30798/30798]

--2013-03-09 05:05:41--  http://www.statf.com/r89.3//images/global/social/learnmore-invite.jpg
Reusing existing connection to www.statf.com:80.
HTTP request sent, awaiting response... 200 OK
Length: 26842 (26K) [image/jpeg]
Saving to: `code/../crawls/fandango.com/Privacy-Policy/raw/www.statf.com/r89.3/images/global/social/learnmore-invite.jpg'

     0K .......... .......... ......                          100% 8.76M=0.003s

2013-03-09 05:05:41 (8.76 MB/s) - `code/../crawls/fandango.com/Privacy-Policy/raw/www.statf.com/r89.3/images/global/social/learnmore-invite.jpg' saved [26842/26842]

--2013-03-09 05:05:41--  http://www.statf.com/r89.3//images/global/social/learnmore-control.jpg
Reusing existing connection to www.statf.com:80.
HTTP request sent, awaiting response... 200 OK
Length: 18476 (18K) [image/jpeg]
Saving to: `code/../crawls/fandango.com/Privacy-Policy/raw/www.statf.com/r89.3/images/global/social/learnmore-control.jpg'

     0K .......... ........                                   100% 6.79M=0.003s

2013-03-09 05:05:41 (6.79 MB/s) - `code/../crawls/fandango.com/Privacy-Policy/raw/www.statf.com/r89.3/images/global/social/learnmore-control.jpg' saved [18476/18476]

--2013-03-09 05:05:41--  http://www.statf.com/r89.3//images/global/social/learnmore-ft.png
Reusing existing connection to www.statf.com:80.
HTTP request sent, awaiting response... 200 OK
Length: 6507 (6.4K) [image/png]
Saving to: `code/../crawls/fandango.com/Privacy-Policy/raw/www.statf.com/r89.3/images/global/social/learnmore-ft.png'

     0K ......                                                100% 15.6M=0s

2013-03-09 05:05:41 (15.6 MB/s) - `code/../crawls/fandango.com/Privacy-Policy/raw/www.statf.com/r89.3/images/global/social/learnmore-ft.png' saved [6507/6507]

--2013-03-09 05:05:41--  http://www.statf.com/r89.3//images/global/social/button-sign-in-with-fb-large.png
Reusing existing connection to www.statf.com:80.
HTTP request sent, awaiting response... 200 OK
Length: 23138 (23K) [image/png]
Saving to: `code/../crawls/fandango.com/Privacy-Policy/raw/www.statf.com/r89.3/images/global/social/button-sign-in-with-fb-large.png'

     0K .......... .......... ..                              100% 12.5M=0.002s

2013-03-09 05:05:41 (12.5 MB/s) - `code/../crawls/fandango.com/Privacy-Policy/raw/www.statf.com/r89.3/images/global/social/button-sign-in-with-fb-large.png' saved [23138/23138]

--2013-03-09 05:05:41--  http://www.statf.com/r89.3//images/global/movieDetailBox-bg.png
Reusing existing connection to www.statf.com:80.
HTTP request sent, awaiting response... 200 OK
Length: 2507 (2.4K) [image/png]
Saving to: `code/../crawls/fandango.com/Privacy-Policy/raw/www.statf.com/r89.3/images/global/movieDetailBox-bg.png'

     0K ..                                                    100% 39.8M=0s

2013-03-09 05:05:41 (39.8 MB/s) - `code/../crawls/fandango.com/Privacy-Policy/raw/www.statf.com/r89.3/images/global/movieDetailBox-bg.png' saved [2507/2507]

--2013-03-09 05:05:41--  http://www.statf.com/r89.3//images/global/movieDetailBox-bg-Left.png
Reusing existing connection to www.statf.com:80.
HTTP request sent, awaiting response... 200 OK
Length: 7993 (7.8K) [image/png]
Saving to: `code/../crawls/fandango.com/Privacy-Policy/raw/www.statf.com/r89.3/images/global/movieDetailBox-bg-Left.png'

     0K .......                                               100% 2.94M=0.003s

2013-03-09 05:05:41 (2.94 MB/s) - `code/../crawls/fandango.com/Privacy-Policy/raw/www.statf.com/r89.3/images/global/movieDetailBox-bg-Left.png' saved [7993/7993]

--2013-03-09 05:05:41--  http://www.statf.com/r89.3//images/global/fanotify-bg.png
Reusing existing connection to www.statf.com:80.
HTTP request sent, awaiting response... 200 OK
Length: 1993 (1.9K) [image/png]
Saving to: `code/../crawls/fandango.com/Privacy-Policy/raw/www.statf.com/r89.3/images/global/fanotify-bg.png'

     0K .                                                     100%  278M=0s

2013-03-09 05:05:41 (278 MB/s) - `code/../crawls/fandango.com/Privacy-Policy/raw/www.statf.com/r89.3/images/global/fanotify-bg.png' saved [1993/1993]

--2013-03-09 05:05:41--  http://www.statf.com/r89.3//images/screeningroom/vg-tout-title.png
Reusing existing connection to www.statf.com:80.
HTTP request sent, awaiting response... 200 OK
Length: 1023 [image/png]
Saving to: `code/../crawls/fandango.com/Privacy-Policy/raw/www.statf.com/r89.3/images/screeningroom/vg-tout-title.png'

     0K                                                       100%  157M=0s

2013-03-09 05:05:42 (157 MB/s) - `code/../crawls/fandango.com/Privacy-Policy/raw/www.statf.com/r89.3/images/screeningroom/vg-tout-title.png' saved [1023/1023]

--2013-03-09 05:05:42--  http://www.statf.com/r89.3//images/screeningroom/sprite.png
Reusing existing connection to www.statf.com:80.
HTTP request sent, awaiting response... 200 OK
Length: 2364 (2.3K) [image/png]
Saving to: `code/../crawls/fandango.com/Privacy-Policy/raw/www.statf.com/r89.3/images/screeningroom/sprite.png'

     0K ..                                                    100%  325M=0s

2013-03-09 05:05:42 (325 MB/s) - `code/../crawls/fandango.com/Privacy-Policy/raw/www.statf.com/r89.3/images/screeningroom/sprite.png' saved [2364/2364]

--2013-03-09 05:05:42--  http://www.statf.com/r89.3//images/screeningroom/vg-tout-footer-bg.png
Reusing existing connection to www.statf.com:80.
HTTP request sent, awaiting response... 200 OK
Length: 1005 [image/png]
Saving to: `code/../crawls/fandango.com/Privacy-Policy/raw/www.statf.com/r89.3/images/screeningroom/vg-tout-footer-bg.png'

     0K                                                       100%  150M=0s

2013-03-09 05:05:42 (150 MB/s) - `code/../crawls/fandango.com/Privacy-Policy/raw/www.statf.com/r89.3/images/screeningroom/vg-tout-footer-bg.png' saved [1005/1005]

--2013-03-09 05:05:42--  http://www.statf.com/r89.3//images/screeningroom/video-play-overlay.png
Reusing existing connection to www.statf.com:80.
HTTP request sent, awaiting response... 200 OK
Length: 3693 (3.6K) [image/png]
Saving to: `code/../crawls/fandango.com/Privacy-Policy/raw/www.statf.com/r89.3/images/screeningroom/video-play-overlay.png'

     0K ...                                                   100% 50.1M=0s

2013-03-09 05:05:42 (50.1 MB/s) - `code/../crawls/fandango.com/Privacy-Policy/raw/www.statf.com/r89.3/images/screeningroom/video-play-overlay.png' saved [3693/3693]

--2013-03-09 05:05:42--  http://www.statf.com/r89.3//images/9150/hd-trailer_sprite.png
Reusing existing connection to www.statf.com:80.
HTTP request sent, awaiting response... 200 OK
Length: 27190 (27K) [image/png]
Saving to: `code/../crawls/fandango.com/Privacy-Policy/raw/www.statf.com/r89.3/images/9150/hd-trailer_sprite.png'

     0K .......... .......... ......                          100% 4.88M=0.005s

2013-03-09 05:05:42 (4.88 MB/s) - `code/../crawls/fandango.com/Privacy-Policy/raw/www.statf.com/r89.3/images/9150/hd-trailer_sprite.png' saved [27190/27190]

--2013-03-09 05:05:42--  http://www.statf.com/r89.3//core/en/images/footer-background.png
Reusing existing connection to www.statf.com:80.
HTTP request sent, awaiting response... 200 OK
Length: 3916 (3.8K) [image/png]
Saving to: `code/../crawls/fandango.com/Privacy-Policy/raw/www.statf.com/r89.3/core/en/images/footer-background.png'

     0K ...                                                   100% 72.0M=0s

2013-03-09 05:05:42 (72.0 MB/s) - `code/../crawls/fandango.com/Privacy-Policy/raw/www.statf.com/r89.3/core/en/images/footer-background.png' saved [3916/3916]

--2013-03-09 05:05:42--  http://images.fandango.com/r89.3//onlineopinionV5/oo_float_icon.gif
Connecting to images.fandango.com|206.160.170.49|:80... connected.
HTTP request sent, awaiting response... 200 OK
Length: 1994 (1.9K) [image/gif]
Saving to: `code/../crawls/fandango.com/Privacy-Policy/raw/images.fandango.com/r89.3/onlineopinionV5/oo_float_icon.gif'

     0K .                                                     100%  243M=0s

2013-03-09 05:05:42 (243 MB/s) - `code/../crawls/fandango.com/Privacy-Policy/raw/images.fandango.com/r89.3/onlineopinionV5/oo_float_icon.gif' saved [1994/1994]

--2013-03-09 05:05:42--  http://images.fandango.com/r89.3//onlineopinionV5/oo_close.png
Reusing existing connection to images.fandango.com:80.
HTTP request sent, awaiting response... 200 OK
Length: 665 [image/png]
Saving to: `code/../crawls/fandango.com/Privacy-Policy/raw/images.fandango.com/r89.3/onlineopinionV5/oo_close.png'

     0K                                                       100%  114M=0s

2013-03-09 05:05:42 (114 MB/s) - `code/../crawls/fandango.com/Privacy-Policy/raw/images.fandango.com/r89.3/onlineopinionV5/oo_close.png' saved [665/665]

--2013-03-09 05:05:42--  http://images.fandango.com/r89.3//onlineopinionV5/oo_shadow.png
Reusing existing connection to images.fandango.com:80.
HTTP request sent, awaiting response... 200 OK
Length: 1038 (1.0K) [image/png]
Saving to: `code/../crawls/fandango.com/Privacy-Policy/raw/images.fandango.com/r89.3/onlineopinionV5/oo_shadow.png'

     0K .                                                     100%  162M=0s

2013-03-09 05:05:42 (162 MB/s) - `code/../crawls/fandango.com/Privacy-Policy/raw/images.fandango.com/r89.3/onlineopinionV5/oo_shadow.png' saved [1038/1038]

--2013-03-09 05:05:42--  http://images.fandango.com/r89.3//onlineopinionV5/oo_bar.png
Reusing existing connection to images.fandango.com:80.
HTTP request sent, awaiting response... 404 Not Found
2013-03-09 05:05:42 ERROR 404: Not Found.

--2013-03-09 05:05:42--  http://images.fandango.com/r89.3//onlineopinionV5/oo_bar_icon.gif
Reusing existing connection to images.fandango.com:80.
HTTP request sent, awaiting response... 404 Not Found
2013-03-09 05:05:42 ERROR 404: Not Found.

--2013-03-09 05:05:42--  http://images.fandango.com/r89.3//onlineopinionV5/oo_tab.png
Reusing existing connection to images.fandango.com:80.
HTTP request sent, awaiting response... 404 Not Found
2013-03-09 05:05:42 ERROR 404: Not Found.

--2013-03-09 05:05:42--  http://images.fandango.com/r89.3//onlineopinionV5/oo_tab_icon.gif
Reusing existing connection to images.fandango.com:80.
HTTP request sent, awaiting response... 404 Not Found
2013-03-09 05:05:42 ERROR 404: Not Found.

--2013-03-09 05:05:42--  http://images.fandango.com/r89.3//onlineopinionV5/oo_inv_opinionlab.gif
Reusing existing connection to images.fandango.com:80.
HTTP request sent, awaiting response... 404 Not Found
2013-03-09 05:05:43 ERROR 404: Not Found.

--2013-03-09 05:05:43--  http://images.fandango.com/r89.3//onlineopinionV5/oo_loading.gif
Reusing existing connection to images.fandango.com:80.
HTTP request sent, awaiting response... 200 OK
Length: 5435 (5.3K) [image/gif]
Saving to: `code/../crawls/fandango.com/Privacy-Policy/raw/images.fandango.com/r89.3/onlineopinionV5/oo_loading.gif'

     0K .....                                                 100% 17.4M=0s

2013-03-09 05:05:43 (17.4 MB/s) - `code/../crawls/fandango.com/Privacy-Policy/raw/images.fandango.com/r89.3/onlineopinionV5/oo_loading.gif' saved [5435/5435]

--2013-03-09 05:05:43--  http://images.fandango.com/r89.3//images/global/h2_module_subcontent_rss.gif
Reusing existing connection to images.fandango.com:80.
HTTP request sent, awaiting response... 200 OK
Length: 1465 (1.4K) [image/gif]
Saving to: `code/../crawls/fandango.com/Privacy-Policy/raw/images.fandango.com/r89.3/images/global/h2_module_subcontent_rss.gif'

     0K .                                                     100%  191M=0s

2013-03-09 05:05:43 (191 MB/s) - `code/../crawls/fandango.com/Privacy-Policy/raw/images.fandango.com/r89.3/images/global/h2_module_subcontent_rss.gif' saved [1465/1465]

--2013-03-09 05:05:43--  http://images.fandango.com/r89.3//images/9150/different_titles.png
Reusing existing connection to images.fandango.com:80.
HTTP request sent, awaiting response... 200 OK
Length: 7738 (7.6K) [image/png]
Saving to: `code/../crawls/fandango.com/Privacy-Policy/raw/images.fandango.com/r89.3/images/9150/different_titles.png'

     0K .......                                               100% 19.2M=0s

2013-03-09 05:05:43 (19.2 MB/s) - `code/../crawls/fandango.com/Privacy-Policy/raw/images.fandango.com/r89.3/images/9150/different_titles.png' saved [7738/7738]

--2013-03-09 05:05:43--  http://images.fandango.com/r89.3//images/global/bullet.gif
Reusing existing connection to images.fandango.com:80.
HTTP request sent, awaiting response... 200 OK
Length: 44 [image/gif]
Saving to: `code/../crawls/fandango.com/Privacy-Policy/raw/images.fandango.com/r89.3/images/global/bullet.gif'

     0K                                                       100% 7.90M=0s

2013-03-09 05:05:43 (7.90 MB/s) - `code/../crawls/fandango.com/Privacy-Policy/raw/images.fandango.com/r89.3/images/global/bullet.gif' saved [44/44]

--2013-03-09 05:05:43--  http://images.fandango.com/r89.3//images/9150/about-us_sprite.png
Reusing existing connection to images.fandango.com:80.
HTTP request sent, awaiting response... 200 OK
Length: 1510 (1.5K) [image/png]
Saving to: `code/../crawls/fandango.com/Privacy-Policy/raw/images.fandango.com/r89.3/images/9150/about-us_sprite.png'

     0K .                                                     100%  206M=0s

2013-03-09 05:05:43 (206 MB/s) - `code/../crawls/fandango.com/Privacy-Policy/raw/images.fandango.com/r89.3/images/9150/about-us_sprite.png' saved [1510/1510]

--2013-03-09 05:05:43--  http://images.fandango.com/r89.3//images/linktous/AffiliateProgram_bg_step1.gif
Reusing existing connection to images.fandango.com:80.
HTTP request sent, awaiting response... 200 OK
Length: 10209 (10.0K) [image/gif]
Saving to: `code/../crawls/fandango.com/Privacy-Policy/raw/images.fandango.com/r89.3/images/linktous/AffiliateProgram_bg_step1.gif'

     0K .........                                             100% 8.39M=0.001s

2013-03-09 05:05:43 (8.39 MB/s) - `code/../crawls/fandango.com/Privacy-Policy/raw/images.fandango.com/r89.3/images/linktous/AffiliateProgram_bg_step1.gif' saved [10209/10209]

--2013-03-09 05:05:43--  http://images.fandango.com/r89.3//images/linktous/AffiliateProgram_bg_step2.gif
Reusing existing connection to images.fandango.com:80.
HTTP request sent, awaiting response... 200 OK
Length: 19948 (19K) [image/gif]
Saving to: `code/../crawls/fandango.com/Privacy-Policy/raw/images.fandango.com/r89.3/images/linktous/AffiliateProgram_bg_step2.gif'

     0K .......... .........                                  100% 6.86M=0.003s

2013-03-09 05:05:43 (6.86 MB/s) - `code/../crawls/fandango.com/Privacy-Policy/raw/images.fandango.com/r89.3/images/linktous/AffiliateProgram_bg_step2.gif' saved [19948/19948]

--2013-03-09 05:05:43--  http://images.fandango.com/r89.3//images/linktous/AffiliateProgram_bg_step3.gif
Reusing existing connection to images.fandango.com:80.
HTTP request sent, awaiting response... 200 OK
Length: 10368 (10K) [image/gif]
Saving to: `code/../crawls/fandango.com/Privacy-Policy/raw/images.fandango.com/r89.3/images/linktous/AffiliateProgram_bg_step3.gif'

     0K ..........                                            100% 15.0M=0.001s

2013-03-09 05:05:43 (15.0 MB/s) - `code/../crawls/fandango.com/Privacy-Policy/raw/images.fandango.com/r89.3/images/linktous/AffiliateProgram_bg_step3.gif' saved [10368/10368]

--2013-03-09 05:05:43--  http://images.fandango.com/r89.3//images/linktous/grid_vline.gif
Reusing existing connection to images.fandango.com:80.
HTTP request sent, awaiting response... 200 OK
Length: 49 [image/gif]
Saving to: `code/../crawls/fandango.com/Privacy-Policy/raw/images.fandango.com/r89.3/images/linktous/grid_vline.gif'

     0K                                                       100% 8.97M=0s

2013-03-09 05:05:43 (8.97 MB/s) - `code/../crawls/fandango.com/Privacy-Policy/raw/images.fandango.com/r89.3/images/linktous/grid_vline.gif' saved [49/49]

--2013-03-09 05:05:43--  http://images.fandango.com/r89.3//images/linktous/grid_hline.gif
Reusing existing connection to images.fandango.com:80.
HTTP request sent, awaiting response... 200 OK
Length: 46 [image/gif]
Saving to: `code/../crawls/fandango.com/Privacy-Policy/raw/images.fandango.com/r89.3/images/linktous/grid_hline.gif'

     0K                                                       100% 8.11M=0s

2013-03-09 05:05:43 (8.11 MB/s) - `code/../crawls/fandango.com/Privacy-Policy/raw/images.fandango.com/r89.3/images/linktous/grid_hline.gif' saved [46/46]

--2013-03-09 05:05:43--  http://images.fandango.com/r89.3//images/global/link_rss.gif
Reusing existing connection to images.fandango.com:80.
HTTP request sent, awaiting response... 200 OK
Length: 433 [image/gif]
Saving to: `code/../crawls/fandango.com/Privacy-Policy/raw/images.fandango.com/r89.3/images/global/link_rss.gif'

     0K                                                       100% 72.7M=0s

2013-03-09 05:05:43 (72.7 MB/s) - `code/../crawls/fandango.com/Privacy-Policy/raw/images.fandango.com/r89.3/images/global/link_rss.gif' saved [433/433]

--2013-03-09 05:05:43--  http://images.fandango.com/r89.3//images/9150/icons_sprite.png
Reusing existing connection to images.fandango.com:80.
HTTP request sent, awaiting response... 200 OK
Length: 37651 (37K) [image/png]
Saving to: `code/../crawls/fandango.com/Privacy-Policy/raw/images.fandango.com/r89.3/images/9150/icons_sprite.png'

     0K .......... .......... .......... ......               100% 6.31M=0.006s

2013-03-09 05:05:43 (6.31 MB/s) - `code/../crawls/fandango.com/Privacy-Policy/raw/images.fandango.com/r89.3/images/9150/icons_sprite.png' saved [37651/37651]

FINISHED --2013-03-09 05:05:43--
Total wall clock time: 7.4s
Downloaded: 107 files, 1.5M in 2.2s (695 KB/s)
Converting code/../crawls/fandango.com/Privacy-Policy/raw/www.fandango.com/PrivacyPolicy.aspx?mode=popup.html... 22-0
Converting code/../crawls/fandango.com/Privacy-Policy/raw/www.statf.com/r89.3/styles/print.css... nothing to do.
Converting code/../crawls/fandango.com/Privacy-Policy/raw/www.statf.com/r89.3/styles/globalOpt.css... 166-0
Converting code/../crawls/fandango.com/Privacy-Policy/raw/images.fandango.com/r89.3/styles/aboutuspage.css... 12-0
Converting code/../crawls/fandango.com/Privacy-Policy/raw/images.fandango.com/r89.3/onlineopinionV5/oo_style.css... 4-6
Converted 5 files in 0.007 seconds.
