--2013-03-23 05:08:40--  http://www.oodle.com/info/privacy/
Resolving www.oodle.com... 64.13.155.13
Connecting to www.oodle.com|64.13.155.13|:80... connected.
HTTP request sent, awaiting response... 200 OK
Length: unspecified [text/html]
Saving to: `code/../crawls/oodle.com/Privacy-Policy/raw/www.oodle.com/info/privacy/index.html'

     0K .......... .......... .........                        1.01M=0.03s

2013-03-23 05:08:41 (1.01 MB/s) - `code/../crawls/oodle.com/Privacy-Policy/raw/www.oodle.com/info/privacy/index.html' saved [30591]

--2013-03-23 05:08:41--  http://i.oodleimg.com/caml/basic/1363372102/
Resolving i.oodleimg.com... 72.21.91.19
Connecting to i.oodleimg.com|72.21.91.19|:80... connected.
HTTP request sent, awaiting response... 200 OK
Length: 246951 (241K) [text/css]
Saving to: `code/../crawls/oodle.com/Privacy-Policy/raw/i.oodleimg.com/caml/basic/1363372102/index.html.css'

     0K .......... .......... .......... .......... .......... 20% 6.46M 0s
    50K .......... .......... .......... .......... .......... 41% 10.4M 0s
   100K .......... .......... .......... .......... .......... 62% 10.6M 0s
   150K .......... .......... .......... .......... .......... 82% 10.9M 0s
   200K .......... .......... .......... .......... .         100% 9.90M=0.03s

2013-03-23 05:08:41 (9.27 MB/s) - `code/../crawls/oodle.com/Privacy-Policy/raw/i.oodleimg.com/caml/basic/1363372102/index.html.css' saved [246951/246951]

--2013-03-23 05:08:41--  http://i.oodleimg.com/caml/info/1360704412/
Reusing existing connection to i.oodleimg.com:80.
HTTP request sent, awaiting response... 200 OK
Length: 18884 (18K) [text/css]
Saving to: `code/../crawls/oodle.com/Privacy-Policy/raw/i.oodleimg.com/caml/info/1360704412/index.html.css'

     0K .......... ........                                   100% 14.4M=0.001s

2013-03-23 05:08:41 (14.4 MB/s) - `code/../crawls/oodle.com/Privacy-Policy/raw/i.oodleimg.com/caml/info/1360704412/index.html.css' saved [18884/18884]

--2013-03-23 05:08:41--  http://i.oodleimg.com/jaml/lib/1363372102?cc=USA&partner=www
Reusing existing connection to i.oodleimg.com:80.
HTTP request sent, awaiting response... 200 OK
Length: 771811 (754K) [application/javascript]
Saving to: `code/../crawls/oodle.com/Privacy-Policy/raw/i.oodleimg.com/jaml/lib/1363372102?cc=USA&partner=www'

     0K .......... .......... .......... .......... ..........  6% 11.7M 0s
    50K .......... .......... .......... .......... .......... 13% 11.4M 0s
   100K .......... .......... .......... .......... .......... 19% 10.3M 0s
   150K .......... .......... .......... .......... .......... 26% 11.1M 0s
   200K .......... .......... .......... .......... .......... 33% 11.3M 0s
   250K .......... .......... .......... .......... .......... 39% 11.0M 0s
   300K .......... .......... .......... .......... .......... 46% 10.8M 0s
   350K .......... .......... .......... .......... .......... 53% 11.2M 0s
   400K .......... .......... .......... .......... .......... 59% 10.7M 0s
   450K .......... .......... .......... .......... .......... 66% 11.0M 0s
   500K .......... .......... .......... .......... .......... 72% 10.4M 0s
   550K .......... .......... .......... .......... .......... 79% 10.5M 0s
   600K .......... .......... .......... .......... .......... 86% 10.9M 0s
   650K .......... .......... .......... .......... .......... 92% 10.6M 0s
   700K .......... .......... .......... .......... .......... 99% 10.8M 0s
   750K ...                                                   100% 22.1M=0.07s

2013-03-23 05:08:41 (10.9 MB/s) - `code/../crawls/oodle.com/Privacy-Policy/raw/i.oodleimg.com/jaml/lib/1363372102?cc=USA&partner=www' saved [771811/771811]

--2013-03-23 05:08:41--  http://i.oodleimg.com/jaml/info/1360704412?cc=USA&partner=www
Reusing existing connection to i.oodleimg.com:80.
HTTP request sent, awaiting response... 200 OK
Length: 521 [application/javascript]
Saving to: `code/../crawls/oodle.com/Privacy-Policy/raw/i.oodleimg.com/jaml/info/1360704412?cc=USA&partner=www'

     0K                                                       100% 86.3M=0s

2013-03-23 05:08:41 (86.3 MB/s) - `code/../crawls/oodle.com/Privacy-Policy/raw/i.oodleimg.com/jaml/info/1360704412?cc=USA&partner=www' saved [521/521]

--2013-03-23 05:08:41--  http://i.oodleimg.com/favicon.ico
Reusing existing connection to i.oodleimg.com:80.
HTTP request sent, awaiting response... 200 OK
Length: 1286 (1.3K) [image/x-icon]
Saving to: `code/../crawls/oodle.com/Privacy-Policy/raw/i.oodleimg.com/favicon.ico'

     0K .                                                     100%  191M=0s

2013-03-23 05:08:41 (191 MB/s) - `code/../crawls/oodle.com/Privacy-Policy/raw/i.oodleimg.com/favicon.ico' saved [1286/1286]

--2013-03-23 05:08:41--  http://i.oodleimg.com/jaml/footerlib/1358984641?cc=USA&partner=www
Reusing existing connection to i.oodleimg.com:80.
HTTP request sent, awaiting response... 200 OK
Length: 55448 (54K) [application/javascript]
Saving to: `code/../crawls/oodle.com/Privacy-Policy/raw/i.oodleimg.com/jaml/footerlib/1358984641?cc=USA&partner=www'

     0K .......... .......... .......... .......... .......... 92% 11.6M 0s
    50K ....                                                  100% 16.4M=0.004s

2013-03-23 05:08:41 (11.9 MB/s) - `code/../crawls/oodle.com/Privacy-Policy/raw/i.oodleimg.com/jaml/footerlib/1358984641?cc=USA&partner=www' saved [55448/55448]

--2013-03-23 05:08:41--  http://img.oodle.com/exjs/recaptcha/31364040000
Resolving img.oodle.com... 72.21.91.19
Reusing existing connection to i.oodleimg.com:80.
HTTP request sent, awaiting response... 200 OK
Length: 74371 (73K) [text/javascript]
Saving to: `code/../crawls/oodle.com/Privacy-Policy/raw/img.oodle.com/exjs/recaptcha/31364040000'

     0K .......... .......... .......... .......... .......... 68% 11.7M 0s
    50K .......... .......... ..                              100% 12.0M=0.006s

2013-03-23 05:08:41 (11.8 MB/s) - `code/../crawls/oodle.com/Privacy-Policy/raw/img.oodle.com/exjs/recaptcha/31364040000' saved [74371/74371]

--2013-03-23 05:08:41--  http://i.oodleimg.com/jaml/reporting/1358984641?cc=USA&partner=www
Reusing existing connection to i.oodleimg.com:80.
HTTP request sent, awaiting response... 200 OK
Length: 84955 (83K) [application/javascript]
Saving to: `code/../crawls/oodle.com/Privacy-Policy/raw/i.oodleimg.com/jaml/reporting/1358984641?cc=USA&partner=www'

     0K .......... .......... .......... .......... .......... 60% 9.16M 0s
    50K .......... .......... .......... ..                   100% 10.4M=0.008s

2013-03-23 05:08:41 (9.61 MB/s) - `code/../crawls/oodle.com/Privacy-Policy/raw/i.oodleimg.com/jaml/reporting/1358984641?cc=USA&partner=www' saved [84955/84955]

--2013-03-23 05:08:41--  http://i.oodleimg.com/a/desite/header_leftnav_mid.gif
Reusing existing connection to i.oodleimg.com:80.
HTTP request sent, awaiting response... 200 OK
Length: 149 [image/gif]
Saving to: `code/../crawls/oodle.com/Privacy-Policy/raw/i.oodleimg.com/a/desite/header_leftnav_mid.gif'

     0K                                                       100% 24.8M=0s

2013-03-23 05:08:41 (24.8 MB/s) - `code/../crawls/oodle.com/Privacy-Policy/raw/i.oodleimg.com/a/desite/header_leftnav_mid.gif' saved [149/149]

--2013-03-23 05:08:41--  http://i.oodleimg.com/detail/blank_square_16x16.gif
Reusing existing connection to i.oodleimg.com:80.
HTTP request sent, awaiting response... 200 OK
Length: 55 [image/gif]
Saving to: `code/../crawls/oodle.com/Privacy-Policy/raw/i.oodleimg.com/detail/blank_square_16x16.gif'

     0K                                                       100% 9.40M=0s

2013-03-23 05:08:41 (9.40 MB/s) - `code/../crawls/oodle.com/Privacy-Policy/raw/i.oodleimg.com/detail/blank_square_16x16.gif' saved [55/55]

--2013-03-23 05:08:41--  http://i.oodleimg.com/sprite-file/sprites/master-sprites/tetris.png?v=1358984626
Reusing existing connection to i.oodleimg.com:80.
HTTP request sent, awaiting response... 200 OK
Length: 26008 (25K) [image/png]
Saving to: `code/../crawls/oodle.com/Privacy-Policy/raw/i.oodleimg.com/sprite-file/sprites/master-sprites/tetris.png?v=1358984626'

     0K .......... .......... .....                           100% 13.5M=0.002s

2013-03-23 05:08:41 (13.5 MB/s) - `code/../crawls/oodle.com/Privacy-Policy/raw/i.oodleimg.com/sprite-file/sprites/master-sprites/tetris.png?v=1358984626' saved [26008/26008]

--2013-03-23 05:08:41--  http://i.oodleimg.com/sprite/-/tetris/new_close_x_hover.png?v=1358984626
Reusing existing connection to i.oodleimg.com:80.
HTTP request sent, awaiting response... 200 OK
Length: 220 [image/png]
Saving to: `code/../crawls/oodle.com/Privacy-Policy/raw/i.oodleimg.com/sprite/-/tetris/new_close_x_hover.png?v=1358984626'

     0K                                                       100% 36.0M=0s

2013-03-23 05:08:41 (36.0 MB/s) - `code/../crawls/oodle.com/Privacy-Policy/raw/i.oodleimg.com/sprite/-/tetris/new_close_x_hover.png?v=1358984626' saved [220/220]

--2013-03-23 05:08:41--  http://i.oodleimg.com/sprite/-/tetris/new_close_x.png?v=1358984626
Reusing existing connection to i.oodleimg.com:80.
HTTP request sent, awaiting response... 200 OK
Length: 190 [image/png]
Saving to: `code/../crawls/oodle.com/Privacy-Policy/raw/i.oodleimg.com/sprite/-/tetris/new_close_x.png?v=1358984626'

     0K                                                       100% 35.2M=0s

2013-03-23 05:08:41 (35.2 MB/s) - `code/../crawls/oodle.com/Privacy-Policy/raw/i.oodleimg.com/sprite/-/tetris/new_close_x.png?v=1358984626' saved [190/190]

--2013-03-23 05:08:41--  http://i.oodleimg.com/a/animate/photo-spinner-large.gif
Reusing existing connection to i.oodleimg.com:80.
HTTP request sent, awaiting response... 200 OK
Length: 5176 (5.1K) [image/gif]
Saving to: `code/../crawls/oodle.com/Privacy-Policy/raw/i.oodleimg.com/a/animate/photo-spinner-large.gif'

     0K .....                                                 100% 36.8M=0s

2013-03-23 05:08:41 (36.8 MB/s) - `code/../crawls/oodle.com/Privacy-Policy/raw/i.oodleimg.com/a/animate/photo-spinner-large.gif' saved [5176/5176]

--2013-03-23 05:08:41--  http://i.oodleimg.com/sprite/-/tetris/play_button_round.png?v=1358984626
Reusing existing connection to i.oodleimg.com:80.
HTTP request sent, awaiting response... 200 OK
Length: 472 [image/png]
Saving to: `code/../crawls/oodle.com/Privacy-Policy/raw/i.oodleimg.com/sprite/-/tetris/play_button_round.png?v=1358984626'

     0K                                                       100% 86.1M=0s

2013-03-23 05:08:41 (86.1 MB/s) - `code/../crawls/oodle.com/Privacy-Policy/raw/i.oodleimg.com/sprite/-/tetris/play_button_round.png?v=1358984626' saved [472/472]

--2013-03-23 05:08:41--  http://i.oodleimg.com/a/pro/background/for-professionals-bg.gif
Reusing existing connection to i.oodleimg.com:80.
HTTP request sent, awaiting response... 200 OK
Length: 173 [image/gif]
Saving to: `code/../crawls/oodle.com/Privacy-Policy/raw/i.oodleimg.com/a/pro/background/for-professionals-bg.gif'

     0K                                                       100% 29.2M=0s

2013-03-23 05:08:41 (29.2 MB/s) - `code/../crawls/oodle.com/Privacy-Policy/raw/i.oodleimg.com/a/pro/background/for-professionals-bg.gif' saved [173/173]

--2013-03-23 05:08:41--  http://i.oodleimg.com/mule/images/whitecorner-tl.png
Reusing existing connection to i.oodleimg.com:80.
HTTP request sent, awaiting response... 200 OK
Length: 150 [image/png]
Saving to: `code/../crawls/oodle.com/Privacy-Policy/raw/i.oodleimg.com/mule/images/whitecorner-tl.png'

     0K                                                       100% 24.2M=0s

2013-03-23 05:08:41 (24.2 MB/s) - `code/../crawls/oodle.com/Privacy-Policy/raw/i.oodleimg.com/mule/images/whitecorner-tl.png' saved [150/150]

--2013-03-23 05:08:41--  http://i.oodleimg.com/mule/images/whitecorner-tr.png
Reusing existing connection to i.oodleimg.com:80.
HTTP request sent, awaiting response... 200 OK
Length: 154 [image/png]
Saving to: `code/../crawls/oodle.com/Privacy-Policy/raw/i.oodleimg.com/mule/images/whitecorner-tr.png'

     0K                                                       100% 28.4M=0s

2013-03-23 05:08:41 (28.4 MB/s) - `code/../crawls/oodle.com/Privacy-Policy/raw/i.oodleimg.com/mule/images/whitecorner-tr.png' saved [154/154]

--2013-03-23 05:08:41--  http://i.oodleimg.com/mule/images/topnav-shade-off.png
Reusing existing connection to i.oodleimg.com:80.
HTTP request sent, awaiting response... 200 OK
Length: 146 [image/png]
Saving to: `code/../crawls/oodle.com/Privacy-Policy/raw/i.oodleimg.com/mule/images/topnav-shade-off.png'

     0K                                                       100% 26.0M=0s

2013-03-23 05:08:41 (26.0 MB/s) - `code/../crawls/oodle.com/Privacy-Policy/raw/i.oodleimg.com/mule/images/topnav-shade-off.png' saved [146/146]

--2013-03-23 05:08:41--  http://i.oodleimg.com/mule/images/topnav-shade-on.png
Reusing existing connection to i.oodleimg.com:80.
HTTP request sent, awaiting response... 200 OK
Length: 146 [image/png]
Saving to: `code/../crawls/oodle.com/Privacy-Policy/raw/i.oodleimg.com/mule/images/topnav-shade-on.png'

     0K                                                       100% 26.0M=0s

2013-03-23 05:08:41 (26.0 MB/s) - `code/../crawls/oodle.com/Privacy-Policy/raw/i.oodleimg.com/mule/images/topnav-shade-on.png' saved [146/146]

--2013-03-23 05:08:41--  http://i.oodleimg.com/mule/images/topnav-shade-hover.png
Reusing existing connection to i.oodleimg.com:80.
HTTP request sent, awaiting response... 200 OK
Length: 146 [image/png]
Saving to: `code/../crawls/oodle.com/Privacy-Policy/raw/i.oodleimg.com/mule/images/topnav-shade-hover.png'

     0K                                                       100% 28.5M=0s

2013-03-23 05:08:41 (28.5 MB/s) - `code/../crawls/oodle.com/Privacy-Policy/raw/i.oodleimg.com/mule/images/topnav-shade-hover.png' saved [146/146]

--2013-03-23 05:08:41--  http://i.oodleimg.com/a/Header_universal_BG_1004px-2.png
Reusing existing connection to i.oodleimg.com:80.
HTTP request sent, awaiting response... 200 OK
Length: 37989 (37K) [image/png]
Saving to: `code/../crawls/oodle.com/Privacy-Policy/raw/i.oodleimg.com/a/Header_universal_BG_1004px-2.png'

     0K .......... .......... .......... .......              100% 11.9M=0.003s

2013-03-23 05:08:41 (11.9 MB/s) - `code/../crawls/oodle.com/Privacy-Policy/raw/i.oodleimg.com/a/Header_universal_BG_1004px-2.png' saved [37989/37989]

--2013-03-23 05:08:41--  http://i.oodleimg.com/a/Header_universal_BG_GradientSlice.png
Reusing existing connection to i.oodleimg.com:80.
HTTP request sent, awaiting response... 200 OK
Length: 1028 (1.0K) [image/png]
Saving to: `code/../crawls/oodle.com/Privacy-Policy/raw/i.oodleimg.com/a/Header_universal_BG_GradientSlice.png'

     0K .                                                     100%  177M=0s

2013-03-23 05:08:41 (177 MB/s) - `code/../crawls/oodle.com/Privacy-Policy/raw/i.oodleimg.com/a/Header_universal_BG_GradientSlice.png' saved [1028/1028]

--2013-03-23 05:08:41--  http://i.oodleimg.com/a/universal_header_displayAd_1068x164_02.png
Reusing existing connection to i.oodleimg.com:80.
HTTP request sent, awaiting response... 200 OK
Length: 100618 (98K) [image/png]
Saving to: `code/../crawls/oodle.com/Privacy-Policy/raw/i.oodleimg.com/a/universal_header_displayAd_1068x164_02.png'

     0K .......... .......... .......... .......... .......... 50% 10.9M 0s
    50K .......... .......... .......... .......... ........  100% 11.6M=0.009s

2013-03-23 05:08:41 (11.2 MB/s) - `code/../crawls/oodle.com/Privacy-Policy/raw/i.oodleimg.com/a/universal_header_displayAd_1068x164_02.png' saved [100618/100618]

--2013-03-23 05:08:41--  http://i.oodleimg.com/a/oodle-logo-marketplace.png
Reusing existing connection to i.oodleimg.com:80.
HTTP request sent, awaiting response... 200 OK
Length: 4720 (4.6K) [image/png]
Saving to: `code/../crawls/oodle.com/Privacy-Policy/raw/i.oodleimg.com/a/oodle-logo-marketplace.png'

     0K ....                                                  100% 27.4M=0s

2013-03-23 05:08:41 (27.4 MB/s) - `code/../crawls/oodle.com/Privacy-Policy/raw/i.oodleimg.com/a/oodle-logo-marketplace.png' saved [4720/4720]

--2013-03-23 05:08:41--  http://i.oodleimg.com/a/oodle-logo-oodle.png
Reusing existing connection to i.oodleimg.com:80.
HTTP request sent, awaiting response... 200 OK
Length: 4491 (4.4K) [image/png]
Saving to: `code/../crawls/oodle.com/Privacy-Policy/raw/i.oodleimg.com/a/oodle-logo-oodle.png'

     0K ....                                                  100% 22.6M=0s

2013-03-23 05:08:41 (22.6 MB/s) - `code/../crawls/oodle.com/Privacy-Policy/raw/i.oodleimg.com/a/oodle-logo-oodle.png' saved [4491/4491]

--2013-03-23 05:08:41--  http://i.oodleimg.com/sprite-file/sprites/master-sprites/circle.png?v=1358984626
Reusing existing connection to i.oodleimg.com:80.
HTTP request sent, awaiting response... 200 OK
Length: 79684 (78K) [image/png]
Saving to: `code/../crawls/oodle.com/Privacy-Policy/raw/i.oodleimg.com/sprite-file/sprites/master-sprites/circle.png?v=1358984626'

     0K .......... .......... .......... .......... .......... 64% 11.8M 0s
    50K .......... .......... .......                         100% 12.1M=0.006s

2013-03-23 05:08:41 (11.9 MB/s) - `code/../crawls/oodle.com/Privacy-Policy/raw/i.oodleimg.com/sprite-file/sprites/master-sprites/circle.png?v=1358984626' saved [79684/79684]

--2013-03-23 05:08:41--  http://i.oodleimg.com/sprite/-/tetris/oodle_trust_shield_40.png?v=1358984626
Reusing existing connection to i.oodleimg.com:80.
HTTP request sent, awaiting response... 200 OK
Length: 2108 (2.1K) [image/png]
Saving to: `code/../crawls/oodle.com/Privacy-Policy/raw/i.oodleimg.com/sprite/-/tetris/oodle_trust_shield_40.png?v=1358984626'

     0K ..                                                    100%  287M=0s

2013-03-23 05:08:41 (287 MB/s) - `code/../crawls/oodle.com/Privacy-Policy/raw/i.oodleimg.com/sprite/-/tetris/oodle_trust_shield_40.png?v=1358984626' saved [2108/2108]

--2013-03-23 05:08:41--  http://i.oodleimg.com/sprite-file/sprites/master-sprites/base.png?v=1358984626
Reusing existing connection to i.oodleimg.com:80.
HTTP request sent, awaiting response... 200 OK
Length: 45519 (44K) [image/png]
Saving to: `code/../crawls/oodle.com/Privacy-Policy/raw/i.oodleimg.com/sprite-file/sprites/master-sprites/base.png?v=1358984626'

     0K .......... .......... .......... .......... ....      100% 11.8M=0.004s

2013-03-23 05:08:41 (11.8 MB/s) - `code/../crawls/oodle.com/Privacy-Policy/raw/i.oodleimg.com/sprite-file/sprites/master-sprites/base.png?v=1358984626' saved [45519/45519]

--2013-03-23 05:08:41--  http://i.oodleimg.com/sprite/-/base/partner-28-a.png?v=1358984626
Reusing existing connection to i.oodleimg.com:80.
HTTP request sent, awaiting response... 200 OK
Length: 665 [image/png]
Saving to: `code/../crawls/oodle.com/Privacy-Policy/raw/i.oodleimg.com/sprite/-/base/partner-28-a.png?v=1358984626'

     0K                                                       100%  117M=0s

2013-03-23 05:08:41 (117 MB/s) - `code/../crawls/oodle.com/Privacy-Policy/raw/i.oodleimg.com/sprite/-/base/partner-28-a.png?v=1358984626' saved [665/665]

--2013-03-23 05:08:41--  http://i.oodleimg.com/sprite/-/base/partner-81.png?v=1358984626
Reusing existing connection to i.oodleimg.com:80.
HTTP request sent, awaiting response... 200 OK
Length: 228 [image/png]
Saving to: `code/../crawls/oodle.com/Privacy-Policy/raw/i.oodleimg.com/sprite/-/base/partner-81.png?v=1358984626'

     0K                                                       100% 41.1M=0s

2013-03-23 05:08:41 (41.1 MB/s) - `code/../crawls/oodle.com/Privacy-Policy/raw/i.oodleimg.com/sprite/-/base/partner-81.png?v=1358984626' saved [228/228]

--2013-03-23 05:08:41--  http://i.oodleimg.com/sprite/-/base/partner-26-a.png?v=1358984626
Reusing existing connection to i.oodleimg.com:80.
HTTP request sent, awaiting response... 200 OK
Length: 569 [image/png]
Saving to: `code/../crawls/oodle.com/Privacy-Policy/raw/i.oodleimg.com/sprite/-/base/partner-26-a.png?v=1358984626'

     0K                                                       100%  107M=0s

2013-03-23 05:08:41 (107 MB/s) - `code/../crawls/oodle.com/Privacy-Policy/raw/i.oodleimg.com/sprite/-/base/partner-26-a.png?v=1358984626' saved [569/569]

--2013-03-23 05:08:41--  http://i.oodleimg.com/sprite/-/base/twitter-a.png?v=1358984626
Reusing existing connection to i.oodleimg.com:80.
HTTP request sent, awaiting response... 200 OK
Length: 724 [image/png]
Saving to: `code/../crawls/oodle.com/Privacy-Policy/raw/i.oodleimg.com/sprite/-/base/twitter-a.png?v=1358984626'

     0K                                                       100%  131M=0s

2013-03-23 05:08:41 (131 MB/s) - `code/../crawls/oodle.com/Privacy-Policy/raw/i.oodleimg.com/sprite/-/base/twitter-a.png?v=1358984626' saved [724/724]

--2013-03-23 05:08:41--  http://i.oodleimg.com/sprite/-/base/partner-6.png?v=1358984626
Reusing existing connection to i.oodleimg.com:80.
HTTP request sent, awaiting response... 200 OK
Length: 205 [image/png]
Saving to: `code/../crawls/oodle.com/Privacy-Policy/raw/i.oodleimg.com/sprite/-/base/partner-6.png?v=1358984626'

     0K                                                       100% 37.7M=0s

2013-03-23 05:08:41 (37.7 MB/s) - `code/../crawls/oodle.com/Privacy-Policy/raw/i.oodleimg.com/sprite/-/base/partner-6.png?v=1358984626' saved [205/205]

--2013-03-23 05:08:41--  http://i.oodleimg.com/sprite/-/base/partner-135.png?v=1358984626
Reusing existing connection to i.oodleimg.com:80.
HTTP request sent, awaiting response... 200 OK
Length: 205 [image/png]
Saving to: `code/../crawls/oodle.com/Privacy-Policy/raw/i.oodleimg.com/sprite/-/base/partner-135.png?v=1358984626'

     0K                                                       100% 38.0M=0s

2013-03-23 05:08:41 (38.0 MB/s) - `code/../crawls/oodle.com/Privacy-Policy/raw/i.oodleimg.com/sprite/-/base/partner-135.png?v=1358984626' saved [205/205]

--2013-03-23 05:08:41--  http://i.oodleimg.com/sprite/-/base/post-button.png?v=1358984626
Reusing existing connection to i.oodleimg.com:80.
HTTP request sent, awaiting response... 200 OK
Length: 1591 (1.6K) [image/png]
Saving to: `code/../crawls/oodle.com/Privacy-Policy/raw/i.oodleimg.com/sprite/-/base/post-button.png?v=1358984626'

     0K .                                                     100%  234M=0s

2013-03-23 05:08:41 (234 MB/s) - `code/../crawls/oodle.com/Privacy-Policy/raw/i.oodleimg.com/sprite/-/base/post-button.png?v=1358984626' saved [1591/1591]

--2013-03-23 05:08:41--  http://i.oodleimg.com/sprite/-/base/post-button-free.png?v=1358984626
Reusing existing connection to i.oodleimg.com:80.
HTTP request sent, awaiting response... 200 OK
Length: 2403 (2.3K) [image/png]
Saving to: `code/../crawls/oodle.com/Privacy-Policy/raw/i.oodleimg.com/sprite/-/base/post-button-free.png?v=1358984626'

     0K ..                                                    100% 43.0M=0s

2013-03-23 05:08:41 (43.0 MB/s) - `code/../crawls/oodle.com/Privacy-Policy/raw/i.oodleimg.com/sprite/-/base/post-button-free.png?v=1358984626' saved [2403/2403]

--2013-03-23 05:08:41--  http://i.oodleimg.com/partners/facebook/a/handshake_icon_32x32.gif
Reusing existing connection to i.oodleimg.com:80.
HTTP request sent, awaiting response... 200 OK
Length: 1433 (1.4K) [image/gif]
Saving to: `code/../crawls/oodle.com/Privacy-Policy/raw/i.oodleimg.com/partners/facebook/a/handshake_icon_32x32.gif'

     0K .                                                     100%  205M=0s

2013-03-23 05:08:41 (205 MB/s) - `code/../crawls/oodle.com/Privacy-Policy/raw/i.oodleimg.com/partners/facebook/a/handshake_icon_32x32.gif' saved [1433/1433]

--2013-03-23 05:08:41--  http://i.oodleimg.com/a/lightbox/lightbox-body.png
Reusing existing connection to i.oodleimg.com:80.
HTTP request sent, awaiting response... 200 OK
Length: 160 [image/png]
Saving to: `code/../crawls/oodle.com/Privacy-Policy/raw/i.oodleimg.com/a/lightbox/lightbox-body.png'

     0K                                                       100% 27.7M=0s

2013-03-23 05:08:41 (27.7 MB/s) - `code/../crawls/oodle.com/Privacy-Policy/raw/i.oodleimg.com/a/lightbox/lightbox-body.png' saved [160/160]

--2013-03-23 05:08:41--  http://i.oodleimg.com/a/lightbox/lightbox-footer.png
Reusing existing connection to i.oodleimg.com:80.
HTTP request sent, awaiting response... 200 OK
Length: 1101 (1.1K) [image/png]
Saving to: `code/../crawls/oodle.com/Privacy-Policy/raw/i.oodleimg.com/a/lightbox/lightbox-footer.png'

     0K .                                                     100%  186M=0s

2013-03-23 05:08:41 (186 MB/s) - `code/../crawls/oodle.com/Privacy-Policy/raw/i.oodleimg.com/a/lightbox/lightbox-footer.png' saved [1101/1101]

--2013-03-23 05:08:41--  http://i.oodleimg.com/a/lightbox/lightbox-footer-skinny.png
Reusing existing connection to i.oodleimg.com:80.
HTTP request sent, awaiting response... 200 OK
Length: 916 [image/png]
Saving to: `code/../crawls/oodle.com/Privacy-Policy/raw/i.oodleimg.com/a/lightbox/lightbox-footer-skinny.png'

     0K                                                       100%  160M=0s

2013-03-23 05:08:41 (160 MB/s) - `code/../crawls/oodle.com/Privacy-Policy/raw/i.oodleimg.com/a/lightbox/lightbox-footer-skinny.png' saved [916/916]

--2013-03-23 05:08:41--  http://i.oodleimg.com/a/oodle_trust_shield_40.png
Reusing existing connection to i.oodleimg.com:80.
HTTP request sent, awaiting response... 200 OK
Length: 6319 (6.2K) [image/png]
Saving to: `code/../crawls/oodle.com/Privacy-Policy/raw/i.oodleimg.com/a/oodle_trust_shield_40.png'

     0K ......                                                100% 18.8M=0s

2013-03-23 05:08:41 (18.8 MB/s) - `code/../crawls/oodle.com/Privacy-Policy/raw/i.oodleimg.com/a/oodle_trust_shield_40.png' saved [6319/6319]

--2013-03-23 05:08:41--  http://i.oodleimg.com/a/icons/arrow_right.gif
Reusing existing connection to i.oodleimg.com:80.
HTTP request sent, awaiting response... 200 OK
Length: 302 [image/gif]
Saving to: `code/../crawls/oodle.com/Privacy-Policy/raw/i.oodleimg.com/a/icons/arrow_right.gif'

     0K                                                       100% 52.2M=0s

2013-03-23 05:08:41 (52.2 MB/s) - `code/../crawls/oodle.com/Privacy-Policy/raw/i.oodleimg.com/a/icons/arrow_right.gif' saved [302/302]

--2013-03-23 05:08:41--  http://i.oodleimg.com/a/account/warning_icon_orange.gif
Reusing existing connection to i.oodleimg.com:80.
HTTP request sent, awaiting response... 200 OK
Length: 1490 (1.5K) [image/gif]
Saving to: `code/../crawls/oodle.com/Privacy-Policy/raw/i.oodleimg.com/a/account/warning_icon_orange.gif'

     0K .                                                     100%  220M=0s

2013-03-23 05:08:41 (220 MB/s) - `code/../crawls/oodle.com/Privacy-Policy/raw/i.oodleimg.com/a/account/warning_icon_orange.gif' saved [1490/1490]

--2013-03-23 05:08:41--  http://i.oodleimg.com/a/lightbox-loading.gif
Reusing existing connection to i.oodleimg.com:80.
HTTP request sent, awaiting response... 200 OK
Length: 3208 (3.1K) [image/gif]
Saving to: `code/../crawls/oodle.com/Privacy-Policy/raw/i.oodleimg.com/a/lightbox-loading.gif'

     0K ...                                                   100% 33.5M=0s

2013-03-23 05:08:41 (33.5 MB/s) - `code/../crawls/oodle.com/Privacy-Policy/raw/i.oodleimg.com/a/lightbox-loading.gif' saved [3208/3208]

--2013-03-23 05:08:41--  http://i.oodleimg.com/sprite/-/base/search-small.png?v=1358984626
Reusing existing connection to i.oodleimg.com:80.
HTTP request sent, awaiting response... 200 OK
Length: 838 [image/png]
Saving to: `code/../crawls/oodle.com/Privacy-Policy/raw/i.oodleimg.com/sprite/-/base/search-small.png?v=1358984626'

     0K                                                       100%  144M=0s

2013-03-23 05:08:41 (144 MB/s) - `code/../crawls/oodle.com/Privacy-Policy/raw/i.oodleimg.com/sprite/-/base/search-small.png?v=1358984626' saved [838/838]

--2013-03-23 05:08:41--  http://i.oodleimg.com/o2/icon_emailAlerts.gif
Reusing existing connection to i.oodleimg.com:80.
HTTP request sent, awaiting response... 200 OK
Length: 1134 (1.1K) [image/gif]
Saving to: `code/../crawls/oodle.com/Privacy-Policy/raw/i.oodleimg.com/o2/icon_emailAlerts.gif'

     0K .                                                     100%  185M=0s

2013-03-23 05:08:41 (185 MB/s) - `code/../crawls/oodle.com/Privacy-Policy/raw/i.oodleimg.com/o2/icon_emailAlerts.gif' saved [1134/1134]

--2013-03-23 05:08:41--  http://i.oodleimg.com/partners/oodle/a/social/button.png
Reusing existing connection to i.oodleimg.com:80.
HTTP request sent, awaiting response... 200 OK
Length: 1080 (1.1K) [image/png]
Saving to: `code/../crawls/oodle.com/Privacy-Policy/raw/i.oodleimg.com/partners/oodle/a/social/button.png'

     0K .                                                     100%  179M=0s

2013-03-23 05:08:41 (179 MB/s) - `code/../crawls/oodle.com/Privacy-Policy/raw/i.oodleimg.com/partners/oodle/a/social/button.png' saved [1080/1080]

--2013-03-23 05:08:41--  http://i.oodleimg.com/sprite-file/sprites/master-sprites/xrepeats.png?v=1358984626
Reusing existing connection to i.oodleimg.com:80.
HTTP request sent, awaiting response... 200 OK
Length: 717 [image/png]
Saving to: `code/../crawls/oodle.com/Privacy-Policy/raw/i.oodleimg.com/sprite-file/sprites/master-sprites/xrepeats.png?v=1358984626'

     0K                                                       100%  127M=0s

2013-03-23 05:08:41 (127 MB/s) - `code/../crawls/oodle.com/Privacy-Policy/raw/i.oodleimg.com/sprite-file/sprites/master-sprites/xrepeats.png?v=1358984626' saved [717/717]

--2013-03-23 05:08:41--  http://i.oodleimg.com/sprite/-/xrepeats/orange-tab.png?v=1358984626
Reusing existing connection to i.oodleimg.com:80.
HTTP request sent, awaiting response... 200 OK
Length: 195 [image/png]
Saving to: `code/../crawls/oodle.com/Privacy-Policy/raw/i.oodleimg.com/sprite/-/xrepeats/orange-tab.png?v=1358984626'

     0K                                                       100% 34.7M=0s

2013-03-23 05:08:41 (34.7 MB/s) - `code/../crawls/oodle.com/Privacy-Policy/raw/i.oodleimg.com/sprite/-/xrepeats/orange-tab.png?v=1358984626' saved [195/195]

--2013-03-23 05:08:41--  http://i.oodleimg.com/sprite-file/sprites/master-sprites/right-align.png?v=1358984626
Reusing existing connection to i.oodleimg.com:80.
HTTP request sent, awaiting response... 200 OK
Length: 2461 (2.4K) [image/png]
Saving to: `code/../crawls/oodle.com/Privacy-Policy/raw/i.oodleimg.com/sprite-file/sprites/master-sprites/right-align.png?v=1358984626'

     0K ..                                                    100% 34.1M=0s

2013-03-23 05:08:41 (34.1 MB/s) - `code/../crawls/oodle.com/Privacy-Policy/raw/i.oodleimg.com/sprite-file/sprites/master-sprites/right-align.png?v=1358984626' saved [2461/2461]

--2013-03-23 05:08:41--  http://i.oodleimg.com/sprite/-/right-align/orange-tab-close-right.png?v=1358984626
Reusing existing connection to i.oodleimg.com:80.
HTTP request sent, awaiting response... 200 OK
Length: 143 [image/png]
Saving to: `code/../crawls/oodle.com/Privacy-Policy/raw/i.oodleimg.com/sprite/-/right-align/orange-tab-close-right.png?v=1358984626'

     0K                                                       100% 24.4M=0s

2013-03-23 05:08:41 (24.4 MB/s) - `code/../crawls/oodle.com/Privacy-Policy/raw/i.oodleimg.com/sprite/-/right-align/orange-tab-close-right.png?v=1358984626' saved [143/143]

--2013-03-23 05:08:41--  http://i.oodleimg.com/sprite/-/right-align/orange-tab-li.png?v=1358984626
Reusing existing connection to i.oodleimg.com:80.
HTTP request sent, awaiting response... 200 OK
Length: 298 [image/png]
Saving to: `code/../crawls/oodle.com/Privacy-Policy/raw/i.oodleimg.com/sprite/-/right-align/orange-tab-li.png?v=1358984626'

     0K                                                       100% 54.7M=0s

2013-03-23 05:08:41 (54.7 MB/s) - `code/../crawls/oodle.com/Privacy-Policy/raw/i.oodleimg.com/sprite/-/right-align/orange-tab-li.png?v=1358984626' saved [298/298]

--2013-03-23 05:08:41--  http://i.oodleimg.com/sprite/-/right-align/orange-tab-li-hover.png?v=1358984626
Reusing existing connection to i.oodleimg.com:80.
HTTP request sent, awaiting response... 200 OK
Length: 294 [image/png]
Saving to: `code/../crawls/oodle.com/Privacy-Policy/raw/i.oodleimg.com/sprite/-/right-align/orange-tab-li-hover.png?v=1358984626'

     0K                                                       100% 52.8M=0s

2013-03-23 05:08:41 (52.8 MB/s) - `code/../crawls/oodle.com/Privacy-Policy/raw/i.oodleimg.com/sprite/-/right-align/orange-tab-li-hover.png?v=1358984626' saved [294/294]

--2013-03-23 05:08:41--  http://i.oodleimg.com/sprite/-/right-align/orange-tab-li-class-active.png?v=1358984626
Reusing existing connection to i.oodleimg.com:80.
HTTP request sent, awaiting response... 200 OK
Length: 136 [image/png]
Saving to: `code/../crawls/oodle.com/Privacy-Policy/raw/i.oodleimg.com/sprite/-/right-align/orange-tab-li-class-active.png?v=1358984626'

     0K                                                       100% 25.2M=0s

2013-03-23 05:08:41 (25.2 MB/s) - `code/../crawls/oodle.com/Privacy-Policy/raw/i.oodleimg.com/sprite/-/right-align/orange-tab-li-class-active.png?v=1358984626' saved [136/136]

--2013-03-23 05:08:41--  http://i.oodleimg.com/sprite/-/right-align/orange-tab-li-class-active-hover.png?v=1358984626
Reusing existing connection to i.oodleimg.com:80.
HTTP request sent, awaiting response... 200 OK
Length: 136 [image/png]
Saving to: `code/../crawls/oodle.com/Privacy-Policy/raw/i.oodleimg.com/sprite/-/right-align/orange-tab-li-class-active-hover.png?v=1358984626'

     0K                                                       100% 25.7M=0s

2013-03-23 05:08:41 (25.7 MB/s) - `code/../crawls/oodle.com/Privacy-Policy/raw/i.oodleimg.com/sprite/-/right-align/orange-tab-li-class-active-hover.png?v=1358984626' saved [136/136]

--2013-03-23 05:08:41--  http://i.oodleimg.com/sprite/-/tetris/icon_add_photo.png?v=1358984626
Reusing existing connection to i.oodleimg.com:80.
HTTP request sent, awaiting response... 200 OK
Length: 149 [image/png]
Saving to: `code/../crawls/oodle.com/Privacy-Policy/raw/i.oodleimg.com/sprite/-/tetris/icon_add_photo.png?v=1358984626'

     0K                                                       100% 27.2M=0s

2013-03-23 05:08:41 (27.2 MB/s) - `code/../crawls/oodle.com/Privacy-Policy/raw/i.oodleimg.com/sprite/-/tetris/icon_add_photo.png?v=1358984626' saved [149/149]

--2013-03-23 05:08:41--  http://i.oodleimg.com/sprite/-/tetris/icon_add_video.png?v=1358984626
Reusing existing connection to i.oodleimg.com:80.
HTTP request sent, awaiting response... 200 OK
Length: 166 [image/png]
Saving to: `code/../crawls/oodle.com/Privacy-Policy/raw/i.oodleimg.com/sprite/-/tetris/icon_add_video.png?v=1358984626'

     0K                                                       100% 30.4M=0s

2013-03-23 05:08:41 (30.4 MB/s) - `code/../crawls/oodle.com/Privacy-Policy/raw/i.oodleimg.com/sprite/-/tetris/icon_add_video.png?v=1358984626' saved [166/166]

--2013-03-23 05:08:41--  http://i.oodleimg.com/sprite/-/tetris/img_arrow_up.png?v=1358984626
Reusing existing connection to i.oodleimg.com:80.
HTTP request sent, awaiting response... 200 OK
Length: 143 [image/png]
Saving to: `code/../crawls/oodle.com/Privacy-Policy/raw/i.oodleimg.com/sprite/-/tetris/img_arrow_up.png?v=1358984626'

     0K                                                       100% 26.0M=0s

2013-03-23 05:08:41 (26.0 MB/s) - `code/../crawls/oodle.com/Privacy-Policy/raw/i.oodleimg.com/sprite/-/tetris/img_arrow_up.png?v=1358984626' saved [143/143]

--2013-03-23 05:08:41--  http://i.oodleimg.com/sprite/-/tetris/img_arrow_down.png?v=1358984626
Reusing existing connection to i.oodleimg.com:80.
HTTP request sent, awaiting response... 200 OK
Length: 143 [image/png]
Saving to: `code/../crawls/oodle.com/Privacy-Policy/raw/i.oodleimg.com/sprite/-/tetris/img_arrow_down.png?v=1358984626'

     0K                                                       100% 26.6M=0s

2013-03-23 05:08:41 (26.6 MB/s) - `code/../crawls/oodle.com/Privacy-Policy/raw/i.oodleimg.com/sprite/-/tetris/img_arrow_down.png?v=1358984626' saved [143/143]

--2013-03-23 05:08:41--  http://i.oodleimg.com/a/new-msgbox-close_x.png
Reusing existing connection to i.oodleimg.com:80.
HTTP request sent, awaiting response... 200 OK
Length: 218 [image/png]
Saving to: `code/../crawls/oodle.com/Privacy-Policy/raw/i.oodleimg.com/a/new-msgbox-close_x.png'

     0K                                                       100% 41.4M=0s

2013-03-23 05:08:41 (41.4 MB/s) - `code/../crawls/oodle.com/Privacy-Policy/raw/i.oodleimg.com/a/new-msgbox-close_x.png' saved [218/218]

--2013-03-23 05:08:41--  http://i.oodleimg.com/sprites/tetris/new_close_x_hover.png
Reusing existing connection to i.oodleimg.com:80.
HTTP request sent, awaiting response... 200 OK
Length: 294 [image/png]
Saving to: `code/../crawls/oodle.com/Privacy-Policy/raw/i.oodleimg.com/sprites/tetris/new_close_x_hover.png'

     0K                                                       100% 49.8M=0s

2013-03-23 05:08:41 (49.8 MB/s) - `code/../crawls/oodle.com/Privacy-Policy/raw/i.oodleimg.com/sprites/tetris/new_close_x_hover.png' saved [294/294]

--2013-03-23 05:08:41--  http://i.oodleimg.com/a/chosen-sprite.png
Reusing existing connection to i.oodleimg.com:80.
HTTP request sent, awaiting response... 200 OK
Length: 559 [image/png]
Saving to: `code/../crawls/oodle.com/Privacy-Policy/raw/i.oodleimg.com/a/chosen-sprite.png'

     0K                                                       100%  101M=0s

2013-03-23 05:08:41 (101 MB/s) - `code/../crawls/oodle.com/Privacy-Policy/raw/i.oodleimg.com/a/chosen-sprite.png' saved [559/559]

--2013-03-23 05:08:41--  http://i.oodleimg.com/a/account/IMG_greyArrow.png
Reusing existing connection to i.oodleimg.com:80.
HTTP request sent, awaiting response... 200 OK
Length: 975 [image/png]
Saving to: `code/../crawls/oodle.com/Privacy-Policy/raw/i.oodleimg.com/a/account/IMG_greyArrow.png'

     0K                                                       100%  170M=0s

2013-03-23 05:08:41 (170 MB/s) - `code/../crawls/oodle.com/Privacy-Policy/raw/i.oodleimg.com/a/account/IMG_greyArrow.png' saved [975/975]

--2013-03-23 05:08:41--  http://i.oodleimg.com/sprite-file/sprites/master-sprites/search.png?v=1358984626
Reusing existing connection to i.oodleimg.com:80.
HTTP request sent, awaiting response... 200 OK
Length: 45739 (45K) [image/png]
Saving to: `code/../crawls/oodle.com/Privacy-Policy/raw/i.oodleimg.com/sprite-file/sprites/master-sprites/search.png?v=1358984626'

     0K .......... .......... .......... .......... ....      100% 9.85M=0.004s

2013-03-23 05:08:41 (9.85 MB/s) - `code/../crawls/oodle.com/Privacy-Policy/raw/i.oodleimg.com/sprite-file/sprites/master-sprites/search.png?v=1358984626' saved [45739/45739]

--2013-03-23 05:08:41--  http://i.oodleimg.com/sprite-file/sprites/master-sprites/pro.png?v=1358984626
Reusing existing connection to i.oodleimg.com:80.
HTTP request sent, awaiting response... 200 OK
Length: 477413 (466K) [image/png]
Saving to: `code/../crawls/oodle.com/Privacy-Policy/raw/i.oodleimg.com/sprite-file/sprites/master-sprites/pro.png?v=1358984626'

     0K .......... .......... .......... .......... .......... 10% 11.3M 0s
    50K .......... .......... .......... .......... .......... 21% 11.2M 0s
   100K .......... .......... .......... .......... .......... 32% 11.3M 0s
   150K .......... .......... .......... .......... .......... 42% 11.3M 0s
   200K .......... .......... .......... .......... .......... 53% 11.3M 0s
   250K .......... .......... .......... .......... .......... 64% 11.4M 0s
   300K .......... .......... .......... .......... .......... 75% 11.0M 0s
   350K .......... .......... .......... .......... .......... 85% 8.40M 0s
   400K .......... .......... .......... .......... .......... 96% 9.42M 0s
   450K .......... ......                                     100% 6.96M=0.04s

2013-03-23 05:08:41 (10.4 MB/s) - `code/../crawls/oodle.com/Privacy-Policy/raw/i.oodleimg.com/sprite-file/sprites/master-sprites/pro.png?v=1358984626' saved [477413/477413]

--2013-03-23 05:08:41--  http://i.oodleimg.com/sprite-file/sprites/master-sprites/idp.png?v=1358984626
Reusing existing connection to i.oodleimg.com:80.
HTTP request sent, awaiting response... 200 OK
Length: 12726 (12K) [image/png]
Saving to: `code/../crawls/oodle.com/Privacy-Policy/raw/i.oodleimg.com/sprite-file/sprites/master-sprites/idp.png?v=1358984626'

     0K .......... ..                                         100% 15.3M=0.001s

2013-03-23 05:08:41 (15.3 MB/s) - `code/../crawls/oodle.com/Privacy-Policy/raw/i.oodleimg.com/sprite-file/sprites/master-sprites/idp.png?v=1358984626' saved [12726/12726]

--2013-03-23 05:08:41--  http://i.oodleimg.com/sprite-file/sprites/master-sprites/recommendations.png?v=1358984626
Reusing existing connection to i.oodleimg.com:80.
HTTP request sent, awaiting response... 200 OK
Length: 1718 (1.7K) [image/png]
Saving to: `code/../crawls/oodle.com/Privacy-Policy/raw/i.oodleimg.com/sprite-file/sprites/master-sprites/recommendations.png?v=1358984626'

     0K .                                                     100%  258M=0s

2013-03-23 05:08:41 (258 MB/s) - `code/../crawls/oodle.com/Privacy-Policy/raw/i.oodleimg.com/sprite-file/sprites/master-sprites/recommendations.png?v=1358984626' saved [1718/1718]

--2013-03-23 05:08:41--  http://i.oodleimg.com/sprite-file/sprites/master-sprites/test.png?v=1358984626
Reusing existing connection to i.oodleimg.com:80.
HTTP request sent, awaiting response... 200 OK
Length: 3388 (3.3K) [image/png]
Saving to: `code/../crawls/oodle.com/Privacy-Policy/raw/i.oodleimg.com/sprite-file/sprites/master-sprites/test.png?v=1358984626'

     0K ...                                                   100% 47.2M=0s

2013-03-23 05:08:41 (47.2 MB/s) - `code/../crawls/oodle.com/Privacy-Policy/raw/i.oodleimg.com/sprite-file/sprites/master-sprites/test.png?v=1358984626' saved [3388/3388]

--2013-03-23 05:08:41--  http://i.oodleimg.com/sprite/-/tetris/blue-arrow-down.png?v=1358984626
Reusing existing connection to i.oodleimg.com:80.
HTTP request sent, awaiting response... 200 OK
Length: 179 [image/png]
Saving to: `code/../crawls/oodle.com/Privacy-Policy/raw/i.oodleimg.com/sprite/-/tetris/blue-arrow-down.png?v=1358984626'

     0K                                                       100% 33.5M=0s

2013-03-23 05:08:41 (33.5 MB/s) - `code/../crawls/oodle.com/Privacy-Policy/raw/i.oodleimg.com/sprite/-/tetris/blue-arrow-down.png?v=1358984626' saved [179/179]

--2013-03-23 05:08:41--  http://i.oodleimg.com/sprite/-/tetris/blue-arrow-up.png?v=1358984626
Reusing existing connection to i.oodleimg.com:80.
HTTP request sent, awaiting response... 200 OK
Length: 180 [image/png]
Saving to: `code/../crawls/oodle.com/Privacy-Policy/raw/i.oodleimg.com/sprite/-/tetris/blue-arrow-up.png?v=1358984626'

     0K                                                       100% 33.0M=0s

2013-03-23 05:08:41 (33.0 MB/s) - `code/../crawls/oodle.com/Privacy-Policy/raw/i.oodleimg.com/sprite/-/tetris/blue-arrow-up.png?v=1358984626' saved [180/180]

--2013-03-23 05:08:41--  http://i.oodleimg.com/sprite/-/tetris/white-envelope.png?v=1358984626
Reusing existing connection to i.oodleimg.com:80.
HTTP request sent, awaiting response... 200 OK
Length: 261 [image/png]
Saving to: `code/../crawls/oodle.com/Privacy-Policy/raw/i.oodleimg.com/sprite/-/tetris/white-envelope.png?v=1358984626'

     0K                                                       100% 46.6M=0s

2013-03-23 05:08:41 (46.6 MB/s) - `code/../crawls/oodle.com/Privacy-Policy/raw/i.oodleimg.com/sprite/-/tetris/white-envelope.png?v=1358984626' saved [261/261]

--2013-03-23 05:08:41--  http://i.oodleimg.com/sprite/-/tetris/facebook-icon-small.gif?v=1358984626
Reusing existing connection to i.oodleimg.com:80.
HTTP request sent, awaiting response... 200 OK
Length: 102 [image/gif]
Saving to: `code/../crawls/oodle.com/Privacy-Policy/raw/i.oodleimg.com/sprite/-/tetris/facebook-icon-small.gif?v=1358984626'

     0K                                                       100% 18.6M=0s

2013-03-23 05:08:41 (18.6 MB/s) - `code/../crawls/oodle.com/Privacy-Policy/raw/i.oodleimg.com/sprite/-/tetris/facebook-icon-small.gif?v=1358984626' saved [102/102]

--2013-03-23 05:08:41--  http://i.oodleimg.com/partners/facebook/a/arrow_right_blue_small.gif
Reusing existing connection to i.oodleimg.com:80.
HTTP request sent, awaiting response... 200 OK
Length: 49 [image/gif]
Saving to: `code/../crawls/oodle.com/Privacy-Policy/raw/i.oodleimg.com/partners/facebook/a/arrow_right_blue_small.gif'

     0K                                                       100% 8.96M=0s

2013-03-23 05:08:41 (8.96 MB/s) - `code/../crawls/oodle.com/Privacy-Policy/raw/i.oodleimg.com/partners/facebook/a/arrow_right_blue_small.gif' saved [49/49]

--2013-03-23 05:08:41--  http://i.oodleimg.com/a/fb-comment-icon.png
Reusing existing connection to i.oodleimg.com:80.
HTTP request sent, awaiting response... 200 OK
Length: 1257 (1.2K) [image/png]
Saving to: `code/../crawls/oodle.com/Privacy-Policy/raw/i.oodleimg.com/a/fb-comment-icon.png'

     0K .                                                     100%  192M=0s

2013-03-23 05:08:41 (192 MB/s) - `code/../crawls/oodle.com/Privacy-Policy/raw/i.oodleimg.com/a/fb-comment-icon.png' saved [1257/1257]

--2013-03-23 05:08:41--  http://i.oodleimg.com/a/respond.png
Reusing existing connection to i.oodleimg.com:80.
HTTP request sent, awaiting response... 200 OK
Length: 1923 (1.9K) [image/png]
Saving to: `code/../crawls/oodle.com/Privacy-Policy/raw/i.oodleimg.com/a/respond.png'

     0K .                                                     100%  289M=0s

2013-03-23 05:08:41 (289 MB/s) - `code/../crawls/oodle.com/Privacy-Policy/raw/i.oodleimg.com/a/respond.png' saved [1923/1923]

--2013-03-23 05:08:41--  http://i.oodleimg.com/o2/fraud_icon_wide.gif
Reusing existing connection to i.oodleimg.com:80.
HTTP request sent, awaiting response... 200 OK
Length: 1716 (1.7K) [image/gif]
Saving to: `code/../crawls/oodle.com/Privacy-Policy/raw/i.oodleimg.com/o2/fraud_icon_wide.gif'

     0K .                                                     100%  247M=0s

2013-03-23 05:08:41 (247 MB/s) - `code/../crawls/oodle.com/Privacy-Policy/raw/i.oodleimg.com/o2/fraud_icon_wide.gif' saved [1716/1716]

--2013-03-23 05:08:41--  http://i.oodleimg.com/a/quote.gif
Reusing existing connection to i.oodleimg.com:80.
HTTP request sent, awaiting response... 200 OK
Length: 162 [image/gif]
Saving to: `code/../crawls/oodle.com/Privacy-Policy/raw/i.oodleimg.com/a/quote.gif'

     0K                                                       100% 30.5M=0s

2013-03-23 05:08:41 (30.5 MB/s) - `code/../crawls/oodle.com/Privacy-Policy/raw/i.oodleimg.com/a/quote.gif' saved [162/162]

--2013-03-23 05:08:41--  http://i.oodleimg.com/a/unquote.gif
Reusing existing connection to i.oodleimg.com:80.
HTTP request sent, awaiting response... 200 OK
Length: 163 [image/gif]
Saving to: `code/../crawls/oodle.com/Privacy-Policy/raw/i.oodleimg.com/a/unquote.gif'

     0K                                                       100% 30.7M=0s

2013-03-23 05:08:41 (30.7 MB/s) - `code/../crawls/oodle.com/Privacy-Policy/raw/i.oodleimg.com/a/unquote.gif' saved [163/163]

--2013-03-23 05:08:41--  http://i.oodleimg.com/mule/images/subnav-tabs-on.png
Reusing existing connection to i.oodleimg.com:80.
HTTP request sent, awaiting response... 200 OK
Length: 297 [image/png]
Saving to: `code/../crawls/oodle.com/Privacy-Policy/raw/i.oodleimg.com/mule/images/subnav-tabs-on.png'

     0K                                                       100% 57.1M=0s

2013-03-23 05:08:41 (57.1 MB/s) - `code/../crawls/oodle.com/Privacy-Policy/raw/i.oodleimg.com/mule/images/subnav-tabs-on.png' saved [297/297]

--2013-03-23 05:08:41--  http://i.oodleimg.com/mule/images/subnav-tabs-off.png
Reusing existing connection to i.oodleimg.com:80.
HTTP request sent, awaiting response... 200 OK
Length: 314 [image/png]
Saving to: `code/../crawls/oodle.com/Privacy-Policy/raw/i.oodleimg.com/mule/images/subnav-tabs-off.png'

     0K                                                       100% 60.1M=0s

2013-03-23 05:08:41 (60.1 MB/s) - `code/../crawls/oodle.com/Privacy-Policy/raw/i.oodleimg.com/mule/images/subnav-tabs-off.png' saved [314/314]

--2013-03-23 05:08:41--  http://i.oodleimg.com/a/bubble.gif
Reusing existing connection to i.oodleimg.com:80.
HTTP request sent, awaiting response... 200 OK
Length: 2114 (2.1K) [image/gif]
Saving to: `code/../crawls/oodle.com/Privacy-Policy/raw/i.oodleimg.com/a/bubble.gif'

     0K ..                                                    100%  324M=0s

2013-03-23 05:08:41 (324 MB/s) - `code/../crawls/oodle.com/Privacy-Policy/raw/i.oodleimg.com/a/bubble.gif' saved [2114/2114]

--2013-03-23 05:08:41--  http://i.oodleimg.com/a/info/thumb.gif
Reusing existing connection to i.oodleimg.com:80.
HTTP request sent, awaiting response... 200 OK
Length: 1953 (1.9K) [image/gif]
Saving to: `code/../crawls/oodle.com/Privacy-Policy/raw/i.oodleimg.com/a/info/thumb.gif'

     0K .                                                     100%  280M=0s

2013-03-23 05:08:41 (280 MB/s) - `code/../crawls/oodle.com/Privacy-Policy/raw/i.oodleimg.com/a/info/thumb.gif' saved [1953/1953]

--2013-03-23 05:08:41--  http://i.oodleimg.com/mule/images/home/contact_success.jpg
Reusing existing connection to i.oodleimg.com:80.
HTTP request sent, awaiting response... 200 OK
Length: 28478 (28K) [image/jpeg]
Saving to: `code/../crawls/oodle.com/Privacy-Policy/raw/i.oodleimg.com/mule/images/home/contact_success.jpg'

     0K .......... .......... .......                         100% 12.0M=0.002s

2013-03-23 05:08:41 (12.0 MB/s) - `code/../crawls/oodle.com/Privacy-Policy/raw/i.oodleimg.com/mule/images/home/contact_success.jpg' saved [28478/28478]

--2013-03-23 05:08:41--  http://i.oodleimg.com/a/iphoneA.png
Reusing existing connection to i.oodleimg.com:80.
HTTP request sent, awaiting response... 200 OK
Length: 110848 (108K) [image/png]
Saving to: `code/../crawls/oodle.com/Privacy-Policy/raw/i.oodleimg.com/a/iphoneA.png'

     0K .......... .......... .......... .......... .......... 46% 11.4M 0s
    50K .......... .......... .......... .......... .......... 92% 11.1M 0s
   100K ........                                              100% 11.8M=0.009s

2013-03-23 05:08:41 (11.3 MB/s) - `code/../crawls/oodle.com/Privacy-Policy/raw/i.oodleimg.com/a/iphoneA.png' saved [110848/110848]

--2013-03-23 05:08:41--  http://i.oodleimg.com/partners/oodle/a/appstorebadge.png
Reusing existing connection to i.oodleimg.com:80.
HTTP request sent, awaiting response... 200 OK
Length: 11417 (11K) [image/png]
Saving to: `code/../crawls/oodle.com/Privacy-Policy/raw/i.oodleimg.com/partners/oodle/a/appstorebadge.png'

     0K .......... .                                          100% 14.9M=0.001s

2013-03-23 05:08:41 (14.9 MB/s) - `code/../crawls/oodle.com/Privacy-Policy/raw/i.oodleimg.com/partners/oodle/a/appstorebadge.png' saved [11417/11417]

--2013-03-23 05:08:41--  http://i.oodleimg.com/partners/oodle/a/android-developer-logo.png
Reusing existing connection to i.oodleimg.com:80.
HTTP request sent, awaiting response... 200 OK
Length: 5068 (4.9K) [image/png]
Saving to: `code/../crawls/oodle.com/Privacy-Policy/raw/i.oodleimg.com/partners/oodle/a/android-developer-logo.png'

     0K ....                                                  100% 20.7M=0s

2013-03-23 05:08:41 (20.7 MB/s) - `code/../crawls/oodle.com/Privacy-Policy/raw/i.oodleimg.com/partners/oodle/a/android-developer-logo.png' saved [5068/5068]

FINISHED --2013-03-23 05:08:41--
Total wall clock time: 1.0s
Downloaded: 88 files, 2.2M in 0.2s (9.75 MB/s)
Converting code/../crawls/oodle.com/Privacy-Policy/raw/www.oodle.com/info/privacy/index.html... 12-1
Converting code/../crawls/oodle.com/Privacy-Policy/raw/i.oodleimg.com/caml/basic/1363372102/index.html.css... 369-0
Converting code/../crawls/oodle.com/Privacy-Policy/raw/i.oodleimg.com/caml/info/1360704412/index.html.css... 16-0
Converted 3 files in 0.01 seconds.
