--2012-10-22 05:19:26--  http://www.tumblr.com/policy/en/privacy
Resolving www.tumblr.com... 66.6.32.149
Connecting to www.tumblr.com|66.6.32.149|:80... connected.
HTTP request sent, awaiting response... 200 OK
Length: unspecified [text/html]
Saving to: `code/../crawls/tumblr.com/Privacy-Policy/raw/www.tumblr.com/policy/en/privacy.html'

     0K .......... .......... .......... .......... .           262K=0.2s

2012-10-22 05:19:26 (262 KB/s) - `code/../crawls/tumblr.com/Privacy-Policy/raw/www.tumblr.com/policy/en/privacy.html' saved [42101]

--2012-10-22 05:19:26--  http://assets.tumblr.com/stylesheets/compressed/global.css?35df738503f26ebbb31264be83b73a04
Resolving assets.tumblr.com... 23.61.194.35, 23.61.194.48
Connecting to assets.tumblr.com|23.61.194.35|:80... connected.
HTTP request sent, awaiting response... 200 OK
Length: unspecified [text/css]
Saving to: `code/../crawls/tumblr.com/Privacy-Policy/raw/assets.tumblr.com/stylesheets/compressed/global.css?35df738503f26ebbb31264be83b73a04.css'

     0K .......... .......... .......... .......... .......... 5.16M
    50K .......... .......... ..........                       10.5M=0.01s

2012-10-22 05:19:26 (6.38 MB/s) - `code/../crawls/tumblr.com/Privacy-Policy/raw/assets.tumblr.com/stylesheets/compressed/global.css?35df738503f26ebbb31264be83b73a04.css' saved [82153]

--2012-10-22 05:19:26--  http://assets.tumblr.com/stylesheets/compressed/onboarding.css?0efcd380727334b3ea8f8f491ceef3a2
Reusing existing connection to assets.tumblr.com:80.
HTTP request sent, awaiting response... 200 OK
Length: 28564 (28K) [text/css]
Saving to: `code/../crawls/tumblr.com/Privacy-Policy/raw/assets.tumblr.com/stylesheets/compressed/onboarding.css?0efcd380727334b3ea8f8f491ceef3a2.css'

     0K .......... .......... .......                         100% 12.2M=0.002s

2012-10-22 05:19:26 (12.2 MB/s) - `code/../crawls/tumblr.com/Privacy-Policy/raw/assets.tumblr.com/stylesheets/compressed/onboarding.css?0efcd380727334b3ea8f8f491ceef3a2.css' saved [28564/28564]

--2012-10-22 05:19:26--  http://assets.tumblr.com/stylesheets/compressed/corp.css?a25c2f5df4bce2839648e9553c3aeec2
Reusing existing connection to assets.tumblr.com:80.
HTTP request sent, awaiting response... 200 OK
Length: 29386 (29K) [text/css]
Saving to: `code/../crawls/tumblr.com/Privacy-Policy/raw/assets.tumblr.com/stylesheets/compressed/corp.css?a25c2f5df4bce2839648e9553c3aeec2.css'

     0K .......... .......... ........                        100% 12.1M=0.002s

2012-10-22 05:19:26 (12.1 MB/s) - `code/../crawls/tumblr.com/Privacy-Policy/raw/assets.tumblr.com/stylesheets/compressed/corp.css?a25c2f5df4bce2839648e9553c3aeec2.css' saved [29386/29386]

--2012-10-22 05:19:26--  http://assets.tumblr.com/stylesheets/compressed/legal.css?e7c95155f8b971cc958a1ba5895fab9f
Reusing existing connection to assets.tumblr.com:80.
HTTP request sent, awaiting response... 200 OK
Length: 862 [text/css]
Saving to: `code/../crawls/tumblr.com/Privacy-Policy/raw/assets.tumblr.com/stylesheets/compressed/legal.css?e7c95155f8b971cc958a1ba5895fab9f.css'

     0K                                                       100%  142M=0s

2012-10-22 05:19:26 (142 MB/s) - `code/../crawls/tumblr.com/Privacy-Policy/raw/assets.tumblr.com/stylesheets/compressed/legal.css?e7c95155f8b971cc958a1ba5895fab9f.css' saved [862/862]

--2012-10-22 05:19:26--  http://assets.tumblr.com/languages/strings/en_US.js?1065
Reusing existing connection to assets.tumblr.com:80.
HTTP request sent, awaiting response... 200 OK
Length: 1906 (1.9K) [application/x-javascript]
Saving to: `code/../crawls/tumblr.com/Privacy-Policy/raw/assets.tumblr.com/languages/strings/en_US.js?1065'

     0K .                                                     100%  255M=0s

2012-10-22 05:19:26 (255 MB/s) - `code/../crawls/tumblr.com/Privacy-Policy/raw/assets.tumblr.com/languages/strings/en_US.js?1065' saved [1906/1906]

--2012-10-22 05:19:26--  http://assets.tumblr.com/javascript/jquery_with_plugins.js?ffc14e3fc86ff65cdf86f17e3622f480
Reusing existing connection to assets.tumblr.com:80.
HTTP request sent, awaiting response... 200 OK
Length: unspecified [application/x-javascript]
Saving to: `code/../crawls/tumblr.com/Privacy-Policy/raw/assets.tumblr.com/javascript/jquery_with_plugins.js?ffc14e3fc86ff65cdf86f17e3622f480'

     0K .......... .......... .......... .......... .......... 11.5M
    50K .......... .......... .......... .......... .......... 11.0M
   100K .......... .......... .......... .......... .......... 9.76M
   150K .......... .......... .......... .....                 11.7M=0.02s

2012-10-22 05:19:26 (10.9 MB/s) - `code/../crawls/tumblr.com/Privacy-Policy/raw/assets.tumblr.com/javascript/jquery_with_plugins.js?ffc14e3fc86ff65cdf86f17e3622f480' saved [189534]

--2012-10-22 05:19:26--  http://assets.tumblr.com/javascript/prototype_and_effects.js?22d3050c3d8a1c333600c2000a6c52ab
Reusing existing connection to assets.tumblr.com:80.
HTTP request sent, awaiting response... 200 OK
Length: unspecified [application/x-javascript]
Saving to: `code/../crawls/tumblr.com/Privacy-Policy/raw/assets.tumblr.com/javascript/prototype_and_effects.js?22d3050c3d8a1c333600c2000a6c52ab'

     0K .......... .......... .......... .......... .......... 11.5M
    50K .......... .......... .......... .......... .......... 9.50M
   100K .......... .......... .......... .......... .......... 9.47M
   150K .......... .......... .......... .......... .......... 11.0M
   200K .......... .......... .......                          10.2M=0.02s

2012-10-22 05:19:26 (10.3 MB/s) - `code/../crawls/tumblr.com/Privacy-Policy/raw/assets.tumblr.com/javascript/prototype_and_effects.js?22d3050c3d8a1c333600c2000a6c52ab' saved [232852]

--2012-10-22 05:19:26--  http://assets.tumblr.com/javascript/application_tumblelog_jquery.js?ad9b38726a5e6477b1adb62ea2740d10
Reusing existing connection to assets.tumblr.com:80.
HTTP request sent, awaiting response... 200 OK
Length: unspecified [application/x-javascript]
Saving to: `code/../crawls/tumblr.com/Privacy-Policy/raw/assets.tumblr.com/javascript/application_tumblelog_jquery.js?ad9b38726a5e6477b1adb62ea2740d10'

     0K .......... .......... .......... .......... .......... 10.6M
    50K .......... .......... .......... ....                  8.80M=0.008s

2012-10-22 05:19:26 (9.76 MB/s) - `code/../crawls/tumblr.com/Privacy-Policy/raw/assets.tumblr.com/javascript/application_tumblelog_jquery.js?ad9b38726a5e6477b1adb62ea2740d10' saved [86691]

--2012-10-22 05:19:26--  http://assets.tumblr.com/javascript/onboarding_build.js?62d2055a79df55309b852ef6ec527785
Reusing existing connection to assets.tumblr.com:80.
HTTP request sent, awaiting response... 200 OK
Length: 11890 (12K) [application/x-javascript]
Saving to: `code/../crawls/tumblr.com/Privacy-Policy/raw/assets.tumblr.com/javascript/onboarding_build.js?62d2055a79df55309b852ef6ec527785'

     0K .......... .                                          100% 14.2M=0.001s

2012-10-22 05:19:26 (14.2 MB/s) - `code/../crawls/tumblr.com/Privacy-Policy/raw/assets.tumblr.com/javascript/onboarding_build.js?62d2055a79df55309b852ef6ec527785' saved [11890/11890]

--2012-10-22 05:19:26--  http://assets.tumblr.com/images/logo.png?alpha&6
Reusing existing connection to assets.tumblr.com:80.
HTTP request sent, awaiting response... 200 OK
Length: 4761 (4.6K) [image/png]
Saving to: `code/../crawls/tumblr.com/Privacy-Policy/raw/assets.tumblr.com/images/logo.png?alpha&6'

     0K ....                                                  100% 30.7M=0s

2012-10-22 05:19:26 (30.7 MB/s) - `code/../crawls/tumblr.com/Privacy-Policy/raw/assets.tumblr.com/images/logo.png?alpha&6' saved [4761/4761]

--2012-10-22 05:19:26--  https://www.google.com/recaptcha/api/js/recaptcha_ajax.js
Resolving www.google.com... 173.194.78.106, 173.194.78.147, 173.194.78.99, ...
Connecting to www.google.com|173.194.78.106|:443... connected.
HTTP request sent, awaiting response... 200 OK
Length: unspecified [application/x-javascript]
Saving to: `code/../crawls/tumblr.com/Privacy-Policy/raw/www.google.com/recaptcha/api/js/recaptcha_ajax.js'

     0K .......... .......... .......... .......... ..........  169K
    50K .......... .......... ..                                564K=0.3s

2012-10-22 05:19:27 (215 KB/s) - `code/../crawls/tumblr.com/Privacy-Policy/raw/www.google.com/recaptcha/api/js/recaptcha_ajax.js' saved [74207]

--2012-10-22 05:19:27--  http://assets.tumblr.com/images/content_top.png?alpha
Connecting to assets.tumblr.com|23.61.194.35|:80... connected.
HTTP request sent, awaiting response... 200 OK
Length: 1326 (1.3K) [image/png]
Saving to: `code/../crawls/tumblr.com/Privacy-Policy/raw/assets.tumblr.com/images/content_top.png?alpha'

     0K .                                                     100%  166M=0s

2012-10-22 05:19:27 (166 MB/s) - `code/../crawls/tumblr.com/Privacy-Policy/raw/assets.tumblr.com/images/content_top.png?alpha' saved [1326/1326]

--2012-10-22 05:19:27--  http://assets.tumblr.com/images/content_bottom.png?alpha
Reusing existing connection to assets.tumblr.com:80.
HTTP request sent, awaiting response... 200 OK
Length: 1442 (1.4K) [image/png]
Saving to: `code/../crawls/tumblr.com/Privacy-Policy/raw/assets.tumblr.com/images/content_bottom.png?alpha'

     0K .                                                     100%  215M=0s

2012-10-22 05:19:27 (215 MB/s) - `code/../crawls/tumblr.com/Privacy-Policy/raw/assets.tumblr.com/images/content_bottom.png?alpha' saved [1442/1442]

--2012-10-22 05:19:27--  http://edge.quantserve.com/quant.js
Resolving edge.quantserve.com... 64.94.107.15, 64.94.107.16, 64.94.107.19, ...
Connecting to edge.quantserve.com|64.94.107.15|:80... connected.
HTTP request sent, awaiting response... 200 OK
Length: 5670 (5.5K) [application/x-javascript]
Saving to: `code/../crawls/tumblr.com/Privacy-Policy/raw/edge.quantserve.com/quant.js'

     0K .....                                                 100%  526K=0.01s

2012-10-22 05:19:27 (526 KB/s) - `code/../crawls/tumblr.com/Privacy-Policy/raw/edge.quantserve.com/quant.js' saved [5670/5670]

--2012-10-22 05:19:27--  http://pixel.quantserve.com/pixel/p-19UtqE8ngoZbM.gif
Resolving pixel.quantserve.com... 64.94.107.17, 64.94.107.18, 64.94.107.27, ...
Connecting to pixel.quantserve.com|64.94.107.17|:80... connected.
HTTP request sent, awaiting response... 200 OK
Length: 35 [image/gif]
Saving to: `code/../crawls/tumblr.com/Privacy-Policy/raw/pixel.quantserve.com/pixel/p-19UtqE8ngoZbM.gif'

     0K                                                       100% 5.57M=0s

2012-10-22 05:19:27 (5.57 MB/s) - `code/../crawls/tumblr.com/Privacy-Policy/raw/pixel.quantserve.com/pixel/p-19UtqE8ngoZbM.gif' saved [35/35]

--2012-10-22 05:19:27--  http://assets.tumblr.com/javascript/help_modal_build.js?1065
Reusing existing connection to assets.tumblr.com:80.
HTTP request sent, awaiting response... 200 OK
Length: 16443 (16K) [application/x-javascript]
Saving to: `code/../crawls/tumblr.com/Privacy-Policy/raw/assets.tumblr.com/javascript/help_modal_build.js?1065'

     0K .......... ......                                     100% 4.78M=0.003s

2012-10-22 05:19:27 (4.78 MB/s) - `code/../crawls/tumblr.com/Privacy-Policy/raw/assets.tumblr.com/javascript/help_modal_build.js?1065' saved [16443/16443]

--2012-10-22 05:19:27--  http://assets.tumblr.com/images/background.png?5
Reusing existing connection to assets.tumblr.com:80.
HTTP request sent, awaiting response... 200 OK
Length: 38755 (38K) [image/png]
Saving to: `code/../crawls/tumblr.com/Privacy-Policy/raw/assets.tumblr.com/images/background.png?5'

     0K .......... .......... .......... .......              100% 5.73M=0.006s

2012-10-22 05:19:27 (5.73 MB/s) - `code/../crawls/tumblr.com/Privacy-Policy/raw/assets.tumblr.com/images/background.png?5' saved [38755/38755]

--2012-10-22 05:19:27--  http://assets.tumblr.com/images/input_bg.gif
Reusing existing connection to assets.tumblr.com:80.
HTTP request sent, awaiting response... 200 OK
Length: 63 [image/gif]
Saving to: `code/../crawls/tumblr.com/Privacy-Policy/raw/assets.tumblr.com/images/input_bg.gif'

     0K                                                       100% 11.6M=0s

2012-10-22 05:19:27 (11.6 MB/s) - `code/../crawls/tumblr.com/Privacy-Policy/raw/assets.tumblr.com/images/input_bg.gif' saved [63/63]

--2012-10-22 05:19:27--  http://assets.tumblr.com/images/input_highlight_bg.png
Reusing existing connection to assets.tumblr.com:80.
HTTP request sent, awaiting response... 200 OK
Length: 94 [image/png]
Saving to: `code/../crawls/tumblr.com/Privacy-Policy/raw/assets.tumblr.com/images/input_highlight_bg.png'

     0K                                                       100% 16.0M=0s

2012-10-22 05:19:27 (16.0 MB/s) - `code/../crawls/tumblr.com/Privacy-Policy/raw/assets.tumblr.com/images/input_highlight_bg.png' saved [94/94]

--2012-10-22 05:19:27--  http://assets.tumblr.com/images/dashboard_master_sprite.png?4
Reusing existing connection to assets.tumblr.com:80.
HTTP request sent, awaiting response... 200 OK
Length: 26535 (26K) [image/png]
Saving to: `code/../crawls/tumblr.com/Privacy-Policy/raw/assets.tumblr.com/images/dashboard_master_sprite.png?4'

     0K .......... .......... .....                           100% 7.71M=0.003s

2012-10-22 05:19:27 (7.71 MB/s) - `code/../crawls/tumblr.com/Privacy-Policy/raw/assets.tumblr.com/images/dashboard_master_sprite.png?4' saved [26535/26535]

--2012-10-22 05:19:27--  http://assets.tumblr.com/images/site_notice_bg.png
Reusing existing connection to assets.tumblr.com:80.
HTTP request sent, awaiting response... 200 OK
Length: 127 [image/png]
Saving to: `code/../crawls/tumblr.com/Privacy-Policy/raw/assets.tumblr.com/images/site_notice_bg.png'

     0K                                                       100% 23.2M=0s

2012-10-22 05:19:27 (23.2 MB/s) - `code/../crawls/tumblr.com/Privacy-Policy/raw/assets.tumblr.com/images/site_notice_bg.png' saved [127/127]

--2012-10-22 05:19:27--  http://assets.tumblr.com/images/dashboard_controls/icons_sprite.png?4
Reusing existing connection to assets.tumblr.com:80.
HTTP request sent, awaiting response... 200 OK
Length: 23727 (23K) [image/png]
Saving to: `code/../crawls/tumblr.com/Privacy-Policy/raw/assets.tumblr.com/images/dashboard_controls/icons_sprite.png?4'

     0K .......... .......... ...                             100% 12.6M=0.002s

2012-10-22 05:19:27 (12.6 MB/s) - `code/../crawls/tumblr.com/Privacy-Policy/raw/assets.tumblr.com/images/dashboard_controls/icons_sprite.png?4' saved [23727/23727]

--2012-10-22 05:19:27--  http://assets.tumblr.com/images/content_bg.png
Reusing existing connection to assets.tumblr.com:80.
HTTP request sent, awaiting response... 200 OK
Length: 135 [image/png]
Saving to: `code/../crawls/tumblr.com/Privacy-Policy/raw/assets.tumblr.com/images/content_bg.png'

     0K                                                       100% 25.1M=0s

2012-10-22 05:19:27 (25.1 MB/s) - `code/../crawls/tumblr.com/Privacy-Policy/raw/assets.tumblr.com/images/content_bg.png' saved [135/135]

--2012-10-22 05:19:27--  http://assets.tumblr.com/images/tip_fold.png
Reusing existing connection to assets.tumblr.com:80.
HTTP request sent, awaiting response... 404 Not Found
2012-10-22 05:19:27 ERROR 404: Not Found.

--2012-10-22 05:19:27--  http://assets.tumblr.com/images/big_button_bg.png
Reusing existing connection to assets.tumblr.com:80.
HTTP request sent, awaiting response... 200 OK
Length: 249 [image/png]
Saving to: `code/../crawls/tumblr.com/Privacy-Policy/raw/assets.tumblr.com/images/big_button_bg.png'

     0K                                                       100% 46.2M=0s

2012-10-22 05:19:27 (46.2 MB/s) - `code/../crawls/tumblr.com/Privacy-Policy/raw/assets.tumblr.com/images/big_button_bg.png' saved [249/249]

--2012-10-22 05:19:27--  http://assets.tumblr.com/images/big_red_button_bg.png
Reusing existing connection to assets.tumblr.com:80.
HTTP request sent, awaiting response... 200 OK
Length: 241 [image/png]
Saving to: `code/../crawls/tumblr.com/Privacy-Policy/raw/assets.tumblr.com/images/big_red_button_bg.png'

     0K                                                       100% 43.9M=0s

2012-10-22 05:19:27 (43.9 MB/s) - `code/../crawls/tumblr.com/Privacy-Policy/raw/assets.tumblr.com/images/big_red_button_bg.png' saved [241/241]

--2012-10-22 05:19:27--  http://assets.tumblr.com/images/giant_blue_button_sprite.png
Reusing existing connection to assets.tumblr.com:80.
HTTP request sent, awaiting response... 200 OK
Length: 7516 (7.3K) [image/png]
Saving to: `code/../crawls/tumblr.com/Privacy-Policy/raw/assets.tumblr.com/images/giant_blue_button_sprite.png'

     0K .......                                               100% 15.5M=0s

2012-10-22 05:19:27 (15.5 MB/s) - `code/../crawls/tumblr.com/Privacy-Policy/raw/assets.tumblr.com/images/giant_blue_button_sprite.png' saved [7516/7516]

--2012-10-22 05:19:27--  http://assets.tumblr.com/images/blue_note_fold.png
Reusing existing connection to assets.tumblr.com:80.
HTTP request sent, awaiting response... 200 OK
Length: 309 [image/png]
Saving to: `code/../crawls/tumblr.com/Privacy-Policy/raw/assets.tumblr.com/images/blue_note_fold.png'

     0K                                                       100% 52.4M=0s

2012-10-22 05:19:27 (52.4 MB/s) - `code/../crawls/tumblr.com/Privacy-Policy/raw/assets.tumblr.com/images/blue_note_fold.png' saved [309/309]

--2012-10-22 05:19:27--  http://assets.tumblr.com/images/white_80.png
Reusing existing connection to assets.tumblr.com:80.
HTTP request sent, awaiting response... 200 OK
Length: 70 [image/png]
Saving to: `code/../crawls/tumblr.com/Privacy-Policy/raw/assets.tumblr.com/images/white_80.png'

     0K                                                       100% 12.8M=0s

2012-10-22 05:19:27 (12.8 MB/s) - `code/../crawls/tumblr.com/Privacy-Policy/raw/assets.tumblr.com/images/white_80.png' saved [70/70]

--2012-10-22 05:19:27--  http://assets.tumblr.com/images/standard/header/sprite.png?2
Reusing existing connection to assets.tumblr.com:80.
HTTP request sent, awaiting response... 200 OK
Length: 7551 (7.4K) [image/png]
Saving to: `code/../crawls/tumblr.com/Privacy-Policy/raw/assets.tumblr.com/images/standard/header/sprite.png?2'

     0K .......                                               100% 20.3M=0s

2012-10-22 05:19:27 (20.3 MB/s) - `code/../crawls/tumblr.com/Privacy-Policy/raw/assets.tumblr.com/images/standard/header/sprite.png?2' saved [7551/7551]

--2012-10-22 05:19:27--  http://assets.tumblr.com/images/standard/header/sprite.png?3
Reusing existing connection to assets.tumblr.com:80.
HTTP request sent, awaiting response... 200 OK
Length: 7551 (7.4K) [image/png]
Saving to: `code/../crawls/tumblr.com/Privacy-Policy/raw/assets.tumblr.com/images/standard/header/sprite.png?3'

     0K .......                                               100% 16.7M=0s

2012-10-22 05:19:27 (16.7 MB/s) - `code/../crawls/tumblr.com/Privacy-Policy/raw/assets.tumblr.com/images/standard/header/sprite.png?3' saved [7551/7551]

--2012-10-22 05:19:27--  http://assets.tumblr.com/images/standard/header/all_blogs_menu_sprite.png
Reusing existing connection to assets.tumblr.com:80.
HTTP request sent, awaiting response... 200 OK
Length: 1979 (1.9K) [image/png]
Saving to: `code/../crawls/tumblr.com/Privacy-Policy/raw/assets.tumblr.com/images/standard/header/all_blogs_menu_sprite.png'

     0K .                                                     100%  292M=0s

2012-10-22 05:19:27 (292 MB/s) - `code/../crawls/tumblr.com/Privacy-Policy/raw/assets.tumblr.com/images/standard/header/all_blogs_menu_sprite.png' saved [1979/1979]

--2012-10-22 05:19:27--  http://assets.tumblr.com/images/black_80.png
Reusing existing connection to assets.tumblr.com:80.
HTTP request sent, awaiting response... 200 OK
Length: 68 [image/png]
Saving to: `code/../crawls/tumblr.com/Privacy-Policy/raw/assets.tumblr.com/images/black_80.png'

     0K                                                       100% 13.0M=0s

2012-10-22 05:19:27 (13.0 MB/s) - `code/../crawls/tumblr.com/Privacy-Policy/raw/assets.tumblr.com/images/black_80.png' saved [68/68]

--2012-10-22 05:19:27--  http://assets.tumblr.com/images/full_page_vignette.png
Reusing existing connection to assets.tumblr.com:80.
HTTP request sent, awaiting response... 200 OK
Length: 11582 (11K) [image/png]
Saving to: `code/../crawls/tumblr.com/Privacy-Policy/raw/assets.tumblr.com/images/full_page_vignette.png'

     0K .......... .                                          100% 13.8M=0.001s

2012-10-22 05:19:27 (13.8 MB/s) - `code/../crawls/tumblr.com/Privacy-Policy/raw/assets.tumblr.com/images/full_page_vignette.png' saved [11582/11582]

--2012-10-22 05:19:27--  http://assets.tumblr.com/images/rgba59-18-118-80.png
Reusing existing connection to assets.tumblr.com:80.
HTTP request sent, awaiting response... 200 OK
Length: 450 [image/png]
Saving to: `code/../crawls/tumblr.com/Privacy-Policy/raw/assets.tumblr.com/images/rgba59-18-118-80.png'

     0K                                                       100% 84.7M=0s

2012-10-22 05:19:27 (84.7 MB/s) - `code/../crawls/tumblr.com/Privacy-Policy/raw/assets.tumblr.com/images/rgba59-18-118-80.png' saved [450/450]

--2012-10-22 05:19:27--  http://assets.tumblr.com/fonts/gibson/gibson-regular.otf
Reusing existing connection to assets.tumblr.com:80.
HTTP request sent, awaiting response... 200 OK
Length: 104732 (102K) [application/octet-stream]
Saving to: `code/../crawls/tumblr.com/Privacy-Policy/raw/assets.tumblr.com/fonts/gibson/gibson-regular.otf'

     0K .......... .......... .......... .......... .......... 48% 10.2M 0s
    50K .......... .......... .......... .......... .......... 97% 10.6M 0s
   100K ..                                                    100% 15.1M=0.01s

2012-10-22 05:19:27 (10.5 MB/s) - `code/../crawls/tumblr.com/Privacy-Policy/raw/assets.tumblr.com/fonts/gibson/gibson-regular.otf' saved [104732/104732]

--2012-10-22 05:19:27--  http://assets.tumblr.com/fonts/gibson/gibson-italic.otf
Reusing existing connection to assets.tumblr.com:80.
HTTP request sent, awaiting response... 200 OK
Length: 110260 (108K) [application/octet-stream]
Saving to: `code/../crawls/tumblr.com/Privacy-Policy/raw/assets.tumblr.com/fonts/gibson/gibson-italic.otf'

     0K .......... .......... .......... .......... .......... 46% 11.3M 0s
    50K .......... .......... .......... .......... .......... 92% 10.9M 0s
   100K .......                                               100% 13.2M=0.009s

2012-10-22 05:19:27 (11.2 MB/s) - `code/../crawls/tumblr.com/Privacy-Policy/raw/assets.tumblr.com/fonts/gibson/gibson-italic.otf' saved [110260/110260]

--2012-10-22 05:19:27--  http://assets.tumblr.com/fonts/gibson/gibson-light.otf
Reusing existing connection to assets.tumblr.com:80.
HTTP request sent, awaiting response... 200 OK
Length: 94584 (92K) [application/octet-stream]
Saving to: `code/../crawls/tumblr.com/Privacy-Policy/raw/assets.tumblr.com/fonts/gibson/gibson-light.otf'

     0K .......... .......... .......... .......... .......... 54% 11.6M 0s
    50K .......... .......... .......... .......... ..        100% 11.1M=0.008s

2012-10-22 05:19:27 (11.3 MB/s) - `code/../crawls/tumblr.com/Privacy-Policy/raw/assets.tumblr.com/fonts/gibson/gibson-light.otf' saved [94584/94584]

--2012-10-22 05:19:27--  http://assets.tumblr.com/fonts/gibson/gibson-lightitalic.otf
Reusing existing connection to assets.tumblr.com:80.
HTTP request sent, awaiting response... 200 OK
Length: 109704 (107K) [application/octet-stream]
Saving to: `code/../crawls/tumblr.com/Privacy-Policy/raw/assets.tumblr.com/fonts/gibson/gibson-lightitalic.otf'

     0K .......... .......... .......... .......... .......... 46% 11.6M 0s
    50K .......... .......... .......... .......... .......... 93% 11.2M 0s
   100K .......                                               100% 13.2M=0.009s

2012-10-22 05:19:27 (11.5 MB/s) - `code/../crawls/tumblr.com/Privacy-Policy/raw/assets.tumblr.com/fonts/gibson/gibson-lightitalic.otf' saved [109704/109704]

--2012-10-22 05:19:27--  http://assets.tumblr.com/fonts/gibson/gibson-semibold.otf
Reusing existing connection to assets.tumblr.com:80.
HTTP request sent, awaiting response... 200 OK
Length: 98532 (96K) [application/octet-stream]
Saving to: `code/../crawls/tumblr.com/Privacy-Policy/raw/assets.tumblr.com/fonts/gibson/gibson-semibold.otf'

     0K .......... .......... .......... .......... .......... 51% 11.3M 0s
    50K .......... .......... .......... .......... ......    100% 11.6M=0.008s

2012-10-22 05:19:27 (11.4 MB/s) - `code/../crawls/tumblr.com/Privacy-Policy/raw/assets.tumblr.com/fonts/gibson/gibson-semibold.otf' saved [98532/98532]

--2012-10-22 05:19:27--  http://assets.tumblr.com/fonts/gibson/gibson-semibolditalic.otf
Reusing existing connection to assets.tumblr.com:80.
HTTP request sent, awaiting response... 200 OK
Length: 103584 (101K) [application/octet-stream]
Saving to: `code/../crawls/tumblr.com/Privacy-Policy/raw/assets.tumblr.com/fonts/gibson/gibson-semibolditalic.otf'

     0K .......... .......... .......... .......... .......... 49% 11.6M 0s
    50K .......... .......... .......... .......... .......... 98% 11.2M 0s
   100K .                                                     100% 35.0M=0.009s

2012-10-22 05:19:27 (11.5 MB/s) - `code/../crawls/tumblr.com/Privacy-Policy/raw/assets.tumblr.com/fonts/gibson/gibson-semibolditalic.otf' saved [103584/103584]

--2012-10-22 05:19:27--  http://assets.tumblr.com/fonts/gibson/gibson-bold.otf
Reusing existing connection to assets.tumblr.com:80.
HTTP request sent, awaiting response... 200 OK
Length: 104972 (103K) [application/octet-stream]
Saving to: `code/../crawls/tumblr.com/Privacy-Policy/raw/assets.tumblr.com/fonts/gibson/gibson-bold.otf'

     0K .......... .......... .......... .......... .......... 48% 8.77M 0s
    50K .......... .......... .......... .......... .......... 97% 9.57M 0s
   100K ..                                                    100% 71.9M=0.01s

2012-10-22 05:19:27 (9.35 MB/s) - `code/../crawls/tumblr.com/Privacy-Policy/raw/assets.tumblr.com/fonts/gibson/gibson-bold.otf' saved [104972/104972]

--2012-10-22 05:19:27--  http://assets.tumblr.com/fonts/gibson/gibson-bolditalic.otf
Reusing existing connection to assets.tumblr.com:80.
HTTP request sent, awaiting response... 200 OK
Length: 104696 (102K) [application/octet-stream]
Saving to: `code/../crawls/tumblr.com/Privacy-Policy/raw/assets.tumblr.com/fonts/gibson/gibson-bolditalic.otf'

     0K .......... .......... .......... .......... .......... 48% 11.3M 0s
    50K .......... .......... .......... .......... .......... 97% 10.6M 0s
   100K ..                                                    100% 4277G=0.009s

2012-10-22 05:19:27 (11.2 MB/s) - `code/../crawls/tumblr.com/Privacy-Policy/raw/assets.tumblr.com/fonts/gibson/gibson-bolditalic.otf' saved [104696/104696]

--2012-10-22 05:19:27--  http://assets.tumblr.com/images/retina/content_bg.png
Reusing existing connection to assets.tumblr.com:80.
HTTP request sent, awaiting response... 200 OK
Length: 184 [image/png]
Saving to: `code/../crawls/tumblr.com/Privacy-Policy/raw/assets.tumblr.com/images/retina/content_bg.png'

     0K                                                       100% 32.5M=0s

2012-10-22 05:19:27 (32.5 MB/s) - `code/../crawls/tumblr.com/Privacy-Policy/raw/assets.tumblr.com/images/retina/content_bg.png' saved [184/184]

--2012-10-22 05:19:27--  http://assets.tumblr.com/images/retina/standard/header/sprite.png
Reusing existing connection to assets.tumblr.com:80.
HTTP request sent, awaiting response... 200 OK
Length: 12864 (13K) [image/png]
Saving to: `code/../crawls/tumblr.com/Privacy-Policy/raw/assets.tumblr.com/images/retina/standard/header/sprite.png'

     0K .......... ..                                         100% 14.8M=0.001s

2012-10-22 05:19:27 (14.8 MB/s) - `code/../crawls/tumblr.com/Privacy-Policy/raw/assets.tumblr.com/images/retina/standard/header/sprite.png' saved [12864/12864]

--2012-10-22 05:19:27--  http://assets.tumblr.com/images/sponsored_badge_sprite.png
Reusing existing connection to assets.tumblr.com:80.
HTTP request sent, awaiting response... 200 OK
Length: 997 [image/png]
Saving to: `code/../crawls/tumblr.com/Privacy-Policy/raw/assets.tumblr.com/images/sponsored_badge_sprite.png'

     0K                                                       100%  173M=0s

2012-10-22 05:19:27 (173 MB/s) - `code/../crawls/tumblr.com/Privacy-Policy/raw/assets.tumblr.com/images/sponsored_badge_sprite.png' saved [997/997]

--2012-10-22 05:19:27--  http://assets.tumblr.com/images/radar_sprite.png?10
Reusing existing connection to assets.tumblr.com:80.
HTTP request sent, awaiting response... 200 OK
Length: 7475 (7.3K) [image/png]
Saving to: `code/../crawls/tumblr.com/Privacy-Policy/raw/assets.tumblr.com/images/radar_sprite.png?10'

     0K .......                                               100% 16.7M=0s

2012-10-22 05:19:27 (16.7 MB/s) - `code/../crawls/tumblr.com/Privacy-Policy/raw/assets.tumblr.com/images/radar_sprite.png?10' saved [7475/7475]

--2012-10-22 05:19:27--  http://assets.tumblr.com/images/radar_sprite_reblog_loading.gif?2
Reusing existing connection to assets.tumblr.com:80.
HTTP request sent, awaiting response... 200 OK
Length: 1953 (1.9K) [image/gif]
Saving to: `code/../crawls/tumblr.com/Privacy-Policy/raw/assets.tumblr.com/images/radar_sprite_reblog_loading.gif?2'

     0K .                                                     100%  293M=0s

2012-10-22 05:19:27 (293 MB/s) - `code/../crawls/tumblr.com/Privacy-Policy/raw/assets.tumblr.com/images/radar_sprite_reblog_loading.gif?2' saved [1953/1953]

--2012-10-22 05:19:27--  http://assets.tumblr.com/images/radar_quote_texture.png?1
Reusing existing connection to assets.tumblr.com:80.
HTTP request sent, awaiting response... 200 OK
Length: 22584 (22K) [image/png]
Saving to: `code/../crawls/tumblr.com/Privacy-Policy/raw/assets.tumblr.com/images/radar_quote_texture.png?1'

     0K .......... .......... ..                              100% 12.8M=0.002s

2012-10-22 05:19:28 (12.8 MB/s) - `code/../crawls/tumblr.com/Privacy-Policy/raw/assets.tumblr.com/images/radar_quote_texture.png?1' saved [22584/22584]

--2012-10-22 05:19:28--  http://assets.tumblr.com/images/texture_recessed.png
Reusing existing connection to assets.tumblr.com:80.
HTTP request sent, awaiting response... 200 OK
Length: 2201 (2.1K) [image/png]
Saving to: `code/../crawls/tumblr.com/Privacy-Policy/raw/assets.tumblr.com/images/texture_recessed.png'

     0K ..                                                    100%  331M=0s

2012-10-22 05:19:28 (331 MB/s) - `code/../crawls/tumblr.com/Privacy-Policy/raw/assets.tumblr.com/images/texture_recessed.png' saved [2201/2201]

--2012-10-22 05:19:28--  http://assets.tumblr.com/images/source_url_gradient_white.png
Reusing existing connection to assets.tumblr.com:80.
HTTP request sent, awaiting response... 200 OK
Length: 96 [image/png]
Saving to: `code/../crawls/tumblr.com/Privacy-Policy/raw/assets.tumblr.com/images/source_url_gradient_white.png'

     0K                                                       100% 17.6M=0s

2012-10-22 05:19:28 (17.6 MB/s) - `code/../crawls/tumblr.com/Privacy-Policy/raw/assets.tumblr.com/images/source_url_gradient_white.png' saved [96/96]

--2012-10-22 05:19:28--  http://assets.tumblr.com/images/tab_notice_nipple.png
Reusing existing connection to assets.tumblr.com:80.
HTTP request sent, awaiting response... 200 OK
Length: 275 [image/png]
Saving to: `code/../crawls/tumblr.com/Privacy-Policy/raw/assets.tumblr.com/images/tab_notice_nipple.png'

     0K                                                       100% 52.2M=0s

2012-10-22 05:19:28 (52.2 MB/s) - `code/../crawls/tumblr.com/Privacy-Policy/raw/assets.tumblr.com/images/tab_notice_nipple.png' saved [275/275]

--2012-10-22 05:19:28--  http://assets.tumblr.com/images/navbar_sprite.png
Reusing existing connection to assets.tumblr.com:80.
HTTP request sent, awaiting response... 200 OK
Length: 1633 (1.6K) [image/png]
Saving to: `code/../crawls/tumblr.com/Privacy-Policy/raw/assets.tumblr.com/images/navbar_sprite.png'

     0K .                                                     100%  245M=0s

2012-10-22 05:19:28 (245 MB/s) - `code/../crawls/tumblr.com/Privacy-Policy/raw/assets.tumblr.com/images/navbar_sprite.png' saved [1633/1633]

--2012-10-22 05:19:28--  http://assets.tumblr.com/images/logo.png?5
Reusing existing connection to assets.tumblr.com:80.
HTTP request sent, awaiting response... 200 OK
Length: 4761 (4.6K) [image/png]
Saving to: `code/../crawls/tumblr.com/Privacy-Policy/raw/assets.tumblr.com/images/logo.png?5'

     0K ....                                                  100% 23.0M=0s

2012-10-22 05:19:28 (23.0 MB/s) - `code/../crawls/tumblr.com/Privacy-Policy/raw/assets.tumblr.com/images/logo.png?5' saved [4761/4761]

--2012-10-22 05:19:28--  http://assets.tumblr.com/images/logo_katakana.png?2
Reusing existing connection to assets.tumblr.com:80.
HTTP request sent, awaiting response... 200 OK
Length: 5925 (5.8K) [image/png]
Saving to: `code/../crawls/tumblr.com/Privacy-Policy/raw/assets.tumblr.com/images/logo_katakana.png?2'

     0K .....                                                 100% 17.7M=0s

2012-10-22 05:19:28 (17.7 MB/s) - `code/../crawls/tumblr.com/Privacy-Policy/raw/assets.tumblr.com/images/logo_katakana.png?2' saved [5925/5925]

--2012-10-22 05:19:28--  http://assets.tumblr.com/images/corp_pages/seal_advanced_robotics.png
Reusing existing connection to assets.tumblr.com:80.
HTTP request sent, awaiting response... 200 OK
Length: 37664 (37K) [image/png]
Saving to: `code/../crawls/tumblr.com/Privacy-Policy/raw/assets.tumblr.com/images/corp_pages/seal_advanced_robotics.png'

     0K .......... .......... .......... ......               100%  183K=0.2s

2012-10-22 05:19:28 (183 KB/s) - `code/../crawls/tumblr.com/Privacy-Policy/raw/assets.tumblr.com/images/corp_pages/seal_advanced_robotics.png' saved [37664/37664]

--2012-10-22 05:19:28--  http://assets.tumblr.com/images/corp_pages/seal_support.png
Reusing existing connection to assets.tumblr.com:80.
HTTP request sent, awaiting response... 200 OK
Length: 36101 (35K) [image/png]
Saving to: `code/../crawls/tumblr.com/Privacy-Policy/raw/assets.tumblr.com/images/corp_pages/seal_support.png'

     0K .......... .......... .......... .....                100%  656K=0.05s

2012-10-22 05:19:28 (656 KB/s) - `code/../crawls/tumblr.com/Privacy-Policy/raw/assets.tumblr.com/images/corp_pages/seal_support.png' saved [36101/36101]

--2012-10-22 05:19:28--  http://assets.tumblr.com/images/corp_pages/seal_engineering.png
Reusing existing connection to assets.tumblr.com:80.
HTTP request sent, awaiting response... 200 OK
Length: 41964 (41K) [image/png]
Saving to: `code/../crawls/tumblr.com/Privacy-Policy/raw/assets.tumblr.com/images/corp_pages/seal_engineering.png'

     0K .......... .......... .......... ..........           100%  798K=0.05s

2012-10-22 05:19:28 (798 KB/s) - `code/../crawls/tumblr.com/Privacy-Policy/raw/assets.tumblr.com/images/corp_pages/seal_engineering.png' saved [41964/41964]

--2012-10-22 05:19:28--  http://assets.tumblr.com/images/corp_pages/seal_design.png
Reusing existing connection to assets.tumblr.com:80.
HTTP request sent, awaiting response... 200 OK
Length: 39785 (39K) [image/png]
Saving to: `code/../crawls/tumblr.com/Privacy-Policy/raw/assets.tumblr.com/images/corp_pages/seal_design.png'

     0K .......... .......... .......... ........             100%  757K=0.05s

2012-10-22 05:19:28 (757 KB/s) - `code/../crawls/tumblr.com/Privacy-Policy/raw/assets.tumblr.com/images/corp_pages/seal_design.png' saved [39785/39785]

--2012-10-22 05:19:28--  http://assets.tumblr.com/images/corp_pages/seal_editorial.png
Reusing existing connection to assets.tumblr.com:80.
HTTP request sent, awaiting response... 200 OK
Length: 36053 (35K) [image/png]
Saving to: `code/../crawls/tumblr.com/Privacy-Policy/raw/assets.tumblr.com/images/corp_pages/seal_editorial.png'

     0K .......... .......... .......... .....                100% 11.7M=0.003s

2012-10-22 05:19:28 (11.7 MB/s) - `code/../crawls/tumblr.com/Privacy-Policy/raw/assets.tumblr.com/images/corp_pages/seal_editorial.png' saved [36053/36053]

--2012-10-22 05:19:28--  http://assets.tumblr.com/images/corp_pages/seal_ops.png
Reusing existing connection to assets.tumblr.com:80.
HTTP request sent, awaiting response... 200 OK
Length: 32935 (32K) [image/png]
Saving to: `code/../crawls/tumblr.com/Privacy-Policy/raw/assets.tumblr.com/images/corp_pages/seal_ops.png'

     0K .......... .......... .......... ..                   100% 12.0M=0.003s

2012-10-22 05:19:28 (12.0 MB/s) - `code/../crawls/tumblr.com/Privacy-Policy/raw/assets.tumblr.com/images/corp_pages/seal_ops.png' saved [32935/32935]

--2012-10-22 05:19:28--  http://assets.tumblr.com/images/corp_pages/seal_mobile.png
Reusing existing connection to assets.tumblr.com:80.
HTTP request sent, awaiting response... 200 OK
Length: 41937 (41K) [image/png]
Saving to: `code/../crawls/tumblr.com/Privacy-Policy/raw/assets.tumblr.com/images/corp_pages/seal_mobile.png'

     0K .......... .......... .......... ..........           100%  807K=0.05s

2012-10-22 05:19:28 (807 KB/s) - `code/../crawls/tumblr.com/Privacy-Policy/raw/assets.tumblr.com/images/corp_pages/seal_mobile.png' saved [41937/41937]

--2012-10-22 05:19:28--  http://assets.tumblr.com/images/corp_pages/seal_community.png
Reusing existing connection to assets.tumblr.com:80.
HTTP request sent, awaiting response... 200 OK
Length: 38216 (37K) [image/png]
Saving to: `code/../crawls/tumblr.com/Privacy-Policy/raw/assets.tumblr.com/images/corp_pages/seal_community.png'

     0K .......... .......... .......... .......              100%  708K=0.05s

2012-10-22 05:19:29 (708 KB/s) - `code/../crawls/tumblr.com/Privacy-Policy/raw/assets.tumblr.com/images/corp_pages/seal_community.png' saved [38216/38216]

--2012-10-22 05:19:29--  http://assets.tumblr.com/images/corp_pages/seal_human_resources.png
Reusing existing connection to assets.tumblr.com:80.
HTTP request sent, awaiting response... 200 OK
Length: 37160 (36K) [image/png]
Saving to: `code/../crawls/tumblr.com/Privacy-Policy/raw/assets.tumblr.com/images/corp_pages/seal_human_resources.png'

     0K .......... .......... .......... ......               100%  717K=0.05s

2012-10-22 05:19:29 (717 KB/s) - `code/../crawls/tumblr.com/Privacy-Policy/raw/assets.tumblr.com/images/corp_pages/seal_human_resources.png' saved [37160/37160]

--2012-10-22 05:19:29--  http://assets.tumblr.com/images/corp_pages/seal_infrastructure.png
Reusing existing connection to assets.tumblr.com:80.
HTTP request sent, awaiting response... 200 OK
Length: 40428 (39K) [image/png]
Saving to: `code/../crawls/tumblr.com/Privacy-Policy/raw/assets.tumblr.com/images/corp_pages/seal_infrastructure.png'

     0K .......... .......... .......... .........            100%  867K=0.05s

2012-10-22 05:19:29 (867 KB/s) - `code/../crawls/tumblr.com/Privacy-Policy/raw/assets.tumblr.com/images/corp_pages/seal_infrastructure.png' saved [40428/40428]

--2012-10-22 05:19:29--  http://assets.tumblr.com/images/corp_pages/seal_business.png
Reusing existing connection to assets.tumblr.com:80.
HTTP request sent, awaiting response... 200 OK
Length: 42222 (41K) [image/png]
Saving to: `code/../crawls/tumblr.com/Privacy-Policy/raw/assets.tumblr.com/images/corp_pages/seal_business.png'

     0K .......... .......... .......... .......... .         100%  818K=0.05s

2012-10-22 05:19:29 (818 KB/s) - `code/../crawls/tumblr.com/Privacy-Policy/raw/assets.tumblr.com/images/corp_pages/seal_business.png' saved [42222/42222]

--2012-10-22 05:19:29--  http://assets.tumblr.com/images/corp_pages/about_rank_badge.png?2
Reusing existing connection to assets.tumblr.com:80.
HTTP request sent, awaiting response... 200 OK
Length: 30469 (30K) [image/png]
Saving to: `code/../crawls/tumblr.com/Privacy-Policy/raw/assets.tumblr.com/images/corp_pages/about_rank_badge.png?2'

     0K .......... .......... .........                       100% 12.2M=0.002s

2012-10-22 05:19:29 (12.2 MB/s) - `code/../crawls/tumblr.com/Privacy-Policy/raw/assets.tumblr.com/images/corp_pages/about_rank_badge.png?2' saved [30469/30469]

--2012-10-22 05:19:29--  http://assets.tumblr.com/images/loading_fff_on_000.gif
Reusing existing connection to assets.tumblr.com:80.
HTTP request sent, awaiting response... 200 OK
Length: 1849 (1.8K) [image/gif]
Saving to: `code/../crawls/tumblr.com/Privacy-Policy/raw/assets.tumblr.com/images/loading_fff_on_000.gif'

     0K .                                                     100%  278M=0s

2012-10-22 05:19:29 (278 MB/s) - `code/../crawls/tumblr.com/Privacy-Policy/raw/assets.tumblr.com/images/loading_fff_on_000.gif' saved [1849/1849]

--2012-10-22 05:19:29--  http://assets.tumblr.com/images/corp_pages/team_avatar_mask.png
Reusing existing connection to assets.tumblr.com:80.
HTTP request sent, awaiting response... 200 OK
Length: 718 [image/png]
Saving to: `code/../crawls/tumblr.com/Privacy-Policy/raw/assets.tumblr.com/images/corp_pages/team_avatar_mask.png'

     0K                                                       100%  120M=0s

2012-10-22 05:19:29 (120 MB/s) - `code/../crawls/tumblr.com/Privacy-Policy/raw/assets.tumblr.com/images/corp_pages/team_avatar_mask.png' saved [718/718]

--2012-10-22 05:19:29--  http://assets.tumblr.com/images/corp_pages/corp_pages_sprite.png
Reusing existing connection to assets.tumblr.com:80.
HTTP request sent, awaiting response... 200 OK
Length: 2770 (2.7K) [image/png]
Saving to: `code/../crawls/tumblr.com/Privacy-Policy/raw/assets.tumblr.com/images/corp_pages/corp_pages_sprite.png'

     0K ..                                                    100% 38.8M=0s

2012-10-22 05:19:29 (38.8 MB/s) - `code/../crawls/tumblr.com/Privacy-Policy/raw/assets.tumblr.com/images/corp_pages/corp_pages_sprite.png' saved [2770/2770]

--2012-10-22 05:19:29--  http://assets.tumblr.com/images/corp_pages/bg_fuzz.png
Reusing existing connection to assets.tumblr.com:80.
HTTP request sent, awaiting response... 200 OK
Length: 42369 (41K) [image/png]
Saving to: `code/../crawls/tumblr.com/Privacy-Policy/raw/assets.tumblr.com/images/corp_pages/bg_fuzz.png'

     0K .......... .......... .......... .......... .         100% 9.63M=0.004s

2012-10-22 05:19:29 (9.63 MB/s) - `code/../crawls/tumblr.com/Privacy-Policy/raw/assets.tumblr.com/images/corp_pages/bg_fuzz.png' saved [42369/42369]

--2012-10-22 05:19:29--  http://assets.tumblr.com/images/corp_pages/press_toc_dots.png
Reusing existing connection to assets.tumblr.com:80.
HTTP request sent, awaiting response... 200 OK
Length: 186 [image/png]
Saving to: `code/../crawls/tumblr.com/Privacy-Policy/raw/assets.tumblr.com/images/corp_pages/press_toc_dots.png'

     0K                                                       100% 35.3M=0s

2012-10-22 05:19:29 (35.3 MB/s) - `code/../crawls/tumblr.com/Privacy-Policy/raw/assets.tumblr.com/images/corp_pages/press_toc_dots.png' saved [186/186]

--2012-10-22 05:19:29--  http://assets.tumblr.com/images/corp_pages/press_investors_sprite.png
Reusing existing connection to assets.tumblr.com:80.
HTTP request sent, awaiting response... 200 OK
Length: 28366 (28K) [image/png]
Saving to: `code/../crawls/tumblr.com/Privacy-Policy/raw/assets.tumblr.com/images/corp_pages/press_investors_sprite.png'

     0K .......... .......... .......                         100% 9.07M=0.003s

2012-10-22 05:19:29 (9.07 MB/s) - `code/../crawls/tumblr.com/Privacy-Policy/raw/assets.tumblr.com/images/corp_pages/press_investors_sprite.png' saved [28366/28366]

--2012-10-22 05:19:29--  http://assets.tumblr.com/images/corp_pages/help_button_search.png
Reusing existing connection to assets.tumblr.com:80.
HTTP request sent, awaiting response... 200 OK
Length: 425 [image/png]
Saving to: `code/../crawls/tumblr.com/Privacy-Policy/raw/assets.tumblr.com/images/corp_pages/help_button_search.png'

     0K                                                       100% 77.3M=0s

2012-10-22 05:19:29 (77.3 MB/s) - `code/../crawls/tumblr.com/Privacy-Policy/raw/assets.tumblr.com/images/corp_pages/help_button_search.png' saved [425/425]

--2012-10-22 05:19:29--  http://assets.tumblr.com/images/corp_pages/help_button_cancel.png
Reusing existing connection to assets.tumblr.com:80.
HTTP request sent, awaiting response... 200 OK
Length: 529 [image/png]
Saving to: `code/../crawls/tumblr.com/Privacy-Policy/raw/assets.tumblr.com/images/corp_pages/help_button_cancel.png'

     0K                                                       100% 98.2M=0s

2012-10-22 05:19:29 (98.2 MB/s) - `code/../crawls/tumblr.com/Privacy-Policy/raw/assets.tumblr.com/images/corp_pages/help_button_cancel.png' saved [529/529]

--2012-10-22 05:19:29--  http://assets.tumblr.com/images/corp_pages/apps_background_gray.png
Reusing existing connection to assets.tumblr.com:80.
HTTP request sent, awaiting response... 200 OK
Length: 251342 (245K) [image/png]
Saving to: `code/../crawls/tumblr.com/Privacy-Policy/raw/assets.tumblr.com/images/corp_pages/apps_background_gray.png'

     0K .......... .......... .......... .......... .......... 20% 11.3M 0s
    50K .......... .......... .......... .......... .......... 40% 10.9M 0s
   100K .......... .......... .......... .......... .......... 61% 10.7M 0s
   150K .......... .......... .......... .......... .......... 81% 9.40M 0s
   200K .......... .......... .......... .......... .....     100% 11.4M=0.02s

2012-10-22 05:19:29 (10.7 MB/s) - `code/../crawls/tumblr.com/Privacy-Policy/raw/assets.tumblr.com/images/corp_pages/apps_background_gray.png' saved [251342/251342]

--2012-10-22 05:19:29--  http://assets.tumblr.com/images/corp_pages/button_texture.png
Reusing existing connection to assets.tumblr.com:80.
HTTP request sent, awaiting response... 200 OK
Length: 15404 (15K) [image/png]
Saving to: `code/../crawls/tumblr.com/Privacy-Policy/raw/assets.tumblr.com/images/corp_pages/button_texture.png'

     0K .......... .....                                      100% 13.9M=0.001s

2012-10-22 05:19:29 (13.9 MB/s) - `code/../crawls/tumblr.com/Privacy-Policy/raw/assets.tumblr.com/images/corp_pages/button_texture.png' saved [15404/15404]

--2012-10-22 05:19:29--  http://assets.tumblr.com/images/dashboard_controls/radar_sprite.png?10
Reusing existing connection to assets.tumblr.com:80.
HTTP request sent, awaiting response... 200 OK
Length: 5900 (5.8K) [image/png]
Saving to: `code/../crawls/tumblr.com/Privacy-Policy/raw/assets.tumblr.com/images/dashboard_controls/radar_sprite.png?10'

     0K .....                                                 100% 18.1M=0s

2012-10-22 05:19:29 (18.1 MB/s) - `code/../crawls/tumblr.com/Privacy-Policy/raw/assets.tumblr.com/images/dashboard_controls/radar_sprite.png?10' saved [5900/5900]

--2012-10-22 05:19:29--  http://assets.tumblr.com/images/corp_pages/about_radar_badge.png
Reusing existing connection to assets.tumblr.com:80.
HTTP request sent, awaiting response... 200 OK
Length: 81360 (79K) [image/png]
Saving to: `code/../crawls/tumblr.com/Privacy-Policy/raw/assets.tumblr.com/images/corp_pages/about_radar_badge.png'

     0K .......... .......... .......... .......... .......... 62% 11.5M 0s
    50K .......... .......... .........                       100% 11.5M=0.007s

2012-10-22 05:19:29 (11.5 MB/s) - `code/../crawls/tumblr.com/Privacy-Policy/raw/assets.tumblr.com/images/corp_pages/about_radar_badge.png' saved [81360/81360]

FINISHED --2012-10-22 05:19:29--
Total wall clock time: 3.6s
Downloaded: 79 files, 2.6M in 1.3s (1.97 MB/s)
Converting code/../crawls/tumblr.com/Privacy-Policy/raw/www.tumblr.com/policy/en/privacy.html... 17-24
Converting code/../crawls/tumblr.com/Privacy-Policy/raw/assets.tumblr.com/stylesheets/compressed/legal.css?e7c95155f8b971cc958a1ba5895fab9f.css... nothing to do.
Converting code/../crawls/tumblr.com/Privacy-Policy/raw/assets.tumblr.com/stylesheets/compressed/global.css?35df738503f26ebbb31264be83b73a04.css... 53-1
Converting code/../crawls/tumblr.com/Privacy-Policy/raw/assets.tumblr.com/stylesheets/compressed/onboarding.css?0efcd380727334b3ea8f8f491ceef3a2.css... 1-0
Converting code/../crawls/tumblr.com/Privacy-Policy/raw/assets.tumblr.com/stylesheets/compressed/corp.css?a25c2f5df4bce2839648e9553c3aeec2.css... 29-0
Converted 5 files in 0.007 seconds.
