--2013-03-09 05:09:15--  http://www.amazon.co.uk/gp/help/customer/display.html/ref=footer_privacy/275-8432607-0971537?ie=UTF8&nodeId=502584
Resolving www.amazon.co.uk... 178.236.6.251
Connecting to www.amazon.co.uk|178.236.6.251|:80... connected.
HTTP request sent, awaiting response... 200 OK
Length: unspecified [text/html]
Saving to: `code/../crawls/amazon.co.uk/Privacy-Policy/raw/www.amazon.co.uk/gp/help/customer/display.html/ref=footer_privacy/275-8432607-0971537?ie=UTF8&nodeId=502584.html'

     0K .......... .......... .......... .......... ..........  153K
    50K .......... .......... .......... .......... ..........  308K
   100K .......... .......... ..........                       8.62M=0.5s

2013-03-09 05:09:16 (264 KB/s) - `code/../crawls/amazon.co.uk/Privacy-Policy/raw/www.amazon.co.uk/gp/help/customer/display.html/ref=footer_privacy/275-8432607-0971537?ie=UTF8&nodeId=502584.html' saved [133355]

--2013-03-09 05:09:16--  http://z-ecx.images-amazon.com/images/G/01/browser-scripts/fruitCSS/GB-combined-755651853._V394866748_.css
Resolving z-ecx.images-amazon.com... 206.160.170.51, 206.160.170.10
Connecting to z-ecx.images-amazon.com|206.160.170.51|:80... connected.
HTTP request sent, awaiting response... 200 OK
Length: 13314 (13K) [text/css]
Saving to: `code/../crawls/amazon.co.uk/Privacy-Policy/raw/z-ecx.images-amazon.com/images/G/01/browser-scripts/fruitCSS/GB-combined-755651853._V394866748_.css'

     0K .......... ...                                        100% 5.50M=0.002s

2013-03-09 05:09:16 (5.50 MB/s) - `code/../crawls/amazon.co.uk/Privacy-Policy/raw/z-ecx.images-amazon.com/images/G/01/browser-scripts/fruitCSS/GB-combined-755651853._V394866748_.css' saved [13314/13314]

--2013-03-09 05:09:16--  http://z-ecx.images-amazon.com/images/G/01/browser-scripts/uk-site-wide-css-beacon/site-wide-8859576433._V1_.css
Reusing existing connection to z-ecx.images-amazon.com:80.
HTTP request sent, awaiting response... 200 OK
Length: unspecified [text/css]
Saving to: `code/../crawls/amazon.co.uk/Privacy-Policy/raw/z-ecx.images-amazon.com/images/G/01/browser-scripts/uk-site-wide-css-beacon/site-wide-8859576433._V1_.css'

     0K .......... .......... .......... ........              7.43M=0.005s

2013-03-09 05:09:16 (7.43 MB/s) - `code/../crawls/amazon.co.uk/Privacy-Policy/raw/z-ecx.images-amazon.com/images/G/01/browser-scripts/uk-site-wide-css-beacon/site-wide-8859576433._V1_.css' saved [39684]

--2013-03-09 05:09:16--  http://z-ecx.images-amazon.com/images/G/01/browser-scripts/wcs-css-buttons/wcs-css-buttons-2172471701._V1_.css
Reusing existing connection to z-ecx.images-amazon.com:80.
HTTP request sent, awaiting response... 200 OK
Length: 17264 (17K) [text/css]
Saving to: `code/../crawls/amazon.co.uk/Privacy-Policy/raw/z-ecx.images-amazon.com/images/G/01/browser-scripts/wcs-css-buttons/wcs-css-buttons-2172471701._V1_.css'

     0K .......... ......                                     100% 13.3M=0.001s

2013-03-09 05:09:16 (13.3 MB/s) - `code/../crawls/amazon.co.uk/Privacy-Policy/raw/z-ecx.images-amazon.com/images/G/01/browser-scripts/wcs-css-buttons/wcs-css-buttons-2172471701._V1_.css' saved [17264/17264]

--2013-03-09 05:09:16--  http://z-ecx.images-amazon.com/images/G/01/browser-scripts/wcs-help-base/wcs-help-base-3688076920._V1_.css
Reusing existing connection to z-ecx.images-amazon.com:80.
HTTP request sent, awaiting response... 200 OK
Length: 19518 (19K) [text/css]
Saving to: `code/../crawls/amazon.co.uk/Privacy-Policy/raw/z-ecx.images-amazon.com/images/G/01/browser-scripts/wcs-help-base/wcs-help-base-3688076920._V1_.css'

     0K .......... .........                                  100% 13.2M=0.001s

2013-03-09 05:09:16 (13.2 MB/s) - `code/../crawls/amazon.co.uk/Privacy-Policy/raw/z-ecx.images-amazon.com/images/G/01/browser-scripts/wcs-help-base/wcs-help-base-3688076920._V1_.css' saved [19518/19518]

--2013-03-09 05:09:16--  http://g-ecx.images-amazon.com/images/G/01/javascripts/lib/popover/images/po_left_17._V248144977_.png
Resolving g-ecx.images-amazon.com... 54.240.166.115, 54.240.166.183, 54.240.166.195, ...
Connecting to g-ecx.images-amazon.com|54.240.166.115|:80... connected.
HTTP request sent, awaiting response... 200 OK
Length: 166 [image/png]
Saving to: `code/../crawls/amazon.co.uk/Privacy-Policy/raw/g-ecx.images-amazon.com/images/G/01/javascripts/lib/popover/images/po_left_17._V248144977_.png'

     0K                                                       100% 26.4M=0s

2013-03-09 05:09:17 (26.4 MB/s) - `code/../crawls/amazon.co.uk/Privacy-Policy/raw/g-ecx.images-amazon.com/images/G/01/javascripts/lib/popover/images/po_left_17._V248144977_.png' saved [166/166]

--2013-03-09 05:09:17--  http://g-ecx.images-amazon.com/images/G/01/javascripts/lib/popover/images/po_right_17._V248144979_.png
Reusing existing connection to g-ecx.images-amazon.com:80.
HTTP request sent, awaiting response... 200 OK
Length: 172 [image/png]
Saving to: `code/../crawls/amazon.co.uk/Privacy-Policy/raw/g-ecx.images-amazon.com/images/G/01/javascripts/lib/popover/images/po_right_17._V248144979_.png'

     0K                                                       100% 30.1M=0s

2013-03-09 05:09:17 (30.1 MB/s) - `code/../crawls/amazon.co.uk/Privacy-Policy/raw/g-ecx.images-amazon.com/images/G/01/javascripts/lib/popover/images/po_right_17._V248144979_.png' saved [172/172]

--2013-03-09 05:09:17--  http://g-ecx.images-amazon.com/images/G/01/javascripts/lib/popover/images/po_top_left._V265110087_.png
Reusing existing connection to g-ecx.images-amazon.com:80.
HTTP request sent, awaiting response... 200 OK
Length: 819 [image/png]
Saving to: `code/../crawls/amazon.co.uk/Privacy-Policy/raw/g-ecx.images-amazon.com/images/G/01/javascripts/lib/popover/images/po_top_left._V265110087_.png'

     0K                                                       100%  139M=0s

2013-03-09 05:09:17 (139 MB/s) - `code/../crawls/amazon.co.uk/Privacy-Policy/raw/g-ecx.images-amazon.com/images/G/01/javascripts/lib/popover/images/po_top_left._V265110087_.png' saved [819/819]

--2013-03-09 05:09:17--  http://g-ecx.images-amazon.com/images/G/01/javascripts/lib/popover/images/po_top_right._V265110087_.png
Reusing existing connection to g-ecx.images-amazon.com:80.
HTTP request sent, awaiting response... 200 OK
Length: 948 [image/png]
Saving to: `code/../crawls/amazon.co.uk/Privacy-Policy/raw/g-ecx.images-amazon.com/images/G/01/javascripts/lib/popover/images/po_top_right._V265110087_.png'

     0K                                                       100%  143M=0s

2013-03-09 05:09:17 (143 MB/s) - `code/../crawls/amazon.co.uk/Privacy-Policy/raw/g-ecx.images-amazon.com/images/G/01/javascripts/lib/popover/images/po_top_right._V265110087_.png' saved [948/948]

--2013-03-09 05:09:17--  http://g-ecx.images-amazon.com/images/G/01/javascripts/lib/popover/images/po_top._V265110086_.png
Reusing existing connection to g-ecx.images-amazon.com:80.
HTTP request sent, awaiting response... 200 OK
Length: 181 [image/png]
Saving to: `code/../crawls/amazon.co.uk/Privacy-Policy/raw/g-ecx.images-amazon.com/images/G/01/javascripts/lib/popover/images/po_top._V265110086_.png'

     0K                                                       100% 30.0M=0s

2013-03-09 05:09:17 (30.0 MB/s) - `code/../crawls/amazon.co.uk/Privacy-Policy/raw/g-ecx.images-amazon.com/images/G/01/javascripts/lib/popover/images/po_top._V265110086_.png' saved [181/181]

--2013-03-09 05:09:17--  http://g-ecx.images-amazon.com/images/G/01/javascripts/lib/popover/images/po_bottom_left._V265110084_.png
Reusing existing connection to g-ecx.images-amazon.com:80.
HTTP request sent, awaiting response... 200 OK
Length: 1154 (1.1K) [image/png]
Saving to: `code/../crawls/amazon.co.uk/Privacy-Policy/raw/g-ecx.images-amazon.com/images/G/01/javascripts/lib/popover/images/po_bottom_left._V265110084_.png'

     0K .                                                     100%  159M=0s

2013-03-09 05:09:17 (159 MB/s) - `code/../crawls/amazon.co.uk/Privacy-Policy/raw/g-ecx.images-amazon.com/images/G/01/javascripts/lib/popover/images/po_bottom_left._V265110084_.png' saved [1154/1154]

--2013-03-09 05:09:17--  http://g-ecx.images-amazon.com/images/G/01/javascripts/lib/popover/images/po_bottom_right._V265110087_.png
Reusing existing connection to g-ecx.images-amazon.com:80.
HTTP request sent, awaiting response... 200 OK
Length: 1142 (1.1K) [image/png]
Saving to: `code/../crawls/amazon.co.uk/Privacy-Policy/raw/g-ecx.images-amazon.com/images/G/01/javascripts/lib/popover/images/po_bottom_right._V265110087_.png'

     0K .                                                     100%  154M=0s

2013-03-09 05:09:18 (154 MB/s) - `code/../crawls/amazon.co.uk/Privacy-Policy/raw/g-ecx.images-amazon.com/images/G/01/javascripts/lib/popover/images/po_bottom_right._V265110087_.png' saved [1142/1142]

--2013-03-09 05:09:18--  http://g-ecx.images-amazon.com/images/G/01/javascripts/lib/popover/images/po_bottom._V265110084_.png
Reusing existing connection to g-ecx.images-amazon.com:80.
HTTP request sent, awaiting response... 200 OK
Length: 210 [image/png]
Saving to: `code/../crawls/amazon.co.uk/Privacy-Policy/raw/g-ecx.images-amazon.com/images/G/01/javascripts/lib/popover/images/po_bottom._V265110084_.png'

     0K                                                       100% 35.4M=0s

2013-03-09 05:09:18 (35.4 MB/s) - `code/../crawls/amazon.co.uk/Privacy-Policy/raw/g-ecx.images-amazon.com/images/G/01/javascripts/lib/popover/images/po_bottom._V265110084_.png' saved [210/210]

--2013-03-09 05:09:18--  http://g-ecx.images-amazon.com/images/G/01/javascripts/lib/popover/images/light/sprite-v._V219326283_.png
Reusing existing connection to g-ecx.images-amazon.com:80.
HTTP request sent, awaiting response... 200 OK
Length: 181 [image/png]
Saving to: `code/../crawls/amazon.co.uk/Privacy-Policy/raw/g-ecx.images-amazon.com/images/G/01/javascripts/lib/popover/images/light/sprite-v._V219326283_.png'

     0K                                                       100% 29.6M=0s

2013-03-09 05:09:18 (29.6 MB/s) - `code/../crawls/amazon.co.uk/Privacy-Policy/raw/g-ecx.images-amazon.com/images/G/01/javascripts/lib/popover/images/light/sprite-v._V219326283_.png' saved [181/181]

--2013-03-09 05:09:18--  http://g-ecx.images-amazon.com/images/G/01/javascripts/lib/popover/images/light/sprite-h._V219326280_.png
Reusing existing connection to g-ecx.images-amazon.com:80.
HTTP request sent, awaiting response... 200 OK
Length: 4359 (4.3K) [image/png]
Saving to: `code/../crawls/amazon.co.uk/Privacy-Policy/raw/g-ecx.images-amazon.com/images/G/01/javascripts/lib/popover/images/light/sprite-h._V219326280_.png'

     0K ....                                                  100% 27.1M=0s

2013-03-09 05:09:18 (27.1 MB/s) - `code/../crawls/amazon.co.uk/Privacy-Policy/raw/g-ecx.images-amazon.com/images/G/01/javascripts/lib/popover/images/light/sprite-h._V219326280_.png' saved [4359/4359]

--2013-03-09 05:09:18--  http://g-ecx.images-amazon.com/images/G/01/javascripts/lib/popover/images/light/sprite-arrow-v._V219326286_.png
Reusing existing connection to g-ecx.images-amazon.com:80.
HTTP request sent, awaiting response... 200 OK
Length: 2407 (2.4K) [image/png]
Saving to: `code/../crawls/amazon.co.uk/Privacy-Policy/raw/g-ecx.images-amazon.com/images/G/01/javascripts/lib/popover/images/light/sprite-arrow-v._V219326286_.png'

     0K ..                                                    100% 33.3M=0s

2013-03-09 05:09:18 (33.3 MB/s) - `code/../crawls/amazon.co.uk/Privacy-Policy/raw/g-ecx.images-amazon.com/images/G/01/javascripts/lib/popover/images/light/sprite-arrow-v._V219326286_.png' saved [2407/2407]

--2013-03-09 05:09:18--  https://amazoncustomerservice.d2.sc.omtrdc.net/b/ss/acsuk-prod/1/H.25.2--NS/0
Resolving amazoncustomerservice.d2.sc.omtrdc.net... 66.235.132.159, 66.235.132.234, 66.235.133.25, ...
Connecting to amazoncustomerservice.d2.sc.omtrdc.net|66.235.132.159|:443... connected.
HTTP request sent, awaiting response... 302 Found
Location: https://amazoncustomerservice.d2.sc.omtrdc.net/b/ss/acsuk-prod/1/H.25.2--NS/0?AQB=1&pccr=true&AQE=1 [following]
--2013-03-09 05:09:18--  https://amazoncustomerservice.d2.sc.omtrdc.net/b/ss/acsuk-prod/1/H.25.2--NS/0?AQB=1&pccr=true&AQE=1
Reusing existing connection to amazoncustomerservice.d2.sc.omtrdc.net:443.
HTTP request sent, awaiting response... 200 OK
Length: 43 [image/gif]
Saving to: `code/../crawls/amazon.co.uk/Privacy-Policy/raw/amazoncustomerservice.d2.sc.omtrdc.net/b/ss/acsuk-prod/1/H.25.2--NS/0'

     0K                                                       100% 36.0M=0s

2013-03-09 05:09:18 (36.0 MB/s) - `code/../crawls/amazon.co.uk/Privacy-Policy/raw/amazoncustomerservice.d2.sc.omtrdc.net/b/ss/acsuk-prod/1/H.25.2--NS/0' saved [43/43]

--2013-03-09 05:09:18--  http://g-ecx.images-amazon.com/images/G/02/gno/beacon/BeaconSprite-UK-02._V397961423_.png
Connecting to g-ecx.images-amazon.com|54.240.166.115|:80... connected.
HTTP request sent, awaiting response... 200 OK
Length: 7446 (7.3K) [image/png]
Saving to: `code/../crawls/amazon.co.uk/Privacy-Policy/raw/g-ecx.images-amazon.com/images/G/02/gno/beacon/BeaconSprite-UK-02._V397961423_.png'

     0K .......                                               100% 44.9K=0.2s

2013-03-09 05:09:19 (44.9 KB/s) - `code/../crawls/amazon.co.uk/Privacy-Policy/raw/g-ecx.images-amazon.com/images/G/02/gno/beacon/BeaconSprite-UK-02._V397961423_.png' saved [7446/7446]

--2013-03-09 05:09:19--  http://g-ecx.images-amazon.com/images/G/02/gno/beacon/nav-pop-h-v2._V147907311_.png
Reusing existing connection to g-ecx.images-amazon.com:80.
HTTP request sent, awaiting response... 200 OK
Length: 1134 (1.1K) [image/png]
Saving to: `code/../crawls/amazon.co.uk/Privacy-Policy/raw/g-ecx.images-amazon.com/images/G/02/gno/beacon/nav-pop-h-v2._V147907311_.png'

     0K .                                                     100%  160M=0s

2013-03-09 05:09:19 (160 MB/s) - `code/../crawls/amazon.co.uk/Privacy-Policy/raw/g-ecx.images-amazon.com/images/G/02/gno/beacon/nav-pop-h-v2._V147907311_.png' saved [1134/1134]

--2013-03-09 05:09:19--  http://g-ecx.images-amazon.com/images/G/02/gno/beacon/nav-pop-v-v2._V147907310_.png
Reusing existing connection to g-ecx.images-amazon.com:80.
HTTP request sent, awaiting response... 200 OK
Length: 1827 (1.8K) [image/png]
Saving to: `code/../crawls/amazon.co.uk/Privacy-Policy/raw/g-ecx.images-amazon.com/images/G/02/gno/beacon/nav-pop-v-v2._V147907310_.png'

     0K .                                                     100%  238M=0s

2013-03-09 05:09:19 (238 MB/s) - `code/../crawls/amazon.co.uk/Privacy-Policy/raw/g-ecx.images-amazon.com/images/G/02/gno/beacon/nav-pop-v-v2._V147907310_.png' saved [1827/1827]

--2013-03-09 05:09:19--  http://g-ecx.images-amazon.com/images/G/02/gno/beacon/nav-pop-8bit-h._V147907309_.png
Reusing existing connection to g-ecx.images-amazon.com:80.
HTTP request sent, awaiting response... 200 OK
Length: 219 [image/png]
Saving to: `code/../crawls/amazon.co.uk/Privacy-Policy/raw/g-ecx.images-amazon.com/images/G/02/gno/beacon/nav-pop-8bit-h._V147907309_.png'

     0K                                                       100% 37.2M=0s

2013-03-09 05:09:19 (37.2 MB/s) - `code/../crawls/amazon.co.uk/Privacy-Policy/raw/g-ecx.images-amazon.com/images/G/02/gno/beacon/nav-pop-8bit-h._V147907309_.png' saved [219/219]

--2013-03-09 05:09:19--  http://g-ecx.images-amazon.com/images/G/02/gno/beacon/nav-pop-8bit-v._V147907308_.png
Reusing existing connection to g-ecx.images-amazon.com:80.
HTTP request sent, awaiting response... 200 OK
Length: 302 [image/png]
Saving to: `code/../crawls/amazon.co.uk/Privacy-Policy/raw/g-ecx.images-amazon.com/images/G/02/gno/beacon/nav-pop-8bit-v._V147907308_.png'

     0K                                                       100% 48.5M=0s

2013-03-09 05:09:19 (48.5 MB/s) - `code/../crawls/amazon.co.uk/Privacy-Policy/raw/g-ecx.images-amazon.com/images/G/02/gno/beacon/nav-pop-8bit-v._V147907308_.png' saved [302/302]

--2013-03-09 05:09:19--  http://g-ecx.images-amazon.com/images/G/02/javascripts/lib/popover/images/snake._V192252891_.gif
Reusing existing connection to g-ecx.images-amazon.com:80.
HTTP request sent, awaiting response... 200 OK
Length: 1698 (1.7K) [image/gif]
Saving to: `code/../crawls/amazon.co.uk/Privacy-Policy/raw/g-ecx.images-amazon.com/images/G/02/javascripts/lib/popover/images/snake._V192252891_.gif'

     0K .                                                     100%  213M=0s

2013-03-09 05:09:20 (213 MB/s) - `code/../crawls/amazon.co.uk/Privacy-Policy/raw/g-ecx.images-amazon.com/images/G/02/javascripts/lib/popover/images/snake._V192252891_.gif' saved [1698/1698]

--2013-03-09 05:09:20--  http://g-ecx.images-amazon.com/images/G/02/nav2/images/gui/beacon-sprite.png
Reusing existing connection to g-ecx.images-amazon.com:80.
HTTP request sent, awaiting response... 404 Not Found
2013-03-09 05:09:20 ERROR 404: Not Found.

--2013-03-09 05:09:20--  http://g-ecx.images-amazon.com/images/G/02/x-locale/common/transparent-pixel._V167145160_.gif
Reusing existing connection to g-ecx.images-amazon.com:80.
HTTP request sent, awaiting response... 200 OK
Length: 43 [image/gif]
Saving to: `code/../crawls/amazon.co.uk/Privacy-Policy/raw/g-ecx.images-amazon.com/images/G/02/x-locale/common/transparent-pixel._V167145160_.gif'

     0K                                                       100% 6.99M=0s

2013-03-09 05:09:20 (6.99 MB/s) - `code/../crawls/amazon.co.uk/Privacy-Policy/raw/g-ecx.images-amazon.com/images/G/02/x-locale/common/transparent-pixel._V167145160_.gif' saved [43/43]

--2013-03-09 05:09:20--  http://g-ecx.images-amazon.com/images/G/02/gc/2013/events/mothersd/mothers-day-swmsB._V373637941_.png
Reusing existing connection to g-ecx.images-amazon.com:80.
HTTP request sent, awaiting response... 200 OK
Length: 8151 (8.0K) [image/png]
Saving to: `code/../crawls/amazon.co.uk/Privacy-Policy/raw/g-ecx.images-amazon.com/images/G/02/gc/2013/events/mothersd/mothers-day-swmsB._V373637941_.png'

     0K .......                                               100% 21.0M=0s

2013-03-09 05:09:20 (21.0 MB/s) - `code/../crawls/amazon.co.uk/Privacy-Policy/raw/g-ecx.images-amazon.com/images/G/02/gc/2013/events/mothersd/mothers-day-swmsB._V373637941_.png' saved [8151/8151]

--2013-03-09 05:09:20--  http://ecx.images-amazon.com/images/G/02/x-locale/common/transparent-pixel._V167145160_.gif
Resolving ecx.images-amazon.com... 54.240.166.23, 54.240.166.75, 54.240.166.143, ...
Connecting to ecx.images-amazon.com|54.240.166.23|:80... connected.
HTTP request sent, awaiting response... 200 OK
Length: 43 [image/gif]
Saving to: `code/../crawls/amazon.co.uk/Privacy-Policy/raw/ecx.images-amazon.com/images/G/02/x-locale/common/transparent-pixel._V167145160_.gif'

     0K                                                       100% 6.34M=0s

2013-03-09 05:09:21 (6.34 MB/s) - `code/../crawls/amazon.co.uk/Privacy-Policy/raw/ecx.images-amazon.com/images/G/02/x-locale/common/transparent-pixel._V167145160_.gif' saved [43/43]

--2013-03-09 05:09:21--  http://g-ecx.images-amazon.com/images/G/02/gno/images/general/navAmazonLogoFooter._V152929188_.gif
Connecting to g-ecx.images-amazon.com|54.240.166.115|:80... connected.
HTTP request sent, awaiting response... 200 OK
Length: 1284 (1.3K) [image/gif]
Saving to: `code/../crawls/amazon.co.uk/Privacy-Policy/raw/g-ecx.images-amazon.com/images/G/02/gno/images/general/navAmazonLogoFooter._V152929188_.gif'

     0K .                                                     100%  168M=0s

2013-03-09 05:09:21 (168 MB/s) - `code/../crawls/amazon.co.uk/Privacy-Policy/raw/g-ecx.images-amazon.com/images/G/02/gno/images/general/navAmazonLogoFooter._V152929188_.gif' saved [1284/1284]

The name is too long, 131 chars total.
Trying to shorten...
New name is iu3?d=amazon.co.uk&slot=navFooter&a2=0101ed0c0823d9265abc1c8626d062fda1b20d3d144cf19a88b3ace0357e72d3b178&old_oo=0&cb=136283455.
The name is too long, 131 chars total.
Trying to shorten...
New name is iu3?d=amazon.co.uk&slot=navFooter&a2=0101ed0c0823d9265abc1c8626d062fda1b20d3d144cf19a88b3ace0357e72d3b178&old_oo=0&cb=136283455.
--2013-03-09 05:09:21--  http://aax-eu.amazon-adsystem.com/s/iu3?d=amazon.co.uk&slot=navFooter&a2=0101ed0c0823d9265abc1c8626d062fda1b20d3d144cf19a88b3ace0357e72d3b178&old_oo=0&cb=1362834555884
Resolving aax-eu.amazon-adsystem.com... 178.236.7.137
Connecting to aax-eu.amazon-adsystem.com|178.236.7.137|:80... connected.
HTTP request sent, awaiting response... 302 Moved Temporarily
Location: http://aax-eu.amazon-adsystem.com/s/iu3?d=amazon.co.uk&slot=navFooter&a2=0101ed0c0823d9265abc1c8626d062fda1b20d3d144cf19a88b3ace0357e72d3b178&old_oo=0&cb=1362834555884&dcc=t [following]
The name is too long, 131 chars total.
Trying to shorten...
New name is iu3?d=amazon.co.uk&slot=navFooter&a2=0101ed0c0823d9265abc1c8626d062fda1b20d3d144cf19a88b3ace0357e72d3b178&old_oo=0&cb=136283455.
The name is too long, 131 chars total.
Trying to shorten...
New name is iu3?d=amazon.co.uk&slot=navFooter&a2=0101ed0c0823d9265abc1c8626d062fda1b20d3d144cf19a88b3ace0357e72d3b178&old_oo=0&cb=136283455.
--2013-03-09 05:09:21--  http://aax-eu.amazon-adsystem.com/s/iu3?d=amazon.co.uk&slot=navFooter&a2=0101ed0c0823d9265abc1c8626d062fda1b20d3d144cf19a88b3ace0357e72d3b178&old_oo=0&cb=1362834555884&dcc=t
Connecting to aax-eu.amazon-adsystem.com|178.236.7.137|:80... connected.
HTTP request sent, awaiting response... 200 OK
Length: 224 [text/html]
Saving to: `code/../crawls/amazon.co.uk/Privacy-Policy/raw/aax-eu.amazon-adsystem.com/s/iu3?d=amazon.co.uk&slot=navFooter&a2=0101ed0c0823d9265abc1c8626d062fda1b20d3d144cf19a88b3ace0357e72d3b178&old_oo=0&cb=136283455.html'

     0K                                                       100% 35.1M=0s

2013-03-09 05:09:22 (35.1 MB/s) - `code/../crawls/amazon.co.uk/Privacy-Policy/raw/aax-eu.amazon-adsystem.com/s/iu3?d=amazon.co.uk&slot=navFooter&a2=0101ed0c0823d9265abc1c8626d062fda1b20d3d144cf19a88b3ace0357e72d3b178&old_oo=0&cb=136283455.html' saved [224/224]

--2013-03-09 05:09:22--  http://g-ecx.images-amazon.com/images/G/02/marketing/prime/ev/Sprite_Nav._V399807289_.png
Connecting to g-ecx.images-amazon.com|54.240.166.115|:80... connected.
HTTP request sent, awaiting response... 200 OK
Length: 23362 (23K) [image/png]
Saving to: `code/../crawls/amazon.co.uk/Privacy-Policy/raw/g-ecx.images-amazon.com/images/G/02/marketing/prime/ev/Sprite_Nav._V399807289_.png'

     0K .......... .......... ..                              100% 74.1K=0.3s

2013-03-09 05:09:22 (74.1 KB/s) - `code/../crawls/amazon.co.uk/Privacy-Policy/raw/g-ecx.images-amazon.com/images/G/02/marketing/prime/ev/Sprite_Nav._V399807289_.png' saved [23362/23362]

--2013-03-09 05:09:22--  http://www.amazon.co.uk/gp/help/customer/display.html/ref=footer_privacy/%3C
Connecting to www.amazon.co.uk|178.236.6.251|:80... connected.
HTTP request sent, awaiting response... 302 MovedTemporarily
Location: https://www.amazon.co.uk/gp/help/customer/display.html/ref=footer_privacy/%3C?ie=UTF8&*Version*=1&*entries*=0 [following]
--2013-03-09 05:09:23--  https://www.amazon.co.uk/gp/help/customer/display.html/ref=footer_privacy/%3C?ie=UTF8&*Version*=1&*entries*=0
Connecting to www.amazon.co.uk|178.236.6.251|:443... connected.
HTTP request sent, awaiting response... 302 MovedTemporarily
Location: https://www.amazon.co.uk/gp/help/customer/contact-us [following]
--2013-03-09 05:09:23--  https://www.amazon.co.uk/gp/help/customer/contact-us
Reusing existing connection to www.amazon.co.uk:443.
HTTP request sent, awaiting response... 302 MovedTemporarily
Location: https://www.amazon.co.uk/ap/signin?_encoding=UTF8&openid.assoc_handle=gbflex&openid.claimed_id=http%3A%2F%2Fspecs.openid.net%2Fauth%2F2.0%2Fidentifier_select&openid.identity=http%3A%2F%2Fspecs.openid.net%2Fauth%2F2.0%2Fidentifier_select&openid.mode=checkid_setup&openid.ns=http%3A%2F%2Fspecs.openid.net%2Fauth%2F2.0&openid.ns.pape=http%3A%2F%2Fspecs.openid.net%2Fextensions%2Fpape%2F1.0&openid.pape.max_auth_age=0&openid.return_to=https%3A%2F%2Fwww.amazon.co.uk%2Fgp%2Fhelp%2Fcustomer%2Fcontact-us&pageId=webcs-contactus&siteState=returnAddress%3D%2Fgp%2Fhelp%2Fcustomer%2Fcontact-us%7Cmode%3D%7CtsId%3D%7CinitialIssue%3D%7CorderId%3D%7Clanguage%3Den_GB%7CsicPlan%3D%7CnodeId%3D&suppressSignInRadioButtons=0 [following]
--2013-03-09 05:09:24--  https://www.amazon.co.uk/ap/signin?_encoding=UTF8&openid.assoc_handle=gbflex&openid.claimed_id=http%3A%2F%2Fspecs.openid.net%2Fauth%2F2.0%2Fidentifier_select&openid.identity=http%3A%2F%2Fspecs.openid.net%2Fauth%2F2.0%2Fidentifier_select&openid.mode=checkid_setup&openid.ns=http%3A%2F%2Fspecs.openid.net%2Fauth%2F2.0&openid.ns.pape=http%3A%2F%2Fspecs.openid.net%2Fextensions%2Fpape%2F1.0&openid.pape.max_auth_age=0&openid.return_to=https%3A%2F%2Fwww.amazon.co.uk%2Fgp%2Fhelp%2Fcustomer%2Fcontact-us&pageId=webcs-contactus&siteState=returnAddress%3D%2Fgp%2Fhelp%2Fcustomer%2Fcontact-us%7Cmode%3D%7CtsId%3D%7CinitialIssue%3D%7CorderId%3D%7Clanguage%3Den_GB%7CsicPlan%3D%7CnodeId%3D&suppressSignInRadioButtons=0
Reusing existing connection to www.amazon.co.uk:443.
HTTP request sent, awaiting response... 200 OK
Length: unspecified [text/html]
Saving to: `code/../crawls/amazon.co.uk/Privacy-Policy/raw/www.amazon.co.uk/gp/help/customer/display.html/ref=footer_privacy/<.html'

     0K .......... .......... .......                           167K=0.2s

2013-03-09 05:09:24 (167 KB/s) - `code/../crawls/amazon.co.uk/Privacy-Policy/raw/www.amazon.co.uk/gp/help/customer/display.html/ref=footer_privacy/<.html' saved [27883]

--2013-03-09 05:09:24--  http://z-ecx.images-amazon.com/images/G/01/browser-scripts/site-wide-js-1.7-beacon/site-wide-7769398780._V1_.js
Connecting to z-ecx.images-amazon.com|206.160.170.51|:80... connected.
HTTP request sent, awaiting response... 200 OK
Length: unspecified [application/x-javascript]
Saving to: `code/../crawls/amazon.co.uk/Privacy-Policy/raw/z-ecx.images-amazon.com/images/G/01/browser-scripts/site-wide-js-1.7-beacon/site-wide-7769398780._V1_.js'

     0K .......... .......... .......... .......... .......... 5.92M
    50K .......... .......... .......... .......... .......... 10.7M
   100K .......... .......... .......... .......... .......... 10.4M
   150K .......... .......... .......... .......... .......... 11.0M
   200K .......... .......... .......... .......... ..........  543K
   250K .......... .......... .....                            12.3M=0.1s

2013-03-09 05:09:24 (2.32 MB/s) - `code/../crawls/amazon.co.uk/Privacy-Policy/raw/z-ecx.images-amazon.com/images/G/01/browser-scripts/site-wide-js-1.7-beacon/site-wide-7769398780._V1_.js' saved [282185]

--2013-03-09 05:09:24--  http://www.amazon.co.uk/gp/uedata/280-6139643-1704160?noscript&id=0ZK56D5TX1YHA59935ZC
Connecting to www.amazon.co.uk|178.236.6.251|:80... connected.
HTTP request sent, awaiting response... 200 OK
Length: unspecified [image/gif]
Saving to: `code/../crawls/amazon.co.uk/Privacy-Policy/raw/www.amazon.co.uk/gp/uedata/280-6139643-1704160?noscript&id=0ZK56D5TX1YHA59935ZC'

     0K                                                        4.26M=0s

2013-03-09 05:09:25 (4.26 MB/s) - `code/../crawls/amazon.co.uk/Privacy-Policy/raw/www.amazon.co.uk/gp/uedata/280-6139643-1704160?noscript&id=0ZK56D5TX1YHA59935ZC' saved [43]

--2013-03-09 05:09:25--  http://g-ecx.images-amazon.com/images/G/02/common/sprites/sprite-site-wide._V146303782_.png
Connecting to g-ecx.images-amazon.com|54.240.166.115|:80... connected.
HTTP request sent, awaiting response... 200 OK
Length: 14673 (14K) [image/png]
Saving to: `code/../crawls/amazon.co.uk/Privacy-Policy/raw/g-ecx.images-amazon.com/images/G/02/common/sprites/sprite-site-wide._V146303782_.png'

     0K .......... ....                                       100% 94.3K=0.2s

2013-03-09 05:09:25 (94.3 KB/s) - `code/../crawls/amazon.co.uk/Privacy-Policy/raw/g-ecx.images-amazon.com/images/G/02/common/sprites/sprite-site-wide._V146303782_.png' saved [14673/14673]

--2013-03-09 05:09:25--  http://g-ecx.images-amazon.com/images/G/02/common/sprites/sprite-communities._V164809277_.png
Reusing existing connection to g-ecx.images-amazon.com:80.
HTTP request sent, awaiting response... 200 OK
Length: 30390 (30K) [image/png]
Saving to: `code/../crawls/amazon.co.uk/Privacy-Policy/raw/g-ecx.images-amazon.com/images/G/02/common/sprites/sprite-communities._V164809277_.png'

     0K .......... .......... .........                       100%  193K=0.2s

2013-03-09 05:09:25 (193 KB/s) - `code/../crawls/amazon.co.uk/Privacy-Policy/raw/g-ecx.images-amazon.com/images/G/02/common/sprites/sprite-communities._V164809277_.png' saved [30390/30390]

--2013-03-09 05:09:25--  http://g-ecx.images-amazon.com/images/G/01/ui/loadIndicators/loading-small._V192238939_.gif
Reusing existing connection to g-ecx.images-amazon.com:80.
HTTP request sent, awaiting response... 200 OK
Length: 1338 (1.3K) [image/gif]
Saving to: `code/../crawls/amazon.co.uk/Privacy-Policy/raw/g-ecx.images-amazon.com/images/G/01/ui/loadIndicators/loading-small._V192238939_.gif'

     0K .                                                     100%  185M=0s

2013-03-09 05:09:25 (185 MB/s) - `code/../crawls/amazon.co.uk/Privacy-Policy/raw/g-ecx.images-amazon.com/images/G/01/ui/loadIndicators/loading-small._V192238939_.gif' saved [1338/1338]

--2013-03-09 05:09:25--  http://g-ecx.images-amazon.com/images/G/01/x-locale/personalization/shoveler/left-arrow-semi-rd._V17361814_.gif
Reusing existing connection to g-ecx.images-amazon.com:80.
HTTP request sent, awaiting response... 200 OK
Length: 999 [image/gif]
Saving to: `code/../crawls/amazon.co.uk/Privacy-Policy/raw/g-ecx.images-amazon.com/images/G/01/x-locale/personalization/shoveler/left-arrow-semi-rd._V17361814_.gif'

     0K                                                       100%  110M=0s

2013-03-09 05:09:26 (110 MB/s) - `code/../crawls/amazon.co.uk/Privacy-Policy/raw/g-ecx.images-amazon.com/images/G/01/x-locale/personalization/shoveler/left-arrow-semi-rd._V17361814_.gif' saved [999/999]

--2013-03-09 05:09:26--  http://g-ecx.images-amazon.com/images/G/01/x-locale/personalization/shoveler/right-arrow-semi-rd._V17361809_.gif
Reusing existing connection to g-ecx.images-amazon.com:80.
HTTP request sent, awaiting response... 200 OK
Length: 1008 [image/gif]
Saving to: `code/../crawls/amazon.co.uk/Privacy-Policy/raw/g-ecx.images-amazon.com/images/G/01/x-locale/personalization/shoveler/right-arrow-semi-rd._V17361809_.gif'

     0K                                                       100%  143M=0s

2013-03-09 05:09:26 (143 MB/s) - `code/../crawls/amazon.co.uk/Privacy-Policy/raw/g-ecx.images-amazon.com/images/G/01/x-locale/personalization/shoveler/right-arrow-semi-rd._V17361809_.gif' saved [1008/1008]

--2013-03-09 05:09:26--  http://g-ecx.images-amazon.com/images/G/01/x-locale/personalization/yourstore/box/sliced_box_fill/sliced-box-tbevel._V47082452_.gif
Reusing existing connection to g-ecx.images-amazon.com:80.
HTTP request sent, awaiting response... 200 OK
Length: 332 [image/gif]
Saving to: `code/../crawls/amazon.co.uk/Privacy-Policy/raw/g-ecx.images-amazon.com/images/G/01/x-locale/personalization/yourstore/box/sliced_box_fill/sliced-box-tbevel._V47082452_.gif'

     0K                                                       100% 50.4M=0s

2013-03-09 05:09:27 (50.4 MB/s) - `code/../crawls/amazon.co.uk/Privacy-Policy/raw/g-ecx.images-amazon.com/images/G/01/x-locale/personalization/yourstore/box/sliced_box_fill/sliced-box-tbevel._V47082452_.gif' saved [332/332]

--2013-03-09 05:09:27--  http://g-ecx.images-amazon.com/images/G/01/x-locale/personalization/yourstore/box/sliced_box_fill/sliced-box-tl._V6007502_.gif
Reusing existing connection to g-ecx.images-amazon.com:80.
HTTP request sent, awaiting response... 200 OK
Length: 1178 (1.2K) [image/gif]
Saving to: `code/../crawls/amazon.co.uk/Privacy-Policy/raw/g-ecx.images-amazon.com/images/G/01/x-locale/personalization/yourstore/box/sliced_box_fill/sliced-box-tl._V6007502_.gif'

     0K .                                                     100%  171M=0s

2013-03-09 05:09:27 (171 MB/s) - `code/../crawls/amazon.co.uk/Privacy-Policy/raw/g-ecx.images-amazon.com/images/G/01/x-locale/personalization/yourstore/box/sliced_box_fill/sliced-box-tl._V6007502_.gif' saved [1178/1178]

--2013-03-09 05:09:27--  http://g-ecx.images-amazon.com/images/G/01/x-locale/personalization/yourstore/box/sliced_box_fill/sliced-box-tr._V6007499_.gif
Reusing existing connection to g-ecx.images-amazon.com:80.
HTTP request sent, awaiting response... 200 OK
Length: 1175 (1.1K) [image/gif]
Saving to: `code/../crawls/amazon.co.uk/Privacy-Policy/raw/g-ecx.images-amazon.com/images/G/01/x-locale/personalization/yourstore/box/sliced_box_fill/sliced-box-tr._V6007499_.gif'

     0K .                                                     100%  152M=0s

2013-03-09 05:09:27 (152 MB/s) - `code/../crawls/amazon.co.uk/Privacy-Policy/raw/g-ecx.images-amazon.com/images/G/01/x-locale/personalization/yourstore/box/sliced_box_fill/sliced-box-tr._V6007499_.gif' saved [1175/1175]

--2013-03-09 05:09:27--  http://g-ecx.images-amazon.com/images/G/01/x-locale/personalization/yourstore/box/sliced-box-bl._V47082482_.gif
Reusing existing connection to g-ecx.images-amazon.com:80.
HTTP request sent, awaiting response... 200 OK
Length: 643 [image/gif]
Saving to: `code/../crawls/amazon.co.uk/Privacy-Policy/raw/g-ecx.images-amazon.com/images/G/01/x-locale/personalization/yourstore/box/sliced-box-bl._V47082482_.gif'

     0K                                                       100%  111M=0s

2013-03-09 05:09:27 (111 MB/s) - `code/../crawls/amazon.co.uk/Privacy-Policy/raw/g-ecx.images-amazon.com/images/G/01/x-locale/personalization/yourstore/box/sliced-box-bl._V47082482_.gif' saved [643/643]

--2013-03-09 05:09:27--  http://g-ecx.images-amazon.com/images/G/01/x-locale/personalization/yourstore/box/sliced-box-br._V47062575_.gif
Reusing existing connection to g-ecx.images-amazon.com:80.
HTTP request sent, awaiting response... 200 OK
Length: 642 [image/gif]
Saving to: `code/../crawls/amazon.co.uk/Privacy-Policy/raw/g-ecx.images-amazon.com/images/G/01/x-locale/personalization/yourstore/box/sliced-box-br._V47062575_.gif'

     0K                                                       100%  109M=0s

2013-03-09 05:09:27 (109 MB/s) - `code/../crawls/amazon.co.uk/Privacy-Policy/raw/g-ecx.images-amazon.com/images/G/01/x-locale/personalization/yourstore/box/sliced-box-br._V47062575_.gif' saved [642/642]

--2013-03-09 05:09:27--  http://z-ecx.images-amazon.com/images/G/01/x-locale/cs/css/images/amznbtn-sprite03._V387356454_.png
Connecting to z-ecx.images-amazon.com|206.160.170.51|:80... connected.
HTTP request sent, awaiting response... 200 OK
Length: 43438 (42K) [image/png]
Saving to: `code/../crawls/amazon.co.uk/Privacy-Policy/raw/z-ecx.images-amazon.com/images/G/01/x-locale/cs/css/images/amznbtn-sprite03._V387356454_.png'

     0K .......... .......... .......... .......... ..        100% 5.78M=0.007s

2013-03-09 05:09:27 (5.78 MB/s) - `code/../crawls/amazon.co.uk/Privacy-Policy/raw/z-ecx.images-amazon.com/images/G/01/x-locale/cs/css/images/amznbtn-sprite03._V387356454_.png' saved [43438/43438]

--2013-03-09 05:09:27--  http://z-ecx.images-amazon.com/images/G/01/x-locale/cs/help/sprites/step-arrow.gif
Reusing existing connection to z-ecx.images-amazon.com:80.
HTTP request sent, awaiting response... 200 OK
Length: 49 [image/gif]
Saving to: `code/../crawls/amazon.co.uk/Privacy-Policy/raw/z-ecx.images-amazon.com/images/G/01/x-locale/cs/help/sprites/step-arrow.gif'

     0K                                                       100% 8.69M=0s

2013-03-09 05:09:27 (8.69 MB/s) - `code/../crawls/amazon.co.uk/Privacy-Policy/raw/z-ecx.images-amazon.com/images/G/01/x-locale/cs/help/sprites/step-arrow.gif' saved [49/49]

--2013-03-09 05:09:27--  http://z-ecx.images-amazon.com/images/G/01/x-locale/cs/help/sprites/process_count.gif
Reusing existing connection to z-ecx.images-amazon.com:80.
HTTP request sent, awaiting response... 200 OK
Length: 3845 (3.8K) [image/gif]
Saving to: `code/../crawls/amazon.co.uk/Privacy-Policy/raw/z-ecx.images-amazon.com/images/G/01/x-locale/cs/help/sprites/process_count.gif'

     0K ...                                                   100% 47.3M=0s

2013-03-09 05:09:27 (47.3 MB/s) - `code/../crawls/amazon.co.uk/Privacy-Policy/raw/z-ecx.images-amazon.com/images/G/01/x-locale/cs/help/sprites/process_count.gif' saved [3845/3845]

--2013-03-09 05:09:27--  http://z-ecx.images-amazon.com/images/G/01/x-locale/cs/help/sprites/step-back-arrow.gif
Reusing existing connection to z-ecx.images-amazon.com:80.
HTTP request sent, awaiting response... 200 OK
Length: 49 [image/gif]
Saving to: `code/../crawls/amazon.co.uk/Privacy-Policy/raw/z-ecx.images-amazon.com/images/G/01/x-locale/cs/help/sprites/step-back-arrow.gif'

     0K                                                       100% 9.20M=0s

2013-03-09 05:09:27 (9.20 MB/s) - `code/../crawls/amazon.co.uk/Privacy-Policy/raw/z-ecx.images-amazon.com/images/G/01/x-locale/cs/help/sprites/step-back-arrow.gif' saved [49/49]

--2013-03-09 05:09:27--  http://z-ecx.images-amazon.com/images/G/01/x-locale/cs/help/sprites/main-area.gif
Reusing existing connection to z-ecx.images-amazon.com:80.
HTTP request sent, awaiting response... 200 OK
Length: 112 [image/gif]
Saving to: `code/../crawls/amazon.co.uk/Privacy-Policy/raw/z-ecx.images-amazon.com/images/G/01/x-locale/cs/help/sprites/main-area.gif'

     0K                                                       100% 19.3M=0s

2013-03-09 05:09:27 (19.3 MB/s) - `code/../crawls/amazon.co.uk/Privacy-Policy/raw/z-ecx.images-amazon.com/images/G/01/x-locale/cs/help/sprites/main-area.gif' saved [112/112]

--2013-03-09 05:09:27--  http://z-ecx.images-amazon.com/images/G/01/x-locale/cs/help/sprites/expander.gif
Reusing existing connection to z-ecx.images-amazon.com:80.
HTTP request sent, awaiting response... 200 OK
Length: 385 [image/gif]
Saving to: `code/../crawls/amazon.co.uk/Privacy-Policy/raw/z-ecx.images-amazon.com/images/G/01/x-locale/cs/help/sprites/expander.gif'

     0K                                                       100% 69.6M=0s

2013-03-09 05:09:27 (69.6 MB/s) - `code/../crawls/amazon.co.uk/Privacy-Policy/raw/z-ecx.images-amazon.com/images/G/01/x-locale/cs/help/sprites/expander.gif' saved [385/385]

--2013-03-09 05:09:27--  http://z-ecx.images-amazon.com/images/G/01/x-locale/cs/help/sprites/blue-bar.gif
Reusing existing connection to z-ecx.images-amazon.com:80.
HTTP request sent, awaiting response... 200 OK
Length: 344 [image/gif]
Saving to: `code/../crawls/amazon.co.uk/Privacy-Policy/raw/z-ecx.images-amazon.com/images/G/01/x-locale/cs/help/sprites/blue-bar.gif'

     0K                                                       100% 62.2M=0s

2013-03-09 05:09:27 (62.2 MB/s) - `code/../crawls/amazon.co.uk/Privacy-Policy/raw/z-ecx.images-amazon.com/images/G/01/x-locale/cs/help/sprites/blue-bar.gif' saved [344/344]

--2013-03-09 05:09:27--  http://z-ecx.images-amazon.com/images/G/01/x-locale/cs/help/personalized/help_watermark_clipped.gif
Reusing existing connection to z-ecx.images-amazon.com:80.
HTTP request sent, awaiting response... 200 OK
Length: 5553 (5.4K) [image/gif]
Saving to: `code/../crawls/amazon.co.uk/Privacy-Policy/raw/z-ecx.images-amazon.com/images/G/01/x-locale/cs/help/personalized/help_watermark_clipped.gif'

     0K .....                                                 100% 24.9M=0s

2013-03-09 05:09:27 (24.9 MB/s) - `code/../crawls/amazon.co.uk/Privacy-Policy/raw/z-ecx.images-amazon.com/images/G/01/x-locale/cs/help/personalized/help_watermark_clipped.gif' saved [5553/5553]

--2013-03-09 05:09:27--  http://aax-eu.amazon-adsystem.com/s/v3/pr?a=cm&exlist=g_am_rb-eu_ox_pm
Connecting to aax-eu.amazon-adsystem.com|178.236.7.137|:80... connected.
HTTP request sent, awaiting response... 200 OK
Length: 806 [text/html]
Saving to: `code/../crawls/amazon.co.uk/Privacy-Policy/raw/aax-eu.amazon-adsystem.com/s/v3/pr?a=cm&exlist=g_am_rb-eu_ox_pm.html'

     0K                                                       100%  121M=0s

2013-03-09 05:09:28 (121 MB/s) - `code/../crawls/amazon.co.uk/Privacy-Policy/raw/aax-eu.amazon-adsystem.com/s/v3/pr?a=cm&exlist=g_am_rb-eu_ox_pm.html' saved [806/806]

FINISHED --2013-03-09 05:09:28--
Total wall clock time: 13s
Downloaded: 51 files, 681K in 1.6s (435 KB/s)
Converting code/../crawls/amazon.co.uk/Privacy-Policy/raw/aax-eu.amazon-adsystem.com/s/v3/pr?a=cm&exlist=g_am_rb-eu_ox_pm.html... 0-5
Converting code/../crawls/amazon.co.uk/Privacy-Policy/raw/www.amazon.co.uk/gp/help/customer/display.html/ref=footer_privacy/<.html... 0-7
Converting code/../crawls/amazon.co.uk/Privacy-Policy/raw/aax-eu.amazon-adsystem.com/s/iu3?d=amazon.co.uk&slot=navFooter&a2=0101ed0c0823d9265abc1c8626d062fda1b20d3d144cf19a88b3ace0357e72d3b178&old_oo=0&cb=136283455.html... 1-0
Converting code/../crawls/amazon.co.uk/Privacy-Policy/raw/www.amazon.co.uk/gp/help/customer/display.html/ref=footer_privacy/275-8432607-0971537?ie=UTF8&nodeId=502584.html... 66-170
Converting code/../crawls/amazon.co.uk/Privacy-Policy/raw/z-ecx.images-amazon.com/images/G/01/browser-scripts/uk-site-wide-css-beacon/site-wide-8859576433._V1_.css... 8-0
Converting code/../crawls/amazon.co.uk/Privacy-Policy/raw/z-ecx.images-amazon.com/images/G/01/browser-scripts/wcs-css-buttons/wcs-css-buttons-2172471701._V1_.css... 2-0
Converting code/../crawls/amazon.co.uk/Privacy-Policy/raw/z-ecx.images-amazon.com/images/G/01/browser-scripts/wcs-help-base/wcs-help-base-3688076920._V1_.css... 7-0
Converting code/../crawls/amazon.co.uk/Privacy-Policy/raw/z-ecx.images-amazon.com/images/G/01/browser-scripts/fruitCSS/GB-combined-755651853._V394866748_.css... 3-0
Converted 8 files in 0.01 seconds.
