--2012-12-15 05:14:44--  http://www.webshots.com/page/privacy
Resolving www.webshots.com... 184.169.156.229
Connecting to www.webshots.com|184.169.156.229|:80... connected.
HTTP request sent, awaiting response... 302 Found
Location: http://www.webshots.com/users/sign_in [following]
--2012-12-15 05:14:44--  http://www.webshots.com/users/sign_in
Reusing existing connection to www.webshots.com:80.
HTTP request sent, awaiting response... 200 OK
Length: 2808 (2.7K) [text/html]
Saving to: `code/../crawls/webshots.com/Privacy-Policy/raw/www.webshots.com/page/privacy.html'

     0K ..                                                    100%  248M=0s

2012-12-15 05:14:44 (248 MB/s) - `code/../crawls/webshots.com/Privacy-Policy/raw/www.webshots.com/page/privacy.html' saved [2808/2808]

--2012-12-15 05:14:44--  http://www.webshots.com/assets-pipe/favicon.ico
Reusing existing connection to www.webshots.com:80.
HTTP request sent, awaiting response... 200 OK
Length: 1168 (1.1K) [image/x-icon]
Saving to: `code/../crawls/webshots.com/Privacy-Policy/raw/www.webshots.com/assets-pipe/favicon.ico'

     0K .                                                     100%  163M=0s

2012-12-15 05:14:44 (163 MB/s) - `code/../crawls/webshots.com/Privacy-Policy/raw/www.webshots.com/assets-pipe/favicon.ico' saved [1168/1168]

--2012-12-15 05:14:44--  http://www.webshots.com/assets-pipe/bootstrap_and_overrides-4544eaa527649f51031cd00b6a2ef0a2.css
Reusing existing connection to www.webshots.com:80.
HTTP request sent, awaiting response... 200 OK
Length: 201863 (197K) [text/css]
Saving to: `code/../crawls/webshots.com/Privacy-Policy/raw/www.webshots.com/assets-pipe/bootstrap_and_overrides-4544eaa527649f51031cd00b6a2ef0a2.css'

     0K .......... .......... .......... .......... .......... 25% 2.52M 0s
    50K .......... .......... .......... .......... .......... 50% 3.44M 0s
   100K .......... .......... .......... .......... .......... 76% 3.71M 0s
   150K .......... .......... .......... .......... .......   100% 3.90M=0.06s

2012-12-15 05:14:44 (3.29 MB/s) - `code/../crawls/webshots.com/Privacy-Policy/raw/www.webshots.com/assets-pipe/bootstrap_and_overrides-4544eaa527649f51031cd00b6a2ef0a2.css' saved [201863/201863]

--2012-12-15 05:14:44--  http://www.webshots.com/assets-pipe/minimum-3d9d17b3fd5cb383e6798cb1dc0ecfa7.css
Reusing existing connection to www.webshots.com:80.
HTTP request sent, awaiting response... 200 OK
Length: 642 [text/css]
Saving to: `code/../crawls/webshots.com/Privacy-Policy/raw/www.webshots.com/assets-pipe/minimum-3d9d17b3fd5cb383e6798cb1dc0ecfa7.css'

     0K                                                       100%  117M=0s

2012-12-15 05:14:44 (117 MB/s) - `code/../crawls/webshots.com/Privacy-Policy/raw/www.webshots.com/assets-pipe/minimum-3d9d17b3fd5cb383e6798cb1dc0ecfa7.css' saved [642/642]

--2012-12-15 05:14:44--  http://www.webshots.com/assets-pipe/application-9eeb46b06d267ecc83d87f55926efeb7.js
Reusing existing connection to www.webshots.com:80.
HTTP request sent, awaiting response... 200 OK
Length: 418734 (409K) [application/x-javascript]
Saving to: `code/../crawls/webshots.com/Privacy-Policy/raw/www.webshots.com/assets-pipe/application-9eeb46b06d267ecc83d87f55926efeb7.js'

     0K .......... .......... .......... .......... .......... 12% 7.55M 0s
    50K .......... .......... .......... .......... .......... 24% 3.13M 0s
   100K .......... .......... .......... .......... .......... 36% 5.70M 0s
   150K .......... .......... .......... .......... .......... 48% 5.99M 0s
   200K .......... .......... .......... .......... .......... 61% 3.96M 0s
   250K .......... .......... .......... .......... .......... 73% 3.83M 0s
   300K .......... .......... .......... .......... .......... 85% 4.81M 0s
   350K .......... .......... .......... .......... .......... 97% 3.12M 0s
   400K ........                                              100% 14.2M=0.09s

2012-12-15 05:14:44 (4.42 MB/s) - `code/../crawls/webshots.com/Privacy-Policy/raw/www.webshots.com/assets-pipe/application-9eeb46b06d267ecc83d87f55926efeb7.js' saved [418734/418734]

--2012-12-15 05:14:44--  http://cdn.optimizely.com/js/65687250.js
Resolving cdn.optimizely.com... 23.59.196.211
Connecting to cdn.optimizely.com|23.59.196.211|:80... connected.
HTTP request sent, awaiting response... 200 OK
Length: unspecified [text/javascript]
Saving to: `code/../crawls/webshots.com/Privacy-Policy/raw/cdn.optimizely.com/js/65687250.js'

     0K .......... .......... .......... .......... .......... 4.07M
    50K .......... .......... .......... .......... .......... 5.96M
   100K .......... .......... .......... .......... .......... 4.80M
   150K ...                                                    6.11M=0.03s

2012-12-15 05:14:44 (4.84 MB/s) - `code/../crawls/webshots.com/Privacy-Policy/raw/cdn.optimizely.com/js/65687250.js' saved [156770]

--2012-12-15 05:14:44--  http://www.webshots.com/js/mixpanel.js
Connecting to www.webshots.com|184.169.156.229|:80... connected.
HTTP request sent, awaiting response... 200 OK
Length: 917 [application/javascript]
Saving to: `code/../crawls/webshots.com/Privacy-Policy/raw/www.webshots.com/js/mixpanel.js'

     0K                                                       100%  143M=0s

2012-12-15 05:14:44 (143 MB/s) - `code/../crawls/webshots.com/Privacy-Policy/raw/www.webshots.com/js/mixpanel.js' saved [917/917]

--2012-12-15 05:14:44--  http://www.webshots.com/js/ga.js
Reusing existing connection to www.webshots.com:80.
HTTP request sent, awaiting response... 200 OK
Length: 492 [application/javascript]
Saving to: `code/../crawls/webshots.com/Privacy-Policy/raw/www.webshots.com/js/ga.js'

     0K                                                       100% 85.7M=0s

2012-12-15 05:14:44 (85.7 MB/s) - `code/../crawls/webshots.com/Privacy-Policy/raw/www.webshots.com/js/ga.js' saved [492/492]

--2012-12-15 05:14:44--  http://www.webshots.com/assets-pipe/logo-crop-bedb3c9c89012b992b8c08a91842cf3a.png
Reusing existing connection to www.webshots.com:80.
HTTP request sent, awaiting response... 200 OK
Length: 2512 (2.5K) [image/png]
Saving to: `code/../crawls/webshots.com/Privacy-Policy/raw/www.webshots.com/assets-pipe/logo-crop-bedb3c9c89012b992b8c08a91842cf3a.png'

     0K ..                                                    100% 37.1M=0s

2012-12-15 05:14:44 (37.1 MB/s) - `code/../crawls/webshots.com/Privacy-Policy/raw/www.webshots.com/assets-pipe/logo-crop-bedb3c9c89012b992b8c08a91842cf3a.png' saved [2512/2512]

--2012-12-15 05:14:44--  http://www.webshots.com/img/glyphicons-halflings.png
Reusing existing connection to www.webshots.com:80.
HTTP request sent, awaiting response... 401 Unauthorized
Authorization failed.
--2012-12-15 05:14:44--  http://www.webshots.com/img/glyphicons-halflings-white.png
Reusing existing connection to www.webshots.com:80.
HTTP request sent, awaiting response... 401 Unauthorized
Authorization failed.
FINISHED --2012-12-15 05:14:44--
Total wall clock time: 0.3s
Downloaded: 9 files, 767K in 0.2s (4.17 MB/s)
Converting code/../crawls/webshots.com/Privacy-Policy/raw/www.webshots.com/page/privacy.html... 9-3
Converting code/../crawls/webshots.com/Privacy-Policy/raw/www.webshots.com/assets-pipe/minimum-3d9d17b3fd5cb383e6798cb1dc0ecfa7.css... nothing to do.
Converting code/../crawls/webshots.com/Privacy-Policy/raw/www.webshots.com/assets-pipe/bootstrap_and_overrides-4544eaa527649f51031cd00b6a2ef0a2.css... 0-2
Converted 3 files in 0.008 seconds.
