--2012-05-07 05:16:12--  http://www.trulia.com/privacy/
Resolving www.trulia.com... 198.87.51.41, 198.87.51.16
Connecting to www.trulia.com|198.87.51.41|:80... connected.
HTTP request sent, awaiting response... 200 OK
Length: unspecified [text/html]
Saving to: `code/../crawls/trulia.com/Privacy-Policy/raw/www.trulia.com/privacy/index.html'

     0K .......... .......... .......... ...                   4.65M=0.007s

2012-05-07 05:16:12 (4.65 MB/s) - `code/../crawls/trulia.com/Privacy-Policy/raw/www.trulia.com/privacy/index.html' saved [33833]

--2012-05-07 05:16:12--  http://css.trulia-cdn.com/css/E17_22/main.css?v=E17_22
Resolving css.trulia-cdn.com... 206.160.170.41, 206.160.170.35
Connecting to css.trulia-cdn.com|206.160.170.41|:80... connected.
HTTP request sent, awaiting response... 200 OK
Length: unspecified [text/css]
Saving to: `code/../crawls/trulia.com/Privacy-Policy/raw/css.trulia-cdn.com/css/E17_22/main.css?v=E17_22.css'

     0K .......... .......... .......... .......... .......... 6.67M
    50K .......... .......... .......... .......... .....      11.3M=0.01s

2012-05-07 05:16:12 (8.31 MB/s) - `code/../crawls/trulia.com/Privacy-Policy/raw/css.trulia-cdn.com/css/E17_22/main.css?v=E17_22.css' saved [98290]

--2012-05-07 05:16:12--  http://css.trulia-cdn.com/css/E17_22/static.css?v=E17_22
Reusing existing connection to css.trulia-cdn.com:80.
HTTP request sent, awaiting response... 200 OK
Length: 7966 (7.8K) [text/css]
Saving to: `code/../crawls/trulia.com/Privacy-Policy/raw/css.trulia-cdn.com/css/E17_22/static.css?v=E17_22.css'

     0K .......                                               100% 17.6M=0s

2012-05-07 05:16:12 (17.6 MB/s) - `code/../crawls/trulia.com/Privacy-Policy/raw/css.trulia-cdn.com/css/E17_22/static.css?v=E17_22.css' saved [7966/7966]

--2012-05-07 05:16:12--  http://css.trulia-cdn.com/css/E17_22/colors.css?v=E17_22
Reusing existing connection to css.trulia-cdn.com:80.
HTTP request sent, awaiting response... 200 OK
Length: unspecified [text/css]
Saving to: `code/../crawls/trulia.com/Privacy-Policy/raw/css.trulia-cdn.com/css/E17_22/colors.css?v=E17_22.css'

     0K .......... .......... .......... .......... .......... 11.5M
    50K .......... .......... .....                            11.4M=0.006s

2012-05-07 05:16:12 (11.5 MB/s) - `code/../crawls/trulia.com/Privacy-Policy/raw/css.trulia-cdn.com/css/E17_22/colors.css?v=E17_22.css' saved [77584]

--2012-05-07 05:16:12--  http://css.trulia-cdn.com/css/E17_22/jquery-ui-1.8.10.base.css?v=1
Reusing existing connection to css.trulia-cdn.com:80.
HTTP request sent, awaiting response... 200 OK
Length: 25780 (25K) [text/css]
Saving to: `code/../crawls/trulia.com/Privacy-Policy/raw/css.trulia-cdn.com/css/E17_22/jquery-ui-1.8.10.base.css?v=1.css'

     0K .......... .......... .....                           100% 12.6M=0.002s

2012-05-07 05:16:12 (12.6 MB/s) - `code/../crawls/trulia.com/Privacy-Policy/raw/css.trulia-cdn.com/css/E17_22/jquery-ui-1.8.10.base.css?v=1.css' saved [25780/25780]

The name is too long, 156 chars total.
Trying to shorten...
New name is combo?2.9.0%2Fbuild%2Fyuiloader-dom-event%2Fyuiloader-dom-event.js&2.9.0%2Fbuild%2Fconnection%2Fconnection-min.js&2.9.0%2Fbuild.
The name is too long, 156 chars total.
Trying to shorten...
New name is combo?2.9.0%2Fbuild%2Fyuiloader-dom-event%2Fyuiloader-dom-event.js&2.9.0%2Fbuild%2Fconnection%2Fconnection-min.js&2.9.0%2Fbuild.
--2012-05-07 05:16:12--  http://yui.yahooapis.com/combo?2.9.0/build/yuiloader-dom-event/yuiloader-dom-event.js&2.9.0/build/connection/connection-min.js&2.9.0/build/selector/selector-min.js
Resolving yui.yahooapis.com... 98.137.88.36, 98.137.88.37, 98.137.88.83, ...
Connecting to yui.yahooapis.com|98.137.88.36|:80... connected.
HTTP request sent, awaiting response... 200 OK
Length: 85153 (83K) [application/javascript]
Saving to: `code/../crawls/trulia.com/Privacy-Policy/raw/yui.yahooapis.com/combo?2.9.0%2Fbuild%2Fyuiloader-dom-event%2Fyuiloader-dom-event.js&2.9.0%2Fbuild%2Fconnection%2Fconnection-min.js&2.9.0%2Fbuild'

     0K .......... .......... .......... .......... .......... 60% 4.22M 0s
    50K .......... .......... .......... ...                  100% 8.88M=0.02s

2012-05-07 05:16:12 (5.34 MB/s) - `code/../crawls/trulia.com/Privacy-Policy/raw/yui.yahooapis.com/combo?2.9.0%2Fbuild%2Fyuiloader-dom-event%2Fyuiloader-dom-event.js&2.9.0%2Fbuild%2Fconnection%2Fconnection-min.js&2.9.0%2Fbuild' saved [85153/85153]

--2012-05-07 05:16:12--  http://static.trulia-cdn.com/javascript/E17_22/include/js/site_js.js?v=E17_22
Resolving static.trulia-cdn.com... 206.160.170.35, 206.160.170.41
Connecting to static.trulia-cdn.com|206.160.170.35|:80... connected.
HTTP request sent, awaiting response... 200 OK
Length: unspecified [application/x-javascript]
Saving to: `code/../crawls/trulia.com/Privacy-Policy/raw/static.trulia-cdn.com/javascript/E17_22/include/js/site_js.js?v=E17_22'

     0K .......... .......... .......... .......... .......... 6.54M
    50K .......... .......... .......... .......... .......... 11.4M
   100K .......... .......... .......... .......... .......... 10.8M
   150K .......... .......... .......... .......... .......... 10.2M
   200K .......... .......... .......... .......... .......... 10.9M
   250K .......... .......... .......... .......... .......... 11.0M
   300K .......... .......... .......... .......... ...        11.4M=0.03s

2012-05-07 05:16:12 (9.95 MB/s) - `code/../crawls/trulia.com/Privacy-Policy/raw/static.trulia-cdn.com/javascript/E17_22/include/js/site_js.js?v=E17_22' saved [351360]

--2012-05-07 05:16:12--  http://static.trulia-cdn.com/javascript/E17_22/include/js/left_nav.js?v=E17_22
Reusing existing connection to static.trulia-cdn.com:80.
HTTP request sent, awaiting response... 200 OK
Length: 878 [application/x-javascript]
Saving to: `code/../crawls/trulia.com/Privacy-Policy/raw/static.trulia-cdn.com/javascript/E17_22/include/js/left_nav.js?v=E17_22'

     0K                                                       100%  154M=0s

2012-05-07 05:16:12 (154 MB/s) - `code/../crawls/trulia.com/Privacy-Policy/raw/static.trulia-cdn.com/javascript/E17_22/include/js/left_nav.js?v=E17_22' saved [878/878]

--2012-05-07 05:16:12--  http://static.trulia-cdn.com/images/logos/trulia-logo.png
Reusing existing connection to static.trulia-cdn.com:80.
HTTP request sent, awaiting response... 200 OK
Length: 2775 (2.7K) [image/png]
Saving to: `code/../crawls/trulia.com/Privacy-Policy/raw/static.trulia-cdn.com/images/logos/trulia-logo.png'

     0K ..                                                    100%  335M=0s

2012-05-07 05:16:12 (335 MB/s) - `code/../crawls/trulia.com/Privacy-Policy/raw/static.trulia-cdn.com/images/logos/trulia-logo.png' saved [2775/2775]

--2012-05-07 05:16:12--  http://privacy-policy.truste.com/certified-seal/ctv/en/www.trulia.com/seal.png
Resolving privacy-policy.truste.com... 72.21.81.253
Connecting to privacy-policy.truste.com|72.21.81.253|:80... connected.
HTTP request sent, awaiting response... 200 OK
Length: 1165 (1.1K) [image/png]
Saving to: `code/../crawls/trulia.com/Privacy-Policy/raw/privacy-policy.truste.com/certified-seal/ctv/en/www.trulia.com/seal.png'

     0K .                                                     100%  178M=0s

2012-05-07 05:16:12 (178 MB/s) - `code/../crawls/trulia.com/Privacy-Policy/raw/privacy-policy.truste.com/certified-seal/ctv/en/www.trulia.com/seal.png' saved [1165/1165]

--2012-05-07 05:16:12--  http://b.scorecardresearch.com/p?c1=2&c2=6036483&c3=&c4=&c5=&c6=&c15=&cj=1
Resolving b.scorecardresearch.com... 206.160.170.24, 206.160.170.27, 206.160.170.50
Connecting to b.scorecardresearch.com|206.160.170.24|:80... connected.
HTTP request sent, awaiting response... 302 Moved Temporarily
Location: http://b.scorecardresearch.com/p2?c1=2&c2=6036483&c3=&c4=&c5=&c6=&c15=&cj=1 [following]
--2012-05-07 05:16:12--  http://b.scorecardresearch.com/p2?c1=2&c2=6036483&c3=&c4=&c5=&c6=&c15=&cj=1
Reusing existing connection to b.scorecardresearch.com:80.
HTTP request sent, awaiting response... 200 OK
Length: 43 [image/gif]
Saving to: `code/../crawls/trulia.com/Privacy-Policy/raw/b.scorecardresearch.com/p?c1=2&c2=6036483&c3=&c4=&c5=&c6=&c15=&cj=1'

     0K                                                       100% 7.36M=0s

2012-05-07 05:16:12 (7.36 MB/s) - `code/../crawls/trulia.com/Privacy-Policy/raw/b.scorecardresearch.com/p?c1=2&c2=6036483&c3=&c4=&c5=&c6=&c15=&cj=1' saved [43/43]

--2012-05-07 05:16:12--  http://static.trulia-cdn.com/javascript/E17_22/include/js/library/3rd_party/jquery-ui/jquery-ui-1.8.10.min.js
Connecting to static.trulia-cdn.com|206.160.170.35|:80... connected.
HTTP request sent, awaiting response... 200 OK
Length: unspecified [application/x-javascript]
Saving to: `code/../crawls/trulia.com/Privacy-Policy/raw/static.trulia-cdn.com/javascript/E17_22/include/js/library/3rd_party/jquery-ui/jquery-ui-1.8.10.min.js'

     0K .......... .......... .......... .......... .......... 6.68M
    50K .......... .......... .......... .......... .......... 10.6M
   100K .......... .......... .......... .......... .......... 10.9M
   150K .......... .......... .......... .......... ....       11.4M=0.02s

2012-05-07 05:16:12 (9.40 MB/s) - `code/../crawls/trulia.com/Privacy-Policy/raw/static.trulia-cdn.com/javascript/E17_22/include/js/library/3rd_party/jquery-ui/jquery-ui-1.8.10.min.js' saved [198792]

--2012-05-07 05:16:12--  http://static.trulia-cdn.com/images/flair/grey_top_gradient.gif
Reusing existing connection to static.trulia-cdn.com:80.
HTTP request sent, awaiting response... 200 OK
Length: 147 [image/gif]
Saving to: `code/../crawls/trulia.com/Privacy-Policy/raw/static.trulia-cdn.com/images/flair/grey_top_gradient.gif'

     0K                                                       100% 25.2M=0s

2012-05-07 05:16:12 (25.2 MB/s) - `code/../crawls/trulia.com/Privacy-Policy/raw/static.trulia-cdn.com/images/flair/grey_top_gradient.gif' saved [147/147]

--2012-05-07 05:16:12--  http://static.trulia-cdn.com/images/flair/btn_master.gif
Reusing existing connection to static.trulia-cdn.com:80.
HTTP request sent, awaiting response... 200 OK
Length: 831 [image/gif]
Saving to: `code/../crawls/trulia.com/Privacy-Policy/raw/static.trulia-cdn.com/images/flair/btn_master.gif'

     0K                                                       100%  144M=0s

2012-05-07 05:16:12 (144 MB/s) - `code/../crawls/trulia.com/Privacy-Policy/raw/static.trulia-cdn.com/images/flair/btn_master.gif' saved [831/831]

--2012-05-07 05:16:12--  http://static.trulia-cdn.com/images/icons/icon_info.gif
Reusing existing connection to static.trulia-cdn.com:80.
HTTP request sent, awaiting response... 200 OK
Length: 364 [image/gif]
Saving to: `code/../crawls/trulia.com/Privacy-Policy/raw/static.trulia-cdn.com/images/icons/icon_info.gif'

     0K                                                       100% 61.2M=0s

2012-05-07 05:16:12 (61.2 MB/s) - `code/../crawls/trulia.com/Privacy-Policy/raw/static.trulia-cdn.com/images/icons/icon_info.gif' saved [364/364]

--2012-05-07 05:16:12--  http://static.trulia-cdn.com/images/flair/header_pointer_green.png
Reusing existing connection to static.trulia-cdn.com:80.
HTTP request sent, awaiting response... 200 OK
Length: 230 [image/png]
Saving to: `code/../crawls/trulia.com/Privacy-Policy/raw/static.trulia-cdn.com/images/flair/header_pointer_green.png'

     0K                                                       100% 35.0M=0s

2012-05-07 05:16:13 (35.0 MB/s) - `code/../crawls/trulia.com/Privacy-Policy/raw/static.trulia-cdn.com/images/flair/header_pointer_green.png' saved [230/230]

--2012-05-07 05:16:13--  http://static.trulia-cdn.com/images/ds_ie.gif
Reusing existing connection to static.trulia-cdn.com:80.
HTTP request sent, awaiting response... 200 OK
Length: 44 [image/gif]
Saving to: `code/../crawls/trulia.com/Privacy-Policy/raw/static.trulia-cdn.com/images/ds_ie.gif'

     0K                                                       100% 8.01M=0s

2012-05-07 05:16:13 (8.01 MB/s) - `code/../crawls/trulia.com/Privacy-Policy/raw/static.trulia-cdn.com/images/ds_ie.gif' saved [44/44]

--2012-05-07 05:16:13--  http://static.trulia-cdn.com/images/popup-dropshadow.png
Reusing existing connection to static.trulia-cdn.com:80.
HTTP request sent, awaiting response... 200 OK
Length: 7762 (7.6K) [image/png]
Saving to: `code/../crawls/trulia.com/Privacy-Policy/raw/static.trulia-cdn.com/images/popup-dropshadow.png'

     0K .......                                               100% 17.1M=0s

2012-05-07 05:16:13 (17.1 MB/s) - `code/../crawls/trulia.com/Privacy-Policy/raw/static.trulia-cdn.com/images/popup-dropshadow.png' saved [7762/7762]

--2012-05-07 05:16:13--  http://static.trulia-cdn.com/images/flair/popup/img_tranparent_grey.png
Reusing existing connection to static.trulia-cdn.com:80.
HTTP request sent, awaiting response... 200 OK
Length: 4347 (4.2K) [image/png]
Saving to: `code/../crawls/trulia.com/Privacy-Policy/raw/static.trulia-cdn.com/images/flair/popup/img_tranparent_grey.png'

     0K ....                                                  100% 26.6M=0s

2012-05-07 05:16:13 (26.6 MB/s) - `code/../crawls/trulia.com/Privacy-Policy/raw/static.trulia-cdn.com/images/flair/popup/img_tranparent_grey.png' saved [4347/4347]

--2012-05-07 05:16:13--  http://static.trulia-cdn.com/images/flair/r_rail_gray_module.png
Reusing existing connection to static.trulia-cdn.com:80.
HTTP request sent, awaiting response... 200 OK
Length: 1459 (1.4K) [image/png]
Saving to: `code/../crawls/trulia.com/Privacy-Policy/raw/static.trulia-cdn.com/images/flair/r_rail_gray_module.png'

     0K .                                                     100%  218M=0s

2012-05-07 05:16:13 (218 MB/s) - `code/../crawls/trulia.com/Privacy-Policy/raw/static.trulia-cdn.com/images/flair/r_rail_gray_module.png' saved [1459/1459]

--2012-05-07 05:16:13--  http://static.trulia-cdn.com/images/buttons/btn_sign_up.gif
Reusing existing connection to static.trulia-cdn.com:80.
HTTP request sent, awaiting response... 200 OK
Length: 3557 (3.5K) [image/gif]
Saving to: `code/../crawls/trulia.com/Privacy-Policy/raw/static.trulia-cdn.com/images/buttons/btn_sign_up.gif'

     0K ...                                                   100%  237M=0s

2012-05-07 05:16:13 (237 MB/s) - `code/../crawls/trulia.com/Privacy-Policy/raw/static.trulia-cdn.com/images/buttons/btn_sign_up.gif' saved [3557/3557]

--2012-05-07 05:16:13--  http://static.trulia-cdn.com/images/dd-uhlt.gif
Reusing existing connection to static.trulia-cdn.com:80.
HTTP request sent, awaiting response... 200 OK
Length: 68 [image/gif]
Saving to: `code/../crawls/trulia.com/Privacy-Policy/raw/static.trulia-cdn.com/images/dd-uhlt.gif'

     0K                                                       100% 11.5M=0s

2012-05-07 05:16:13 (11.5 MB/s) - `code/../crawls/trulia.com/Privacy-Policy/raw/static.trulia-cdn.com/images/dd-uhlt.gif' saved [68/68]

--2012-05-07 05:16:13--  http://static.trulia-cdn.com/images/dd-hlt.gif
Reusing existing connection to static.trulia-cdn.com:80.
HTTP request sent, awaiting response... 200 OK
Length: 68 [image/gif]
Saving to: `code/../crawls/trulia.com/Privacy-Policy/raw/static.trulia-cdn.com/images/dd-hlt.gif'

     0K                                                       100% 12.8M=0s

2012-05-07 05:16:13 (12.8 MB/s) - `code/../crawls/trulia.com/Privacy-Policy/raw/static.trulia-cdn.com/images/dd-hlt.gif' saved [68/68]

--2012-05-07 05:16:13--  http://static.trulia-cdn.com/images/submit_progress.gif
Reusing existing connection to static.trulia-cdn.com:80.
HTTP request sent, awaiting response... 200 OK
Length: 156 [image/gif]
Saving to: `code/../crawls/trulia.com/Privacy-Policy/raw/static.trulia-cdn.com/images/submit_progress.gif'

     0K                                                       100% 27.8M=0s

2012-05-07 05:16:13 (27.8 MB/s) - `code/../crawls/trulia.com/Privacy-Policy/raw/static.trulia-cdn.com/images/submit_progress.gif' saved [156/156]

--2012-05-07 05:16:13--  http://static.trulia-cdn.com/images/submit_progress_active.gif
Reusing existing connection to static.trulia-cdn.com:80.
HTTP request sent, awaiting response... 200 OK
Length: 324 [image/gif]
Saving to: `code/../crawls/trulia.com/Privacy-Policy/raw/static.trulia-cdn.com/images/submit_progress_active.gif'

     0K                                                       100% 58.7M=0s

2012-05-07 05:16:13 (58.7 MB/s) - `code/../crawls/trulia.com/Privacy-Policy/raw/static.trulia-cdn.com/images/submit_progress_active.gif' saved [324/324]

--2012-05-07 05:16:13--  http://static.trulia-cdn.com/images/qa/icon_mini_answer.gif
Reusing existing connection to static.trulia-cdn.com:80.
HTTP request sent, awaiting response... 200 OK
Length: 359 [image/gif]
Saving to: `code/../crawls/trulia.com/Privacy-Policy/raw/static.trulia-cdn.com/images/qa/icon_mini_answer.gif'

     0K                                                       100% 34.8M=0s

2012-05-07 05:16:13 (34.8 MB/s) - `code/../crawls/trulia.com/Privacy-Policy/raw/static.trulia-cdn.com/images/qa/icon_mini_answer.gif' saved [359/359]

--2012-05-07 05:16:13--  http://static.trulia-cdn.com/images/yes_off.gif
Reusing existing connection to static.trulia-cdn.com:80.
HTTP request sent, awaiting response... 200 OK
Length: 417 [image/gif]
Saving to: `code/../crawls/trulia.com/Privacy-Policy/raw/static.trulia-cdn.com/images/yes_off.gif'

     0K                                                       100% 75.0M=0s

2012-05-07 05:16:13 (75.0 MB/s) - `code/../crawls/trulia.com/Privacy-Policy/raw/static.trulia-cdn.com/images/yes_off.gif' saved [417/417]

--2012-05-07 05:16:13--  http://static.trulia-cdn.com/images/yes_on.gif
Reusing existing connection to static.trulia-cdn.com:80.
HTTP request sent, awaiting response... 200 OK
Length: 447 [image/gif]
Saving to: `code/../crawls/trulia.com/Privacy-Policy/raw/static.trulia-cdn.com/images/yes_on.gif'

     0K                                                       100% 79.7M=0s

2012-05-07 05:16:13 (79.7 MB/s) - `code/../crawls/trulia.com/Privacy-Policy/raw/static.trulia-cdn.com/images/yes_on.gif' saved [447/447]

--2012-05-07 05:16:13--  http://static.trulia-cdn.com/images/no_off.gif
Reusing existing connection to static.trulia-cdn.com:80.
HTTP request sent, awaiting response... 200 OK
Length: 296 [image/gif]
Saving to: `code/../crawls/trulia.com/Privacy-Policy/raw/static.trulia-cdn.com/images/no_off.gif'

     0K                                                       100% 53.8M=0s

2012-05-07 05:16:13 (53.8 MB/s) - `code/../crawls/trulia.com/Privacy-Policy/raw/static.trulia-cdn.com/images/no_off.gif' saved [296/296]

--2012-05-07 05:16:13--  http://static.trulia-cdn.com/images/no_on.gif
Reusing existing connection to static.trulia-cdn.com:80.
HTTP request sent, awaiting response... 200 OK
Length: 425 [image/gif]
Saving to: `code/../crawls/trulia.com/Privacy-Policy/raw/static.trulia-cdn.com/images/no_on.gif'

     0K                                                       100% 78.8M=0s

2012-05-07 05:16:13 (78.8 MB/s) - `code/../crawls/trulia.com/Privacy-Policy/raw/static.trulia-cdn.com/images/no_on.gif' saved [425/425]

--2012-05-07 05:16:13--  http://static.trulia-cdn.com/images/li_open.gif
Reusing existing connection to static.trulia-cdn.com:80.
HTTP request sent, awaiting response... 200 OK
Length: 87 [image/gif]
Saving to: `code/../crawls/trulia.com/Privacy-Policy/raw/static.trulia-cdn.com/images/li_open.gif'

     0K                                                       100% 16.2M=0s

2012-05-07 05:16:13 (16.2 MB/s) - `code/../crawls/trulia.com/Privacy-Policy/raw/static.trulia-cdn.com/images/li_open.gif' saved [87/87]

--2012-05-07 05:16:13--  http://static.trulia-cdn.com/images/li_closed.gif
Reusing existing connection to static.trulia-cdn.com:80.
HTTP request sent, awaiting response... 200 OK
Length: 87 [image/gif]
Saving to: `code/../crawls/trulia.com/Privacy-Policy/raw/static.trulia-cdn.com/images/li_closed.gif'

     0K                                                       100% 15.7M=0s

2012-05-07 05:16:13 (15.7 MB/s) - `code/../crawls/trulia.com/Privacy-Policy/raw/static.trulia-cdn.com/images/li_closed.gif' saved [87/87]

--2012-05-07 05:16:13--  http://static.trulia-cdn.com/images/li_selected.gif
Reusing existing connection to static.trulia-cdn.com:80.
HTTP request sent, awaiting response... 200 OK
Length: 79 [image/gif]
Saving to: `code/../crawls/trulia.com/Privacy-Policy/raw/static.trulia-cdn.com/images/li_selected.gif'

     0K                                                       100% 14.0M=0s

2012-05-07 05:16:13 (14.0 MB/s) - `code/../crawls/trulia.com/Privacy-Policy/raw/static.trulia-cdn.com/images/li_selected.gif' saved [79/79]

--2012-05-07 05:16:13--  http://static.trulia-cdn.com/images/flair/popup/img_close.gif
Reusing existing connection to static.trulia-cdn.com:80.
HTTP request sent, awaiting response... 200 OK
Length: 159 [image/gif]
Saving to: `code/../crawls/trulia.com/Privacy-Policy/raw/static.trulia-cdn.com/images/flair/popup/img_close.gif'

     0K                                                       100% 28.8M=0s

2012-05-07 05:16:13 (28.8 MB/s) - `code/../crawls/trulia.com/Privacy-Policy/raw/static.trulia-cdn.com/images/flair/popup/img_close.gif' saved [159/159]

--2012-05-07 05:16:13--  http://static.trulia-cdn.com/images/flair/grass.png
Reusing existing connection to static.trulia-cdn.com:80.
HTTP request sent, awaiting response... 200 OK
Length: 8343 (8.1K) [image/png]
Saving to: `code/../crawls/trulia.com/Privacy-Policy/raw/static.trulia-cdn.com/images/flair/grass.png'

     0K ........                                              100% 14.3M=0.001s

2012-05-07 05:16:13 (14.3 MB/s) - `code/../crawls/trulia.com/Privacy-Policy/raw/static.trulia-cdn.com/images/flair/grass.png' saved [8343/8343]

--2012-05-07 05:16:13--  http://static.trulia-cdn.com/images/flair/close_button_off.png
Reusing existing connection to static.trulia-cdn.com:80.
HTTP request sent, awaiting response... 200 OK
Length: 3370 (3.3K) [image/png]
Saving to: `code/../crawls/trulia.com/Privacy-Policy/raw/static.trulia-cdn.com/images/flair/close_button_off.png'

     0K ...                                                   100% 44.0M=0s

2012-05-07 05:16:13 (44.0 MB/s) - `code/../crawls/trulia.com/Privacy-Policy/raw/static.trulia-cdn.com/images/flair/close_button_off.png' saved [3370/3370]

--2012-05-07 05:16:13--  http://static.trulia-cdn.com/images/flair/close_button_on.png
Reusing existing connection to static.trulia-cdn.com:80.
HTTP request sent, awaiting response... 200 OK
Length: 3376 (3.3K) [image/png]
Saving to: `code/../crawls/trulia.com/Privacy-Policy/raw/static.trulia-cdn.com/images/flair/close_button_on.png'

     0K ...                                                   100% 44.4M=0s

2012-05-07 05:16:13 (44.4 MB/s) - `code/../crawls/trulia.com/Privacy-Policy/raw/static.trulia-cdn.com/images/flair/close_button_on.png' saved [3376/3376]

--2012-05-07 05:16:13--  http://static.trulia-cdn.com/images/mobile/ipad_img_promo.png
Reusing existing connection to static.trulia-cdn.com:80.
HTTP request sent, awaiting response... 200 OK
Length: 37256 (36K) [image/png]
Saving to: `code/../crawls/trulia.com/Privacy-Policy/raw/static.trulia-cdn.com/images/mobile/ipad_img_promo.png'

     0K .......... .......... .......... ......               100% 12.3M=0.003s

2012-05-07 05:16:13 (12.3 MB/s) - `code/../crawls/trulia.com/Privacy-Policy/raw/static.trulia-cdn.com/images/mobile/ipad_img_promo.png' saved [37256/37256]

--2012-05-07 05:16:13--  http://static.trulia-cdn.com/images/flair/voices_guides_imgsheet_03102012.png
Reusing existing connection to static.trulia-cdn.com:80.
HTTP request sent, awaiting response... 200 OK
Length: 26101 (25K) [image/png]
Saving to: `code/../crawls/trulia.com/Privacy-Policy/raw/static.trulia-cdn.com/images/flair/voices_guides_imgsheet_03102012.png'

     0K .......... .......... .....                           100% 12.5M=0.002s

2012-05-07 05:16:13 (12.5 MB/s) - `code/../crawls/trulia.com/Privacy-Policy/raw/static.trulia-cdn.com/images/flair/voices_guides_imgsheet_03102012.png' saved [26101/26101]

--2012-05-07 05:16:13--  http://static.trulia-cdn.com/images/no_ho_alert.gif
Reusing existing connection to static.trulia-cdn.com:80.
HTTP request sent, awaiting response... 200 OK
Length: 522 [image/gif]
Saving to: `code/../crawls/trulia.com/Privacy-Policy/raw/static.trulia-cdn.com/images/no_ho_alert.gif'

     0K                                                       100% 95.4M=0s

2012-05-07 05:16:13 (95.4 MB/s) - `code/../crawls/trulia.com/Privacy-Policy/raw/static.trulia-cdn.com/images/no_ho_alert.gif' saved [522/522]

--2012-05-07 05:16:13--  http://static.trulia-cdn.com/images/btn_submit_listings.gif
Reusing existing connection to static.trulia-cdn.com:80.
HTTP request sent, awaiting response... 200 OK
Length: 5160 (5.0K) [image/gif]
Saving to: `code/../crawls/trulia.com/Privacy-Policy/raw/static.trulia-cdn.com/images/btn_submit_listings.gif'

     0K .....                                                 100% 25.8M=0s

2012-05-07 05:16:13 (25.8 MB/s) - `code/../crawls/trulia.com/Privacy-Policy/raw/static.trulia-cdn.com/images/btn_submit_listings.gif' saved [5160/5160]

--2012-05-07 05:16:13--  http://static.trulia-cdn.com/images/btn_advertise_agents.gif
Reusing existing connection to static.trulia-cdn.com:80.
HTTP request sent, awaiting response... 200 OK
Length: 4910 (4.8K) [image/gif]
Saving to: `code/../crawls/trulia.com/Privacy-Policy/raw/static.trulia-cdn.com/images/btn_advertise_agents.gif'

     0K ....                                                  100% 20.7M=0s

2012-05-07 05:16:13 (20.7 MB/s) - `code/../crawls/trulia.com/Privacy-Policy/raw/static.trulia-cdn.com/images/btn_advertise_agents.gif' saved [4910/4910]

--2012-05-07 05:16:13--  http://static.trulia-cdn.com/images/btn_afl.gif
Reusing existing connection to static.trulia-cdn.com:80.
HTTP request sent, awaiting response... 200 OK
Length: 5653 (5.5K) [image/gif]
Saving to: `code/../crawls/trulia.com/Privacy-Policy/raw/static.trulia-cdn.com/images/btn_afl.gif'

     0K .....                                                 100% 17.2M=0s

2012-05-07 05:16:13 (17.2 MB/s) - `code/../crawls/trulia.com/Privacy-Policy/raw/static.trulia-cdn.com/images/btn_afl.gif' saved [5653/5653]

--2012-05-07 05:16:13--  http://static.trulia-cdn.com/images/btn_adv_broker.gif
Reusing existing connection to static.trulia-cdn.com:80.
HTTP request sent, awaiting response... 200 OK
Length: 5887 (5.7K) [image/gif]
Saving to: `code/../crawls/trulia.com/Privacy-Policy/raw/static.trulia-cdn.com/images/btn_adv_broker.gif'

     0K .....                                                 100% 18.0M=0s

2012-05-07 05:16:13 (18.0 MB/s) - `code/../crawls/trulia.com/Privacy-Policy/raw/static.trulia-cdn.com/images/btn_adv_broker.gif' saved [5887/5887]

--2012-05-07 05:16:13--  http://static.trulia-cdn.com/images/btn_adv_agent.gif
Reusing existing connection to static.trulia-cdn.com:80.
HTTP request sent, awaiting response... 200 OK
Length: 4602 (4.5K) [image/gif]
Saving to: `code/../crawls/trulia.com/Privacy-Policy/raw/static.trulia-cdn.com/images/btn_adv_agent.gif'

     0K ....                                                  100% 23.1M=0s

2012-05-07 05:16:13 (23.1 MB/s) - `code/../crawls/trulia.com/Privacy-Policy/raw/static.trulia-cdn.com/images/btn_adv_agent.gif' saved [4602/4602]

--2012-05-07 05:16:13--  http://static.trulia-cdn.com/images/btn_apply_now.gif
Reusing existing connection to static.trulia-cdn.com:80.
HTTP request sent, awaiting response... 200 OK
Length: 4098 (4.0K) [image/gif]
Saving to: `code/../crawls/trulia.com/Privacy-Policy/raw/static.trulia-cdn.com/images/btn_apply_now.gif'

     0K ....                                                  100% 47.1M=0s

2012-05-07 05:16:13 (47.1 MB/s) - `code/../crawls/trulia.com/Privacy-Policy/raw/static.trulia-cdn.com/images/btn_apply_now.gif' saved [4098/4098]

--2012-05-07 05:16:13--  http://static.trulia-cdn.com/images/flair/rounded_corners_topleft.gif
Reusing existing connection to static.trulia-cdn.com:80.
HTTP request sent, awaiting response... 200 OK
Length: 2281 (2.2K) [image/gif]
Saving to: `code/../crawls/trulia.com/Privacy-Policy/raw/static.trulia-cdn.com/images/flair/rounded_corners_topleft.gif'

     0K ..                                                    100%  349M=0s

2012-05-07 05:16:14 (349 MB/s) - `code/../crawls/trulia.com/Privacy-Policy/raw/static.trulia-cdn.com/images/flair/rounded_corners_topleft.gif' saved [2281/2281]

--2012-05-07 05:16:14--  http://static.trulia-cdn.com/images/flair/rounded_corners_topright.gif
Reusing existing connection to static.trulia-cdn.com:80.
HTTP request sent, awaiting response... 200 OK
Length: 292 [image/gif]
Saving to: `code/../crawls/trulia.com/Privacy-Policy/raw/static.trulia-cdn.com/images/flair/rounded_corners_topright.gif'

     0K                                                       100% 48.2M=0s

2012-05-07 05:16:14 (48.2 MB/s) - `code/../crawls/trulia.com/Privacy-Policy/raw/static.trulia-cdn.com/images/flair/rounded_corners_topright.gif' saved [292/292]

--2012-05-07 05:16:14--  http://static.trulia-cdn.com/images/flair/rounded_corners_rightborder.gif
Reusing existing connection to static.trulia-cdn.com:80.
HTTP request sent, awaiting response... 200 OK
Length: 44 [image/gif]
Saving to: `code/../crawls/trulia.com/Privacy-Policy/raw/static.trulia-cdn.com/images/flair/rounded_corners_rightborder.gif'

     0K                                                       100% 8.04M=0s

2012-05-07 05:16:14 (8.04 MB/s) - `code/../crawls/trulia.com/Privacy-Policy/raw/static.trulia-cdn.com/images/flair/rounded_corners_rightborder.gif' saved [44/44]

--2012-05-07 05:16:14--  http://static.trulia-cdn.com/images/flair/rounded_corners_bottomleft.gif
Reusing existing connection to static.trulia-cdn.com:80.
HTTP request sent, awaiting response... 200 OK
Length: 368 [image/gif]
Saving to: `code/../crawls/trulia.com/Privacy-Policy/raw/static.trulia-cdn.com/images/flair/rounded_corners_bottomleft.gif'

     0K                                                       100% 66.7M=0s

2012-05-07 05:16:14 (66.7 MB/s) - `code/../crawls/trulia.com/Privacy-Policy/raw/static.trulia-cdn.com/images/flair/rounded_corners_bottomleft.gif' saved [368/368]

--2012-05-07 05:16:14--  http://static.trulia-cdn.com/images/flair/rounded_corners_bottomright_v2.gif
Reusing existing connection to static.trulia-cdn.com:80.
HTTP request sent, awaiting response... 200 OK
Length: 425 [image/gif]
Saving to: `code/../crawls/trulia.com/Privacy-Policy/raw/static.trulia-cdn.com/images/flair/rounded_corners_bottomright_v2.gif'

     0K                                                       100% 76.5M=0s

2012-05-07 05:16:14 (76.5 MB/s) - `code/../crawls/trulia.com/Privacy-Policy/raw/static.trulia-cdn.com/images/flair/rounded_corners_bottomright_v2.gif' saved [425/425]

--2012-05-07 05:16:14--  http://static.trulia-cdn.com/images/truliapro/img_check.gif
Reusing existing connection to static.trulia-cdn.com:80.
HTTP request sent, awaiting response... 200 OK
Length: 308 [image/gif]
Saving to: `code/../crawls/trulia.com/Privacy-Policy/raw/static.trulia-cdn.com/images/truliapro/img_check.gif'

     0K                                                       100% 50.1M=0s

2012-05-07 05:16:14 (50.1 MB/s) - `code/../crawls/trulia.com/Privacy-Policy/raw/static.trulia-cdn.com/images/truliapro/img_check.gif' saved [308/308]

--2012-05-07 05:16:14--  http://static.trulia-cdn.com/images/buttons/btn_starthere.gif
Reusing existing connection to static.trulia-cdn.com:80.
HTTP request sent, awaiting response... 200 OK
Length: 4312 (4.2K) [image/gif]
Saving to: `code/../crawls/trulia.com/Privacy-Policy/raw/static.trulia-cdn.com/images/buttons/btn_starthere.gif'

     0K ....                                                  100% 22.4M=0s

2012-05-07 05:16:14 (22.4 MB/s) - `code/../crawls/trulia.com/Privacy-Policy/raw/static.trulia-cdn.com/images/buttons/btn_starthere.gif' saved [4312/4312]

--2012-05-07 05:16:14--  http://static.trulia-cdn.com/images/flair/main_imgsheet_20120106.png
Reusing existing connection to static.trulia-cdn.com:80.
HTTP request sent, awaiting response... 200 OK
Length: 48939 (48K) [image/png]
Saving to: `code/../crawls/trulia.com/Privacy-Policy/raw/static.trulia-cdn.com/images/flair/main_imgsheet_20120106.png'

     0K .......... .......... .......... .......... .......   100% 7.75M=0.006s

2012-05-07 05:16:14 (7.75 MB/s) - `code/../crawls/trulia.com/Privacy-Policy/raw/static.trulia-cdn.com/images/flair/main_imgsheet_20120106.png' saved [48939/48939]

--2012-05-07 05:16:14--  http://static.trulia-cdn.com/images/buttons/buttons_imgsheet_20100915.png
Reusing existing connection to static.trulia-cdn.com:80.
HTTP request sent, awaiting response... 200 OK
Length: 10391 (10K) [image/png]
Saving to: `code/../crawls/trulia.com/Privacy-Policy/raw/static.trulia-cdn.com/images/buttons/buttons_imgsheet_20100915.png'

     0K ..........                                            100% 14.6M=0.001s

2012-05-07 05:16:14 (14.6 MB/s) - `code/../crawls/trulia.com/Privacy-Policy/raw/static.trulia-cdn.com/images/buttons/buttons_imgsheet_20100915.png' saved [10391/10391]

--2012-05-07 05:16:14--  http://static.trulia-cdn.com/images/buttons/buttons_imgsheet_ie_20100915.png
Reusing existing connection to static.trulia-cdn.com:80.
HTTP request sent, awaiting response... 200 OK
Length: 9806 (9.6K) [image/png]
Saving to: `code/../crawls/trulia.com/Privacy-Policy/raw/static.trulia-cdn.com/images/buttons/buttons_imgsheet_ie_20100915.png'

     0K .........                                             100% 13.4M=0.001s

2012-05-07 05:16:14 (13.4 MB/s) - `code/../crawls/trulia.com/Privacy-Policy/raw/static.trulia-cdn.com/images/buttons/buttons_imgsheet_ie_20100915.png' saved [9806/9806]

--2012-05-07 05:16:14--  http://static.trulia-cdn.com/images/flair/mytrulia_photosheet_20090618.png
Reusing existing connection to static.trulia-cdn.com:80.
HTTP request sent, awaiting response... 200 OK
Length: 1581 (1.5K) [image/png]
Saving to: `code/../crawls/trulia.com/Privacy-Policy/raw/static.trulia-cdn.com/images/flair/mytrulia_photosheet_20090618.png'

     0K .                                                     100%  193M=0s

2012-05-07 05:16:14 (193 MB/s) - `code/../crawls/trulia.com/Privacy-Policy/raw/static.trulia-cdn.com/images/flair/mytrulia_photosheet_20090618.png' saved [1581/1581]

--2012-05-07 05:16:14--  http://static.trulia-cdn.com/images/flair/main_photosheet_20100505.png
Reusing existing connection to static.trulia-cdn.com:80.
HTTP request sent, awaiting response... 200 OK
Length: 27950 (27K) [image/png]
Saving to: `code/../crawls/trulia.com/Privacy-Policy/raw/static.trulia-cdn.com/images/flair/main_photosheet_20100505.png'

     0K .......... .......... .......                         100% 11.9M=0.002s

2012-05-07 05:16:14 (11.9 MB/s) - `code/../crawls/trulia.com/Privacy-Policy/raw/static.trulia-cdn.com/images/flair/main_photosheet_20100505.png' saved [27950/27950]

--2012-05-07 05:16:14--  http://static.trulia-cdn.com/images/business_center/pro_imagesheet_08122010.jpg
Reusing existing connection to static.trulia-cdn.com:80.
HTTP request sent, awaiting response... 200 OK
Length: 91962 (90K) [image/jpeg]
Saving to: `code/../crawls/trulia.com/Privacy-Policy/raw/static.trulia-cdn.com/images/business_center/pro_imagesheet_08122010.jpg'

     0K .......... .......... .......... .......... .......... 55% 1.17M 0s
    50K .......... .......... .......... .........            100% 7.55M=0.05s

2012-05-07 05:16:14 (1.88 MB/s) - `code/../crawls/trulia.com/Privacy-Policy/raw/static.trulia-cdn.com/images/business_center/pro_imagesheet_08122010.jpg' saved [91962/91962]

--2012-05-07 05:16:14--  http://static.trulia-cdn.com/images/flair/srp_filters_imagesheet_20110407.png
Reusing existing connection to static.trulia-cdn.com:80.
HTTP request sent, awaiting response... 200 OK
Length: 8540 (8.3K) [image/png]
Saving to: `code/../crawls/trulia.com/Privacy-Policy/raw/static.trulia-cdn.com/images/flair/srp_filters_imagesheet_20110407.png'

     0K ........                                              100% 14.7M=0.001s

2012-05-07 05:16:14 (14.7 MB/s) - `code/../crawls/trulia.com/Privacy-Policy/raw/static.trulia-cdn.com/images/flair/srp_filters_imagesheet_20110407.png' saved [8540/8540]

--2012-05-07 05:16:14--  http://static.trulia-cdn.com/images/flair/srp_largemap_imgsheet_09082011.png
Reusing existing connection to static.trulia-cdn.com:80.
HTTP request sent, awaiting response... 200 OK
Length: 11164 (11K) [image/png]
Saving to: `code/../crawls/trulia.com/Privacy-Policy/raw/static.trulia-cdn.com/images/flair/srp_largemap_imgsheet_09082011.png'

     0K ..........                                            100% 13.7M=0.001s

2012-05-07 05:16:14 (13.7 MB/s) - `code/../crawls/trulia.com/Privacy-Policy/raw/static.trulia-cdn.com/images/flair/srp_largemap_imgsheet_09082011.png' saved [11164/11164]

--2012-05-07 05:16:14--  http://static.trulia-cdn.com/images/flair/blog_imgsheet_20100519.png
Reusing existing connection to static.trulia-cdn.com:80.
HTTP request sent, awaiting response... 200 OK
Length: 8932 (8.7K) [image/png]
Saving to: `code/../crawls/trulia.com/Privacy-Policy/raw/static.trulia-cdn.com/images/flair/blog_imgsheet_20100519.png'

     0K ........                                              100% 15.3M=0.001s

2012-05-07 05:16:14 (15.3 MB/s) - `code/../crawls/trulia.com/Privacy-Policy/raw/static.trulia-cdn.com/images/flair/blog_imgsheet_20100519.png' saved [8932/8932]

--2012-05-07 05:16:14--  http://static.trulia-cdn.com/images/ads/freecreditreport_rc_icon.jpg
Reusing existing connection to static.trulia-cdn.com:80.
HTTP request sent, awaiting response... 200 OK
Length: 934 [image/jpeg]
Saving to: `code/../crawls/trulia.com/Privacy-Policy/raw/static.trulia-cdn.com/images/ads/freecreditreport_rc_icon.jpg'

     0K                                                       100%  166M=0s

2012-05-07 05:16:14 (166 MB/s) - `code/../crawls/trulia.com/Privacy-Policy/raw/static.trulia-cdn.com/images/ads/freecreditreport_rc_icon.jpg' saved [934/934]

--2012-05-07 05:16:14--  http://static.trulia-cdn.com/images/logos/valueappeal_ad_20110509.png
Reusing existing connection to static.trulia-cdn.com:80.
HTTP request sent, awaiting response... 200 OK
Length: 3340 (3.3K) [image/png]
Saving to: `code/../crawls/trulia.com/Privacy-Policy/raw/static.trulia-cdn.com/images/logos/valueappeal_ad_20110509.png'

     0K ...                                                   100% 42.9M=0s

2012-05-07 05:16:14 (42.9 MB/s) - `code/../crawls/trulia.com/Privacy-Policy/raw/static.trulia-cdn.com/images/logos/valueappeal_ad_20110509.png' saved [3340/3340]

--2012-05-07 05:16:14--  http://static.trulia-cdn.com/images/dd_bg.gif
Reusing existing connection to static.trulia-cdn.com:80.
HTTP request sent, awaiting response... 200 OK
Length: 96 [image/gif]
Saving to: `code/../crawls/trulia.com/Privacy-Policy/raw/static.trulia-cdn.com/images/dd_bg.gif'

     0K                                                       100% 18.1M=0s

2012-05-07 05:16:14 (18.1 MB/s) - `code/../crawls/trulia.com/Privacy-Policy/raw/static.trulia-cdn.com/images/dd_bg.gif' saved [96/96]

--2012-05-07 05:16:14--  http://static.trulia-cdn.com/images/warning.gif
Reusing existing connection to static.trulia-cdn.com:80.
HTTP request sent, awaiting response... 200 OK
Length: 229 [image/gif]
Saving to: `code/../crawls/trulia.com/Privacy-Policy/raw/static.trulia-cdn.com/images/warning.gif'

     0K                                                       100% 41.9M=0s

2012-05-07 05:16:15 (41.9 MB/s) - `code/../crawls/trulia.com/Privacy-Policy/raw/static.trulia-cdn.com/images/warning.gif' saved [229/229]

--2012-05-07 05:16:15--  http://static.trulia-cdn.com/images/editor_ok.gif
Reusing existing connection to static.trulia-cdn.com:80.
HTTP request sent, awaiting response... 200 OK
Length: 880 [image/gif]
Saving to: `code/../crawls/trulia.com/Privacy-Policy/raw/static.trulia-cdn.com/images/editor_ok.gif'

     0K                                                       100%  152M=0s

2012-05-07 05:16:15 (152 MB/s) - `code/../crawls/trulia.com/Privacy-Policy/raw/static.trulia-cdn.com/images/editor_ok.gif' saved [880/880]

--2012-05-07 05:16:15--  http://static.trulia-cdn.com/images/qa/thumbs_middle.gif
Reusing existing connection to static.trulia-cdn.com:80.
HTTP request sent, awaiting response... 200 OK
Length: 52 [image/gif]
Saving to: `code/../crawls/trulia.com/Privacy-Policy/raw/static.trulia-cdn.com/images/qa/thumbs_middle.gif'

     0K                                                       100% 9.58M=0s

2012-05-07 05:16:15 (9.58 MB/s) - `code/../crawls/trulia.com/Privacy-Policy/raw/static.trulia-cdn.com/images/qa/thumbs_middle.gif' saved [52/52]

--2012-05-07 05:16:15--  http://static.trulia-cdn.com/images/qa/thumbs_right.gif
Reusing existing connection to static.trulia-cdn.com:80.
HTTP request sent, awaiting response... 200 OK
Length: 63 [image/gif]
Saving to: `code/../crawls/trulia.com/Privacy-Policy/raw/static.trulia-cdn.com/images/qa/thumbs_right.gif'

     0K                                                       100% 11.3M=0s

2012-05-07 05:16:15 (11.3 MB/s) - `code/../crawls/trulia.com/Privacy-Policy/raw/static.trulia-cdn.com/images/qa/thumbs_right.gif' saved [63/63]

--2012-05-07 05:16:15--  http://static.trulia-cdn.com/images/btn_afl_edit.gif
Reusing existing connection to static.trulia-cdn.com:80.
HTTP request sent, awaiting response... 200 OK
Length: 4529 (4.4K) [image/gif]
Saving to: `code/../crawls/trulia.com/Privacy-Policy/raw/static.trulia-cdn.com/images/btn_afl_edit.gif'

     0K ....                                                  100% 22.5M=0s

2012-05-07 05:16:15 (22.5 MB/s) - `code/../crawls/trulia.com/Privacy-Policy/raw/static.trulia-cdn.com/images/btn_afl_edit.gif' saved [4529/4529]

--2012-05-07 05:16:15--  http://static.trulia-cdn.com/images/btn_afl_cancel.gif
Reusing existing connection to static.trulia-cdn.com:80.
HTTP request sent, awaiting response... 200 OK
Length: 3611 (3.5K) [image/gif]
Saving to: `code/../crawls/trulia.com/Privacy-Policy/raw/static.trulia-cdn.com/images/btn_afl_cancel.gif'

     0K ...                                                   100% 55.2M=0s

2012-05-07 05:16:15 (55.2 MB/s) - `code/../crawls/trulia.com/Privacy-Policy/raw/static.trulia-cdn.com/images/btn_afl_cancel.gif' saved [3611/3611]

--2012-05-07 05:16:15--  http://static.trulia-cdn.com/images/btn_afl_save_changes.gif
Reusing existing connection to static.trulia-cdn.com:80.
HTTP request sent, awaiting response... 200 OK
Length: 5138 (5.0K) [image/gif]
Saving to: `code/../crawls/trulia.com/Privacy-Policy/raw/static.trulia-cdn.com/images/btn_afl_save_changes.gif'

     0K .....                                                 100% 25.4M=0s

2012-05-07 05:16:15 (25.4 MB/s) - `code/../crawls/trulia.com/Privacy-Policy/raw/static.trulia-cdn.com/images/btn_afl_save_changes.gif' saved [5138/5138]

--2012-05-07 05:16:15--  http://static.trulia-cdn.com/images/btn_afl_enter.gif
Reusing existing connection to static.trulia-cdn.com:80.
HTTP request sent, awaiting response... 200 OK
Length: 3298 (3.2K) [image/gif]
Saving to: `code/../crawls/trulia.com/Privacy-Policy/raw/static.trulia-cdn.com/images/btn_afl_enter.gif'

     0K ...                                                   100% 48.1M=0s

2012-05-07 05:16:15 (48.1 MB/s) - `code/../crawls/trulia.com/Privacy-Policy/raw/static.trulia-cdn.com/images/btn_afl_enter.gif' saved [3298/3298]

--2012-05-07 05:16:15--  http://static.trulia-cdn.com/images/flair/rc_bob.png
Reusing existing connection to static.trulia-cdn.com:80.
HTTP request sent, awaiting response... 200 OK
Length: 2086 (2.0K) [image/png]
Saving to: `code/../crawls/trulia.com/Privacy-Policy/raw/static.trulia-cdn.com/images/flair/rc_bob.png'

     0K ..                                                    100%  301M=0s

2012-05-07 05:16:15 (301 MB/s) - `code/../crawls/trulia.com/Privacy-Policy/raw/static.trulia-cdn.com/images/flair/rc_bob.png' saved [2086/2086]

--2012-05-07 05:16:15--  http://static.trulia-cdn.com/images/flair/rc_orange.png
Reusing existing connection to static.trulia-cdn.com:80.
HTTP request sent, awaiting response... 200 OK
Length: 1913 (1.9K) [image/png]
Saving to: `code/../crawls/trulia.com/Privacy-Policy/raw/static.trulia-cdn.com/images/flair/rc_orange.png'

     0K .                                                     100%  273M=0s

2012-05-07 05:16:15 (273 MB/s) - `code/../crawls/trulia.com/Privacy-Policy/raw/static.trulia-cdn.com/images/flair/rc_orange.png' saved [1913/1913]

--2012-05-07 05:16:15--  http://static.trulia-cdn.com/images/flair/rc_gow.png
Reusing existing connection to static.trulia-cdn.com:80.
HTTP request sent, awaiting response... 200 OK
Length: 1893 (1.8K) [image/png]
Saving to: `code/../crawls/trulia.com/Privacy-Policy/raw/static.trulia-cdn.com/images/flair/rc_gow.png'

     0K .                                                     100%  282M=0s

2012-05-07 05:16:15 (282 MB/s) - `code/../crawls/trulia.com/Privacy-Policy/raw/static.trulia-cdn.com/images/flair/rc_gow.png' saved [1893/1893]

--2012-05-07 05:16:15--  http://static.trulia-cdn.com/images/flair/rc_bow.png
Reusing existing connection to static.trulia-cdn.com:80.
HTTP request sent, awaiting response... 200 OK
Length: 1918 (1.9K) [image/png]
Saving to: `code/../crawls/trulia.com/Privacy-Policy/raw/static.trulia-cdn.com/images/flair/rc_bow.png'

     0K .                                                     100%  278M=0s

2012-05-07 05:16:15 (278 MB/s) - `code/../crawls/trulia.com/Privacy-Policy/raw/static.trulia-cdn.com/images/flair/rc_bow.png' saved [1918/1918]

--2012-05-07 05:16:15--  http://static.trulia-cdn.com/images/flair/rc_oow.png
Reusing existing connection to static.trulia-cdn.com:80.
HTTP request sent, awaiting response... 200 OK
Length: 1893 (1.8K) [image/png]
Saving to: `code/../crawls/trulia.com/Privacy-Policy/raw/static.trulia-cdn.com/images/flair/rc_oow.png'

     0K .                                                     100%  276M=0s

2012-05-07 05:16:15 (276 MB/s) - `code/../crawls/trulia.com/Privacy-Policy/raw/static.trulia-cdn.com/images/flair/rc_oow.png' saved [1893/1893]

--2012-05-07 05:16:15--  http://static.trulia-cdn.com/images/flair/rc_gog.png
Reusing existing connection to static.trulia-cdn.com:80.
HTTP request sent, awaiting response... 200 OK
Length: 1913 (1.9K) [image/png]
Saving to: `code/../crawls/trulia.com/Privacy-Policy/raw/static.trulia-cdn.com/images/flair/rc_gog.png'

     0K .                                                     100%  279M=0s

2012-05-07 05:16:15 (279 MB/s) - `code/../crawls/trulia.com/Privacy-Policy/raw/static.trulia-cdn.com/images/flair/rc_gog.png' saved [1913/1913]

--2012-05-07 05:16:15--  http://static.trulia-cdn.com/images/flair/rc_row.png
Reusing existing connection to static.trulia-cdn.com:80.
HTTP request sent, awaiting response... 200 OK
Length: 1893 (1.8K) [image/png]
Saving to: `code/../crawls/trulia.com/Privacy-Policy/raw/static.trulia-cdn.com/images/flair/rc_row.png'

     0K .                                                     100%  278M=0s

2012-05-07 05:16:15 (278 MB/s) - `code/../crawls/trulia.com/Privacy-Policy/raw/static.trulia-cdn.com/images/flair/rc_row.png' saved [1893/1893]

--2012-05-07 05:16:15--  http://static.trulia-cdn.com/images/flair/q_grey_box.png
Reusing existing connection to static.trulia-cdn.com:80.
HTTP request sent, awaiting response... 200 OK
Length: 2166 (2.1K) [image/png]
Saving to: `code/../crawls/trulia.com/Privacy-Policy/raw/static.trulia-cdn.com/images/flair/q_grey_box.png'

     0K ..                                                    100%  303M=0s

2012-05-07 05:16:15 (303 MB/s) - `code/../crawls/trulia.com/Privacy-Policy/raw/static.trulia-cdn.com/images/flair/q_grey_box.png' saved [2166/2166]

--2012-05-07 05:16:15--  http://static.trulia-cdn.com/images/truliapro/t_pro_blue650.png
Reusing existing connection to static.trulia-cdn.com:80.
HTTP request sent, awaiting response... 200 OK
Length: 1197 (1.2K) [image/png]
Saving to: `code/../crawls/trulia.com/Privacy-Policy/raw/static.trulia-cdn.com/images/truliapro/t_pro_blue650.png'

     0K .                                                     100%  183M=0s

2012-05-07 05:16:15 (183 MB/s) - `code/../crawls/trulia.com/Privacy-Policy/raw/static.trulia-cdn.com/images/truliapro/t_pro_blue650.png' saved [1197/1197]

--2012-05-07 05:16:15--  http://static.trulia-cdn.com/images/flair/rc_gray_on_white.png
Reusing existing connection to static.trulia-cdn.com:80.
HTTP request sent, awaiting response... 200 OK
Length: 1830 (1.8K) [image/png]
Saving to: `code/../crawls/trulia.com/Privacy-Policy/raw/static.trulia-cdn.com/images/flair/rc_gray_on_white.png'

     0K .                                                     100%  244M=0s

2012-05-07 05:16:15 (244 MB/s) - `code/../crawls/trulia.com/Privacy-Policy/raw/static.trulia-cdn.com/images/flair/rc_gray_on_white.png' saved [1830/1830]

--2012-05-07 05:16:15--  http://static.trulia-cdn.com/images/btn_afl_next.gif
Reusing existing connection to static.trulia-cdn.com:80.
HTTP request sent, awaiting response... 200 OK
Length: 3090 (3.0K) [image/gif]
Saving to: `code/../crawls/trulia.com/Privacy-Policy/raw/static.trulia-cdn.com/images/btn_afl_next.gif'

     0K ...                                                   100% 41.9M=0s

2012-05-07 05:16:15 (41.9 MB/s) - `code/../crawls/trulia.com/Privacy-Policy/raw/static.trulia-cdn.com/images/btn_afl_next.gif' saved [3090/3090]

--2012-05-07 05:16:15--  http://static.trulia-cdn.com/images/btn_afl_submit.gif
Reusing existing connection to static.trulia-cdn.com:80.
HTTP request sent, awaiting response... 200 OK
Length: 3443 (3.4K) [image/gif]
Saving to: `code/../crawls/trulia.com/Privacy-Policy/raw/static.trulia-cdn.com/images/btn_afl_submit.gif'

     0K ...                                                   100% 47.6M=0s

2012-05-07 05:16:15 (47.6 MB/s) - `code/../crawls/trulia.com/Privacy-Policy/raw/static.trulia-cdn.com/images/btn_afl_submit.gif' saved [3443/3443]

--2012-05-07 05:16:15--  http://static.trulia-cdn.com/images/btn_afl_previous.gif
Reusing existing connection to static.trulia-cdn.com:80.
HTTP request sent, awaiting response... 200 OK
Length: 3144 (3.1K) [image/gif]
Saving to: `code/../crawls/trulia.com/Privacy-Policy/raw/static.trulia-cdn.com/images/btn_afl_previous.gif'

     0K ...                                                   100% 50.6M=0s

2012-05-07 05:16:15 (50.6 MB/s) - `code/../crawls/trulia.com/Privacy-Policy/raw/static.trulia-cdn.com/images/btn_afl_previous.gif' saved [3144/3144]

--2012-05-07 05:16:15--  http://static.trulia-cdn.com/images/btn_afl_yes.gif
Reusing existing connection to static.trulia-cdn.com:80.
HTTP request sent, awaiting response... 200 OK
Length: 6209 (6.1K) [image/gif]
Saving to: `code/../crawls/trulia.com/Privacy-Policy/raw/static.trulia-cdn.com/images/btn_afl_yes.gif'

     0K ......                                                100% 20.0M=0s

2012-05-07 05:16:15 (20.0 MB/s) - `code/../crawls/trulia.com/Privacy-Policy/raw/static.trulia-cdn.com/images/btn_afl_yes.gif' saved [6209/6209]

--2012-05-07 05:16:15--  http://static.trulia-cdn.com/images/btn_afl_get_started.gif
Reusing existing connection to static.trulia-cdn.com:80.
HTTP request sent, awaiting response... 200 OK
Length: 4666 (4.6K) [image/gif]
Saving to: `code/../crawls/trulia.com/Privacy-Policy/raw/static.trulia-cdn.com/images/btn_afl_get_started.gif'

     0K ....                                                  100% 21.7M=0s

2012-05-07 05:16:15 (21.7 MB/s) - `code/../crawls/trulia.com/Privacy-Policy/raw/static.trulia-cdn.com/images/btn_afl_get_started.gif' saved [4666/4666]

--2012-05-07 05:16:15--  http://static.trulia-cdn.com/images/btn_afl_cancel_small.gif
Reusing existing connection to static.trulia-cdn.com:80.
HTTP request sent, awaiting response... 200 OK
Length: 1939 (1.9K) [image/gif]
Saving to: `code/../crawls/trulia.com/Privacy-Policy/raw/static.trulia-cdn.com/images/btn_afl_cancel_small.gif'

     0K .                                                     100%  281M=0s

2012-05-07 05:16:15 (281 MB/s) - `code/../crawls/trulia.com/Privacy-Policy/raw/static.trulia-cdn.com/images/btn_afl_cancel_small.gif' saved [1939/1939]

--2012-05-07 05:16:15--  http://static.trulia-cdn.com/images/btn_afl_save.gif
Reusing existing connection to static.trulia-cdn.com:80.
HTTP request sent, awaiting response... 200 OK
Length: 1635 (1.6K) [image/gif]
Saving to: `code/../crawls/trulia.com/Privacy-Policy/raw/static.trulia-cdn.com/images/btn_afl_save.gif'

     0K .                                                     100%  204M=0s

2012-05-07 05:16:15 (204 MB/s) - `code/../crawls/trulia.com/Privacy-Policy/raw/static.trulia-cdn.com/images/btn_afl_save.gif' saved [1635/1635]

--2012-05-07 05:16:15--  http://static.trulia-cdn.com/images/flair/ccc_vertical_line.gif
Reusing existing connection to static.trulia-cdn.com:80.
HTTP request sent, awaiting response... 200 OK
Length: 45 [image/gif]
Saving to: `code/../crawls/trulia.com/Privacy-Policy/raw/static.trulia-cdn.com/images/flair/ccc_vertical_line.gif'

     0K                                                       100% 7.53M=0s

2012-05-07 05:16:15 (7.53 MB/s) - `code/../crawls/trulia.com/Privacy-Policy/raw/static.trulia-cdn.com/images/flair/ccc_vertical_line.gif' saved [45/45]

--2012-05-07 05:16:15--  http://static.trulia-cdn.com/images/buttons/btn_more_photos_details.gif
Reusing existing connection to static.trulia-cdn.com:80.
HTTP request sent, awaiting response... 200 OK
Length: 7088 (6.9K) [image/gif]
Saving to: `code/../crawls/trulia.com/Privacy-Policy/raw/static.trulia-cdn.com/images/buttons/btn_more_photos_details.gif'

     0K ......                                                100% 16.4M=0s

2012-05-07 05:16:15 (16.4 MB/s) - `code/../crawls/trulia.com/Privacy-Policy/raw/static.trulia-cdn.com/images/buttons/btn_more_photos_details.gif' saved [7088/7088]

--2012-05-07 05:16:15--  http://static.trulia-cdn.com/images/buttons/btn_more_photo_detail_realtytrack.gif
Reusing existing connection to static.trulia-cdn.com:80.
HTTP request sent, awaiting response... 200 OK
Length: 6832 (6.7K) [image/gif]
Saving to: `code/../crawls/trulia.com/Privacy-Policy/raw/static.trulia-cdn.com/images/buttons/btn_more_photo_detail_realtytrack.gif'

     0K ......                                                100% 17.1M=0s

2012-05-07 05:16:15 (17.1 MB/s) - `code/../crawls/trulia.com/Privacy-Policy/raw/static.trulia-cdn.com/images/buttons/btn_more_photo_detail_realtytrack.gif' saved [6832/6832]

--2012-05-07 05:16:15--  http://static.trulia-cdn.com/images/icons/error_flag_icon.gif
Reusing existing connection to static.trulia-cdn.com:80.
HTTP request sent, awaiting response... 200 OK
Length: 193 [image/gif]
Saving to: `code/../crawls/trulia.com/Privacy-Policy/raw/static.trulia-cdn.com/images/icons/error_flag_icon.gif'

     0K                                                       100% 33.9M=0s

2012-05-07 05:16:15 (33.9 MB/s) - `code/../crawls/trulia.com/Privacy-Policy/raw/static.trulia-cdn.com/images/icons/error_flag_icon.gif' saved [193/193]

--2012-05-07 05:16:15--  http://static.trulia-cdn.com/images/buttons/btn_ask_me_about_this_listing.gif
Reusing existing connection to static.trulia-cdn.com:80.
HTTP request sent, awaiting response... 200 OK
Length: 4502 (4.4K) [image/gif]
Saving to: `code/../crawls/trulia.com/Privacy-Policy/raw/static.trulia-cdn.com/images/buttons/btn_ask_me_about_this_listing.gif'

     0K ....                                                  100% 23.1M=0s

2012-05-07 05:16:15 (23.1 MB/s) - `code/../crawls/trulia.com/Privacy-Policy/raw/static.trulia-cdn.com/images/buttons/btn_ask_me_about_this_listing.gif' saved [4502/4502]

--2012-05-07 05:16:15--  http://static.trulia-cdn.com/images/flair/side_nav_box.png
Reusing existing connection to static.trulia-cdn.com:80.
HTTP request sent, awaiting response... 200 OK
Length: 1333 (1.3K) [image/png]
Saving to: `code/../crawls/trulia.com/Privacy-Policy/raw/static.trulia-cdn.com/images/flair/side_nav_box.png'

     0K .                                                     100%  192M=0s

2012-05-07 05:16:15 (192 MB/s) - `code/../crawls/trulia.com/Privacy-Policy/raw/static.trulia-cdn.com/images/flair/side_nav_box.png' saved [1333/1333]

--2012-05-07 05:16:15--  http://static.trulia-cdn.com/images/flair/launchpad_main.png
Reusing existing connection to static.trulia-cdn.com:80.
HTTP request sent, awaiting response... 200 OK
Length: 1575 (1.5K) [image/png]
Saving to: `code/../crawls/trulia.com/Privacy-Policy/raw/static.trulia-cdn.com/images/flair/launchpad_main.png'

     0K .                                                     100%  211M=0s

2012-05-07 05:16:15 (211 MB/s) - `code/../crawls/trulia.com/Privacy-Policy/raw/static.trulia-cdn.com/images/flair/launchpad_main.png' saved [1575/1575]

--2012-05-07 05:16:15--  http://static.trulia-cdn.com/images/flair/launchpad_subtil_2009-04-01.png
Reusing existing connection to static.trulia-cdn.com:80.
HTTP request sent, awaiting response... 200 OK
Length: 2229 (2.2K) [image/png]
Saving to: `code/../crawls/trulia.com/Privacy-Policy/raw/static.trulia-cdn.com/images/flair/launchpad_subtil_2009-04-01.png'

     0K ..                                                    100%  303M=0s

2012-05-07 05:16:15 (303 MB/s) - `code/../crawls/trulia.com/Privacy-Policy/raw/static.trulia-cdn.com/images/flair/launchpad_subtil_2009-04-01.png' saved [2229/2229]

--2012-05-07 05:16:15--  http://static.trulia-cdn.com/images/flair/green_module_box.png
Reusing existing connection to static.trulia-cdn.com:80.
HTTP request sent, awaiting response... 200 OK
Length: 2024 (2.0K) [image/png]
Saving to: `code/../crawls/trulia.com/Privacy-Policy/raw/static.trulia-cdn.com/images/flair/green_module_box.png'

     0K .                                                     100%  274M=0s

2012-05-07 05:16:15 (274 MB/s) - `code/../crawls/trulia.com/Privacy-Policy/raw/static.trulia-cdn.com/images/flair/green_module_box.png' saved [2024/2024]

--2012-05-07 05:16:15--  http://static.trulia-cdn.com/images/voices_ask_bkgd.png
Reusing existing connection to static.trulia-cdn.com:80.
HTTP request sent, awaiting response... 200 OK
Length: 932 [image/png]
Saving to: `code/../crawls/trulia.com/Privacy-Policy/raw/static.trulia-cdn.com/images/voices_ask_bkgd.png'

     0K                                                       100%  160M=0s

2012-05-07 05:16:15 (160 MB/s) - `code/../crawls/trulia.com/Privacy-Policy/raw/static.trulia-cdn.com/images/voices_ask_bkgd.png' saved [932/932]

--2012-05-07 05:16:15--  http://static.trulia-cdn.com/images/flair/launchpad_subtil_big.png
Reusing existing connection to static.trulia-cdn.com:80.
HTTP request sent, awaiting response... 200 OK
Length: 7278 (7.1K) [image/png]
Saving to: `code/../crawls/trulia.com/Privacy-Policy/raw/static.trulia-cdn.com/images/flair/launchpad_subtil_big.png'

     0K .......                                               100% 16.4M=0s

2012-05-07 05:16:15 (16.4 MB/s) - `code/../crawls/trulia.com/Privacy-Policy/raw/static.trulia-cdn.com/images/flair/launchpad_subtil_big.png' saved [7278/7278]

--2012-05-07 05:16:15--  http://static.trulia-cdn.com/images/flair/social_icons_imgsheet.png
Reusing existing connection to static.trulia-cdn.com:80.
HTTP request sent, awaiting response... 200 OK
Length: 3325 (3.2K) [image/png]
Saving to: `code/../crawls/trulia.com/Privacy-Policy/raw/static.trulia-cdn.com/images/flair/social_icons_imgsheet.png'

     0K ...                                                   100% 46.9M=0s

2012-05-07 05:16:15 (46.9 MB/s) - `code/../crawls/trulia.com/Privacy-Policy/raw/static.trulia-cdn.com/images/flair/social_icons_imgsheet.png' saved [3325/3325]

--2012-05-07 05:16:15--  http://static.trulia-cdn.com/images/flair/school_sheet.png?v=20080310f
Reusing existing connection to static.trulia-cdn.com:80.
HTTP request sent, awaiting response... 200 OK
Length: 3454 (3.4K) [image/png]
Saving to: `code/../crawls/trulia.com/Privacy-Policy/raw/static.trulia-cdn.com/images/flair/school_sheet.png?v=20080310f'

     0K ...                                                   100% 47.0M=0s

2012-05-07 05:16:15 (47.0 MB/s) - `code/../crawls/trulia.com/Privacy-Policy/raw/static.trulia-cdn.com/images/flair/school_sheet.png?v=20080310f' saved [3454/3454]

--2012-05-07 05:16:15--  http://static.trulia-cdn.com/images/flair/green_gradient.gif
Reusing existing connection to static.trulia-cdn.com:80.
HTTP request sent, awaiting response... 200 OK
Length: 314 [image/gif]
Saving to: `code/../crawls/trulia.com/Privacy-Policy/raw/static.trulia-cdn.com/images/flair/green_gradient.gif'

     0K                                                       100% 57.8M=0s

2012-05-07 05:16:15 (57.8 MB/s) - `code/../crawls/trulia.com/Privacy-Policy/raw/static.trulia-cdn.com/images/flair/green_gradient.gif' saved [314/314]

--2012-05-07 05:16:15--  http://static.trulia-cdn.com/images/homepage/btn_search_hp.png
Reusing existing connection to static.trulia-cdn.com:80.
HTTP request sent, awaiting response... 200 OK
Length: 6545 (6.4K) [image/png]
Saving to: `code/../crawls/trulia.com/Privacy-Policy/raw/static.trulia-cdn.com/images/homepage/btn_search_hp.png'

     0K ......                                                100% 48.0M=0s

2012-05-07 05:16:16 (48.0 MB/s) - `code/../crawls/trulia.com/Privacy-Policy/raw/static.trulia-cdn.com/images/homepage/btn_search_hp.png' saved [6545/6545]

--2012-05-07 05:16:16--  http://static.trulia-cdn.com/images/homepage/btn_search_hp_ie6.png
Reusing existing connection to static.trulia-cdn.com:80.
HTTP request sent, awaiting response... 200 OK
Length: 3591 (3.5K) [image/png]
Saving to: `code/../crawls/trulia.com/Privacy-Policy/raw/static.trulia-cdn.com/images/homepage/btn_search_hp_ie6.png'

     0K ...                                                   100%  189M=0s

2012-05-07 05:16:16 (189 MB/s) - `code/../crawls/trulia.com/Privacy-Policy/raw/static.trulia-cdn.com/images/homepage/btn_search_hp_ie6.png' saved [3591/3591]

--2012-05-07 05:16:16--  http://static.trulia-cdn.com/images/flair/subtil_rounded_box.png
Reusing existing connection to static.trulia-cdn.com:80.
HTTP request sent, awaiting response... 200 OK
Length: 1345 (1.3K) [image/png]
Saving to: `code/../crawls/trulia.com/Privacy-Policy/raw/static.trulia-cdn.com/images/flair/subtil_rounded_box.png'

     0K .                                                     100%  190M=0s

2012-05-07 05:16:16 (190 MB/s) - `code/../crawls/trulia.com/Privacy-Policy/raw/static.trulia-cdn.com/images/flair/subtil_rounded_box.png' saved [1345/1345]

--2012-05-07 05:16:16--  http://static.trulia-cdn.com/images/triangle_horiz_9.gif
Reusing existing connection to static.trulia-cdn.com:80.
HTTP request sent, awaiting response... 200 OK
Length: 54 [image/gif]
Saving to: `code/../crawls/trulia.com/Privacy-Policy/raw/static.trulia-cdn.com/images/triangle_horiz_9.gif'

     0K                                                       100% 9.70M=0s

2012-05-07 05:16:16 (9.70 MB/s) - `code/../crawls/trulia.com/Privacy-Policy/raw/static.trulia-cdn.com/images/triangle_horiz_9.gif' saved [54/54]

--2012-05-07 05:16:16--  http://static.trulia-cdn.com/images/triangle_9.gif
Reusing existing connection to static.trulia-cdn.com:80.
HTTP request sent, awaiting response... 200 OK
Length: 57 [image/gif]
Saving to: `code/../crawls/trulia.com/Privacy-Policy/raw/static.trulia-cdn.com/images/triangle_9.gif'

     0K                                                       100% 10.8M=0s

2012-05-07 05:16:16 (10.8 MB/s) - `code/../crawls/trulia.com/Privacy-Policy/raw/static.trulia-cdn.com/images/triangle_9.gif' saved [57/57]

--2012-05-07 05:16:16--  http://static.trulia-cdn.com/images/flair/st_module_bkgd_650.png
Reusing existing connection to static.trulia-cdn.com:80.
HTTP request sent, awaiting response... 200 OK
Length: 2397 (2.3K) [image/png]
Saving to: `code/../crawls/trulia.com/Privacy-Policy/raw/static.trulia-cdn.com/images/flair/st_module_bkgd_650.png'

     0K ..                                                    100% 44.0M=0s

2012-05-07 05:16:16 (44.0 MB/s) - `code/../crawls/trulia.com/Privacy-Policy/raw/static.trulia-cdn.com/images/flair/st_module_bkgd_650.png' saved [2397/2397]

--2012-05-07 05:16:16--  http://static.trulia-cdn.com/images/flair/pdp_pro_imagesheet.png
Reusing existing connection to static.trulia-cdn.com:80.
HTTP request sent, awaiting response... 200 OK
Length: 18814 (18K) [image/png]
Saving to: `code/../crawls/trulia.com/Privacy-Policy/raw/static.trulia-cdn.com/images/flair/pdp_pro_imagesheet.png'

     0K .......... ........                                   100% 10.1M=0.002s

2012-05-07 05:16:16 (10.1 MB/s) - `code/../crawls/trulia.com/Privacy-Policy/raw/static.trulia-cdn.com/images/flair/pdp_pro_imagesheet.png' saved [18814/18814]

--2012-05-07 05:16:16--  http://static.trulia-cdn.com/images/buttons/btn_send_clr.gif
Reusing existing connection to static.trulia-cdn.com:80.
HTTP request sent, awaiting response... 200 OK
Length: 2922 (2.9K) [image/gif]
Saving to: `code/../crawls/trulia.com/Privacy-Policy/raw/static.trulia-cdn.com/images/buttons/btn_send_clr.gif'

     0K ..                                                    100% 45.4M=0s

2012-05-07 05:16:16 (45.4 MB/s) - `code/../crawls/trulia.com/Privacy-Policy/raw/static.trulia-cdn.com/images/buttons/btn_send_clr.gif' saved [2922/2922]

--2012-05-07 05:16:16--  http://static.trulia-cdn.com/images/truliapro/img_clr_confirmation.gif
Reusing existing connection to static.trulia-cdn.com:80.
HTTP request sent, awaiting response... 200 OK
Length: 52762 (52K) [image/gif]
Saving to: `code/../crawls/trulia.com/Privacy-Policy/raw/static.trulia-cdn.com/images/truliapro/img_clr_confirmation.gif'

     0K .......... .......... .......... .......... .......... 97% 11.1M 0s
    50K .                                                     100% 2909G=0.004s

2012-05-07 05:16:16 (11.5 MB/s) - `code/../crawls/trulia.com/Privacy-Policy/raw/static.trulia-cdn.com/images/truliapro/img_clr_confirmation.gif' saved [52762/52762]

--2012-05-07 05:16:16--  http://static.trulia-cdn.com/images/flair/homepg_imgesheet_20110819.png
Reusing existing connection to static.trulia-cdn.com:80.
HTTP request sent, awaiting response... 200 OK
Length: 4168 (4.1K) [image/png]
Saving to: `code/../crawls/trulia.com/Privacy-Policy/raw/static.trulia-cdn.com/images/flair/homepg_imgesheet_20110819.png'

     0K ....                                                  100% 21.6M=0s

2012-05-07 05:16:16 (21.6 MB/s) - `code/../crawls/trulia.com/Privacy-Policy/raw/static.trulia-cdn.com/images/flair/homepg_imgesheet_20110819.png' saved [4168/4168]

--2012-05-07 05:16:16--  http://static.trulia-cdn.com/images/flair/rounded_grey_module.png
Reusing existing connection to static.trulia-cdn.com:80.
HTTP request sent, awaiting response... 200 OK
Length: 18243 (18K) [image/png]
Saving to: `code/../crawls/trulia.com/Privacy-Policy/raw/static.trulia-cdn.com/images/flair/rounded_grey_module.png'

     0K .......... .......                                    100% 12.3M=0.001s

2012-05-07 05:16:16 (12.3 MB/s) - `code/../crawls/trulia.com/Privacy-Policy/raw/static.trulia-cdn.com/images/flair/rounded_grey_module.png' saved [18243/18243]

--2012-05-07 05:16:16--  http://static.trulia-cdn.com/images/flair/yellowbox_650.png
Reusing existing connection to static.trulia-cdn.com:80.
HTTP request sent, awaiting response... 200 OK
Length: 2211 (2.2K) [image/png]
Saving to: `code/../crawls/trulia.com/Privacy-Policy/raw/static.trulia-cdn.com/images/flair/yellowbox_650.png'

     0K ..                                                    100%  306M=0s

2012-05-07 05:16:16 (306 MB/s) - `code/../crawls/trulia.com/Privacy-Policy/raw/static.trulia-cdn.com/images/flair/yellowbox_650.png' saved [2211/2211]

--2012-05-07 05:16:16--  http://static.trulia-cdn.com/images/flair/q_icon.gif
Reusing existing connection to static.trulia-cdn.com:80.
HTTP request sent, awaiting response... 200 OK
Length: 766 [image/gif]
Saving to: `code/../crawls/trulia.com/Privacy-Policy/raw/static.trulia-cdn.com/images/flair/q_icon.gif'

     0K                                                       100%  137M=0s

2012-05-07 05:16:16 (137 MB/s) - `code/../crawls/trulia.com/Privacy-Policy/raw/static.trulia-cdn.com/images/flair/q_icon.gif' saved [766/766]

--2012-05-07 05:16:16--  http://static.trulia-cdn.com/images/flair/gradients_imgsheet_20090527.jpg
Reusing existing connection to static.trulia-cdn.com:80.
HTTP request sent, awaiting response... 200 OK
Length: 324 [image/jpeg]
Saving to: `code/../crawls/trulia.com/Privacy-Policy/raw/static.trulia-cdn.com/images/flair/gradients_imgsheet_20090527.jpg'

     0K                                                       100% 57.1M=0s

2012-05-07 05:16:16 (57.1 MB/s) - `code/../crawls/trulia.com/Privacy-Policy/raw/static.trulia-cdn.com/images/flair/gradients_imgsheet_20090527.jpg' saved [324/324]

--2012-05-07 05:16:16--  http://static.trulia-cdn.com/images/mini_info_icon.gif
Reusing existing connection to static.trulia-cdn.com:80.
HTTP request sent, awaiting response... 200 OK
Length: 314 [image/gif]
Saving to: `code/../crawls/trulia.com/Privacy-Policy/raw/static.trulia-cdn.com/images/mini_info_icon.gif'

     0K                                                       100% 59.8M=0s

2012-05-07 05:16:16 (59.8 MB/s) - `code/../crawls/trulia.com/Privacy-Policy/raw/static.trulia-cdn.com/images/mini_info_icon.gif' saved [314/314]

--2012-05-07 05:16:16--  http://static.trulia-cdn.com/images/flair/topnav_img_sheet_20110819.png
Reusing existing connection to static.trulia-cdn.com:80.
HTTP request sent, awaiting response... 200 OK
Length: 1402 (1.4K) [image/png]
Saving to: `code/../crawls/trulia.com/Privacy-Policy/raw/static.trulia-cdn.com/images/flair/topnav_img_sheet_20110819.png'

     0K .                                                     100%  214M=0s

2012-05-07 05:16:16 (214 MB/s) - `code/../crawls/trulia.com/Privacy-Policy/raw/static.trulia-cdn.com/images/flair/topnav_img_sheet_20110819.png' saved [1402/1402]

--2012-05-07 05:16:16--  http://static.trulia-cdn.com/images/jquery-ui-1.8.10/ui-bg_flat_75_ffffff_40x100.png
Reusing existing connection to static.trulia-cdn.com:80.
HTTP request sent, awaiting response... 200 OK
Length: 178 [image/png]
Saving to: `code/../crawls/trulia.com/Privacy-Policy/raw/static.trulia-cdn.com/images/jquery-ui-1.8.10/ui-bg_flat_75_ffffff_40x100.png'

     0K                                                       100% 32.1M=0s

2012-05-07 05:16:16 (32.1 MB/s) - `code/../crawls/trulia.com/Privacy-Policy/raw/static.trulia-cdn.com/images/jquery-ui-1.8.10/ui-bg_flat_75_ffffff_40x100.png' saved [178/178]

--2012-05-07 05:16:16--  http://static.trulia-cdn.com/images/jquery-ui-1.8.10/ui-bg_highlight-soft_75_cccccc_1x100.png
Reusing existing connection to static.trulia-cdn.com:80.
HTTP request sent, awaiting response... 200 OK
Length: 101 [image/png]
Saving to: `code/../crawls/trulia.com/Privacy-Policy/raw/static.trulia-cdn.com/images/jquery-ui-1.8.10/ui-bg_highlight-soft_75_cccccc_1x100.png'

     0K                                                       100% 18.3M=0s

2012-05-07 05:16:16 (18.3 MB/s) - `code/../crawls/trulia.com/Privacy-Policy/raw/static.trulia-cdn.com/images/jquery-ui-1.8.10/ui-bg_highlight-soft_75_cccccc_1x100.png' saved [101/101]

--2012-05-07 05:16:16--  http://static.trulia-cdn.com/images/jquery-ui-1.8.10/ui-bg_glass_75_e6e6e6_1x400.png
Reusing existing connection to static.trulia-cdn.com:80.
HTTP request sent, awaiting response... 200 OK
Length: 110 [image/png]
Saving to: `code/../crawls/trulia.com/Privacy-Policy/raw/static.trulia-cdn.com/images/jquery-ui-1.8.10/ui-bg_glass_75_e6e6e6_1x400.png'

     0K                                                       100% 20.3M=0s

2012-05-07 05:16:16 (20.3 MB/s) - `code/../crawls/trulia.com/Privacy-Policy/raw/static.trulia-cdn.com/images/jquery-ui-1.8.10/ui-bg_glass_75_e6e6e6_1x400.png' saved [110/110]

--2012-05-07 05:16:16--  http://static.trulia-cdn.com/images/jquery-ui-1.8.10/ui-bg_glass_75_dadada_1x400.png
Reusing existing connection to static.trulia-cdn.com:80.
HTTP request sent, awaiting response... 200 OK
Length: 111 [image/png]
Saving to: `code/../crawls/trulia.com/Privacy-Policy/raw/static.trulia-cdn.com/images/jquery-ui-1.8.10/ui-bg_glass_75_dadada_1x400.png'

     0K                                                       100% 20.3M=0s

2012-05-07 05:16:16 (20.3 MB/s) - `code/../crawls/trulia.com/Privacy-Policy/raw/static.trulia-cdn.com/images/jquery-ui-1.8.10/ui-bg_glass_75_dadada_1x400.png' saved [111/111]

--2012-05-07 05:16:16--  http://static.trulia-cdn.com/images/jquery-ui-1.8.10/ui-bg_glass_65_ffffff_1x400.png
Reusing existing connection to static.trulia-cdn.com:80.
HTTP request sent, awaiting response... 200 OK
Length: 105 [image/png]
Saving to: `code/../crawls/trulia.com/Privacy-Policy/raw/static.trulia-cdn.com/images/jquery-ui-1.8.10/ui-bg_glass_65_ffffff_1x400.png'

     0K                                                       100% 19.2M=0s

2012-05-07 05:16:16 (19.2 MB/s) - `code/../crawls/trulia.com/Privacy-Policy/raw/static.trulia-cdn.com/images/jquery-ui-1.8.10/ui-bg_glass_65_ffffff_1x400.png' saved [105/105]

--2012-05-07 05:16:16--  http://static.trulia-cdn.com/images/jquery-ui-1.8.10/ui-bg_glass_55_fbf9ee_1x400.png
Reusing existing connection to static.trulia-cdn.com:80.
HTTP request sent, awaiting response... 200 OK
Length: 120 [image/png]
Saving to: `code/../crawls/trulia.com/Privacy-Policy/raw/static.trulia-cdn.com/images/jquery-ui-1.8.10/ui-bg_glass_55_fbf9ee_1x400.png'

     0K                                                       100% 22.3M=0s

2012-05-07 05:16:16 (22.3 MB/s) - `code/../crawls/trulia.com/Privacy-Policy/raw/static.trulia-cdn.com/images/jquery-ui-1.8.10/ui-bg_glass_55_fbf9ee_1x400.png' saved [120/120]

--2012-05-07 05:16:16--  http://static.trulia-cdn.com/images/jquery-ui-1.8.10/ui-bg_glass_95_fef1ec_1x400.png
Reusing existing connection to static.trulia-cdn.com:80.
HTTP request sent, awaiting response... 200 OK
Length: 119 [image/png]
Saving to: `code/../crawls/trulia.com/Privacy-Policy/raw/static.trulia-cdn.com/images/jquery-ui-1.8.10/ui-bg_glass_95_fef1ec_1x400.png'

     0K                                                       100% 21.8M=0s

2012-05-07 05:16:16 (21.8 MB/s) - `code/../crawls/trulia.com/Privacy-Policy/raw/static.trulia-cdn.com/images/jquery-ui-1.8.10/ui-bg_glass_95_fef1ec_1x400.png' saved [119/119]

--2012-05-07 05:16:16--  http://static.trulia-cdn.com/images/jquery-ui-1.8.10/ui-icons_222222_256x240.png
Reusing existing connection to static.trulia-cdn.com:80.
HTTP request sent, awaiting response... 200 OK
Length: 4369 (4.3K) [image/png]
Saving to: `code/../crawls/trulia.com/Privacy-Policy/raw/static.trulia-cdn.com/images/jquery-ui-1.8.10/ui-icons_222222_256x240.png'

     0K ....                                                  100% 21.6M=0s

2012-05-07 05:16:16 (21.6 MB/s) - `code/../crawls/trulia.com/Privacy-Policy/raw/static.trulia-cdn.com/images/jquery-ui-1.8.10/ui-icons_222222_256x240.png' saved [4369/4369]

--2012-05-07 05:16:16--  http://static.trulia-cdn.com/images/jquery-ui-1.8.10/ui-icons_888888_256x240.png
Reusing existing connection to static.trulia-cdn.com:80.
HTTP request sent, awaiting response... 200 OK
Length: 4369 (4.3K) [image/png]
Saving to: `code/../crawls/trulia.com/Privacy-Policy/raw/static.trulia-cdn.com/images/jquery-ui-1.8.10/ui-icons_888888_256x240.png'

     0K ....                                                  100% 22.3M=0s

2012-05-07 05:16:16 (22.3 MB/s) - `code/../crawls/trulia.com/Privacy-Policy/raw/static.trulia-cdn.com/images/jquery-ui-1.8.10/ui-icons_888888_256x240.png' saved [4369/4369]

--2012-05-07 05:16:16--  http://static.trulia-cdn.com/images/jquery-ui-1.8.10/ui-icons_454545_256x240.png
Reusing existing connection to static.trulia-cdn.com:80.
HTTP request sent, awaiting response... 200 OK
Length: 4369 (4.3K) [image/png]
Saving to: `code/../crawls/trulia.com/Privacy-Policy/raw/static.trulia-cdn.com/images/jquery-ui-1.8.10/ui-icons_454545_256x240.png'

     0K ....                                                  100% 22.1M=0s

2012-05-07 05:16:16 (22.1 MB/s) - `code/../crawls/trulia.com/Privacy-Policy/raw/static.trulia-cdn.com/images/jquery-ui-1.8.10/ui-icons_454545_256x240.png' saved [4369/4369]

--2012-05-07 05:16:16--  http://static.trulia-cdn.com/images/jquery-ui-1.8.10/ui-icons_2e83ff_256x240.png
Reusing existing connection to static.trulia-cdn.com:80.
HTTP request sent, awaiting response... 200 OK
Length: 4369 (4.3K) [image/png]
Saving to: `code/../crawls/trulia.com/Privacy-Policy/raw/static.trulia-cdn.com/images/jquery-ui-1.8.10/ui-icons_2e83ff_256x240.png'

     0K ....                                                  100% 22.5M=0s

2012-05-07 05:16:16 (22.5 MB/s) - `code/../crawls/trulia.com/Privacy-Policy/raw/static.trulia-cdn.com/images/jquery-ui-1.8.10/ui-icons_2e83ff_256x240.png' saved [4369/4369]

--2012-05-07 05:16:16--  http://static.trulia-cdn.com/images/jquery-ui-1.8.10/ui-icons_cd0a0a_256x240.png
Reusing existing connection to static.trulia-cdn.com:80.
HTTP request sent, awaiting response... 200 OK
Length: 4369 (4.3K) [image/png]
Saving to: `code/../crawls/trulia.com/Privacy-Policy/raw/static.trulia-cdn.com/images/jquery-ui-1.8.10/ui-icons_cd0a0a_256x240.png'

     0K ....                                                  100% 22.0M=0s

2012-05-07 05:16:16 (22.0 MB/s) - `code/../crawls/trulia.com/Privacy-Policy/raw/static.trulia-cdn.com/images/jquery-ui-1.8.10/ui-icons_cd0a0a_256x240.png' saved [4369/4369]

--2012-05-07 05:16:16--  http://static.trulia-cdn.com/images/jquery-ui-1.8.10/ui-bg_flat_0_aaaaaa_40x100.png
Reusing existing connection to static.trulia-cdn.com:80.
HTTP request sent, awaiting response... 200 OK
Length: 180 [image/png]
Saving to: `code/../crawls/trulia.com/Privacy-Policy/raw/static.trulia-cdn.com/images/jquery-ui-1.8.10/ui-bg_flat_0_aaaaaa_40x100.png'

     0K                                                       100% 33.4M=0s

2012-05-07 05:16:16 (33.4 MB/s) - `code/../crawls/trulia.com/Privacy-Policy/raw/static.trulia-cdn.com/images/jquery-ui-1.8.10/ui-bg_flat_0_aaaaaa_40x100.png' saved [180/180]

FINISHED --2012-05-07 05:16:16--
Total wall clock time: 4.0s
Downloaded: 133 files, 1.4M in 0.2s (8.14 MB/s)
Converting code/../crawls/trulia.com/Privacy-Policy/raw/www.trulia.com/privacy/index.html... 18-87
Converting code/../crawls/trulia.com/Privacy-Policy/raw/css.trulia-cdn.com/css/E17_22/colors.css?v=E17_22.css... 87-0
Converting code/../crawls/trulia.com/Privacy-Policy/raw/css.trulia-cdn.com/css/E17_22/jquery-ui-1.8.10.base.css?v=1.css... 17-0
Converting code/../crawls/trulia.com/Privacy-Policy/raw/css.trulia-cdn.com/css/E17_22/static.css?v=E17_22.css... 20-0
Converting code/../crawls/trulia.com/Privacy-Policy/raw/css.trulia-cdn.com/css/E17_22/main.css?v=E17_22.css... 32-0
Converted 5 files in 0.01 seconds.
