--2012-10-04 05:18:09--  http://allthingsd.com/privacy/
Resolving allthingsd.com... 69.174.248.253, 69.174.248.254
Connecting to allthingsd.com|69.174.248.253|:80... connected.
HTTP request sent, awaiting response... 200 OK
Length: unspecified [text/html]
Saving to: `code/../crawls/allthingsd.com/Privacy-Policy/raw/allthingsd.com/privacy/index.html'

     0K .......... .......... .......... .......... .......... 1020K
    50K .......... .......... .                                1.96M=0.06s

2012-10-04 05:18:10 (1.17 MB/s) - `code/../crawls/allthingsd.com/Privacy-Policy/raw/allthingsd.com/privacy/index.html' saved [73051]

--2012-10-04 05:18:10--  http://sc.wsj.net/css/cssDependencies/hat-icons.css
Resolving sc.wsj.net... 23.61.194.17, 23.61.194.50
Connecting to sc.wsj.net|23.61.194.17|:80... connected.
HTTP request sent, awaiting response... 200 OK
Length: 19628 (19K) [text/css]
Saving to: `code/../crawls/allthingsd.com/Privacy-Policy/raw/sc.wsj.net/css/cssDependencies/hat-icons.css'

     0K .......... .........                                  100% 3.44M=0.005s

2012-10-04 05:18:10 (3.44 MB/s) - `code/../crawls/allthingsd.com/Privacy-Policy/raw/sc.wsj.net/css/cssDependencies/hat-icons.css' saved [19628/19628]

--2012-10-04 05:18:10--  http://allthingsd.com/wp-content/themes/atd-2.0/css/allthingsd.20120816.css?ver=20120913
Connecting to allthingsd.com|69.174.248.253|:80... connected.
HTTP request sent, awaiting response... 200 OK
Length: 104797 (102K) [text/css]
Saving to: `code/../crawls/allthingsd.com/Privacy-Policy/raw/allthingsd.com/wp-content/themes/atd-2.0/css/allthingsd.20120816.css?ver=20120913.css'

     0K .......... .......... .......... .......... .......... 48%  998K 0s
    50K .......... .......... .......... .......... .......... 97% 3.78M 0s
   100K ..                                                    100% 17.4M=0.06s

2012-10-04 05:18:10 (1.58 MB/s) - `code/../crawls/allthingsd.com/Privacy-Policy/raw/allthingsd.com/wp-content/themes/atd-2.0/css/allthingsd.20120816.css?ver=20120913.css' saved [104797/104797]

--2012-10-04 05:18:10--  http://allthingsd.com/wp-content/plugins/easy-fancybox/easy-fancybox.css.php?ver=1.3.4
Connecting to allthingsd.com|69.174.248.253|:80... connected.
HTTP request sent, awaiting response... 200 OK
Length: unspecified [text/css]
Saving to: `code/../crawls/allthingsd.com/Privacy-Policy/raw/allthingsd.com/wp-content/plugins/easy-fancybox/easy-fancybox.css.php?ver=1.3.4.css'

     0K .......                                                 662K=0.01s

2012-10-04 05:18:10 (662 KB/s) - `code/../crawls/allthingsd.com/Privacy-Policy/raw/allthingsd.com/wp-content/plugins/easy-fancybox/easy-fancybox.css.php?ver=1.3.4.css' saved [8092]

--2012-10-04 05:18:10--  http://allthingsd.com/wp-content/plugins/wp-pagenavi/pagenavi-css.css?ver=2.70
Connecting to allthingsd.com|69.174.248.253|:80... connected.
HTTP request sent, awaiting response... 200 OK
Length: 374 [text/css]
Saving to: `code/../crawls/allthingsd.com/Privacy-Policy/raw/allthingsd.com/wp-content/plugins/wp-pagenavi/pagenavi-css.css?ver=2.70.css'

     0K                                                       100% 62.2M=0s

2012-10-04 05:18:10 (62.2 MB/s) - `code/../crawls/allthingsd.com/Privacy-Policy/raw/allthingsd.com/wp-content/plugins/wp-pagenavi/pagenavi-css.css?ver=2.70.css' saved [374/374]

--2012-10-04 05:18:10--  http://allthingsd.com/wp-content/plugins/twitter-blackbird-pie/css/blackbirdpie.css?ver=20110416
Connecting to allthingsd.com|69.174.248.253|:80... connected.
HTTP request sent, awaiting response... 200 OK
Length: 1135 (1.1K) [text/css]
Saving to: `code/../crawls/allthingsd.com/Privacy-Policy/raw/allthingsd.com/wp-content/plugins/twitter-blackbird-pie/css/blackbirdpie.css?ver=20110416.css'

     0K .                                                     100%  171M=0s

2012-10-04 05:18:10 (171 MB/s) - `code/../crawls/allthingsd.com/Privacy-Policy/raw/allthingsd.com/wp-content/plugins/twitter-blackbird-pie/css/blackbirdpie.css?ver=20110416.css' saved [1135/1135]

--2012-10-04 05:18:10--  http://widgets.twimg.com/j/2/widget.js?ver=3.4.2
Resolving widgets.twimg.com... 184.169.75.33
Connecting to widgets.twimg.com|184.169.75.33|:80... connected.
HTTP request sent, awaiting response... 200 OK
Length: unspecified [application/javascript]
Saving to: `code/../crawls/allthingsd.com/Privacy-Policy/raw/widgets.twimg.com/j/2/widget.js?ver=3.4.2'

     0K .......... .......... .......... .......... ....       12.3M=0.004s

2012-10-04 05:18:10 (12.3 MB/s) - `code/../crawls/allthingsd.com/Privacy-Policy/raw/widgets.twimg.com/j/2/widget.js?ver=3.4.2' saved [45284]

--2012-10-04 05:18:10--  http://allthingsd.com/wp-includes/js/jquery/jquery.js?ver=1.7.2
Connecting to allthingsd.com|69.174.248.253|:80... connected.
HTTP request sent, awaiting response... 200 OK
Length: 94861 (93K) [application/x-javascript]
Saving to: `code/../crawls/allthingsd.com/Privacy-Policy/raw/allthingsd.com/wp-includes/js/jquery/jquery.js?ver=1.7.2'

     0K .......... .......... .......... .......... .......... 53% 1010K 0s
    50K .......... .......... .......... .......... ..        100% 3.29M=0.06s

2012-10-04 05:18:10 (1.46 MB/s) - `code/../crawls/allthingsd.com/Privacy-Policy/raw/allthingsd.com/wp-includes/js/jquery/jquery.js?ver=1.7.2' saved [94861/94861]

--2012-10-04 05:18:10--  http://allthingsd.com/wp-content/themes/atd-2.0/js/libs/jquery.tools.min.js?ver=3.4.2
Connecting to allthingsd.com|69.174.248.253|:80... connected.
HTTP request sent, awaiting response... 200 OK
Length: 13448 (13K) [application/x-javascript]
Saving to: `code/../crawls/allthingsd.com/Privacy-Policy/raw/allthingsd.com/wp-content/themes/atd-2.0/js/libs/jquery.tools.min.js?ver=3.4.2'

     0K .......... ...                                        100%  503K=0.03s

2012-10-04 05:18:10 (503 KB/s) - `code/../crawls/allthingsd.com/Privacy-Policy/raw/allthingsd.com/wp-content/themes/atd-2.0/js/libs/jquery.tools.min.js?ver=3.4.2' saved [13448/13448]

--2012-10-04 05:18:10--  http://allthingsd.com/wp-content/themes/atd-2.0/js/cookie.js?ver=20120913
Connecting to allthingsd.com|69.174.248.253|:80... connected.
HTTP request sent, awaiting response... 200 OK
Length: 1000 [application/x-javascript]
Saving to: `code/../crawls/allthingsd.com/Privacy-Policy/raw/allthingsd.com/wp-content/themes/atd-2.0/js/cookie.js?ver=20120913'

     0K                                                       100%  179M=0s

2012-10-04 05:18:10 (179 MB/s) - `code/../crawls/allthingsd.com/Privacy-Policy/raw/allthingsd.com/wp-content/themes/atd-2.0/js/cookie.js?ver=20120913' saved [1000/1000]

--2012-10-04 05:18:10--  http://allthingsd.com/wp-content/plugins/twitter-blackbird-pie/js/blackbirdpie.js?ver=20110404
Connecting to allthingsd.com|69.174.248.253|:80... connected.
HTTP request sent, awaiting response... 200 OK
Length: 1339 (1.3K) [application/x-javascript]
Saving to: `code/../crawls/allthingsd.com/Privacy-Policy/raw/allthingsd.com/wp-content/plugins/twitter-blackbird-pie/js/blackbirdpie.js?ver=20110404'

     0K .                                                     100%  193M=0s

2012-10-04 05:18:10 (193 MB/s) - `code/../crawls/allthingsd.com/Privacy-Policy/raw/allthingsd.com/wp-content/plugins/twitter-blackbird-pie/js/blackbirdpie.js?ver=20110404' saved [1339/1339]

--2012-10-04 05:18:10--  http://allthingsd.com/wp-content/plugins/easy-fancybox/fancybox/jquery.fancybox-1.3.4.pack.js?ver=1.3.4
Connecting to allthingsd.com|69.174.248.253|:80... connected.
HTTP request sent, awaiting response... 200 OK
Length: 15624 (15K) [application/x-javascript]
Saving to: `code/../crawls/allthingsd.com/Privacy-Policy/raw/allthingsd.com/wp-content/plugins/easy-fancybox/fancybox/jquery.fancybox-1.3.4.pack.js?ver=1.3.4'

     0K .......... .....                                      100%  593K=0.03s

2012-10-04 05:18:10 (593 KB/s) - `code/../crawls/allthingsd.com/Privacy-Policy/raw/allthingsd.com/wp-content/plugins/easy-fancybox/fancybox/jquery.fancybox-1.3.4.pack.js?ver=1.3.4' saved [15624/15624]

--2012-10-04 05:18:10--  http://allthingsd.com/wp-content/plugins/easy-fancybox/fancybox/jquery.mousewheel-3.0.4.pack.js?ver=3.0.4
Connecting to allthingsd.com|69.174.248.253|:80... connected.
HTTP request sent, awaiting response... 200 OK
Length: 1279 (1.2K) [application/x-javascript]
Saving to: `code/../crawls/allthingsd.com/Privacy-Policy/raw/allthingsd.com/wp-content/plugins/easy-fancybox/fancybox/jquery.mousewheel-3.0.4.pack.js?ver=3.0.4'

     0K .                                                     100%  192M=0s

2012-10-04 05:18:10 (192 MB/s) - `code/../crawls/allthingsd.com/Privacy-Policy/raw/allthingsd.com/wp-content/plugins/easy-fancybox/fancybox/jquery.mousewheel-3.0.4.pack.js?ver=3.0.4' saved [1279/1279]

--2012-10-04 05:18:10--  http://allthingsd.com/wp-content/plugins/wp-smugmug/wp-smugmug.php?wpsm-action=css
Connecting to allthingsd.com|69.174.248.253|:80... connected.
HTTP request sent, awaiting response... 200 OK
Length: unspecified [text/css]
Saving to: `code/../crawls/allthingsd.com/Privacy-Policy/raw/allthingsd.com/wp-content/plugins/wp-smugmug/wp-smugmug.php?wpsm-action=css.css'

     0K .                                                       147M=0s

2012-10-04 05:18:10 (147 MB/s) - `code/../crawls/allthingsd.com/Privacy-Policy/raw/allthingsd.com/wp-content/plugins/wp-smugmug/wp-smugmug.php?wpsm-action=css.css' saved [1598]

--2012-10-04 05:18:10--  http://fonts.wsj.com/prf3ptt.js
Resolving fonts.wsj.com... 23.61.194.34, 23.61.194.43
Connecting to fonts.wsj.com|23.61.194.34|:80... connected.
HTTP request sent, awaiting response... 200 OK
Length: 25098 (25K) [application/javascript]
Saving to: `code/../crawls/allthingsd.com/Privacy-Policy/raw/fonts.wsj.com/prf3ptt.js'

     0K .......... .......... ....                            100% 3.97M=0.006s

2012-10-04 05:18:10 (3.97 MB/s) - `code/../crawls/allthingsd.com/Privacy-Policy/raw/fonts.wsj.com/prf3ptt.js' saved [25098/25098]

--2012-10-04 05:18:10--  http://stags.peer39.net/712/trg_712.js
Resolving stags.peer39.net... 23.61.194.64, 23.61.194.81
Connecting to stags.peer39.net|23.61.194.64|:80... connected.
HTTP request sent, awaiting response... 200 OK
Length: 6414 (6.3K) [application/x-javascript]
Saving to: `code/../crawls/allthingsd.com/Privacy-Policy/raw/stags.peer39.net/712/trg_712.js'

     0K ......                                                100% 32.1K=0.2s

2012-10-04 05:18:13 (32.1 KB/s) - `code/../crawls/allthingsd.com/Privacy-Policy/raw/stags.peer39.net/712/trg_712.js' saved [6414/6414]

--2012-10-04 05:18:13--  http://sc.wsj.net/css/cssDependencies/privacyPolicy.css
Connecting to sc.wsj.net|23.61.194.17|:80... connected.
HTTP request sent, awaiting response... 200 OK
Length: 3130 (3.1K) [text/css]
Saving to: `code/../crawls/allthingsd.com/Privacy-Policy/raw/sc.wsj.net/css/cssDependencies/privacyPolicy.css'

     0K ...                                                   100% 20.7M=0s

2012-10-04 05:18:13 (20.7 MB/s) - `code/../crawls/allthingsd.com/Privacy-Policy/raw/sc.wsj.net/css/cssDependencies/privacyPolicy.css' saved [3130/3130]

--2012-10-04 05:18:13--  http://allthingsd.com/favicon.ico
Connecting to allthingsd.com|69.174.248.253|:80... connected.
HTTP request sent, awaiting response... 200 OK
Length: 5918 (5.8K) [image/vnd.microsoft.icon]
Saving to: `code/../crawls/allthingsd.com/Privacy-Policy/raw/allthingsd.com/favicon.ico'

     0K .....                                                 100%  470K=0.01s

2012-10-04 05:18:13 (470 KB/s) - `code/../crawls/allthingsd.com/Privacy-Policy/raw/allthingsd.com/favicon.ico' saved [5918/5918]

--2012-10-04 05:18:13--  http://allthingsd.com/wp-content/themes/atd-2.0/js/libs/modernizr-1.7.min.js
Connecting to allthingsd.com|69.174.248.253|:80... connected.
HTTP request sent, awaiting response... 200 OK
Length: 9021 (8.8K) [application/x-javascript]
Saving to: `code/../crawls/allthingsd.com/Privacy-Policy/raw/allthingsd.com/wp-content/themes/atd-2.0/js/libs/modernizr-1.7.min.js'

     0K ........                                              100%  930K=0.009s

2012-10-04 05:18:13 (930 KB/s) - `code/../crawls/allthingsd.com/Privacy-Policy/raw/allthingsd.com/wp-content/themes/atd-2.0/js/libs/modernizr-1.7.min.js' saved [9021/9021]

--2012-10-04 05:18:13--  http://sj.wsj.net/javascript/release/djscript-bundle-networkhat-1.13.5/dj/widget/networkHat/hat.js
Resolving sj.wsj.net... 23.61.194.10, 23.61.194.19
Connecting to sj.wsj.net|23.61.194.10|:80... connected.
HTTP request sent, awaiting response... 200 OK
Length: 9985 (9.8K) [application/x-javascript]
Saving to: `code/../crawls/allthingsd.com/Privacy-Policy/raw/sj.wsj.net/javascript/release/djscript-bundle-networkhat-1.13.5/dj/widget/networkHat/hat.js'

     0K .........                                             100% 2.60M=0.004s

2012-10-04 05:18:13 (2.60 MB/s) - `code/../crawls/allthingsd.com/Privacy-Policy/raw/sj.wsj.net/javascript/release/djscript-bundle-networkhat-1.13.5/dj/widget/networkHat/hat.js' saved [9985/9985]

--2012-10-04 05:18:13--  http://platform.twitter.com/widgets.js
Resolving platform.twitter.com... 23.56.127.144
Connecting to platform.twitter.com|23.56.127.144|:80... connected.
HTTP request sent, awaiting response... 200 OK
Length: unspecified [application/javascript]
Saving to: `code/../crawls/allthingsd.com/Privacy-Policy/raw/platform.twitter.com/widgets.js'

     0K .......... .......... .......... .......... .......... 3.39M
    50K .......... .......... .....                            7.50M=0.02s

2012-10-04 05:18:13 (4.15 MB/s) - `code/../crawls/allthingsd.com/Privacy-Policy/raw/platform.twitter.com/widgets.js' saved [76997]

--2012-10-04 05:18:13--  http://allthingsd.com/theme/img/icn-twitter-16.png
Connecting to allthingsd.com|69.174.248.253|:80... connected.
HTTP request sent, awaiting response... 200 OK
Length: 1500 (1.5K) [image/png]
Saving to: `code/../crawls/allthingsd.com/Privacy-Policy/raw/allthingsd.com/theme/img/icn-twitter-16.png'

     0K .                                                     100% 16.1M=0s

2012-10-04 05:18:13 (16.1 MB/s) - `code/../crawls/allthingsd.com/Privacy-Policy/raw/allthingsd.com/theme/img/icn-twitter-16.png' saved [1500/1500]

--2012-10-04 05:18:13--  http://allthingsd.com/theme/img/icn-facebook.png
Connecting to allthingsd.com|69.174.248.253|:80... connected.
HTTP request sent, awaiting response... 200 OK
Length: 791 [image/png]
Saving to: `code/../crawls/allthingsd.com/Privacy-Policy/raw/allthingsd.com/theme/img/icn-facebook.png'

     0K                                                       100%  129M=0s

2012-10-04 05:18:13 (129 MB/s) - `code/../crawls/allthingsd.com/Privacy-Policy/raw/allthingsd.com/theme/img/icn-facebook.png' saved [791/791]

--2012-10-04 05:18:13--  http://allthingsd.com/theme/img/icn-email-16.png
Connecting to allthingsd.com|69.174.248.253|:80... connected.
HTTP request sent, awaiting response... 200 OK
Length: 1469 (1.4K) [image/png]
Saving to: `code/../crawls/allthingsd.com/Privacy-Policy/raw/allthingsd.com/theme/img/icn-email-16.png'

     0K .                                                     100%  219M=0s

2012-10-04 05:18:13 (219 MB/s) - `code/../crawls/allthingsd.com/Privacy-Policy/raw/allthingsd.com/theme/img/icn-email-16.png' saved [1469/1469]

--2012-10-04 05:18:13--  http://allthingsd.com/wp-content/themes/atd-2.0/img/app-store.png
Connecting to allthingsd.com|69.174.248.253|:80... connected.
HTTP request sent, awaiting response... 200 OK
Length: 3785 (3.7K) [image/png]
Saving to: `code/../crawls/allthingsd.com/Privacy-Policy/raw/allthingsd.com/wp-content/themes/atd-2.0/img/app-store.png'

     0K ...                                                   100%  314K=0.01s

2012-10-04 05:18:13 (314 KB/s) - `code/../crawls/allthingsd.com/Privacy-Policy/raw/allthingsd.com/wp-content/themes/atd-2.0/img/app-store.png' saved [3785/3785]

--2012-10-04 05:18:13--  http://allthingsd.com/wp-content/themes/atd-2.0/img/footer-D.png
Connecting to allthingsd.com|69.174.248.253|:80... connected.
HTTP request sent, awaiting response... 200 OK
Length: 2253 (2.2K) [image/png]
Saving to: `code/../crawls/allthingsd.com/Privacy-Policy/raw/allthingsd.com/wp-content/themes/atd-2.0/img/footer-D.png'

     0K ..                                                    100% 5.38M=0s

2012-10-04 05:18:13 (5.38 MB/s) - `code/../crawls/allthingsd.com/Privacy-Policy/raw/allthingsd.com/wp-content/themes/atd-2.0/img/footer-D.png' saved [2253/2253]

--2012-10-04 05:18:13--  http://allthingsd.com/theme/images/feed-icon-10x10-ie.png
Connecting to allthingsd.com|69.174.248.253|:80... connected.
HTTP request sent, awaiting response... 200 OK
Length: 439 [image/png]
Saving to: `code/../crawls/allthingsd.com/Privacy-Policy/raw/allthingsd.com/theme/images/feed-icon-10x10-ie.png'

     0K                                                       100% 74.3M=0s

2012-10-04 05:18:13 (74.3 MB/s) - `code/../crawls/allthingsd.com/Privacy-Policy/raw/allthingsd.com/theme/images/feed-icon-10x10-ie.png' saved [439/439]

--2012-10-04 05:18:13--  http://stats.wordpress.com/wpcom.js?10
Resolving stats.wordpress.com... 72.233.104.123, 72.233.111.159, 74.200.247.59, ...
Connecting to stats.wordpress.com|72.233.104.123|:80... connected.
HTTP request sent, awaiting response... 200 OK
Length: unspecified [application/x-javascript]
Saving to: `code/../crawls/allthingsd.com/Privacy-Policy/raw/stats.wordpress.com/wpcom.js?10'

     0K .                                                      31.5M=0s

2012-10-04 05:18:13 (31.5 MB/s) - `code/../crawls/allthingsd.com/Privacy-Policy/raw/stats.wordpress.com/wpcom.js?10' saved [1343]

--2012-10-04 05:18:13--  http://allthingsd.com/theme/js/s_code_H_25.js
Connecting to allthingsd.com|69.174.248.253|:80... connected.
HTTP request sent, awaiting response... 200 OK
Length: 37293 (36K) [application/x-javascript]
Saving to: `code/../crawls/allthingsd.com/Privacy-Policy/raw/allthingsd.com/theme/js/s_code_H_25.js'

     0K .......... .......... .......... ......               100%  974K=0.04s

2012-10-04 05:18:13 (974 KB/s) - `code/../crawls/allthingsd.com/Privacy-Policy/raw/allthingsd.com/theme/js/s_code_H_25.js' saved [37293/37293]

--2012-10-04 05:18:13--  http://allthingsd.com/wp-content/themes/atd-2.0/js/allthingsd.min.js?ver=20120913
Connecting to allthingsd.com|69.174.248.253|:80... connected.
HTTP request sent, awaiting response... 200 OK
Length: 29897 (29K) [application/x-javascript]
Saving to: `code/../crawls/allthingsd.com/Privacy-Policy/raw/allthingsd.com/wp-content/themes/atd-2.0/js/allthingsd.min.js?ver=20120913'

     0K .......... .......... .........                       100%  785K=0.04s

2012-10-04 05:18:13 (785 KB/s) - `code/../crawls/allthingsd.com/Privacy-Policy/raw/allthingsd.com/wp-content/themes/atd-2.0/js/allthingsd.min.js?ver=20120913' saved [29897/29897]

--2012-10-04 05:18:13--  http://allthingsd.com/wp-content/themes/atd-2.0/js/video.js?ver=20120913
Connecting to allthingsd.com|69.174.248.253|:80... connected.
HTTP request sent, awaiting response... 200 OK
Length: 44164 (43K) [application/x-javascript]
Saving to: `code/../crawls/allthingsd.com/Privacy-Policy/raw/allthingsd.com/wp-content/themes/atd-2.0/js/video.js?ver=20120913'

     0K .......... .......... .......... .......... ...       100%  848K=0.05s

2012-10-04 05:18:14 (848 KB/s) - `code/../crawls/allthingsd.com/Privacy-Policy/raw/allthingsd.com/wp-content/themes/atd-2.0/js/video.js?ver=20120913' saved [44164/44164]

--2012-10-04 05:18:14--  http://allthingsd.com/wp-includes/js/tw-sack.js?ver=1.6.1
Connecting to allthingsd.com|69.174.248.253|:80... connected.
HTTP request sent, awaiting response... 200 OK
Length: 3619 (3.5K) [application/x-javascript]
Saving to: `code/../crawls/allthingsd.com/Privacy-Policy/raw/allthingsd.com/wp-includes/js/tw-sack.js?ver=1.6.1'

     0K ...                                                   100%  298K=0.01s

2012-10-04 05:18:14 (298 KB/s) - `code/../crawls/allthingsd.com/Privacy-Policy/raw/allthingsd.com/wp-includes/js/tw-sack.js?ver=1.6.1' saved [3619/3619]

--2012-10-04 05:18:14--  http://sj.wsj.net/djscript/require/dmptags/version/20110919191631.js
Connecting to sj.wsj.net|23.61.194.10|:80... connected.
HTTP request sent, awaiting response... 200 OK
Length: 7549 (7.4K) [text/javascript]
Saving to: `code/../crawls/allthingsd.com/Privacy-Policy/raw/sj.wsj.net/djscript/require/dmptags/version/20110919191631.js'

     0K .......                                               100% 2.94M=0.002s

2012-10-04 05:18:14 (2.94 MB/s) - `code/../crawls/allthingsd.com/Privacy-Policy/raw/sj.wsj.net/djscript/require/dmptags/version/20110919191631.js' saved [7549/7549]

--2012-10-04 05:18:14--  http://secure-us.imrworldwide.com/cgi-bin/m?ci=us-403743h&cg=0&cc=1&ts=noscript
Resolving secure-us.imrworldwide.com... 138.108.6.20, 138.108.7.20
Connecting to secure-us.imrworldwide.com|138.108.6.20|:80... connected.
HTTP request sent, awaiting response... 302 Found
Location: http://secure-us.imrworldwide.com/cgi-bin/m1?ci=us-403743h&cg=0&cc=1&ts=noscript&ja=1 [following]
--2012-10-04 05:18:14--  http://secure-us.imrworldwide.com/cgi-bin/m1?ci=us-403743h&cg=0&cc=1&ts=noscript&ja=1
Reusing existing connection to secure-us.imrworldwide.com:80.
HTTP request sent, awaiting response... 200 OK
Length: unspecified [image/gif]
Saving to: `code/../crawls/allthingsd.com/Privacy-Policy/raw/secure-us.imrworldwide.com/cgi-bin/m?ci=us-403743h&cg=0&cc=1&ts=noscript'

     0K                                                        4.46M=0s

2012-10-04 05:18:14 (4.46 MB/s) - `code/../crawls/allthingsd.com/Privacy-Policy/raw/secure-us.imrworldwide.com/cgi-bin/m?ci=us-403743h&cg=0&cc=1&ts=noscript' saved [44]

--2012-10-04 05:18:14--  http://s4.wsj.net/img/hat_sprite.png?v=772012
Resolving s4.wsj.net... 23.61.194.18, 23.61.194.49
Connecting to s4.wsj.net|23.61.194.18|:80... connected.
HTTP request sent, awaiting response... 200 OK
Length: 44520 (43K) [image/png]
Saving to: `code/../crawls/allthingsd.com/Privacy-Policy/raw/s4.wsj.net/img/hat_sprite.png?v=772012'

     0K .......... .......... .......... .......... ...       100% 3.59M=0.01s

2012-10-04 05:18:14 (3.59 MB/s) - `code/../crawls/allthingsd.com/Privacy-Policy/raw/s4.wsj.net/img/hat_sprite.png?v=772012' saved [44520/44520]

--2012-10-04 05:18:14--  http://s3.wsj.net/img/hat_bg_sprite.png?v=7312012
Resolving s3.wsj.net... 23.61.194.16, 23.61.194.41
Connecting to s3.wsj.net|23.61.194.16|:80... connected.
HTTP request sent, awaiting response... 200 OK
Length: 1356 (1.3K) [image/png]
Saving to: `code/../crawls/allthingsd.com/Privacy-Policy/raw/s3.wsj.net/img/hat_bg_sprite.png?v=7312012'

     0K .                                                     100%  591K=0.002s

2012-10-04 05:18:14 (591 KB/s) - `code/../crawls/allthingsd.com/Privacy-Policy/raw/s3.wsj.net/img/hat_bg_sprite.png?v=7312012' saved [1356/1356]

--2012-10-04 05:18:14--  http://s2.wsj.net/img/hat_sprite.png
Resolving s2.wsj.net... 23.61.194.65, 23.61.194.25
Connecting to s2.wsj.net|23.61.194.65|:80... connected.
HTTP request sent, awaiting response... 200 OK
Length: 44520 (43K) [image/png]
Saving to: `code/../crawls/allthingsd.com/Privacy-Policy/raw/s2.wsj.net/img/hat_sprite.png'

     0K .......... .......... .......... .......... ...       100% 4.95M=0.009s

2012-10-04 05:18:14 (4.95 MB/s) - `code/../crawls/allthingsd.com/Privacy-Policy/raw/s2.wsj.net/img/hat_sprite.png' saved [44520/44520]

--2012-10-04 05:18:14--  http://s2.wsj.net/img/vcr_hat_bg.png
Reusing existing connection to s2.wsj.net:80.
HTTP request sent, awaiting response... 200 OK
Length: 1580 (1.5K) [image/png]
Saving to: `code/../crawls/allthingsd.com/Privacy-Policy/raw/s2.wsj.net/img/vcr_hat_bg.png'

     0K .                                                     100%  227M=0s

2012-10-04 05:18:14 (227 MB/s) - `code/../crawls/allthingsd.com/Privacy-Policy/raw/s2.wsj.net/img/vcr_hat_bg.png' saved [1580/1580]

--2012-10-04 05:18:14--  http://allthingsd.com/wp-content/themes/atd-2.0/img/bg-body.jpg
Connecting to allthingsd.com|69.174.248.253|:80... connected.
HTTP request sent, awaiting response... 200 OK
Length: 859 [image/jpeg]
Saving to: `code/../crawls/allthingsd.com/Privacy-Policy/raw/allthingsd.com/wp-content/themes/atd-2.0/img/bg-body.jpg'

     0K                                                       100%  143M=0s

2012-10-04 05:18:14 (143 MB/s) - `code/../crawls/allthingsd.com/Privacy-Policy/raw/allthingsd.com/wp-content/themes/atd-2.0/img/bg-body.jpg' saved [859/859]

--2012-10-04 05:18:14--  http://allthingsd.com/wp-content/themes/atd-2.0/img/icn-video-sm.png
Connecting to allthingsd.com|69.174.248.253|:80... connected.
HTTP request sent, awaiting response... 200 OK
Length: 324 [image/png]
Saving to: `code/../crawls/allthingsd.com/Privacy-Policy/raw/allthingsd.com/wp-content/themes/atd-2.0/img/icn-video-sm.png'

     0K                                                       100% 51.5M=0s

2012-10-04 05:18:14 (51.5 MB/s) - `code/../crawls/allthingsd.com/Privacy-Policy/raw/allthingsd.com/wp-content/themes/atd-2.0/img/icn-video-sm.png' saved [324/324]

--2012-10-04 05:18:14--  http://allthingsd.com/wp-content/themes/atd-2.0/img/icn-twitter-16.png
Connecting to allthingsd.com|69.174.248.253|:80... connected.
HTTP request sent, awaiting response... 200 OK
Length: 1500 (1.5K) [image/png]
Saving to: `code/../crawls/allthingsd.com/Privacy-Policy/raw/allthingsd.com/wp-content/themes/atd-2.0/img/icn-twitter-16.png'

     0K .                                                     100%  207M=0s

2012-10-04 05:18:14 (207 MB/s) - `code/../crawls/allthingsd.com/Privacy-Policy/raw/allthingsd.com/wp-content/themes/atd-2.0/img/icn-twitter-16.png' saved [1500/1500]

--2012-10-04 05:18:14--  http://allthingsd.com/wp-content/themes/atd-2.0/img/icn-email-16.png
Connecting to allthingsd.com|69.174.248.253|:80... connected.
HTTP request sent, awaiting response... 200 OK
Length: 1469 (1.4K) [image/png]
Saving to: `code/../crawls/allthingsd.com/Privacy-Policy/raw/allthingsd.com/wp-content/themes/atd-2.0/img/icn-email-16.png'

     0K .                                                     100%  217M=0s

2012-10-04 05:18:14 (217 MB/s) - `code/../crawls/allthingsd.com/Privacy-Policy/raw/allthingsd.com/wp-content/themes/atd-2.0/img/icn-email-16.png' saved [1469/1469]

--2012-10-04 05:18:14--  http://allthingsd.com/wp-content/themes/atd-2.0/img/icn-rss-16.png
Connecting to allthingsd.com|69.174.248.253|:80... connected.
HTTP request sent, awaiting response... 200 OK
Length: 795 [image/png]
Saving to: `code/../crawls/allthingsd.com/Privacy-Policy/raw/allthingsd.com/wp-content/themes/atd-2.0/img/icn-rss-16.png'

     0K                                                       100%  146M=0s

2012-10-04 05:18:14 (146 MB/s) - `code/../crawls/allthingsd.com/Privacy-Policy/raw/allthingsd.com/wp-content/themes/atd-2.0/img/icn-rss-16.png' saved [795/795]

--2012-10-04 05:18:14--  http://allthingsd.com/wp-content/themes/atd-2.0/img/share-icon-16x16.gif
Connecting to allthingsd.com|69.174.248.253|:80... connected.
HTTP request sent, awaiting response... 200 OK
Length: 635 [image/gif]
Saving to: `code/../crawls/allthingsd.com/Privacy-Policy/raw/allthingsd.com/wp-content/themes/atd-2.0/img/share-icon-16x16.gif'

     0K                                                       100%  114M=0s

2012-10-04 05:18:14 (114 MB/s) - `code/../crawls/allthingsd.com/Privacy-Policy/raw/allthingsd.com/wp-content/themes/atd-2.0/img/share-icon-16x16.gif' saved [635/635]

--2012-10-04 05:18:14--  http://allthingsd.com/wp-content/themes/atd-2.0/img/print.gif
Connecting to allthingsd.com|69.174.248.253|:80... connected.
HTTP request sent, awaiting response... 200 OK
Length: 1049 (1.0K) [image/gif]
Saving to: `code/../crawls/allthingsd.com/Privacy-Policy/raw/allthingsd.com/wp-content/themes/atd-2.0/img/print.gif'

     0K .                                                     100%  176M=0s

2012-10-04 05:18:14 (176 MB/s) - `code/../crawls/allthingsd.com/Privacy-Policy/raw/allthingsd.com/wp-content/themes/atd-2.0/img/print.gif' saved [1049/1049]

--2012-10-04 05:18:14--  http://allthingsd.com/wp-content/themes/atd-2.0/img/icn-video-overlay.png
Connecting to allthingsd.com|69.174.248.253|:80... connected.
HTTP request sent, awaiting response... 200 OK
Length: 648 [image/png]
Saving to: `code/../crawls/allthingsd.com/Privacy-Policy/raw/allthingsd.com/wp-content/themes/atd-2.0/img/icn-video-overlay.png'

     0K                                                       100%  113M=0s

2012-10-04 05:18:14 (113 MB/s) - `code/../crawls/allthingsd.com/Privacy-Policy/raw/allthingsd.com/wp-content/themes/atd-2.0/img/icn-video-overlay.png' saved [648/648]

--2012-10-04 05:18:14--  http://allthingsd.com/wp-content/themes/atd-2.0/img/bg-banner-2.jpg
Connecting to allthingsd.com|69.174.248.253|:80... connected.
HTTP request sent, awaiting response... 200 OK
Length: 7223 (7.1K) [image/jpeg]
Saving to: `code/../crawls/allthingsd.com/Privacy-Policy/raw/allthingsd.com/wp-content/themes/atd-2.0/img/bg-banner-2.jpg'

     0K .......                                               100%  586K=0.01s

2012-10-04 05:18:14 (586 KB/s) - `code/../crawls/allthingsd.com/Privacy-Policy/raw/allthingsd.com/wp-content/themes/atd-2.0/img/bg-banner-2.jpg' saved [7223/7223]

--2012-10-04 05:18:14--  http://allthingsd.com/wp-content/themes/atd-2.0/img/bg-footer-top.png
Connecting to allthingsd.com|69.174.248.253|:80... connected.
HTTP request sent, awaiting response... 200 OK
Length: 1276 (1.2K) [image/png]
Saving to: `code/../crawls/allthingsd.com/Privacy-Policy/raw/allthingsd.com/wp-content/themes/atd-2.0/img/bg-footer-top.png'

     0K .                                                     100% 9.36M=0s

2012-10-04 05:18:14 (9.36 MB/s) - `code/../crawls/allthingsd.com/Privacy-Policy/raw/allthingsd.com/wp-content/themes/atd-2.0/img/bg-footer-top.png' saved [1276/1276]

--2012-10-04 05:18:14--  http://allthingsd.com/wp-content/themes/atd-2.0/img/logo-footer.png
Connecting to allthingsd.com|69.174.248.253|:80... connected.
HTTP request sent, awaiting response... 200 OK
Length: 7276 (7.1K) [image/png]
Saving to: `code/../crawls/allthingsd.com/Privacy-Policy/raw/allthingsd.com/wp-content/themes/atd-2.0/img/logo-footer.png'

     0K .......                                               100%  467K=0.02s

2012-10-04 05:18:14 (467 KB/s) - `code/../crawls/allthingsd.com/Privacy-Policy/raw/allthingsd.com/wp-content/themes/atd-2.0/img/logo-footer.png' saved [7276/7276]

--2012-10-04 05:18:14--  http://allthingsd.com/wp-content/themes/atd-2.0/img/bg-footer-cols.png
Connecting to allthingsd.com|69.174.248.253|:80... connected.
HTTP request sent, awaiting response... 200 OK
Length: 191 [image/png]
Saving to: `code/../crawls/allthingsd.com/Privacy-Policy/raw/allthingsd.com/wp-content/themes/atd-2.0/img/bg-footer-cols.png'

     0K                                                       100% 34.1M=0s

2012-10-04 05:18:14 (34.1 MB/s) - `code/../crawls/allthingsd.com/Privacy-Policy/raw/allthingsd.com/wp-content/themes/atd-2.0/img/bg-footer-cols.png' saved [191/191]

--2012-10-04 05:18:14--  http://allthingsd.com/wp-content/themes/atd-2.0/img/arw-subscribe-block.png
Connecting to allthingsd.com|69.174.248.253|:80... connected.
HTTP request sent, awaiting response... 200 OK
Length: 460 [image/png]
Saving to: `code/../crawls/allthingsd.com/Privacy-Policy/raw/allthingsd.com/wp-content/themes/atd-2.0/img/arw-subscribe-block.png'

     0K                                                       100% 83.6M=0s

2012-10-04 05:18:14 (83.6 MB/s) - `code/../crawls/allthingsd.com/Privacy-Policy/raw/allthingsd.com/wp-content/themes/atd-2.0/img/arw-subscribe-block.png' saved [460/460]

--2012-10-04 05:18:14--  http://allthingsd.com/wp-content/themes/atd-2.0/img/feed-icon-10x10-ie.png
Connecting to allthingsd.com|69.174.248.253|:80... connected.
HTTP request sent, awaiting response... 200 OK
Length: 439 [image/png]
Saving to: `code/../crawls/allthingsd.com/Privacy-Policy/raw/allthingsd.com/wp-content/themes/atd-2.0/img/feed-icon-10x10-ie.png'

     0K                                                       100% 75.0M=0s

2012-10-04 05:18:14 (75.0 MB/s) - `code/../crawls/allthingsd.com/Privacy-Policy/raw/allthingsd.com/wp-content/themes/atd-2.0/img/feed-icon-10x10-ie.png' saved [439/439]

--2012-10-04 05:18:14--  http://allthingsd.com/wp-content/themes/atd-2.0/img/logo-banner.png
Connecting to allthingsd.com|69.174.248.253|:80... connected.
HTTP request sent, awaiting response... 200 OK
Length: 12077 (12K) [image/png]
Saving to: `code/../crawls/allthingsd.com/Privacy-Policy/raw/allthingsd.com/wp-content/themes/atd-2.0/img/logo-banner.png'

     0K .......... .                                          100%  486K=0.02s

2012-10-04 05:18:14 (486 KB/s) - `code/../crawls/allthingsd.com/Privacy-Policy/raw/allthingsd.com/wp-content/themes/atd-2.0/img/logo-banner.png' saved [12077/12077]

--2012-10-04 05:18:14--  http://allthingsd.com/wp-content/themes/atd-2.0/img/bg-banner-search.png
Connecting to allthingsd.com|69.174.248.253|:80... connected.
HTTP request sent, awaiting response... 200 OK
Length: 422 [image/png]
Saving to: `code/../crawls/allthingsd.com/Privacy-Policy/raw/allthingsd.com/wp-content/themes/atd-2.0/img/bg-banner-search.png'

     0K                                                       100% 74.0M=0s

2012-10-04 05:18:14 (74.0 MB/s) - `code/../crawls/allthingsd.com/Privacy-Policy/raw/allthingsd.com/wp-content/themes/atd-2.0/img/bg-banner-search.png' saved [422/422]

--2012-10-04 05:18:14--  http://allthingsd.com/wp-content/themes/atd-2.0/img/icn-banner-mag.png
Connecting to allthingsd.com|69.174.248.253|:80... connected.
HTTP request sent, awaiting response... 200 OK
Length: 1220 (1.2K) [image/png]
Saving to: `code/../crawls/allthingsd.com/Privacy-Policy/raw/allthingsd.com/wp-content/themes/atd-2.0/img/icn-banner-mag.png'

     0K .                                                     100% 17.5M=0s

2012-10-04 05:18:14 (17.5 MB/s) - `code/../crawls/allthingsd.com/Privacy-Policy/raw/allthingsd.com/wp-content/themes/atd-2.0/img/icn-banner-mag.png' saved [1220/1220]

--2012-10-04 05:18:14--  http://allthingsd.com/wp-content/themes/atd-2.0/img/bg-nav.png
Connecting to allthingsd.com|69.174.248.253|:80... connected.
HTTP request sent, awaiting response... 200 OK
Length: 233 [image/png]
Saving to: `code/../crawls/allthingsd.com/Privacy-Policy/raw/allthingsd.com/wp-content/themes/atd-2.0/img/bg-nav.png'

     0K                                                       100% 44.1M=0s

2012-10-04 05:18:14 (44.1 MB/s) - `code/../crawls/allthingsd.com/Privacy-Policy/raw/allthingsd.com/wp-content/themes/atd-2.0/img/bg-nav.png' saved [233/233]

--2012-10-04 05:18:14--  http://allthingsd.com/wp-content/themes/atd-2.0/img/bg-nav-item.png
Connecting to allthingsd.com|69.174.248.253|:80... connected.
HTTP request sent, awaiting response... 200 OK
Length: 198 [image/png]
Saving to: `code/../crawls/allthingsd.com/Privacy-Policy/raw/allthingsd.com/wp-content/themes/atd-2.0/img/bg-nav-item.png'

     0K                                                       100% 35.5M=0s

2012-10-04 05:18:14 (35.5 MB/s) - `code/../crawls/allthingsd.com/Privacy-Policy/raw/allthingsd.com/wp-content/themes/atd-2.0/img/bg-nav-item.png' saved [198/198]

--2012-10-04 05:18:14--  http://allthingsd.com/wp-content/themes/atd-2.0/img/bg-nav-active.png
Connecting to allthingsd.com|69.174.248.253|:80... connected.
HTTP request sent, awaiting response... 200 OK
Length: 219 [image/png]
Saving to: `code/../crawls/allthingsd.com/Privacy-Policy/raw/allthingsd.com/wp-content/themes/atd-2.0/img/bg-nav-active.png'

     0K                                                       100% 39.7M=0s

2012-10-04 05:18:14 (39.7 MB/s) - `code/../crawls/allthingsd.com/Privacy-Policy/raw/allthingsd.com/wp-content/themes/atd-2.0/img/bg-nav-active.png' saved [219/219]

--2012-10-04 05:18:14--  http://allthingsd.com/wp-content/themes/atd-2.0/img/bg-nav-toggle_set.png
Connecting to allthingsd.com|69.174.248.253|:80... connected.
HTTP request sent, awaiting response... 200 OK
Length: 2150 (2.1K) [image/png]
Saving to: `code/../crawls/allthingsd.com/Privacy-Policy/raw/allthingsd.com/wp-content/themes/atd-2.0/img/bg-nav-toggle_set.png'

     0K ..                                                    100%  309M=0s

2012-10-04 05:18:14 (309 MB/s) - `code/../crawls/allthingsd.com/Privacy-Policy/raw/allthingsd.com/wp-content/themes/atd-2.0/img/bg-nav-toggle_set.png' saved [2150/2150]

--2012-10-04 05:18:14--  http://allthingsd.com/wp-content/themes/atd-2.0/img/shd-banner-jobs.png
Connecting to allthingsd.com|69.174.248.253|:80... connected.
HTTP request sent, awaiting response... 200 OK
Length: 131 [image/png]
Saving to: `code/../crawls/allthingsd.com/Privacy-Policy/raw/allthingsd.com/wp-content/themes/atd-2.0/img/shd-banner-jobs.png'

     0K                                                       100% 24.5M=0s

2012-10-04 05:18:14 (24.5 MB/s) - `code/../crawls/allthingsd.com/Privacy-Policy/raw/allthingsd.com/wp-content/themes/atd-2.0/img/shd-banner-jobs.png' saved [131/131]

--2012-10-04 05:18:14--  http://allthingsd.com/wp-content/themes/atd-2.0/img/bg-nav-active-blue.png
Connecting to allthingsd.com|69.174.248.253|:80... connected.
HTTP request sent, awaiting response... 200 OK
Length: 141 [image/png]
Saving to: `code/../crawls/allthingsd.com/Privacy-Policy/raw/allthingsd.com/wp-content/themes/atd-2.0/img/bg-nav-active-blue.png'

     0K                                                       100% 25.9M=0s

2012-10-04 05:18:15 (25.9 MB/s) - `code/../crawls/allthingsd.com/Privacy-Policy/raw/allthingsd.com/wp-content/themes/atd-2.0/img/bg-nav-active-blue.png' saved [141/141]

--2012-10-04 05:18:15--  http://allthingsd.com/wp-content/themes/atd-2.0/img/bg-nav-flyout.png
Connecting to allthingsd.com|69.174.248.253|:80... connected.
HTTP request sent, awaiting response... 200 OK
Length: 129 [image/png]
Saving to: `code/../crawls/allthingsd.com/Privacy-Policy/raw/allthingsd.com/wp-content/themes/atd-2.0/img/bg-nav-flyout.png'

     0K                                                       100% 23.3M=0s

2012-10-04 05:18:15 (23.3 MB/s) - `code/../crawls/allthingsd.com/Privacy-Policy/raw/allthingsd.com/wp-content/themes/atd-2.0/img/bg-nav-flyout.png' saved [129/129]

--2012-10-04 05:18:15--  http://allthingsd.com/wp-content/themes/atd-2.0/images/staff/writers-50x50.20120429.png
Connecting to allthingsd.com|69.174.248.253|:80... connected.
HTTP request sent, awaiting response... 200 OK
Length: 105296 (103K) [image/png]
Saving to: `code/../crawls/allthingsd.com/Privacy-Policy/raw/allthingsd.com/wp-content/themes/atd-2.0/images/staff/writers-50x50.20120429.png'

     0K .......... .......... .......... .......... .......... 48% 1012K 0s
    50K .......... .......... .......... .......... .......... 97% 3.70M 0s
   100K ..                                                    100% 19.1M=0.06s

2012-10-04 05:18:15 (1.60 MB/s) - `code/../crawls/allthingsd.com/Privacy-Policy/raw/allthingsd.com/wp-content/themes/atd-2.0/images/staff/writers-50x50.20120429.png' saved [105296/105296]

--2012-10-04 05:18:15--  http://allthingsd.com/wp-content/themes/atd-2.0/img/overlay-trending.png
Connecting to allthingsd.com|69.174.248.253|:80... connected.
HTTP request sent, awaiting response... 200 OK
Length: 270 [image/png]
Saving to: `code/../crawls/allthingsd.com/Privacy-Policy/raw/allthingsd.com/wp-content/themes/atd-2.0/img/overlay-trending.png'

     0K                                                       100% 47.8M=0s

2012-10-04 05:18:15 (47.8 MB/s) - `code/../crawls/allthingsd.com/Privacy-Policy/raw/allthingsd.com/wp-content/themes/atd-2.0/img/overlay-trending.png' saved [270/270]

--2012-10-04 05:18:15--  http://allthingsd.com/wp-content/themes/atd-2.0/css/images/cookie-background.png
Connecting to allthingsd.com|69.174.248.253|:80... connected.
HTTP request sent, awaiting response... 404 Not Found
2012-10-04 05:18:15 ERROR 404: Not Found.

--2012-10-04 05:18:15--  http://allthingsd.com/wp-content/themes/atd-2.0/img/1px-d5dbe0.png
Connecting to allthingsd.com|69.174.248.253|:80... connected.
HTTP request sent, awaiting response... 200 OK
Length: 124 [image/png]
Saving to: `code/../crawls/allthingsd.com/Privacy-Policy/raw/allthingsd.com/wp-content/themes/atd-2.0/img/1px-d5dbe0.png'

     0K                                                       100% 22.4M=0s

2012-10-04 05:18:15 (22.4 MB/s) - `code/../crawls/allthingsd.com/Privacy-Policy/raw/allthingsd.com/wp-content/themes/atd-2.0/img/1px-d5dbe0.png' saved [124/124]

--2012-10-04 05:18:15--  http://allthingsd.com/wp-content/themes/atd-2.0/img/bg-featured-cols.png
Connecting to allthingsd.com|69.174.248.253|:80... connected.
HTTP request sent, awaiting response... 200 OK
Length: 186 [image/png]
Saving to: `code/../crawls/allthingsd.com/Privacy-Policy/raw/allthingsd.com/wp-content/themes/atd-2.0/img/bg-featured-cols.png'

     0K                                                       100% 34.8M=0s

2012-10-04 05:18:15 (34.8 MB/s) - `code/../crawls/allthingsd.com/Privacy-Policy/raw/allthingsd.com/wp-content/themes/atd-2.0/img/bg-featured-cols.png' saved [186/186]

--2012-10-04 05:18:15--  http://allthingsd.com/wp-content/themes/atd-2.0/img/bg-featured-cols-wide.png
Connecting to allthingsd.com|69.174.248.253|:80... connected.
HTTP request sent, awaiting response... 200 OK
Length: 194 [image/png]
Saving to: `code/../crawls/allthingsd.com/Privacy-Policy/raw/allthingsd.com/wp-content/themes/atd-2.0/img/bg-featured-cols-wide.png'

     0K                                                       100% 35.5M=0s

2012-10-04 05:18:15 (35.5 MB/s) - `code/../crawls/allthingsd.com/Privacy-Policy/raw/allthingsd.com/wp-content/themes/atd-2.0/img/bg-featured-cols-wide.png' saved [194/194]

--2012-10-04 05:18:15--  http://allthingsd.com/wp-content/themes/atd-2.0/img/icn-loading.gif
Connecting to allthingsd.com|69.174.248.253|:80... connected.
HTTP request sent, awaiting response... 200 OK
Length: 3208 (3.1K) [image/gif]
Saving to: `code/../crawls/allthingsd.com/Privacy-Policy/raw/allthingsd.com/wp-content/themes/atd-2.0/img/icn-loading.gif'

     0K ...                                                   100%  264K=0.01s

2012-10-04 05:18:15 (264 KB/s) - `code/../crawls/allthingsd.com/Privacy-Policy/raw/allthingsd.com/wp-content/themes/atd-2.0/img/icn-loading.gif' saved [3208/3208]

--2012-10-04 05:18:15--  http://allthingsd.com/wp-content/themes/atd-2.0/img/bg-river-active.png
Connecting to allthingsd.com|69.174.248.253|:80... connected.
HTTP request sent, awaiting response... 200 OK
Length: 375 [image/png]
Saving to: `code/../crawls/allthingsd.com/Privacy-Policy/raw/allthingsd.com/wp-content/themes/atd-2.0/img/bg-river-active.png'

     0K                                                       100% 64.3M=0s

2012-10-04 05:18:15 (64.3 MB/s) - `code/../crawls/allthingsd.com/Privacy-Policy/raw/allthingsd.com/wp-content/themes/atd-2.0/img/bg-river-active.png' saved [375/375]

--2012-10-04 05:18:15--  http://allthingsd.com/wp-content/themes/atd-2.0/images/staff/writers-50x50.png
Connecting to allthingsd.com|69.174.248.253|:80... connected.
HTTP request sent, awaiting response... 200 OK
Length: 105296 (103K) [image/png]
Saving to: `code/../crawls/allthingsd.com/Privacy-Policy/raw/allthingsd.com/wp-content/themes/atd-2.0/images/staff/writers-50x50.png'

     0K .......... .......... .......... .......... .......... 48% 1019K 0s
    50K .......... .......... .......... .......... .......... 97% 3.67M 0s
   100K ..                                                    100% 12.1M=0.06s

2012-10-04 05:18:15 (1.60 MB/s) - `code/../crawls/allthingsd.com/Privacy-Policy/raw/allthingsd.com/wp-content/themes/atd-2.0/images/staff/writers-50x50.png' saved [105296/105296]

--2012-10-04 05:18:15--  http://allthingsd.com/wp-content/themes/atd-2.0/img/bg-news-byte-excerpt.png
Connecting to allthingsd.com|69.174.248.253|:80... connected.
HTTP request sent, awaiting response... 200 OK
Length: 221 [image/png]
Saving to: `code/../crawls/allthingsd.com/Privacy-Policy/raw/allthingsd.com/wp-content/themes/atd-2.0/img/bg-news-byte-excerpt.png'

     0K                                                       100% 33.6M=0s

2012-10-04 05:18:15 (33.6 MB/s) - `code/../crawls/allthingsd.com/Privacy-Policy/raw/allthingsd.com/wp-content/themes/atd-2.0/img/bg-news-byte-excerpt.png' saved [221/221]

--2012-10-04 05:18:15--  http://allthingsd.com/wp-content/themes/atd-2.0/img/bg-news-byte-sm.png
Connecting to allthingsd.com|69.174.248.253|:80... connected.
HTTP request sent, awaiting response... 200 OK
Length: 1279 (1.2K) [image/png]
Saving to: `code/../crawls/allthingsd.com/Privacy-Policy/raw/allthingsd.com/wp-content/themes/atd-2.0/img/bg-news-byte-sm.png'

     0K .                                                     100% 8.46M=0s

2012-10-04 05:18:15 (8.46 MB/s) - `code/../crawls/allthingsd.com/Privacy-Policy/raw/allthingsd.com/wp-content/themes/atd-2.0/img/bg-news-byte-sm.png' saved [1279/1279]

--2012-10-04 05:18:15--  http://allthingsd.com/wp-content/themes/atd-2.0/img/pullquote-open.png
Connecting to allthingsd.com|69.174.248.253|:80... connected.
HTTP request sent, awaiting response... 200 OK
Length: 725 [image/png]
Saving to: `code/../crawls/allthingsd.com/Privacy-Policy/raw/allthingsd.com/wp-content/themes/atd-2.0/img/pullquote-open.png'

     0K                                                       100% 6.30M=0s

2012-10-04 05:18:15 (6.30 MB/s) - `code/../crawls/allthingsd.com/Privacy-Policy/raw/allthingsd.com/wp-content/themes/atd-2.0/img/pullquote-open.png' saved [725/725]

--2012-10-04 05:18:15--  http://allthingsd.com/wp-content/themes/atd-2.0/img/pullquote-close.png
Connecting to allthingsd.com|69.174.248.253|:80... connected.
HTTP request sent, awaiting response... 200 OK
Length: 720 [image/png]
Saving to: `code/../crawls/allthingsd.com/Privacy-Policy/raw/allthingsd.com/wp-content/themes/atd-2.0/img/pullquote-close.png'

     0K                                                       100%  101M=0s

2012-10-04 05:18:15 (101 MB/s) - `code/../crawls/allthingsd.com/Privacy-Policy/raw/allthingsd.com/wp-content/themes/atd-2.0/img/pullquote-close.png' saved [720/720]

--2012-10-04 05:18:15--  http://allthingsd.com/wp-content/themes/atd-2.0/img/quote-open.png
Connecting to allthingsd.com|69.174.248.253|:80... connected.
HTTP request sent, awaiting response... 200 OK
Length: 609 [image/png]
Saving to: `code/../crawls/allthingsd.com/Privacy-Policy/raw/allthingsd.com/wp-content/themes/atd-2.0/img/quote-open.png'

     0K                                                       100% 29.8M=0s

2012-10-04 05:18:15 (29.8 MB/s) - `code/../crawls/allthingsd.com/Privacy-Policy/raw/allthingsd.com/wp-content/themes/atd-2.0/img/quote-open.png' saved [609/609]

--2012-10-04 05:18:15--  http://allthingsd.com/wp-content/themes/atd-2.0/img/quote-close.png
Connecting to allthingsd.com|69.174.248.253|:80... connected.
HTTP request sent, awaiting response... 200 OK
Length: 609 [image/png]
Saving to: `code/../crawls/allthingsd.com/Privacy-Policy/raw/allthingsd.com/wp-content/themes/atd-2.0/img/quote-close.png'

     0K                                                       100%  111M=0s

2012-10-04 05:18:15 (111 MB/s) - `code/../crawls/allthingsd.com/Privacy-Policy/raw/allthingsd.com/wp-content/themes/atd-2.0/img/quote-close.png' saved [609/609]

--2012-10-04 05:18:15--  http://allthingsd.com/wp-content/themes/atd-2.0/img/quote-open-sm.png
Connecting to allthingsd.com|69.174.248.253|:80... connected.
HTTP request sent, awaiting response... 200 OK
Length: 1421 (1.4K) [image/png]
Saving to: `code/../crawls/allthingsd.com/Privacy-Policy/raw/allthingsd.com/wp-content/themes/atd-2.0/img/quote-open-sm.png'

     0K .                                                     100%  215M=0s

2012-10-04 05:18:15 (215 MB/s) - `code/../crawls/allthingsd.com/Privacy-Policy/raw/allthingsd.com/wp-content/themes/atd-2.0/img/quote-open-sm.png' saved [1421/1421]

--2012-10-04 05:18:15--  http://allthingsd.com/wp-content/themes/atd-2.0/img/walt-for-module.jpg
Connecting to allthingsd.com|69.174.248.253|:80... connected.
HTTP request sent, awaiting response... 200 OK
Length: 10321 (10K) [image/jpeg]
Saving to: `code/../crawls/allthingsd.com/Privacy-Policy/raw/allthingsd.com/wp-content/themes/atd-2.0/img/walt-for-module.jpg'

     0K ..........                                            100%  425K=0.02s

2012-10-04 05:18:15 (425 KB/s) - `code/../crawls/allthingsd.com/Privacy-Policy/raw/allthingsd.com/wp-content/themes/atd-2.0/img/walt-for-module.jpg' saved [10321/10321]

--2012-10-04 05:18:15--  http://allthingsd.com/wp-content/themes/atd-2.0/img/katie-for-module.jpg
Connecting to allthingsd.com|69.174.248.253|:80... connected.
HTTP request sent, awaiting response... 200 OK
Length: 8315 (8.1K) [image/jpeg]
Saving to: `code/../crawls/allthingsd.com/Privacy-Policy/raw/allthingsd.com/wp-content/themes/atd-2.0/img/katie-for-module.jpg'

     0K ........                                              100%  660K=0.01s

2012-10-04 05:18:15 (660 KB/s) - `code/../crawls/allthingsd.com/Privacy-Policy/raw/allthingsd.com/wp-content/themes/atd-2.0/img/katie-for-module.jpg' saved [8315/8315]

--2012-10-04 05:18:15--  http://allthingsd.com/wp-content/themes/atd-2.0/images/star-icon-16x16.png
Connecting to allthingsd.com|69.174.248.253|:80... connected.
HTTP request sent, awaiting response... 200 OK
Length: 757 [image/png]
Saving to: `code/../crawls/allthingsd.com/Privacy-Policy/raw/allthingsd.com/wp-content/themes/atd-2.0/images/star-icon-16x16.png'

     0K                                                       100%  125M=0s

2012-10-04 05:18:15 (125 MB/s) - `code/../crawls/allthingsd.com/Privacy-Policy/raw/allthingsd.com/wp-content/themes/atd-2.0/images/star-icon-16x16.png' saved [757/757]

--2012-10-04 05:18:15--  http://allthingsd.com/wp-content/themes/atd-2.0/img/1px-caced1.png
Connecting to allthingsd.com|69.174.248.253|:80... connected.
HTTP request sent, awaiting response... 200 OK
Length: 124 [image/png]
Saving to: `code/../crawls/allthingsd.com/Privacy-Policy/raw/allthingsd.com/wp-content/themes/atd-2.0/img/1px-caced1.png'

     0K                                                       100% 22.4M=0s

2012-10-04 05:18:15 (22.4 MB/s) - `code/../crawls/allthingsd.com/Privacy-Policy/raw/allthingsd.com/wp-content/themes/atd-2.0/img/1px-caced1.png' saved [124/124]

--2012-10-04 05:18:15--  http://allthingsd.com/wp-content/themes/atd-2.0/img/bg-most-popular-menu.png
Connecting to allthingsd.com|69.174.248.253|:80... connected.
HTTP request sent, awaiting response... 200 OK
Length: 229 [image/png]
Saving to: `code/../crawls/allthingsd.com/Privacy-Policy/raw/allthingsd.com/wp-content/themes/atd-2.0/img/bg-most-popular-menu.png'

     0K                                                       100% 42.3M=0s

2012-10-04 05:18:15 (42.3 MB/s) - `code/../crawls/allthingsd.com/Privacy-Policy/raw/allthingsd.com/wp-content/themes/atd-2.0/img/bg-most-popular-menu.png' saved [229/229]

--2012-10-04 05:18:15--  http://allthingsd.com/wp-content/themes/atd-2.0/img/sm-d-tilt.png
Connecting to allthingsd.com|69.174.248.253|:80... connected.
HTTP request sent, awaiting response... 200 OK
Length: 3648 (3.6K) [image/png]
Saving to: `code/../crawls/allthingsd.com/Privacy-Policy/raw/allthingsd.com/wp-content/themes/atd-2.0/img/sm-d-tilt.png'

     0K ...                                                   100% 48.5M=0s

2012-10-04 05:18:15 (48.5 MB/s) - `code/../crawls/allthingsd.com/Privacy-Policy/raw/allthingsd.com/wp-content/themes/atd-2.0/img/sm-d-tilt.png' saved [3648/3648]

--2012-10-04 05:18:15--  http://allthingsd.com/wp-content/themes/atd-2.0/img/border-14px-caced1.png
Connecting to allthingsd.com|69.174.248.253|:80... connected.
HTTP request sent, awaiting response... 200 OK
Length: 126 [image/png]
Saving to: `code/../crawls/allthingsd.com/Privacy-Policy/raw/allthingsd.com/wp-content/themes/atd-2.0/img/border-14px-caced1.png'

     0K                                                       100% 22.9M=0s

2012-10-04 05:18:15 (22.9 MB/s) - `code/../crawls/allthingsd.com/Privacy-Policy/raw/allthingsd.com/wp-content/themes/atd-2.0/img/border-14px-caced1.png' saved [126/126]

--2012-10-04 05:18:15--  http://allthingsd.com/wp-content/themes/atd-2.0/img/bg-wsj-search.png
Connecting to allthingsd.com|69.174.248.253|:80... connected.
HTTP request sent, awaiting response... 200 OK
Length: 1355 (1.3K) [image/png]
Saving to: `code/../crawls/allthingsd.com/Privacy-Policy/raw/allthingsd.com/wp-content/themes/atd-2.0/img/bg-wsj-search.png'

     0K .                                                     100%  206M=0s

2012-10-04 05:18:15 (206 MB/s) - `code/../crawls/allthingsd.com/Privacy-Policy/raw/allthingsd.com/wp-content/themes/atd-2.0/img/bg-wsj-search.png' saved [1355/1355]

--2012-10-04 05:18:15--  http://allthingsd.com/wp-content/themes/atd-2.0/img/icn-wsj-mag.png
Connecting to allthingsd.com|69.174.248.253|:80... connected.
HTTP request sent, awaiting response... 200 OK
Length: 736 [image/png]
Saving to: `code/../crawls/allthingsd.com/Privacy-Policy/raw/allthingsd.com/wp-content/themes/atd-2.0/img/icn-wsj-mag.png'

     0K                                                       100%  136M=0s

2012-10-04 05:18:15 (136 MB/s) - `code/../crawls/allthingsd.com/Privacy-Policy/raw/allthingsd.com/wp-content/themes/atd-2.0/img/icn-wsj-mag.png' saved [736/736]

--2012-10-04 05:18:15--  http://allthingsd.com/wp-content/themes/atd-2.0/img/register-boxes-top.png
Connecting to allthingsd.com|69.174.248.253|:80... connected.
HTTP request sent, awaiting response... 200 OK
Length: 237 [image/png]
Saving to: `code/../crawls/allthingsd.com/Privacy-Policy/raw/allthingsd.com/wp-content/themes/atd-2.0/img/register-boxes-top.png'

     0K                                                       100% 41.4M=0s

2012-10-04 05:18:15 (41.4 MB/s) - `code/../crawls/allthingsd.com/Privacy-Policy/raw/allthingsd.com/wp-content/themes/atd-2.0/img/register-boxes-top.png' saved [237/237]

--2012-10-04 05:18:15--  http://allthingsd.com/wp-content/themes/atd-2.0/img/register-boxes-btm.png
Connecting to allthingsd.com|69.174.248.253|:80... connected.
HTTP request sent, awaiting response... 200 OK
Length: 345 [image/png]
Saving to: `code/../crawls/allthingsd.com/Privacy-Policy/raw/allthingsd.com/wp-content/themes/atd-2.0/img/register-boxes-btm.png'

     0K                                                       100% 63.0M=0s

2012-10-04 05:18:15 (63.0 MB/s) - `code/../crawls/allthingsd.com/Privacy-Policy/raw/allthingsd.com/wp-content/themes/atd-2.0/img/register-boxes-btm.png' saved [345/345]

--2012-10-04 05:18:15--  http://allthingsd.com/wp-content/themes/atd-2.0/img/bg-conf-promo.png
Connecting to allthingsd.com|69.174.248.253|:80... connected.
HTTP request sent, awaiting response... 200 OK
Length: 1410 (1.4K) [image/png]
Saving to: `code/../crawls/allthingsd.com/Privacy-Policy/raw/allthingsd.com/wp-content/themes/atd-2.0/img/bg-conf-promo.png'

     0K .                                                     100% 7.72M=0s

2012-10-04 05:18:15 (7.72 MB/s) - `code/../crawls/allthingsd.com/Privacy-Policy/raw/allthingsd.com/wp-content/themes/atd-2.0/img/bg-conf-promo.png' saved [1410/1410]

--2012-10-04 05:18:15--  http://allthingsd.com/wp-content/themes/atd-2.0/img/special-carousel-nav_set.png
Connecting to allthingsd.com|69.174.248.253|:80... connected.
HTTP request sent, awaiting response... 200 OK
Length: 863 [image/png]
Saving to: `code/../crawls/allthingsd.com/Privacy-Policy/raw/allthingsd.com/wp-content/themes/atd-2.0/img/special-carousel-nav_set.png'

     0K                                                       100% 24.3M=0s

2012-10-04 05:18:15 (24.3 MB/s) - `code/../crawls/allthingsd.com/Privacy-Policy/raw/allthingsd.com/wp-content/themes/atd-2.0/img/special-carousel-nav_set.png' saved [863/863]

--2012-10-04 05:18:15--  http://allthingsd.com/wp-content/themes/atd-2.0/img/related-videos-nav_set.png
Connecting to allthingsd.com|69.174.248.253|:80... connected.
HTTP request sent, awaiting response... 200 OK
Length: 636 [image/png]
Saving to: `code/../crawls/allthingsd.com/Privacy-Policy/raw/allthingsd.com/wp-content/themes/atd-2.0/img/related-videos-nav_set.png'

     0K                                                       100%  111M=0s

2012-10-04 05:18:15 (111 MB/s) - `code/../crawls/allthingsd.com/Privacy-Policy/raw/allthingsd.com/wp-content/themes/atd-2.0/img/related-videos-nav_set.png' saved [636/636]

--2012-10-04 05:18:15--  http://allthingsd.com/wp-content/themes/atd-2.0/images/print.gif
Connecting to allthingsd.com|69.174.248.253|:80... connected.
HTTP request sent, awaiting response... 200 OK
Length: 1049 (1.0K) [image/gif]
Saving to: `code/../crawls/allthingsd.com/Privacy-Policy/raw/allthingsd.com/wp-content/themes/atd-2.0/images/print.gif'

     0K .                                                     100%  184M=0s

2012-10-04 05:18:16 (184 MB/s) - `code/../crawls/allthingsd.com/Privacy-Policy/raw/allthingsd.com/wp-content/themes/atd-2.0/images/print.gif' saved [1049/1049]

--2012-10-04 05:18:16--  http://allthingsd.com/wp-content/themes/atd-2.0/images/third-party/share-icon-16x16.gif
Connecting to allthingsd.com|69.174.248.253|:80... connected.
HTTP request sent, awaiting response... 200 OK
Length: 635 [image/gif]
Saving to: `code/../crawls/allthingsd.com/Privacy-Policy/raw/allthingsd.com/wp-content/themes/atd-2.0/images/third-party/share-icon-16x16.gif'

     0K                                                       100%  109M=0s

2012-10-04 05:18:16 (109 MB/s) - `code/../crawls/allthingsd.com/Privacy-Policy/raw/allthingsd.com/wp-content/themes/atd-2.0/images/third-party/share-icon-16x16.gif' saved [635/635]

--2012-10-04 05:18:16--  http://allthingsd.com/theme/images/btn-expand.gif
Connecting to allthingsd.com|69.174.248.253|:80... connected.
HTTP request sent, awaiting response... 200 OK
Length: 59 [image/gif]
Saving to: `code/../crawls/allthingsd.com/Privacy-Policy/raw/allthingsd.com/theme/images/btn-expand.gif'

     0K                                                       100% 10.7M=0s

2012-10-04 05:18:16 (10.7 MB/s) - `code/../crawls/allthingsd.com/Privacy-Policy/raw/allthingsd.com/theme/images/btn-expand.gif' saved [59/59]

--2012-10-04 05:18:16--  http://allthingsd.com/wp-content/themes/atd-2.0/img/bg-home-reviews.png
Connecting to allthingsd.com|69.174.248.253|:80... connected.
HTTP request sent, awaiting response... 200 OK
Length: 991 [image/png]
Saving to: `code/../crawls/allthingsd.com/Privacy-Policy/raw/allthingsd.com/wp-content/themes/atd-2.0/img/bg-home-reviews.png'

     0K                                                       100%  176M=0s

2012-10-04 05:18:16 (176 MB/s) - `code/../crawls/allthingsd.com/Privacy-Policy/raw/allthingsd.com/wp-content/themes/atd-2.0/img/bg-home-reviews.png' saved [991/991]

--2012-10-04 05:18:16--  http://allthingsd.com/wp-content/themes/atd-2.0/img/bg-hr-bottom.png
Connecting to allthingsd.com|69.174.248.253|:80... connected.
HTTP request sent, awaiting response... 200 OK
Length: 197 [image/png]
Saving to: `code/../crawls/allthingsd.com/Privacy-Policy/raw/allthingsd.com/wp-content/themes/atd-2.0/img/bg-hr-bottom.png'

     0K                                                       100% 35.8M=0s

2012-10-04 05:18:16 (35.8 MB/s) - `code/../crawls/allthingsd.com/Privacy-Policy/raw/allthingsd.com/wp-content/themes/atd-2.0/img/bg-hr-bottom.png' saved [197/197]

--2012-10-04 05:18:16--  http://allthingsd.com/wp-content/themes/atd-2.0/img/bg-reviews.png
Connecting to allthingsd.com|69.174.248.253|:80... connected.
HTTP request sent, awaiting response... 200 OK
Length: 374 [image/png]
Saving to: `code/../crawls/allthingsd.com/Privacy-Policy/raw/allthingsd.com/wp-content/themes/atd-2.0/img/bg-reviews.png'

     0K                                                       100% 66.7M=0s

2012-10-04 05:18:16 (66.7 MB/s) - `code/../crawls/allthingsd.com/Privacy-Policy/raw/allthingsd.com/wp-content/themes/atd-2.0/img/bg-reviews.png' saved [374/374]

--2012-10-04 05:18:16--  http://allthingsd.com/wp-content/themes/atd-2.0/img/bg-product-reviews.jpg
Connecting to allthingsd.com|69.174.248.253|:80... connected.
HTTP request sent, awaiting response... 200 OK
Length: 28117 (27K) [image/jpeg]
Saving to: `code/../crawls/allthingsd.com/Privacy-Policy/raw/allthingsd.com/wp-content/themes/atd-2.0/img/bg-product-reviews.jpg'

     0K .......... .......... .......                         100%  737K=0.04s

2012-10-04 05:18:16 (737 KB/s) - `code/../crawls/allthingsd.com/Privacy-Policy/raw/allthingsd.com/wp-content/themes/atd-2.0/img/bg-product-reviews.jpg' saved [28117/28117]

--2012-10-04 05:18:16--  http://allthingsd.com/wp-content/themes/atd-2.0/img/greendot.png
Connecting to allthingsd.com|69.174.248.253|:80... connected.
HTTP request sent, awaiting response... 200 OK
Length: 367 [image/png]
Saving to: `code/../crawls/allthingsd.com/Privacy-Policy/raw/allthingsd.com/wp-content/themes/atd-2.0/img/greendot.png'

     0K                                                       100% 65.6M=0s

2012-10-04 05:18:16 (65.6 MB/s) - `code/../crawls/allthingsd.com/Privacy-Policy/raw/allthingsd.com/wp-content/themes/atd-2.0/img/greendot.png' saved [367/367]

--2012-10-04 05:18:16--  http://allthingsd.com/wp-content/themes/atd-2.0/img/downarrow.png
Connecting to allthingsd.com|69.174.248.253|:80... connected.
HTTP request sent, awaiting response... 200 OK
Length: 332 [image/png]
Saving to: `code/../crawls/allthingsd.com/Privacy-Policy/raw/allthingsd.com/wp-content/themes/atd-2.0/img/downarrow.png'

     0K                                                       100% 58.2M=0s

2012-10-04 05:18:16 (58.2 MB/s) - `code/../crawls/allthingsd.com/Privacy-Policy/raw/allthingsd.com/wp-content/themes/atd-2.0/img/downarrow.png' saved [332/332]

--2012-10-04 05:18:16--  http://allthingsd.com/wp-content/themes/atd-2.0/img/logo-banner@2x.png
Connecting to allthingsd.com|69.174.248.253|:80... connected.
HTTP request sent, awaiting response... 200 OK
Length: 36467 (36K) [image/png]
Saving to: `code/../crawls/allthingsd.com/Privacy-Policy/raw/allthingsd.com/wp-content/themes/atd-2.0/img/logo-banner@2x.png'

     0K .......... .......... .......... .....                100%  746K=0.05s

2012-10-04 05:18:16 (746 KB/s) - `code/../crawls/allthingsd.com/Privacy-Policy/raw/allthingsd.com/wp-content/themes/atd-2.0/img/logo-banner@2x.png' saved [36467/36467]

--2012-10-04 05:18:16--  http://allthingsd.com/wp-content/themes/atd-2.0/images/staff/writers-50x50@2x.jpg
Connecting to allthingsd.com|69.174.248.253|:80... connected.
HTTP request sent, awaiting response... 200 OK
Length: 40491 (40K) [image/jpeg]
Saving to: `code/../crawls/allthingsd.com/Privacy-Policy/raw/allthingsd.com/wp-content/themes/atd-2.0/images/staff/writers-50x50@2x.jpg'

     0K .......... .......... .......... .........            100%  823K=0.05s

2012-10-04 05:18:16 (823 KB/s) - `code/../crawls/allthingsd.com/Privacy-Policy/raw/allthingsd.com/wp-content/themes/atd-2.0/images/staff/writers-50x50@2x.jpg' saved [40491/40491]

--2012-10-04 05:18:16--  http://allthingsd.com/wp-content/themes/atd-2.0/img/bg-banner@2x.png
Connecting to allthingsd.com|69.174.248.253|:80... connected.
HTTP request sent, awaiting response... 200 OK
Length: 1832 (1.8K) [image/png]
Saving to: `code/../crawls/allthingsd.com/Privacy-Policy/raw/allthingsd.com/wp-content/themes/atd-2.0/img/bg-banner@2x.png'

     0K .                                                     100% 7.61M=0s

2012-10-04 05:18:16 (7.61 MB/s) - `code/../crawls/allthingsd.com/Privacy-Policy/raw/allthingsd.com/wp-content/themes/atd-2.0/img/bg-banner@2x.png' saved [1832/1832]

--2012-10-04 05:18:16--  http://allthingsd.com/wp-content/themes/atd-2.0/img/logo-footer@2x.png
Connecting to allthingsd.com|69.174.248.253|:80... connected.
HTTP request sent, awaiting response... 200 OK
Length: 12576 (12K) [image/png]
Saving to: `code/../crawls/allthingsd.com/Privacy-Policy/raw/allthingsd.com/wp-content/themes/atd-2.0/img/logo-footer@2x.png'

     0K .......... ..                                         100%  457K=0.03s

2012-10-04 05:18:16 (457 KB/s) - `code/../crawls/allthingsd.com/Privacy-Policy/raw/allthingsd.com/wp-content/themes/atd-2.0/img/logo-footer@2x.png' saved [12576/12576]

--2012-10-04 05:18:16--  http://allthingsd.com/wp-content/themes/atd-2.0/img/icn-video-sm@2x.png
Connecting to allthingsd.com|69.174.248.253|:80... connected.
HTTP request sent, awaiting response... 200 OK
Length: 822 [image/png]
Saving to: `code/../crawls/allthingsd.com/Privacy-Policy/raw/allthingsd.com/wp-content/themes/atd-2.0/img/icn-video-sm@2x.png'

     0K                                                       100%  144M=0s

2012-10-04 05:18:16 (144 MB/s) - `code/../crawls/allthingsd.com/Privacy-Policy/raw/allthingsd.com/wp-content/themes/atd-2.0/img/icn-video-sm@2x.png' saved [822/822]

--2012-10-04 05:18:16--  http://allthingsd.com/wp-content/themes/atd-2.0/img/quote-open-sm@2x.png
Connecting to allthingsd.com|69.174.248.253|:80... connected.
HTTP request sent, awaiting response... 200 OK
Length: 895 [image/png]
Saving to: `code/../crawls/allthingsd.com/Privacy-Policy/raw/allthingsd.com/wp-content/themes/atd-2.0/img/quote-open-sm@2x.png'

     0K                                                       100%  153M=0s

2012-10-04 05:18:16 (153 MB/s) - `code/../crawls/allthingsd.com/Privacy-Policy/raw/allthingsd.com/wp-content/themes/atd-2.0/img/quote-open-sm@2x.png' saved [895/895]

--2012-10-04 05:18:16--  http://allthingsd.com/wp-content/themes/atd-2.0/img/bg-news-byte-excerpt@2x.png
Connecting to allthingsd.com|69.174.248.253|:80... connected.
HTTP request sent, awaiting response... 200 OK
Length: 273 [image/png]
Saving to: `code/../crawls/allthingsd.com/Privacy-Policy/raw/allthingsd.com/wp-content/themes/atd-2.0/img/bg-news-byte-excerpt@2x.png'

     0K                                                       100% 49.9M=0s

2012-10-04 05:18:16 (49.9 MB/s) - `code/../crawls/allthingsd.com/Privacy-Policy/raw/allthingsd.com/wp-content/themes/atd-2.0/img/bg-news-byte-excerpt@2x.png' saved [273/273]

--2012-10-04 05:18:16--  http://allthingsd.com/wp-content/themes/atd-2.0/img/bg-news-byte-sm@2x.png
Connecting to allthingsd.com|69.174.248.253|:80... connected.
HTTP request sent, awaiting response... 200 OK
Length: 169 [image/png]
Saving to: `code/../crawls/allthingsd.com/Privacy-Policy/raw/allthingsd.com/wp-content/themes/atd-2.0/img/bg-news-byte-sm@2x.png'

     0K                                                       100% 31.1M=0s

2012-10-04 05:18:16 (31.1 MB/s) - `code/../crawls/allthingsd.com/Privacy-Policy/raw/allthingsd.com/wp-content/themes/atd-2.0/img/bg-news-byte-sm@2x.png' saved [169/169]

--2012-10-04 05:18:16--  http://allthingsd.com/wp-content/themes/atd-2.0/img/quote-open@2x.png
Connecting to allthingsd.com|69.174.248.253|:80... connected.
HTTP request sent, awaiting response... 200 OK
Length: 3427 (3.3K) [image/png]
Saving to: `code/../crawls/allthingsd.com/Privacy-Policy/raw/allthingsd.com/wp-content/themes/atd-2.0/img/quote-open@2x.png'

     0K ...                                                   100% 3.14M=0.001s

2012-10-04 05:18:16 (3.14 MB/s) - `code/../crawls/allthingsd.com/Privacy-Policy/raw/allthingsd.com/wp-content/themes/atd-2.0/img/quote-open@2x.png' saved [3427/3427]

--2012-10-04 05:18:16--  http://allthingsd.com/wp-content/themes/atd-2.0/img/quote-close@2x.png
Connecting to allthingsd.com|69.174.248.253|:80... connected.
HTTP request sent, awaiting response... 200 OK
Length: 3470 (3.4K) [image/png]
Saving to: `code/../crawls/allthingsd.com/Privacy-Policy/raw/allthingsd.com/wp-content/themes/atd-2.0/img/quote-close@2x.png'

     0K ...                                                   100% 46.1M=0s

2012-10-04 05:18:16 (46.1 MB/s) - `code/../crawls/allthingsd.com/Privacy-Policy/raw/allthingsd.com/wp-content/themes/atd-2.0/img/quote-close@2x.png' saved [3470/3470]

--2012-10-04 05:18:16--  http://allthingsd.com/wp-content/themes/atd-2.0/img/bg-nav-toggle_set@2x.png
Connecting to allthingsd.com|69.174.248.253|:80... connected.
HTTP request sent, awaiting response... 200 OK
Length: 4828 (4.7K) [image/png]
Saving to: `code/../crawls/allthingsd.com/Privacy-Policy/raw/allthingsd.com/wp-content/themes/atd-2.0/img/bg-nav-toggle_set@2x.png'

     0K ....                                                  100%  377K=0.01s

2012-10-04 05:18:16 (377 KB/s) - `code/../crawls/allthingsd.com/Privacy-Policy/raw/allthingsd.com/wp-content/themes/atd-2.0/img/bg-nav-toggle_set@2x.png' saved [4828/4828]

--2012-10-04 05:18:16--  http://allthingsd.com/wp-content/themes/atd-2.0/img/icn-rss-16@2x.png
Connecting to allthingsd.com|69.174.248.253|:80... connected.
HTTP request sent, awaiting response... 200 OK
Length: 1862 (1.8K) [image/png]
Saving to: `code/../crawls/allthingsd.com/Privacy-Policy/raw/allthingsd.com/wp-content/themes/atd-2.0/img/icn-rss-16@2x.png'

     0K .                                                     100% 7.79M=0s

2012-10-04 05:18:16 (7.79 MB/s) - `code/../crawls/allthingsd.com/Privacy-Policy/raw/allthingsd.com/wp-content/themes/atd-2.0/img/icn-rss-16@2x.png' saved [1862/1862]

--2012-10-04 05:18:16--  http://allthingsd.com/wp-content/themes/atd-2.0/img/icn-email-16@2x.gif
Connecting to allthingsd.com|69.174.248.253|:80... connected.
HTTP request sent, awaiting response... 200 OK
Length: 1376 (1.3K) [image/gif]
Saving to: `code/../crawls/allthingsd.com/Privacy-Policy/raw/allthingsd.com/wp-content/themes/atd-2.0/img/icn-email-16@2x.gif'

     0K .                                                     100%  203M=0s

2012-10-04 05:18:16 (203 MB/s) - `code/../crawls/allthingsd.com/Privacy-Policy/raw/allthingsd.com/wp-content/themes/atd-2.0/img/icn-email-16@2x.gif' saved [1376/1376]

--2012-10-04 05:18:16--  http://allthingsd.com/wp-content/themes/atd-2.0/img/share-icon-16x16@2x.gif
Connecting to allthingsd.com|69.174.248.253|:80... connected.
HTTP request sent, awaiting response... 200 OK
Length: 1480 (1.4K) [image/gif]
Saving to: `code/../crawls/allthingsd.com/Privacy-Policy/raw/allthingsd.com/wp-content/themes/atd-2.0/img/share-icon-16x16@2x.gif'

     0K .                                                     100%  221M=0s

2012-10-04 05:18:16 (221 MB/s) - `code/../crawls/allthingsd.com/Privacy-Policy/raw/allthingsd.com/wp-content/themes/atd-2.0/img/share-icon-16x16@2x.gif' saved [1480/1480]

--2012-10-04 05:18:16--  http://allthingsd.com/wp-content/themes/atd-2.0/img/print@2x.gif
Connecting to allthingsd.com|69.174.248.253|:80... connected.
HTTP request sent, awaiting response... 200 OK
Length: 1754 (1.7K) [image/gif]
Saving to: `code/../crawls/allthingsd.com/Privacy-Policy/raw/allthingsd.com/wp-content/themes/atd-2.0/img/print@2x.gif'

     0K .                                                     100% 7.17M=0s

2012-10-04 05:18:16 (7.17 MB/s) - `code/../crawls/allthingsd.com/Privacy-Policy/raw/allthingsd.com/wp-content/themes/atd-2.0/img/print@2x.gif' saved [1754/1754]

--2012-10-04 05:18:16--  http://allthingsd.com/wp-content/plugins/easy-fancybox/fancybox/fancybox.png
Connecting to allthingsd.com|69.174.248.253|:80... connected.
HTTP request sent, awaiting response... 200 OK
Length: 15287 (15K) [image/png]
Saving to: `code/../crawls/allthingsd.com/Privacy-Policy/raw/allthingsd.com/wp-content/plugins/easy-fancybox/fancybox/fancybox.png'

     0K .......... ....                                       100%  612K=0.02s

2012-10-04 05:18:16 (612 KB/s) - `code/../crawls/allthingsd.com/Privacy-Policy/raw/allthingsd.com/wp-content/plugins/easy-fancybox/fancybox/fancybox.png' saved [15287/15287]

--2012-10-04 05:18:16--  http://allthingsd.com/wp-content/plugins/easy-fancybox/fancybox/blank.gif
Connecting to allthingsd.com|69.174.248.253|:80... connected.
HTTP request sent, awaiting response... 200 OK
Length: 43 [image/gif]
Saving to: `code/../crawls/allthingsd.com/Privacy-Policy/raw/allthingsd.com/wp-content/plugins/easy-fancybox/fancybox/blank.gif'

     0K                                                       100% 8.15M=0s

2012-10-04 05:18:16 (8.15 MB/s) - `code/../crawls/allthingsd.com/Privacy-Policy/raw/allthingsd.com/wp-content/plugins/easy-fancybox/fancybox/blank.gif' saved [43/43]

--2012-10-04 05:18:16--  http://allthingsd.com/wp-content/plugins/easy-fancybox/fancybox/fancybox-x.png
Connecting to allthingsd.com|69.174.248.253|:80... connected.
HTTP request sent, awaiting response... 200 OK
Length: 203 [image/png]
Saving to: `code/../crawls/allthingsd.com/Privacy-Policy/raw/allthingsd.com/wp-content/plugins/easy-fancybox/fancybox/fancybox-x.png'

     0K                                                       100% 38.0M=0s

2012-10-04 05:18:16 (38.0 MB/s) - `code/../crawls/allthingsd.com/Privacy-Policy/raw/allthingsd.com/wp-content/plugins/easy-fancybox/fancybox/fancybox-x.png' saved [203/203]

--2012-10-04 05:18:16--  http://allthingsd.com/wp-content/plugins/easy-fancybox/fancybox/fancybox-y.png
Connecting to allthingsd.com|69.174.248.253|:80... connected.
HTTP request sent, awaiting response... 200 OK
Length: 176 [image/png]
Saving to: `code/../crawls/allthingsd.com/Privacy-Policy/raw/allthingsd.com/wp-content/plugins/easy-fancybox/fancybox/fancybox-y.png'

     0K                                                       100% 32.5M=0s

2012-10-04 05:18:16 (32.5 MB/s) - `code/../crawls/allthingsd.com/Privacy-Policy/raw/allthingsd.com/wp-content/plugins/easy-fancybox/fancybox/fancybox-y.png' saved [176/176]

--2012-10-04 05:18:16--  http://allthingsd.com/wp-content/plugins/easy-fancybox/fancybox/fancy_title_over.png
Connecting to allthingsd.com|69.174.248.253|:80... connected.
HTTP request sent, awaiting response... 200 OK
Length: 70 [image/png]
Saving to: `code/../crawls/allthingsd.com/Privacy-Policy/raw/allthingsd.com/wp-content/plugins/easy-fancybox/fancybox/fancy_title_over.png'

     0K                                                       100% 12.4M=0s

2012-10-04 05:18:16 (12.4 MB/s) - `code/../crawls/allthingsd.com/Privacy-Policy/raw/allthingsd.com/wp-content/plugins/easy-fancybox/fancybox/fancy_title_over.png' saved [70/70]

--2012-10-04 05:18:16--  http://allthingsd.com/wp-content/plugins/twitter-blackbird-pie/css/twitter-icons.png
Connecting to allthingsd.com|69.174.248.253|:80... connected.
HTTP request sent, awaiting response... 200 OK
Length: 2328 (2.3K) [image/png]
Saving to: `code/../crawls/allthingsd.com/Privacy-Policy/raw/allthingsd.com/wp-content/plugins/twitter-blackbird-pie/css/twitter-icons.png'

     0K ..                                                    100%  318M=0s

2012-10-04 05:18:16 (318 MB/s) - `code/../crawls/allthingsd.com/Privacy-Policy/raw/allthingsd.com/wp-content/plugins/twitter-blackbird-pie/css/twitter-icons.png' saved [2328/2328]

--2012-10-04 05:18:16--  http://s1.wsj.net/img/orange_bullet.gif
Resolving s1.wsj.net... 23.61.194.66, 23.61.194.40
Connecting to s1.wsj.net|23.61.194.66|:80... connected.
HTTP request sent, awaiting response... 200 OK
Length: 44 [image/gif]
Saving to: `code/../crawls/allthingsd.com/Privacy-Policy/raw/s1.wsj.net/img/orange_bullet.gif'

     0K                                                       100% 7.30M=0s

2012-10-04 05:18:16 (7.30 MB/s) - `code/../crawls/allthingsd.com/Privacy-Policy/raw/s1.wsj.net/img/orange_bullet.gif' saved [44/44]

--2012-10-04 05:18:16--  http://s3.wsj.net/img/dotted_grey_ccc.gif
Connecting to s3.wsj.net|23.61.194.16|:80... connected.
HTTP request sent, awaiting response... 200 OK
Length: 1095 (1.1K) [image/gif]
Saving to: `code/../crawls/allthingsd.com/Privacy-Policy/raw/s3.wsj.net/img/dotted_grey_ccc.gif'

     0K .                                                     100%  480K=0.002s

2012-10-04 05:18:16 (480 KB/s) - `code/../crawls/allthingsd.com/Privacy-Policy/raw/s3.wsj.net/img/dotted_grey_ccc.gif' saved [1095/1095]

FINISHED --2012-10-04 05:18:16--
Total wall clock time: 7.2s
Downloaded: 123 files, 1.1M in 1.1s (1.04 MB/s)
Converting code/../crawls/allthingsd.com/Privacy-Policy/raw/allthingsd.com/privacy/index.html... 65-2
Converting code/../crawls/allthingsd.com/Privacy-Policy/raw/allthingsd.com/wp-content/plugins/wp-pagenavi/pagenavi-css.css?ver=2.70.css... nothing to do.
Converting code/../crawls/allthingsd.com/Privacy-Policy/raw/sc.wsj.net/css/cssDependencies/privacyPolicy.css... 4-0
Converting code/../crawls/allthingsd.com/Privacy-Policy/raw/sc.wsj.net/css/cssDependencies/hat-icons.css... 23-0
Converting code/../crawls/allthingsd.com/Privacy-Policy/raw/allthingsd.com/wp-content/plugins/easy-fancybox/easy-fancybox.css.php?ver=1.3.4.css... 17-0
Converting code/../crawls/allthingsd.com/Privacy-Policy/raw/allthingsd.com/wp-content/themes/atd-2.0/css/allthingsd.20120816.css?ver=20120913.css... 99-1
Converting code/../crawls/allthingsd.com/Privacy-Policy/raw/allthingsd.com/wp-content/plugins/twitter-blackbird-pie/css/blackbirdpie.css?ver=20110416.css... 1-0
Converting code/../crawls/allthingsd.com/Privacy-Policy/raw/allthingsd.com/wp-content/plugins/wp-smugmug/wp-smugmug.php?wpsm-action=css.css... nothing to do.
Converted 8 files in 0.009 seconds.
