--2013-05-01 05:15:48--  http://www.journeys.com/privacy.aspx
Resolving www.journeys.com... 23.56.127.228
Connecting to www.journeys.com|23.56.127.228|:80... connected.
HTTP request sent, awaiting response... 200 OK
Length: unspecified [text/html]
Saving to: `code/../crawls/journeys.com/Privacy-Policy/raw/www.journeys.com/privacy.aspx.html'

     0K .......... .......... .......... .......... .......... 4.10M
    50K .......... ........                                    4.81M=0.02s

2013-05-01 05:15:49 (4.28 MB/s) - `code/../crawls/journeys.com/Privacy-Policy/raw/www.journeys.com/privacy.aspx.html' saved [70640]

--2013-05-01 05:15:49--  http://www.journeys.com/favicon.ico
Reusing existing connection to www.journeys.com:80.
HTTP request sent, awaiting response... 200 OK
Length: 1150 (1.1K) [image/x-icon]
Saving to: `code/../crawls/journeys.com/Privacy-Policy/raw/www.journeys.com/favicon.ico'

     0K .                                                     100%  171M=0s

2013-05-01 05:15:49 (171 MB/s) - `code/../crawls/journeys.com/Privacy-Policy/raw/www.journeys.com/favicon.ico' saved [1150/1150]

--2013-05-01 05:15:49--  http://www.journeys.com/assets/css/account.css
Reusing existing connection to www.journeys.com:80.
HTTP request sent, awaiting response... 200 OK
Length: unspecified [text/css]
Saving to: `code/../crawls/journeys.com/Privacy-Policy/raw/www.journeys.com/assets/css/account.css'

     0K .......... .......... .......... .......... .......... 9.64M
    50K .......... .......... .......... .......... .......... 9.35M
   100K .......... .......... .......... .......... .......... 9.96M
   150K .......... .......... .......... .......... ...        10.9M=0.02s

2013-05-01 05:15:49 (9.90 MB/s) - `code/../crawls/journeys.com/Privacy-Policy/raw/www.journeys.com/assets/css/account.css' saved [197632]

--2013-05-01 05:15:49--  http://www.journeys.com/assets/js/libs/modernizr-2.5.3-respond-1.1.0.min.js
Reusing existing connection to www.journeys.com:80.
HTTP request sent, awaiting response... 200 OK
Length: 19262 (19K) [application/x-javascript]
Saving to: `code/../crawls/journeys.com/Privacy-Policy/raw/www.journeys.com/assets/js/libs/modernizr-2.5.3-respond-1.1.0.min.js'

     0K .......... ........                                   100% 13.2M=0.001s

2013-05-01 05:15:49 (13.2 MB/s) - `code/../crawls/journeys.com/Privacy-Policy/raw/www.journeys.com/assets/js/libs/modernizr-2.5.3-respond-1.1.0.min.js' saved [19262/19262]

--2013-05-01 05:15:49--  http://as00.estara.com/as/InitiateCall2.php?accountid=200106296993
Resolving as00.estara.com... 64.69.13.116, 64.69.6.116
Connecting to as00.estara.com|64.69.13.116|:80... connected.
HTTP request sent, awaiting response... 200 OK
Length: unspecified [application/x-javascript]
Saving to: `code/../crawls/journeys.com/Privacy-Policy/raw/as00.estara.com/as/InitiateCall2.php?accountid=200106296993'

     0K ..........                                             63.2K=0.2s

2013-05-01 05:15:49 (63.2 KB/s) - `code/../crawls/journeys.com/Privacy-Policy/raw/as00.estara.com/as/InitiateCall2.php?accountid=200106296993' saved [10660]

--2013-05-01 05:15:49--  http://cdn.gigya.com/js/socialize.js?apiKey=3_Km7nNesJkCFBJWs2nMKmRATvlOMIHmwPirjxFBgL1tb0gWrryBW9zL3X9sFd0_xm
Resolving cdn.gigya.com... 23.61.194.235, 23.61.194.227
Connecting to cdn.gigya.com|23.61.194.235|:80... connected.
HTTP request sent, awaiting response... 200 OK
Length: unspecified [text/javascript]
Saving to: `code/../crawls/journeys.com/Privacy-Policy/raw/cdn.gigya.com/js/socialize.js?apiKey=3_Km7nNesJkCFBJWs2nMKmRATvlOMIHmwPirjxFBgL1tb0gWrryBW9zL3X9sFd0_xm'

     0K .......... .......... .......... .......... .......... 3.89M
    50K .......... .......... .......... .......... ........   6.48M=0.02s

2013-05-01 05:15:49 (4.85 MB/s) - `code/../crawls/journeys.com/Privacy-Policy/raw/cdn.gigya.com/js/socialize.js?apiKey=3_Km7nNesJkCFBJWs2nMKmRATvlOMIHmwPirjxFBgL1tb0gWrryBW9zL3X9sFd0_xm' saved [101022]

--2013-05-01 05:15:49--  http://www.journeys.com/assets/img/logo-jy-top.png
Connecting to www.journeys.com|23.56.127.228|:80... connected.
HTTP request sent, awaiting response... 302 Moved Temporarily
Location: http://ak1.abmr.net/is/www.journeys.com?U=/assets/img/logo-jy-top.png&V=3-1c2RsbESleawt5+1za2WniyrJbVrH7aJEgSiA7dIXOpPNtXAWOi2yw%3d%3d&I=C872665AD2730D1&D=journeys.com&01AD=1& [following]
--2013-05-01 05:15:49--  http://ak1.abmr.net/is/www.journeys.com?U=/assets/img/logo-jy-top.png&V=3-1c2RsbESleawt5+1za2WniyrJbVrH7aJEgSiA7dIXOpPNtXAWOi2yw%3d%3d&I=C872665AD2730D1&D=journeys.com&01AD=1&
Resolving ak1.abmr.net... 23.61.194.178, 23.61.194.225
Connecting to ak1.abmr.net|23.61.194.178|:80... connected.
HTTP request sent, awaiting response... 302 Moved Temporarily
Location: http://www.journeys.com/assets/img/logo-jy-top.png?01AD=36x84BQYZ13ftXLDdP6-KDk_-MzBcAgSvDxBgEaFSLaQpOeAB__sLyA&01RI=C872665AD2730D1&01NA=na [following]
--2013-05-01 05:15:49--  http://www.journeys.com/assets/img/logo-jy-top.png?01AD=36x84BQYZ13ftXLDdP6-KDk_-MzBcAgSvDxBgEaFSLaQpOeAB__sLyA&01RI=C872665AD2730D1&01NA=na
Connecting to www.journeys.com|23.56.127.228|:80... connected.
HTTP request sent, awaiting response... 200 OK
Length: 4806 (4.7K) [image/png]
Saving to: `code/../crawls/journeys.com/Privacy-Policy/raw/www.journeys.com/assets/img/logo-jy-top.png'

     0K ....                                                  100% 52.9M=0s

2013-05-01 05:15:49 (52.9 MB/s) - `code/../crawls/journeys.com/Privacy-Policy/raw/www.journeys.com/assets/img/logo-jy-top.png' saved [4806/4806]

--2013-05-01 05:15:49--  http://www.journeys.com/assets/img/logo-kidz-top.png
Reusing existing connection to www.journeys.com:80.
HTTP request sent, awaiting response... 302 Moved Temporarily
Location: http://ak1.abmr.net/is/www.journeys.com?U=/assets/img/logo-kidz-top.png&V=3-jDh33CbHgDFtNwk5wjtfQFU01DumBTK8GYugk+3jALPlP70Ql8Qb2g%3d%3d&I=FF1394496A37837&D=journeys.com&01AD=1& [following]
--2013-05-01 05:15:49--  http://ak1.abmr.net/is/www.journeys.com?U=/assets/img/logo-kidz-top.png&V=3-jDh33CbHgDFtNwk5wjtfQFU01DumBTK8GYugk+3jALPlP70Ql8Qb2g%3d%3d&I=FF1394496A37837&D=journeys.com&01AD=1&
Connecting to ak1.abmr.net|23.61.194.178|:80... connected.
HTTP request sent, awaiting response... 302 Moved Temporarily
Location: http://www.journeys.com/assets/img/logo-kidz-top.png?01AD=3n_UABWYf8DPW2FWuf6960C3XTwzjUJvn8VKjOFi3xEKJs9DJDfAGGA&01RI=FF1394496A37837&01NA= [following]
--2013-05-01 05:15:49--  http://www.journeys.com/assets/img/logo-kidz-top.png?01AD=3n_UABWYf8DPW2FWuf6960C3XTwzjUJvn8VKjOFi3xEKJs9DJDfAGGA&01RI=FF1394496A37837&01NA=
Connecting to www.journeys.com|23.56.127.228|:80... connected.
HTTP request sent, awaiting response... 200 OK
Length: 4042 (3.9K) [image/png]
Saving to: `code/../crawls/journeys.com/Privacy-Policy/raw/www.journeys.com/assets/img/logo-kidz-top.png'

     0K ...                                                   100% 27.4M=0s

2013-05-01 05:15:49 (27.4 MB/s) - `code/../crawls/journeys.com/Privacy-Policy/raw/www.journeys.com/assets/img/logo-kidz-top.png' saved [4042/4042]

--2013-05-01 05:15:49--  http://www.journeys.com/assets/img/logo-shi-top.png
Reusing existing connection to www.journeys.com:80.
HTTP request sent, awaiting response... 200 OK
Length: 1435 (1.4K) [image/png]
Saving to: `code/../crawls/journeys.com/Privacy-Policy/raw/www.journeys.com/assets/img/logo-shi-top.png'

     0K .                                                     100%  210M=0s

2013-05-01 05:15:49 (210 MB/s) - `code/../crawls/journeys.com/Privacy-Policy/raw/www.journeys.com/assets/img/logo-shi-top.png' saved [1435/1435]

--2013-05-01 05:15:49--  http://www.journeys.com/assets/img/logo-jy-main.png
Reusing existing connection to www.journeys.com:80.
HTTP request sent, awaiting response... 200 OK
Length: 4551 (4.4K) [image/png]
Saving to: `code/../crawls/journeys.com/Privacy-Policy/raw/www.journeys.com/assets/img/logo-jy-main.png'

     0K ....                                                  100% 23.0M=0s

2013-05-01 05:15:49 (23.0 MB/s) - `code/../crawls/journeys.com/Privacy-Policy/raw/www.journeys.com/assets/img/logo-jy-main.png' saved [4551/4551]

--2013-05-01 05:15:49--  http://www.journeys.com/assets/img/sw_Black.png
Reusing existing connection to www.journeys.com:80.
HTTP request sent, awaiting response... 200 OK
Length: 934 [image/png]
Saving to: `code/../crawls/journeys.com/Privacy-Policy/raw/www.journeys.com/assets/img/sw_Black.png'

     0K                                                       100%  158M=0s

2013-05-01 05:15:49 (158 MB/s) - `code/../crawls/journeys.com/Privacy-Policy/raw/www.journeys.com/assets/img/sw_Black.png' saved [934/934]

--2013-05-01 05:15:49--  http://www.journeys.com/assets/img/sw_Blue.png
Reusing existing connection to www.journeys.com:80.
HTTP request sent, awaiting response... 200 OK
Length: 947 [image/png]
Saving to: `code/../crawls/journeys.com/Privacy-Policy/raw/www.journeys.com/assets/img/sw_Blue.png'

     0K                                                       100%  159M=0s

2013-05-01 05:15:49 (159 MB/s) - `code/../crawls/journeys.com/Privacy-Policy/raw/www.journeys.com/assets/img/sw_Blue.png' saved [947/947]

--2013-05-01 05:15:49--  http://www.journeys.com/assets/img/sw_Brown.png
Reusing existing connection to www.journeys.com:80.
HTTP request sent, awaiting response... 200 OK
Length: 947 [image/png]
Saving to: `code/../crawls/journeys.com/Privacy-Policy/raw/www.journeys.com/assets/img/sw_Brown.png'

     0K                                                       100%  158M=0s

2013-05-01 05:15:49 (158 MB/s) - `code/../crawls/journeys.com/Privacy-Policy/raw/www.journeys.com/assets/img/sw_Brown.png' saved [947/947]

--2013-05-01 05:15:49--  http://www.journeys.com/assets/img/sw_Gold.png
Reusing existing connection to www.journeys.com:80.
HTTP request sent, awaiting response... 200 OK
Length: 2814 (2.7K) [image/png]
Saving to: `code/../crawls/journeys.com/Privacy-Policy/raw/www.journeys.com/assets/img/sw_Gold.png'

     0K ..                                                    100% 38.9M=0s

2013-05-01 05:15:49 (38.9 MB/s) - `code/../crawls/journeys.com/Privacy-Policy/raw/www.journeys.com/assets/img/sw_Gold.png' saved [2814/2814]

--2013-05-01 05:15:49--  http://www.journeys.com/assets/img/sw_Green.png
Reusing existing connection to www.journeys.com:80.
HTTP request sent, awaiting response... 200 OK
Length: 947 [image/png]
Saving to: `code/../crawls/journeys.com/Privacy-Policy/raw/www.journeys.com/assets/img/sw_Green.png'

     0K                                                       100%  150M=0s

2013-05-01 05:15:49 (150 MB/s) - `code/../crawls/journeys.com/Privacy-Policy/raw/www.journeys.com/assets/img/sw_Green.png' saved [947/947]

--2013-05-01 05:15:49--  http://www.journeys.com/assets/img/sw_Grey.png
Reusing existing connection to www.journeys.com:80.
HTTP request sent, awaiting response... 200 OK
Length: 2814 (2.7K) [image/png]
Saving to: `code/../crawls/journeys.com/Privacy-Policy/raw/www.journeys.com/assets/img/sw_Grey.png'

     0K ..                                                    100% 35.9M=0s

2013-05-01 05:15:49 (35.9 MB/s) - `code/../crawls/journeys.com/Privacy-Policy/raw/www.journeys.com/assets/img/sw_Grey.png' saved [2814/2814]

--2013-05-01 05:15:49--  http://www.journeys.com/assets/img/sw_Light%20Brown.png
Reusing existing connection to www.journeys.com:80.
HTTP request sent, awaiting response... 302 Moved Temporarily
Location: http://akamai.mathtag.com/event/img?akid=3n_UABWYf8DPW2FWuf6960C3XTwzjUJvn8VKjOFi3xEKJs9DJDfAGGA&rurl=4-ejHKszRYf1aQROmCQ1JBr9JP8W0G643MBDl4UEK5SgOegUHzKuuM3TCfQ2RblVfNYC31x7JkPAybkR0%2fOy1czRaGh2FjI0yTLlDGHeazW4l6PPN52JpVwPVg%2fxLcJKSNw4c8KIbvVDZCaF47aAojmXA10IpT2EgHPytU6JrGYXIcIVDjjFID+i7iXDNlTEdkfr7bcGViQMC6bQKaXmZzjQl+l6mkiHvqHORRg5%2fY0CTLmRoFC3eidZ%2fwdvIypBJTuLcXoVZgQH0%3d&V=3-+mkbTi2ublHcrB%2flOMJCXuu%2f%2fQoXtMYvKqXSeYwMPvnhOH25OdAjiQ%3d%3d [following]
--2013-05-01 05:15:49--  http://akamai.mathtag.com/event/img?akid=3n_UABWYf8DPW2FWuf6960C3XTwzjUJvn8VKjOFi3xEKJs9DJDfAGGA&rurl=4-ejHKszRYf1aQROmCQ1JBr9JP8W0G643MBDl4UEK5SgOegUHzKuuM3TCfQ2RblVfNYC31x7JkPAybkR0%2fOy1czRaGh2FjI0yTLlDGHeazW4l6PPN52JpVwPVg%2fxLcJKSNw4c8KIbvVDZCaF47aAojmXA10IpT2EgHPytU6JrGYXIcIVDjjFID+i7iXDNlTEdkfr7bcGViQMC6bQKaXmZzjQl+l6mkiHvqHORRg5%2fY0CTLmRoFC3eidZ%2fwdvIypBJTuLcXoVZgQH0%3d&V=3-+mkbTi2ublHcrB%2flOMJCXuu%2f%2fQoXtMYvKqXSeYwMPvnhOH25OdAjiQ%3d%3d
Resolving akamai.mathtag.com... 23.56.124.75
Connecting to akamai.mathtag.com|23.56.124.75|:80... connected.
HTTP request sent, awaiting response... 302 Moved Temporarily
Location: http://www.journeys.com/assets/img/sw_Light%20Brown.png?01RI=00B27CD95E565B9,cm:akamai.mathtag.com%2fevent%2fimg%3fakid%3d3n_UABWYf8DPW2FWuf6960C3XTwzjUJvn8VKjOFi3xEKJs9DJDfAGGA&01NA=ck& [following]
--2013-05-01 05:15:50--  http://www.journeys.com/assets/img/sw_Light%20Brown.png?01RI=00B27CD95E565B9,cm:akamai.mathtag.com%2fevent%2fimg%3fakid%3d3n_UABWYf8DPW2FWuf6960C3XTwzjUJvn8VKjOFi3xEKJs9DJDfAGGA&01NA=ck&
Connecting to www.journeys.com|23.56.127.228|:80... connected.
HTTP request sent, awaiting response... 200 OK
Length: 2814 (2.7K) [image/png]
Saving to: `code/../crawls/journeys.com/Privacy-Policy/raw/www.journeys.com/assets/img/sw_Light Brown.png'

     0K ..                                                    100%  334M=0s

2013-05-01 05:15:50 (334 MB/s) - `code/../crawls/journeys.com/Privacy-Policy/raw/www.journeys.com/assets/img/sw_Light Brown.png' saved [2814/2814]

--2013-05-01 05:15:50--  http://www.journeys.com/assets/img/sw_Multi.png
Reusing existing connection to www.journeys.com:80.
HTTP request sent, awaiting response... 200 OK
Length: 1068 (1.0K) [image/png]
Saving to: `code/../crawls/journeys.com/Privacy-Policy/raw/www.journeys.com/assets/img/sw_Multi.png'

     0K .                                                     100%  170M=0s

2013-05-01 05:15:50 (170 MB/s) - `code/../crawls/journeys.com/Privacy-Policy/raw/www.journeys.com/assets/img/sw_Multi.png' saved [1068/1068]

--2013-05-01 05:15:50--  http://www.journeys.com/assets/img/sw_No%20Color.png
Reusing existing connection to www.journeys.com:80.
HTTP request sent, awaiting response... 200 OK
Length: 3181 (3.1K) [image/png]
Saving to: `code/../crawls/journeys.com/Privacy-Policy/raw/www.journeys.com/assets/img/sw_No Color.png'

     0K ...                                                   100% 46.5M=0s

2013-05-01 05:15:50 (46.5 MB/s) - `code/../crawls/journeys.com/Privacy-Policy/raw/www.journeys.com/assets/img/sw_No Color.png' saved [3181/3181]

--2013-05-01 05:15:50--  http://www.journeys.com/assets/img/sw_Orange.png
Reusing existing connection to www.journeys.com:80.
HTTP request sent, awaiting response... 200 OK
Length: 945 [image/png]
Saving to: `code/../crawls/journeys.com/Privacy-Policy/raw/www.journeys.com/assets/img/sw_Orange.png'

     0K                                                       100%  165M=0s

2013-05-01 05:15:50 (165 MB/s) - `code/../crawls/journeys.com/Privacy-Policy/raw/www.journeys.com/assets/img/sw_Orange.png' saved [945/945]

--2013-05-01 05:15:50--  http://www.journeys.com/assets/img/sw_Pink.png
Reusing existing connection to www.journeys.com:80.
HTTP request sent, awaiting response... 200 OK
Length: 947 [image/png]
Saving to: `code/../crawls/journeys.com/Privacy-Policy/raw/www.journeys.com/assets/img/sw_Pink.png'

     0K                                                       100%  157M=0s

2013-05-01 05:15:50 (157 MB/s) - `code/../crawls/journeys.com/Privacy-Policy/raw/www.journeys.com/assets/img/sw_Pink.png' saved [947/947]

--2013-05-01 05:15:50--  http://www.journeys.com/assets/img/sw_Purple.png
Reusing existing connection to www.journeys.com:80.
HTTP request sent, awaiting response... 200 OK
Length: 947 [image/png]
Saving to: `code/../crawls/journeys.com/Privacy-Policy/raw/www.journeys.com/assets/img/sw_Purple.png'

     0K                                                       100%  165M=0s

2013-05-01 05:15:50 (165 MB/s) - `code/../crawls/journeys.com/Privacy-Policy/raw/www.journeys.com/assets/img/sw_Purple.png' saved [947/947]

--2013-05-01 05:15:50--  http://www.journeys.com/assets/img/sw_Red.png
Reusing existing connection to www.journeys.com:80.
HTTP request sent, awaiting response... 200 OK
Length: 944 [image/png]
Saving to: `code/../crawls/journeys.com/Privacy-Policy/raw/www.journeys.com/assets/img/sw_Red.png'

     0K                                                       100%  167M=0s

2013-05-01 05:15:50 (167 MB/s) - `code/../crawls/journeys.com/Privacy-Policy/raw/www.journeys.com/assets/img/sw_Red.png' saved [944/944]

--2013-05-01 05:15:50--  http://www.journeys.com/assets/img/sw_Silver.png
Reusing existing connection to www.journeys.com:80.
HTTP request sent, awaiting response... 200 OK
Length: 2813 (2.7K) [image/png]
Saving to: `code/../crawls/journeys.com/Privacy-Policy/raw/www.journeys.com/assets/img/sw_Silver.png'

     0K ..                                                    100% 33.3M=0s

2013-05-01 05:15:50 (33.3 MB/s) - `code/../crawls/journeys.com/Privacy-Policy/raw/www.journeys.com/assets/img/sw_Silver.png' saved [2813/2813]

--2013-05-01 05:15:50--  http://www.journeys.com/assets/img/sw_White.png
Reusing existing connection to www.journeys.com:80.
HTTP request sent, awaiting response... 200 OK
Length: 947 [image/png]
Saving to: `code/../crawls/journeys.com/Privacy-Policy/raw/www.journeys.com/assets/img/sw_White.png'

     0K                                                       100%  169M=0s

2013-05-01 05:15:50 (169 MB/s) - `code/../crawls/journeys.com/Privacy-Policy/raw/www.journeys.com/assets/img/sw_White.png' saved [947/947]

--2013-05-01 05:15:50--  http://www.journeys.com/assets/img/sw_Yellow.png
Reusing existing connection to www.journeys.com:80.
HTTP request sent, awaiting response... 200 OK
Length: 946 [image/png]
Saving to: `code/../crawls/journeys.com/Privacy-Policy/raw/www.journeys.com/assets/img/sw_Yellow.png'

     0K                                                       100%  166M=0s

2013-05-01 05:15:50 (166 MB/s) - `code/../crawls/journeys.com/Privacy-Policy/raw/www.journeys.com/assets/img/sw_Yellow.png' saved [946/946]

--2013-05-01 05:15:50--  http://www.journeys.com/images/c9/1_1173.jpg
Reusing existing connection to www.journeys.com:80.
HTTP request sent, awaiting response... 200 OK
Length: 3975 (3.9K) [image/jpeg]
Saving to: `code/../crawls/journeys.com/Privacy-Policy/raw/www.journeys.com/images/c9/1_1173.jpg'

     0K ...                                                   100%  252M=0s

2013-05-01 05:15:50 (252 MB/s) - `code/../crawls/journeys.com/Privacy-Policy/raw/www.journeys.com/images/c9/1_1173.jpg' saved [3975/3975]

--2013-05-01 05:15:50--  http://www.journeys.com/images/c9/1_1174.jpg
Reusing existing connection to www.journeys.com:80.
HTTP request sent, awaiting response... 200 OK
Length: 3706 (3.6K) [image/jpeg]
Saving to: `code/../crawls/journeys.com/Privacy-Policy/raw/www.journeys.com/images/c9/1_1174.jpg'

     0K ...                                                   100% 51.9M=0s

2013-05-01 05:15:50 (51.9 MB/s) - `code/../crawls/journeys.com/Privacy-Policy/raw/www.journeys.com/images/c9/1_1174.jpg' saved [3706/3706]

--2013-05-01 05:15:50--  http://www.journeys.com/images/c9/1_1175.jpg
Reusing existing connection to www.journeys.com:80.
HTTP request sent, awaiting response... 302 Moved Temporarily
Location: http://akamai.mathtag.com/event/img?akid=3n_UABWYf8DPW2FWuf6960C3XTwzjUJvn8VKjOFi3xEKJs9DJDfAGGA&rurl=4-ZlzNZnjCMLj4RhzMEW+CLUVPLM2lc0Sr1817Jn8E6VDINxixnf0guhoZd%2feP39dqr%2forT5bkgUkS+jaz3xKwrSHwtEsdLNXXZlfV+pi3ApYNf07woRYSrtnjVOXWD2fcDDwLSg69Xspnvz7EKkTmVFn7ZcujfSJzd60awKdK64JTRPKZtVAc4bhDKFG7+nttML3kDgTUTkT%2fweA+NcY6BCZPlIez2Cfuneb8UOzpcvmwpgchd2Giow%3d%3d&V=3-Reo7zLW3XJZKOZwcazyo7O59cpZi7cF%2fHhtewcsKUWpeH3F%2fz7duHA%3d%3d [following]
--2013-05-01 05:15:50--  http://akamai.mathtag.com/event/img?akid=3n_UABWYf8DPW2FWuf6960C3XTwzjUJvn8VKjOFi3xEKJs9DJDfAGGA&rurl=4-ZlzNZnjCMLj4RhzMEW+CLUVPLM2lc0Sr1817Jn8E6VDINxixnf0guhoZd%2feP39dqr%2forT5bkgUkS+jaz3xKwrSHwtEsdLNXXZlfV+pi3ApYNf07woRYSrtnjVOXWD2fcDDwLSg69Xspnvz7EKkTmVFn7ZcujfSJzd60awKdK64JTRPKZtVAc4bhDKFG7+nttML3kDgTUTkT%2fweA+NcY6BCZPlIez2Cfuneb8UOzpcvmwpgchd2Giow%3d%3d&V=3-Reo7zLW3XJZKOZwcazyo7O59cpZi7cF%2fHhtewcsKUWpeH3F%2fz7duHA%3d%3d
Connecting to akamai.mathtag.com|23.56.124.75|:80... connected.
HTTP request sent, awaiting response... 302 Moved Temporarily
Location: http://www.journeys.com/images/c9/1_1175.jpg?01RI=C5030B28FED34E0,cm:akamai.mathtag.com%2fevent%2fimg%3fakid%3d3n_UABWYf8DPW2FWuf6960C3XTwzjUJvn8VKjOFi3xEKJs9DJDfAGGA&01NA=ck& [following]
--2013-05-01 05:15:50--  http://www.journeys.com/images/c9/1_1175.jpg?01RI=C5030B28FED34E0,cm:akamai.mathtag.com%2fevent%2fimg%3fakid%3d3n_UABWYf8DPW2FWuf6960C3XTwzjUJvn8VKjOFi3xEKJs9DJDfAGGA&01NA=ck&
Connecting to www.journeys.com|23.56.127.228|:80... connected.
HTTP request sent, awaiting response... 200 OK
Length: 5083 (5.0K) [image/jpeg]
Saving to: `code/../crawls/journeys.com/Privacy-Policy/raw/www.journeys.com/images/c9/1_1175.jpg'

     0K ....                                                  100% 31.2M=0s

2013-05-01 05:15:50 (31.2 MB/s) - `code/../crawls/journeys.com/Privacy-Policy/raw/www.journeys.com/images/c9/1_1175.jpg' saved [5083/5083]

--2013-05-01 05:15:50--  http://www.journeys.com/images/c9/1_1176.jpg
Reusing existing connection to www.journeys.com:80.
HTTP request sent, awaiting response... 200 OK
Length: 2263 (2.2K) [image/jpeg]
Saving to: `code/../crawls/journeys.com/Privacy-Policy/raw/www.journeys.com/images/c9/1_1176.jpg'

     0K ..                                                    100%  298M=0s

2013-05-01 05:15:50 (298 MB/s) - `code/../crawls/journeys.com/Privacy-Policy/raw/www.journeys.com/images/c9/1_1176.jpg' saved [2263/2263]

--2013-05-01 05:15:50--  http://www.journeys.com/images/c9/1_1177.jpg
Reusing existing connection to www.journeys.com:80.
HTTP request sent, awaiting response... 200 OK
Length: 3543 (3.5K) [image/jpeg]
Saving to: `code/../crawls/journeys.com/Privacy-Policy/raw/www.journeys.com/images/c9/1_1177.jpg'

     0K ...                                                   100% 46.5M=0s

2013-05-01 05:15:50 (46.5 MB/s) - `code/../crawls/journeys.com/Privacy-Policy/raw/www.journeys.com/images/c9/1_1177.jpg' saved [3543/3543]

--2013-05-01 05:15:50--  http://www.journeys.com/images/c9/1_1179.jpg
Reusing existing connection to www.journeys.com:80.
HTTP request sent, awaiting response... 200 OK
Length: 3859 (3.8K) [image/jpeg]
Saving to: `code/../crawls/journeys.com/Privacy-Policy/raw/www.journeys.com/images/c9/1_1179.jpg'

     0K ...                                                   100% 45.1M=0s

2013-05-01 05:15:50 (45.1 MB/s) - `code/../crawls/journeys.com/Privacy-Policy/raw/www.journeys.com/images/c9/1_1179.jpg' saved [3859/3859]

--2013-05-01 05:15:50--  http://www.journeys.com/images/c9/1_1180.jpg
Reusing existing connection to www.journeys.com:80.
HTTP request sent, awaiting response... 200 OK
Length: 5085 (5.0K) [image/jpeg]
Saving to: `code/../crawls/journeys.com/Privacy-Policy/raw/www.journeys.com/images/c9/1_1180.jpg'

     0K ....                                                  100% 26.5M=0s

2013-05-01 05:15:50 (26.5 MB/s) - `code/../crawls/journeys.com/Privacy-Policy/raw/www.journeys.com/images/c9/1_1180.jpg' saved [5085/5085]

--2013-05-01 05:15:50--  http://www.journeys.com/images/c9/1_1239.jpg
Reusing existing connection to www.journeys.com:80.
HTTP request sent, awaiting response... 200 OK
Length: 3451 (3.4K) [image/jpeg]
Saving to: `code/../crawls/journeys.com/Privacy-Policy/raw/www.journeys.com/images/c9/1_1239.jpg'

     0K ...                                                   100% 45.4M=0s

2013-05-01 05:15:50 (45.4 MB/s) - `code/../crawls/journeys.com/Privacy-Policy/raw/www.journeys.com/images/c9/1_1239.jpg' saved [3451/3451]

--2013-05-01 05:15:50--  http://www.journeys.com/images/c9/1_1182.jpg
Reusing existing connection to www.journeys.com:80.
HTTP request sent, awaiting response... 200 OK
Length: 23404 (23K) [image/jpeg]
Saving to: `code/../crawls/journeys.com/Privacy-Policy/raw/www.journeys.com/images/c9/1_1182.jpg'

     0K .......... .......... ..                              100% 3.83M=0.006s

2013-05-01 05:15:50 (3.83 MB/s) - `code/../crawls/journeys.com/Privacy-Policy/raw/www.journeys.com/images/c9/1_1182.jpg' saved [23404/23404]

--2013-05-01 05:15:50--  http://www.journeys.com/images/c9/1_1183.jpg
Reusing existing connection to www.journeys.com:80.
HTTP request sent, awaiting response... 200 OK
Length: 6835 (6.7K) [image/jpeg]
Saving to: `code/../crawls/journeys.com/Privacy-Policy/raw/www.journeys.com/images/c9/1_1183.jpg'

     0K ......                                                100% 15.4M=0s

2013-05-01 05:15:50 (15.4 MB/s) - `code/../crawls/journeys.com/Privacy-Policy/raw/www.journeys.com/images/c9/1_1183.jpg' saved [6835/6835]

--2013-05-01 05:15:50--  http://www.journeys.com/images/c9/1_1184.jpg
Reusing existing connection to www.journeys.com:80.
HTTP request sent, awaiting response... 200 OK
Length: 2655 (2.6K) [image/jpeg]
Saving to: `code/../crawls/journeys.com/Privacy-Policy/raw/www.journeys.com/images/c9/1_1184.jpg'

     0K ..                                                    100% 40.6M=0s

2013-05-01 05:15:50 (40.6 MB/s) - `code/../crawls/journeys.com/Privacy-Policy/raw/www.journeys.com/images/c9/1_1184.jpg' saved [2655/2655]

--2013-05-01 05:15:50--  http://www.journeys.com/images/c9/1_1185.jpg
Reusing existing connection to www.journeys.com:80.
HTTP request sent, awaiting response... 200 OK
Length: 3706 (3.6K) [image/jpeg]
Saving to: `code/../crawls/journeys.com/Privacy-Policy/raw/www.journeys.com/images/c9/1_1185.jpg'

     0K ...                                                   100% 37.6M=0s

2013-05-01 05:15:50 (37.6 MB/s) - `code/../crawls/journeys.com/Privacy-Policy/raw/www.journeys.com/images/c9/1_1185.jpg' saved [3706/3706]

--2013-05-01 05:15:50--  http://www.journeys.com/images/c9/1_1186.jpg
Reusing existing connection to www.journeys.com:80.
HTTP request sent, awaiting response... 200 OK
Length: 5083 (5.0K) [image/jpeg]
Saving to: `code/../crawls/journeys.com/Privacy-Policy/raw/www.journeys.com/images/c9/1_1186.jpg'

     0K ....                                                  100% 16.8M=0s

2013-05-01 05:15:50 (16.8 MB/s) - `code/../crawls/journeys.com/Privacy-Policy/raw/www.journeys.com/images/c9/1_1186.jpg' saved [5083/5083]

--2013-05-01 05:15:50--  http://www.journeys.com/images/c9/1_1187.jpg
Reusing existing connection to www.journeys.com:80.
HTTP request sent, awaiting response... 200 OK
Length: 5085 (5.0K) [image/jpeg]
Saving to: `code/../crawls/journeys.com/Privacy-Policy/raw/www.journeys.com/images/c9/1_1187.jpg'

     0K ....                                                  100% 25.2M=0s

2013-05-01 05:15:50 (25.2 MB/s) - `code/../crawls/journeys.com/Privacy-Policy/raw/www.journeys.com/images/c9/1_1187.jpg' saved [5085/5085]

--2013-05-01 05:15:50--  http://www.journeys.com/images/c9/1_1188.jpg
Reusing existing connection to www.journeys.com:80.
HTTP request sent, awaiting response... 200 OK
Length: 5352 (5.2K) [image/jpeg]
Saving to: `code/../crawls/journeys.com/Privacy-Policy/raw/www.journeys.com/images/c9/1_1188.jpg'

     0K .....                                                 100% 16.6M=0s

2013-05-01 05:15:50 (16.6 MB/s) - `code/../crawls/journeys.com/Privacy-Policy/raw/www.journeys.com/images/c9/1_1188.jpg' saved [5352/5352]

--2013-05-01 05:15:50--  http://www.journeys.com/images/c9/1_1189.jpg
Reusing existing connection to www.journeys.com:80.
HTTP request sent, awaiting response... 200 OK
Length: 23887 (23K) [image/jpeg]
Saving to: `code/../crawls/journeys.com/Privacy-Policy/raw/www.journeys.com/images/c9/1_1189.jpg'

     0K .......... .......... ...                             100% 4.36M=0.005s

2013-05-01 05:15:50 (4.36 MB/s) - `code/../crawls/journeys.com/Privacy-Policy/raw/www.journeys.com/images/c9/1_1189.jpg' saved [23887/23887]

--2013-05-01 05:15:50--  http://www.journeys.com/images/c9/1_1190.jpg
Reusing existing connection to www.journeys.com:80.
HTTP request sent, awaiting response... 200 OK
Length: 3975 (3.9K) [image/jpeg]
Saving to: `code/../crawls/journeys.com/Privacy-Policy/raw/www.journeys.com/images/c9/1_1190.jpg'

     0K ...                                                   100% 38.6M=0s

2013-05-01 05:15:50 (38.6 MB/s) - `code/../crawls/journeys.com/Privacy-Policy/raw/www.journeys.com/images/c9/1_1190.jpg' saved [3975/3975]

--2013-05-01 05:15:50--  http://www.journeys.com/images/c9/1_1191.jpg
Reusing existing connection to www.journeys.com:80.
HTTP request sent, awaiting response... 200 OK
Length: 1776 (1.7K) [image/jpeg]
Saving to: `code/../crawls/journeys.com/Privacy-Policy/raw/www.journeys.com/images/c9/1_1191.jpg'

     0K .                                                     100%  244M=0s

2013-05-01 05:15:50 (244 MB/s) - `code/../crawls/journeys.com/Privacy-Policy/raw/www.journeys.com/images/c9/1_1191.jpg' saved [1776/1776]

--2013-05-01 05:15:50--  http://www.journeys.com/images/c9/1_1192.jpg
Reusing existing connection to www.journeys.com:80.
HTTP request sent, awaiting response... 200 OK
Length: 4902 (4.8K) [image/jpeg]
Saving to: `code/../crawls/journeys.com/Privacy-Policy/raw/www.journeys.com/images/c9/1_1192.jpg'

     0K ....                                                  100% 25.7M=0s

2013-05-01 05:15:50 (25.7 MB/s) - `code/../crawls/journeys.com/Privacy-Policy/raw/www.journeys.com/images/c9/1_1192.jpg' saved [4902/4902]

--2013-05-01 05:15:50--  http://www.journeys.com/images/c9/1_1193.jpg
Reusing existing connection to www.journeys.com:80.
HTTP request sent, awaiting response... 200 OK
Length: 2786 (2.7K) [image/jpeg]
Saving to: `code/../crawls/journeys.com/Privacy-Policy/raw/www.journeys.com/images/c9/1_1193.jpg'

     0K ..                                                    100% 41.3M=0s

2013-05-01 05:15:50 (41.3 MB/s) - `code/../crawls/journeys.com/Privacy-Policy/raw/www.journeys.com/images/c9/1_1193.jpg' saved [2786/2786]

--2013-05-01 05:15:50--  http://www.journeys.com/images/c9/1_1108.jpg
Reusing existing connection to www.journeys.com:80.
HTTP request sent, awaiting response... 200 OK
Length: 46191 (45K) [image/jpeg]
Saving to: `code/../crawls/journeys.com/Privacy-Policy/raw/www.journeys.com/images/c9/1_1108.jpg'

     0K .......... .......... .......... .......... .....     100% 4.42M=0.01s

2013-05-01 05:15:50 (4.42 MB/s) - `code/../crawls/journeys.com/Privacy-Policy/raw/www.journeys.com/images/c9/1_1108.jpg' saved [46191/46191]

--2013-05-01 05:15:50--  http://www.journeys.com/assets/img/logo-atc.png
Reusing existing connection to www.journeys.com:80.
HTTP request sent, awaiting response... 200 OK
Length: 4483 (4.4K) [image/png]
Saving to: `code/../crawls/journeys.com/Privacy-Policy/raw/www.journeys.com/assets/img/logo-atc.png'

     0K ....                                                  100% 23.8M=0s

2013-05-01 05:15:50 (23.8 MB/s) - `code/../crawls/journeys.com/Privacy-Policy/raw/www.journeys.com/assets/img/logo-atc.png' saved [4483/4483]

--2013-05-01 05:15:50--  http://www.journeys.com/assets/img/logo-contests.png
Reusing existing connection to www.journeys.com:80.
HTTP request sent, awaiting response... 200 OK
Length: 3628 (3.5K) [image/png]
Saving to: `code/../crawls/journeys.com/Privacy-Policy/raw/www.journeys.com/assets/img/logo-contests.png'

     0K ...                                                   100% 51.3M=0s

2013-05-01 05:15:50 (51.3 MB/s) - `code/../crawls/journeys.com/Privacy-Policy/raw/www.journeys.com/assets/img/logo-contests.png' saved [3628/3628]

--2013-05-01 05:15:50--  http://as00.estara.com/webcare/public/linkjs.php?ulbid=964935
Connecting to as00.estara.com|64.69.13.116|:80... connected.
HTTP request sent, awaiting response... 200 OK
Length: 330 [application/x-javascript]
Saving to: `code/../crawls/journeys.com/Privacy-Policy/raw/as00.estara.com/webcare/public/linkjs.php?ulbid=964935'

     0K                                                       100% 52.2M=0s

2013-05-01 05:15:50 (52.2 MB/s) - `code/../crawls/journeys.com/Privacy-Policy/raw/as00.estara.com/webcare/public/linkjs.php?ulbid=964935' saved [330/330]

--2013-05-01 05:15:50--  http://as00.estara.com/webcare/public/linkimage.php?ulbid=964935
Reusing existing connection to as00.estara.com:80.
HTTP request sent, awaiting response... 200 OK
Length: 1234 (1.2K) [image/png]
Saving to: `code/../crawls/journeys.com/Privacy-Policy/raw/as00.estara.com/webcare/public/linkimage.php?ulbid=964935'

     0K .                                                     100%  184M=0s

2013-05-01 05:15:50 (184 MB/s) - `code/../crawls/journeys.com/Privacy-Policy/raw/as00.estara.com/webcare/public/linkimage.php?ulbid=964935' saved [1234/1234]

--2013-05-01 05:15:50--  http://www.journeys.com/assets/img/logo-connect.png
Connecting to www.journeys.com|23.56.127.228|:80... connected.
HTTP request sent, awaiting response... 200 OK
Length: 2252 (2.2K) [image/png]
Saving to: `code/../crawls/journeys.com/Privacy-Policy/raw/www.journeys.com/assets/img/logo-connect.png'

     0K ..                                                    100%  290M=0s

2013-05-01 05:15:50 (290 MB/s) - `code/../crawls/journeys.com/Privacy-Policy/raw/www.journeys.com/assets/img/logo-connect.png' saved [2252/2252]

--2013-05-01 05:15:50--  http://seal.networksolutions.com/siteseal/javascript/siteseal.js
Resolving seal.networksolutions.com... 184.169.75.18
Connecting to seal.networksolutions.com|184.169.75.18|:80... connected.
HTTP request sent, awaiting response... 200 OK
Length: 621 [application/x-javascript]
Saving to: `code/../crawls/journeys.com/Privacy-Policy/raw/seal.networksolutions.com/siteseal/javascript/siteseal.js'

     0K                                                       100% 98.5M=0s

2013-05-01 05:15:50 (98.5 MB/s) - `code/../crawls/journeys.com/Privacy-Policy/raw/seal.networksolutions.com/siteseal/javascript/siteseal.js' saved [621/621]

--2013-05-01 05:15:50--  http://www.journeys.com/assets/img/logo-genesco.png
Connecting to www.journeys.com|23.56.127.228|:80... connected.
HTTP request sent, awaiting response... 200 OK
Length: 2691 (2.6K) [image/png]
Saving to: `code/../crawls/journeys.com/Privacy-Policy/raw/www.journeys.com/assets/img/logo-genesco.png'

     0K ..                                                    100%  328M=0s

2013-05-01 05:15:50 (328 MB/s) - `code/../crawls/journeys.com/Privacy-Policy/raw/www.journeys.com/assets/img/logo-genesco.png' saved [2691/2691]

--2013-05-01 05:15:50--  http://ajax.googleapis.com/ajax/libs/jquery/1.7.2/jquery.min.js
Resolving ajax.googleapis.com... 173.194.70.95, 2a00:1450:4001:c02::5f
Connecting to ajax.googleapis.com|173.194.70.95|:80... connected.
HTTP request sent, awaiting response... 200 OK
Length: unspecified [text/javascript]
Saving to: `code/../crawls/journeys.com/Privacy-Policy/raw/ajax.googleapis.com/ajax/libs/jquery/1.7.2/jquery.min.js'

     0K .......... .......... .......... .......... ..........  103K
    50K .......... .......... .......... .......... ..          986K=0.5s

2013-05-01 05:15:51 (175 KB/s) - `code/../crawls/journeys.com/Privacy-Policy/raw/ajax.googleapis.com/ajax/libs/jquery/1.7.2/jquery.min.js' saved [94840]

--2013-05-01 05:15:51--  http://ajax.googleapis.com/ajax/libs/jqueryui/1.8.18/jquery-ui.min.js
Reusing existing connection to ajax.googleapis.com:80.
HTTP request sent, awaiting response... 200 OK
Length: unspecified [text/javascript]
Saving to: `code/../crawls/journeys.com/Privacy-Policy/raw/ajax.googleapis.com/ajax/libs/jqueryui/1.8.18/jquery-ui.min.js'

     0K .......... .......... .......... .......... .......... 11.6M
    50K .......... .......... .......... .......... ..........  317K
   100K .......... .......... .......... .......... ..........  322K
   150K .......... .......... .......... .......... .......    10.8M=0.3s

2013-05-01 05:15:52 (613 KB/s) - `code/../crawls/journeys.com/Privacy-Policy/raw/ajax.googleapis.com/ajax/libs/jqueryui/1.8.18/jquery-ui.min.js' saved [201842]

--2013-05-01 05:15:52--  http://www.journeys.com/assets/js/libs/jquery-1.7.2.min.js
Connecting to www.journeys.com|23.56.127.228|:80... connected.
HTTP request sent, awaiting response... 200 OK
Length: unspecified [application/x-javascript]
Saving to: `code/../crawls/journeys.com/Privacy-Policy/raw/www.journeys.com/assets/js/libs/jquery-1.7.2.min.js'

     0K .......... .......... .......... .......... .......... 3.17M
    50K .......... .......... .......... .......... ..         6.66M=0.02s

2013-05-01 05:15:52 (4.17 MB/s) - `code/../crawls/journeys.com/Privacy-Policy/raw/www.journeys.com/assets/js/libs/jquery-1.7.2.min.js' saved [94843]

--2013-05-01 05:15:52--  http://www.journeys.com/assets/js/libs/jqueryui-1.8.18.min.js
Reusing existing connection to www.journeys.com:80.
HTTP request sent, awaiting response... 200 OK
Length: unspecified [application/x-javascript]
Saving to: `code/../crawls/journeys.com/Privacy-Policy/raw/www.journeys.com/assets/js/libs/jqueryui-1.8.18.min.js'

     0K .......... .......... .......... .......... .......... 9.93M
    50K .......... .......... .......... .......... .......... 9.62M
   100K .......... .......... .......... .......... .......... 8.22M
   150K .......... .......... .......... .......... .......    6.54M=0.02s

2013-05-01 05:15:52 (8.38 MB/s) - `code/../crawls/journeys.com/Privacy-Policy/raw/www.journeys.com/assets/js/libs/jqueryui-1.8.18.min.js' saved [201856]

--2013-05-01 05:15:52--  http://www.journeys.com/assets/js/plugins.js
Reusing existing connection to www.journeys.com:80.
HTTP request sent, awaiting response... 200 OK
Length: unspecified [application/x-javascript]
Saving to: `code/../crawls/journeys.com/Privacy-Policy/raw/www.journeys.com/assets/js/plugins.js'

     0K .......... .......... .......... .......... .......... 11.0M
    50K .......... .......... .......... ........              4.91M=0.01s

2013-05-01 05:15:52 (7.15 MB/s) - `code/../crawls/journeys.com/Privacy-Policy/raw/www.journeys.com/assets/js/plugins.js' saved [90390]

--2013-05-01 05:15:52--  http://www.journeys.com/assets/js/script.js
Reusing existing connection to www.journeys.com:80.
HTTP request sent, awaiting response... 200 OK
Length: unspecified [application/x-javascript]
Saving to: `code/../crawls/journeys.com/Privacy-Policy/raw/www.journeys.com/assets/js/script.js'

     0K .......... .......... .......... .......... .......... 11.1M
    50K .......... .......... .......... .......... .          11.3M=0.008s

2013-05-01 05:15:52 (11.2 MB/s) - `code/../crawls/journeys.com/Privacy-Policy/raw/www.journeys.com/assets/js/script.js' saved [94100]

--2013-05-01 05:15:52--  https://dsa.csdata1.com/data/js/5210735/csgather.js
Resolving dsa.csdata1.com... 23.56.116.212
Connecting to dsa.csdata1.com|23.56.116.212|:443... connected.
HTTP request sent, awaiting response... 200 OK
Length: 19529 (19K) [application/x-javascript]
Saving to: `code/../crawls/journeys.com/Privacy-Policy/raw/dsa.csdata1.com/data/js/5210735/csgather.js'

     0K .......... .........                                  100% 90.4M=0s

2013-05-01 05:15:52 (90.4 MB/s) - `code/../crawls/journeys.com/Privacy-Policy/raw/dsa.csdata1.com/data/js/5210735/csgather.js' saved [19529/19529]

--2013-05-01 05:15:52--  http://www.journeys.com/assets/css/img/modal-cover.png
Connecting to www.journeys.com|23.56.127.228|:80... connected.
HTTP request sent, awaiting response... 200 OK
Length: 1068 (1.0K) [image/png]
Saving to: `code/../crawls/journeys.com/Privacy-Policy/raw/www.journeys.com/assets/css/img/modal-cover.png'

     0K .                                                     100%  154M=0s

2013-05-01 05:15:52 (154 MB/s) - `code/../crawls/journeys.com/Privacy-Policy/raw/www.journeys.com/assets/css/img/modal-cover.png' saved [1068/1068]

--2013-05-01 05:15:52--  http://www.journeys.com/images/c9/1_1154.jpg
Reusing existing connection to www.journeys.com:80.
HTTP request sent, awaiting response... 200 OK
Length: 30627 (30K) [image/jpeg]
Saving to: `code/../crawls/journeys.com/Privacy-Policy/raw/www.journeys.com/images/c9/1_1154.jpg'

     0K .......... .......... .........                       100% 2.85M=0.01s

2013-05-01 05:15:52 (2.85 MB/s) - `code/../crawls/journeys.com/Privacy-Policy/raw/www.journeys.com/images/c9/1_1154.jpg' saved [30627/30627]

--2013-05-01 05:15:52--  http://www.journeys.com/assets/css/img/bg-hdr-site.png
Reusing existing connection to www.journeys.com:80.
HTTP request sent, awaiting response... 200 OK
Length: 5191 (5.1K) [image/png]
Saving to: `code/../crawls/journeys.com/Privacy-Policy/raw/www.journeys.com/assets/css/img/bg-hdr-site.png'

     0K .....                                                 100% 14.6M=0s

2013-05-01 05:15:52 (14.6 MB/s) - `code/../crawls/journeys.com/Privacy-Policy/raw/www.journeys.com/assets/css/img/bg-hdr-site.png' saved [5191/5191]

--2013-05-01 05:15:52--  http://www.journeys.com/assets/css/img/sprite-icons.png
Reusing existing connection to www.journeys.com:80.
HTTP request sent, awaiting response... 200 OK
Length: 39525 (39K) [image/png]
Saving to: `code/../crawls/journeys.com/Privacy-Policy/raw/www.journeys.com/assets/css/img/sprite-icons.png'

     0K .......... .......... .......... ........             100% 5.39M=0.007s

2013-05-01 05:15:52 (5.39 MB/s) - `code/../crawls/journeys.com/Privacy-Policy/raw/www.journeys.com/assets/css/img/sprite-icons.png' saved [39525/39525]

--2013-05-01 05:15:52--  http://www.journeys.com/assets/css/img/bg-main-brand-active.png
Reusing existing connection to www.journeys.com:80.
HTTP request sent, awaiting response... 200 OK
Length: 1417 (1.4K) [image/png]
Saving to: `code/../crawls/journeys.com/Privacy-Policy/raw/www.journeys.com/assets/css/img/bg-main-brand-active.png'

     0K .                                                     100%  206M=0s

2013-05-01 05:15:52 (206 MB/s) - `code/../crawls/journeys.com/Privacy-Policy/raw/www.journeys.com/assets/css/img/bg-main-brand-active.png' saved [1417/1417]

--2013-05-01 05:15:52--  http://www.journeys.com/assets/css/img/bg-login-drop.png
Reusing existing connection to www.journeys.com:80.
HTTP request sent, awaiting response... 200 OK
Length: 3699 (3.6K) [image/png]
Saving to: `code/../crawls/journeys.com/Privacy-Policy/raw/www.journeys.com/assets/css/img/bg-login-drop.png'

     0K ...                                                   100%  207M=0s

2013-05-01 05:15:52 (207 MB/s) - `code/../crawls/journeys.com/Privacy-Policy/raw/www.journeys.com/assets/css/img/bg-login-drop.png' saved [3699/3699]

--2013-05-01 05:15:52--  http://www.journeys.com/assets/css/img/bad-dash.png
Reusing existing connection to www.journeys.com:80.
HTTP request sent, awaiting response... 200 OK
Length: 1203 (1.2K) [image/png]
Saving to: `code/../crawls/journeys.com/Privacy-Policy/raw/www.journeys.com/assets/css/img/bad-dash.png'

     0K .                                                     100%  156M=0s

2013-05-01 05:15:52 (156 MB/s) - `code/../crawls/journeys.com/Privacy-Policy/raw/www.journeys.com/assets/css/img/bad-dash.png' saved [1203/1203]

--2013-05-01 05:15:52--  http://www.journeys.com/assets/css/img/bg-cart-drop.png
Reusing existing connection to www.journeys.com:80.
HTTP request sent, awaiting response... 200 OK
Length: 3988 (3.9K) [image/png]
Saving to: `code/../crawls/journeys.com/Privacy-Policy/raw/www.journeys.com/assets/css/img/bg-cart-drop.png'

     0K ...                                                   100% 52.5M=0s

2013-05-01 05:15:52 (52.5 MB/s) - `code/../crawls/journeys.com/Privacy-Policy/raw/www.journeys.com/assets/css/img/bg-cart-drop.png' saved [3988/3988]

--2013-05-01 05:15:52--  http://www.journeys.com/assets/css/img/bg-horiz-stitch.gif
Reusing existing connection to www.journeys.com:80.
HTTP request sent, awaiting response... 200 OK
Length: 1850 (1.8K) [image/gif]
Saving to: `code/../crawls/journeys.com/Privacy-Policy/raw/www.journeys.com/assets/css/img/bg-horiz-stitch.gif'

     0K .                                                     100%  149M=0s

2013-05-01 05:15:52 (149 MB/s) - `code/../crawls/journeys.com/Privacy-Policy/raw/www.journeys.com/assets/css/img/bg-horiz-stitch.gif' saved [1850/1850]

--2013-05-01 05:15:52--  http://www.journeys.com/assets/css/img/bg-vert-stitch.gif
Reusing existing connection to www.journeys.com:80.
HTTP request sent, awaiting response... 200 OK
Length: 2096 (2.0K) [image/gif]
Saving to: `code/../crawls/journeys.com/Privacy-Policy/raw/www.journeys.com/assets/css/img/bg-vert-stitch.gif'

     0K ..                                                    100%  303M=0s

2013-05-01 05:15:52 (303 MB/s) - `code/../crawls/journeys.com/Privacy-Policy/raw/www.journeys.com/assets/css/img/bg-vert-stitch.gif' saved [2096/2096]

--2013-05-01 05:15:52--  http://www.journeys.com/assets/css/img/bg-footer-canvas.jpg
Reusing existing connection to www.journeys.com:80.
HTTP request sent, awaiting response... 200 OK
Length: 57154 (56K) [image/jpeg]
Saving to: `code/../crawls/journeys.com/Privacy-Policy/raw/www.journeys.com/assets/css/img/bg-footer-canvas.jpg'

     0K .......... .......... .......... .......... .......... 89% 6.30M 0s
    50K .....                                                 100% 12.2M=0.008s

2013-05-01 05:15:52 (6.63 MB/s) - `code/../crawls/journeys.com/Privacy-Policy/raw/www.journeys.com/assets/css/img/bg-footer-canvas.jpg' saved [57154/57154]

--2013-05-01 05:15:52--  http://www.journeys.com/assets/css/img/bg-horiz-double-stitch.png
Reusing existing connection to www.journeys.com:80.
HTTP request sent, awaiting response... 200 OK
Length: 1131 (1.1K) [image/png]
Saving to: `code/../crawls/journeys.com/Privacy-Policy/raw/www.journeys.com/assets/css/img/bg-horiz-double-stitch.png'

     0K .                                                     100%  168M=0s

2013-05-01 05:15:52 (168 MB/s) - `code/../crawls/journeys.com/Privacy-Policy/raw/www.journeys.com/assets/css/img/bg-horiz-double-stitch.png' saved [1131/1131]

--2013-05-01 05:15:52--  http://www.journeys.com/assets/css/img/checkbox.png
Reusing existing connection to www.journeys.com:80.
HTTP request sent, awaiting response... 200 OK
Length: 1543 (1.5K) [image/png]
Saving to: `code/../crawls/journeys.com/Privacy-Policy/raw/www.journeys.com/assets/css/img/checkbox.png'

     0K .                                                     100%  219M=0s

2013-05-01 05:15:52 (219 MB/s) - `code/../crawls/journeys.com/Privacy-Policy/raw/www.journeys.com/assets/css/img/checkbox.png' saved [1543/1543]

--2013-05-01 05:15:52--  http://www.journeys.com/assets/img/instock_no.gif
Reusing existing connection to www.journeys.com:80.
HTTP request sent, awaiting response... 200 OK
Length: 1288 (1.3K) [image/gif]
Saving to: `code/../crawls/journeys.com/Privacy-Policy/raw/www.journeys.com/assets/img/instock_no.gif'

     0K .                                                     100%  186M=0s

2013-05-01 05:15:52 (186 MB/s) - `code/../crawls/journeys.com/Privacy-Policy/raw/www.journeys.com/assets/img/instock_no.gif' saved [1288/1288]

--2013-05-01 05:15:52--  http://www.journeys.com/assets/img/hand-off.png
Reusing existing connection to www.journeys.com:80.
HTTP request sent, awaiting response... 200 OK
Length: 1437 (1.4K) [image/png]
Saving to: `code/../crawls/journeys.com/Privacy-Policy/raw/www.journeys.com/assets/img/hand-off.png'

     0K .                                                     100%  197M=0s

2013-05-01 05:15:52 (197 MB/s) - `code/../crawls/journeys.com/Privacy-Policy/raw/www.journeys.com/assets/img/hand-off.png' saved [1437/1437]

--2013-05-01 05:15:52--  http://www.journeys.com/assets/img/hand-on.png
Reusing existing connection to www.journeys.com:80.
HTTP request sent, awaiting response... 200 OK
Length: 1427 (1.4K) [image/png]
Saving to: `code/../crawls/journeys.com/Privacy-Policy/raw/www.journeys.com/assets/img/hand-on.png'

     0K .                                                     100%  210M=0s

2013-05-01 05:15:52 (210 MB/s) - `code/../crawls/journeys.com/Privacy-Policy/raw/www.journeys.com/assets/img/hand-on.png' saved [1427/1427]

--2013-05-01 05:15:52--  http://www.journeys.com/assets/img/hand-on-shi.png
Reusing existing connection to www.journeys.com:80.
HTTP request sent, awaiting response... 200 OK
Length: 1428 (1.4K) [image/png]
Saving to: `code/../crawls/journeys.com/Privacy-Policy/raw/www.journeys.com/assets/img/hand-on-shi.png'

     0K .                                                     100%  203M=0s

2013-05-01 05:15:52 (203 MB/s) - `code/../crawls/journeys.com/Privacy-Policy/raw/www.journeys.com/assets/img/hand-on-shi.png' saved [1428/1428]

--2013-05-01 05:15:52--  http://www.journeys.com/assets/css/img/black-40.png
Reusing existing connection to www.journeys.com:80.
HTTP request sent, awaiting response... 200 OK
Length: 1078 (1.1K) [image/png]
Saving to: `code/../crawls/journeys.com/Privacy-Policy/raw/www.journeys.com/assets/css/img/black-40.png'

     0K .                                                     100%  132M=0s

2013-05-01 05:15:53 (132 MB/s) - `code/../crawls/journeys.com/Privacy-Policy/raw/www.journeys.com/assets/css/img/black-40.png' saved [1078/1078]

--2013-05-01 05:15:53--  http://www.journeys.com/assets/css/img/bg-border-cheat.png
Reusing existing connection to www.journeys.com:80.
HTTP request sent, awaiting response... 200 OK
Length: 1701 (1.7K) [image/png]
Saving to: `code/../crawls/journeys.com/Privacy-Policy/raw/www.journeys.com/assets/css/img/bg-border-cheat.png'

     0K .                                                     100%  222M=0s

2013-05-01 05:15:53 (222 MB/s) - `code/../crawls/journeys.com/Privacy-Policy/raw/www.journeys.com/assets/css/img/bg-border-cheat.png' saved [1701/1701]

FINISHED --2013-05-01 05:15:53--
Total wall clock time: 4.8s
Downloaded: 80 files, 1.5M in 1.2s (1.27 MB/s)
Converting code/../crawls/journeys.com/Privacy-Policy/raw/www.journeys.com/privacy.aspx.html... 79-62
Converting code/../crawls/journeys.com/Privacy-Policy/raw/www.journeys.com/assets/css/account.css... 81-0
Converted 2 files in 0.01 seconds.
