--2012-04-15 08:27:36--  http://www.josbank.com/menswear/shop/PrivacyPolicyView?langId=-1&storeId=11001&catalogId=10050
Resolving www.josbank.com... 23.1.92.68
Connecting to www.josbank.com|23.1.92.68|:80... connected.
HTTP request sent, awaiting response... 200 OK
Length: unspecified [text/html]
Saving to: `code/../crawls/josbank.com/Privacy-Policy/raw/www.josbank.com/menswear/shop/PrivacyPolicyView?langId=-1&storeId=11001&catalogId=10050.html'

     0K .......... .......... .......... .......... .......... 6.05M
    50K .......... .......... .......... .......... .......... 9.90M
   100K .......... .......                                     11.4M=0.01s

2012-04-15 08:27:39 (7.92 MB/s) - `code/../crawls/josbank.com/Privacy-Policy/raw/www.josbank.com/menswear/shop/PrivacyPolicyView?langId=-1&storeId=11001&catalogId=10050.html' saved [120502]

--2012-04-15 08:27:39--  http://www.josbank.com/menswear/JABAssetStore/static/styles/main.css
Reusing existing connection to www.josbank.com:80.
HTTP request sent, awaiting response... 200 OK
Length: unspecified [text/css]
Saving to: `code/../crawls/josbank.com/Privacy-Policy/raw/www.josbank.com/menswear/JABAssetStore/static/styles/main.css'

     0K .......... .......... .......... .......... .......... 12.0M
    50K .......... .......... .......... .......... .......... 9.94M
   100K ....                                                   12.0M=0.009s

2012-04-15 08:27:39 (10.9 MB/s) - `code/../crawls/josbank.com/Privacy-Policy/raw/www.josbank.com/menswear/JABAssetStore/static/styles/main.css' saved [107094]

--2012-04-15 08:27:39--  http://www.josbank.com/menswear/JABAssetStore/static/styles/print.css
Reusing existing connection to www.josbank.com:80.
HTTP request sent, awaiting response... 200 OK
Length: 908 [text/css]
Saving to: `code/../crawls/josbank.com/Privacy-Policy/raw/www.josbank.com/menswear/JABAssetStore/static/styles/print.css'

     0K                                                       100%  158M=0s

2012-04-15 08:27:39 (158 MB/s) - `code/../crawls/josbank.com/Privacy-Policy/raw/www.josbank.com/menswear/JABAssetStore/static/styles/print.css' saved [908/908]

--2012-04-15 08:27:39--  http://www.josbank.com/menswear/JABAssetStore/static/scripts/jquery.js
Reusing existing connection to www.josbank.com:80.
HTTP request sent, awaiting response... 200 OK
Length: unspecified [application/x-javascript]
Saving to: `code/../crawls/josbank.com/Privacy-Policy/raw/www.josbank.com/menswear/JABAssetStore/static/scripts/jquery.js'

     0K .......... .......... .......... .......... .......... 11.5M
    50K .......... .......... ..                               9.96M=0.006s

2012-04-15 08:27:39 (11.0 MB/s) - `code/../crawls/josbank.com/Privacy-Policy/raw/www.josbank.com/menswear/JABAssetStore/static/scripts/jquery.js' saved [74257]

--2012-04-15 08:27:39--  http://www.josbank.com/menswear/JABAssetStore/static/scripts/jab.js
Reusing existing connection to www.josbank.com:80.
HTTP request sent, awaiting response... 200 OK
Length: 14709 (14K) [application/x-javascript]
Saving to: `code/../crawls/josbank.com/Privacy-Policy/raw/www.josbank.com/menswear/JABAssetStore/static/scripts/jab.js'

     0K .......... ....                                       100% 13.4M=0.001s

2012-04-15 08:27:39 (13.4 MB/s) - `code/../crawls/josbank.com/Privacy-Policy/raw/www.josbank.com/menswear/JABAssetStore/static/scripts/jab.js' saved [14709/14709]

--2012-04-15 08:27:39--  http://www.josbank.com/menswear/JABAssetStore/static/lib/errors.js
Reusing existing connection to www.josbank.com:80.
HTTP request sent, awaiting response... 200 OK
Length: 18046 (18K) [application/x-javascript]
Saving to: `code/../crawls/josbank.com/Privacy-Policy/raw/www.josbank.com/menswear/JABAssetStore/static/lib/errors.js'

     0K .......... .......                                    100% 13.2M=0.001s

2012-04-15 08:27:39 (13.2 MB/s) - `code/../crawls/josbank.com/Privacy-Policy/raw/www.josbank.com/menswear/JABAssetStore/static/lib/errors.js' saved [18046/18046]

--2012-04-15 08:27:39--  http://www.josbank.com/menswear/JABAssetStore/espots/Private-fly_bkgrd.jpg
Reusing existing connection to www.josbank.com:80.
HTTP request sent, awaiting response... 200 OK
Length: 36733 (36K) [image/jpeg]
Saving to: `code/../crawls/josbank.com/Privacy-Policy/raw/www.josbank.com/menswear/JABAssetStore/espots/Private-fly_bkgrd.jpg'

     0K .......... .......... .......... .....                100% 12.4M=0.003s

2012-04-15 08:27:39 (12.4 MB/s) - `code/../crawls/josbank.com/Privacy-Policy/raw/www.josbank.com/menswear/JABAssetStore/espots/Private-fly_bkgrd.jpg' saved [36733/36733]

--2012-04-15 08:27:39--  http://www.josbank.com/menswear/JABAssetStore/espots/Private-fly_open.gif
Reusing existing connection to www.josbank.com:80.
HTTP request sent, awaiting response... 302 Moved Temporarily
Location: http://ak1.abmr.net/is/www.josbank.com?U=/menswear/JABAssetStore/espots/Private-fly_open.gif&V=3-QCsn1bEiZCDEJjGLe%2fkc04LqKFAWhh77HQc+OrL46zysjTlaY+37Cg%3d%3d&I=3CA9939858A2A27&D=josbank.com&01AD=1& [following]
--2012-04-15 08:27:39--  http://ak1.abmr.net/is/www.josbank.com?U=/menswear/JABAssetStore/espots/Private-fly_open.gif&V=3-QCsn1bEiZCDEJjGLe%2fkc04LqKFAWhh77HQc+OrL46zysjTlaY+37Cg%3d%3d&I=3CA9939858A2A27&D=josbank.com&01AD=1&
Resolving ak1.abmr.net... 23.57.68.25, 23.57.68.9
Connecting to ak1.abmr.net|23.57.68.25|:80... connected.
HTTP request sent, awaiting response... 302 Moved Temporarily
Location: http://www.josbank.com/menswear/JABAssetStore/espots/Private-fly_open.gif?01AD=3OTJ9SVNydHObM4B2jUy5E4GXcQ9bUK5gvPsJskSAKbvf9MK-Czf_UQ&01RI=3CA9939858A2A27&01NA=na [following]
--2012-04-15 08:27:41--  http://www.josbank.com/menswear/JABAssetStore/espots/Private-fly_open.gif?01AD=3OTJ9SVNydHObM4B2jUy5E4GXcQ9bUK5gvPsJskSAKbvf9MK-Czf_UQ&01RI=3CA9939858A2A27&01NA=na
Connecting to www.josbank.com|23.1.92.68|:80... connected.
HTTP request sent, awaiting response... 200 OK
Length: 1157 (1.1K) [image/gif]
Saving to: `code/../crawls/josbank.com/Privacy-Policy/raw/www.josbank.com/menswear/JABAssetStore/espots/Private-fly_open.gif'

     0K .                                                     100%  158M=0s

2012-04-15 08:27:41 (158 MB/s) - `code/../crawls/josbank.com/Privacy-Policy/raw/www.josbank.com/menswear/JABAssetStore/espots/Private-fly_open.gif' saved [1157/1157]

--2012-04-15 08:27:41--  http://www.josbank.com/menswear/JABAssetStore/static/scripts/sweeps.js
Reusing existing connection to www.josbank.com:80.
HTTP request sent, awaiting response... 200 OK
Length: 2198 (2.1K) [application/x-javascript]
Saving to: `code/../crawls/josbank.com/Privacy-Policy/raw/www.josbank.com/menswear/JABAssetStore/static/scripts/sweeps.js'

     0K ..                                                    100%  288M=0s

2012-04-15 08:27:41 (288 MB/s) - `code/../crawls/josbank.com/Privacy-Policy/raw/www.josbank.com/menswear/JABAssetStore/static/scripts/sweeps.js' saved [2198/2198]

--2012-04-15 08:27:41--  http://www.josbank.com/menswear/JABAssetStore/static/scripts/jquery.cookie.js
Reusing existing connection to www.josbank.com:80.
HTTP request sent, awaiting response... 200 OK
Length: 4246 (4.1K) [application/x-javascript]
Saving to: `code/../crawls/josbank.com/Privacy-Policy/raw/www.josbank.com/menswear/JABAssetStore/static/scripts/jquery.cookie.js'

     0K ....                                                  100% 21.5M=0s

2012-04-15 08:27:41 (21.5 MB/s) - `code/../crawls/josbank.com/Privacy-Policy/raw/www.josbank.com/menswear/JABAssetStore/static/scripts/jquery.cookie.js' saved [4246/4246]

--2012-04-15 08:27:41--  http://www.josbank.com/wps/wcm/myconnect/64c587004ad91b0ead0dada8450cd7da/Global-PromoBan_041212.gif?MOD=AJPERES&CACHEID=64c587004ad91b0ead0dada8450cd7da
Reusing existing connection to www.josbank.com:80.
HTTP request sent, awaiting response... 302 Moved Temporarily
Location: http://ak1.abmr.net/is/www.josbank.com?U=/wps/wcm/myconnect/64c587004ad91b0ead0dada8450cd7da/Global-PromoBan_041212.gif&V=3-CJ2STIieDEpq6K8RB1JGLvT+xv66VClBY92vgErhKsu8Y+aN1oARig%3d%3d&I=D841E38E5834F75&D=josbank.com&01AD=1&MOD=AJPERES&CACHEID=64c587004ad91b0ead0dada8450cd7da [following]
--2012-04-15 08:27:41--  http://ak1.abmr.net/is/www.josbank.com?U=/wps/wcm/myconnect/64c587004ad91b0ead0dada8450cd7da/Global-PromoBan_041212.gif&V=3-CJ2STIieDEpq6K8RB1JGLvT+xv66VClBY92vgErhKsu8Y+aN1oARig%3d%3d&I=D841E38E5834F75&D=josbank.com&01AD=1&MOD=AJPERES&CACHEID=64c587004ad91b0ead0dada8450cd7da
Connecting to ak1.abmr.net|23.57.68.25|:80... connected.
HTTP request sent, awaiting response... 302 Moved Temporarily
Location: http://www.josbank.com/wps/wcm/myconnect/64c587004ad91b0ead0dada8450cd7da/Global-PromoBan_041212.gif?01AD=3K_YiOy5Y9HiroFy51y8_zigeVs8hVDnQNcKpSq5pWDg7E2p8OJMfBQ&01RI=D841E38E5834F75&01NA=&MOD=AJPERES&CACHEID=64c587004ad91b0ead0dada8450cd7da [following]
--2012-04-15 08:27:41--  http://www.josbank.com/wps/wcm/myconnect/64c587004ad91b0ead0dada8450cd7da/Global-PromoBan_041212.gif?01AD=3K_YiOy5Y9HiroFy51y8_zigeVs8hVDnQNcKpSq5pWDg7E2p8OJMfBQ&01RI=D841E38E5834F75&01NA=&MOD=AJPERES&CACHEID=64c587004ad91b0ead0dada8450cd7da
Connecting to www.josbank.com|23.1.92.68|:80... connected.
HTTP request sent, awaiting response... 200 OK
Length: 29097 (28K) [image/gif]
Saving to: `code/../crawls/josbank.com/Privacy-Policy/raw/www.josbank.com/wps/wcm/myconnect/64c587004ad91b0ead0dada8450cd7da/Global-PromoBan_041212.gif?MOD=AJPERES&CACHEID=64c587004ad91b0ead0dada8450cd7da'

     0K .......... .......... ........                        100% 4.27M=0.007s

2012-04-15 08:27:41 (4.27 MB/s) - `code/../crawls/josbank.com/Privacy-Policy/raw/www.josbank.com/wps/wcm/myconnect/64c587004ad91b0ead0dada8450cd7da/Global-PromoBan_041212.gif?MOD=AJPERES&CACHEID=64c587004ad91b0ead0dada8450cd7da' saved [29097/29097]

--2012-04-15 08:27:41--  http://www.josbank.com/wps/wcm/myconnect/2d2c3f004efd8e28b244bf08c0a90d3d/1/verisignseal.gif?MOD=AJPERES
Reusing existing connection to www.josbank.com:80.
HTTP request sent, awaiting response... 200 OK
Length: 968 [image/gif]
Saving to: `code/../crawls/josbank.com/Privacy-Policy/raw/www.josbank.com/wps/wcm/myconnect/2d2c3f004efd8e28b244bf08c0a90d3d/1/verisignseal.gif?MOD=AJPERES'

     0K                                                       100%  165M=0s

2012-04-15 08:27:41 (165 MB/s) - `code/../crawls/josbank.com/Privacy-Policy/raw/www.josbank.com/wps/wcm/myconnect/2d2c3f004efd8e28b244bf08c0a90d3d/1/verisignseal.gif?MOD=AJPERES' saved [968/968]

--2012-04-15 08:27:41--  http://www.josbank.com/menswear/JABAssetStore/espots/Private-bttmLeft-bkgrd.jpg
Reusing existing connection to www.josbank.com:80.
HTTP request sent, awaiting response... 200 OK
Length: 22556 (22K) [image/jpeg]
Saving to: `code/../crawls/josbank.com/Privacy-Policy/raw/www.josbank.com/menswear/JABAssetStore/espots/Private-bttmLeft-bkgrd.jpg'

     0K .......... .......... ..                              100% 7.30M=0.003s

2012-04-15 08:27:42 (7.30 MB/s) - `code/../crawls/josbank.com/Privacy-Policy/raw/www.josbank.com/menswear/JABAssetStore/espots/Private-bttmLeft-bkgrd.jpg' saved [22556/22556]

--2012-04-15 08:27:42--  http://www.josbank.com/menswear/JABAssetStore/static/images/wcm/btn_enter_sweep.png
Reusing existing connection to www.josbank.com:80.
HTTP request sent, awaiting response... 200 OK
Length: 1345 (1.3K) [image/png]
Saving to: `code/../crawls/josbank.com/Privacy-Policy/raw/www.josbank.com/menswear/JABAssetStore/static/images/wcm/btn_enter_sweep.png'

     0K .                                                     100%  197M=0s

2012-04-15 08:27:42 (197 MB/s) - `code/../crawls/josbank.com/Privacy-Policy/raw/www.josbank.com/menswear/JABAssetStore/static/images/wcm/btn_enter_sweep.png' saved [1345/1345]

--2012-04-15 08:27:42--  http://www.josbank.com/menswear/JABAssetStore/static/images/global/branding/btn_go.png
Reusing existing connection to www.josbank.com:80.
HTTP request sent, awaiting response... 200 OK
Length: 861 [image/png]
Saving to: `code/../crawls/josbank.com/Privacy-Policy/raw/www.josbank.com/menswear/JABAssetStore/static/images/global/branding/btn_go.png'

     0K                                                       100%  135M=0s

2012-04-15 08:27:42 (135 MB/s) - `code/../crawls/josbank.com/Privacy-Policy/raw/www.josbank.com/menswear/JABAssetStore/static/images/global/branding/btn_go.png' saved [861/861]

--2012-04-15 08:27:42--  http://www.josbank.com/menswear/shop/%5C%22/menswear/JABAssetStore/static/images/global/flags/'+countryCodeCookie+'.gif%5C%22
Reusing existing connection to www.josbank.com:80.
HTTP request sent, awaiting response... 302 Moved Temporarily
Location: http://www.josbank.com/500.html [following]
--2012-04-15 08:27:42--  http://www.josbank.com/500.html
Reusing existing connection to www.josbank.com:80.
HTTP request sent, awaiting response... 200 OK
Length: 173 [text/html]
Saving to: `code/../crawls/josbank.com/Privacy-Policy/raw/www.josbank.com/menswear/shop/\\"/menswear/JABAssetStore/static/images/global/flags/\'+countryCodeCookie+\'.gif\\".html'

     0K                                                       100% 27.1M=0s

2012-04-15 08:27:42 (27.1 MB/s) - `code/../crawls/josbank.com/Privacy-Policy/raw/www.josbank.com/menswear/shop/\\"/menswear/JABAssetStore/static/images/global/flags/\'+countryCodeCookie+\'.gif\\".html' saved [173/173]

--2012-04-15 08:27:42--  http://www.josbank.com/menswear/shop/SelectCountryView?langId=-1&storeId=11001&catalogId=10050
Reusing existing connection to www.josbank.com:80.
HTTP request sent, awaiting response... 200 OK
Length: unspecified [text/html]
Saving to: `code/../crawls/josbank.com/Privacy-Policy/raw/www.josbank.com/menswear/shop/SelectCountryView?langId=-1&storeId=11001&catalogId=10050.html'

     0K .......... .......... .......... ..                    9.76M=0.003s

2012-04-15 08:27:42 (9.76 MB/s) - `code/../crawls/josbank.com/Privacy-Policy/raw/www.josbank.com/menswear/shop/SelectCountryView?langId=-1&storeId=11001&catalogId=10050.html' saved [33350]

--2012-04-15 08:27:42--  http://www.josbank.com/menswear/JABAssetStore/static/images/global/branding/logo.png
Reusing existing connection to www.josbank.com:80.
HTTP request sent, awaiting response... 200 OK
Length: 22924 (22K) [image/png]
Saving to: `code/../crawls/josbank.com/Privacy-Policy/raw/www.josbank.com/menswear/JABAssetStore/static/images/global/branding/logo.png'

     0K .......... .......... ..                              100% 12.7M=0.002s

2012-04-15 08:27:42 (12.7 MB/s) - `code/../crawls/josbank.com/Privacy-Policy/raw/www.josbank.com/menswear/JABAssetStore/static/images/global/branding/logo.png' saved [22924/22924]

--2012-04-15 08:27:42--  http://www.josbank.com/menswear/JABAssetStore/static/images/global/branding/slogan.png
Reusing existing connection to www.josbank.com:80.
HTTP request sent, awaiting response... 200 OK
Length: 4589 (4.5K) [image/png]
Saving to: `code/../crawls/josbank.com/Privacy-Policy/raw/www.josbank.com/menswear/JABAssetStore/static/images/global/branding/slogan.png'

     0K ....                                                  100% 23.7M=0s

2012-04-15 08:27:42 (23.7 MB/s) - `code/../crawls/josbank.com/Privacy-Policy/raw/www.josbank.com/menswear/JABAssetStore/static/images/global/branding/slogan.png' saved [4589/4589]

--2012-04-15 08:27:42--  https://scene7.josbank.com/is/image/JosBank/main_nav_0001_suits
Resolving scene7.josbank.com... 23.1.92.68
Connecting to scene7.josbank.com|23.1.92.68|:443... connected.
HTTP request sent, awaiting response... 200 OK
Length: 17060 (17K) [image/jpeg]
Saving to: `code/../crawls/josbank.com/Privacy-Policy/raw/scene7.josbank.com/is/image/JosBank/main_nav_0001_suits'

     0K .......... ......                                     100%  121M=0s

2012-04-15 08:27:42 (121 MB/s) - `code/../crawls/josbank.com/Privacy-Policy/raw/scene7.josbank.com/is/image/JosBank/main_nav_0001_suits' saved [17060/17060]

--2012-04-15 08:27:42--  http://scene7.josbank.com/is/image/JosBank/main_nav_0001_suits
Connecting to scene7.josbank.com|23.1.92.68|:80... connected.
HTTP request sent, awaiting response... 200 OK
Length: 17060 (17K) [image/jpeg]
Saving to: `code/../crawls/josbank.com/Privacy-Policy/raw/scene7.josbank.com/is/image/JosBank/main_nav_0001_suits'

     0K .......... ......                                     100% 5.10M=0.003s

2012-04-15 08:27:43 (5.10 MB/s) - `code/../crawls/josbank.com/Privacy-Policy/raw/scene7.josbank.com/is/image/JosBank/main_nav_0001_suits' saved [17060/17060]

--2012-04-15 08:27:43--  https://scene7.josbank.com/is/image/JosBank/main_nav_0002_dressshirts
Connecting to scene7.josbank.com|23.1.92.68|:443... connected.
HTTP request sent, awaiting response... 200 OK
Length: 17049 (17K) [image/jpeg]
Saving to: `code/../crawls/josbank.com/Privacy-Policy/raw/scene7.josbank.com/is/image/JosBank/main_nav_0002_dressshirts'

     0K .......... ......                                     100% 9.55M=0.002s

2012-04-15 08:27:43 (9.55 MB/s) - `code/../crawls/josbank.com/Privacy-Policy/raw/scene7.josbank.com/is/image/JosBank/main_nav_0002_dressshirts' saved [17049/17049]

--2012-04-15 08:27:43--  http://scene7.josbank.com/is/image/JosBank/main_nav_0002_dressshirts
Connecting to scene7.josbank.com|23.1.92.68|:80... connected.
HTTP request sent, awaiting response... 200 OK
Length: 17049 (17K) [image/jpeg]
Saving to: `code/../crawls/josbank.com/Privacy-Policy/raw/scene7.josbank.com/is/image/JosBank/main_nav_0002_dressshirts'

     0K .......... ......                                     100% 5.09M=0.003s

2012-04-15 08:27:43 (5.09 MB/s) - `code/../crawls/josbank.com/Privacy-Policy/raw/scene7.josbank.com/is/image/JosBank/main_nav_0002_dressshirts' saved [17049/17049]

--2012-04-15 08:27:43--  https://scene7.josbank.com/is/image/JosBank/main_nav_0003_blazer
Connecting to scene7.josbank.com|23.1.92.68|:443... connected.
HTTP request sent, awaiting response... 200 OK
Length: 17704 (17K) [image/jpeg]
Saving to: `code/../crawls/josbank.com/Privacy-Policy/raw/scene7.josbank.com/is/image/JosBank/main_nav_0003_blazer'

     0K .......... .......                                    100%  114M=0s

2012-04-15 08:27:44 (114 MB/s) - `code/../crawls/josbank.com/Privacy-Policy/raw/scene7.josbank.com/is/image/JosBank/main_nav_0003_blazer' saved [17704/17704]

--2012-04-15 08:27:44--  http://scene7.josbank.com/is/image/JosBank/main_nav_0003_blazer
Connecting to scene7.josbank.com|23.1.92.68|:80... connected.
HTTP request sent, awaiting response... 200 OK
Length: 17704 (17K) [image/jpeg]
Saving to: `code/../crawls/josbank.com/Privacy-Policy/raw/scene7.josbank.com/is/image/JosBank/main_nav_0003_blazer'

     0K .......... .......                                    100% 5.16M=0.003s

2012-04-15 08:27:44 (5.16 MB/s) - `code/../crawls/josbank.com/Privacy-Policy/raw/scene7.josbank.com/is/image/JosBank/main_nav_0003_blazer' saved [17704/17704]

--2012-04-15 08:27:44--  https://scene7.josbank.com/is/image/JosBank/main_nav_0004_pants
Connecting to scene7.josbank.com|23.1.92.68|:443... connected.
HTTP request sent, awaiting response... 200 OK
Length: 12865 (13K) [image/jpeg]
Saving to: `code/../crawls/josbank.com/Privacy-Policy/raw/scene7.josbank.com/is/image/JosBank/main_nav_0004_pants'

     0K .......... ..                                         100%  270M=0s

2012-04-15 08:27:44 (270 MB/s) - `code/../crawls/josbank.com/Privacy-Policy/raw/scene7.josbank.com/is/image/JosBank/main_nav_0004_pants' saved [12865/12865]

--2012-04-15 08:27:44--  http://scene7.josbank.com/is/image/JosBank/main_nav_0004_pants
Connecting to scene7.josbank.com|23.1.92.68|:80... connected.
HTTP request sent, awaiting response... 200 OK
Length: 12865 (13K) [image/jpeg]
Saving to: `code/../crawls/josbank.com/Privacy-Policy/raw/scene7.josbank.com/is/image/JosBank/main_nav_0004_pants'

     0K .......... ..                                         100% 4.29M=0.003s

2012-04-15 08:27:44 (4.29 MB/s) - `code/../crawls/josbank.com/Privacy-Policy/raw/scene7.josbank.com/is/image/JosBank/main_nav_0004_pants' saved [12865/12865]

--2012-04-15 08:27:44--  https://scene7.josbank.com/is/image/JosBank/main_nav_0005_ties
Connecting to scene7.josbank.com|23.1.92.68|:443... connected.
HTTP request sent, awaiting response... 200 OK
Length: 13167 (13K) [image/jpeg]
Saving to: `code/../crawls/josbank.com/Privacy-Policy/raw/scene7.josbank.com/is/image/JosBank/main_nav_0005_ties'

     0K .......... ..                                         100%  247M=0s

2012-04-15 08:27:45 (247 MB/s) - `code/../crawls/josbank.com/Privacy-Policy/raw/scene7.josbank.com/is/image/JosBank/main_nav_0005_ties' saved [13167/13167]

--2012-04-15 08:27:45--  http://scene7.josbank.com/is/image/JosBank/main_nav_0005_ties
Connecting to scene7.josbank.com|23.1.92.68|:80... connected.
HTTP request sent, awaiting response... 200 OK
Length: 13167 (13K) [image/jpeg]
Saving to: `code/../crawls/josbank.com/Privacy-Policy/raw/scene7.josbank.com/is/image/JosBank/main_nav_0005_ties'

     0K .......... ..                                         100% 4.18M=0.003s

2012-04-15 08:27:45 (4.18 MB/s) - `code/../crawls/josbank.com/Privacy-Policy/raw/scene7.josbank.com/is/image/JosBank/main_nav_0005_ties' saved [13167/13167]

--2012-04-15 08:27:45--  https://scene7.josbank.com/is/image/JosBank/main_nav_0007_sportswear
Connecting to scene7.josbank.com|23.1.92.68|:443... connected.
HTTP request sent, awaiting response... 200 OK
Length: 15979 (16K) [image/jpeg]
Saving to: `code/../crawls/josbank.com/Privacy-Policy/raw/scene7.josbank.com/is/image/JosBank/main_nav_0007_sportswear'

     0K .......... .....                                      100%  303M=0s

2012-04-15 08:27:46 (303 MB/s) - `code/../crawls/josbank.com/Privacy-Policy/raw/scene7.josbank.com/is/image/JosBank/main_nav_0007_sportswear' saved [15979/15979]

--2012-04-15 08:27:46--  http://scene7.josbank.com/is/image/JosBank/main_nav_0007_sportswear
Connecting to scene7.josbank.com|23.1.92.68|:80... connected.
HTTP request sent, awaiting response... 200 OK
Length: 15979 (16K) [image/jpeg]
Saving to: `code/../crawls/josbank.com/Privacy-Policy/raw/scene7.josbank.com/is/image/JosBank/main_nav_0007_sportswear'

     0K .......... .....                                      100% 4.95M=0.003s

2012-04-15 08:27:46 (4.95 MB/s) - `code/../crawls/josbank.com/Privacy-Policy/raw/scene7.josbank.com/is/image/JosBank/main_nav_0007_sportswear' saved [15979/15979]

--2012-04-15 08:27:46--  https://scene7.josbank.com/is/image/JosBank/main_nav_0006_tailoredfit
Connecting to scene7.josbank.com|23.1.92.68|:443... connected.
HTTP request sent, awaiting response... 200 OK
Length: 24863 (24K) [image/jpeg]
Saving to: `code/../crawls/josbank.com/Privacy-Policy/raw/scene7.josbank.com/is/image/JosBank/main_nav_0006_tailoredfit'

     0K .......... .......... ....                            100% 11.2M=0.002s

2012-04-15 08:27:47 (11.2 MB/s) - `code/../crawls/josbank.com/Privacy-Policy/raw/scene7.josbank.com/is/image/JosBank/main_nav_0006_tailoredfit' saved [24863/24863]

--2012-04-15 08:27:47--  http://scene7.josbank.com/is/image/JosBank/main_nav_0006_tailoredfit
Connecting to scene7.josbank.com|23.1.92.68|:80... connected.
HTTP request sent, awaiting response... 200 OK
Length: 24863 (24K) [image/jpeg]
Saving to: `code/../crawls/josbank.com/Privacy-Policy/raw/scene7.josbank.com/is/image/JosBank/main_nav_0006_tailoredfit'

     0K .......... .......... ....                            100% 4.63M=0.005s

2012-04-15 08:27:47 (4.63 MB/s) - `code/../crawls/josbank.com/Privacy-Policy/raw/scene7.josbank.com/is/image/JosBank/main_nav_0006_tailoredfit' saved [24863/24863]

--2012-04-15 08:27:47--  https://scene7.josbank.com/is/image/JosBank/main_nav_0008_shoes
Connecting to scene7.josbank.com|23.1.92.68|:443... connected.
HTTP request sent, awaiting response... 200 OK
Length: 22939 (22K) [image/jpeg]
Saving to: `code/../crawls/josbank.com/Privacy-Policy/raw/scene7.josbank.com/is/image/JosBank/main_nav_0008_shoes'

     0K .......... .......... ..                              100% 10.5M=0.002s

2012-04-15 08:27:47 (10.5 MB/s) - `code/../crawls/josbank.com/Privacy-Policy/raw/scene7.josbank.com/is/image/JosBank/main_nav_0008_shoes' saved [22939/22939]

--2012-04-15 08:27:47--  http://scene7.josbank.com/is/image/JosBank/main_nav_0008_shoes
Connecting to scene7.josbank.com|23.1.92.68|:80... connected.
HTTP request sent, awaiting response... 200 OK
Length: 22939 (22K) [image/jpeg]
Saving to: `code/../crawls/josbank.com/Privacy-Policy/raw/scene7.josbank.com/is/image/JosBank/main_nav_0008_shoes'

     0K .......... .......... ..                              100% 4.45M=0.005s

2012-04-15 08:27:47 (4.45 MB/s) - `code/../crawls/josbank.com/Privacy-Policy/raw/scene7.josbank.com/is/image/JosBank/main_nav_0008_shoes' saved [22939/22939]

--2012-04-15 08:27:47--  https://scene7.josbank.com/is/image/JosBank/main_nav_0009_tux
Connecting to scene7.josbank.com|23.1.92.68|:443... connected.
HTTP request sent, awaiting response... 200 OK
Length: 11977 (12K) [image/jpeg]
Saving to: `code/../crawls/josbank.com/Privacy-Policy/raw/scene7.josbank.com/is/image/JosBank/main_nav_0009_tux'

     0K .......... .                                          100%  246M=0s

2012-04-15 08:27:47 (246 MB/s) - `code/../crawls/josbank.com/Privacy-Policy/raw/scene7.josbank.com/is/image/JosBank/main_nav_0009_tux' saved [11977/11977]

--2012-04-15 08:27:47--  http://scene7.josbank.com/is/image/JosBank/main_nav_0009_tux
Connecting to scene7.josbank.com|23.1.92.68|:80... connected.
HTTP request sent, awaiting response... 200 OK
Length: 11977 (12K) [image/jpeg]
Saving to: `code/../crawls/josbank.com/Privacy-Policy/raw/scene7.josbank.com/is/image/JosBank/main_nav_0009_tux'

     0K .......... .                                          100% 4.04M=0.003s

2012-04-15 08:27:48 (4.04 MB/s) - `code/../crawls/josbank.com/Privacy-Policy/raw/scene7.josbank.com/is/image/JosBank/main_nav_0009_tux' saved [11977/11977]

--2012-04-15 08:27:48--  http://www.josbank.com/menswear/JABAssetStore/static/scripts/nav.js
Reusing existing connection to scene7.josbank.com:80.
HTTP request sent, awaiting response... 200 OK
Length: 1412 (1.4K) [application/x-javascript]
Saving to: `code/../crawls/josbank.com/Privacy-Policy/raw/www.josbank.com/menswear/JABAssetStore/static/scripts/nav.js'

     0K .                                                     100%  205M=0s

2012-04-15 08:27:48 (205 MB/s) - `code/../crawls/josbank.com/Privacy-Policy/raw/www.josbank.com/menswear/JABAssetStore/static/scripts/nav.js' saved [1412/1412]

--2012-04-15 08:27:48--  http://www.josbank.com/wps/wcm/myconnect/dd353b804879d60bbb86bbf45412ffa7/footer_facebook.gif?MOD=AJPERES&CACHEID=dd353b804879d60bbb86bbf45412ffa7
Reusing existing connection to scene7.josbank.com:80.
HTTP request sent, awaiting response... 302 Moved Temporarily
Location: http://akamai.turn.com/r/dd/id/L21rdC85NC9jaWQvMzUxMTE3Ny90LzI/dpuid/FB3843E61D4B31D957C77C6426BAEA2E?rurl=4-c9LPFB4p2UlHzSdEYra4p+CvCo+Vfw7AiySK1%2fsOyXOUXi1%2fiH+5ec425QhzmtHwtbwwX%2fGPjCpx8a5+0VLhJcTYPZI8dM+GQ%2ffJF2DoBv9mcMGrqdv3HjWjzyGnbVFmKpJt7ZHRH6eY68S2MhL2ydJI6ckddiEmIoLdP2upKm80gcTBqN%2f6XFh8Fgiqt1aDU6Gg%2f%2fZUp5a%2fevrGApG8MI15EMcwMTKpC7PjstUapQij8iqzm8juFJYGmiMHuCsaEs5wD5U0PIaaSOJ8Am4Jyg%3d%3d&V=3-sQdk9JxyKnou%2fu6xNLnSKBFubpJ1maNBmVz0eM7fDYw7InrIhL0y%2fA%3d%3d [following]
--2012-04-15 08:27:48--  http://akamai.turn.com/r/dd/id/L21rdC85NC9jaWQvMzUxMTE3Ny90LzI/dpuid/FB3843E61D4B31D957C77C6426BAEA2E?rurl=4-c9LPFB4p2UlHzSdEYra4p+CvCo+Vfw7AiySK1%2fsOyXOUXi1%2fiH+5ec425QhzmtHwtbwwX%2fGPjCpx8a5+0VLhJcTYPZI8dM+GQ%2ffJF2DoBv9mcMGrqdv3HjWjzyGnbVFmKpJt7ZHRH6eY68S2MhL2ydJI6ckddiEmIoLdP2upKm80gcTBqN%2f6XFh8Fgiqt1aDU6Gg%2f%2fZUp5a%2fevrGApG8MI15EMcwMTKpC7PjstUapQij8iqzm8juFJYGmiMHuCsaEs5wD5U0PIaaSOJ8Am4Jyg%3d%3d&V=3-sQdk9JxyKnou%2fu6xNLnSKBFubpJ1maNBmVz0eM7fDYw7InrIhL0y%2fA%3d%3d
Resolving akamai.turn.com... 184.27.214.223
Connecting to akamai.turn.com|184.27.214.223|:80... connected.
HTTP request sent, awaiting response... 302 Moved Temporarily
Location: http://www.josbank.com/wps/wcm/myconnect/dd353b804879d60bbb86bbf45412ffa7/footer_facebook.gif?01RI=7A095DCD1FC60D1,cm:akamai.turn.com&01NA=ck&MOD=AJPERES&CACHEID=dd353b804879d60bbb86bbf45412ffa7 [following]
--2012-04-15 08:27:50--  http://www.josbank.com/wps/wcm/myconnect/dd353b804879d60bbb86bbf45412ffa7/footer_facebook.gif?01RI=7A095DCD1FC60D1,cm:akamai.turn.com&01NA=ck&MOD=AJPERES&CACHEID=dd353b804879d60bbb86bbf45412ffa7
Connecting to www.josbank.com|23.1.92.68|:80... connected.
HTTP request sent, awaiting response... 200 OK
Length: 649 [image/gif]
Saving to: `code/../crawls/josbank.com/Privacy-Policy/raw/www.josbank.com/wps/wcm/myconnect/dd353b804879d60bbb86bbf45412ffa7/footer_facebook.gif?MOD=AJPERES&CACHEID=dd353b804879d60bbb86bbf45412ffa7'

     0K                                                       100%  101M=0s

2012-04-15 08:27:50 (101 MB/s) - `code/../crawls/josbank.com/Privacy-Policy/raw/www.josbank.com/wps/wcm/myconnect/dd353b804879d60bbb86bbf45412ffa7/footer_facebook.gif?MOD=AJPERES&CACHEID=dd353b804879d60bbb86bbf45412ffa7' saved [649/649]

--2012-04-15 08:27:50--  http://www.josbank.com/wps/wcm/myconnect/d74d53804879d627bb92bbf45412ffa7/footer_rss.gif?MOD=AJPERES&CACHEID=d74d53804879d627bb92bbf45412ffa7
Reusing existing connection to www.josbank.com:80.
HTTP request sent, awaiting response... 200 OK
Length: 1164 (1.1K) [image/gif]
Saving to: `code/../crawls/josbank.com/Privacy-Policy/raw/www.josbank.com/wps/wcm/myconnect/d74d53804879d627bb92bbf45412ffa7/footer_rss.gif?MOD=AJPERES&CACHEID=d74d53804879d627bb92bbf45412ffa7'

     0K .                                                     100%  185M=0s

2012-04-15 08:27:50 (185 MB/s) - `code/../crawls/josbank.com/Privacy-Policy/raw/www.josbank.com/wps/wcm/myconnect/d74d53804879d627bb92bbf45412ffa7/footer_rss.gif?MOD=AJPERES&CACHEID=d74d53804879d627bb92bbf45412ffa7' saved [1164/1164]

--2012-04-15 08:27:50--  http://www.josbank.com/wps/wcm/myconnect/cd8b16804879d64ebb9ebbf45412ffa7/footer_twitter.gif?MOD=AJPERES&CACHEID=cd8b16804879d64ebb9ebbf45412ffa7
Reusing existing connection to www.josbank.com:80.
HTTP request sent, awaiting response... 200 OK
Length: 1164 (1.1K) [image/gif]
Saving to: `code/../crawls/josbank.com/Privacy-Policy/raw/www.josbank.com/wps/wcm/myconnect/cd8b16804879d64ebb9ebbf45412ffa7/footer_twitter.gif?MOD=AJPERES&CACHEID=cd8b16804879d64ebb9ebbf45412ffa7'

     0K .                                                     100%  190M=0s

2012-04-15 08:27:50 (190 MB/s) - `code/../crawls/josbank.com/Privacy-Policy/raw/www.josbank.com/wps/wcm/myconnect/cd8b16804879d64ebb9ebbf45412ffa7/footer_twitter.gif?MOD=AJPERES&CACHEID=cd8b16804879d64ebb9ebbf45412ffa7' saved [1164/1164]

--2012-04-15 08:27:50--  http://www.josbank.com/wps/wcm/myconnect/dbee28004879d678bbaabbf45412ffa7/footer_youTube.gif?MOD=AJPERES&CACHEID=dbee28004879d678bbaabbf45412ffa7
Reusing existing connection to www.josbank.com:80.
HTTP request sent, awaiting response... 200 OK
Length: 1145 (1.1K) [image/gif]
Saving to: `code/../crawls/josbank.com/Privacy-Policy/raw/www.josbank.com/wps/wcm/myconnect/dbee28004879d678bbaabbf45412ffa7/footer_youTube.gif?MOD=AJPERES&CACHEID=dbee28004879d678bbaabbf45412ffa7'

     0K .                                                     100%  117M=0s

2012-04-15 08:27:50 (117 MB/s) - `code/../crawls/josbank.com/Privacy-Policy/raw/www.josbank.com/wps/wcm/myconnect/dbee28004879d678bbaabbf45412ffa7/footer_youTube.gif?MOD=AJPERES&CACHEID=dbee28004879d678bbaabbf45412ffa7' saved [1145/1145]

--2012-04-15 08:27:50--  http://www.josbank.com/wps/wcm/myconnect/8df218004879d6aabbb6bbf45412ffa7/footer_app.gif?MOD=AJPERES&CACHEID=8df218004879d6aabbb6bbf45412ffa7
Reusing existing connection to www.josbank.com:80.
HTTP request sent, awaiting response... 200 OK
Length: 1186 (1.2K) [image/gif]
Saving to: `code/../crawls/josbank.com/Privacy-Policy/raw/www.josbank.com/wps/wcm/myconnect/8df218004879d6aabbb6bbf45412ffa7/footer_app.gif?MOD=AJPERES&CACHEID=8df218004879d6aabbb6bbf45412ffa7'

     0K .                                                     100%  178M=0s

2012-04-15 08:27:50 (178 MB/s) - `code/../crawls/josbank.com/Privacy-Policy/raw/www.josbank.com/wps/wcm/myconnect/8df218004879d6aabbb6bbf45412ffa7/footer_app.gif?MOD=AJPERES&CACHEID=8df218004879d6aabbb6bbf45412ffa7' saved [1186/1186]

--2012-04-15 08:27:50--  http://www.josbank.com/wps/wcm/myconnect/46197d804a6dc425804985a8450cd7da/footer_pinterest.gif?MOD=AJPERES&CACHEID=46197d804a6dc425804985a8450cd7da
Reusing existing connection to www.josbank.com:80.
HTTP request sent, awaiting response... 200 OK
Length: 1089 (1.1K) [image/gif]
Saving to: `code/../crawls/josbank.com/Privacy-Policy/raw/www.josbank.com/wps/wcm/myconnect/46197d804a6dc425804985a8450cd7da/footer_pinterest.gif?MOD=AJPERES&CACHEID=46197d804a6dc425804985a8450cd7da'

     0K .                                                     100%  184M=0s

2012-04-15 08:27:50 (184 MB/s) - `code/../crawls/josbank.com/Privacy-Policy/raw/www.josbank.com/wps/wcm/myconnect/46197d804a6dc425804985a8450cd7da/footer_pinterest.gif?MOD=AJPERES&CACHEID=46197d804a6dc425804985a8450cd7da' saved [1089/1089]

--2012-04-15 08:27:50--  http://www.josbank.com/wps/wcm/myconnect/c64a32804879d74cbbcebbf45412ffa7/footer_mobile.gif?MOD=AJPERES&CACHEID=c64a32804879d74cbbcebbf45412ffa7
Reusing existing connection to www.josbank.com:80.
HTTP request sent, awaiting response... 200 OK
Length: 1169 (1.1K) [image/gif]
Saving to: `code/../crawls/josbank.com/Privacy-Policy/raw/www.josbank.com/wps/wcm/myconnect/c64a32804879d74cbbcebbf45412ffa7/footer_mobile.gif?MOD=AJPERES&CACHEID=c64a32804879d74cbbcebbf45412ffa7'

     0K .                                                     100%  191M=0s

2012-04-15 08:27:50 (191 MB/s) - `code/../crawls/josbank.com/Privacy-Policy/raw/www.josbank.com/wps/wcm/myconnect/c64a32804879d74cbbcebbf45412ffa7/footer_mobile.gif?MOD=AJPERES&CACHEID=c64a32804879d74cbbcebbf45412ffa7' saved [1169/1169]

--2012-04-15 08:27:50--  http://www.josbank.com/wps/wcm/myconnect/a5df91004879d6d6bbc2bbf45412ffa7/footer_expertAdvice.gif?MOD=AJPERES&CACHEID=a5df91004879d6d6bbc2bbf45412ffa7
Reusing existing connection to www.josbank.com:80.
HTTP request sent, awaiting response... 200 OK
Length: 1185 (1.2K) [image/gif]
Saving to: `code/../crawls/josbank.com/Privacy-Policy/raw/www.josbank.com/wps/wcm/myconnect/a5df91004879d6d6bbc2bbf45412ffa7/footer_expertAdvice.gif?MOD=AJPERES&CACHEID=a5df91004879d6d6bbc2bbf45412ffa7'

     0K .                                                     100%  176M=0s

2012-04-15 08:27:50 (176 MB/s) - `code/../crawls/josbank.com/Privacy-Policy/raw/www.josbank.com/wps/wcm/myconnect/a5df91004879d6d6bbc2bbf45412ffa7/footer_expertAdvice.gif?MOD=AJPERES&CACHEID=a5df91004879d6d6bbc2bbf45412ffa7' saved [1185/1185]

--2012-04-15 08:27:50--  http://www.josbank.com/menswear/JABAssetStore/static/images/global/branding/logo_text.png
Reusing existing connection to www.josbank.com:80.
HTTP request sent, awaiting response... 200 OK
Length: 2454 (2.4K) [image/png]
Saving to: `code/../crawls/josbank.com/Privacy-Policy/raw/www.josbank.com/menswear/JABAssetStore/static/images/global/branding/logo_text.png'

     0K ..                                                    100% 44.5M=0s

2012-04-15 08:27:50 (44.5 MB/s) - `code/../crawls/josbank.com/Privacy-Policy/raw/www.josbank.com/menswear/JABAssetStore/static/images/global/branding/logo_text.png' saved [2454/2454]

--2012-04-15 08:27:50--  http://www.josbank.com/menswear/JABAssetStore/static/scripts/Modals/global_overlays.js
Reusing existing connection to www.josbank.com:80.
HTTP request sent, awaiting response... 200 OK
Length: unspecified [application/x-javascript]
Saving to: `code/../crawls/josbank.com/Privacy-Policy/raw/www.josbank.com/menswear/JABAssetStore/static/scripts/Modals/global_overlays.js'

     0K .......... .......... .......... ..                    5.07M=0.006s

2012-04-15 08:27:50 (5.07 MB/s) - `code/../crawls/josbank.com/Privacy-Policy/raw/www.josbank.com/menswear/JABAssetStore/static/scripts/Modals/global_overlays.js' saved [33109]

--2012-04-15 08:27:50--  http://tracking.searchmarketing.com/welcome.asp?SMCID=905&x='+escape(document.referrer)+'
Resolving tracking.searchmarketing.com... 216.27.89.22
Connecting to tracking.searchmarketing.com|216.27.89.22|:80... connected.
HTTP request sent, awaiting response... 200 OK
Length: 49 [image/GIF]
Saving to: `code/../crawls/josbank.com/Privacy-Policy/raw/tracking.searchmarketing.com/welcome.asp?SMCID=905&x=\'+escape(document.referrer)+\''

     0K                                                       100% 8.24M=0s

2012-04-15 08:27:50 (8.24 MB/s) - `code/../crawls/josbank.com/Privacy-Policy/raw/tracking.searchmarketing.com/welcome.asp?SMCID=905&x=\'+escape(document.referrer)+\'' saved [49/49]

--2012-04-15 08:27:50--  https://tracking.searchmarketing.com/welcome.asp?SMCID=905&x='+escape(document.referrer)+'
Connecting to tracking.searchmarketing.com|216.27.89.22|:443... connected.
HTTP request sent, awaiting response... 200 OK
Length: 49 [image/GIF]
Saving to: `code/../crawls/josbank.com/Privacy-Policy/raw/tracking.searchmarketing.com/welcome.asp?SMCID=905&x=\'+escape(document.referrer)+\''

     0K                                                       100% 41.6M=0s

2012-04-15 08:27:50 (41.6 MB/s) - `code/../crawls/josbank.com/Privacy-Policy/raw/tracking.searchmarketing.com/welcome.asp?SMCID=905&x=\'+escape(document.referrer)+\'' saved [49/49]

--2012-04-15 08:27:50--  http://www.googleadservices.com/pagead/conversion/1060418747/?label=uJx1CIGZ3wEQu-nS-QM&guid=ON&script=0
Resolving www.googleadservices.com... 74.125.224.90, 74.125.224.77, 74.125.224.89
Connecting to www.googleadservices.com|74.125.224.90|:80... connected.
HTTP request sent, awaiting response... 302 Found
Location: http://googleads.g.doubleclick.net/pagead/viewthroughconversion/1060418747/?label=uJx1CIGZ3wEQu-nS-QM&guid=ON&script=0&ctc_id=CAIVAgAAAB0CAAAA&ct_cookie_present=false [following]
--2012-04-15 08:27:50--  http://googleads.g.doubleclick.net/pagead/viewthroughconversion/1060418747/?label=uJx1CIGZ3wEQu-nS-QM&guid=ON&script=0&ctc_id=CAIVAgAAAB0CAAAA&ct_cookie_present=false
Resolving googleads.g.doubleclick.net... 74.125.224.89, 74.125.224.90, 74.125.224.77
Reusing existing connection to www.googleadservices.com:80.
HTTP request sent, awaiting response... 200 OK
Length: 42 [image/gif]
Saving to: `code/../crawls/josbank.com/Privacy-Policy/raw/www.googleadservices.com/pagead/conversion/1060418747/index.html?label=uJx1CIGZ3wEQu-nS-QM&guid=ON&script=0'

     0K                                                       100% 7.00M=0s

2012-04-15 08:27:50 (7.00 MB/s) - `code/../crawls/josbank.com/Privacy-Policy/raw/www.googleadservices.com/pagead/conversion/1060418747/index.html?label=uJx1CIGZ3wEQu-nS-QM&guid=ON&script=0' saved [42/42]

--2012-04-15 08:27:50--  https://www.googleadservices.com/pagead/conversion/1060418747/?label=uJx1CIGZ3wEQu-nS-QM&guid=ON&script=0
Connecting to www.googleadservices.com|74.125.224.90|:443... connected.
HTTP request sent, awaiting response... 302 Found
Location: https://googleads.g.doubleclick.net/pagead/viewthroughconversion/1060418747/?label=uJx1CIGZ3wEQu-nS-QM&guid=ON&script=0&ctc_id=CAIVAgAAAB0CAAAA&ct_cookie_present=false [following]
--2012-04-15 08:27:51--  https://googleads.g.doubleclick.net/pagead/viewthroughconversion/1060418747/?label=uJx1CIGZ3wEQu-nS-QM&guid=ON&script=0&ctc_id=CAIVAgAAAB0CAAAA&ct_cookie_present=false
Connecting to googleads.g.doubleclick.net|74.125.224.89|:443... connected.
HTTP request sent, awaiting response... 200 OK
Length: 42 [image/gif]
Saving to: `code/../crawls/josbank.com/Privacy-Policy/raw/www.googleadservices.com/pagead/conversion/1060418747/index.html?label=uJx1CIGZ3wEQu-nS-QM&guid=ON&script=0'

     0K                                                       100% 2.58M=0s

2012-04-15 08:27:51 (2.58 MB/s) - `code/../crawls/josbank.com/Privacy-Policy/raw/www.googleadservices.com/pagead/conversion/1060418747/index.html?label=uJx1CIGZ3wEQu-nS-QM&guid=ON&script=0' saved [42/42]

--2012-04-15 08:27:51--  https://sc.shop.josbank.com/spacer.gif?event=6~~28~JOSABANK
Resolving sc.shop.josbank.com... 38.107.103.84
Connecting to sc.shop.josbank.com|38.107.103.84|:443... connected.
HTTP request sent, awaiting response... 200 OK
Length: 43 [image/gif]
Saving to: `code/../crawls/josbank.com/Privacy-Policy/raw/sc.shop.josbank.com/spacer.gif?event=6~~28~JOSABANK'

     0K                                                       100% 44.4K=0.001s

2012-04-15 08:27:51 (44.4 KB/s) - `code/../crawls/josbank.com/Privacy-Policy/raw/sc.shop.josbank.com/spacer.gif?event=6~~28~JOSABANK' saved [43/43]

--2012-04-15 08:27:51--  http://www.josbank.com/menswear/JABAssetStore/static/images/global/list_bullet.png
Connecting to www.josbank.com|23.1.92.68|:80... connected.
HTTP request sent, awaiting response... 200 OK
Length: 195 [image/png]
Saving to: `code/../crawls/josbank.com/Privacy-Policy/raw/www.josbank.com/menswear/JABAssetStore/static/images/global/list_bullet.png'

     0K                                                       100% 30.5M=0s

2012-04-15 08:27:51 (30.5 MB/s) - `code/../crawls/josbank.com/Privacy-Policy/raw/www.josbank.com/menswear/JABAssetStore/static/images/global/list_bullet.png' saved [195/195]

--2012-04-15 08:27:51--  https://www.paypalobjects.com/WEBSCR-580-20090723-1/en_US/i/logo/PayPal_std.gif
Resolving www.paypalobjects.com... 184.51.2.85
Connecting to www.paypalobjects.com|184.51.2.85|:443... connected.
HTTP request sent, awaiting response... 404 Not Found
2012-04-15 08:27:53 ERROR 404: Not Found.

--2012-04-15 08:27:53--  http://www.josbank.com/menswear/JABAssetStore/static/images/global/body_bg.png
Connecting to www.josbank.com|23.1.92.68|:80... connected.
HTTP request sent, awaiting response... 200 OK
Length: 1987 (1.9K) [image/png]
Saving to: `code/../crawls/josbank.com/Privacy-Policy/raw/www.josbank.com/menswear/JABAssetStore/static/images/global/body_bg.png'

     0K .                                                     100%  242M=0s

2012-04-15 08:27:53 (242 MB/s) - `code/../crawls/josbank.com/Privacy-Policy/raw/www.josbank.com/menswear/JABAssetStore/static/images/global/body_bg.png' saved [1987/1987]

--2012-04-15 08:27:53--  http://www.josbank.com/menswear/JABAssetStore/static/images/global/header_bg.png
Reusing existing connection to www.josbank.com:80.
HTTP request sent, awaiting response... 200 OK
Length: 15468 (15K) [image/png]
Saving to: `code/../crawls/josbank.com/Privacy-Policy/raw/www.josbank.com/menswear/JABAssetStore/static/images/global/header_bg.png'

     0K .......... .....                                      100% 4.52M=0.003s

2012-04-15 08:27:53 (4.52 MB/s) - `code/../crawls/josbank.com/Privacy-Policy/raw/www.josbank.com/menswear/JABAssetStore/static/images/global/header_bg.png' saved [15468/15468]

--2012-04-15 08:27:53--  http://www.josbank.com/menswear/JABAssetStore/static/images/global/branding/shipping.png
Reusing existing connection to www.josbank.com:80.
HTTP request sent, awaiting response... 200 OK
Length: 312 [image/png]
Saving to: `code/../crawls/josbank.com/Privacy-Policy/raw/www.josbank.com/menswear/JABAssetStore/static/images/global/branding/shipping.png'

     0K                                                       100% 52.6M=0s

2012-04-15 08:27:53 (52.6 MB/s) - `code/../crawls/josbank.com/Privacy-Policy/raw/www.josbank.com/menswear/JABAssetStore/static/images/global/branding/shipping.png' saved [312/312]

--2012-04-15 08:27:53--  http://www.josbank.com/menswear/JABAssetStore/static/images/checkout/garment_bag.png
Reusing existing connection to www.josbank.com:80.
HTTP request sent, awaiting response... 200 OK
Length: 333 [image/png]
Saving to: `code/../crawls/josbank.com/Privacy-Policy/raw/www.josbank.com/menswear/JABAssetStore/static/images/checkout/garment_bag.png'

     0K                                                       100% 54.9M=0s

2012-04-15 08:27:54 (54.9 MB/s) - `code/../crawls/josbank.com/Privacy-Policy/raw/www.josbank.com/menswear/JABAssetStore/static/images/checkout/garment_bag.png' saved [333/333]

--2012-04-15 08:27:54--  http://www.josbank.com/menswear/JABAssetStore/static/images/global/main_nav/main_nav_bg.png
Reusing existing connection to www.josbank.com:80.
HTTP request sent, awaiting response... 200 OK
Length: 216 [image/png]
Saving to: `code/../crawls/josbank.com/Privacy-Policy/raw/www.josbank.com/menswear/JABAssetStore/static/images/global/main_nav/main_nav_bg.png'

     0K                                                       100% 37.1M=0s

2012-04-15 08:27:54 (37.1 MB/s) - `code/../crawls/josbank.com/Privacy-Policy/raw/www.josbank.com/menswear/JABAssetStore/static/images/global/main_nav/main_nav_bg.png' saved [216/216]

--2012-04-15 08:27:54--  http://www.josbank.com/menswear/JABAssetStore/static/images/global/main_nav/main_nav_over_bg.png
Reusing existing connection to www.josbank.com:80.
HTTP request sent, awaiting response... 200 OK
Length: 194 [image/png]
Saving to: `code/../crawls/josbank.com/Privacy-Policy/raw/www.josbank.com/menswear/JABAssetStore/static/images/global/main_nav/main_nav_over_bg.png'

     0K                                                       100% 33.0M=0s

2012-04-15 08:27:54 (33.0 MB/s) - `code/../crawls/josbank.com/Privacy-Policy/raw/www.josbank.com/menswear/JABAssetStore/static/images/global/main_nav/main_nav_over_bg.png' saved [194/194]

--2012-04-15 08:27:54--  http://www.josbank.com/menswear/JABAssetStore/static/images/global/content/int_breadCrumbs_seperator.gif
Reusing existing connection to www.josbank.com:80.
HTTP request sent, awaiting response... 200 OK
Length: 162 [image/gif]
Saving to: `code/../crawls/josbank.com/Privacy-Policy/raw/www.josbank.com/menswear/JABAssetStore/static/images/global/content/int_breadCrumbs_seperator.gif'

     0K                                                       100% 27.7M=0s

2012-04-15 08:27:54 (27.7 MB/s) - `code/../crawls/josbank.com/Privacy-Policy/raw/www.josbank.com/menswear/JABAssetStore/static/images/global/content/int_breadCrumbs_seperator.gif' saved [162/162]

--2012-04-15 08:27:54--  http://www.josbank.com/menswear/JABAssetStore/static/images/product_detail/email-icon.png
Reusing existing connection to www.josbank.com:80.
HTTP request sent, awaiting response... 200 OK
Length: 287 [image/png]
Saving to: `code/../crawls/josbank.com/Privacy-Policy/raw/www.josbank.com/menswear/JABAssetStore/static/images/product_detail/email-icon.png'

     0K                                                       100% 48.2M=0s

2012-04-15 08:27:54 (48.2 MB/s) - `code/../crawls/josbank.com/Privacy-Policy/raw/www.josbank.com/menswear/JABAssetStore/static/images/product_detail/email-icon.png' saved [287/287]

--2012-04-15 08:27:54--  http://www.josbank.com/menswear/JABAssetStore/static/images/product_detail/print-icon.png
Reusing existing connection to www.josbank.com:80.
HTTP request sent, awaiting response... 200 OK
Length: 318 [image/png]
Saving to: `code/../crawls/josbank.com/Privacy-Policy/raw/www.josbank.com/menswear/JABAssetStore/static/images/product_detail/print-icon.png'

     0K                                                       100% 53.7M=0s

2012-04-15 08:27:54 (53.7 MB/s) - `code/../crawls/josbank.com/Privacy-Policy/raw/www.josbank.com/menswear/JABAssetStore/static/images/product_detail/print-icon.png' saved [318/318]

--2012-04-15 08:27:54--  http://www.josbank.com/menswear/JABAssetStore/static/images/global/content/c_t.png
Reusing existing connection to www.josbank.com:80.
HTTP request sent, awaiting response... 200 OK
Length: 265 [image/png]
Saving to: `code/../crawls/josbank.com/Privacy-Policy/raw/www.josbank.com/menswear/JABAssetStore/static/images/global/content/c_t.png'

     0K                                                       100% 46.2M=0s

2012-04-15 08:27:54 (46.2 MB/s) - `code/../crawls/josbank.com/Privacy-Policy/raw/www.josbank.com/menswear/JABAssetStore/static/images/global/content/c_t.png' saved [265/265]

--2012-04-15 08:27:54--  http://www.josbank.com/menswear/JABAssetStore/static/images/global/content/c_l.png
Reusing existing connection to www.josbank.com:80.
HTTP request sent, awaiting response... 200 OK
Length: 264 [image/png]
Saving to: `code/../crawls/josbank.com/Privacy-Policy/raw/www.josbank.com/menswear/JABAssetStore/static/images/global/content/c_l.png'

     0K                                                       100% 46.6M=0s

2012-04-15 08:27:54 (46.6 MB/s) - `code/../crawls/josbank.com/Privacy-Policy/raw/www.josbank.com/menswear/JABAssetStore/static/images/global/content/c_l.png' saved [264/264]

--2012-04-15 08:27:54--  http://www.josbank.com/menswear/JABAssetStore/static/images/global/content/c_ul.png
Reusing existing connection to www.josbank.com:80.
HTTP request sent, awaiting response... 200 OK
Length: 379 [image/png]
Saving to: `code/../crawls/josbank.com/Privacy-Policy/raw/www.josbank.com/menswear/JABAssetStore/static/images/global/content/c_ul.png'

     0K                                                       100% 66.9M=0s

2012-04-15 08:27:55 (66.9 MB/s) - `code/../crawls/josbank.com/Privacy-Policy/raw/www.josbank.com/menswear/JABAssetStore/static/images/global/content/c_ul.png' saved [379/379]

--2012-04-15 08:27:55--  http://www.josbank.com/menswear/JABAssetStore/static/images/global/content/c_r.png
Reusing existing connection to www.josbank.com:80.
HTTP request sent, awaiting response... 200 OK
Length: 262 [image/png]
Saving to: `code/../crawls/josbank.com/Privacy-Policy/raw/www.josbank.com/menswear/JABAssetStore/static/images/global/content/c_r.png'

     0K                                                       100% 44.7M=0s

2012-04-15 08:27:55 (44.7 MB/s) - `code/../crawls/josbank.com/Privacy-Policy/raw/www.josbank.com/menswear/JABAssetStore/static/images/global/content/c_r.png' saved [262/262]

--2012-04-15 08:27:55--  http://www.josbank.com/menswear/JABAssetStore/static/images/global/content/c_ur.png
Reusing existing connection to www.josbank.com:80.
HTTP request sent, awaiting response... 200 OK
Length: 380 [image/png]
Saving to: `code/../crawls/josbank.com/Privacy-Policy/raw/www.josbank.com/menswear/JABAssetStore/static/images/global/content/c_ur.png'

     0K                                                       100% 66.8M=0s

2012-04-15 08:27:55 (66.8 MB/s) - `code/../crawls/josbank.com/Privacy-Policy/raw/www.josbank.com/menswear/JABAssetStore/static/images/global/content/c_ur.png' saved [380/380]

--2012-04-15 08:27:55--  http://www.josbank.com/menswear/JABAssetStore/static/images/global/content/c_b.png
Reusing existing connection to www.josbank.com:80.
HTTP request sent, awaiting response... 200 OK
Length: 263 [image/png]
Saving to: `code/../crawls/josbank.com/Privacy-Policy/raw/www.josbank.com/menswear/JABAssetStore/static/images/global/content/c_b.png'

     0K                                                       100% 45.7M=0s

2012-04-15 08:27:55 (45.7 MB/s) - `code/../crawls/josbank.com/Privacy-Policy/raw/www.josbank.com/menswear/JABAssetStore/static/images/global/content/c_b.png' saved [263/263]

--2012-04-15 08:27:55--  http://www.josbank.com/menswear/JABAssetStore/static/images/global/content/c_ll.png
Reusing existing connection to www.josbank.com:80.
HTTP request sent, awaiting response... 302 Moved Temporarily
Location: http://akamai.turn.com/r/dd/id/L21rdC85NC9jaWQvMzUxMTE3Ny90LzI/dpuid/FB3843E61D4B31D957C77C6426BAEA2E?rurl=4-H+YVqIFIVBjJ5io8rcyw+DEm0BVH+4%2f9+pwHJMfayf1rhCUK74HD8%2f1revnkq0kIseoTINMbeXCjbrWb7XtUPCnjPTXC0qOnVv1biihdeM%2fIIADJFgEmBRgLLqYJx0Fs3a54qCQuFoQ3lt69NwxCI56YlqzexcG9Ze1yjZkXRX1WbNcHiZqgSVxo6mk+3vtQ&V=3-T9fxXV1IYcmM6Lmb0zdIB91wTUC8ujyKJ9nWX%2f%2f+r6wmADX5+1pMSA%3d%3d [following]
--2012-04-15 08:27:55--  http://akamai.turn.com/r/dd/id/L21rdC85NC9jaWQvMzUxMTE3Ny90LzI/dpuid/FB3843E61D4B31D957C77C6426BAEA2E?rurl=4-H+YVqIFIVBjJ5io8rcyw+DEm0BVH+4%2f9+pwHJMfayf1rhCUK74HD8%2f1revnkq0kIseoTINMbeXCjbrWb7XtUPCnjPTXC0qOnVv1biihdeM%2fIIADJFgEmBRgLLqYJx0Fs3a54qCQuFoQ3lt69NwxCI56YlqzexcG9Ze1yjZkXRX1WbNcHiZqgSVxo6mk+3vtQ&V=3-T9fxXV1IYcmM6Lmb0zdIB91wTUC8ujyKJ9nWX%2f%2f+r6wmADX5+1pMSA%3d%3d
Connecting to akamai.turn.com|184.27.214.223|:80... connected.
HTTP request sent, awaiting response... 302 Moved Temporarily
Location: http://www.josbank.com/menswear/JABAssetStore/static/images/global/content/c_ll.png?01RI=D7543C3F322D409,cm:akamai.turn.com&01NA=ck& [following]
--2012-04-15 08:27:55--  http://www.josbank.com/menswear/JABAssetStore/static/images/global/content/c_ll.png?01RI=D7543C3F322D409,cm:akamai.turn.com&01NA=ck&
Connecting to www.josbank.com|23.1.92.68|:80... connected.
HTTP request sent, awaiting response... 200 OK
Length: 380 [image/png]
Saving to: `code/../crawls/josbank.com/Privacy-Policy/raw/www.josbank.com/menswear/JABAssetStore/static/images/global/content/c_ll.png'

     0K                                                       100% 60.9M=0s

2012-04-15 08:27:55 (60.9 MB/s) - `code/../crawls/josbank.com/Privacy-Policy/raw/www.josbank.com/menswear/JABAssetStore/static/images/global/content/c_ll.png' saved [380/380]

--2012-04-15 08:27:55--  http://www.josbank.com/menswear/JABAssetStore/static/images/global/content/c_lr.png
Reusing existing connection to www.josbank.com:80.
HTTP request sent, awaiting response... 200 OK
Length: 379 [image/png]
Saving to: `code/../crawls/josbank.com/Privacy-Policy/raw/www.josbank.com/menswear/JABAssetStore/static/images/global/content/c_lr.png'

     0K                                                       100% 68.1M=0s

2012-04-15 08:27:55 (68.1 MB/s) - `code/../crawls/josbank.com/Privacy-Policy/raw/www.josbank.com/menswear/JABAssetStore/static/images/global/content/c_lr.png' saved [379/379]

--2012-04-15 08:27:55--  http://www.josbank.com/menswear/JABAssetStore/static/images/global/content/lc.png
Reusing existing connection to www.josbank.com:80.
HTTP request sent, awaiting response... 200 OK
Length: 176 [image/png]
Saving to: `code/../crawls/josbank.com/Privacy-Policy/raw/www.josbank.com/menswear/JABAssetStore/static/images/global/content/lc.png'

     0K                                                       100% 31.0M=0s

2012-04-15 08:27:55 (31.0 MB/s) - `code/../crawls/josbank.com/Privacy-Policy/raw/www.josbank.com/menswear/JABAssetStore/static/images/global/content/lc.png' saved [176/176]

--2012-04-15 08:27:55--  http://www.josbank.com/menswear/JABAssetStore/static/images/global/buttons/btn_primary_r_up_bg.png
Reusing existing connection to www.josbank.com:80.
HTTP request sent, awaiting response... 200 OK
Length: 356 [image/png]
Saving to: `code/../crawls/josbank.com/Privacy-Policy/raw/www.josbank.com/menswear/JABAssetStore/static/images/global/buttons/btn_primary_r_up_bg.png'

     0K                                                       100% 57.9M=0s

2012-04-15 08:27:55 (57.9 MB/s) - `code/../crawls/josbank.com/Privacy-Policy/raw/www.josbank.com/menswear/JABAssetStore/static/images/global/buttons/btn_primary_r_up_bg.png' saved [356/356]

--2012-04-15 08:27:55--  http://www.josbank.com/menswear/JABAssetStore/static/images/global/buttons/btn_primary_l_up_bg.png
Reusing existing connection to www.josbank.com:80.
HTTP request sent, awaiting response... 200 OK
Length: 592 [image/png]
Saving to: `code/../crawls/josbank.com/Privacy-Policy/raw/www.josbank.com/menswear/JABAssetStore/static/images/global/buttons/btn_primary_l_up_bg.png'

     0K                                                       100% 98.7M=0s

2012-04-15 08:27:55 (98.7 MB/s) - `code/../crawls/josbank.com/Privacy-Policy/raw/www.josbank.com/menswear/JABAssetStore/static/images/global/buttons/btn_primary_l_up_bg.png' saved [592/592]

--2012-04-15 08:27:55--  http://www.josbank.com/menswear/JABAssetStore/static/images/global/buttons/btn_primary_r_over_bg.png
Reusing existing connection to www.josbank.com:80.
HTTP request sent, awaiting response... 200 OK
Length: 505 [image/png]
Saving to: `code/../crawls/josbank.com/Privacy-Policy/raw/www.josbank.com/menswear/JABAssetStore/static/images/global/buttons/btn_primary_r_over_bg.png'

     0K                                                       100% 87.4M=0s

2012-04-15 08:27:56 (87.4 MB/s) - `code/../crawls/josbank.com/Privacy-Policy/raw/www.josbank.com/menswear/JABAssetStore/static/images/global/buttons/btn_primary_r_over_bg.png' saved [505/505]

--2012-04-15 08:27:56--  http://www.josbank.com/menswear/JABAssetStore/static/images/global/buttons/btn_primary_l_over_bg.png
Reusing existing connection to www.josbank.com:80.
HTTP request sent, awaiting response... 200 OK
Length: 588 [image/png]
Saving to: `code/../crawls/josbank.com/Privacy-Policy/raw/www.josbank.com/menswear/JABAssetStore/static/images/global/buttons/btn_primary_l_over_bg.png'

     0K                                                       100% 97.7M=0s

2012-04-15 08:27:56 (97.7 MB/s) - `code/../crawls/josbank.com/Privacy-Policy/raw/www.josbank.com/menswear/JABAssetStore/static/images/global/buttons/btn_primary_l_over_bg.png' saved [588/588]

--2012-04-15 08:27:56--  http://www.josbank.com/menswear/JABAssetStore/static/images/global/buttons/btn_close_primary_r_up_bg.png
Reusing existing connection to www.josbank.com:80.
HTTP request sent, awaiting response... 200 OK
Length: 3848 (3.8K) [image/png]
Saving to: `code/../crawls/josbank.com/Privacy-Policy/raw/www.josbank.com/menswear/JABAssetStore/static/images/global/buttons/btn_close_primary_r_up_bg.png'

     0K ...                                                   100% 23.1M=0s

2012-04-15 08:27:56 (23.1 MB/s) - `code/../crawls/josbank.com/Privacy-Policy/raw/www.josbank.com/menswear/JABAssetStore/static/images/global/buttons/btn_close_primary_r_up_bg.png' saved [3848/3848]

--2012-04-15 08:27:56--  http://www.josbank.com/menswear/JABAssetStore/static/images/global/buttons/btn_close_primary_l_up_bg.png
Reusing existing connection to www.josbank.com:80.
HTTP request sent, awaiting response... 200 OK
Length: 1580 (1.5K) [image/png]
Saving to: `code/../crawls/josbank.com/Privacy-Policy/raw/www.josbank.com/menswear/JABAssetStore/static/images/global/buttons/btn_close_primary_l_up_bg.png'

     0K .                                                     100%  243M=0s

2012-04-15 08:27:56 (243 MB/s) - `code/../crawls/josbank.com/Privacy-Policy/raw/www.josbank.com/menswear/JABAssetStore/static/images/global/buttons/btn_close_primary_l_up_bg.png' saved [1580/1580]

--2012-04-15 08:27:56--  http://www.josbank.com/menswear/JABAssetStore/static/images/global/buttons/btn_close_primary_r_over_bg.png
Reusing existing connection to www.josbank.com:80.
HTTP request sent, awaiting response... 200 OK
Length: 3848 (3.8K) [image/png]
Saving to: `code/../crawls/josbank.com/Privacy-Policy/raw/www.josbank.com/menswear/JABAssetStore/static/images/global/buttons/btn_close_primary_r_over_bg.png'

     0K ...                                                   100% 45.4M=0s

2012-04-15 08:27:56 (45.4 MB/s) - `code/../crawls/josbank.com/Privacy-Policy/raw/www.josbank.com/menswear/JABAssetStore/static/images/global/buttons/btn_close_primary_r_over_bg.png' saved [3848/3848]

--2012-04-15 08:27:56--  http://www.josbank.com/menswear/JABAssetStore/static/images/global/buttons/btn_close_primary_l_over_bg.png
Reusing existing connection to www.josbank.com:80.
HTTP request sent, awaiting response... 200 OK
Length: 1580 (1.5K) [image/png]
Saving to: `code/../crawls/josbank.com/Privacy-Policy/raw/www.josbank.com/menswear/JABAssetStore/static/images/global/buttons/btn_close_primary_l_over_bg.png'

     0K .                                                     100%  237M=0s

2012-04-15 08:27:56 (237 MB/s) - `code/../crawls/josbank.com/Privacy-Policy/raw/www.josbank.com/menswear/JABAssetStore/static/images/global/buttons/btn_close_primary_l_over_bg.png' saved [1580/1580]

--2012-04-15 08:27:56--  http://www.josbank.com/menswear/JABAssetStore/static/images/global/buttons/btn_secondary_r_up_bg.png
Reusing existing connection to www.josbank.com:80.
HTTP request sent, awaiting response... 200 OK
Length: 576 [image/png]
Saving to: `code/../crawls/josbank.com/Privacy-Policy/raw/www.josbank.com/menswear/JABAssetStore/static/images/global/buttons/btn_secondary_r_up_bg.png'

     0K                                                       100% 99.5M=0s

2012-04-15 08:27:56 (99.5 MB/s) - `code/../crawls/josbank.com/Privacy-Policy/raw/www.josbank.com/menswear/JABAssetStore/static/images/global/buttons/btn_secondary_r_up_bg.png' saved [576/576]

--2012-04-15 08:27:56--  http://www.josbank.com/menswear/JABAssetStore/static/images/global/buttons/btn_secondary_l_up_bg.png
Reusing existing connection to www.josbank.com:80.
HTTP request sent, awaiting response... 200 OK
Length: 800 [image/png]
Saving to: `code/../crawls/josbank.com/Privacy-Policy/raw/www.josbank.com/menswear/JABAssetStore/static/images/global/buttons/btn_secondary_l_up_bg.png'

     0K                                                       100%  135M=0s

2012-04-15 08:27:56 (135 MB/s) - `code/../crawls/josbank.com/Privacy-Policy/raw/www.josbank.com/menswear/JABAssetStore/static/images/global/buttons/btn_secondary_l_up_bg.png' saved [800/800]

--2012-04-15 08:27:56--  http://www.josbank.com/menswear/JABAssetStore/static/images/global/buttons/btn_secondary_r_over_bg.png
Reusing existing connection to www.josbank.com:80.
HTTP request sent, awaiting response... 200 OK
Length: 968 [image/png]
Saving to: `code/../crawls/josbank.com/Privacy-Policy/raw/www.josbank.com/menswear/JABAssetStore/static/images/global/buttons/btn_secondary_r_over_bg.png'

     0K                                                       100%  162M=0s

2012-04-15 08:27:56 (162 MB/s) - `code/../crawls/josbank.com/Privacy-Policy/raw/www.josbank.com/menswear/JABAssetStore/static/images/global/buttons/btn_secondary_r_over_bg.png' saved [968/968]

--2012-04-15 08:27:56--  http://www.josbank.com/menswear/JABAssetStore/static/images/global/buttons/btn_secondary_l_over_bg.png
Reusing existing connection to www.josbank.com:80.
HTTP request sent, awaiting response... 200 OK
Length: 1256 (1.2K) [image/png]
Saving to: `code/../crawls/josbank.com/Privacy-Policy/raw/www.josbank.com/menswear/JABAssetStore/static/images/global/buttons/btn_secondary_l_over_bg.png'

     0K .                                                     100%  171M=0s

2012-04-15 08:27:56 (171 MB/s) - `code/../crawls/josbank.com/Privacy-Policy/raw/www.josbank.com/menswear/JABAssetStore/static/images/global/buttons/btn_secondary_l_over_bg.png' saved [1256/1256]

--2012-04-15 08:27:56--  http://www.josbank.com/menswear/JABAssetStore/static/images/global/buttons/btn_close_secondary_r_up_bg.png
Reusing existing connection to www.josbank.com:80.
HTTP request sent, awaiting response... 200 OK
Length: 3848 (3.8K) [image/png]
Saving to: `code/../crawls/josbank.com/Privacy-Policy/raw/www.josbank.com/menswear/JABAssetStore/static/images/global/buttons/btn_close_secondary_r_up_bg.png'

     0K ...                                                   100% 54.8M=0s

2012-04-15 08:27:56 (54.8 MB/s) - `code/../crawls/josbank.com/Privacy-Policy/raw/www.josbank.com/menswear/JABAssetStore/static/images/global/buttons/btn_close_secondary_r_up_bg.png' saved [3848/3848]

--2012-04-15 08:27:56--  http://www.josbank.com/menswear/JABAssetStore/static/images/global/buttons/btn_close_secondary_l_up_bg.png
Reusing existing connection to www.josbank.com:80.
HTTP request sent, awaiting response... 200 OK
Length: 1580 (1.5K) [image/png]
Saving to: `code/../crawls/josbank.com/Privacy-Policy/raw/www.josbank.com/menswear/JABAssetStore/static/images/global/buttons/btn_close_secondary_l_up_bg.png'

     0K .                                                     100%  239M=0s

2012-04-15 08:27:56 (239 MB/s) - `code/../crawls/josbank.com/Privacy-Policy/raw/www.josbank.com/menswear/JABAssetStore/static/images/global/buttons/btn_close_secondary_l_up_bg.png' saved [1580/1580]

--2012-04-15 08:27:56--  http://www.josbank.com/menswear/JABAssetStore/static/images/global/buttons/btn_close_secondary_r_over_bg.png
Reusing existing connection to www.josbank.com:80.
HTTP request sent, awaiting response... 200 OK
Length: 3848 (3.8K) [image/png]
Saving to: `code/../crawls/josbank.com/Privacy-Policy/raw/www.josbank.com/menswear/JABAssetStore/static/images/global/buttons/btn_close_secondary_r_over_bg.png'

     0K ...                                                   100% 38.4M=0s

2012-04-15 08:27:56 (38.4 MB/s) - `code/../crawls/josbank.com/Privacy-Policy/raw/www.josbank.com/menswear/JABAssetStore/static/images/global/buttons/btn_close_secondary_r_over_bg.png' saved [3848/3848]

--2012-04-15 08:27:56--  http://www.josbank.com/menswear/JABAssetStore/static/images/global/buttons/btn_close_secondary_l_over_bg.png
Reusing existing connection to www.josbank.com:80.
HTTP request sent, awaiting response... 200 OK
Length: 1580 (1.5K) [image/png]
Saving to: `code/../crawls/josbank.com/Privacy-Policy/raw/www.josbank.com/menswear/JABAssetStore/static/images/global/buttons/btn_close_secondary_l_over_bg.png'

     0K .                                                     100%  242M=0s

2012-04-15 08:27:56 (242 MB/s) - `code/../crawls/josbank.com/Privacy-Policy/raw/www.josbank.com/menswear/JABAssetStore/static/images/global/buttons/btn_close_secondary_l_over_bg.png' saved [1580/1580]

--2012-04-15 08:27:56--  http://www.josbank.com/menswear/JABAssetStore/static/images/global/buttons/btn_tertiary_r.jpg
Reusing existing connection to www.josbank.com:80.
HTTP request sent, awaiting response... 200 OK
Length: 395 [image/jpeg]
Saving to: `code/../crawls/josbank.com/Privacy-Policy/raw/www.josbank.com/menswear/JABAssetStore/static/images/global/buttons/btn_tertiary_r.jpg'

     0K                                                       100% 69.7M=0s

2012-04-15 08:27:56 (69.7 MB/s) - `code/../crawls/josbank.com/Privacy-Policy/raw/www.josbank.com/menswear/JABAssetStore/static/images/global/buttons/btn_tertiary_r.jpg' saved [395/395]

--2012-04-15 08:27:56--  http://www.josbank.com/menswear/JABAssetStore/static/images/global/buttons/btn_tertiary_l.jpg
Reusing existing connection to www.josbank.com:80.
HTTP request sent, awaiting response... 200 OK
Length: 581 [image/jpeg]
Saving to: `code/../crawls/josbank.com/Privacy-Policy/raw/www.josbank.com/menswear/JABAssetStore/static/images/global/buttons/btn_tertiary_l.jpg'

     0K                                                       100% 98.5M=0s

2012-04-15 08:27:57 (98.5 MB/s) - `code/../crawls/josbank.com/Privacy-Policy/raw/www.josbank.com/menswear/JABAssetStore/static/images/global/buttons/btn_tertiary_l.jpg' saved [581/581]

--2012-04-15 08:27:57--  http://www.josbank.com/menswear/JABAssetStore/static/images/global/buttons/btn_close_tertiary_r.jpg
Reusing existing connection to www.josbank.com:80.
HTTP request sent, awaiting response... 200 OK
Length: 3848 (3.8K) [image/jpeg]
Saving to: `code/../crawls/josbank.com/Privacy-Policy/raw/www.josbank.com/menswear/JABAssetStore/static/images/global/buttons/btn_close_tertiary_r.jpg'

     0K ...                                                   100% 47.7M=0s

2012-04-15 08:27:57 (47.7 MB/s) - `code/../crawls/josbank.com/Privacy-Policy/raw/www.josbank.com/menswear/JABAssetStore/static/images/global/buttons/btn_close_tertiary_r.jpg' saved [3848/3848]

--2012-04-15 08:27:57--  http://www.josbank.com/menswear/JABAssetStore/static/images/global/buttons/btn_close_tertiary_l.jpg
Reusing existing connection to www.josbank.com:80.
HTTP request sent, awaiting response... 200 OK
Length: 3848 (3.8K) [image/jpeg]
Saving to: `code/../crawls/josbank.com/Privacy-Policy/raw/www.josbank.com/menswear/JABAssetStore/static/images/global/buttons/btn_close_tertiary_l.jpg'

     0K ...                                                   100% 46.4M=0s

2012-04-15 08:27:57 (46.4 MB/s) - `code/../crawls/josbank.com/Privacy-Policy/raw/www.josbank.com/menswear/JABAssetStore/static/images/global/buttons/btn_close_tertiary_l.jpg' saved [3848/3848]

--2012-04-15 08:27:57--  http://www.josbank.com/menswear/JABAssetStore/static/images/global/shop_now_arrow.png
Reusing existing connection to www.josbank.com:80.
HTTP request sent, awaiting response... 200 OK
Length: 200 [image/png]
Saving to: `code/../crawls/josbank.com/Privacy-Policy/raw/www.josbank.com/menswear/JABAssetStore/static/images/global/shop_now_arrow.png'

     0K                                                       100% 34.7M=0s

2012-04-15 08:27:57 (34.7 MB/s) - `code/../crawls/josbank.com/Privacy-Policy/raw/www.josbank.com/menswear/JABAssetStore/static/images/global/shop_now_arrow.png' saved [200/200]

--2012-04-15 08:27:57--  http://www.josbank.com/menswear/JABAssetStore/static/images/global/see_all_arrow.png
Reusing existing connection to www.josbank.com:80.
HTTP request sent, awaiting response... 200 OK
Length: 237 [image/png]
Saving to: `code/../crawls/josbank.com/Privacy-Policy/raw/www.josbank.com/menswear/JABAssetStore/static/images/global/see_all_arrow.png'

     0K                                                       100% 39.3M=0s

2012-04-15 08:27:57 (39.3 MB/s) - `code/../crawls/josbank.com/Privacy-Policy/raw/www.josbank.com/menswear/JABAssetStore/static/images/global/see_all_arrow.png' saved [237/237]

--2012-04-15 08:27:57--  http://www.josbank.com/menswear/JABAssetStore/static/images/global/tool_quick_view.png
Reusing existing connection to www.josbank.com:80.
HTTP request sent, awaiting response... 200 OK
Length: 239 [image/png]
Saving to: `code/../crawls/josbank.com/Privacy-Policy/raw/www.josbank.com/menswear/JABAssetStore/static/images/global/tool_quick_view.png'

     0K                                                       100% 40.9M=0s

2012-04-15 08:27:57 (40.9 MB/s) - `code/../crawls/josbank.com/Privacy-Policy/raw/www.josbank.com/menswear/JABAssetStore/static/images/global/tool_quick_view.png' saved [239/239]

--2012-04-15 08:27:57--  http://www.josbank.com/menswear/JABAssetStore/static/images/wcm/wSpot_2_bg.png
Reusing existing connection to www.josbank.com:80.
HTTP request sent, awaiting response... 200 OK
Length: 3695 (3.6K) [image/png]
Saving to: `code/../crawls/josbank.com/Privacy-Policy/raw/www.josbank.com/menswear/JABAssetStore/static/images/wcm/wSpot_2_bg.png'

     0K ...                                                   100% 17.7M=0s

2012-04-15 08:27:57 (17.7 MB/s) - `code/../crawls/josbank.com/Privacy-Policy/raw/www.josbank.com/menswear/JABAssetStore/static/images/wcm/wSpot_2_bg.png' saved [3695/3695]

--2012-04-15 08:27:57--  http://www.josbank.com/menswear/JABAssetStore/static/images/category_landing/sig_gold_flyout.jpg
Reusing existing connection to www.josbank.com:80.
HTTP request sent, awaiting response... 200 OK
Length: 42634 (42K) [image/jpeg]
Saving to: `code/../crawls/josbank.com/Privacy-Policy/raw/www.josbank.com/menswear/JABAssetStore/static/images/category_landing/sig_gold_flyout.jpg'

     0K .......... .......... .......... .......... .         100% 4.86M=0.008s

2012-04-15 08:27:57 (4.86 MB/s) - `code/../crawls/josbank.com/Privacy-Policy/raw/www.josbank.com/menswear/JABAssetStore/static/images/category_landing/sig_gold_flyout.jpg' saved [42634/42634]

--2012-04-15 08:27:57--  http://www.josbank.com/menswear/JABAssetStore/static/images/category_landing/frame_bg.png
Reusing existing connection to www.josbank.com:80.
HTTP request sent, awaiting response... 200 OK
Length: 209 [image/png]
Saving to: `code/../crawls/josbank.com/Privacy-Policy/raw/www.josbank.com/menswear/JABAssetStore/static/images/category_landing/frame_bg.png'

     0K                                                       100% 37.4M=0s

2012-04-15 08:27:57 (37.4 MB/s) - `code/../crawls/josbank.com/Privacy-Policy/raw/www.josbank.com/menswear/JABAssetStore/static/images/category_landing/frame_bg.png' saved [209/209]

--2012-04-15 08:27:57--  http://www.josbank.com/menswear/JABAssetStore/static/images/category_landing/flyout_chalk.png
Reusing existing connection to www.josbank.com:80.
HTTP request sent, awaiting response... 200 OK
Length: 681 [image/png]
Saving to: `code/../crawls/josbank.com/Privacy-Policy/raw/www.josbank.com/menswear/JABAssetStore/static/images/category_landing/flyout_chalk.png'

     0K                                                       100%  120M=0s

2012-04-15 08:27:57 (120 MB/s) - `code/../crawls/josbank.com/Privacy-Policy/raw/www.josbank.com/menswear/JABAssetStore/static/images/category_landing/flyout_chalk.png' saved [681/681]

--2012-04-15 08:27:57--  http://www.josbank.com/menswear/JABAssetStore/static/images/category_landing/cat_land_hdr_bg.png
Reusing existing connection to www.josbank.com:80.
HTTP request sent, awaiting response... 200 OK
Length: 47601 (46K) [image/png]
Saving to: `code/../crawls/josbank.com/Privacy-Policy/raw/www.josbank.com/menswear/JABAssetStore/static/images/category_landing/cat_land_hdr_bg.png'

     0K .......... .......... .......... .......... ......    100% 9.02M=0.005s

2012-04-15 08:27:57 (9.02 MB/s) - `code/../crawls/josbank.com/Privacy-Policy/raw/www.josbank.com/menswear/JABAssetStore/static/images/category_landing/cat_land_hdr_bg.png' saved [47601/47601]

--2012-04-15 08:27:57--  http://www.josbank.com/menswear/JABAssetStore/static/images/product_detail/product_options_bg.png
Reusing existing connection to www.josbank.com:80.
HTTP request sent, awaiting response... 200 OK
Length: 312 [image/png]
Saving to: `code/../crawls/josbank.com/Privacy-Policy/raw/www.josbank.com/menswear/JABAssetStore/static/images/product_detail/product_options_bg.png'

     0K                                                       100% 55.5M=0s

2012-04-15 08:27:57 (55.5 MB/s) - `code/../crawls/josbank.com/Privacy-Policy/raw/www.josbank.com/menswear/JABAssetStore/static/images/product_detail/product_options_bg.png' saved [312/312]

--2012-04-15 08:27:57--  http://www.josbank.com/menswear/JABAssetStore/static/images/global/tooltips/info_arrow.png
Reusing existing connection to www.josbank.com:80.
HTTP request sent, awaiting response... 200 OK
Length: 500 [image/png]
Saving to: `code/../crawls/josbank.com/Privacy-Policy/raw/www.josbank.com/menswear/JABAssetStore/static/images/global/tooltips/info_arrow.png'

     0K                                                       100% 80.8M=0s

2012-04-15 08:27:58 (80.8 MB/s) - `code/../crawls/josbank.com/Privacy-Policy/raw/www.josbank.com/menswear/JABAssetStore/static/images/global/tooltips/info_arrow.png' saved [500/500]

--2012-04-15 08:27:58--  http://www.josbank.com/menswear/JABAssetStore/static/images/global/tooltips/info_ul.png
Reusing existing connection to www.josbank.com:80.
HTTP request sent, awaiting response... 200 OK
Length: 164 [image/png]
Saving to: `code/../crawls/josbank.com/Privacy-Policy/raw/www.josbank.com/menswear/JABAssetStore/static/images/global/tooltips/info_ul.png'

     0K                                                       100% 29.5M=0s

2012-04-15 08:27:58 (29.5 MB/s) - `code/../crawls/josbank.com/Privacy-Policy/raw/www.josbank.com/menswear/JABAssetStore/static/images/global/tooltips/info_ul.png' saved [164/164]

--2012-04-15 08:27:58--  http://www.josbank.com/menswear/JABAssetStore/static/images/global/tooltips/info_ur.png
Reusing existing connection to www.josbank.com:80.
HTTP request sent, awaiting response... 200 OK
Length: 164 [image/png]
Saving to: `code/../crawls/josbank.com/Privacy-Policy/raw/www.josbank.com/menswear/JABAssetStore/static/images/global/tooltips/info_ur.png'

     0K                                                       100% 28.3M=0s

2012-04-15 08:27:58 (28.3 MB/s) - `code/../crawls/josbank.com/Privacy-Policy/raw/www.josbank.com/menswear/JABAssetStore/static/images/global/tooltips/info_ur.png' saved [164/164]

--2012-04-15 08:27:58--  http://www.josbank.com/menswear/JABAssetStore/static/images/global/tooltips/info_ll.png
Reusing existing connection to www.josbank.com:80.
HTTP request sent, awaiting response... 200 OK
Length: 164 [image/png]
Saving to: `code/../crawls/josbank.com/Privacy-Policy/raw/www.josbank.com/menswear/JABAssetStore/static/images/global/tooltips/info_ll.png'

     0K                                                       100% 28.9M=0s

2012-04-15 08:27:58 (28.9 MB/s) - `code/../crawls/josbank.com/Privacy-Policy/raw/www.josbank.com/menswear/JABAssetStore/static/images/global/tooltips/info_ll.png' saved [164/164]

--2012-04-15 08:27:58--  http://www.josbank.com/menswear/JABAssetStore/static/images/global/tooltips/info_lr.png
Reusing existing connection to www.josbank.com:80.
HTTP request sent, awaiting response... 200 OK
Length: 164 [image/png]
Saving to: `code/../crawls/josbank.com/Privacy-Policy/raw/www.josbank.com/menswear/JABAssetStore/static/images/global/tooltips/info_lr.png'

     0K                                                       100% 28.4M=0s

2012-04-15 08:27:58 (28.4 MB/s) - `code/../crawls/josbank.com/Privacy-Policy/raw/www.josbank.com/menswear/JABAssetStore/static/images/global/tooltips/info_lr.png' saved [164/164]

--2012-04-15 08:27:58--  http://www.josbank.com/menswear/JABAssetStore/static/images/global/tooltips/frm_error_arrow.png
Reusing existing connection to www.josbank.com:80.
HTTP request sent, awaiting response... 200 OK
Length: 461 [image/png]
Saving to: `code/../crawls/josbank.com/Privacy-Policy/raw/www.josbank.com/menswear/JABAssetStore/static/images/global/tooltips/frm_error_arrow.png'

     0K                                                       100% 77.1M=0s

2012-04-15 08:27:58 (77.1 MB/s) - `code/../crawls/josbank.com/Privacy-Policy/raw/www.josbank.com/menswear/JABAssetStore/static/images/global/tooltips/frm_error_arrow.png' saved [461/461]

--2012-04-15 08:27:58--  http://www.josbank.com/menswear/JABAssetStore/static/images/global/tooltips/frm_error_ul.png
Reusing existing connection to www.josbank.com:80.
HTTP request sent, awaiting response... 200 OK
Length: 168 [image/png]
Saving to: `code/../crawls/josbank.com/Privacy-Policy/raw/www.josbank.com/menswear/JABAssetStore/static/images/global/tooltips/frm_error_ul.png'

     0K                                                       100% 28.5M=0s

2012-04-15 08:27:58 (28.5 MB/s) - `code/../crawls/josbank.com/Privacy-Policy/raw/www.josbank.com/menswear/JABAssetStore/static/images/global/tooltips/frm_error_ul.png' saved [168/168]

--2012-04-15 08:27:58--  http://www.josbank.com/menswear/JABAssetStore/static/images/global/tooltips/frm_error_ur.png
Reusing existing connection to www.josbank.com:80.
HTTP request sent, awaiting response... 200 OK
Length: 168 [image/png]
Saving to: `code/../crawls/josbank.com/Privacy-Policy/raw/www.josbank.com/menswear/JABAssetStore/static/images/global/tooltips/frm_error_ur.png'

     0K                                                       100% 28.1M=0s

2012-04-15 08:27:58 (28.1 MB/s) - `code/../crawls/josbank.com/Privacy-Policy/raw/www.josbank.com/menswear/JABAssetStore/static/images/global/tooltips/frm_error_ur.png' saved [168/168]

--2012-04-15 08:27:58--  http://www.josbank.com/menswear/JABAssetStore/static/images/global/tooltips/frm_error_ll.png
Reusing existing connection to www.josbank.com:80.
HTTP request sent, awaiting response... 200 OK
Length: 168 [image/png]
Saving to: `code/../crawls/josbank.com/Privacy-Policy/raw/www.josbank.com/menswear/JABAssetStore/static/images/global/tooltips/frm_error_ll.png'

     0K                                                       100% 28.8M=0s

2012-04-15 08:27:58 (28.8 MB/s) - `code/../crawls/josbank.com/Privacy-Policy/raw/www.josbank.com/menswear/JABAssetStore/static/images/global/tooltips/frm_error_ll.png' saved [168/168]

--2012-04-15 08:27:58--  http://www.josbank.com/menswear/JABAssetStore/static/images/global/tooltips/frm_error_lr.png
Reusing existing connection to www.josbank.com:80.
HTTP request sent, awaiting response... 200 OK
Length: 168 [image/png]
Saving to: `code/../crawls/josbank.com/Privacy-Policy/raw/www.josbank.com/menswear/JABAssetStore/static/images/global/tooltips/frm_error_lr.png'

     0K                                                       100% 30.4M=0s

2012-04-15 08:27:58 (30.4 MB/s) - `code/../crawls/josbank.com/Privacy-Policy/raw/www.josbank.com/menswear/JABAssetStore/static/images/global/tooltips/frm_error_lr.png' saved [168/168]

--2012-04-15 08:27:58--  http://www.josbank.com/menswear/JABAssetStore/static/images/product_detail/inactiveTab_bg.gif
Reusing existing connection to www.josbank.com:80.
HTTP request sent, awaiting response... 200 OK
Length: 100 [image/gif]
Saving to: `code/../crawls/josbank.com/Privacy-Policy/raw/www.josbank.com/menswear/JABAssetStore/static/images/product_detail/inactiveTab_bg.gif'

     0K                                                       100% 16.8M=0s

2012-04-15 08:27:59 (16.8 MB/s) - `code/../crawls/josbank.com/Privacy-Policy/raw/www.josbank.com/menswear/JABAssetStore/static/images/product_detail/inactiveTab_bg.gif' saved [100/100]

--2012-04-15 08:27:59--  http://www.josbank.com/menswear/JABAssetStore/static/images/product_detail/activeTab_bg.gif
Reusing existing connection to www.josbank.com:80.
HTTP request sent, awaiting response... 200 OK
Length: 100 [image/gif]
Saving to: `code/../crawls/josbank.com/Privacy-Policy/raw/www.josbank.com/menswear/JABAssetStore/static/images/product_detail/activeTab_bg.gif'

     0K                                                       100% 17.0M=0s

2012-04-15 08:27:59 (17.0 MB/s) - `code/../crawls/josbank.com/Privacy-Policy/raw/www.josbank.com/menswear/JABAssetStore/static/images/product_detail/activeTab_bg.gif' saved [100/100]

--2012-04-15 08:27:59--  http://www.josbank.com/menswear/JABAssetStore/static/images/product_detail/tabBody_bg.gif
Reusing existing connection to www.josbank.com:80.
HTTP request sent, awaiting response... 200 OK
Length: 210 [image/gif]
Saving to: `code/../crawls/josbank.com/Privacy-Policy/raw/www.josbank.com/menswear/JABAssetStore/static/images/product_detail/tabBody_bg.gif'

     0K                                                       100% 35.6M=0s

2012-04-15 08:27:59 (35.6 MB/s) - `code/../crawls/josbank.com/Privacy-Policy/raw/www.josbank.com/menswear/JABAssetStore/static/images/product_detail/tabBody_bg.gif' saved [210/210]

--2012-04-15 08:27:59--  http://www.josbank.com/menswear/JABAssetStore/static/images/wcm/fake_spot.png
Reusing existing connection to www.josbank.com:80.
HTTP request sent, awaiting response... 200 OK
Length: 718 [image/png]
Saving to: `code/../crawls/josbank.com/Privacy-Policy/raw/www.josbank.com/menswear/JABAssetStore/static/images/wcm/fake_spot.png'

     0K                                                       100%  111M=0s

2012-04-15 08:27:59 (111 MB/s) - `code/../crawls/josbank.com/Privacy-Policy/raw/www.josbank.com/menswear/JABAssetStore/static/images/wcm/fake_spot.png' saved [718/718]

--2012-04-15 08:27:59--  http://www.josbank.com/menswear/JABAssetStore/static/images/global/modal/modalShadow-left.png
Reusing existing connection to www.josbank.com:80.
HTTP request sent, awaiting response... 200 OK
Length: 2124 (2.1K) [image/png]
Saving to: `code/../crawls/josbank.com/Privacy-Policy/raw/www.josbank.com/menswear/JABAssetStore/static/images/global/modal/modalShadow-left.png'

     0K ..                                                    100%  289M=0s

2012-04-15 08:28:00 (289 MB/s) - `code/../crawls/josbank.com/Privacy-Policy/raw/www.josbank.com/menswear/JABAssetStore/static/images/global/modal/modalShadow-left.png' saved [2124/2124]

--2012-04-15 08:28:00--  http://www.josbank.com/menswear/JABAssetStore/static/images/global/modal/modalShadow-right.png
Reusing existing connection to www.josbank.com:80.
HTTP request sent, awaiting response... 200 OK
Length: 2203 (2.2K) [image/png]
Saving to: `code/../crawls/josbank.com/Privacy-Policy/raw/www.josbank.com/menswear/JABAssetStore/static/images/global/modal/modalShadow-right.png'

     0K ..                                                    100%  316M=0s

2012-04-15 08:28:00 (316 MB/s) - `code/../crawls/josbank.com/Privacy-Policy/raw/www.josbank.com/menswear/JABAssetStore/static/images/global/modal/modalShadow-right.png' saved [2203/2203]

--2012-04-15 08:28:00--  http://www.josbank.com/menswear/JABAssetStore/static/images/global/modal/modalShadow-bottom.png
Reusing existing connection to www.josbank.com:80.
HTTP request sent, awaiting response... 200 OK
Length: 1626 (1.6K) [image/png]
Saving to: `code/../crawls/josbank.com/Privacy-Policy/raw/www.josbank.com/menswear/JABAssetStore/static/images/global/modal/modalShadow-bottom.png'

     0K .                                                     100%  244M=0s

2012-04-15 08:28:00 (244 MB/s) - `code/../crawls/josbank.com/Privacy-Policy/raw/www.josbank.com/menswear/JABAssetStore/static/images/global/modal/modalShadow-bottom.png' saved [1626/1626]

--2012-04-15 08:28:00--  http://www.josbank.com/menswear/JABAssetStore/static/images/global/modal/modalShadow-bl.png
Reusing existing connection to www.josbank.com:80.
HTTP request sent, awaiting response... 200 OK
Length: 379 [image/png]
Saving to: `code/../crawls/josbank.com/Privacy-Policy/raw/www.josbank.com/menswear/JABAssetStore/static/images/global/modal/modalShadow-bl.png'

     0K                                                       100% 65.9M=0s

2012-04-15 08:28:00 (65.9 MB/s) - `code/../crawls/josbank.com/Privacy-Policy/raw/www.josbank.com/menswear/JABAssetStore/static/images/global/modal/modalShadow-bl.png' saved [379/379]

--2012-04-15 08:28:00--  http://www.josbank.com/menswear/JABAssetStore/static/images/global/modal/modalShadow-br.png
Reusing existing connection to www.josbank.com:80.
HTTP request sent, awaiting response... 200 OK
Length: 384 [image/png]
Saving to: `code/../crawls/josbank.com/Privacy-Policy/raw/www.josbank.com/menswear/JABAssetStore/static/images/global/modal/modalShadow-br.png'

     0K                                                       100% 68.2M=0s

2012-04-15 08:28:00 (68.2 MB/s) - `code/../crawls/josbank.com/Privacy-Policy/raw/www.josbank.com/menswear/JABAssetStore/static/images/global/modal/modalShadow-br.png' saved [384/384]

--2012-04-15 08:28:00--  http://www.josbank.com/menswear/JABAssetStore/static/images/global/modal/modalShadow-top.png
Reusing existing connection to www.josbank.com:80.
HTTP request sent, awaiting response... 200 OK
Length: 949 [image/png]
Saving to: `code/../crawls/josbank.com/Privacy-Policy/raw/www.josbank.com/menswear/JABAssetStore/static/images/global/modal/modalShadow-top.png'

     0K                                                       100%  149M=0s

2012-04-15 08:28:00 (149 MB/s) - `code/../crawls/josbank.com/Privacy-Policy/raw/www.josbank.com/menswear/JABAssetStore/static/images/global/modal/modalShadow-top.png' saved [949/949]

--2012-04-15 08:28:00--  http://www.josbank.com/menswear/JABAssetStore/static/images/global/modal/modalShadow-tl.png
Reusing existing connection to www.josbank.com:80.
HTTP request sent, awaiting response... 200 OK
Length: 249 [image/png]
Saving to: `code/../crawls/josbank.com/Privacy-Policy/raw/www.josbank.com/menswear/JABAssetStore/static/images/global/modal/modalShadow-tl.png'

     0K                                                       100% 40.6M=0s

2012-04-15 08:28:00 (40.6 MB/s) - `code/../crawls/josbank.com/Privacy-Policy/raw/www.josbank.com/menswear/JABAssetStore/static/images/global/modal/modalShadow-tl.png' saved [249/249]

--2012-04-15 08:28:00--  http://www.josbank.com/menswear/JABAssetStore/static/images/global/modal/modalShadow-tr.png
Reusing existing connection to www.josbank.com:80.
HTTP request sent, awaiting response... 200 OK
Length: 269 [image/png]
Saving to: `code/../crawls/josbank.com/Privacy-Policy/raw/www.josbank.com/menswear/JABAssetStore/static/images/global/modal/modalShadow-tr.png'

     0K                                                       100% 45.1M=0s

2012-04-15 08:28:00 (45.1 MB/s) - `code/../crawls/josbank.com/Privacy-Policy/raw/www.josbank.com/menswear/JABAssetStore/static/images/global/modal/modalShadow-tr.png' saved [269/269]

--2012-04-15 08:28:00--  http://www.josbank.com/menswear/JABAssetStore/static/images/global/modal/modalClose.gif
Reusing existing connection to www.josbank.com:80.
HTTP request sent, awaiting response... 200 OK
Length: 358 [image/gif]
Saving to: `code/../crawls/josbank.com/Privacy-Policy/raw/www.josbank.com/menswear/JABAssetStore/static/images/global/modal/modalClose.gif'

     0K                                                       100% 55.0M=0s

2012-04-15 08:28:00 (55.0 MB/s) - `code/../crawls/josbank.com/Privacy-Policy/raw/www.josbank.com/menswear/JABAssetStore/static/images/global/modal/modalClose.gif' saved [358/358]

--2012-04-15 08:28:00--  http://www.josbank.com/menswear/JABAssetStore/static/images/global/modal/quickViewFade.png
Reusing existing connection to www.josbank.com:80.
HTTP request sent, awaiting response... 200 OK
Length: 340 [image/png]
Saving to: `code/../crawls/josbank.com/Privacy-Policy/raw/www.josbank.com/menswear/JABAssetStore/static/images/global/modal/quickViewFade.png'

     0K                                                       100% 56.5M=0s

2012-04-15 08:28:00 (56.5 MB/s) - `code/../crawls/josbank.com/Privacy-Policy/raw/www.josbank.com/menswear/JABAssetStore/static/images/global/modal/quickViewFade.png' saved [340/340]

--2012-04-15 08:28:00--  http://www.josbank.com/menswear/JABAssetStore/static/images/cart/l_blk_arrow.png
Reusing existing connection to www.josbank.com:80.
HTTP request sent, awaiting response... 200 OK
Length: 311 [image/png]
Saving to: `code/../crawls/josbank.com/Privacy-Policy/raw/www.josbank.com/menswear/JABAssetStore/static/images/cart/l_blk_arrow.png'

     0K                                                       100% 50.8M=0s

2012-04-15 08:28:00 (50.8 MB/s) - `code/../crawls/josbank.com/Privacy-Policy/raw/www.josbank.com/menswear/JABAssetStore/static/images/cart/l_blk_arrow.png' saved [311/311]

--2012-04-15 08:28:00--  http://www.josbank.com/menswear/JABAssetStore/static/images/cart/r_wht_arrow.png
Reusing existing connection to www.josbank.com:80.
HTTP request sent, awaiting response... 200 OK
Length: 338 [image/png]
Saving to: `code/../crawls/josbank.com/Privacy-Policy/raw/www.josbank.com/menswear/JABAssetStore/static/images/cart/r_wht_arrow.png'

     0K                                                       100% 57.8M=0s

2012-04-15 08:28:01 (57.8 MB/s) - `code/../crawls/josbank.com/Privacy-Policy/raw/www.josbank.com/menswear/JABAssetStore/static/images/cart/r_wht_arrow.png' saved [338/338]

--2012-04-15 08:28:01--  http://www.josbank.com/menswear/JABAssetStore/static/images/checkout/checkout_confirm.gif
Reusing existing connection to www.josbank.com:80.
HTTP request sent, awaiting response... 200 OK
Length: 308 [image/gif]
Saving to: `code/../crawls/josbank.com/Privacy-Policy/raw/www.josbank.com/menswear/JABAssetStore/static/images/checkout/checkout_confirm.gif'

     0K                                                       100% 51.2M=0s

2012-04-15 08:28:01 (51.2 MB/s) - `code/../crawls/josbank.com/Privacy-Policy/raw/www.josbank.com/menswear/JABAssetStore/static/images/checkout/checkout_confirm.gif' saved [308/308]

--2012-04-15 08:28:01--  http://www.josbank.com/menswear/JABAssetStore/static/images/cart/r_blk_arrow.png
Reusing existing connection to www.josbank.com:80.
HTTP request sent, awaiting response... 200 OK
Length: 47830 (47K) [image/png]
Saving to: `code/../crawls/josbank.com/Privacy-Policy/raw/www.josbank.com/menswear/JABAssetStore/static/images/cart/r_blk_arrow.png'

     0K .......... .......... .......... .......... ......    100% 8.74M=0.005s

2012-04-15 08:28:01 (8.74 MB/s) - `code/../crawls/josbank.com/Privacy-Policy/raw/www.josbank.com/menswear/JABAssetStore/static/images/cart/r_blk_arrow.png' saved [47830/47830]

--2012-04-15 08:28:01--  http://www.josbank.com/menswear/JABAssetStore/static/images/sweeps/500sweeps-fly_close.gif
Reusing existing connection to www.josbank.com:80.
HTTP request sent, awaiting response... 200 OK
Length: 595 [image/gif]
Saving to: `code/../crawls/josbank.com/Privacy-Policy/raw/www.josbank.com/menswear/JABAssetStore/static/images/sweeps/500sweeps-fly_close.gif'

     0K                                                       100%  103M=0s

2012-04-15 08:28:01 (103 MB/s) - `code/../crawls/josbank.com/Privacy-Policy/raw/www.josbank.com/menswear/JABAssetStore/static/images/sweeps/500sweeps-fly_close.gif' saved [595/595]

--2012-04-15 08:28:01--  http://www.josbank.com/menswear/JABAssetStore/static/images/global/process-loader-bkgrd.png
Reusing existing connection to www.josbank.com:80.
HTTP request sent, awaiting response... 200 OK
Length: 1656 (1.6K) [image/png]
Saving to: `code/../crawls/josbank.com/Privacy-Policy/raw/www.josbank.com/menswear/JABAssetStore/static/images/global/process-loader-bkgrd.png'

     0K .                                                     100%  237M=0s

2012-04-15 08:28:01 (237 MB/s) - `code/../crawls/josbank.com/Privacy-Policy/raw/www.josbank.com/menswear/JABAssetStore/static/images/global/process-loader-bkgrd.png' saved [1656/1656]

--2012-04-15 08:28:01--  http://www.josbank.com/menswear/JABAssetStore/static/images/global/IntShipping_Models.jpg
Reusing existing connection to www.josbank.com:80.
HTTP request sent, awaiting response... 200 OK
Length: 24650 (24K) [image/jpeg]
Saving to: `code/../crawls/josbank.com/Privacy-Policy/raw/www.josbank.com/menswear/JABAssetStore/static/images/global/IntShipping_Models.jpg'

     0K .......... .......... ....                            100% 7.15M=0.003s

2012-04-15 08:28:01 (7.15 MB/s) - `code/../crawls/josbank.com/Privacy-Policy/raw/www.josbank.com/menswear/JABAssetStore/static/images/global/IntShipping_Models.jpg' saved [24650/24650]

FINISHED --2012-04-15 08:28:01--
Total wall clock time: 25s
Downloaded: 132 files, 1.0M in 0.1s (8.54 MB/s)
Converting code/../crawls/josbank.com/Privacy-Policy/raw/www.josbank.com/menswear/shop/PrivacyPolicyView?langId=-1&storeId=11001&catalogId=10050.html... 55-242
Converting code/../crawls/josbank.com/Privacy-Policy/raw/www.josbank.com/menswear/shop/\"/menswear/JABAssetStore/static/images/global/flags/'+countryCodeCookie+'.gif\".html... 0-1
Converting code/../crawls/josbank.com/Privacy-Policy/raw/www.josbank.com/menswear/shop/SelectCountryView?langId=-1&storeId=11001&catalogId=10050.html... 1-4
Converting code/../crawls/josbank.com/Privacy-Policy/raw/www.josbank.com/menswear/JABAssetStore/static/styles/main.css... 96-0
Converting code/../crawls/josbank.com/Privacy-Policy/raw/www.josbank.com/menswear/JABAssetStore/static/styles/print.css... nothing to do.
Converted 5 files in 0.01 seconds.
