--2012-12-12 05:36:43--  http://www.motorola.com/Consumers/US-EN/About_Motorola/Legal/Privacy_Policy
Resolving www.motorola.com... 23.56.119.224
Connecting to www.motorola.com|23.56.119.224|:80... connected.
HTTP request sent, awaiting response... 200 OK
Length: unspecified [text/html]
Saving to: `code/../crawls/motorola.com/Privacy-Policy/raw/www.motorola.com/Consumers/US-EN/About_Motorola/Legal/Privacy_Policy.html'

     0K .......... .......... .......... .......... .......... 5.84M
    50K .......... .......... ....                             10.2M=0.01s

2012-12-12 05:36:44 (6.80 MB/s) - `code/../crawls/motorola.com/Privacy-Policy/raw/www.motorola.com/Consumers/US-EN/About_Motorola/Legal/Privacy_Policy.html' saved [76297]

--2012-12-12 05:36:44--  http://nexus.ensighten.com/mmi/Bootstrap.js
Resolving nexus.ensighten.com... 50.18.125.216, 54.241.2.228, 184.72.39.179, ...
Connecting to nexus.ensighten.com|50.18.125.216|:80... connected.
HTTP request sent, awaiting response... 200 OK
Length: 48433 (47K) [application/x-javascript]
Saving to: `code/../crawls/motorola.com/Privacy-Policy/raw/nexus.ensighten.com/mmi/Bootstrap.js'

     0K .......... .......... .......... .......... .......   100% 3.62M=0.01s

2012-12-12 05:36:44 (3.62 MB/s) - `code/../crawls/motorola.com/Privacy-Policy/raw/nexus.ensighten.com/mmi/Bootstrap.js' saved [48433/48433]

--2012-12-12 05:36:44--  http://www.motorola.com/staticfiles/Admin%20Content/Resources/Consumers/js/min_16-10/moto-tools-min.js
Connecting to www.motorola.com|23.56.119.224|:80... connected.
HTTP request sent, awaiting response... 200 OK
Length: unspecified [application/x-javascript]
Saving to: `code/../crawls/motorola.com/Privacy-Policy/raw/www.motorola.com/staticfiles/Admin Content/Resources/Consumers/js/min_16-10/moto-tools-min.js'

     0K .......... .......... .......... .......... .......... 5.71M
    50K .......... .......... .......... .......... .......... 10.3M
   100K .......... .......... .......... .......... .......... 9.84M
   150K .......... .......... .......... .......... .......... 11.3M
   200K .......... .......... .......... ....                  7.29M=0.03s

2012-12-12 05:36:44 (8.42 MB/s) - `code/../crawls/motorola.com/Privacy-Policy/raw/www.motorola.com/staticfiles/Admin Content/Resources/Consumers/js/min_16-10/moto-tools-min.js' saved [239644]

--2012-12-12 05:36:44--  http://www.motorola.com/staticfiles/Admin%20Content/Resources/Consumers/css/min_16-10/gct-min.css
Reusing existing connection to www.motorola.com:80.
HTTP request sent, awaiting response... 200 OK
Length: unspecified [text/css]
Saving to: `code/../crawls/motorola.com/Privacy-Policy/raw/www.motorola.com/staticfiles/Admin Content/Resources/Consumers/css/min_16-10/gct-min.css'

     0K .......... .......... .......... .......... .......... 11.2M
    50K ....                                                   17.9M=0.005s

2012-12-12 05:36:44 (11.5 MB/s) - `code/../crawls/motorola.com/Privacy-Policy/raw/www.motorola.com/staticfiles/Admin Content/Resources/Consumers/css/min_16-10/gct-min.css' saved [55891]

--2012-12-12 05:36:44--  http://www.motorola.com/staticfiles/Admin%20Content/Resources/Consumers/js/min_16-10/gct-min.js
Reusing existing connection to www.motorola.com:80.
HTTP request sent, awaiting response... 200 OK
Length: 11745 (11K) [application/x-javascript]
Saving to: `code/../crawls/motorola.com/Privacy-Policy/raw/www.motorola.com/staticfiles/Admin Content/Resources/Consumers/js/min_16-10/gct-min.js'

     0K .......... .                                          100% 12.7M=0.001s

2012-12-12 05:36:44 (12.7 MB/s) - `code/../crawls/motorola.com/Privacy-Policy/raw/www.motorola.com/staticfiles/Admin Content/Resources/Consumers/js/min_16-10/gct-min.js' saved [11745/11745]

--2012-12-12 05:36:44--  http://www.motorola.com/staticfiles/Admin%20Content/Resources/Consumers/css/min_16-10/ecom-min.css
Reusing existing connection to www.motorola.com:80.
HTTP request sent, awaiting response... 200 OK
Length: 28630 (28K) [text/css]
Saving to: `code/../crawls/motorola.com/Privacy-Policy/raw/www.motorola.com/staticfiles/Admin Content/Resources/Consumers/css/min_16-10/ecom-min.css'

     0K .......... .......... .......                         100% 12.4M=0.002s

2012-12-12 05:36:44 (12.4 MB/s) - `code/../crawls/motorola.com/Privacy-Policy/raw/www.motorola.com/staticfiles/Admin Content/Resources/Consumers/css/min_16-10/ecom-min.css' saved [28630/28630]

--2012-12-12 05:36:44--  http://www.motorola.com/staticfiles/Admin%20Content/Resources/Consumers/js/min_16-10/ecom-min.js
Reusing existing connection to www.motorola.com:80.
HTTP request sent, awaiting response... 200 OK
Length: unspecified [application/x-javascript]
Saving to: `code/../crawls/motorola.com/Privacy-Policy/raw/www.motorola.com/staticfiles/Admin Content/Resources/Consumers/js/min_16-10/ecom-min.js'

     0K .......... .......... .......... .......... .......... 8.51M
    50K .......... .......... .......... .......... .......... 11.2M
   100K .......... .......... .......... ...                   11.2M=0.01s

2012-12-12 05:36:44 (10.0 MB/s) - `code/../crawls/motorola.com/Privacy-Policy/raw/www.motorola.com/staticfiles/Admin Content/Resources/Consumers/js/min_16-10/ecom-min.js' saved [136775]

--2012-12-12 05:36:44--  http://www.motorola.com/wrs/sdc.js
Reusing existing connection to www.motorola.com:80.
HTTP request sent, awaiting response... 200 OK
Length: unspecified [application/x-javascript]
Saving to: `code/../crawls/motorola.com/Privacy-Policy/raw/www.motorola.com/wrs/sdc.js'

     0K .......... .......... .......... .....                 12.2M=0.003s

2012-12-12 05:36:44 (12.2 MB/s) - `code/../crawls/motorola.com/Privacy-Policy/raw/www.motorola.com/wrs/sdc.js' saved [36210]

--2012-12-12 05:36:44--  http://www.motorola.com/staticfiles/Admin%20Content/Global%20Elements/US-EN/B2C%20Global%20Elements/Images/US-EN.jpg
Reusing existing connection to www.motorola.com:80.
HTTP request sent, awaiting response... 200 OK
Length: 26775 (26K) [image/jpeg]
Saving to: `code/../crawls/motorola.com/Privacy-Policy/raw/www.motorola.com/staticfiles/Admin Content/Global Elements/US-EN/B2C Global Elements/Images/US-EN.jpg'

     0K .......... .......... ......                          100% 13.4M=0.002s

2012-12-12 05:36:44 (13.4 MB/s) - `code/../crawls/motorola.com/Privacy-Policy/raw/www.motorola.com/staticfiles/Admin Content/Global Elements/US-EN/B2C Global Elements/Images/US-EN.jpg' saved [26775/26775]

--2012-12-12 05:36:44--  http://www.motorola.com/staticfiles/Admin%20Content/Resources/Consumers/js/min_16-10/univers.js
Reusing existing connection to www.motorola.com:80.
HTTP request sent, awaiting response... 200 OK
Length: unspecified [application/x-javascript]
Saving to: `code/../crawls/motorola.com/Privacy-Policy/raw/www.motorola.com/staticfiles/Admin Content/Resources/Consumers/js/min_16-10/univers.js'

     0K .......... .......... .......... .......... .......... 8.97M
    50K .......... .......... .......... .......... .......... 10.1M
   100K .......... .......... .......... ..                    8.87M=0.01s

2012-12-12 05:36:44 (9.35 MB/s) - `code/../crawls/motorola.com/Privacy-Policy/raw/www.motorola.com/staticfiles/Admin Content/Resources/Consumers/js/min_16-10/univers.js' saved [135391]

--2012-12-12 05:36:44--  http://sdc.motorola.com/njs.gif?dcsuri=/nojavascript&dcssip=www.motorola.com&tagver=8&si=150202&fw=0&js=No&jo=No
Resolving sdc.motorola.com... 144.189.100.66
Connecting to sdc.motorola.com|144.189.100.66|:80... connected.
HTTP request sent, awaiting response... 200 OK
Length: 43 [image/gif]
Saving to: `code/../crawls/motorola.com/Privacy-Policy/raw/sdc.motorola.com/njs.gif?dcsuri=%2Fnojavascript&dcssip=www.motorola.com&tagver=8&si=150202&fw=0&js=No&jo=No'

     0K                                                       100% 7.04M=0s

2012-12-12 05:36:45 (7.04 MB/s) - `code/../crawls/motorola.com/Privacy-Policy/raw/sdc.motorola.com/njs.gif?dcsuri=%2Fnojavascript&dcssip=www.motorola.com&tagver=8&si=150202&fw=0&js=No&jo=No' saved [43/43]

--2012-12-12 05:36:45--  http://statse.webtrendslive.com/dcsbkrryh0000004rf9sbe31q_7o3n/njs.gif?dcsuri=/nojavascript&WT.js=No&WT.tv=8.6.2
Resolving statse.webtrendslive.com... 208.92.238.25
Connecting to statse.webtrendslive.com|208.92.238.25|:80... connected.
HTTP request sent, awaiting response... 303 Object Moved
Location: /dcsbkrryh0000004rf9sbe31q_7o3n/njs.gif?dcsredirect=126&dcstlh=0&dcstlv=0&dcsuri=/nojavascript&WT.js=No&WT.tv=8.6.2 [following]
--2012-12-12 05:36:45--  http://statse.webtrendslive.com/dcsbkrryh0000004rf9sbe31q_7o3n/njs.gif?dcsredirect=126&dcstlh=0&dcstlv=0&dcsuri=/nojavascript&WT.js=No&WT.tv=8.6.2
Connecting to statse.webtrendslive.com|208.92.238.25|:80... connected.
HTTP request sent, awaiting response... 200 OK
Length: 67 [image/gif]
Saving to: `code/../crawls/motorola.com/Privacy-Policy/raw/statse.webtrendslive.com/dcsbkrryh0000004rf9sbe31q_7o3n/njs.gif?dcsuri=%2Fnojavascript&WT.js=No&WT.tv=8.6.2'

     0K                                                       100% 11.8M=0s

2012-12-12 05:36:45 (11.8 MB/s) - `code/../crawls/motorola.com/Privacy-Policy/raw/statse.webtrendslive.com/dcsbkrryh0000004rf9sbe31q_7o3n/njs.gif?dcsuri=%2Fnojavascript&WT.js=No&WT.tv=8.6.2' saved [67/67]

--2012-12-12 05:36:45--  http://www.motorola.com/staticfiles/Admin%20Content/Resources/Consumers/img/blank.gif
Connecting to www.motorola.com|23.56.119.224|:80... connected.
HTTP request sent, awaiting response... 200 OK
Length: 43 [image/gif]
Saving to: `code/../crawls/motorola.com/Privacy-Policy/raw/www.motorola.com/staticfiles/Admin Content/Resources/Consumers/img/blank.gif'

     0K                                                       100% 7.21M=0s

2012-12-12 05:36:45 (7.21 MB/s) - `code/../crawls/motorola.com/Privacy-Policy/raw/www.motorola.com/staticfiles/Admin Content/Resources/Consumers/img/blank.gif' saved [43/43]

--2012-12-12 05:36:45--  http://www.motorola.com/staticfiles/Admin%20Content/Resources/Consumers/mobility/img/cart/whiteArrow.png
Reusing existing connection to www.motorola.com:80.
HTTP request sent, awaiting response... 200 OK
Length: 181 [image/png]
Saving to: `code/../crawls/motorola.com/Privacy-Policy/raw/www.motorola.com/staticfiles/Admin Content/Resources/Consumers/mobility/img/cart/whiteArrow.png'

     0K                                                       100% 30.8M=0s

2012-12-12 05:36:45 (30.8 MB/s) - `code/../crawls/motorola.com/Privacy-Policy/raw/www.motorola.com/staticfiles/Admin Content/Resources/Consumers/mobility/img/cart/whiteArrow.png' saved [181/181]

--2012-12-12 05:36:45--  http://www.motorola.com/staticfiles/Admin%20Content/Resources/Consumers/img/header/motorola-logo.png
Reusing existing connection to www.motorola.com:80.
HTTP request sent, awaiting response... 200 OK
Length: 1223 (1.2K) [image/png]
Saving to: `code/../crawls/motorola.com/Privacy-Policy/raw/www.motorola.com/staticfiles/Admin Content/Resources/Consumers/img/header/motorola-logo.png'

     0K .                                                     100%  172M=0s

2012-12-12 05:36:45 (172 MB/s) - `code/../crawls/motorola.com/Privacy-Policy/raw/www.motorola.com/staticfiles/Admin Content/Resources/Consumers/img/header/motorola-logo.png' saved [1223/1223]

--2012-12-12 05:36:45--  http://www.motorola.com/staticfiles/Consumers/_Link%20Groups/US-EN/B2C%20Site%20Common%20Navigation/see-all-phones.png
Reusing existing connection to www.motorola.com:80.
HTTP request sent, awaiting response... 200 OK
Length: 19077 (19K) [image/png]
Saving to: `code/../crawls/motorola.com/Privacy-Policy/raw/www.motorola.com/staticfiles/Consumers/_Link Groups/US-EN/B2C Site Common Navigation/see-all-phones.png'

     0K .......... ........                                   100% 5.34M=0.003s

2012-12-12 05:36:45 (5.34 MB/s) - `code/../crawls/motorola.com/Privacy-Policy/raw/www.motorola.com/staticfiles/Consumers/_Link Groups/US-EN/B2C Site Common Navigation/see-all-phones.png' saved [19077/19077]

--2012-12-12 05:36:45--  http://www.motorola.com/staticfiles/Consumers/_Link%20Groups/US-EN/B2C%20Site%20Common%20Navigation/razr-m.png
Reusing existing connection to www.motorola.com:80.
HTTP request sent, awaiting response... 200 OK
Length: 11673 (11K) [image/png]
Saving to: `code/../crawls/motorola.com/Privacy-Policy/raw/www.motorola.com/staticfiles/Consumers/_Link Groups/US-EN/B2C Site Common Navigation/razr-m.png'

     0K .......... .                                          100% 13.9M=0.001s

2012-12-12 05:36:45 (13.9 MB/s) - `code/../crawls/motorola.com/Privacy-Policy/raw/www.motorola.com/staticfiles/Consumers/_Link Groups/US-EN/B2C Site Common Navigation/razr-m.png' saved [11673/11673]

--2012-12-12 05:36:45--  http://www.motorola.com/staticfiles/Consumers/_Link%20Groups/US-EN/B2C%20Site%20Common%20Navigation/razr-HD.png
Reusing existing connection to www.motorola.com:80.
HTTP request sent, awaiting response... 200 OK
Length: 17120 (17K) [image/png]
Saving to: `code/../crawls/motorola.com/Privacy-Policy/raw/www.motorola.com/staticfiles/Consumers/_Link Groups/US-EN/B2C Site Common Navigation/razr-HD.png'

     0K .......... ......                                     100% 5.61M=0.003s

2012-12-12 05:36:45 (5.61 MB/s) - `code/../crawls/motorola.com/Privacy-Policy/raw/www.motorola.com/staticfiles/Consumers/_Link Groups/US-EN/B2C Site Common Navigation/razr-HD.png' saved [17120/17120]

--2012-12-12 05:36:45--  http://www.motorola.com/staticfiles/Consumers/_Link%20Groups/US-EN/B2C%20Site%20Common%20Navigation/razr-maxx-hd.png
Reusing existing connection to www.motorola.com:80.
HTTP request sent, awaiting response... 200 OK
Length: 10152 (9.9K) [image/png]
Saving to: `code/../crawls/motorola.com/Privacy-Policy/raw/www.motorola.com/staticfiles/Consumers/_Link Groups/US-EN/B2C Site Common Navigation/razr-maxx-hd.png'

     0K .........                                             100% 14.3M=0.001s

2012-12-12 05:36:45 (14.3 MB/s) - `code/../crawls/motorola.com/Privacy-Policy/raw/www.motorola.com/staticfiles/Consumers/_Link Groups/US-EN/B2C Site Common Navigation/razr-maxx-hd.png' saved [10152/10152]

--2012-12-12 05:36:45--  http://www.motorola.com/staticfiles/Consumers/_Link%20Groups/US-EN/B2C%20Site%20Common%20Navigation/photon-q-lte.png
Reusing existing connection to www.motorola.com:80.
HTTP request sent, awaiting response... 200 OK
Length: 12930 (13K) [image/png]
Saving to: `code/../crawls/motorola.com/Privacy-Policy/raw/www.motorola.com/staticfiles/Consumers/_Link Groups/US-EN/B2C Site Common Navigation/photon-q-lte.png'

     0K .......... ..                                         100% 13.4M=0.001s

2012-12-12 05:36:45 (13.4 MB/s) - `code/../crawls/motorola.com/Privacy-Policy/raw/www.motorola.com/staticfiles/Consumers/_Link Groups/US-EN/B2C Site Common Navigation/photon-q-lte.png' saved [12930/12930]

--2012-12-12 05:36:45--  http://www.motorola.com/staticfiles/Consumers/_Link%20Groups/US-EN/B2C%20Site%20Common%20Navigation/atrix-hd.png
Reusing existing connection to www.motorola.com:80.
HTTP request sent, awaiting response... 200 OK
Length: 11132 (11K) [image/png]
Saving to: `code/../crawls/motorola.com/Privacy-Policy/raw/www.motorola.com/staticfiles/Consumers/_Link Groups/US-EN/B2C Site Common Navigation/atrix-hd.png'

     0K ..........                                            100% 13.4M=0.001s

2012-12-12 05:36:45 (13.4 MB/s) - `code/../crawls/motorola.com/Privacy-Policy/raw/www.motorola.com/staticfiles/Consumers/_Link Groups/US-EN/B2C Site Common Navigation/atrix-hd.png' saved [11132/11132]

--2012-12-12 05:36:45--  http://www.motorola.com/staticfiles/Consumers/_Link%20Groups/US-EN/B2C%20Site%20Common%20Navigation/electrify-m.png
Reusing existing connection to www.motorola.com:80.
HTTP request sent, awaiting response... 200 OK
Length: 12479 (12K) [image/png]
Saving to: `code/../crawls/motorola.com/Privacy-Policy/raw/www.motorola.com/staticfiles/Consumers/_Link Groups/US-EN/B2C Site Common Navigation/electrify-m.png'

     0K .......... ..                                         100% 14.9M=0.001s

2012-12-12 05:36:45 (14.9 MB/s) - `code/../crawls/motorola.com/Privacy-Policy/raw/www.motorola.com/staticfiles/Consumers/_Link Groups/US-EN/B2C Site Common Navigation/electrify-m.png' saved [12479/12479]

--2012-12-12 05:36:45--  http://www.motorola.com/staticfiles/Consumers/_Link%20Groups/US-EN/B2C%20Site%20Common%20Navigation/razr-maxx.png
Reusing existing connection to www.motorola.com:80.
HTTP request sent, awaiting response... 200 OK
Length: 9904 (9.7K) [image/png]
Saving to: `code/../crawls/motorola.com/Privacy-Policy/raw/www.motorola.com/staticfiles/Consumers/_Link Groups/US-EN/B2C Site Common Navigation/razr-maxx.png'

     0K .........                                             100% 15.5M=0.001s

2012-12-12 05:36:45 (15.5 MB/s) - `code/../crawls/motorola.com/Privacy-Policy/raw/www.motorola.com/staticfiles/Consumers/_Link Groups/US-EN/B2C Site Common Navigation/razr-maxx.png' saved [9904/9904]

--2012-12-12 05:36:45--  http://www.motorola.com/staticfiles/Consumers/_Link%20Groups/US-EN/B2C%20Site%20Common%20Navigation/tablet_1.png
Reusing existing connection to www.motorola.com:80.
HTTP request sent, awaiting response... 200 OK
Length: 13571 (13K) [image/png]
Saving to: `code/../crawls/motorola.com/Privacy-Policy/raw/www.motorola.com/staticfiles/Consumers/_Link Groups/US-EN/B2C Site Common Navigation/tablet_1.png'

     0K .......... ...                                        100% 14.0M=0.001s

2012-12-12 05:36:45 (14.0 MB/s) - `code/../crawls/motorola.com/Privacy-Policy/raw/www.motorola.com/staticfiles/Consumers/_Link Groups/US-EN/B2C Site Common Navigation/tablet_1.png' saved [13571/13571]

--2012-12-12 05:36:45--  http://www.motorola.com/staticfiles/Consumers/_Link%20Groups/US-EN/B2C%20Site%20Common%20Navigation/xyboard-101.png
Reusing existing connection to www.motorola.com:80.
HTTP request sent, awaiting response... 200 OK
Length: 16054 (16K) [image/png]
Saving to: `code/../crawls/motorola.com/Privacy-Policy/raw/www.motorola.com/staticfiles/Consumers/_Link Groups/US-EN/B2C Site Common Navigation/xyboard-101.png'

     0K .......... .....                                      100% 13.1M=0.001s

2012-12-12 05:36:45 (13.1 MB/s) - `code/../crawls/motorola.com/Privacy-Policy/raw/www.motorola.com/staticfiles/Consumers/_Link Groups/US-EN/B2C Site Common Navigation/xyboard-101.png' saved [16054/16054]

--2012-12-12 05:36:45--  http://www.motorola.com/staticfiles/Consumers/_Link%20Groups/US-EN/B2C%20Site%20Common%20Navigation/xyboard-82.png
Reusing existing connection to www.motorola.com:80.
HTTP request sent, awaiting response... 200 OK
Length: 16573 (16K) [image/png]
Saving to: `code/../crawls/motorola.com/Privacy-Policy/raw/www.motorola.com/staticfiles/Consumers/_Link Groups/US-EN/B2C Site Common Navigation/xyboard-82.png'

     0K .......... ......                                     100% 13.5M=0.001s

2012-12-12 05:36:45 (13.5 MB/s) - `code/../crawls/motorola.com/Privacy-Policy/raw/www.motorola.com/staticfiles/Consumers/_Link Groups/US-EN/B2C Site Common Navigation/xyboard-82.png' saved [16573/16573]

--2012-12-12 05:36:45--  http://www.motorola.com/staticfiles/Consumers/_Link%20Groups/US-EN/B2C%20Site%20Common%20Navigation/xoom-family-edition.png
Reusing existing connection to www.motorola.com:80.
HTTP request sent, awaiting response... 200 OK
Length: 17167 (17K) [image/png]
Saving to: `code/../crawls/motorola.com/Privacy-Policy/raw/www.motorola.com/staticfiles/Consumers/_Link Groups/US-EN/B2C Site Common Navigation/xoom-family-edition.png'

     0K .......... ......                                     100% 10.9M=0.002s

2012-12-12 05:36:45 (10.9 MB/s) - `code/../crawls/motorola.com/Privacy-Policy/raw/www.motorola.com/staticfiles/Consumers/_Link Groups/US-EN/B2C Site Common Navigation/xoom-family-edition.png' saved [17167/17167]

--2012-12-12 05:36:45--  http://www.motorola.com/staticfiles/Consumers/_Link%20Groups/US-EN/B2C%20Site%20Common%20Navigation/xoom-wifi.png
Reusing existing connection to www.motorola.com:80.
HTTP request sent, awaiting response... 200 OK
Length: 14495 (14K) [image/png]
Saving to: `code/../crawls/motorola.com/Privacy-Policy/raw/www.motorola.com/staticfiles/Consumers/_Link Groups/US-EN/B2C Site Common Navigation/xoom-wifi.png'

     0K .......... ....                                       100% 13.2M=0.001s

2012-12-12 05:36:45 (13.2 MB/s) - `code/../crawls/motorola.com/Privacy-Policy/raw/www.motorola.com/staticfiles/Consumers/_Link Groups/US-EN/B2C Site Common Navigation/xoom-wifi.png' saved [14495/14495]

--2012-12-12 05:36:45--  http://www.motorola.com/staticfiles/Consumers/_Link%20Groups/US-EN/B2C%20Site%20Common%20Navigation/accessories_7.png
Reusing existing connection to www.motorola.com:80.
HTTP request sent, awaiting response... 200 OK
Length: 15312 (15K) [image/png]
Saving to: `code/../crawls/motorola.com/Privacy-Policy/raw/www.motorola.com/staticfiles/Consumers/_Link Groups/US-EN/B2C Site Common Navigation/accessories_7.png'

     0K .......... ....                                       100% 13.9M=0.001s

2012-12-12 05:36:45 (13.9 MB/s) - `code/../crawls/motorola.com/Privacy-Policy/raw/www.motorola.com/staticfiles/Consumers/_Link Groups/US-EN/B2C Site Common Navigation/accessories_7.png' saved [15312/15312]

--2012-12-12 05:36:45--  http://www.motorola.com/staticfiles/Consumers/_Link%20Groups/US-EN/B2C%20Site%20Common%20Navigation/cart.png
Reusing existing connection to www.motorola.com:80.
HTTP request sent, awaiting response... 200 OK
Length: 10021 (9.8K) [image/png]
Saving to: `code/../crawls/motorola.com/Privacy-Policy/raw/www.motorola.com/staticfiles/Consumers/_Link Groups/US-EN/B2C Site Common Navigation/cart.png'

     0K .........                                             100% 14.1M=0.001s

2012-12-12 05:36:45 (14.1 MB/s) - `code/../crawls/motorola.com/Privacy-Policy/raw/www.motorola.com/staticfiles/Consumers/_Link Groups/US-EN/B2C Site Common Navigation/cart.png' saved [10021/10021]

--2012-12-12 05:36:45--  http://www.motorola.com/staticfiles/Consumers/_Link%20Groups/US-EN/B2C%20Site%20Common%20Navigation/all_modems-gateways.png
Reusing existing connection to www.motorola.com:80.
HTTP request sent, awaiting response... 200 OK
Length: 9728 (9.5K) [image/png]
Saving to: `code/../crawls/motorola.com/Privacy-Policy/raw/www.motorola.com/staticfiles/Consumers/_Link Groups/US-EN/B2C Site Common Navigation/all_modems-gateways.png'

     0K .........                                             100% 16.0M=0.001s

2012-12-12 05:36:45 (16.0 MB/s) - `code/../crawls/motorola.com/Privacy-Policy/raw/www.motorola.com/staticfiles/Consumers/_Link Groups/US-EN/B2C Site Common Navigation/all_modems-gateways.png' saved [9728/9728]

--2012-12-12 05:36:45--  http://www.motorola.com/staticfiles/Consumers/_Link%20Groups/US-EN/B2C%20Site%20Common%20Navigation/all_corded-cordless.png
Reusing existing connection to www.motorola.com:80.
HTTP request sent, awaiting response... 200 OK
Length: 9472 (9.2K) [image/png]
Saving to: `code/../crawls/motorola.com/Privacy-Policy/raw/www.motorola.com/staticfiles/Consumers/_Link Groups/US-EN/B2C Site Common Navigation/all_corded-cordless.png'

     0K .........                                             100% 16.4M=0.001s

2012-12-12 05:36:45 (16.4 MB/s) - `code/../crawls/motorola.com/Privacy-Policy/raw/www.motorola.com/staticfiles/Consumers/_Link Groups/US-EN/B2C Site Common Navigation/all_corded-cordless.png' saved [9472/9472]

--2012-12-12 05:36:45--  http://www.motorola.com/staticfiles/Consumers/_Link%20Groups/US-EN/B2C%20Site%20Common%20Navigation/all_digital-video.png
Reusing existing connection to www.motorola.com:80.
HTTP request sent, awaiting response... 200 OK
Length: 6513 (6.4K) [image/png]
Saving to: `code/../crawls/motorola.com/Privacy-Policy/raw/www.motorola.com/staticfiles/Consumers/_Link Groups/US-EN/B2C Site Common Navigation/all_digital-video.png'

     0K ......                                                100% 20.1M=0s

2012-12-12 05:36:45 (20.1 MB/s) - `code/../crawls/motorola.com/Privacy-Policy/raw/www.motorola.com/staticfiles/Consumers/_Link Groups/US-EN/B2C Site Common Navigation/all_digital-video.png' saved [6513/6513]

--2012-12-12 05:36:45--  http://www.motorola.com/staticfiles/Consumers/_Link%20Groups/US-EN/B2C%20Site%20Common%20Navigation/all_baby-monitors.png
Reusing existing connection to www.motorola.com:80.
HTTP request sent, awaiting response... 200 OK
Length: 15051 (15K) [image/png]
Saving to: `code/../crawls/motorola.com/Privacy-Policy/raw/www.motorola.com/staticfiles/Consumers/_Link Groups/US-EN/B2C Site Common Navigation/all_baby-monitors.png'

     0K .......... ....                                       100% 13.8M=0.001s

2012-12-12 05:36:45 (13.8 MB/s) - `code/../crawls/motorola.com/Privacy-Policy/raw/www.motorola.com/staticfiles/Consumers/_Link Groups/US-EN/B2C Site Common Navigation/all_baby-monitors.png' saved [15051/15051]

--2012-12-12 05:36:45--  http://www.motorola.com/staticfiles/Consumers/_Link%20Groups/US-EN/B2C%20Site%20Common%20Navigation/2for-software1.png
Reusing existing connection to www.motorola.com:80.
HTTP request sent, awaiting response... 200 OK
Length: 10407 (10K) [image/png]
Saving to: `code/../crawls/motorola.com/Privacy-Policy/raw/www.motorola.com/staticfiles/Consumers/_Link Groups/US-EN/B2C Site Common Navigation/2for-software1.png'

     0K ..........                                            100% 14.8M=0.001s

2012-12-12 05:36:45 (14.8 MB/s) - `code/../crawls/motorola.com/Privacy-Policy/raw/www.motorola.com/staticfiles/Consumers/_Link Groups/US-EN/B2C Site Common Navigation/2for-software1.png' saved [10407/10407]

--2012-12-12 05:36:45--  http://www.motorola.com/staticfiles/Consumers/_Link%20Groups/US-EN/B2C%20Site%20Common%20Navigation/all_fitness.png
Reusing existing connection to www.motorola.com:80.
HTTP request sent, awaiting response... 200 OK
Length: 15310 (15K) [image/png]
Saving to: `code/../crawls/motorola.com/Privacy-Policy/raw/www.motorola.com/staticfiles/Consumers/_Link Groups/US-EN/B2C Site Common Navigation/all_fitness.png'

     0K .......... ....                                       100% 6.40M=0.002s

2012-12-12 05:36:45 (6.40 MB/s) - `code/../crawls/motorola.com/Privacy-Policy/raw/www.motorola.com/staticfiles/Consumers/_Link Groups/US-EN/B2C Site Common Navigation/all_fitness.png' saved [15310/15310]

--2012-12-12 05:36:45--  http://www.motorola.com/staticfiles/Consumers/_Link%20Groups/US-EN/B2C%20Site%20Common%20Navigation/1for-phones.png
Reusing existing connection to www.motorola.com:80.
HTTP request sent, awaiting response... 200 OK
Length: 10027 (9.8K) [image/png]
Saving to: `code/../crawls/motorola.com/Privacy-Policy/raw/www.motorola.com/staticfiles/Consumers/_Link Groups/US-EN/B2C Site Common Navigation/1for-phones.png'

     0K .........                                             100% 14.3M=0.001s

2012-12-12 05:36:45 (14.3 MB/s) - `code/../crawls/motorola.com/Privacy-Policy/raw/www.motorola.com/staticfiles/Consumers/_Link Groups/US-EN/B2C Site Common Navigation/1for-phones.png' saved [10027/10027]

--2012-12-12 05:36:45--  http://www.motorola.com/staticfiles/Consumers/_Link%20Groups/US-EN/B2C%20Site%20Common%20Navigation/3support-forums.png
Reusing existing connection to www.motorola.com:80.
HTTP request sent, awaiting response... 200 OK
Length: 8033 (7.8K) [image/png]
Saving to: `code/../crawls/motorola.com/Privacy-Policy/raw/www.motorola.com/staticfiles/Consumers/_Link Groups/US-EN/B2C Site Common Navigation/3support-forums.png'

     0K .......                                               100% 17.7M=0s

2012-12-12 05:36:45 (17.7 MB/s) - `code/../crawls/motorola.com/Privacy-Policy/raw/www.motorola.com/staticfiles/Consumers/_Link Groups/US-EN/B2C Site Common Navigation/3support-forums.png' saved [8033/8033]

--2012-12-12 05:36:45--  http://www.motorola.com/staticfiles/Consumers/_Link%20Groups/US-EN/B2C%20Site%20Common%20Navigation/4dev-software.png
Reusing existing connection to www.motorola.com:80.
HTTP request sent, awaiting response... 200 OK
Length: 10801 (11K) [image/png]
Saving to: `code/../crawls/motorola.com/Privacy-Policy/raw/www.motorola.com/staticfiles/Consumers/_Link Groups/US-EN/B2C Site Common Navigation/4dev-software.png'

     0K ..........                                            100% 15.5M=0.001s

2012-12-12 05:36:45 (15.5 MB/s) - `code/../crawls/motorola.com/Privacy-Policy/raw/www.motorola.com/staticfiles/Consumers/_Link Groups/US-EN/B2C Site Common Navigation/4dev-software.png' saved [10801/10801]

--2012-12-12 05:36:45--  http://www.motorola.com/staticfiles/Consumers/_Link%20Groups/US-EN/B2C%20Site%20Common%20Navigation/5-drivers.png
Reusing existing connection to www.motorola.com:80.
HTTP request sent, awaiting response... 200 OK
Length: 11020 (11K) [image/png]
Saving to: `code/../crawls/motorola.com/Privacy-Policy/raw/www.motorola.com/staticfiles/Consumers/_Link Groups/US-EN/B2C Site Common Navigation/5-drivers.png'

     0K ..........                                            100% 15.7M=0.001s

2012-12-12 05:36:45 (15.7 MB/s) - `code/../crawls/motorola.com/Privacy-Policy/raw/www.motorola.com/staticfiles/Consumers/_Link Groups/US-EN/B2C Site Common Navigation/5-drivers.png' saved [11020/11020]

--2012-12-12 05:36:45--  http://www.motorola.com/staticfiles/Consumers/_Link%20Groups/US-EN/B2C%20Site%20Common%20Navigation/6-contact-us.png
Reusing existing connection to www.motorola.com:80.
HTTP request sent, awaiting response... 200 OK
Length: 11849 (12K) [image/png]
Saving to: `code/../crawls/motorola.com/Privacy-Policy/raw/www.motorola.com/staticfiles/Consumers/_Link Groups/US-EN/B2C Site Common Navigation/6-contact-us.png'

     0K .......... .                                          100% 14.9M=0.001s

2012-12-12 05:36:45 (14.9 MB/s) - `code/../crawls/motorola.com/Privacy-Policy/raw/www.motorola.com/staticfiles/Consumers/_Link Groups/US-EN/B2C Site Common Navigation/6-contact-us.png' saved [11849/11849]

--2012-12-12 05:36:45--  http://www.motorola.com/staticfiles/Consumers/_Link%20Groups/US-EN/B2C%20Site%20Common%20Navigation/7-service-repair.png
Reusing existing connection to www.motorola.com:80.
HTTP request sent, awaiting response... 200 OK
Length: 10381 (10K) [image/png]
Saving to: `code/../crawls/motorola.com/Privacy-Policy/raw/www.motorola.com/staticfiles/Consumers/_Link Groups/US-EN/B2C Site Common Navigation/7-service-repair.png'

     0K ..........                                            100% 14.8M=0.001s

2012-12-12 05:36:45 (14.8 MB/s) - `code/../crawls/motorola.com/Privacy-Policy/raw/www.motorola.com/staticfiles/Consumers/_Link Groups/US-EN/B2C Site Common Navigation/7-service-repair.png' saved [10381/10381]

--2012-12-12 05:36:45--  http://www.motorola.com/staticfiles/Consumers/Corporate/US-EN/_Images/Image_About_HEADER_About.gif
Reusing existing connection to www.motorola.com:80.
HTTP request sent, awaiting response... 200 OK
Length: 4258 (4.2K) [image/gif]
Saving to: `code/../crawls/motorola.com/Privacy-Policy/raw/www.motorola.com/staticfiles/Consumers/Corporate/US-EN/_Images/Image_About_HEADER_About.gif'

     0K ....                                                  100% 51.9M=0s

2012-12-12 05:36:45 (51.9 MB/s) - `code/../crawls/motorola.com/Privacy-Policy/raw/www.motorola.com/staticfiles/Consumers/Corporate/US-EN/_Images/Image_About_HEADER_About.gif' saved [4258/4258]

--2012-12-12 05:36:45--  http://www.motorola.com/staticfiles/Admin%20Content/Resources/Consumers/js/oo_engine.js
Reusing existing connection to www.motorola.com:80.
HTTP request sent, awaiting response... 200 OK
Length: 1814 (1.8K) [application/x-javascript]
Saving to: `code/../crawls/motorola.com/Privacy-Policy/raw/www.motorola.com/staticfiles/Admin Content/Resources/Consumers/js/oo_engine.js'

     0K .                                                     100%  270M=0s

2012-12-12 05:36:45 (270 MB/s) - `code/../crawls/motorola.com/Privacy-Policy/raw/www.motorola.com/staticfiles/Admin Content/Resources/Consumers/js/oo_engine.js' saved [1814/1814]

--2012-12-12 05:36:45--  http://www.motorola.com/staticfiles/Consumers/_Link%20Groups/US-EN/B2C%20Site%20Common%20Navigation/google-plus.png
Reusing existing connection to www.motorola.com:80.
HTTP request sent, awaiting response... 200 OK
Length: 1788 (1.7K) [image/png]
Saving to: `code/../crawls/motorola.com/Privacy-Policy/raw/www.motorola.com/staticfiles/Consumers/_Link Groups/US-EN/B2C Site Common Navigation/google-plus.png'

     0K .                                                     100%  244M=0s

2012-12-12 05:36:45 (244 MB/s) - `code/../crawls/motorola.com/Privacy-Policy/raw/www.motorola.com/staticfiles/Consumers/_Link Groups/US-EN/B2C Site Common Navigation/google-plus.png' saved [1788/1788]

--2012-12-12 05:36:45--  http://www.motorola.com/staticfiles/Consumers/_Link%20Groups/US-EN/B2C%20Site%20Common%20Navigation/facebook.png
Reusing existing connection to www.motorola.com:80.
HTTP request sent, awaiting response... 200 OK
Length: 2151 (2.1K) [image/png]
Saving to: `code/../crawls/motorola.com/Privacy-Policy/raw/www.motorola.com/staticfiles/Consumers/_Link Groups/US-EN/B2C Site Common Navigation/facebook.png'

     0K ..                                                    100%  301M=0s

2012-12-12 05:36:45 (301 MB/s) - `code/../crawls/motorola.com/Privacy-Policy/raw/www.motorola.com/staticfiles/Consumers/_Link Groups/US-EN/B2C Site Common Navigation/facebook.png' saved [2151/2151]

--2012-12-12 05:36:45--  http://www.motorola.com/staticfiles/Consumers/_Link%20Groups/US-EN/B2C%20Site%20Common%20Navigation/twitter.png
Reusing existing connection to www.motorola.com:80.
HTTP request sent, awaiting response... 200 OK
Length: 1700 (1.7K) [image/png]
Saving to: `code/../crawls/motorola.com/Privacy-Policy/raw/www.motorola.com/staticfiles/Consumers/_Link Groups/US-EN/B2C Site Common Navigation/twitter.png'

     0K .                                                     100%  240M=0s

2012-12-12 05:36:45 (240 MB/s) - `code/../crawls/motorola.com/Privacy-Policy/raw/www.motorola.com/staticfiles/Consumers/_Link Groups/US-EN/B2C Site Common Navigation/twitter.png' saved [1700/1700]

--2012-12-12 05:36:45--  http://www.motorola.com/staticfiles/Consumers/_Link%20Groups/US-EN/B2C%20Site%20Common%20Navigation/youtube.png
Reusing existing connection to www.motorola.com:80.
HTTP request sent, awaiting response... 200 OK
Length: 2308 (2.3K) [image/png]
Saving to: `code/../crawls/motorola.com/Privacy-Policy/raw/www.motorola.com/staticfiles/Consumers/_Link Groups/US-EN/B2C Site Common Navigation/youtube.png'

     0K ..                                                    100% 40.3M=0s

2012-12-12 05:36:45 (40.3 MB/s) - `code/../crawls/motorola.com/Privacy-Policy/raw/www.motorola.com/staticfiles/Consumers/_Link Groups/US-EN/B2C Site Common Navigation/youtube.png' saved [2308/2308]

--2012-12-12 05:36:45--  http://www.motorola.com/staticfiles/Consumers/_Link%20Groups/US-EN/B2C%20Site%20Common%20Navigation/blog.png
Reusing existing connection to www.motorola.com:80.
HTTP request sent, awaiting response... 200 OK
Length: 2521 (2.5K) [image/png]
Saving to: `code/../crawls/motorola.com/Privacy-Policy/raw/www.motorola.com/staticfiles/Consumers/_Link Groups/US-EN/B2C Site Common Navigation/blog.png'

     0K ..                                                    100% 40.6M=0s

2012-12-12 05:36:45 (40.6 MB/s) - `code/../crawls/motorola.com/Privacy-Policy/raw/www.motorola.com/staticfiles/Consumers/_Link Groups/US-EN/B2C Site Common Navigation/blog.png' saved [2521/2521]

--2012-12-12 05:36:45--  http://www.motorola.com/staticfiles/Admin%20Content/Global%20Elements/US-EN/B2C%20Global%20Elements/Images/flag-us-.jpg
Reusing existing connection to www.motorola.com:80.
HTTP request sent, awaiting response... 200 OK
Length: 683 [image/jpeg]
Saving to: `code/../crawls/motorola.com/Privacy-Policy/raw/www.motorola.com/staticfiles/Admin Content/Global Elements/US-EN/B2C Global Elements/Images/flag-us-.jpg'

     0K                                                       100%  126M=0s

2012-12-12 05:36:45 (126 MB/s) - `code/../crawls/motorola.com/Privacy-Policy/raw/www.motorola.com/staticfiles/Admin Content/Global Elements/US-EN/B2C Global Elements/Images/flag-us-.jpg' saved [683/683]

--2012-12-12 05:36:45--  http://www.motorola.com/staticfiles/Admin%20Content/Global%20Elements/US-EN/ecommerce/Web_R-2-3/_staticfiles/Life-Empowered_WTitle.jpg
Reusing existing connection to www.motorola.com:80.
HTTP request sent, awaiting response... 200 OK
Length: 1830 (1.8K) [image/jpeg]
Saving to: `code/../crawls/motorola.com/Privacy-Policy/raw/www.motorola.com/staticfiles/Admin Content/Global Elements/US-EN/ecommerce/Web_R-2-3/_staticfiles/Life-Empowered_WTitle.jpg'

     0K .                                                     100%  252M=0s

2012-12-12 05:36:45 (252 MB/s) - `code/../crawls/motorola.com/Privacy-Policy/raw/www.motorola.com/staticfiles/Admin Content/Global Elements/US-EN/ecommerce/Web_R-2-3/_staticfiles/Life-Empowered_WTitle.jpg' saved [1830/1830]

--2012-12-12 05:36:45--  http://s7.addthis.com/js/250/addthis_widget.js
Resolving s7.addthis.com... 23.56.124.20
Connecting to s7.addthis.com|23.56.124.20|:80... connected.
HTTP request sent, awaiting response... 200 OK
Length: 6721 (6.6K) [application/javascript]
Saving to: `code/../crawls/motorola.com/Privacy-Policy/raw/s7.addthis.com/js/250/addthis_widget.js'

     0K ......                                                100% 1.56M=0.004s

2012-12-12 05:36:45 (1.56 MB/s) - `code/../crawls/motorola.com/Privacy-Policy/raw/s7.addthis.com/js/250/addthis_widget.js' saved [6721/6721]

--2012-12-12 05:36:45--  http://www.motorola.com/staticfiles/Admin%20Content/Resources/Consumers/img/shared/bg_body.jpg
Connecting to www.motorola.com|23.56.119.224|:80... connected.
HTTP request sent, awaiting response... 200 OK
Length: 672 [image/jpeg]
Saving to: `code/../crawls/motorola.com/Privacy-Policy/raw/www.motorola.com/staticfiles/Admin Content/Resources/Consumers/img/shared/bg_body.jpg'

     0K                                                       100%  108M=0s

2012-12-12 05:36:45 (108 MB/s) - `code/../crawls/motorola.com/Privacy-Policy/raw/www.motorola.com/staticfiles/Admin Content/Resources/Consumers/img/shared/bg_body.jpg' saved [672/672]

--2012-12-12 05:36:45--  http://www.motorola.com/staticfiles/Admin%20Content/Resources/Consumers/img/kernel/bg_productNav.gif
Reusing existing connection to www.motorola.com:80.
HTTP request sent, awaiting response... 200 OK
Length: 294 [image/gif]
Saving to: `code/../crawls/motorola.com/Privacy-Policy/raw/www.motorola.com/staticfiles/Admin Content/Resources/Consumers/img/kernel/bg_productNav.gif'

     0K                                                       100% 49.4M=0s

2012-12-12 05:36:45 (49.4 MB/s) - `code/../crawls/motorola.com/Privacy-Policy/raw/www.motorola.com/staticfiles/Admin Content/Resources/Consumers/img/kernel/bg_productNav.gif' saved [294/294]

--2012-12-12 05:36:45--  http://www.motorola.com/staticfiles/Admin%20Content/Resources/Consumers/img/shared/header/section_nav_arrow.gif
Reusing existing connection to www.motorola.com:80.
HTTP request sent, awaiting response... 200 OK
Length: 75 [image/gif]
Saving to: `code/../crawls/motorola.com/Privacy-Policy/raw/www.motorola.com/staticfiles/Admin Content/Resources/Consumers/img/shared/header/section_nav_arrow.gif'

     0K                                                       100% 13.6M=0s

2012-12-12 05:36:45 (13.6 MB/s) - `code/../crawls/motorola.com/Privacy-Policy/raw/www.motorola.com/staticfiles/Admin Content/Resources/Consumers/img/shared/header/section_nav_arrow.gif' saved [75/75]

--2012-12-12 05:36:45--  http://www.motorola.com/staticfiles/Admin%20Content/Resources/Consumers/img/shared/header/section_nav_cap.gif
Reusing existing connection to www.motorola.com:80.
HTTP request sent, awaiting response... 200 OK
Length: 717 [image/gif]
Saving to: `code/../crawls/motorola.com/Privacy-Policy/raw/www.motorola.com/staticfiles/Admin Content/Resources/Consumers/img/shared/header/section_nav_cap.gif'

     0K                                                       100%  126M=0s

2012-12-12 05:36:45 (126 MB/s) - `code/../crawls/motorola.com/Privacy-Policy/raw/www.motorola.com/staticfiles/Admin Content/Resources/Consumers/img/shared/header/section_nav_cap.gif' saved [717/717]

--2012-12-12 05:36:45--  http://www.motorola.com/staticfiles/Admin%20Content/Resources/Consumers/img/shared/header/section_nav_down_arrow.gif
Reusing existing connection to www.motorola.com:80.
HTTP request sent, awaiting response... 200 OK
Length: 411 [image/gif]
Saving to: `code/../crawls/motorola.com/Privacy-Policy/raw/www.motorola.com/staticfiles/Admin Content/Resources/Consumers/img/shared/header/section_nav_down_arrow.gif'

     0K                                                       100% 74.3M=0s

2012-12-12 05:36:45 (74.3 MB/s) - `code/../crawls/motorola.com/Privacy-Policy/raw/www.motorola.com/staticfiles/Admin Content/Resources/Consumers/img/shared/header/section_nav_down_arrow.gif' saved [411/411]

--2012-12-12 05:36:45--  http://www.motorola.com/staticfiles/Admin%20Content/Resources/Consumers/img/franchise/franch_bg_top_gradient.jpg
Reusing existing connection to www.motorola.com:80.
HTTP request sent, awaiting response... 200 OK
Length: 688 [image/jpeg]
Saving to: `code/../crawls/motorola.com/Privacy-Policy/raw/www.motorola.com/staticfiles/Admin Content/Resources/Consumers/img/franchise/franch_bg_top_gradient.jpg'

     0K                                                       100%  116M=0s

2012-12-12 05:36:45 (116 MB/s) - `code/../crawls/motorola.com/Privacy-Policy/raw/www.motorola.com/staticfiles/Admin Content/Resources/Consumers/img/franchise/franch_bg_top_gradient.jpg' saved [688/688]

--2012-12-12 05:36:45--  http://www.motorola.com/staticfiles/Admin%20Content/Resources/Consumers/img/franchise/franchise_top_gradient.jpg
Reusing existing connection to www.motorola.com:80.
HTTP request sent, awaiting response... 200 OK
Length: 325 [image/jpeg]
Saving to: `code/../crawls/motorola.com/Privacy-Policy/raw/www.motorola.com/staticfiles/Admin Content/Resources/Consumers/img/franchise/franchise_top_gradient.jpg'

     0K                                                       100% 57.1M=0s

2012-12-12 05:36:45 (57.1 MB/s) - `code/../crawls/motorola.com/Privacy-Policy/raw/www.motorola.com/staticfiles/Admin Content/Resources/Consumers/img/franchise/franchise_top_gradient.jpg' saved [325/325]

--2012-12-12 05:36:45--  http://www.motorola.com/staticfiles/Admin%20Content/Resources/Consumers/img/franchise/promo_phones_bottom_gradient.jpg
Reusing existing connection to www.motorola.com:80.
HTTP request sent, awaiting response... 200 OK
Length: 335 [image/jpeg]
Saving to: `code/../crawls/motorola.com/Privacy-Policy/raw/www.motorola.com/staticfiles/Admin Content/Resources/Consumers/img/franchise/promo_phones_bottom_gradient.jpg'

     0K                                                       100% 59.2M=0s

2012-12-12 05:36:45 (59.2 MB/s) - `code/../crawls/motorola.com/Privacy-Policy/raw/www.motorola.com/staticfiles/Admin Content/Resources/Consumers/img/franchise/promo_phones_bottom_gradient.jpg' saved [335/335]

--2012-12-12 05:36:45--  http://www.motorola.com/staticfiles/Admin%20Content/Resources/Consumers/img/promos/bullet_arrow.gif
Reusing existing connection to www.motorola.com:80.
HTTP request sent, awaiting response... 200 OK
Length: 49 [image/gif]
Saving to: `code/../crawls/motorola.com/Privacy-Policy/raw/www.motorola.com/staticfiles/Admin Content/Resources/Consumers/img/promos/bullet_arrow.gif'

     0K                                                       100% 8.69M=0s

2012-12-12 05:36:45 (8.69 MB/s) - `code/../crawls/motorola.com/Privacy-Policy/raw/www.motorola.com/staticfiles/Admin Content/Resources/Consumers/img/promos/bullet_arrow.gif' saved [49/49]

--2012-12-12 05:36:45--  http://www.motorola.com/staticfiles/Admin%20Content/Resources/Consumers/img/promos/bullet_arrow_over.gif
Reusing existing connection to www.motorola.com:80.
HTTP request sent, awaiting response... 200 OK
Length: 49 [image/gif]
Saving to: `code/../crawls/motorola.com/Privacy-Policy/raw/www.motorola.com/staticfiles/Admin Content/Resources/Consumers/img/promos/bullet_arrow_over.gif'

     0K                                                       100% 9.24M=0s

2012-12-12 05:36:45 (9.24 MB/s) - `code/../crawls/motorola.com/Privacy-Policy/raw/www.motorola.com/staticfiles/Admin Content/Resources/Consumers/img/promos/bullet_arrow_over.gif' saved [49/49]

--2012-12-12 05:36:45--  http://www.motorola.com/staticfiles/Admin%20Content/Resources/Consumers/img/accessories/btn_slider-up.gif
Reusing existing connection to www.motorola.com:80.
HTTP request sent, awaiting response... 200 OK
Length: 558 [image/gif]
Saving to: `code/../crawls/motorola.com/Privacy-Policy/raw/www.motorola.com/staticfiles/Admin Content/Resources/Consumers/img/accessories/btn_slider-up.gif'

     0K                                                       100% 87.8M=0s

2012-12-12 05:36:45 (87.8 MB/s) - `code/../crawls/motorola.com/Privacy-Policy/raw/www.motorola.com/staticfiles/Admin Content/Resources/Consumers/img/accessories/btn_slider-up.gif' saved [558/558]

--2012-12-12 05:36:45--  http://www.motorola.com/staticfiles/Admin%20Content/Resources/Consumers/img/accessories/btn_slider-up_over.gif
Reusing existing connection to www.motorola.com:80.
HTTP request sent, awaiting response... 200 OK
Length: 139 [image/gif]
Saving to: `code/../crawls/motorola.com/Privacy-Policy/raw/www.motorola.com/staticfiles/Admin Content/Resources/Consumers/img/accessories/btn_slider-up_over.gif'

     0K                                                       100% 25.4M=0s

2012-12-12 05:36:45 (25.4 MB/s) - `code/../crawls/motorola.com/Privacy-Policy/raw/www.motorola.com/staticfiles/Admin Content/Resources/Consumers/img/accessories/btn_slider-up_over.gif' saved [139/139]

--2012-12-12 05:36:45--  http://www.motorola.com/staticfiles/Admin%20Content/Resources/Consumers/img/accessories/btn_slider-down.gif
Reusing existing connection to www.motorola.com:80.
HTTP request sent, awaiting response... 200 OK
Length: 558 [image/gif]
Saving to: `code/../crawls/motorola.com/Privacy-Policy/raw/www.motorola.com/staticfiles/Admin Content/Resources/Consumers/img/accessories/btn_slider-down.gif'

     0K                                                       100% 92.5M=0s

2012-12-12 05:36:45 (92.5 MB/s) - `code/../crawls/motorola.com/Privacy-Policy/raw/www.motorola.com/staticfiles/Admin Content/Resources/Consumers/img/accessories/btn_slider-down.gif' saved [558/558]

--2012-12-12 05:36:45--  http://www.motorola.com/staticfiles/Admin%20Content/Resources/Consumers/img/accessories/btn_slider-down_over.gif
Reusing existing connection to www.motorola.com:80.
HTTP request sent, awaiting response... 200 OK
Length: 140 [image/gif]
Saving to: `code/../crawls/motorola.com/Privacy-Policy/raw/www.motorola.com/staticfiles/Admin Content/Resources/Consumers/img/accessories/btn_slider-down_over.gif'

     0K                                                       100% 24.0M=0s

2012-12-12 05:36:45 (24.0 MB/s) - `code/../crawls/motorola.com/Privacy-Policy/raw/www.motorola.com/staticfiles/Admin Content/Resources/Consumers/img/accessories/btn_slider-down_over.gif' saved [140/140]

--2012-12-12 05:36:45--  http://www.motorola.com/staticfiles/Admin%20Content/Resources/Consumers/img/accessories/bg_scrubber.jpg
Reusing existing connection to www.motorola.com:80.
HTTP request sent, awaiting response... 200 OK
Length: 704 [image/jpeg]
Saving to: `code/../crawls/motorola.com/Privacy-Policy/raw/www.motorola.com/staticfiles/Admin Content/Resources/Consumers/img/accessories/bg_scrubber.jpg'

     0K                                                       100%  124M=0s

2012-12-12 05:36:45 (124 MB/s) - `code/../crawls/motorola.com/Privacy-Policy/raw/www.motorola.com/staticfiles/Admin Content/Resources/Consumers/img/accessories/bg_scrubber.jpg' saved [704/704]

--2012-12-12 05:36:45--  http://www.motorola.com/staticfiles/Admin%20Content/Resources/Consumers/img/register/bg_top.gif
Reusing existing connection to www.motorola.com:80.
HTTP request sent, awaiting response... 200 OK
Length: 306 [image/gif]
Saving to: `code/../crawls/motorola.com/Privacy-Policy/raw/www.motorola.com/staticfiles/Admin Content/Resources/Consumers/img/register/bg_top.gif'

     0K                                                       100% 55.2M=0s

2012-12-12 05:36:45 (55.2 MB/s) - `code/../crawls/motorola.com/Privacy-Policy/raw/www.motorola.com/staticfiles/Admin Content/Resources/Consumers/img/register/bg_top.gif' saved [306/306]

--2012-12-12 05:36:45--  http://www.motorola.com/staticfiles/Admin%20Content/Resources/Consumers/img/register/bg_body.gif
Reusing existing connection to www.motorola.com:80.
HTTP request sent, awaiting response... 200 OK
Length: 103 [image/gif]
Saving to: `code/../crawls/motorola.com/Privacy-Policy/raw/www.motorola.com/staticfiles/Admin Content/Resources/Consumers/img/register/bg_body.gif'

     0K                                                       100% 19.0M=0s

2012-12-12 05:36:45 (19.0 MB/s) - `code/../crawls/motorola.com/Privacy-Policy/raw/www.motorola.com/staticfiles/Admin Content/Resources/Consumers/img/register/bg_body.gif' saved [103/103]

--2012-12-12 05:36:45--  http://www.motorola.com/staticfiles/Admin%20Content/Resources/Consumers/img/register/bg_bottom.gif
Reusing existing connection to www.motorola.com:80.
HTTP request sent, awaiting response... 200 OK
Length: 301 [image/gif]
Saving to: `code/../crawls/motorola.com/Privacy-Policy/raw/www.motorola.com/staticfiles/Admin Content/Resources/Consumers/img/register/bg_bottom.gif'

     0K                                                       100% 54.3M=0s

2012-12-12 05:36:45 (54.3 MB/s) - `code/../crawls/motorola.com/Privacy-Policy/raw/www.motorola.com/staticfiles/Admin Content/Resources/Consumers/img/register/bg_bottom.gif' saved [301/301]

--2012-12-12 05:36:45--  http://www.motorola.com/staticfiles/Admin%20Content/Resources/Consumers/img/register/bg_link.gif
Reusing existing connection to www.motorola.com:80.
HTTP request sent, awaiting response... 200 OK
Length: 350 [image/gif]
Saving to: `code/../crawls/motorola.com/Privacy-Policy/raw/www.motorola.com/staticfiles/Admin Content/Resources/Consumers/img/register/bg_link.gif'

     0K                                                       100% 62.9M=0s

2012-12-12 05:36:45 (62.9 MB/s) - `code/../crawls/motorola.com/Privacy-Policy/raw/www.motorola.com/staticfiles/Admin Content/Resources/Consumers/img/register/bg_link.gif' saved [350/350]

--2012-12-12 05:36:45--  http://www.motorola.com/staticfiles/Admin%20Content/Resources/Consumers/img/prod_compatibility/buy_online_bg.png
Reusing existing connection to www.motorola.com:80.
HTTP request sent, awaiting response... 200 OK
Length: 416 [image/png]
Saving to: `code/../crawls/motorola.com/Privacy-Policy/raw/www.motorola.com/staticfiles/Admin Content/Resources/Consumers/img/prod_compatibility/buy_online_bg.png'

     0K                                                       100% 71.1M=0s

2012-12-12 05:36:45 (71.1 MB/s) - `code/../crawls/motorola.com/Privacy-Policy/raw/www.motorola.com/staticfiles/Admin Content/Resources/Consumers/img/prod_compatibility/buy_online_bg.png' saved [416/416]

--2012-12-12 05:36:45--  http://www.motorola.com/staticfiles/Admin%20Content/Resources/Consumers/img/prod_compatibility/buy_online_over.png
Reusing existing connection to www.motorola.com:80.
HTTP request sent, awaiting response... 200 OK
Length: 471 [image/png]
Saving to: `code/../crawls/motorola.com/Privacy-Policy/raw/www.motorola.com/staticfiles/Admin Content/Resources/Consumers/img/prod_compatibility/buy_online_over.png'

     0K                                                       100% 85.6M=0s

2012-12-12 05:36:45 (85.6 MB/s) - `code/../crawls/motorola.com/Privacy-Policy/raw/www.motorola.com/staticfiles/Admin Content/Resources/Consumers/img/prod_compatibility/buy_online_over.png' saved [471/471]

--2012-12-12 05:36:45--  http://www.motorola.com/staticfiles/Admin%20Content/Resources/Consumers/img/header/utility-nav-arrow.png
Reusing existing connection to www.motorola.com:80.
HTTP request sent, awaiting response... 200 OK
Length: 116 [image/png]
Saving to: `code/../crawls/motorola.com/Privacy-Policy/raw/www.motorola.com/staticfiles/Admin Content/Resources/Consumers/img/header/utility-nav-arrow.png'

     0K                                                       100% 20.9M=0s

2012-12-12 05:36:45 (20.9 MB/s) - `code/../crawls/motorola.com/Privacy-Policy/raw/www.motorola.com/staticfiles/Admin Content/Resources/Consumers/img/header/utility-nav-arrow.png' saved [116/116]

--2012-12-12 05:36:45--  http://www.motorola.com/staticfiles/Admin%20Content/Resources/Consumers/img/icon-sprite.png
Reusing existing connection to www.motorola.com:80.
HTTP request sent, awaiting response... 200 OK
Length: 4866 (4.8K) [image/png]
Saving to: `code/../crawls/motorola.com/Privacy-Policy/raw/www.motorola.com/staticfiles/Admin Content/Resources/Consumers/img/icon-sprite.png'

     0K ....                                                  100% 24.0M=0s

2012-12-12 05:36:45 (24.0 MB/s) - `code/../crawls/motorola.com/Privacy-Policy/raw/www.motorola.com/staticfiles/Admin Content/Resources/Consumers/img/icon-sprite.png' saved [4866/4866]

--2012-12-12 05:36:45--  http://www.motorola.com/staticfiles/Admin%20Content/Resources/Consumers/img/header/utility-search-arrow.png
Reusing existing connection to www.motorola.com:80.
HTTP request sent, awaiting response... 404 Not Found
2012-12-12 05:36:45 ERROR 404: Not Found.

--2012-12-12 05:36:45--  http://www.motorola.com/staticfiles/Admin%20Content/Resources/Consumers/img/header/search-btn-sp.png
Reusing existing connection to www.motorola.com:80.
HTTP request sent, awaiting response... 404 Not Found
2012-12-12 05:36:45 ERROR 404: Not Found.

--2012-12-12 05:36:45--  http://www.motorola.com/staticfiles/Admin%20Content/Resources/Consumers/img/header/secondary-nav-bgslat.gif
Reusing existing connection to www.motorola.com:80.
HTTP request sent, awaiting response... 404 Not Found
2012-12-12 05:36:45 ERROR 404: Not Found.

--2012-12-12 05:36:45--  http://www.motorola.com/staticfiles/Admin%20Content/Resources/Consumers/img/whiteBg.png
Reusing existing connection to www.motorola.com:80.
HTTP request sent, awaiting response... 200 OK
Length: 924 [image/png]
Saving to: `code/../crawls/motorola.com/Privacy-Policy/raw/www.motorola.com/staticfiles/Admin Content/Resources/Consumers/img/whiteBg.png'

     0K                                                       100%  151M=0s

2012-12-12 05:36:45 (151 MB/s) - `code/../crawls/motorola.com/Privacy-Policy/raw/www.motorola.com/staticfiles/Admin Content/Resources/Consumers/img/whiteBg.png' saved [924/924]

--2012-12-12 05:36:45--  http://www.motorola.com/staticfiles/Admin%20Content/Resources/Consumers/img/footer/country-select-arrow.png
Reusing existing connection to www.motorola.com:80.
HTTP request sent, awaiting response... 200 OK
Length: 96 [image/png]
Saving to: `code/../crawls/motorola.com/Privacy-Policy/raw/www.motorola.com/staticfiles/Admin Content/Resources/Consumers/img/footer/country-select-arrow.png'

     0K                                                       100% 17.1M=0s

2012-12-12 05:36:45 (17.1 MB/s) - `code/../crawls/motorola.com/Privacy-Policy/raw/www.motorola.com/staticfiles/Admin Content/Resources/Consumers/img/footer/country-select-arrow.png' saved [96/96]

--2012-12-12 05:36:45--  http://www.motorola.com/staticfiles/Admin%20Content/Resources/Consumers/img/closeBtn.png
Reusing existing connection to www.motorola.com:80.
HTTP request sent, awaiting response... 200 OK
Length: 1494 (1.5K) [image/png]
Saving to: `code/../crawls/motorola.com/Privacy-Policy/raw/www.motorola.com/staticfiles/Admin Content/Resources/Consumers/img/closeBtn.png'

     0K .                                                     100%  212M=0s

2012-12-12 05:36:45 (212 MB/s) - `code/../crawls/motorola.com/Privacy-Policy/raw/www.motorola.com/staticfiles/Admin Content/Resources/Consumers/img/closeBtn.png' saved [1494/1494]

--2012-12-12 05:36:45--  http://www.motorola.com/staticfiles/Admin%20Content/Resources/Consumers/img/page404/404_search_btn.gif
Reusing existing connection to www.motorola.com:80.
HTTP request sent, awaiting response... 200 OK
Length: 914 [image/gif]
Saving to: `code/../crawls/motorola.com/Privacy-Policy/raw/www.motorola.com/staticfiles/Admin Content/Resources/Consumers/img/page404/404_search_btn.gif'

     0K                                                       100%  151M=0s

2012-12-12 05:36:45 (151 MB/s) - `code/../crawls/motorola.com/Privacy-Policy/raw/www.motorola.com/staticfiles/Admin Content/Resources/Consumers/img/page404/404_search_btn.gif' saved [914/914]

--2012-12-12 05:36:45--  http://www.motorola.com/staticfiles/Admin%20Content/Resources/Consumers/img/page404/404_bg_gradient_1px.gif
Reusing existing connection to www.motorola.com:80.
HTTP request sent, awaiting response... 200 OK
Length: 335 [image/gif]
Saving to: `code/../crawls/motorola.com/Privacy-Policy/raw/www.motorola.com/staticfiles/Admin Content/Resources/Consumers/img/page404/404_bg_gradient_1px.gif'

     0K                                                       100% 59.3M=0s

2012-12-12 05:36:45 (59.3 MB/s) - `code/../crawls/motorola.com/Privacy-Policy/raw/www.motorola.com/staticfiles/Admin Content/Resources/Consumers/img/page404/404_bg_gradient_1px.gif' saved [335/335]

--2012-12-12 05:36:45--  http://www.motorola.com/staticfiles/Admin%20Content/Resources/Consumers/img/page404/404_header.jpg
Reusing existing connection to www.motorola.com:80.
HTTP request sent, awaiting response... 200 OK
Length: 13092 (13K) [image/jpeg]
Saving to: `code/../crawls/motorola.com/Privacy-Policy/raw/www.motorola.com/staticfiles/Admin Content/Resources/Consumers/img/page404/404_header.jpg'

     0K .......... ..                                         100% 4.42M=0.003s

2012-12-12 05:36:45 (4.42 MB/s) - `code/../crawls/motorola.com/Privacy-Policy/raw/www.motorola.com/staticfiles/Admin Content/Resources/Consumers/img/page404/404_header.jpg' saved [13092/13092]

--2012-12-12 05:36:45--  http://www.motorola.com/staticfiles/Admin%20Content/Resources/Consumers/img/page404/404_inner_top.gif
Reusing existing connection to www.motorola.com:80.
HTTP request sent, awaiting response... 200 OK
Length: 343 [image/gif]
Saving to: `code/../crawls/motorola.com/Privacy-Policy/raw/www.motorola.com/staticfiles/Admin Content/Resources/Consumers/img/page404/404_inner_top.gif'

     0K                                                       100% 57.3M=0s

2012-12-12 05:36:45 (57.3 MB/s) - `code/../crawls/motorola.com/Privacy-Policy/raw/www.motorola.com/staticfiles/Admin Content/Resources/Consumers/img/page404/404_inner_top.gif' saved [343/343]

--2012-12-12 05:36:45--  http://www.motorola.com/staticfiles/Admin%20Content/Resources/Consumers/img/page404/404_product_header.jpg
Reusing existing connection to www.motorola.com:80.
HTTP request sent, awaiting response... 200 OK
Length: 973 [image/jpeg]
Saving to: `code/../crawls/motorola.com/Privacy-Policy/raw/www.motorola.com/staticfiles/Admin Content/Resources/Consumers/img/page404/404_product_header.jpg'

     0K                                                       100%  168M=0s

2012-12-12 05:36:45 (168 MB/s) - `code/../crawls/motorola.com/Privacy-Policy/raw/www.motorola.com/staticfiles/Admin Content/Resources/Consumers/img/page404/404_product_header.jpg' saved [973/973]

--2012-12-12 05:36:45--  http://www.motorola.com/staticfiles/Admin%20Content/Resources/Consumers/img/page404/404_inner_btm.gif
Reusing existing connection to www.motorola.com:80.
HTTP request sent, awaiting response... 200 OK
Length: 871 [image/gif]
Saving to: `code/../crawls/motorola.com/Privacy-Policy/raw/www.motorola.com/staticfiles/Admin Content/Resources/Consumers/img/page404/404_inner_btm.gif'

     0K                                                       100%  156M=0s

2012-12-12 05:36:45 (156 MB/s) - `code/../crawls/motorola.com/Privacy-Policy/raw/www.motorola.com/staticfiles/Admin Content/Resources/Consumers/img/page404/404_inner_btm.gif' saved [871/871]

--2012-12-12 05:36:45--  http://www.motorola.com/staticfiles/Admin%20Content/Resources/Consumers/img/blur/shared/bg_share.png
Reusing existing connection to www.motorola.com:80.
HTTP request sent, awaiting response... 200 OK
Length: 1844 (1.8K) [image/png]
Saving to: `code/../crawls/motorola.com/Privacy-Policy/raw/www.motorola.com/staticfiles/Admin Content/Resources/Consumers/img/blur/shared/bg_share.png'

     0K .                                                     100%  246M=0s

2012-12-12 05:36:45 (246 MB/s) - `code/../crawls/motorola.com/Privacy-Policy/raw/www.motorola.com/staticfiles/Admin Content/Resources/Consumers/img/blur/shared/bg_share.png' saved [1844/1844]

--2012-12-12 05:36:45--  http://www.motorola.com/staticfiles/Admin%20Content/Resources/Consumers/img/blur/bg_closeMicrosite.png
Reusing existing connection to www.motorola.com:80.
HTTP request sent, awaiting response... 200 OK
Length: 1389 (1.4K) [image/png]
Saving to: `code/../crawls/motorola.com/Privacy-Policy/raw/www.motorola.com/staticfiles/Admin Content/Resources/Consumers/img/blur/bg_closeMicrosite.png'

     0K .                                                     100%  187M=0s

2012-12-12 05:36:45 (187 MB/s) - `code/../crawls/motorola.com/Privacy-Policy/raw/www.motorola.com/staticfiles/Admin Content/Resources/Consumers/img/blur/bg_closeMicrosite.png' saved [1389/1389]

--2012-12-12 05:36:45--  http://www.motorola.com/staticfiles/Admin%20Content/Resources/Consumers/mobility/img/cart/closeBtn.png
Reusing existing connection to www.motorola.com:80.
HTTP request sent, awaiting response... 200 OK
Length: 1494 (1.5K) [image/png]
Saving to: `code/../crawls/motorola.com/Privacy-Policy/raw/www.motorola.com/staticfiles/Admin Content/Resources/Consumers/mobility/img/cart/closeBtn.png'

     0K .                                                     100%  214M=0s

2012-12-12 05:36:45 (214 MB/s) - `code/../crawls/motorola.com/Privacy-Policy/raw/www.motorola.com/staticfiles/Admin Content/Resources/Consumers/mobility/img/cart/closeBtn.png' saved [1494/1494]

--2012-12-12 05:36:45--  http://www.motorola.com/staticfiles/Admin%20Content/Resources/Consumers/img/shared/bg_dropdown.png
Reusing existing connection to www.motorola.com:80.
HTTP request sent, awaiting response... 200 OK
Length: 151 [image/png]
Saving to: `code/../crawls/motorola.com/Privacy-Policy/raw/www.motorola.com/staticfiles/Admin Content/Resources/Consumers/img/shared/bg_dropdown.png'

     0K                                                       100% 21.7M=0s

2012-12-12 05:36:45 (21.7 MB/s) - `code/../crawls/motorola.com/Privacy-Policy/raw/www.motorola.com/staticfiles/Admin Content/Resources/Consumers/img/shared/bg_dropdown.png' saved [151/151]

--2012-12-12 05:36:45--  http://www.motorola.com/staticfiles/Admin%20Content/Resources/Consumers/img/shared/form_elements/bg_transparent_sprite.png
Reusing existing connection to www.motorola.com:80.
HTTP request sent, awaiting response... 200 OK
Length: 1161 (1.1K) [image/png]
Saving to: `code/../crawls/motorola.com/Privacy-Policy/raw/www.motorola.com/staticfiles/Admin Content/Resources/Consumers/img/shared/form_elements/bg_transparent_sprite.png'

     0K .                                                     100%  140M=0s

2012-12-12 05:36:45 (140 MB/s) - `code/../crawls/motorola.com/Privacy-Policy/raw/www.motorola.com/staticfiles/Admin Content/Resources/Consumers/img/shared/form_elements/bg_transparent_sprite.png' saved [1161/1161]

--2012-12-12 05:36:45--  http://www.motorola.com/staticfiles/Admin%20Content/Resources/Consumers/img/shared/arrows/bg_arrowLink_sprite.gif
Reusing existing connection to www.motorola.com:80.
HTTP request sent, awaiting response... 200 OK
Length: 536 [image/gif]
Saving to: `code/../crawls/motorola.com/Privacy-Policy/raw/www.motorola.com/staticfiles/Admin Content/Resources/Consumers/img/shared/arrows/bg_arrowLink_sprite.gif'

     0K                                                       100% 67.9M=0s

2012-12-12 05:36:45 (67.9 MB/s) - `code/../crawls/motorola.com/Privacy-Policy/raw/www.motorola.com/staticfiles/Admin Content/Resources/Consumers/img/shared/arrows/bg_arrowLink_sprite.gif' saved [536/536]

--2012-12-12 05:36:45--  http://www.motorola.com/staticfiles/Admin%20Content/Resources/Consumers/img/gct/header/gct_header_grad_strip.gif
Reusing existing connection to www.motorola.com:80.
HTTP request sent, awaiting response... 200 OK
Length: 177 [image/gif]
Saving to: `code/../crawls/motorola.com/Privacy-Policy/raw/www.motorola.com/staticfiles/Admin Content/Resources/Consumers/img/gct/header/gct_header_grad_strip.gif'

     0K                                                       100% 28.0M=0s

2012-12-12 05:36:45 (28.0 MB/s) - `code/../crawls/motorola.com/Privacy-Policy/raw/www.motorola.com/staticfiles/Admin Content/Resources/Consumers/img/gct/header/gct_header_grad_strip.gif' saved [177/177]

--2012-12-12 05:36:45--  http://www.motorola.com/staticfiles/Admin%20Content/Resources/Consumers/img/gct/layout/gct_layout_dotted_line_horizontal.gif
Reusing existing connection to www.motorola.com:80.
HTTP request sent, awaiting response... 200 OK
Length: 50 [image/gif]
Saving to: `code/../crawls/motorola.com/Privacy-Policy/raw/www.motorola.com/staticfiles/Admin Content/Resources/Consumers/img/gct/layout/gct_layout_dotted_line_horizontal.gif'

     0K                                                       100% 14.0M=0s

2012-12-12 05:36:45 (14.0 MB/s) - `code/../crawls/motorola.com/Privacy-Policy/raw/www.motorola.com/staticfiles/Admin Content/Resources/Consumers/img/gct/layout/gct_layout_dotted_line_horizontal.gif' saved [50/50]

--2012-12-12 05:36:45--  http://www.motorola.com/staticfiles/Admin%20Content/Resources/Consumers/img/gct/spacer.gif
Reusing existing connection to www.motorola.com:80.
HTTP request sent, awaiting response... 200 OK
Length: 43 [image/gif]
Saving to: `code/../crawls/motorola.com/Privacy-Policy/raw/www.motorola.com/staticfiles/Admin Content/Resources/Consumers/img/gct/spacer.gif'

     0K                                                       100% 7.98M=0s

2012-12-12 05:36:45 (7.98 MB/s) - `code/../crawls/motorola.com/Privacy-Policy/raw/www.motorola.com/staticfiles/Admin Content/Resources/Consumers/img/gct/spacer.gif' saved [43/43]

--2012-12-12 05:36:45--  http://www.motorola.com/staticfiles/Admin%20Content/Resources/Consumers/img/gct/header/gct_header_hero_grad_strip_top.gif
Reusing existing connection to www.motorola.com:80.
HTTP request sent, awaiting response... 200 OK
Length: 146 [image/gif]
Saving to: `code/../crawls/motorola.com/Privacy-Policy/raw/www.motorola.com/staticfiles/Admin Content/Resources/Consumers/img/gct/header/gct_header_hero_grad_strip_top.gif'

     0K                                                       100% 26.8M=0s

2012-12-12 05:36:45 (26.8 MB/s) - `code/../crawls/motorola.com/Privacy-Policy/raw/www.motorola.com/staticfiles/Admin Content/Resources/Consumers/img/gct/header/gct_header_hero_grad_strip_top.gif' saved [146/146]

--2012-12-12 05:36:45--  http://www.motorola.com/staticfiles/Admin%20Content/Resources/Consumers/img/gct/header/gct_header_hero_grad_strip_btm.gif
Reusing existing connection to www.motorola.com:80.
HTTP request sent, awaiting response... 200 OK
Length: 146 [image/gif]
Saving to: `code/../crawls/motorola.com/Privacy-Policy/raw/www.motorola.com/staticfiles/Admin Content/Resources/Consumers/img/gct/header/gct_header_hero_grad_strip_btm.gif'

     0K                                                       100% 27.3M=0s

2012-12-12 05:36:45 (27.3 MB/s) - `code/../crawls/motorola.com/Privacy-Policy/raw/www.motorola.com/staticfiles/Admin Content/Resources/Consumers/img/gct/header/gct_header_hero_grad_strip_btm.gif' saved [146/146]

--2012-12-12 05:36:45--  http://www.motorola.com/staticfiles/Admin%20Content/Resources/Consumers/img/gct/buttons/gct_action_arrow_blue.gif
Reusing existing connection to www.motorola.com:80.
HTTP request sent, awaiting response... 200 OK
Length: 49 [image/gif]
Saving to: `code/../crawls/motorola.com/Privacy-Policy/raw/www.motorola.com/staticfiles/Admin Content/Resources/Consumers/img/gct/buttons/gct_action_arrow_blue.gif'

     0K                                                       100% 8.65M=0s

2012-12-12 05:36:45 (8.65 MB/s) - `code/../crawls/motorola.com/Privacy-Policy/raw/www.motorola.com/staticfiles/Admin Content/Resources/Consumers/img/gct/buttons/gct_action_arrow_blue.gif' saved [49/49]

--2012-12-12 05:36:45--  http://www.motorola.com/staticfiles/Admin%20Content/Resources/Consumers/img/gct/layout/gct_layout_dotted_line_vertical.gif
Reusing existing connection to www.motorola.com:80.
HTTP request sent, awaiting response... 200 OK
Length: 43 [image/gif]
Saving to: `code/../crawls/motorola.com/Privacy-Policy/raw/www.motorola.com/staticfiles/Admin Content/Resources/Consumers/img/gct/layout/gct_layout_dotted_line_vertical.gif'

     0K                                                       100% 6.97M=0s

2012-12-12 05:36:45 (6.97 MB/s) - `code/../crawls/motorola.com/Privacy-Policy/raw/www.motorola.com/staticfiles/Admin Content/Resources/Consumers/img/gct/layout/gct_layout_dotted_line_vertical.gif' saved [43/43]

--2012-12-12 05:36:45--  http://www.motorola.com/staticfiles/Admin%20Content/Resources/Consumers/img/gct/nav/gct_nav_corners_sprite.gif
Reusing existing connection to www.motorola.com:80.
HTTP request sent, awaiting response... 200 OK
Length: 688 [image/gif]
Saving to: `code/../crawls/motorola.com/Privacy-Policy/raw/www.motorola.com/staticfiles/Admin Content/Resources/Consumers/img/gct/nav/gct_nav_corners_sprite.gif'

     0K                                                       100%  112M=0s

2012-12-12 05:36:45 (112 MB/s) - `code/../crawls/motorola.com/Privacy-Policy/raw/www.motorola.com/staticfiles/Admin Content/Resources/Consumers/img/gct/nav/gct_nav_corners_sprite.gif' saved [688/688]

--2012-12-12 05:36:45--  http://www.motorola.com/staticfiles/Admin%20Content/Resources/Consumers/img/ecom/cartBg.png
Reusing existing connection to www.motorola.com:80.
HTTP request sent, awaiting response... 200 OK
Length: 556 [image/png]
Saving to: `code/../crawls/motorola.com/Privacy-Policy/raw/www.motorola.com/staticfiles/Admin Content/Resources/Consumers/img/ecom/cartBg.png'

     0K                                                       100% 95.7M=0s

2012-12-12 05:36:45 (95.7 MB/s) - `code/../crawls/motorola.com/Privacy-Policy/raw/www.motorola.com/staticfiles/Admin Content/Resources/Consumers/img/ecom/cartBg.png' saved [556/556]

--2012-12-12 05:36:45--  http://www.motorola.com/staticfiles/Admin%20Content/Resources/Consumers/img/ecom/cartOver.png
Reusing existing connection to www.motorola.com:80.
HTTP request sent, awaiting response... 200 OK
Length: 3593 (3.5K) [image/png]
Saving to: `code/../crawls/motorola.com/Privacy-Policy/raw/www.motorola.com/staticfiles/Admin Content/Resources/Consumers/img/ecom/cartOver.png'

     0K ...                                                   100% 57.4M=0s

2012-12-12 05:36:45 (57.4 MB/s) - `code/../crawls/motorola.com/Privacy-Policy/raw/www.motorola.com/staticfiles/Admin Content/Resources/Consumers/img/ecom/cartOver.png' saved [3593/3593]

--2012-12-12 05:36:45--  http://www.motorola.com/staticfiles/Admin%20Content/Resources/Consumers/img/ecom/cart_white.png
Reusing existing connection to www.motorola.com:80.
HTTP request sent, awaiting response... 200 OK
Length: 371 [image/png]
Saving to: `code/../crawls/motorola.com/Privacy-Policy/raw/www.motorola.com/staticfiles/Admin Content/Resources/Consumers/img/ecom/cart_white.png'

     0K                                                       100% 65.4M=0s

2012-12-12 05:36:45 (65.4 MB/s) - `code/../crawls/motorola.com/Privacy-Policy/raw/www.motorola.com/staticfiles/Admin Content/Resources/Consumers/img/ecom/cart_white.png' saved [371/371]

--2012-12-12 05:36:45--  http://www.motorola.com/staticfiles/Admin%20Content/Resources/Consumers/img/ecom/cartBorderBg.png
Reusing existing connection to www.motorola.com:80.
HTTP request sent, awaiting response... 200 OK
Length: 584 [image/png]
Saving to: `code/../crawls/motorola.com/Privacy-Policy/raw/www.motorola.com/staticfiles/Admin Content/Resources/Consumers/img/ecom/cartBorderBg.png'

     0K                                                       100%  106M=0s

2012-12-12 05:36:45 (106 MB/s) - `code/../crawls/motorola.com/Privacy-Policy/raw/www.motorola.com/staticfiles/Admin Content/Resources/Consumers/img/ecom/cartBorderBg.png' saved [584/584]

--2012-12-12 05:36:45--  http://www.motorola.com/staticfiles/Admin%20Content/Resources/Consumers/img/ecom/cart_gray_white_bg.jpg
Reusing existing connection to www.motorola.com:80.
HTTP request sent, awaiting response... 200 OK
Length: 369 [image/jpeg]
Saving to: `code/../crawls/motorola.com/Privacy-Policy/raw/www.motorola.com/staticfiles/Admin Content/Resources/Consumers/img/ecom/cart_gray_white_bg.jpg'

     0K                                                       100% 64.9M=0s

2012-12-12 05:36:45 (64.9 MB/s) - `code/../crawls/motorola.com/Privacy-Policy/raw/www.motorola.com/staticfiles/Admin Content/Resources/Consumers/img/ecom/cart_gray_white_bg.jpg' saved [369/369]

--2012-12-12 05:36:45--  http://www.motorola.com/staticfiles/Admin%20Content/Resources/Consumers/img/ecom/grayBtn.png
Reusing existing connection to www.motorola.com:80.
HTTP request sent, awaiting response... 200 OK
Length: 874 [image/png]
Saving to: `code/../crawls/motorola.com/Privacy-Policy/raw/www.motorola.com/staticfiles/Admin Content/Resources/Consumers/img/ecom/grayBtn.png'

     0K                                                       100%  145M=0s

2012-12-12 05:36:45 (145 MB/s) - `code/../crawls/motorola.com/Privacy-Policy/raw/www.motorola.com/staticfiles/Admin Content/Resources/Consumers/img/ecom/grayBtn.png' saved [874/874]

--2012-12-12 05:36:45--  http://www.motorola.com/staticfiles/Admin%20Content/Resources/Consumers/img/ecom/redBtn.png
Reusing existing connection to www.motorola.com:80.
HTTP request sent, awaiting response... 200 OK
Length: 298 [image/png]
Saving to: `code/../crawls/motorola.com/Privacy-Policy/raw/www.motorola.com/staticfiles/Admin Content/Resources/Consumers/img/ecom/redBtn.png'

     0K                                                       100% 53.9M=0s

2012-12-12 05:36:45 (53.9 MB/s) - `code/../crawls/motorola.com/Privacy-Policy/raw/www.motorola.com/staticfiles/Admin Content/Resources/Consumers/img/ecom/redBtn.png' saved [298/298]

--2012-12-12 05:36:45--  http://www.motorola.com/staticfiles/Admin%20Content/Resources/Consumers/img/ecom/grayBg.png
Reusing existing connection to www.motorola.com:80.
HTTP request sent, awaiting response... 200 OK
Length: 1424 (1.4K) [image/png]
Saving to: `code/../crawls/motorola.com/Privacy-Policy/raw/www.motorola.com/staticfiles/Admin Content/Resources/Consumers/img/ecom/grayBg.png'

     0K .                                                     100%  195M=0s

2012-12-12 05:36:46 (195 MB/s) - `code/../crawls/motorola.com/Privacy-Policy/raw/www.motorola.com/staticfiles/Admin Content/Resources/Consumers/img/ecom/grayBg.png' saved [1424/1424]

--2012-12-12 05:36:46--  http://www.motorola.com/staticfiles/Admin%20Content/Resources/Consumers/img/ecom/findRetailerBG.png
Reusing existing connection to www.motorola.com:80.
HTTP request sent, awaiting response... 200 OK
Length: 2861 (2.8K) [image/png]
Saving to: `code/../crawls/motorola.com/Privacy-Policy/raw/www.motorola.com/staticfiles/Admin Content/Resources/Consumers/img/ecom/findRetailerBG.png'

     0K ..                                                    100% 45.0M=0s

2012-12-12 05:36:46 (45.0 MB/s) - `code/../crawls/motorola.com/Privacy-Policy/raw/www.motorola.com/staticfiles/Admin Content/Resources/Consumers/img/ecom/findRetailerBG.png' saved [2861/2861]

--2012-12-12 05:36:46--  http://www.motorola.com/staticfiles/Admin%20Content/Resources/Consumers/img/ecom/zipInputBg.jpg
Reusing existing connection to www.motorola.com:80.
HTTP request sent, awaiting response... 200 OK
Length: 490 [image/jpeg]
Saving to: `code/../crawls/motorola.com/Privacy-Policy/raw/www.motorola.com/staticfiles/Admin Content/Resources/Consumers/img/ecom/zipInputBg.jpg'

     0K                                                       100% 84.4M=0s

2012-12-12 05:36:46 (84.4 MB/s) - `code/../crawls/motorola.com/Privacy-Policy/raw/www.motorola.com/staticfiles/Admin Content/Resources/Consumers/img/ecom/zipInputBg.jpg' saved [490/490]

--2012-12-12 05:36:46--  http://www.motorola.com/staticfiles/Admin%20Content/Resources/Consumers/img/ecom/grayArrow.png
Reusing existing connection to www.motorola.com:80.
HTTP request sent, awaiting response... 200 OK
Length: 158 [image/png]
Saving to: `code/../crawls/motorola.com/Privacy-Policy/raw/www.motorola.com/staticfiles/Admin Content/Resources/Consumers/img/ecom/grayArrow.png'

     0K                                                       100% 27.6M=0s

2012-12-12 05:36:46 (27.6 MB/s) - `code/../crawls/motorola.com/Privacy-Policy/raw/www.motorola.com/staticfiles/Admin Content/Resources/Consumers/img/ecom/grayArrow.png' saved [158/158]

--2012-12-12 05:36:46--  http://www.motorola.com/staticfiles/Admin%20Content/Resources/Consumers/img/ecom/buyNowSprite.png
Reusing existing connection to www.motorola.com:80.
HTTP request sent, awaiting response... 200 OK
Length: 463 [image/png]
Saving to: `code/../crawls/motorola.com/Privacy-Policy/raw/www.motorola.com/staticfiles/Admin Content/Resources/Consumers/img/ecom/buyNowSprite.png'

     0K                                                       100% 76.3M=0s

2012-12-12 05:36:46 (76.3 MB/s) - `code/../crawls/motorola.com/Privacy-Policy/raw/www.motorola.com/staticfiles/Admin Content/Resources/Consumers/img/ecom/buyNowSprite.png' saved [463/463]

--2012-12-12 05:36:46--  http://www.motorola.com/staticfiles/Admin%20Content/Resources/Consumers/img/cart/grayTriangle.png
Reusing existing connection to www.motorola.com:80.
HTTP request sent, awaiting response... 200 OK
Length: 184 [image/png]
Saving to: `code/../crawls/motorola.com/Privacy-Policy/raw/www.motorola.com/staticfiles/Admin Content/Resources/Consumers/img/cart/grayTriangle.png'

     0K                                                       100% 32.4M=0s

2012-12-12 05:36:46 (32.4 MB/s) - `code/../crawls/motorola.com/Privacy-Policy/raw/www.motorola.com/staticfiles/Admin Content/Resources/Consumers/img/cart/grayTriangle.png' saved [184/184]

--2012-12-12 05:36:46--  http://www.motorola.com/staticfiles/Admin%20Content/Resources/Consumers/img/cart/grayTransBg.png
Reusing existing connection to www.motorola.com:80.
HTTP request sent, awaiting response... 200 OK
Length: 109 [image/png]
Saving to: `code/../crawls/motorola.com/Privacy-Policy/raw/www.motorola.com/staticfiles/Admin Content/Resources/Consumers/img/cart/grayTransBg.png'

     0K                                                       100% 18.3M=0s

2012-12-12 05:36:46 (18.3 MB/s) - `code/../crawls/motorola.com/Privacy-Policy/raw/www.motorola.com/staticfiles/Admin Content/Resources/Consumers/img/cart/grayTransBg.png' saved [109/109]

--2012-12-12 05:36:46--  http://www.motorola.com/staticfiles/Admin%20Content/Resources/Consumers/img/cart/redCart.png
Reusing existing connection to www.motorola.com:80.
HTTP request sent, awaiting response... 200 OK
Length: 236 [image/png]
Saving to: `code/../crawls/motorola.com/Privacy-Policy/raw/www.motorola.com/staticfiles/Admin Content/Resources/Consumers/img/cart/redCart.png'

     0K                                                       100% 38.7M=0s

2012-12-12 05:36:46 (38.7 MB/s) - `code/../crawls/motorola.com/Privacy-Policy/raw/www.motorola.com/staticfiles/Admin Content/Resources/Consumers/img/cart/redCart.png' saved [236/236]

--2012-12-12 05:36:46--  http://www.motorola.com/staticfiles/Admin%20Content/Resources/Consumers/img/motBtnSprite_37px.png
Reusing existing connection to www.motorola.com:80.
HTTP request sent, awaiting response... 200 OK
Length: 2110 (2.1K) [image/png]
Saving to: `code/../crawls/motorola.com/Privacy-Policy/raw/www.motorola.com/staticfiles/Admin Content/Resources/Consumers/img/motBtnSprite_37px.png'

     0K ..                                                    100%  266M=0s

2012-12-12 05:36:46 (266 MB/s) - `code/../crawls/motorola.com/Privacy-Policy/raw/www.motorola.com/staticfiles/Admin Content/Resources/Consumers/img/motBtnSprite_37px.png' saved [2110/2110]

--2012-12-12 05:36:46--  http://www.motorola.com/staticfiles/Admin%20Content/Resources/Consumers/img/cart/whiteArrow.png
Reusing existing connection to www.motorola.com:80.
HTTP request sent, awaiting response... 200 OK
Length: 181 [image/png]
Saving to: `code/../crawls/motorola.com/Privacy-Policy/raw/www.motorola.com/staticfiles/Admin Content/Resources/Consumers/img/cart/whiteArrow.png'

     0K                                                       100% 30.8M=0s

2012-12-12 05:36:46 (30.8 MB/s) - `code/../crawls/motorola.com/Privacy-Policy/raw/www.motorola.com/staticfiles/Admin Content/Resources/Consumers/img/cart/whiteArrow.png' saved [181/181]

--2012-12-12 05:36:46--  http://www.motorola.com/staticfiles/Admin%20Content/Resources/Consumers/img/cart/spinner.gif
Reusing existing connection to www.motorola.com:80.
HTTP request sent, awaiting response... 200 OK
Length: 7509 (7.3K) [image/gif]
Saving to: `code/../crawls/motorola.com/Privacy-Policy/raw/www.motorola.com/staticfiles/Admin Content/Resources/Consumers/img/cart/spinner.gif'

     0K .......                                               100% 15.7M=0s

2012-12-12 05:36:46 (15.7 MB/s) - `code/../crawls/motorola.com/Privacy-Policy/raw/www.motorola.com/staticfiles/Admin Content/Resources/Consumers/img/cart/spinner.gif' saved [7509/7509]

--2012-12-12 05:36:46--  http://www.motorola.com/staticfiles/Admin%20Content/Resources/Consumers/img/ecom/black_trans_bg.png
Reusing existing connection to www.motorola.com:80.
HTTP request sent, awaiting response... 200 OK
Length: 115 [image/png]
Saving to: `code/../crawls/motorola.com/Privacy-Policy/raw/www.motorola.com/staticfiles/Admin Content/Resources/Consumers/img/ecom/black_trans_bg.png'

     0K                                                       100% 21.8M=0s

2012-12-12 05:36:46 (21.8 MB/s) - `code/../crawls/motorola.com/Privacy-Policy/raw/www.motorola.com/staticfiles/Admin Content/Resources/Consumers/img/ecom/black_trans_bg.png' saved [115/115]

--2012-12-12 05:36:46--  http://www.motorola.com/staticfiles/Admin%20Content/Resources/Consumers/img/ecom/accessoryTitleBg.png
Reusing existing connection to www.motorola.com:80.
HTTP request sent, awaiting response... 200 OK
Length: 2835 (2.8K) [image/png]
Saving to: `code/../crawls/motorola.com/Privacy-Policy/raw/www.motorola.com/staticfiles/Admin Content/Resources/Consumers/img/ecom/accessoryTitleBg.png'

     0K ..                                                    100% 40.7M=0s

2012-12-12 05:36:46 (40.7 MB/s) - `code/../crawls/motorola.com/Privacy-Policy/raw/www.motorola.com/staticfiles/Admin Content/Resources/Consumers/img/ecom/accessoryTitleBg.png' saved [2835/2835]

--2012-12-12 05:36:46--  http://www.motorola.com/staticfiles/Admin%20Content/Resources/Consumers/img/ecom/bg_products_sprite.png
Reusing existing connection to www.motorola.com:80.
HTTP request sent, awaiting response... 200 OK
Length: 17061 (17K) [image/png]
Saving to: `code/../crawls/motorola.com/Privacy-Policy/raw/www.motorola.com/staticfiles/Admin Content/Resources/Consumers/img/ecom/bg_products_sprite.png'

     0K .......... ......                                     100% 4.89M=0.003s

2012-12-12 05:36:46 (4.89 MB/s) - `code/../crawls/motorola.com/Privacy-Policy/raw/www.motorola.com/staticfiles/Admin Content/Resources/Consumers/img/ecom/bg_products_sprite.png' saved [17061/17061]

--2012-12-12 05:36:46--  http://www.motorola.com/staticfiles/Admin%20Content/Resources/Consumers/img/ecom/cart.png
Reusing existing connection to www.motorola.com:80.
HTTP request sent, awaiting response... 200 OK
Length: 435 [image/png]
Saving to: `code/../crawls/motorola.com/Privacy-Policy/raw/www.motorola.com/staticfiles/Admin Content/Resources/Consumers/img/ecom/cart.png'

     0K                                                       100% 78.6M=0s

2012-12-12 05:36:46 (78.6 MB/s) - `code/../crawls/motorola.com/Privacy-Policy/raw/www.motorola.com/staticfiles/Admin Content/Resources/Consumers/img/ecom/cart.png' saved [435/435]

--2012-12-12 05:36:46--  http://www.motorola.com/staticfiles/Admin%20Content/Resources/Consumers/img/ecom/accessory_bg.gif
Reusing existing connection to www.motorola.com:80.
HTTP request sent, awaiting response... 200 OK
Length: 3327 (3.2K) [image/gif]
Saving to: `code/../crawls/motorola.com/Privacy-Policy/raw/www.motorola.com/staticfiles/Admin Content/Resources/Consumers/img/ecom/accessory_bg.gif'

     0K ...                                                   100% 58.8M=0s

2012-12-12 05:36:46 (58.8 MB/s) - `code/../crawls/motorola.com/Privacy-Policy/raw/www.motorola.com/staticfiles/Admin Content/Resources/Consumers/img/ecom/accessory_bg.gif' saved [3327/3327]

--2012-12-12 05:36:46--  http://www.motorola.com/staticfiles/Admin%20Content/Resources/Consumers/img/ecom/smallRedBtn.png
Reusing existing connection to www.motorola.com:80.
HTTP request sent, awaiting response... 200 OK
Length: 281 [image/png]
Saving to: `code/../crawls/motorola.com/Privacy-Policy/raw/www.motorola.com/staticfiles/Admin Content/Resources/Consumers/img/ecom/smallRedBtn.png'

     0K                                                       100% 48.3M=0s

2012-12-12 05:36:46 (48.3 MB/s) - `code/../crawls/motorola.com/Privacy-Policy/raw/www.motorola.com/staticfiles/Admin Content/Resources/Consumers/img/ecom/smallRedBtn.png' saved [281/281]

--2012-12-12 05:36:46--  http://www.motorola.com/staticfiles/Admin%20Content/Resources/Consumers/img/ecom/smallGrayBtn.png
Reusing existing connection to www.motorola.com:80.
HTTP request sent, awaiting response... 404 Not Found
2012-12-12 05:36:46 ERROR 404: Not Found.

--2012-12-12 05:36:46--  http://www.motorola.com/staticfiles/Admin%20Content/Resources/Consumers/img/fancybox.png
Reusing existing connection to www.motorola.com:80.
HTTP request sent, awaiting response... 200 OK
Length: 19046 (19K) [image/png]
Saving to: `code/../crawls/motorola.com/Privacy-Policy/raw/www.motorola.com/staticfiles/Admin Content/Resources/Consumers/img/fancybox.png'

     0K .......... ........                                   100% 6.18M=0.003s

2012-12-12 05:36:46 (6.18 MB/s) - `code/../crawls/motorola.com/Privacy-Policy/raw/www.motorola.com/staticfiles/Admin Content/Resources/Consumers/img/fancybox.png' saved [19046/19046]

--2012-12-12 05:36:46--  http://www.motorola.com/staticfiles/Admin%20Content/Resources/Consumers/img/fancy_title_over.png
Reusing existing connection to www.motorola.com:80.
HTTP request sent, awaiting response... 200 OK
Length: 70 [image/png]
Saving to: `code/../crawls/motorola.com/Privacy-Policy/raw/www.motorola.com/staticfiles/Admin Content/Resources/Consumers/img/fancy_title_over.png'

     0K                                                       100% 12.3M=0s

2012-12-12 05:36:46 (12.3 MB/s) - `code/../crawls/motorola.com/Privacy-Policy/raw/www.motorola.com/staticfiles/Admin Content/Resources/Consumers/img/fancy_title_over.png' saved [70/70]

--2012-12-12 05:36:46--  http://www.motorola.com/staticfiles/Admin%20Content/Resources/Consumers/img/fancybox-x.png
Reusing existing connection to www.motorola.com:80.
HTTP request sent, awaiting response... 200 OK
Length: 971 [image/png]
Saving to: `code/../crawls/motorola.com/Privacy-Policy/raw/www.motorola.com/staticfiles/Admin Content/Resources/Consumers/img/fancybox-x.png'

     0K                                                       100%  170M=0s

2012-12-12 05:36:46 (170 MB/s) - `code/../crawls/motorola.com/Privacy-Policy/raw/www.motorola.com/staticfiles/Admin Content/Resources/Consumers/img/fancybox-x.png' saved [971/971]

FINISHED --2012-12-12 05:36:46--
Total wall clock time: 2.5s
Downloaded: 125 files, 1.2M in 0.1s (9.12 MB/s)
Converting code/../crawls/motorola.com/Privacy-Policy/raw/www.motorola.com/Consumers/US-EN/About_Motorola/Legal/Privacy_Policy.html... 74-18
Converting code/../crawls/motorola.com/Privacy-Policy/raw/www.motorola.com/staticfiles/Admin Content/Resources/Consumers/css/min_16-10/gct-min.css... 66-3
Converting code/../crawls/motorola.com/Privacy-Policy/raw/www.motorola.com/staticfiles/Admin Content/Resources/Consumers/css/min_16-10/ecom-min.css... 44-1
Converted 3 files in 0.3 seconds.
