--2012-12-22 05:18:16--  http://www.scmagazine.com/privacypolicy/
Resolving www.scmagazine.com... 72.32.255.178
Connecting to www.scmagazine.com|72.32.255.178|:80... connected.
HTTP request sent, awaiting response... 200 OK
Length: 32594 (32K) [text/html]
Saving to: `code/../crawls/scmagazine.com/Privacy-Policy/raw/www.scmagazine.com/privacypolicy/index.html'

     0K .......... .......... .......... .                    100%  234K=0.1s

2012-12-22 05:18:16 (234 KB/s) - `code/../crawls/scmagazine.com/Privacy-Policy/raw/www.scmagazine.com/privacypolicy/index.html' saved [32594/32594]

--2012-12-22 05:18:16--  http://www.scmagazine.com/favicon.ico
Reusing existing connection to www.scmagazine.com:80.
HTTP request sent, awaiting response... 200 OK
Length: 1406 (1.4K) [image/x-icon]
Saving to: `code/../crawls/scmagazine.com/Privacy-Policy/raw/www.scmagazine.com/favicon.ico'

     0K .                                                     100%  145M=0s

2012-12-22 05:18:16 (145 MB/s) - `code/../crawls/scmagazine.com/Privacy-Policy/raw/www.scmagazine.com/favicon.ico' saved [1406/1406]

--2012-12-22 05:18:16--  http://www.scmagazine.com/css/layout.css?4737195174
Reusing existing connection to www.scmagazine.com:80.
HTTP request sent, awaiting response... 200 OK
Length: 86650 (85K) [text/css]
Saving to: `code/../crawls/scmagazine.com/Privacy-Policy/raw/www.scmagazine.com/css/layout.css?4737195174.css'

     0K .......... .......... .......... .......... .......... 59% 1.05M 0s
    50K .......... .......... .......... ....                 100% 10.1M=0.05s

2012-12-22 05:18:16 (1.66 MB/s) - `code/../crawls/scmagazine.com/Privacy-Policy/raw/www.scmagazine.com/css/layout.css?4737195174.css' saved [86650/86650]

--2012-12-22 05:18:16--  http://www.scmagazine.com/css/scmagazine.css?4737195174
Reusing existing connection to www.scmagazine.com:80.
HTTP request sent, awaiting response... 200 OK
Length: 9029 (8.8K) [text/css]
Saving to: `code/../crawls/scmagazine.com/Privacy-Policy/raw/www.scmagazine.com/css/scmagazine.css?4737195174.css'

     0K ........                                              100% 6.81M=0.001s

2012-12-22 05:18:16 (6.81 MB/s) - `code/../crawls/scmagazine.com/Privacy-Policy/raw/www.scmagazine.com/css/scmagazine.css?4737195174.css' saved [9029/9029]

--2012-12-22 05:18:16--  http://www.scmagazine.com/js/fancybox/jquery.fancybox-1.3.4.css?4737195174
Reusing existing connection to www.scmagazine.com:80.
HTTP request sent, awaiting response... 200 OK
Length: 8923 (8.7K) [text/css]
Saving to: `code/../crawls/scmagazine.com/Privacy-Policy/raw/www.scmagazine.com/js/fancybox/jquery.fancybox-1.3.4.css?4737195174.css'

     0K ........                                              100% 12.6M=0.001s

2012-12-22 05:18:16 (12.6 MB/s) - `code/../crawls/scmagazine.com/Privacy-Policy/raw/www.scmagazine.com/js/fancybox/jquery.fancybox-1.3.4.css?4737195174.css' saved [8923/8923]

--2012-12-22 05:18:16--  http://www.scmagazine.com/css/Html5Player/mediaelementplayer.min.css
Reusing existing connection to www.scmagazine.com:80.
HTTP request sent, awaiting response... 200 OK
Length: 15072 (15K) [text/css]
Saving to: `code/../crawls/scmagazine.com/Privacy-Policy/raw/www.scmagazine.com/css/Html5Player/mediaelementplayer.min.css'

     0K .......... ....                                       100% 9.39M=0.002s

2012-12-22 05:18:16 (9.39 MB/s) - `code/../crawls/scmagazine.com/Privacy-Policy/raw/www.scmagazine.com/css/Html5Player/mediaelementplayer.min.css' saved [15072/15072]

--2012-12-22 05:18:16--  http://www.scmagazine.com/css/Html5Player/mejs-skins.css
Reusing existing connection to www.scmagazine.com:80.
HTTP request sent, awaiting response... 200 OK
Length: 6285 (6.1K) [text/css]
Saving to: `code/../crawls/scmagazine.com/Privacy-Policy/raw/www.scmagazine.com/css/Html5Player/mejs-skins.css'

     0K ......                                                100% 20.9M=0s

2012-12-22 05:18:17 (20.9 MB/s) - `code/../crawls/scmagazine.com/Privacy-Policy/raw/www.scmagazine.com/css/Html5Player/mejs-skins.css' saved [6285/6285]

--2012-12-22 05:18:17--  https://ajax.googleapis.com/ajax/libs/jquery/1.5.0/jquery.min.js?4737195174
Resolving ajax.googleapis.com... 173.194.78.95, 2a00:1450:400c:c00::5f
Connecting to ajax.googleapis.com|173.194.78.95|:443... connected.
HTTP request sent, awaiting response... 200 OK
Length: unspecified [text/javascript]
Saving to: `code/../crawls/scmagazine.com/Privacy-Policy/raw/ajax.googleapis.com/ajax/libs/jquery/1.5.0/jquery.min.js?4737195174'

     0K .......... .......... .......... .......... ..........  161K
    50K .......... .......... .......... ..                     211K=0.5s

2012-12-22 05:18:18 (177 KB/s) - `code/../crawls/scmagazine.com/Privacy-Policy/raw/ajax.googleapis.com/ajax/libs/jquery/1.5.0/jquery.min.js?4737195174' saved [84362]

--2012-12-22 05:18:18--  http://www.scmagazine.com/js/fancybox/jquery.fancybox-1.3.4.pack.js
Connecting to www.scmagazine.com|72.32.255.178|:80... connected.
HTTP request sent, awaiting response... 200 OK
Length: 15624 (15K) [application/x-javascript]
Saving to: `code/../crawls/scmagazine.com/Privacy-Policy/raw/www.scmagazine.com/js/fancybox/jquery.fancybox-1.3.4.pack.js'

     0K .......... .....                                      100%  168K=0.09s

2012-12-22 05:18:18 (168 KB/s) - `code/../crawls/scmagazine.com/Privacy-Policy/raw/www.scmagazine.com/js/fancybox/jquery.fancybox-1.3.4.pack.js' saved [15624/15624]

--2012-12-22 05:18:18--  http://www.scmagazine.com/js/scripts.js?4737195174
Reusing existing connection to www.scmagazine.com:80.
HTTP request sent, awaiting response... 200 OK
Length: 18819 (18K) [application/x-javascript]
Saving to: `code/../crawls/scmagazine.com/Privacy-Policy/raw/www.scmagazine.com/js/scripts.js?4737195174'

     0K .......... ........                                   100%  407K=0.05s

2012-12-22 05:18:18 (407 KB/s) - `code/../crawls/scmagazine.com/Privacy-Policy/raw/www.scmagazine.com/js/scripts.js?4737195174' saved [18819/18819]

--2012-12-22 05:18:18--  http://www.scmagazine.com/js/jquery-ui-1.8.12.custom.min.js
Reusing existing connection to www.scmagazine.com:80.
HTTP request sent, awaiting response... 200 OK
Length: 21282 (21K) [application/x-javascript]
Saving to: `code/../crawls/scmagazine.com/Privacy-Policy/raw/www.scmagazine.com/js/jquery-ui-1.8.12.custom.min.js'

     0K .......... ..........                                 100% 9.55M=0.002s

2012-12-22 05:18:18 (9.55 MB/s) - `code/../crawls/scmagazine.com/Privacy-Policy/raw/www.scmagazine.com/js/jquery-ui-1.8.12.custom.min.js' saved [21282/21282]

--2012-12-22 05:18:18--  http://www.scmagazine.com/js/jquery-ui-1.8.12.tabs.min.js
Reusing existing connection to www.scmagazine.com:80.
HTTP request sent, awaiting response... 200 OK
Length: 11671 (11K) [application/x-javascript]
Saving to: `code/../crawls/scmagazine.com/Privacy-Policy/raw/www.scmagazine.com/js/jquery-ui-1.8.12.tabs.min.js'

     0K .......... .                                          100% 14.3M=0.001s

2012-12-22 05:18:18 (14.3 MB/s) - `code/../crawls/scmagazine.com/Privacy-Policy/raw/www.scmagazine.com/js/jquery-ui-1.8.12.tabs.min.js' saved [11671/11671]

--2012-12-22 05:18:18--  http://www.scmagazine.com/js/Html5Player/mediaelement-and-player.min.js
Reusing existing connection to www.scmagazine.com:80.
HTTP request sent, awaiting response... 200 OK
Length: 69244 (68K) [application/x-javascript]
Saving to: `code/../crawls/scmagazine.com/Privacy-Policy/raw/www.scmagazine.com/js/Html5Player/mediaelement-and-player.min.js'

     0K .......... .......... .......... .......... .......... 73% 8.44M 0s
    50K .......... .......                                    100%  437K=0.05s

2012-12-22 05:18:18 (1.43 MB/s) - `code/../crawls/scmagazine.com/Privacy-Policy/raw/www.scmagazine.com/js/Html5Player/mediaelement-and-player.min.js' saved [69244/69244]

--2012-12-22 05:18:18--  http://www.scmagazine.com/js/modernizr.custom.82009.js?4737195174
Reusing existing connection to www.scmagazine.com:80.
HTTP request sent, awaiting response... 200 OK
Length: 9206 (9.0K) [application/x-javascript]
Saving to: `code/../crawls/scmagazine.com/Privacy-Policy/raw/www.scmagazine.com/js/modernizr.custom.82009.js?4737195174'

     0K ........                                              100% 11.1M=0.001s

2012-12-22 05:18:18 (11.1 MB/s) - `code/../crawls/scmagazine.com/Privacy-Policy/raw/www.scmagazine.com/js/modernizr.custom.82009.js?4737195174' saved [9206/9206]

--2012-12-22 05:18:18--  http://www.scmagazine.com/js/omniture.js
Reusing existing connection to www.scmagazine.com:80.
HTTP request sent, awaiting response... 200 OK
Length: 44275 (43K) [application/x-javascript]
Saving to: `code/../crawls/scmagazine.com/Privacy-Policy/raw/www.scmagazine.com/js/omniture.js'

     0K .......... .......... .......... .......... ...       100% 10.7M=0.004s

2012-12-22 05:18:18 (10.7 MB/s) - `code/../crawls/scmagazine.com/Privacy-Policy/raw/www.scmagazine.com/js/omniture.js' saved [44275/44275]

The name is too long, 131 chars total.
Trying to shorten...
New name is WebResource.axd?d=wbPyGbg1gC_ni2xSyUdl-ku8zHp7ig2YX9SFTuHIwBb7k7twvIpin8VuOymPuLWnikEnix9nD9Kwyhtfk6eYlCSAKkE1&t=63477390270000.
The name is too long, 131 chars total.
Trying to shorten...
New name is WebResource.axd?d=wbPyGbg1gC_ni2xSyUdl-ku8zHp7ig2YX9SFTuHIwBb7k7twvIpin8VuOymPuLWnikEnix9nD9Kwyhtfk6eYlCSAKkE1&t=63477390270000.
--2012-12-22 05:18:18--  http://www.scmagazine.com/WebResource.axd?d=wbPyGbg1gC_ni2xSyUdl-ku8zHp7ig2YX9SFTuHIwBb7k7twvIpin8VuOymPuLWnikEnix9nD9Kwyhtfk6eYlCSAKkE1&t=634773902700000000
Reusing existing connection to www.scmagazine.com:80.
HTTP request sent, awaiting response... 200 OK
Length: 22346 (22K) [application/x-javascript]
Saving to: `code/../crawls/scmagazine.com/Privacy-Policy/raw/www.scmagazine.com/WebResource.axd?d=wbPyGbg1gC_ni2xSyUdl-ku8zHp7ig2YX9SFTuHIwBb7k7twvIpin8VuOymPuLWnikEnix9nD9Kwyhtfk6eYlCSAKkE1&t=63477390270000'

     0K .......... .......... .                               100% 12.8M=0.002s

2012-12-22 05:18:18 (12.8 MB/s) - `code/../crawls/scmagazine.com/Privacy-Policy/raw/www.scmagazine.com/WebResource.axd?d=wbPyGbg1gC_ni2xSyUdl-ku8zHp7ig2YX9SFTuHIwBb7k7twvIpin8VuOymPuLWnikEnix9nD9Kwyhtfk6eYlCSAKkE1&t=63477390270000' saved [22346/22346]

The name is too long, 144 chars total.
Trying to shorten...
New name is ScriptResource.axd?d=Ors7hsQZYH1jZkU7BtuIxyFueJSwndS0oZ7Ad9UrTcEINqQMYY-2JzCUdR_pHnFFHeyAdeilhkNB1f0c3vNeyJNt7t-wD55Tpns3VcZ23u.
The name is too long, 144 chars total.
Trying to shorten...
New name is ScriptResource.axd?d=Ors7hsQZYH1jZkU7BtuIxyFueJSwndS0oZ7Ad9UrTcEINqQMYY-2JzCUdR_pHnFFHeyAdeilhkNB1f0c3vNeyJNt7t-wD55Tpns3VcZ23u.
--2012-12-22 05:18:18--  http://www.scmagazine.com/ScriptResource.axd?d=Ors7hsQZYH1jZkU7BtuIxyFueJSwndS0oZ7Ad9UrTcEINqQMYY-2JzCUdR_pHnFFHeyAdeilhkNB1f0c3vNeyJNt7t-wD55Tpns3VcZ23ub0BvcI0&t=f2cd5c5
Reusing existing connection to www.scmagazine.com:80.
HTTP request sent, awaiting response... 200 OK
Length: 87812 (86K) [application/x-javascript]
Saving to: `code/../crawls/scmagazine.com/Privacy-Policy/raw/www.scmagazine.com/ScriptResource.axd?d=Ors7hsQZYH1jZkU7BtuIxyFueJSwndS0oZ7Ad9UrTcEINqQMYY-2JzCUdR_pHnFFHeyAdeilhkNB1f0c3vNeyJNt7t-wD55Tpns3VcZ23u'

     0K .......... .......... .......... .......... .......... 58% 5.24M 0s
    50K .......... .......... .......... .....                100%  851K=0.05s

2012-12-22 05:18:18 (1.63 MB/s) - `code/../crawls/scmagazine.com/Privacy-Policy/raw/www.scmagazine.com/ScriptResource.axd?d=Ors7hsQZYH1jZkU7BtuIxyFueJSwndS0oZ7Ad9UrTcEINqQMYY-2JzCUdR_pHnFFHeyAdeilhkNB1f0c3vNeyJNt7t-wD55Tpns3VcZ23u' saved [87812/87812]

The name is too long, 166 chars total.
Trying to shorten...
New name is ScriptResource.axd?d=3qv2LJmd_14m59aQ_mkY6f8TWbrY9fdZTl4JcdniS9AIAewniOqXv2Bm6qU6eXTEpU0RumNMzjn7Iz3Kgikju8OT-7QBd2QY2FLCuEF9ae.
The name is too long, 166 chars total.
Trying to shorten...
New name is ScriptResource.axd?d=3qv2LJmd_14m59aQ_mkY6f8TWbrY9fdZTl4JcdniS9AIAewniOqXv2Bm6qU6eXTEpU0RumNMzjn7Iz3Kgikju8OT-7QBd2QY2FLCuEF9ae.
--2012-12-22 05:18:18--  http://www.scmagazine.com/ScriptResource.axd?d=3qv2LJmd_14m59aQ_mkY6f8TWbrY9fdZTl4JcdniS9AIAewniOqXv2Bm6qU6eXTEpU0RumNMzjn7Iz3Kgikju8OT-7QBd2QY2FLCuEF9aei1RY7YDkMBpxba1-tfeA-zYVdpeg2&t=f2cd5c5
Reusing existing connection to www.scmagazine.com:80.
HTTP request sent, awaiting response... 200 OK
Length: 37157 (36K) [application/x-javascript]
Saving to: `code/../crawls/scmagazine.com/Privacy-Policy/raw/www.scmagazine.com/ScriptResource.axd?d=3qv2LJmd_14m59aQ_mkY6f8TWbrY9fdZTl4JcdniS9AIAewniOqXv2Bm6qU6eXTEpU0RumNMzjn7Iz3Kgikju8OT-7QBd2QY2FLCuEF9ae'

     0K .......... .......... .......... ......               100% 11.2M=0.003s

2012-12-22 05:18:18 (11.2 MB/s) - `code/../crawls/scmagazine.com/Privacy-Policy/raw/www.scmagazine.com/ScriptResource.axd?d=3qv2LJmd_14m59aQ_mkY6f8TWbrY9fdZTl4JcdniS9AIAewniOqXv2Bm6qU6eXTEpU0RumNMzjn7Iz3Kgikju8OT-7QBd2QY2FLCuEF9ae' saved [37157/37157]

--2012-12-22 05:18:18--  http://ad.doubleclick.net/adj/scmag.hmktus/sc;log=0;cc=us;pos=101;tile='%20+%20dc_tile%20+%20';sz=728x90;ord='%20+%20ord%20+%20'?
Resolving ad.doubleclick.net... 173.194.34.123, 173.194.34.124
Connecting to ad.doubleclick.net|173.194.34.123|:80... connected.
HTTP request sent, awaiting response... 200 OK
Length: 361 [application/x-javascript]
Saving to: `code/../crawls/scmagazine.com/Privacy-Policy/raw/ad.doubleclick.net/adj/scmag.hmktus/sc;log=0;cc=us;pos=101;tile=\' + dc_tile + \';sz=728x90;ord=\' + ord + \''

     0K                                                       100% 56.2M=0s

2012-12-22 05:18:19 (56.2 MB/s) - `code/../crawls/scmagazine.com/Privacy-Policy/raw/ad.doubleclick.net/adj/scmag.hmktus/sc;log=0;cc=us;pos=101;tile=\' + dc_tile + \';sz=728x90;ord=\' + ord + \'' saved [361/361]

--2012-12-22 05:18:19--  http://ad.doubleclick.net/ad/scmag.hmktus/sc;log=0;cc=us;pos=101;tile=1;sz=728x90;ord=123456789?
Reusing existing connection to ad.doubleclick.net:80.
HTTP request sent, awaiting response... 302 Moved Temporarily
Location: http://s0.2mdn.net/viewad/3433750/F5_728x90_green.jpg [following]
--2012-12-22 05:18:19--  http://s0.2mdn.net/viewad/3433750/F5_728x90_green.jpg
Resolving s0.2mdn.net... 173.194.41.187, 173.194.41.188
Connecting to s0.2mdn.net|173.194.41.187|:80... connected.
HTTP request sent, awaiting response... 200 OK
Length: 33120 (32K) [image/jpeg]
Saving to: `code/../crawls/scmagazine.com/Privacy-Policy/raw/ad.doubleclick.net/ad/scmag.hmktus/sc;log=0;cc=us;pos=101;tile=1;sz=728x90;ord=123456789'

     0K .......... .......... .......... ..                   100% 31.3K=1.0s

2012-12-22 05:18:20 (31.3 KB/s) - `code/../crawls/scmagazine.com/Privacy-Policy/raw/ad.doubleclick.net/ad/scmag.hmktus/sc;log=0;cc=us;pos=101;tile=1;sz=728x90;ord=123456789' saved [33120/33120]

--2012-12-22 05:18:20--  http://www.scmagazine.com/simages/primarynav_shadow.gif
Connecting to www.scmagazine.com|72.32.255.178|:80... connected.
HTTP request sent, awaiting response... 200 OK
Length: 5256 (5.1K) [image/gif]
Saving to: `code/../crawls/scmagazine.com/Privacy-Policy/raw/www.scmagazine.com/simages/primarynav_shadow.gif'

     0K .....                                                 100%  113K=0.05s

2012-12-22 05:18:21 (113 KB/s) - `code/../crawls/scmagazine.com/Privacy-Policy/raw/www.scmagazine.com/simages/primarynav_shadow.gif' saved [5256/5256]

--2012-12-22 05:18:21--  http://www.scmagazine.com/simages/dot.gif
Reusing existing connection to www.scmagazine.com:80.
HTTP request sent, awaiting response... 200 OK
Length: 809 [image/gif]
Saving to: `code/../crawls/scmagazine.com/Privacy-Policy/raw/www.scmagazine.com/simages/dot.gif'

     0K                                                       100%  132M=0s

2012-12-22 05:18:21 (132 MB/s) - `code/../crawls/scmagazine.com/Privacy-Policy/raw/www.scmagazine.com/simages/dot.gif' saved [809/809]

--2012-12-22 05:18:21--  http://www.scmagazine.com/simages/blue_dot.gif
Reusing existing connection to www.scmagazine.com:80.
HTTP request sent, awaiting response... 200 OK
Length: 43 [image/gif]
Saving to: `code/../crawls/scmagazine.com/Privacy-Policy/raw/www.scmagazine.com/simages/blue_dot.gif'

     0K                                                       100% 7.69M=0s

2012-12-22 05:18:21 (7.69 MB/s) - `code/../crawls/scmagazine.com/Privacy-Policy/raw/www.scmagazine.com/simages/blue_dot.gif' saved [43/43]

--2012-12-22 05:18:21--  http://www.scmagazine.com/simages/bkg_comments_bubble.png
Reusing existing connection to www.scmagazine.com:80.
HTTP request sent, awaiting response... 200 OK
Length: 353 [image/png]
Saving to: `code/../crawls/scmagazine.com/Privacy-Policy/raw/www.scmagazine.com/simages/bkg_comments_bubble.png'

     0K                                                       100% 61.2M=0s

2012-12-22 05:18:21 (61.2 MB/s) - `code/../crawls/scmagazine.com/Privacy-Policy/raw/www.scmagazine.com/simages/bkg_comments_bubble.png' saved [353/353]

--2012-12-22 05:18:21--  http://www.scmagazine.com/simages/directory-category-index-bkg.jpg
Reusing existing connection to www.scmagazine.com:80.
HTTP request sent, awaiting response... 200 OK
Length: 415 [image/jpeg]
Saving to: `code/../crawls/scmagazine.com/Privacy-Policy/raw/www.scmagazine.com/simages/directory-category-index-bkg.jpg'

     0K                                                       100% 69.9M=0s

2012-12-22 05:18:21 (69.9 MB/s) - `code/../crawls/scmagazine.com/Privacy-Policy/raw/www.scmagazine.com/simages/directory-category-index-bkg.jpg' saved [415/415]

--2012-12-22 05:18:21--  http://www.scmagazine.com/simages/mpr_stripe_bg.png
Reusing existing connection to www.scmagazine.com:80.
HTTP request sent, awaiting response... 200 OK
Length: 965 [image/png]
Saving to: `code/../crawls/scmagazine.com/Privacy-Policy/raw/www.scmagazine.com/simages/mpr_stripe_bg.png'

     0K                                                       100%  156M=0s

2012-12-22 05:18:21 (156 MB/s) - `code/../crawls/scmagazine.com/Privacy-Policy/raw/www.scmagazine.com/simages/mpr_stripe_bg.png' saved [965/965]

--2012-12-22 05:18:21--  http://www.scmagazine.com/simages/icon_warning.gif
Reusing existing connection to www.scmagazine.com:80.
HTTP request sent, awaiting response... 200 OK
Length: 1998 (2.0K) [image/gif]
Saving to: `code/../crawls/scmagazine.com/Privacy-Policy/raw/www.scmagazine.com/simages/icon_warning.gif'

     0K .                                                     100%  278M=0s

2012-12-22 05:18:21 (278 MB/s) - `code/../crawls/scmagazine.com/Privacy-Policy/raw/www.scmagazine.com/simages/icon_warning.gif' saved [1998/1998]

--2012-12-22 05:18:21--  http://www.scmagazine.com/simages/icon_success.gif
Reusing existing connection to www.scmagazine.com:80.
HTTP request sent, awaiting response... 200 OK
Length: 1033 (1.0K) [image/gif]
Saving to: `code/../crawls/scmagazine.com/Privacy-Policy/raw/www.scmagazine.com/simages/icon_success.gif'

     0K .                                                     100%  166M=0s

2012-12-22 05:18:21 (166 MB/s) - `code/../crawls/scmagazine.com/Privacy-Policy/raw/www.scmagazine.com/simages/icon_success.gif' saved [1033/1033]

--2012-12-22 05:18:21--  http://www.scmagazine.com/simages/ecommbutton.png
Reusing existing connection to www.scmagazine.com:80.
HTTP request sent, awaiting response... 200 OK
Length: 89 [image/png]
Saving to: `code/../crawls/scmagazine.com/Privacy-Policy/raw/www.scmagazine.com/simages/ecommbutton.png'

     0K                                                       100% 16.0M=0s

2012-12-22 05:18:21 (16.0 MB/s) - `code/../crawls/scmagazine.com/Privacy-Policy/raw/www.scmagazine.com/simages/ecommbutton.png' saved [89/89]

--2012-12-22 05:18:21--  http://www.scmagazine.com/simages/ecommcrumbs.gif
Reusing existing connection to www.scmagazine.com:80.
HTTP request sent, awaiting response... 200 OK
Length: 2276 (2.2K) [image/gif]
Saving to: `code/../crawls/scmagazine.com/Privacy-Policy/raw/www.scmagazine.com/simages/ecommcrumbs.gif'

     0K ..                                                    100% 39.7M=0s

2012-12-22 05:18:21 (39.7 MB/s) - `code/../crawls/scmagazine.com/Privacy-Policy/raw/www.scmagazine.com/simages/ecommcrumbs.gif' saved [2276/2276]

--2012-12-22 05:18:21--  http://www.scmagazine.com/simages/box1_bg.png
Reusing existing connection to www.scmagazine.com:80.
HTTP request sent, awaiting response... 200 OK
Length: 139 [image/png]
Saving to: `code/../crawls/scmagazine.com/Privacy-Policy/raw/www.scmagazine.com/simages/box1_bg.png'

     0K                                                       100% 25.6M=0s

2012-12-22 05:18:21 (25.6 MB/s) - `code/../crawls/scmagazine.com/Privacy-Policy/raw/www.scmagazine.com/simages/box1_bg.png' saved [139/139]

--2012-12-22 05:18:21--  http://www.scmagazine.com/simages/box4_bg.gif
Reusing existing connection to www.scmagazine.com:80.
HTTP request sent, awaiting response... 200 OK
Length: 827 [image/gif]
Saving to: `code/../crawls/scmagazine.com/Privacy-Policy/raw/www.scmagazine.com/simages/box4_bg.gif'

     0K                                                       100%  145M=0s

2012-12-22 05:18:21 (145 MB/s) - `code/../crawls/scmagazine.com/Privacy-Policy/raw/www.scmagazine.com/simages/box4_bg.gif' saved [827/827]

--2012-12-22 05:18:21--  http://www.scmagazine.com/simages/box5_bg.gif
Reusing existing connection to www.scmagazine.com:80.
HTTP request sent, awaiting response... 200 OK
Length: 969 [image/gif]
Saving to: `code/../crawls/scmagazine.com/Privacy-Policy/raw/www.scmagazine.com/simages/box5_bg.gif'

     0K                                                       100%  166M=0s

2012-12-22 05:18:21 (166 MB/s) - `code/../crawls/scmagazine.com/Privacy-Policy/raw/www.scmagazine.com/simages/box5_bg.gif' saved [969/969]

--2012-12-22 05:18:21--  http://www.scmagazine.com/simages/medreg_tabline.png
Reusing existing connection to www.scmagazine.com:80.
HTTP request sent, awaiting response... 200 OK
Length: 153 [image/png]
Saving to: `code/../crawls/scmagazine.com/Privacy-Policy/raw/www.scmagazine.com/simages/medreg_tabline.png'

     0K                                                       100% 26.6M=0s

2012-12-22 05:18:21 (26.6 MB/s) - `code/../crawls/scmagazine.com/Privacy-Policy/raw/www.scmagazine.com/simages/medreg_tabline.png' saved [153/153]

--2012-12-22 05:18:21--  http://www.scmagazine.com/simages/medreg_tab.png
Reusing existing connection to www.scmagazine.com:80.
HTTP request sent, awaiting response... 200 OK
Length: 417 [image/png]
Saving to: `code/../crawls/scmagazine.com/Privacy-Policy/raw/www.scmagazine.com/simages/medreg_tab.png'

     0K                                                       100% 75.3M=0s

2012-12-22 05:18:21 (75.3 MB/s) - `code/../crawls/scmagazine.com/Privacy-Policy/raw/www.scmagazine.com/simages/medreg_tab.png' saved [417/417]

--2012-12-22 05:18:21--  http://www.scmagazine.com/css/non-existing.jpg
Reusing existing connection to www.scmagazine.com:80.
HTTP request sent, awaiting response... 404 Page Not Found
2012-12-22 05:18:22 ERROR 404: Page Not Found.

--2012-12-22 05:18:22--  http://www.scmagazine.com/simages/arrow_left_slideshow.png
Connecting to www.scmagazine.com|72.32.255.178|:80... connected.
HTTP request sent, awaiting response... 200 OK
Length: 3203 (3.1K) [image/png]
Saving to: `code/../crawls/scmagazine.com/Privacy-Policy/raw/www.scmagazine.com/simages/arrow_left_slideshow.png'

     0K ...                                                   100% 70.4K=0.04s

2012-12-22 05:18:22 (70.4 KB/s) - `code/../crawls/scmagazine.com/Privacy-Policy/raw/www.scmagazine.com/simages/arrow_left_slideshow.png' saved [3203/3203]

--2012-12-22 05:18:22--  http://www.scmagazine.com/simages/arrow_right_slideshow.png
Reusing existing connection to www.scmagazine.com:80.
HTTP request sent, awaiting response... 200 OK
Length: 3233 (3.2K) [image/png]
Saving to: `code/../crawls/scmagazine.com/Privacy-Policy/raw/www.scmagazine.com/simages/arrow_right_slideshow.png'

     0K ...                                                   100% 54.8M=0s

2012-12-22 05:18:22 (54.8 MB/s) - `code/../crawls/scmagazine.com/Privacy-Policy/raw/www.scmagazine.com/simages/arrow_right_slideshow.png' saved [3233/3233]

--2012-12-22 05:18:22--  http://www.scmagazine.com/simages/ss_scroll_left.gif
Reusing existing connection to www.scmagazine.com:80.
HTTP request sent, awaiting response... 200 OK
Length: 675 [image/gif]
Saving to: `code/../crawls/scmagazine.com/Privacy-Policy/raw/www.scmagazine.com/simages/ss_scroll_left.gif'

     0K                                                       100%  119M=0s

2012-12-22 05:18:22 (119 MB/s) - `code/../crawls/scmagazine.com/Privacy-Policy/raw/www.scmagazine.com/simages/ss_scroll_left.gif' saved [675/675]

--2012-12-22 05:18:22--  http://www.scmagazine.com/simages/ss_scroll_right.gif
Reusing existing connection to www.scmagazine.com:80.
HTTP request sent, awaiting response... 200 OK
Length: 688 [image/gif]
Saving to: `code/../crawls/scmagazine.com/Privacy-Policy/raw/www.scmagazine.com/simages/ss_scroll_right.gif'

     0K                                                       100%  122M=0s

2012-12-22 05:18:22 (122 MB/s) - `code/../crawls/scmagazine.com/Privacy-Policy/raw/www.scmagazine.com/simages/ss_scroll_right.gif' saved [688/688]

--2012-12-22 05:18:22--  http://www.scmagazine.com/simages/cf_searchbuttonbg.png
Reusing existing connection to www.scmagazine.com:80.
HTTP request sent, awaiting response... 200 OK
Length: 307 [image/png]
Saving to: `code/../crawls/scmagazine.com/Privacy-Policy/raw/www.scmagazine.com/simages/cf_searchbuttonbg.png'

     0K                                                       100% 53.6M=0s

2012-12-22 05:18:22 (53.6 MB/s) - `code/../crawls/scmagazine.com/Privacy-Policy/raw/www.scmagazine.com/simages/cf_searchbuttonbg.png' saved [307/307]

--2012-12-22 05:18:22--  http://www.scmagazine.com/simages/lightbox-header-bg.gif
Reusing existing connection to www.scmagazine.com:80.
HTTP request sent, awaiting response... 200 OK
Length: 1218 (1.2K) [image/gif]
Saving to: `code/../crawls/scmagazine.com/Privacy-Policy/raw/www.scmagazine.com/simages/lightbox-header-bg.gif'

     0K .                                                     100%  167M=0s

2012-12-22 05:18:22 (167 MB/s) - `code/../crawls/scmagazine.com/Privacy-Policy/raw/www.scmagazine.com/simages/lightbox-header-bg.gif' saved [1218/1218]

--2012-12-22 05:18:22--  http://www.scmagazine.com/simages/lightbox-close.gif
Reusing existing connection to www.scmagazine.com:80.
HTTP request sent, awaiting response... 200 OK
Length: 1221 (1.2K) [image/gif]
Saving to: `code/../crawls/scmagazine.com/Privacy-Policy/raw/www.scmagazine.com/simages/lightbox-close.gif'

     0K .                                                     100%  177M=0s

2012-12-22 05:18:22 (177 MB/s) - `code/../crawls/scmagazine.com/Privacy-Policy/raw/www.scmagazine.com/simages/lightbox-close.gif' saved [1221/1221]

--2012-12-22 05:18:22--  http://www.scmagazine.com/simages/tooltip-top.png
Reusing existing connection to www.scmagazine.com:80.
HTTP request sent, awaiting response... 200 OK
Length: 964 [image/png]
Saving to: `code/../crawls/scmagazine.com/Privacy-Policy/raw/www.scmagazine.com/simages/tooltip-top.png'

     0K                                                       100%  157M=0s

2012-12-22 05:18:22 (157 MB/s) - `code/../crawls/scmagazine.com/Privacy-Policy/raw/www.scmagazine.com/simages/tooltip-top.png' saved [964/964]

--2012-12-22 05:18:22--  http://www.scmagazine.com/simages/tooltip-middle.png
Reusing existing connection to www.scmagazine.com:80.
HTTP request sent, awaiting response... 200 OK
Length: 982 [image/png]
Saving to: `code/../crawls/scmagazine.com/Privacy-Policy/raw/www.scmagazine.com/simages/tooltip-middle.png'

     0K                                                       100%  169M=0s

2012-12-22 05:18:22 (169 MB/s) - `code/../crawls/scmagazine.com/Privacy-Policy/raw/www.scmagazine.com/simages/tooltip-middle.png' saved [982/982]

--2012-12-22 05:18:22--  http://www.scmagazine.com/simages/tooltip-bottom.png
Reusing existing connection to www.scmagazine.com:80.
HTTP request sent, awaiting response... 200 OK
Length: 1129 (1.1K) [image/png]
Saving to: `code/../crawls/scmagazine.com/Privacy-Policy/raw/www.scmagazine.com/simages/tooltip-bottom.png'

     0K .                                                     100%  163M=0s

2012-12-22 05:18:22 (163 MB/s) - `code/../crawls/scmagazine.com/Privacy-Policy/raw/www.scmagazine.com/simages/tooltip-bottom.png' saved [1129/1129]

--2012-12-22 05:18:22--  http://www.scmagazine.com/simages/footerbg.jpg
Reusing existing connection to www.scmagazine.com:80.
HTTP request sent, awaiting response... 200 OK
Length: 413 [image/jpeg]
Saving to: `code/../crawls/scmagazine.com/Privacy-Policy/raw/www.scmagazine.com/simages/footerbg.jpg'

     0K                                                       100% 68.9M=0s

2012-12-22 05:18:22 (68.9 MB/s) - `code/../crawls/scmagazine.com/Privacy-Policy/raw/www.scmagazine.com/simages/footerbg.jpg' saved [413/413]

--2012-12-22 05:18:22--  http://www.scmagazine.com/simages/sc_primarynavbg.gif
Reusing existing connection to www.scmagazine.com:80.
HTTP request sent, awaiting response... 200 OK
Length: 832 [image/gif]
Saving to: `code/../crawls/scmagazine.com/Privacy-Policy/raw/www.scmagazine.com/simages/sc_primarynavbg.gif'

     0K                                                       100%  148M=0s

2012-12-22 05:18:22 (148 MB/s) - `code/../crawls/scmagazine.com/Privacy-Policy/raw/www.scmagazine.com/simages/sc_primarynavbg.gif' saved [832/832]

--2012-12-22 05:18:22--  http://www.scmagazine.com/simages/sc_headerbg.gif
Reusing existing connection to www.scmagazine.com:80.
HTTP request sent, awaiting response... 200 OK
Length: 977 [image/gif]
Saving to: `code/../crawls/scmagazine.com/Privacy-Policy/raw/www.scmagazine.com/simages/sc_headerbg.gif'

     0K                                                       100%  166M=0s

2012-12-22 05:18:22 (166 MB/s) - `code/../crawls/scmagazine.com/Privacy-Policy/raw/www.scmagazine.com/simages/sc_headerbg.gif' saved [977/977]

--2012-12-22 05:18:22--  http://www.scmagazine.com/simages/sc_searchbuttonbg.png
Reusing existing connection to www.scmagazine.com:80.
HTTP request sent, awaiting response... 200 OK
Length: 307 [image/png]
Saving to: `code/../crawls/scmagazine.com/Privacy-Policy/raw/www.scmagazine.com/simages/sc_searchbuttonbg.png'

     0K                                                       100% 54.1M=0s

2012-12-22 05:18:22 (54.1 MB/s) - `code/../crawls/scmagazine.com/Privacy-Policy/raw/www.scmagazine.com/simages/sc_searchbuttonbg.png' saved [307/307]

--2012-12-22 05:18:22--  http://www.scmagazine.com/simages/sc_li_bullet.gif
Reusing existing connection to www.scmagazine.com:80.
HTTP request sent, awaiting response... 200 OK
Length: 830 [image/gif]
Saving to: `code/../crawls/scmagazine.com/Privacy-Policy/raw/www.scmagazine.com/simages/sc_li_bullet.gif'

     0K                                                       100%  128M=0s

2012-12-22 05:18:22 (128 MB/s) - `code/../crawls/scmagazine.com/Privacy-Policy/raw/www.scmagazine.com/simages/sc_li_bullet.gif' saved [830/830]

--2012-12-22 05:18:22--  http://www.scmagazine.com/simages/sc_li_bullet_on.gif
Reusing existing connection to www.scmagazine.com:80.
HTTP request sent, awaiting response... 200 OK
Length: 830 [image/gif]
Saving to: `code/../crawls/scmagazine.com/Privacy-Policy/raw/www.scmagazine.com/simages/sc_li_bullet_on.gif'

     0K                                                       100%  134M=0s

2012-12-22 05:18:23 (134 MB/s) - `code/../crawls/scmagazine.com/Privacy-Policy/raw/www.scmagazine.com/simages/sc_li_bullet_on.gif' saved [830/830]

--2012-12-22 05:18:23--  http://www.scmagazine.com/js/fancybox/fancybox.png
Reusing existing connection to www.scmagazine.com:80.
HTTP request sent, awaiting response... 200 OK
Length: 15287 (15K) [image/png]
Saving to: `code/../crawls/scmagazine.com/Privacy-Policy/raw/www.scmagazine.com/js/fancybox/fancybox.png'

     0K .......... ....                                       100% 13.3M=0.001s

2012-12-22 05:18:23 (13.3 MB/s) - `code/../crawls/scmagazine.com/Privacy-Policy/raw/www.scmagazine.com/js/fancybox/fancybox.png' saved [15287/15287]

--2012-12-22 05:18:23--  http://www.scmagazine.com/js/fancybox/blank.gif
Reusing existing connection to www.scmagazine.com:80.
HTTP request sent, awaiting response... 200 OK
Length: 43 [image/gif]
Saving to: `code/../crawls/scmagazine.com/Privacy-Policy/raw/www.scmagazine.com/js/fancybox/blank.gif'

     0K                                                       100% 7.76M=0s

2012-12-22 05:18:23 (7.76 MB/s) - `code/../crawls/scmagazine.com/Privacy-Policy/raw/www.scmagazine.com/js/fancybox/blank.gif' saved [43/43]

--2012-12-22 05:18:23--  http://www.scmagazine.com/js/fancybox/fancybox-x.png
Reusing existing connection to www.scmagazine.com:80.
HTTP request sent, awaiting response... 200 OK
Length: 203 [image/png]
Saving to: `code/../crawls/scmagazine.com/Privacy-Policy/raw/www.scmagazine.com/js/fancybox/fancybox-x.png'

     0K                                                       100% 36.3M=0s

2012-12-22 05:18:23 (36.3 MB/s) - `code/../crawls/scmagazine.com/Privacy-Policy/raw/www.scmagazine.com/js/fancybox/fancybox-x.png' saved [203/203]

--2012-12-22 05:18:23--  http://www.scmagazine.com/js/fancybox/fancybox-y.png
Reusing existing connection to www.scmagazine.com:80.
HTTP request sent, awaiting response... 200 OK
Length: 176 [image/png]
Saving to: `code/../crawls/scmagazine.com/Privacy-Policy/raw/www.scmagazine.com/js/fancybox/fancybox-y.png'

     0K                                                       100% 32.5M=0s

2012-12-22 05:18:23 (32.5 MB/s) - `code/../crawls/scmagazine.com/Privacy-Policy/raw/www.scmagazine.com/js/fancybox/fancybox-y.png' saved [176/176]

--2012-12-22 05:18:23--  http://www.scmagazine.com/js/fancybox/fancy_title_over.png
Reusing existing connection to www.scmagazine.com:80.
HTTP request sent, awaiting response... 200 OK
Length: 70 [image/png]
Saving to: `code/../crawls/scmagazine.com/Privacy-Policy/raw/www.scmagazine.com/js/fancybox/fancy_title_over.png'

     0K                                                       100% 12.7M=0s

2012-12-22 05:18:23 (12.7 MB/s) - `code/../crawls/scmagazine.com/Privacy-Policy/raw/www.scmagazine.com/js/fancybox/fancy_title_over.png' saved [70/70]

--2012-12-22 05:18:23--  http://www.scmagazine.com/css/Html5Player/bigplay.png
Reusing existing connection to www.scmagazine.com:80.
HTTP request sent, awaiting response... 200 OK
Length: 3001 (2.9K) [image/png]
Saving to: `code/../crawls/scmagazine.com/Privacy-Policy/raw/www.scmagazine.com/css/Html5Player/bigplay.png'

     0K ..                                                    100% 51.7M=0s

2012-12-22 05:18:23 (51.7 MB/s) - `code/../crawls/scmagazine.com/Privacy-Policy/raw/www.scmagazine.com/css/Html5Player/bigplay.png' saved [3001/3001]

--2012-12-22 05:18:23--  http://www.scmagazine.com/css/Html5Player/background.png
Reusing existing connection to www.scmagazine.com:80.
HTTP request sent, awaiting response... 200 OK
Length: 166 [image/png]
Saving to: `code/../crawls/scmagazine.com/Privacy-Policy/raw/www.scmagazine.com/css/Html5Player/background.png'

     0K                                                       100% 28.9M=0s

2012-12-22 05:18:23 (28.9 MB/s) - `code/../crawls/scmagazine.com/Privacy-Policy/raw/www.scmagazine.com/css/Html5Player/background.png' saved [166/166]

--2012-12-22 05:18:23--  http://www.scmagazine.com/css/Html5Player/loading.gif
Reusing existing connection to www.scmagazine.com:80.
HTTP request sent, awaiting response... 200 OK
Length: 6224 (6.1K) [image/gif]
Saving to: `code/../crawls/scmagazine.com/Privacy-Policy/raw/www.scmagazine.com/css/Html5Player/loading.gif'

     0K ......                                                100% 20.2M=0s

2012-12-22 05:18:23 (20.2 MB/s) - `code/../crawls/scmagazine.com/Privacy-Policy/raw/www.scmagazine.com/css/Html5Player/loading.gif' saved [6224/6224]

--2012-12-22 05:18:23--  http://www.scmagazine.com/css/Html5Player/controls.png
Reusing existing connection to www.scmagazine.com:80.
HTTP request sent, awaiting response... 200 OK
Length: 654 [image/png]
Saving to: `code/../crawls/scmagazine.com/Privacy-Policy/raw/www.scmagazine.com/css/Html5Player/controls.png'

     0K                                                       100%  111M=0s

2012-12-22 05:18:23 (111 MB/s) - `code/../crawls/scmagazine.com/Privacy-Policy/raw/www.scmagazine.com/css/Html5Player/controls.png' saved [654/654]

--2012-12-22 05:18:23--  http://www.scmagazine.com/css/Html5Player/controls-ted.png
Reusing existing connection to www.scmagazine.com:80.
HTTP request sent, awaiting response... 200 OK
Length: 1559 (1.5K) [image/png]
Saving to: `code/../crawls/scmagazine.com/Privacy-Policy/raw/www.scmagazine.com/css/Html5Player/controls-ted.png'

     0K .                                                     100%  213M=0s

2012-12-22 05:18:23 (213 MB/s) - `code/../crawls/scmagazine.com/Privacy-Policy/raw/www.scmagazine.com/css/Html5Player/controls-ted.png' saved [1559/1559]

--2012-12-22 05:18:23--  http://www.scmagazine.com/css/Html5Player/controls-wmp-bg.png
Reusing existing connection to www.scmagazine.com:80.
HTTP request sent, awaiting response... 200 OK
Length: 1960 (1.9K) [image/png]
Saving to: `code/../crawls/scmagazine.com/Privacy-Policy/raw/www.scmagazine.com/css/Html5Player/controls-wmp-bg.png'

     0K .                                                     100%  287M=0s

2012-12-22 05:18:23 (287 MB/s) - `code/../crawls/scmagazine.com/Privacy-Policy/raw/www.scmagazine.com/css/Html5Player/controls-wmp-bg.png' saved [1960/1960]

--2012-12-22 05:18:23--  http://www.scmagazine.com/css/Html5Player/controls-wmp.png
Reusing existing connection to www.scmagazine.com:80.
HTTP request sent, awaiting response... 200 OK
Length: 5511 (5.4K) [image/png]
Saving to: `code/../crawls/scmagazine.com/Privacy-Policy/raw/www.scmagazine.com/css/Html5Player/controls-wmp.png'

     0K .....                                                 100% 5.13M=0.001s

2012-12-22 05:18:23 (5.13 MB/s) - `code/../crawls/scmagazine.com/Privacy-Policy/raw/www.scmagazine.com/css/Html5Player/controls-wmp.png' saved [5511/5511]

FINISHED --2012-12-22 05:18:23--
Total wall clock time: 7.6s
Downloaded: 63 files, 668K in 2.0s (330 KB/s)
Converting code/../crawls/scmagazine.com/Privacy-Policy/raw/www.scmagazine.com/privacypolicy/index.html... 23-0
Converting code/../crawls/scmagazine.com/Privacy-Policy/raw/www.scmagazine.com/css/Html5Player/mediaelementplayer.min.css... 9-0
Converting code/../crawls/scmagazine.com/Privacy-Policy/raw/www.scmagazine.com/css/Html5Player/mejs-skins.css... 17-0
Converting code/../crawls/scmagazine.com/Privacy-Policy/raw/www.scmagazine.com/js/fancybox/jquery.fancybox-1.3.4.css?4737195174.css... 17-0
Converting code/../crawls/scmagazine.com/Privacy-Policy/raw/www.scmagazine.com/css/scmagazine.css?4737195174.css... 10-0
Converting code/../crawls/scmagazine.com/Privacy-Policy/raw/www.scmagazine.com/css/layout.css?4737195174.css... 34-1
Converted 6 files in 0.008 seconds.
