--2013-01-02 05:13:47--  http://www.theregister.co.uk/about/company/privacy/
Resolving www.theregister.co.uk... 50.57.15.204
Connecting to www.theregister.co.uk|50.57.15.204|:80... connected.
HTTP request sent, awaiting response... 200 OK
Length: unspecified [text/html]
Saving to: `code/../crawls/theregister.co.uk/Privacy-Policy/raw/www.theregister.co.uk/about/company/privacy/index.html'

     0K .......... ......                                       152K=0.1s

2013-01-02 05:13:49 (152 KB/s) - `code/../crawls/theregister.co.uk/Privacy-Policy/raw/www.theregister.co.uk/about/company/privacy/index.html' saved [16575]

--2013-01-02 05:13:49--  http://www.theregister.co.uk/style_picker/design?v
Reusing existing connection to www.theregister.co.uk:80.
HTTP request sent, awaiting response... 302 Found
Location: http://www.theregister.co.uk/Design/style/design/gecko.css?v [following]
--2013-01-02 05:13:49--  http://www.theregister.co.uk/Design/style/design/gecko.css?v
Reusing existing connection to www.theregister.co.uk:80.
HTTP request sent, awaiting response... 200 OK
Length: 80356 (78K) [text/css]
Saving to: `code/../crawls/theregister.co.uk/Privacy-Policy/raw/www.theregister.co.uk/style_picker/design?v.css'

     0K .......... .......... .......... .......... .......... 63%  463K 0s
    50K .......... .......... ........                        100%  529K=0.2s

2013-01-02 05:13:49 (485 KB/s) - `code/../crawls/theregister.co.uk/Privacy-Policy/raw/www.theregister.co.uk/style_picker/design?v.css' saved [80356/80356]

--2013-01-02 05:13:49--  http://www.theregister.co.uk/Design/javascript/_.js?s
Reusing existing connection to www.theregister.co.uk:80.
HTTP request sent, awaiting response... 200 OK
Length: 167730 (164K) [application/javascript]
Saving to: `code/../crawls/theregister.co.uk/Privacy-Policy/raw/www.theregister.co.uk/Design/javascript/_.js?s'

     0K .......... .......... .......... .......... .......... 30%  912K 0s
    50K .......... .......... .......... .......... .......... 61% 6.37M 0s
   100K .......... .......... .......... .......... .......... 91%  929K 0s
   150K .......... ...                                        100% 5.98M=0.1s

2013-01-02 05:13:49 (1.35 MB/s) - `code/../crawls/theregister.co.uk/Privacy-Policy/raw/www.theregister.co.uk/Design/javascript/_.js?s' saved [167730/167730]

--2013-01-02 05:13:49--  http://www.theregister.co.uk/_data+US.js
Reusing existing connection to www.theregister.co.uk:80.
HTTP request sent, awaiting response... 200 OK
Length: 3839 (3.7K) [application/javascript]
Saving to: `code/../crawls/theregister.co.uk/Privacy-Policy/raw/www.theregister.co.uk/_data+US.js'

     0K ...                                                   100% 23.0M=0s

2013-01-02 05:13:49 (23.0 MB/s) - `code/../crawls/theregister.co.uk/Privacy-Policy/raw/www.theregister.co.uk/_data+US.js' saved [3839/3839]

--2013-01-02 05:13:49--  http://www.theregister.co.uk/favicon.ico
Reusing existing connection to www.theregister.co.uk:80.
HTTP request sent, awaiting response... 200 OK
Length: 894 [image/x-icon]
Saving to: `code/../crawls/theregister.co.uk/Privacy-Policy/raw/www.theregister.co.uk/favicon.ico'

     0K                                                       100%  141M=0s

2013-01-02 05:13:49 (141 MB/s) - `code/../crawls/theregister.co.uk/Privacy-Policy/raw/www.theregister.co.uk/favicon.ico' saved [894/894]

--2013-01-02 05:13:49--  http://www.theregister.co.uk/Design/graphics/std/logo_414_80.png
Reusing existing connection to www.theregister.co.uk:80.
HTTP request sent, awaiting response... 200 OK
Length: 12553 (12K) [image/png]
Saving to: `code/../crawls/theregister.co.uk/Privacy-Policy/raw/www.theregister.co.uk/Design/graphics/std/logo_414_80.png'

     0K .......... ..                                         100% 11.8M=0.001s

2013-01-02 05:13:49 (11.8 MB/s) - `code/../crawls/theregister.co.uk/Privacy-Policy/raw/www.theregister.co.uk/Design/graphics/std/logo_414_80.png' saved [12553/12553]

--2013-01-02 05:13:49--  http://www.theregister.co.uk/Design/graphics/std/feed-icon-28x28.png
Reusing existing connection to www.theregister.co.uk:80.
HTTP request sent, awaiting response... 200 OK
Length: 1737 (1.7K) [image/png]
Saving to: `code/../crawls/theregister.co.uk/Privacy-Policy/raw/www.theregister.co.uk/Design/graphics/std/feed-icon-28x28.png'

     0K .                                                     100%  247M=0s

2013-01-02 05:13:49 (247 MB/s) - `code/../crawls/theregister.co.uk/Privacy-Policy/raw/www.theregister.co.uk/Design/graphics/std/feed-icon-28x28.png' saved [1737/1737]

--2013-01-02 05:13:49--  http://www.theregister.co.uk/Design/graphics/std/strap.png
Reusing existing connection to www.theregister.co.uk:80.
HTTP request sent, awaiting response... 200 OK
Length: 4548 (4.4K) [image/png]
Saving to: `code/../crawls/theregister.co.uk/Privacy-Policy/raw/www.theregister.co.uk/Design/graphics/std/strap.png'

     0K ....                                                  100% 14.6M=0s

2013-01-02 05:13:49 (14.6 MB/s) - `code/../crawls/theregister.co.uk/Privacy-Policy/raw/www.theregister.co.uk/Design/graphics/std/strap.png' saved [4548/4548]

The name is too long, 149 chars total.
Trying to shorten...
New name is ad?iu=%2F6978%2Freg_misc%2Fabout&sz=728x90&tile=1&c=11UOQyjawQrMsAAFummB0AAAKH&t=ct%3Dns%26unitnum%3D1%26pos%3Dtop%26gunit%3Dus.
The name is too long, 149 chars total.
Trying to shorten...
New name is ad?iu=%2F6978%2Freg_misc%2Fabout&sz=728x90&tile=1&c=11UOQyjawQrMsAAFummB0AAAKH&t=ct%3Dns%26unitnum%3D1%26pos%3Dtop%26gunit%3Dus.
--2013-01-02 05:13:49--  http://pubads.g.doubleclick.net/gampad/ad?iu=/6978/reg_misc/about&sz=728x90&tile=1&c=11UOQyjawQrMsAAFummB0AAAKH&t=ct%3Dns%26unitnum%3D1%26pos%3Dtop%26gunit%3Dus_top_leader%26test%3D0
Resolving pubads.g.doubleclick.net... 173.194.69.155, 173.194.69.156, 173.194.69.157, ...
Connecting to pubads.g.doubleclick.net|173.194.69.155|:80... connected.
HTTP request sent, awaiting response... 200 OK
Length: 42 [image/gif]
Saving to: `code/../crawls/theregister.co.uk/Privacy-Policy/raw/pubads.g.doubleclick.net/gampad/ad?iu=%2F6978%2Freg_misc%2Fabout&sz=728x90&tile=1&c=11UOQyjawQrMsAAFummB0AAAKH&t=ct%3Dns%26unitnum%3D1%26pos%3Dtop%26gunit%3Dus'

     0K                                                       100% 6.89M=0s

2013-01-02 05:13:50 (6.89 MB/s) - `code/../crawls/theregister.co.uk/Privacy-Policy/raw/pubads.g.doubleclick.net/gampad/ad?iu=%2F6978%2Freg_misc%2Fabout&sz=728x90&tile=1&c=11UOQyjawQrMsAAFummB0AAAKH&t=ct%3Dns%26unitnum%3D1%26pos%3Dtop%26gunit%3Dus' saved [42/42]

--2013-01-02 05:13:50--  http://www.theregister.co.uk/Design/graphics/icons/alert_button.png
Connecting to www.theregister.co.uk|50.57.15.204|:80... connected.
HTTP request sent, awaiting response... 200 OK
Length: 499 [image/png]
Saving to: `code/../crawls/theregister.co.uk/Privacy-Policy/raw/www.theregister.co.uk/Design/graphics/icons/alert_button.png'

     0K                                                       100% 79.4M=0s

2013-01-02 05:13:50 (79.4 MB/s) - `code/../crawls/theregister.co.uk/Privacy-Policy/raw/www.theregister.co.uk/Design/graphics/icons/alert_button.png' saved [499/499]

--2013-01-02 05:13:50--  http://www.theregister.co.uk/Design/graphics/icons/print_button.png
Reusing existing connection to www.theregister.co.uk:80.
HTTP request sent, awaiting response... 200 OK
Length: 464 [image/png]
Saving to: `code/../crawls/theregister.co.uk/Privacy-Policy/raw/www.theregister.co.uk/Design/graphics/icons/print_button.png'

     0K                                                       100% 79.0M=0s

2013-01-02 05:13:50 (79.0 MB/s) - `code/../crawls/theregister.co.uk/Privacy-Policy/raw/www.theregister.co.uk/Design/graphics/icons/print_button.png' saved [464/464]

--2013-01-02 05:13:50--  http://www.facebook.com/plugins/like.php?href=http://reg.cx/1v7Z&layout=button_count&show_faces=false&width=90&action=like&colorscheme=light&height=20
Resolving www.facebook.com... 66.220.152.40, 2a03:2880:2110:9f01:face:b00c:0:4
Connecting to www.facebook.com|66.220.152.40|:80... connected.
HTTP request sent, awaiting response... 200 OK
Length: unspecified [text/html]
Saving to: `code/../crawls/theregister.co.uk/Privacy-Policy/raw/www.facebook.com/plugins/like.php?href=http:%2F%2Freg.cx%2F1v7Z&layout=button_count&show_faces=false&width=90&action=like&colorscheme=light&height=20.html'

     0K ..........                                              143K=0.08s

2013-01-02 05:13:50 (143 KB/s) - `code/../crawls/theregister.co.uk/Privacy-Policy/raw/www.facebook.com/plugins/like.php?href=http:%2F%2Freg.cx%2F1v7Z&layout=button_count&show_faces=false&width=90&action=like&colorscheme=light&height=20.html' saved [11188]

--2013-01-02 05:13:50--  https://platform.twitter.com/widgets/tweet_button.html?via=regvulture&text=Your%20Privacy%20and%20The%20Register&count=horizontal&related=ChannelReg
Resolving platform.twitter.com... 23.56.127.144
Connecting to platform.twitter.com|23.56.127.144|:443... connected.
HTTP request sent, awaiting response... 200 OK
Length: unspecified [text/html]
Saving to: `code/../crawls/theregister.co.uk/Privacy-Policy/raw/platform.twitter.com/widgets/tweet_button.html?via=regvulture&text=Your%20Privacy%20and%20The%20Register&count=horizontal&related=ChannelReg.html'

     0K .......... .......... .......... .......... .......... 5.11M
    50K ........                                                172M=0.01s

2013-01-02 05:13:50 (5.90 MB/s) - `code/../crawls/theregister.co.uk/Privacy-Policy/raw/platform.twitter.com/widgets/tweet_button.html?via=regvulture&text=Your%20Privacy%20and%20The%20Register&count=horizontal&related=ChannelReg.html' saved [59444]

--2013-01-02 05:13:50--  http://www.theregister.co.uk/Design/graphics/std/correction.png
Connecting to www.theregister.co.uk|50.57.15.204|:80... connected.
HTTP request sent, awaiting response... 200 OK
Length: 373 [image/png]
Saving to: `code/../crawls/theregister.co.uk/Privacy-Policy/raw/www.theregister.co.uk/Design/graphics/std/correction.png'

     0K                                                       100% 56.2M=0s

2013-01-02 05:13:50 (56.2 MB/s) - `code/../crawls/theregister.co.uk/Privacy-Policy/raw/www.theregister.co.uk/Design/graphics/std/correction.png' saved [373/373]

The name is too long, 149 chars total.
Trying to shorten...
New name is ad?iu=%2F6978%2Freg_misc%2Fabout&sz=728x90&tile=5&c=55UOQyjawQrMsAAFummB0AAAKH&t=ct%3Dns%26unitnum%3D5%26pos%3Dbtm%26gunit%3Dus.
The name is too long, 149 chars total.
Trying to shorten...
New name is ad?iu=%2F6978%2Freg_misc%2Fabout&sz=728x90&tile=5&c=55UOQyjawQrMsAAFummB0AAAKH&t=ct%3Dns%26unitnum%3D5%26pos%3Dbtm%26gunit%3Dus.
--2013-01-02 05:13:50--  http://pubads.g.doubleclick.net/gampad/ad?iu=/6978/reg_misc/about&sz=728x90&tile=5&c=55UOQyjawQrMsAAFummB0AAAKH&t=ct%3Dns%26unitnum%3D5%26pos%3Dbtm%26gunit%3Dus_btm_leader%26test%3D0
Connecting to pubads.g.doubleclick.net|173.194.69.155|:80... connected.
HTTP request sent, awaiting response... 200 OK
Length: 42 [image/gif]
Saving to: `code/../crawls/theregister.co.uk/Privacy-Policy/raw/pubads.g.doubleclick.net/gampad/ad?iu=%2F6978%2Freg_misc%2Fabout&sz=728x90&tile=5&c=55UOQyjawQrMsAAFummB0AAAKH&t=ct%3Dns%26unitnum%3D5%26pos%3Dbtm%26gunit%3Dus'

     0K                                                       100% 6.52M=0s

2013-01-02 05:13:51 (6.52 MB/s) - `code/../crawls/theregister.co.uk/Privacy-Policy/raw/pubads.g.doubleclick.net/gampad/ad?iu=%2F6978%2Freg_misc%2Fabout&sz=728x90&tile=5&c=55UOQyjawQrMsAAFummB0AAAKH&t=ct%3Dns%26unitnum%3D5%26pos%3Dbtm%26gunit%3Dus' saved [42/42]

--2013-01-02 05:13:51--  http://www.theregister.co.uk/Design/graphics/icons/facebook28.png
Connecting to www.theregister.co.uk|50.57.15.204|:80... connected.
HTTP request sent, awaiting response... 200 OK
Length: 1297 (1.3K) [image/png]
Saving to: `code/../crawls/theregister.co.uk/Privacy-Policy/raw/www.theregister.co.uk/Design/graphics/icons/facebook28.png'

     0K .                                                     100%  180M=0s

2013-01-02 05:13:51 (180 MB/s) - `code/../crawls/theregister.co.uk/Privacy-Policy/raw/www.theregister.co.uk/Design/graphics/icons/facebook28.png' saved [1297/1297]

--2013-01-02 05:13:51--  http://www.theregister.co.uk/Design/graphics/icons/youtube28.png
Reusing existing connection to www.theregister.co.uk:80.
HTTP request sent, awaiting response... 200 OK
Length: 1551 (1.5K) [image/png]
Saving to: `code/../crawls/theregister.co.uk/Privacy-Policy/raw/www.theregister.co.uk/Design/graphics/icons/youtube28.png'

     0K .                                                     100%  203M=0s

2013-01-02 05:13:51 (203 MB/s) - `code/../crawls/theregister.co.uk/Privacy-Policy/raw/www.theregister.co.uk/Design/graphics/icons/youtube28.png' saved [1551/1551]

--2013-01-02 05:13:51--  http://www.theregister.co.uk/Design/graphics/icons/twitter28.png
Reusing existing connection to www.theregister.co.uk:80.
HTTP request sent, awaiting response... 200 OK
Length: 597 [image/png]
Saving to: `code/../crawls/theregister.co.uk/Privacy-Policy/raw/www.theregister.co.uk/Design/graphics/icons/twitter28.png'

     0K                                                       100%  102M=0s

2013-01-02 05:13:51 (102 MB/s) - `code/../crawls/theregister.co.uk/Privacy-Policy/raw/www.theregister.co.uk/Design/graphics/icons/twitter28.png' saved [597/597]

--2013-01-02 05:13:51--  http://www.theregister.co.uk/Design/graphics/std/transparent_pixel.png
Reusing existing connection to www.theregister.co.uk:80.
HTTP request sent, awaiting response... 200 OK
Length: 68 [image/png]
Saving to: `code/../crawls/theregister.co.uk/Privacy-Policy/raw/www.theregister.co.uk/Design/graphics/std/transparent_pixel.png'

     0K                                                       100% 12.1M=0s

2013-01-02 05:13:51 (12.1 MB/s) - `code/../crawls/theregister.co.uk/Privacy-Policy/raw/www.theregister.co.uk/Design/graphics/std/transparent_pixel.png' saved [68/68]

--2013-01-02 05:13:51--  http://www.theregister.co.uk/Design/graphics/std/logo_147_25.png
Reusing existing connection to www.theregister.co.uk:80.
HTTP request sent, awaiting response... 200 OK
Length: 3217 (3.1K) [image/png]
Saving to: `code/../crawls/theregister.co.uk/Privacy-Policy/raw/www.theregister.co.uk/Design/graphics/std/logo_147_25.png'

     0K ...                                                   100% 18.6M=0s

2013-01-02 05:13:51 (18.6 MB/s) - `code/../crawls/theregister.co.uk/Privacy-Policy/raw/www.theregister.co.uk/Design/graphics/std/logo_147_25.png' saved [3217/3217]

--2013-01-02 05:13:51--  http://www.theregister.co.uk/Design/graphics/std/bofh.png
Reusing existing connection to www.theregister.co.uk:80.
HTTP request sent, awaiting response... 200 OK
Length: 9892 (9.7K) [image/png]
Saving to: `code/../crawls/theregister.co.uk/Privacy-Policy/raw/www.theregister.co.uk/Design/graphics/std/bofh.png'

     0K .........                                             100%  183K=0.05s

2013-01-02 05:13:51 (183 KB/s) - `code/../crawls/theregister.co.uk/Privacy-Policy/raw/www.theregister.co.uk/Design/graphics/std/bofh.png' saved [9892/9892]

--2013-01-02 05:13:51--  http://regmedia.co.uk/2009/11/06/strap-notext.png
Resolving regmedia.co.uk... 50.57.15.204
Reusing existing connection to www.theregister.co.uk:80.
HTTP request sent, awaiting response... 200 OK
Length: 1891 (1.8K) [image/png]
Saving to: `code/../crawls/theregister.co.uk/Privacy-Policy/raw/regmedia.co.uk/2009/11/06/strap-notext.png'

     0K .                                                     100%  252M=0s

2013-01-02 05:13:51 (252 MB/s) - `code/../crawls/theregister.co.uk/Privacy-Policy/raw/regmedia.co.uk/2009/11/06/strap-notext.png' saved [1891/1891]

--2013-01-02 05:13:51--  http://regmedia.co.uk/2012/05/25/cookie_pixel-dark.png
Reusing existing connection to www.theregister.co.uk:80.
HTTP request sent, awaiting response... 200 OK
Length: 78 [image/png]
Saving to: `code/../crawls/theregister.co.uk/Privacy-Policy/raw/regmedia.co.uk/2012/05/25/cookie_pixel-dark.png'

     0K                                                       100% 13.0M=0s

2013-01-02 05:13:51 (13.0 MB/s) - `code/../crawls/theregister.co.uk/Privacy-Policy/raw/regmedia.co.uk/2012/05/25/cookie_pixel-dark.png' saved [78/78]

--2013-01-02 05:13:51--  http://www.theregister.co.uk/Design/graphics/icons/noJavascript.gif
Reusing existing connection to www.theregister.co.uk:80.
HTTP request sent, awaiting response... 200 OK
Length: 13452 (13K) [image/gif]
Saving to: `code/../crawls/theregister.co.uk/Privacy-Policy/raw/www.theregister.co.uk/Design/graphics/icons/noJavascript.gif'

     0K .......... ...                                        100%  250K=0.05s

2013-01-02 05:13:51 (250 KB/s) - `code/../crawls/theregister.co.uk/Privacy-Policy/raw/www.theregister.co.uk/Design/graphics/icons/noJavascript.gif' saved [13452/13452]

--2013-01-02 05:13:51--  http://www.theregister.co.uk/Design/graphics/icons/comment-bubble-count.png
Reusing existing connection to www.theregister.co.uk:80.
HTTP request sent, awaiting response... 200 OK
Length: 175 [image/png]
Saving to: `code/../crawls/theregister.co.uk/Privacy-Policy/raw/www.theregister.co.uk/Design/graphics/icons/comment-bubble-count.png'

     0K                                                       100% 31.3M=0s

2013-01-02 05:13:52 (31.3 MB/s) - `code/../crawls/theregister.co.uk/Privacy-Policy/raw/www.theregister.co.uk/Design/graphics/icons/comment-bubble-count.png' saved [175/175]

--2013-01-02 05:13:52--  http://static.ak.fbcdn.net/rsrc.php/v2/y7/x/IJYgcESal33.png
Resolving static.ak.fbcdn.net... 206.160.170.17, 206.160.170.43, 2600:5:3700:1::cea0:aa2b, ...
Connecting to static.ak.fbcdn.net|206.160.170.17|:80... connected.
HTTP request sent, awaiting response... 200 OK
Length: 5771 (5.6K) [image/png]
Saving to: `code/../crawls/theregister.co.uk/Privacy-Policy/raw/static.ak.fbcdn.net/rsrc.php/v2/y7/x/IJYgcESal33.png'

     0K .....                                                 100% 2.84M=0.002s

2013-01-02 05:13:52 (2.84 MB/s) - `code/../crawls/theregister.co.uk/Privacy-Policy/raw/static.ak.fbcdn.net/rsrc.php/v2/y7/x/IJYgcESal33.png' saved [5771/5771]

--2013-01-02 05:13:52--  http://static.ak.fbcdn.net/rsrc.php/v2/yI/x/1dQf_ATK831.png
Reusing existing connection to static.ak.fbcdn.net:80.
HTTP request sent, awaiting response... 200 OK
Length: 567 [image/png]
Saving to: `code/../crawls/theregister.co.uk/Privacy-Policy/raw/static.ak.fbcdn.net/rsrc.php/v2/yI/x/1dQf_ATK831.png'

     0K                                                       100% 91.8M=0s

2013-01-02 05:13:52 (91.8 MB/s) - `code/../crawls/theregister.co.uk/Privacy-Policy/raw/static.ak.fbcdn.net/rsrc.php/v2/yI/x/1dQf_ATK831.png' saved [567/567]

--2013-01-02 05:13:52--  https://platform.twitter.com/widgets/images/btn.27237bab4db188ca749164efd38861b0.png
Connecting to platform.twitter.com|23.56.127.144|:443... connected.
HTTP request sent, awaiting response... 200 OK
Length: 1707 (1.7K) [image/png]
Saving to: `code/../crawls/theregister.co.uk/Privacy-Policy/raw/platform.twitter.com/widgets/images/btn.27237bab4db188ca749164efd38861b0.png'

     0K .                                                     100%  973M=0s

2013-01-02 05:13:52 (973 MB/s) - `code/../crawls/theregister.co.uk/Privacy-Policy/raw/platform.twitter.com/widgets/images/btn.27237bab4db188ca749164efd38861b0.png' saved [1707/1707]

--2013-01-02 05:13:52--  https://platform.twitter.com/widgets/images/btn.80461603b10bcad420939ef5204c466a.gif
Reusing existing connection to platform.twitter.com:443.
HTTP request sent, awaiting response... 200 OK
Length: 898 [image/gif]
Saving to: `code/../crawls/theregister.co.uk/Privacy-Policy/raw/platform.twitter.com/widgets/images/btn.80461603b10bcad420939ef5204c466a.gif'

     0K                                                       100%  599M=0s

2013-01-02 05:13:52 (599 MB/s) - `code/../crawls/theregister.co.uk/Privacy-Policy/raw/platform.twitter.com/widgets/images/btn.80461603b10bcad420939ef5204c466a.gif' saved [898/898]

FINISHED --2013-01-02 05:13:52--
Total wall clock time: 4.3s
Downloaded: 29 files, 392K in 0.6s (673 KB/s)
Converting code/../crawls/theregister.co.uk/Privacy-Policy/raw/www.theregister.co.uk/about/company/privacy/index.html... 20-24
Converting code/../crawls/theregister.co.uk/Privacy-Policy/raw/platform.twitter.com/widgets/tweet_button.html?via=regvulture&text=Your%20Privacy%20and%20The%20Register&count=horizontal&related=ChannelReg.html... 4-1
Converting code/../crawls/theregister.co.uk/Privacy-Policy/raw/www.facebook.com/plugins/like.php?href=http:%2F%2Freg.cx%2F1v7Z&layout=button_count&show_faces=false&width=90&action=like&colorscheme=light&height=20.html... 2-1
Converting code/../crawls/theregister.co.uk/Privacy-Policy/raw/www.theregister.co.uk/style_picker/design?v.css... 6-0
Converted 4 files in 0.005 seconds.
