--2012-05-10 05:07:26--  https://login.bloomberg.com/pages/privacy
Resolving login.bloomberg.com... 204.179.240.182, 69.191.242.57
Connecting to login.bloomberg.com|204.179.240.182|:443... connected.
HTTP request sent, awaiting response... 200 OK
Length: 18301 (18K) [text/html]
Saving to: `code/../crawls/bloomberg.com/Privacy-Policy/raw/login.bloomberg.com/pages/privacy.html'

     0K .......... .......                                    100%  234K=0.08s

2012-05-10 05:07:26 (234 KB/s) - `code/../crawls/bloomberg.com/Privacy-Policy/raw/login.bloomberg.com/pages/privacy.html' saved [18301/18301]

--2012-05-10 05:07:26--  https://login.bloomberg.com/javascripts/jquery-1.5.1.min.js?1336601970
Reusing existing connection to login.bloomberg.com:443.
HTTP request sent, awaiting response... 200 OK
Length: 85260 (83K) [application/javascript]
Saving to: `code/../crawls/bloomberg.com/Privacy-Policy/raw/login.bloomberg.com/javascripts/jquery-1.5.1.min.js?1336601970'

     0K .......... .......... .......... .......... .......... 60%  620K 0s
    50K .......... .......... .......... ...                  100%  445K=0.2s

2012-05-10 05:07:26 (536 KB/s) - `code/../crawls/bloomberg.com/Privacy-Policy/raw/login.bloomberg.com/javascripts/jquery-1.5.1.min.js?1336601970' saved [85260/85260]

--2012-05-10 05:07:26--  https://login.bloomberg.com/javascripts/social/anywhere.js?id=tSVTR7VHVcztgBl12nwQ&v=1
Reusing existing connection to login.bloomberg.com:443.
HTTP request sent, awaiting response... 200 OK
Length: 7968 (7.8K) [application/javascript]
Saving to: `code/../crawls/bloomberg.com/Privacy-Policy/raw/login.bloomberg.com/javascripts/social/anywhere.js?id=tSVTR7VHVcztgBl12nwQ&v=1'

     0K .......                                               100%  119M=0s

2012-05-10 05:07:27 (119 MB/s) - `code/../crawls/bloomberg.com/Privacy-Policy/raw/login.bloomberg.com/javascripts/social/anywhere.js?id=tSVTR7VHVcztgBl12nwQ&v=1' saved [7968/7968]

--2012-05-10 05:07:27--  https://login.bloomberg.com/javascripts/social/twitter-min.js
Reusing existing connection to login.bloomberg.com:443.
HTTP request sent, awaiting response... 200 OK
Length: 750 [application/javascript]
Saving to: `code/../crawls/bloomberg.com/Privacy-Policy/raw/login.bloomberg.com/javascripts/social/twitter-min.js'

     0K                                                       100%  578M=0s

2012-05-10 05:07:27 (578 MB/s) - `code/../crawls/bloomberg.com/Privacy-Policy/raw/login.bloomberg.com/javascripts/social/twitter-min.js' saved [750/750]

--2012-05-10 05:07:27--  https://login.bloomberg.com/javascripts/main-min.js?1336601983
Reusing existing connection to login.bloomberg.com:443.
HTTP request sent, awaiting response... 200 OK
Length: 263735 (258K) [application/javascript]
Saving to: `code/../crawls/bloomberg.com/Privacy-Policy/raw/login.bloomberg.com/javascripts/main-min.js?1336601983'

     0K .......... .......... .......... .......... .......... 19% 4.38M 0s
    50K .......... .......... .......... .......... .......... 38%  720K 0s
   100K .......... .......... .......... .......... .......... 58% 4.33M 0s
   150K .......... .......... .......... .......... .......... 77%  751K 0s
   200K .......... .......... .......... .......... .......... 97% 11.9M 0s
   250K .......                                               100% 18.0M=0.2s

2012-05-10 05:07:27 (1.54 MB/s) - `code/../crawls/bloomberg.com/Privacy-Policy/raw/login.bloomberg.com/javascripts/main-min.js?1336601983' saved [263735/263735]

--2012-05-10 05:07:27--  https://login.bloomberg.com/stylesheets/screen-all-min.css?1336601984
Reusing existing connection to login.bloomberg.com:443.
HTTP request sent, awaiting response... 200 OK
Length: 50279 (49K) [text/css]
Saving to: `code/../crawls/bloomberg.com/Privacy-Policy/raw/login.bloomberg.com/stylesheets/screen-all-min.css?1336601984.css'

     0K .......... .......... .......... .......... ......... 100% 4.42M=0.01s

2012-05-10 05:07:27 (4.42 MB/s) - `code/../crawls/bloomberg.com/Privacy-Policy/raw/login.bloomberg.com/stylesheets/screen-all-min.css?1336601984.css' saved [50279/50279]

--2012-05-10 05:07:27--  https://connect.facebook.net/en_US/all.js
Resolving connect.facebook.net... 184.24.239.139
Connecting to connect.facebook.net|184.24.239.139|:443... connected.
HTTP request sent, awaiting response... 200 OK
Length: unspecified [application/x-javascript]
Saving to: `code/../crawls/bloomberg.com/Privacy-Policy/raw/connect.facebook.net/en_US/all.js'

     0K .......... .......... .......... .......... .......... 5.86M
    50K .......... .......... .......... .......... .......... 9.81M
   100K .......... .......... .......... .......... .......... 8.85M
   150K .......... .......... .......                          15.1M=0.02s

2012-05-10 05:07:27 (8.42 MB/s) - `code/../crawls/bloomberg.com/Privacy-Policy/raw/connect.facebook.net/en_US/all.js' saved [182117]

--2012-05-10 05:07:27--  https://login.bloomberg.com/javascripts/social/facebook-min.js?1336601983
Connecting to login.bloomberg.com|204.179.240.182|:443... connected.
HTTP request sent, awaiting response... 200 OK
Length: 715 [application/javascript]
Saving to: `code/../crawls/bloomberg.com/Privacy-Policy/raw/login.bloomberg.com/javascripts/social/facebook-min.js?1336601983'

     0K                                                       100%  436M=0s

2012-05-10 05:07:27 (436 MB/s) - `code/../crawls/bloomberg.com/Privacy-Policy/raw/login.bloomberg.com/javascripts/social/facebook-min.js?1336601983' saved [715/715]

--2012-05-10 05:07:27--  https://login.bloomberg.com/stylesheets/images/ui-bg_highlight-soft_100_eeeeee_1x100.png
Reusing existing connection to login.bloomberg.com:443.
HTTP request sent, awaiting response... 200 OK
Length: 90 [image/png]
Saving to: `code/../crawls/bloomberg.com/Privacy-Policy/raw/login.bloomberg.com/stylesheets/images/ui-bg_highlight-soft_100_eeeeee_1x100.png'

     0K                                                       100% 69.6M=0s

2012-05-10 05:07:28 (69.6 MB/s) - `code/../crawls/bloomberg.com/Privacy-Policy/raw/login.bloomberg.com/stylesheets/images/ui-bg_highlight-soft_100_eeeeee_1x100.png' saved [90/90]

--2012-05-10 05:07:28--  https://login.bloomberg.com/stylesheets/images/ui-bg_gloss-wave_35_fd9500_500x100.png
Reusing existing connection to login.bloomberg.com:443.
HTTP request sent, awaiting response... 200 OK
Length: 3766 (3.7K) [image/png]
Saving to: `code/../crawls/bloomberg.com/Privacy-Policy/raw/login.bloomberg.com/stylesheets/images/ui-bg_gloss-wave_35_fd9500_500x100.png'

     0K ...                                                   100% 1.43G=0s

2012-05-10 05:07:28 (1.43 GB/s) - `code/../crawls/bloomberg.com/Privacy-Policy/raw/login.bloomberg.com/stylesheets/images/ui-bg_gloss-wave_35_fd9500_500x100.png' saved [3766/3766]

--2012-05-10 05:07:28--  https://login.bloomberg.com/stylesheets/images/ui-bg_glass_100_f6f6f6_1x400.png
Reusing existing connection to login.bloomberg.com:443.
HTTP request sent, awaiting response... 200 OK
Length: 104 [image/png]
Saving to: `code/../crawls/bloomberg.com/Privacy-Policy/raw/login.bloomberg.com/stylesheets/images/ui-bg_glass_100_f6f6f6_1x400.png'

     0K                                                       100% 93.8M=0s

2012-05-10 05:07:28 (93.8 MB/s) - `code/../crawls/bloomberg.com/Privacy-Policy/raw/login.bloomberg.com/stylesheets/images/ui-bg_glass_100_f6f6f6_1x400.png' saved [104/104]

--2012-05-10 05:07:28--  https://login.bloomberg.com/stylesheets/images/ui-bg_glass_100_fdf5ce_1x400.png
Reusing existing connection to login.bloomberg.com:443.
HTTP request sent, awaiting response... 200 OK
Length: 125 [image/png]
Saving to: `code/../crawls/bloomberg.com/Privacy-Policy/raw/login.bloomberg.com/stylesheets/images/ui-bg_glass_100_fdf5ce_1x400.png'

     0K                                                       100%  110M=0s

2012-05-10 05:07:28 (110 MB/s) - `code/../crawls/bloomberg.com/Privacy-Policy/raw/login.bloomberg.com/stylesheets/images/ui-bg_glass_100_fdf5ce_1x400.png' saved [125/125]

--2012-05-10 05:07:28--  https://login.bloomberg.com/stylesheets/images/ui-bg_glass_65_ffffff_1x400.png
Reusing existing connection to login.bloomberg.com:443.
HTTP request sent, awaiting response... 200 OK
Length: 105 [image/png]
Saving to: `code/../crawls/bloomberg.com/Privacy-Policy/raw/login.bloomberg.com/stylesheets/images/ui-bg_glass_65_ffffff_1x400.png'

     0K                                                       100% 95.4M=0s

2012-05-10 05:07:28 (95.4 MB/s) - `code/../crawls/bloomberg.com/Privacy-Policy/raw/login.bloomberg.com/stylesheets/images/ui-bg_glass_65_ffffff_1x400.png' saved [105/105]

--2012-05-10 05:07:28--  https://login.bloomberg.com/stylesheets/images/ui-bg_highlight-soft_75_ffe45c_1x100.png
Reusing existing connection to login.bloomberg.com:443.
HTTP request sent, awaiting response... 200 OK
Length: 129 [image/png]
Saving to: `code/../crawls/bloomberg.com/Privacy-Policy/raw/login.bloomberg.com/stylesheets/images/ui-bg_highlight-soft_75_ffe45c_1x100.png'

     0K                                                       100%  114M=0s

2012-05-10 05:07:28 (114 MB/s) - `code/../crawls/bloomberg.com/Privacy-Policy/raw/login.bloomberg.com/stylesheets/images/ui-bg_highlight-soft_75_ffe45c_1x100.png' saved [129/129]

--2012-05-10 05:07:28--  https://login.bloomberg.com/stylesheets/images/ui-bg_diagonals-thick_18_b81900_40x40.png
Reusing existing connection to login.bloomberg.com:443.
HTTP request sent, awaiting response... 200 OK
Length: 260 [image/png]
Saving to: `code/../crawls/bloomberg.com/Privacy-Policy/raw/login.bloomberg.com/stylesheets/images/ui-bg_diagonals-thick_18_b81900_40x40.png'

     0K                                                       100%  223M=0s

2012-05-10 05:07:28 (223 MB/s) - `code/../crawls/bloomberg.com/Privacy-Policy/raw/login.bloomberg.com/stylesheets/images/ui-bg_diagonals-thick_18_b81900_40x40.png' saved [260/260]

--2012-05-10 05:07:28--  https://login.bloomberg.com/stylesheets/images/ui-icons_222222_256x240.png
Reusing existing connection to login.bloomberg.com:443.
HTTP request sent, awaiting response... 200 OK
Length: 4369 (4.3K) [image/png]
Saving to: `code/../crawls/bloomberg.com/Privacy-Policy/raw/login.bloomberg.com/stylesheets/images/ui-icons_222222_256x240.png'

     0K ....                                                  100% 1.57G=0s

2012-05-10 05:07:28 (1.57 GB/s) - `code/../crawls/bloomberg.com/Privacy-Policy/raw/login.bloomberg.com/stylesheets/images/ui-icons_222222_256x240.png' saved [4369/4369]

--2012-05-10 05:07:28--  https://login.bloomberg.com/stylesheets/images/ui-icons_ffffff_256x240.png
Reusing existing connection to login.bloomberg.com:443.
HTTP request sent, awaiting response... 200 OK
Length: 4369 (4.3K) [image/png]
Saving to: `code/../crawls/bloomberg.com/Privacy-Policy/raw/login.bloomberg.com/stylesheets/images/ui-icons_ffffff_256x240.png'

     0K ....                                                  100% 1.66G=0s

2012-05-10 05:07:28 (1.66 GB/s) - `code/../crawls/bloomberg.com/Privacy-Policy/raw/login.bloomberg.com/stylesheets/images/ui-icons_ffffff_256x240.png' saved [4369/4369]

--2012-05-10 05:07:28--  https://login.bloomberg.com/stylesheets/images/ui-icons_ef8c08_256x240.png
Reusing existing connection to login.bloomberg.com:443.
HTTP request sent, awaiting response... 200 OK
Length: 4369 (4.3K) [image/png]
Saving to: `code/../crawls/bloomberg.com/Privacy-Policy/raw/login.bloomberg.com/stylesheets/images/ui-icons_ef8c08_256x240.png'

     0K ....                                                  100% 1.63G=0s

2012-05-10 05:07:28 (1.63 GB/s) - `code/../crawls/bloomberg.com/Privacy-Policy/raw/login.bloomberg.com/stylesheets/images/ui-icons_ef8c08_256x240.png' saved [4369/4369]

--2012-05-10 05:07:28--  https://login.bloomberg.com/stylesheets/images/ui-icons_228ef1_256x240.png
Reusing existing connection to login.bloomberg.com:443.
HTTP request sent, awaiting response... 200 OK
Length: 4369 (4.3K) [image/png]
Saving to: `code/../crawls/bloomberg.com/Privacy-Policy/raw/login.bloomberg.com/stylesheets/images/ui-icons_228ef1_256x240.png'

     0K ....                                                  100% 1.64G=0s

2012-05-10 05:07:28 (1.64 GB/s) - `code/../crawls/bloomberg.com/Privacy-Policy/raw/login.bloomberg.com/stylesheets/images/ui-icons_228ef1_256x240.png' saved [4369/4369]

--2012-05-10 05:07:28--  https://login.bloomberg.com/stylesheets/images/ui-icons_ffd27a_256x240.png
Reusing existing connection to login.bloomberg.com:443.
HTTP request sent, awaiting response... 200 OK
Length: 4369 (4.3K) [image/png]
Saving to: `code/../crawls/bloomberg.com/Privacy-Policy/raw/login.bloomberg.com/stylesheets/images/ui-icons_ffd27a_256x240.png'

     0K ....                                                  100% 1.59G=0s

2012-05-10 05:07:28 (1.59 GB/s) - `code/../crawls/bloomberg.com/Privacy-Policy/raw/login.bloomberg.com/stylesheets/images/ui-icons_ffd27a_256x240.png' saved [4369/4369]

--2012-05-10 05:07:28--  https://login.bloomberg.com/stylesheets/images/ui-bg_diagonals-thick_20_666666_40x40.png
Reusing existing connection to login.bloomberg.com:443.
HTTP request sent, awaiting response... 200 OK
Length: 251 [image/png]
Saving to: `code/../crawls/bloomberg.com/Privacy-Policy/raw/login.bloomberg.com/stylesheets/images/ui-bg_diagonals-thick_20_666666_40x40.png'

     0K                                                       100%  214M=0s

2012-05-10 05:07:29 (214 MB/s) - `code/../crawls/bloomberg.com/Privacy-Policy/raw/login.bloomberg.com/stylesheets/images/ui-bg_diagonals-thick_20_666666_40x40.png' saved [251/251]

--2012-05-10 05:07:29--  https://login.bloomberg.com/stylesheets/images/ui-bg_flat_10_000000_40x100.png
Reusing existing connection to login.bloomberg.com:443.
HTTP request sent, awaiting response... 200 OK
Length: 178 [image/png]
Saving to: `code/../crawls/bloomberg.com/Privacy-Policy/raw/login.bloomberg.com/stylesheets/images/ui-bg_flat_10_000000_40x100.png'

     0K                                                       100%  161M=0s

2012-05-10 05:07:29 (161 MB/s) - `code/../crawls/bloomberg.com/Privacy-Policy/raw/login.bloomberg.com/stylesheets/images/ui-bg_flat_10_000000_40x100.png' saved [178/178]

--2012-05-10 05:07:29--  https://login.bloomberg.com/stylesheets/images/logos.png
Reusing existing connection to login.bloomberg.com:443.
HTTP request sent, awaiting response... 200 OK
Length: 2891 (2.8K) [image/png]
Saving to: `code/../crawls/bloomberg.com/Privacy-Policy/raw/login.bloomberg.com/stylesheets/images/logos.png'

     0K ..                                                    100% 1.38G=0s

2012-05-10 05:07:29 (1.38 GB/s) - `code/../crawls/bloomberg.com/Privacy-Policy/raw/login.bloomberg.com/stylesheets/images/logos.png' saved [2891/2891]

--2012-05-10 05:07:29--  https://login.bloomberg.com/stylesheets/images/social_login_icons.png
Reusing existing connection to login.bloomberg.com:443.
HTTP request sent, awaiting response... 200 OK
Length: 2819 (2.8K) [image/png]
Saving to: `code/../crawls/bloomberg.com/Privacy-Policy/raw/login.bloomberg.com/stylesheets/images/social_login_icons.png'

     0K ..                                                    100% 1.35G=0s

2012-05-10 05:07:29 (1.35 GB/s) - `code/../crawls/bloomberg.com/Privacy-Policy/raw/login.bloomberg.com/stylesheets/images/social_login_icons.png' saved [2819/2819]

--2012-05-10 05:07:29--  https://login.bloomberg.com/stylesheets/images/social_login_medium_icons_newest.png
Reusing existing connection to login.bloomberg.com:443.
HTTP request sent, awaiting response... 200 OK
Length: 4413 (4.3K) [image/png]
Saving to: `code/../crawls/bloomberg.com/Privacy-Policy/raw/login.bloomberg.com/stylesheets/images/social_login_medium_icons_newest.png'

     0K ....                                                  100% 1.68G=0s

2012-05-10 05:07:29 (1.68 GB/s) - `code/../crawls/bloomberg.com/Privacy-Policy/raw/login.bloomberg.com/stylesheets/images/social_login_medium_icons_newest.png' saved [4413/4413]

--2012-05-10 05:07:29--  https://login.bloomberg.com/stylesheets/images/error.png
Reusing existing connection to login.bloomberg.com:443.
HTTP request sent, awaiting response... 200 OK
Length: 1635 (1.6K) [image/png]
Saving to: `code/../crawls/bloomberg.com/Privacy-Policy/raw/login.bloomberg.com/stylesheets/images/error.png'

     0K .                                                     100% 1007M=0s

2012-05-10 05:07:29 (1007 MB/s) - `code/../crawls/bloomberg.com/Privacy-Policy/raw/login.bloomberg.com/stylesheets/images/error.png' saved [1635/1635]

--2012-05-10 05:07:29--  https://login.bloomberg.com/stylesheets/images/tick.png
Reusing existing connection to login.bloomberg.com:443.
HTTP request sent, awaiting response... 200 OK
Length: 1401 (1.4K) [image/png]
Saving to: `code/../crawls/bloomberg.com/Privacy-Policy/raw/login.bloomberg.com/stylesheets/images/tick.png'

     0K .                                                     100%  936M=0s

2012-05-10 05:07:29 (936 MB/s) - `code/../crawls/bloomberg.com/Privacy-Policy/raw/login.bloomberg.com/stylesheets/images/tick.png' saved [1401/1401]

--2012-05-10 05:07:29--  https://login.bloomberg.com/stylesheets/images/exclamation.png
Reusing existing connection to login.bloomberg.com:443.
HTTP request sent, awaiting response... 200 OK
Length: 1668 (1.6K) [image/png]
Saving to: `code/../crawls/bloomberg.com/Privacy-Policy/raw/login.bloomberg.com/stylesheets/images/exclamation.png'

     0K .                                                     100% 1.01G=0s

2012-05-10 05:07:29 (1.01 GB/s) - `code/../crawls/bloomberg.com/Privacy-Policy/raw/login.bloomberg.com/stylesheets/images/exclamation.png' saved [1668/1668]

FINISHED --2012-05-10 05:07:29--
Total wall clock time: 3.5s
Downloaded: 28 files, 636K in 0.4s (1.46 MB/s)
Converting code/../crawls/bloomberg.com/Privacy-Policy/raw/login.bloomberg.com/pages/privacy.html... 8-1
Converting code/../crawls/bloomberg.com/Privacy-Policy/raw/login.bloomberg.com/stylesheets/screen-all-min.css?1336601984.css... 32-0
Converted 2 files in 0.002 seconds.
