--2012-09-29 12:29:03--  http://www.consumersenergy.com/Content.aspx?id=1121
Resolving www.consumersenergy.com... 67.59.60.84
Connecting to www.consumersenergy.com|67.59.60.84|:80... connected.
HTTP request sent, awaiting response... 200 OK
Length: 43879 (43K) [text/html]
Saving to: `code/../crawls/consumersenergy.com/Privacy-Policy/raw/www.consumersenergy.com/Content.aspx?id=1121.html'

     0K .......... .......... .......... .......... ..        100%  215K=0.2s

2012-09-29 12:29:04 (215 KB/s) - `code/../crawls/consumersenergy.com/Privacy-Policy/raw/www.consumersenergy.com/Content.aspx?id=1121.html' saved [43879/43879]

--2012-09-29 12:29:04--  http://www.consumersenergy.com/JavaScripts/jquery-1.4.2.min.js
Reusing existing connection to www.consumersenergy.com:80.
HTTP request sent, awaiting response... 200 OK
Length: 72174 (70K) [application/x-javascript]
Saving to: `code/../crawls/consumersenergy.com/Privacy-Policy/raw/www.consumersenergy.com/JavaScripts/jquery-1.4.2.min.js'

     0K .......... .......... .......... .......... .......... 70%  756K 0s
    50K .......... ..........                                 100% 12.5M=0.07s

2012-09-29 12:29:04 (1.02 MB/s) - `code/../crawls/consumersenergy.com/Privacy-Policy/raw/www.consumersenergy.com/JavaScripts/jquery-1.4.2.min.js' saved [72174/72174]

--2012-09-29 12:29:04--  http://www.consumersenergy.com/JavaScripts/ce.js
Reusing existing connection to www.consumersenergy.com:80.
HTTP request sent, awaiting response... 200 OK
Length: 36310 (35K) [application/x-javascript]
Saving to: `code/../crawls/consumersenergy.com/Privacy-Policy/raw/www.consumersenergy.com/JavaScripts/ce.js'

     0K .......... .......... .......... .....                100% 1.06M=0.03s

2012-09-29 12:29:05 (1.06 MB/s) - `code/../crawls/consumersenergy.com/Privacy-Policy/raw/www.consumersenergy.com/JavaScripts/ce.js' saved [36310/36310]

--2012-09-29 12:29:05--  http://www.consumersenergy.com/JavaScripts/urchin.js
Reusing existing connection to www.consumersenergy.com:80.
HTTP request sent, awaiting response... 200 OK
Length: 23418 (23K) [application/x-javascript]
Saving to: `code/../crawls/consumersenergy.com/Privacy-Policy/raw/www.consumersenergy.com/JavaScripts/urchin.js'

     0K .......... .......... ..                              100% 11.4M=0.002s

2012-09-29 12:29:05 (11.4 MB/s) - `code/../crawls/consumersenergy.com/Privacy-Policy/raw/www.consumersenergy.com/JavaScripts/urchin.js' saved [23418/23418]

--2012-09-29 12:29:05--  http://www.consumersenergy.com/StyleSheets/base.css
Reusing existing connection to www.consumersenergy.com:80.
HTTP request sent, awaiting response... 200 OK
Length: 31947 (31K) [text/css]
Saving to: `code/../crawls/consumersenergy.com/Privacy-Policy/raw/www.consumersenergy.com/StyleSheets/base.css'

     0K .......... .......... .......... .                    100% 11.3M=0.003s

2012-09-29 12:29:05 (11.3 MB/s) - `code/../crawls/consumersenergy.com/Privacy-Policy/raw/www.consumersenergy.com/StyleSheets/base.css' saved [31947/31947]

--2012-09-29 12:29:05--  http://www.consumersenergy.com/StyleSheets/print.css
Reusing existing connection to www.consumersenergy.com:80.
HTTP request sent, awaiting response... 200 OK
Length: 2536 (2.5K) [text/css]
Saving to: `code/../crawls/consumersenergy.com/Privacy-Policy/raw/www.consumersenergy.com/StyleSheets/print.css'

     0K ..                                                    100% 21.6M=0s

2012-09-29 12:29:05 (21.6 MB/s) - `code/../crawls/consumersenergy.com/Privacy-Policy/raw/www.consumersenergy.com/StyleSheets/print.css' saved [2536/2536]

--2012-09-29 12:29:05--  http://www.consumersenergy.com/uploadedImages/CEWEB/gray_arrow.png
Reusing existing connection to www.consumersenergy.com:80.
HTTP request sent, awaiting response... 200 OK
Length: 219 [image/png]
Saving to: `code/../crawls/consumersenergy.com/Privacy-Policy/raw/www.consumersenergy.com/uploadedImages/CEWEB/gray_arrow.png'

     0K                                                       100% 36.5M=0s

2012-09-29 12:29:05 (36.5 MB/s) - `code/../crawls/consumersenergy.com/Privacy-Policy/raw/www.consumersenergy.com/uploadedImages/CEWEB/gray_arrow.png' saved [219/219]

--2012-09-29 12:29:05--  http://www.consumersenergy.com/images/bt_search.png
Reusing existing connection to www.consumersenergy.com:80.
HTTP request sent, awaiting response... 200 OK
Length: 610 [image/png]
Saving to: `code/../crawls/consumersenergy.com/Privacy-Policy/raw/www.consumersenergy.com/images/bt_search.png'

     0K                                                       100%  104M=0s

2012-09-29 12:29:05 (104 MB/s) - `code/../crawls/consumersenergy.com/Privacy-Policy/raw/www.consumersenergy.com/images/bt_search.png' saved [610/610]

--2012-09-29 12:29:05--  http://www.consumersenergy.com/Images/logo_ce.png
Reusing existing connection to www.consumersenergy.com:80.
HTTP request sent, awaiting response... 200 OK
Length: 1958 (1.9K) [image/png]
Saving to: `code/../crawls/consumersenergy.com/Privacy-Policy/raw/www.consumersenergy.com/Images/logo_ce.png'

     0K .                                                     100%  282M=0s

2012-09-29 12:29:05 (282 MB/s) - `code/../crawls/consumersenergy.com/Privacy-Policy/raw/www.consumersenergy.com/Images/logo_ce.png' saved [1958/1958]

--2012-09-29 12:29:05--  http://www.consumersenergy.com/uploadedImages/CEWEB/rss.png
Reusing existing connection to www.consumersenergy.com:80.
HTTP request sent, awaiting response... 200 OK
Length: 2500 (2.4K) [image/png]
Saving to: `code/../crawls/consumersenergy.com/Privacy-Policy/raw/www.consumersenergy.com/uploadedImages/CEWEB/rss.png'

     0K ..                                                    100% 32.1M=0s

2012-09-29 12:29:05 (32.1 MB/s) - `code/../crawls/consumersenergy.com/Privacy-Policy/raw/www.consumersenergy.com/uploadedImages/CEWEB/rss.png' saved [2500/2500]

--2012-09-29 12:29:05--  http://www.consumersenergy.com/uploadedImages/CEWEB/facebook.png
Reusing existing connection to www.consumersenergy.com:80.
HTTP request sent, awaiting response... 200 OK
Length: 795 [image/png]
Saving to: `code/../crawls/consumersenergy.com/Privacy-Policy/raw/www.consumersenergy.com/uploadedImages/CEWEB/facebook.png'

     0K                                                       100%  137M=0s

2012-09-29 12:29:05 (137 MB/s) - `code/../crawls/consumersenergy.com/Privacy-Policy/raw/www.consumersenergy.com/uploadedImages/CEWEB/facebook.png' saved [795/795]

--2012-09-29 12:29:05--  http://www.consumersenergy.com/uploadedImages/CEWEB/twitter.png
Reusing existing connection to www.consumersenergy.com:80.
HTTP request sent, awaiting response... 200 OK
Length: 4203 (4.1K) [image/png]
Saving to: `code/../crawls/consumersenergy.com/Privacy-Policy/raw/www.consumersenergy.com/uploadedImages/CEWEB/twitter.png'

     0K ....                                                  100% 23.8M=0s

2012-09-29 12:29:05 (23.8 MB/s) - `code/../crawls/consumersenergy.com/Privacy-Policy/raw/www.consumersenergy.com/uploadedImages/CEWEB/twitter.png' saved [4203/4203]

--2012-09-29 12:29:05--  http://www.consumersenergy.com/uploadedImages/CEWEB/linkedin.png
Reusing existing connection to www.consumersenergy.com:80.
HTTP request sent, awaiting response... 200 OK
Length: 2904 (2.8K) [image/png]
Saving to: `code/../crawls/consumersenergy.com/Privacy-Policy/raw/www.consumersenergy.com/uploadedImages/CEWEB/linkedin.png'

     0K ..                                                    100%  358M=0s

2012-09-29 12:29:06 (358 MB/s) - `code/../crawls/consumersenergy.com/Privacy-Policy/raw/www.consumersenergy.com/uploadedImages/CEWEB/linkedin.png' saved [2904/2904]

--2012-09-29 12:29:06--  http://www.consumersenergy.com/uploadedImages/CEWEB/flickr.png
Reusing existing connection to www.consumersenergy.com:80.
HTTP request sent, awaiting response... 200 OK
Length: 2298 (2.2K) [image/png]
Saving to: `code/../crawls/consumersenergy.com/Privacy-Policy/raw/www.consumersenergy.com/uploadedImages/CEWEB/flickr.png'

     0K ..                                                    100%  336M=0s

2012-09-29 12:29:06 (336 MB/s) - `code/../crawls/consumersenergy.com/Privacy-Policy/raw/www.consumersenergy.com/uploadedImages/CEWEB/flickr.png' saved [2298/2298]

--2012-09-29 12:29:06--  http://www.consumersenergy.com/uploadedImages/CEWEB/youtube.png
Reusing existing connection to www.consumersenergy.com:80.
HTTP request sent, awaiting response... 200 OK
Length: 2338 (2.3K) [image/png]
Saving to: `code/../crawls/consumersenergy.com/Privacy-Policy/raw/www.consumersenergy.com/uploadedImages/CEWEB/youtube.png'

     0K ..                                                    100%  326M=0s

2012-09-29 12:29:06 (326 MB/s) - `code/../crawls/consumersenergy.com/Privacy-Policy/raw/www.consumersenergy.com/uploadedImages/CEWEB/youtube.png' saved [2338/2338]

--2012-09-29 12:29:06--  http://www.consumersenergy.com/uploadedImages/CEWEB/blog.png
Reusing existing connection to www.consumersenergy.com:80.
HTTP request sent, awaiting response... 200 OK
Length: 3777 (3.7K) [image/png]
Saving to: `code/../crawls/consumersenergy.com/Privacy-Policy/raw/www.consumersenergy.com/uploadedImages/CEWEB/blog.png'

     0K ...                                                   100% 51.9M=0s

2012-09-29 12:29:06 (51.9 MB/s) - `code/../crawls/consumersenergy.com/Privacy-Policy/raw/www.consumersenergy.com/uploadedImages/CEWEB/blog.png' saved [3777/3777]

--2012-09-29 12:29:06--  http://www.consumersenergy.com/Images/bg_2col_wrapper.png
Reusing existing connection to www.consumersenergy.com:80.
HTTP request sent, awaiting response... 200 OK
Length: 246 [image/png]
Saving to: `code/../crawls/consumersenergy.com/Privacy-Policy/raw/www.consumersenergy.com/Images/bg_2col_wrapper.png'

     0K                                                       100% 42.9M=0s

2012-09-29 12:29:06 (42.9 MB/s) - `code/../crawls/consumersenergy.com/Privacy-Policy/raw/www.consumersenergy.com/Images/bg_2col_wrapper.png' saved [246/246]

--2012-09-29 12:29:06--  http://www.consumersenergy.com/Images/bg_1col_top.png
Reusing existing connection to www.consumersenergy.com:80.
HTTP request sent, awaiting response... 200 OK
Length: 241 [image/png]
Saving to: `code/../crawls/consumersenergy.com/Privacy-Policy/raw/www.consumersenergy.com/Images/bg_1col_top.png'

     0K                                                       100% 41.9M=0s

2012-09-29 12:29:06 (41.9 MB/s) - `code/../crawls/consumersenergy.com/Privacy-Policy/raw/www.consumersenergy.com/Images/bg_1col_top.png' saved [241/241]

--2012-09-29 12:29:06--  http://www.consumersenergy.com/Images/bg_1col_bottom.png
Reusing existing connection to www.consumersenergy.com:80.
HTTP request sent, awaiting response... 200 OK
Length: 238 [image/png]
Saving to: `code/../crawls/consumersenergy.com/Privacy-Policy/raw/www.consumersenergy.com/Images/bg_1col_bottom.png'

     0K                                                       100% 39.0M=0s

2012-09-29 12:29:06 (39.0 MB/s) - `code/../crawls/consumersenergy.com/Privacy-Policy/raw/www.consumersenergy.com/Images/bg_1col_bottom.png' saved [238/238]

--2012-09-29 12:29:06--  http://www.consumersenergy.com/Images/bg_2col_top.png
Reusing existing connection to www.consumersenergy.com:80.
HTTP request sent, awaiting response... 200 OK
Length: 269 [image/png]
Saving to: `code/../crawls/consumersenergy.com/Privacy-Policy/raw/www.consumersenergy.com/Images/bg_2col_top.png'

     0K                                                       100% 48.0M=0s

2012-09-29 12:29:06 (48.0 MB/s) - `code/../crawls/consumersenergy.com/Privacy-Policy/raw/www.consumersenergy.com/Images/bg_2col_top.png' saved [269/269]

--2012-09-29 12:29:06--  http://www.consumersenergy.com/Images/bg_menu_dropdown.png
Reusing existing connection to www.consumersenergy.com:80.
HTTP request sent, awaiting response... 200 OK
Length: 2879 (2.8K) [image/png]
Saving to: `code/../crawls/consumersenergy.com/Privacy-Policy/raw/www.consumersenergy.com/Images/bg_menu_dropdown.png'

     0K ..                                                    100% 15.2M=0s

2012-09-29 12:29:06 (15.2 MB/s) - `code/../crawls/consumersenergy.com/Privacy-Policy/raw/www.consumersenergy.com/Images/bg_menu_dropdown.png' saved [2879/2879]

--2012-09-29 12:29:06--  http://www.consumersenergy.com/Images/bg_menu_dropdown_8.png
Reusing existing connection to www.consumersenergy.com:80.
HTTP request sent, awaiting response... 200 OK
Length: 1122 (1.1K) [image/png]
Saving to: `code/../crawls/consumersenergy.com/Privacy-Policy/raw/www.consumersenergy.com/Images/bg_menu_dropdown_8.png'

     0K .                                                     100%  186M=0s

2012-09-29 12:29:06 (186 MB/s) - `code/../crawls/consumersenergy.com/Privacy-Policy/raw/www.consumersenergy.com/Images/bg_menu_dropdown_8.png' saved [1122/1122]

--2012-09-29 12:29:06--  http://www.consumersenergy.com/Images/bg_menu_dropdown_heading.png
Reusing existing connection to www.consumersenergy.com:80.
HTTP request sent, awaiting response... 200 OK
Length: 593 [image/png]
Saving to: `code/../crawls/consumersenergy.com/Privacy-Policy/raw/www.consumersenergy.com/Images/bg_menu_dropdown_heading.png'

     0K                                                       100% 95.7M=0s

2012-09-29 12:29:07 (95.7 MB/s) - `code/../crawls/consumersenergy.com/Privacy-Policy/raw/www.consumersenergy.com/Images/bg_menu_dropdown_heading.png' saved [593/593]

--2012-09-29 12:29:07--  http://www.consumersenergy.com/Images/bg_menu_dropdown_heading_8.png
Reusing existing connection to www.consumersenergy.com:80.
HTTP request sent, awaiting response... 200 OK
Length: 1008 [image/png]
Saving to: `code/../crawls/consumersenergy.com/Privacy-Policy/raw/www.consumersenergy.com/Images/bg_menu_dropdown_heading_8.png'

     0K                                                       100%  169M=0s

2012-09-29 12:29:07 (169 MB/s) - `code/../crawls/consumersenergy.com/Privacy-Policy/raw/www.consumersenergy.com/Images/bg_menu_dropdown_heading_8.png' saved [1008/1008]

--2012-09-29 12:29:07--  http://www.consumersenergy.com/Images/bg_col1_divider.png
Reusing existing connection to www.consumersenergy.com:80.
HTTP request sent, awaiting response... 200 OK
Length: 388 [image/png]
Saving to: `code/../crawls/consumersenergy.com/Privacy-Policy/raw/www.consumersenergy.com/Images/bg_col1_divider.png'

     0K                                                       100% 65.6M=0s

2012-09-29 12:29:07 (65.6 MB/s) - `code/../crawls/consumersenergy.com/Privacy-Policy/raw/www.consumersenergy.com/Images/bg_col1_divider.png' saved [388/388]

--2012-09-29 12:29:07--  http://www.consumersenergy.com/Images/bg_2col_bottom.png
Reusing existing connection to www.consumersenergy.com:80.
HTTP request sent, awaiting response... 200 OK
Length: 265 [image/png]
Saving to: `code/../crawls/consumersenergy.com/Privacy-Policy/raw/www.consumersenergy.com/Images/bg_2col_bottom.png'

     0K                                                       100% 47.2M=0s

2012-09-29 12:29:07 (47.2 MB/s) - `code/../crawls/consumersenergy.com/Privacy-Policy/raw/www.consumersenergy.com/Images/bg_2col_bottom.png' saved [265/265]

--2012-09-29 12:29:07--  http://www.consumersenergy.com/uploadedImages/CEWEB/addthis-share-button.png
Reusing existing connection to www.consumersenergy.com:80.
HTTP request sent, awaiting response... 200 OK
Length: 4289 (4.2K) [image/png]
Saving to: `code/../crawls/consumersenergy.com/Privacy-Policy/raw/www.consumersenergy.com/uploadedImages/CEWEB/addthis-share-button.png'

     0K ....                                                  100% 24.8M=0s

2012-09-29 12:29:07 (24.8 MB/s) - `code/../crawls/consumersenergy.com/Privacy-Policy/raw/www.consumersenergy.com/uploadedImages/CEWEB/addthis-share-button.png' saved [4289/4289]

--2012-09-29 12:29:07--  http://www.consumersenergy.com/uploadedImages/CEWEB/sprite1.png
Reusing existing connection to www.consumersenergy.com:80.
HTTP request sent, awaiting response... 200 OK
Length: 5264 (5.1K) [text/html]
Saving to: `code/../crawls/consumersenergy.com/Privacy-Policy/raw/www.consumersenergy.com/uploadedImages/CEWEB/sprite1.png.html'

     0K .....                                                 100% 19.5M=0s

2012-09-29 12:29:07 (19.5 MB/s) - `code/../crawls/consumersenergy.com/Privacy-Policy/raw/www.consumersenergy.com/uploadedImages/CEWEB/sprite1.png.html' saved [5264/5264]

--2012-09-29 12:29:07--  http://www.consumersenergy.com/Images/bg_nav_bullet.png
Reusing existing connection to www.consumersenergy.com:80.
HTTP request sent, awaiting response... 200 OK
Length: 153 [image/png]
Saving to: `code/../crawls/consumersenergy.com/Privacy-Policy/raw/www.consumersenergy.com/Images/bg_nav_bullet.png'

     0K                                                       100% 26.5M=0s

2012-09-29 12:29:07 (26.5 MB/s) - `code/../crawls/consumersenergy.com/Privacy-Policy/raw/www.consumersenergy.com/Images/bg_nav_bullet.png' saved [153/153]

--2012-09-29 12:29:07--  http://www.consumersenergy.com/Images/bt_prev.png
Reusing existing connection to www.consumersenergy.com:80.
HTTP request sent, awaiting response... 200 OK
Length: 251 [image/png]
Saving to: `code/../crawls/consumersenergy.com/Privacy-Policy/raw/www.consumersenergy.com/Images/bt_prev.png'

     0K                                                       100% 45.9M=0s

2012-09-29 12:29:07 (45.9 MB/s) - `code/../crawls/consumersenergy.com/Privacy-Policy/raw/www.consumersenergy.com/Images/bt_prev.png' saved [251/251]

--2012-09-29 12:29:07--  http://www.consumersenergy.com/Images/bt_next.png
Reusing existing connection to www.consumersenergy.com:80.
HTTP request sent, awaiting response... 200 OK
Length: 252 [image/png]
Saving to: `code/../crawls/consumersenergy.com/Privacy-Policy/raw/www.consumersenergy.com/Images/bt_next.png'

     0K                                                       100% 42.7M=0s

2012-09-29 12:29:07 (42.7 MB/s) - `code/../crawls/consumersenergy.com/Privacy-Policy/raw/www.consumersenergy.com/Images/bt_next.png' saved [252/252]

FINISHED --2012-09-29 12:29:07--
Total wall clock time: 4.5s
Downloaded: 31 files, 243K in 0.3s (797 KB/s)
Converting code/../crawls/consumersenergy.com/Privacy-Policy/raw/www.consumersenergy.com/uploadedImages/CEWEB/sprite1.png.html... 7-4
Converting code/../crawls/consumersenergy.com/Privacy-Policy/raw/www.consumersenergy.com/Content.aspx?id=1121.html... 24-130
Converting code/../crawls/consumersenergy.com/Privacy-Policy/raw/www.consumersenergy.com/StyleSheets/print.css... nothing to do.
Converting code/../crawls/consumersenergy.com/Privacy-Policy/raw/www.consumersenergy.com/StyleSheets/base.css... 20-0
Converted 4 files in 0.004 seconds.
