--2012-10-08 05:20:54--  https://clients.cdiscount.com/Simple/Cgv.aspx
Resolving clients.cdiscount.com... 62.122.9.87, 217.109.56.158
Connecting to clients.cdiscount.com|62.122.9.87|:443... connected.
HTTP request sent, awaiting response... 200 OK
Length: 422191 (412K) [text/html]
Saving to: `code/../crawls/cdiscount.com/Privacy-Policy/raw/clients.cdiscount.com/Simple/Cgv.aspx.html'

     0K .......... .......... .......... .......... .......... 12% 70.6K 5s
    50K .......... .......... .......... .......... .......... 24%  320K 3s
   100K .......... .......... .......... .......... .......... 36%  134K 2s
   150K .......... .......... .......... .......... .......... 48%  296K 1s
   200K .......... .......... .......... .......... .......... 60%  297K 1s
   250K .......... .......... .......... .......... .......... 72%  303K 1s
   300K .......... .......... .......... .......... .......... 84%  303K 0s
   350K .......... .......... .......... .......... .......... 97%  190K 0s
   400K .......... ..                                         100%  206K=2.2s

2012-10-08 05:20:58 (185 KB/s) - `code/../crawls/cdiscount.com/Privacy-Policy/raw/clients.cdiscount.com/Simple/Cgv.aspx.html' saved [422191/422191]

--2012-10-08 05:20:58--  https://clients.cdiscount.com/favicon.ico
Reusing existing connection to clients.cdiscount.com:443.
HTTP request sent, awaiting response... 404 Not Found
2012-10-08 05:20:58 ERROR 404: Not Found.

--2012-10-08 05:20:58--  https://s1.cdscdn.com/Css/R2/wl/layout_r2.css?LanguageCode=fr&SiteId=100&SecureLinks=True
Resolving s1.cdscdn.com... 86.65.30.117, 193.27.194.206, 217.109.56.162, ...
Connecting to s1.cdscdn.com|86.65.30.117|:443... connected.
ERROR: cannot verify s1.cdscdn.com's certificate, issued by `/C=US/O=VeriSign, Inc./OU=VeriSign Trust Network/OU=Terms of use at https://www.verisign.com/rpa (c)10/CN=VeriSign Class 3 Secure Server CA - G3':
  Unable to locally verify the issuer's authority.
To connect to s1.cdscdn.com insecurely, use `--no-check-certificate'.
--2012-10-08 05:20:59--  https://s1.cdscdn.com/Css/R2/wl/arche/integ.library.css?LanguageCode=fr&SiteId=100&SecureLinks=True
Connecting to s1.cdscdn.com|86.65.30.117|:443... connected.
ERROR: cannot verify s1.cdscdn.com's certificate, issued by `/C=US/O=VeriSign, Inc./OU=VeriSign Trust Network/OU=Terms of use at https://www.verisign.com/rpa (c)10/CN=VeriSign Class 3 Secure Server CA - G3':
  Unable to locally verify the issuer's authority.
To connect to s1.cdscdn.com insecurely, use `--no-check-certificate'.
--2012-10-08 05:20:59--  https://s1.cdscdn.com/Css/customerzone/espaceclient-blocs.css?LanguageCode=fr&SiteId=100&SecureLinks=True
Connecting to s1.cdscdn.com|86.65.30.117|:443... connected.
ERROR: cannot verify s1.cdscdn.com's certificate, issued by `/C=US/O=VeriSign, Inc./OU=VeriSign Trust Network/OU=Terms of use at https://www.verisign.com/rpa (c)10/CN=VeriSign Class 3 Secure Server CA - G3':
  Unable to locally verify the issuer's authority.
To connect to s1.cdscdn.com insecurely, use `--no-check-certificate'.
--2012-10-08 05:21:00--  https://s1.cdscdn.com/Css/customerzone/espaceclient-couleurs.css?LanguageCode=fr&SiteId=100&SecureLinks=True
Connecting to s1.cdscdn.com|86.65.30.117|:443... connected.
ERROR: cannot verify s1.cdscdn.com's certificate, issued by `/C=US/O=VeriSign, Inc./OU=VeriSign Trust Network/OU=Terms of use at https://www.verisign.com/rpa (c)10/CN=VeriSign Class 3 Secure Server CA - G3':
  Unable to locally verify the issuer's authority.
To connect to s1.cdscdn.com insecurely, use `--no-check-certificate'.
--2012-10-08 05:21:00--  https://s1.cdscdn.com/Css/customerzone/espaceclient-espace.css?LanguageCode=fr&SiteId=100&SecureLinks=True
Connecting to s1.cdscdn.com|86.65.30.117|:443... connected.
ERROR: cannot verify s1.cdscdn.com's certificate, issued by `/C=US/O=VeriSign, Inc./OU=VeriSign Trust Network/OU=Terms of use at https://www.verisign.com/rpa (c)10/CN=VeriSign Class 3 Secure Server CA - G3':
  Unable to locally verify the issuer's authority.
To connect to s1.cdscdn.com insecurely, use `--no-check-certificate'.
--2012-10-08 05:21:01--  https://s1.cdscdn.com/Css/customerzone/espaceclient-form.css?LanguageCode=fr&SiteId=100&SecureLinks=True
Connecting to s1.cdscdn.com|86.65.30.117|:443... connected.
ERROR: cannot verify s1.cdscdn.com's certificate, issued by `/C=US/O=VeriSign, Inc./OU=VeriSign Trust Network/OU=Terms of use at https://www.verisign.com/rpa (c)10/CN=VeriSign Class 3 Secure Server CA - G3':
  Unable to locally verify the issuer's authority.
To connect to s1.cdscdn.com insecurely, use `--no-check-certificate'.
--2012-10-08 05:21:01--  https://s1.cdscdn.com/Css/customerzone/espaceclient-menu.css?LanguageCode=fr&SiteId=100&SecureLinks=True
Connecting to s1.cdscdn.com|86.65.30.117|:443... connected.
ERROR: cannot verify s1.cdscdn.com's certificate, issued by `/C=US/O=VeriSign, Inc./OU=VeriSign Trust Network/OU=Terms of use at https://www.verisign.com/rpa (c)10/CN=VeriSign Class 3 Secure Server CA - G3':
  Unable to locally verify the issuer's authority.
To connect to s1.cdscdn.com insecurely, use `--no-check-certificate'.
--2012-10-08 05:21:01--  https://s1.cdscdn.com/Css/customerzone/espaceclient-newsletter.css?LanguageCode=fr&SiteId=100&SecureLinks=True
Connecting to s1.cdscdn.com|86.65.30.117|:443... connected.
ERROR: cannot verify s1.cdscdn.com's certificate, issued by `/C=US/O=VeriSign, Inc./OU=VeriSign Trust Network/OU=Terms of use at https://www.verisign.com/rpa (c)10/CN=VeriSign Class 3 Secure Server CA - G3':
  Unable to locally verify the issuer's authority.
To connect to s1.cdscdn.com insecurely, use `--no-check-certificate'.
--2012-10-08 05:21:02--  https://s1.cdscdn.com/Css/customerzone/espaceclient-page.css?LanguageCode=fr&SiteId=100&SecureLinks=True
Connecting to s1.cdscdn.com|86.65.30.117|:443... connected.
ERROR: cannot verify s1.cdscdn.com's certificate, issued by `/C=US/O=VeriSign, Inc./OU=VeriSign Trust Network/OU=Terms of use at https://www.verisign.com/rpa (c)10/CN=VeriSign Class 3 Secure Server CA - G3':
  Unable to locally verify the issuer's authority.
To connect to s1.cdscdn.com insecurely, use `--no-check-certificate'.
--2012-10-08 05:21:02--  https://s1.cdscdn.com/Css/customerzone/espaceclient-stats.css?LanguageCode=fr&SiteId=100&SecureLinks=True
Connecting to s1.cdscdn.com|86.65.30.117|:443... connected.
ERROR: cannot verify s1.cdscdn.com's certificate, issued by `/C=US/O=VeriSign, Inc./OU=VeriSign Trust Network/OU=Terms of use at https://www.verisign.com/rpa (c)10/CN=VeriSign Class 3 Secure Server CA - G3':
  Unable to locally verify the issuer's authority.
To connect to s1.cdscdn.com insecurely, use `--no-check-certificate'.
--2012-10-08 05:21:03--  https://s1.cdscdn.com/Css/customerzone/espaceclient-mvc.css?LanguageCode=fr&SiteId=100&SecureLinks=True
Connecting to s1.cdscdn.com|86.65.30.117|:443... connected.
ERROR: cannot verify s1.cdscdn.com's certificate, issued by `/C=US/O=VeriSign, Inc./OU=VeriSign Trust Network/OU=Terms of use at https://www.verisign.com/rpa (c)10/CN=VeriSign Class 3 Secure Server CA - G3':
  Unable to locally verify the issuer's authority.
To connect to s1.cdscdn.com insecurely, use `--no-check-certificate'.
--2012-10-08 05:21:03--  https://i1.cdiscount.com/other/overlayer_title_120228171202.png
Resolving i1.cdiscount.com... 86.65.30.104, 193.27.194.212, 217.109.56.157, ...
Connecting to i1.cdiscount.com|86.65.30.104|:443... connected.
ERROR: cannot verify i1.cdiscount.com's certificate, issued by `/C=US/O=VeriSign, Inc./OU=VeriSign Trust Network/OU=Terms of use at https://www.verisign.com/rpa (c)05/CN=VeriSign Class 3 Secure Server CA':
  Unable to locally verify the issuer's authority.
To connect to i1.cdiscount.com insecurely, use `--no-check-certificate'.
--2012-10-08 05:21:04--  https://s1.cdscdn.com/Js/common/jquery-1.4.2.min.js
Connecting to s1.cdscdn.com|86.65.30.117|:443... connected.
ERROR: cannot verify s1.cdscdn.com's certificate, issued by `/C=US/O=VeriSign, Inc./OU=VeriSign Trust Network/OU=Terms of use at https://www.verisign.com/rpa (c)10/CN=VeriSign Class 3 Secure Server CA - G3':
  Unable to locally verify the issuer's authority.
To connect to s1.cdscdn.com insecurely, use `--no-check-certificate'.
--2012-10-08 05:21:04--  https://s1.cdscdn.com/Js/concat.js
Connecting to s1.cdscdn.com|86.65.30.117|:443... connected.
ERROR: cannot verify s1.cdscdn.com's certificate, issued by `/C=US/O=VeriSign, Inc./OU=VeriSign Trust Network/OU=Terms of use at https://www.verisign.com/rpa (c)10/CN=VeriSign Class 3 Secure Server CA - G3':
  Unable to locally verify the issuer's authority.
To connect to s1.cdscdn.com insecurely, use `--no-check-certificate'.
--2012-10-08 05:21:05--  https://s1.cdscdn.com/Js/R2/wl/layout_r2.js
Connecting to s1.cdscdn.com|86.65.30.117|:443... connected.
ERROR: cannot verify s1.cdscdn.com's certificate, issued by `/C=US/O=VeriSign, Inc./OU=VeriSign Trust Network/OU=Terms of use at https://www.verisign.com/rpa (c)10/CN=VeriSign Class 3 Secure Server CA - G3':
  Unable to locally verify the issuer's authority.
To connect to s1.cdscdn.com insecurely, use `--no-check-certificate'.
--2012-10-08 05:21:06--  https://s1.cdscdn.com/Js/wl/arche/inisearchv2.js
Connecting to s1.cdscdn.com|86.65.30.117|:443... connected.
ERROR: cannot verify s1.cdscdn.com's certificate, issued by `/C=US/O=VeriSign, Inc./OU=VeriSign Trust Network/OU=Terms of use at https://www.verisign.com/rpa (c)10/CN=VeriSign Class 3 Secure Server CA - G3':
  Unable to locally verify the issuer's authority.
To connect to s1.cdscdn.com insecurely, use `--no-check-certificate'.
--2012-10-08 05:21:13--  https://s1.cdscdn.com/Js/customerzone/ztd.js
Connecting to s1.cdscdn.com|86.65.30.117|:443... connected.
ERROR: cannot verify s1.cdscdn.com's certificate, issued by `/C=US/O=VeriSign, Inc./OU=VeriSign Trust Network/OU=Terms of use at https://www.verisign.com/rpa (c)10/CN=VeriSign Class 3 Secure Server CA - G3':
  Unable to locally verify the issuer's authority.
To connect to s1.cdscdn.com insecurely, use `--no-check-certificate'.
--2012-10-08 05:21:13--  https://s1.cdscdn.com/Js/common/cds.social.js
Connecting to s1.cdscdn.com|86.65.30.117|:443... connected.
ERROR: cannot verify s1.cdscdn.com's certificate, issued by `/C=US/O=VeriSign, Inc./OU=VeriSign Trust Network/OU=Terms of use at https://www.verisign.com/rpa (c)10/CN=VeriSign Class 3 Secure Server CA - G3':
  Unable to locally verify the issuer's authority.
To connect to s1.cdscdn.com insecurely, use `--no-check-certificate'.
--2012-10-08 05:21:14--  https://i1.cdiscount.com/struct/common/op/bg_bodyRepeat.jpg
Connecting to i1.cdiscount.com|86.65.30.104|:443... connected.
ERROR: cannot verify i1.cdiscount.com's certificate, issued by `/C=US/O=VeriSign, Inc./OU=VeriSign Trust Network/OU=Terms of use at https://www.verisign.com/rpa (c)05/CN=VeriSign Class 3 Secure Server CA':
  Unable to locally verify the issuer's authority.
To connect to i1.cdiscount.com insecurely, use `--no-check-certificate'.
--2012-10-08 05:21:14--  https://i1.cdiscount.com/struct/common/op/bg_body.jpg
Connecting to i1.cdiscount.com|86.65.30.104|:443... connected.
ERROR: cannot verify i1.cdiscount.com's certificate, issued by `/C=US/O=VeriSign, Inc./OU=VeriSign Trust Network/OU=Terms of use at https://www.verisign.com/rpa (c)05/CN=VeriSign Class 3 Secure Server CA':
  Unable to locally verify the issuer's authority.
To connect to i1.cdiscount.com insecurely, use `--no-check-certificate'.
--2012-10-08 05:21:15--  https://s1.cdscdn.com/Js/external/s_code.js
Connecting to s1.cdscdn.com|86.65.30.117|:443... connected.
ERROR: cannot verify s1.cdscdn.com's certificate, issued by `/C=US/O=VeriSign, Inc./OU=VeriSign Trust Network/OU=Terms of use at https://www.verisign.com/rpa (c)10/CN=VeriSign Class 3 Secure Server CA - G3':
  Unable to locally verify the issuer's authority.
To connect to s1.cdscdn.com insecurely, use `--no-check-certificate'.
--2012-10-08 05:21:15--  https://clients.cdiscount.com/tracking/myImage.track_Session
Reusing existing connection to clients.cdiscount.com:443.
HTTP request sent, awaiting response... 404 Not Found
2012-10-08 05:21:15 ERROR 404: Not Found.

--2012-10-08 05:21:15--  https://clients.cdiscount.com/tracking/myImage.track_Visit?departmentId=&num=&sitemapNodeId=68536
Reusing existing connection to clients.cdiscount.com:443.
HTTP request sent, awaiting response... 404 Not Found
2012-10-08 05:21:15 ERROR 404: Not Found.

--2012-10-08 05:21:15--  https://smetrics.cdiscount.com/b/ss/cdiscountcomprod/1/H.20.3--NS/0
Resolving smetrics.cdiscount.com... 63.140.57.23
Connecting to smetrics.cdiscount.com|63.140.57.23|:443... connected.
HTTP request sent, awaiting response... 302 Found
Location: https://smetrics.cdiscount.com/b/ss/cdiscountcomprod/1/H.20.3--NS/0?AQB=1&pccr=true&vidn=2839629D850133ED-6000013800005D51&AQE=1 [following]
--2012-10-08 05:21:15--  https://smetrics.cdiscount.com/b/ss/cdiscountcomprod/1/H.20.3--NS/0?AQB=1&pccr=true&vidn=2839629D850133ED-6000013800005D51&AQE=1
Reusing existing connection to smetrics.cdiscount.com:443.
HTTP request sent, awaiting response... 200 OK
Length: 43 [image/gif]
Saving to: `code/../crawls/cdiscount.com/Privacy-Policy/raw/smetrics.cdiscount.com/b/ss/cdiscountcomprod/1/H.20.3--NS/0'

     0K                                                       100% 35.0M=0s

2012-10-08 05:21:15 (35.0 MB/s) - `code/../crawls/cdiscount.com/Privacy-Policy/raw/smetrics.cdiscount.com/b/ss/cdiscountcomprod/1/H.20.3--NS/0' saved [43/43]

--2012-10-08 05:21:15--  https://manager.tagcommander.com/utils/noscript.php?id=1&mode=iframe&site=335
Resolving manager.tagcommander.com... 95.131.138.161
Connecting to manager.tagcommander.com|95.131.138.161|:443... connected.
HTTP request sent, awaiting response... 200 OK
Length: 1211 (1.2K) [text/html]
Saving to: `code/../crawls/cdiscount.com/Privacy-Policy/raw/manager.tagcommander.com/utils/noscript.php?id=1&mode=iframe&site=335.html'

     0K .                                                     100% 30.6M=0s

2012-10-08 05:21:16 (30.6 MB/s) - `code/../crawls/cdiscount.com/Privacy-Policy/raw/manager.tagcommander.com/utils/noscript.php?id=1&mode=iframe&site=335.html' saved [1211/1211]

--2012-10-08 05:21:16--  https://i1.cdiscount.com/other/noimage_100721064614.gif
Connecting to i1.cdiscount.com|86.65.30.104|:443... connected.
ERROR: cannot verify i1.cdiscount.com's certificate, issued by `/C=US/O=VeriSign, Inc./OU=VeriSign Trust Network/OU=Terms of use at https://www.verisign.com/rpa (c)05/CN=VeriSign Class 3 Secure Server CA':
  Unable to locally verify the issuer's authority.
To connect to i1.cdiscount.com insecurely, use `--no-check-certificate'.
--2012-10-08 05:21:17--  https://i1.cdiscount.com/other/meta_pro_120202182620.jpg
Connecting to i1.cdiscount.com|86.65.30.104|:443... connected.
ERROR: cannot verify i1.cdiscount.com's certificate, issued by `/C=US/O=VeriSign, Inc./OU=VeriSign Trust Network/OU=Terms of use at https://www.verisign.com/rpa (c)05/CN=VeriSign Class 3 Secure Server CA':
  Unable to locally verify the issuer's authority.
To connect to i1.cdiscount.com insecurely, use `--no-check-certificate'.
--2012-10-08 05:21:17--  https://i1.cdiscount.com/other/picto-bp_irts_120702141635.png
Connecting to i1.cdiscount.com|86.65.30.104|:443... connected.
ERROR: cannot verify i1.cdiscount.com's certificate, issued by `/C=US/O=VeriSign, Inc./OU=VeriSign Trust Network/OU=Terms of use at https://www.verisign.com/rpa (c)05/CN=VeriSign Class 3 Secure Server CA':
  Unable to locally verify the issuer's authority.
To connect to i1.cdiscount.com insecurely, use `--no-check-certificate'.
--2012-10-08 05:21:17--  https://i1.cdiscount.com/other/onglet_111104164343.jpg
Connecting to i1.cdiscount.com|86.65.30.104|:443... connected.
ERROR: cannot verify i1.cdiscount.com's certificate, issued by `/C=US/O=VeriSign, Inc./OU=VeriSign Trust Network/OU=Terms of use at https://www.verisign.com/rpa (c)05/CN=VeriSign Class 3 Secure Server CA':
  Unable to locally verify the issuer's authority.
To connect to i1.cdiscount.com insecurely, use `--no-check-certificate'.
--2012-10-08 05:21:18--  https://i1.cdiscount.com/other/picto-c-carte_110928174918.png
Connecting to i1.cdiscount.com|86.65.30.104|:443... connected.
ERROR: cannot verify i1.cdiscount.com's certificate, issued by `/C=US/O=VeriSign, Inc./OU=VeriSign Trust Network/OU=Terms of use at https://www.verisign.com/rpa (c)05/CN=VeriSign Class 3 Secure Server CA':
  Unable to locally verify the issuer's authority.
To connect to i1.cdiscount.com insecurely, use `--no-check-certificate'.
--2012-10-08 05:21:18--  https://i1.cdiscount.com/struct/i1/common/logo_cdiscount.png
Connecting to i1.cdiscount.com|86.65.30.104|:443... connected.
ERROR: cannot verify i1.cdiscount.com's certificate, issued by `/C=US/O=VeriSign, Inc./OU=VeriSign Trust Network/OU=Terms of use at https://www.verisign.com/rpa (c)05/CN=VeriSign Class 3 Secure Server CA':
  Unable to locally verify the issuer's authority.
To connect to i1.cdiscount.com insecurely, use `--no-check-certificate'.
--2012-10-08 05:21:19--  https://i1.cdiscount.com/other/shop-social_121005123903.png
Connecting to i1.cdiscount.com|86.65.30.104|:443... connected.
ERROR: cannot verify i1.cdiscount.com's certificate, issued by `/C=US/O=VeriSign, Inc./OU=VeriSign Trust Network/OU=Terms of use at https://www.verisign.com/rpa (c)05/CN=VeriSign Class 3 Secure Server CA':
  Unable to locally verify the issuer's authority.
To connect to i1.cdiscount.com insecurely, use `--no-check-certificate'.
--2012-10-08 05:21:19--  https://i1.cdiscount.com/other/carte-cadeau_121005123949.png
Connecting to i1.cdiscount.com|86.65.30.104|:443... connected.
ERROR: cannot verify i1.cdiscount.com's certificate, issued by `/C=US/O=VeriSign, Inc./OU=VeriSign Trust Network/OU=Terms of use at https://www.verisign.com/rpa (c)05/CN=VeriSign Class 3 Secure Server CA':
  Unable to locally verify the issuer's authority.
To connect to i1.cdiscount.com insecurely, use `--no-check-certificate'.
--2012-10-08 05:21:20--  https://i1.cdiscount.com/struct/i1/cms_init/header/destockage.png
Connecting to i1.cdiscount.com|86.65.30.104|:443... connected.
ERROR: cannot verify i1.cdiscount.com's certificate, issued by `/C=US/O=VeriSign, Inc./OU=VeriSign Trust Network/OU=Terms of use at https://www.verisign.com/rpa (c)05/CN=VeriSign Class 3 Secure Server CA':
  Unable to locally verify the issuer's authority.
To connect to i1.cdiscount.com insecurely, use `--no-check-certificate'.
--2012-10-08 05:21:20--  https://i1.cdiscount.com/imagesok/rien.gif
Connecting to i1.cdiscount.com|86.65.30.104|:443... connected.
ERROR: cannot verify i1.cdiscount.com's certificate, issued by `/C=US/O=VeriSign, Inc./OU=VeriSign Trust Network/OU=Terms of use at https://www.verisign.com/rpa (c)05/CN=VeriSign Class 3 Secure Server CA':
  Unable to locally verify the issuer's authority.
To connect to i1.cdiscount.com insecurely, use `--no-check-certificate'.
--2012-10-08 05:21:21--  https://i1.cdiscount.com/struct/dynamic/logo_cdiscount.png
Connecting to i1.cdiscount.com|86.65.30.104|:443... connected.
ERROR: cannot verify i1.cdiscount.com's certificate, issued by `/C=US/O=VeriSign, Inc./OU=VeriSign Trust Network/OU=Terms of use at https://www.verisign.com/rpa (c)05/CN=VeriSign Class 3 Secure Server CA':
  Unable to locally verify the issuer's authority.
To connect to i1.cdiscount.com insecurely, use `--no-check-certificate'.
--2012-10-08 05:21:21--  https://i1.cdiscount.com/struct/dynamic/logo_groupecasino.png
Connecting to i1.cdiscount.com|86.65.30.104|:443... connected.
ERROR: cannot verify i1.cdiscount.com's certificate, issued by `/C=US/O=VeriSign, Inc./OU=VeriSign Trust Network/OU=Terms of use at https://www.verisign.com/rpa (c)05/CN=VeriSign Class 3 Secure Server CA':
  Unable to locally verify the issuer's authority.
To connect to i1.cdiscount.com insecurely, use `--no-check-certificate'.
--2012-10-08 05:21:22--  https://i1.cdiscount.com/struct/dynamic/logo_fianet.png
Connecting to i1.cdiscount.com|86.65.30.104|:443... connected.
ERROR: cannot verify i1.cdiscount.com's certificate, issued by `/C=US/O=VeriSign, Inc./OU=VeriSign Trust Network/OU=Terms of use at https://www.verisign.com/rpa (c)05/CN=VeriSign Class 3 Secure Server CA':
  Unable to locally verify the issuer's authority.
To connect to i1.cdiscount.com insecurely, use `--no-check-certificate'.
--2012-10-08 05:21:22--  https://i1.cdiscount.com/struct/dynamic/logo_fevad.png
Connecting to i1.cdiscount.com|86.65.30.104|:443... connected.
ERROR: cannot verify i1.cdiscount.com's certificate, issued by `/C=US/O=VeriSign, Inc./OU=VeriSign Trust Network/OU=Terms of use at https://www.verisign.com/rpa (c)05/CN=VeriSign Class 3 Secure Server CA':
  Unable to locally verify the issuer's authority.
To connect to i1.cdiscount.com insecurely, use `--no-check-certificate'.
--2012-10-08 05:21:22--  https://s1.cdscdn.com/Js/external/tagcommander/tc_nav_2_0.js
Connecting to s1.cdscdn.com|86.65.30.117|:443... connected.
ERROR: cannot verify s1.cdscdn.com's certificate, issued by `/C=US/O=VeriSign, Inc./OU=VeriSign Trust Network/OU=Terms of use at https://www.verisign.com/rpa (c)10/CN=VeriSign Class 3 Secure Server CA - G3':
  Unable to locally verify the issuer's authority.
To connect to s1.cdscdn.com insecurely, use `--no-check-certificate'.
FINISHED --2012-10-08 05:21:23--
Total wall clock time: 29s
Downloaded: 3 files, 414K in 2.2s (185 KB/s)
Converting code/../crawls/cdiscount.com/Privacy-Policy/raw/manager.tagcommander.com/utils/noscript.php?id=1&mode=iframe&site=335.html... nothing to do.
Converting code/../crawls/cdiscount.com/Privacy-Policy/raw/clients.cdiscount.com/Simple/Cgv.aspx.html... 3-4
Converted 2 files in 0.02 seconds.
