--2012-12-05 05:23:29--  http://www.wolfram.com/legal/privacy/wolfram-research.html
Resolving www.wolfram.com... 140.177.205.134, 206.123.112.238
Connecting to www.wolfram.com|140.177.205.134|:80... connected.
HTTP request sent, awaiting response... 200 OK
Length: unspecified [text/html]
Saving to: `code/../crawls/wolfram.com/Privacy-Policy/raw/www.wolfram.com/legal/privacy/wolfram-research.html'

     0K .......... .......... .......                           122K=0.2s

2012-12-05 05:23:29 (122 KB/s) - `code/../crawls/wolfram.com/Privacy-Policy/raw/www.wolfram.com/legal/privacy/wolfram-research.html' saved [28416]

--2012-12-05 05:23:29--  http://www.wolfram.com/common/includes/CSS.cgi?b=2009nonHPheader;p=css2009/;v=en
Reusing existing connection to www.wolfram.com:80.
HTTP request sent, awaiting response... 200 OK
Length: unspecified [text/css]
Saving to: `code/../crawls/wolfram.com/Privacy-Policy/raw/www.wolfram.com/common/includes/CSS.cgi?b=2009nonHPheader;p=css2009%2F;v=en.css'

     0K .....                                                  30.2M=0s

2012-12-05 05:23:29 (30.2 MB/s) - `code/../crawls/wolfram.com/Privacy-Policy/raw/www.wolfram.com/common/includes/CSS.cgi?b=2009nonHPheader;p=css2009%2F;v=en.css' saved [6096]

--2012-12-05 05:23:29--  http://www.wolfram.com/common/includes/CSS.cgi?b=Main;p=css2003/;v=en
Reusing existing connection to www.wolfram.com:80.
HTTP request sent, awaiting response... 200 OK
Length: unspecified [text/css]
Saving to: `code/../crawls/wolfram.com/Privacy-Policy/raw/www.wolfram.com/common/includes/CSS.cgi?b=Main;p=css2003%2F;v=en.css'

     0K ..........                                             14.0M=0.001s

2012-12-05 05:23:29 (14.0 MB/s) - `code/../crawls/wolfram.com/Privacy-Policy/raw/www.wolfram.com/common/includes/CSS.cgi?b=Main;p=css2003%2F;v=en.css' saved [10346]

--2012-12-05 05:23:29--  http://www.wolfram.com/common/includes/CSS.cgi?b=M6;p=css2003/www.wolfram.com/;v=en
Reusing existing connection to www.wolfram.com:80.
HTTP request sent, awaiting response... 200 OK
Length: unspecified [text/css]
Saving to: `code/../crawls/wolfram.com/Privacy-Policy/raw/www.wolfram.com/common/includes/CSS.cgi?b=M6;p=css2003%2Fwww.wolfram.com%2F;v=en.css'

     0K .                                                       131M=0s

2012-12-05 05:23:29 (131 MB/s) - `code/../crawls/wolfram.com/Privacy-Policy/raw/www.wolfram.com/common/includes/CSS.cgi?b=M6;p=css2003%2Fwww.wolfram.com%2F;v=en.css' saved [1235]

--2012-12-05 05:23:29--  http://www.wolfram.com/common/images2003/favicon.ico
Reusing existing connection to www.wolfram.com:80.
HTTP request sent, awaiting response... 200 OK
Length: 1150 (1.1K) [image/x-icon]
Saving to: `code/../crawls/wolfram.com/Privacy-Policy/raw/www.wolfram.com/common/images2003/favicon.ico'

     0K .                                                     100%  189M=0s

2012-12-05 05:23:29 (189 MB/s) - `code/../crawls/wolfram.com/Privacy-Policy/raw/www.wolfram.com/common/images2003/favicon.ico' saved [1150/1150]

--2012-12-05 05:23:29--  http://www.wolfram.com/common/javascript/jquery/core/1.2.6/jquery.js
Reusing existing connection to www.wolfram.com:80.
HTTP request sent, awaiting response... 200 OK
Length: 55749 (54K) [text/javascript]
Saving to: `code/../crawls/wolfram.com/Privacy-Policy/raw/www.wolfram.com/common/javascript/jquery/core/1.2.6/jquery.js'

     0K .......... .......... .......... .......... .......... 91%  434K 0s
    50K ....                                                  100% 17.0M=0.1s

2012-12-05 05:23:29 (472 KB/s) - `code/../crawls/wolfram.com/Privacy-Policy/raw/www.wolfram.com/common/javascript/jquery/core/1.2.6/jquery.js' saved [55749/55749]

--2012-12-05 05:23:29--  http://www.wolfram.com/common/javascript/jquery/plugins/hoverIntent/r5/jquery.hoverIntent.js
Reusing existing connection to www.wolfram.com:80.
HTTP request sent, awaiting response... 200 OK
Length: 4522 (4.4K) [text/javascript]
Saving to: `code/../crawls/wolfram.com/Privacy-Policy/raw/www.wolfram.com/common/javascript/jquery/plugins/hoverIntent/r5/jquery.hoverIntent.js'

     0K ....                                                  100% 48.4M=0s

2012-12-05 05:23:30 (48.4 MB/s) - `code/../crawls/wolfram.com/Privacy-Policy/raw/www.wolfram.com/common/javascript/jquery/plugins/hoverIntent/r5/jquery.hoverIntent.js' saved [4522/4522]

--2012-12-05 05:23:30--  http://www.wolfram.com/common/javascript/WRImenu.js
Reusing existing connection to www.wolfram.com:80.
HTTP request sent, awaiting response... 200 OK
Length: 2464 (2.4K) [application/x-javascript]
Saving to: `code/../crawls/wolfram.com/Privacy-Policy/raw/www.wolfram.com/common/javascript/WRImenu.js'

     0K ..                                                    100% 36.5M=0s

2012-12-05 05:23:30 (36.5 MB/s) - `code/../crawls/wolfram.com/Privacy-Policy/raw/www.wolfram.com/common/javascript/WRImenu.js' saved [2464/2464]

--2012-12-05 05:23:30--  http://www.wolfram.com/legal/css/legal.css
Reusing existing connection to www.wolfram.com:80.
HTTP request sent, awaiting response... 200 OK
Length: 2059 (2.0K) [text/css]
Saving to: `code/../crawls/wolfram.com/Privacy-Policy/raw/www.wolfram.com/legal/css/legal.css'

     0K ..                                                    100%  277M=0s

2012-12-05 05:23:30 (277 MB/s) - `code/../crawls/wolfram.com/Privacy-Policy/raw/www.wolfram.com/legal/css/legal.css' saved [2059/2059]

--2012-12-05 05:23:30--  http://www.wolfram.com/common/javascript/menu.js
Reusing existing connection to www.wolfram.com:80.
HTTP request sent, awaiting response... 200 OK
Length: 5978 (5.8K) [application/x-javascript]
Saving to: `code/../crawls/wolfram.com/Privacy-Policy/raw/www.wolfram.com/common/javascript/menu.js'

     0K .....                                                 100% 18.3M=0s

2012-12-05 05:23:30 (18.3 MB/s) - `code/../crawls/wolfram.com/Privacy-Policy/raw/www.wolfram.com/common/javascript/menu.js' saved [5978/5978]

--2012-12-05 05:23:30--  http://www.wolfram.com/common/javascript/rollover.js
Reusing existing connection to www.wolfram.com:80.
HTTP request sent, awaiting response... 200 OK
Length: 1041 (1.0K) [application/x-javascript]
Saving to: `code/../crawls/wolfram.com/Privacy-Policy/raw/www.wolfram.com/common/javascript/rollover.js'

     0K .                                                     100%  178M=0s

2012-12-05 05:23:30 (178 MB/s) - `code/../crawls/wolfram.com/Privacy-Policy/raw/www.wolfram.com/common/javascript/rollover.js' saved [1041/1041]

--2012-12-05 05:23:30--  http://www.wolfram.com/common/images/spacer.gif
Reusing existing connection to www.wolfram.com:80.
HTTP request sent, awaiting response... 200 OK
Length: 44 [image/gif]
Saving to: `code/../crawls/wolfram.com/Privacy-Policy/raw/www.wolfram.com/common/images/spacer.gif'

     0K                                                       100% 7.30M=0s

2012-12-05 05:23:30 (7.30 MB/s) - `code/../crawls/wolfram.com/Privacy-Policy/raw/www.wolfram.com/common/images/spacer.gif' saved [44/44]

--2012-12-05 05:23:30--  http://www.wolfram.com/common/images2008/searchbox_arrows.gif
Reusing existing connection to www.wolfram.com:80.
HTTP request sent, awaiting response... 200 OK
Length: 826 [image/gif]
Saving to: `code/../crawls/wolfram.com/Privacy-Policy/raw/www.wolfram.com/common/images2008/searchbox_arrows.gif'

     0K                                                       100%  142M=0s

2012-12-05 05:23:30 (142 MB/s) - `code/../crawls/wolfram.com/Privacy-Policy/raw/www.wolfram.com/common/images2008/searchbox_arrows.gif' saved [826/826]

--2012-12-05 05:23:30--  http://www.wolfram.com/legal/images/sidebarMiddle.gif
Reusing existing connection to www.wolfram.com:80.
HTTP request sent, awaiting response... 200 OK
Length: 168 [image/gif]
Saving to: `code/../crawls/wolfram.com/Privacy-Policy/raw/www.wolfram.com/legal/images/sidebarMiddle.gif'

     0K                                                       100% 29.1M=0s

2012-12-05 05:23:30 (29.1 MB/s) - `code/../crawls/wolfram.com/Privacy-Policy/raw/www.wolfram.com/legal/images/sidebarMiddle.gif' saved [168/168]

--2012-12-05 05:23:30--  http://www.wolfram.com/common/images2003/spacer.gif
Reusing existing connection to www.wolfram.com:80.
HTTP request sent, awaiting response... 200 OK
Length: 43 [image/gif]
Saving to: `code/../crawls/wolfram.com/Privacy-Policy/raw/www.wolfram.com/common/images2003/spacer.gif'

     0K                                                       100% 7.31M=0s

2012-12-05 05:23:30 (7.31 MB/s) - `code/../crawls/wolfram.com/Privacy-Policy/raw/www.wolfram.com/common/images2003/spacer.gif' saved [43/43]

--2012-12-05 05:23:30--  http://www.wolfram.com/common/images2003/add.gif
Reusing existing connection to www.wolfram.com:80.
HTTP request sent, awaiting response... 200 OK
Length: 199 [image/gif]
Saving to: `code/../crawls/wolfram.com/Privacy-Policy/raw/www.wolfram.com/common/images2003/add.gif'

     0K                                                       100% 33.2M=0s

2012-12-05 05:23:30 (33.2 MB/s) - `code/../crawls/wolfram.com/Privacy-Policy/raw/www.wolfram.com/common/images2003/add.gif' saved [199/199]

--2012-12-05 05:23:30--  http://www.wolfram.com/legal/images/sidebarBottom.gif
Reusing existing connection to www.wolfram.com:80.
HTTP request sent, awaiting response... 200 OK
Length: 153 [image/gif]
Saving to: `code/../crawls/wolfram.com/Privacy-Policy/raw/www.wolfram.com/legal/images/sidebarBottom.gif'

     0K                                                       100% 25.3M=0s

2012-12-05 05:23:30 (25.3 MB/s) - `code/../crawls/wolfram.com/Privacy-Policy/raw/www.wolfram.com/legal/images/sidebarBottom.gif' saved [153/153]

--2012-12-05 05:23:30--  http://www.wolfram.com/images/homepage2010/vertline.png
Reusing existing connection to www.wolfram.com:80.
HTTP request sent, awaiting response... 200 OK
Length: 136 [image/png]
Saving to: `code/../crawls/wolfram.com/Privacy-Policy/raw/www.wolfram.com/images/homepage2010/vertline.png'

     0K                                                       100% 21.0M=0s

2012-12-05 05:23:30 (21.0 MB/s) - `code/../crawls/wolfram.com/Privacy-Policy/raw/www.wolfram.com/images/homepage2010/vertline.png' saved [136/136]

--2012-12-05 05:23:30--  http://www.wolfram.com/common/images2003/lang_bottom_ja.gif
Reusing existing connection to www.wolfram.com:80.
HTTP request sent, awaiting response... 200 OK
Length: 119 [image/gif]
Saving to: `code/../crawls/wolfram.com/Privacy-Policy/raw/www.wolfram.com/common/images2003/lang_bottom_ja.gif'

     0K                                                       100% 21.0M=0s

2012-12-05 05:23:30 (21.0 MB/s) - `code/../crawls/wolfram.com/Privacy-Policy/raw/www.wolfram.com/common/images2003/lang_bottom_ja.gif' saved [119/119]

--2012-12-05 05:23:30--  http://www.wolfram.com/common/images2008/headerBackground.gif
Reusing existing connection to www.wolfram.com:80.
HTTP request sent, awaiting response... 200 OK
Length: 301 [image/gif]
Saving to: `code/../crawls/wolfram.com/Privacy-Policy/raw/www.wolfram.com/common/images2008/headerBackground.gif'

     0K                                                       100% 52.5M=0s

2012-12-05 05:23:30 (52.5 MB/s) - `code/../crawls/wolfram.com/Privacy-Policy/raw/www.wolfram.com/common/images2008/headerBackground.gif' saved [301/301]

--2012-12-05 05:23:30--  http://www.wolfram.com/common/images2010/wolframlogo10-blue.gif
Reusing existing connection to www.wolfram.com:80.
HTTP request sent, awaiting response... 200 OK
Length: 2392 (2.3K) [image/gif]
Saving to: `code/../crawls/wolfram.com/Privacy-Policy/raw/www.wolfram.com/common/images2010/wolframlogo10-blue.gif'

     0K ..                                                    100%  166M=0s

2012-12-05 05:23:30 (166 MB/s) - `code/../crawls/wolfram.com/Privacy-Policy/raw/www.wolfram.com/common/images2010/wolframlogo10-blue.gif' saved [2392/2392]

--2012-12-05 05:23:30--  http://www.wolfram.com/common/images/submenuarrow.gif
Reusing existing connection to www.wolfram.com:80.
HTTP request sent, awaiting response... 200 OK
Length: 57 [image/gif]
Saving to: `code/../crawls/wolfram.com/Privacy-Policy/raw/www.wolfram.com/common/images/submenuarrow.gif'

     0K                                                       100% 10.8M=0s

2012-12-05 05:23:31 (10.8 MB/s) - `code/../crawls/wolfram.com/Privacy-Policy/raw/www.wolfram.com/common/images/submenuarrow.gif' saved [57/57]

--2012-12-05 05:23:31--  http://www.wolfram.com/common/images2010/socialIcons_15.png
Reusing existing connection to www.wolfram.com:80.
HTTP request sent, awaiting response... 200 OK
Length: 8759 (8.6K) [image/png]
Saving to: `code/../crawls/wolfram.com/Privacy-Policy/raw/www.wolfram.com/common/images2010/socialIcons_15.png'

     0K ........                                              100%  150K=0.06s

2012-12-05 05:23:31 (150 KB/s) - `code/../crawls/wolfram.com/Privacy-Policy/raw/www.wolfram.com/common/images2010/socialIcons_15.png' saved [8759/8759]

--2012-12-05 05:23:31--  http://www.wolfram.com/common/images2010/newsletterBG.gif
Reusing existing connection to www.wolfram.com:80.
HTTP request sent, awaiting response... 200 OK
Length: 685 [image/gif]
Saving to: `code/../crawls/wolfram.com/Privacy-Policy/raw/www.wolfram.com/common/images2010/newsletterBG.gif'

     0K                                                       100%  116M=0s

2012-12-05 05:23:31 (116 MB/s) - `code/../crawls/wolfram.com/Privacy-Policy/raw/www.wolfram.com/common/images2010/newsletterBG.gif' saved [685/685]

--2012-12-05 05:23:31--  http://www.wolfram.com/common/includes/iepngfix.htc
Reusing existing connection to www.wolfram.com:80.
HTTP request sent, awaiting response... 200 OK
Length: 1753 (1.7K) [text/plain]
Saving to: `code/../crawls/wolfram.com/Privacy-Policy/raw/www.wolfram.com/common/includes/iepngfix.htc'

     0K .                                                     100%  237M=0s

2012-12-05 05:23:31 (237 MB/s) - `code/../crawls/wolfram.com/Privacy-Policy/raw/www.wolfram.com/common/includes/iepngfix.htc' saved [1753/1753]

--2012-12-05 05:23:31--  http://www.wolfram.com/products/mathematica/images/mathematica-background.jpg
Reusing existing connection to www.wolfram.com:80.
HTTP request sent, awaiting response... 200 OK
Length: 19901 (19K) [image/jpeg]
Saving to: `code/../crawls/wolfram.com/Privacy-Policy/raw/www.wolfram.com/products/mathematica/images/mathematica-background.jpg'

     0K .......... .........                                  100%  327K=0.06s

2012-12-05 05:23:31 (327 KB/s) - `code/../crawls/wolfram.com/Privacy-Policy/raw/www.wolfram.com/products/mathematica/images/mathematica-background.jpg' saved [19901/19901]

--2012-12-05 05:23:31--  http://www.wolfram.com/images/_webresources_back.jpg
Reusing existing connection to www.wolfram.com:80.
HTTP request sent, awaiting response... 200 OK
Length: 39065 (38K) [image/jpeg]
Saving to: `code/../crawls/wolfram.com/Privacy-Policy/raw/www.wolfram.com/images/_webresources_back.jpg'

     0K .......... .......... .......... ........             100%  326K=0.1s

2012-12-05 05:23:31 (326 KB/s) - `code/../crawls/wolfram.com/Privacy-Policy/raw/www.wolfram.com/images/_webresources_back.jpg' saved [39065/39065]

--2012-12-05 05:23:31--  http://www.wolfram.com/products/applications/images/background-appacks.jpg
Reusing existing connection to www.wolfram.com:80.
HTTP request sent, awaiting response... 200 OK
Length: 5753 (5.6K) [image/jpeg]
Saving to: `code/../crawls/wolfram.com/Privacy-Policy/raw/www.wolfram.com/products/applications/images/background-appacks.jpg'

     0K .....                                                 100% 28.6M=0s

2012-12-05 05:23:31 (28.6 MB/s) - `code/../crawls/wolfram.com/Privacy-Policy/raw/www.wolfram.com/products/applications/images/background-appacks.jpg' saved [5753/5753]

--2012-12-05 05:23:31--  http://media.wolfram.com/images/media_background.jpg
Resolving media.wolfram.com... 140.177.205.72
Connecting to media.wolfram.com|140.177.205.72|:80... connected.
HTTP request sent, awaiting response... 200 OK
Length: 16256 (16K) [image/jpeg]
Saving to: `code/../crawls/wolfram.com/Privacy-Policy/raw/media.wolfram.com/images/media_background.jpg'

     0K .......... .....                                      100%  139K=0.1s

2012-12-05 05:23:32 (139 KB/s) - `code/../crawls/wolfram.com/Privacy-Policy/raw/media.wolfram.com/images/media_background.jpg' saved [16256/16256]

--2012-12-05 05:23:32--  http://register.wolfram.com/common/images2003/background.jpg
Resolving register.wolfram.com... 140.177.205.44
Connecting to register.wolfram.com|140.177.205.44|:80... connected.
HTTP request sent, awaiting response... 200 OK
Length: 13975 (14K) [image/jpeg]
Saving to: `code/../crawls/wolfram.com/Privacy-Policy/raw/register.wolfram.com/common/images2003/background.jpg'

     0K .......... ...                                        100%  119K=0.1s

2012-12-05 05:23:32 (119 KB/s) - `code/../crawls/wolfram.com/Privacy-Policy/raw/register.wolfram.com/common/images2003/background.jpg' saved [13975/13975]

--2012-12-05 05:23:32--  http://www.wolfram.com/common/images/2-1.gif
Connecting to www.wolfram.com|140.177.205.134|:80... connected.
HTTP request sent, awaiting response... 200 OK
Length: 63 [image/gif]
Saving to: `code/../crawls/wolfram.com/Privacy-Policy/raw/www.wolfram.com/common/images/2-1.gif'

     0K                                                       100% 10.0M=0s

2012-12-05 05:23:32 (10.0 MB/s) - `code/../crawls/wolfram.com/Privacy-Policy/raw/www.wolfram.com/common/images/2-1.gif' saved [63/63]

--2012-12-05 05:23:32--  http://www.wolfram.com/common/images/1-2background.gif
Reusing existing connection to www.wolfram.com:80.
HTTP request sent, awaiting response... 200 OK
Length: 154 [image/gif]
Saving to: `code/../crawls/wolfram.com/Privacy-Policy/raw/www.wolfram.com/common/images/1-2background.gif'

     0K                                                       100% 25.1M=0s

2012-12-05 05:23:32 (25.1 MB/s) - `code/../crawls/wolfram.com/Privacy-Policy/raw/www.wolfram.com/common/images/1-2background.gif' saved [154/154]

--2012-12-05 05:23:32--  http://www.wolfram.com/common/images/gradient-background.gif
Reusing existing connection to www.wolfram.com:80.
HTTP request sent, awaiting response... 200 OK
Length: 498 [image/gif]
Saving to: `code/../crawls/wolfram.com/Privacy-Policy/raw/www.wolfram.com/common/images/gradient-background.gif'

     0K                                                       100% 88.6M=0s

2012-12-05 05:23:32 (88.6 MB/s) - `code/../crawls/wolfram.com/Privacy-Policy/raw/www.wolfram.com/common/images/gradient-background.gif' saved [498/498]

--2012-12-05 05:23:32--  http://www.wolfram.com/common/images/li-bullet1.gif
Reusing existing connection to www.wolfram.com:80.
HTTP request sent, awaiting response... 200 OK
Length: 79 [image/gif]
Saving to: `code/../crawls/wolfram.com/Privacy-Policy/raw/www.wolfram.com/common/images/li-bullet1.gif'

     0K                                                       100% 13.8M=0s

2012-12-05 05:23:32 (13.8 MB/s) - `code/../crawls/wolfram.com/Privacy-Policy/raw/www.wolfram.com/common/images/li-bullet1.gif' saved [79/79]

--2012-12-05 05:23:32--  http://www.wolfram.com/common/images/orange-link-button.gif
Reusing existing connection to www.wolfram.com:80.
HTTP request sent, awaiting response... 200 OK
Length: 80 [image/gif]
Saving to: `code/../crawls/wolfram.com/Privacy-Policy/raw/www.wolfram.com/common/images/orange-link-button.gif'

     0K                                                       100% 13.9M=0s

2012-12-05 05:23:32 (13.9 MB/s) - `code/../crawls/wolfram.com/Privacy-Policy/raw/www.wolfram.com/common/images/orange-link-button.gif' saved [80/80]

--2012-12-05 05:23:32--  http://www.wolfram.com/common/images/bullet_orange.gif
Reusing existing connection to www.wolfram.com:80.
HTTP request sent, awaiting response... 200 OK
Length: 45 [image/gif]
Saving to: `code/../crawls/wolfram.com/Privacy-Policy/raw/www.wolfram.com/common/images/bullet_orange.gif'

     0K                                                       100% 7.99M=0s

2012-12-05 05:23:33 (7.99 MB/s) - `code/../crawls/wolfram.com/Privacy-Policy/raw/www.wolfram.com/common/images/bullet_orange.gif' saved [45/45]

--2012-12-05 05:23:33--  http://www.wolfram.com/common/images/gradient-background-yellow.gif
Reusing existing connection to www.wolfram.com:80.
HTTP request sent, awaiting response... 200 OK
Length: 1537 (1.5K) [image/gif]
Saving to: `code/../crawls/wolfram.com/Privacy-Policy/raw/www.wolfram.com/common/images/gradient-background-yellow.gif'

     0K .                                                     100%  223M=0s

2012-12-05 05:23:33 (223 MB/s) - `code/../crawls/wolfram.com/Privacy-Policy/raw/www.wolfram.com/common/images/gradient-background-yellow.gif' saved [1537/1537]

--2012-12-05 05:23:33--  http://www.wolfram.com/common/images2003/headerBACK_blue.jpg
Reusing existing connection to www.wolfram.com:80.
HTTP request sent, awaiting response... 200 OK
Length: 12725 (12K) [image/jpeg]
Saving to: `code/../crawls/wolfram.com/Privacy-Policy/raw/www.wolfram.com/common/images2003/headerBACK_blue.jpg'

     0K .......... ..                                         100%  109K=0.1s

2012-12-05 05:23:33 (109 KB/s) - `code/../crawls/wolfram.com/Privacy-Policy/raw/www.wolfram.com/common/images2003/headerBACK_blue.jpg' saved [12725/12725]

--2012-12-05 05:23:33--  http://www.wolfram.com/common/images2003/headerBACK_M6.jpg
Reusing existing connection to www.wolfram.com:80.
HTTP request sent, awaiting response... 200 OK
Length: 13600 (13K) [image/jpeg]
Saving to: `code/../crawls/wolfram.com/Privacy-Policy/raw/www.wolfram.com/common/images2003/headerBACK_M6.jpg'

     0K .......... ...                                        100%  226K=0.06s

2012-12-05 05:23:33 (226 KB/s) - `code/../crawls/wolfram.com/Privacy-Policy/raw/www.wolfram.com/common/images2003/headerBACK_M6.jpg' saved [13600/13600]

--2012-12-05 05:23:33--  http://www.wolfram.com/common/images2010/wolframlogo10-red.gif
Reusing existing connection to www.wolfram.com:80.
HTTP request sent, awaiting response... 200 OK
Length: 2377 (2.3K) [image/gif]
Saving to: `code/../crawls/wolfram.com/Privacy-Policy/raw/www.wolfram.com/common/images2010/wolframlogo10-red.gif'

     0K ..                                                    100%  187M=0s

2012-12-05 05:23:33 (187 MB/s) - `code/../crawls/wolfram.com/Privacy-Policy/raw/www.wolfram.com/common/images2010/wolframlogo10-red.gif' saved [2377/2377]

--2012-12-05 05:23:33--  http://www.wolfram.com/common/images2008/list_bullet_red.gif
Reusing existing connection to www.wolfram.com:80.
HTTP request sent, awaiting response... 200 OK
Length: 45 [image/gif]
Saving to: `code/../crawls/wolfram.com/Privacy-Policy/raw/www.wolfram.com/common/images2008/list_bullet_red.gif'

     0K                                                       100% 7.97M=0s

2012-12-05 05:23:33 (7.97 MB/s) - `code/../crawls/wolfram.com/Privacy-Policy/raw/www.wolfram.com/common/images2008/list_bullet_red.gif' saved [45/45]

--2012-12-05 05:23:33--  http://www.wolfram.com/common/images/bullet_red2.gif
Reusing existing connection to www.wolfram.com:80.
HTTP request sent, awaiting response... 200 OK
Length: 45 [image/gif]
Saving to: `code/../crawls/wolfram.com/Privacy-Policy/raw/www.wolfram.com/common/images/bullet_red2.gif'

     0K                                                       100% 8.09M=0s

2012-12-05 05:23:33 (8.09 MB/s) - `code/../crawls/wolfram.com/Privacy-Policy/raw/www.wolfram.com/common/images/bullet_red2.gif' saved [45/45]

--2012-12-05 05:23:33--  http://www.wolfram.com/legal/images/sidebarTop.gif
Reusing existing connection to www.wolfram.com:80.
HTTP request sent, awaiting response... 200 OK
Length: 224 [image/gif]
Saving to: `code/../crawls/wolfram.com/Privacy-Policy/raw/www.wolfram.com/legal/images/sidebarTop.gif'

     0K                                                       100% 41.1M=0s

2012-12-05 05:23:33 (41.1 MB/s) - `code/../crawls/wolfram.com/Privacy-Policy/raw/www.wolfram.com/legal/images/sidebarTop.gif' saved [224/224]

--2012-12-05 05:23:33--  http://www.wolfram.com/legal/images/arrow2.gif
Reusing existing connection to www.wolfram.com:80.
HTTP request sent, awaiting response... 200 OK
Length: 99 [image/gif]
Saving to: `code/../crawls/wolfram.com/Privacy-Policy/raw/www.wolfram.com/legal/images/arrow2.gif'

     0K                                                       100% 16.5M=0s

2012-12-05 05:23:33 (16.5 MB/s) - `code/../crawls/wolfram.com/Privacy-Policy/raw/www.wolfram.com/legal/images/arrow2.gif' saved [99/99]

--2012-12-05 05:23:33--  http://www.wolfram.com/legal/images/arrow1.gif
Reusing existing connection to www.wolfram.com:80.
HTTP request sent, awaiting response... 200 OK
Length: 105 [image/gif]
Saving to: `code/../crawls/wolfram.com/Privacy-Policy/raw/www.wolfram.com/legal/images/arrow1.gif'

     0K                                                       100% 17.7M=0s

2012-12-05 05:23:34 (17.7 MB/s) - `code/../crawls/wolfram.com/Privacy-Policy/raw/www.wolfram.com/legal/images/arrow1.gif' saved [105/105]

FINISHED --2012-12-05 05:23:34--
Total wall clock time: 5.3s
Downloaded: 45 files, 255K in 1.0s (260 KB/s)
Converting code/../crawls/wolfram.com/Privacy-Policy/raw/www.wolfram.com/legal/privacy/wolfram-research.html... 33-39
Converting code/../crawls/wolfram.com/Privacy-Policy/raw/www.wolfram.com/legal/css/legal.css... 5-0
Converting code/../crawls/wolfram.com/Privacy-Policy/raw/www.wolfram.com/common/includes/CSS.cgi?b=M6;p=css2003%2Fwww.wolfram.com%2F;v=en.css... 3-0
Converting code/../crawls/wolfram.com/Privacy-Policy/raw/www.wolfram.com/common/includes/CSS.cgi?b=2009nonHPheader;p=css2009%2F;v=en.css... 5-0
Converting code/../crawls/wolfram.com/Privacy-Policy/raw/www.wolfram.com/common/includes/CSS.cgi?b=Main;p=css2003%2F;v=en.css... 15-0
Converted 5 files in 0.003 seconds.
