--2013-01-23 05:21:52--  https://subscription.timeinc.com/storefront/privacy/health/generic_privacy_new.html?dnp-source=E
Resolving subscription.timeinc.com... 206.132.7.70
Connecting to subscription.timeinc.com|206.132.7.70|:443... connected.
HTTP request sent, awaiting response... 200 OK
Length: unspecified [text/html]
Saving to: `code/../crawls/health.com/Privacy-Policy/raw/subscription.timeinc.com/storefront/privacy/health/generic_privacy_new.html?dnp-source=E.html'

     0K .......... .......... ....                             90.0K=0.3s

2013-01-23 05:21:53 (90.0 KB/s) - `code/../crawls/health.com/Privacy-Policy/raw/subscription.timeinc.com/storefront/privacy/health/generic_privacy_new.html?dnp-source=E.html' saved [24693]

--2013-01-23 05:21:53--  https://subscription-assets.timeinc.com/prod/assets/themes/magazines/default/template-resources/images/privacy/HAlogo.gif
Resolving subscription-assets.timeinc.com... 184.24.237.43
Connecting to subscription-assets.timeinc.com|184.24.237.43|:443... connected.
HTTP request sent, awaiting response... 200 OK
Length: 1719 (1.7K) [image/gif]
Saving to: `code/../crawls/health.com/Privacy-Policy/raw/subscription-assets.timeinc.com/prod/assets/themes/magazines/default/template-resources/images/privacy/HAlogo.gif'

     0K .                                                     100%  844M=0s

2013-01-23 05:21:53 (844 MB/s) - `code/../crawls/health.com/Privacy-Policy/raw/subscription-assets.timeinc.com/prod/assets/themes/magazines/default/template-resources/images/privacy/HAlogo.gif' saved [1719/1719]

FINISHED --2013-01-23 05:21:53--
Total wall clock time: 1.3s
Downloaded: 2 files, 26K in 0.3s (96.3 KB/s)
Converting code/../crawls/health.com/Privacy-Policy/raw/subscription.timeinc.com/storefront/privacy/health/generic_privacy_new.html?dnp-source=E.html... 17-8
Converted 1 files in 0.001 seconds.
