--2013-03-30 05:09:22--  http://privacychoice.org/privacy
Resolving privacychoice.org... 184.106.22.246
Connecting to privacychoice.org|184.106.22.246|:80... connected.
HTTP request sent, awaiting response... 200 OK
Length: unspecified [text/html]
Saving to: `code/../crawls/privacychoice.org/Privacy-Policy/raw/privacychoice.org/privacy.html'

     0K .......... .......... ....                             67.3K=0.4s

2013-03-30 05:09:22 (67.3 KB/s) - `code/../crawls/privacychoice.org/Privacy-Policy/raw/privacychoice.org/privacy.html' saved [25484]

--2013-03-30 05:09:22--  http://privacychoice.org/js/mootools.js
Connecting to privacychoice.org|184.106.22.246|:80... connected.
HTTP request sent, awaiting response... 200 OK
Length: 138458 (135K) [application/x-javascript]
Saving to: `code/../crawls/privacychoice.org/Privacy-Policy/raw/privacychoice.org/js/mootools.js'

     0K .......... .......... .......... .......... .......... 36% 85.8K 1s
    50K .......... .......... .......... .......... .......... 73% 50.2K 1s
   100K .......... .......... .......... .....                100% 74.4K=2.1s

2013-03-30 05:09:25 (65.9 KB/s) - `code/../crawls/privacychoice.org/Privacy-Policy/raw/privacychoice.org/js/mootools.js' saved [138458/138458]

--2013-03-30 05:09:25--  http://ajax.googleapis.com/ajax/libs/jquery/1.4.2/jquery.min.js
Resolving ajax.googleapis.com... 173.194.69.95, 2a00:1450:4008:c01::5f
Connecting to ajax.googleapis.com|173.194.69.95|:80... connected.
HTTP request sent, awaiting response... 200 OK
Length: unspecified [text/javascript]
Saving to: `code/../crawls/privacychoice.org/Privacy-Policy/raw/ajax.googleapis.com/ajax/libs/jquery/1.4.2/jquery.min.js'

     0K .......... .......... .......... .......... ..........  100K
    50K .......... ..........                                  11.9M=0.5s

2013-03-30 05:09:25 (141 KB/s) - `code/../crawls/privacychoice.org/Privacy-Policy/raw/ajax.googleapis.com/ajax/libs/jquery/1.4.2/jquery.min.js' saved [72174]

--2013-03-30 05:09:25--  http://privacychoice.org/js/jquery/jquery.tools.min.js
Connecting to privacychoice.org|184.106.22.246|:80... connected.
HTTP request sent, awaiting response... 200 OK
Length: 8935 (8.7K) [application/x-javascript]
Saving to: `code/../crawls/privacychoice.org/Privacy-Policy/raw/privacychoice.org/js/jquery/jquery.tools.min.js'

     0K ........                                              100% 21.2K=0.4s

2013-03-30 05:09:26 (21.2 KB/s) - `code/../crawls/privacychoice.org/Privacy-Policy/raw/privacychoice.org/js/jquery/jquery.tools.min.js' saved [8935/8935]

--2013-03-30 05:09:26--  http://privacychoice.org/js/main.js
Connecting to privacychoice.org|184.106.22.246|:80... connected.
HTTP request sent, awaiting response... 200 OK
Length: 6529 (6.4K) [application/x-javascript]
Saving to: `code/../crawls/privacychoice.org/Privacy-Policy/raw/privacychoice.org/js/main.js'

     0K ......                                                100% 20.8K=0.3s

2013-03-30 05:09:26 (20.8 KB/s) - `code/../crawls/privacychoice.org/Privacy-Policy/raw/privacychoice.org/js/main.js' saved [6529/6529]

--2013-03-30 05:09:26--  http://privacychoice.org/css/screen.css
Connecting to privacychoice.org|184.106.22.246|:80... connected.
HTTP request sent, awaiting response... 200 OK
Length: 6535 (6.4K) [text/css]
Saving to: `code/../crawls/privacychoice.org/Privacy-Policy/raw/privacychoice.org/css/screen.css'

     0K ......                                                100%  122K=0.05s

2013-03-30 05:09:26 (122 KB/s) - `code/../crawls/privacychoice.org/Privacy-Policy/raw/privacychoice.org/css/screen.css' saved [6535/6535]

--2013-03-30 05:09:26--  http://privacychoice.org/images/fb-like.gif
Connecting to privacychoice.org|184.106.22.246|:80... connected.
HTTP request sent, awaiting response... 200 OK
Length: 724 [image/gif]
Saving to: `code/../crawls/privacychoice.org/Privacy-Policy/raw/privacychoice.org/images/fb-like.gif'

     0K                                                       100%  109M=0s

2013-03-30 05:09:27 (109 MB/s) - `code/../crawls/privacychoice.org/Privacy-Policy/raw/privacychoice.org/images/fb-like.gif' saved [724/724]

--2013-03-30 05:09:27--  http://privacychoice.org/images/share.gif
Connecting to privacychoice.org|184.106.22.246|:80... connected.
HTTP request sent, awaiting response... 200 OK
Length: 597 [image/gif]
Saving to: `code/../crawls/privacychoice.org/Privacy-Policy/raw/privacychoice.org/images/share.gif'

     0K                                                       100% 98.6M=0s

2013-03-30 05:09:27 (98.6 MB/s) - `code/../crawls/privacychoice.org/Privacy-Policy/raw/privacychoice.org/images/share.gif' saved [597/597]

--2013-03-30 05:09:27--  http://privacychoice.org/images/template/fb.gif
Connecting to privacychoice.org|184.106.22.246|:80... connected.
HTTP request sent, awaiting response... 200 OK
Length: 140 [image/gif]
Saving to: `code/../crawls/privacychoice.org/Privacy-Policy/raw/privacychoice.org/images/template/fb.gif'

     0K                                                       100% 20.6M=0s

2013-03-30 05:09:28 (20.6 MB/s) - `code/../crawls/privacychoice.org/Privacy-Policy/raw/privacychoice.org/images/template/fb.gif' saved [140/140]

--2013-03-30 05:09:28--  http://privacychoice.org/images/template/email.gif
Connecting to privacychoice.org|184.106.22.246|:80... connected.
HTTP request sent, awaiting response... 200 OK
Length: 110 [image/gif]
Saving to: `code/../crawls/privacychoice.org/Privacy-Policy/raw/privacychoice.org/images/template/email.gif'

     0K                                                       100% 18.3M=0s

2013-03-30 05:09:28 (18.3 MB/s) - `code/../crawls/privacychoice.org/Privacy-Policy/raw/privacychoice.org/images/template/email.gif' saved [110/110]

--2013-03-30 05:09:28--  http://privacychoice.org/images/template/twitter.gif
Connecting to privacychoice.org|184.106.22.246|:80... connected.
HTTP request sent, awaiting response... 200 OK
Length: 204 [image/gif]
Saving to: `code/../crawls/privacychoice.org/Privacy-Policy/raw/privacychoice.org/images/template/twitter.gif'

     0K                                                       100% 28.5M=0s

2013-03-30 05:09:28 (28.5 MB/s) - `code/../crawls/privacychoice.org/Privacy-Policy/raw/privacychoice.org/images/template/twitter.gif' saved [204/204]

--2013-03-30 05:09:28--  http://privacychoice.org/images/template/digg.gif
Connecting to privacychoice.org|184.106.22.246|:80... connected.
HTTP request sent, awaiting response... 200 OK
Length: 174 [image/gif]
Saving to: `code/../crawls/privacychoice.org/Privacy-Policy/raw/privacychoice.org/images/template/digg.gif'

     0K                                                       100% 30.2M=0s

2013-03-30 05:09:28 (30.2 MB/s) - `code/../crawls/privacychoice.org/Privacy-Policy/raw/privacychoice.org/images/template/digg.gif' saved [174/174]

--2013-03-30 05:09:28--  http://privacychoice.org/images/template/delicious.gif
Connecting to privacychoice.org|184.106.22.246|:80... connected.
HTTP request sent, awaiting response... 200 OK
Length: 89 [image/gif]
Saving to: `code/../crawls/privacychoice.org/Privacy-Policy/raw/privacychoice.org/images/template/delicious.gif'

     0K                                                       100% 15.7M=0s

2013-03-30 05:09:28 (15.7 MB/s) - `code/../crawls/privacychoice.org/Privacy-Policy/raw/privacychoice.org/images/template/delicious.gif' saved [89/89]

--2013-03-30 05:09:28--  http://privacychoice.org/images/template/linkedin.gif
Connecting to privacychoice.org|184.106.22.246|:80... connected.
HTTP request sent, awaiting response... 200 OK
Length: 258 [image/gif]
Saving to: `code/../crawls/privacychoice.org/Privacy-Policy/raw/privacychoice.org/images/template/linkedin.gif'

     0K                                                       100% 48.8M=0s

2013-03-30 05:09:28 (48.8 MB/s) - `code/../crawls/privacychoice.org/Privacy-Policy/raw/privacychoice.org/images/template/linkedin.gif' saved [258/258]

--2013-03-30 05:09:28--  http://privacychoice.org/images/template/myspace.gif
Connecting to privacychoice.org|184.106.22.246|:80... connected.
HTTP request sent, awaiting response... 200 OK
Length: 241 [image/gif]
Saving to: `code/../crawls/privacychoice.org/Privacy-Policy/raw/privacychoice.org/images/template/myspace.gif'

     0K                                                       100% 41.9M=0s

2013-03-30 05:09:28 (41.9 MB/s) - `code/../crawls/privacychoice.org/Privacy-Policy/raw/privacychoice.org/images/template/myspace.gif' saved [241/241]

--2013-03-30 05:09:28--  http://privacychoice.org/images/template/stumbleupon.gif
Connecting to privacychoice.org|184.106.22.246|:80... connected.
HTTP request sent, awaiting response... 200 OK
Length: 396 [image/gif]
Saving to: `code/../crawls/privacychoice.org/Privacy-Policy/raw/privacychoice.org/images/template/stumbleupon.gif'

     0K                                                       100% 67.3M=0s

2013-03-30 05:09:28 (67.3 MB/s) - `code/../crawls/privacychoice.org/Privacy-Policy/raw/privacychoice.org/images/template/stumbleupon.gif' saved [396/396]

--2013-03-30 05:09:28--  http://privacychoice.org/images/template/reddit.gif
Connecting to privacychoice.org|184.106.22.246|:80... connected.
HTTP request sent, awaiting response... 200 OK
Length: 268 [image/gif]
Saving to: `code/../crawls/privacychoice.org/Privacy-Policy/raw/privacychoice.org/images/template/reddit.gif'

     0K                                                       100% 48.2M=0s

2013-03-30 05:09:29 (48.2 MB/s) - `code/../crawls/privacychoice.org/Privacy-Policy/raw/privacychoice.org/images/template/reddit.gif' saved [268/268]

--2013-03-30 05:09:29--  http://privacychoice.org/images/policymaker/assets/leftbar/privacy.gif
Connecting to privacychoice.org|184.106.22.246|:80... connected.
HTTP request sent, awaiting response... 200 OK
Length: 362 [image/gif]
Saving to: `code/../crawls/privacychoice.org/Privacy-Policy/raw/privacychoice.org/images/policymaker/assets/leftbar/privacy.gif'

     0K                                                       100% 61.0M=0s

2013-03-30 05:09:29 (61.0 MB/s) - `code/../crawls/privacychoice.org/Privacy-Policy/raw/privacychoice.org/images/policymaker/assets/leftbar/privacy.gif' saved [362/362]

--2013-03-30 05:09:29--  http://privacychoice.org/images/policymaker/assets/leftbar/privacy-policies.gif
Connecting to privacychoice.org|184.106.22.246|:80... connected.
HTTP request sent, awaiting response... 200 OK
Length: 898 [image/gif]
Saving to: `code/../crawls/privacychoice.org/Privacy-Policy/raw/privacychoice.org/images/policymaker/assets/leftbar/privacy-policies.gif'

     0K                                                       100%  149M=0s

2013-03-30 05:09:29 (149 MB/s) - `code/../crawls/privacychoice.org/Privacy-Policy/raw/privacychoice.org/images/policymaker/assets/leftbar/privacy-policies.gif' saved [898/898]

--2013-03-30 05:09:29--  http://privacychoice.org/images/policymaker/assets/leftbar/data.png
Connecting to privacychoice.org|184.106.22.246|:80... connected.
HTTP request sent, awaiting response... 200 OK
Length: 3480 (3.4K) [image/png]
Saving to: `code/../crawls/privacychoice.org/Privacy-Policy/raw/privacychoice.org/images/policymaker/assets/leftbar/data.png'

     0K ...                                                   100% 41.9M=0s

2013-03-30 05:09:29 (41.9 MB/s) - `code/../crawls/privacychoice.org/Privacy-Policy/raw/privacychoice.org/images/policymaker/assets/leftbar/data.png' saved [3480/3480]

--2013-03-30 05:09:29--  http://privacychoice.org/images/policymaker/assets/leftbar/location.png
Connecting to privacychoice.org|184.106.22.246|:80... connected.
HTTP request sent, awaiting response... 200 OK
Length: 3719 (3.6K) [image/png]
Saving to: `code/../crawls/privacychoice.org/Privacy-Policy/raw/privacychoice.org/images/policymaker/assets/leftbar/location.png'

     0K ...                                                   100% 46.1M=0s

2013-03-30 05:09:29 (46.1 MB/s) - `code/../crawls/privacychoice.org/Privacy-Policy/raw/privacychoice.org/images/policymaker/assets/leftbar/location.png' saved [3719/3719]

--2013-03-30 05:09:29--  http://privacychoice.org/images/policymaker/assets/leftbar/access.png
Connecting to privacychoice.org|184.106.22.246|:80... connected.
HTTP request sent, awaiting response... 200 OK
Length: 3496 (3.4K) [image/png]
Saving to: `code/../crawls/privacychoice.org/Privacy-Policy/raw/privacychoice.org/images/policymaker/assets/leftbar/access.png'

     0K ...                                                   100% 14.7M=0s

2013-03-30 05:09:29 (14.7 MB/s) - `code/../crawls/privacychoice.org/Privacy-Policy/raw/privacychoice.org/images/policymaker/assets/leftbar/access.png' saved [3496/3496]

--2013-03-30 05:09:29--  http://privacychoice.org/images/policymaker/assets/leftbar/deletion.png
Connecting to privacychoice.org|184.106.22.246|:80... connected.
HTTP request sent, awaiting response... 200 OK
Length: 3380 (3.3K) [image/png]
Saving to: `code/../crawls/privacychoice.org/Privacy-Policy/raw/privacychoice.org/images/policymaker/assets/leftbar/deletion.png'

     0K ...                                                   100%  170M=0s

2013-03-30 05:09:29 (170 MB/s) - `code/../crawls/privacychoice.org/Privacy-Policy/raw/privacychoice.org/images/policymaker/assets/leftbar/deletion.png' saved [3380/3380]

--2013-03-30 05:09:29--  http://privacychoice.org/images/policymaker/assets/leftbar/sharing.png
Connecting to privacychoice.org|184.106.22.246|:80... connected.
HTTP request sent, awaiting response... 200 OK
Length: 3372 (3.3K) [image/png]
Saving to: `code/../crawls/privacychoice.org/Privacy-Policy/raw/privacychoice.org/images/policymaker/assets/leftbar/sharing.png'

     0K ...                                                   100% 58.7M=0s

2013-03-30 05:09:29 (58.7 MB/s) - `code/../crawls/privacychoice.org/Privacy-Policy/raw/privacychoice.org/images/policymaker/assets/leftbar/sharing.png' saved [3372/3372]

--2013-03-30 05:09:29--  http://privacychoice.org/images/policymaker/assets/leftbar/adtracking.png
Connecting to privacychoice.org|184.106.22.246|:80... connected.
HTTP request sent, awaiting response... 200 OK
Length: 3531 (3.4K) [image/png]
Saving to: `code/../crawls/privacychoice.org/Privacy-Policy/raw/privacychoice.org/images/policymaker/assets/leftbar/adtracking.png'

     0K ...                                                   100%  451M=0s

2013-03-30 05:09:29 (451 MB/s) - `code/../crawls/privacychoice.org/Privacy-Policy/raw/privacychoice.org/images/policymaker/assets/leftbar/adtracking.png' saved [3531/3531]

--2013-03-30 05:09:29--  http://privacychoice.org/images/policymaker/assets/leftbar/contact.png
Connecting to privacychoice.org|184.106.22.246|:80... connected.
HTTP request sent, awaiting response... 200 OK
Length: 3366 (3.3K) [image/png]
Saving to: `code/../crawls/privacychoice.org/Privacy-Policy/raw/privacychoice.org/images/policymaker/assets/leftbar/contact.png'

     0K ...                                                   100% 61.1M=0s

2013-03-30 05:09:29 (61.1 MB/s) - `code/../crawls/privacychoice.org/Privacy-Policy/raw/privacychoice.org/images/policymaker/assets/leftbar/contact.png' saved [3366/3366]

--2013-03-30 05:09:29--  http://privacychoice.org/images/policymaker/assets/leftbar/analytics.png
Connecting to privacychoice.org|184.106.22.246|:80... connected.
HTTP request sent, awaiting response... 200 OK
Length: 3422 (3.3K) [image/png]
Saving to: `code/../crawls/privacychoice.org/Privacy-Policy/raw/privacychoice.org/images/policymaker/assets/leftbar/analytics.png'

     0K ...                                                   100% 21.3M=0s

2013-03-30 05:09:30 (21.3 MB/s) - `code/../crawls/privacychoice.org/Privacy-Policy/raw/privacychoice.org/images/policymaker/assets/leftbar/analytics.png' saved [3422/3422]

--2013-03-30 05:09:30--  http://privacychoice.org/images/policymaker/assets/leftbar/vendors.png
Connecting to privacychoice.org|184.106.22.246|:80... connected.
HTTP request sent, awaiting response... 200 OK
Length: 3644 (3.6K) [image/png]
Saving to: `code/../crawls/privacychoice.org/Privacy-Policy/raw/privacychoice.org/images/policymaker/assets/leftbar/vendors.png'

     0K ...                                                   100% 47.8M=0s

2013-03-30 05:09:30 (47.8 MB/s) - `code/../crawls/privacychoice.org/Privacy-Policy/raw/privacychoice.org/images/policymaker/assets/leftbar/vendors.png' saved [3644/3644]

--2013-03-30 05:09:30--  http://privacychoice.org/images/policymaker/assets/leftbar/special.png
Connecting to privacychoice.org|184.106.22.246|:80... connected.
HTTP request sent, awaiting response... 200 OK
Length: 3420 (3.3K) [image/png]
Saving to: `code/../crawls/privacychoice.org/Privacy-Policy/raw/privacychoice.org/images/policymaker/assets/leftbar/special.png'

     0K ...                                                   100% 31.7M=0s

2013-03-30 05:09:30 (31.7 MB/s) - `code/../crawls/privacychoice.org/Privacy-Policy/raw/privacychoice.org/images/policymaker/assets/leftbar/special.png' saved [3420/3420]

--2013-03-30 05:09:30--  http://privacychoice.org/images/policymaker/assets/leftbar/more.png
Connecting to privacychoice.org|184.106.22.246|:80... connected.
HTTP request sent, awaiting response... 200 OK
Length: 3486 (3.4K) [image/png]
Saving to: `code/../crawls/privacychoice.org/Privacy-Policy/raw/privacychoice.org/images/policymaker/assets/leftbar/more.png'

     0K ...                                                   100% 43.0M=0s

2013-03-30 05:09:30 (43.0 MB/s) - `code/../crawls/privacychoice.org/Privacy-Policy/raw/privacychoice.org/images/policymaker/assets/leftbar/more.png' saved [3486/3486]

--2013-03-30 05:09:30--  http://privacychoice.org/css/reset.css
Connecting to privacychoice.org|184.106.22.246|:80... connected.
HTTP request sent, awaiting response... 200 OK
Length: 1066 (1.0K) [text/css]
Saving to: `code/../crawls/privacychoice.org/Privacy-Policy/raw/privacychoice.org/css/reset.css'

     0K .                                                     100%  182M=0s

2013-03-30 05:09:30 (182 MB/s) - `code/../crawls/privacychoice.org/Privacy-Policy/raw/privacychoice.org/css/reset.css' saved [1066/1066]

--2013-03-30 05:09:30--  http://privacychoice.org/css/master.css
Connecting to privacychoice.org|184.106.22.246|:80... connected.
HTTP request sent, awaiting response... 200 OK
Length: 28092 (27K) [text/css]
Saving to: `code/../crawls/privacychoice.org/Privacy-Policy/raw/privacychoice.org/css/master.css'

     0K .......... .......... .......                         100% 48.1K=0.6s

2013-03-30 05:09:31 (48.1 KB/s) - `code/../crawls/privacychoice.org/Privacy-Policy/raw/privacychoice.org/css/master.css' saved [28092/28092]

--2013-03-30 05:09:31--  http://privacychoice.org/css/ie.css
Connecting to privacychoice.org|184.106.22.246|:80... connected.
HTTP request sent, awaiting response... 200 OK
Length: 264 [text/css]
Saving to: `code/../crawls/privacychoice.org/Privacy-Policy/raw/privacychoice.org/css/ie.css'

     0K                                                       100% 78.7M=0s

2013-03-30 05:09:31 (78.7 MB/s) - `code/../crawls/privacychoice.org/Privacy-Policy/raw/privacychoice.org/css/ie.css' saved [264/264]

--2013-03-30 05:09:31--  http://privacychoice.org/images/i.jpg
Connecting to privacychoice.org|184.106.22.246|:80... connected.
HTTP request sent, awaiting response... 200 OK
Length: 531 [image/jpeg]
Saving to: `code/../crawls/privacychoice.org/Privacy-Policy/raw/privacychoice.org/images/i.jpg'

     0K                                                       100% 85.1M=0s

2013-03-30 05:09:31 (85.1 MB/s) - `code/../crawls/privacychoice.org/Privacy-Policy/raw/privacychoice.org/images/i.jpg' saved [531/531]

--2013-03-30 05:09:31--  http://privacychoice.org/images/privacyscore.png
Connecting to privacychoice.org|184.106.22.246|:80... connected.
HTTP request sent, awaiting response... 200 OK
Length: 35704 (35K) [image/png]
Saving to: `code/../crawls/privacychoice.org/Privacy-Policy/raw/privacychoice.org/images/privacyscore.png'

     0K .......... .......... .......... ....                 100% 61.7K=0.6s

2013-03-30 05:09:32 (61.7 KB/s) - `code/../crawls/privacychoice.org/Privacy-Policy/raw/privacychoice.org/images/privacyscore.png' saved [35704/35704]

--2013-03-30 05:09:32--  http://privacychoice.org/images/site/site_report/check-green.png
Connecting to privacychoice.org|184.106.22.246|:80... connected.
HTTP request sent, awaiting response... 200 OK
Length: 653 [image/png]
Saving to: `code/../crawls/privacychoice.org/Privacy-Policy/raw/privacychoice.org/images/site/site_report/check-green.png'

     0K                                                       100% 99.9M=0s

2013-03-30 05:09:32 (99.9 MB/s) - `code/../crawls/privacychoice.org/Privacy-Policy/raw/privacychoice.org/images/site/site_report/check-green.png' saved [653/653]

FINISHED --2013-03-30 05:09:32--
Total wall clock time: 10s
Downloaded: 36 files, 359K in 4.8s (74.3 KB/s)
Converting code/../crawls/privacychoice.org/Privacy-Policy/raw/privacychoice.org/privacy.html... 42-6
Converting code/../crawls/privacychoice.org/Privacy-Policy/raw/privacychoice.org/css/reset.css... nothing to do.
Converting code/../crawls/privacychoice.org/Privacy-Policy/raw/privacychoice.org/css/master.css... 0-23
Converting code/../crawls/privacychoice.org/Privacy-Policy/raw/privacychoice.org/css/ie.css... nothing to do.
Converting code/../crawls/privacychoice.org/Privacy-Policy/raw/privacychoice.org/css/screen.css... 6-0
Converted 5 files in 0.003 seconds.
