--2012-09-29 12:38:01--  http://www.nbc.com/privacy-policy/
Resolving www.nbc.com... 206.160.170.58, 206.160.170.40
Connecting to www.nbc.com|206.160.170.58|:80... connected.
HTTP request sent, awaiting response... 200 OK
Length: unspecified [text/html]
Saving to: `code/../crawls/nbc.com/Privacy-Policy/raw/www.nbc.com/privacy-policy/index.html'

     0K .......... .......... .......... ..........            6.77M=0.006s

2012-09-29 12:38:01 (6.77 MB/s) - `code/../crawls/nbc.com/Privacy-Policy/raw/www.nbc.com/privacy-policy/index.html' saved [41242]

--2012-09-29 12:38:01--  http://www.nbc.com/assets/core/themes/2012/nbc/css/bootstrap.min.css
Reusing existing connection to www.nbc.com:80.
HTTP request sent, awaiting response... 200 OK
Length: unspecified [text/css]
Saving to: `code/../crawls/nbc.com/Privacy-Policy/raw/www.nbc.com/assets/core/themes/2012/nbc/css/bootstrap.min.css'

     0K .......... .......... .......... .......... .......... 11.6M
    50K .......... .......... .......... .......               11.8M=0.007s

2012-09-29 12:38:01 (11.7 MB/s) - `code/../crawls/nbc.com/Privacy-Policy/raw/www.nbc.com/assets/core/themes/2012/nbc/css/bootstrap.min.css' saved [89125]

--2012-09-29 12:38:01--  http://www.nbc.com/assets/core/themes/2012/nbc/css/global.css
Reusing existing connection to www.nbc.com:80.
HTTP request sent, awaiting response... 200 OK
Length: unspecified [text/css]
Saving to: `code/../crawls/nbc.com/Privacy-Policy/raw/www.nbc.com/assets/core/themes/2012/nbc/css/global.css'

     0K .......... .......... .......... ........              12.2M=0.003s

2012-09-29 12:38:01 (12.2 MB/s) - `code/../crawls/nbc.com/Privacy-Policy/raw/www.nbc.com/assets/core/themes/2012/nbc/css/global.css' saved [39083]

--2012-09-29 12:38:01--  http://www.nbc.com/assets/core/themes/2012/nbc-transitional/css/global.css
Reusing existing connection to www.nbc.com:80.
HTTP request sent, awaiting response... 200 OK
Length: 1408 (1.4K) [text/css]
Saving to: `code/../crawls/nbc.com/Privacy-Policy/raw/www.nbc.com/assets/core/themes/2012/nbc-transitional/css/global.css'

     0K .                                                     100%  205M=0s

2012-09-29 12:38:01 (205 MB/s) - `code/../crawls/nbc.com/Privacy-Policy/raw/www.nbc.com/assets/core/themes/2012/nbc-transitional/css/global.css' saved [1408/1408]

--2012-09-29 12:38:01--  http://www.nbc.com/assets/js/global/swfobject.js
Reusing existing connection to www.nbc.com:80.
HTTP request sent, awaiting response... 200 OK
Length: 8914 (8.7K) [application/javascript]
Saving to: `code/../crawls/nbc.com/Privacy-Policy/raw/www.nbc.com/assets/js/global/swfobject.js'

     0K ........                                              100% 17.5M=0s

2012-09-29 12:38:01 (17.5 MB/s) - `code/../crawls/nbc.com/Privacy-Policy/raw/www.nbc.com/assets/js/global/swfobject.js' saved [8914/8914]

--2012-09-29 12:38:01--  http://www.nbc.com/assets/js/swfobject.js
Reusing existing connection to www.nbc.com:80.
HTTP request sent, awaiting response... 200 OK
Length: 8868 (8.7K) [application/javascript]
Saving to: `code/../crawls/nbc.com/Privacy-Policy/raw/www.nbc.com/assets/js/swfobject.js'

     0K ........                                              100% 15.0M=0.001s

2012-09-29 12:38:01 (15.0 MB/s) - `code/../crawls/nbc.com/Privacy-Policy/raw/www.nbc.com/assets/js/swfobject.js' saved [8868/8868]

--2012-09-29 12:38:01--  http://s7.addthis.com/js/250/addthis_widget.js?pub=nbcunbc2
Resolving s7.addthis.com... 23.56.124.20
Connecting to s7.addthis.com|23.56.124.20|:80... connected.
HTTP request sent, awaiting response... 200 OK
Length: 6735 (6.6K) [application/javascript]
Saving to: `code/../crawls/nbc.com/Privacy-Policy/raw/s7.addthis.com/js/250/addthis_widget.js?pub=nbcunbc2'

     0K ......                                                100% 2.65M=0.002s

2012-09-29 12:38:02 (2.65 MB/s) - `code/../crawls/nbc.com/Privacy-Policy/raw/s7.addthis.com/js/250/addthis_widget.js?pub=nbcunbc2' saved [6735/6735]

--2012-09-29 12:38:02--  http://connect.facebook.net/en_US/all.js
Resolving connect.facebook.net... 23.56.127.139, 2600:1406:12:1:8400::eed, 2600:1406:12:1:8000::eed
Connecting to connect.facebook.net|23.56.127.139|:80... connected.
HTTP request sent, awaiting response... 200 OK
Length: unspecified [application/x-javascript]
Saving to: `code/../crawls/nbc.com/Privacy-Policy/raw/connect.facebook.net/en_US/all.js'

     0K .......... .......... .......... .......... .......... 5.30M
    50K .......... .......... .......... .......... .......... 10.4M
   100K .......... .......... .......... .......... .......... 10.0M
   150K .......... .......... ........                         8.72M=0.02s

2012-09-29 12:38:02 (7.94 MB/s) - `code/../crawls/nbc.com/Privacy-Policy/raw/connect.facebook.net/en_US/all.js' saved [182855]

--2012-09-29 12:38:02--  http://www.nbc.com/assets/js/global/jq.js
Connecting to www.nbc.com|206.160.170.58|:80... connected.
HTTP request sent, awaiting response... 200 OK
Length: 104438 (102K) [application/javascript]
Saving to: `code/../crawls/nbc.com/Privacy-Policy/raw/www.nbc.com/assets/js/global/jq.js'

     0K .......... .......... .......... .......... .......... 49% 5.97M 0s
    50K .......... .......... .......... .......... .......... 98% 11.0M 0s
   100K .                                                     100% 16.1M=0.01s

2012-09-29 12:38:02 (7.83 MB/s) - `code/../crawls/nbc.com/Privacy-Policy/raw/www.nbc.com/assets/js/global/jq.js' saved [104438/104438]

--2012-09-29 12:38:02--  http://www.nbc.com/assets/js/jquery/jqModal.js
Reusing existing connection to www.nbc.com:80.
HTTP request sent, awaiting response... 200 OK
Length: 3356 (3.3K) [application/javascript]
Saving to: `code/../crawls/nbc.com/Privacy-Policy/raw/www.nbc.com/assets/js/jquery/jqModal.js'

     0K ...                                                   100% 59.2M=0s

2012-09-29 12:38:02 (59.2 MB/s) - `code/../crawls/nbc.com/Privacy-Policy/raw/www.nbc.com/assets/js/jquery/jqModal.js' saved [3356/3356]

--2012-09-29 12:38:02--  http://www.nbc.com/assets/core/plugins/fancybox/jquery.fancybox-1.3.4.js
Reusing existing connection to www.nbc.com:80.
HTTP request sent, awaiting response... 200 OK
Length: 29398 (29K) [application/javascript]
Saving to: `code/../crawls/nbc.com/Privacy-Policy/raw/www.nbc.com/assets/core/plugins/fancybox/jquery.fancybox-1.3.4.js'

     0K .......... .......... ........                        100% 12.4M=0.002s

2012-09-29 12:38:02 (12.4 MB/s) - `code/../crawls/nbc.com/Privacy-Policy/raw/www.nbc.com/assets/core/plugins/fancybox/jquery.fancybox-1.3.4.js' saved [29398/29398]

--2012-09-29 12:38:02--  http://www.nbc.com/assets/core/plugins/jquery.cycle.js
Reusing existing connection to www.nbc.com:80.
HTTP request sent, awaiting response... 200 OK
Length: 31052 (30K) [application/javascript]
Saving to: `code/../crawls/nbc.com/Privacy-Policy/raw/www.nbc.com/assets/core/plugins/jquery.cycle.js'

     0K .......... .......... ..........                      100% 12.4M=0.002s

2012-09-29 12:38:02 (12.4 MB/s) - `code/../crawls/nbc.com/Privacy-Policy/raw/www.nbc.com/assets/core/plugins/jquery.cycle.js' saved [31052/31052]

--2012-09-29 12:38:02--  http://www.nbc.com/assets/core/plugins/jquery.likebox.js
Reusing existing connection to www.nbc.com:80.
HTTP request sent, awaiting response... 200 OK
Length: 4591 (4.5K) [application/javascript]
Saving to: `code/../crawls/nbc.com/Privacy-Policy/raw/www.nbc.com/assets/core/plugins/jquery.likebox.js'

     0K ....                                                  100% 29.0M=0s

2012-09-29 12:38:02 (29.0 MB/s) - `code/../crawls/nbc.com/Privacy-Policy/raw/www.nbc.com/assets/core/plugins/jquery.likebox.js' saved [4591/4591]

--2012-09-29 12:38:02--  http://www.nbc.com/assets/core/plugins/jquery.socialbuttons.js
Reusing existing connection to www.nbc.com:80.
HTTP request sent, awaiting response... 200 OK
Length: 5115 (5.0K) [application/javascript]
Saving to: `code/../crawls/nbc.com/Privacy-Policy/raw/www.nbc.com/assets/core/plugins/jquery.socialbuttons.js'

     0K ....                                                  100% 16.5M=0s

2012-09-29 12:38:02 (16.5 MB/s) - `code/../crawls/nbc.com/Privacy-Policy/raw/www.nbc.com/assets/core/plugins/jquery.socialbuttons.js' saved [5115/5115]

--2012-09-29 12:38:02--  http://www.nbc.com/assets/core/plugins/jquery.slideshow.js?v=20120229b
Reusing existing connection to www.nbc.com:80.
HTTP request sent, awaiting response... 200 OK
Length: 16304 (16K) [application/javascript]
Saving to: `code/../crawls/nbc.com/Privacy-Policy/raw/www.nbc.com/assets/core/plugins/jquery.slideshow.js?v=20120229b'

     0K .......... .....                                      100% 13.0M=0.001s

2012-09-29 12:38:02 (13.0 MB/s) - `code/../crawls/nbc.com/Privacy-Policy/raw/www.nbc.com/assets/core/plugins/jquery.slideshow.js?v=20120229b' saved [16304/16304]

--2012-09-29 12:38:02--  http://www.nbc.com/assets/core/plugins/jquery.tabinate.js
Reusing existing connection to www.nbc.com:80.
HTTP request sent, awaiting response... 200 OK
Length: 2507 (2.4K) [application/javascript]
Saving to: `code/../crawls/nbc.com/Privacy-Policy/raw/www.nbc.com/assets/core/plugins/jquery.tabinate.js'

     0K ..                                                    100% 47.9M=0s

2012-09-29 12:38:02 (47.9 MB/s) - `code/../crawls/nbc.com/Privacy-Policy/raw/www.nbc.com/assets/core/plugins/jquery.tabinate.js' saved [2507/2507]

--2012-09-29 12:38:02--  http://www.nbc.com/assets/core/plugins/jquery.lazyload.mini.js
Reusing existing connection to www.nbc.com:80.
HTTP request sent, awaiting response... 200 OK
Length: 2991 (2.9K) [application/javascript]
Saving to: `code/../crawls/nbc.com/Privacy-Policy/raw/www.nbc.com/assets/core/plugins/jquery.lazyload.mini.js'

     0K ..                                                    100% 39.8M=0s

2012-09-29 12:38:02 (39.8 MB/s) - `code/../crawls/nbc.com/Privacy-Policy/raw/www.nbc.com/assets/core/plugins/jquery.lazyload.mini.js' saved [2991/2991]

--2012-09-29 12:38:02--  http://www.nbc.com/assets/nbcu/classes/Framework.js?v=16
Reusing existing connection to www.nbc.com:80.
HTTP request sent, awaiting response... 200 OK
Length: 24056 (23K) [application/javascript]
Saving to: `code/../crawls/nbc.com/Privacy-Policy/raw/www.nbc.com/assets/nbcu/classes/Framework.js?v=16'

     0K .......... .......... ...                             100% 13.0M=0.002s

2012-09-29 12:38:02 (13.0 MB/s) - `code/../crawls/nbc.com/Privacy-Policy/raw/www.nbc.com/assets/nbcu/classes/Framework.js?v=16' saved [24056/24056]

--2012-09-29 12:38:02--  http://www.nbc.com/assets/js/v14/nbc.com.js
Reusing existing connection to www.nbc.com:80.
HTTP request sent, awaiting response... 200 OK
Length: 54974 (54K) [application/javascript]
Saving to: `code/../crawls/nbc.com/Privacy-Policy/raw/www.nbc.com/assets/js/v14/nbc.com.js'

     0K .......... .......... .......... .......... .......... 93% 11.4M 0s
    50K ...                                                   100% 1.25M=0.007s

2012-09-29 12:38:02 (7.35 MB/s) - `code/../crawls/nbc.com/Privacy-Policy/raw/www.nbc.com/assets/js/v14/nbc.com.js' saved [54974/54974]

--2012-09-29 12:38:02--  http://www.nbc.com/assets/core/plugins/jqn.easing.1.3.js
Reusing existing connection to www.nbc.com:80.
HTTP request sent, awaiting response... 200 OK
Length: 8065 (7.9K) [application/javascript]
Saving to: `code/../crawls/nbc.com/Privacy-Policy/raw/www.nbc.com/assets/core/plugins/jqn.easing.1.3.js'

     0K .......                                               100% 17.8M=0s

2012-09-29 12:38:02 (17.8 MB/s) - `code/../crawls/nbc.com/Privacy-Policy/raw/www.nbc.com/assets/core/plugins/jqn.easing.1.3.js' saved [8065/8065]

--2012-09-29 12:38:02--  http://www.nbc.com/assets/core/themes/2012/nbc-transitional/css/bootstrap.min.css?v=3
Reusing existing connection to www.nbc.com:80.
HTTP request sent, awaiting response... 200 OK
Length: unspecified [text/css]
Saving to: `code/../crawls/nbc.com/Privacy-Policy/raw/www.nbc.com/assets/core/themes/2012/nbc-transitional/css/bootstrap.min.css?v=3.css'

     0K .......... .......... .......... .......... .......... 10.2M
    50K .......... .......                                     3.58M=0.009s

2012-09-29 12:38:02 (6.94 MB/s) - `code/../crawls/nbc.com/Privacy-Policy/raw/www.nbc.com/assets/core/themes/2012/nbc-transitional/css/bootstrap.min.css?v=3.css' saved [68845]

--2012-09-29 12:38:02--  http://www.nbc.com/assets/core/css/screen.css?v=3
Reusing existing connection to www.nbc.com:80.
HTTP request sent, awaiting response... 200 OK
Length: 12224 (12K) [text/css]
Saving to: `code/../crawls/nbc.com/Privacy-Policy/raw/www.nbc.com/assets/core/css/screen.css?v=3.css'

     0K .......... .                                          100% 16.8M=0.001s

2012-09-29 12:38:02 (16.8 MB/s) - `code/../crawls/nbc.com/Privacy-Policy/raw/www.nbc.com/assets/core/css/screen.css?v=3.css' saved [12224/12224]

--2012-09-29 12:38:02--  http://www.nbc.com/assets/modules/common/css/modules.css?v=3
Reusing existing connection to www.nbc.com:80.
HTTP request sent, awaiting response... 200 OK
Length: unspecified [text/css]
Saving to: `code/../crawls/nbc.com/Privacy-Policy/raw/www.nbc.com/assets/modules/common/css/modules.css?v=3.css'

     0K .......... .......... .......... .......... .          12.4M=0.003s

2012-09-29 12:38:02 (12.4 MB/s) - `code/../crawls/nbc.com/Privacy-Policy/raw/www.nbc.com/assets/modules/common/css/modules.css?v=3.css' saved [42801]

--2012-09-29 12:38:02--  http://www.nbc.com/assets/core/css/layout.css
Reusing existing connection to www.nbc.com:80.
HTTP request sent, awaiting response... 200 OK
Length: 956 [text/css]
Saving to: `code/../crawls/nbc.com/Privacy-Policy/raw/www.nbc.com/assets/core/css/layout.css'

     0K                                                       100%  159M=0s

2012-09-29 12:38:02 (159 MB/s) - `code/../crawls/nbc.com/Privacy-Policy/raw/www.nbc.com/assets/core/css/layout.css' saved [956/956]

--2012-09-29 12:38:02--  http://www.nbc.com/assets/core/fonts/on-air/stylesheet.css?v=3
Reusing existing connection to www.nbc.com:80.
HTTP request sent, awaiting response... 200 OK
Length: 1487 (1.5K) [text/css]
Saving to: `code/../crawls/nbc.com/Privacy-Policy/raw/www.nbc.com/assets/core/fonts/on-air/stylesheet.css?v=3.css'

     0K .                                                     100%  197M=0s

2012-09-29 12:38:02 (197 MB/s) - `code/../crawls/nbc.com/Privacy-Policy/raw/www.nbc.com/assets/core/fonts/on-air/stylesheet.css?v=3.css' saved [1487/1487]

--2012-09-29 12:38:02--  http://www.nbc.com/assets/core/themes/2011/nbc/css/global.css?v=3
Reusing existing connection to www.nbc.com:80.
HTTP request sent, awaiting response... 200 OK
Length: 24320 (24K) [text/css]
Saving to: `code/../crawls/nbc.com/Privacy-Policy/raw/www.nbc.com/assets/core/themes/2011/nbc/css/global.css?v=3.css'

     0K .......... .......... ...                             100% 10.4M=0.002s

2012-09-29 12:38:02 (10.4 MB/s) - `code/../crawls/nbc.com/Privacy-Policy/raw/www.nbc.com/assets/core/themes/2011/nbc/css/global.css?v=3.css' saved [24320/24320]

--2012-09-29 12:38:02--  http://www.nbc.com/assets/core/plugins/fancybox/jquery.fancybox-1.3.4.css?time=20110917
Reusing existing connection to www.nbc.com:80.
HTTP request sent, awaiting response... 200 OK
Length: 9190 (9.0K) [text/css]
Saving to: `code/../crawls/nbc.com/Privacy-Policy/raw/www.nbc.com/assets/core/plugins/fancybox/jquery.fancybox-1.3.4.css?time=20110917.css'

     0K ........                                              100% 16.0M=0.001s

2012-09-29 12:38:02 (16.0 MB/s) - `code/../crawls/nbc.com/Privacy-Policy/raw/www.nbc.com/assets/core/plugins/fancybox/jquery.fancybox-1.3.4.css?time=20110917.css' saved [9190/9190]

--2012-09-29 12:38:02--  http://www.nbc.com/assets/core/themes/2012/nbc-transitional/css/global.css?v=3
Reusing existing connection to www.nbc.com:80.
HTTP request sent, awaiting response... 200 OK
Length: 1408 (1.4K) [text/css]
Saving to: `code/../crawls/nbc.com/Privacy-Policy/raw/www.nbc.com/assets/core/themes/2012/nbc-transitional/css/global.css?v=3.css'

     0K .                                                     100%  150M=0s

2012-09-29 12:38:02 (150 MB/s) - `code/../crawls/nbc.com/Privacy-Policy/raw/www.nbc.com/assets/core/themes/2012/nbc-transitional/css/global.css?v=3.css' saved [1408/1408]

--2012-09-29 12:38:02--  http://www.nbc.com/assets/core/data/breaking-news-bar.js
Reusing existing connection to www.nbc.com:80.
HTTP request sent, awaiting response... 200 OK
Length: 5817 (5.7K) [application/javascript]
Saving to: `code/../crawls/nbc.com/Privacy-Policy/raw/www.nbc.com/assets/core/data/breaking-news-bar.js'

     0K .....                                                 100% 21.7M=0s

2012-09-29 12:38:02 (21.7 MB/s) - `code/../crawls/nbc.com/Privacy-Policy/raw/www.nbc.com/assets/core/data/breaking-news-bar.js' saved [5817/5817]

--2012-09-29 12:38:02--  http://www.nbc.com/assets/core/themes/2012/nbc/js/header.js
Reusing existing connection to www.nbc.com:80.
HTTP request sent, awaiting response... 200 OK
Length: 5500 (5.4K) [application/javascript]
Saving to: `code/../crawls/nbc.com/Privacy-Policy/raw/www.nbc.com/assets/core/themes/2012/nbc/js/header.js'

     0K .....                                                 100% 44.8M=0s

2012-09-29 12:38:02 (44.8 MB/s) - `code/../crawls/nbc.com/Privacy-Policy/raw/www.nbc.com/assets/core/themes/2012/nbc/js/header.js' saved [5500/5500]

--2012-09-29 12:38:02--  http://www.nbc.com/assets/core/js/s_wrapper.js
Reusing existing connection to www.nbc.com:80.
HTTP request sent, awaiting response... 200 OK
Length: 1816 (1.8K) [application/javascript]
Saving to: `code/../crawls/nbc.com/Privacy-Policy/raw/www.nbc.com/assets/core/js/s_wrapper.js'

     0K .                                                     100%  253M=0s

2012-09-29 12:38:02 (253 MB/s) - `code/../crawls/nbc.com/Privacy-Policy/raw/www.nbc.com/assets/core/js/s_wrapper.js' saved [1816/1816]

--2012-09-29 12:38:02--  http://www.nbc.com/app2/img/96x63xS/scet/metaverse/1/0/7/2/6/0/svu_95_cast_01.jpg
Reusing existing connection to www.nbc.com:80.
HTTP request sent, awaiting response... 200 OK
Length: 7522 (7.3K) [image/jpeg]
Saving to: `code/../crawls/nbc.com/Privacy-Policy/raw/www.nbc.com/app2/img/96x63xS/scet/metaverse/1/0/7/2/6/0/svu_95_cast_01.jpg'

     0K .......                                               100% 94.8M=0s

2012-09-29 12:38:02 (94.8 MB/s) - `code/../crawls/nbc.com/Privacy-Policy/raw/www.nbc.com/app2/img/96x63xS/scet/metaverse/1/0/7/2/6/0/svu_95_cast_01.jpg' saved [7522/7522]

--2012-09-29 12:38:02--  http://www.nbc.com/assets/core/themes/current/nbc/css/global-page.css
Reusing existing connection to www.nbc.com:80.
HTTP request sent, awaiting response... 200 OK
Length: 9789 (9.6K) [text/css]
Saving to: `code/../crawls/nbc.com/Privacy-Policy/raw/www.nbc.com/assets/core/themes/current/nbc/css/global-page.css'

     0K .........                                             100% 21.7M=0s

2012-09-29 12:38:02 (21.7 MB/s) - `code/../crawls/nbc.com/Privacy-Policy/raw/www.nbc.com/assets/core/themes/current/nbc/css/global-page.css' saved [9789/9789]

--2012-09-29 12:38:02--  http://www.nbc.com/app2/img/80x45xC/scet/episode/1/0/2/6/8/5/hope_110_01.jpg
Reusing existing connection to www.nbc.com:80.
HTTP request sent, awaiting response... 200 OK
Length: 6104 (6.0K) [image/jpeg]
Saving to: `code/../crawls/nbc.com/Privacy-Policy/raw/www.nbc.com/app2/img/80x45xC/scet/episode/1/0/2/6/8/5/hope_110_01.jpg'

     0K .....                                                 100%  307M=0s

2012-09-29 12:38:02 (307 MB/s) - `code/../crawls/nbc.com/Privacy-Policy/raw/www.nbc.com/app2/img/80x45xC/scet/episode/1/0/2/6/8/5/hope_110_01.jpg' saved [6104/6104]

--2012-09-29 12:38:02--  http://www.nbc.com/app2/img/80x45xC/scet/episode/1/0/2/6/0/7/day_11903_09.jpg
Reusing existing connection to www.nbc.com:80.
HTTP request sent, awaiting response... 200 OK
Length: 4760 (4.6K) [image/jpeg]
Saving to: `code/../crawls/nbc.com/Privacy-Policy/raw/www.nbc.com/app2/img/80x45xC/scet/episode/1/0/2/6/0/7/day_11903_09.jpg'

     0K ....                                                  100% 69.8M=0s

2012-09-29 12:38:02 (69.8 MB/s) - `code/../crawls/nbc.com/Privacy-Policy/raw/www.nbc.com/app2/img/80x45xC/scet/episode/1/0/2/6/0/7/day_11903_09.jpg' saved [4760/4760]

--2012-09-29 12:38:02--  http://www.nbc.com/app2/img/80x45xC/scet/episode/1/0/2/5/7/6/image-1.jpg
Reusing existing connection to www.nbc.com:80.
HTTP request sent, awaiting response... 200 OK
Length: 6231 (6.1K) [image/jpeg]
Saving to: `code/../crawls/nbc.com/Privacy-Policy/raw/www.nbc.com/app2/img/80x45xC/scet/episode/1/0/2/5/7/6/image-1.jpg'

     0K ......                                                100% 41.0M=0s

2012-09-29 12:38:02 (41.0 MB/s) - `code/../crawls/nbc.com/Privacy-Policy/raw/www.nbc.com/app2/img/80x45xC/scet/episode/1/0/2/5/7/6/image-1.jpg' saved [6231/6231]

--2012-09-29 12:38:02--  http://www.nbc.com/assets/core/themes/2012/nbc/js/bootstrap.min.js
Reusing existing connection to www.nbc.com:80.
HTTP request sent, awaiting response... 200 OK
Length: 22455 (22K) [application/javascript]
Saving to: `code/../crawls/nbc.com/Privacy-Policy/raw/www.nbc.com/assets/core/themes/2012/nbc/js/bootstrap.min.js'

     0K .......... .......... .                               100% 12.4M=0.002s

2012-09-29 12:38:02 (12.4 MB/s) - `code/../crawls/nbc.com/Privacy-Policy/raw/www.nbc.com/assets/core/themes/2012/nbc/js/bootstrap.min.js' saved [22455/22455]

--2012-09-29 12:38:02--  http://www.nbc.com/assets/core/themes/2012/nbc/js/global.js
Reusing existing connection to www.nbc.com:80.
HTTP request sent, awaiting response... 200 OK
Length: 25999 (25K) [application/javascript]
Saving to: `code/../crawls/nbc.com/Privacy-Policy/raw/www.nbc.com/assets/core/themes/2012/nbc/js/global.js'

     0K .......... .......... .....                           100% 12.6M=0.002s

2012-09-29 12:38:02 (12.6 MB/s) - `code/../crawls/nbc.com/Privacy-Policy/raw/www.nbc.com/assets/core/themes/2012/nbc/js/global.js' saved [25999/25999]

--2012-09-29 12:38:02--  http://www.nbcudigitaladops.com/hosted/global.js
Resolving www.nbcudigitaladops.com... 23.32.22.170
Connecting to www.nbcudigitaladops.com|23.32.22.170|:80... connected.
HTTP request sent, awaiting response... 200 OK
Length: 1188 (1.2K) [application/javascript]
Saving to: `code/../crawls/nbc.com/Privacy-Policy/raw/www.nbcudigitaladops.com/hosted/global.js'

     0K .                                                     100%  160M=0s

2012-09-29 12:38:02 (160 MB/s) - `code/../crawls/nbc.com/Privacy-Policy/raw/www.nbcudigitaladops.com/hosted/global.js' saved [1188/1188]

--2012-09-29 12:38:02--  http://www.nbc.com/assets/core/themes/2012/nbc/js/ads.js
Connecting to www.nbc.com|206.160.170.58|:80... connected.
HTTP request sent, awaiting response... 200 OK
Length: 327 [application/javascript]
Saving to: `code/../crawls/nbc.com/Privacy-Policy/raw/www.nbc.com/assets/core/themes/2012/nbc/js/ads.js'

     0K                                                       100% 52.7M=0s

2012-09-29 12:38:02 (52.7 MB/s) - `code/../crawls/nbc.com/Privacy-Policy/raw/www.nbc.com/assets/core/themes/2012/nbc/js/ads.js' saved [327/327]

--2012-09-29 12:38:02--  http://www.nbc.com/assets/js/v14/custom-tracking.js
Reusing existing connection to www.nbc.com:80.
HTTP request sent, awaiting response... 200 OK
Length: 1274 (1.2K) [application/javascript]
Saving to: `code/../crawls/nbc.com/Privacy-Policy/raw/www.nbc.com/assets/js/v14/custom-tracking.js'

     0K .                                                     100%  184M=0s

2012-09-29 12:38:02 (184 MB/s) - `code/../crawls/nbc.com/Privacy-Policy/raw/www.nbc.com/assets/js/v14/custom-tracking.js' saved [1274/1274]

--2012-09-29 12:38:02--  http://www.nbc.com/assets/core/themes/2012/nbc/img/glyphicons-halflings.png
Reusing existing connection to www.nbc.com:80.
HTTP request sent, awaiting response... 404 Not Found
2012-09-29 12:38:02 ERROR 404: Not Found.

--2012-09-29 12:38:02--  http://www.nbc.com/assets/core/themes/2012/nbc/img/glyphicons-halflings-white.png
Reusing existing connection to www.nbc.com:80.
HTTP request sent, awaiting response... 404 Not Found
2012-09-29 12:38:02 ERROR 404: Not Found.

--2012-09-29 12:38:02--  http://www.nbc.com/assets/core/themes/2012/nbc/images/icons/breaking-news-arrow.gif
Reusing existing connection to www.nbc.com:80.
HTTP request sent, awaiting response... 200 OK
Length: 1524 (1.5K) [image/gif]
Saving to: `code/../crawls/nbc.com/Privacy-Policy/raw/www.nbc.com/assets/core/themes/2012/nbc/images/icons/breaking-news-arrow.gif'

     0K .                                                     100%  203M=0s

2012-09-29 12:38:02 (203 MB/s) - `code/../crawls/nbc.com/Privacy-Policy/raw/www.nbc.com/assets/core/themes/2012/nbc/images/icons/breaking-news-arrow.gif' saved [1524/1524]

--2012-09-29 12:38:02--  http://www.nbc.com/assets/core/themes/2012/nbc/images/handtinytrans.gif
Reusing existing connection to www.nbc.com:80.
HTTP request sent, awaiting response... 200 OK
Length: 37 [image/gif]
Saving to: `code/../crawls/nbc.com/Privacy-Policy/raw/www.nbc.com/assets/core/themes/2012/nbc/images/handtinytrans.gif'

     0K                                                       100% 6.61M=0s

2012-09-29 12:38:02 (6.61 MB/s) - `code/../crawls/nbc.com/Privacy-Policy/raw/www.nbc.com/assets/core/themes/2012/nbc/images/handtinytrans.gif' saved [37/37]

--2012-09-29 12:38:02--  http://www.nbc.com/assets/core/themes/2012/nbc/images/icons/icon-play-large.png
Reusing existing connection to www.nbc.com:80.
HTTP request sent, awaiting response... 200 OK
Length: 4442 (4.3K) [image/png]
Saving to: `code/../crawls/nbc.com/Privacy-Policy/raw/www.nbc.com/assets/core/themes/2012/nbc/images/icons/icon-play-large.png'

     0K ....                                                  100% 23.0M=0s

2012-09-29 12:38:02 (23.0 MB/s) - `code/../crawls/nbc.com/Privacy-Policy/raw/www.nbc.com/assets/core/themes/2012/nbc/images/icons/icon-play-large.png' saved [4442/4442]

--2012-09-29 12:38:02--  http://www.nbc.com/assets/core/themes/2012/nbc/images/buttons/myfav.gif
Reusing existing connection to www.nbc.com:80.
HTTP request sent, awaiting response... 200 OK
Length: 2903 (2.8K) [image/gif]
Saving to: `code/../crawls/nbc.com/Privacy-Policy/raw/www.nbc.com/assets/core/themes/2012/nbc/images/buttons/myfav.gif'

     0K ..                                                    100% 29.5M=0s

2012-09-29 12:38:02 (29.5 MB/s) - `code/../crawls/nbc.com/Privacy-Policy/raw/www.nbc.com/assets/core/themes/2012/nbc/images/buttons/myfav.gif' saved [2903/2903]

--2012-09-29 12:38:02--  http://www.nbc.com/assets/core/themes/2012/nbc/images/icons-s5b32d4f9ff-2.png
Reusing existing connection to www.nbc.com:80.
HTTP request sent, awaiting response... 200 OK
Length: 49109 (48K) [image/png]
Saving to: `code/../crawls/nbc.com/Privacy-Policy/raw/www.nbc.com/assets/core/themes/2012/nbc/images/icons-s5b32d4f9ff-2.png'

     0K .......... .......... .......... .......... .......   100% 6.11M=0.008s

2012-09-29 12:38:02 (6.11 MB/s) - `code/../crawls/nbc.com/Privacy-Policy/raw/www.nbc.com/assets/core/themes/2012/nbc/images/icons-s5b32d4f9ff-2.png' saved [49109/49109]

--2012-09-29 12:38:02--  http://www.nbc.com/assets/core/themes/2012/nbc-transitional/img/glyphicons-halflings.png
Reusing existing connection to www.nbc.com:80.
HTTP request sent, awaiting response... 404 Not Found
2012-09-29 12:38:02 ERROR 404: Not Found.

--2012-09-29 12:38:02--  http://www.nbc.com/assets/core/themes/2012/nbc-transitional/img/glyphicons-halflings-white.png
Reusing existing connection to www.nbc.com:80.
HTTP request sent, awaiting response... 404 Not Found
2012-09-29 12:38:02 ERROR 404: Not Found.

--2012-09-29 12:38:02--  http://www.nbc.com/assets/core/css/src/grid.png
Reusing existing connection to www.nbc.com:80.
HTTP request sent, awaiting response... 404 Not Found
2012-09-29 12:38:02 ERROR 404: Not Found.

--2012-09-29 12:38:02--  http://www.nbc.com/assets/modules/social/images/tab-off.gif
Reusing existing connection to www.nbc.com:80.
HTTP request sent, awaiting response... 200 OK
Length: 3161 (3.1K) [image/gif]
Saving to: `code/../crawls/nbc.com/Privacy-Policy/raw/www.nbc.com/assets/modules/social/images/tab-off.gif'

     0K ...                                                   100%  357M=0s

2012-09-29 12:38:02 (357 MB/s) - `code/../crawls/nbc.com/Privacy-Policy/raw/www.nbc.com/assets/modules/social/images/tab-off.gif' saved [3161/3161]

--2012-09-29 12:38:02--  http://www.nbc.com/assets/modules/social/images/tab-on.gif
Reusing existing connection to www.nbc.com:80.
HTTP request sent, awaiting response... 200 OK
Length: 1821 (1.8K) [image/gif]
Saving to: `code/../crawls/nbc.com/Privacy-Policy/raw/www.nbc.com/assets/modules/social/images/tab-on.gif'

     0K .                                                     100%  265M=0s

2012-09-29 12:38:02 (265 MB/s) - `code/../crawls/nbc.com/Privacy-Policy/raw/www.nbc.com/assets/modules/social/images/tab-on.gif' saved [1821/1821]

--2012-09-29 12:38:02--  http://www.nbc.com/assets/modules/show-nav/images/close.png
Reusing existing connection to www.nbc.com:80.
HTTP request sent, awaiting response... 200 OK
Length: 432 [image/png]
Saving to: `code/../crawls/nbc.com/Privacy-Policy/raw/www.nbc.com/assets/modules/show-nav/images/close.png'

     0K                                                       100% 72.1M=0s

2012-09-29 12:38:03 (72.1 MB/s) - `code/../crawls/nbc.com/Privacy-Policy/raw/www.nbc.com/assets/modules/show-nav/images/close.png' saved [432/432]

--2012-09-29 12:38:03--  http://www.nbc.com/assets/modules/games/images/king-dot-com.gif
Reusing existing connection to www.nbc.com:80.
HTTP request sent, awaiting response... 200 OK
Length: 2978 (2.9K) [image/gif]
Saving to: `code/../crawls/nbc.com/Privacy-Policy/raw/www.nbc.com/assets/modules/games/images/king-dot-com.gif'

     0K ..                                                    100%  365M=0s

2012-09-29 12:38:03 (365 MB/s) - `code/../crawls/nbc.com/Privacy-Policy/raw/www.nbc.com/assets/modules/games/images/king-dot-com.gif' saved [2978/2978]

--2012-09-29 12:38:03--  http://www.nbc.com/assets/modules/recent-episodes/images/most-recent-episodes.gif
Reusing existing connection to www.nbc.com:80.
HTTP request sent, awaiting response... 200 OK
Length: 2214 (2.2K) [image/gif]
Saving to: `code/../crawls/nbc.com/Privacy-Policy/raw/www.nbc.com/assets/modules/recent-episodes/images/most-recent-episodes.gif'

     0K ..                                                    100%  286M=0s

2012-09-29 12:38:03 (286 MB/s) - `code/../crawls/nbc.com/Privacy-Policy/raw/www.nbc.com/assets/modules/recent-episodes/images/most-recent-episodes.gif' saved [2214/2214]

--2012-09-29 12:38:03--  http://www.nbc.com/assets/modules/social/images/icon-facebook.png
Reusing existing connection to www.nbc.com:80.
HTTP request sent, awaiting response... 200 OK
Length: 1093 (1.1K) [image/png]
Saving to: `code/../crawls/nbc.com/Privacy-Policy/raw/www.nbc.com/assets/modules/social/images/icon-facebook.png'

     0K .                                                     100%  186M=0s

2012-09-29 12:38:03 (186 MB/s) - `code/../crawls/nbc.com/Privacy-Policy/raw/www.nbc.com/assets/modules/social/images/icon-facebook.png' saved [1093/1093]

--2012-09-29 12:38:03--  http://www.nbc.com/assets/modules/social/images/icon-facebook.gif
Reusing existing connection to www.nbc.com:80.
HTTP request sent, awaiting response... 200 OK
Length: 2254 (2.2K) [image/gif]
Saving to: `code/../crawls/nbc.com/Privacy-Policy/raw/www.nbc.com/assets/modules/social/images/icon-facebook.gif'

     0K ..                                                    100%  317M=0s

2012-09-29 12:38:03 (317 MB/s) - `code/../crawls/nbc.com/Privacy-Policy/raw/www.nbc.com/assets/modules/social/images/icon-facebook.gif' saved [2254/2254]

--2012-09-29 12:38:03--  http://www.nbc.com/assets/modules/social/images/icon-twitter-v2.png
Reusing existing connection to www.nbc.com:80.
HTTP request sent, awaiting response... 200 OK
Length: 1798 (1.8K) [image/png]
Saving to: `code/../crawls/nbc.com/Privacy-Policy/raw/www.nbc.com/assets/modules/social/images/icon-twitter-v2.png'

     0K .                                                     100%  263M=0s

2012-09-29 12:38:03 (263 MB/s) - `code/../crawls/nbc.com/Privacy-Policy/raw/www.nbc.com/assets/modules/social/images/icon-twitter-v2.png' saved [1798/1798]

--2012-09-29 12:38:03--  http://www.nbc.com/assets/modules/social/images/icon-twitter-v2.gif
Reusing existing connection to www.nbc.com:80.
HTTP request sent, awaiting response... 200 OK
Length: 2299 (2.2K) [image/gif]
Saving to: `code/../crawls/nbc.com/Privacy-Policy/raw/www.nbc.com/assets/modules/social/images/icon-twitter-v2.gif'

     0K ..                                                    100%  301M=0s

2012-09-29 12:38:03 (301 MB/s) - `code/../crawls/nbc.com/Privacy-Policy/raw/www.nbc.com/assets/modules/social/images/icon-twitter-v2.gif' saved [2299/2299]

--2012-09-29 12:38:03--  http://www.nbc.com/assets/modules/social/images/icon-boards.png
Reusing existing connection to www.nbc.com:80.
HTTP request sent, awaiting response... 200 OK
Length: 1093 (1.1K) [image/png]
Saving to: `code/../crawls/nbc.com/Privacy-Policy/raw/www.nbc.com/assets/modules/social/images/icon-boards.png'

     0K .                                                     100%  172M=0s

2012-09-29 12:38:03 (172 MB/s) - `code/../crawls/nbc.com/Privacy-Policy/raw/www.nbc.com/assets/modules/social/images/icon-boards.png' saved [1093/1093]

--2012-09-29 12:38:03--  http://www.nbc.com/assets/modules/social/images/icon-boards.gif
Reusing existing connection to www.nbc.com:80.
HTTP request sent, awaiting response... 200 OK
Length: 2211 (2.2K) [image/gif]
Saving to: `code/../crawls/nbc.com/Privacy-Policy/raw/www.nbc.com/assets/modules/social/images/icon-boards.gif'

     0K ..                                                    100%  287M=0s

2012-09-29 12:38:03 (287 MB/s) - `code/../crawls/nbc.com/Privacy-Policy/raw/www.nbc.com/assets/modules/social/images/icon-boards.gif' saved [2211/2211]

--2012-09-29 12:38:03--  http://www.nbc.com/assets/core/themes/2011/nbc/images/fanit/fanit-hdr.png
Reusing existing connection to www.nbc.com:80.
HTTP request sent, awaiting response... 200 OK
Length: 9847 (9.6K) [image/png]
Saving to: `code/../crawls/nbc.com/Privacy-Policy/raw/www.nbc.com/assets/core/themes/2011/nbc/images/fanit/fanit-hdr.png'

     0K .........                                             100% 16.5M=0.001s

2012-09-29 12:38:03 (16.5 MB/s) - `code/../crawls/nbc.com/Privacy-Policy/raw/www.nbc.com/assets/core/themes/2011/nbc/images/fanit/fanit-hdr.png' saved [9847/9847]

--2012-09-29 12:38:03--  http://www.nbc.com/assets/core/themes/2011/nbc/images/fanit/fanit-hdr.gif
Reusing existing connection to www.nbc.com:80.
HTTP request sent, awaiting response... 200 OK
Length: 5388 (5.3K) [image/gif]
Saving to: `code/../crawls/nbc.com/Privacy-Policy/raw/www.nbc.com/assets/core/themes/2011/nbc/images/fanit/fanit-hdr.gif'

     0K .....                                                 100% 18.0M=0s

2012-09-29 12:38:03 (18.0 MB/s) - `code/../crawls/nbc.com/Privacy-Policy/raw/www.nbc.com/assets/core/themes/2011/nbc/images/fanit/fanit-hdr.gif' saved [5388/5388]

--2012-09-29 12:38:03--  http://www.nbc.com/assets/modules/community/images/icon-facebook.png
Reusing existing connection to www.nbc.com:80.
HTTP request sent, awaiting response... 200 OK
Length: 1093 (1.1K) [image/png]
Saving to: `code/../crawls/nbc.com/Privacy-Policy/raw/www.nbc.com/assets/modules/community/images/icon-facebook.png'

     0K .                                                     100%  172M=0s

2012-09-29 12:38:03 (172 MB/s) - `code/../crawls/nbc.com/Privacy-Policy/raw/www.nbc.com/assets/modules/community/images/icon-facebook.png' saved [1093/1093]

--2012-09-29 12:38:03--  http://www.nbc.com/assets/modules/community/images/icon-twitter.png
Reusing existing connection to www.nbc.com:80.
HTTP request sent, awaiting response... 200 OK
Length: 811 [image/png]
Saving to: `code/../crawls/nbc.com/Privacy-Policy/raw/www.nbc.com/assets/modules/community/images/icon-twitter.png'

     0K                                                       100%  140M=0s

2012-09-29 12:38:03 (140 MB/s) - `code/../crawls/nbc.com/Privacy-Policy/raw/www.nbc.com/assets/modules/community/images/icon-twitter.png' saved [811/811]

--2012-09-29 12:38:03--  http://www.nbc.com/assets/modules/community/images/icon-boards.png
Reusing existing connection to www.nbc.com:80.
HTTP request sent, awaiting response... 200 OK
Length: 1093 (1.1K) [image/png]
Saving to: `code/../crawls/nbc.com/Privacy-Policy/raw/www.nbc.com/assets/modules/community/images/icon-boards.png'

     0K .                                                     100%  186M=0s

2012-09-29 12:38:03 (186 MB/s) - `code/../crawls/nbc.com/Privacy-Policy/raw/www.nbc.com/assets/modules/community/images/icon-boards.png' saved [1093/1093]

--2012-09-29 12:38:03--  http://www.nbc.com/assets/modules/community/images/twitter.png
Reusing existing connection to www.nbc.com:80.
HTTP request sent, awaiting response... 200 OK
Length: 4744 (4.6K) [image/png]
Saving to: `code/../crawls/nbc.com/Privacy-Policy/raw/www.nbc.com/assets/modules/community/images/twitter.png'

     0K ....                                                  100% 23.3M=0s

2012-09-29 12:38:03 (23.3 MB/s) - `code/../crawls/nbc.com/Privacy-Policy/raw/www.nbc.com/assets/modules/community/images/twitter.png' saved [4744/4744]

--2012-09-29 12:38:03--  http://www.nbc.com/assets/modules/community/images/btn-follow-us.gif
Reusing existing connection to www.nbc.com:80.
HTTP request sent, awaiting response... 200 OK
Length: 2770 (2.7K) [image/gif]
Saving to: `code/../crawls/nbc.com/Privacy-Policy/raw/www.nbc.com/assets/modules/community/images/btn-follow-us.gif'

     0K ..                                                    100% 28.6M=0s

2012-09-29 12:38:03 (28.6 MB/s) - `code/../crawls/nbc.com/Privacy-Policy/raw/www.nbc.com/assets/modules/community/images/btn-follow-us.gif' saved [2770/2770]

--2012-09-29 12:38:03--  http://www.nbc.com/assets/modules/community/images/bg-twitter.jpg
Reusing existing connection to www.nbc.com:80.
HTTP request sent, awaiting response... 200 OK
Length: 4949 (4.8K) [image/jpeg]
Saving to: `code/../crawls/nbc.com/Privacy-Policy/raw/www.nbc.com/assets/modules/community/images/bg-twitter.jpg'

     0K ....                                                  100% 24.4M=0s

2012-09-29 12:38:03 (24.4 MB/s) - `code/../crawls/nbc.com/Privacy-Policy/raw/www.nbc.com/assets/modules/community/images/bg-twitter.jpg' saved [4949/4949]

--2012-09-29 12:38:03--  http://www.nbc.com/assets/modules/community/images/bg-twitter-bubble-top.gif
Reusing existing connection to www.nbc.com:80.
HTTP request sent, awaiting response... 200 OK
Length: 1481 (1.4K) [image/gif]
Saving to: `code/../crawls/nbc.com/Privacy-Policy/raw/www.nbc.com/assets/modules/community/images/bg-twitter-bubble-top.gif'

     0K .                                                     100%  226M=0s

2012-09-29 12:38:03 (226 MB/s) - `code/../crawls/nbc.com/Privacy-Policy/raw/www.nbc.com/assets/modules/community/images/bg-twitter-bubble-top.gif' saved [1481/1481]

--2012-09-29 12:38:03--  http://www.nbc.com/assets/modules/community/images/bg-twitter-bubble.gif
Reusing existing connection to www.nbc.com:80.
HTTP request sent, awaiting response... 200 OK
Length: 326 [image/gif]
Saving to: `code/../crawls/nbc.com/Privacy-Policy/raw/www.nbc.com/assets/modules/community/images/bg-twitter-bubble.gif'

     0K                                                       100% 55.5M=0s

2012-09-29 12:38:03 (55.5 MB/s) - `code/../crawls/nbc.com/Privacy-Policy/raw/www.nbc.com/assets/modules/community/images/bg-twitter-bubble.gif' saved [326/326]

--2012-09-29 12:38:03--  http://www.nbc.com/assets/core/themes/2011/nbc/images/buttons/myfav.gif
Reusing existing connection to www.nbc.com:80.
HTTP request sent, awaiting response... 200 OK
Length: 2903 (2.8K) [image/gif]
Saving to: `code/../crawls/nbc.com/Privacy-Policy/raw/www.nbc.com/assets/core/themes/2011/nbc/images/buttons/myfav.gif'

     0K ..                                                    100% 5.90M=0s

2012-09-29 12:38:03 (5.90 MB/s) - `code/../crawls/nbc.com/Privacy-Policy/raw/www.nbc.com/assets/core/themes/2011/nbc/images/buttons/myfav.gif' saved [2903/2903]

--2012-09-29 12:38:03--  http://www.nbc.com/assets/images/scet/video4/share-bg.jpg
Reusing existing connection to www.nbc.com:80.
HTTP request sent, awaiting response... 200 OK
Length: 474 [image/jpeg]
Saving to: `code/../crawls/nbc.com/Privacy-Policy/raw/www.nbc.com/assets/images/scet/video4/share-bg.jpg'

     0K                                                       100% 79.9M=0s

2012-09-29 12:38:03 (79.9 MB/s) - `code/../crawls/nbc.com/Privacy-Policy/raw/www.nbc.com/assets/images/scet/video4/share-bg.jpg' saved [474/474]

--2012-09-29 12:38:03--  http://www.nbc.com/assets/images/scet/video4/like-it.gif
Reusing existing connection to www.nbc.com:80.
HTTP request sent, awaiting response... 200 OK
Length: 838 [image/gif]
Saving to: `code/../crawls/nbc.com/Privacy-Policy/raw/www.nbc.com/assets/images/scet/video4/like-it.gif'

     0K                                                       100%  139M=0s

2012-09-29 12:38:03 (139 MB/s) - `code/../crawls/nbc.com/Privacy-Policy/raw/www.nbc.com/assets/images/scet/video4/like-it.gif' saved [838/838]

--2012-09-29 12:38:03--  http://www.nbc.com/assets/images/scet/video4/share.gif
Reusing existing connection to www.nbc.com:80.
HTTP request sent, awaiting response... 200 OK
Length: 896 [image/gif]
Saving to: `code/../crawls/nbc.com/Privacy-Policy/raw/www.nbc.com/assets/images/scet/video4/share.gif'

     0K                                                       100%  162M=0s

2012-09-29 12:38:03 (162 MB/s) - `code/../crawls/nbc.com/Privacy-Policy/raw/www.nbc.com/assets/images/scet/video4/share.gif' saved [896/896]

--2012-09-29 12:38:03--  http://www.nbc.com/assets/images/scet/video4/tags.gif
Reusing existing connection to www.nbc.com:80.
HTTP request sent, awaiting response... 200 OK
Length: 809 [image/gif]
Saving to: `code/../crawls/nbc.com/Privacy-Policy/raw/www.nbc.com/assets/images/scet/video4/tags.gif'

     0K                                                       100%  148M=0s

2012-09-29 12:38:03 (148 MB/s) - `code/../crawls/nbc.com/Privacy-Policy/raw/www.nbc.com/assets/images/scet/video4/tags.gif' saved [809/809]

--2012-09-29 12:38:03--  http://www.nbc.com/assets/images/scet/video4/comments.gif
Reusing existing connection to www.nbc.com:80.
HTTP request sent, awaiting response... 200 OK
Length: 713 [image/gif]
Saving to: `code/../crawls/nbc.com/Privacy-Policy/raw/www.nbc.com/assets/images/scet/video4/comments.gif'

     0K                                                       100%  131M=0s

2012-09-29 12:38:03 (131 MB/s) - `code/../crawls/nbc.com/Privacy-Policy/raw/www.nbc.com/assets/images/scet/video4/comments.gif' saved [713/713]

--2012-09-29 12:38:03--  http://www.nbc.com/assets/images/scet/video4/comments-on.gif
Reusing existing connection to www.nbc.com:80.
HTTP request sent, awaiting response... 200 OK
Length: 698 [image/gif]
Saving to: `code/../crawls/nbc.com/Privacy-Policy/raw/www.nbc.com/assets/images/scet/video4/comments-on.gif'

     0K                                                       100%  125M=0s

2012-09-29 12:38:03 (125 MB/s) - `code/../crawls/nbc.com/Privacy-Policy/raw/www.nbc.com/assets/images/scet/video4/comments-on.gif' saved [698/698]

--2012-09-29 12:38:03--  http://www.nbc.com/assets/images/scet/video4/close-like-it.gif
Reusing existing connection to www.nbc.com:80.
HTTP request sent, awaiting response... 200 OK
Length: 1324 (1.3K) [image/gif]
Saving to: `code/../crawls/nbc.com/Privacy-Policy/raw/www.nbc.com/assets/images/scet/video4/close-like-it.gif'

     0K .                                                     100%  194M=0s

2012-09-29 12:38:03 (194 MB/s) - `code/../crawls/nbc.com/Privacy-Policy/raw/www.nbc.com/assets/images/scet/video4/close-like-it.gif' saved [1324/1324]

--2012-09-29 12:38:03--  http://www.nbc.com/assets/images/scet/video4/close-share.gif
Reusing existing connection to www.nbc.com:80.
HTTP request sent, awaiting response... 200 OK
Length: 425 [image/gif]
Saving to: `code/../crawls/nbc.com/Privacy-Policy/raw/www.nbc.com/assets/images/scet/video4/close-share.gif'

     0K                                                       100% 75.7M=0s

2012-09-29 12:38:03 (75.7 MB/s) - `code/../crawls/nbc.com/Privacy-Policy/raw/www.nbc.com/assets/images/scet/video4/close-share.gif' saved [425/425]

--2012-09-29 12:38:03--  http://www.nbc.com/assets/images/scet/video4/close-tags.gif
Reusing existing connection to www.nbc.com:80.
HTTP request sent, awaiting response... 200 OK
Length: 392 [image/gif]
Saving to: `code/../crawls/nbc.com/Privacy-Policy/raw/www.nbc.com/assets/images/scet/video4/close-tags.gif'

     0K                                                       100% 72.0M=0s

2012-09-29 12:38:04 (72.0 MB/s) - `code/../crawls/nbc.com/Privacy-Policy/raw/www.nbc.com/assets/images/scet/video4/close-tags.gif' saved [392/392]

--2012-09-29 12:38:04--  http://www.nbc.com/assets/images/scet/video4/close-comments.gif
Reusing existing connection to www.nbc.com:80.
HTTP request sent, awaiting response... 200 OK
Length: 509 [image/gif]
Saving to: `code/../crawls/nbc.com/Privacy-Policy/raw/www.nbc.com/assets/images/scet/video4/close-comments.gif'

     0K                                                       100% 87.3M=0s

2012-09-29 12:38:04 (87.3 MB/s) - `code/../crawls/nbc.com/Privacy-Policy/raw/www.nbc.com/assets/images/scet/video4/close-comments.gif' saved [509/509]

--2012-09-29 12:38:04--  http://www.nbc.com/assets/images/scet/video4/share-header.gif
Reusing existing connection to www.nbc.com:80.
HTTP request sent, awaiting response... 200 OK
Length: 310 [image/gif]
Saving to: `code/../crawls/nbc.com/Privacy-Policy/raw/www.nbc.com/assets/images/scet/video4/share-header.gif'

     0K                                                       100% 55.8M=0s

2012-09-29 12:38:04 (55.8 MB/s) - `code/../crawls/nbc.com/Privacy-Policy/raw/www.nbc.com/assets/images/scet/video4/share-header.gif' saved [310/310]

--2012-09-29 12:38:04--  http://www.nbc.com/assets/images/scet/video4/permalink.gif
Reusing existing connection to www.nbc.com:80.
HTTP request sent, awaiting response... 200 OK
Length: 344 [image/gif]
Saving to: `code/../crawls/nbc.com/Privacy-Policy/raw/www.nbc.com/assets/images/scet/video4/permalink.gif'

     0K                                                       100% 64.0M=0s

2012-09-29 12:38:04 (64.0 MB/s) - `code/../crawls/nbc.com/Privacy-Policy/raw/www.nbc.com/assets/images/scet/video4/permalink.gif' saved [344/344]

--2012-09-29 12:38:04--  http://www.nbc.com/assets/images/scet/video4/embed.gif
Reusing existing connection to www.nbc.com:80.
HTTP request sent, awaiting response... 200 OK
Length: 269 [image/gif]
Saving to: `code/../crawls/nbc.com/Privacy-Policy/raw/www.nbc.com/assets/images/scet/video4/embed.gif'

     0K                                                       100% 47.2M=0s

2012-09-29 12:38:04 (47.2 MB/s) - `code/../crawls/nbc.com/Privacy-Policy/raw/www.nbc.com/assets/images/scet/video4/embed.gif' saved [269/269]

--2012-09-29 12:38:04--  http://www.nbc.com/assets/core/plugins/socialbox/images/sprite-btns.gif
Reusing existing connection to www.nbc.com:80.
HTTP request sent, awaiting response... 200 OK
Length: 11544 (11K) [image/gif]
Saving to: `code/../crawls/nbc.com/Privacy-Policy/raw/www.nbc.com/assets/core/plugins/socialbox/images/sprite-btns.gif'

     0K .......... .                                          100% 15.5M=0.001s

2012-09-29 12:38:04 (15.5 MB/s) - `code/../crawls/nbc.com/Privacy-Policy/raw/www.nbc.com/assets/core/plugins/socialbox/images/sprite-btns.gif' saved [11544/11544]

--2012-09-29 12:38:04--  http://www.nbc.com/assets/core/plugins/socialbox/images/count-bubble.gif
Reusing existing connection to www.nbc.com:80.
HTTP request sent, awaiting response... 200 OK
Length: 1164 (1.1K) [image/gif]
Saving to: `code/../crawls/nbc.com/Privacy-Policy/raw/www.nbc.com/assets/core/plugins/socialbox/images/count-bubble.gif'

     0K .                                                     100%  200M=0s

2012-09-29 12:38:04 (200 MB/s) - `code/../crawls/nbc.com/Privacy-Policy/raw/www.nbc.com/assets/core/plugins/socialbox/images/count-bubble.gif' saved [1164/1164]

--2012-09-29 12:38:04--  http://www.nbc.com/assets/modules/common/css/modules.css
Reusing existing connection to www.nbc.com:80.
HTTP request sent, awaiting response... 200 OK
Length: unspecified [text/css]
Saving to: `code/../crawls/nbc.com/Privacy-Policy/raw/www.nbc.com/assets/modules/common/css/modules.css'

     0K .......... .......... .......... .......... .          7.78M=0.005s

2012-09-29 12:38:04 (7.78 MB/s) - `code/../crawls/nbc.com/Privacy-Policy/raw/www.nbc.com/assets/modules/common/css/modules.css' saved [42801]

--2012-09-29 12:38:04--  http://www.nbc.com/assets/core/fonts/on-air/sweetsansonair-heavy-webfont.eot
Reusing existing connection to www.nbc.com:80.
HTTP request sent, awaiting response... 200 OK
Length: 58296 (57K) [application/vnd.ms-fontobject]
Saving to: `code/../crawls/nbc.com/Privacy-Policy/raw/www.nbc.com/assets/core/fonts/on-air/sweetsansonair-heavy-webfont.eot'

     0K .......... .......... .......... .......... .......... 87% 7.37M 0s
    50K ......                                                100% 13.5M=0.007s

2012-09-29 12:38:04 (7.80 MB/s) - `code/../crawls/nbc.com/Privacy-Policy/raw/www.nbc.com/assets/core/fonts/on-air/sweetsansonair-heavy-webfont.eot' saved [58296/58296]

--2012-09-29 12:38:04--  http://www.nbc.com/assets/core/fonts/on-air/sweetsansonair-heavy-webfont.eot?
Reusing existing connection to www.nbc.com:80.
HTTP request sent, awaiting response... 200 OK
Length: 58296 (57K) [application/vnd.ms-fontobject]
Saving to: `code/../crawls/nbc.com/Privacy-Policy/raw/www.nbc.com/assets/core/fonts/on-air/sweetsansonair-heavy-webfont.eot'

     0K .......... .......... .......... .......... .......... 87% 10.8M 0s
    50K ......                                                100% 13.7M=0.005s

2012-09-29 12:38:04 (11.1 MB/s) - `code/../crawls/nbc.com/Privacy-Policy/raw/www.nbc.com/assets/core/fonts/on-air/sweetsansonair-heavy-webfont.eot' saved [58296/58296]

--2012-09-29 12:38:04--  http://www.nbc.com/assets/core/fonts/on-air/sweetsansonair-heavy-webfont.woff
Reusing existing connection to www.nbc.com:80.
HTTP request sent, awaiting response... 200 OK
Length: 32048 (31K) [application/x-font-woff]
Saving to: `code/../crawls/nbc.com/Privacy-Policy/raw/www.nbc.com/assets/core/fonts/on-air/sweetsansonair-heavy-webfont.woff'

     0K .......... .......... .......... .                    100% 12.3M=0.002s

2012-09-29 12:38:04 (12.3 MB/s) - `code/../crawls/nbc.com/Privacy-Policy/raw/www.nbc.com/assets/core/fonts/on-air/sweetsansonair-heavy-webfont.woff' saved [32048/32048]

--2012-09-29 12:38:04--  http://www.nbc.com/assets/core/fonts/on-air/sweetsansonair-heavy-webfont.ttf
Reusing existing connection to www.nbc.com:80.
HTTP request sent, awaiting response... 200 OK
Length: 58080 (57K) [application/x-font-ttf]
Saving to: `code/../crawls/nbc.com/Privacy-Policy/raw/www.nbc.com/assets/core/fonts/on-air/sweetsansonair-heavy-webfont.ttf'

     0K .......... .......... .......... .......... .......... 88% 1.98M 0s
    50K ......                                                100% 11.8M=0.03s

2012-09-29 12:38:04 (2.20 MB/s) - `code/../crawls/nbc.com/Privacy-Policy/raw/www.nbc.com/assets/core/fonts/on-air/sweetsansonair-heavy-webfont.ttf' saved [58080/58080]

--2012-09-29 12:38:04--  http://www.nbc.com/assets/core/fonts/on-air/sweetsansonair-heavy-webfont.svg
Reusing existing connection to www.nbc.com:80.
HTTP request sent, awaiting response... 200 OK
Length: 57080 (56K) [image/svg+xml]
Saving to: `code/../crawls/nbc.com/Privacy-Policy/raw/www.nbc.com/assets/core/fonts/on-air/sweetsansonair-heavy-webfont.svg'

     0K .......... .......... .......... .......... .......... 89% 7.06M 0s
    50K .....                                                 100% 8.56M=0.008s

2012-09-29 12:38:04 (7.19 MB/s) - `code/../crawls/nbc.com/Privacy-Policy/raw/www.nbc.com/assets/core/fonts/on-air/sweetsansonair-heavy-webfont.svg' saved [57080/57080]

--2012-09-29 12:38:04--  http://www.nbc.com/assets/core/fonts/on-air/sweetsansonair-regular-webfont.eot
Reusing existing connection to www.nbc.com:80.
HTTP request sent, awaiting response... 200 OK
Length: 59744 (58K) [application/vnd.ms-fontobject]
Saving to: `code/../crawls/nbc.com/Privacy-Policy/raw/www.nbc.com/assets/core/fonts/on-air/sweetsansonair-regular-webfont.eot'

     0K .......... .......... .......... .......... .......... 85% 11.4M 0s
    50K ........                                              100% 13.1M=0.005s

2012-09-29 12:38:04 (11.6 MB/s) - `code/../crawls/nbc.com/Privacy-Policy/raw/www.nbc.com/assets/core/fonts/on-air/sweetsansonair-regular-webfont.eot' saved [59744/59744]

--2012-09-29 12:38:04--  http://www.nbc.com/assets/core/fonts/on-air/sweetsansonair-regular-webfont.eot?
Reusing existing connection to www.nbc.com:80.
HTTP request sent, awaiting response... 200 OK
Length: 59744 (58K) [application/vnd.ms-fontobject]
Saving to: `code/../crawls/nbc.com/Privacy-Policy/raw/www.nbc.com/assets/core/fonts/on-air/sweetsansonair-regular-webfont.eot'

     0K .......... .......... .......... .......... .......... 85% 11.5M 0s
    50K ........                                              100% 13.1M=0.005s

2012-09-29 12:38:04 (11.7 MB/s) - `code/../crawls/nbc.com/Privacy-Policy/raw/www.nbc.com/assets/core/fonts/on-air/sweetsansonair-regular-webfont.eot' saved [59744/59744]

--2012-09-29 12:38:04--  http://www.nbc.com/assets/core/fonts/on-air/sweetsansonair-regular-webfont.woff
Reusing existing connection to www.nbc.com:80.
HTTP request sent, awaiting response... 200 OK
Length: 32408 (32K) [application/x-font-woff]
Saving to: `code/../crawls/nbc.com/Privacy-Policy/raw/www.nbc.com/assets/core/fonts/on-air/sweetsansonair-regular-webfont.woff'

     0K .......... .......... .......... .                    100% 11.9M=0.003s

2012-09-29 12:38:04 (11.9 MB/s) - `code/../crawls/nbc.com/Privacy-Policy/raw/www.nbc.com/assets/core/fonts/on-air/sweetsansonair-regular-webfont.woff' saved [32408/32408]

--2012-09-29 12:38:04--  http://www.nbc.com/assets/core/fonts/on-air/sweetsansonair-regular-webfont.ttf
Reusing existing connection to www.nbc.com:80.
HTTP request sent, awaiting response... 200 OK
Length: 59520 (58K) [application/x-font-ttf]
Saving to: `code/../crawls/nbc.com/Privacy-Policy/raw/www.nbc.com/assets/core/fonts/on-air/sweetsansonair-regular-webfont.ttf'

     0K .......... .......... .......... .......... .......... 86% 7.16M 0s
    50K ........                                              100% 12.8M=0.007s

2012-09-29 12:38:04 (7.62 MB/s) - `code/../crawls/nbc.com/Privacy-Policy/raw/www.nbc.com/assets/core/fonts/on-air/sweetsansonair-regular-webfont.ttf' saved [59520/59520]

--2012-09-29 12:38:04--  http://www.nbc.com/assets/core/fonts/on-air/sweetsansonair-regular-webfont.svg
Reusing existing connection to www.nbc.com:80.
HTTP request sent, awaiting response... 200 OK
Length: 57105 (56K) [image/svg+xml]
Saving to: `code/../crawls/nbc.com/Privacy-Policy/raw/www.nbc.com/assets/core/fonts/on-air/sweetsansonair-regular-webfont.svg'

     0K .......... .......... .......... .......... .......... 89% 7.44M 0s
    50K .....                                                 100% 15.4M=0.007s

2012-09-29 12:38:04 (7.86 MB/s) - `code/../crawls/nbc.com/Privacy-Policy/raw/www.nbc.com/assets/core/fonts/on-air/sweetsansonair-regular-webfont.svg' saved [57105/57105]

--2012-09-29 12:38:04--  http://www.nbc.com/assets/core/fonts/on-air/sweetsansonair-medium-webfont.eot
Reusing existing connection to www.nbc.com:80.
HTTP request sent, awaiting response... 200 OK
Length: 59528 (58K) [application/vnd.ms-fontobject]
Saving to: `code/../crawls/nbc.com/Privacy-Policy/raw/www.nbc.com/assets/core/fonts/on-air/sweetsansonair-medium-webfont.eot'

     0K .......... .......... .......... .......... .......... 86% 11.3M 0s
    50K ........                                              100% 13.7M=0.005s

2012-09-29 12:38:04 (11.6 MB/s) - `code/../crawls/nbc.com/Privacy-Policy/raw/www.nbc.com/assets/core/fonts/on-air/sweetsansonair-medium-webfont.eot' saved [59528/59528]

--2012-09-29 12:38:04--  http://www.nbc.com/assets/core/fonts/on-air/sweetsansonair-medium-webfont.eot?
Reusing existing connection to www.nbc.com:80.
HTTP request sent, awaiting response... 200 OK
Length: 59528 (58K) [application/vnd.ms-fontobject]
Saving to: `code/../crawls/nbc.com/Privacy-Policy/raw/www.nbc.com/assets/core/fonts/on-air/sweetsansonair-medium-webfont.eot'

     0K .......... .......... .......... .......... .......... 86% 5.91M 0s
    50K ........                                              100% 10.1M=0.009s

2012-09-29 12:38:04 (6.27 MB/s) - `code/../crawls/nbc.com/Privacy-Policy/raw/www.nbc.com/assets/core/fonts/on-air/sweetsansonair-medium-webfont.eot' saved [59528/59528]

--2012-09-29 12:38:04--  http://www.nbc.com/assets/core/fonts/on-air/sweetsansonair-medium-webfont.woff
Reusing existing connection to www.nbc.com:80.
HTTP request sent, awaiting response... 200 OK
Length: 32060 (31K) [application/x-font-woff]
Saving to: `code/../crawls/nbc.com/Privacy-Policy/raw/www.nbc.com/assets/core/fonts/on-air/sweetsansonair-medium-webfont.woff'

     0K .......... .......... .......... .                    100% 12.4M=0.002s

2012-09-29 12:38:04 (12.4 MB/s) - `code/../crawls/nbc.com/Privacy-Policy/raw/www.nbc.com/assets/core/fonts/on-air/sweetsansonair-medium-webfont.woff' saved [32060/32060]

--2012-09-29 12:38:04--  http://www.nbc.com/assets/core/fonts/on-air/sweetsansonair-medium-webfont.ttf
Reusing existing connection to www.nbc.com:80.
HTTP request sent, awaiting response... 200 OK
Length: 59308 (58K) [application/x-font-ttf]
Saving to: `code/../crawls/nbc.com/Privacy-Policy/raw/www.nbc.com/assets/core/fonts/on-air/sweetsansonair-medium-webfont.ttf'

     0K .......... .......... .......... .......... .......... 86% 9.82M 0s
    50K .......                                               100% 12.5M=0.006s

2012-09-29 12:38:04 (10.1 MB/s) - `code/../crawls/nbc.com/Privacy-Policy/raw/www.nbc.com/assets/core/fonts/on-air/sweetsansonair-medium-webfont.ttf' saved [59308/59308]

--2012-09-29 12:38:04--  http://www.nbc.com/assets/core/fonts/on-air/sweetsansonair-medium-webfont.svg
Reusing existing connection to www.nbc.com:80.
HTTP request sent, awaiting response... 200 OK
Length: 56885 (56K) [image/svg+xml]
Saving to: `code/../crawls/nbc.com/Privacy-Policy/raw/www.nbc.com/assets/core/fonts/on-air/sweetsansonair-medium-webfont.svg'

     0K .......... .......... .......... .......... .......... 90% 9.70M 0s
    50K .....                                                 100% 14.3M=0.005s

2012-09-29 12:38:04 (10.0 MB/s) - `code/../crawls/nbc.com/Privacy-Policy/raw/www.nbc.com/assets/core/fonts/on-air/sweetsansonair-medium-webfont.svg' saved [56885/56885]

--2012-09-29 12:38:04--  http://www.nbc.com/assets/core/themes/2011/nbc/images/sprites/global-btn.gif
Reusing existing connection to www.nbc.com:80.
HTTP request sent, awaiting response... 200 OK
Length: 3464 (3.4K) [image/gif]
Saving to: `code/../crawls/nbc.com/Privacy-Policy/raw/www.nbc.com/assets/core/themes/2011/nbc/images/sprites/global-btn.gif'

     0K ...                                                   100%  390M=0s

2012-09-29 12:38:04 (390 MB/s) - `code/../crawls/nbc.com/Privacy-Policy/raw/www.nbc.com/assets/core/themes/2011/nbc/images/sprites/global-btn.gif' saved [3464/3464]

--2012-09-29 12:38:04--  http://www.nbc.com/assets/core/themes/2011/nbc/images/backgrounds/bunz-default.jpg
Reusing existing connection to www.nbc.com:80.
HTTP request sent, awaiting response... 302 Moved Temporarily
Location: http://ak1.abmr.net/is/www.nbc.com?U=/assets/core/themes/2011/nbc/images/backgrounds/bunz-default.jpg&V=3-o0%2fxJn8vEkucmTXlTYQe6uuDFMqunGDc+2JlphGyLoW1u+bY3itxRw%3d%3d&I=24F32B181946E71&D=nbc.com&01AD=1& [following]
--2012-09-29 12:38:04--  http://ak1.abmr.net/is/www.nbc.com?U=/assets/core/themes/2011/nbc/images/backgrounds/bunz-default.jpg&V=3-o0%2fxJn8vEkucmTXlTYQe6uuDFMqunGDc+2JlphGyLoW1u+bY3itxRw%3d%3d&I=24F32B181946E71&D=nbc.com&01AD=1&
Resolving ak1.abmr.net... 23.61.194.8, 23.61.194.67
Connecting to ak1.abmr.net|23.61.194.8|:80... connected.
HTTP request sent, awaiting response... 302 Moved Temporarily
Location: http://www.nbc.com/assets/core/themes/2011/nbc/images/backgrounds/bunz-default.jpg?01AD=3RnWIJjGywgqeELQcBJm_Kqz_fz4oUarhZHGw-BSxETxU8GBsVtz_EA&01RI=24F32B181946E71&01NA=na [following]
--2012-09-29 12:38:04--  http://www.nbc.com/assets/core/themes/2011/nbc/images/backgrounds/bunz-default.jpg?01AD=3RnWIJjGywgqeELQcBJm_Kqz_fz4oUarhZHGw-BSxETxU8GBsVtz_EA&01RI=24F32B181946E71&01NA=na
Connecting to www.nbc.com|206.160.170.58|:80... connected.
HTTP request sent, awaiting response... 200 OK
Length: 2359 (2.3K) [image/jpeg]
Saving to: `code/../crawls/nbc.com/Privacy-Policy/raw/www.nbc.com/assets/core/themes/2011/nbc/images/backgrounds/bunz-default.jpg'

     0K ..                                                    100%  300M=0s

2012-09-29 12:38:04 (300 MB/s) - `code/../crawls/nbc.com/Privacy-Policy/raw/www.nbc.com/assets/core/themes/2011/nbc/images/backgrounds/bunz-default.jpg' saved [2359/2359]

--2012-09-29 12:38:04--  http://www.nbc.com/assets/core/themes/2011/nbc/images/logo-nbc.png
Reusing existing connection to www.nbc.com:80.
HTTP request sent, awaiting response... 200 OK
Length: 8559 (8.4K) [image/png]
Saving to: `code/../crawls/nbc.com/Privacy-Policy/raw/www.nbc.com/assets/core/themes/2011/nbc/images/logo-nbc.png'

     0K ........                                              100% 3.84M=0.002s

2012-09-29 12:38:05 (3.84 MB/s) - `code/../crawls/nbc.com/Privacy-Policy/raw/www.nbc.com/assets/core/themes/2011/nbc/images/logo-nbc.png' saved [8559/8559]

--2012-09-29 12:38:05--  http://www.nbc.com/assets/core/themes/2011/nbc/images/logo-nbc.gif
Reusing existing connection to www.nbc.com:80.
HTTP request sent, awaiting response... 200 OK
Length: 3750 (3.7K) [image/gif]
Saving to: `code/../crawls/nbc.com/Privacy-Policy/raw/www.nbc.com/assets/core/themes/2011/nbc/images/logo-nbc.gif'

     0K ...                                                   100% 70.3M=0s

2012-09-29 12:38:05 (70.3 MB/s) - `code/../crawls/nbc.com/Privacy-Policy/raw/www.nbc.com/assets/core/themes/2011/nbc/images/logo-nbc.gif' saved [3750/3750]

--2012-09-29 12:38:05--  http://www.nbc.com/assets/core/themes/2011/nbc/images/header/search-icon.gif
Reusing existing connection to www.nbc.com:80.
HTTP request sent, awaiting response... 200 OK
Length: 1416 (1.4K) [image/gif]
Saving to: `code/../crawls/nbc.com/Privacy-Policy/raw/www.nbc.com/assets/core/themes/2011/nbc/images/header/search-icon.gif'

     0K .                                                     100%  187M=0s

2012-09-29 12:38:05 (187 MB/s) - `code/../crawls/nbc.com/Privacy-Policy/raw/www.nbc.com/assets/core/themes/2011/nbc/images/header/search-icon.gif' saved [1416/1416]

--2012-09-29 12:38:05--  http://www.nbc.com/assets/core/themes/2011/nbc/images/header/search-go.png
Reusing existing connection to www.nbc.com:80.
HTTP request sent, awaiting response... 200 OK
Length: 875 [image/png]
Saving to: `code/../crawls/nbc.com/Privacy-Policy/raw/www.nbc.com/assets/core/themes/2011/nbc/images/header/search-go.png'

     0K                                                       100%  155M=0s

2012-09-29 12:38:05 (155 MB/s) - `code/../crawls/nbc.com/Privacy-Policy/raw/www.nbc.com/assets/core/themes/2011/nbc/images/header/search-go.png' saved [875/875]

--2012-09-29 12:38:05--  http://www.nbc.com/assets/core/themes/2011/nbc/images/header/search-go.gif
Reusing existing connection to www.nbc.com:80.
HTTP request sent, awaiting response... 200 OK
Length: 699 [image/gif]
Saving to: `code/../crawls/nbc.com/Privacy-Policy/raw/www.nbc.com/assets/core/themes/2011/nbc/images/header/search-go.gif'

     0K                                                       100%  120M=0s

2012-09-29 12:38:05 (120 MB/s) - `code/../crawls/nbc.com/Privacy-Policy/raw/www.nbc.com/assets/core/themes/2011/nbc/images/header/search-go.gif' saved [699/699]

--2012-09-29 12:38:05--  http://www.nbc.com/assets/core/themes/2011/nbc/images/header/mynbc-dropdown-arrow.gif
Reusing existing connection to www.nbc.com:80.
HTTP request sent, awaiting response... 200 OK
Length: 53 [image/gif]
Saving to: `code/../crawls/nbc.com/Privacy-Policy/raw/www.nbc.com/assets/core/themes/2011/nbc/images/header/mynbc-dropdown-arrow.gif'

     0K                                                       100% 10.0M=0s

2012-09-29 12:38:05 (10.0 MB/s) - `code/../crawls/nbc.com/Privacy-Policy/raw/www.nbc.com/assets/core/themes/2011/nbc/images/header/mynbc-dropdown-arrow.gif' saved [53/53]

--2012-09-29 12:38:05--  http://www.nbc.com/assets/core/themes/2011/nbc/images/home/ajax-loader.gif
Reusing existing connection to www.nbc.com:80.
HTTP request sent, awaiting response... 200 OK
Length: 2608 (2.5K) [image/gif]
Saving to: `code/../crawls/nbc.com/Privacy-Policy/raw/www.nbc.com/assets/core/themes/2011/nbc/images/home/ajax-loader.gif'

     0K ..                                                    100%  335M=0s

2012-09-29 12:38:05 (335 MB/s) - `code/../crawls/nbc.com/Privacy-Policy/raw/www.nbc.com/assets/core/themes/2011/nbc/images/home/ajax-loader.gif' saved [2608/2608]

--2012-09-29 12:38:05--  http://www.nbc.com/assets/core/themes/2011/nbc/images/backgrounds/login-layer-bg.gif
Reusing existing connection to www.nbc.com:80.
HTTP request sent, awaiting response... 200 OK
Length: 970 [image/gif]
Saving to: `code/../crawls/nbc.com/Privacy-Policy/raw/www.nbc.com/assets/core/themes/2011/nbc/images/backgrounds/login-layer-bg.gif'

     0K                                                       100%  164M=0s

2012-09-29 12:38:05 (164 MB/s) - `code/../crawls/nbc.com/Privacy-Policy/raw/www.nbc.com/assets/core/themes/2011/nbc/images/backgrounds/login-layer-bg.gif' saved [970/970]

--2012-09-29 12:38:05--  http://www.nbc.com/assets/core/themes/2011/nbc/images/header/nav-active-marker.gif
Reusing existing connection to www.nbc.com:80.
HTTP request sent, awaiting response... 200 OK
Length: 1253 (1.2K) [image/gif]
Saving to: `code/../crawls/nbc.com/Privacy-Policy/raw/www.nbc.com/assets/core/themes/2011/nbc/images/header/nav-active-marker.gif'

     0K .                                                     100%  187M=0s

2012-09-29 12:38:05 (187 MB/s) - `code/../crawls/nbc.com/Privacy-Policy/raw/www.nbc.com/assets/core/themes/2011/nbc/images/header/nav-active-marker.gif' saved [1253/1253]

--2012-09-29 12:38:05--  http://www.nbc.com/assets/core/themes/2011/nbc/images/sprites/nav-btns.gif
Reusing existing connection to www.nbc.com:80.
HTTP request sent, awaiting response... 200 OK
Length: 5181 (5.1K) [image/gif]
Saving to: `code/../crawls/nbc.com/Privacy-Policy/raw/www.nbc.com/assets/core/themes/2011/nbc/images/sprites/nav-btns.gif'

     0K .....                                                 100% 17.9M=0s

2012-09-29 12:38:05 (17.9 MB/s) - `code/../crawls/nbc.com/Privacy-Policy/raw/www.nbc.com/assets/core/themes/2011/nbc/images/sprites/nav-btns.gif' saved [5181/5181]

--2012-09-29 12:38:05--  http://www.nbc.com/assets/core/themes/2011/nbc/images/backgrounds/nav-drop.jpg
Reusing existing connection to www.nbc.com:80.
HTTP request sent, awaiting response... 200 OK
Length: 1506 (1.5K) [image/jpeg]
Saving to: `code/../crawls/nbc.com/Privacy-Policy/raw/www.nbc.com/assets/core/themes/2011/nbc/images/backgrounds/nav-drop.jpg'

     0K .                                                     100%  228M=0s

2012-09-29 12:38:05 (228 MB/s) - `code/../crawls/nbc.com/Privacy-Policy/raw/www.nbc.com/assets/core/themes/2011/nbc/images/backgrounds/nav-drop.jpg' saved [1506/1506]

--2012-09-29 12:38:05--  http://www.nbc.com/assets/core/themes/2011/nbc/images/backgrounds/nav-drop-ftr.jpg
Reusing existing connection to www.nbc.com:80.
HTTP request sent, awaiting response... 200 OK
Length: 1554 (1.5K) [image/jpeg]
Saving to: `code/../crawls/nbc.com/Privacy-Policy/raw/www.nbc.com/assets/core/themes/2011/nbc/images/backgrounds/nav-drop-ftr.jpg'

     0K .                                                     100%  132M=0s

2012-09-29 12:38:05 (132 MB/s) - `code/../crawls/nbc.com/Privacy-Policy/raw/www.nbc.com/assets/core/themes/2011/nbc/images/backgrounds/nav-drop-ftr.jpg' saved [1554/1554]

--2012-09-29 12:38:05--  http://www.nbc.com/assets/core/themes/2011/nbc/images/backgrounds/spotlight.gif
Reusing existing connection to www.nbc.com:80.
HTTP request sent, awaiting response... 200 OK
Length: 2988 (2.9K) [image/gif]
Saving to: `code/../crawls/nbc.com/Privacy-Policy/raw/www.nbc.com/assets/core/themes/2011/nbc/images/backgrounds/spotlight.gif'

     0K ..                                                    100% 50.9M=0s

2012-09-29 12:38:05 (50.9 MB/s) - `code/../crawls/nbc.com/Privacy-Policy/raw/www.nbc.com/assets/core/themes/2011/nbc/images/backgrounds/spotlight.gif' saved [2988/2988]

--2012-09-29 12:38:05--  http://www.nbc.com/assets/core/themes/2011/nbc/images/sprites/footer-copyright.gif
Reusing existing connection to www.nbc.com:80.
HTTP request sent, awaiting response... 200 OK
Length: 5316 (5.2K) [image/gif]
Saving to: `code/../crawls/nbc.com/Privacy-Policy/raw/www.nbc.com/assets/core/themes/2011/nbc/images/sprites/footer-copyright.gif'

     0K .....                                                 100% 19.2M=0s

2012-09-29 12:38:05 (19.2 MB/s) - `code/../crawls/nbc.com/Privacy-Policy/raw/www.nbc.com/assets/core/themes/2011/nbc/images/sprites/footer-copyright.gif' saved [5316/5316]

--2012-09-29 12:38:05--  http://www.nbc.com/assets/core/themes/2011/nbc/images/backgrounds/footer-menu-links.gif
Reusing existing connection to www.nbc.com:80.
HTTP request sent, awaiting response... 200 OK
Length: 5288 (5.2K) [image/gif]
Saving to: `code/../crawls/nbc.com/Privacy-Policy/raw/www.nbc.com/assets/core/themes/2011/nbc/images/backgrounds/footer-menu-links.gif'

     0K .....                                                 100% 18.8M=0s

2012-09-29 12:38:05 (18.8 MB/s) - `code/../crawls/nbc.com/Privacy-Policy/raw/www.nbc.com/assets/core/themes/2011/nbc/images/backgrounds/footer-menu-links.gif' saved [5288/5288]

--2012-09-29 12:38:05--  http://www.nbc.com/assets/images/breaking-news-bar/bnb-sprite.gif
Reusing existing connection to www.nbc.com:80.
HTTP request sent, awaiting response... 200 OK
Length: 3095 (3.0K) [image/gif]
Saving to: `code/../crawls/nbc.com/Privacy-Policy/raw/www.nbc.com/assets/images/breaking-news-bar/bnb-sprite.gif'

     0K ...                                                   100% 5.64M=0.001s

2012-09-29 12:38:05 (5.64 MB/s) - `code/../crawls/nbc.com/Privacy-Policy/raw/www.nbc.com/assets/images/breaking-news-bar/bnb-sprite.gif' saved [3095/3095]

--2012-09-29 12:38:05--  http://www.nbc.com/assets/images/breaking-news-bar/go.gif
Reusing existing connection to www.nbc.com:80.
HTTP request sent, awaiting response... 200 OK
Length: 1886 (1.8K) [image/gif]
Saving to: `code/../crawls/nbc.com/Privacy-Policy/raw/www.nbc.com/assets/images/breaking-news-bar/go.gif'

     0K .                                                     100%  251M=0s

2012-09-29 12:38:05 (251 MB/s) - `code/../crawls/nbc.com/Privacy-Policy/raw/www.nbc.com/assets/images/breaking-news-bar/go.gif' saved [1886/1886]

--2012-09-29 12:38:05--  http://www.nbc.com/assets/core/themes/2011/nbc/images/sprites/time-zone-btn.gif
Reusing existing connection to www.nbc.com:80.
HTTP request sent, awaiting response... 200 OK
Length: 789 [image/gif]
Saving to: `code/../crawls/nbc.com/Privacy-Policy/raw/www.nbc.com/assets/core/themes/2011/nbc/images/sprites/time-zone-btn.gif'

     0K                                                       100%  135M=0s

2012-09-29 12:38:05 (135 MB/s) - `code/../crawls/nbc.com/Privacy-Policy/raw/www.nbc.com/assets/core/themes/2011/nbc/images/sprites/time-zone-btn.gif' saved [789/789]

--2012-09-29 12:38:05--  http://www.nbc.com/assets/core/plugins/fancybox/fancybox.png
Reusing existing connection to www.nbc.com:80.
HTTP request sent, awaiting response... 200 OK
Length: 15287 (15K) [image/png]
Saving to: `code/../crawls/nbc.com/Privacy-Policy/raw/www.nbc.com/assets/core/plugins/fancybox/fancybox.png'

     0K .......... ....                                       100% 5.29M=0.003s

2012-09-29 12:38:05 (5.29 MB/s) - `code/../crawls/nbc.com/Privacy-Policy/raw/www.nbc.com/assets/core/plugins/fancybox/fancybox.png' saved [15287/15287]

--2012-09-29 12:38:05--  http://www.nbc.com/assets/core/plugins/fancybox/blank.gif
Reusing existing connection to www.nbc.com:80.
HTTP request sent, awaiting response... 200 OK
Length: 43 [image/gif]
Saving to: `code/../crawls/nbc.com/Privacy-Policy/raw/www.nbc.com/assets/core/plugins/fancybox/blank.gif'

     0K                                                       100% 7.82M=0s

2012-09-29 12:38:05 (7.82 MB/s) - `code/../crawls/nbc.com/Privacy-Policy/raw/www.nbc.com/assets/core/plugins/fancybox/blank.gif' saved [43/43]

--2012-09-29 12:38:05--  http://www.nbc.com/assets/core/plugins/fancybox/fancybox-x.png
Reusing existing connection to www.nbc.com:80.
HTTP request sent, awaiting response... 200 OK
Length: 203 [image/png]
Saving to: `code/../crawls/nbc.com/Privacy-Policy/raw/www.nbc.com/assets/core/plugins/fancybox/fancybox-x.png'

     0K                                                       100% 35.9M=0s

2012-09-29 12:38:05 (35.9 MB/s) - `code/../crawls/nbc.com/Privacy-Policy/raw/www.nbc.com/assets/core/plugins/fancybox/fancybox-x.png' saved [203/203]

--2012-09-29 12:38:05--  http://www.nbc.com/assets/core/plugins/fancybox/fancybox-y.png
Reusing existing connection to www.nbc.com:80.
HTTP request sent, awaiting response... 200 OK
Length: 176 [image/png]
Saving to: `code/../crawls/nbc.com/Privacy-Policy/raw/www.nbc.com/assets/core/plugins/fancybox/fancybox-y.png'

     0K                                                       100% 32.4M=0s

2012-09-29 12:38:05 (32.4 MB/s) - `code/../crawls/nbc.com/Privacy-Policy/raw/www.nbc.com/assets/core/plugins/fancybox/fancybox-y.png' saved [176/176]

--2012-09-29 12:38:05--  http://www.nbc.com/assets/core/plugins/fancybox/fancy_title_over.png
Reusing existing connection to www.nbc.com:80.
HTTP request sent, awaiting response... 200 OK
Length: 70 [image/png]
Saving to: `code/../crawls/nbc.com/Privacy-Policy/raw/www.nbc.com/assets/core/plugins/fancybox/fancy_title_over.png'

     0K                                                       100% 11.9M=0s

2012-09-29 12:38:06 (11.9 MB/s) - `code/../crawls/nbc.com/Privacy-Policy/raw/www.nbc.com/assets/core/plugins/fancybox/fancy_title_over.png' saved [70/70]

--2012-09-29 12:38:06--  http://www.nbc.com/assets/core/themes/2011/nbc/images/backgrounds/top-blue-1075be.gif
Reusing existing connection to www.nbc.com:80.
HTTP request sent, awaiting response... 200 OK
Length: 1639 (1.6K) [image/gif]
Saving to: `code/../crawls/nbc.com/Privacy-Policy/raw/www.nbc.com/assets/core/themes/2011/nbc/images/backgrounds/top-blue-1075be.gif'

     0K .                                                     100% 22.4M=0s

2012-09-29 12:38:06 (22.4 MB/s) - `code/../crawls/nbc.com/Privacy-Policy/raw/www.nbc.com/assets/core/themes/2011/nbc/images/backgrounds/top-blue-1075be.gif' saved [1639/1639]

--2012-09-29 12:38:06--  http://www.nbc.com/assets/core/themes/2011/nbc/images/global-pages/primary-content-btm.jpg
Reusing existing connection to www.nbc.com:80.
HTTP request sent, awaiting response... 200 OK
Length: 3958 (3.9K) [image/jpeg]
Saving to: `code/../crawls/nbc.com/Privacy-Policy/raw/www.nbc.com/assets/core/themes/2011/nbc/images/global-pages/primary-content-btm.jpg'

     0K ...                                                   100% 56.1M=0s

2012-09-29 12:38:06 (56.1 MB/s) - `code/../crawls/nbc.com/Privacy-Policy/raw/www.nbc.com/assets/core/themes/2011/nbc/images/global-pages/primary-content-btm.jpg' saved [3958/3958]

--2012-09-29 12:38:06--  http://www.nbc.com/assets/core/themes/2011/nbc/images/home/latest/thumb-gradient.gif
Reusing existing connection to www.nbc.com:80.
HTTP request sent, awaiting response... 200 OK
Length: 3958 (3.9K) [image/gif]
Saving to: `code/../crawls/nbc.com/Privacy-Policy/raw/www.nbc.com/assets/core/themes/2011/nbc/images/home/latest/thumb-gradient.gif'

     0K ...                                                   100% 54.8M=0s

2012-09-29 12:38:06 (54.8 MB/s) - `code/../crawls/nbc.com/Privacy-Policy/raw/www.nbc.com/assets/core/themes/2011/nbc/images/home/latest/thumb-gradient.gif' saved [3958/3958]

--2012-09-29 12:38:06--  http://www.nbc.com/assets/core/themes/2011/nbc/images/global-pages/slide-thumb-sprite-blue.gif
Reusing existing connection to www.nbc.com:80.
HTTP request sent, awaiting response... 200 OK
Length: 7472 (7.3K) [image/gif]
Saving to: `code/../crawls/nbc.com/Privacy-Policy/raw/www.nbc.com/assets/core/themes/2011/nbc/images/global-pages/slide-thumb-sprite-blue.gif'

     0K .......                                               100% 16.7M=0s

2012-09-29 12:38:06 (16.7 MB/s) - `code/../crawls/nbc.com/Privacy-Policy/raw/www.nbc.com/assets/core/themes/2011/nbc/images/global-pages/slide-thumb-sprite-blue.gif' saved [7472/7472]

--2012-09-29 12:38:06--  http://www.nbc.com/assets/core/themes/2011/nbc/images/global-pages/slide-thumb-sprite-orange.gif
Reusing existing connection to www.nbc.com:80.
HTTP request sent, awaiting response... 200 OK
Length: 6595 (6.4K) [image/gif]
Saving to: `code/../crawls/nbc.com/Privacy-Policy/raw/www.nbc.com/assets/core/themes/2011/nbc/images/global-pages/slide-thumb-sprite-orange.gif'

     0K ......                                                100% 11.0M=0.001s

2012-09-29 12:38:06 (11.0 MB/s) - `code/../crawls/nbc.com/Privacy-Policy/raw/www.nbc.com/assets/core/themes/2011/nbc/images/global-pages/slide-thumb-sprite-orange.gif' saved [6595/6595]

--2012-09-29 12:38:06--  http://www.nbc.com/assets/core/themes/2011/nbc/images/global-pages/slide-thumb-sprite-red.gif
Reusing existing connection to www.nbc.com:80.
HTTP request sent, awaiting response... 200 OK
Length: 5230 (5.1K) [image/gif]
Saving to: `code/../crawls/nbc.com/Privacy-Policy/raw/www.nbc.com/assets/core/themes/2011/nbc/images/global-pages/slide-thumb-sprite-red.gif'

     0K .....                                                 100% 12.9M=0s

2012-09-29 12:38:06 (12.9 MB/s) - `code/../crawls/nbc.com/Privacy-Policy/raw/www.nbc.com/assets/core/themes/2011/nbc/images/global-pages/slide-thumb-sprite-red.gif' saved [5230/5230]

--2012-09-29 12:38:06--  http://www.nbc.com/assets/core/themes/2011/nbc/images/global-pages/recent-eps-header-blue-1075be.gif
Reusing existing connection to www.nbc.com:80.
HTTP request sent, awaiting response... 200 OK
Length: 4016 (3.9K) [image/gif]
Saving to: `code/../crawls/nbc.com/Privacy-Policy/raw/www.nbc.com/assets/core/themes/2011/nbc/images/global-pages/recent-eps-header-blue-1075be.gif'

     0K ...                                                   100% 21.3M=0s

2012-09-29 12:38:06 (21.3 MB/s) - `code/../crawls/nbc.com/Privacy-Policy/raw/www.nbc.com/assets/core/themes/2011/nbc/images/global-pages/recent-eps-header-blue-1075be.gif' saved [4016/4016]

--2012-09-29 12:38:06--  http://www.nbc.com/assets/core/themes/2011/nbc/images/backgrounds/top-red-d30c0c.gif
Reusing existing connection to www.nbc.com:80.
HTTP request sent, awaiting response... 200 OK
Length: 1924 (1.9K) [image/gif]
Saving to: `code/../crawls/nbc.com/Privacy-Policy/raw/www.nbc.com/assets/core/themes/2011/nbc/images/backgrounds/top-red-d30c0c.gif'

     0K .                                                     100%  267M=0s

2012-09-29 12:38:06 (267 MB/s) - `code/../crawls/nbc.com/Privacy-Policy/raw/www.nbc.com/assets/core/themes/2011/nbc/images/backgrounds/top-red-d30c0c.gif' saved [1924/1924]

--2012-09-29 12:38:06--  http://www.nbc.com/assets/core/themes/2011/nbc/images/global-pages/recent-eps-header-red-ce0e26.gif
Reusing existing connection to www.nbc.com:80.
HTTP request sent, awaiting response... 200 OK
Length: 4019 (3.9K) [image/gif]
Saving to: `code/../crawls/nbc.com/Privacy-Policy/raw/www.nbc.com/assets/core/themes/2011/nbc/images/global-pages/recent-eps-header-red-ce0e26.gif'

     0K ...                                                   100% 47.7M=0s

2012-09-29 12:38:06 (47.7 MB/s) - `code/../crawls/nbc.com/Privacy-Policy/raw/www.nbc.com/assets/core/themes/2011/nbc/images/global-pages/recent-eps-header-red-ce0e26.gif' saved [4019/4019]

--2012-09-29 12:38:06--  http://www.nbc.com/assets/core/themes/2011/nbc/images/backgrounds/top-yellow-faa913.gif
Reusing existing connection to www.nbc.com:80.
HTTP request sent, awaiting response... 200 OK
Length: 1552 (1.5K) [image/gif]
Saving to: `code/../crawls/nbc.com/Privacy-Policy/raw/www.nbc.com/assets/core/themes/2011/nbc/images/backgrounds/top-yellow-faa913.gif'

     0K .                                                     100%  218M=0s

2012-09-29 12:38:06 (218 MB/s) - `code/../crawls/nbc.com/Privacy-Policy/raw/www.nbc.com/assets/core/themes/2011/nbc/images/backgrounds/top-yellow-faa913.gif' saved [1552/1552]

--2012-09-29 12:38:06--  http://www.nbc.com/assets/core/themes/2011/nbc/images/global-pages/recent-eps-header-yellow-faa913.gif
Reusing existing connection to www.nbc.com:80.
HTTP request sent, awaiting response... 200 OK
Length: 4023 (3.9K) [image/gif]
Saving to: `code/../crawls/nbc.com/Privacy-Policy/raw/www.nbc.com/assets/core/themes/2011/nbc/images/global-pages/recent-eps-header-yellow-faa913.gif'

     0K ...                                                   100%  112K=0.04s

2012-09-29 12:38:06 (112 KB/s) - `code/../crawls/nbc.com/Privacy-Policy/raw/www.nbc.com/assets/core/themes/2011/nbc/images/global-pages/recent-eps-header-yellow-faa913.gif' saved [4023/4023]

--2012-09-29 12:38:06--  http://www.nbc.com/assets/core/themes/2011/nbc/images/backgrounds/top-green-1aa53b.gif
Reusing existing connection to www.nbc.com:80.
HTTP request sent, awaiting response... 200 OK
Length: 1533 (1.5K) [image/gif]
Saving to: `code/../crawls/nbc.com/Privacy-Policy/raw/www.nbc.com/assets/core/themes/2011/nbc/images/backgrounds/top-green-1aa53b.gif'

     0K .                                                     100%  209M=0s

2012-09-29 12:38:06 (209 MB/s) - `code/../crawls/nbc.com/Privacy-Policy/raw/www.nbc.com/assets/core/themes/2011/nbc/images/backgrounds/top-green-1aa53b.gif' saved [1533/1533]

--2012-09-29 12:38:06--  http://www.nbc.com/assets/core/themes/2011/nbc/images/global-pages/recent-eps-header-green-1aa53b.gif
Reusing existing connection to www.nbc.com:80.
HTTP request sent, awaiting response... 200 OK
Length: 3989 (3.9K) [image/gif]
Saving to: `code/../crawls/nbc.com/Privacy-Policy/raw/www.nbc.com/assets/core/themes/2011/nbc/images/global-pages/recent-eps-header-green-1aa53b.gif'

     0K ...                                                   100% 25.4M=0s

2012-09-29 12:38:06 (25.4 MB/s) - `code/../crawls/nbc.com/Privacy-Policy/raw/www.nbc.com/assets/core/themes/2011/nbc/images/global-pages/recent-eps-header-green-1aa53b.gif' saved [3989/3989]

--2012-09-29 12:38:06--  http://www.nbc.com/assets/core/themes/2011/nbc/images/backgrounds/top-orange-ee860c.gif
Reusing existing connection to www.nbc.com:80.
HTTP request sent, awaiting response... 200 OK
Length: 1590 (1.6K) [image/gif]
Saving to: `code/../crawls/nbc.com/Privacy-Policy/raw/www.nbc.com/assets/core/themes/2011/nbc/images/backgrounds/top-orange-ee860c.gif'

     0K .                                                     100%  202M=0s

2012-09-29 12:38:06 (202 MB/s) - `code/../crawls/nbc.com/Privacy-Policy/raw/www.nbc.com/assets/core/themes/2011/nbc/images/backgrounds/top-orange-ee860c.gif' saved [1590/1590]

--2012-09-29 12:38:06--  http://www.nbc.com/assets/core/themes/2011/nbc/images/global-pages/recent-eps-header-orange-ee860c.gif
Reusing existing connection to www.nbc.com:80.
HTTP request sent, awaiting response... 200 OK
Length: 4026 (3.9K) [image/gif]
Saving to: `code/../crawls/nbc.com/Privacy-Policy/raw/www.nbc.com/assets/core/themes/2011/nbc/images/global-pages/recent-eps-header-orange-ee860c.gif'

     0K ...                                                   100% 25.4M=0s

2012-09-29 12:38:06 (25.4 MB/s) - `code/../crawls/nbc.com/Privacy-Policy/raw/www.nbc.com/assets/core/themes/2011/nbc/images/global-pages/recent-eps-header-orange-ee860c.gif' saved [4026/4026]

FINISHED --2012-09-29 12:38:06--
Total wall clock time: 5.0s
Downloaded: 139 files, 1.9M in 0.3s (7.66 MB/s)
Converting code/../crawls/nbc.com/Privacy-Policy/raw/www.nbc.com/privacy-policy/index.html... 56-5
Converting code/../crawls/nbc.com/Privacy-Policy/raw/www.nbc.com/assets/core/fonts/on-air/stylesheet.css?v=3.css... 12-3
Converting code/../crawls/nbc.com/Privacy-Policy/raw/www.nbc.com/assets/modules/common/css/modules.css?v=3.css... 44-0
Converting code/../crawls/nbc.com/Privacy-Policy/raw/www.nbc.com/assets/core/themes/2012/nbc-transitional/css/global.css?v=3.css... 1-0
Converting code/../crawls/nbc.com/Privacy-Policy/raw/www.nbc.com/assets/core/themes/2012/nbc-transitional/css/global.css... 1-0
Converting code/../crawls/nbc.com/Privacy-Policy/raw/www.nbc.com/assets/core/themes/2011/nbc/css/global.css?v=3.css... 22-0
Converting code/../crawls/nbc.com/Privacy-Policy/raw/www.nbc.com/assets/core/plugins/fancybox/jquery.fancybox-1.3.4.css?time=20110917.css... 17-0
Converting code/../crawls/nbc.com/Privacy-Policy/raw/www.nbc.com/assets/core/themes/2012/nbc/css/bootstrap.min.css... 0-2
Converting code/../crawls/nbc.com/Privacy-Policy/raw/www.nbc.com/assets/core/css/layout.css... 1-0
Converting code/../crawls/nbc.com/Privacy-Policy/raw/www.nbc.com/assets/core/css/screen.css?v=3.css... 0-1
Converting code/../crawls/nbc.com/Privacy-Policy/raw/www.nbc.com/assets/modules/common/css/modules.css... 44-0
Converting code/../crawls/nbc.com/Privacy-Policy/raw/www.nbc.com/assets/core/themes/current/nbc/css/global-page.css... 17-0
Converting code/../crawls/nbc.com/Privacy-Policy/raw/www.nbc.com/assets/core/themes/2012/nbc/css/global.css... 5-0
Converting code/../crawls/nbc.com/Privacy-Policy/raw/www.nbc.com/assets/core/themes/2012/nbc-transitional/css/bootstrap.min.css?v=3.css... 0-2
Converted 14 files in 0.02 seconds.
