--2012-04-26 14:00:42--  http://www.markettools.com/company/privacy-policy
Resolving www.markettools.com... 199.27.212.174
Connecting to www.markettools.com|199.27.212.174|:80... connected.
HTTP request sent, awaiting response... 200 OK
Length: unspecified [text/html]
Saving to: `code/../crawls/zoomerang.com/Privacy-Policy/raw/www.markettools.com/company/privacy-policy.html'

     0K .......... .......... .......... .........             2.58M=0.01s

2012-04-26 14:00:42 (2.58 MB/s) - `code/../crawls/zoomerang.com/Privacy-Policy/raw/www.markettools.com/company/privacy-policy.html' saved [40592]

--2012-04-26 14:00:42--  http://www.markettools.com/sites/all/themes/markettools/favicon.ico
Reusing existing connection to www.markettools.com:80.
HTTP request sent, awaiting response... 200 OK
Length: 1150 (1.1K) [image/x-icon]
Saving to: `code/../crawls/zoomerang.com/Privacy-Policy/raw/www.markettools.com/sites/all/themes/markettools/favicon.ico'

     0K .                                                     100%  156M=0s

2012-04-26 14:00:42 (156 MB/s) - `code/../crawls/zoomerang.com/Privacy-Policy/raw/www.markettools.com/sites/all/themes/markettools/favicon.ico' saved [1150/1150]

--2012-04-26 14:00:42--  http://www.markettools.com/sites/all/modules/views/css/views.css?A
Reusing existing connection to www.markettools.com:80.
HTTP request sent, awaiting response... 200 OK
Length: 1727 (1.7K) [text/css]
Saving to: `code/../crawls/zoomerang.com/Privacy-Policy/raw/www.markettools.com/sites/all/modules/views/css/views.css?A.css'

     0K .                                                     100%  219M=0s

2012-04-26 14:00:42 (219 MB/s) - `code/../crawls/zoomerang.com/Privacy-Policy/raw/www.markettools.com/sites/all/modules/views/css/views.css?A.css' saved [1727/1727]

--2012-04-26 14:00:42--  http://www.markettools.com/sites/default/files/css/css_e70c239dceac70ba471341dc59c8600d.css
Reusing existing connection to www.markettools.com:80.
HTTP request sent, awaiting response... 200 OK
Length: 127117 (124K) [text/css]
Saving to: `code/../crawls/zoomerang.com/Privacy-Policy/raw/www.markettools.com/sites/default/files/css/css_e70c239dceac70ba471341dc59c8600d.css'

     0K .......... .......... .......... .......... .......... 40% 7.58M 0s
    50K .......... .......... .......... .......... .......... 80% 5.66M 0s
   100K .......... .......... ....                            100% 6.83M=0.02s

2012-04-26 14:00:42 (6.55 MB/s) - `code/../crawls/zoomerang.com/Privacy-Policy/raw/www.markettools.com/sites/default/files/css/css_e70c239dceac70ba471341dc59c8600d.css' saved [127117/127117]

--2012-04-26 14:00:42--  http://www.markettools.com/sites/default/files/js/js_aa1de8937b3d2c1b3f1dc581f0a027aa.js
Reusing existing connection to www.markettools.com:80.
HTTP request sent, awaiting response... 200 OK
Length: 199722 (195K) [text/x-js]
Saving to: `code/../crawls/zoomerang.com/Privacy-Policy/raw/www.markettools.com/sites/default/files/js/js_aa1de8937b3d2c1b3f1dc581f0a027aa.js'

     0K .......... .......... .......... .......... .......... 25% 6.86M 0s
    50K .......... .......... .......... .......... .......... 51% 5.79M 0s
   100K .......... .......... .......... .......... .......... 76% 6.97M 0s
   150K .......... .......... .......... .......... .....     100% 5.86M=0.03s

2012-04-26 14:00:43 (6.34 MB/s) - `code/../crawls/zoomerang.com/Privacy-Policy/raw/www.markettools.com/sites/default/files/js/js_aa1de8937b3d2c1b3f1dc581f0a027aa.js' saved [199722/199722]

--2012-04-26 14:00:43--  http://www.markettools.com/sites/all/themes/markettools/images/buttons/SearchGo.png
Reusing existing connection to www.markettools.com:80.
HTTP request sent, awaiting response... 200 OK
Length: 479 [image/png]
Saving to: `code/../crawls/zoomerang.com/Privacy-Policy/raw/www.markettools.com/sites/all/themes/markettools/images/buttons/SearchGo.png'

     0K                                                       100% 80.9M=0s

2012-04-26 14:00:43 (80.9 MB/s) - `code/../crawls/zoomerang.com/Privacy-Policy/raw/www.markettools.com/sites/all/themes/markettools/images/buttons/SearchGo.png' saved [479/479]

--2012-04-26 14:00:43--  http://www.markettools.com/sites/all/themes/markettools/logo.png
Reusing existing connection to www.markettools.com:80.
HTTP request sent, awaiting response... 200 OK
Length: 2333 (2.3K) [image/png]
Saving to: `code/../crawls/zoomerang.com/Privacy-Policy/raw/www.markettools.com/sites/all/themes/markettools/logo.png'

     0K ..                                                    100% 17.0M=0s

2012-04-26 14:00:43 (17.0 MB/s) - `code/../crawls/zoomerang.com/Privacy-Policy/raw/www.markettools.com/sites/all/themes/markettools/logo.png' saved [2333/2333]

--2012-04-26 14:00:43--  http://www.markettools.com/sites/default/files/images/TRUSTe_CTV.GIF
Reusing existing connection to www.markettools.com:80.
HTTP request sent, awaiting response... 200 OK
Length: 3395 (3.3K) [image/gif]
Saving to: `code/../crawls/zoomerang.com/Privacy-Policy/raw/www.markettools.com/sites/default/files/images/TRUSTe_CTV.GIF'

     0K ...                                                   100% 28.7M=0s

2012-04-26 14:00:43 (28.7 MB/s) - `code/../crawls/zoomerang.com/Privacy-Policy/raw/www.markettools.com/sites/default/files/images/TRUSTe_CTV.GIF' saved [3395/3395]

--2012-04-26 14:00:43--  http://www.markettools.com/sites/default/files/resources/thumbs/resource/Logo_Forrester-100px.jpg?1318973903
Reusing existing connection to www.markettools.com:80.
HTTP request sent, awaiting response... 200 OK
Length: 3112 (3.0K) [image/jpeg]
Saving to: `code/../crawls/zoomerang.com/Privacy-Policy/raw/www.markettools.com/sites/default/files/resources/thumbs/resource/Logo_Forrester-100px.jpg?1318973903'

     0K ...                                                   100% 44.0M=0s

2012-04-26 14:00:43 (44.0 MB/s) - `code/../crawls/zoomerang.com/Privacy-Policy/raw/www.markettools.com/sites/default/files/resources/thumbs/resource/Logo_Forrester-100px.jpg?1318973903' saved [3112/3112]

--2012-04-26 14:00:43--  http://www.markettools.com/sites/default/files/resources/2012_ACEAward_75x125-f.jpg
Reusing existing connection to www.markettools.com:80.
HTTP request sent, awaiting response... 200 OK
Length: 5587 (5.5K) [image/jpeg]
Saving to: `code/../crawls/zoomerang.com/Privacy-Policy/raw/www.markettools.com/sites/default/files/resources/2012_ACEAward_75x125-f.jpg'

     0K .....                                                 100% 13.6M=0s

2012-04-26 14:00:43 (13.6 MB/s) - `code/../crawls/zoomerang.com/Privacy-Policy/raw/www.markettools.com/sites/default/files/resources/2012_ACEAward_75x125-f.jpg' saved [5587/5587]

--2012-04-26 14:00:43--  http://ad.retargeter.com/seg?add=46160&t=2
Resolving ad.retargeter.com... 64.210.61.148, 64.210.61.250, 64.210.61.104, ...
Connecting to ad.retargeter.com|64.210.61.148|:80... connected.
HTTP request sent, awaiting response... 302 Found
Location: http://ib.adnxs.com/seg?add=46160&t=2 [following]
--2012-04-26 14:00:43--  http://ib.adnxs.com/seg?add=46160&t=2
Resolving ib.adnxs.com... 64.210.61.146, 64.210.61.148, 64.210.61.250, ...
Reusing existing connection to ad.retargeter.com:80.
HTTP request sent, awaiting response... 302 Found
Location: http://ib.adnxs.com/bounce?%2Fseg%3Fadd%3D46160%26t%3D2 [following]
--2012-04-26 14:00:45--  http://ib.adnxs.com/bounce?%2Fseg%3Fadd%3D46160%26t%3D2
Reusing existing connection to ad.retargeter.com:80.
HTTP request sent, awaiting response... 302 Found
Location: http://ad.yieldmanager.com/cms/v1?esig=1~17e68b1b86afcfd8436104fe567484ccc2161b0f&nwid=10000602235&sigv=1 [following]
--2012-04-26 14:00:45--  http://ad.yieldmanager.com/cms/v1?esig=1~17e68b1b86afcfd8436104fe567484ccc2161b0f&nwid=10000602235&sigv=1
Resolving ad.yieldmanager.com... 98.137.51.1, 98.137.51.254, 66.94.240.25, ...
Connecting to ad.yieldmanager.com|98.137.51.1|:80... connected.
HTTP request sent, awaiting response... 302 Found
Location: http://ib.adnxs.com/ymapuid?xid=E0 [following]
--2012-04-26 14:00:45--  http://ib.adnxs.com/ymapuid?xid=E0
Connecting to ib.adnxs.com|64.210.61.146|:80... connected.
HTTP request sent, awaiting response... 200 OK
Length: 0 [text/html]
Saving to: `code/../crawls/zoomerang.com/Privacy-Policy/raw/ad.retargeter.com/seg?add=46160&t=2.html'

     0K                                                        0.00 =0s

2012-04-26 14:00:45 (0.00 B/s) - `code/../crawls/zoomerang.com/Privacy-Policy/raw/ad.retargeter.com/seg?add=46160&t=2.html' saved [0/0]

--2012-04-26 14:00:45--  http://ad.retargeter.com/seg?add=47060&t=2
Reusing existing connection to ib.adnxs.com:80.
HTTP request sent, awaiting response... 302 Found
Location: http://ib.adnxs.com/seg?add=47060&t=2 [following]
--2012-04-26 14:00:45--  http://ib.adnxs.com/seg?add=47060&t=2
Reusing existing connection to ib.adnxs.com:80.
HTTP request sent, awaiting response... 302 Found
Location: http://view.atdmt.com/iaction/adoapn_AppNexusDemoActionTag_1 [following]
--2012-04-26 14:00:45--  http://view.atdmt.com/iaction/adoapn_AppNexusDemoActionTag_1
Resolving view.atdmt.com... 65.55.33.50
Connecting to view.atdmt.com|65.55.33.50|:80... connected.
HTTP request sent, awaiting response... 200 OK
Length: 348 [text/html]
Saving to: `code/../crawls/zoomerang.com/Privacy-Policy/raw/ad.retargeter.com/seg?add=47060&t=2.html'

     0K                                                       100% 54.3M=0s

2012-04-26 14:00:45 (54.3 MB/s) - `code/../crawls/zoomerang.com/Privacy-Policy/raw/ad.retargeter.com/seg?add=47060&t=2.html' saved [348/348]

--2012-04-26 14:00:45--  http://www.markettools.com/sites/all/themes/markettools/images/menuImages/solutionsDropLast.png
Connecting to www.markettools.com|199.27.212.174|:80... connected.
HTTP request sent, awaiting response... 200 OK
Length: 549 [image/png]
Saving to: `code/../crawls/zoomerang.com/Privacy-Policy/raw/www.markettools.com/sites/all/themes/markettools/images/menuImages/solutionsDropLast.png'

     0K                                                       100% 80.5M=0s

2012-04-26 14:00:45 (80.5 MB/s) - `code/../crawls/zoomerang.com/Privacy-Policy/raw/www.markettools.com/sites/all/themes/markettools/images/menuImages/solutionsDropLast.png' saved [549/549]

--2012-04-26 14:00:45--  http://www.markettools.com/sites/all/themes/markettools/images/bg/companyLILast.png
Reusing existing connection to www.markettools.com:80.
HTTP request sent, awaiting response... 200 OK
Length: 515 [image/png]
Saving to: `code/../crawls/zoomerang.com/Privacy-Policy/raw/www.markettools.com/sites/all/themes/markettools/images/bg/companyLILast.png'

     0K                                                       100% 85.3M=0s

2012-04-26 14:00:45 (85.3 MB/s) - `code/../crawls/zoomerang.com/Privacy-Policy/raw/www.markettools.com/sites/all/themes/markettools/images/bg/companyLILast.png' saved [515/515]

--2012-04-26 14:00:45--  http://www.markettools.com/sites/default/files/js/js_0d5b03303c4b5e3f116ed9abce772a17.js
Reusing existing connection to www.markettools.com:80.
HTTP request sent, awaiting response... 200 OK
Length: 299 [text/x-js]
Saving to: `code/../crawls/zoomerang.com/Privacy-Policy/raw/www.markettools.com/sites/default/files/js/js_0d5b03303c4b5e3f116ed9abce772a17.js'

     0K                                                       100% 52.9M=0s

2012-04-26 14:00:46 (52.9 MB/s) - `code/../crawls/zoomerang.com/Privacy-Policy/raw/www.markettools.com/sites/default/files/js/js_0d5b03303c4b5e3f116ed9abce772a17.js' saved [299/299]

--2012-04-26 14:00:46--  http://munchkin.marketo.net/munchkin.js
Resolving munchkin.marketo.net... 208.111.149.152
Connecting to munchkin.marketo.net|208.111.149.152|:80... connected.
HTTP request sent, awaiting response... 200 OK
Length: 11216 (11K) [application/javascript]
Saving to: `code/../crawls/zoomerang.com/Privacy-Policy/raw/munchkin.marketo.net/munchkin.js'

     0K ..........                                            100% 2.17M=0.005s

2012-04-26 14:00:46 (2.17 MB/s) - `code/../crawls/zoomerang.com/Privacy-Policy/raw/munchkin.marketo.net/munchkin.js' saved [11216/11216]

--2012-04-26 14:00:46--  http://www.markettools.com/sites/all/modules/views/images/status-active.gif
Connecting to www.markettools.com|199.27.212.174|:80... connected.
HTTP request sent, awaiting response... 200 OK
Length: 2196 (2.1K) [image/gif]
Saving to: `code/../crawls/zoomerang.com/Privacy-Policy/raw/www.markettools.com/sites/all/modules/views/images/status-active.gif'

     0K ..                                                    100% 33.4M=0s

2012-04-26 14:00:46 (33.4 MB/s) - `code/../crawls/zoomerang.com/Privacy-Policy/raw/www.markettools.com/sites/all/modules/views/images/status-active.gif' saved [2196/2196]

--2012-04-26 14:00:46--  http://www.markettools.com/sites/all/modules/mt_slideshow/bg-slide.png
Reusing existing connection to www.markettools.com:80.
HTTP request sent, awaiting response... 200 OK
Length: 212 [image/png]
Saving to: `code/../crawls/zoomerang.com/Privacy-Policy/raw/www.markettools.com/sites/all/modules/mt_slideshow/bg-slide.png'

     0K                                                       100% 35.4M=0s

2012-04-26 14:00:46 (35.4 MB/s) - `code/../crawls/zoomerang.com/Privacy-Policy/raw/www.markettools.com/sites/all/modules/mt_slideshow/bg-slide.png' saved [212/212]

--2012-04-26 14:00:46--  http://www.markettools.com/misc/tree.png
Reusing existing connection to www.markettools.com:80.
HTTP request sent, awaiting response... 200 OK
Length: 979 [image/png]
Saving to: `code/../crawls/zoomerang.com/Privacy-Policy/raw/www.markettools.com/misc/tree.png'

     0K                                                       100%  158M=0s

2012-04-26 14:00:46 (158 MB/s) - `code/../crawls/zoomerang.com/Privacy-Policy/raw/www.markettools.com/misc/tree.png' saved [979/979]

--2012-04-26 14:00:46--  http://www.markettools.com/misc/tree-bottom.png
Reusing existing connection to www.markettools.com:80.
HTTP request sent, awaiting response... 200 OK
Length: 976 [image/png]
Saving to: `code/../crawls/zoomerang.com/Privacy-Policy/raw/www.markettools.com/misc/tree-bottom.png'

     0K                                                       100%  171M=0s

2012-04-26 14:00:46 (171 MB/s) - `code/../crawls/zoomerang.com/Privacy-Policy/raw/www.markettools.com/misc/tree-bottom.png' saved [976/976]

--2012-04-26 14:00:46--  http://www.markettools.com/misc/throbber.gif
Reusing existing connection to www.markettools.com:80.
HTTP request sent, awaiting response... 200 OK
Length: 1336 (1.3K) [image/gif]
Saving to: `code/../crawls/zoomerang.com/Privacy-Policy/raw/www.markettools.com/misc/throbber.gif'

     0K .                                                     100% 22.4M=0s

2012-04-26 14:00:46 (22.4 MB/s) - `code/../crawls/zoomerang.com/Privacy-Policy/raw/www.markettools.com/misc/throbber.gif' saved [1336/1336]

--2012-04-26 14:00:46--  http://www.markettools.com/misc/menu-expanded.png
Reusing existing connection to www.markettools.com:80.
HTTP request sent, awaiting response... 200 OK
Length: 106 [image/png]
Saving to: `code/../crawls/zoomerang.com/Privacy-Policy/raw/www.markettools.com/misc/menu-expanded.png'

     0K                                                       100% 19.2M=0s

2012-04-26 14:00:46 (19.2 MB/s) - `code/../crawls/zoomerang.com/Privacy-Policy/raw/www.markettools.com/misc/menu-expanded.png' saved [106/106]

--2012-04-26 14:00:46--  http://www.markettools.com/misc/menu-collapsed.png
Reusing existing connection to www.markettools.com:80.
HTTP request sent, awaiting response... 200 OK
Length: 108 [image/png]
Saving to: `code/../crawls/zoomerang.com/Privacy-Policy/raw/www.markettools.com/misc/menu-collapsed.png'

     0K                                                       100% 19.1M=0s

2012-04-26 14:00:46 (19.1 MB/s) - `code/../crawls/zoomerang.com/Privacy-Policy/raw/www.markettools.com/misc/menu-collapsed.png' saved [108/108]

--2012-04-26 14:00:46--  http://www.markettools.com/misc/grippie.png
Reusing existing connection to www.markettools.com:80.
HTTP request sent, awaiting response... 200 OK
Length: 162 [image/png]
Saving to: `code/../crawls/zoomerang.com/Privacy-Policy/raw/www.markettools.com/misc/grippie.png'

     0K                                                       100% 28.2M=0s

2012-04-26 14:00:46 (28.2 MB/s) - `code/../crawls/zoomerang.com/Privacy-Policy/raw/www.markettools.com/misc/grippie.png' saved [162/162]

--2012-04-26 14:00:46--  http://www.markettools.com/misc/draggable.png
Reusing existing connection to www.markettools.com:80.
HTTP request sent, awaiting response... 200 OK
Length: 349 [image/png]
Saving to: `code/../crawls/zoomerang.com/Privacy-Policy/raw/www.markettools.com/misc/draggable.png'

     0K                                                       100% 65.6M=0s

2012-04-26 14:00:46 (65.6 MB/s) - `code/../crawls/zoomerang.com/Privacy-Policy/raw/www.markettools.com/misc/draggable.png' saved [349/349]

--2012-04-26 14:00:46--  http://www.markettools.com/misc/progress.gif
Reusing existing connection to www.markettools.com:80.
HTTP request sent, awaiting response... 200 OK
Length: 790 [image/gif]
Saving to: `code/../crawls/zoomerang.com/Privacy-Policy/raw/www.markettools.com/misc/progress.gif'

     0K                                                       100%  126M=0s

2012-04-26 14:00:46 (126 MB/s) - `code/../crawls/zoomerang.com/Privacy-Policy/raw/www.markettools.com/misc/progress.gif' saved [790/790]

--2012-04-26 14:00:46--  http://www.markettools.com/misc/menu-leaf.png
Reusing existing connection to www.markettools.com:80.
HTTP request sent, awaiting response... 200 OK
Length: 194 [image/png]
Saving to: `code/../crawls/zoomerang.com/Privacy-Policy/raw/www.markettools.com/misc/menu-leaf.png'

     0K                                                       100% 35.2M=0s

2012-04-26 14:00:46 (35.2 MB/s) - `code/../crawls/zoomerang.com/Privacy-Policy/raw/www.markettools.com/misc/menu-leaf.png' saved [194/194]

--2012-04-26 14:00:46--  http://www.markettools.com/sites/all/modules/date/date_popup/themes/images/e6e6e6_40x100_textures_02_glass_75.png
Reusing existing connection to www.markettools.com:80.
HTTP request sent, awaiting response... 200 OK
Length: 211 [image/png]
Saving to: `code/../crawls/zoomerang.com/Privacy-Policy/raw/www.markettools.com/sites/all/modules/date/date_popup/themes/images/e6e6e6_40x100_textures_02_glass_75.png'

     0K                                                       100% 34.8M=0s

2012-04-26 14:00:46 (34.8 MB/s) - `code/../crawls/zoomerang.com/Privacy-Policy/raw/www.markettools.com/sites/all/modules/date/date_popup/themes/images/e6e6e6_40x100_textures_02_glass_75.png' saved [211/211]

--2012-04-26 14:00:46--  http://www.markettools.com/sites/all/modules/date/date_popup/themes/images/dadada_40x100_textures_02_glass_75.png
Reusing existing connection to www.markettools.com:80.
HTTP request sent, awaiting response... 200 OK
Length: 214 [image/png]
Saving to: `code/../crawls/zoomerang.com/Privacy-Policy/raw/www.markettools.com/sites/all/modules/date/date_popup/themes/images/dadada_40x100_textures_02_glass_75.png'

     0K                                                       100% 32.5M=0s

2012-04-26 14:00:46 (32.5 MB/s) - `code/../crawls/zoomerang.com/Privacy-Policy/raw/www.markettools.com/sites/all/modules/date/date_popup/themes/images/dadada_40x100_textures_02_glass_75.png' saved [214/214]

--2012-04-26 14:00:46--  http://www.markettools.com/sites/all/modules/date/date_popup/themes/images/888888_7x7_arrow_left.gif
Reusing existing connection to www.markettools.com:80.
HTTP request sent, awaiting response... 200 OK
Length: 53 [image/gif]
Saving to: `code/../crawls/zoomerang.com/Privacy-Policy/raw/www.markettools.com/sites/all/modules/date/date_popup/themes/images/888888_7x7_arrow_left.gif'

     0K                                                       100% 9.48M=0s

2012-04-26 14:00:46 (9.48 MB/s) - `code/../crawls/zoomerang.com/Privacy-Policy/raw/www.markettools.com/sites/all/modules/date/date_popup/themes/images/888888_7x7_arrow_left.gif' saved [53/53]

--2012-04-26 14:00:46--  http://www.markettools.com/sites/all/modules/date/date_popup/themes/images/888888_7x7_arrow_right.gif
Reusing existing connection to www.markettools.com:80.
HTTP request sent, awaiting response... 200 OK
Length: 53 [image/gif]
Saving to: `code/../crawls/zoomerang.com/Privacy-Policy/raw/www.markettools.com/sites/all/modules/date/date_popup/themes/images/888888_7x7_arrow_right.gif'

     0K                                                       100% 9.15M=0s

2012-04-26 14:00:46 (9.15 MB/s) - `code/../crawls/zoomerang.com/Privacy-Policy/raw/www.markettools.com/sites/all/modules/date/date_popup/themes/images/888888_7x7_arrow_right.gif' saved [53/53]

--2012-04-26 14:00:46--  http://www.markettools.com/sites/all/modules/date/date_popup/themes/images/454545_7x7_arrow_left.gif
Reusing existing connection to www.markettools.com:80.
HTTP request sent, awaiting response... 200 OK
Length: 53 [image/gif]
Saving to: `code/../crawls/zoomerang.com/Privacy-Policy/raw/www.markettools.com/sites/all/modules/date/date_popup/themes/images/454545_7x7_arrow_left.gif'

     0K                                                       100% 9.24M=0s

2012-04-26 14:00:46 (9.24 MB/s) - `code/../crawls/zoomerang.com/Privacy-Policy/raw/www.markettools.com/sites/all/modules/date/date_popup/themes/images/454545_7x7_arrow_left.gif' saved [53/53]

--2012-04-26 14:00:46--  http://www.markettools.com/sites/all/modules/date/date_popup/themes/images/454545_7x7_arrow_right.gif
Reusing existing connection to www.markettools.com:80.
HTTP request sent, awaiting response... 200 OK
Length: 53 [image/gif]
Saving to: `code/../crawls/zoomerang.com/Privacy-Policy/raw/www.markettools.com/sites/all/modules/date/date_popup/themes/images/454545_7x7_arrow_right.gif'

     0K                                                       100% 7.73M=0s

2012-04-26 14:00:46 (7.73 MB/s) - `code/../crawls/zoomerang.com/Privacy-Policy/raw/www.markettools.com/sites/all/modules/date/date_popup/themes/images/454545_7x7_arrow_right.gif' saved [53/53]

--2012-04-26 14:00:46--  http://www.markettools.com/sites/all/modules/date/date_popup/themes/images/222222_7x7_arrow_left.gif
Reusing existing connection to www.markettools.com:80.
HTTP request sent, awaiting response... 200 OK
Length: 53 [image/gif]
Saving to: `code/../crawls/zoomerang.com/Privacy-Policy/raw/www.markettools.com/sites/all/modules/date/date_popup/themes/images/222222_7x7_arrow_left.gif'

     0K                                                       100% 7.76M=0s

2012-04-26 14:00:46 (7.76 MB/s) - `code/../crawls/zoomerang.com/Privacy-Policy/raw/www.markettools.com/sites/all/modules/date/date_popup/themes/images/222222_7x7_arrow_left.gif' saved [53/53]

--2012-04-26 14:00:46--  http://www.markettools.com/sites/all/modules/date/date_popup/themes/images/222222_7x7_arrow_right.gif
Reusing existing connection to www.markettools.com:80.
HTTP request sent, awaiting response... 200 OK
Length: 53 [image/gif]
Saving to: `code/../crawls/zoomerang.com/Privacy-Policy/raw/www.markettools.com/sites/all/modules/date/date_popup/themes/images/222222_7x7_arrow_right.gif'

     0K                                                       100% 8.17M=0s

2012-04-26 14:00:46 (8.17 MB/s) - `code/../crawls/zoomerang.com/Privacy-Policy/raw/www.markettools.com/sites/all/modules/date/date_popup/themes/images/222222_7x7_arrow_right.gif' saved [53/53]

--2012-04-26 14:00:46--  http://www.markettools.com/sites/all/modules/date/date_popup/themes/images/ffffff_40x100_textures_02_glass_65.png
Reusing existing connection to www.markettools.com:80.
HTTP request sent, awaiting response... 200 OK
Length: 207 [image/png]
Saving to: `code/../crawls/zoomerang.com/Privacy-Policy/raw/www.markettools.com/sites/all/modules/date/date_popup/themes/images/ffffff_40x100_textures_02_glass_65.png'

     0K                                                       100% 31.5M=0s

2012-04-26 14:00:46 (31.5 MB/s) - `code/../crawls/zoomerang.com/Privacy-Policy/raw/www.markettools.com/sites/all/modules/date/date_popup/themes/images/ffffff_40x100_textures_02_glass_65.png' saved [207/207]

--2012-04-26 14:00:46--  http://www.markettools.com/sites/all/modules/nice_menus/arrow-right.png
Reusing existing connection to www.markettools.com:80.
HTTP request sent, awaiting response... 200 OK
Length: 258 [image/png]
Saving to: `code/../crawls/zoomerang.com/Privacy-Policy/raw/www.markettools.com/sites/all/modules/nice_menus/arrow-right.png'

     0K                                                       100% 40.0M=0s

2012-04-26 14:00:46 (40.0 MB/s) - `code/../crawls/zoomerang.com/Privacy-Policy/raw/www.markettools.com/sites/all/modules/nice_menus/arrow-right.png' saved [258/258]

--2012-04-26 14:00:46--  http://www.markettools.com/sites/all/modules/nice_menus/arrow-left.png
Reusing existing connection to www.markettools.com:80.
HTTP request sent, awaiting response... 200 OK
Length: 263 [image/png]
Saving to: `code/../crawls/zoomerang.com/Privacy-Policy/raw/www.markettools.com/sites/all/modules/nice_menus/arrow-left.png'

     0K                                                       100% 46.0M=0s

2012-04-26 14:00:46 (46.0 MB/s) - `code/../crawls/zoomerang.com/Privacy-Policy/raw/www.markettools.com/sites/all/modules/nice_menus/arrow-left.png' saved [263/263]

--2012-04-26 14:00:46--  http://www.markettools.com/sites/all/modules/nice_menus/arrow-down.png
Reusing existing connection to www.markettools.com:80.
HTTP request sent, awaiting response... 200 OK
Length: 285 [image/png]
Saving to: `code/../crawls/zoomerang.com/Privacy-Policy/raw/www.markettools.com/sites/all/modules/nice_menus/arrow-down.png'

     0K                                                       100% 51.4M=0s

2012-04-26 14:00:46 (51.4 MB/s) - `code/../crawls/zoomerang.com/Privacy-Policy/raw/www.markettools.com/sites/all/modules/nice_menus/arrow-down.png' saved [285/285]

--2012-04-26 14:00:46--  http://www.markettools.com/misc/farbtastic/wheel.png
Reusing existing connection to www.markettools.com:80.
HTTP request sent, awaiting response... 200 OK
Length: 11733 (11K) [image/png]
Saving to: `code/../crawls/zoomerang.com/Privacy-Policy/raw/www.markettools.com/misc/farbtastic/wheel.png'

     0K .......... .                                          100% 11.0M=0.001s

2012-04-26 14:00:46 (11.0 MB/s) - `code/../crawls/zoomerang.com/Privacy-Policy/raw/www.markettools.com/misc/farbtastic/wheel.png' saved [11733/11733]

--2012-04-26 14:00:46--  http://www.markettools.com/misc/farbtastic/mask.png
Reusing existing connection to www.markettools.com:80.
HTTP request sent, awaiting response... 200 OK
Length: 2020 (2.0K) [image/png]
Saving to: `code/../crawls/zoomerang.com/Privacy-Policy/raw/www.markettools.com/misc/farbtastic/mask.png'

     0K .                                                     100% 16.3M=0s

2012-04-26 14:00:46 (16.3 MB/s) - `code/../crawls/zoomerang.com/Privacy-Policy/raw/www.markettools.com/misc/farbtastic/mask.png' saved [2020/2020]

--2012-04-26 14:00:46--  http://www.markettools.com/misc/farbtastic/marker.png
Reusing existing connection to www.markettools.com:80.
HTTP request sent, awaiting response... 200 OK
Length: 652 [image/png]
Saving to: `code/../crawls/zoomerang.com/Privacy-Policy/raw/www.markettools.com/misc/farbtastic/marker.png'

     0K                                                       100%  110M=0s

2012-04-26 14:00:46 (110 MB/s) - `code/../crawls/zoomerang.com/Privacy-Policy/raw/www.markettools.com/misc/farbtastic/marker.png' saved [652/652]

--2012-04-26 14:00:46--  http://www.markettools.com/sites/all/themes/markettools/images/bg/triangleLarge.png
Reusing existing connection to www.markettools.com:80.
HTTP request sent, awaiting response... 200 OK
Length: 136 [image/png]
Saving to: `code/../crawls/zoomerang.com/Privacy-Policy/raw/www.markettools.com/sites/all/themes/markettools/images/bg/triangleLarge.png'

     0K                                                       100% 25.1M=0s

2012-04-26 14:00:46 (25.1 MB/s) - `code/../crawls/zoomerang.com/Privacy-Policy/raw/www.markettools.com/sites/all/themes/markettools/images/bg/triangleLarge.png' saved [136/136]

--2012-04-26 14:00:46--  http://www.markettools.com/sites/all/themes/markettools/images/buttons/btnOrange.png
Reusing existing connection to www.markettools.com:80.
HTTP request sent, awaiting response... 200 OK
Length: 4031 (3.9K) [image/png]
Saving to: `code/../crawls/zoomerang.com/Privacy-Policy/raw/www.markettools.com/sites/all/themes/markettools/images/buttons/btnOrange.png'

     0K ...                                                   100% 31.6M=0s

2012-04-26 14:00:46 (31.6 MB/s) - `code/../crawls/zoomerang.com/Privacy-Policy/raw/www.markettools.com/sites/all/themes/markettools/images/buttons/btnOrange.png' saved [4031/4031]

--2012-04-26 14:00:46--  http://www.markettools.com/sites/all/themes/markettools/images/icons/listArrow.png
Reusing existing connection to www.markettools.com:80.
HTTP request sent, awaiting response... 200 OK
Length: 153 [image/png]
Saving to: `code/../crawls/zoomerang.com/Privacy-Policy/raw/www.markettools.com/sites/all/themes/markettools/images/icons/listArrow.png'

     0K                                                       100% 26.9M=0s

2012-04-26 14:00:46 (26.9 MB/s) - `code/../crawls/zoomerang.com/Privacy-Policy/raw/www.markettools.com/sites/all/themes/markettools/images/icons/listArrow.png' saved [153/153]

--2012-04-26 14:00:46--  http://www.markettools.com/sites/all/themes/markettools/images/bg/screen.png
Reusing existing connection to www.markettools.com:80.
HTTP request sent, awaiting response... 200 OK
Length: 242 [image/png]
Saving to: `code/../crawls/zoomerang.com/Privacy-Policy/raw/www.markettools.com/sites/all/themes/markettools/images/bg/screen.png'

     0K                                                       100% 45.0M=0s

2012-04-26 14:00:46 (45.0 MB/s) - `code/../crawls/zoomerang.com/Privacy-Policy/raw/www.markettools.com/sites/all/themes/markettools/images/bg/screen.png' saved [242/242]

--2012-04-26 14:00:46--  http://www.markettools.com/sites/all/themes/markettools/images/bg/bodyTop.png
Reusing existing connection to www.markettools.com:80.
HTTP request sent, awaiting response... 200 OK
Length: 1787 (1.7K) [image/png]
Saving to: `code/../crawls/zoomerang.com/Privacy-Policy/raw/www.markettools.com/sites/all/themes/markettools/images/bg/bodyTop.png'

     0K .                                                     100% 18.8M=0s

2012-04-26 14:00:46 (18.8 MB/s) - `code/../crawls/zoomerang.com/Privacy-Policy/raw/www.markettools.com/sites/all/themes/markettools/images/bg/bodyTop.png' saved [1787/1787]

--2012-04-26 14:00:46--  http://www.markettools.com/sites/all/themes/markettools/images/bg/body.png
Reusing existing connection to www.markettools.com:80.
HTTP request sent, awaiting response... 200 OK
Length: 142 [image/png]
Saving to: `code/../crawls/zoomerang.com/Privacy-Policy/raw/www.markettools.com/sites/all/themes/markettools/images/bg/body.png'

     0K                                                       100% 25.9M=0s

2012-04-26 14:00:46 (25.9 MB/s) - `code/../crawls/zoomerang.com/Privacy-Policy/raw/www.markettools.com/sites/all/themes/markettools/images/bg/body.png' saved [142/142]

--2012-04-26 14:00:46--  http://www.markettools.com/sites/all/themes/markettools/images/bg/bodyBottom.png
Reusing existing connection to www.markettools.com:80.
HTTP request sent, awaiting response... 200 OK
Length: 312 [image/png]
Saving to: `code/../crawls/zoomerang.com/Privacy-Policy/raw/www.markettools.com/sites/all/themes/markettools/images/bg/bodyBottom.png'

     0K                                                       100% 56.3M=0s

2012-04-26 14:00:46 (56.3 MB/s) - `code/../crawls/zoomerang.com/Privacy-Policy/raw/www.markettools.com/sites/all/themes/markettools/images/bg/bodyBottom.png' saved [312/312]

--2012-04-26 14:00:46--  http://www.markettools.com/sites/all/themes/markettools/images/bg/searchText.png
Reusing existing connection to www.markettools.com:80.
HTTP request sent, awaiting response... 200 OK
Length: 185 [image/png]
Saving to: `code/../crawls/zoomerang.com/Privacy-Policy/raw/www.markettools.com/sites/all/themes/markettools/images/bg/searchText.png'

     0K                                                       100% 33.5M=0s

2012-04-26 14:00:46 (33.5 MB/s) - `code/../crawls/zoomerang.com/Privacy-Policy/raw/www.markettools.com/sites/all/themes/markettools/images/bg/searchText.png' saved [185/185]

--2012-04-26 14:00:46--  http://www.markettools.com/sites/all/themes/markettools/images/misc/searchBoxBg.png
Reusing existing connection to www.markettools.com:80.
HTTP request sent, awaiting response... 200 OK
Length: 612 [image/png]
Saving to: `code/../crawls/zoomerang.com/Privacy-Policy/raw/www.markettools.com/sites/all/themes/markettools/images/misc/searchBoxBg.png'

     0K                                                       100%  102M=0s

2012-04-26 14:00:46 (102 MB/s) - `code/../crawls/zoomerang.com/Privacy-Policy/raw/www.markettools.com/sites/all/themes/markettools/images/misc/searchBoxBg.png' saved [612/612]

--2012-04-26 14:00:46--  http://www.markettools.com/sites/all/themes/markettools/images/icons/print.png
Reusing existing connection to www.markettools.com:80.
HTTP request sent, awaiting response... 200 OK
Length: 451 [image/png]
Saving to: `code/../crawls/zoomerang.com/Privacy-Policy/raw/www.markettools.com/sites/all/themes/markettools/images/icons/print.png'

     0K                                                       100% 84.3M=0s

2012-04-26 14:00:46 (84.3 MB/s) - `code/../crawls/zoomerang.com/Privacy-Policy/raw/www.markettools.com/sites/all/themes/markettools/images/icons/print.png' saved [451/451]

--2012-04-26 14:00:46--  http://www.markettools.com/sites/all/themes/markettools/images/icons/share.png
Reusing existing connection to www.markettools.com:80.
HTTP request sent, awaiting response... 200 OK
Length: 432 [image/png]
Saving to: `code/../crawls/zoomerang.com/Privacy-Policy/raw/www.markettools.com/sites/all/themes/markettools/images/icons/share.png'

     0K                                                       100% 80.6M=0s

2012-04-26 14:00:46 (80.6 MB/s) - `code/../crawls/zoomerang.com/Privacy-Policy/raw/www.markettools.com/sites/all/themes/markettools/images/icons/share.png' saved [432/432]

--2012-04-26 14:00:46--  http://www.markettools.com/sites/all/themes/markettools/images/bg/threeModulesMiddle.png
Reusing existing connection to www.markettools.com:80.
HTTP request sent, awaiting response... 200 OK
Length: 166 [image/png]
Saving to: `code/../crawls/zoomerang.com/Privacy-Policy/raw/www.markettools.com/sites/all/themes/markettools/images/bg/threeModulesMiddle.png'

     0K                                                       100% 30.3M=0s

2012-04-26 14:00:46 (30.3 MB/s) - `code/../crawls/zoomerang.com/Privacy-Policy/raw/www.markettools.com/sites/all/themes/markettools/images/bg/threeModulesMiddle.png' saved [166/166]

--2012-04-26 14:00:46--  http://www.markettools.com/sites/all/themes/markettools/images/bg/threeModulesTop.png
Reusing existing connection to www.markettools.com:80.
HTTP request sent, awaiting response... 200 OK
Length: 716 [image/png]
Saving to: `code/../crawls/zoomerang.com/Privacy-Policy/raw/www.markettools.com/sites/all/themes/markettools/images/bg/threeModulesTop.png'

     0K                                                       100%  126M=0s

2012-04-26 14:00:46 (126 MB/s) - `code/../crawls/zoomerang.com/Privacy-Policy/raw/www.markettools.com/sites/all/themes/markettools/images/bg/threeModulesTop.png' saved [716/716]

--2012-04-26 14:00:46--  http://www.markettools.com/sites/all/themes/markettools/images/bg/threeModulesTopHigh.png
Reusing existing connection to www.markettools.com:80.
HTTP request sent, awaiting response... 200 OK
Length: 755 [image/png]
Saving to: `code/../crawls/zoomerang.com/Privacy-Policy/raw/www.markettools.com/sites/all/themes/markettools/images/bg/threeModulesTopHigh.png'

     0K                                                       100%  135M=0s

2012-04-26 14:00:46 (135 MB/s) - `code/../crawls/zoomerang.com/Privacy-Policy/raw/www.markettools.com/sites/all/themes/markettools/images/bg/threeModulesTopHigh.png' saved [755/755]

--2012-04-26 14:00:46--  http://www.markettools.com/sites/all/themes/markettools/images/bg/threeModulesBottom.png
Reusing existing connection to www.markettools.com:80.
HTTP request sent, awaiting response... 200 OK
Length: 787 [image/png]
Saving to: `code/../crawls/zoomerang.com/Privacy-Policy/raw/www.markettools.com/sites/all/themes/markettools/images/bg/threeModulesBottom.png'

     0K                                                       100%  141M=0s

2012-04-26 14:00:46 (141 MB/s) - `code/../crawls/zoomerang.com/Privacy-Policy/raw/www.markettools.com/sites/all/themes/markettools/images/bg/threeModulesBottom.png' saved [787/787]

--2012-04-26 14:00:46--  http://www.markettools.com/sites/all/themes/markettools/images/bg/twoModulesMiddle.png
Reusing existing connection to www.markettools.com:80.
HTTP request sent, awaiting response... 200 OK
Length: 162 [image/png]
Saving to: `code/../crawls/zoomerang.com/Privacy-Policy/raw/www.markettools.com/sites/all/themes/markettools/images/bg/twoModulesMiddle.png'

     0K                                                       100% 30.8M=0s

2012-04-26 14:00:46 (30.8 MB/s) - `code/../crawls/zoomerang.com/Privacy-Policy/raw/www.markettools.com/sites/all/themes/markettools/images/bg/twoModulesMiddle.png' saved [162/162]

--2012-04-26 14:00:46--  http://www.markettools.com/sites/all/themes/markettools/images/bg/twoModulesTop.png
Reusing existing connection to www.markettools.com:80.
HTTP request sent, awaiting response... 200 OK
Length: 711 [image/png]
Saving to: `code/../crawls/zoomerang.com/Privacy-Policy/raw/www.markettools.com/sites/all/themes/markettools/images/bg/twoModulesTop.png'

     0K                                                       100%  127M=0s

2012-04-26 14:00:46 (127 MB/s) - `code/../crawls/zoomerang.com/Privacy-Policy/raw/www.markettools.com/sites/all/themes/markettools/images/bg/twoModulesTop.png' saved [711/711]

--2012-04-26 14:00:46--  http://www.markettools.com/sites/all/themes/markettools/images/bg/twoModulesBottom.png
Reusing existing connection to www.markettools.com:80.
HTTP request sent, awaiting response... 200 OK
Length: 943 [image/png]
Saving to: `code/../crawls/zoomerang.com/Privacy-Policy/raw/www.markettools.com/sites/all/themes/markettools/images/bg/twoModulesBottom.png'

     0K                                                       100%  170M=0s

2012-04-26 14:00:46 (170 MB/s) - `code/../crawls/zoomerang.com/Privacy-Policy/raw/www.markettools.com/sites/all/themes/markettools/images/bg/twoModulesBottom.png' saved [943/943]

--2012-04-26 14:00:46--  http://www.markettools.com/sites/all/themes/markettools/images/bg/midDivider.png
Reusing existing connection to www.markettools.com:80.
HTTP request sent, awaiting response... 200 OK
Length: 139 [image/png]
Saving to: `code/../crawls/zoomerang.com/Privacy-Policy/raw/www.markettools.com/sites/all/themes/markettools/images/bg/midDivider.png'

     0K                                                       100% 26.8M=0s

2012-04-26 14:00:46 (26.8 MB/s) - `code/../crawls/zoomerang.com/Privacy-Policy/raw/www.markettools.com/sites/all/themes/markettools/images/bg/midDivider.png' saved [139/139]

--2012-04-26 14:00:46--  http://www.markettools.com/sites/all/themes/markettools/images/bg/midDividerRight.png
Reusing existing connection to www.markettools.com:80.
HTTP request sent, awaiting response... 200 OK
Length: 138 [image/png]
Saving to: `code/../crawls/zoomerang.com/Privacy-Policy/raw/www.markettools.com/sites/all/themes/markettools/images/bg/midDividerRight.png'

     0K                                                       100% 26.2M=0s

2012-04-26 14:00:46 (26.2 MB/s) - `code/../crawls/zoomerang.com/Privacy-Policy/raw/www.markettools.com/sites/all/themes/markettools/images/bg/midDividerRight.png' saved [138/138]

--2012-04-26 14:00:46--  http://www.markettools.com/sites/all/themes/markettools/images/bg/productsBottomBannerBgTop.png
Reusing existing connection to www.markettools.com:80.
HTTP request sent, awaiting response... 200 OK
Length: 473 [image/png]
Saving to: `code/../crawls/zoomerang.com/Privacy-Policy/raw/www.markettools.com/sites/all/themes/markettools/images/bg/productsBottomBannerBgTop.png'

     0K                                                       100% 88.0M=0s

2012-04-26 14:00:46 (88.0 MB/s) - `code/../crawls/zoomerang.com/Privacy-Policy/raw/www.markettools.com/sites/all/themes/markettools/images/bg/productsBottomBannerBgTop.png' saved [473/473]

--2012-04-26 14:00:46--  http://www.markettools.com/sites/all/themes/markettools/images/bg/productsBottomBannerBg.png
Reusing existing connection to www.markettools.com:80.
HTTP request sent, awaiting response... 200 OK
Length: 139 [image/png]
Saving to: `code/../crawls/zoomerang.com/Privacy-Policy/raw/www.markettools.com/sites/all/themes/markettools/images/bg/productsBottomBannerBg.png'

     0K                                                       100% 26.4M=0s

2012-04-26 14:00:46 (26.4 MB/s) - `code/../crawls/zoomerang.com/Privacy-Policy/raw/www.markettools.com/sites/all/themes/markettools/images/bg/productsBottomBannerBg.png' saved [139/139]

--2012-04-26 14:00:46--  http://www.markettools.com/sites/all/themes/markettools/images/bg/superFooter.png
Reusing existing connection to www.markettools.com:80.
HTTP request sent, awaiting response... 200 OK
Length: 1583 (1.5K) [image/png]
Saving to: `code/../crawls/zoomerang.com/Privacy-Policy/raw/www.markettools.com/sites/all/themes/markettools/images/bg/superFooter.png'

     0K .                                                     100% 25.3M=0s

2012-04-26 14:00:46 (25.3 MB/s) - `code/../crawls/zoomerang.com/Privacy-Policy/raw/www.markettools.com/sites/all/themes/markettools/images/bg/superFooter.png' saved [1583/1583]

--2012-04-26 14:00:46--  http://www.markettools.com/sites/all/themes/markettools/images/misc/triangleTopMenu.png
Reusing existing connection to www.markettools.com:80.
HTTP request sent, awaiting response... 200 OK
Length: 135 [image/png]
Saving to: `code/../crawls/zoomerang.com/Privacy-Policy/raw/www.markettools.com/sites/all/themes/markettools/images/misc/triangleTopMenu.png'

     0K                                                       100% 24.1M=0s

2012-04-26 14:00:46 (24.1 MB/s) - `code/../crawls/zoomerang.com/Privacy-Policy/raw/www.markettools.com/sites/all/themes/markettools/images/misc/triangleTopMenu.png' saved [135/135]

--2012-04-26 14:00:46--  http://www.markettools.com/sites/all/themes/markettools/images/icons/phone.png
Reusing existing connection to www.markettools.com:80.
HTTP request sent, awaiting response... 200 OK
Length: 255 [image/png]
Saving to: `code/../crawls/zoomerang.com/Privacy-Policy/raw/www.markettools.com/sites/all/themes/markettools/images/icons/phone.png'

     0K                                                       100% 40.9M=0s

2012-04-26 14:00:46 (40.9 MB/s) - `code/../crawls/zoomerang.com/Privacy-Policy/raw/www.markettools.com/sites/all/themes/markettools/images/icons/phone.png' saved [255/255]

--2012-04-26 14:00:46--  http://www.markettools.com/sites/all/themes/markettools/images/bg/loginMenuItemBg.png
Reusing existing connection to www.markettools.com:80.
HTTP request sent, awaiting response... 200 OK
Length: 544 [image/png]
Saving to: `code/../crawls/zoomerang.com/Privacy-Policy/raw/www.markettools.com/sites/all/themes/markettools/images/bg/loginMenuItemBg.png'

     0K                                                       100% 93.2M=0s

2012-04-26 14:00:46 (93.2 MB/s) - `code/../crawls/zoomerang.com/Privacy-Policy/raw/www.markettools.com/sites/all/themes/markettools/images/bg/loginMenuItemBg.png' saved [544/544]

--2012-04-26 14:00:46--  http://www.markettools.com/sites/all/themes/markettools/images/bg/companyLI.png
Reusing existing connection to www.markettools.com:80.
HTTP request sent, awaiting response... 200 OK
Length: 346 [image/png]
Saving to: `code/../crawls/zoomerang.com/Privacy-Policy/raw/www.markettools.com/sites/all/themes/markettools/images/bg/companyLI.png'

     0K                                                       100% 63.8M=0s

2012-04-26 14:00:46 (63.8 MB/s) - `code/../crawls/zoomerang.com/Privacy-Policy/raw/www.markettools.com/sites/all/themes/markettools/images/bg/companyLI.png' saved [346/346]

--2012-04-26 14:00:46--  http://www.markettools.com/sites/all/themes/markettools/images/bg/companyMenuItemBg.png
Reusing existing connection to www.markettools.com:80.
HTTP request sent, awaiting response... 200 OK
Length: 501 [image/png]
Saving to: `code/../crawls/zoomerang.com/Privacy-Policy/raw/www.markettools.com/sites/all/themes/markettools/images/bg/companyMenuItemBg.png'

     0K                                                       100% 89.5M=0s

2012-04-26 14:00:46 (89.5 MB/s) - `code/../crawls/zoomerang.com/Privacy-Policy/raw/www.markettools.com/sites/all/themes/markettools/images/bg/companyMenuItemBg.png' saved [501/501]

--2012-04-26 14:00:46--  http://www.markettools.com/sites/all/themes/markettools/images/menuImages/mainSolutionsOn.png
Reusing existing connection to www.markettools.com:80.
HTTP request sent, awaiting response... 200 OK
Length: 682 [image/png]
Saving to: `code/../crawls/zoomerang.com/Privacy-Policy/raw/www.markettools.com/sites/all/themes/markettools/images/menuImages/mainSolutionsOn.png'

     0K                                                       100%  122M=0s

2012-04-26 14:00:46 (122 MB/s) - `code/../crawls/zoomerang.com/Privacy-Policy/raw/www.markettools.com/sites/all/themes/markettools/images/menuImages/mainSolutionsOn.png' saved [682/682]

--2012-04-26 14:00:46--  http://www.markettools.com/sites/all/themes/markettools/images/menuImages/solutionsDropFirst.png
Reusing existing connection to www.markettools.com:80.
HTTP request sent, awaiting response... 200 OK
Length: 434 [image/png]
Saving to: `code/../crawls/zoomerang.com/Privacy-Policy/raw/www.markettools.com/sites/all/themes/markettools/images/menuImages/solutionsDropFirst.png'

     0K                                                       100% 77.1M=0s

2012-04-26 14:00:46 (77.1 MB/s) - `code/../crawls/zoomerang.com/Privacy-Policy/raw/www.markettools.com/sites/all/themes/markettools/images/menuImages/solutionsDropFirst.png' saved [434/434]

--2012-04-26 14:00:46--  http://www.markettools.com/sites/all/themes/markettools/images/menuImages/productsDropFirst.png
Reusing existing connection to www.markettools.com:80.
HTTP request sent, awaiting response... 200 OK
Length: 454 [image/png]
Saving to: `code/../crawls/zoomerang.com/Privacy-Policy/raw/www.markettools.com/sites/all/themes/markettools/images/menuImages/productsDropFirst.png'

     0K                                                       100% 82.1M=0s

2012-04-26 14:00:46 (82.1 MB/s) - `code/../crawls/zoomerang.com/Privacy-Policy/raw/www.markettools.com/sites/all/themes/markettools/images/menuImages/productsDropFirst.png' saved [454/454]

--2012-04-26 14:00:46--  http://www.markettools.com/sites/all/themes/markettools/images/menuImages/marketresearchDropFirst.png
Reusing existing connection to www.markettools.com:80.
HTTP request sent, awaiting response... 200 OK
Length: 420 [image/png]
Saving to: `code/../crawls/zoomerang.com/Privacy-Policy/raw/www.markettools.com/sites/all/themes/markettools/images/menuImages/marketresearchDropFirst.png'

     0K                                                       100% 75.4M=0s

2012-04-26 14:00:46 (75.4 MB/s) - `code/../crawls/zoomerang.com/Privacy-Policy/raw/www.markettools.com/sites/all/themes/markettools/images/menuImages/marketresearchDropFirst.png' saved [420/420]

--2012-04-26 14:00:46--  http://www.markettools.com/sites/all/themes/markettools/images/menuImages/solutionsDrop.png
Reusing existing connection to www.markettools.com:80.
HTTP request sent, awaiting response... 200 OK
Length: 316 [image/png]
Saving to: `code/../crawls/zoomerang.com/Privacy-Policy/raw/www.markettools.com/sites/all/themes/markettools/images/menuImages/solutionsDrop.png'

     0K                                                       100% 57.7M=0s

2012-04-26 14:00:46 (57.7 MB/s) - `code/../crawls/zoomerang.com/Privacy-Policy/raw/www.markettools.com/sites/all/themes/markettools/images/menuImages/solutionsDrop.png' saved [316/316]

--2012-04-26 14:00:46--  http://www.markettools.com/sites/all/themes/markettools/images/menuImages/mainProductsOn.png
Reusing existing connection to www.markettools.com:80.
HTTP request sent, awaiting response... 200 OK
Length: 888 [image/png]
Saving to: `code/../crawls/zoomerang.com/Privacy-Policy/raw/www.markettools.com/sites/all/themes/markettools/images/menuImages/mainProductsOn.png'

     0K                                                       100%  157M=0s

2012-04-26 14:00:46 (157 MB/s) - `code/../crawls/zoomerang.com/Privacy-Policy/raw/www.markettools.com/sites/all/themes/markettools/images/menuImages/mainProductsOn.png' saved [888/888]

--2012-04-26 14:00:46--  http://www.markettools.com/sites/all/themes/markettools/images/menuImages/mainMarketResearchOn.png
Reusing existing connection to www.markettools.com:80.
HTTP request sent, awaiting response... 200 OK
Length: 742 [image/png]
Saving to: `code/../crawls/zoomerang.com/Privacy-Policy/raw/www.markettools.com/sites/all/themes/markettools/images/menuImages/mainMarketResearchOn.png'

     0K                                                       100%  133M=0s

2012-04-26 14:00:46 (133 MB/s) - `code/../crawls/zoomerang.com/Privacy-Policy/raw/www.markettools.com/sites/all/themes/markettools/images/menuImages/mainMarketResearchOn.png' saved [742/742]

--2012-04-26 14:00:46--  http://www.markettools.com/sites/all/themes/markettools/images/menuImages/mainKnowledgeCenterOn.png
Reusing existing connection to www.markettools.com:80.
HTTP request sent, awaiting response... 200 OK
Length: 217 [image/png]
Saving to: `code/../crawls/zoomerang.com/Privacy-Policy/raw/www.markettools.com/sites/all/themes/markettools/images/menuImages/mainKnowledgeCenterOn.png'

     0K                                                       100% 40.7M=0s

2012-04-26 14:00:46 (40.7 MB/s) - `code/../crawls/zoomerang.com/Privacy-Policy/raw/www.markettools.com/sites/all/themes/markettools/images/menuImages/mainKnowledgeCenterOn.png' saved [217/217]

--2012-04-26 14:00:46--  http://www.markettools.com/sites/all/themes/markettools/images/bg/tabsWrapBg.png
Reusing existing connection to www.markettools.com:80.
HTTP request sent, awaiting response... 200 OK
Length: 115 [image/png]
Saving to: `code/../crawls/zoomerang.com/Privacy-Policy/raw/www.markettools.com/sites/all/themes/markettools/images/bg/tabsWrapBg.png'

     0K                                                       100% 21.4M=0s

2012-04-26 14:00:46 (21.4 MB/s) - `code/../crawls/zoomerang.com/Privacy-Policy/raw/www.markettools.com/sites/all/themes/markettools/images/bg/tabsWrapBg.png' saved [115/115]

--2012-04-26 14:00:46--  http://www.markettools.com/sites/all/themes/markettools/images/bg/tab.png
Reusing existing connection to www.markettools.com:80.
HTTP request sent, awaiting response... 200 OK
Length: 381 [image/png]
Saving to: `code/../crawls/zoomerang.com/Privacy-Policy/raw/www.markettools.com/sites/all/themes/markettools/images/bg/tab.png'

     0K                                                       100% 69.0M=0s

2012-04-26 14:00:46 (69.0 MB/s) - `code/../crawls/zoomerang.com/Privacy-Policy/raw/www.markettools.com/sites/all/themes/markettools/images/bg/tab.png' saved [381/381]

--2012-04-26 14:00:46--  http://www.markettools.com/sites/all/themes/markettools/images/bg/featuredMainPromo.gif
Reusing existing connection to www.markettools.com:80.
HTTP request sent, awaiting response... 200 OK
Length: 5678 (5.5K) [image/gif]
Saving to: `code/../crawls/zoomerang.com/Privacy-Policy/raw/www.markettools.com/sites/all/themes/markettools/images/bg/featuredMainPromo.gif'

     0K .....                                                 100% 13.4M=0s

2012-04-26 14:00:46 (13.4 MB/s) - `code/../crawls/zoomerang.com/Privacy-Policy/raw/www.markettools.com/sites/all/themes/markettools/images/bg/featuredMainPromo.gif' saved [5678/5678]

--2012-04-26 14:00:46--  http://www.markettools.com/sites/all/themes/markettools/images/buttons/btnBlue.png
Reusing existing connection to www.markettools.com:80.
HTTP request sent, awaiting response... 200 OK
Length: 4179 (4.1K) [image/png]
Saving to: `code/../crawls/zoomerang.com/Privacy-Policy/raw/www.markettools.com/sites/all/themes/markettools/images/buttons/btnBlue.png'

     0K ....                                                  100% 18.8M=0s

2012-04-26 14:00:46 (18.8 MB/s) - `code/../crawls/zoomerang.com/Privacy-Policy/raw/www.markettools.com/sites/all/themes/markettools/images/buttons/btnBlue.png' saved [4179/4179]

--2012-04-26 14:00:46--  http://www.markettools.com/sites/all/themes/markettools/images/bg/blockGenericBg.png
Reusing existing connection to www.markettools.com:80.
HTTP request sent, awaiting response... 200 OK
Length: 283 [image/png]
Saving to: `code/../crawls/zoomerang.com/Privacy-Policy/raw/www.markettools.com/sites/all/themes/markettools/images/bg/blockGenericBg.png'

     0K                                                       100% 50.7M=0s

2012-04-26 14:00:46 (50.7 MB/s) - `code/../crawls/zoomerang.com/Privacy-Policy/raw/www.markettools.com/sites/all/themes/markettools/images/bg/blockGenericBg.png' saved [283/283]

--2012-04-26 14:00:46--  http://www.markettools.com/sites/all/themes/markettools/images/banners/customerSat.png
Reusing existing connection to www.markettools.com:80.
HTTP request sent, awaiting response... 200 OK
Length: 9447 (9.2K) [image/png]
Saving to: `code/../crawls/zoomerang.com/Privacy-Policy/raw/www.markettools.com/sites/all/themes/markettools/images/banners/customerSat.png'

     0K .........                                             100% 13.4M=0.001s

2012-04-26 14:00:46 (13.4 MB/s) - `code/../crawls/zoomerang.com/Privacy-Policy/raw/www.markettools.com/sites/all/themes/markettools/images/banners/customerSat.png' saved [9447/9447]

--2012-04-26 14:00:46--  http://www.markettools.com/sites/all/themes/markettools/images/banners/solutions.png
Reusing existing connection to www.markettools.com:80.
HTTP request sent, awaiting response... 200 OK
Length: 37564 (37K) [image/png]
Saving to: `code/../crawls/zoomerang.com/Privacy-Policy/raw/www.markettools.com/sites/all/themes/markettools/images/banners/solutions.png'

     0K .......... .......... .......... ......               100% 5.69M=0.006s

2012-04-26 14:00:46 (5.69 MB/s) - `code/../crawls/zoomerang.com/Privacy-Policy/raw/www.markettools.com/sites/all/themes/markettools/images/banners/solutions.png' saved [37564/37564]

--2012-04-26 14:00:46--  http://www.markettools.com/sites/all/themes/markettools/images/banners/services.png
Reusing existing connection to www.markettools.com:80.
HTTP request sent, awaiting response... 200 OK
Length: 15279 (15K) [image/png]
Saving to: `code/../crawls/zoomerang.com/Privacy-Policy/raw/www.markettools.com/sites/all/themes/markettools/images/banners/services.png'

     0K .......... ....                                       100% 12.8M=0.001s

2012-04-26 14:00:46 (12.8 MB/s) - `code/../crawls/zoomerang.com/Privacy-Policy/raw/www.markettools.com/sites/all/themes/markettools/images/banners/services.png' saved [15279/15279]

--2012-04-26 14:00:46--  http://www.markettools.com/sites/all/themes/markettools/images/banners/company.png
Reusing existing connection to www.markettools.com:80.
HTTP request sent, awaiting response... 200 OK
Length: 43559 (43K) [image/png]
Saving to: `code/../crawls/zoomerang.com/Privacy-Policy/raw/www.markettools.com/sites/all/themes/markettools/images/banners/company.png'

     0K .......... .......... .......... .......... ..        100% 7.06M=0.006s

2012-04-26 14:00:46 (7.06 MB/s) - `code/../crawls/zoomerang.com/Privacy-Policy/raw/www.markettools.com/sites/all/themes/markettools/images/banners/company.png' saved [43559/43559]

--2012-04-26 14:00:46--  http://www.markettools.com/sites/all/themes/markettools/images/bg/oneModuleTop.png
Reusing existing connection to www.markettools.com:80.
HTTP request sent, awaiting response... 200 OK
Length: 500 [image/png]
Saving to: `code/../crawls/zoomerang.com/Privacy-Policy/raw/www.markettools.com/sites/all/themes/markettools/images/bg/oneModuleTop.png'

     0K                                                       100% 89.5M=0s

2012-04-26 14:00:46 (89.5 MB/s) - `code/../crawls/zoomerang.com/Privacy-Policy/raw/www.markettools.com/sites/all/themes/markettools/images/bg/oneModuleTop.png' saved [500/500]

--2012-04-26 14:00:46--  http://www.markettools.com/sites/all/themes/markettools/images/banners/knowledgeCenter.png
Reusing existing connection to www.markettools.com:80.
HTTP request sent, awaiting response... 200 OK
Length: 31815 (31K) [image/png]
Saving to: `code/../crawls/zoomerang.com/Privacy-Policy/raw/www.markettools.com/sites/all/themes/markettools/images/banners/knowledgeCenter.png'

     0K .......... .......... .......... .                    100% 11.8M=0.003s

2012-04-26 14:00:46 (11.8 MB/s) - `code/../crawls/zoomerang.com/Privacy-Policy/raw/www.markettools.com/sites/all/themes/markettools/images/banners/knowledgeCenter.png' saved [31815/31815]

--2012-04-26 14:00:46--  http://www.markettools.com/sites/all/themes/markettools/images/buttons/casestudy_scroll_arrows_left.png
Reusing existing connection to www.markettools.com:80.
HTTP request sent, awaiting response... 200 OK
Length: 3897 (3.8K) [image/png]
Saving to: `code/../crawls/zoomerang.com/Privacy-Policy/raw/www.markettools.com/sites/all/themes/markettools/images/buttons/casestudy_scroll_arrows_left.png'

     0K ...                                                   100% 3.72M=0.001s

2012-04-26 14:00:46 (3.72 MB/s) - `code/../crawls/zoomerang.com/Privacy-Policy/raw/www.markettools.com/sites/all/themes/markettools/images/buttons/casestudy_scroll_arrows_left.png' saved [3897/3897]

--2012-04-26 14:00:46--  http://www.markettools.com/sites/all/themes/markettools/images/buttons/casestudy_scroll_arrows_right.png
Reusing existing connection to www.markettools.com:80.
HTTP request sent, awaiting response... 200 OK
Length: 3895 (3.8K) [image/png]
Saving to: `code/../crawls/zoomerang.com/Privacy-Policy/raw/www.markettools.com/sites/all/themes/markettools/images/buttons/casestudy_scroll_arrows_right.png'

     0K ...                                                   100% 13.8M=0s

2012-04-26 14:00:46 (13.8 MB/s) - `code/../crawls/zoomerang.com/Privacy-Policy/raw/www.markettools.com/sites/all/themes/markettools/images/buttons/casestudy_scroll_arrows_right.png' saved [3895/3895]

--2012-04-26 14:00:46--  http://www.markettools.com/sites/all/themes/markettools/images/bg/csLogoSlideshowBg.png
Reusing existing connection to www.markettools.com:80.
HTTP request sent, awaiting response... 200 OK
Length: 608 [image/png]
Saving to: `code/../crawls/zoomerang.com/Privacy-Policy/raw/www.markettools.com/sites/all/themes/markettools/images/bg/csLogoSlideshowBg.png'

     0K                                                       100%  112M=0s

2012-04-26 14:00:46 (112 MB/s) - `code/../crawls/zoomerang.com/Privacy-Policy/raw/www.markettools.com/sites/all/themes/markettools/images/bg/csLogoSlideshowBg.png' saved [608/608]

--2012-04-26 14:00:46--  http://www.markettools.com/sites/all/themes/markettools/images/bg/csBlock.png
Reusing existing connection to www.markettools.com:80.
HTTP request sent, awaiting response... 200 OK
Length: 129 [image/png]
Saving to: `code/../crawls/zoomerang.com/Privacy-Policy/raw/www.markettools.com/sites/all/themes/markettools/images/bg/csBlock.png'

     0K                                                       100% 23.5M=0s

2012-04-26 14:00:46 (23.5 MB/s) - `code/../crawls/zoomerang.com/Privacy-Policy/raw/www.markettools.com/sites/all/themes/markettools/images/bg/csBlock.png' saved [129/129]

--2012-04-26 14:00:46--  http://www.markettools.com/sites/all/themes/markettools/images/bg/csBlockTop.png
Reusing existing connection to www.markettools.com:80.
HTTP request sent, awaiting response... 200 OK
Length: 220 [image/png]
Saving to: `code/../crawls/zoomerang.com/Privacy-Policy/raw/www.markettools.com/sites/all/themes/markettools/images/bg/csBlockTop.png'

     0K                                                       100% 39.7M=0s

2012-04-26 14:00:46 (39.7 MB/s) - `code/../crawls/zoomerang.com/Privacy-Policy/raw/www.markettools.com/sites/all/themes/markettools/images/bg/csBlockTop.png' saved [220/220]

--2012-04-26 14:00:46--  http://www.markettools.com/sites/all/themes/markettools/images/bg/csBlockBottom.png
Reusing existing connection to www.markettools.com:80.
HTTP request sent, awaiting response... 200 OK
Length: 403 [image/png]
Saving to: `code/../crawls/zoomerang.com/Privacy-Policy/raw/www.markettools.com/sites/all/themes/markettools/images/bg/csBlockBottom.png'

     0K                                                       100% 73.7M=0s

2012-04-26 14:00:46 (73.7 MB/s) - `code/../crawls/zoomerang.com/Privacy-Policy/raw/www.markettools.com/sites/all/themes/markettools/images/bg/csBlockBottom.png' saved [403/403]

--2012-04-26 14:00:46--  http://www.markettools.com/sites/all/themes/markettools/images/bg/blockRightShadedBg.png
Reusing existing connection to www.markettools.com:80.
HTTP request sent, awaiting response... 200 OK
Length: 132 [image/png]
Saving to: `code/../crawls/zoomerang.com/Privacy-Policy/raw/www.markettools.com/sites/all/themes/markettools/images/bg/blockRightShadedBg.png'

     0K                                                       100% 24.2M=0s

2012-04-26 14:00:46 (24.2 MB/s) - `code/../crawls/zoomerang.com/Privacy-Policy/raw/www.markettools.com/sites/all/themes/markettools/images/bg/blockRightShadedBg.png' saved [132/132]

--2012-04-26 14:00:46--  http://www.markettools.com/sites/all/themes/markettools/images/bg/blockRightShadedBgTop.png
Reusing existing connection to www.markettools.com:80.
HTTP request sent, awaiting response... 200 OK
Length: 312 [image/png]
Saving to: `code/../crawls/zoomerang.com/Privacy-Policy/raw/www.markettools.com/sites/all/themes/markettools/images/bg/blockRightShadedBgTop.png'

     0K                                                       100% 55.7M=0s

2012-04-26 14:00:46 (55.7 MB/s) - `code/../crawls/zoomerang.com/Privacy-Policy/raw/www.markettools.com/sites/all/themes/markettools/images/bg/blockRightShadedBgTop.png' saved [312/312]

--2012-04-26 14:00:46--  http://www.markettools.com/sites/all/themes/markettools/images/bg/blockRightShadedBgBottom.png
Reusing existing connection to www.markettools.com:80.
HTTP request sent, awaiting response... 200 OK
Length: 530 [image/png]
Saving to: `code/../crawls/zoomerang.com/Privacy-Policy/raw/www.markettools.com/sites/all/themes/markettools/images/bg/blockRightShadedBgBottom.png'

     0K                                                       100% 92.8M=0s

2012-04-26 14:00:46 (92.8 MB/s) - `code/../crawls/zoomerang.com/Privacy-Policy/raw/www.markettools.com/sites/all/themes/markettools/images/bg/blockRightShadedBgBottom.png' saved [530/530]

--2012-04-26 14:00:46--  http://www.markettools.com/sites/all/themes/markettools/images/bg/blockRightGenericBg.png
Reusing existing connection to www.markettools.com:80.
HTTP request sent, awaiting response... 200 OK
Length: 125 [image/png]
Saving to: `code/../crawls/zoomerang.com/Privacy-Policy/raw/www.markettools.com/sites/all/themes/markettools/images/bg/blockRightGenericBg.png'

     0K                                                       100% 22.6M=0s

2012-04-26 14:00:46 (22.6 MB/s) - `code/../crawls/zoomerang.com/Privacy-Policy/raw/www.markettools.com/sites/all/themes/markettools/images/bg/blockRightGenericBg.png' saved [125/125]

--2012-04-26 14:00:46--  http://www.markettools.com/sites/all/themes/markettools/images/bg/blockRightGenericBgTop.png
Reusing existing connection to www.markettools.com:80.
HTTP request sent, awaiting response... 200 OK
Length: 291 [image/png]
Saving to: `code/../crawls/zoomerang.com/Privacy-Policy/raw/www.markettools.com/sites/all/themes/markettools/images/bg/blockRightGenericBgTop.png'

     0K                                                       100% 51.8M=0s

2012-04-26 14:00:46 (51.8 MB/s) - `code/../crawls/zoomerang.com/Privacy-Policy/raw/www.markettools.com/sites/all/themes/markettools/images/bg/blockRightGenericBgTop.png' saved [291/291]

--2012-04-26 14:00:46--  http://www.markettools.com/sites/all/themes/markettools/images/bg/blockRightGenericBgBottom.png
Reusing existing connection to www.markettools.com:80.
HTTP request sent, awaiting response... 200 OK
Length: 268 [image/png]
Saving to: `code/../crawls/zoomerang.com/Privacy-Policy/raw/www.markettools.com/sites/all/themes/markettools/images/bg/blockRightGenericBgBottom.png'

     0K                                                       100% 47.7M=0s

2012-04-26 14:00:46 (47.7 MB/s) - `code/../crawls/zoomerang.com/Privacy-Policy/raw/www.markettools.com/sites/all/themes/markettools/images/bg/blockRightGenericBgBottom.png' saved [268/268]

--2012-04-26 14:00:46--  http://www.markettools.com/sites/all/themes/markettools/images/bg/accordionInactive.png
Reusing existing connection to www.markettools.com:80.
HTTP request sent, awaiting response... 200 OK
Length: 198 [image/png]
Saving to: `code/../crawls/zoomerang.com/Privacy-Policy/raw/www.markettools.com/sites/all/themes/markettools/images/bg/accordionInactive.png'

     0K                                                       100% 35.1M=0s

2012-04-26 14:00:46 (35.1 MB/s) - `code/../crawls/zoomerang.com/Privacy-Policy/raw/www.markettools.com/sites/all/themes/markettools/images/bg/accordionInactive.png' saved [198/198]

--2012-04-26 14:00:46--  http://www.markettools.com/sites/all/themes/markettools/images/bg/accordionActive.png
Reusing existing connection to www.markettools.com:80.
HTTP request sent, awaiting response... 200 OK
Length: 200 [image/png]
Saving to: `code/../crawls/zoomerang.com/Privacy-Policy/raw/www.markettools.com/sites/all/themes/markettools/images/bg/accordionActive.png'

     0K                                                       100% 36.2M=0s

2012-04-26 14:00:46 (36.2 MB/s) - `code/../crawls/zoomerang.com/Privacy-Policy/raw/www.markettools.com/sites/all/themes/markettools/images/bg/accordionActive.png' saved [200/200]

--2012-04-26 14:00:46--  http://www.markettools.com/sites/all/themes/markettools/images/bg/twoModulesThinTop.png
Reusing existing connection to www.markettools.com:80.
HTTP request sent, awaiting response... 200 OK
Length: 3182 (3.1K) [image/png]
Saving to: `code/../crawls/zoomerang.com/Privacy-Policy/raw/www.markettools.com/sites/all/themes/markettools/images/bg/twoModulesThinTop.png'

     0K ...                                                   100% 7.39M=0s

2012-04-26 14:00:46 (7.39 MB/s) - `code/../crawls/zoomerang.com/Privacy-Policy/raw/www.markettools.com/sites/all/themes/markettools/images/bg/twoModulesThinTop.png' saved [3182/3182]

--2012-04-26 14:00:46--  http://www.markettools.com/sites/all/themes/markettools/images/bg/twoModulesThinTopWhite.png
Reusing existing connection to www.markettools.com:80.
HTTP request sent, awaiting response... 200 OK
Length: 3054 (3.0K) [image/png]
Saving to: `code/../crawls/zoomerang.com/Privacy-Policy/raw/www.markettools.com/sites/all/themes/markettools/images/bg/twoModulesThinTopWhite.png'

     0K ..                                                    100% 19.1M=0s

2012-04-26 14:00:46 (19.1 MB/s) - `code/../crawls/zoomerang.com/Privacy-Policy/raw/www.markettools.com/sites/all/themes/markettools/images/bg/twoModulesThinTopWhite.png' saved [3054/3054]

--2012-04-26 14:00:46--  http://www.markettools.com/sites/all/themes/markettools/images/bg/twoModulesThinBottom.png
Reusing existing connection to www.markettools.com:80.
HTTP request sent, awaiting response... 200 OK
Length: 3202 (3.1K) [image/png]
Saving to: `code/../crawls/zoomerang.com/Privacy-Policy/raw/www.markettools.com/sites/all/themes/markettools/images/bg/twoModulesThinBottom.png'

     0K ...                                                   100% 18.2M=0s

2012-04-26 14:00:46 (18.2 MB/s) - `code/../crawls/zoomerang.com/Privacy-Policy/raw/www.markettools.com/sites/all/themes/markettools/images/bg/twoModulesThinBottom.png' saved [3202/3202]

--2012-04-26 14:00:46--  http://www.markettools.com/sites/all/themes/markettools/images/bg/twoModulesThinMiddle.png
Reusing existing connection to www.markettools.com:80.
HTTP request sent, awaiting response... 200 OK
Length: 2823 (2.8K) [image/png]
Saving to: `code/../crawls/zoomerang.com/Privacy-Policy/raw/www.markettools.com/sites/all/themes/markettools/images/bg/twoModulesThinMiddle.png'

     0K ..                                                    100% 17.5M=0s

2012-04-26 14:00:46 (17.5 MB/s) - `code/../crawls/zoomerang.com/Privacy-Policy/raw/www.markettools.com/sites/all/themes/markettools/images/bg/twoModulesThinMiddle.png' saved [2823/2823]

--2012-04-26 14:00:46--  http://www.markettools.com/sites/all/themes/markettools/images/misc/news-banners.jpg
Reusing existing connection to www.markettools.com:80.
HTTP request sent, awaiting response... 200 OK
Length: 31894 (31K) [image/jpeg]
Saving to: `code/../crawls/zoomerang.com/Privacy-Policy/raw/www.markettools.com/sites/all/themes/markettools/images/misc/news-banners.jpg'

     0K .......... .......... .......... .                    100% 10.9M=0.003s

2012-04-26 14:00:46 (10.9 MB/s) - `code/../crawls/zoomerang.com/Privacy-Policy/raw/www.markettools.com/sites/all/themes/markettools/images/misc/news-banners.jpg' saved [31894/31894]

--2012-04-26 14:00:46--  http://www.markettools.com/sites/all/themes/markettools/images/icons/social_icons_16.png
Reusing existing connection to www.markettools.com:80.
HTTP request sent, awaiting response... 200 OK
Length: 2911 (2.8K) [image/png]
Saving to: `code/../crawls/zoomerang.com/Privacy-Policy/raw/www.markettools.com/sites/all/themes/markettools/images/icons/social_icons_16.png'

     0K ..                                                    100% 18.7M=0s

2012-04-26 14:00:46 (18.7 MB/s) - `code/../crawls/zoomerang.com/Privacy-Policy/raw/www.markettools.com/sites/all/themes/markettools/images/icons/social_icons_16.png' saved [2911/2911]

--2012-04-26 14:00:46--  http://www.markettools.com/sites/all/themes/markettools/images/icons/icon-video.gif
Reusing existing connection to www.markettools.com:80.
HTTP request sent, awaiting response... 200 OK
Length: 551 [image/gif]
Saving to: `code/../crawls/zoomerang.com/Privacy-Policy/raw/www.markettools.com/sites/all/themes/markettools/images/icons/icon-video.gif'

     0K                                                       100% 96.6M=0s

2012-04-26 14:00:46 (96.6 MB/s) - `code/../crawls/zoomerang.com/Privacy-Policy/raw/www.markettools.com/sites/all/themes/markettools/images/icons/icon-video.gif' saved [551/551]

--2012-04-26 14:00:46--  http://www.markettools.com/sites/all/themes/markettools/images/icons/icon-webcast.gif
Reusing existing connection to www.markettools.com:80.
HTTP request sent, awaiting response... 200 OK
Length: 221 [image/gif]
Saving to: `code/../crawls/zoomerang.com/Privacy-Policy/raw/www.markettools.com/sites/all/themes/markettools/images/icons/icon-webcast.gif'

     0K                                                       100% 40.3M=0s

2012-04-26 14:00:46 (40.3 MB/s) - `code/../crawls/zoomerang.com/Privacy-Policy/raw/www.markettools.com/sites/all/themes/markettools/images/icons/icon-webcast.gif' saved [221/221]

--2012-04-26 14:00:46--  http://www.markettools.com/sites/all/themes/markettools/images/icons/icon-press-release.gif
Reusing existing connection to www.markettools.com:80.
HTTP request sent, awaiting response... 200 OK
Length: 364 [image/gif]
Saving to: `code/../crawls/zoomerang.com/Privacy-Policy/raw/www.markettools.com/sites/all/themes/markettools/images/icons/icon-press-release.gif'

     0K                                                       100% 66.6M=0s

2012-04-26 14:00:46 (66.6 MB/s) - `code/../crawls/zoomerang.com/Privacy-Policy/raw/www.markettools.com/sites/all/themes/markettools/images/icons/icon-press-release.gif' saved [364/364]

--2012-04-26 14:00:46--  http://www.markettools.com/sites/all/themes/markettools/images/icons/icon-success-story.gif
Reusing existing connection to www.markettools.com:80.
HTTP request sent, awaiting response... 200 OK
Length: 1013 [image/gif]
Saving to: `code/../crawls/zoomerang.com/Privacy-Policy/raw/www.markettools.com/sites/all/themes/markettools/images/icons/icon-success-story.gif'

     0K                                                       100%  171M=0s

2012-04-26 14:00:46 (171 MB/s) - `code/../crawls/zoomerang.com/Privacy-Policy/raw/www.markettools.com/sites/all/themes/markettools/images/icons/icon-success-story.gif' saved [1013/1013]

--2012-04-26 14:00:46--  http://www.markettools.com/sites/all/themes/markettools/images/icons/icon-article.gif
Reusing existing connection to www.markettools.com:80.
HTTP request sent, awaiting response... 200 OK
Length: 396 [image/gif]
Saving to: `code/../crawls/zoomerang.com/Privacy-Policy/raw/www.markettools.com/sites/all/themes/markettools/images/icons/icon-article.gif'

     0K                                                       100% 72.4M=0s

2012-04-26 14:00:46 (72.4 MB/s) - `code/../crawls/zoomerang.com/Privacy-Policy/raw/www.markettools.com/sites/all/themes/markettools/images/icons/icon-article.gif' saved [396/396]

--2012-04-26 14:00:46--  http://www.markettools.com/sites/all/themes/markettools/images/customer_table_cell_back_all-1.png
Reusing existing connection to www.markettools.com:80.
HTTP request sent, awaiting response... 200 OK
Length: 690 [image/png]
Saving to: `code/../crawls/zoomerang.com/Privacy-Policy/raw/www.markettools.com/sites/all/themes/markettools/images/customer_table_cell_back_all-1.png'

     0K                                                       100%  123M=0s

2012-04-26 14:00:46 (123 MB/s) - `code/../crawls/zoomerang.com/Privacy-Policy/raw/www.markettools.com/sites/all/themes/markettools/images/customer_table_cell_back_all-1.png' saved [690/690]

--2012-04-26 14:00:46--  http://www.markettools.com/sites/all/themes/markettools/images/header.png
Reusing existing connection to www.markettools.com:80.
HTTP request sent, awaiting response... 200 OK
Length: 4210 (4.1K) [image/png]
Saving to: `code/../crawls/zoomerang.com/Privacy-Policy/raw/www.markettools.com/sites/all/themes/markettools/images/header.png'

     0K ....                                                  100% 15.0M=0s

2012-04-26 14:00:46 (15.0 MB/s) - `code/../crawls/zoomerang.com/Privacy-Policy/raw/www.markettools.com/sites/all/themes/markettools/images/header.png' saved [4210/4210]

--2012-04-26 14:00:46--  http://www.markettools.com/sites/all/themes/markettools/images/fps_prevnext.png
Reusing existing connection to www.markettools.com:80.
HTTP request sent, awaiting response... 200 OK
Length: 11278 (11K) [image/png]
Saving to: `code/../crawls/zoomerang.com/Privacy-Policy/raw/www.markettools.com/sites/all/themes/markettools/images/fps_prevnext.png'

     0K .......... .                                          100% 16.6M=0.001s

2012-04-26 14:00:46 (16.6 MB/s) - `code/../crawls/zoomerang.com/Privacy-Policy/raw/www.markettools.com/sites/all/themes/markettools/images/fps_prevnext.png' saved [11278/11278]

--2012-04-26 14:00:46--  http://www.markettools.com/sites/all/themes/markettools/images/fps_bottom.png
Connecting to www.markettools.com|199.27.212.174|:80... connected.
HTTP request sent, awaiting response... 200 OK
Length: 9100 (8.9K) [image/png]
Saving to: `code/../crawls/zoomerang.com/Privacy-Policy/raw/www.markettools.com/sites/all/themes/markettools/images/fps_bottom.png'

     0K ........                                              100% 1.86M=0.005s

2012-04-26 14:00:46 (1.86 MB/s) - `code/../crawls/zoomerang.com/Privacy-Policy/raw/www.markettools.com/sites/all/themes/markettools/images/fps_bottom.png' saved [9100/9100]

--2012-04-26 14:00:46--  http://www.markettools.com/sites/all/themes/markettools/images/mt_blog_logo.png
Reusing existing connection to www.markettools.com:80.
HTTP request sent, awaiting response... 200 OK
Length: 1152 (1.1K) [image/png]
Saving to: `code/../crawls/zoomerang.com/Privacy-Policy/raw/www.markettools.com/sites/all/themes/markettools/images/mt_blog_logo.png'

     0K .                                                     100%  168M=0s

2012-04-26 14:00:46 (168 MB/s) - `code/../crawls/zoomerang.com/Privacy-Policy/raw/www.markettools.com/sites/all/themes/markettools/images/mt_blog_logo.png' saved [1152/1152]

--2012-04-26 14:00:46--  http://www.markettools.com/sites/all/themes/markettools/images/social_icons.png
Reusing existing connection to www.markettools.com:80.
HTTP request sent, awaiting response... 200 OK
Length: 9461 (9.2K) [image/png]
Saving to: `code/../crawls/zoomerang.com/Privacy-Policy/raw/www.markettools.com/sites/all/themes/markettools/images/social_icons.png'

     0K .........                                             100% 12.2M=0.001s

2012-04-26 14:00:46 (12.2 MB/s) - `code/../crawls/zoomerang.com/Privacy-Policy/raw/www.markettools.com/sites/all/themes/markettools/images/social_icons.png' saved [9461/9461]

FINISHED --2012-04-26 14:00:46--
Total wall clock time: 4.6s
Downloaded: 120 files, 672K in 0.1s (6.58 MB/s)
Converting code/../crawls/zoomerang.com/Privacy-Policy/raw/ad.retargeter.com/seg?add=47060&t=2.html... nothing to do.
Converting code/../crawls/zoomerang.com/Privacy-Policy/raw/www.markettools.com/company/privacy-policy.html... 19-77
Converting code/../crawls/zoomerang.com/Privacy-Policy/raw/ad.retargeter.com/seg?add=46160&t=2.html... nothing to do.
Converting code/../crawls/zoomerang.com/Privacy-Policy/raw/www.markettools.com/sites/all/modules/views/css/views.css?A.css... 1-0
Converting code/../crawls/zoomerang.com/Privacy-Policy/raw/www.markettools.com/sites/default/files/css/css_e70c239dceac70ba471341dc59c8600d.css... 155-0
Converted 5 files in 0.007 seconds.
