--2012-11-12 05:18:50--  http://www.earthlink.net/about/policies/isa.faces
Resolving www.earthlink.net... 209.86.62.44
Connecting to www.earthlink.net|209.86.62.44|:80... connected.
HTTP request sent, awaiting response... 200 OK
Length: unspecified [text/html]
Saving to: `code/../crawls/www.earthlink.net/Internet-Service-Agreement/raw/www.earthlink.net/about/policies/isa.faces.html'

     0K .......... .......... .......... .......... ..........  194K
    50K .......... .....                                        239K=0.3s

2012-11-12 05:18:51 (203 KB/s) - `code/../crawls/www.earthlink.net/Internet-Service-Agreement/raw/www.earthlink.net/about/policies/isa.faces.html' saved [66719]

--2012-11-12 05:18:51--  http://www.earthlink.net/css/www.css
Reusing existing connection to www.earthlink.net:80.
HTTP request sent, awaiting response... 200 OK
Length: 27084 (26K) [text/css]
Saving to: `code/../crawls/www.earthlink.net/Internet-Service-Agreement/raw/www.earthlink.net/css/www.css'

     0K .......... .......... ......                          100%  103K=0.3s

2012-11-12 05:18:51 (103 KB/s) - `code/../crawls/www.earthlink.net/Internet-Service-Agreement/raw/www.earthlink.net/css/www.css' saved [27084/27084]

--2012-11-12 05:18:51--  http://www.earthlink.net/css/dropdown.css
Reusing existing connection to www.earthlink.net:80.
HTTP request sent, awaiting response... 200 OK
Length: 12705 (12K) [text/css]
Saving to: `code/../crawls/www.earthlink.net/Internet-Service-Agreement/raw/www.earthlink.net/css/dropdown.css'

     0K .......... ..                                         100% 74.6K=0.2s

2012-11-12 05:18:51 (74.6 KB/s) - `code/../crawls/www.earthlink.net/Internet-Service-Agreement/raw/www.earthlink.net/css/dropdown.css' saved [12705/12705]

--2012-11-12 05:18:51--  http://ajax.googleapis.com/ajax/libs/jquery/1.5.1/jquery.min.js
Resolving ajax.googleapis.com... 173.194.65.95, 2a00:1450:4013:c00::5f
Connecting to ajax.googleapis.com|173.194.65.95|:80... connected.
HTTP request sent, awaiting response... 200 OK
Length: unspecified [text/javascript]
Saving to: `code/../crawls/www.earthlink.net/Internet-Service-Agreement/raw/ajax.googleapis.com/ajax/libs/jquery/1.5.1/jquery.min.js'

     0K .......... .......... .......... .......... ..........  110K
    50K .......... .......... .......... ...                   11.5M=0.5s

2012-11-12 05:18:52 (183 KB/s) - `code/../crawls/www.earthlink.net/Internet-Service-Agreement/raw/ajax.googleapis.com/ajax/libs/jquery/1.5.1/jquery.min.js' saved [85260]

--2012-11-12 05:18:52--  http://www.earthlink.net/js/modernizr.js
Connecting to www.earthlink.net|209.86.62.44|:80... connected.
HTTP request sent, awaiting response... 200 OK
Length: 9177 (9.0K) [application/javascript]
Saving to: `code/../crawls/www.earthlink.net/Internet-Service-Agreement/raw/www.earthlink.net/js/modernizr.js'

     0K ........                                              100%  139K=0.06s

2012-11-12 05:18:52 (139 KB/s) - `code/../crawls/www.earthlink.net/Internet-Service-Agreement/raw/www.earthlink.net/js/modernizr.js' saved [9177/9177]

--2012-11-12 05:18:52--  http://www.earthlink.net/js/nav.js
Reusing existing connection to www.earthlink.net:80.
HTTP request sent, awaiting response... 200 OK
Length: 953 [application/javascript]
Saving to: `code/../crawls/www.earthlink.net/Internet-Service-Agreement/raw/www.earthlink.net/js/nav.js'

     0K                                                       100% 5.57M=0s

2012-11-12 05:18:52 (5.57 MB/s) - `code/../crawls/www.earthlink.net/Internet-Service-Agreement/raw/www.earthlink.net/js/nav.js' saved [953/953]

--2012-11-12 05:18:52--  http://f.fontdeck.com/s/css/SHL1Q62RRv8EROgGSyefc+MAifY/www.earthlink.net/15017.css
Resolving f.fontdeck.com... 199.15.226.35
Connecting to f.fontdeck.com|199.15.226.35|:80... connected.
HTTP request sent, awaiting response... 200 OK
Length: 613 [text/css]
Saving to: `code/../crawls/www.earthlink.net/Internet-Service-Agreement/raw/f.fontdeck.com/s/css/SHL1Q62RRv8EROgGSyefc+MAifY/www.earthlink.net/15017.css'

     0K                                                       100% 94.1M=0s

2012-11-12 05:18:52 (94.1 MB/s) - `code/../crawls/www.earthlink.net/Internet-Service-Agreement/raw/f.fontdeck.com/s/css/SHL1Q62RRv8EROgGSyefc+MAifY/www.earthlink.net/15017.css' saved [613/613]

--2012-11-12 05:18:52--  http://www.earthlink.net/js/livechat/www-english_mtagconfig.js
Connecting to www.earthlink.net|209.86.62.44|:80... connected.
HTTP request sent, awaiting response... 200 OK
Length: 6034 (5.9K) [application/javascript]
Saving to: `code/../crawls/www.earthlink.net/Internet-Service-Agreement/raw/www.earthlink.net/js/livechat/www-english_mtagconfig.js'

     0K .....                                                 100% 92.4K=0.06s

2012-11-12 05:18:52 (92.4 KB/s) - `code/../crawls/www.earthlink.net/Internet-Service-Agreement/raw/www.earthlink.net/js/livechat/www-english_mtagconfig.js' saved [6034/6034]

--2012-11-12 05:18:52--  http://www.earthlink.net/img/www/tabs/www_consumer_tab_on.gif
Reusing existing connection to www.earthlink.net:80.
HTTP request sent, awaiting response... 200 OK
Length: 1780 (1.7K) [image/gif]
Saving to: `code/../crawls/www.earthlink.net/Internet-Service-Agreement/raw/www.earthlink.net/img/www/tabs/www_consumer_tab_on.gif'

     0K .                                                     100% 35.7M=0s

2012-11-12 05:18:53 (35.7 MB/s) - `code/../crawls/www.earthlink.net/Internet-Service-Agreement/raw/www.earthlink.net/img/www/tabs/www_consumer_tab_on.gif' saved [1780/1780]

--2012-11-12 05:18:53--  http://www.earthlink.net/img/www/tabs/www_business_tab_off.gif
Reusing existing connection to www.earthlink.net:80.
HTTP request sent, awaiting response... 200 OK
Length: 1728 (1.7K) [image/gif]
Saving to: `code/../crawls/www.earthlink.net/Internet-Service-Agreement/raw/www.earthlink.net/img/www/tabs/www_business_tab_off.gif'

     0K .                                                     100%  234M=0s

2012-11-12 05:18:53 (234 MB/s) - `code/../crawls/www.earthlink.net/Internet-Service-Agreement/raw/www.earthlink.net/img/www/tabs/www_business_tab_off.gif' saved [1728/1728]

--2012-11-12 05:18:53--  http://www.earthlink.net/img/www/tabs/www_about_tab_off.gif
Reusing existing connection to www.earthlink.net:80.
HTTP request sent, awaiting response... 200 OK
Length: 1737 (1.7K) [image/gif]
Saving to: `code/../crawls/www.earthlink.net/Internet-Service-Agreement/raw/www.earthlink.net/img/www/tabs/www_about_tab_off.gif'

     0K .                                                     100% 2.42M=0.001s

2012-11-12 05:18:53 (2.42 MB/s) - `code/../crawls/www.earthlink.net/Internet-Service-Agreement/raw/www.earthlink.net/img/www/tabs/www_about_tab_off.gif' saved [1737/1737]

--2012-11-12 05:18:53--  http://www.earthlink.net/img/com/earthlink_logo.gif
Reusing existing connection to www.earthlink.net:80.
HTTP request sent, awaiting response... 200 OK
Length: 4434 (4.3K) [image/gif]
Saving to: `code/../crawls/www.earthlink.net/Internet-Service-Agreement/raw/www.earthlink.net/img/com/earthlink_logo.gif'

     0K ....                                                  100% 61.2K=0.07s

2012-11-12 05:18:53 (61.2 KB/s) - `code/../crawls/www.earthlink.net/Internet-Service-Agreement/raw/www.earthlink.net/img/com/earthlink_logo.gif' saved [4434/4434]

--2012-11-12 05:18:53--  http://www.earthlink.net/img/www/top_right_divider.png
Reusing existing connection to www.earthlink.net:80.
HTTP request sent, awaiting response... 200 OK
Length: 1105 (1.1K) [image/png]
Saving to: `code/../crawls/www.earthlink.net/Internet-Service-Agreement/raw/www.earthlink.net/img/www/top_right_divider.png'

     0K .                                                     100% 1.29M=0.001s

2012-11-12 05:18:53 (1.29 MB/s) - `code/../crawls/www.earthlink.net/Internet-Service-Agreement/raw/www.earthlink.net/img/www/top_right_divider.png' saved [1105/1105]

--2012-11-12 05:18:53--  http://www.earthlink.net/img/www/about/www_policies_hdr.gif
Reusing existing connection to www.earthlink.net:80.
HTTP request sent, awaiting response... 200 OK
Length: 2521 (2.5K) [image/gif]
Saving to: `code/../crawls/www.earthlink.net/Internet-Service-Agreement/raw/www.earthlink.net/img/www/about/www_policies_hdr.gif'

     0K ..                                                    100% 6.14M=0s

2012-11-12 05:18:53 (6.14 MB/s) - `code/../crawls/www.earthlink.net/Internet-Service-Agreement/raw/www.earthlink.net/img/www/about/www_policies_hdr.gif' saved [2521/2521]

--2012-11-12 05:18:53--  http://www.earthlink.net/img/www/home/resbiz/footer_box_bg.png
Reusing existing connection to www.earthlink.net:80.
HTTP request sent, awaiting response... 200 OK
Length: 80627 (79K) [image/png]
Saving to: `code/../crawls/www.earthlink.net/Internet-Service-Agreement/raw/www.earthlink.net/img/www/home/resbiz/footer_box_bg.png'

     0K .......... .......... .......... .......... .......... 63%  195K 0s
    50K .......... .......... ........                        100%  446K=0.3s

2012-11-12 05:18:53 (246 KB/s) - `code/../crawls/www.earthlink.net/Internet-Service-Agreement/raw/www.earthlink.net/img/www/home/resbiz/footer_box_bg.png' saved [80627/80627]

--2012-11-12 05:18:53--  http://www.earthlink.net/img/www/membercenter/socialmedia/twitter-logo_24x24.gif
Reusing existing connection to www.earthlink.net:80.
HTTP request sent, awaiting response... 200 OK
Length: 2487 (2.4K) [image/gif]
Saving to: `code/../crawls/www.earthlink.net/Internet-Service-Agreement/raw/www.earthlink.net/img/www/membercenter/socialmedia/twitter-logo_24x24.gif'

     0K ..                                                    100% 71.9M=0s

2012-11-12 05:18:53 (71.9 MB/s) - `code/../crawls/www.earthlink.net/Internet-Service-Agreement/raw/www.earthlink.net/img/www/membercenter/socialmedia/twitter-logo_24x24.gif' saved [2487/2487]

The name is too long, 143 chars total.
Trying to shorten...
New name is like.php?href=http%3A%2F%2Fwww.facebook.com%2Fearthlink&layout=standard&show_faces=false&width=350&action=like&font&colorscheme.
The name is too long, 143 chars total.
Trying to shorten...
New name is like.php?href=http%3A%2F%2Fwww.facebook.com%2Fearthlink&layout=standard&show_faces=false&width=350&action=like&font&colorscheme.
--2012-11-12 05:18:53--  http://www.facebook.com/plugins/like.php?href=http%3A%2F%2Fwww.facebook.com%2Fearthlink&layout=standard&show_faces=false&width=350&action=like&font&colorscheme=light&height=40
Resolving www.facebook.com... 69.171.224.32, 2a03:2880:10:8f01:face:b00c:0:25
Connecting to www.facebook.com|69.171.224.32|:80... connected.
HTTP request sent, awaiting response... 200 OK
Length: unspecified [text/html]
Saving to: `code/../crawls/www.earthlink.net/Internet-Service-Agreement/raw/www.facebook.com/plugins/like.php?href=http%3A%2F%2Fwww.facebook.com%2Fearthlink&layout=standard&show_faces=false&width=350&action=like&font&colorscheme.html'

     0K .......... .                                            405K=0.03s

2012-11-12 05:18:54 (405 KB/s) - `code/../crawls/www.earthlink.net/Internet-Service-Agreement/raw/www.facebook.com/plugins/like.php?href=http%3A%2F%2Fwww.facebook.com%2Fearthlink&layout=standard&show_faces=false&width=350&action=like&font&colorscheme.html' saved [12269]

--2012-11-12 05:18:54--  http://www.earthlink.net/img/com/pixel.gif
Connecting to www.earthlink.net|209.86.62.44|:80... connected.
HTTP request sent, awaiting response... 200 OK
Length: 43 [image/gif]
Saving to: `code/../crawls/www.earthlink.net/Internet-Service-Agreement/raw/www.earthlink.net/img/com/pixel.gif'

     0K                                                       100% 7.03M=0s

2012-11-12 05:18:54 (7.03 MB/s) - `code/../crawls/www.earthlink.net/Internet-Service-Agreement/raw/www.earthlink.net/img/com/pixel.gif' saved [43/43]

--2012-11-12 05:18:54--  http://www.earthlink.net/js/s_code.js
Reusing existing connection to www.earthlink.net:80.
HTTP request sent, awaiting response... 200 OK
Length: 22660 (22K) [application/javascript]
Saving to: `code/../crawls/www.earthlink.net/Internet-Service-Agreement/raw/www.earthlink.net/js/s_code.js'

     0K .......... .......... ..                              100%  132K=0.2s

2012-11-12 05:18:54 (132 KB/s) - `code/../crawls/www.earthlink.net/Internet-Service-Agreement/raw/www.earthlink.net/js/s_code.js' saved [22660/22660]

--2012-11-12 05:18:54--  http://www.earthlink.net/js/common.js
Reusing existing connection to www.earthlink.net:80.
HTTP request sent, awaiting response... 200 OK
Length: 17313 (17K) [application/javascript]
Saving to: `code/../crawls/www.earthlink.net/Internet-Service-Agreement/raw/www.earthlink.net/js/common.js'

     0K .......... ......                                     100%  261K=0.06s

2012-11-12 05:18:54 (261 KB/s) - `code/../crawls/www.earthlink.net/Internet-Service-Agreement/raw/www.earthlink.net/js/common.js' saved [17313/17313]

--2012-11-12 05:18:54--  http://www.earthlink.net/js/www.js
Reusing existing connection to www.earthlink.net:80.
HTTP request sent, awaiting response... 200 OK
Length: 5085 (5.0K) [application/javascript]
Saving to: `code/../crawls/www.earthlink.net/Internet-Service-Agreement/raw/www.earthlink.net/js/www.js'

     0K ....                                                  100% 7.10M=0.001s

2012-11-12 05:18:54 (7.10 MB/s) - `code/../crawls/www.earthlink.net/Internet-Service-Agreement/raw/www.earthlink.net/js/www.js' saved [5085/5085]

--2012-11-12 05:18:54--  http://www.earthlink.net/js/popup_iframe.js
Reusing existing connection to www.earthlink.net:80.
HTTP request sent, awaiting response... 200 OK
Length: 3835 (3.7K) [application/javascript]
Saving to: `code/../crawls/www.earthlink.net/Internet-Service-Agreement/raw/www.earthlink.net/js/popup_iframe.js'

     0K ...                                                   100% 8.00M=0s

2012-11-12 05:18:54 (8.00 MB/s) - `code/../crawls/www.earthlink.net/Internet-Service-Agreement/raw/www.earthlink.net/js/popup_iframe.js' saved [3835/3835]

--2012-11-12 05:18:54--  http://www.earthlink.net/js/flash_loader.js
Reusing existing connection to www.earthlink.net:80.
HTTP request sent, awaiting response... 200 OK
Length: 764 [application/javascript]
Saving to: `code/../crawls/www.earthlink.net/Internet-Service-Agreement/raw/www.earthlink.net/js/flash_loader.js'

     0K                                                       100% 4.98M=0s

2012-11-12 05:18:54 (4.98 MB/s) - `code/../crawls/www.earthlink.net/Internet-Service-Agreement/raw/www.earthlink.net/js/flash_loader.js' saved [764/764]

--2012-11-12 05:18:54--  http://www.earthlink.net/img/com/squares.gif
Reusing existing connection to www.earthlink.net:80.
HTTP request sent, awaiting response... 200 OK
Length: 100380 (98K) [image/gif]
Saving to: `code/../crawls/www.earthlink.net/Internet-Service-Agreement/raw/www.earthlink.net/img/com/squares.gif'

     0K .......... .......... .......... .......... .......... 51%  743K 0s
    50K .......... .......... .......... .......... ........  100%  382K=0.2s

2012-11-12 05:18:55 (508 KB/s) - `code/../crawls/www.earthlink.net/Internet-Service-Agreement/raw/www.earthlink.net/img/com/squares.gif' saved [100380/100380]

--2012-11-12 05:18:55--  http://www.earthlink.net/img/com/support_btn.gif
Reusing existing connection to www.earthlink.net:80.
HTTP request sent, awaiting response... 200 OK
Length: 4624 (4.5K) [image/gif]
Saving to: `code/../crawls/www.earthlink.net/Internet-Service-Agreement/raw/www.earthlink.net/img/com/support_btn.gif'

     0K ....                                                  100% 70.0K=0.06s

2012-11-12 05:18:55 (70.0 KB/s) - `code/../crawls/www.earthlink.net/Internet-Service-Agreement/raw/www.earthlink.net/img/com/support_btn.gif' saved [4624/4624]

--2012-11-12 05:18:55--  http://www.earthlink.net/img/com/live_chat_close_btn.gif
Reusing existing connection to www.earthlink.net:80.
HTTP request sent, awaiting response... 200 OK
Length: 739 [image/gif]
Saving to: `code/../crawls/www.earthlink.net/Internet-Service-Agreement/raw/www.earthlink.net/img/com/live_chat_close_btn.gif'

     0K                                                       100% 61.0M=0s

2012-11-12 05:18:55 (61.0 MB/s) - `code/../crawls/www.earthlink.net/Internet-Service-Agreement/raw/www.earthlink.net/img/com/live_chat_close_btn.gif' saved [739/739]

--2012-11-12 05:18:55--  http://www.earthlink.net/img/www/topright/btn_sales_agent.gif
Reusing existing connection to www.earthlink.net:80.
HTTP request sent, awaiting response... 200 OK
Length: 2493 (2.4K) [image/gif]
Saving to: `code/../crawls/www.earthlink.net/Internet-Service-Agreement/raw/www.earthlink.net/img/www/topright/btn_sales_agent.gif'

     0K ..                                                    100% 8.59M=0s

2012-11-12 05:18:55 (8.59 MB/s) - `code/../crawls/www.earthlink.net/Internet-Service-Agreement/raw/www.earthlink.net/img/www/topright/btn_sales_agent.gif' saved [2493/2493]

--2012-11-12 05:18:55--  http://www.earthlink.net/img/www/topright/btn_supportagent.gif
Reusing existing connection to www.earthlink.net:80.
HTTP request sent, awaiting response... 200 OK
Length: 2033 (2.0K) [image/gif]
Saving to: `code/../crawls/www.earthlink.net/Internet-Service-Agreement/raw/www.earthlink.net/img/www/topright/btn_supportagent.gif'

     0K .                                                     100% 6.72M=0s

2012-11-12 05:18:55 (6.72 MB/s) - `code/../crawls/www.earthlink.net/Internet-Service-Agreement/raw/www.earthlink.net/img/www/topright/btn_supportagent.gif' saved [2033/2033]

--2012-11-12 05:18:55--  http://www.earthlink.net/css/core.css
Reusing existing connection to www.earthlink.net:80.
HTTP request sent, awaiting response... 200 OK
Length: 9039 (8.8K) [text/css]
Saving to: `code/../crawls/www.earthlink.net/Internet-Service-Agreement/raw/www.earthlink.net/css/core.css'

     0K ........                                              100% 8.81M=0.001s

2012-11-12 05:18:55 (8.81 MB/s) - `code/../crawls/www.earthlink.net/Internet-Service-Agreement/raw/www.earthlink.net/css/core.css' saved [9039/9039]

--2012-11-12 05:18:55--  http://www.earthlink.net/css/core_img.css
Reusing existing connection to www.earthlink.net:80.
HTTP request sent, awaiting response... 200 OK
Length: 5183 (5.1K) [text/css]
Saving to: `code/../crawls/www.earthlink.net/Internet-Service-Agreement/raw/www.earthlink.net/css/core_img.css'

     0K .....                                                 100% 78.6K=0.06s

2012-11-12 05:18:55 (78.6 KB/s) - `code/../crawls/www.earthlink.net/Internet-Service-Agreement/raw/www.earthlink.net/css/core_img.css' saved [5183/5183]

--2012-11-12 05:18:55--  http://www.earthlink.net/img/www/box_preq_mid.gif
Reusing existing connection to www.earthlink.net:80.
HTTP request sent, awaiting response... 200 OK
Length: 71 [image/gif]
Saving to: `code/../crawls/www.earthlink.net/Internet-Service-Agreement/raw/www.earthlink.net/img/www/box_preq_mid.gif'

     0K                                                       100% 13.3M=0s

2012-11-12 05:18:55 (13.3 MB/s) - `code/../crawls/www.earthlink.net/Internet-Service-Agreement/raw/www.earthlink.net/img/www/box_preq_mid.gif' saved [71/71]

--2012-11-12 05:18:55--  http://www.earthlink.net/img/www/home/prequal-widget-background.png
Reusing existing connection to www.earthlink.net:80.
HTTP request sent, awaiting response... 200 OK
Length: 46741 (46K) [image/png]
Saving to: `code/../crawls/www.earthlink.net/Internet-Service-Agreement/raw/www.earthlink.net/img/www/home/prequal-widget-background.png'

     0K .......... .......... .......... .......... .....     100%  341K=0.1s

2012-11-12 05:18:55 (341 KB/s) - `code/../crawls/www.earthlink.net/Internet-Service-Agreement/raw/www.earthlink.net/img/www/home/prequal-widget-background.png' saved [46741/46741]

--2012-11-12 05:18:55--  http://www.earthlink.net/img/www/home/prequal-widget-qualify-background.png
Reusing existing connection to www.earthlink.net:80.
HTTP request sent, awaiting response... 200 OK
Length: 47653 (47K) [image/png]
Saving to: `code/../crawls/www.earthlink.net/Internet-Service-Agreement/raw/www.earthlink.net/img/www/home/prequal-widget-qualify-background.png'

     0K .......... .......... .......... .......... ......    100%  239K=0.2s

2012-11-12 05:18:56 (239 KB/s) - `code/../crawls/www.earthlink.net/Internet-Service-Agreement/raw/www.earthlink.net/img/www/home/prequal-widget-qualify-background.png' saved [47653/47653]

--2012-11-12 05:18:56--  http://www.earthlink.net/img/www/home/prequal-widget-pqe-background.png
Reusing existing connection to www.earthlink.net:80.
HTTP request sent, awaiting response... 200 OK
Length: 48343 (47K) [image/png]
Saving to: `code/../crawls/www.earthlink.net/Internet-Service-Agreement/raw/www.earthlink.net/img/www/home/prequal-widget-pqe-background.png'

     0K .......... .......... .......... .......... .......   100%  630K=0.07s

2012-11-12 05:18:56 (630 KB/s) - `code/../crawls/www.earthlink.net/Internet-Service-Agreement/raw/www.earthlink.net/img/www/home/prequal-widget-pqe-background.png' saved [48343/48343]

--2012-11-12 05:18:56--  http://www.earthlink.net/img/www/box_w238_top.gif
Reusing existing connection to www.earthlink.net:80.
HTTP request sent, awaiting response... 200 OK
Length: 1806 (1.8K) [image/gif]
Saving to: `code/../crawls/www.earthlink.net/Internet-Service-Agreement/raw/www.earthlink.net/img/www/box_w238_top.gif'

     0K .                                                     100% 4.84M=0s

2012-11-12 05:18:56 (4.84 MB/s) - `code/../crawls/www.earthlink.net/Internet-Service-Agreement/raw/www.earthlink.net/img/www/box_w238_top.gif' saved [1806/1806]

--2012-11-12 05:18:56--  http://www.earthlink.net/img/www/box_w238_bg.gif
Reusing existing connection to www.earthlink.net:80.
HTTP request sent, awaiting response... 200 OK
Length: 619 [image/gif]
Saving to: `code/../crawls/www.earthlink.net/Internet-Service-Agreement/raw/www.earthlink.net/img/www/box_w238_bg.gif'

     0K                                                       100% 12.4M=0s

2012-11-12 05:18:56 (12.4 MB/s) - `code/../crawls/www.earthlink.net/Internet-Service-Agreement/raw/www.earthlink.net/img/www/box_w238_bg.gif' saved [619/619]

--2012-11-12 05:18:56--  http://www.earthlink.net/img/www/box_w238_bot.gif
Reusing existing connection to www.earthlink.net:80.
HTTP request sent, awaiting response... 200 OK
Length: 1611 (1.6K) [image/gif]
Saving to: `code/../crawls/www.earthlink.net/Internet-Service-Agreement/raw/www.earthlink.net/img/www/box_w238_bot.gif'

     0K .                                                     100% 4.36M=0s

2012-11-12 05:18:56 (4.36 MB/s) - `code/../crawls/www.earthlink.net/Internet-Service-Agreement/raw/www.earthlink.net/img/www/box_w238_bot.gif' saved [1611/1611]

--2012-11-12 05:18:56--  http://www.earthlink.net/img/www/box_w468_bg.gif
Reusing existing connection to www.earthlink.net:80.
HTTP request sent, awaiting response... 200 OK
Length: 1713 (1.7K) [image/gif]
Saving to: `code/../crawls/www.earthlink.net/Internet-Service-Agreement/raw/www.earthlink.net/img/www/box_w468_bg.gif'

     0K .                                                     100% 7.75M=0s

2012-11-12 05:18:56 (7.75 MB/s) - `code/../crawls/www.earthlink.net/Internet-Service-Agreement/raw/www.earthlink.net/img/www/box_w468_bg.gif' saved [1713/1713]

--2012-11-12 05:18:56--  http://www.earthlink.net/img/www/box_w238_bg2.gif
Reusing existing connection to www.earthlink.net:80.
HTTP request sent, awaiting response... 200 OK
Length: 1142 (1.1K) [image/gif]
Saving to: `code/../crawls/www.earthlink.net/Internet-Service-Agreement/raw/www.earthlink.net/img/www/box_w238_bg2.gif'

     0K .                                                     100% 5.96M=0s

2012-11-12 05:18:56 (5.96 MB/s) - `code/../crawls/www.earthlink.net/Internet-Service-Agreement/raw/www.earthlink.net/img/www/box_w238_bg2.gif' saved [1142/1142]

--2012-11-12 05:18:56--  http://www.earthlink.net/img/www/box_w238a_bg.gif
Reusing existing connection to www.earthlink.net:80.
HTTP request sent, awaiting response... 200 OK
Length: 1018 [image/gif]
Saving to: `code/../crawls/www.earthlink.net/Internet-Service-Agreement/raw/www.earthlink.net/img/www/box_w238a_bg.gif'

     0K                                                       100% 5.21M=0s

2012-11-12 05:18:56 (5.21 MB/s) - `code/../crawls/www.earthlink.net/Internet-Service-Agreement/raw/www.earthlink.net/img/www/box_w238a_bg.gif' saved [1018/1018]

--2012-11-12 05:18:56--  http://www.earthlink.net/img/www/box_w238_bot2.gif
Reusing existing connection to www.earthlink.net:80.
HTTP request sent, awaiting response... 200 OK
Length: 3307 (3.2K) [image/gif]
Saving to: `code/../crawls/www.earthlink.net/Internet-Service-Agreement/raw/www.earthlink.net/img/www/box_w238_bot2.gif'

     0K ...                                                   100% 4.51M=0.001s

2012-11-12 05:18:56 (4.51 MB/s) - `code/../crawls/www.earthlink.net/Internet-Service-Agreement/raw/www.earthlink.net/img/www/box_w238_bot2.gif' saved [3307/3307]

--2012-11-12 05:18:56--  http://www.earthlink.net/img/www/box_w238_bot2a.gif
Reusing existing connection to www.earthlink.net:80.
HTTP request sent, awaiting response... 200 OK
Length: 2041 (2.0K) [image/gif]
Saving to: `code/../crawls/www.earthlink.net/Internet-Service-Agreement/raw/www.earthlink.net/img/www/box_w238_bot2a.gif'

     0K .                                                     100% 14.9M=0s

2012-11-12 05:18:56 (14.9 MB/s) - `code/../crawls/www.earthlink.net/Internet-Service-Agreement/raw/www.earthlink.net/img/www/box_w238_bot2a.gif' saved [2041/2041]

--2012-11-12 05:18:56--  http://www.earthlink.net/img/www/yellowbox_bg.gif
Reusing existing connection to www.earthlink.net:80.
HTTP request sent, awaiting response... 200 OK
Length: 834 [image/gif]
Saving to: `code/../crawls/www.earthlink.net/Internet-Service-Agreement/raw/www.earthlink.net/img/www/yellowbox_bg.gif'

     0K                                                       100% 4.73M=0s

2012-11-12 05:18:56 (4.73 MB/s) - `code/../crawls/www.earthlink.net/Internet-Service-Agreement/raw/www.earthlink.net/img/www/yellowbox_bg.gif' saved [834/834]

--2012-11-12 05:18:56--  http://www.earthlink.net/img/www/yellowbox_hdr.gif
Reusing existing connection to www.earthlink.net:80.
HTTP request sent, awaiting response... 200 OK
Length: 934 [image/gif]
Saving to: `code/../crawls/www.earthlink.net/Internet-Service-Agreement/raw/www.earthlink.net/img/www/yellowbox_hdr.gif'

     0K                                                       100% 10.6M=0s

2012-11-12 05:18:56 (10.6 MB/s) - `code/../crawls/www.earthlink.net/Internet-Service-Agreement/raw/www.earthlink.net/img/www/yellowbox_hdr.gif' saved [934/934]

--2012-11-12 05:18:56--  http://www.earthlink.net/img/www/yellowbox_btm.gif
Reusing existing connection to www.earthlink.net:80.
HTTP request sent, awaiting response... 200 OK
Length: 989 [image/gif]
Saving to: `code/../crawls/www.earthlink.net/Internet-Service-Agreement/raw/www.earthlink.net/img/www/yellowbox_btm.gif'

     0K                                                       100% 4.98M=0s

2012-11-12 05:18:56 (4.98 MB/s) - `code/../crawls/www.earthlink.net/Internet-Service-Agreement/raw/www.earthlink.net/img/www/yellowbox_btm.gif' saved [989/989]

--2012-11-12 05:18:56--  http://www.earthlink.net/img/www/box_w186_bg.gif
Reusing existing connection to www.earthlink.net:80.
HTTP request sent, awaiting response... 200 OK
Length: 7211 (7.0K) [image/gif]
Saving to: `code/../crawls/www.earthlink.net/Internet-Service-Agreement/raw/www.earthlink.net/img/www/box_w186_bg.gif'

     0K .......                                               100%  109K=0.06s

2012-11-12 05:18:57 (109 KB/s) - `code/../crawls/www.earthlink.net/Internet-Service-Agreement/raw/www.earthlink.net/img/www/box_w186_bg.gif' saved [7211/7211]

--2012-11-12 05:18:57--  http://www.earthlink.net/img/www/box_bg_fc2_2.gif
Reusing existing connection to www.earthlink.net:80.
HTTP request sent, awaiting response... 200 OK
Length: 1292 (1.3K) [image/gif]
Saving to: `code/../crawls/www.earthlink.net/Internet-Service-Agreement/raw/www.earthlink.net/img/www/box_bg_fc2_2.gif'

     0K .                                                     100% 3.71M=0s

2012-11-12 05:18:57 (3.71 MB/s) - `code/../crawls/www.earthlink.net/Internet-Service-Agreement/raw/www.earthlink.net/img/www/box_bg_fc2_2.gif' saved [1292/1292]

--2012-11-12 05:18:57--  http://www.earthlink.net/img/www/box_bg_fc5.gif
Reusing existing connection to www.earthlink.net:80.
HTTP request sent, awaiting response... 200 OK
Length: 1213 (1.2K) [image/gif]
Saving to: `code/../crawls/www.earthlink.net/Internet-Service-Agreement/raw/www.earthlink.net/img/www/box_bg_fc5.gif'

     0K .                                                     100% 4.85M=0s

2012-11-12 05:18:57 (4.85 MB/s) - `code/../crawls/www.earthlink.net/Internet-Service-Agreement/raw/www.earthlink.net/img/www/box_bg_fc5.gif' saved [1213/1213]

--2012-11-12 05:18:57--  http://www.earthlink.net/img/www/box_w214_bg.gif
Reusing existing connection to www.earthlink.net:80.
HTTP request sent, awaiting response... 200 OK
Length: 2024 (2.0K) [image/gif]
Saving to: `code/../crawls/www.earthlink.net/Internet-Service-Agreement/raw/www.earthlink.net/img/www/box_w214_bg.gif'

     0K .                                                     100% 11.5M=0s

2012-11-12 05:18:57 (11.5 MB/s) - `code/../crawls/www.earthlink.net/Internet-Service-Agreement/raw/www.earthlink.net/img/www/box_w214_bg.gif' saved [2024/2024]

--2012-11-12 05:18:57--  http://www.earthlink.net/img/www/box_w193_mid.gif
Reusing existing connection to www.earthlink.net:80.
HTTP request sent, awaiting response... 200 OK
Length: 2593 (2.5K) [image/gif]
Saving to: `code/../crawls/www.earthlink.net/Internet-Service-Agreement/raw/www.earthlink.net/img/www/box_w193_mid.gif'

     0K ..                                                    100% 14.1M=0s

2012-11-12 05:18:57 (14.1 MB/s) - `code/../crawls/www.earthlink.net/Internet-Service-Agreement/raw/www.earthlink.net/img/www/box_w193_mid.gif' saved [2593/2593]

--2012-11-12 05:18:57--  http://www.earthlink.net/img/www/home/www_splash_hs_bg.jpg
Reusing existing connection to www.earthlink.net:80.
HTTP request sent, awaiting response... 200 OK
Length: 13748 (13K) [image/jpeg]
Saving to: `code/../crawls/www.earthlink.net/Internet-Service-Agreement/raw/www.earthlink.net/img/www/home/www_splash_hs_bg.jpg'

     0K .......... ...                                        100%  207K=0.06s

2012-11-12 05:18:57 (207 KB/s) - `code/../crawls/www.earthlink.net/Internet-Service-Agreement/raw/www.earthlink.net/img/www/home/www_splash_hs_bg.jpg' saved [13748/13748]

--2012-11-12 05:18:57--  http://www.earthlink.net/img/www/home/product_tiles_background.png
Reusing existing connection to www.earthlink.net:80.
HTTP request sent, awaiting response... 200 OK
Length: 46437 (45K) [image/png]
Saving to: `code/../crawls/www.earthlink.net/Internet-Service-Agreement/raw/www.earthlink.net/img/www/home/product_tiles_background.png'

     0K .......... .......... .......... .......... .....     100%  681K=0.07s

2012-11-12 05:18:57 (681 KB/s) - `code/../crawls/www.earthlink.net/Internet-Service-Agreement/raw/www.earthlink.net/img/www/home/product_tiles_background.png' saved [46437/46437]

--2012-11-12 05:18:57--  http://www.earthlink.net/img/www/home/www_splash_dialup_bg.jpg
Reusing existing connection to www.earthlink.net:80.
HTTP request sent, awaiting response... 200 OK
Length: 27046 (26K) [image/jpeg]
Saving to: `code/../crawls/www.earthlink.net/Internet-Service-Agreement/raw/www.earthlink.net/img/www/home/www_splash_dialup_bg.jpg'

     0K .......... .......... ......                          100%  205K=0.1s

2012-11-12 05:18:57 (205 KB/s) - `code/../crawls/www.earthlink.net/Internet-Service-Agreement/raw/www.earthlink.net/img/www/home/www_splash_dialup_bg.jpg' saved [27046/27046]

--2012-11-12 05:18:57--  http://www.earthlink.net/img/www/home/www_splash_hosting_bg.jpg
Reusing existing connection to www.earthlink.net:80.
HTTP request sent, awaiting response... 200 OK
Length: 18380 (18K) [image/jpeg]
Saving to: `code/../crawls/www.earthlink.net/Internet-Service-Agreement/raw/www.earthlink.net/img/www/home/www_splash_hosting_bg.jpg'

     0K .......... .......                                    100%  278K=0.06s

2012-11-12 05:18:57 (278 KB/s) - `code/../crawls/www.earthlink.net/Internet-Service-Agreement/raw/www.earthlink.net/img/www/home/www_splash_hosting_bg.jpg' saved [18380/18380]

--2012-11-12 05:18:57--  http://www.earthlink.net/img/www/home/www_splash_software_bg.jpg
Reusing existing connection to www.earthlink.net:80.
HTTP request sent, awaiting response... 200 OK
Length: 19821 (19K) [image/jpeg]
Saving to: `code/../crawls/www.earthlink.net/Internet-Service-Agreement/raw/www.earthlink.net/img/www/home/www_splash_software_bg.jpg'

     0K .......... .........                                  100% 56.4K=0.3s

2012-11-12 05:18:58 (56.4 KB/s) - `code/../crawls/www.earthlink.net/Internet-Service-Agreement/raw/www.earthlink.net/img/www/home/www_splash_software_bg.jpg' saved [19821/19821]

--2012-11-12 05:18:58--  http://www.earthlink.net/img/www/home/www_splash_member_bg.jpg
Reusing existing connection to www.earthlink.net:80.
HTTP request sent, awaiting response... 200 OK
Length: 16498 (16K) [image/jpeg]
Saving to: `code/../crawls/www.earthlink.net/Internet-Service-Agreement/raw/www.earthlink.net/img/www/home/www_splash_member_bg.jpg'

     0K .......... ......                                     100%  402K=0.04s

2012-11-12 05:18:58 (402 KB/s) - `code/../crawls/www.earthlink.net/Internet-Service-Agreement/raw/www.earthlink.net/img/www/home/www_splash_member_bg.jpg' saved [16498/16498]

--2012-11-12 05:18:58--  http://www.earthlink.net/img/www/nav/dropdown/subnav_bg.png
Reusing existing connection to www.earthlink.net:80.
HTTP request sent, awaiting response... 200 OK
Length: 13626 (13K) [image/png]
Saving to: `code/../crawls/www.earthlink.net/Internet-Service-Agreement/raw/www.earthlink.net/img/www/nav/dropdown/subnav_bg.png'

     0K .......... ...                                        100%  104K=0.1s

2012-11-12 05:18:58 (104 KB/s) - `code/../crawls/www.earthlink.net/Internet-Service-Agreement/raw/www.earthlink.net/img/www/nav/dropdown/subnav_bg.png' saved [13626/13626]

--2012-11-12 05:18:58--  http://www.earthlink.net/img/www/about/www_nav_stripe_bg.gif
Reusing existing connection to www.earthlink.net:80.
HTTP request sent, awaiting response... 200 OK
Length: 50 [image/gif]
Saving to: `code/../crawls/www.earthlink.net/Internet-Service-Agreement/raw/www.earthlink.net/img/www/about/www_nav_stripe_bg.gif'

     0K                                                       100% 8.83M=0s

2012-11-12 05:18:58 (8.83 MB/s) - `code/../crawls/www.earthlink.net/Internet-Service-Agreement/raw/www.earthlink.net/img/www/about/www_nav_stripe_bg.gif' saved [50/50]

--2012-11-12 05:18:58--  http://www.earthlink.net/img/www/access/cable/www_cable_box_mid.gif
Reusing existing connection to www.earthlink.net:80.
HTTP request sent, awaiting response... 200 OK
Length: 82 [image/gif]
Saving to: `code/../crawls/www.earthlink.net/Internet-Service-Agreement/raw/www.earthlink.net/img/www/access/cable/www_cable_box_mid.gif'

     0K                                                       100% 13.2M=0s

2012-11-12 05:18:58 (13.2 MB/s) - `code/../crawls/www.earthlink.net/Internet-Service-Agreement/raw/www.earthlink.net/img/www/access/cable/www_cable_box_mid.gif' saved [82/82]

--2012-11-12 05:18:58--  http://www.earthlink.net/img/www/nav/dropdown/nav-background.png
Reusing existing connection to www.earthlink.net:80.
HTTP request sent, awaiting response... 200 OK
Length: 1125 (1.1K) [image/png]
Saving to: `code/../crawls/www.earthlink.net/Internet-Service-Agreement/raw/www.earthlink.net/img/www/nav/dropdown/nav-background.png'

     0K .                                                     100% 2.30M=0s

2012-11-12 05:18:58 (2.30 MB/s) - `code/../crawls/www.earthlink.net/Internet-Service-Agreement/raw/www.earthlink.net/img/www/nav/dropdown/nav-background.png' saved [1125/1125]

--2012-11-12 05:18:58--  http://www.earthlink.net/img/www/box_w666_gry_bg.gif
Reusing existing connection to www.earthlink.net:80.
HTTP request sent, awaiting response... 200 OK
Length: 851 [image/gif]
Saving to: `code/../crawls/www.earthlink.net/Internet-Service-Agreement/raw/www.earthlink.net/img/www/box_w666_gry_bg.gif'

     0K                                                       100% 5.59M=0s

2012-11-12 05:18:58 (5.59 MB/s) - `code/../crawls/www.earthlink.net/Internet-Service-Agreement/raw/www.earthlink.net/img/www/box_w666_gry_bg.gif' saved [851/851]

--2012-11-12 05:18:58--  http://www.earthlink.net/img/store/store_promo_code_box_bg.gif
Reusing existing connection to www.earthlink.net:80.
HTTP request sent, awaiting response... 200 OK
Length: 167 [image/gif]
Saving to: `code/../crawls/www.earthlink.net/Internet-Service-Agreement/raw/www.earthlink.net/img/store/store_promo_code_box_bg.gif'

     0K                                                       100% 28.4M=0s

2012-11-12 05:18:58 (28.4 MB/s) - `code/../crawls/www.earthlink.net/Internet-Service-Agreement/raw/www.earthlink.net/img/store/store_promo_code_box_bg.gif' saved [167/167]

--2012-11-12 05:18:58--  http://www.earthlink.net/img/www/about/leaders/www_leaders_box_bg.gif
Reusing existing connection to www.earthlink.net:80.
HTTP request sent, awaiting response... 200 OK
Length: 559 [image/gif]
Saving to: `code/../crawls/www.earthlink.net/Internet-Service-Agreement/raw/www.earthlink.net/img/www/about/leaders/www_leaders_box_bg.gif'

     0K                                                       100% 1.02M=0.001s

2012-11-12 05:18:59 (1.02 MB/s) - `code/../crawls/www.earthlink.net/Internet-Service-Agreement/raw/www.earthlink.net/img/www/about/leaders/www_leaders_box_bg.gif' saved [559/559]

--2012-11-12 05:18:59--  http://www.earthlink.net/img/www/www_pqe_inner_btm.gif
Reusing existing connection to www.earthlink.net:80.
HTTP request sent, awaiting response... 200 OK
Length: 362 [image/gif]
Saving to: `code/../crawls/www.earthlink.net/Internet-Service-Agreement/raw/www.earthlink.net/img/www/www_pqe_inner_btm.gif'

     0K                                                       100% 27.3M=0s

2012-11-12 05:18:59 (27.3 MB/s) - `code/../crawls/www.earthlink.net/Internet-Service-Agreement/raw/www.earthlink.net/img/www/www_pqe_inner_btm.gif' saved [362/362]

--2012-11-12 05:18:59--  http://www.earthlink.net/img/www/hosting/www_hosting_domain_search_bg.gif
Reusing existing connection to www.earthlink.net:80.
HTTP request sent, awaiting response... 200 OK
Length: 312 [image/gif]
Saving to: `code/../crawls/www.earthlink.net/Internet-Service-Agreement/raw/www.earthlink.net/img/www/hosting/www_hosting_domain_search_bg.gif'

     0K                                                       100% 23.1M=0s

2012-11-12 05:18:59 (23.1 MB/s) - `code/../crawls/www.earthlink.net/Internet-Service-Agreement/raw/www.earthlink.net/img/www/hosting/www_hosting_domain_search_bg.gif' saved [312/312]

--2012-11-12 05:18:59--  http://www.earthlink.net/img/com/www_arrowblock_gray.gif
Reusing existing connection to www.earthlink.net:80.
HTTP request sent, awaiting response... 200 OK
Length: 287 [image/gif]
Saving to: `code/../crawls/www.earthlink.net/Internet-Service-Agreement/raw/www.earthlink.net/img/com/www_arrowblock_gray.gif'

     0K                                                       100% 22.9M=0s

2012-11-12 05:18:59 (22.9 MB/s) - `code/../crawls/www.earthlink.net/Internet-Service-Agreement/raw/www.earthlink.net/img/com/www_arrowblock_gray.gif' saved [287/287]

--2012-11-12 05:18:59--  http://www.earthlink.net/img/com/www_arrowblock_orange.gif
Reusing existing connection to www.earthlink.net:80.
HTTP request sent, awaiting response... 200 OK
Length: 405 [image/gif]
Saving to: `code/../crawls/www.earthlink.net/Internet-Service-Agreement/raw/www.earthlink.net/img/com/www_arrowblock_orange.gif'

     0K                                                       100% 34.5M=0s

2012-11-12 05:18:59 (34.5 MB/s) - `code/../crawls/www.earthlink.net/Internet-Service-Agreement/raw/www.earthlink.net/img/com/www_arrowblock_orange.gif' saved [405/405]

--2012-11-12 05:18:59--  http://www.earthlink.net/img/com/www_arrowblock_purple.gif
Reusing existing connection to www.earthlink.net:80.
HTTP request sent, awaiting response... 200 OK
Length: 266 [image/gif]
Saving to: `code/../crawls/www.earthlink.net/Internet-Service-Agreement/raw/www.earthlink.net/img/com/www_arrowblock_purple.gif'

     0K                                                       100% 21.2M=0s

2012-11-12 05:18:59 (21.2 MB/s) - `code/../crawls/www.earthlink.net/Internet-Service-Agreement/raw/www.earthlink.net/img/com/www_arrowblock_purple.gif' saved [266/266]

--2012-11-12 05:18:59--  http://www.earthlink.net/img/com/www_arrowblock_seablue.gif
Reusing existing connection to www.earthlink.net:80.
HTTP request sent, awaiting response... 200 OK
Length: 423 [image/gif]
Saving to: `code/../crawls/www.earthlink.net/Internet-Service-Agreement/raw/www.earthlink.net/img/com/www_arrowblock_seablue.gif'

     0K                                                       100% 9.64M=0s

2012-11-12 05:18:59 (9.64 MB/s) - `code/../crawls/www.earthlink.net/Internet-Service-Agreement/raw/www.earthlink.net/img/com/www_arrowblock_seablue.gif' saved [423/423]

--2012-11-12 05:18:59--  http://www.earthlink.net/img/com/www_arrowblock_skyblue.gif
Reusing existing connection to www.earthlink.net:80.
HTTP request sent, awaiting response... 200 OK
Length: 405 [image/gif]
Saving to: `code/../crawls/www.earthlink.net/Internet-Service-Agreement/raw/www.earthlink.net/img/com/www_arrowblock_skyblue.gif'

     0K                                                       100% 34.4M=0s

2012-11-12 05:18:59 (34.4 MB/s) - `code/../crawls/www.earthlink.net/Internet-Service-Agreement/raw/www.earthlink.net/img/com/www_arrowblock_skyblue.gif' saved [405/405]

--2012-11-12 05:18:59--  http://www.earthlink.net/img/com/www_arrowblock_green.gif
Reusing existing connection to www.earthlink.net:80.
HTTP request sent, awaiting response... 200 OK
Length: 531 [image/gif]
Saving to: `code/../crawls/www.earthlink.net/Internet-Service-Agreement/raw/www.earthlink.net/img/com/www_arrowblock_green.gif'

     0K                                                       100% 40.4M=0s

2012-11-12 05:18:59 (40.4 MB/s) - `code/../crawls/www.earthlink.net/Internet-Service-Agreement/raw/www.earthlink.net/img/com/www_arrowblock_green.gif' saved [531/531]

--2012-11-12 05:18:59--  http://www.earthlink.net/img/com/search/websearch_box_top.gif
Reusing existing connection to www.earthlink.net:80.
HTTP request sent, awaiting response... 200 OK
Length: 209 [image/gif]
Saving to: `code/../crawls/www.earthlink.net/Internet-Service-Agreement/raw/www.earthlink.net/img/com/search/websearch_box_top.gif'

     0K                                                       100% 35.5M=0s

2012-11-12 05:18:59 (35.5 MB/s) - `code/../crawls/www.earthlink.net/Internet-Service-Agreement/raw/www.earthlink.net/img/com/search/websearch_box_top.gif' saved [209/209]

--2012-11-12 05:18:59--  http://www.earthlink.net/img/com/search/websearch_box_btm.gif
Reusing existing connection to www.earthlink.net:80.
HTTP request sent, awaiting response... 200 OK
Length: 206 [image/gif]
Saving to: `code/../crawls/www.earthlink.net/Internet-Service-Agreement/raw/www.earthlink.net/img/com/search/websearch_box_btm.gif'

     0K                                                       100% 35.8M=0s

2012-11-12 05:18:59 (35.8 MB/s) - `code/../crawls/www.earthlink.net/Internet-Service-Agreement/raw/www.earthlink.net/img/com/search/websearch_box_btm.gif' saved [206/206]

--2012-11-12 05:18:59--  http://www.earthlink.net/img/www/search/search_bg.gif
Reusing existing connection to www.earthlink.net:80.
HTTP request sent, awaiting response... 200 OK
Length: 48 [image/gif]
Saving to: `code/../crawls/www.earthlink.net/Internet-Service-Agreement/raw/www.earthlink.net/img/www/search/search_bg.gif'

     0K                                                       100% 8.19M=0s

2012-11-12 05:18:59 (8.19 MB/s) - `code/../crawls/www.earthlink.net/Internet-Service-Agreement/raw/www.earthlink.net/img/www/search/search_bg.gif' saved [48/48]

--2012-11-12 05:18:59--  http://www.earthlink.net/img/www/topright/viewcart.gif
Reusing existing connection to www.earthlink.net:80.
HTTP request sent, awaiting response... 200 OK
Length: 1613 (1.6K) [image/gif]
Saving to: `code/../crawls/www.earthlink.net/Internet-Service-Agreement/raw/www.earthlink.net/img/www/topright/viewcart.gif'

     0K .                                                     100% 5.11M=0s

2012-11-12 05:18:59 (5.11 MB/s) - `code/../crawls/www.earthlink.net/Internet-Service-Agreement/raw/www.earthlink.net/img/www/topright/viewcart.gif' saved [1613/1613]

--2012-11-12 05:18:59--  http://www.earthlink.net/img/www/topright/holdfree_chat_window.gif
Reusing existing connection to www.earthlink.net:80.
HTTP request sent, awaiting response... 200 OK
Length: 14639 (14K) [image/gif]
Saving to: `code/../crawls/www.earthlink.net/Internet-Service-Agreement/raw/www.earthlink.net/img/www/topright/holdfree_chat_window.gif'

     0K .......... ....                                       100%  111K=0.1s

2012-11-12 05:19:00 (111 KB/s) - `code/../crawls/www.earthlink.net/Internet-Service-Agreement/raw/www.earthlink.net/img/www/topright/holdfree_chat_window.gif' saved [14639/14639]

--2012-11-12 05:19:00--  http://www.earthlink.net/img/www/nav/dropdown/nav-tab-left.png
Reusing existing connection to www.earthlink.net:80.
HTTP request sent, awaiting response... 200 OK
Length: 1461 (1.4K) [image/png]
Saving to: `code/../crawls/www.earthlink.net/Internet-Service-Agreement/raw/www.earthlink.net/img/www/nav/dropdown/nav-tab-left.png'

     0K .                                                     100% 2.14M=0.001s

2012-11-12 05:19:00 (2.14 MB/s) - `code/../crawls/www.earthlink.net/Internet-Service-Agreement/raw/www.earthlink.net/img/www/nav/dropdown/nav-tab-left.png' saved [1461/1461]

--2012-11-12 05:19:00--  http://www.earthlink.net/img/www/nav/dropdown/nav-tab-right.png
Reusing existing connection to www.earthlink.net:80.
HTTP request sent, awaiting response... 200 OK
Length: 1479 (1.4K) [image/png]
Saving to: `code/../crawls/www.earthlink.net/Internet-Service-Agreement/raw/www.earthlink.net/img/www/nav/dropdown/nav-tab-right.png'

     0K .                                                     100% 6.14M=0s

2012-11-12 05:19:00 (6.14 MB/s) - `code/../crawls/www.earthlink.net/Internet-Service-Agreement/raw/www.earthlink.net/img/www/nav/dropdown/nav-tab-right.png' saved [1479/1479]

--2012-11-12 05:19:00--  http://www.earthlink.net/img/www/nav/dropdown/nav-tab-center-dropdown.png
Reusing existing connection to www.earthlink.net:80.
HTTP request sent, awaiting response... 200 OK
Length: 1091 (1.1K) [image/png]
Saving to: `code/../crawls/www.earthlink.net/Internet-Service-Agreement/raw/www.earthlink.net/img/www/nav/dropdown/nav-tab-center-dropdown.png'

     0K .                                                     100% 6.03M=0s

2012-11-12 05:19:00 (6.03 MB/s) - `code/../crawls/www.earthlink.net/Internet-Service-Agreement/raw/www.earthlink.net/img/www/nav/dropdown/nav-tab-center-dropdown.png' saved [1091/1091]

--2012-11-12 05:19:00--  http://www.earthlink.net/img/www/nav/dropdown/nav-tab-left-dropdown.png
Reusing existing connection to www.earthlink.net:80.
HTTP request sent, awaiting response... 200 OK
Length: 1341 (1.3K) [image/png]
Saving to: `code/../crawls/www.earthlink.net/Internet-Service-Agreement/raw/www.earthlink.net/img/www/nav/dropdown/nav-tab-left-dropdown.png'

     0K .                                                     100% 6.32M=0s

2012-11-12 05:19:00 (6.32 MB/s) - `code/../crawls/www.earthlink.net/Internet-Service-Agreement/raw/www.earthlink.net/img/www/nav/dropdown/nav-tab-left-dropdown.png' saved [1341/1341]

--2012-11-12 05:19:00--  http://www.earthlink.net/img/www/nav/dropdown/nav-tab-right-dropdown.png
Reusing existing connection to www.earthlink.net:80.
HTTP request sent, awaiting response... 200 OK
Length: 1372 (1.3K) [image/png]
Saving to: `code/../crawls/www.earthlink.net/Internet-Service-Agreement/raw/www.earthlink.net/img/www/nav/dropdown/nav-tab-right-dropdown.png'

     0K .                                                     100% 4.12M=0s

2012-11-12 05:19:00 (4.12 MB/s) - `code/../crawls/www.earthlink.net/Internet-Service-Agreement/raw/www.earthlink.net/img/www/nav/dropdown/nav-tab-right-dropdown.png' saved [1372/1372]

--2012-11-12 05:19:00--  http://www.earthlink.net/img/www/nav/dropdown/nav-tab-center.png
Reusing existing connection to www.earthlink.net:80.
HTTP request sent, awaiting response... 200 OK
Length: 1112 (1.1K) [image/png]
Saving to: `code/../crawls/www.earthlink.net/Internet-Service-Agreement/raw/www.earthlink.net/img/www/nav/dropdown/nav-tab-center.png'

     0K .                                                     100% 5.98M=0s

2012-11-12 05:19:00 (5.98 MB/s) - `code/../crawls/www.earthlink.net/Internet-Service-Agreement/raw/www.earthlink.net/img/www/nav/dropdown/nav-tab-center.png' saved [1112/1112]

--2012-11-12 05:19:00--  http://www.earthlink.net/img/www/nav/dropdown/nav-arrow.gif
Reusing existing connection to www.earthlink.net:80.
HTTP request sent, awaiting response... 200 OK
Length: 49 [image/gif]
Saving to: `code/../crawls/www.earthlink.net/Internet-Service-Agreement/raw/www.earthlink.net/img/www/nav/dropdown/nav-arrow.gif'

     0K                                                       100% 9.14M=0s

2012-11-12 05:19:00 (9.14 MB/s) - `code/../crawls/www.earthlink.net/Internet-Service-Agreement/raw/www.earthlink.net/img/www/nav/dropdown/nav-arrow.gif' saved [49/49]

--2012-11-12 05:19:00--  http://www.earthlink.net/img/www/nav/dropdown/nav-arrow-hover.gif
Reusing existing connection to www.earthlink.net:80.
HTTP request sent, awaiting response... 200 OK
Length: 49 [image/gif]
Saving to: `code/../crawls/www.earthlink.net/Internet-Service-Agreement/raw/www.earthlink.net/img/www/nav/dropdown/nav-arrow-hover.gif'

     0K                                                       100% 8.36M=0s

2012-11-12 05:19:00 (8.36 MB/s) - `code/../crawls/www.earthlink.net/Internet-Service-Agreement/raw/www.earthlink.net/img/www/nav/dropdown/nav-arrow-hover.gif' saved [49/49]

--2012-11-12 05:19:00--  http://www.earthlink.net/img/www/nav/dropdown/nav-sub-arrow.gif
Reusing existing connection to www.earthlink.net:80.
HTTP request sent, awaiting response... 200 OK
Length: 48 [image/gif]
Saving to: `code/../crawls/www.earthlink.net/Internet-Service-Agreement/raw/www.earthlink.net/img/www/nav/dropdown/nav-sub-arrow.gif'

     0K                                                       100% 8.57M=0s

2012-11-12 05:19:00 (8.57 MB/s) - `code/../crawls/www.earthlink.net/Internet-Service-Agreement/raw/www.earthlink.net/img/www/nav/dropdown/nav-sub-arrow.gif' saved [48/48]

--2012-11-12 05:19:00--  http://www.earthlink.net/img/www/nav/dropdown/nav-sub-arrow-hover.gif
Reusing existing connection to www.earthlink.net:80.
HTTP request sent, awaiting response... 200 OK
Length: 48 [image/gif]
Saving to: `code/../crawls/www.earthlink.net/Internet-Service-Agreement/raw/www.earthlink.net/img/www/nav/dropdown/nav-sub-arrow-hover.gif'

     0K                                                       100% 8.73M=0s

2012-11-12 05:19:00 (8.73 MB/s) - `code/../crawls/www.earthlink.net/Internet-Service-Agreement/raw/www.earthlink.net/img/www/nav/dropdown/nav-sub-arrow-hover.gif' saved [48/48]

--2012-11-12 05:19:00--  http://www.earthlink.net/img/www/nav/dropdown/nav-dropdown-top.png
Reusing existing connection to www.earthlink.net:80.
HTTP request sent, awaiting response... 200 OK
Length: 2811 (2.7K) [image/png]
Saving to: `code/../crawls/www.earthlink.net/Internet-Service-Agreement/raw/www.earthlink.net/img/www/nav/dropdown/nav-dropdown-top.png'

     0K ..                                                    100% 2.61M=0.001s

2012-11-12 05:19:00 (2.61 MB/s) - `code/../crawls/www.earthlink.net/Internet-Service-Agreement/raw/www.earthlink.net/img/www/nav/dropdown/nav-dropdown-top.png' saved [2811/2811]

--2012-11-12 05:19:00--  http://www.earthlink.net/img/www/nav/dropdown/nav-dropdown-ne.png
Reusing existing connection to www.earthlink.net:80.
HTTP request sent, awaiting response... 200 OK
Length: 224 [image/png]
Saving to: `code/../crawls/www.earthlink.net/Internet-Service-Agreement/raw/www.earthlink.net/img/www/nav/dropdown/nav-dropdown-ne.png'

     0K                                                       100% 40.8M=0s

2012-11-12 05:19:00 (40.8 MB/s) - `code/../crawls/www.earthlink.net/Internet-Service-Agreement/raw/www.earthlink.net/img/www/nav/dropdown/nav-dropdown-ne.png' saved [224/224]

--2012-11-12 05:19:00--  http://www.earthlink.net/img/www/nav/dropdown/nav-dropdown-right.png
Reusing existing connection to www.earthlink.net:80.
HTTP request sent, awaiting response... 200 OK
Length: 131 [image/png]
Saving to: `code/../crawls/www.earthlink.net/Internet-Service-Agreement/raw/www.earthlink.net/img/www/nav/dropdown/nav-dropdown-right.png'

     0K                                                       100% 24.1M=0s

2012-11-12 05:19:00 (24.1 MB/s) - `code/../crawls/www.earthlink.net/Internet-Service-Agreement/raw/www.earthlink.net/img/www/nav/dropdown/nav-dropdown-right.png' saved [131/131]

--2012-11-12 05:19:00--  http://www.earthlink.net/img/www/nav/dropdown/nav-dropdown-se.png
Reusing existing connection to www.earthlink.net:80.
HTTP request sent, awaiting response... 200 OK
Length: 257 [image/png]
Saving to: `code/../crawls/www.earthlink.net/Internet-Service-Agreement/raw/www.earthlink.net/img/www/nav/dropdown/nav-dropdown-se.png'

     0K                                                       100% 21.6M=0s

2012-11-12 05:19:00 (21.6 MB/s) - `code/../crawls/www.earthlink.net/Internet-Service-Agreement/raw/www.earthlink.net/img/www/nav/dropdown/nav-dropdown-se.png' saved [257/257]

--2012-11-12 05:19:00--  http://www.earthlink.net/img/www/nav/dropdown/nav-dropdown-bottom.png
Reusing existing connection to www.earthlink.net:80.
HTTP request sent, awaiting response... 200 OK
Length: 126 [image/png]
Saving to: `code/../crawls/www.earthlink.net/Internet-Service-Agreement/raw/www.earthlink.net/img/www/nav/dropdown/nav-dropdown-bottom.png'

     0K                                                       100% 22.2M=0s

2012-11-12 05:19:00 (22.2 MB/s) - `code/../crawls/www.earthlink.net/Internet-Service-Agreement/raw/www.earthlink.net/img/www/nav/dropdown/nav-dropdown-bottom.png' saved [126/126]

--2012-11-12 05:19:00--  http://www.earthlink.net/img/www/nav/dropdown/nav-dropdown-sw.png
Reusing existing connection to www.earthlink.net:80.
HTTP request sent, awaiting response... 200 OK
Length: 235 [image/png]
Saving to: `code/../crawls/www.earthlink.net/Internet-Service-Agreement/raw/www.earthlink.net/img/www/nav/dropdown/nav-dropdown-sw.png'

     0K                                                       100% 43.5M=0s

2012-11-12 05:19:01 (43.5 MB/s) - `code/../crawls/www.earthlink.net/Internet-Service-Agreement/raw/www.earthlink.net/img/www/nav/dropdown/nav-dropdown-sw.png' saved [235/235]

--2012-11-12 05:19:01--  http://www.earthlink.net/img/www/nav/dropdown/nav-dropdown-left.png
Reusing existing connection to www.earthlink.net:80.
HTTP request sent, awaiting response... 200 OK
Length: 129 [image/png]
Saving to: `code/../crawls/www.earthlink.net/Internet-Service-Agreement/raw/www.earthlink.net/img/www/nav/dropdown/nav-dropdown-left.png'

     0K                                                       100% 22.6M=0s

2012-11-12 05:19:01 (22.6 MB/s) - `code/../crawls/www.earthlink.net/Internet-Service-Agreement/raw/www.earthlink.net/img/www/nav/dropdown/nav-dropdown-left.png' saved [129/129]

--2012-11-12 05:19:01--  http://www.earthlink.net/img/www/searchbox.gif
Reusing existing connection to www.earthlink.net:80.
HTTP request sent, awaiting response... 200 OK
Length: 4348 (4.2K) [image/gif]
Saving to: `code/../crawls/www.earthlink.net/Internet-Service-Agreement/raw/www.earthlink.net/img/www/searchbox.gif'

     0K ....                                                  100% 6.38M=0.001s

2012-11-12 05:19:01 (6.38 MB/s) - `code/../crawls/www.earthlink.net/Internet-Service-Agreement/raw/www.earthlink.net/img/www/searchbox.gif' saved [4348/4348]

--2012-11-12 05:19:01--  http://www.earthlink.net/img/www/search-icon.gif
Reusing existing connection to www.earthlink.net:80.
HTTP request sent, awaiting response... 200 OK
Length: 569 [image/gif]
Saving to: `code/../crawls/www.earthlink.net/Internet-Service-Agreement/raw/www.earthlink.net/img/www/search-icon.gif'

     0K                                                       100% 6.31M=0s

2012-11-12 05:19:01 (6.31 MB/s) - `code/../crawls/www.earthlink.net/Internet-Service-Agreement/raw/www.earthlink.net/img/www/search-icon.gif' saved [569/569]

--2012-11-12 05:19:01--  http://f.fontdeck.com/f/1/Q1RjMHBmYXYAA26Eu85+zVwMUadAMxgj3YzHLmzFAwoVmHbloCDEEcC3w80wHR0/xIM.eot
Connecting to f.fontdeck.com|199.15.226.35|:80... connected.
HTTP request sent, awaiting response... 403 Forbidden
2012-11-12 05:19:01 ERROR 403: Forbidden.

--2012-11-12 05:19:01--  http://f.fontdeck.com/f/1/Q1RjMHBmYXYAA26Eu85+zVwMUadAMxgj3YzHLmzFAwoVmHbloCDEEcC3w80wHR0/xIM.eot?
Connecting to f.fontdeck.com|199.15.226.35|:80... connected.
HTTP request sent, awaiting response... 403 Forbidden
2012-11-12 05:19:01 ERROR 403: Forbidden.

--2012-11-12 05:19:01--  http://f.fontdeck.com/f/1/Q1RjMHBmYXYAA26Eu85+zVwMUadAMxgj3YzHLmzFAwoVmHbloCDEEcC3w80wHR0/xIM.woff
Connecting to f.fontdeck.com|199.15.226.35|:80... connected.
HTTP request sent, awaiting response... 403 Forbidden
2012-11-12 05:19:01 ERROR 403: Forbidden.

--2012-11-12 05:19:01--  http://f.fontdeck.com/f/1/Q1RjMHBmYXYAA26Eu85+zVwMUadAMxgj3YzHLmzFAwoVmHbloCDEEcC3w80wHR0/xIM.ttf
Connecting to f.fontdeck.com|199.15.226.35|:80... connected.
HTTP request sent, awaiting response... 403 Forbidden
2012-11-12 05:19:01 ERROR 403: Forbidden.

--2012-11-12 05:19:01--  http://static.ak.fbcdn.net/rsrc.php/v2/y7/x/IJYgcESal33.png
Resolving static.ak.fbcdn.net... 206.160.170.43, 206.160.170.17, 2600:1406:1a::173d:c238, ...
Connecting to static.ak.fbcdn.net|206.160.170.43|:80... connected.
HTTP request sent, awaiting response... 200 OK
Length: 5771 (5.6K) [image/png]
Saving to: `code/../crawls/www.earthlink.net/Internet-Service-Agreement/raw/static.ak.fbcdn.net/rsrc.php/v2/y7/x/IJYgcESal33.png'

     0K .....                                                 100% 3.19M=0.002s

2012-11-12 05:19:01 (3.19 MB/s) - `code/../crawls/www.earthlink.net/Internet-Service-Agreement/raw/static.ak.fbcdn.net/rsrc.php/v2/y7/x/IJYgcESal33.png' saved [5771/5771]

--2012-11-12 05:19:01--  http://static.ak.fbcdn.net/rsrc.php/v2/yI/x/1dQf_ATK831.png
Reusing existing connection to static.ak.fbcdn.net:80.
HTTP request sent, awaiting response... 200 OK
Length: 567 [image/png]
Saving to: `code/../crawls/www.earthlink.net/Internet-Service-Agreement/raw/static.ak.fbcdn.net/rsrc.php/v2/yI/x/1dQf_ATK831.png'

     0K                                                       100% 93.3M=0s

2012-11-12 05:19:01 (93.3 MB/s) - `code/../crawls/www.earthlink.net/Internet-Service-Agreement/raw/static.ak.fbcdn.net/rsrc.php/v2/yI/x/1dQf_ATK831.png' saved [567/567]

FINISHED --2012-11-12 05:19:01--
Total wall clock time: 11s
Downloaded: 97 files, 846K in 3.8s (225 KB/s)
Converting code/../crawls/www.earthlink.net/Internet-Service-Agreement/raw/www.earthlink.net/about/policies/isa.faces.html... 31-45
Converting code/../crawls/www.earthlink.net/Internet-Service-Agreement/raw/www.facebook.com/plugins/like.php?href=http%3A%2F%2Fwww.facebook.com%2Fearthlink&layout=standard&show_faces=false&width=350&action=like&font&colorscheme.html... 2-2
Converting code/../crawls/www.earthlink.net/Internet-Service-Agreement/raw/www.earthlink.net/css/www.css... 58-0
Converting code/../crawls/www.earthlink.net/Internet-Service-Agreement/raw/f.fontdeck.com/s/css/SHL1Q62RRv8EROgGSyefc+MAifY/www.earthlink.net/15017.css... nothing to do.
Converting code/../crawls/www.earthlink.net/Internet-Service-Agreement/raw/www.earthlink.net/css/core_img.css... 0-20
Converting code/../crawls/www.earthlink.net/Internet-Service-Agreement/raw/www.earthlink.net/css/core.css... nothing to do.
Converting code/../crawls/www.earthlink.net/Internet-Service-Agreement/raw/www.earthlink.net/css/dropdown.css... 26-0
Converted 7 files in 0.006 seconds.
