--2012-04-15 08:32:33--  http://www.google.fr/intl/fr/policies/privacy/
Resolving www.google.fr... 173.194.79.94
Connecting to www.google.fr|173.194.79.94|:80... connected.
HTTP request sent, awaiting response... 200 OK
Length: unspecified [text/html]
Saving to: `code/../crawls/google.fr/Privacy-Policy/raw/www.google.fr/intl/fr/policies/privacy/index.html'

     0K .......... .......... .....                             548K=0.05s

2012-04-15 08:32:33 (548 KB/s) - `code/../crawls/google.fr/Privacy-Policy/raw/www.google.fr/intl/fr/policies/privacy/index.html' saved [26492]

--2012-04-15 08:32:33--  http://www.google.com/js/gweb/analytics/autotrack.js
Resolving www.google.com... 173.194.79.104, 173.194.79.105, 173.194.79.106, ...
Connecting to www.google.com|173.194.79.104|:80... connected.
HTTP request sent, awaiting response... 200 OK
Length: unspecified [text/javascript]
Saving to: `code/../crawls/google.fr/Privacy-Policy/raw/www.google.com/js/gweb/analytics/autotrack.js'

     0K ...                                                    69.7M=0s

2012-04-15 08:32:33 (69.7 MB/s) - `code/../crawls/google.fr/Privacy-Policy/raw/www.google.com/js/gweb/analytics/autotrack.js' saved [4072]

--2012-04-15 08:32:33--  http://fonts.googleapis.com/css?family=Open+Sans:300,400,600,700&subset=latin
Resolving fonts.googleapis.com... 173.194.79.95
Connecting to fonts.googleapis.com|173.194.79.95|:80... connected.
HTTP request sent, awaiting response... 200 OK
Length: unspecified [text/css]
Saving to: `code/../crawls/google.fr/Privacy-Policy/raw/fonts.googleapis.com/css?family=Open+Sans:300,400,600,700&subset=latin.css'

     0K .                                                       105M=0s

2012-04-15 08:32:34 (105 MB/s) - `code/../crawls/google.fr/Privacy-Policy/raw/fonts.googleapis.com/css?family=Open+Sans:300,400,600,700&subset=latin.css' saved [1108]

--2012-04-15 08:32:34--  http://www.google.fr/policies/css/default.css
Connecting to www.google.fr|173.194.79.94|:80... connected.
HTTP request sent, awaiting response... 200 OK
Length: unspecified [text/css]
Saving to: `code/../crawls/google.fr/Privacy-Policy/raw/www.google.fr/policies/css/default.css'

     0K ..                                                      197M=0s

2012-04-15 08:32:34 (197 MB/s) - `code/../crawls/google.fr/Privacy-Policy/raw/www.google.fr/policies/css/default.css' saved [2189]

--2012-04-15 08:32:34--  http://www.google.com/images/logos/google_logo_41.png
Connecting to www.google.com|173.194.79.104|:80... connected.
HTTP request sent, awaiting response... 200 OK
Length: 6321 (6.2K) [image/png]
Saving to: `code/../crawls/google.fr/Privacy-Policy/raw/www.google.com/images/logos/google_logo_41.png'

     0K ......                                                100%  272K=0.02s

2012-04-15 08:32:34 (272 KB/s) - `code/../crawls/google.fr/Privacy-Policy/raw/www.google.com/images/logos/google_logo_41.png' saved [6321/6321]

--2012-04-15 08:32:34--  http://themes.googleusercontent.com/static/fonts/opensans/v6/DXI1ORHCpsQm3Vp6mXoaTYnF5uFdDttMLvmWuJdhhgs.ttf
Resolving themes.googleusercontent.com... 74.125.224.107, 74.125.224.108, 74.125.224.106
Connecting to themes.googleusercontent.com|74.125.224.107|:80... connected.
HTTP request sent, awaiting response... 200 OK
Length: unspecified [font/ttf]
Saving to: `code/../crawls/google.fr/Privacy-Policy/raw/themes.googleusercontent.com/static/fonts/opensans/v6/DXI1ORHCpsQm3Vp6mXoaTYnF5uFdDttMLvmWuJdhhgs.ttf'

     0K .......... .......... .......... ......                5.27M=0.007s

2012-04-15 08:32:34 (5.27 MB/s) - `code/../crawls/google.fr/Privacy-Policy/raw/themes.googleusercontent.com/static/fonts/opensans/v6/DXI1ORHCpsQm3Vp6mXoaTYnF5uFdDttMLvmWuJdhhgs.ttf' saved [37816]

--2012-04-15 08:32:34--  http://themes.googleusercontent.com/static/fonts/opensans/v6/MTP_ySUJH_bn48VBG8sNSonF5uFdDttMLvmWuJdhhgs.ttf
Reusing existing connection to themes.googleusercontent.com:80.
HTTP request sent, awaiting response... 200 OK
Length: unspecified [font/ttf]
Saving to: `code/../crawls/google.fr/Privacy-Policy/raw/themes.googleusercontent.com/static/fonts/opensans/v6/MTP_ySUJH_bn48VBG8sNSonF5uFdDttMLvmWuJdhhgs.ttf'

     0K .......... .......... .......... ......                8.61M=0.004s

2012-04-15 08:32:34 (8.61 MB/s) - `code/../crawls/google.fr/Privacy-Policy/raw/themes.googleusercontent.com/static/fonts/opensans/v6/MTP_ySUJH_bn48VBG8sNSonF5uFdDttMLvmWuJdhhgs.ttf' saved [37568]

--2012-04-15 08:32:34--  http://themes.googleusercontent.com/static/fonts/opensans/v6/k3k702ZOKiLJc3WVjuplzInF5uFdDttMLvmWuJdhhgs.ttf
Reusing existing connection to themes.googleusercontent.com:80.
HTTP request sent, awaiting response... 200 OK
Length: unspecified [font/ttf]
Saving to: `code/../crawls/google.fr/Privacy-Policy/raw/themes.googleusercontent.com/static/fonts/opensans/v6/k3k702ZOKiLJc3WVjuplzInF5uFdDttMLvmWuJdhhgs.ttf'

     0K .......... .......... .......... .......               9.52M=0.004s

2012-04-15 08:32:34 (9.52 MB/s) - `code/../crawls/google.fr/Privacy-Policy/raw/themes.googleusercontent.com/static/fonts/opensans/v6/k3k702ZOKiLJc3WVjuplzInF5uFdDttMLvmWuJdhhgs.ttf' saved [38108]

--2012-04-15 08:32:34--  http://themes.googleusercontent.com/static/fonts/opensans/v6/cJZKeOuBrn4kERxqtaUH3aCWcynf_cDxXwCLxiixG1c.ttf
Reusing existing connection to themes.googleusercontent.com:80.
HTTP request sent, awaiting response... 200 OK
Length: unspecified [font/ttf]
Saving to: `code/../crawls/google.fr/Privacy-Policy/raw/themes.googleusercontent.com/static/fonts/opensans/v6/cJZKeOuBrn4kERxqtaUH3aCWcynf_cDxXwCLxiixG1c.ttf'

     0K .......... .......... .......... .....                 10.5M=0.003s

2012-04-15 08:32:34 (10.5 MB/s) - `code/../crawls/google.fr/Privacy-Policy/raw/themes.googleusercontent.com/static/fonts/opensans/v6/cJZKeOuBrn4kERxqtaUH3aCWcynf_cDxXwCLxiixG1c.ttf' saved [36492]

--2012-04-15 08:32:34--  http://www.google.com/css/maia.css
Connecting to www.google.com|173.194.79.104|:80... connected.
HTTP request sent, awaiting response... 200 OK
Length: unspecified [text/css]
Saving to: `code/../crawls/google.fr/Privacy-Policy/raw/www.google.com/css/maia.css'

     0K .......... .......... .......... ........               799K=0.05s

2012-04-15 08:32:34 (799 KB/s) - `code/../crawls/google.fr/Privacy-Policy/raw/www.google.com/css/maia.css' saved [39496]

FINISHED --2012-04-15 08:32:34--
Total wall clock time: 0.5s
Downloaded: 10 files, 224K in 0.1s (1.61 MB/s)
Converting code/../crawls/google.fr/Privacy-Policy/raw/www.google.fr/intl/fr/policies/privacy/index.html... 4-26
Converting code/../crawls/google.fr/Privacy-Policy/raw/www.google.fr/policies/css/default.css... 1-0
Converting code/../crawls/google.fr/Privacy-Policy/raw/fonts.googleapis.com/css?family=Open+Sans:300,400,600,700&subset=latin.css... 4-0
Converting code/../crawls/google.fr/Privacy-Policy/raw/www.google.com/css/maia.css... nothing to do.
Converted 4 files in 0.3 seconds.
