--2012-04-15 08:28:47--  http://www.imesh.com/privacypolicy.shtml
Resolving www.imesh.com... 23.57.68.51, 23.57.68.66
Connecting to www.imesh.com|23.57.68.51|:80... connected.
HTTP request sent, awaiting response... 200 OK
Length: 25439 (25K) [text/html]
Saving to: `code/../crawls/imesh.com/Privacy-Policy/raw/www.imesh.com/privacypolicy.shtml.html'

     0K .......... .......... ....                            100% 3.63M=0.007s

2012-04-15 08:28:50 (3.63 MB/s) - `code/../crawls/imesh.com/Privacy-Policy/raw/www.imesh.com/privacypolicy.shtml.html' saved [25439/25439]

--2012-04-15 08:28:50--  http://www.imesh.com/styles/globalV10.css
Reusing existing connection to www.imesh.com:80.
HTTP request sent, awaiting response... 200 OK
Length: 8029 (7.8K) [text/css]
Saving to: `code/../crawls/imesh.com/Privacy-Policy/raw/www.imesh.com/styles/globalV10.css'

     0K .......                                               100% 19.2M=0s

2012-04-15 08:28:50 (19.2 MB/s) - `code/../crawls/imesh.com/Privacy-Policy/raw/www.imesh.com/styles/globalV10.css' saved [8029/8029]

--2012-04-15 08:28:50--  http://www.imesh.com/js/generalV10.js
Reusing existing connection to www.imesh.com:80.
HTTP request sent, awaiting response... 200 OK
Length: 14370 (14K) [application/javascript]
Saving to: `code/../crawls/imesh.com/Privacy-Policy/raw/www.imesh.com/js/generalV10.js'

     0K .......... ....                                       100% 12.2M=0.001s

2012-04-15 08:28:50 (12.2 MB/s) - `code/../crawls/imesh.com/Privacy-Policy/raw/www.imesh.com/js/generalV10.js' saved [14370/14370]

--2012-04-15 08:28:50--  http://www.imesh.com/js/mediateGA.js
Reusing existing connection to www.imesh.com:80.
HTTP request sent, awaiting response... 200 OK
Length: 2487 (2.4K) [application/javascript]
Saving to: `code/../crawls/imesh.com/Privacy-Policy/raw/www.imesh.com/js/mediateGA.js'

     0K ..                                                    100% 8.25M=0s

2012-04-15 08:28:50 (8.25 MB/s) - `code/../crawls/imesh.com/Privacy-Policy/raw/www.imesh.com/js/mediateGA.js' saved [2487/2487]

--2012-04-15 08:28:50--  http://www.imesh.com/images/music/download-free-songs-home.gif
Reusing existing connection to www.imesh.com:80.
HTTP request sent, awaiting response... 200 OK
Length: 613 [image/gif]
Saving to: `code/../crawls/imesh.com/Privacy-Policy/raw/www.imesh.com/images/music/download-free-songs-home.gif'

     0K                                                       100%  105M=0s

2012-04-15 08:28:50 (105 MB/s) - `code/../crawls/imesh.com/Privacy-Policy/raw/www.imesh.com/images/music/download-free-songs-home.gif' saved [613/613]

--2012-04-15 08:28:50--  http://www.imesh.com/images/music/en/downloadButtonV11.gif
Reusing existing connection to www.imesh.com:80.
HTTP request sent, awaiting response... 200 OK
Length: 13765 (13K) [image/gif]
Saving to: `code/../crawls/imesh.com/Privacy-Policy/raw/www.imesh.com/images/music/en/downloadButtonV11.gif'

     0K .......... ...                                        100% 15.2M=0.001s

2012-04-15 08:28:50 (15.2 MB/s) - `code/../crawls/imesh.com/Privacy-Policy/raw/www.imesh.com/images/music/en/downloadButtonV11.gif' saved [13765/13765]

--2012-04-15 08:28:50--  http://www.imesh.com/images/music/downArrowGray.gif
Reusing existing connection to www.imesh.com:80.
HTTP request sent, awaiting response... 200 OK
Length: 52 [image/gif]
Saving to: `code/../crawls/imesh.com/Privacy-Policy/raw/www.imesh.com/images/music/downArrowGray.gif'

     0K                                                       100% 9.49M=0s

2012-04-15 08:28:50 (9.49 MB/s) - `code/../crawls/imesh.com/Privacy-Policy/raw/www.imesh.com/images/music/downArrowGray.gif' saved [52/52]

--2012-04-15 08:28:50--  http://www.imesh.com/images/music/smallDownloadButtonAnim.gif
Reusing existing connection to www.imesh.com:80.
HTTP request sent, awaiting response... 200 OK
Length: 2638 (2.6K) [image/gif]
Saving to: `code/../crawls/imesh.com/Privacy-Policy/raw/www.imesh.com/images/music/smallDownloadButtonAnim.gif'

     0K ..                                                    100% 34.2M=0s

2012-04-15 08:28:50 (34.2 MB/s) - `code/../crawls/imesh.com/Privacy-Policy/raw/www.imesh.com/images/music/smallDownloadButtonAnim.gif' saved [2638/2638]

--2012-04-15 08:28:50--  http://www.imesh.com/images/music/topSitePatternV11.jpg
Reusing existing connection to www.imesh.com:80.
HTTP request sent, awaiting response... 200 OK
Length: 33668 (33K) [image/jpeg]
Saving to: `code/../crawls/imesh.com/Privacy-Policy/raw/www.imesh.com/images/music/topSitePatternV11.jpg'

     0K .......... .......... .......... ..                   100% 7.83M=0.004s

2012-04-15 08:28:50 (7.83 MB/s) - `code/../crawls/imesh.com/Privacy-Policy/raw/www.imesh.com/images/music/topSitePatternV11.jpg' saved [33668/33668]

--2012-04-15 08:28:50--  http://www.imesh.com/images/music/topSitePatternNarrow.jpg
Reusing existing connection to www.imesh.com:80.
HTTP request sent, awaiting response... 200 OK
Length: 32858 (32K) [image/jpeg]
Saving to: `code/../crawls/imesh.com/Privacy-Policy/raw/www.imesh.com/images/music/topSitePatternNarrow.jpg'

     0K .......... .......... .......... ..                   100% 9.00M=0.003s

2012-04-15 08:28:50 (9.00 MB/s) - `code/../crawls/imesh.com/Privacy-Policy/raw/www.imesh.com/images/music/topSitePatternNarrow.jpg' saved [32858/32858]

--2012-04-15 08:28:50--  http://www.imesh.com/images/music/siteBG.jpg
Reusing existing connection to www.imesh.com:80.
HTTP request sent, awaiting response... 200 OK
Length: 37719 (37K) [image/jpeg]
Saving to: `code/../crawls/imesh.com/Privacy-Policy/raw/www.imesh.com/images/music/siteBG.jpg'

     0K .......... .......... .......... ......               100% 10.2M=0.004s

2012-04-15 08:28:50 (10.2 MB/s) - `code/../crawls/imesh.com/Privacy-Policy/raw/www.imesh.com/images/music/siteBG.jpg' saved [37719/37719]

--2012-04-15 08:28:50--  http://www.imesh.com/images/music/flagEN.gif
Reusing existing connection to www.imesh.com:80.
HTTP request sent, awaiting response... 200 OK
Length: 582 [image/gif]
Saving to: `code/../crawls/imesh.com/Privacy-Policy/raw/www.imesh.com/images/music/flagEN.gif'

     0K                                                       100%  107M=0s

2012-04-15 08:28:50 (107 MB/s) - `code/../crawls/imesh.com/Privacy-Policy/raw/www.imesh.com/images/music/flagEN.gif' saved [582/582]

--2012-04-15 08:28:50--  http://www.imesh.com/images/music/siteItems2.gif
Reusing existing connection to www.imesh.com:80.
HTTP request sent, awaiting response... 200 OK
Length: 16787 (16K) [image/gif]
Saving to: `code/../crawls/imesh.com/Privacy-Policy/raw/www.imesh.com/images/music/siteItems2.gif'

     0K .......... ......                                     100% 12.6M=0.001s

2012-04-15 08:28:50 (12.6 MB/s) - `code/../crawls/imesh.com/Privacy-Policy/raw/www.imesh.com/images/music/siteItems2.gif' saved [16787/16787]

--2012-04-15 08:28:50--  http://www.imesh.com/images/music/buttonLV10.gif
Reusing existing connection to www.imesh.com:80.
HTTP request sent, awaiting response... 200 OK
Length: 282 [image/gif]
Saving to: `code/../crawls/imesh.com/Privacy-Policy/raw/www.imesh.com/images/music/buttonLV10.gif'

     0K                                                       100% 53.1M=0s

2012-04-15 08:28:50 (53.1 MB/s) - `code/../crawls/imesh.com/Privacy-Policy/raw/www.imesh.com/images/music/buttonLV10.gif' saved [282/282]

--2012-04-15 08:28:50--  http://www.imesh.com/images/music/buttonMV10.gif
Reusing existing connection to www.imesh.com:80.
HTTP request sent, awaiting response... 200 OK
Length: 149 [image/gif]
Saving to: `code/../crawls/imesh.com/Privacy-Policy/raw/www.imesh.com/images/music/buttonMV10.gif'

     0K                                                       100% 27.1M=0s

2012-04-15 08:28:50 (27.1 MB/s) - `code/../crawls/imesh.com/Privacy-Policy/raw/www.imesh.com/images/music/buttonMV10.gif' saved [149/149]

--2012-04-15 08:28:50--  http://www.imesh.com/images/music/buttonRV10.gif
Reusing existing connection to www.imesh.com:80.
HTTP request sent, awaiting response... 200 OK
Length: 281 [image/gif]
Saving to: `code/../crawls/imesh.com/Privacy-Policy/raw/www.imesh.com/images/music/buttonRV10.gif'

     0K                                                       100% 52.8M=0s

2012-04-15 08:28:50 (52.8 MB/s) - `code/../crawls/imesh.com/Privacy-Policy/raw/www.imesh.com/images/music/buttonRV10.gif' saved [281/281]

--2012-04-15 08:28:50--  http://www.imesh.com/images/music/mainBottomAreaBG.gif
Reusing existing connection to www.imesh.com:80.
HTTP request sent, awaiting response... 200 OK
Length: 146 [image/gif]
Saving to: `code/../crawls/imesh.com/Privacy-Policy/raw/www.imesh.com/images/music/mainBottomAreaBG.gif'

     0K                                                       100% 26.7M=0s

2012-04-15 08:28:50 (26.7 MB/s) - `code/../crawls/imesh.com/Privacy-Policy/raw/www.imesh.com/images/music/mainBottomAreaBG.gif' saved [146/146]

--2012-04-15 08:28:50--  http://www.imesh.com/images/music/mainHorSep.gif
Reusing existing connection to www.imesh.com:80.
HTTP request sent, awaiting response... 200 OK
Length: 700 [image/gif]
Saving to: `code/../crawls/imesh.com/Privacy-Policy/raw/www.imesh.com/images/music/mainHorSep.gif'

     0K                                                       100%  127M=0s

2012-04-15 08:28:50 (127 MB/s) - `code/../crawls/imesh.com/Privacy-Policy/raw/www.imesh.com/images/music/mainHorSep.gif' saved [700/700]

--2012-04-15 08:28:50--  http://www.imesh.com/images/music/mainVerSep.gif
Reusing existing connection to www.imesh.com:80.
HTTP request sent, awaiting response... 200 OK
Length: 190 [image/gif]
Saving to: `code/../crawls/imesh.com/Privacy-Policy/raw/www.imesh.com/images/music/mainVerSep.gif'

     0K                                                       100% 34.8M=0s

2012-04-15 08:28:50 (34.8 MB/s) - `code/../crawls/imesh.com/Privacy-Policy/raw/www.imesh.com/images/music/mainVerSep.gif' saved [190/190]

--2012-04-15 08:28:50--  http://www.imesh.com/images/music/greenBulletV10.gif
Reusing existing connection to www.imesh.com:80.
HTTP request sent, awaiting response... 200 OK
Length: 100 [image/gif]
Saving to: `code/../crawls/imesh.com/Privacy-Policy/raw/www.imesh.com/images/music/greenBulletV10.gif'

     0K                                                       100% 18.4M=0s

2012-04-15 08:28:50 (18.4 MB/s) - `code/../crawls/imesh.com/Privacy-Policy/raw/www.imesh.com/images/music/greenBulletV10.gif' saved [100/100]

--2012-04-15 08:28:50--  http://www.imesh.com/images/music/bubble.gif
Reusing existing connection to www.imesh.com:80.
HTTP request sent, awaiting response... 200 OK
Length: 118 [image/gif]
Saving to: `code/../crawls/imesh.com/Privacy-Policy/raw/www.imesh.com/images/music/bubble.gif'

     0K                                                       100% 20.8M=0s

2012-04-15 08:28:50 (20.8 MB/s) - `code/../crawls/imesh.com/Privacy-Policy/raw/www.imesh.com/images/music/bubble.gif' saved [118/118]

--2012-04-15 08:28:50--  http://www.imesh.com/images/music/flagsVertical.gif
Reusing existing connection to www.imesh.com:80.
HTTP request sent, awaiting response... 200 OK
Length: 1714 (1.7K) [image/gif]
Saving to: `code/../crawls/imesh.com/Privacy-Policy/raw/www.imesh.com/images/music/flagsVertical.gif'

     0K .                                                     100% 22.4M=0s

2012-04-15 08:28:50 (22.4 MB/s) - `code/../crawls/imesh.com/Privacy-Policy/raw/www.imesh.com/images/music/flagsVertical.gif' saved [1714/1714]

FINISHED --2012-04-15 08:28:50--
Total wall clock time: 2.9s
Downloaded: 22 files, 188K in 0.02s (8.38 MB/s)
Converting code/../crawls/imesh.com/Privacy-Policy/raw/www.imesh.com/privacypolicy.shtml.html... 8-10
Converting code/../crawls/imesh.com/Privacy-Policy/raw/www.imesh.com/styles/globalV10.css... 18-0
Converted 2 files in 0.001 seconds.
