--2013-04-20 05:10:48--  http://www.wix.com/about/privacy
Resolving www.wix.com... 216.185.152.111
Connecting to www.wix.com|216.185.152.111|:80... connected.
HTTP request sent, awaiting response... 200 OK
Length: unspecified [text/html]
Saving to: `code/../crawls/wix.com/Privacy-Policy/raw/www.wix.com/about/privacy.html'

     0K .......... .......... .......... .                      212K=0.1s

2013-04-20 05:10:48 (212 KB/s) - `code/../crawls/wix.com/Privacy-Policy/raw/www.wix.com/about/privacy.html' saved [31789]

--2013-04-20 05:10:48--  http://www.wix.com/favicon.ico
Reusing existing connection to www.wix.com:80.
HTTP request sent, awaiting response... 200 OK
Length: 1406 (1.4K) [image/x-icon]
Saving to: `code/../crawls/wix.com/Privacy-Policy/raw/www.wix.com/favicon.ico'

     0K .                                                     100%  204M=0s

2013-04-20 05:10:48 (204 MB/s) - `code/../crawls/wix.com/Privacy-Policy/raw/www.wix.com/favicon.ico' saved [1406/1406]

--2013-04-20 05:10:48--  http://static.wix.com/services/wix-users/2.179.0/client/js/userApi_v2.js?cacheKiller=1
Resolving static.wix.com... 23.61.194.192, 23.61.194.219
Connecting to static.wix.com|23.61.194.192|:80... connected.
HTTP request sent, awaiting response... 200 OK
Length: 24991 (24K) [application/x-javascript]
Saving to: `code/../crawls/wix.com/Privacy-Policy/raw/static.wix.com/services/wix-users/2.179.0/client/js/userApi_v2.js?cacheKiller=1'

     0K .......... .......... ....                            100% 2.54M=0.009s

2013-04-20 05:10:48 (2.54 MB/s) - `code/../crawls/wix.com/Privacy-Policy/raw/static.wix.com/services/wix-users/2.179.0/client/js/userApi_v2.js?cacheKiller=1' saved [24991/24991]

--2013-04-20 05:10:48--  http://static.wix.com/services/wix-users/2.179.0/login/js/jquery.js?cacheKiller=1
Reusing existing connection to static.wix.com:80.
HTTP request sent, awaiting response... 200 OK
Length: unspecified [application/x-javascript]
Saving to: `code/../crawls/wix.com/Privacy-Policy/raw/static.wix.com/services/wix-users/2.179.0/login/js/jquery.js?cacheKiller=1'

     0K .......... .......... .......... .......... .......... 3.94M
    50K .......... .......... .......... .......... .          9.80M=0.02s

2013-04-20 05:10:48 (5.40 MB/s) - `code/../crawls/wix.com/Privacy-Policy/raw/static.wix.com/services/wix-users/2.179.0/login/js/jquery.js?cacheKiller=1' saved [93434]

--2013-04-20 05:10:48--  http://static.wix.com/services/wix-users/2.179.0/login/js/jquery-ui.js?cacheKiller=1
Reusing existing connection to static.wix.com:80.
HTTP request sent, awaiting response... 200 OK
Length: unspecified [application/x-javascript]
Saving to: `code/../crawls/wix.com/Privacy-Policy/raw/static.wix.com/services/wix-users/2.179.0/login/js/jquery-ui.js?cacheKiller=1'

     0K .......... .......... .......... .......... .......... 8.49M
    50K .......... .......... .......... .......... .......... 9.62M
   100K .......... .......... .......... .......... .......... 9.94M
   150K .......... .......... .......... .......... .......... 11.1M
   200K .......... .......... .......... .                     9.88M=0.02s

2013-04-20 05:10:48 (9.72 MB/s) - `code/../crawls/wix.com/Privacy-Policy/raw/static.wix.com/services/wix-users/2.179.0/login/js/jquery-ui.js?cacheKiller=1' saved [237176]

--2013-04-20 05:10:48--  http://static.wix.com/services/wix-users/2.179.0/login/js/auth.js?cacheKiller=1
Reusing existing connection to static.wix.com:80.
HTTP request sent, awaiting response... 200 OK
Length: unspecified [application/x-javascript]
Saving to: `code/../crawls/wix.com/Privacy-Policy/raw/static.wix.com/services/wix-users/2.179.0/login/js/auth.js?cacheKiller=1'

     0K .......... .......... .......... ........              12.0M=0.003s

2013-04-20 05:10:48 (12.0 MB/s) - `code/../crawls/wix.com/Privacy-Policy/raw/static.wix.com/services/wix-users/2.179.0/login/js/auth.js?cacheKiller=1' saved [38969]

--2013-04-20 05:10:48--  http://static.wix.com/services/bootstrap/2.98.2/javascript/bootstrap.min.js
Reusing existing connection to static.wix.com:80.
HTTP request sent, awaiting response... 200 OK
Length: unspecified [application/x-javascript]
Saving to: `code/../crawls/wix.com/Privacy-Policy/raw/static.wix.com/services/bootstrap/2.98.2/javascript/bootstrap.min.js'

     0K .......... .......... .......... .......... .......... 11.7M
    50K ....                                                   18.6M=0.004s

2013-04-20 05:10:48 (12.1 MB/s) - `code/../crawls/wix.com/Privacy-Policy/raw/static.wix.com/services/bootstrap/2.98.2/javascript/bootstrap.min.js' saved [55903]

--2013-04-20 05:10:48--  http://static.wix.com/services/web/2.107.6/deployviewer.min.js
Reusing existing connection to static.wix.com:80.
HTTP request sent, awaiting response... 200 OK
Length: 3158 (3.1K) [application/x-javascript]
Saving to: `code/../crawls/wix.com/Privacy-Policy/raw/static.wix.com/services/web/2.107.6/deployviewer.min.js'

     0K ...                                                   100%  371M=0s

2013-04-20 05:10:48 (371 MB/s) - `code/../crawls/wix.com/Privacy-Policy/raw/static.wix.com/services/web/2.107.6/deployviewer.min.js' saved [3158/3158]

FINISHED --2013-04-20 05:10:48--
Total wall clock time: 0.5s
Downloaded: 8 files, 475K in 0.2s (2.29 MB/s)
Converting code/../crawls/wix.com/Privacy-Policy/raw/www.wix.com/about/privacy.html... 8-1
Converted 1 files in 0 seconds.
