--2012-11-05 06:09:32--  http://www.centurylink.com/Pages/AboutUs/Legal/AcceptableUse/acceptableUsePolicyQwest.jsp
Resolving www.centurylink.com... 159.78.72.30, 2001:428:b21:1::20
Connecting to www.centurylink.com|159.78.72.30|:80... connected.
HTTP request sent, awaiting response... 200 OK
Length: unspecified [text/html]
Saving to: `code/../crawls/Centurylink.com/Acceptable-Use-Policy/raw/www.centurylink.com/Pages/AboutUs/Legal/AcceptableUse/acceptableUsePolicyQwest.jsp.html'

     0K .......... .....                                        138K=0.1s

2012-11-05 06:09:32 (138 KB/s) - `code/../crawls/Centurylink.com/Acceptable-Use-Policy/raw/www.centurylink.com/Pages/AboutUs/Legal/AcceptableUse/acceptableUsePolicyQwest.jsp.html' saved [16257]

--2012-11-05 06:09:32--  http://www.centurylink.com/static/Images/favicon.ico
Reusing existing connection to www.centurylink.com:80.
HTTP request sent, awaiting response... 200 OK
Length: 1150 (1.1K) [image/x-icon]
Saving to: `code/../crawls/Centurylink.com/Acceptable-Use-Policy/raw/www.centurylink.com/static/Images/favicon.ico'

     0K .                                                     100%  166M=0s

2012-11-05 06:09:32 (166 MB/s) - `code/../crawls/Centurylink.com/Acceptable-Use-Policy/raw/www.centurylink.com/static/Images/favicon.ico' saved [1150/1150]

--2012-11-05 06:09:32--  http://www.centurylink.com/static/Styles/main.css
Reusing existing connection to www.centurylink.com:80.
HTTP request sent, awaiting response... 200 OK
Length: 23357 (23K) [text/css]
Saving to: `code/../crawls/Centurylink.com/Acceptable-Use-Policy/raw/www.centurylink.com/static/Styles/main.css'

     0K .......... .......... ..                              100%  388K=0.06s

2012-11-05 06:09:32 (388 KB/s) - `code/../crawls/Centurylink.com/Acceptable-Use-Policy/raw/www.centurylink.com/static/Styles/main.css' saved [23357/23357]

--2012-11-05 06:09:32--  http://www.centurylink.com/static/Styles/modals.css
Reusing existing connection to www.centurylink.com:80.
HTTP request sent, awaiting response... 200 OK
Length: 7388 (7.2K) [text/css]
Saving to: `code/../crawls/Centurylink.com/Acceptable-Use-Policy/raw/www.centurylink.com/static/Styles/modals.css'

     0K .......                                               100% 8.30M=0.001s

2012-11-05 06:09:32 (8.30 MB/s) - `code/../crawls/Centurylink.com/Acceptable-Use-Policy/raw/www.centurylink.com/static/Styles/modals.css' saved [7388/7388]

--2012-11-05 06:09:32--  http://www.centurylink.com/static/Styles/menu.css
Reusing existing connection to www.centurylink.com:80.
HTTP request sent, awaiting response... 200 OK
Length: 1269 (1.2K) [text/css]
Saving to: `code/../crawls/Centurylink.com/Acceptable-Use-Policy/raw/www.centurylink.com/static/Styles/menu.css'

     0K .                                                     100% 4.78M=0s

2012-11-05 06:09:32 (4.78 MB/s) - `code/../crawls/Centurylink.com/Acceptable-Use-Policy/raw/www.centurylink.com/static/Styles/menu.css' saved [1269/1269]

--2012-11-05 06:09:32--  http://www.centurylink.com/static/Styles/aboutUs.css
Reusing existing connection to www.centurylink.com:80.
HTTP request sent, awaiting response... 200 OK
Length: 13436 (13K) [text/css]
Saving to: `code/../crawls/Centurylink.com/Acceptable-Use-Policy/raw/www.centurylink.com/static/Styles/aboutUs.css'

     0K .......... ...                                        100% 9.34M=0.001s

2012-11-05 06:09:33 (9.34 MB/s) - `code/../crawls/Centurylink.com/Acceptable-Use-Policy/raw/www.centurylink.com/static/Styles/aboutUs.css' saved [13436/13436]

--2012-11-05 06:09:33--  http://www.centurylink.com/static/Common/Includes/Lib/Metrix/Common/TnT/mbox.js
Reusing existing connection to www.centurylink.com:80.
HTTP request sent, awaiting response... 200 OK
Length: 111736 (109K) [application/javascript]
Saving to: `code/../crawls/Centurylink.com/Acceptable-Use-Policy/raw/www.centurylink.com/static/Common/Includes/Lib/Metrix/Common/TnT/mbox.js'

     0K .......... .......... .......... .......... .......... 45%  430K 0s
    50K .......... .......... .......... .......... .......... 91%  845K 0s
   100K .........                                             100% 14.3M=0.2s

2012-11-05 06:09:33 (619 KB/s) - `code/../crawls/Centurylink.com/Acceptable-Use-Policy/raw/www.centurylink.com/static/Common/Includes/Lib/Metrix/Common/TnT/mbox.js' saved [111736/111736]

--2012-11-05 06:09:33--  http://www.centurylink.com/static/Common/Includes/Lib/global.js
Reusing existing connection to www.centurylink.com:80.
HTTP request sent, awaiting response... 200 OK
Length: 2422 (2.4K) [application/javascript]
Saving to: `code/../crawls/Centurylink.com/Acceptable-Use-Policy/raw/www.centurylink.com/static/Common/Includes/Lib/global.js'

     0K ..                                                    100% 40.4M=0s

2012-11-05 06:09:33 (40.4 MB/s) - `code/../crawls/Centurylink.com/Acceptable-Use-Policy/raw/www.centurylink.com/static/Common/Includes/Lib/global.js' saved [2422/2422]

--2012-11-05 06:09:33--  http://www.centurylink.com/static/Common/Includes/Lib/locator.js
Reusing existing connection to www.centurylink.com:80.
HTTP request sent, awaiting response... 200 OK
Length: 9286 (9.1K) [application/javascript]
Saving to: `code/../crawls/Centurylink.com/Acceptable-Use-Policy/raw/www.centurylink.com/static/Common/Includes/Lib/locator.js'

     0K .........                                             100% 9.90M=0.001s

2012-11-05 06:09:33 (9.90 MB/s) - `code/../crawls/Centurylink.com/Acceptable-Use-Policy/raw/www.centurylink.com/static/Common/Includes/Lib/locator.js' saved [9286/9286]

--2012-11-05 06:09:33--  http://www.centurylink.com/static/Common/Includes/Lib/modal.js
Reusing existing connection to www.centurylink.com:80.
HTTP request sent, awaiting response... 200 OK
Length: 11798 (12K) [application/javascript]
Saving to: `code/../crawls/Centurylink.com/Acceptable-Use-Policy/raw/www.centurylink.com/static/Common/Includes/Lib/modal.js'

     0K .......... .                                          100% 10.6M=0.001s

2012-11-05 06:09:33 (10.6 MB/s) - `code/../crawls/Centurylink.com/Acceptable-Use-Policy/raw/www.centurylink.com/static/Common/Includes/Lib/modal.js' saved [11798/11798]

--2012-11-05 06:09:33--  http://www.centurylink.com/static/Common/Includes/Lib/cookies.js
Reusing existing connection to www.centurylink.com:80.
HTTP request sent, awaiting response... 200 OK
Length: 4580 (4.5K) [application/javascript]
Saving to: `code/../crawls/Centurylink.com/Acceptable-Use-Policy/raw/www.centurylink.com/static/Common/Includes/Lib/cookies.js'

     0K ....                                                  100% 67.5K=0.07s

2012-11-05 06:09:33 (67.5 KB/s) - `code/../crawls/Centurylink.com/Acceptable-Use-Policy/raw/www.centurylink.com/static/Common/Includes/Lib/cookies.js' saved [4580/4580]

--2012-11-05 06:09:33--  http://www.centurylink.com/static/Common/Includes/Lib/jquery.simplemodal-1.4.1.js
Reusing existing connection to www.centurylink.com:80.
HTTP request sent, awaiting response... 200 OK
Length: 9469 (9.2K) [application/javascript]
Saving to: `code/../crawls/Centurylink.com/Acceptable-Use-Policy/raw/www.centurylink.com/static/Common/Includes/Lib/jquery.simplemodal-1.4.1.js'

     0K .........                                             100% 1.11M=0.008s

2012-11-05 06:09:33 (1.11 MB/s) - `code/../crawls/Centurylink.com/Acceptable-Use-Policy/raw/www.centurylink.com/static/Common/Includes/Lib/jquery.simplemodal-1.4.1.js' saved [9469/9469]

--2012-11-05 06:09:33--  http://www.centurylink.com/static/Images/Layout/logoCenturyLink.gif
Reusing existing connection to www.centurylink.com:80.
HTTP request sent, awaiting response... 200 OK
Length: 2813 (2.7K) [image/gif]
Saving to: `code/../crawls/Centurylink.com/Acceptable-Use-Policy/raw/www.centurylink.com/static/Images/Layout/logoCenturyLink.gif'

     0K ..                                                    100% 8.52M=0s

2012-11-05 06:09:33 (8.52 MB/s) - `code/../crawls/Centurylink.com/Acceptable-Use-Policy/raw/www.centurylink.com/static/Images/Layout/logoCenturyLink.gif' saved [2813/2813]

--2012-11-05 06:09:33--  http://www.centurylink.com/static/Images/Layout/btnSiteSearch.gif
Reusing existing connection to www.centurylink.com:80.
HTTP request sent, awaiting response... 200 OK
Length: 814 [image/gif]
Saving to: `code/../crawls/Centurylink.com/Acceptable-Use-Policy/raw/www.centurylink.com/static/Images/Layout/btnSiteSearch.gif'

     0K                                                       100% 7.16M=0s

2012-11-05 06:09:33 (7.16 MB/s) - `code/../crawls/Centurylink.com/Acceptable-Use-Policy/raw/www.centurylink.com/static/Images/Layout/btnSiteSearch.gif' saved [814/814]

--2012-11-05 06:09:33--  http://www.centurylink.com/static/Common/Includes/Lib/Metrix/CTL/metrixConfig.js
Reusing existing connection to www.centurylink.com:80.
HTTP request sent, awaiting response... 200 OK
Length: 5390 (5.3K) [application/javascript]
Saving to: `code/../crawls/Centurylink.com/Acceptable-Use-Policy/raw/www.centurylink.com/static/Common/Includes/Lib/Metrix/CTL/metrixConfig.js'

     0K .....                                                 100% 10.8M=0s

2012-11-05 06:09:33 (10.8 MB/s) - `code/../crawls/Centurylink.com/Acceptable-Use-Policy/raw/www.centurylink.com/static/Common/Includes/Lib/Metrix/CTL/metrixConfig.js' saved [5390/5390]

--2012-11-05 06:09:33--  http://centelcom.112.2o7.net/b/ss/centelcom/1/H.14--NS/0
Resolving centelcom.112.2o7.net... 66.235.133.14, 66.235.133.33, 66.235.133.62, ...
Connecting to centelcom.112.2o7.net|66.235.133.14|:80... connected.
HTTP request sent, awaiting response... 302 Found
Location: http://centelcom.112.2o7.net/b/ss/centelcom/1/H.14--NS/0?AQB=1&pccr=true&AQE=1 [following]
--2012-11-05 06:09:33--  http://centelcom.112.2o7.net/b/ss/centelcom/1/H.14--NS/0?AQB=1&pccr=true&AQE=1
Reusing existing connection to centelcom.112.2o7.net:80.
HTTP request sent, awaiting response... 200 OK
Length: 43 [image/gif]
Saving to: `code/../crawls/Centurylink.com/Acceptable-Use-Policy/raw/centelcom.112.2o7.net/b/ss/centelcom/1/H.14--NS/0'

     0K                                                       100% 7.26M=0s

2012-11-05 06:09:33 (7.26 MB/s) - `code/../crawls/Centurylink.com/Acceptable-Use-Policy/raw/centelcom.112.2o7.net/b/ss/centelcom/1/H.14--NS/0' saved [43/43]

--2012-11-05 06:09:33--  http://www.centurylink.com/static/Images/Layout/sectionNavTabRight.gif
Connecting to www.centurylink.com|159.78.72.30|:80... connected.
HTTP request sent, awaiting response... 200 OK
Length: 166 [image/gif]
Saving to: `code/../crawls/Centurylink.com/Acceptable-Use-Policy/raw/www.centurylink.com/static/Images/Layout/sectionNavTabRight.gif'

     0K                                                       100% 27.0M=0s

2012-11-05 06:09:33 (27.0 MB/s) - `code/../crawls/Centurylink.com/Acceptable-Use-Policy/raw/www.centurylink.com/static/Images/Layout/sectionNavTabRight.gif' saved [166/166]

--2012-11-05 06:09:33--  http://www.centurylink.com/static/Images/Layout/sectionNavTabLeft.gif
Reusing existing connection to www.centurylink.com:80.
HTTP request sent, awaiting response... 200 OK
Length: 165 [image/gif]
Saving to: `code/../crawls/Centurylink.com/Acceptable-Use-Policy/raw/www.centurylink.com/static/Images/Layout/sectionNavTabLeft.gif'

     0K                                                       100% 26.5M=0s

2012-11-05 06:09:33 (26.5 MB/s) - `code/../crawls/Centurylink.com/Acceptable-Use-Policy/raw/www.centurylink.com/static/Images/Layout/sectionNavTabLeft.gif' saved [165/165]

--2012-11-05 06:09:33--  http://www.centurylink.com/static/Images/Layout/sectionNavCurrent.gif
Reusing existing connection to www.centurylink.com:80.
HTTP request sent, awaiting response... 200 OK
Length: 798 [image/gif]
Saving to: `code/../crawls/Centurylink.com/Acceptable-Use-Policy/raw/www.centurylink.com/static/Images/Layout/sectionNavCurrent.gif'

     0K                                                       100% 3.33M=0s

2012-11-05 06:09:34 (3.33 MB/s) - `code/../crawls/Centurylink.com/Acceptable-Use-Policy/raw/www.centurylink.com/static/Images/Layout/sectionNavCurrent.gif' saved [798/798]

--2012-11-05 06:09:34--  http://www.centurylink.com/static/Images/Layout/sectionNavCurrentArrow.gif
Reusing existing connection to www.centurylink.com:80.
HTTP request sent, awaiting response... 200 OK
Length: 82 [image/gif]
Saving to: `code/../crawls/Centurylink.com/Acceptable-Use-Policy/raw/www.centurylink.com/static/Images/Layout/sectionNavCurrentArrow.gif'

     0K                                                       100% 12.6M=0s

2012-11-05 06:09:34 (12.6 MB/s) - `code/../crawls/Centurylink.com/Acceptable-Use-Policy/raw/www.centurylink.com/static/Images/Layout/sectionNavCurrentArrow.gif' saved [82/82]

--2012-11-05 06:09:34--  http://www.centurylink.com/static/Images/Layout/topbarBg.gif
Reusing existing connection to www.centurylink.com:80.
HTTP request sent, awaiting response... 200 OK
Length: 1966 (1.9K) [image/gif]
Saving to: `code/../crawls/Centurylink.com/Acceptable-Use-Policy/raw/www.centurylink.com/static/Images/Layout/topbarBg.gif'

     0K .                                                     100% 33.0K=0.06s

2012-11-05 06:09:34 (33.0 KB/s) - `code/../crawls/Centurylink.com/Acceptable-Use-Policy/raw/www.centurylink.com/static/Images/Layout/topbarBg.gif' saved [1966/1966]

--2012-11-05 06:09:34--  http://www.centurylink.com/static/Images/Layout/topbarTabRight.gif
Reusing existing connection to www.centurylink.com:80.
HTTP request sent, awaiting response... 200 OK
Length: 186 [image/gif]
Saving to: `code/../crawls/Centurylink.com/Acceptable-Use-Policy/raw/www.centurylink.com/static/Images/Layout/topbarTabRight.gif'

     0K                                                       100% 31.4M=0s

2012-11-05 06:09:34 (31.4 MB/s) - `code/../crawls/Centurylink.com/Acceptable-Use-Policy/raw/www.centurylink.com/static/Images/Layout/topbarTabRight.gif' saved [186/186]

--2012-11-05 06:09:34--  http://www.centurylink.com/static/Images/Layout/topbarTabCurrent.gif
Reusing existing connection to www.centurylink.com:80.
HTTP request sent, awaiting response... 200 OK
Length: 88 [image/gif]
Saving to: `code/../crawls/Centurylink.com/Acceptable-Use-Policy/raw/www.centurylink.com/static/Images/Layout/topbarTabCurrent.gif'

     0K                                                       100% 14.8M=0s

2012-11-05 06:09:34 (14.8 MB/s) - `code/../crawls/Centurylink.com/Acceptable-Use-Policy/raw/www.centurylink.com/static/Images/Layout/topbarTabCurrent.gif' saved [88/88]

--2012-11-05 06:09:34--  http://www.centurylink.com/static/Images/Layout/iconSearch.gif
Reusing existing connection to www.centurylink.com:80.
HTTP request sent, awaiting response... 200 OK
Length: 352 [image/gif]
Saving to: `code/../crawls/Centurylink.com/Acceptable-Use-Policy/raw/www.centurylink.com/static/Images/Layout/iconSearch.gif'

     0K                                                       100% 23.1M=0s

2012-11-05 06:09:34 (23.1 MB/s) - `code/../crawls/Centurylink.com/Acceptable-Use-Policy/raw/www.centurylink.com/static/Images/Layout/iconSearch.gif' saved [352/352]

--2012-11-05 06:09:34--  http://www.centurylink.com/static/Images/Layout/footerBg.gif
Reusing existing connection to www.centurylink.com:80.
HTTP request sent, awaiting response... 200 OK
Length: 1418 (1.4K) [image/gif]
Saving to: `code/../crawls/Centurylink.com/Acceptable-Use-Policy/raw/www.centurylink.com/static/Images/Layout/footerBg.gif'

     0K .                                                     100% 3.30M=0s

2012-11-05 06:09:34 (3.30 MB/s) - `code/../crawls/Centurylink.com/Acceptable-Use-Policy/raw/www.centurylink.com/static/Images/Layout/footerBg.gif' saved [1418/1418]

--2012-11-05 06:09:34--  http://www.centurylink.com/static/Images/Layout/Content/supportBorderedTop.gif
Reusing existing connection to www.centurylink.com:80.
HTTP request sent, awaiting response... 200 OK
Length: 370 [image/gif]
Saving to: `code/../crawls/Centurylink.com/Acceptable-Use-Policy/raw/www.centurylink.com/static/Images/Layout/Content/supportBorderedTop.gif'

     0K                                                       100% 20.5M=0s

2012-11-05 06:09:34 (20.5 MB/s) - `code/../crawls/Centurylink.com/Acceptable-Use-Policy/raw/www.centurylink.com/static/Images/Layout/Content/supportBorderedTop.gif' saved [370/370]

--2012-11-05 06:09:34--  http://www.centurylink.com/static/Images/Layout/Content/supportBorderedBottom.gif
Reusing existing connection to www.centurylink.com:80.
HTTP request sent, awaiting response... 200 OK
Length: 631 [image/gif]
Saving to: `code/../crawls/Centurylink.com/Acceptable-Use-Policy/raw/www.centurylink.com/static/Images/Layout/Content/supportBorderedBottom.gif'

     0K                                                       100% 28.1M=0s

2012-11-05 06:09:34 (28.1 MB/s) - `code/../crawls/Centurylink.com/Acceptable-Use-Policy/raw/www.centurylink.com/static/Images/Layout/Content/supportBorderedBottom.gif' saved [631/631]

--2012-11-05 06:09:34--  http://www.centurylink.com/static/Images/Layout/Content/supportBackground.gif
Reusing existing connection to www.centurylink.com:80.
HTTP request sent, awaiting response... 200 OK
Length: 267 [image/gif]
Saving to: `code/../crawls/Centurylink.com/Acceptable-Use-Policy/raw/www.centurylink.com/static/Images/Layout/Content/supportBackground.gif'

     0K                                                       100% 20.3M=0s

2012-11-05 06:09:34 (20.3 MB/s) - `code/../crawls/Centurylink.com/Acceptable-Use-Policy/raw/www.centurylink.com/static/Images/Layout/Content/supportBackground.gif' saved [267/267]

--2012-11-05 06:09:34--  http://www.centurylink.com/static/Images/Layout/Content/bodyBorderedBottom.gif
Reusing existing connection to www.centurylink.com:80.
HTTP request sent, awaiting response... 200 OK
Length: 218 [image/gif]
Saving to: `code/../crawls/Centurylink.com/Acceptable-Use-Policy/raw/www.centurylink.com/static/Images/Layout/Content/bodyBorderedBottom.gif'

     0K                                                       100% 38.7M=0s

2012-11-05 06:09:35 (38.7 MB/s) - `code/../crawls/Centurylink.com/Acceptable-Use-Policy/raw/www.centurylink.com/static/Images/Layout/Content/bodyBorderedBottom.gif' saved [218/218]

--2012-11-05 06:09:35--  http://www.centurylink.com/static/Images/Layout/Content/featureListCallout.gif
Reusing existing connection to www.centurylink.com:80.
HTTP request sent, awaiting response... 200 OK
Length: 1016 [image/gif]
Saving to: `code/../crawls/Centurylink.com/Acceptable-Use-Policy/raw/www.centurylink.com/static/Images/Layout/Content/featureListCallout.gif'

     0K                                                       100% 6.89M=0s

2012-11-05 06:09:35 (6.89 MB/s) - `code/../crawls/Centurylink.com/Acceptable-Use-Policy/raw/www.centurylink.com/static/Images/Layout/Content/featureListCallout.gif' saved [1016/1016]

--2012-11-05 06:09:35--  http://www.centurylink.com/static/Images/Layout/Content/bodyTabInactiveRight.gif
Reusing existing connection to www.centurylink.com:80.
HTTP request sent, awaiting response... 200 OK
Length: 202 [image/gif]
Saving to: `code/../crawls/Centurylink.com/Acceptable-Use-Policy/raw/www.centurylink.com/static/Images/Layout/Content/bodyTabInactiveRight.gif'

     0K                                                       100% 34.3M=0s

2012-11-05 06:09:35 (34.3 MB/s) - `code/../crawls/Centurylink.com/Acceptable-Use-Policy/raw/www.centurylink.com/static/Images/Layout/Content/bodyTabInactiveRight.gif' saved [202/202]

--2012-11-05 06:09:35--  http://www.centurylink.com/static/Images/Layout/Content/bodyTabInactiveLeft.gif
Reusing existing connection to www.centurylink.com:80.
HTTP request sent, awaiting response... 200 OK
Length: 892 [image/gif]
Saving to: `code/../crawls/Centurylink.com/Acceptable-Use-Policy/raw/www.centurylink.com/static/Images/Layout/Content/bodyTabInactiveLeft.gif'

     0K                                                       100% 7.32M=0s

2012-11-05 06:09:35 (7.32 MB/s) - `code/../crawls/Centurylink.com/Acceptable-Use-Policy/raw/www.centurylink.com/static/Images/Layout/Content/bodyTabInactiveLeft.gif' saved [892/892]

--2012-11-05 06:09:35--  http://www.centurylink.com/static/Images/Layout/Content/bodyTabActiveRight.gif
Reusing existing connection to www.centurylink.com:80.
HTTP request sent, awaiting response... 200 OK
Length: 204 [image/gif]
Saving to: `code/../crawls/Centurylink.com/Acceptable-Use-Policy/raw/www.centurylink.com/static/Images/Layout/Content/bodyTabActiveRight.gif'

     0K                                                       100% 34.8M=0s

2012-11-05 06:09:35 (34.8 MB/s) - `code/../crawls/Centurylink.com/Acceptable-Use-Policy/raw/www.centurylink.com/static/Images/Layout/Content/bodyTabActiveRight.gif' saved [204/204]

--2012-11-05 06:09:35--  http://www.centurylink.com/static/Images/Layout/Content/bodyTabActiveLeft.gif
Reusing existing connection to www.centurylink.com:80.
HTTP request sent, awaiting response... 200 OK
Length: 876 [image/gif]
Saving to: `code/../crawls/Centurylink.com/Acceptable-Use-Policy/raw/www.centurylink.com/static/Images/Layout/Content/bodyTabActiveLeft.gif'

     0K                                                       100% 5.53M=0s

2012-11-05 06:09:35 (5.53 MB/s) - `code/../crawls/Centurylink.com/Acceptable-Use-Policy/raw/www.centurylink.com/static/Images/Layout/Content/bodyTabActiveLeft.gif' saved [876/876]

--2012-11-05 06:09:35--  http://www.centurylink.com/static/Images/Layout/Content/colThreeBg.jpg
Reusing existing connection to www.centurylink.com:80.
HTTP request sent, awaiting response... 200 OK
Length: 1784 (1.7K) [image/jpeg]
Saving to: `code/../crawls/Centurylink.com/Acceptable-Use-Policy/raw/www.centurylink.com/static/Images/Layout/Content/colThreeBg.jpg'

     0K .                                                     100% 4.77M=0s

2012-11-05 06:09:35 (4.77 MB/s) - `code/../crawls/Centurylink.com/Acceptable-Use-Policy/raw/www.centurylink.com/static/Images/Layout/Content/colThreeBg.jpg' saved [1784/1784]

--2012-11-05 06:09:35--  http://www.centurylink.com/static/Images/Layout/Content/arrowLandingMenu.gif
Reusing existing connection to www.centurylink.com:80.
HTTP request sent, awaiting response... 200 OK
Length: 90 [image/gif]
Saving to: `code/../crawls/Centurylink.com/Acceptable-Use-Policy/raw/www.centurylink.com/static/Images/Layout/Content/arrowLandingMenu.gif'

     0K                                                       100% 16.0M=0s

2012-11-05 06:09:35 (16.0 MB/s) - `code/../crawls/Centurylink.com/Acceptable-Use-Policy/raw/www.centurylink.com/static/Images/Layout/Content/arrowLandingMenu.gif' saved [90/90]

--2012-11-05 06:09:35--  http://www.centurylink.com/static/Images/Layout/Content/arrowTargetLink.gif
Reusing existing connection to www.centurylink.com:80.
HTTP request sent, awaiting response... 200 OK
Length: 821 [image/gif]
Saving to: `code/../crawls/Centurylink.com/Acceptable-Use-Policy/raw/www.centurylink.com/static/Images/Layout/Content/arrowTargetLink.gif'

     0K                                                       100% 5.11M=0s

2012-11-05 06:09:35 (5.11 MB/s) - `code/../crawls/Centurylink.com/Acceptable-Use-Policy/raw/www.centurylink.com/static/Images/Layout/Content/arrowTargetLink.gif' saved [821/821]

--2012-11-05 06:09:35--  http://www.centurylink.com/static/Images/Layout/Content/arrowBackLink.gif
Reusing existing connection to www.centurylink.com:80.
HTTP request sent, awaiting response... 200 OK
Length: 49 [image/gif]
Saving to: `code/../crawls/Centurylink.com/Acceptable-Use-Policy/raw/www.centurylink.com/static/Images/Layout/Content/arrowBackLink.gif'

     0K                                                       100% 8.36M=0s

2012-11-05 06:09:35 (8.36 MB/s) - `code/../crawls/Centurylink.com/Acceptable-Use-Policy/raw/www.centurylink.com/static/Images/Layout/Content/arrowBackLink.gif' saved [49/49]

--2012-11-05 06:09:35--  http://www.centurylink.com/static/Images/Layout/Content/arrowUp.gif
Reusing existing connection to www.centurylink.com:80.
HTTP request sent, awaiting response... 200 OK
Length: 52 [image/gif]
Saving to: `code/../crawls/Centurylink.com/Acceptable-Use-Policy/raw/www.centurylink.com/static/Images/Layout/Content/arrowUp.gif'

     0K                                                       100% 9.23M=0s

2012-11-05 06:09:35 (9.23 MB/s) - `code/../crawls/Centurylink.com/Acceptable-Use-Policy/raw/www.centurylink.com/static/Images/Layout/Content/arrowUp.gif' saved [52/52]

--2012-11-05 06:09:35--  http://www.centurylink.com/static/Images/Layout/Content/bodyWideTopWhite.gif
Reusing existing connection to www.centurylink.com:80.
HTTP request sent, awaiting response... 200 OK
Length: 162 [image/gif]
Saving to: `code/../crawls/Centurylink.com/Acceptable-Use-Policy/raw/www.centurylink.com/static/Images/Layout/Content/bodyWideTopWhite.gif'

     0K                                                       100% 29.3M=0s

2012-11-05 06:09:35 (29.3 MB/s) - `code/../crawls/Centurylink.com/Acceptable-Use-Policy/raw/www.centurylink.com/static/Images/Layout/Content/bodyWideTopWhite.gif' saved [162/162]

--2012-11-05 06:09:35--  http://www.centurylink.com/static/Images/Layout/Content/bodyWideTopGray.gif
Reusing existing connection to www.centurylink.com:80.
HTTP request sent, awaiting response... 200 OK
Length: 162 [image/gif]
Saving to: `code/../crawls/Centurylink.com/Acceptable-Use-Policy/raw/www.centurylink.com/static/Images/Layout/Content/bodyWideTopGray.gif'

     0K                                                       100% 26.5M=0s

2012-11-05 06:09:35 (26.5 MB/s) - `code/../crawls/Centurylink.com/Acceptable-Use-Policy/raw/www.centurylink.com/static/Images/Layout/Content/bodyWideTopGray.gif' saved [162/162]

--2012-11-05 06:09:35--  http://www.centurylink.com/static/Images/Layout/Content/calloutGradient.jpg
Reusing existing connection to www.centurylink.com:80.
HTTP request sent, awaiting response... 200 OK
Length: 339 [image/jpeg]
Saving to: `code/../crawls/Centurylink.com/Acceptable-Use-Policy/raw/www.centurylink.com/static/Images/Layout/Content/calloutGradient.jpg'

     0K                                                       100% 57.1M=0s

2012-11-05 06:09:35 (57.1 MB/s) - `code/../crawls/Centurylink.com/Acceptable-Use-Policy/raw/www.centurylink.com/static/Images/Layout/Content/calloutGradient.jpg' saved [339/339]

--2012-11-05 06:09:35--  http://www.centurylink.com/static/Images/Layout/Content/infoBorderedTop.gif
Reusing existing connection to www.centurylink.com:80.
HTTP request sent, awaiting response... 200 OK
Length: 199 [image/gif]
Saving to: `code/../crawls/Centurylink.com/Acceptable-Use-Policy/raw/www.centurylink.com/static/Images/Layout/Content/infoBorderedTop.gif'

     0K                                                       100% 26.5M=0s

2012-11-05 06:09:35 (26.5 MB/s) - `code/../crawls/Centurylink.com/Acceptable-Use-Policy/raw/www.centurylink.com/static/Images/Layout/Content/infoBorderedTop.gif' saved [199/199]

--2012-11-05 06:09:35--  http://www.centurylink.com/static/Images/Layout/Content/infoBorderedBottom.gif
Reusing existing connection to www.centurylink.com:80.
HTTP request sent, awaiting response... 200 OK
Length: 200 [image/gif]
Saving to: `code/../crawls/Centurylink.com/Acceptable-Use-Policy/raw/www.centurylink.com/static/Images/Layout/Content/infoBorderedBottom.gif'

     0K                                                       100% 36.3M=0s

2012-11-05 06:09:35 (36.3 MB/s) - `code/../crawls/Centurylink.com/Acceptable-Use-Policy/raw/www.centurylink.com/static/Images/Layout/Content/infoBorderedBottom.gif' saved [200/200]

--2012-11-05 06:09:35--  http://www.centurylink.com/static/Images/Layout/Content/featureListTop.gif
Reusing existing connection to www.centurylink.com:80.
HTTP request sent, awaiting response... 200 OK
Length: 269 [image/gif]
Saving to: `code/../crawls/Centurylink.com/Acceptable-Use-Policy/raw/www.centurylink.com/static/Images/Layout/Content/featureListTop.gif'

     0K                                                       100% 46.7M=0s

2012-11-05 06:09:35 (46.7 MB/s) - `code/../crawls/Centurylink.com/Acceptable-Use-Policy/raw/www.centurylink.com/static/Images/Layout/Content/featureListTop.gif' saved [269/269]

--2012-11-05 06:09:35--  http://www.centurylink.com/static/Images/Layout/Content/featureListBottom.gif
Reusing existing connection to www.centurylink.com:80.
HTTP request sent, awaiting response... 200 OK
Length: 228 [image/gif]
Saving to: `code/../crawls/Centurylink.com/Acceptable-Use-Policy/raw/www.centurylink.com/static/Images/Layout/Content/featureListBottom.gif'

     0K                                                       100% 37.0M=0s

2012-11-05 06:09:36 (37.0 MB/s) - `code/../crawls/Centurylink.com/Acceptable-Use-Policy/raw/www.centurylink.com/static/Images/Layout/Content/featureListBottom.gif' saved [228/228]

--2012-11-05 06:09:36--  http://www.centurylink.com/static/Images/Layout/Content/bodyTopWhite.gif
Reusing existing connection to www.centurylink.com:80.
HTTP request sent, awaiting response... 200 OK
Length: 143 [image/gif]
Saving to: `code/../crawls/Centurylink.com/Acceptable-Use-Policy/raw/www.centurylink.com/static/Images/Layout/Content/bodyTopWhite.gif'

     0K                                                       100% 9.58M=0s

2012-11-05 06:09:36 (9.58 MB/s) - `code/../crawls/Centurylink.com/Acceptable-Use-Policy/raw/www.centurylink.com/static/Images/Layout/Content/bodyTopWhite.gif' saved [143/143]

--2012-11-05 06:09:36--  http://www.centurylink.com/static/Images/Layout/Content/featureListLeftTop.gif
Reusing existing connection to www.centurylink.com:80.
HTTP request sent, awaiting response... 200 OK
Length: 269 [image/gif]
Saving to: `code/../crawls/Centurylink.com/Acceptable-Use-Policy/raw/www.centurylink.com/static/Images/Layout/Content/featureListLeftTop.gif'

     0K                                                       100% 40.7M=0s

2012-11-05 06:09:36 (40.7 MB/s) - `code/../crawls/Centurylink.com/Acceptable-Use-Policy/raw/www.centurylink.com/static/Images/Layout/Content/featureListLeftTop.gif' saved [269/269]

--2012-11-05 06:09:36--  http://www.centurylink.com/static/Images/Layout/Content/featureListLeftBottom.gif
Reusing existing connection to www.centurylink.com:80.
HTTP request sent, awaiting response... 200 OK
Length: 280 [image/gif]
Saving to: `code/../crawls/Centurylink.com/Acceptable-Use-Policy/raw/www.centurylink.com/static/Images/Layout/Content/featureListLeftBottom.gif'

     0K                                                       100% 45.4M=0s

2012-11-05 06:09:36 (45.4 MB/s) - `code/../crawls/Centurylink.com/Acceptable-Use-Policy/raw/www.centurylink.com/static/Images/Layout/Content/featureListLeftBottom.gif' saved [280/280]

--2012-11-05 06:09:36--  http://www.centurylink.com/static/Images/Layout/Content/squareTop.gif
Reusing existing connection to www.centurylink.com:80.
HTTP request sent, awaiting response... 200 OK
Length: 261 [image/gif]
Saving to: `code/../crawls/Centurylink.com/Acceptable-Use-Policy/raw/www.centurylink.com/static/Images/Layout/Content/squareTop.gif'

     0K                                                       100% 40.6M=0s

2012-11-05 06:09:36 (40.6 MB/s) - `code/../crawls/Centurylink.com/Acceptable-Use-Policy/raw/www.centurylink.com/static/Images/Layout/Content/squareTop.gif' saved [261/261]

--2012-11-05 06:09:36--  http://www.centurylink.com/static/Images/Layout/Content/squareBtm.gif
Reusing existing connection to www.centurylink.com:80.
HTTP request sent, awaiting response... 200 OK
Length: 428 [image/gif]
Saving to: `code/../crawls/Centurylink.com/Acceptable-Use-Policy/raw/www.centurylink.com/static/Images/Layout/Content/squareBtm.gif'

     0K                                                       100% 6.58M=0s

2012-11-05 06:09:36 (6.58 MB/s) - `code/../crawls/Centurylink.com/Acceptable-Use-Policy/raw/www.centurylink.com/static/Images/Layout/Content/squareBtm.gif' saved [428/428]

--2012-11-05 06:09:36--  http://www.centurylink.com/static/Images/Layout/Content/squareBg.gif
Reusing existing connection to www.centurylink.com:80.
HTTP request sent, awaiting response... 200 OK
Length: 355 [image/gif]
Saving to: `code/../crawls/Centurylink.com/Acceptable-Use-Policy/raw/www.centurylink.com/static/Images/Layout/Content/squareBg.gif'

     0K                                                       100% 59.2M=0s

2012-11-05 06:09:36 (59.2 MB/s) - `code/../crawls/Centurylink.com/Acceptable-Use-Policy/raw/www.centurylink.com/static/Images/Layout/Content/squareBg.gif' saved [355/355]

--2012-11-05 06:09:36--  http://www.centurylink.com/static/Images/Layout/Content/linkBarTop.gif
Reusing existing connection to www.centurylink.com:80.
HTTP request sent, awaiting response... 200 OK
Length: 209 [image/gif]
Saving to: `code/../crawls/Centurylink.com/Acceptable-Use-Policy/raw/www.centurylink.com/static/Images/Layout/Content/linkBarTop.gif'

     0K                                                       100% 35.7M=0s

2012-11-05 06:09:36 (35.7 MB/s) - `code/../crawls/Centurylink.com/Acceptable-Use-Policy/raw/www.centurylink.com/static/Images/Layout/Content/linkBarTop.gif' saved [209/209]

--2012-11-05 06:09:36--  http://www.centurylink.com/static/Images/Layout/Content/linkBarBottom.gif
Reusing existing connection to www.centurylink.com:80.
HTTP request sent, awaiting response... 200 OK
Length: 207 [image/gif]
Saving to: `code/../crawls/Centurylink.com/Acceptable-Use-Policy/raw/www.centurylink.com/static/Images/Layout/Content/linkBarBottom.gif'

     0K                                                       100% 34.6M=0s

2012-11-05 06:09:36 (34.6 MB/s) - `code/../crawls/Centurylink.com/Acceptable-Use-Policy/raw/www.centurylink.com/static/Images/Layout/Content/linkBarBottom.gif' saved [207/207]

--2012-11-05 06:09:36--  http://www.centurylink.com/static/Images/Layout/Content/arrowLinkBar.gif
Reusing existing connection to www.centurylink.com:80.
HTTP request sent, awaiting response... 200 OK
Length: 49 [image/gif]
Saving to: `code/../crawls/Centurylink.com/Acceptable-Use-Policy/raw/www.centurylink.com/static/Images/Layout/Content/arrowLinkBar.gif'

     0K                                                       100% 8.93M=0s

2012-11-05 06:09:36 (8.93 MB/s) - `code/../crawls/Centurylink.com/Acceptable-Use-Policy/raw/www.centurylink.com/static/Images/Layout/Content/arrowLinkBar.gif' saved [49/49]

--2012-11-05 06:09:36--  http://www.centurylink.com/static/Images/Layout/Content/arrowLinkBarBack.gif
Reusing existing connection to www.centurylink.com:80.
HTTP request sent, awaiting response... 200 OK
Length: 49 [image/gif]
Saving to: `code/../crawls/Centurylink.com/Acceptable-Use-Policy/raw/www.centurylink.com/static/Images/Layout/Content/arrowLinkBarBack.gif'

     0K                                                       100% 8.69M=0s

2012-11-05 06:09:36 (8.69 MB/s) - `code/../crawls/Centurylink.com/Acceptable-Use-Policy/raw/www.centurylink.com/static/Images/Layout/Content/arrowLinkBarBack.gif' saved [49/49]

--2012-11-05 06:09:36--  http://www.centurylink.com/static/Images/Layout/Content/landingMenuBottom.gif
Reusing existing connection to www.centurylink.com:80.
HTTP request sent, awaiting response... 200 OK
Length: 126 [image/gif]
Saving to: `code/../crawls/Centurylink.com/Acceptable-Use-Policy/raw/www.centurylink.com/static/Images/Layout/Content/landingMenuBottom.gif'

     0K                                                       100% 21.2M=0s

2012-11-05 06:09:36 (21.2 MB/s) - `code/../crawls/Centurylink.com/Acceptable-Use-Policy/raw/www.centurylink.com/static/Images/Layout/Content/landingMenuBottom.gif' saved [126/126]

--2012-11-05 06:09:36--  http://www.centurylink.com/static/Images/Layout/Content/btnBackLeft.gif
Reusing existing connection to www.centurylink.com:80.
HTTP request sent, awaiting response... 200 OK
Length: 754 [image/gif]
Saving to: `code/../crawls/Centurylink.com/Acceptable-Use-Policy/raw/www.centurylink.com/static/Images/Layout/Content/btnBackLeft.gif'

     0K                                                       100% 7.36M=0s

2012-11-05 06:09:36 (7.36 MB/s) - `code/../crawls/Centurylink.com/Acceptable-Use-Policy/raw/www.centurylink.com/static/Images/Layout/Content/btnBackLeft.gif' saved [754/754]

--2012-11-05 06:09:36--  http://www.centurylink.com/static/Images/Layout/Content/btnBackRight.gif
Reusing existing connection to www.centurylink.com:80.
HTTP request sent, awaiting response... 200 OK
Length: 808 [image/gif]
Saving to: `code/../crawls/Centurylink.com/Acceptable-Use-Policy/raw/www.centurylink.com/static/Images/Layout/Content/btnBackRight.gif'

     0K                                                       100% 6.61M=0s

2012-11-05 06:09:36 (6.61 MB/s) - `code/../crawls/Centurylink.com/Acceptable-Use-Policy/raw/www.centurylink.com/static/Images/Layout/Content/btnBackRight.gif' saved [808/808]

--2012-11-05 06:09:36--  http://www.centurylink.com/static/Images/Modals/icon_close_green.gif
Reusing existing connection to www.centurylink.com:80.
HTTP request sent, awaiting response... 200 OK
Length: 173 [image/gif]
Saving to: `code/../crawls/Centurylink.com/Acceptable-Use-Policy/raw/www.centurylink.com/static/Images/Modals/icon_close_green.gif'

     0K                                                       100% 28.8M=0s

2012-11-05 06:09:37 (28.8 MB/s) - `code/../crawls/Centurylink.com/Acceptable-Use-Policy/raw/www.centurylink.com/static/Images/Modals/icon_close_green.gif' saved [173/173]

--2012-11-05 06:09:37--  http://www.centurylink.com/static/Images/Modals/modal_heading_bkg.gif
Reusing existing connection to www.centurylink.com:80.
HTTP request sent, awaiting response... 200 OK
Length: 95 [image/gif]
Saving to: `code/../crawls/Centurylink.com/Acceptable-Use-Policy/raw/www.centurylink.com/static/Images/Modals/modal_heading_bkg.gif'

     0K                                                       100% 16.2M=0s

2012-11-05 06:09:37 (16.2 MB/s) - `code/../crawls/Centurylink.com/Acceptable-Use-Policy/raw/www.centurylink.com/static/Images/Modals/modal_heading_bkg.gif' saved [95/95]

--2012-11-05 06:09:37--  http://www.centurylink.com/static/Images/Modals/arrow_closed.gif
Reusing existing connection to www.centurylink.com:80.
HTTP request sent, awaiting response... 200 OK
Length: 98 [image/gif]
Saving to: `code/../crawls/Centurylink.com/Acceptable-Use-Policy/raw/www.centurylink.com/static/Images/Modals/arrow_closed.gif'

     0K                                                       100% 5.05M=0s

2012-11-05 06:09:37 (5.05 MB/s) - `code/../crawls/Centurylink.com/Acceptable-Use-Policy/raw/www.centurylink.com/static/Images/Modals/arrow_closed.gif' saved [98/98]

--2012-11-05 06:09:37--  http://www.centurylink.com/static/Images/Modals/arrow_open.gif
Reusing existing connection to www.centurylink.com:80.
HTTP request sent, awaiting response... 200 OK
Length: 103 [image/gif]
Saving to: `code/../crawls/Centurylink.com/Acceptable-Use-Policy/raw/www.centurylink.com/static/Images/Modals/arrow_open.gif'

     0K                                                       100% 14.3M=0s

2012-11-05 06:09:37 (14.3 MB/s) - `code/../crawls/Centurylink.com/Acceptable-Use-Policy/raw/www.centurylink.com/static/Images/Modals/arrow_open.gif' saved [103/103]

--2012-11-05 06:09:37--  http://www.centurylink.com/static/Images/Modals/lock.gif
Reusing existing connection to www.centurylink.com:80.
HTTP request sent, awaiting response... 200 OK
Length: 216 [image/gif]
Saving to: `code/../crawls/Centurylink.com/Acceptable-Use-Policy/raw/www.centurylink.com/static/Images/Modals/lock.gif'

     0K                                                       100% 38.7M=0s

2012-11-05 06:09:37 (38.7 MB/s) - `code/../crawls/Centurylink.com/Acceptable-Use-Policy/raw/www.centurylink.com/static/Images/Modals/lock.gif' saved [216/216]

--2012-11-05 06:09:37--  http://www.centurylink.com/static/Images/Modals/sm-arrow_closed.gif
Reusing existing connection to www.centurylink.com:80.
HTTP request sent, awaiting response... 200 OK
Length: 125 [image/gif]
Saving to: `code/../crawls/Centurylink.com/Acceptable-Use-Policy/raw/www.centurylink.com/static/Images/Modals/sm-arrow_closed.gif'

     0K                                                       100% 21.9M=0s

2012-11-05 06:09:37 (21.9 MB/s) - `code/../crawls/Centurylink.com/Acceptable-Use-Policy/raw/www.centurylink.com/static/Images/Modals/sm-arrow_closed.gif' saved [125/125]

--2012-11-05 06:09:37--  http://www.centurylink.com/static/Images/Modals/sm-arrow_open.gif
Reusing existing connection to www.centurylink.com:80.
HTTP request sent, awaiting response... 200 OK
Length: 125 [image/gif]
Saving to: `code/../crawls/Centurylink.com/Acceptable-Use-Policy/raw/www.centurylink.com/static/Images/Modals/sm-arrow_open.gif'

     0K                                                       100% 21.9M=0s

2012-11-05 06:09:37 (21.9 MB/s) - `code/../crawls/Centurylink.com/Acceptable-Use-Policy/raw/www.centurylink.com/static/Images/Modals/sm-arrow_open.gif' saved [125/125]

--2012-11-05 06:09:37--  http://www.centurylink.com/static/Images/Modals/icon_formError.gif
Reusing existing connection to www.centurylink.com:80.
HTTP request sent, awaiting response... 200 OK
Length: 211 [image/gif]
Saving to: `code/../crawls/Centurylink.com/Acceptable-Use-Policy/raw/www.centurylink.com/static/Images/Modals/icon_formError.gif'

     0K                                                       100% 37.6M=0s

2012-11-05 06:09:37 (37.6 MB/s) - `code/../crawls/Centurylink.com/Acceptable-Use-Policy/raw/www.centurylink.com/static/Images/Modals/icon_formError.gif' saved [211/211]

--2012-11-05 06:09:37--  http://www.centurylink.com/static/Images/Modals/icon_formError_graybkg.gif
Reusing existing connection to www.centurylink.com:80.
HTTP request sent, awaiting response... 200 OK
Length: 213 [image/gif]
Saving to: `code/../crawls/Centurylink.com/Acceptable-Use-Policy/raw/www.centurylink.com/static/Images/Modals/icon_formError_graybkg.gif'

     0K                                                       100% 35.5M=0s

2012-11-05 06:09:37 (35.5 MB/s) - `code/../crawls/Centurylink.com/Acceptable-Use-Policy/raw/www.centurylink.com/static/Images/Modals/icon_formError_graybkg.gif' saved [213/213]

--2012-11-05 06:09:37--  http://www.centurylink.com/static/Images/Layout/menuArrow.gif
Reusing existing connection to www.centurylink.com:80.
HTTP request sent, awaiting response... 200 OK
Length: 106 [image/gif]
Saving to: `code/../crawls/Centurylink.com/Acceptable-Use-Policy/raw/www.centurylink.com/static/Images/Layout/menuArrow.gif'

     0K                                                       100% 18.3M=0s

2012-11-05 06:09:37 (18.3 MB/s) - `code/../crawls/Centurylink.com/Acceptable-Use-Policy/raw/www.centurylink.com/static/Images/Layout/menuArrow.gif' saved [106/106]

--2012-11-05 06:09:37--  http://www.centurylink.com/static/Images/Layout/menuArrowActive.gif
Reusing existing connection to www.centurylink.com:80.
HTTP request sent, awaiting response... 200 OK
Length: 110 [image/gif]
Saving to: `code/../crawls/Centurylink.com/Acceptable-Use-Policy/raw/www.centurylink.com/static/Images/Layout/menuArrowActive.gif'

     0K                                                       100% 18.4M=0s

2012-11-05 06:09:37 (18.4 MB/s) - `code/../crawls/Centurylink.com/Acceptable-Use-Policy/raw/www.centurylink.com/static/Images/Layout/menuArrowActive.gif' saved [110/110]

--2012-11-05 06:09:37--  http://www.centurylink.com/static/Images/Layout/menuActive.gif
Reusing existing connection to www.centurylink.com:80.
HTTP request sent, awaiting response... 200 OK
Length: 187 [image/gif]
Saving to: `code/../crawls/Centurylink.com/Acceptable-Use-Policy/raw/www.centurylink.com/static/Images/Layout/menuActive.gif'

     0K                                                       100% 32.5M=0s

2012-11-05 06:09:37 (32.5 MB/s) - `code/../crawls/Centurylink.com/Acceptable-Use-Policy/raw/www.centurylink.com/static/Images/Layout/menuActive.gif' saved [187/187]

--2012-11-05 06:09:37--  http://www.centurylink.com/static/Images/Layout/menuArrowOpen.gif
Reusing existing connection to www.centurylink.com:80.
HTTP request sent, awaiting response... 200 OK
Length: 108 [image/gif]
Saving to: `code/../crawls/Centurylink.com/Acceptable-Use-Policy/raw/www.centurylink.com/static/Images/Layout/menuArrowOpen.gif'

     0K                                                       100% 18.9M=0s

2012-11-05 06:09:37 (18.9 MB/s) - `code/../crawls/Centurylink.com/Acceptable-Use-Policy/raw/www.centurylink.com/static/Images/Layout/menuArrowOpen.gif' saved [108/108]

--2012-11-05 06:09:37--  http://www.centurylink.com/static/Images/Layout/Content/aboutInfoTopContainer.gif
Reusing existing connection to www.centurylink.com:80.
HTTP request sent, awaiting response... 200 OK
Length: 196 [image/gif]
Saving to: `code/../crawls/Centurylink.com/Acceptable-Use-Policy/raw/www.centurylink.com/static/Images/Layout/Content/aboutInfoTopContainer.gif'

     0K                                                       100% 34.2M=0s

2012-11-05 06:09:37 (34.2 MB/s) - `code/../crawls/Centurylink.com/Acceptable-Use-Policy/raw/www.centurylink.com/static/Images/Layout/Content/aboutInfoTopContainer.gif' saved [196/196]

--2012-11-05 06:09:37--  http://www.centurylink.com/static/Images/AboutUs/Careers/benefits_bg.gif
Reusing existing connection to www.centurylink.com:80.
HTTP request sent, awaiting response... 200 OK
Length: 743 [image/gif]
Saving to: `code/../crawls/Centurylink.com/Acceptable-Use-Policy/raw/www.centurylink.com/static/Images/AboutUs/Careers/benefits_bg.gif'

     0K                                                       100%  118M=0s

2012-11-05 06:09:37 (118 MB/s) - `code/../crawls/Centurylink.com/Acceptable-Use-Policy/raw/www.centurylink.com/static/Images/AboutUs/Careers/benefits_bg.gif' saved [743/743]

--2012-11-05 06:09:37--  http://www.centurylink.com/static/Images/Layout/MyAccount/cartBackground.jpg
Reusing existing connection to www.centurylink.com:80.
HTTP request sent, awaiting response... 200 OK
Length: 361 [image/jpeg]
Saving to: `code/../crawls/Centurylink.com/Acceptable-Use-Policy/raw/www.centurylink.com/static/Images/Layout/MyAccount/cartBackground.jpg'

     0K                                                       100% 59.6M=0s

2012-11-05 06:09:38 (59.6 MB/s) - `code/../crawls/Centurylink.com/Acceptable-Use-Policy/raw/www.centurylink.com/static/Images/Layout/MyAccount/cartBackground.jpg' saved [361/361]

--2012-11-05 06:09:38--  http://www.centurylink.com/static/Images/Layout/MyAccount/capsuleBottom.gif
Reusing existing connection to www.centurylink.com:80.
HTTP request sent, awaiting response... 200 OK
Length: 173 [image/gif]
Saving to: `code/../crawls/Centurylink.com/Acceptable-Use-Policy/raw/www.centurylink.com/static/Images/Layout/MyAccount/capsuleBottom.gif'

     0K                                                       100% 30.4M=0s

2012-11-05 06:09:38 (30.4 MB/s) - `code/../crawls/Centurylink.com/Acceptable-Use-Policy/raw/www.centurylink.com/static/Images/Layout/MyAccount/capsuleBottom.gif' saved [173/173]

--2012-11-05 06:09:38--  http://www.centurylink.com/static/Images/AboutUs/banner.gif
Reusing existing connection to www.centurylink.com:80.
HTTP request sent, awaiting response... 200 OK
Length: 470 [image/gif]
Saving to: `code/../crawls/Centurylink.com/Acceptable-Use-Policy/raw/www.centurylink.com/static/Images/AboutUs/banner.gif'

     0K                                                       100% 82.1M=0s

2012-11-05 06:09:38 (82.1 MB/s) - `code/../crawls/Centurylink.com/Acceptable-Use-Policy/raw/www.centurylink.com/static/Images/AboutUs/banner.gif' saved [470/470]

--2012-11-05 06:09:38--  http://www.centurylink.com/static/Images/AboutUs/Governance/iconPDF.gif
Reusing existing connection to www.centurylink.com:80.
HTTP request sent, awaiting response... 200 OK
Length: 374 [image/gif]
Saving to: `code/../crawls/Centurylink.com/Acceptable-Use-Policy/raw/www.centurylink.com/static/Images/AboutUs/Governance/iconPDF.gif'

     0K                                                       100% 57.6M=0s

2012-11-05 06:09:38 (57.6 MB/s) - `code/../crawls/Centurylink.com/Acceptable-Use-Policy/raw/www.centurylink.com/static/Images/AboutUs/Governance/iconPDF.gif' saved [374/374]

FINISHED --2012-11-05 06:09:38--
Total wall clock time: 6.0s
Downloaded: 78 files, 238K in 0.5s (485 KB/s)
Converting code/../crawls/Centurylink.com/Acceptable-Use-Policy/raw/www.centurylink.com/Pages/AboutUs/Legal/AcceptableUse/acceptableUsePolicyQwest.jsp.html... 16-30
Converting code/../crawls/Centurylink.com/Acceptable-Use-Policy/raw/www.centurylink.com/static/Styles/menu.css... 4-0
Converting code/../crawls/Centurylink.com/Acceptable-Use-Policy/raw/www.centurylink.com/static/Styles/aboutUs.css... 9-0
Converting code/../crawls/Centurylink.com/Acceptable-Use-Policy/raw/www.centurylink.com/static/Styles/main.css... 50-0
Converting code/../crawls/Centurylink.com/Acceptable-Use-Policy/raw/www.centurylink.com/static/Styles/modals.css... 9-0
Converted 5 files in 0.003 seconds.
