--2013-04-10 05:27:12--  http://www.scrippsnetworks.com/privacy.aspx
Resolving www.scrippsnetworks.com... 204.78.32.205
Connecting to www.scrippsnetworks.com|204.78.32.205|:80... connected.
HTTP request sent, awaiting response... 301 Moved Permanently
Location: http://www.scrippsnetworksinteractive.com/privacy-policy/ [following]
--2013-04-10 05:27:12--  http://www.scrippsnetworksinteractive.com/privacy-policy/
Resolving www.scrippsnetworksinteractive.com... 204.78.32.205
Reusing existing connection to www.scrippsnetworks.com:80.
HTTP request sent, awaiting response... 200 OK
Length: 72370 (71K) [text/html]
Saving to: `code/../crawls/diynetwork.com/Privacy-Policy/raw/www.scrippsnetworks.com/privacy.aspx.html'

     0K .......... .......... .......... .......... .......... 70%  130K 0s
    50K .......... ..........                                 100%  135K=0.5s

2013-04-10 05:27:12 (131 KB/s) - `code/../crawls/diynetwork.com/Privacy-Policy/raw/www.scrippsnetworks.com/privacy.aspx.html' saved [72370/72370]

--2013-04-10 05:27:12--  http://www.scrippsnetworksinteractive.com/Style%20Library/SNI/favicon.ico
Reusing existing connection to www.scrippsnetworks.com:80.
HTTP request sent, awaiting response... 200 OK
Length: 1406 (1.4K) [image/x-icon]
Saving to: `code/../crawls/diynetwork.com/Privacy-Policy/raw/www.scrippsnetworksinteractive.com/Style Library/SNI/favicon.ico'

     0K .                                                     100%  193M=0s

2013-04-10 05:27:12 (193 MB/s) - `code/../crawls/diynetwork.com/Privacy-Policy/raw/www.scrippsnetworksinteractive.com/Style Library/SNI/favicon.ico' saved [1406/1406]

--2013-04-10 05:27:12--  http://www.scrippsnetworksinteractive.com/Style%20Library/en-US/Themable/Core%20Styles/controls.css
Reusing existing connection to www.scrippsnetworks.com:80.
HTTP request sent, awaiting response... 200 OK
Length: 47075 (46K) [text/css]
Saving to: `code/../crawls/diynetwork.com/Privacy-Policy/raw/www.scrippsnetworksinteractive.com/Style Library/en-US/Themable/Core Styles/controls.css'

     0K .......... .......... .......... .......... .....     100% 99.4K=0.5s

2013-04-10 05:27:13 (99.4 KB/s) - `code/../crawls/diynetwork.com/Privacy-Policy/raw/www.scrippsnetworksinteractive.com/Style Library/en-US/Themable/Core Styles/controls.css' saved [47075/47075]

--2013-04-10 05:27:13--  http://www.scrippsnetworksinteractive.com/_layouts/1033/styles/Themable/Menu.css?rev=yPVeKt0FHzxA%2FW4JR0hJng%3D%3D
Reusing existing connection to www.scrippsnetworks.com:80.
HTTP request sent, awaiting response... 200 OK
Length: 3040 (3.0K) [text/css]
Saving to: `code/../crawls/diynetwork.com/Privacy-Policy/raw/www.scrippsnetworksinteractive.com/_layouts/1033/styles/Themable/Menu.css?rev=yPVeKt0FHzxA%2FW4JR0hJng%3D%3D.css'

     0K ..                                                    100% 11.3M=0s

2013-04-10 05:27:13 (11.3 MB/s) - `code/../crawls/diynetwork.com/Privacy-Policy/raw/www.scrippsnetworksinteractive.com/_layouts/1033/styles/Themable/Menu.css?rev=yPVeKt0FHzxA%2FW4JR0hJng%3D%3D.css' saved [3040/3040]

--2013-04-10 05:27:13--  http://www.scrippsnetworksinteractive.com/_layouts/1033/styles/Themable/search.css?rev=T%2Bhraxktc1A8EnaG5gGMHQ%3D%3D
Reusing existing connection to www.scrippsnetworks.com:80.
HTTP request sent, awaiting response... 200 OK
Length: 45329 (44K) [text/css]
Saving to: `code/../crawls/diynetwork.com/Privacy-Policy/raw/www.scrippsnetworksinteractive.com/_layouts/1033/styles/Themable/search.css?rev=T%2Bhraxktc1A8EnaG5gGMHQ%3D%3D.css'

     0K .......... .......... .......... .......... ....      100% 67.4K=0.7s

2013-04-10 05:27:14 (67.4 KB/s) - `code/../crawls/diynetwork.com/Privacy-Policy/raw/www.scrippsnetworksinteractive.com/_layouts/1033/styles/Themable/search.css?rev=T%2Bhraxktc1A8EnaG5gGMHQ%3D%3D.css' saved [45329/45329]

--2013-04-10 05:27:14--  http://www.scrippsnetworksinteractive.com/_layouts/1033/styles/Themable/corev4.css?rev=3TRomkG1g2gMGz4rekMIQg%3D%3D
Reusing existing connection to www.scrippsnetworks.com:80.
HTTP request sent, awaiting response... 200 OK
Length: 191911 (187K) [text/css]
Saving to: `code/../crawls/diynetwork.com/Privacy-Policy/raw/www.scrippsnetworksinteractive.com/_layouts/1033/styles/Themable/corev4.css?rev=3TRomkG1g2gMGz4rekMIQg%3D%3D.css'

     0K .......... .......... .......... .......... .......... 26% 72.2K 2s
    50K .......... .......... .......... .......... .......... 53%  130K 1s
   100K .......... .......... .......... .......... .......... 80%  216K 0s
   150K .......... .......... .......... .......              100%  243K=1.5s

2013-04-10 05:27:15 (128 KB/s) - `code/../crawls/diynetwork.com/Privacy-Policy/raw/www.scrippsnetworksinteractive.com/_layouts/1033/styles/Themable/corev4.css?rev=3TRomkG1g2gMGz4rekMIQg%3D%3D.css' saved [191911/191911]

--2013-04-10 05:27:15--  http://www.scrippsnetworksinteractive.com/_layouts/1033/msstring.js?rev=QtiIcPH3HV7LgVSO7vONFg%3D%3D
Reusing existing connection to www.scrippsnetworks.com:80.
HTTP request sent, awaiting response... 200 OK
Length: 4092 (4.0K) [application/x-javascript]
Saving to: `code/../crawls/diynetwork.com/Privacy-Policy/raw/www.scrippsnetworksinteractive.com/_layouts/1033/msstring.js?rev=QtiIcPH3HV7LgVSO7vONFg%3D%3D'

     0K ...                                                   100% 8.84M=0s

2013-04-10 05:27:15 (8.84 MB/s) - `code/../crawls/diynetwork.com/Privacy-Policy/raw/www.scrippsnetworksinteractive.com/_layouts/1033/msstring.js?rev=QtiIcPH3HV7LgVSO7vONFg%3D%3D' saved [4092/4092]

--2013-04-10 05:27:15--  http://www.scrippsnetworksinteractive.com/_layouts/1033/ie55up.js?rev=UgTcwUTI6YcRzTMBxD93Xg%3D%3D
Reusing existing connection to www.scrippsnetworks.com:80.
HTTP request sent, awaiting response... 200 OK
Length: 77106 (75K) [application/x-javascript]
Saving to: `code/../crawls/diynetwork.com/Privacy-Policy/raw/www.scrippsnetworksinteractive.com/_layouts/1033/ie55up.js?rev=UgTcwUTI6YcRzTMBxD93Xg%3D%3D'

     0K .......... .......... .......... .......... .......... 66% 92.8K 0s
    50K .......... .......... .....                           100% 54.9K=1.0s

2013-04-10 05:27:17 (75.3 KB/s) - `code/../crawls/diynetwork.com/Privacy-Policy/raw/www.scrippsnetworksinteractive.com/_layouts/1033/ie55up.js?rev=UgTcwUTI6YcRzTMBxD93Xg%3D%3D' saved [77106/77106]

The name is too long, 196 chars total.
Trying to shorten...
New name is ScriptResource.axd?d=-ikBxGOoUmOWT8uPW2JAXzBirakK_tzbvtyYN64kEYFqYBwJwzoaxJrZ25wbA48sjzELOD6-r51ellC2w1g6l8SLP6Y3Wo7Qo3qJizA9wW.
The name is too long, 196 chars total.
Trying to shorten...
New name is ScriptResource.axd?d=-ikBxGOoUmOWT8uPW2JAXzBirakK_tzbvtyYN64kEYFqYBwJwzoaxJrZ25wbA48sjzELOD6-r51ellC2w1g6l8SLP6Y3Wo7Qo3qJizA9wW.
--2013-04-10 05:27:17--  http://www.scrippsnetworksinteractive.com/ScriptResource.axd?d=-ikBxGOoUmOWT8uPW2JAXzBirakK_tzbvtyYN64kEYFqYBwJwzoaxJrZ25wbA48sjzELOD6-r51ellC2w1g6l8SLP6Y3Wo7Qo3qJizA9wWkhNCwwumXifTMd_2lDh6EOg2cnRpfP2sq3JUuXx4nx6RUYMb01&t=ffffffffb868b5f4
Reusing existing connection to www.scrippsnetworks.com:80.
HTTP request sent, awaiting response... 200 OK
Length: 27441 (27K) [application/x-javascript]
Saving to: `code/../crawls/diynetwork.com/Privacy-Policy/raw/www.scrippsnetworksinteractive.com/ScriptResource.axd?d=-ikBxGOoUmOWT8uPW2JAXzBirakK_tzbvtyYN64kEYFqYBwJwzoaxJrZ25wbA48sjzELOD6-r51ellC2w1g6l8SLP6Y3Wo7Qo3qJizA9wW'

     0K .......... .......... ......                          100%  116K=0.2s

2013-04-10 05:27:17 (116 KB/s) - `code/../crawls/diynetwork.com/Privacy-Policy/raw/www.scrippsnetworksinteractive.com/ScriptResource.axd?d=-ikBxGOoUmOWT8uPW2JAXzBirakK_tzbvtyYN64kEYFqYBwJwzoaxJrZ25wbA48sjzELOD6-r51ellC2w1g6l8SLP6Y3Wo7Qo3qJizA9wW' saved [27441/27441]

--2013-04-10 05:27:17--  http://www.scrippsnetworksinteractive.com/_layouts/blank.js?rev=QGOYAJlouiWgFRlhHVlMKA%3D%3D
Reusing existing connection to www.scrippsnetworks.com:80.
HTTP request sent, awaiting response... 200 OK
Length: 120 [application/x-javascript]
Saving to: `code/../crawls/diynetwork.com/Privacy-Policy/raw/www.scrippsnetworksinteractive.com/_layouts/blank.js?rev=QGOYAJlouiWgFRlhHVlMKA%3D%3D'

     0K                                                       100% 21.8M=0s

2013-04-10 05:27:17 (21.8 MB/s) - `code/../crawls/diynetwork.com/Privacy-Policy/raw/www.scrippsnetworksinteractive.com/_layouts/blank.js?rev=QGOYAJlouiWgFRlhHVlMKA%3D%3D' saved [120/120]

The name is too long, 217 chars total.
Trying to shorten...
New name is ScriptResource.axd?d=V3EAU9uYQmD-n1pdrCQnssel0ktApaOSFal53rRAzjb170ffcrUisrvPtBPHJjA_tOHa40DFnrBTMklAvgLS4k3y37mnM_axiA5gXlWKgJ.
The name is too long, 217 chars total.
Trying to shorten...
New name is ScriptResource.axd?d=V3EAU9uYQmD-n1pdrCQnssel0ktApaOSFal53rRAzjb170ffcrUisrvPtBPHJjA_tOHa40DFnrBTMklAvgLS4k3y37mnM_axiA5gXlWKgJ.
--2013-04-10 05:27:17--  http://www.scrippsnetworksinteractive.com/ScriptResource.axd?d=V3EAU9uYQmD-n1pdrCQnssel0ktApaOSFal53rRAzjb170ffcrUisrvPtBPHJjA_tOHa40DFnrBTMklAvgLS4k3y37mnM_axiA5gXlWKgJuocYxOWlFlMO2q0vbArPSDG7P74w2jQ-OYUEuF-MVOqiTsNO2kWVP_SaRmouxvebYz1r5L0&t=ffffffffb868b5f4
Reusing existing connection to www.scrippsnetworks.com:80.
HTTP request sent, awaiting response... 200 OK
Length: 8840 (8.6K) [application/x-javascript]
Saving to: `code/../crawls/diynetwork.com/Privacy-Policy/raw/www.scrippsnetworksinteractive.com/ScriptResource.axd?d=V3EAU9uYQmD-n1pdrCQnssel0ktApaOSFal53rRAzjb170ffcrUisrvPtBPHJjA_tOHa40DFnrBTMklAvgLS4k3y37mnM_axiA5gXlWKgJ'

     0K ........                                              100% 9.86M=0.001s

2013-04-10 05:27:17 (9.86 MB/s) - `code/../crawls/diynetwork.com/Privacy-Policy/raw/www.scrippsnetworksinteractive.com/ScriptResource.axd?d=V3EAU9uYQmD-n1pdrCQnssel0ktApaOSFal53rRAzjb170ffcrUisrvPtBPHJjA_tOHa40DFnrBTMklAvgLS4k3y37mnM_axiA5gXlWKgJ' saved [8840/8840]

--2013-04-10 05:27:17--  http://www.scrippsnetworksinteractive.com/Style%20Library/SNI/Scripts/swfobject_v2.2.js
Reusing existing connection to www.scrippsnetworks.com:80.
HTTP request sent, awaiting response... 200 OK
Length: 10220 (10.0K) [application/x-javascript]
Saving to: `code/../crawls/diynetwork.com/Privacy-Policy/raw/www.scrippsnetworksinteractive.com/Style Library/SNI/Scripts/swfobject_v2.2.js'

     0K .........                                             100% 12.3M=0.001s

2013-04-10 05:27:17 (12.3 MB/s) - `code/../crawls/diynetwork.com/Privacy-Policy/raw/www.scrippsnetworksinteractive.com/Style Library/SNI/Scripts/swfobject_v2.2.js' saved [10220/10220]

--2013-04-10 05:27:17--  http://www.scrippsnetworksinteractive.com/Style%20Library/SNI/Ironworks_SP2010_Base.css
Reusing existing connection to www.scrippsnetworks.com:80.
HTTP request sent, awaiting response... 200 OK
Length: 8393 (8.2K) [text/css]
Saving to: `code/../crawls/diynetwork.com/Privacy-Policy/raw/www.scrippsnetworksinteractive.com/Style Library/SNI/Ironworks_SP2010_Base.css'

     0K ........                                              100% 35.5K=0.2s

2013-04-10 05:27:17 (35.5 KB/s) - `code/../crawls/diynetwork.com/Privacy-Policy/raw/www.scrippsnetworksinteractive.com/Style Library/SNI/Ironworks_SP2010_Base.css' saved [8393/8393]

--2013-04-10 05:27:17--  http://www.scrippsnetworksinteractive.com/Style%20Library/SNI/SNI.css
Reusing existing connection to www.scrippsnetworks.com:80.
HTTP request sent, awaiting response... 200 OK
Length: 66647 (65K) [text/css]
Saving to: `code/../crawls/diynetwork.com/Privacy-Policy/raw/www.scrippsnetworksinteractive.com/Style Library/SNI/SNI.css'

     0K .......... .......... .......... .......... .......... 76%  109K 0s
    50K .......... .....                                      100%  192K=0.5s

2013-04-10 05:27:18 (121 KB/s) - `code/../crawls/diynetwork.com/Privacy-Policy/raw/www.scrippsnetworksinteractive.com/Style Library/SNI/SNI.css' saved [66647/66647]

The name is too long, 131 chars total.
Trying to shorten...
New name is WebResource.axd?d=J1KATE9K66lx7_Ft-RXrECgCnrr3SPbhXvtRXu29Q2pxUj0xzvLbAQ-4NOV6QNLg3v9G_iWLsn5ufEd5jZCAU4XLOHo1&t=63460424447908.
The name is too long, 131 chars total.
Trying to shorten...
New name is WebResource.axd?d=J1KATE9K66lx7_Ft-RXrECgCnrr3SPbhXvtRXu29Q2pxUj0xzvLbAQ-4NOV6QNLg3v9G_iWLsn5ufEd5jZCAU4XLOHo1&t=63460424447908.
--2013-04-10 05:27:18--  http://www.scrippsnetworksinteractive.com/WebResource.axd?d=J1KATE9K66lx7_Ft-RXrECgCnrr3SPbhXvtRXu29Q2pxUj0xzvLbAQ-4NOV6QNLg3v9G_iWLsn5ufEd5jZCAU4XLOHo1&t=634604244479085897
Reusing existing connection to www.scrippsnetworks.com:80.
HTTP request sent, awaiting response... 200 OK
Length: 20794 (20K) [application/x-javascript]
Saving to: `code/../crawls/diynetwork.com/Privacy-Policy/raw/www.scrippsnetworksinteractive.com/WebResource.axd?d=J1KATE9K66lx7_Ft-RXrECgCnrr3SPbhXvtRXu29Q2pxUj0xzvLbAQ-4NOV6QNLg3v9G_iWLsn5ufEd5jZCAU4XLOHo1&t=63460424447908'

     0K .......... ..........                                 100%  226K=0.09s

2013-04-10 05:27:18 (226 KB/s) - `code/../crawls/diynetwork.com/Privacy-Policy/raw/www.scrippsnetworksinteractive.com/WebResource.axd?d=J1KATE9K66lx7_Ft-RXrECgCnrr3SPbhXvtRXu29Q2pxUj0xzvLbAQ-4NOV6QNLg3v9G_iWLsn5ufEd5jZCAU4XLOHo1&t=63460424447908' saved [20794/20794]

--2013-04-10 05:27:18--  http://www.scrippsnetworksinteractive.com/Style%20Library/SNI/Images/logo_scripps_networks_interactive_print.gif
Reusing existing connection to www.scrippsnetworks.com:80.
HTTP request sent, awaiting response... 200 OK
Length: 3935 (3.8K) [image/gif]
Saving to: `code/../crawls/diynetwork.com/Privacy-Policy/raw/www.scrippsnetworksinteractive.com/Style Library/SNI/Images/logo_scripps_networks_interactive_print.gif'

     0K ...                                                   100% 25.0K=0.2s

2013-04-10 05:27:19 (25.0 KB/s) - `code/../crawls/diynetwork.com/Privacy-Policy/raw/www.scrippsnetworksinteractive.com/Style Library/SNI/Images/logo_scripps_networks_interactive_print.gif' saved [3935/3935]

--2013-04-10 05:27:19--  http://www.scrippsnetworksinteractive.com/Style%20Library/SNI/Images/logo_scripps_networks_interactive.png
Reusing existing connection to www.scrippsnetworks.com:80.
HTTP request sent, awaiting response... 200 OK
Length: 3680 (3.6K) [image/png]
Saving to: `code/../crawls/diynetwork.com/Privacy-Policy/raw/www.scrippsnetworksinteractive.com/Style Library/SNI/Images/logo_scripps_networks_interactive.png'

     0K ...                                                   100% 9.82M=0s

2013-04-10 05:27:19 (9.82 MB/s) - `code/../crawls/diynetwork.com/Privacy-Policy/raw/www.scrippsnetworksinteractive.com/Style Library/SNI/Images/logo_scripps_networks_interactive.png' saved [3680/3680]

--2013-04-10 05:27:19--  http://www.scrippsnetworksinteractive.com/Style%20Library/SNI/Images/btn_global_srch_go.png
Reusing existing connection to www.scrippsnetworks.com:80.
HTTP request sent, awaiting response... 200 OK
Length: 801 [image/png]
Saving to: `code/../crawls/diynetwork.com/Privacy-Policy/raw/www.scrippsnetworksinteractive.com/Style Library/SNI/Images/btn_global_srch_go.png'

     0K                                                       100% 20.1M=0s

2013-04-10 05:27:19 (20.1 MB/s) - `code/../crawls/diynetwork.com/Privacy-Policy/raw/www.scrippsnetworksinteractive.com/Style Library/SNI/Images/btn_global_srch_go.png' saved [801/801]

--2013-04-10 05:27:19--  http://www.scrippsnetworksinteractive.com/Style%20Library/SNI/Images/logo_scripps_footer.png
Reusing existing connection to www.scrippsnetworks.com:80.
HTTP request sent, awaiting response... 200 OK
Length: 3255 (3.2K) [image/png]
Saving to: `code/../crawls/diynetwork.com/Privacy-Policy/raw/www.scrippsnetworksinteractive.com/Style Library/SNI/Images/logo_scripps_footer.png'

     0K ...                                                   100% 13.1M=0s

2013-04-10 05:27:19 (13.1 MB/s) - `code/../crawls/diynetwork.com/Privacy-Policy/raw/www.scrippsnetworksinteractive.com/Style Library/SNI/Images/logo_scripps_footer.png' saved [3255/3255]

--2013-04-10 05:27:19--  http://ajax.googleapis.com/ajax/libs/jquery/1.5/jquery.min.js
Resolving ajax.googleapis.com... 173.194.70.95, 2a00:1450:4001:c02::5f
Connecting to ajax.googleapis.com|173.194.70.95|:80... connected.
HTTP request sent, awaiting response... 200 OK
Length: unspecified [text/javascript]
Saving to: `code/../crawls/diynetwork.com/Privacy-Policy/raw/ajax.googleapis.com/ajax/libs/jquery/1.5/jquery.min.js'

     0K .......... .......... .......... .......... ..........  106K
    50K .......... .......... .......... ...                    216K=0.6s

2013-04-10 05:27:20 (134 KB/s) - `code/../crawls/diynetwork.com/Privacy-Policy/raw/ajax.googleapis.com/ajax/libs/jquery/1.5/jquery.min.js' saved [85925]

--2013-04-10 05:27:20--  http://ajax.googleapis.com/ajax/libs/jqueryui/1.8/jquery-ui.min.js
Reusing existing connection to ajax.googleapis.com:80.
HTTP request sent, awaiting response... 200 OK
Length: unspecified [text/javascript]
Saving to: `code/../crawls/diynetwork.com/Privacy-Policy/raw/ajax.googleapis.com/ajax/libs/jqueryui/1.8/jquery-ui.min.js'

     0K .......... .......... .......... .......... .......... 11.4M
    50K .......... .......... .......... .......... ..........  317K
   100K .......... .......... .......... .......... ..........  321K
   150K .......... .......... .......... .......... ......     11.3M=0.3s

2013-04-10 05:27:20 (609 KB/s) - `code/../crawls/diynetwork.com/Privacy-Policy/raw/ajax.googleapis.com/ajax/libs/jqueryui/1.8/jquery-ui.min.js' saved [200719]

--2013-04-10 05:27:20--  http://www.scrippsnetworksinteractive.com/Style%20Library/SNI/Scripts/jquery.jscrollpane.min.js
Connecting to www.scrippsnetworksinteractive.com|204.78.32.205|:80... connected.
HTTP request sent, awaiting response... 200 OK
Length: 47590 (46K) [application/x-javascript]
Saving to: `code/../crawls/diynetwork.com/Privacy-Policy/raw/www.scrippsnetworksinteractive.com/Style Library/SNI/Scripts/jquery.jscrollpane.min.js'

     0K .......... .......... .......... .......... ......    100% 50.5K=0.9s

2013-04-10 05:27:21 (50.5 KB/s) - `code/../crawls/diynetwork.com/Privacy-Policy/raw/www.scrippsnetworksinteractive.com/Style Library/SNI/Scripts/jquery.jscrollpane.min.js' saved [47590/47590]

--2013-04-10 05:27:21--  http://www.scrippsnetworksinteractive.com/Style%20Library/SNI/Scripts/jquery.mousewheel.js
Reusing existing connection to www.scrippsnetworksinteractive.com:80.
HTTP request sent, awaiting response... 200 OK
Length: 2485 (2.4K) [application/x-javascript]
Saving to: `code/../crawls/diynetwork.com/Privacy-Policy/raw/www.scrippsnetworksinteractive.com/Style Library/SNI/Scripts/jquery.mousewheel.js'

     0K ..                                                    100% 9.23M=0s

2013-04-10 05:27:21 (9.23 MB/s) - `code/../crawls/diynetwork.com/Privacy-Policy/raw/www.scrippsnetworksinteractive.com/Style Library/SNI/Scripts/jquery.mousewheel.js' saved [2485/2485]

--2013-04-10 05:27:21--  http://www.scrippsnetworksinteractive.com/Style%20Library/SNI/Scripts/iscroll.js
Reusing existing connection to www.scrippsnetworksinteractive.com:80.
HTTP request sent, awaiting response... 200 OK
Length: 33870 (33K) [application/x-javascript]
Saving to: `code/../crawls/diynetwork.com/Privacy-Policy/raw/www.scrippsnetworksinteractive.com/Style Library/SNI/Scripts/iscroll.js'

     0K .......... .......... .......... ...                  100% 54.0K=0.6s

2013-04-10 05:27:22 (54.0 KB/s) - `code/../crawls/diynetwork.com/Privacy-Policy/raw/www.scrippsnetworksinteractive.com/Style Library/SNI/Scripts/iscroll.js' saved [33870/33870]

--2013-04-10 05:27:22--  http://www.scrippsnetworksinteractive.com/Style%20Library/SNI/Scripts/Ironworks_SP2010_Base_functions.js
Reusing existing connection to www.scrippsnetworksinteractive.com:80.
HTTP request sent, awaiting response... 200 OK
Length: 69051 (67K) [application/x-javascript]
Saving to: `code/../crawls/diynetwork.com/Privacy-Policy/raw/www.scrippsnetworksinteractive.com/Style Library/SNI/Scripts/Ironworks_SP2010_Base_functions.js'

     0K .......... .......... .......... .......... .......... 74%  131K 0s
    50K .......... .......                                    100%  224K=0.5s

2013-04-10 05:27:23 (146 KB/s) - `code/../crawls/diynetwork.com/Privacy-Policy/raw/www.scrippsnetworksinteractive.com/Style Library/SNI/Scripts/Ironworks_SP2010_Base_functions.js' saved [69051/69051]

--2013-04-10 05:27:23--  http://www.scrippsnetworksinteractive.com/Style%20Library/SNI/Scripts/functions.js
Reusing existing connection to www.scrippsnetworksinteractive.com:80.
HTTP request sent, awaiting response... 200 OK
Length: 29531 (29K) [application/x-javascript]
Saving to: `code/../crawls/diynetwork.com/Privacy-Policy/raw/www.scrippsnetworksinteractive.com/Style Library/SNI/Scripts/functions.js'

     0K .......... .......... ........                        100% 75.2K=0.4s

2013-04-10 05:27:23 (75.2 KB/s) - `code/../crawls/diynetwork.com/Privacy-Policy/raw/www.scrippsnetworksinteractive.com/Style Library/SNI/Scripts/functions.js' saved [29531/29531]

--2013-04-10 05:27:23--  http://www.scrippsnetworksinteractive.com/Style%20Library/SNI/Scripts/google_analytics.js
Reusing existing connection to www.scrippsnetworksinteractive.com:80.
HTTP request sent, awaiting response... 200 OK
Length: 4535 (4.4K) [application/x-javascript]
Saving to: `code/../crawls/diynetwork.com/Privacy-Policy/raw/www.scrippsnetworksinteractive.com/Style Library/SNI/Scripts/google_analytics.js'

     0K ....                                                  100% 91.5K=0.05s

2013-04-10 05:27:23 (91.5 KB/s) - `code/../crawls/diynetwork.com/Privacy-Policy/raw/www.scrippsnetworksinteractive.com/Style Library/SNI/Scripts/google_analytics.js' saved [4535/4535]

--2013-04-10 05:27:23--  http://www.scrippsnetworksinteractive.com/_layouts/images/lstbulet.gif
Reusing existing connection to www.scrippsnetworksinteractive.com:80.
HTTP request sent, awaiting response... 200 OK
Length: 56 [image/gif]
Saving to: `code/../crawls/diynetwork.com/Privacy-Policy/raw/www.scrippsnetworksinteractive.com/_layouts/images/lstbulet.gif'

     0K                                                       100% 9.69M=0s

2013-04-10 05:27:23 (9.69 MB/s) - `code/../crawls/diynetwork.com/Privacy-Policy/raw/www.scrippsnetworksinteractive.com/_layouts/images/lstbulet.gif' saved [56/56]

--2013-04-10 05:27:23--  http://www.scrippsnetworksinteractive.com/_layouts/images/tabtitlerowbottombg.png
Reusing existing connection to www.scrippsnetworksinteractive.com:80.
HTTP request sent, awaiting response... 200 OK
Length: 128 [image/png]
Saving to: `code/../crawls/diynetwork.com/Privacy-Policy/raw/www.scrippsnetworksinteractive.com/_layouts/images/tabtitlerowbottombg.png'

     0K                                                       100% 23.2M=0s

2013-04-10 05:27:23 (23.2 MB/s) - `code/../crawls/diynetwork.com/Privacy-Policy/raw/www.scrippsnetworksinteractive.com/_layouts/images/tabtitlerowbottombg.png' saved [128/128]

--2013-04-10 05:27:23--  http://www.scrippsnetworksinteractive.com/_layouts/images/selbg.png
Reusing existing connection to www.scrippsnetworksinteractive.com:80.
HTTP request sent, awaiting response... 200 OK
Length: 144 [image/png]
Saving to: `code/../crawls/diynetwork.com/Privacy-Policy/raw/www.scrippsnetworksinteractive.com/_layouts/images/selbg.png'

     0K                                                       100% 25.9M=0s

2013-04-10 05:27:24 (25.9 MB/s) - `code/../crawls/diynetwork.com/Privacy-Policy/raw/www.scrippsnetworksinteractive.com/_layouts/images/selbg.png' saved [144/144]

--2013-04-10 05:27:24--  http://www.scrippsnetworksinteractive.com/_layouts/images/MGrad.gif
Reusing existing connection to www.scrippsnetworksinteractive.com:80.
HTTP request sent, awaiting response... 200 OK
Length: 53 [image/gif]
Saving to: `code/../crawls/diynetwork.com/Privacy-Policy/raw/www.scrippsnetworksinteractive.com/_layouts/images/MGrad.gif'

     0K                                                       100% 9.55M=0s

2013-04-10 05:27:24 (9.55 MB/s) - `code/../crawls/diynetwork.com/Privacy-Policy/raw/www.scrippsnetworksinteractive.com/_layouts/images/MGrad.gif' saved [53/53]

--2013-04-10 05:27:24--  http://www.scrippsnetworksinteractive.com/_layouts/images/MGradLarge.gif
Reusing existing connection to www.scrippsnetworksinteractive.com:80.
HTTP request sent, awaiting response... 200 OK
Length: 54 [image/gif]
Saving to: `code/../crawls/diynetwork.com/Privacy-Policy/raw/www.scrippsnetworksinteractive.com/_layouts/images/MGradLarge.gif'

     0K                                                       100% 9.31M=0s

2013-04-10 05:27:24 (9.31 MB/s) - `code/../crawls/diynetwork.com/Privacy-Policy/raw/www.scrippsnetworksinteractive.com/_layouts/images/MGradLarge.gif' saved [54/54]

--2013-04-10 05:27:24--  http://www.scrippsnetworksinteractive.com/_layouts/images/MGradRtl.gif
Reusing existing connection to www.scrippsnetworksinteractive.com:80.
HTTP request sent, awaiting response... 200 OK
Length: 45 [image/gif]
Saving to: `code/../crawls/diynetwork.com/Privacy-Policy/raw/www.scrippsnetworksinteractive.com/_layouts/images/MGradRtl.gif'

     0K                                                       100% 7.92M=0s

2013-04-10 05:27:24 (7.92 MB/s) - `code/../crawls/diynetwork.com/Privacy-Policy/raw/www.scrippsnetworksinteractive.com/_layouts/images/MGradRtl.gif' saved [45/45]

--2013-04-10 05:27:24--  http://www.scrippsnetworksinteractive.com/_layouts/images/MGradLargeRtl.gif
Reusing existing connection to www.scrippsnetworksinteractive.com:80.
HTTP request sent, awaiting response... 200 OK
Length: 46 [image/gif]
Saving to: `code/../crawls/diynetwork.com/Privacy-Policy/raw/www.scrippsnetworksinteractive.com/_layouts/images/MGradLargeRtl.gif'

     0K                                                       100% 8.25M=0s

2013-04-10 05:27:24 (8.25 MB/s) - `code/../crawls/diynetwork.com/Privacy-Policy/raw/www.scrippsnetworksinteractive.com/_layouts/images/MGradLargeRtl.gif' saved [46/46]

--2013-04-10 05:27:24--  http://www.scrippsnetworksinteractive.com/_layouts/images/ChkMrk.gif
Reusing existing connection to www.scrippsnetworksinteractive.com:80.
HTTP request sent, awaiting response... 200 OK
Length: 955 [image/gif]
Saving to: `code/../crawls/diynetwork.com/Privacy-Policy/raw/www.scrippsnetworksinteractive.com/_layouts/images/ChkMrk.gif'

     0K                                                       100%  168M=0s

2013-04-10 05:27:24 (168 MB/s) - `code/../crawls/diynetwork.com/Privacy-Policy/raw/www.scrippsnetworksinteractive.com/_layouts/images/ChkMrk.gif' saved [955/955]

--2013-04-10 05:27:24--  http://www.scrippsnetworksinteractive.com/_layouts/images/recent_doc_gradient.png
Reusing existing connection to www.scrippsnetworksinteractive.com:80.
HTTP request sent, awaiting response... 200 OK
Length: 146 [image/png]
Saving to: `code/../crawls/diynetwork.com/Privacy-Policy/raw/www.scrippsnetworksinteractive.com/_layouts/images/recent_doc_gradient.png'

     0K                                                       100% 27.2M=0s

2013-04-10 05:27:24 (27.2 MB/s) - `code/../crawls/diynetwork.com/Privacy-Policy/raw/www.scrippsnetworksinteractive.com/_layouts/images/recent_doc_gradient.png' saved [146/146]

--2013-04-10 05:27:24--  http://www.scrippsnetworksinteractive.com/_layouts/images/querysuggest.gif
Reusing existing connection to www.scrippsnetworksinteractive.com:80.
HTTP request sent, awaiting response... 200 OK
Length: 112 [image/gif]
Saving to: `code/../crawls/diynetwork.com/Privacy-Policy/raw/www.scrippsnetworksinteractive.com/_layouts/images/querysuggest.gif'

     0K                                                       100% 21.4M=0s

2013-04-10 05:27:24 (21.4 MB/s) - `code/../crawls/diynetwork.com/Privacy-Policy/raw/www.scrippsnetworksinteractive.com/_layouts/images/querysuggest.gif' saved [112/112]

--2013-04-10 05:27:24--  http://www.scrippsnetworksinteractive.com/_layouts/images/hover_tab_gradient.png
Reusing existing connection to www.scrippsnetworksinteractive.com:80.
HTTP request sent, awaiting response... 200 OK
Length: 144 [image/png]
Saving to: `code/../crawls/diynetwork.com/Privacy-Policy/raw/www.scrippsnetworksinteractive.com/_layouts/images/hover_tab_gradient.png'

     0K                                                       100% 27.1M=0s

2013-04-10 05:27:24 (27.1 MB/s) - `code/../crawls/diynetwork.com/Privacy-Policy/raw/www.scrippsnetworksinteractive.com/_layouts/images/hover_tab_gradient.png' saved [144/144]

--2013-04-10 05:27:24--  http://www.scrippsnetworksinteractive.com/_layouts/images/vertical_refinement_gradient.png
Reusing existing connection to www.scrippsnetworksinteractive.com:80.
HTTP request sent, awaiting response... 200 OK
Length: 157 [image/png]
Saving to: `code/../crawls/diynetwork.com/Privacy-Policy/raw/www.scrippsnetworksinteractive.com/_layouts/images/vertical_refinement_gradient.png'

     0K                                                       100% 28.2M=0s

2013-04-10 05:27:24 (28.2 MB/s) - `code/../crawls/diynetwork.com/Privacy-Policy/raw/www.scrippsnetworksinteractive.com/_layouts/images/vertical_refinement_gradient.png' saved [157/157]

--2013-04-10 05:27:24--  http://www.scrippsnetworksinteractive.com/_layouts/images/checkmark.gif
Reusing existing connection to www.scrippsnetworksinteractive.com:80.
HTTP request sent, awaiting response... 404 Not Found
2013-04-10 05:27:25 ERROR 404: Not Found.

--2013-04-10 05:27:25--  http://www.scrippsnetworksinteractive.com/_layouts/images/bgximg.png
Connecting to www.scrippsnetworksinteractive.com|204.78.32.205|:80... connected.
HTTP request sent, awaiting response... 200 OK
Length: 1770 (1.7K) [image/png]
Saving to: `code/../crawls/diynetwork.com/Privacy-Policy/raw/www.scrippsnetworksinteractive.com/_layouts/images/bgximg.png'

     0K .                                                     100% 12.4M=0s

2013-04-10 05:27:25 (12.4 MB/s) - `code/../crawls/diynetwork.com/Privacy-Policy/raw/www.scrippsnetworksinteractive.com/_layouts/images/bgximg.png' saved [1770/1770]

--2013-04-10 05:27:25--  http://www.scrippsnetworksinteractive.com/_layouts/images/selectednav.gif
Reusing existing connection to www.scrippsnetworksinteractive.com:80.
HTTP request sent, awaiting response... 200 OK
Length: 94 [image/gif]
Saving to: `code/../crawls/diynetwork.com/Privacy-Policy/raw/www.scrippsnetworksinteractive.com/_layouts/images/selectednav.gif'

     0K                                                       100% 16.4M=0s

2013-04-10 05:27:25 (16.4 MB/s) - `code/../crawls/diynetwork.com/Privacy-Policy/raw/www.scrippsnetworksinteractive.com/_layouts/images/selectednav.gif' saved [94/94]

--2013-04-10 05:27:25--  http://www.scrippsnetworksinteractive.com/_layouts/images/selectednavbullet.gif
Reusing existing connection to www.scrippsnetworksinteractive.com:80.
HTTP request sent, awaiting response... 200 OK
Length: 53 [image/gif]
Saving to: `code/../crawls/diynetwork.com/Privacy-Policy/raw/www.scrippsnetworksinteractive.com/_layouts/images/selectednavbullet.gif'

     0K                                                       100% 9.32M=0s

2013-04-10 05:27:25 (9.32 MB/s) - `code/../crawls/diynetwork.com/Privacy-Policy/raw/www.scrippsnetworksinteractive.com/_layouts/images/selectednavbullet.gif' saved [53/53]

--2013-04-10 05:27:25--  http://www.scrippsnetworksinteractive.com/_layouts/images/navBullet.gif
Reusing existing connection to www.scrippsnetworksinteractive.com:80.
HTTP request sent, awaiting response... 200 OK
Length: 58 [image/gif]
Saving to: `code/../crawls/diynetwork.com/Privacy-Policy/raw/www.scrippsnetworksinteractive.com/_layouts/images/navBullet.gif'

     0K                                                       100% 10.6M=0s

2013-04-10 05:27:25 (10.6 MB/s) - `code/../crawls/diynetwork.com/Privacy-Policy/raw/www.scrippsnetworksinteractive.com/_layouts/images/navBullet.gif' saved [58/58]

--2013-04-10 05:27:25--  http://www.scrippsnetworksinteractive.com/_layouts/images/SELECTEDNAV.GIF
Reusing existing connection to www.scrippsnetworksinteractive.com:80.
HTTP request sent, awaiting response... 200 OK
Length: 94 [image/gif]
Saving to: `code/../crawls/diynetwork.com/Privacy-Policy/raw/www.scrippsnetworksinteractive.com/_layouts/images/SELECTEDNAV.GIF'

     0K                                                       100% 15.9M=0s

2013-04-10 05:27:25 (15.9 MB/s) - `code/../crawls/diynetwork.com/Privacy-Policy/raw/www.scrippsnetworksinteractive.com/_layouts/images/SELECTEDNAV.GIF' saved [94/94]

--2013-04-10 05:27:25--  http://www.scrippsnetworksinteractive.com/_layouts/images/quickLaunchHeader.gif
Reusing existing connection to www.scrippsnetworksinteractive.com:80.
HTTP request sent, awaiting response... 200 OK
Length: 148 [image/gif]
Saving to: `code/../crawls/diynetwork.com/Privacy-Policy/raw/www.scrippsnetworksinteractive.com/_layouts/images/quickLaunchHeader.gif'

     0K                                                       100% 26.0M=0s

2013-04-10 05:27:25 (26.0 MB/s) - `code/../crawls/diynetwork.com/Privacy-Policy/raw/www.scrippsnetworksinteractive.com/_layouts/images/quickLaunchHeader.gif' saved [148/148]

--2013-04-10 05:27:25--  http://www.scrippsnetworksinteractive.com/_layouts/images/siteTitleBKGD.gif
Reusing existing connection to www.scrippsnetworksinteractive.com:80.
HTTP request sent, awaiting response... 200 OK
Length: 209 [image/gif]
Saving to: `code/../crawls/diynetwork.com/Privacy-Policy/raw/www.scrippsnetworksinteractive.com/_layouts/images/siteTitleBKGD.gif'

     0K                                                       100% 37.9M=0s

2013-04-10 05:27:25 (37.9 MB/s) - `code/../crawls/diynetwork.com/Privacy-Policy/raw/www.scrippsnetworksinteractive.com/_layouts/images/siteTitleBKGD.gif' saved [209/209]

--2013-04-10 05:27:25--  http://www.scrippsnetworksinteractive.com/_layouts/images/topshape.jpg
Reusing existing connection to www.scrippsnetworksinteractive.com:80.
HTTP request sent, awaiting response... 200 OK
Length: 1568 (1.5K) [image/jpeg]
Saving to: `code/../crawls/diynetwork.com/Privacy-Policy/raw/www.scrippsnetworksinteractive.com/_layouts/images/topshape.jpg'

     0K .                                                     100% 9.84M=0s

2013-04-10 05:27:25 (9.84 MB/s) - `code/../crawls/diynetwork.com/Privacy-Policy/raw/www.scrippsnetworksinteractive.com/_layouts/images/topshape.jpg' saved [1568/1568]

--2013-04-10 05:27:25--  http://www.scrippsnetworksinteractive.com/_layouts/images/framecornergrad.gif
Reusing existing connection to www.scrippsnetworksinteractive.com:80.
HTTP request sent, awaiting response... 200 OK
Length: 120 [image/gif]
Saving to: `code/../crawls/diynetwork.com/Privacy-Policy/raw/www.scrippsnetworksinteractive.com/_layouts/images/framecornergrad.gif'

     0K                                                       100% 21.4M=0s

2013-04-10 05:27:25 (21.4 MB/s) - `code/../crawls/diynetwork.com/Privacy-Policy/raw/www.scrippsnetworksinteractive.com/_layouts/images/framecornergrad.gif' saved [120/120]

--2013-04-10 05:27:25--  http://www.scrippsnetworksinteractive.com/_layouts/images/keyFiltersBackground.png
Reusing existing connection to www.scrippsnetworksinteractive.com:80.
HTTP request sent, awaiting response... 200 OK
Length: 176 [image/png]
Saving to: `code/../crawls/diynetwork.com/Privacy-Policy/raw/www.scrippsnetworksinteractive.com/_layouts/images/keyFiltersBackground.png'

     0K                                                       100% 32.1M=0s

2013-04-10 05:27:25 (32.1 MB/s) - `code/../crawls/diynetwork.com/Privacy-Policy/raw/www.scrippsnetworksinteractive.com/_layouts/images/keyFiltersBackground.png' saved [176/176]

--2013-04-10 05:27:25--  http://www.scrippsnetworksinteractive.com/_layouts/images/MGrad.png
Reusing existing connection to www.scrippsnetworksinteractive.com:80.
HTTP request sent, awaiting response... 200 OK
Length: 2799 (2.7K) [image/png]
Saving to: `code/../crawls/diynetwork.com/Privacy-Policy/raw/www.scrippsnetworksinteractive.com/_layouts/images/MGrad.png'

     0K ..                                                    100% 9.06M=0s

2013-04-10 05:27:26 (9.06 MB/s) - `code/../crawls/diynetwork.com/Privacy-Policy/raw/www.scrippsnetworksinteractive.com/_layouts/images/MGrad.png' saved [2799/2799]

--2013-04-10 05:27:26--  http://www.scrippsnetworksinteractive.com/_layouts/images/MGradLarge.png
Reusing existing connection to www.scrippsnetworksinteractive.com:80.
HTTP request sent, awaiting response... 200 OK
Length: 116 [image/png]
Saving to: `code/../crawls/diynetwork.com/Privacy-Policy/raw/www.scrippsnetworksinteractive.com/_layouts/images/MGradLarge.png'

     0K                                                       100% 21.1M=0s

2013-04-10 05:27:26 (21.1 MB/s) - `code/../crawls/diynetwork.com/Privacy-Policy/raw/www.scrippsnetworksinteractive.com/_layouts/images/MGradLarge.png' saved [116/116]

--2013-04-10 05:27:26--  http://www.scrippsnetworksinteractive.com/_layouts/images/MGradRtl.png
Reusing existing connection to www.scrippsnetworksinteractive.com:80.
HTTP request sent, awaiting response... 200 OK
Length: 2799 (2.7K) [image/png]
Saving to: `code/../crawls/diynetwork.com/Privacy-Policy/raw/www.scrippsnetworksinteractive.com/_layouts/images/MGradRtl.png'

     0K ..                                                    100% 8.95M=0s

2013-04-10 05:27:26 (8.95 MB/s) - `code/../crawls/diynetwork.com/Privacy-Policy/raw/www.scrippsnetworksinteractive.com/_layouts/images/MGradRtl.png' saved [2799/2799]

--2013-04-10 05:27:26--  http://www.scrippsnetworksinteractive.com/_layouts/images/MGradLargeRtl.png
Reusing existing connection to www.scrippsnetworksinteractive.com:80.
HTTP request sent, awaiting response... 200 OK
Length: 117 [image/png]
Saving to: `code/../crawls/diynetwork.com/Privacy-Policy/raw/www.scrippsnetworksinteractive.com/_layouts/images/MGradLargeRtl.png'

     0K                                                       100% 21.3M=0s

2013-04-10 05:27:26 (21.3 MB/s) - `code/../crawls/diynetwork.com/Privacy-Policy/raw/www.scrippsnetworksinteractive.com/_layouts/images/MGradLargeRtl.png' saved [117/117]

--2013-04-10 05:27:26--  http://www.scrippsnetworksinteractive.com/_layouts/images/wpadder_graygrad.png
Reusing existing connection to www.scrippsnetworksinteractive.com:80.
HTTP request sent, awaiting response... 200 OK
Length: 246 [image/png]
Saving to: `code/../crawls/diynetwork.com/Privacy-Policy/raw/www.scrippsnetworksinteractive.com/_layouts/images/wpadder_graygrad.png'

     0K                                                       100% 44.3M=0s

2013-04-10 05:27:26 (44.3 MB/s) - `code/../crawls/diynetwork.com/Privacy-Policy/raw/www.scrippsnetworksinteractive.com/_layouts/images/wpadder_graygrad.png' saved [246/246]

--2013-04-10 05:27:26--  http://www.scrippsnetworksinteractive.com/_layouts/images/treeviewselected.png
Reusing existing connection to www.scrippsnetworksinteractive.com:80.
HTTP request sent, awaiting response... 200 OK
Length: 143 [image/png]
Saving to: `code/../crawls/diynetwork.com/Privacy-Policy/raw/www.scrippsnetworksinteractive.com/_layouts/images/treeviewselected.png'

     0K                                                       100% 25.6M=0s

2013-04-10 05:27:26 (25.6 MB/s) - `code/../crawls/diynetwork.com/Privacy-Policy/raw/www.scrippsnetworksinteractive.com/_layouts/images/treeviewselected.png' saved [143/143]

--2013-04-10 05:27:26--  http://www.scrippsnetworksinteractive.com/_layouts/images/settingsgraphic.jpg
Reusing existing connection to www.scrippsnetworksinteractive.com:80.
HTTP request sent, awaiting response... 200 OK
Length: 6684 (6.5K) [image/jpeg]
Saving to: `code/../crawls/diynetwork.com/Privacy-Policy/raw/www.scrippsnetworksinteractive.com/_layouts/images/settingsgraphic.jpg'

     0K ......                                                100% 9.86M=0.001s

2013-04-10 05:27:26 (9.86 MB/s) - `code/../crawls/diynetwork.com/Privacy-Policy/raw/www.scrippsnetworksinteractive.com/_layouts/images/settingsgraphic.jpg' saved [6684/6684]

--2013-04-10 05:27:26--  http://www.scrippsnetworksinteractive.com/_layouts/images/RibbonBG.png
Reusing existing connection to www.scrippsnetworksinteractive.com:80.
HTTP request sent, awaiting response... 404 Not Found
2013-04-10 05:27:26 ERROR 404: Not Found.

--2013-04-10 05:27:26--  http://www.scrippsnetworksinteractive.com/_layouts/images/rmgrad16.png
Connecting to www.scrippsnetworksinteractive.com|204.78.32.205|:80... connected.
HTTP request sent, awaiting response... 200 OK
Length: 116 [image/png]
Saving to: `code/../crawls/diynetwork.com/Privacy-Policy/raw/www.scrippsnetworksinteractive.com/_layouts/images/rmgrad16.png'

     0K                                                       100% 20.1M=0s

2013-04-10 05:27:27 (20.1 MB/s) - `code/../crawls/diynetwork.com/Privacy-Policy/raw/www.scrippsnetworksinteractive.com/_layouts/images/rmgrad16.png' saved [116/116]

--2013-04-10 05:27:27--  http://www.scrippsnetworksinteractive.com/_layouts/images/rmgrad16rtl.png
Reusing existing connection to www.scrippsnetworksinteractive.com:80.
HTTP request sent, awaiting response... 200 OK
Length: 114 [image/png]
Saving to: `code/../crawls/diynetwork.com/Privacy-Policy/raw/www.scrippsnetworksinteractive.com/_layouts/images/rmgrad16rtl.png'

     0K                                                       100% 20.2M=0s

2013-04-10 05:27:27 (20.2 MB/s) - `code/../crawls/diynetwork.com/Privacy-Policy/raw/www.scrippsnetworksinteractive.com/_layouts/images/rmgrad16rtl.png' saved [114/114]

--2013-04-10 05:27:27--  http://www.scrippsnetworksinteractive.com/_layouts/images/tooltipGradient.png
Reusing existing connection to www.scrippsnetworksinteractive.com:80.
HTTP request sent, awaiting response... 200 OK
Length: 147 [image/png]
Saving to: `code/../crawls/diynetwork.com/Privacy-Policy/raw/www.scrippsnetworksinteractive.com/_layouts/images/tooltipGradient.png'

     0K                                                       100% 25.8M=0s

2013-04-10 05:27:27 (25.8 MB/s) - `code/../crawls/diynetwork.com/Privacy-Policy/raw/www.scrippsnetworksinteractive.com/_layouts/images/tooltipGradient.png' saved [147/147]

--2013-04-10 05:27:27--  http://www.scrippsnetworksinteractive.com/_layouts/images/menu-down.gif
Reusing existing connection to www.scrippsnetworksinteractive.com:80.
HTTP request sent, awaiting response... 200 OK
Length: 59 [image/gif]
Saving to: `code/../crawls/diynetwork.com/Privacy-Policy/raw/www.scrippsnetworksinteractive.com/_layouts/images/menu-down.gif'

     0K                                                       100% 10.7M=0s

2013-04-10 05:27:27 (10.7 MB/s) - `code/../crawls/diynetwork.com/Privacy-Policy/raw/www.scrippsnetworksinteractive.com/_layouts/images/menu-down.gif' saved [59/59]

--2013-04-10 05:27:27--  http://www.scrippsnetworksinteractive.com/_layouts/images/menu-right.gif
Reusing existing connection to www.scrippsnetworksinteractive.com:80.
HTTP request sent, awaiting response... 200 OK
Length: 62 [image/gif]
Saving to: `code/../crawls/diynetwork.com/Privacy-Policy/raw/www.scrippsnetworksinteractive.com/_layouts/images/menu-right.gif'

     0K                                                       100% 11.0M=0s

2013-04-10 05:27:27 (11.0 MB/s) - `code/../crawls/diynetwork.com/Privacy-Policy/raw/www.scrippsnetworksinteractive.com/_layouts/images/menu-right.gif' saved [62/62]

--2013-04-10 05:27:27--  http://www.scrippsnetworksinteractive.com/_layouts/images/globgrad.gif
Reusing existing connection to www.scrippsnetworksinteractive.com:80.
HTTP request sent, awaiting response... 200 OK
Length: 148 [image/gif]
Saving to: `code/../crawls/diynetwork.com/Privacy-Policy/raw/www.scrippsnetworksinteractive.com/_layouts/images/globgrad.gif'

     0K                                                       100% 25.7M=0s

2013-04-10 05:27:27 (25.7 MB/s) - `code/../crawls/diynetwork.com/Privacy-Policy/raw/www.scrippsnetworksinteractive.com/_layouts/images/globgrad.gif' saved [148/148]

--2013-04-10 05:27:27--  http://www.scrippsnetworksinteractive.com/Style%20Library/SNI/Images/bg_body.gif
Reusing existing connection to www.scrippsnetworksinteractive.com:80.
HTTP request sent, awaiting response... 200 OK
Length: 230 [image/gif]
Saving to: `code/../crawls/diynetwork.com/Privacy-Policy/raw/www.scrippsnetworksinteractive.com/Style Library/SNI/Images/bg_body.gif'

     0K                                                       100% 41.6M=0s

2013-04-10 05:27:27 (41.6 MB/s) - `code/../crawls/diynetwork.com/Privacy-Policy/raw/www.scrippsnetworksinteractive.com/Style Library/SNI/Images/bg_body.gif' saved [230/230]

--2013-04-10 05:27:27--  http://www.scrippsnetworksinteractive.com/Style%20Library/SNI/Images/sprite_devices_available_on.gif
Reusing existing connection to www.scrippsnetworksinteractive.com:80.
HTTP request sent, awaiting response... 200 OK
Length: 1039 (1.0K) [image/gif]
Saving to: `code/../crawls/diynetwork.com/Privacy-Policy/raw/www.scrippsnetworksinteractive.com/Style Library/SNI/Images/sprite_devices_available_on.gif'

     0K .                                                     100% 9.50M=0s

2013-04-10 05:27:27 (9.50 MB/s) - `code/../crawls/diynetwork.com/Privacy-Policy/raw/www.scrippsnetworksinteractive.com/Style Library/SNI/Images/sprite_devices_available_on.gif' saved [1039/1039]

--2013-04-10 05:27:27--  http://www.scrippsnetworksinteractive.com/Style%20Library/SNI/Images/bg_level_one_header_638.png
Reusing existing connection to www.scrippsnetworksinteractive.com:80.
HTTP request sent, awaiting response... 200 OK
Length: 482 [image/png]
Saving to: `code/../crawls/diynetwork.com/Privacy-Policy/raw/www.scrippsnetworksinteractive.com/Style Library/SNI/Images/bg_level_one_header_638.png'

     0K                                                       100% 89.2M=0s

2013-04-10 05:27:27 (89.2 MB/s) - `code/../crawls/diynetwork.com/Privacy-Policy/raw/www.scrippsnetworksinteractive.com/Style Library/SNI/Images/bg_level_one_header_638.png' saved [482/482]

--2013-04-10 05:27:27--  http://www.scrippsnetworksinteractive.com/Style%20Library/SNI/Images/bg_level_one_header_875.png
Reusing existing connection to www.scrippsnetworksinteractive.com:80.
HTTP request sent, awaiting response... 200 OK
Length: 507 [image/png]
Saving to: `code/../crawls/diynetwork.com/Privacy-Policy/raw/www.scrippsnetworksinteractive.com/Style Library/SNI/Images/bg_level_one_header_875.png'

     0K                                                       100% 93.5M=0s

2013-04-10 05:27:27 (93.5 MB/s) - `code/../crawls/diynetwork.com/Privacy-Policy/raw/www.scrippsnetworksinteractive.com/Style Library/SNI/Images/bg_level_one_header_875.png' saved [507/507]

--2013-04-10 05:27:27--  http://www.scrippsnetworksinteractive.com/Style%20Library/SNI/Images/blt_blue_arrow.png
Reusing existing connection to www.scrippsnetworksinteractive.com:80.
HTTP request sent, awaiting response... 200 OK
Length: 193 [image/png]
Saving to: `code/../crawls/diynetwork.com/Privacy-Policy/raw/www.scrippsnetworksinteractive.com/Style Library/SNI/Images/blt_blue_arrow.png'

     0K                                                       100% 36.7M=0s

2013-04-10 05:27:27 (36.7 MB/s) - `code/../crawls/diynetwork.com/Privacy-Policy/raw/www.scrippsnetworksinteractive.com/Style Library/SNI/Images/blt_blue_arrow.png' saved [193/193]

--2013-04-10 05:27:27--  http://www.scrippsnetworksinteractive.com/Style%20Library/SNI/Images/bg_blog_date.png
Reusing existing connection to www.scrippsnetworksinteractive.com:80.
HTTP request sent, awaiting response... 200 OK
Length: 2301 (2.2K) [image/png]
Saving to: `code/../crawls/diynetwork.com/Privacy-Policy/raw/www.scrippsnetworksinteractive.com/Style Library/SNI/Images/bg_blog_date.png'

     0K ..                                                    100% 12.2M=0s

2013-04-10 05:27:27 (12.2 MB/s) - `code/../crawls/diynetwork.com/Privacy-Policy/raw/www.scrippsnetworksinteractive.com/Style Library/SNI/Images/bg_blog_date.png' saved [2301/2301]

--2013-04-10 05:27:27--  http://www.scrippsnetworksinteractive.com/Style%20Library/SNI/Images/bg_head_footer_sprite.png
Reusing existing connection to www.scrippsnetworksinteractive.com:80.
HTTP request sent, awaiting response... 200 OK
Length: 158415 (155K) [image/png]
Saving to: `code/../crawls/diynetwork.com/Privacy-Policy/raw/www.scrippsnetworksinteractive.com/Style Library/SNI/Images/bg_head_footer_sprite.png'

     0K .......... .......... .......... .......... .......... 32% 68.6K 2s
    50K .......... .......... .......... .......... .......... 64%  144K 1s
   100K .......... .......... .......... .......... .......... 96%  217K 0s
   150K ....                                                  100% 10.7M=1.3s

2013-04-10 05:27:29 (118 KB/s) - `code/../crawls/diynetwork.com/Privacy-Policy/raw/www.scrippsnetworksinteractive.com/Style Library/SNI/Images/bg_head_footer_sprite.png' saved [158415/158415]

--2013-04-10 05:27:29--  http://www.scrippsnetworksinteractive.com/Style%20Library/SNI/Images/bg_secondary_nav_shadow.png
Reusing existing connection to www.scrippsnetworksinteractive.com:80.
HTTP request sent, awaiting response... 200 OK
Length: 958 [image/png]
Saving to: `code/../crawls/diynetwork.com/Privacy-Policy/raw/www.scrippsnetworksinteractive.com/Style Library/SNI/Images/bg_secondary_nav_shadow.png'

     0K                                                       100%  150M=0s

2013-04-10 05:27:29 (150 MB/s) - `code/../crawls/diynetwork.com/Privacy-Policy/raw/www.scrippsnetworksinteractive.com/Style Library/SNI/Images/bg_secondary_nav_shadow.png' saved [958/958]

--2013-04-10 05:27:29--  http://www.scrippsnetworksinteractive.com/Style%20Library/SNI/Images/sprite_social_icons.gif
Reusing existing connection to www.scrippsnetworksinteractive.com:80.
HTTP request sent, awaiting response... 200 OK
Length: 2137 (2.1K) [image/gif]
Saving to: `code/../crawls/diynetwork.com/Privacy-Policy/raw/www.scrippsnetworksinteractive.com/Style Library/SNI/Images/sprite_social_icons.gif'

     0K ..                                                    100% 12.3M=0s

2013-04-10 05:27:29 (12.3 MB/s) - `code/../crawls/diynetwork.com/Privacy-Policy/raw/www.scrippsnetworksinteractive.com/Style Library/SNI/Images/sprite_social_icons.gif' saved [2137/2137]

--2013-04-10 05:27:29--  http://www.scrippsnetworksinteractive.com/Style%20Library/SNI/Images/sprite_footer_logos.png
Reusing existing connection to www.scrippsnetworksinteractive.com:80.
HTTP request sent, awaiting response... 200 OK
Length: 5777 (5.6K) [image/png]
Saving to: `code/../crawls/diynetwork.com/Privacy-Policy/raw/www.scrippsnetworksinteractive.com/Style Library/SNI/Images/sprite_footer_logos.png'

     0K .....                                                 100% 11.5M=0s

2013-04-10 05:27:29 (11.5 MB/s) - `code/../crawls/diynetwork.com/Privacy-Policy/raw/www.scrippsnetworksinteractive.com/Style Library/SNI/Images/sprite_footer_logos.png' saved [5777/5777]

--2013-04-10 05:27:29--  http://www.scrippsnetworksinteractive.com/Style%20Library/SNI/Images/sprite_social_icons.png
Reusing existing connection to www.scrippsnetworksinteractive.com:80.
HTTP request sent, awaiting response... 200 OK
Length: 1464 (1.4K) [image/png]
Saving to: `code/../crawls/diynetwork.com/Privacy-Policy/raw/www.scrippsnetworksinteractive.com/Style Library/SNI/Images/sprite_social_icons.png'

     0K .                                                     100% 23.1M=0s

2013-04-10 05:27:29 (23.1 MB/s) - `code/../crawls/diynetwork.com/Privacy-Policy/raw/www.scrippsnetworksinteractive.com/Style Library/SNI/Images/sprite_social_icons.png' saved [1464/1464]

--2013-04-10 05:27:29--  http://www.scrippsnetworksinteractive.com/Style%20Library/SNI/Images/bg_footer_slider.png
Reusing existing connection to www.scrippsnetworksinteractive.com:80.
HTTP request sent, awaiting response... 200 OK
Length: 142007 (139K) [image/png]
Saving to: `code/../crawls/diynetwork.com/Privacy-Policy/raw/www.scrippsnetworksinteractive.com/Style Library/SNI/Images/bg_footer_slider.png'

     0K .......... .......... .......... .......... .......... 36%  108K 1s
    50K .......... .......... .......... .......... .......... 72%  163K 0s
   100K .......... .......... .......... ........             100%  249K=0.9s

2013-04-10 05:27:30 (150 KB/s) - `code/../crawls/diynetwork.com/Privacy-Policy/raw/www.scrippsnetworksinteractive.com/Style Library/SNI/Images/bg_footer_slider.png' saved [142007/142007]

--2013-04-10 05:27:30--  http://www.scrippsnetworksinteractive.com/Style%20Library/SNI/Images/sprite_footer_slider_toggle.png
Reusing existing connection to www.scrippsnetworksinteractive.com:80.
HTTP request sent, awaiting response... 200 OK
Length: 1151 (1.1K) [image/png]
Saving to: `code/../crawls/diynetwork.com/Privacy-Policy/raw/www.scrippsnetworksinteractive.com/Style Library/SNI/Images/sprite_footer_slider_toggle.png'

     0K .                                                     100% 40.3M=0s

2013-04-10 05:27:30 (40.3 MB/s) - `code/../crawls/diynetwork.com/Privacy-Policy/raw/www.scrippsnetworksinteractive.com/Style Library/SNI/Images/sprite_footer_slider_toggle.png' saved [1151/1151]

--2013-04-10 05:27:30--  http://www.scrippsnetworksinteractive.com/Style%20Library/SNI/Images/bg_twitter_carousel_transparent.png
Reusing existing connection to www.scrippsnetworksinteractive.com:80.
HTTP request sent, awaiting response... 200 OK
Length: 2704 (2.6K) [image/png]
Saving to: `code/../crawls/diynetwork.com/Privacy-Policy/raw/www.scrippsnetworksinteractive.com/Style Library/SNI/Images/bg_twitter_carousel_transparent.png'

     0K ..                                                    100% 12.3M=0s

2013-04-10 05:27:30 (12.3 MB/s) - `code/../crawls/diynetwork.com/Privacy-Policy/raw/www.scrippsnetworksinteractive.com/Style Library/SNI/Images/bg_twitter_carousel_transparent.png' saved [2704/2704]

--2013-04-10 05:27:30--  http://www.scrippsnetworksinteractive.com/Style%20Library/SNI/Images/sprite_misc_stock_direction.png
Reusing existing connection to www.scrippsnetworksinteractive.com:80.
HTTP request sent, awaiting response... 200 OK
Length: 1139 (1.1K) [image/png]
Saving to: `code/../crawls/diynetwork.com/Privacy-Policy/raw/www.scrippsnetworksinteractive.com/Style Library/SNI/Images/sprite_misc_stock_direction.png'

     0K .                                                     100% 28.5M=0s

2013-04-10 05:27:30 (28.5 MB/s) - `code/../crawls/diynetwork.com/Privacy-Policy/raw/www.scrippsnetworksinteractive.com/Style Library/SNI/Images/sprite_misc_stock_direction.png' saved [1139/1139]

--2013-04-10 05:27:30--  http://www.scrippsnetworksinteractive.com/Style%20Library/SNI/Images/super_bg_careers_landing.jpg
Reusing existing connection to www.scrippsnetworksinteractive.com:80.
HTTP request sent, awaiting response... 200 OK
Length: 15122 (15K) [image/jpeg]
Saving to: `code/../crawls/diynetwork.com/Privacy-Policy/raw/www.scrippsnetworksinteractive.com/Style Library/SNI/Images/super_bg_careers_landing.jpg'

     0K .......... ....                                       100% 10.6M=0.001s

2013-04-10 05:27:31 (10.6 MB/s) - `code/../crawls/diynetwork.com/Privacy-Policy/raw/www.scrippsnetworksinteractive.com/Style Library/SNI/Images/super_bg_careers_landing.jpg' saved [15122/15122]

--2013-04-10 05:27:31--  http://www.scrippsnetworksinteractive.com/Style%20Library/SNI/Images/super_bg_newsroom.jpg
Reusing existing connection to www.scrippsnetworksinteractive.com:80.
HTTP request sent, awaiting response... 200 OK
Length: 134609 (131K) [image/jpeg]
Saving to: `code/../crawls/diynetwork.com/Privacy-Policy/raw/www.scrippsnetworksinteractive.com/Style Library/SNI/Images/super_bg_newsroom.jpg'

     0K .......... .......... .......... .......... .......... 38% 59.1K 1s
    50K .......... .......... .......... .......... .......... 76%  131K 0s
   100K .......... .......... .......... .                    100% 68.2K=1.7s

2013-04-10 05:27:32 (77.8 KB/s) - `code/../crawls/diynetwork.com/Privacy-Policy/raw/www.scrippsnetworksinteractive.com/Style Library/SNI/Images/super_bg_newsroom.jpg' saved [134609/134609]

--2013-04-10 05:27:32--  http://www.scrippsnetworksinteractive.com/Style%20Library/SNI/Images/scripps_arrow.png
Reusing existing connection to www.scrippsnetworksinteractive.com:80.
HTTP request sent, awaiting response... 200 OK
Length: 1132 (1.1K) [image/png]
Saving to: `code/../crawls/diynetwork.com/Privacy-Policy/raw/www.scrippsnetworksinteractive.com/Style Library/SNI/Images/scripps_arrow.png'

     0K .                                                     100%  180M=0s

2013-04-10 05:27:32 (180 MB/s) - `code/../crawls/diynetwork.com/Privacy-Policy/raw/www.scrippsnetworksinteractive.com/Style Library/SNI/Images/scripps_arrow.png' saved [1132/1132]

--2013-04-10 05:27:32--  http://www.scrippsnetworksinteractive.com/Style%20Library/SNI/Images/sprite_train_controls.png
Reusing existing connection to www.scrippsnetworksinteractive.com:80.
HTTP request sent, awaiting response... 200 OK
Length: 1997 (2.0K) [image/png]
Saving to: `code/../crawls/diynetwork.com/Privacy-Policy/raw/www.scrippsnetworksinteractive.com/Style Library/SNI/Images/sprite_train_controls.png'

     0K .                                                     100% 12.9M=0s

2013-04-10 05:27:33 (12.9 MB/s) - `code/../crawls/diynetwork.com/Privacy-Policy/raw/www.scrippsnetworksinteractive.com/Style Library/SNI/Images/sprite_train_controls.png' saved [1997/1997]

--2013-04-10 05:27:33--  http://www.scrippsnetworksinteractive.com/Style%20Library/SNI/Images/sprite_play_pause.gif
Reusing existing connection to www.scrippsnetworksinteractive.com:80.
HTTP request sent, awaiting response... 200 OK
Length: 916 [image/gif]
Saving to: `code/../crawls/diynetwork.com/Privacy-Policy/raw/www.scrippsnetworksinteractive.com/Style Library/SNI/Images/sprite_play_pause.gif'

     0K                                                       100% 18.7M=0s

2013-04-10 05:27:33 (18.7 MB/s) - `code/../crawls/diynetwork.com/Privacy-Policy/raw/www.scrippsnetworksinteractive.com/Style Library/SNI/Images/sprite_play_pause.gif' saved [916/916]

--2013-04-10 05:27:33--  http://www.scrippsnetworksinteractive.com/Style%20Library/SNI/Images/bg_twitter_carousel.gif
Reusing existing connection to www.scrippsnetworksinteractive.com:80.
HTTP request sent, awaiting response... 200 OK
Length: 1945 (1.9K) [image/gif]
Saving to: `code/../crawls/diynetwork.com/Privacy-Policy/raw/www.scrippsnetworksinteractive.com/Style Library/SNI/Images/bg_twitter_carousel.gif'

     0K .                                                     100% 41.9M=0s

2013-04-10 05:27:33 (41.9 MB/s) - `code/../crawls/diynetwork.com/Privacy-Policy/raw/www.scrippsnetworksinteractive.com/Style Library/SNI/Images/bg_twitter_carousel.gif' saved [1945/1945]

--2013-04-10 05:27:33--  http://www.scrippsnetworksinteractive.com/Style%20Library/SNI/Images/bg_xlarge_carousel.gif
Reusing existing connection to www.scrippsnetworksinteractive.com:80.
HTTP request sent, awaiting response... 200 OK
Length: 2096 (2.0K) [image/gif]
Saving to: `code/../crawls/diynetwork.com/Privacy-Policy/raw/www.scrippsnetworksinteractive.com/Style Library/SNI/Images/bg_xlarge_carousel.gif'

     0K ..                                                    100% 11.5M=0s

2013-04-10 05:27:33 (11.5 MB/s) - `code/../crawls/diynetwork.com/Privacy-Policy/raw/www.scrippsnetworksinteractive.com/Style Library/SNI/Images/bg_xlarge_carousel.gif' saved [2096/2096]

--2013-04-10 05:27:33--  http://www.scrippsnetworksinteractive.com/Style%20Library/SNI/Images/bg_people_carousel.gif
Reusing existing connection to www.scrippsnetworksinteractive.com:80.
HTTP request sent, awaiting response... 200 OK
Length: 1311 (1.3K) [image/gif]
Saving to: `code/../crawls/diynetwork.com/Privacy-Policy/raw/www.scrippsnetworksinteractive.com/Style Library/SNI/Images/bg_people_carousel.gif'

     0K .                                                     100% 25.0M=0s

2013-04-10 05:27:33 (25.0 MB/s) - `code/../crawls/diynetwork.com/Privacy-Policy/raw/www.scrippsnetworksinteractive.com/Style Library/SNI/Images/bg_people_carousel.gif' saved [1311/1311]

--2013-04-10 05:27:33--  http://www.scrippsnetworksinteractive.com/Style%20Library/SNI/Images/sprite_twitter_carousel_arrows.png
Reusing existing connection to www.scrippsnetworksinteractive.com:80.
HTTP request sent, awaiting response... 200 OK
Length: 1435 (1.4K) [image/png]
Saving to: `code/../crawls/diynetwork.com/Privacy-Policy/raw/www.scrippsnetworksinteractive.com/Style Library/SNI/Images/sprite_twitter_carousel_arrows.png'

     0K .                                                     100% 21.1M=0s

2013-04-10 05:27:33 (21.1 MB/s) - `code/../crawls/diynetwork.com/Privacy-Policy/raw/www.scrippsnetworksinteractive.com/Style Library/SNI/Images/sprite_twitter_carousel_arrows.png' saved [1435/1435]

--2013-04-10 05:27:33--  http://www.scrippsnetworksinteractive.com/Style%20Library/SNI/Images/sprite_large_carousel_arrows.png
Reusing existing connection to www.scrippsnetworksinteractive.com:80.
HTTP request sent, awaiting response... 200 OK
Length: 916 [image/png]
Saving to: `code/../crawls/diynetwork.com/Privacy-Policy/raw/www.scrippsnetworksinteractive.com/Style Library/SNI/Images/sprite_large_carousel_arrows.png'

     0K                                                       100% 14.1M=0s

2013-04-10 05:27:33 (14.1 MB/s) - `code/../crawls/diynetwork.com/Privacy-Policy/raw/www.scrippsnetworksinteractive.com/Style Library/SNI/Images/sprite_large_carousel_arrows.png' saved [916/916]

--2013-04-10 05:27:33--  http://www.scrippsnetworksinteractive.com/Style%20Library/SNI/Images/sprite_careers_carousel_arrows_lrg.png
Reusing existing connection to www.scrippsnetworksinteractive.com:80.
HTTP request sent, awaiting response... 200 OK
Length: 4026 (3.9K) [image/png]
Saving to: `code/../crawls/diynetwork.com/Privacy-Policy/raw/www.scrippsnetworksinteractive.com/Style Library/SNI/Images/sprite_careers_carousel_arrows_lrg.png'

     0K ...                                                   100% 11.1M=0s

2013-04-10 05:27:33 (11.1 MB/s) - `code/../crawls/diynetwork.com/Privacy-Policy/raw/www.scrippsnetworksinteractive.com/Style Library/SNI/Images/sprite_careers_carousel_arrows_lrg.png' saved [4026/4026]

--2013-04-10 05:27:33--  http://www.scrippsnetworksinteractive.com/Style%20Library/SNI/Images/bg_careers_label_bubble.png
Reusing existing connection to www.scrippsnetworksinteractive.com:80.
HTTP request sent, awaiting response... 200 OK
Length: 1877 (1.8K) [image/png]
Saving to: `code/../crawls/diynetwork.com/Privacy-Policy/raw/www.scrippsnetworksinteractive.com/Style Library/SNI/Images/bg_careers_label_bubble.png'

     0K .                                                     100% 12.0M=0s

2013-04-10 05:27:33 (12.0 MB/s) - `code/../crawls/diynetwork.com/Privacy-Policy/raw/www.scrippsnetworksinteractive.com/Style Library/SNI/Images/bg_careers_label_bubble.png' saved [1877/1877]

--2013-04-10 05:27:33--  http://www.scrippsnetworksinteractive.com/Style%20Library/SNI/Images/sprite_misc_stock_direction.gif
Reusing existing connection to www.scrippsnetworksinteractive.com:80.
HTTP request sent, awaiting response... 200 OK
Length: 213 [image/gif]
Saving to: `code/../crawls/diynetwork.com/Privacy-Policy/raw/www.scrippsnetworksinteractive.com/Style Library/SNI/Images/sprite_misc_stock_direction.gif'

     0K                                                       100% 39.3M=0s

2013-04-10 05:27:33 (39.3 MB/s) - `code/../crawls/diynetwork.com/Privacy-Policy/raw/www.scrippsnetworksinteractive.com/Style Library/SNI/Images/sprite_misc_stock_direction.gif' saved [213/213]

--2013-04-10 05:27:33--  http://www.scrippsnetworksinteractive.com/Style%20Library/SNI/Images/gridActive.gif
Reusing existing connection to www.scrippsnetworksinteractive.com:80.
HTTP request sent, awaiting response... 200 OK
Length: 105 [image/gif]
Saving to: `code/../crawls/diynetwork.com/Privacy-Policy/raw/www.scrippsnetworksinteractive.com/Style Library/SNI/Images/gridActive.gif'

     0K                                                       100% 18.1M=0s

2013-04-10 05:27:33 (18.1 MB/s) - `code/../crawls/diynetwork.com/Privacy-Policy/raw/www.scrippsnetworksinteractive.com/Style Library/SNI/Images/gridActive.gif' saved [105/105]

--2013-04-10 05:27:33--  http://www.scrippsnetworksinteractive.com/Style%20Library/SNI/Images/gridInactive.gif
Reusing existing connection to www.scrippsnetworksinteractive.com:80.
HTTP request sent, awaiting response... 200 OK
Length: 105 [image/gif]
Saving to: `code/../crawls/diynetwork.com/Privacy-Policy/raw/www.scrippsnetworksinteractive.com/Style Library/SNI/Images/gridInactive.gif'

     0K                                                       100% 20.9M=0s

2013-04-10 05:27:33 (20.9 MB/s) - `code/../crawls/diynetwork.com/Privacy-Policy/raw/www.scrippsnetworksinteractive.com/Style Library/SNI/Images/gridInactive.gif' saved [105/105]

--2013-04-10 05:27:33--  http://www.scrippsnetworksinteractive.com/Style%20Library/SNI/Images/listInactive.gif
Reusing existing connection to www.scrippsnetworksinteractive.com:80.
HTTP request sent, awaiting response... 200 OK
Length: 95 [image/gif]
Saving to: `code/../crawls/diynetwork.com/Privacy-Policy/raw/www.scrippsnetworksinteractive.com/Style Library/SNI/Images/listInactive.gif'

     0K                                                       100% 17.6M=0s

2013-04-10 05:27:34 (17.6 MB/s) - `code/../crawls/diynetwork.com/Privacy-Policy/raw/www.scrippsnetworksinteractive.com/Style Library/SNI/Images/listInactive.gif' saved [95/95]

--2013-04-10 05:27:34--  http://www.scrippsnetworksinteractive.com/Style%20Library/SNI/Images/listActive.gif
Reusing existing connection to www.scrippsnetworksinteractive.com:80.
HTTP request sent, awaiting response... 200 OK
Length: 95 [image/gif]
Saving to: `code/../crawls/diynetwork.com/Privacy-Policy/raw/www.scrippsnetworksinteractive.com/Style Library/SNI/Images/listActive.gif'

     0K                                                       100% 18.2M=0s

2013-04-10 05:27:34 (18.2 MB/s) - `code/../crawls/diynetwork.com/Privacy-Policy/raw/www.scrippsnetworksinteractive.com/Style Library/SNI/Images/listActive.gif' saved [95/95]

--2013-04-10 05:27:34--  http://www.scrippsnetworksinteractive.com/Style%20Library/SNI/Images/icon_open_in_new_window.gif
Reusing existing connection to www.scrippsnetworksinteractive.com:80.
HTTP request sent, awaiting response... 200 OK
Length: 67 [image/gif]
Saving to: `code/../crawls/diynetwork.com/Privacy-Policy/raw/www.scrippsnetworksinteractive.com/Style Library/SNI/Images/icon_open_in_new_window.gif'

     0K                                                       100% 12.6M=0s

2013-04-10 05:27:34 (12.6 MB/s) - `code/../crawls/diynetwork.com/Privacy-Policy/raw/www.scrippsnetworksinteractive.com/Style Library/SNI/Images/icon_open_in_new_window.gif' saved [67/67]

--2013-04-10 05:27:34--  http://www.scrippsnetworksinteractive.com/Style%20Library/SNI/Images/next_pagination.png
Reusing existing connection to www.scrippsnetworksinteractive.com:80.
HTTP request sent, awaiting response... 200 OK
Length: 464 [image/png]
Saving to: `code/../crawls/diynetwork.com/Privacy-Policy/raw/www.scrippsnetworksinteractive.com/Style Library/SNI/Images/next_pagination.png'

     0K                                                       100% 88.0M=0s

2013-04-10 05:27:34 (88.0 MB/s) - `code/../crawls/diynetwork.com/Privacy-Policy/raw/www.scrippsnetworksinteractive.com/Style Library/SNI/Images/next_pagination.png' saved [464/464]

--2013-04-10 05:27:34--  http://www.scrippsnetworksinteractive.com/Style%20Library/SNI/Images/prev_pagination.png
Reusing existing connection to www.scrippsnetworksinteractive.com:80.
HTTP request sent, awaiting response... 200 OK
Length: 1198 (1.2K) [image/png]
Saving to: `code/../crawls/diynetwork.com/Privacy-Policy/raw/www.scrippsnetworksinteractive.com/Style Library/SNI/Images/prev_pagination.png'

     0K .                                                     100% 59.4M=0s

2013-04-10 05:27:34 (59.4 MB/s) - `code/../crawls/diynetwork.com/Privacy-Policy/raw/www.scrippsnetworksinteractive.com/Style Library/SNI/Images/prev_pagination.png' saved [1198/1198]

--2013-04-10 05:27:34--  http://www.scrippsnetworksinteractive.com/Style%20Library/SNI/Images/icon_asterisk_required.gif
Reusing existing connection to www.scrippsnetworksinteractive.com:80.
HTTP request sent, awaiting response... 200 OK
Length: 105 [image/gif]
Saving to: `code/../crawls/diynetwork.com/Privacy-Policy/raw/www.scrippsnetworksinteractive.com/Style Library/SNI/Images/icon_asterisk_required.gif'

     0K                                                       100% 20.2M=0s

2013-04-10 05:27:34 (20.2 MB/s) - `code/../crawls/diynetwork.com/Privacy-Policy/raw/www.scrippsnetworksinteractive.com/Style Library/SNI/Images/icon_asterisk_required.gif' saved [105/105]

FINISHED --2013-04-10 05:27:34--
Total wall clock time: 22s
Downloaded: 98 files, 1.5M in 13s (122 KB/s)
Converting code/../crawls/diynetwork.com/Privacy-Policy/raw/www.scrippsnetworks.com/privacy.aspx.html... 31-16
Converting code/../crawls/diynetwork.com/Privacy-Policy/raw/www.scrippsnetworksinteractive.com/_layouts/1033/styles/Themable/Menu.css?rev=yPVeKt0FHzxA%2FW4JR0hJng%3D%3D.css... 5-0
Converting code/../crawls/diynetwork.com/Privacy-Policy/raw/www.scrippsnetworksinteractive.com/Style Library/en-US/Themable/Core Styles/controls.css... 5-0
Converting code/../crawls/diynetwork.com/Privacy-Policy/raw/www.scrippsnetworksinteractive.com/_layouts/1033/styles/Themable/corev4.css?rev=3TRomkG1g2gMGz4rekMIQg%3D%3D.css... 95-1
Converting code/../crawls/diynetwork.com/Privacy-Policy/raw/www.scrippsnetworksinteractive.com/_layouts/1033/styles/Themable/search.css?rev=T%2Bhraxktc1A8EnaG5gGMHQ%3D%3D.css... 12-3
Converting code/../crawls/diynetwork.com/Privacy-Policy/raw/www.scrippsnetworksinteractive.com/Style Library/SNI/Ironworks_SP2010_Base.css... 1-0
Converting code/../crawls/diynetwork.com/Privacy-Policy/raw/www.scrippsnetworksinteractive.com/Style Library/SNI/SNI.css... 57-0
Converted 7 files in 0.01 seconds.
