--2013-02-02 05:16:46--  http://docs.yahoo.com/info/guidelines/community.html
Resolving docs.yahoo.com... 98.139.145.113
Connecting to docs.yahoo.com|98.139.145.113|:80... connected.
HTTP request sent, awaiting response... 301 Moved Permanently
Location: http://info.yahoo.com/guidelines/us/ [following]
--2013-02-02 05:16:48--  http://info.yahoo.com/guidelines/us/
Resolving info.yahoo.com... 98.139.235.15
Connecting to info.yahoo.com|98.139.235.15|:80... connected.
HTTP request sent, awaiting response... 200 OK
Length: unspecified [text/html]
Saving to: `code/../crawls/yahoo.com/Community-Guidelines/raw/docs.yahoo.com/info/guidelines/community.html'

     0K .......... ...                                          154K=0.09s

2013-02-02 05:16:49 (154 KB/s) - `code/../crawls/yahoo.com/Community-Guidelines/raw/docs.yahoo.com/info/guidelines/community.html' saved [13981]

--2013-02-02 05:16:49--  http://l.yimg.com/a/lib/cmrc/base.css
Resolving l.yimg.com... 98.137.80.50, 206.190.56.190, 206.190.56.191, ...
Connecting to l.yimg.com|98.137.80.50|:80... connected.
HTTP request sent, awaiting response... 200 OK
Length: 1350 (1.3K) [text/css]
Saving to: `code/../crawls/yahoo.com/Community-Guidelines/raw/l.yimg.com/a/lib/cmrc/base.css'

     0K .                                                     100%  171M=0s

2013-02-02 05:16:49 (171 MB/s) - `code/../crawls/yahoo.com/Community-Guidelines/raw/l.yimg.com/a/lib/cmrc/base.css' saved [1350/1350]

--2013-02-02 05:16:49--  http://l.yimg.com/a/lib/common/fonts_200502080901.css
Reusing existing connection to l.yimg.com:80.
HTTP request sent, awaiting response... 200 OK
Length: 739 [text/css]
Saving to: `code/../crawls/yahoo.com/Community-Guidelines/raw/l.yimg.com/a/lib/common/fonts_200502080901.css'

     0K                                                       100%  115M=0s

2013-02-02 05:16:49 (115 MB/s) - `code/../crawls/yahoo.com/Community-Guidelines/raw/l.yimg.com/a/lib/common/fonts_200502080901.css' saved [739/739]

--2013-02-02 05:16:49--  http://l.yimg.com/a/lib/hlp/info/yinfobase_20090211.css
Reusing existing connection to l.yimg.com:80.
HTTP request sent, awaiting response... 200 OK
Length: 4427 (4.3K) [text/css]
Saving to: `code/../crawls/yahoo.com/Community-Guidelines/raw/l.yimg.com/a/lib/hlp/info/yinfobase_20090211.css'

     0K ....                                                  100% 50.2M=0s

2013-02-02 05:16:49 (50.2 MB/s) - `code/../crawls/yahoo.com/Community-Guidelines/raw/l.yimg.com/a/lib/hlp/info/yinfobase_20090211.css' saved [4427/4427]

--2013-02-02 05:16:49--  http://us.a2.yimg.com/us.yimg.com/lib/hdr/ygma_2.19.css
Resolving us.a2.yimg.com... 23.61.194.217, 23.61.194.224
Connecting to us.a2.yimg.com|23.61.194.217|:80... connected.
HTTP request sent, awaiting response... 200 OK
Length: 2109 (2.1K) [text/css]
Saving to: `code/../crawls/yahoo.com/Community-Guidelines/raw/us.a2.yimg.com/us.yimg.com/lib/hdr/ygma_2.19.css'

     0K ..                                                    100%  262M=0s

2013-02-02 05:16:49 (262 MB/s) - `code/../crawls/yahoo.com/Community-Guidelines/raw/us.a2.yimg.com/us.yimg.com/lib/hdr/ygma_2.19.css' saved [2109/2109]

--2013-02-02 05:16:49--  http://us.i1.yimg.com/us.yimg.com/i/us/nt/ma/ma_guidelines_1.gif
Resolving us.i1.yimg.com... 23.61.194.169, 23.61.194.216
Connecting to us.i1.yimg.com|23.61.194.169|:80... connected.
HTTP request sent, awaiting response... 200 OK
Length: 1615 (1.6K) [image/gif]
Saving to: `code/../crawls/yahoo.com/Community-Guidelines/raw/us.i1.yimg.com/us.yimg.com/i/us/nt/ma/ma_guidelines_1.gif'

     0K .                                                     100%  214M=0s

2013-02-02 05:16:49 (214 MB/s) - `code/../crawls/yahoo.com/Community-Guidelines/raw/us.i1.yimg.com/us.yimg.com/i/us/nt/ma/ma_guidelines_1.gif' saved [1615/1615]

The name is too long, 319 chars total.
Trying to shorten...
New name is b?P=ta_.gGKL6w9RyGRhK1f.bQGpQJO8CFENEcEAAcke&T=17v59inqg%2fX%3d1359811009%2fE%3d1350251754%2fR%3dsite%2fK%3d5%2fV%3d3.1%2fW%3dJ.
The name is too long, 319 chars total.
Trying to shorten...
New name is b?P=ta_.gGKL6w9RyGRhK1f.bQGpQJO8CFENEcEAAcke&T=17v59inqg%2fX%3d1359811009%2fE%3d1350251754%2fR%3dsite%2fK%3d5%2fV%3d3.1%2fW%3dJ.
--2013-02-02 05:16:49--  http://us.bc.yahoo.com/b?P=ta_.gGKL6w9RyGRhK1f.bQGpQJO8CFENEcEAAcke&T=17v59inqg%2fX%3d1359811009%2fE%3d1350251754%2fR%3dsite%2fK%3d5%2fV%3d3.1%2fW%3dJ%2fY%3dYAHOO%2fF%3d3042797731%2fH%3dc2VydmVJZD0idGFfLmdHS0w2dzlSeUdSaEsxZi5iUUdwUUpPOENGRU5FY0VBQWNrZSIgc2l0ZUlkPSI0NDY1NTUxIiB0U3RtcD0iMTM1OTgxMTAwOTEyMDAyMyIg%2fQ%3d-1%2fS%3d1%2fJ%3d2AE98B62
Resolving us.bc.yahoo.com... 98.139.240.23, 98.138.4.126, 98.138.4.127, ...
Connecting to us.bc.yahoo.com|98.139.240.23|:80... connected.
HTTP request sent, awaiting response... 200 OK
Length: unspecified [image/gif]
Saving to: `code/../crawls/yahoo.com/Community-Guidelines/raw/us.bc.yahoo.com/b?P=ta_.gGKL6w9RyGRhK1f.bQGpQJO8CFENEcEAAcke&T=17v59inqg%2fX%3d1359811009%2fE%3d1350251754%2fR%3dsite%2fK%3d5%2fV%3d3.1%2fW%3dJ'

     0K                                                        7.05M=0s

2013-02-02 05:16:50 (7.05 MB/s) - `code/../crawls/yahoo.com/Community-Guidelines/raw/us.bc.yahoo.com/b?P=ta_.gGKL6w9RyGRhK1f.bQGpQJO8CFENEcEAAcke&T=17v59inqg%2fX%3d1359811009%2fE%3d1350251754%2fR%3dsite%2fK%3d5%2fV%3d3.1%2fW%3dJ' saved [43]

The name is too long, 138 chars total.
Trying to shorten...
New name is yi?bv=1.0.0&bs=(1369eu24u(gid$ta_.gGKL6w9RyGRhK1f.bQGpQJO8CFENEcEAAcke,st$1359811009120023,si$4465551,sp$1350251754,pv$1,v$2.0).
The name is too long, 138 chars total.
Trying to shorten...
New name is yi?bv=1.0.0&bs=(1369eu24u(gid$ta_.gGKL6w9RyGRhK1f.bQGpQJO8CFENEcEAAcke,st$1359811009120023,si$4465551,sp$1350251754,pv$1,v$2.0).
--2013-02-02 05:16:50--  http://csc.beap.bc.yahoo.com/yi?bv=1.0.0&bs=(1369eu24u(gid$ta_.gGKL6w9RyGRhK1f.bQGpQJO8CFENEcEAAcke,st$1359811009120023,si$4465551,sp$1350251754,pv$1,v$2.0))&t=J_3-D_3
Resolving csc.beap.bc.yahoo.com... 98.138.47.199
Connecting to csc.beap.bc.yahoo.com|98.138.47.199|:80... connected.
HTTP request sent, awaiting response... 200 OK
Length: unspecified [image/gif]
Saving to: `code/../crawls/yahoo.com/Community-Guidelines/raw/csc.beap.bc.yahoo.com/yi?bv=1.0.0&bs=(1369eu24u(gid$ta_.gGKL6w9RyGRhK1f.bQGpQJO8CFENEcEAAcke,st$1359811009120023,si$4465551,sp$1350251754,pv$1,v$2.0)'

     0K                                                        4.65M=0s

2013-02-02 05:16:50 (4.65 MB/s) - `code/../crawls/yahoo.com/Community-Guidelines/raw/csc.beap.bc.yahoo.com/yi?bv=1.0.0&bs=(1369eu24u(gid$ta_.gGKL6w9RyGRhK1f.bQGpQJO8CFENEcEAAcke,st$1359811009120023,si$4465551,sp$1350251754,pv$1,v$2.0)' saved [43]

--2013-02-02 05:16:50--  http://l.yimg.com/a/i/us/info/bg_infohdr_1.gif
Connecting to l.yimg.com|98.137.80.50|:80... connected.
HTTP request sent, awaiting response... 200 OK
Length: 101 [image/gif]
Saving to: `code/../crawls/yahoo.com/Community-Guidelines/raw/l.yimg.com/a/i/us/info/bg_infohdr_1.gif'

     0K                                                       100% 16.0M=0s

2013-02-02 05:16:50 (16.0 MB/s) - `code/../crawls/yahoo.com/Community-Guidelines/raw/l.yimg.com/a/i/us/info/bg_infohdr_1.gif' saved [101/101]

--2013-02-02 05:16:50--  http://l.yimg.com/a/i/us/ph/el/c_ne.gif
Reusing existing connection to l.yimg.com:80.
HTTP request sent, awaiting response... 200 OK
Length: 102 [image/gif]
Saving to: `code/../crawls/yahoo.com/Community-Guidelines/raw/l.yimg.com/a/i/us/ph/el/c_ne.gif'

     0K                                                       100% 16.9M=0s

2013-02-02 05:16:50 (16.9 MB/s) - `code/../crawls/yahoo.com/Community-Guidelines/raw/l.yimg.com/a/i/us/ph/el/c_ne.gif' saved [102/102]

--2013-02-02 05:16:50--  http://l.yimg.com/a/i/us/ph/el/c_nw.gif
Reusing existing connection to l.yimg.com:80.
HTTP request sent, awaiting response... 200 OK
Length: 102 [image/gif]
Saving to: `code/../crawls/yahoo.com/Community-Guidelines/raw/l.yimg.com/a/i/us/ph/el/c_nw.gif'

     0K                                                       100% 17.5M=0s

2013-02-02 05:16:50 (17.5 MB/s) - `code/../crawls/yahoo.com/Community-Guidelines/raw/l.yimg.com/a/i/us/ph/el/c_nw.gif' saved [102/102]

--2013-02-02 05:16:50--  http://l.yimg.com/a/i/us/ph/el/c_se.gif
Reusing existing connection to l.yimg.com:80.
HTTP request sent, awaiting response... 200 OK
Length: 101 [image/gif]
Saving to: `code/../crawls/yahoo.com/Community-Guidelines/raw/l.yimg.com/a/i/us/ph/el/c_se.gif'

     0K                                                       100% 17.7M=0s

2013-02-02 05:16:50 (17.7 MB/s) - `code/../crawls/yahoo.com/Community-Guidelines/raw/l.yimg.com/a/i/us/ph/el/c_se.gif' saved [101/101]

--2013-02-02 05:16:50--  http://l.yimg.com/a/i/us/ph/el/c_sw.gif
Reusing existing connection to l.yimg.com:80.
HTTP request sent, awaiting response... 200 OK
Length: 101 [image/gif]
Saving to: `code/../crawls/yahoo.com/Community-Guidelines/raw/l.yimg.com/a/i/us/ph/el/c_sw.gif'

     0K                                                       100% 17.8M=0s

2013-02-02 05:16:50 (17.8 MB/s) - `code/../crawls/yahoo.com/Community-Guidelines/raw/l.yimg.com/a/i/us/ph/el/c_sw.gif' saved [101/101]

--2013-02-02 05:16:50--  http://l.yimg.com/a/i/us/info/template/bg_ctgryhdr_1.gif
Reusing existing connection to l.yimg.com:80.
HTTP request sent, awaiting response... 200 OK
Length: 96 [image/gif]
Saving to: `code/../crawls/yahoo.com/Community-Guidelines/raw/l.yimg.com/a/i/us/info/template/bg_ctgryhdr_1.gif'

     0K                                                       100% 16.5M=0s

2013-02-02 05:16:50 (16.5 MB/s) - `code/../crawls/yahoo.com/Community-Guidelines/raw/l.yimg.com/a/i/us/info/template/bg_ctgryhdr_1.gif' saved [96/96]

--2013-02-02 05:16:50--  http://l.yimg.com/a/i/us/info/template/img_arrow_1.gif
Reusing existing connection to l.yimg.com:80.
HTTP request sent, awaiting response... 200 OK
Length: 205 [image/gif]
Saving to: `code/../crawls/yahoo.com/Community-Guidelines/raw/l.yimg.com/a/i/us/info/template/img_arrow_1.gif'

     0K                                                       100% 35.9M=0s

2013-02-02 05:16:50 (35.9 MB/s) - `code/../crawls/yahoo.com/Community-Guidelines/raw/l.yimg.com/a/i/us/info/template/img_arrow_1.gif' saved [205/205]

--2013-02-02 05:16:50--  http://l.yimg.com/a/i/nt/ic/ut/bsc/mail12_1.gif
Reusing existing connection to l.yimg.com:80.
HTTP request sent, awaiting response... 200 OK
Length: 531 [image/gif]
Saving to: `code/../crawls/yahoo.com/Community-Guidelines/raw/l.yimg.com/a/i/nt/ic/ut/bsc/mail12_1.gif'

     0K                                                       100% 81.6M=0s

2013-02-02 05:16:51 (81.6 MB/s) - `code/../crawls/yahoo.com/Community-Guidelines/raw/l.yimg.com/a/i/nt/ic/ut/bsc/mail12_1.gif' saved [531/531]

--2013-02-02 05:16:51--  http://l.yimg.com/a/i/nt/ic/ut/bsc/prnt12_1.gif
Reusing existing connection to l.yimg.com:80.
HTTP request sent, awaiting response... 200 OK
Length: 311 [image/gif]
Saving to: `code/../crawls/yahoo.com/Community-Guidelines/raw/l.yimg.com/a/i/nt/ic/ut/bsc/prnt12_1.gif'

     0K                                                       100% 56.5M=0s

2013-02-02 05:16:51 (56.5 MB/s) - `code/../crawls/yahoo.com/Community-Guidelines/raw/l.yimg.com/a/i/nt/ic/ut/bsc/prnt12_1.gif' saved [311/311]

FINISHED --2013-02-02 05:16:51--
Total wall clock time: 4.2s
Downloaded: 17 files, 25K in 0.09s (286 KB/s)
Converting code/../crawls/yahoo.com/Community-Guidelines/raw/docs.yahoo.com/info/guidelines/community.html... 9-0
Converting code/../crawls/yahoo.com/Community-Guidelines/raw/us.a2.yimg.com/us.yimg.com/lib/hdr/ygma_2.19.css... nothing to do.
Converting code/../crawls/yahoo.com/Community-Guidelines/raw/l.yimg.com/a/lib/common/fonts_200502080901.css... nothing to do.
Converting code/../crawls/yahoo.com/Community-Guidelines/raw/l.yimg.com/a/lib/hlp/info/yinfobase_20090211.css... 9-0
Converting code/../crawls/yahoo.com/Community-Guidelines/raw/l.yimg.com/a/lib/cmrc/base.css... nothing to do.
Converted 5 files in 0.001 seconds.
