--2013-02-13 05:13:53--  http://www.simplyhired.com/a/legal/privacy
Resolving www.simplyhired.com... 64.13.138.106
Connecting to www.simplyhired.com|64.13.138.106|:80... connected.
HTTP request sent, awaiting response... 200 OK
Length: 21969 (21K) [text/html]
Saving to: `code/../crawls/simplyhired.com/Privacy-Policy/raw/www.simplyhired.com/a/legal/privacy.html'

     0K .......... .......... .                               100% 96.3K=0.2s

2013-02-13 05:13:53 (96.3 KB/s) - `code/../crawls/simplyhired.com/Privacy-Policy/raw/www.simplyhired.com/a/legal/privacy.html' saved [21969/21969]

--2013-02-13 05:13:53--  http://www.simplyhired.com/favicon.ico
Reusing existing connection to www.simplyhired.com:80.
HTTP request sent, awaiting response... 200 OK
Length: 1406 (1.4K) [image/x-icon]
Saving to: `code/../crawls/simplyhired.com/Privacy-Policy/raw/www.simplyhired.com/favicon.ico'

     0K .                                                     100%  218M=0s

2013-02-13 05:13:53 (218 MB/s) - `code/../crawls/simplyhired.com/Privacy-Policy/raw/www.simplyhired.com/favicon.ico' saved [1406/1406]

--2013-02-13 05:13:53--  http://www.simplyhired.com/c/sh/styles/709a437fb3b02b584dbf03e189850a3d0b55ce35/common-min.css,jobs-min.css,site.css
Reusing existing connection to www.simplyhired.com:80.
HTTP request sent, awaiting response... 200 OK
Length: 21816 (21K) [text/css]
Saving to: `code/../crawls/simplyhired.com/Privacy-Policy/raw/www.simplyhired.com/c/sh/styles/709a437fb3b02b584dbf03e189850a3d0b55ce35/common-min.css,jobs-min.css,site.css'

     0K .......... .......... .                               100%  284K=0.07s

2013-02-13 05:13:53 (284 KB/s) - `code/../crawls/simplyhired.com/Privacy-Policy/raw/www.simplyhired.com/c/sh/styles/709a437fb3b02b584dbf03e189850a3d0b55ce35/common-min.css,jobs-min.css,site.css' saved [21816/21816]

--2013-02-13 05:13:53--  http://www.simplyhired.com/c/sh/images/709a437fb3b02b584dbf03e189850a3d0b55ce35/gear_icon.png
Reusing existing connection to www.simplyhired.com:80.
HTTP request sent, awaiting response... 200 OK
Length: 3333 (3.3K) [image/png]
Saving to: `code/../crawls/simplyhired.com/Privacy-Policy/raw/www.simplyhired.com/c/sh/images/709a437fb3b02b584dbf03e189850a3d0b55ce35/gear_icon.png'

     0K ...                                                   100%  174M=0s

2013-02-13 05:13:53 (174 MB/s) - `code/../crawls/simplyhired.com/Privacy-Policy/raw/www.simplyhired.com/c/sh/images/709a437fb3b02b584dbf03e189850a3d0b55ce35/gear_icon.png' saved [3333/3333]

--2013-02-13 05:13:53--  http://www.simplyhired.com/c/sh/images/709a437fb3b02b584dbf03e189850a3d0b55ce35/simplyhired.gif
Reusing existing connection to www.simplyhired.com:80.
HTTP request sent, awaiting response... 200 OK
Length: 2585 (2.5K) [image/gif]
Saving to: `code/../crawls/simplyhired.com/Privacy-Policy/raw/www.simplyhired.com/c/sh/images/709a437fb3b02b584dbf03e189850a3d0b55ce35/simplyhired.gif'

     0K ..                                                    100%  179M=0s

2013-02-13 05:13:53 (179 MB/s) - `code/../crawls/simplyhired.com/Privacy-Policy/raw/www.simplyhired.com/c/sh/images/709a437fb3b02b584dbf03e189850a3d0b55ce35/simplyhired.gif' saved [2585/2585]

--2013-02-13 05:13:53--  http://www.simplyhired.com/c/legal/images/709a437fb3b02b584dbf03e189850a3d0b55ce35/email-privacy.gif
Reusing existing connection to www.simplyhired.com:80.
HTTP request sent, awaiting response... 200 OK
Length: 274 [image/gif]
Saving to: `code/../crawls/simplyhired.com/Privacy-Policy/raw/www.simplyhired.com/c/legal/images/709a437fb3b02b584dbf03e189850a3d0b55ce35/email-privacy.gif'

     0K                                                       100% 44.8M=0s

2013-02-13 05:13:53 (44.8 MB/s) - `code/../crawls/simplyhired.com/Privacy-Policy/raw/www.simplyhired.com/c/legal/images/709a437fb3b02b584dbf03e189850a3d0b55ce35/email-privacy.gif' saved [274/274]

--2013-02-13 05:13:53--  http://ajax.googleapis.com/ajax/libs/jquery/1.3.2/jquery.min.js
Resolving ajax.googleapis.com... 173.194.78.95, 2a00:1450:400c:c00::5f
Connecting to ajax.googleapis.com|173.194.78.95|:80... connected.
HTTP request sent, awaiting response... 200 OK
Length: unspecified [text/javascript]
Saving to: `code/../crawls/simplyhired.com/Privacy-Policy/raw/ajax.googleapis.com/ajax/libs/jquery/1.3.2/jquery.min.js'

     0K .......... .......... .......... .......... ..........  113K
    50K .....                                                  15.2M=0.4s

2013-02-13 05:13:54 (127 KB/s) - `code/../crawls/simplyhired.com/Privacy-Policy/raw/ajax.googleapis.com/ajax/libs/jquery/1.3.2/jquery.min.js' saved [57254]

--2013-02-13 05:13:54--  http://www.simplyhired.com/c/sh/js/709a437fb3b02b584dbf03e189850a3d0b55ce35/jquery-1.3.2.min.js
Connecting to www.simplyhired.com|64.13.138.106|:80... connected.
HTTP request sent, awaiting response... 200 OK
Length: 57254 (56K) [text/javascript]
Saving to: `code/../crawls/simplyhired.com/Privacy-Policy/raw/www.simplyhired.com/c/sh/js/709a437fb3b02b584dbf03e189850a3d0b55ce35/jquery-1.3.2.min.js'

     0K .......... .......... .......... .......... .......... 89%  222K 0s
    50K .....                                                 100% 15.4M=0.2s

2013-02-13 05:13:54 (248 KB/s) - `code/../crawls/simplyhired.com/Privacy-Policy/raw/www.simplyhired.com/c/sh/js/709a437fb3b02b584dbf03e189850a3d0b55ce35/jquery-1.3.2.min.js' saved [57254/57254]

--2013-02-13 05:13:54--  http://www.simplyhired.com/c/sh/js/709a437fb3b02b584dbf03e189850a3d0b55ce35/common-min.js,jobs-min.js
Reusing existing connection to www.simplyhired.com:80.
HTTP request sent, awaiting response... 200 OK
Length: 22088 (22K) [text/javascript]
Saving to: `code/../crawls/simplyhired.com/Privacy-Policy/raw/www.simplyhired.com/c/sh/js/709a437fb3b02b584dbf03e189850a3d0b55ce35/common-min.js,jobs-min.js'

     0K .......... .......... .                               100% 12.4M=0.002s

2013-02-13 05:13:55 (12.4 MB/s) - `code/../crawls/simplyhired.com/Privacy-Policy/raw/www.simplyhired.com/c/sh/js/709a437fb3b02b584dbf03e189850a3d0b55ce35/common-min.js,jobs-min.js' saved [22088/22088]

--2013-02-13 05:13:55--  http://edge.quantserve.com/quant.js
Resolving edge.quantserve.com... 64.94.107.25, 64.94.107.38, 64.94.107.40, ...
Connecting to edge.quantserve.com|64.94.107.25|:80... connected.
HTTP request sent, awaiting response... 200 OK
Length: 5839 (5.7K) [application/x-javascript]
Saving to: `code/../crawls/simplyhired.com/Privacy-Policy/raw/edge.quantserve.com/quant.js'

     0K .....                                                 100%  119K=0.05s

2013-02-13 05:13:55 (119 KB/s) - `code/../crawls/simplyhired.com/Privacy-Policy/raw/edge.quantserve.com/quant.js' saved [5839/5839]

--2013-02-13 05:13:55--  http://pixel.quantserve.com/pixel/p-32oLU8PZtWAwo.gif
Resolving pixel.quantserve.com... 64.94.107.23, 64.94.107.28, 64.94.107.40, ...
Connecting to pixel.quantserve.com|64.94.107.23|:80... connected.
HTTP request sent, awaiting response... 200 OK
Length: 35 [image/gif]
Saving to: `code/../crawls/simplyhired.com/Privacy-Policy/raw/pixel.quantserve.com/pixel/p-32oLU8PZtWAwo.gif'

     0K                                                       100% 5.76M=0s

2013-02-13 05:13:55 (5.76 MB/s) - `code/../crawls/simplyhired.com/Privacy-Policy/raw/pixel.quantserve.com/pixel/p-32oLU8PZtWAwo.gif' saved [35/35]

--2013-02-13 05:13:55--  http://b.scorecardresearch.com/p?c1=2&c2=6034750&cv=2.0&cj=1
Resolving b.scorecardresearch.com... 23.61.194.248, 23.61.194.218
Connecting to b.scorecardresearch.com|23.61.194.248|:80... connected.
HTTP request sent, awaiting response... 302 Moved Temporarily
Location: http://b.scorecardresearch.com/p2?c1=2&c2=6034750&cv=2.0&cj=1 [following]
--2013-02-13 05:13:55--  http://b.scorecardresearch.com/p2?c1=2&c2=6034750&cv=2.0&cj=1
Reusing existing connection to b.scorecardresearch.com:80.
HTTP request sent, awaiting response... 200 OK
Length: 43 [image/gif]
Saving to: `code/../crawls/simplyhired.com/Privacy-Policy/raw/b.scorecardresearch.com/p?c1=2&c2=6034750&cv=2.0&cj=1'

     0K                                                       100% 7.36M=0s

2013-02-13 05:13:55 (7.36 MB/s) - `code/../crawls/simplyhired.com/Privacy-Policy/raw/b.scorecardresearch.com/p?c1=2&c2=6034750&cv=2.0&cj=1' saved [43/43]

--2013-02-13 05:13:55--  http://www.simplyhired.com/c/sh/images/709a437fb3b02b584dbf03e189850a3d0b55ce35/icons.gif
Connecting to www.simplyhired.com|64.13.138.106|:80... connected.
HTTP request sent, awaiting response... 200 OK
Length: 2270 (2.2K) [image/gif]
Saving to: `code/../crawls/simplyhired.com/Privacy-Policy/raw/www.simplyhired.com/c/sh/images/709a437fb3b02b584dbf03e189850a3d0b55ce35/icons.gif'

     0K ..                                                    100%  317M=0s

2013-02-13 05:13:55 (317 MB/s) - `code/../crawls/simplyhired.com/Privacy-Policy/raw/www.simplyhired.com/c/sh/images/709a437fb3b02b584dbf03e189850a3d0b55ce35/icons.gif' saved [2270/2270]

--2013-02-13 05:13:55--  http://www.simplyhired.com/c/sh/images/709a437fb3b02b584dbf03e189850a3d0b55ce35/flags.gif
Reusing existing connection to www.simplyhired.com:80.
HTTP request sent, awaiting response... 200 OK
Length: 3199 (3.1K) [image/gif]
Saving to: `code/../crawls/simplyhired.com/Privacy-Policy/raw/www.simplyhired.com/c/sh/images/709a437fb3b02b584dbf03e189850a3d0b55ce35/flags.gif'

     0K ...                                                   100% 56.4M=0s

2013-02-13 05:13:55 (56.4 MB/s) - `code/../crawls/simplyhired.com/Privacy-Policy/raw/www.simplyhired.com/c/sh/images/709a437fb3b02b584dbf03e189850a3d0b55ce35/flags.gif' saved [3199/3199]

--2013-02-13 05:13:55--  http://www.simplyhired.com/c/fancybox/images/fancybox-x.png
Reusing existing connection to www.simplyhired.com:80.
HTTP request sent, awaiting response... 200 OK
Length: 203 [image/png]
Saving to: `code/../crawls/simplyhired.com/Privacy-Policy/raw/www.simplyhired.com/c/fancybox/images/fancybox-x.png'

     0K                                                       100% 35.1M=0s

2013-02-13 05:13:55 (35.1 MB/s) - `code/../crawls/simplyhired.com/Privacy-Policy/raw/www.simplyhired.com/c/fancybox/images/fancybox-x.png' saved [203/203]

--2013-02-13 05:13:55--  http://www.simplyhired.com/c/fancybox/images/fancybox-y.png
Reusing existing connection to www.simplyhired.com:80.
HTTP request sent, awaiting response... 200 OK
Length: 176 [image/png]
Saving to: `code/../crawls/simplyhired.com/Privacy-Policy/raw/www.simplyhired.com/c/fancybox/images/fancybox-y.png'

     0K                                                       100% 33.0M=0s

2013-02-13 05:13:55 (33.0 MB/s) - `code/../crawls/simplyhired.com/Privacy-Policy/raw/www.simplyhired.com/c/fancybox/images/fancybox-y.png' saved [176/176]

--2013-02-13 05:13:55--  http://www.simplyhired.com/c/fancybox/images/fancybox.png
Reusing existing connection to www.simplyhired.com:80.
HTTP request sent, awaiting response... 200 OK
Length: 15287 (15K) [image/png]
Saving to: `code/../crawls/simplyhired.com/Privacy-Policy/raw/www.simplyhired.com/c/fancybox/images/fancybox.png'

     0K .......... ....                                       100%  100K=0.1s

2013-02-13 05:13:55 (100 KB/s) - `code/../crawls/simplyhired.com/Privacy-Policy/raw/www.simplyhired.com/c/fancybox/images/fancybox.png' saved [15287/15287]

--2013-02-13 05:13:55--  http://www.simplyhired.com/c/sh/images/709a437fb3b02b584dbf03e189850a3d0b55ce35/ratings.gif
Reusing existing connection to www.simplyhired.com:80.
HTTP request sent, awaiting response... 200 OK
Length: 5591 (5.5K) [image/gif]
Saving to: `code/../crawls/simplyhired.com/Privacy-Policy/raw/www.simplyhired.com/c/sh/images/709a437fb3b02b584dbf03e189850a3d0b55ce35/ratings.gif'

     0K .....                                                 100% 11.5M=0s

2013-02-13 05:13:55 (11.5 MB/s) - `code/../crawls/simplyhired.com/Privacy-Policy/raw/www.simplyhired.com/c/sh/images/709a437fb3b02b584dbf03e189850a3d0b55ce35/ratings.gif' saved [5591/5591]

--2013-02-13 05:13:55--  http://www.simplyhired.com/c/sh/images/709a437fb3b02b584dbf03e189850a3d0b55ce35/help.gif
Reusing existing connection to www.simplyhired.com:80.
HTTP request sent, awaiting response... 200 OK
Length: 374 [image/gif]
Saving to: `code/../crawls/simplyhired.com/Privacy-Policy/raw/www.simplyhired.com/c/sh/images/709a437fb3b02b584dbf03e189850a3d0b55ce35/help.gif'

     0K                                                       100% 66.8M=0s

2013-02-13 05:13:56 (66.8 MB/s) - `code/../crawls/simplyhired.com/Privacy-Policy/raw/www.simplyhired.com/c/sh/images/709a437fb3b02b584dbf03e189850a3d0b55ce35/help.gif' saved [374/374]

--2013-02-13 05:13:56--  http://www.simplyhired.com/c/email-alerts/images/lightbox/simplyhired.png
Reusing existing connection to www.simplyhired.com:80.
HTTP request sent, awaiting response... 200 OK
Length: 2530 (2.5K) [image/png]
Saving to: `code/../crawls/simplyhired.com/Privacy-Policy/raw/www.simplyhired.com/c/email-alerts/images/lightbox/simplyhired.png'

     0K ..                                                    100%  150M=0s

2013-02-13 05:13:56 (150 MB/s) - `code/../crawls/simplyhired.com/Privacy-Policy/raw/www.simplyhired.com/c/email-alerts/images/lightbox/simplyhired.png' saved [2530/2530]

--2013-02-13 05:13:56--  http://www.simplyhired.com/c/email-alerts/images/lightbox/close.png
Reusing existing connection to www.simplyhired.com:80.
HTTP request sent, awaiting response... 200 OK
Length: 745 [image/png]
Saving to: `code/../crawls/simplyhired.com/Privacy-Policy/raw/www.simplyhired.com/c/email-alerts/images/lightbox/close.png'

     0K                                                       100%  123M=0s

2013-02-13 05:13:56 (123 MB/s) - `code/../crawls/simplyhired.com/Privacy-Policy/raw/www.simplyhired.com/c/email-alerts/images/lightbox/close.png' saved [745/745]

--2013-02-13 05:13:56--  http://www.simplyhired.com/c/email-alerts/images/lightbox/envelope.png
Reusing existing connection to www.simplyhired.com:80.
HTTP request sent, awaiting response... 200 OK
Length: 10054 (9.8K) [image/png]
Saving to: `code/../crawls/simplyhired.com/Privacy-Policy/raw/www.simplyhired.com/c/email-alerts/images/lightbox/envelope.png'

     0K .........                                             100%  132K=0.07s

2013-02-13 05:13:56 (132 KB/s) - `code/../crawls/simplyhired.com/Privacy-Policy/raw/www.simplyhired.com/c/email-alerts/images/lightbox/envelope.png' saved [10054/10054]

--2013-02-13 05:13:56--  http://www.simplyhired.com/c/email-alerts/images/lightbox/simplyhired.gif
Reusing existing connection to www.simplyhired.com:80.
HTTP request sent, awaiting response... 200 OK
Length: 1288 (1.3K) [image/gif]
Saving to: `code/../crawls/simplyhired.com/Privacy-Policy/raw/www.simplyhired.com/c/email-alerts/images/lightbox/simplyhired.gif'

     0K .                                                     100%  199M=0s

2013-02-13 05:13:56 (199 MB/s) - `code/../crawls/simplyhired.com/Privacy-Policy/raw/www.simplyhired.com/c/email-alerts/images/lightbox/simplyhired.gif' saved [1288/1288]

--2013-02-13 05:13:56--  http://www.simplyhired.com/c/email-alerts/images/lightbox/close.gif
Reusing existing connection to www.simplyhired.com:80.
HTTP request sent, awaiting response... 200 OK
Length: 361 [image/gif]
Saving to: `code/../crawls/simplyhired.com/Privacy-Policy/raw/www.simplyhired.com/c/email-alerts/images/lightbox/close.gif'

     0K                                                       100% 61.3M=0s

2013-02-13 05:13:56 (61.3 MB/s) - `code/../crawls/simplyhired.com/Privacy-Policy/raw/www.simplyhired.com/c/email-alerts/images/lightbox/close.gif' saved [361/361]

--2013-02-13 05:13:56--  http://www.simplyhired.com/c/email-alerts/images/lightbox/envelope.gif
Reusing existing connection to www.simplyhired.com:80.
HTTP request sent, awaiting response... 200 OK
Length: 7998 (7.8K) [image/gif]
Saving to: `code/../crawls/simplyhired.com/Privacy-Policy/raw/www.simplyhired.com/c/email-alerts/images/lightbox/envelope.gif'

     0K .......                                               100% 18.4M=0s

2013-02-13 05:13:56 (18.4 MB/s) - `code/../crawls/simplyhired.com/Privacy-Policy/raw/www.simplyhired.com/c/email-alerts/images/lightbox/envelope.gif' saved [7998/7998]

FINISHED --2013-02-13 05:13:56--
Total wall clock time: 3.6s
Downloaded: 25 files, 238K in 1.2s (192 KB/s)
Converting code/../crawls/simplyhired.com/Privacy-Policy/raw/www.simplyhired.com/a/legal/privacy.html... 12-14
Converting code/../crawls/simplyhired.com/Privacy-Policy/raw/www.simplyhired.com/c/sh/styles/709a437fb3b02b584dbf03e189850a3d0b55ce35/common-min.css,jobs-min.css,site.css... 20-0
Converted 2 files in 0.002 seconds.
