--2013-01-23 05:21:01--  http://www.ziffdavis.com/privacy-policy/
Resolving www.ziffdavis.com... 206.160.170.42, 206.160.170.34
Connecting to www.ziffdavis.com|206.160.170.42|:80... connected.
HTTP request sent, awaiting response... 200 OK
Length: unspecified [text/html]
Saving to: `code/../crawls/geek.com/Privacy-Policy/raw/www.ziffdavis.com/privacy-policy/index.html'

     0K .......... .......... .......... .......... .....      6.23M=0.007s

2013-01-23 05:21:02 (6.23 MB/s) - `code/../crawls/geek.com/Privacy-Policy/raw/www.ziffdavis.com/privacy-policy/index.html' saved [46249]

--2013-01-23 05:21:02--  http://www.ziffdavis.com/wp-content/themes/zd-corporate/css/skin.css
Reusing existing connection to www.ziffdavis.com:80.
HTTP request sent, awaiting response... 200 OK
Length: 8269 (8.1K) [text/css]
Saving to: `code/../crawls/geek.com/Privacy-Policy/raw/www.ziffdavis.com/wp-content/themes/zd-corporate/css/skin.css'

     0K ........                                              100% 23.0M=0s

2013-01-23 05:21:02 (23.0 MB/s) - `code/../crawls/geek.com/Privacy-Policy/raw/www.ziffdavis.com/wp-content/themes/zd-corporate/css/skin.css' saved [8269/8269]

--2013-01-23 05:21:02--  http://www.ziffdavis.com/wp-content/themes/zd-corporate/style.css
Reusing existing connection to www.ziffdavis.com:80.
HTTP request sent, awaiting response... 200 OK
Length: unspecified [text/css]
Saving to: `code/../crawls/geek.com/Privacy-Policy/raw/www.ziffdavis.com/wp-content/themes/zd-corporate/style.css'

     0K .......... .......... .......... ..                    10.5M=0.003s

2013-01-23 05:21:02 (10.5 MB/s) - `code/../crawls/geek.com/Privacy-Policy/raw/www.ziffdavis.com/wp-content/themes/zd-corporate/style.css' saved [33140]

--2013-01-23 05:21:02--  http://connect.facebook.net/en_US/all.js?ver=3.4.2
Resolving connect.facebook.net... 184.24.239.139, 2600:1406:1a:1a1::eed, 2600:1406:1a:183::eed
Connecting to connect.facebook.net|184.24.239.139|:80... connected.
HTTP request sent, awaiting response... 200 OK
Length: unspecified [application/x-javascript]
Saving to: `code/../crawls/geek.com/Privacy-Policy/raw/connect.facebook.net/en_US/all.js?ver=3.4.2'

     0K .......... .......... .......... .......... .......... 6.08M
    50K .......... .......... .......... .......... .......... 9.20M
   100K .......... .......... .......... .......... .......... 11.4M
   150K .......... .......... ...                              11.0M=0.02s

2013-01-23 05:21:02 (8.59 MB/s) - `code/../crawls/geek.com/Privacy-Policy/raw/connect.facebook.net/en_US/all.js?ver=3.4.2' saved [178092]

--2013-01-23 05:21:02--  http://static.ak.fbcdn.net/connect.php/js/FB.Share?ver=3.4.2
Resolving static.ak.fbcdn.net... 206.160.170.43, 206.160.170.59, 206.160.170.25, ...
Connecting to static.ak.fbcdn.net|206.160.170.43|:80... connected.
HTTP request sent, awaiting response... 200 OK
Length: unspecified [application/x-javascript]
Saving to: `code/../crawls/geek.com/Privacy-Policy/raw/static.ak.fbcdn.net/connect.php/js/FB.Share?ver=3.4.2'

     0K .......... .......... .......... .......... .......... 4.51M
    50K .......... .......... .......... .......... .......... 10.8M
   100K .......... .......... .......... .......... .......... 10.9M
   150K .......... .......... ......                           12.1M=0.02s

2013-01-23 05:21:02 (7.84 MB/s) - `code/../crawls/geek.com/Privacy-Policy/raw/static.ak.fbcdn.net/connect.php/js/FB.Share?ver=3.4.2' saved [180353]

--2013-01-23 05:21:02--  http://platform.twitter.com/widgets.js?ver=3.4.2
Resolving platform.twitter.com... 184.24.239.144
Connecting to platform.twitter.com|184.24.239.144|:80... connected.
HTTP request sent, awaiting response... 200 OK
Length: unspecified [application/javascript]
Saving to: `code/../crawls/geek.com/Privacy-Policy/raw/platform.twitter.com/widgets.js?ver=3.4.2'

     0K .......... .......... .......... .......... .......... 5.26M
    50K .......... .......... .........                        10.3M=0.01s

2013-01-23 05:21:02 (6.44 MB/s) - `code/../crawls/geek.com/Privacy-Policy/raw/platform.twitter.com/widgets.js?ver=3.4.2' saved [81727]

--2013-01-23 05:21:02--  http://www.ziffdavis.com/wp-includes/js/comment-reply.js?ver=3.4.2
Connecting to www.ziffdavis.com|206.160.170.42|:80... connected.
HTTP request sent, awaiting response... 200 OK
Length: 786 [application/x-javascript]
Saving to: `code/../crawls/geek.com/Privacy-Policy/raw/www.ziffdavis.com/wp-includes/js/comment-reply.js?ver=3.4.2'

     0K                                                       100%  117M=0s

2013-01-23 05:21:03 (117 MB/s) - `code/../crawls/geek.com/Privacy-Policy/raw/www.ziffdavis.com/wp-includes/js/comment-reply.js?ver=3.4.2' saved [786/786]

--2013-01-23 05:21:03--  http://www.ziffdavis.com/wp-includes/js/jquery/jquery.js?ver=1.7.2
Reusing existing connection to www.ziffdavis.com:80.
HTTP request sent, awaiting response... 200 OK
Length: unspecified [application/x-javascript]
Saving to: `code/../crawls/geek.com/Privacy-Policy/raw/www.ziffdavis.com/wp-includes/js/jquery/jquery.js?ver=1.7.2'

     0K .......... .......... .......... .......... .......... 5.28M
    50K .......... .......... .......... .......... ..          643K=0.08s

2013-01-23 05:21:03 (1.20 MB/s) - `code/../crawls/geek.com/Privacy-Policy/raw/www.ziffdavis.com/wp-includes/js/jquery/jquery.js?ver=1.7.2' saved [94861]

--2013-01-23 05:21:03--  http://www.ziffdavis.com/wp-content/themes/zd-corporate/js/custom.js?ver=3.4.2
Reusing existing connection to www.ziffdavis.com:80.
HTTP request sent, awaiting response... 200 OK
Length: 4366 (4.3K) [application/x-javascript]
Saving to: `code/../crawls/geek.com/Privacy-Policy/raw/www.ziffdavis.com/wp-content/themes/zd-corporate/js/custom.js?ver=3.4.2'

     0K ....                                                  100% 35.6M=0s

2013-01-23 05:21:03 (35.6 MB/s) - `code/../crawls/geek.com/Privacy-Policy/raw/www.ziffdavis.com/wp-content/themes/zd-corporate/js/custom.js?ver=3.4.2' saved [4366/4366]

--2013-01-23 05:21:03--  http://www.ziffdavis.com/wp-content/themes/zd-corporate/js/cufon.js?ver=3.4.2
Reusing existing connection to www.ziffdavis.com:80.
HTTP request sent, awaiting response... 200 OK
Length: 18258 (18K) [application/x-javascript]
Saving to: `code/../crawls/geek.com/Privacy-Policy/raw/www.ziffdavis.com/wp-content/themes/zd-corporate/js/cufon.js?ver=3.4.2'

     0K .......... .......                                    100% 12.8M=0.001s

2013-01-23 05:21:03 (12.8 MB/s) - `code/../crawls/geek.com/Privacy-Policy/raw/www.ziffdavis.com/wp-content/themes/zd-corporate/js/cufon.js?ver=3.4.2' saved [18258/18258]

--2013-01-23 05:21:03--  http://www.ziffdavis.com/wp-content/themes/zd-corporate/js/Helvetica_bold_700.font.js?ver=3.4.2
Reusing existing connection to www.ziffdavis.com:80.
HTTP request sent, awaiting response... 200 OK
Length: unspecified [application/x-javascript]
Saving to: `code/../crawls/geek.com/Privacy-Policy/raw/www.ziffdavis.com/wp-content/themes/zd-corporate/js/Helvetica_bold_700.font.js?ver=3.4.2'

     0K .......... .......... .......... .......... .......... 9.65M
    50K .......... .......... .......... ...                    512K=0.07s

2013-01-23 05:21:03 (1.15 MB/s) - `code/../crawls/geek.com/Privacy-Policy/raw/www.ziffdavis.com/wp-content/themes/zd-corporate/js/Helvetica_bold_700.font.js?ver=3.4.2' saved [85973]

--2013-01-23 05:21:03--  http://www.ziffdavis.com/wp-content/themes/zd-corporate/js/jquery.jcarousel.min.js?ver=3.4.2
Reusing existing connection to www.ziffdavis.com:80.
HTTP request sent, awaiting response... 200 OK
Length: 15666 (15K) [application/x-javascript]
Saving to: `code/../crawls/geek.com/Privacy-Policy/raw/www.ziffdavis.com/wp-content/themes/zd-corporate/js/jquery.jcarousel.min.js?ver=3.4.2'

     0K .......... .....                                      100% 26.9K=0.6s

2013-01-23 05:21:04 (26.9 KB/s) - `code/../crawls/geek.com/Privacy-Policy/raw/www.ziffdavis.com/wp-content/themes/zd-corporate/js/jquery.jcarousel.min.js?ver=3.4.2' saved [15666/15666]

--2013-01-23 05:21:04--  http://www.ziffdavis.com/wp-content/themes/zd-corporate/js/slides.min.jquery.js?ver=3.4.2
Reusing existing connection to www.ziffdavis.com:80.
HTTP request sent, awaiting response... 200 OK
Length: 7354 (7.2K) [application/x-javascript]
Saving to: `code/../crawls/geek.com/Privacy-Policy/raw/www.ziffdavis.com/wp-content/themes/zd-corporate/js/slides.min.jquery.js?ver=3.4.2'

     0K .......                                               100% 16.9M=0s

2013-01-23 05:21:04 (16.9 MB/s) - `code/../crawls/geek.com/Privacy-Policy/raw/www.ziffdavis.com/wp-content/themes/zd-corporate/js/slides.min.jquery.js?ver=3.4.2' saved [7354/7354]

--2013-01-23 05:21:04--  http://www.ziffdavis.com/wp-content/themes/zd-corporate/js/DD_roundies.js?ver=3.4.2
Reusing existing connection to www.ziffdavis.com:80.
HTTP request sent, awaiting response... 200 OK
Length: 16853 (16K) [application/x-javascript]
Saving to: `code/../crawls/geek.com/Privacy-Policy/raw/www.ziffdavis.com/wp-content/themes/zd-corporate/js/DD_roundies.js?ver=3.4.2'

     0K .......... ......                                     100% 6.08M=0.003s

2013-01-23 05:21:05 (6.08 MB/s) - `code/../crawls/geek.com/Privacy-Policy/raw/www.ziffdavis.com/wp-content/themes/zd-corporate/js/DD_roundies.js?ver=3.4.2' saved [16853/16853]

--2013-01-23 05:21:05--  http://www.ziffdavis.com/wp-content/themes/zd-corporate/js/hoverIntent.js?ver=3.4.2
Reusing existing connection to www.ziffdavis.com:80.
HTTP request sent, awaiting response... 200 OK
Length: 3174 (3.1K) [application/x-javascript]
Saving to: `code/../crawls/geek.com/Privacy-Policy/raw/www.ziffdavis.com/wp-content/themes/zd-corporate/js/hoverIntent.js?ver=3.4.2'

     0K ...                                                   100% 49.7M=0s

2013-01-23 05:21:05 (49.7 MB/s) - `code/../crawls/geek.com/Privacy-Policy/raw/www.ziffdavis.com/wp-content/themes/zd-corporate/js/hoverIntent.js?ver=3.4.2' saved [3174/3174]

--2013-01-23 05:21:05--  http://www.ziffdavis.com/wp-content/themes/zd-corporate/js/superfish.js?ver=3.4.2
Reusing existing connection to www.ziffdavis.com:80.
HTTP request sent, awaiting response... 200 OK
Length: 3714 (3.6K) [application/x-javascript]
Saving to: `code/../crawls/geek.com/Privacy-Policy/raw/www.ziffdavis.com/wp-content/themes/zd-corporate/js/superfish.js?ver=3.4.2'

     0K ...                                                   100% 56.2M=0s

2013-01-23 05:21:05 (56.2 MB/s) - `code/../crawls/geek.com/Privacy-Policy/raw/www.ziffdavis.com/wp-content/themes/zd-corporate/js/superfish.js?ver=3.4.2' saved [3714/3714]

--2013-01-23 05:21:05--  http://www.ziffdavis.com/wp-content/themes/zd-corporate/js/supersubs.js?ver=3.4.2
Reusing existing connection to www.ziffdavis.com:80.
HTTP request sent, awaiting response... 200 OK
Length: 3298 (3.2K) [application/x-javascript]
Saving to: `code/../crawls/geek.com/Privacy-Policy/raw/www.ziffdavis.com/wp-content/themes/zd-corporate/js/supersubs.js?ver=3.4.2'

     0K ...                                                   100% 53.0M=0s

2013-01-23 05:21:05 (53.0 MB/s) - `code/../crawls/geek.com/Privacy-Policy/raw/www.ziffdavis.com/wp-content/themes/zd-corporate/js/supersubs.js?ver=3.4.2' saved [3298/3298]

--2013-01-23 05:21:05--  http://common.ziffdavisinternet.com/js/s_code_remote.js
Resolving common.ziffdavisinternet.com... 206.160.170.34, 206.160.170.10
Connecting to common.ziffdavisinternet.com|206.160.170.34|:80... connected.
HTTP request sent, awaiting response... 200 OK
Length: 17210 (17K) [application/x-javascript]
Saving to: `code/../crawls/geek.com/Privacy-Policy/raw/common.ziffdavisinternet.com/js/s_code_remote.js'

     0K .......... ......                                     100% 3.89M=0.004s

2013-01-23 05:21:05 (3.89 MB/s) - `code/../crawls/geek.com/Privacy-Policy/raw/common.ziffdavisinternet.com/js/s_code_remote.js' saved [17210/17210]

--2013-01-23 05:21:05--  http://www.ziffdavis.com/wp-content/themes/zd-corporate/images/home-logo.jpg
Reusing existing connection to common.ziffdavisinternet.com:80.
HTTP request sent, awaiting response... 200 OK
Length: 6508 (6.4K) [image/jpeg]
Saving to: `code/../crawls/geek.com/Privacy-Policy/raw/www.ziffdavis.com/wp-content/themes/zd-corporate/images/home-logo.jpg'

     0K ......                                                100% 20.3M=0s

2013-01-23 05:21:05 (20.3 MB/s) - `code/../crawls/geek.com/Privacy-Policy/raw/www.ziffdavis.com/wp-content/themes/zd-corporate/images/home-logo.jpg' saved [6508/6508]

--2013-01-23 05:21:05--  http://www.ziffdavis.com/wp-content/themes/zd-corporate/images/sidebar-1.jpg
Reusing existing connection to common.ziffdavisinternet.com:80.
HTTP request sent, awaiting response... 200 OK
Length: 1927 (1.9K) [image/jpeg]
Saving to: `code/../crawls/geek.com/Privacy-Policy/raw/www.ziffdavis.com/wp-content/themes/zd-corporate/images/sidebar-1.jpg'

     0K .                                                     100%  262M=0s

2013-01-23 05:21:05 (262 MB/s) - `code/../crawls/geek.com/Privacy-Policy/raw/www.ziffdavis.com/wp-content/themes/zd-corporate/images/sidebar-1.jpg' saved [1927/1927]

--2013-01-23 05:21:05--  http://www.ziffdavis.com/wp-content/uploads/2012/07/Evidon_Logo.jpg
Reusing existing connection to common.ziffdavisinternet.com:80.
HTTP request sent, awaiting response... 200 OK
Length: 2915 (2.8K) [image/jpeg]
Saving to: `code/../crawls/geek.com/Privacy-Policy/raw/www.ziffdavis.com/wp-content/uploads/2012/07/Evidon_Logo.jpg'

     0K ..                                                    100%  323M=0s

2013-01-23 05:21:05 (323 MB/s) - `code/../crawls/geek.com/Privacy-Policy/raw/www.ziffdavis.com/wp-content/uploads/2012/07/Evidon_Logo.jpg' saved [2915/2915]

--2013-01-23 05:21:05--  http://www.ziffdavis.com/wp-content/themes/zd-corporate/css/next-horizontal.png
Reusing existing connection to common.ziffdavisinternet.com:80.
HTTP request sent, awaiting response... 200 OK
Length: 4375 (4.3K) [image/png]
Saving to: `code/../crawls/geek.com/Privacy-Policy/raw/www.ziffdavis.com/wp-content/themes/zd-corporate/css/next-horizontal.png'

     0K ....                                                  100% 22.9M=0s

2013-01-23 05:21:05 (22.9 MB/s) - `code/../crawls/geek.com/Privacy-Policy/raw/www.ziffdavis.com/wp-content/themes/zd-corporate/css/next-horizontal.png' saved [4375/4375]

--2013-01-23 05:21:05--  http://www.ziffdavis.com/wp-content/themes/zd-corporate/css/prev-horizontal.png
Reusing existing connection to common.ziffdavisinternet.com:80.
HTTP request sent, awaiting response... 200 OK
Length: 4322 (4.2K) [image/png]
Saving to: `code/../crawls/geek.com/Privacy-Policy/raw/www.ziffdavis.com/wp-content/themes/zd-corporate/css/prev-horizontal.png'

     0K ....                                                  100% 22.1M=0s

2013-01-23 05:21:05 (22.1 MB/s) - `code/../crawls/geek.com/Privacy-Policy/raw/www.ziffdavis.com/wp-content/themes/zd-corporate/css/prev-horizontal.png' saved [4322/4322]

--2013-01-23 05:21:05--  http://www.ziffdavis.com/wp-content/themes/zd-corporate/css/next-vertical1.gif
Reusing existing connection to common.ziffdavisinternet.com:80.
HTTP request sent, awaiting response... 200 OK
Length: 1185 (1.2K) [image/gif]
Saving to: `code/../crawls/geek.com/Privacy-Policy/raw/www.ziffdavis.com/wp-content/themes/zd-corporate/css/next-vertical1.gif'

     0K .                                                     100%  178M=0s

2013-01-23 05:21:06 (178 MB/s) - `code/../crawls/geek.com/Privacy-Policy/raw/www.ziffdavis.com/wp-content/themes/zd-corporate/css/next-vertical1.gif' saved [1185/1185]

--2013-01-23 05:21:06--  http://www.ziffdavis.com/wp-content/themes/zd-corporate/css/next-vertical1-hover.gif
Reusing existing connection to common.ziffdavisinternet.com:80.
HTTP request sent, awaiting response... 200 OK
Length: 1247 (1.2K) [image/gif]
Saving to: `code/../crawls/geek.com/Privacy-Policy/raw/www.ziffdavis.com/wp-content/themes/zd-corporate/css/next-vertical1-hover.gif'

     0K .                                                     100%  179M=0s

2013-01-23 05:21:06 (179 MB/s) - `code/../crawls/geek.com/Privacy-Policy/raw/www.ziffdavis.com/wp-content/themes/zd-corporate/css/next-vertical1-hover.gif' saved [1247/1247]

--2013-01-23 05:21:06--  http://www.ziffdavis.com/wp-content/themes/zd-corporate/css/prev-vertical1.gif
Reusing existing connection to common.ziffdavisinternet.com:80.
HTTP request sent, awaiting response... 200 OK
Length: 1188 (1.2K) [image/gif]
Saving to: `code/../crawls/geek.com/Privacy-Policy/raw/www.ziffdavis.com/wp-content/themes/zd-corporate/css/prev-vertical1.gif'

     0K .                                                     100%  173M=0s

2013-01-23 05:21:06 (173 MB/s) - `code/../crawls/geek.com/Privacy-Policy/raw/www.ziffdavis.com/wp-content/themes/zd-corporate/css/prev-vertical1.gif' saved [1188/1188]

--2013-01-23 05:21:06--  http://www.ziffdavis.com/wp-content/themes/zd-corporate/css/prev-vertical1-hover.gif
Reusing existing connection to common.ziffdavisinternet.com:80.
HTTP request sent, awaiting response... 200 OK
Length: 1188 (1.2K) [image/gif]
Saving to: `code/../crawls/geek.com/Privacy-Policy/raw/www.ziffdavis.com/wp-content/themes/zd-corporate/css/prev-vertical1-hover.gif'

     0K .                                                     100%  174M=0s

2013-01-23 05:21:06 (174 MB/s) - `code/../crawls/geek.com/Privacy-Policy/raw/www.ziffdavis.com/wp-content/themes/zd-corporate/css/prev-vertical1-hover.gif' saved [1188/1188]

--2013-01-23 05:21:06--  http://www.ziffdavis.com/wp-content/themes/zd-corporate/images/bg-header.jpg
Reusing existing connection to common.ziffdavisinternet.com:80.
HTTP request sent, awaiting response... 200 OK
Length: 683 [image/jpeg]
Saving to: `code/../crawls/geek.com/Privacy-Policy/raw/www.ziffdavis.com/wp-content/themes/zd-corporate/images/bg-header.jpg'

     0K                                                       100%  116M=0s

2013-01-23 05:21:06 (116 MB/s) - `code/../crawls/geek.com/Privacy-Policy/raw/www.ziffdavis.com/wp-content/themes/zd-corporate/images/bg-header.jpg' saved [683/683]

--2013-01-23 05:21:06--  http://www.ziffdavis.com/wp-content/themes/zd-corporate/images/bg-header2.jpg
Reusing existing connection to common.ziffdavisinternet.com:80.
HTTP request sent, awaiting response... 200 OK
Length: 205920 (201K) [image/jpeg]
Saving to: `code/../crawls/geek.com/Privacy-Policy/raw/www.ziffdavis.com/wp-content/themes/zd-corporate/images/bg-header2.jpg'

     0K .......... .......... .......... .......... .......... 24%  348K 0s
    50K .......... .......... .......... .......... .......... 49%  357K 0s
   100K .......... .......... .......... .......... .......... 74%  695K 0s
   150K .......... .......... .......... .......... .......... 99%  716K 0s
   200K .                                                     100% 2086G=0.4s

2013-01-23 05:21:07 (473 KB/s) - `code/../crawls/geek.com/Privacy-Policy/raw/www.ziffdavis.com/wp-content/themes/zd-corporate/images/bg-header2.jpg' saved [205920/205920]

--2013-01-23 05:21:07--  http://www.ziffdavis.com/wp-content/themes/zd-corporate/images/bg-search.png
Reusing existing connection to common.ziffdavisinternet.com:80.
HTTP request sent, awaiting response... 200 OK
Length: 5801 (5.7K) [image/png]
Saving to: `code/../crawls/geek.com/Privacy-Policy/raw/www.ziffdavis.com/wp-content/themes/zd-corporate/images/bg-search.png'

     0K .....                                                 100% 18.6M=0s

2013-01-23 05:21:07 (18.6 MB/s) - `code/../crawls/geek.com/Privacy-Policy/raw/www.ziffdavis.com/wp-content/themes/zd-corporate/images/bg-search.png' saved [5801/5801]

--2013-01-23 05:21:07--  http://www.ziffdavis.com/wp-content/themes/zd-corporate/images/bg-nav.png
Reusing existing connection to common.ziffdavisinternet.com:80.
HTTP request sent, awaiting response... 200 OK
Length: 116 [image/png]
Saving to: `code/../crawls/geek.com/Privacy-Policy/raw/www.ziffdavis.com/wp-content/themes/zd-corporate/images/bg-nav.png'

     0K                                                       100% 19.8M=0s

2013-01-23 05:21:07 (19.8 MB/s) - `code/../crawls/geek.com/Privacy-Policy/raw/www.ziffdavis.com/wp-content/themes/zd-corporate/images/bg-nav.png' saved [116/116]

--2013-01-23 05:21:07--  http://www.ziffdavis.com/wp-content/themes/zd-corporate/images/nav-off-img.png
Reusing existing connection to common.ziffdavisinternet.com:80.
HTTP request sent, awaiting response... 200 OK
Length: 164 [image/png]
Saving to: `code/../crawls/geek.com/Privacy-Policy/raw/www.ziffdavis.com/wp-content/themes/zd-corporate/images/nav-off-img.png'

     0K                                                       100% 27.6M=0s

2013-01-23 05:21:07 (27.6 MB/s) - `code/../crawls/geek.com/Privacy-Policy/raw/www.ziffdavis.com/wp-content/themes/zd-corporate/images/nav-off-img.png' saved [164/164]

--2013-01-23 05:21:07--  http://www.ziffdavis.com/wp-content/themes/zd-corporate/images/nav-on-img.png
Reusing existing connection to common.ziffdavisinternet.com:80.
HTTP request sent, awaiting response... 200 OK
Length: 163 [image/png]
Saving to: `code/../crawls/geek.com/Privacy-Policy/raw/www.ziffdavis.com/wp-content/themes/zd-corporate/images/nav-on-img.png'

     0K                                                       100% 29.3M=0s

2013-01-23 05:21:07 (29.3 MB/s) - `code/../crawls/geek.com/Privacy-Policy/raw/www.ziffdavis.com/wp-content/themes/zd-corporate/images/nav-on-img.png' saved [163/163]

--2013-01-23 05:21:07--  http://www.ziffdavis.com/wp-content/themes/zd-corporate/images/bg-sub-nav.png
Reusing existing connection to common.ziffdavisinternet.com:80.
HTTP request sent, awaiting response... 200 OK
Length: 109 [image/png]
Saving to: `code/../crawls/geek.com/Privacy-Policy/raw/www.ziffdavis.com/wp-content/themes/zd-corporate/images/bg-sub-nav.png'

     0K                                                       100% 19.2M=0s

2013-01-23 05:21:07 (19.2 MB/s) - `code/../crawls/geek.com/Privacy-Policy/raw/www.ziffdavis.com/wp-content/themes/zd-corporate/images/bg-sub-nav.png' saved [109/109]

--2013-01-23 05:21:07--  http://www.ziffdavis.com/wp-content/themes/zd-corporate/images/page-prev.gif
Reusing existing connection to common.ziffdavisinternet.com:80.
HTTP request sent, awaiting response... 200 OK
Length: 117 [image/gif]
Saving to: `code/../crawls/geek.com/Privacy-Policy/raw/www.ziffdavis.com/wp-content/themes/zd-corporate/images/page-prev.gif'

     0K                                                       100% 20.8M=0s

2013-01-23 05:21:07 (20.8 MB/s) - `code/../crawls/geek.com/Privacy-Policy/raw/www.ziffdavis.com/wp-content/themes/zd-corporate/images/page-prev.gif' saved [117/117]

--2013-01-23 05:21:07--  http://www.ziffdavis.com/wp-content/themes/zd-corporate/images/page-next.gif
Reusing existing connection to common.ziffdavisinternet.com:80.
HTTP request sent, awaiting response... 200 OK
Length: 116 [image/gif]
Saving to: `code/../crawls/geek.com/Privacy-Policy/raw/www.ziffdavis.com/wp-content/themes/zd-corporate/images/page-next.gif'

     0K                                                       100% 20.1M=0s

2013-01-23 05:21:07 (20.1 MB/s) - `code/../crawls/geek.com/Privacy-Policy/raw/www.ziffdavis.com/wp-content/themes/zd-corporate/images/page-next.gif' saved [116/116]

--2013-01-23 05:21:07--  http://www.ziffdavis.com/wp-content/themes/zd-corporate/images/next1.gif
Reusing existing connection to common.ziffdavisinternet.com:80.
HTTP request sent, awaiting response... 200 OK
Length: 1381 (1.3K) [image/gif]
Saving to: `code/../crawls/geek.com/Privacy-Policy/raw/www.ziffdavis.com/wp-content/themes/zd-corporate/images/next1.gif'

     0K .                                                     100%  329M=0s

2013-01-23 05:21:08 (329 MB/s) - `code/../crawls/geek.com/Privacy-Policy/raw/www.ziffdavis.com/wp-content/themes/zd-corporate/images/next1.gif' saved [1381/1381]

--2013-01-23 05:21:08--  http://www.ziffdavis.com/wp-content/themes/zd-corporate/images/next1-hover.gif
Reusing existing connection to common.ziffdavisinternet.com:80.
HTTP request sent, awaiting response... 200 OK
Length: 1381 (1.3K) [image/gif]
Saving to: `code/../crawls/geek.com/Privacy-Policy/raw/www.ziffdavis.com/wp-content/themes/zd-corporate/images/next1-hover.gif'

     0K .                                                     100%  199M=0s

2013-01-23 05:21:08 (199 MB/s) - `code/../crawls/geek.com/Privacy-Policy/raw/www.ziffdavis.com/wp-content/themes/zd-corporate/images/next1-hover.gif' saved [1381/1381]

--2013-01-23 05:21:08--  http://www.ziffdavis.com/wp-content/themes/zd-corporate/images/prev1.gif
Reusing existing connection to common.ziffdavisinternet.com:80.
HTTP request sent, awaiting response... 200 OK
Length: 1384 (1.4K) [image/gif]
Saving to: `code/../crawls/geek.com/Privacy-Policy/raw/www.ziffdavis.com/wp-content/themes/zd-corporate/images/prev1.gif'

     0K .                                                     100%  190M=0s

2013-01-23 05:21:08 (190 MB/s) - `code/../crawls/geek.com/Privacy-Policy/raw/www.ziffdavis.com/wp-content/themes/zd-corporate/images/prev1.gif' saved [1384/1384]

--2013-01-23 05:21:08--  http://www.ziffdavis.com/wp-content/themes/zd-corporate/images/prev1-hover.gif
Reusing existing connection to common.ziffdavisinternet.com:80.
HTTP request sent, awaiting response... 200 OK
Length: 1384 (1.4K) [image/gif]
Saving to: `code/../crawls/geek.com/Privacy-Policy/raw/www.ziffdavis.com/wp-content/themes/zd-corporate/images/prev1-hover.gif'

     0K .                                                     100%  192M=0s

2013-01-23 05:21:08 (192 MB/s) - `code/../crawls/geek.com/Privacy-Policy/raw/www.ziffdavis.com/wp-content/themes/zd-corporate/images/prev1-hover.gif' saved [1384/1384]

--2013-01-23 05:21:08--  http://www.ziffdavis.com/wp-content/themes/zd-corporate/images/bg-inner-content.jpg
Reusing existing connection to common.ziffdavisinternet.com:80.
HTTP request sent, awaiting response... 404 Not Found
2013-01-23 05:21:08 ERROR 404: Not Found.

--2013-01-23 05:21:08--  http://www.ziffdavis.com/wp-content/themes/zd-corporate/images/prop-arrow.gif
Connecting to www.ziffdavis.com|206.160.170.42|:80... connected.
HTTP request sent, awaiting response... 200 OK
Length: 117 [image/gif]
Saving to: `code/../crawls/geek.com/Privacy-Policy/raw/www.ziffdavis.com/wp-content/themes/zd-corporate/images/prop-arrow.gif'

     0K                                                       100% 19.2M=0s

2013-01-23 05:21:09 (19.2 MB/s) - `code/../crawls/geek.com/Privacy-Policy/raw/www.ziffdavis.com/wp-content/themes/zd-corporate/images/prop-arrow.gif' saved [117/117]

--2013-01-23 05:21:09--  http://www.ziffdavis.com/wp-content/themes/zd-corporate/images/news-arrow.gif
Reusing existing connection to www.ziffdavis.com:80.
HTTP request sent, awaiting response... 200 OK
Length: 117 [image/gif]
Saving to: `code/../crawls/geek.com/Privacy-Policy/raw/www.ziffdavis.com/wp-content/themes/zd-corporate/images/news-arrow.gif'

     0K                                                       100% 20.1M=0s

2013-01-23 05:21:09 (20.1 MB/s) - `code/../crawls/geek.com/Privacy-Policy/raw/www.ziffdavis.com/wp-content/themes/zd-corporate/images/news-arrow.gif' saved [117/117]

FINISHED --2013-01-23 05:21:09--
Total wall clock time: 7.9s
Downloaded: 42 files, 1019K in 1.2s (838 KB/s)
Converting code/../crawls/geek.com/Privacy-Policy/raw/www.ziffdavis.com/privacy-policy/index.html... 22-7
Converting code/../crawls/geek.com/Privacy-Policy/raw/www.ziffdavis.com/wp-content/themes/zd-corporate/style.css... 18-3
Converting code/../crawls/geek.com/Privacy-Policy/raw/www.ziffdavis.com/wp-content/themes/zd-corporate/css/skin.css... 16-0
Converted 3 files in 0.004 seconds.
