--2012-09-29 12:29:35--  http://www.lenovo.com/privacy/details/us/en/
Resolving www.lenovo.com... 23.56.113.177
Connecting to www.lenovo.com|23.56.113.177|:80... connected.
HTTP request sent, awaiting response... 200 OK
Length: unspecified [text/html]
Saving to: `code/../crawls/shop.lenovo.com/Privacy-Policy/raw/www.lenovo.com/privacy/details/us/en/index.html'

     0K .......... .......... .......... .......... .......... 1.17M
    50K .........                                              8.19M=0.04s

2012-09-29 12:29:35 (1.35 MB/s) - `code/../crawls/shop.lenovo.com/Privacy-Policy/raw/www.lenovo.com/privacy/details/us/en/index.html' saved [60681]

--2012-09-29 12:29:35--  http://www.lenovo.com/favicon.ico
Reusing existing connection to www.lenovo.com:80.
HTTP request sent, awaiting response... 200 OK
Length: 1406 (1.4K) [image/x-icon]
Saving to: `code/../crawls/shop.lenovo.com/Privacy-Policy/raw/www.lenovo.com/favicon.ico'

     0K .                                                     100%  200M=0s

2012-09-29 12:29:35 (200 MB/s) - `code/../crawls/shop.lenovo.com/Privacy-Policy/raw/www.lenovo.com/favicon.ico' saved [1406/1406]

--2012-09-29 12:29:35--  http://www.lenovo.com/css/reset-min.css
Reusing existing connection to www.lenovo.com:80.
HTTP request sent, awaiting response... 200 OK
Length: 941 [text/css]
Saving to: `code/../crawls/shop.lenovo.com/Privacy-Policy/raw/www.lenovo.com/css/reset-min.css'

     0K                                                       100%  154M=0s

2012-09-29 12:29:35 (154 MB/s) - `code/../crawls/shop.lenovo.com/Privacy-Policy/raw/www.lenovo.com/css/reset-min.css' saved [941/941]

--2012-09-29 12:29:35--  http://www.lenovo.com/common/v15/us/en/main.css
Reusing existing connection to www.lenovo.com:80.
HTTP request sent, awaiting response... 200 OK
Length: 19995 (20K) [text/css]
Saving to: `code/../crawls/shop.lenovo.com/Privacy-Policy/raw/www.lenovo.com/common/v15/us/en/main.css'

     0K .......... .........                                  100% 14.0M=0.001s

2012-09-29 12:29:35 (14.0 MB/s) - `code/../crawls/shop.lenovo.com/Privacy-Policy/raw/www.lenovo.com/common/v15/us/en/main.css' saved [19995/19995]

--2012-09-29 12:29:35--  http://www.lenovo.com/common/v15/screen.css
Reusing existing connection to www.lenovo.com:80.
HTTP request sent, awaiting response... 200 OK
Length: 10343 (10K) [text/css]
Saving to: `code/../crawls/shop.lenovo.com/Privacy-Policy/raw/www.lenovo.com/common/v15/screen.css'

     0K ..........                                            100% 15.2M=0.001s

2012-09-29 12:29:35 (15.2 MB/s) - `code/../crawls/shop.lenovo.com/Privacy-Policy/raw/www.lenovo.com/common/v15/screen.css' saved [10343/10343]

--2012-09-29 12:29:35--  http://www.lenovo.com/common/v15/print.css
Reusing existing connection to www.lenovo.com:80.
HTTP request sent, awaiting response... 200 OK
Length: 3281 (3.2K) [text/css]
Saving to: `code/../crawls/shop.lenovo.com/Privacy-Policy/raw/www.lenovo.com/common/v15/print.css'

     0K ...                                                   100% 42.6M=0s

2012-09-29 12:29:35 (42.6 MB/s) - `code/../crawls/shop.lenovo.com/Privacy-Policy/raw/www.lenovo.com/common/v15/print.css' saved [3281/3281]

--2012-09-29 12:29:35--  http://www.lenovo.com/common/v15/detection.js
Reusing existing connection to www.lenovo.com:80.
HTTP request sent, awaiting response... 200 OK
Length: 753 [application/x-javascript]
Saving to: `code/../crawls/shop.lenovo.com/Privacy-Policy/raw/www.lenovo.com/common/v15/detection.js'

     0K                                                       100%  134M=0s

2012-09-29 12:29:35 (134 MB/s) - `code/../crawls/shop.lenovo.com/Privacy-Policy/raw/www.lenovo.com/common/v15/detection.js' saved [753/753]

--2012-09-29 12:29:35--  http://www.lenovo.com/css/dotcom.css
Reusing existing connection to www.lenovo.com:80.
HTTP request sent, awaiting response... 200 OK
Length: 166 [text/css]
Saving to: `code/../crawls/shop.lenovo.com/Privacy-Policy/raw/www.lenovo.com/css/dotcom.css'

     0K                                                       100% 30.1M=0s

2012-09-29 12:29:35 (30.1 MB/s) - `code/../crawls/shop.lenovo.com/Privacy-Policy/raw/www.lenovo.com/css/dotcom.css' saved [166/166]

--2012-09-29 12:29:35--  http://www.lenovo.com/css/hybrid.css
Reusing existing connection to www.lenovo.com:80.
HTTP request sent, awaiting response... 200 OK
Length: 3029 (3.0K) [text/css]
Saving to: `code/../crawls/shop.lenovo.com/Privacy-Policy/raw/www.lenovo.com/css/hybrid.css'

     0K ..                                                    100% 38.2M=0s

2012-09-29 12:29:35 (38.2 MB/s) - `code/../crawls/shop.lenovo.com/Privacy-Policy/raw/www.lenovo.com/css/hybrid.css' saved [3029/3029]

--2012-09-29 12:29:35--  http://www.lenovo.com/js/jquery-1.4.2.min.js
Reusing existing connection to www.lenovo.com:80.
HTTP request sent, awaiting response... 200 OK
Length: unspecified [application/x-javascript]
Saving to: `code/../crawls/shop.lenovo.com/Privacy-Policy/raw/www.lenovo.com/js/jquery-1.4.2.min.js'

     0K .......... .......... .......... .......... .......... 5.22M
    50K .......... ..........                                  9.95M=0.01s

2012-09-29 12:29:35 (6.06 MB/s) - `code/../crawls/shop.lenovo.com/Privacy-Policy/raw/www.lenovo.com/js/jquery-1.4.2.min.js' saved [72174]

--2012-09-29 12:29:35--  http://www.lenovo.com/js/masthead-footer.js
Reusing existing connection to www.lenovo.com:80.
HTTP request sent, awaiting response... 200 OK
Length: 28591 (28K) [application/x-javascript]
Saving to: `code/../crawls/shop.lenovo.com/Privacy-Policy/raw/www.lenovo.com/js/masthead-footer.js'

     0K .......... .......... .......                         100% 12.3M=0.002s

2012-09-29 12:29:35 (12.3 MB/s) - `code/../crawls/shop.lenovo.com/Privacy-Policy/raw/www.lenovo.com/js/masthead-footer.js' saved [28591/28591]

--2012-09-29 12:29:35--  http://www.lenovo.com/i/c.gif
Reusing existing connection to www.lenovo.com:80.
HTTP request sent, awaiting response... 200 OK
Length: 43 [image/gif]
Saving to: `code/../crawls/shop.lenovo.com/Privacy-Policy/raw/www.lenovo.com/i/c.gif'

     0K                                                       100% 7.87M=0s

2012-09-29 12:29:35 (7.87 MB/s) - `code/../crawls/shop.lenovo.com/Privacy-Policy/raw/www.lenovo.com/i/c.gif' saved [43/43]

--2012-09-29 12:29:35--  http://www.lenovo.com/i/v15/t/left-nav-corner.gif
Reusing existing connection to www.lenovo.com:80.
HTTP request sent, awaiting response... 200 OK
Length: 107 [image/gif]
Saving to: `code/../crawls/shop.lenovo.com/Privacy-Policy/raw/www.lenovo.com/i/v15/t/left-nav-corner.gif'

     0K                                                       100% 19.4M=0s

2012-09-29 12:29:35 (19.4 MB/s) - `code/../crawls/shop.lenovo.com/Privacy-Policy/raw/www.lenovo.com/i/v15/t/left-nav-corner.gif' saved [107/107]

--2012-09-29 12:29:35--  http://privacy-policy.truste.com/certified-seal/ctv/en/www.lenovo.com/seal_m.png
Resolving privacy-policy.truste.com... 72.21.81.253
Connecting to privacy-policy.truste.com|72.21.81.253|:80... connected.
HTTP request sent, awaiting response... 200 OK
Length: 1435 (1.4K) [image/png]
Saving to: `code/../crawls/shop.lenovo.com/Privacy-Policy/raw/privacy-policy.truste.com/certified-seal/ctv/en/www.lenovo.com/seal_m.png'

     0K .                                                     100%  186M=0s

2012-09-29 12:29:35 (186 MB/s) - `code/../crawls/shop.lenovo.com/Privacy-Policy/raw/privacy-policy.truste.com/certified-seal/ctv/en/www.lenovo.com/seal_m.png' saved [1435/1435]

--2012-09-29 12:29:35--  http://www.lenovo.com/i/v15/icons/d.gif
Connecting to www.lenovo.com|23.56.113.177|:80... connected.
HTTP request sent, awaiting response... 200 OK
Length: 73 [image/gif]
Saving to: `code/../crawls/shop.lenovo.com/Privacy-Policy/raw/www.lenovo.com/i/v15/icons/d.gif'

     0K                                                       100% 12.2M=0s

2012-09-29 12:29:35 (12.2 MB/s) - `code/../crawls/shop.lenovo.com/Privacy-Policy/raw/www.lenovo.com/i/v15/icons/d.gif' saved [73/73]

--2012-09-29 12:29:35--  http://www.lenovo.com/i/v15/icons/u_bold.gif
Reusing existing connection to www.lenovo.com:80.
HTTP request sent, awaiting response... 200 OK
Length: 72 [image/gif]
Saving to: `code/../crawls/shop.lenovo.com/Privacy-Policy/raw/www.lenovo.com/i/v15/icons/u_bold.gif'

     0K                                                       100% 13.0M=0s

2012-09-29 12:29:35 (13.0 MB/s) - `code/../crawls/shop.lenovo.com/Privacy-Policy/raw/www.lenovo.com/i/v15/icons/u_bold.gif' saved [72/72]

--2012-09-29 12:29:35--  http://shop.lenovo.com/ISS_Static/WW/omniture/s_code_setup.js
Resolving shop.lenovo.com... 23.56.121.238
Connecting to shop.lenovo.com|23.56.121.238|:80... connected.
HTTP request sent, awaiting response... 200 OK
Length: 31566 (31K)
Saving to: `code/../crawls/shop.lenovo.com/Privacy-Policy/raw/shop.lenovo.com/ISS_Static/WW/omniture/s_code_setup.js.html'

     0K .......... .......... ..........                      100% 4.94M=0.006s

2012-09-29 12:29:35 (4.94 MB/s) - `code/../crawls/shop.lenovo.com/Privacy-Policy/raw/shop.lenovo.com/ISS_Static/WW/omniture/s_code_setup.js.html' saved [31566/31566]

--2012-09-29 12:29:35--  http://www.lenovo.com/i/v15/t/mh-grad-v16.gif
Connecting to www.lenovo.com|23.56.113.177|:80... connected.
HTTP request sent, awaiting response... 200 OK
Length: 67 [image/gif]
Saving to: `code/../crawls/shop.lenovo.com/Privacy-Policy/raw/www.lenovo.com/i/v15/t/mh-grad-v16.gif'

     0K                                                       100% 11.2M=0s

2012-09-29 12:29:35 (11.2 MB/s) - `code/../crawls/shop.lenovo.com/Privacy-Policy/raw/www.lenovo.com/i/v15/t/mh-grad-v16.gif' saved [67/67]

--2012-09-29 12:29:35--  http://www.lenovo.com/i/v15/t/tptc-mh-grad-v15.gif
Reusing existing connection to www.lenovo.com:80.
HTTP request sent, awaiting response... 200 OK
Length: 62 [image/gif]
Saving to: `code/../crawls/shop.lenovo.com/Privacy-Policy/raw/www.lenovo.com/i/v15/t/tptc-mh-grad-v15.gif'

     0K                                                       100% 10.8M=0s

2012-09-29 12:29:35 (10.8 MB/s) - `code/../crawls/shop.lenovo.com/Privacy-Policy/raw/www.lenovo.com/i/v15/t/tptc-mh-grad-v15.gif' saved [62/62]

--2012-09-29 12:29:35--  http://www.lenovo.com/i/v15/t/upper-masthead-divider.gif
Reusing existing connection to www.lenovo.com:80.
HTTP request sent, awaiting response... 200 OK
Length: 44 [image/gif]
Saving to: `code/../crawls/shop.lenovo.com/Privacy-Policy/raw/www.lenovo.com/i/v15/t/upper-masthead-divider.gif'

     0K                                                       100% 7.62M=0s

2012-09-29 12:29:35 (7.62 MB/s) - `code/../crawls/shop.lenovo.com/Privacy-Policy/raw/www.lenovo.com/i/v15/t/upper-masthead-divider.gif' saved [44/44]

--2012-09-29 12:29:35--  http://www.lenovo.com/i/v15/t/left-nav-angle.gif
Reusing existing connection to www.lenovo.com:80.
HTTP request sent, awaiting response... 301 Moved Permanently
Location: http://www.lenovo.com/i/c.gif?src=missing-image [following]
--2012-09-29 12:29:35--  http://www.lenovo.com/i/c.gif?src=missing-image
Reusing existing connection to www.lenovo.com:80.
HTTP request sent, awaiting response... 200 OK
Length: 43 [image/gif]
Saving to: `code/../crawls/shop.lenovo.com/Privacy-Policy/raw/www.lenovo.com/i/v15/t/left-nav-angle.gif'

     0K                                                       100% 7.72M=0s

2012-09-29 12:29:35 (7.72 MB/s) - `code/../crawls/shop.lenovo.com/Privacy-Policy/raw/www.lenovo.com/i/v15/t/left-nav-angle.gif' saved [43/43]

--2012-09-29 12:29:35--  http://www.lenovo.com/i/v15/t/masthead-divider.gif
Reusing existing connection to www.lenovo.com:80.
HTTP request sent, awaiting response... 200 OK
Length: 149 [image/gif]
Saving to: `code/../crawls/shop.lenovo.com/Privacy-Policy/raw/www.lenovo.com/i/v15/t/masthead-divider.gif'

     0K                                                       100% 25.6M=0s

2012-09-29 12:29:35 (25.6 MB/s) - `code/../crawls/shop.lenovo.com/Privacy-Policy/raw/www.lenovo.com/i/v15/t/masthead-divider.gif' saved [149/149]

--2012-09-29 12:29:35--  http://www.lenovo.com/i/v15/t/footer-divider.gif
Reusing existing connection to www.lenovo.com:80.
HTTP request sent, awaiting response... 200 OK
Length: 36 [image/gif]
Saving to: `code/../crawls/shop.lenovo.com/Privacy-Policy/raw/www.lenovo.com/i/v15/t/footer-divider.gif'

     0K                                                       100% 6.39M=0s

2012-09-29 12:29:35 (6.39 MB/s) - `code/../crawls/shop.lenovo.com/Privacy-Policy/raw/www.lenovo.com/i/v15/t/footer-divider.gif' saved [36/36]

--2012-09-29 12:29:35--  http://www.lenovo.com/i/v15/bullets/bl-bullet.gif
Reusing existing connection to www.lenovo.com:80.
HTTP request sent, awaiting response... 200 OK
Length: 46 [image/gif]
Saving to: `code/../crawls/shop.lenovo.com/Privacy-Policy/raw/www.lenovo.com/i/v15/bullets/bl-bullet.gif'

     0K                                                       100% 7.68M=0s

2012-09-29 12:29:35 (7.68 MB/s) - `code/../crawls/shop.lenovo.com/Privacy-Policy/raw/www.lenovo.com/i/v15/bullets/bl-bullet.gif' saved [46/46]

--2012-09-29 12:29:35--  http://www.lenovo.com/i/v15/bullets/dbl-bullet.gif
Reusing existing connection to www.lenovo.com:80.
HTTP request sent, awaiting response... 200 OK
Length: 46 [image/gif]
Saving to: `code/../crawls/shop.lenovo.com/Privacy-Policy/raw/www.lenovo.com/i/v15/bullets/dbl-bullet.gif'

     0K                                                       100% 8.32M=0s

2012-09-29 12:29:35 (8.32 MB/s) - `code/../crawls/shop.lenovo.com/Privacy-Policy/raw/www.lenovo.com/i/v15/bullets/dbl-bullet.gif' saved [46/46]

--2012-09-29 12:29:35--  http://www.lenovo.com/i/v15/bullets/bk-bullet.gif
Reusing existing connection to www.lenovo.com:80.
HTTP request sent, awaiting response... 200 OK
Length: 46 [image/gif]
Saving to: `code/../crawls/shop.lenovo.com/Privacy-Policy/raw/www.lenovo.com/i/v15/bullets/bk-bullet.gif'

     0K                                                       100% 8.12M=0s

2012-09-29 12:29:35 (8.12 MB/s) - `code/../crawls/shop.lenovo.com/Privacy-Policy/raw/www.lenovo.com/i/v15/bullets/bk-bullet.gif' saved [46/46]

--2012-09-29 12:29:35--  http://www.lenovo.com/i/v11/tabs/tbimage1.gif
Reusing existing connection to www.lenovo.com:80.
HTTP request sent, awaiting response... 301 Moved Permanently
Location: http://www.lenovo.com/i/c.gif?src=missing-image [following]
--2012-09-29 12:29:35--  http://www.lenovo.com/i/c.gif?src=missing-image
Reusing existing connection to www.lenovo.com:80.
HTTP request sent, awaiting response... 200 OK
Length: 43 [image/gif]
Saving to: `code/../crawls/shop.lenovo.com/Privacy-Policy/raw/www.lenovo.com/i/v11/tabs/tbimage1.gif'

     0K                                                       100% 7.60M=0s

2012-09-29 12:29:35 (7.60 MB/s) - `code/../crawls/shop.lenovo.com/Privacy-Policy/raw/www.lenovo.com/i/v11/tabs/tbimage1.gif' saved [43/43]

--2012-09-29 12:29:35--  http://www.lenovo.com/i/v11/tabs/tbimage2.gif
Reusing existing connection to www.lenovo.com:80.
HTTP request sent, awaiting response... 301 Moved Permanently
Location: http://www.lenovo.com/i/c.gif?src=missing-image [following]
--2012-09-29 12:29:35--  http://www.lenovo.com/i/c.gif?src=missing-image
Reusing existing connection to www.lenovo.com:80.
HTTP request sent, awaiting response... 200 OK
Length: 43 [image/gif]
Saving to: `code/../crawls/shop.lenovo.com/Privacy-Policy/raw/www.lenovo.com/i/v11/tabs/tbimage2.gif'

     0K                                                       100% 8.00M=0s

2012-09-29 12:29:35 (8.00 MB/s) - `code/../crawls/shop.lenovo.com/Privacy-Policy/raw/www.lenovo.com/i/v11/tabs/tbimage2.gif' saved [43/43]

--2012-09-29 12:29:35--  http://www.lenovo.com/i/v15/tabs/tab_dmpttn.gif
Reusing existing connection to www.lenovo.com:80.
HTTP request sent, awaiting response... 200 OK
Length: 46 [image/gif]
Saving to: `code/../crawls/shop.lenovo.com/Privacy-Policy/raw/www.lenovo.com/i/v15/tabs/tab_dmpttn.gif'

     0K                                                       100% 7.43M=0s

2012-09-29 12:29:35 (7.43 MB/s) - `code/../crawls/shop.lenovo.com/Privacy-Policy/raw/www.lenovo.com/i/v15/tabs/tab_dmpttn.gif' saved [46/46]

--2012-09-29 12:29:35--  http://www.lenovo.com/i/v15/tabs/tab_dmpttn2.gif
Reusing existing connection to www.lenovo.com:80.
HTTP request sent, awaiting response... 200 OK
Length: 46 [image/gif]
Saving to: `code/../crawls/shop.lenovo.com/Privacy-Policy/raw/www.lenovo.com/i/v15/tabs/tab_dmpttn2.gif'

     0K                                                       100% 8.11M=0s

2012-09-29 12:29:35 (8.11 MB/s) - `code/../crawls/shop.lenovo.com/Privacy-Policy/raw/www.lenovo.com/i/v15/tabs/tab_dmpttn2.gif' saved [46/46]

--2012-09-29 12:29:35--  http://www.lenovo.com/i/v15/tabs/tab_hlrt.gif
Reusing existing connection to www.lenovo.com:80.
HTTP request sent, awaiting response... 200 OK
Length: 102 [image/gif]
Saving to: `code/../crawls/shop.lenovo.com/Privacy-Policy/raw/www.lenovo.com/i/v15/tabs/tab_hlrt.gif'

     0K                                                       100% 18.1M=0s

2012-09-29 12:29:35 (18.1 MB/s) - `code/../crawls/shop.lenovo.com/Privacy-Policy/raw/www.lenovo.com/i/v15/tabs/tab_hlrt.gif' saved [102/102]

--2012-09-29 12:29:35--  http://www.lenovo.com/i/v15/tabs/tab_hlrt_end.gif
Reusing existing connection to www.lenovo.com:80.
HTTP request sent, awaiting response... 200 OK
Length: 89 [image/gif]
Saving to: `code/../crawls/shop.lenovo.com/Privacy-Policy/raw/www.lenovo.com/i/v15/tabs/tab_hlrt_end.gif'

     0K                                                       100% 15.6M=0s

2012-09-29 12:29:35 (15.6 MB/s) - `code/../crawls/shop.lenovo.com/Privacy-Policy/raw/www.lenovo.com/i/v15/tabs/tab_hlrt_end.gif' saved [89/89]

--2012-09-29 12:29:35--  http://www.lenovo.com/i/v15/tabs/tab_hllt.gif
Reusing existing connection to www.lenovo.com:80.
HTTP request sent, awaiting response... 200 OK
Length: 106 [image/gif]
Saving to: `code/../crawls/shop.lenovo.com/Privacy-Policy/raw/www.lenovo.com/i/v15/tabs/tab_hllt.gif'

     0K                                                       100% 19.4M=0s

2012-09-29 12:29:35 (19.4 MB/s) - `code/../crawls/shop.lenovo.com/Privacy-Policy/raw/www.lenovo.com/i/v15/tabs/tab_hllt.gif' saved [106/106]

--2012-09-29 12:29:35--  http://www.lenovo.com/i/v15/tabs/tab_dmrt.gif
Reusing existing connection to www.lenovo.com:80.
HTTP request sent, awaiting response... 200 OK
Length: 82 [image/gif]
Saving to: `code/../crawls/shop.lenovo.com/Privacy-Policy/raw/www.lenovo.com/i/v15/tabs/tab_dmrt.gif'

     0K                                                       100% 14.9M=0s

2012-09-29 12:29:35 (14.9 MB/s) - `code/../crawls/shop.lenovo.com/Privacy-Policy/raw/www.lenovo.com/i/v15/tabs/tab_dmrt.gif' saved [82/82]

--2012-09-29 12:29:35--  http://www.lenovo.com/i/v15/tabs/tab_dmrt_end.gif
Reusing existing connection to www.lenovo.com:80.
HTTP request sent, awaiting response... 200 OK
Length: 81 [image/gif]
Saving to: `code/../crawls/shop.lenovo.com/Privacy-Policy/raw/www.lenovo.com/i/v15/tabs/tab_dmrt_end.gif'

     0K                                                       100% 14.7M=0s

2012-09-29 12:29:35 (14.7 MB/s) - `code/../crawls/shop.lenovo.com/Privacy-Policy/raw/www.lenovo.com/i/v15/tabs/tab_dmrt_end.gif' saved [81/81]

--2012-09-29 12:29:35--  http://www.lenovo.com/i/v15/tabs/tab_hlrt2.gif
Reusing existing connection to www.lenovo.com:80.
HTTP request sent, awaiting response... 200 OK
Length: 102 [image/gif]
Saving to: `code/../crawls/shop.lenovo.com/Privacy-Policy/raw/www.lenovo.com/i/v15/tabs/tab_hlrt2.gif'

     0K                                                       100% 18.5M=0s

2012-09-29 12:29:35 (18.5 MB/s) - `code/../crawls/shop.lenovo.com/Privacy-Policy/raw/www.lenovo.com/i/v15/tabs/tab_hlrt2.gif' saved [102/102]

--2012-09-29 12:29:35--  http://www.lenovo.com/i/v15/tabs/tab_hlrt_end2.gif
Reusing existing connection to www.lenovo.com:80.
HTTP request sent, awaiting response... 200 OK
Length: 89 [image/gif]
Saving to: `code/../crawls/shop.lenovo.com/Privacy-Policy/raw/www.lenovo.com/i/v15/tabs/tab_hlrt_end2.gif'

     0K                                                       100% 15.3M=0s

2012-09-29 12:29:35 (15.3 MB/s) - `code/../crawls/shop.lenovo.com/Privacy-Policy/raw/www.lenovo.com/i/v15/tabs/tab_hlrt_end2.gif' saved [89/89]

--2012-09-29 12:29:35--  http://www.lenovo.com/i/v15/tabs/tab_hllt2.gif
Reusing existing connection to www.lenovo.com:80.
HTTP request sent, awaiting response... 200 OK
Length: 106 [image/gif]
Saving to: `code/../crawls/shop.lenovo.com/Privacy-Policy/raw/www.lenovo.com/i/v15/tabs/tab_hllt2.gif'

     0K                                                       100% 19.1M=0s

2012-09-29 12:29:35 (19.1 MB/s) - `code/../crawls/shop.lenovo.com/Privacy-Policy/raw/www.lenovo.com/i/v15/tabs/tab_hllt2.gif' saved [106/106]

--2012-09-29 12:29:35--  http://www.lenovo.com/i/v15/tabs/tab_dmrt2.gif
Reusing existing connection to www.lenovo.com:80.
HTTP request sent, awaiting response... 200 OK
Length: 82 [image/gif]
Saving to: `code/../crawls/shop.lenovo.com/Privacy-Policy/raw/www.lenovo.com/i/v15/tabs/tab_dmrt2.gif'

     0K                                                       100% 14.9M=0s

2012-09-29 12:29:35 (14.9 MB/s) - `code/../crawls/shop.lenovo.com/Privacy-Policy/raw/www.lenovo.com/i/v15/tabs/tab_dmrt2.gif' saved [82/82]

--2012-09-29 12:29:35--  http://www.lenovo.com/i/v15/tabs/tab_dmrt_end2.gif
Reusing existing connection to www.lenovo.com:80.
HTTP request sent, awaiting response... 200 OK
Length: 81 [image/gif]
Saving to: `code/../crawls/shop.lenovo.com/Privacy-Policy/raw/www.lenovo.com/i/v15/tabs/tab_dmrt_end2.gif'

     0K                                                       100% 13.2M=0s

2012-09-29 12:29:35 (13.2 MB/s) - `code/../crawls/shop.lenovo.com/Privacy-Policy/raw/www.lenovo.com/i/v15/tabs/tab_dmrt_end2.gif' saved [81/81]

--2012-09-29 12:29:35--  http://www.lenovo.com/i/v15/rules/gradient_bar.gif
Reusing existing connection to www.lenovo.com:80.
HTTP request sent, awaiting response... 200 OK
Length: 61 [image/gif]
Saving to: `code/../crawls/shop.lenovo.com/Privacy-Policy/raw/www.lenovo.com/i/v15/rules/gradient_bar.gif'

     0K                                                       100% 9.84M=0s

2012-09-29 12:29:35 (9.84 MB/s) - `code/../crawls/shop.lenovo.com/Privacy-Policy/raw/www.lenovo.com/i/v15/rules/gradient_bar.gif' saved [61/61]

--2012-09-29 12:29:35--  http://www.lenovo.com/i/dotted.gif
Reusing existing connection to www.lenovo.com:80.
HTTP request sent, awaiting response... 200 OK
Length: 43 [image/gif]
Saving to: `code/../crawls/shop.lenovo.com/Privacy-Policy/raw/www.lenovo.com/i/dotted.gif'

     0K                                                       100% 7.63M=0s

2012-09-29 12:29:35 (7.63 MB/s) - `code/../crawls/shop.lenovo.com/Privacy-Policy/raw/www.lenovo.com/i/dotted.gif' saved [43/43]

--2012-09-29 12:29:35--  http://www.lenovo.com/i/v15/rules/vertical_rule_1x226.gif
Reusing existing connection to www.lenovo.com:80.
HTTP request sent, awaiting response... 200 OK
Length: 619 [image/gif]
Saving to: `code/../crawls/shop.lenovo.com/Privacy-Policy/raw/www.lenovo.com/i/v15/rules/vertical_rule_1x226.gif'

     0K                                                       100%  110M=0s

2012-09-29 12:29:35 (110 MB/s) - `code/../crawls/shop.lenovo.com/Privacy-Policy/raw/www.lenovo.com/i/v15/rules/vertical_rule_1x226.gif' saved [619/619]

--2012-09-29 12:29:35--  http://www.lenovo.com/i/v15/rules/tableheadergrad.gif
Reusing existing connection to www.lenovo.com:80.
HTTP request sent, awaiting response... 200 OK
Length: 154 [image/gif]
Saving to: `code/../crawls/shop.lenovo.com/Privacy-Policy/raw/www.lenovo.com/i/v15/rules/tableheadergrad.gif'

     0K                                                       100% 28.3M=0s

2012-09-29 12:29:35 (28.3 MB/s) - `code/../crawls/shop.lenovo.com/Privacy-Policy/raw/www.lenovo.com/i/v15/rules/tableheadergrad.gif' saved [154/154]

--2012-09-29 12:29:35--  http://www.lenovo.com/i/v15/rules/tablerowgrey.gif
Reusing existing connection to www.lenovo.com:80.
HTTP request sent, awaiting response... 200 OK
Length: 843 [image/gif]
Saving to: `code/../crawls/shop.lenovo.com/Privacy-Policy/raw/www.lenovo.com/i/v15/rules/tablerowgrey.gif'

     0K                                                       100%  143M=0s

2012-09-29 12:29:35 (143 MB/s) - `code/../crawls/shop.lenovo.com/Privacy-Policy/raw/www.lenovo.com/i/v15/rules/tablerowgrey.gif' saved [843/843]

--2012-09-29 12:29:35--  http://www.lenovo.com/i/v15/rules/gradshortblue.gif
Reusing existing connection to www.lenovo.com:80.
HTTP request sent, awaiting response... 200 OK
Length: 496 [image/gif]
Saving to: `code/../crawls/shop.lenovo.com/Privacy-Policy/raw/www.lenovo.com/i/v15/rules/gradshortblue.gif'

     0K                                                       100% 90.2M=0s

2012-09-29 12:29:35 (90.2 MB/s) - `code/../crawls/shop.lenovo.com/Privacy-Policy/raw/www.lenovo.com/i/v15/rules/gradshortblue.gif' saved [496/496]

--2012-09-29 12:29:35--  http://www.lenovo.com/i/v15/rules/gradtallblue.gif
Reusing existing connection to www.lenovo.com:80.
HTTP request sent, awaiting response... 200 OK
Length: 512 [image/gif]
Saving to: `code/../crawls/shop.lenovo.com/Privacy-Policy/raw/www.lenovo.com/i/v15/rules/gradtallblue.gif'

     0K                                                       100% 92.1M=0s

2012-09-29 12:29:35 (92.1 MB/s) - `code/../crawls/shop.lenovo.com/Privacy-Policy/raw/www.lenovo.com/i/v15/rules/gradtallblue.gif' saved [512/512]

--2012-09-29 12:29:35--  http://www.lenovo.com/i/v15/rules/gradshortgray.gif
Reusing existing connection to www.lenovo.com:80.
HTTP request sent, awaiting response... 200 OK
Length: 496 [image/gif]
Saving to: `code/../crawls/shop.lenovo.com/Privacy-Policy/raw/www.lenovo.com/i/v15/rules/gradshortgray.gif'

     0K                                                       100% 90.3M=0s

2012-09-29 12:29:35 (90.3 MB/s) - `code/../crawls/shop.lenovo.com/Privacy-Policy/raw/www.lenovo.com/i/v15/rules/gradshortgray.gif' saved [496/496]

--2012-09-29 12:29:35--  http://www.lenovo.com/i/v15/rules/gradtallgray.gif
Reusing existing connection to www.lenovo.com:80.
HTTP request sent, awaiting response... 200 OK
Length: 513 [image/gif]
Saving to: `code/../crawls/shop.lenovo.com/Privacy-Policy/raw/www.lenovo.com/i/v15/rules/gradtallgray.gif'

     0K                                                       100% 95.1M=0s

2012-09-29 12:29:35 (95.1 MB/s) - `code/../crawls/shop.lenovo.com/Privacy-Policy/raw/www.lenovo.com/i/v15/rules/gradtallgray.gif' saved [513/513]

--2012-09-29 12:29:35--  http://www.lenovo.com/i/v15/rules/grey.gif
Reusing existing connection to www.lenovo.com:80.
HTTP request sent, awaiting response... 200 OK
Length: 43 [image/gif]
Saving to: `code/../crawls/shop.lenovo.com/Privacy-Policy/raw/www.lenovo.com/i/v15/rules/grey.gif'

     0K                                                       100% 7.90M=0s

2012-09-29 12:29:35 (7.90 MB/s) - `code/../crawls/shop.lenovo.com/Privacy-Policy/raw/www.lenovo.com/i/v15/rules/grey.gif' saved [43/43]

--2012-09-29 12:29:35--  http://shop.lenovo.com/ISS_Static/images/lenovo_common/css/backgrounds-R5/divider-gradient_btm-up_1x14.gif
Connecting to shop.lenovo.com|23.56.121.238|:80... connected.
HTTP request sent, awaiting response... 200 OK
Length: 44 [image/gif]
Saving to: `code/../crawls/shop.lenovo.com/Privacy-Policy/raw/shop.lenovo.com/ISS_Static/images/lenovo_common/css/backgrounds-R5/divider-gradient_btm-up_1x14.gif'

     0K                                                       100% 7.02M=0s

2012-09-29 12:29:36 (7.02 MB/s) - `code/../crawls/shop.lenovo.com/Privacy-Policy/raw/shop.lenovo.com/ISS_Static/images/lenovo_common/css/backgrounds-R5/divider-gradient_btm-up_1x14.gif' saved [44/44]

--2012-09-29 12:29:36--  http://shop.lenovo.com/ISS_Static/images/lenovo_common/css/tabs-R5/subtab_down-arrow.gif
Reusing existing connection to shop.lenovo.com:80.
HTTP request sent, awaiting response... 200 OK
Length: 204 [image/gif]
Saving to: `code/../crawls/shop.lenovo.com/Privacy-Policy/raw/shop.lenovo.com/ISS_Static/images/lenovo_common/css/tabs-R5/subtab_down-arrow.gif'

     0K                                                       100% 34.0M=0s

2012-09-29 12:29:36 (34.0 MB/s) - `code/../crawls/shop.lenovo.com/Privacy-Policy/raw/shop.lenovo.com/ISS_Static/images/lenovo_common/css/tabs-R5/subtab_down-arrow.gif' saved [204/204]

--2012-09-29 12:29:36--  http://shop.lenovo.com/ISS_Static/images/lenovo_common/css/tabs-R5/subtab_up-arrow2.gif
Reusing existing connection to shop.lenovo.com:80.
HTTP request sent, awaiting response... 200 OK
Length: 845 [image/gif]
Saving to: `code/../crawls/shop.lenovo.com/Privacy-Policy/raw/shop.lenovo.com/ISS_Static/images/lenovo_common/css/tabs-R5/subtab_up-arrow2.gif'

     0K                                                       100%  124M=0s

2012-09-29 12:29:36 (124 MB/s) - `code/../crawls/shop.lenovo.com/Privacy-Policy/raw/shop.lenovo.com/ISS_Static/images/lenovo_common/css/tabs-R5/subtab_up-arrow2.gif' saved [845/845]

--2012-09-29 12:29:36--  http://www.lenovo.com/i/masthead/black-bar-selectedgrey-bkgrnd_1x49.gif
Connecting to www.lenovo.com|23.56.113.177|:80... connected.
HTTP request sent, awaiting response... 200 OK
Length: 272 [image/gif]
Saving to: `code/../crawls/shop.lenovo.com/Privacy-Policy/raw/www.lenovo.com/i/masthead/black-bar-selectedgrey-bkgrnd_1x49.gif'

     0K                                                       100% 34.6M=0s

2012-09-29 12:29:36 (34.6 MB/s) - `code/../crawls/shop.lenovo.com/Privacy-Policy/raw/www.lenovo.com/i/masthead/black-bar-selectedgrey-bkgrnd_1x49.gif' saved [272/272]

--2012-09-29 12:29:36--  http://www.lenovo.com/i/masthead/masthead-level-2-gradient.gif
Reusing existing connection to www.lenovo.com:80.
HTTP request sent, awaiting response... 200 OK
Length: 96 [image/gif]
Saving to: `code/../crawls/shop.lenovo.com/Privacy-Policy/raw/www.lenovo.com/i/masthead/masthead-level-2-gradient.gif'

     0K                                                       100% 16.0M=0s

2012-09-29 12:29:36 (16.0 MB/s) - `code/../crawls/shop.lenovo.com/Privacy-Policy/raw/www.lenovo.com/i/masthead/masthead-level-2-gradient.gif' saved [96/96]

--2012-09-29 12:29:36--  http://www.lenovo.com/i/v15/t/mhl-grad.gif
Reusing existing connection to www.lenovo.com:80.
HTTP request sent, awaiting response... 200 OK
Length: 223 [image/gif]
Saving to: `code/../crawls/shop.lenovo.com/Privacy-Policy/raw/www.lenovo.com/i/v15/t/mhl-grad.gif'

     0K                                                       100% 37.9M=0s

2012-09-29 12:29:36 (37.9 MB/s) - `code/../crawls/shop.lenovo.com/Privacy-Policy/raw/www.lenovo.com/i/v15/t/mhl-grad.gif' saved [223/223]

--2012-09-29 12:29:36--  http://www.lenovo.com/css/global.css
Reusing existing connection to www.lenovo.com:80.
HTTP request sent, awaiting response... 200 OK
Length: 5345 (5.2K) [text/css]
Saving to: `code/../crawls/shop.lenovo.com/Privacy-Policy/raw/www.lenovo.com/css/global.css'

     0K .....                                                 100% 17.6M=0s

2012-09-29 12:29:36 (17.6 MB/s) - `code/../crawls/shop.lenovo.com/Privacy-Policy/raw/www.lenovo.com/css/global.css' saved [5345/5345]

--2012-09-29 12:29:36--  http://shop.lenovo.com/ISS_Static/WW/css/buttons.css
Connecting to shop.lenovo.com|23.56.121.238|:80... connected.
HTTP request sent, awaiting response... 200 OK
Length: 6528 (6.4K) [text/css]
Saving to: `code/../crawls/shop.lenovo.com/Privacy-Policy/raw/shop.lenovo.com/ISS_Static/WW/css/buttons.css'

     0K ......                                                100% 2.45M=0.003s

2012-09-29 12:29:36 (2.45 MB/s) - `code/../crawls/shop.lenovo.com/Privacy-Policy/raw/shop.lenovo.com/ISS_Static/WW/css/buttons.css' saved [6528/6528]

--2012-09-29 12:29:36--  http://www.lenovo.com/css/homepage.css
Connecting to www.lenovo.com|23.56.113.177|:80... connected.
HTTP request sent, awaiting response... 200 OK
Length: 5398 (5.3K) [text/css]
Saving to: `code/../crawls/shop.lenovo.com/Privacy-Policy/raw/www.lenovo.com/css/homepage.css'

     0K .....                                                 100% 45.7M=0s

2012-09-29 12:29:36 (45.7 MB/s) - `code/../crawls/shop.lenovo.com/Privacy-Policy/raw/www.lenovo.com/css/homepage.css' saved [5398/5398]

--2012-09-29 12:29:36--  http://www.lenovo.com/css/masthead-footer.css
Reusing existing connection to www.lenovo.com:80.
HTTP request sent, awaiting response... 200 OK
Length: 12752 (12K) [text/css]
Saving to: `code/../crawls/shop.lenovo.com/Privacy-Policy/raw/www.lenovo.com/css/masthead-footer.css'

     0K .......... ..                                         100% 4.04M=0.003s

2012-09-29 12:29:36 (4.04 MB/s) - `code/../crawls/shop.lenovo.com/Privacy-Policy/raw/www.lenovo.com/css/masthead-footer.css' saved [12752/12752]

--2012-09-29 12:29:36--  http://www.lenovo.com/lenovo/us/en/images/redbar_30x1.gif
Reusing existing connection to www.lenovo.com:80.
HTTP request sent, awaiting response... 200 OK
Length: 1098 (1.1K) [image/gif]
Saving to: `code/../crawls/shop.lenovo.com/Privacy-Policy/raw/www.lenovo.com/lenovo/us/en/images/redbar_30x1.gif'

     0K .                                                     100%  179M=0s

2012-09-29 12:29:36 (179 MB/s) - `code/../crawls/shop.lenovo.com/Privacy-Policy/raw/www.lenovo.com/lenovo/us/en/images/redbar_30x1.gif' saved [1098/1098]

FINISHED --2012-09-29 12:29:36--
Total wall clock time: 1.2s
Downloaded: 61 files, 266K in 0.07s (3.67 MB/s)
Converting code/../crawls/shop.lenovo.com/Privacy-Policy/raw/www.lenovo.com/privacy/details/us/en/index.html... 196-6
Converting code/../crawls/shop.lenovo.com/Privacy-Policy/raw/shop.lenovo.com/ISS_Static/WW/omniture/s_code_setup.js.html... nothing to do.
Converting code/../crawls/shop.lenovo.com/Privacy-Policy/raw/www.lenovo.com/css/masthead-footer.css... 0-7
Converting code/../crawls/shop.lenovo.com/Privacy-Policy/raw/www.lenovo.com/common/v15/print.css... nothing to do.
Converting code/../crawls/shop.lenovo.com/Privacy-Policy/raw/shop.lenovo.com/ISS_Static/WW/css/buttons.css... nothing to do.
Converting code/../crawls/shop.lenovo.com/Privacy-Policy/raw/www.lenovo.com/css/global.css... 0-15
Converting code/../crawls/shop.lenovo.com/Privacy-Policy/raw/www.lenovo.com/css/homepage.css... 0-8
Converting code/../crawls/shop.lenovo.com/Privacy-Policy/raw/www.lenovo.com/common/v15/us/en/main.css... 42-0
Converting code/../crawls/shop.lenovo.com/Privacy-Policy/raw/www.lenovo.com/common/v15/screen.css... 1-0
Converting code/../crawls/shop.lenovo.com/Privacy-Policy/raw/www.lenovo.com/css/hybrid.css... 1-0
Converting code/../crawls/shop.lenovo.com/Privacy-Policy/raw/www.lenovo.com/css/dotcom.css... 4-0
Converting code/../crawls/shop.lenovo.com/Privacy-Policy/raw/www.lenovo.com/css/reset-min.css... nothing to do.
Converted 12 files in 0.1 seconds.
