--2012-04-15 08:30:38--  http://www.scrippsnetworks.com/privacy.aspx
Resolving www.scrippsnetworks.com... 204.78.35.49
Connecting to www.scrippsnetworks.com|204.78.35.49|:80... connected.
HTTP request sent, awaiting response... 200 OK
Length: 59889 (58K) [text/html]
Saving to: `code/../crawls/food.com/Privacy-Policy/raw/www.scrippsnetworks.com/privacy.aspx.html'

     0K .......... .......... .......... .......... .......... 85% 84.4K 0s
    50K ........                                              100%  173M=0.6s

2012-04-15 08:30:39 (98.7 KB/s) - `code/../crawls/food.com/Privacy-Policy/raw/www.scrippsnetworks.com/privacy.aspx.html' saved [59889/59889]

--2012-04-15 08:30:39--  http://www.scrippsnetworks.com/sn.css
Reusing existing connection to www.scrippsnetworks.com:80.
HTTP request sent, awaiting response... 200 OK
Length: 8582 (8.4K) [text/css]
Saving to: `code/../crawls/food.com/Privacy-Policy/raw/www.scrippsnetworks.com/sn.css'

     0K ........                                              100% 6.57M=0.001s

2012-04-15 08:30:39 (6.57 MB/s) - `code/../crawls/food.com/Privacy-Policy/raw/www.scrippsnetworks.com/sn.css' saved [8582/8582]

--2012-04-15 08:30:39--  http://www.scrippsnetworks.com/script/mm_initialize.js
Reusing existing connection to www.scrippsnetworks.com:80.
HTTP request sent, awaiting response... 200 OK
Length: 1362 (1.3K) [application/x-javascript]
Saving to: `code/../crawls/food.com/Privacy-Policy/raw/www.scrippsnetworks.com/script/mm_initialize.js'

     0K .                                                     100%  188M=0s

2012-04-15 08:30:39 (188 MB/s) - `code/../crawls/food.com/Privacy-Policy/raw/www.scrippsnetworks.com/script/mm_initialize.js' saved [1362/1362]

--2012-04-15 08:30:39--  http://www.scrippsnetworks.com/images/skins/ScrippsCorp/PanelBar.ScrippsCorp.css
Reusing existing connection to www.scrippsnetworks.com:80.
HTTP request sent, awaiting response... 200 OK
Length: 2297 (2.2K) [text/css]
Saving to: `code/../crawls/food.com/Privacy-Policy/raw/www.scrippsnetworks.com/images/skins/ScrippsCorp/PanelBar.ScrippsCorp.css'

     0K ..                                                    100%  209M=0s

2012-04-15 08:30:39 (209 MB/s) - `code/../crawls/food.com/Privacy-Policy/raw/www.scrippsnetworks.com/images/skins/ScrippsCorp/PanelBar.ScrippsCorp.css' saved [2297/2297]

The name is too long, 174 chars total.
Trying to shorten...
New name is WebResource.axd?d=5ElQlmZSoBPJ4H1cd3ezCjb6Ay2tm2uGjOD6ZOsGAX-vnxxrgiw-Z9pOv876uJoehPs5sKCCZSoAOGfZ2Q2Fy4G33-n6-9fDRzr2iUqsoQJz-.
The name is too long, 174 chars total.
Trying to shorten...
New name is WebResource.axd?d=5ElQlmZSoBPJ4H1cd3ezCjb6Ay2tm2uGjOD6ZOsGAX-vnxxrgiw-Z9pOv876uJoehPs5sKCCZSoAOGfZ2Q2Fy4G33-n6-9fDRzr2iUqsoQJz-.
--2012-04-15 08:30:39--  http://www.scrippsnetworks.com/WebResource.axd?d=5ElQlmZSoBPJ4H1cd3ezCjb6Ay2tm2uGjOD6ZOsGAX-vnxxrgiw-Z9pOv876uJoehPs5sKCCZSoAOGfZ2Q2Fy4G33-n6-9fDRzr2iUqsoQJz-tPsPD5AG6C2JpjL2-Ughab_vg2&t=634612891780000000
Reusing existing connection to www.scrippsnetworks.com:80.
HTTP request sent, awaiting response... 200 OK
Length: 4817 (4.7K) [text/css]
Saving to: `code/../crawls/food.com/Privacy-Policy/raw/www.scrippsnetworks.com/WebResource.axd?d=5ElQlmZSoBPJ4H1cd3ezCjb6Ay2tm2uGjOD6ZOsGAX-vnxxrgiw-Z9pOv876uJoehPs5sKCCZSoAOGfZ2Q2Fy4G33-n6-9fDRzr2iUqsoQJz-.css'

     0K ....                                                  100% 30.2M=0s

2012-04-15 08:30:39 (30.2 MB/s) - `code/../crawls/food.com/Privacy-Policy/raw/www.scrippsnetworks.com/WebResource.axd?d=5ElQlmZSoBPJ4H1cd3ezCjb6Ay2tm2uGjOD6ZOsGAX-vnxxrgiw-Z9pOv876uJoehPs5sKCCZSoAOGfZ2Q2Fy4G33-n6-9fDRzr2iUqsoQJz-.css' saved [4817/4817]

The name is too long, 131 chars total.
Trying to shorten...
New name is WebResource.axd?d=RTOsDfVJZ-Q0YS0cGBiaCJgQdyB6BKIxnQn-QlJ8jsu7Rq-sL0OpukQw07CPthKusRCHB9ISKf9_lOBVAQFA7QC3Gb01&t=63422537534345.
The name is too long, 131 chars total.
Trying to shorten...
New name is WebResource.axd?d=RTOsDfVJZ-Q0YS0cGBiaCJgQdyB6BKIxnQn-QlJ8jsu7Rq-sL0OpukQw07CPthKusRCHB9ISKf9_lOBVAQFA7QC3Gb01&t=63422537534345.
--2012-04-15 08:30:39--  http://www.scrippsnetworks.com/WebResource.axd?d=RTOsDfVJZ-Q0YS0cGBiaCJgQdyB6BKIxnQn-QlJ8jsu7Rq-sL0OpukQw07CPthKusRCHB9ISKf9_lOBVAQFA7QC3Gb01&t=634225375343452146
Reusing existing connection to www.scrippsnetworks.com:80.
HTTP request sent, awaiting response... 200 OK
Length: 20794 (20K) [application/x-javascript]
Saving to: `code/../crawls/food.com/Privacy-Policy/raw/www.scrippsnetworks.com/WebResource.axd?d=RTOsDfVJZ-Q0YS0cGBiaCJgQdyB6BKIxnQn-QlJ8jsu7Rq-sL0OpukQw07CPthKusRCHB9ISKf9_lOBVAQFA7QC3Gb01&t=63422537534345'

     0K .......... ..........                                 100% 11.8M=0.002s

2012-04-15 08:30:39 (11.8 MB/s) - `code/../crawls/food.com/Privacy-Policy/raw/www.scrippsnetworks.com/WebResource.axd?d=RTOsDfVJZ-Q0YS0cGBiaCJgQdyB6BKIxnQn-QlJ8jsu7Rq-sL0OpukQw07CPthKusRCHB9ISKf9_lOBVAQFA7QC3Gb01&t=63422537534345' saved [20794/20794]

The name is too long, 501 chars total.
Trying to shorten...
New name is Telerik.Web.UI.WebResource.axd?_TSM_HiddenField_=ctl00_RadScriptManager1_TSM&compress=1&_TSM_CombinedScripts_=%3b%3bSystem.Web..
The name is too long, 501 chars total.
Trying to shorten...
New name is Telerik.Web.UI.WebResource.axd?_TSM_HiddenField_=ctl00_RadScriptManager1_TSM&compress=1&_TSM_CombinedScripts_=%3b%3bSystem.Web..
--2012-04-15 08:30:39--  http://www.scrippsnetworks.com/Telerik.Web.UI.WebResource.axd?_TSM_HiddenField_=ctl00_RadScriptManager1_TSM&compress=1&_TSM_CombinedScripts_=%3b%3bSystem.Web.Extensions%2c+Version%3d3.5.0.0%2c+Culture%3dneutral%2c+PublicKeyToken%3d31bf3856ad364e35%3aen-US%3a3de828f0-5e0d-4c7d-a36b-56a9773c0def%3aea597d4b%3ab25378d2%3bTelerik.Web.UI%2c+Version%3d2011.3.1305.35%2c+Culture%3dneutral%2c+PublicKeyToken%3d121fae78165ba3d4%3aen-US%3ac331b262-facd-47ae-9de3-709a764247d7%3a16e4e7cd%3af7645509%3a24ee1bba%3af46195d3%3a1e771326%3a4cacbc31
Reusing existing connection to www.scrippsnetworks.com:80.
HTTP request sent, awaiting response... 200 OK
Length: 377814 (369K) [application/x-javascript]
Saving to: `code/../crawls/food.com/Privacy-Policy/raw/www.scrippsnetworks.com/Telerik.Web.UI.WebResource.axd?_TSM_HiddenField_=ctl00_RadScriptManager1_TSM&compress=1&_TSM_CombinedScripts_=%3b%3bSystem.Web.'

     0K .......... .......... .......... .......... .......... 13%  526K 1s
    50K .......... .......... .......... .......... .......... 27%  270K 1s
   100K .......... .......... .......... .......... .......... 40%  520K 1s
   150K .......... .......... .......... .......... .......... 54%  272K 0s
   200K .......... .......... .......... .......... .......... 67%  522K 0s
   250K .......... .......... .......... .......... .......... 81%  273K 0s
   300K .......... .......... .......... .......... .......... 94%  525K 0s
   350K .......... ........                                   100% 3.41M=0.9s

2012-04-15 08:30:40 (393 KB/s) - `code/../crawls/food.com/Privacy-Policy/raw/www.scrippsnetworks.com/Telerik.Web.UI.WebResource.axd?_TSM_HiddenField_=ctl00_RadScriptManager1_TSM&compress=1&_TSM_CombinedScripts_=%3b%3bSystem.Web.' saved [377814/377814]

--2012-04-15 08:30:40--  http://www.scrippsnetworks.com/images/header_inside_bg.jpg
Reusing existing connection to www.scrippsnetworks.com:80.
HTTP request sent, awaiting response... 200 OK
Length: 7729 (7.5K) [image/jpeg]
Saving to: `code/../crawls/food.com/Privacy-Policy/raw/www.scrippsnetworks.com/images/header_inside_bg.jpg'

     0K .......                                               100% 15.8M=0s

2012-04-15 08:30:40 (15.8 MB/s) - `code/../crawls/food.com/Privacy-Policy/raw/www.scrippsnetworks.com/images/header_inside_bg.jpg' saved [7729/7729]

--2012-04-15 08:30:40--  http://www.scrippsnetworks.com/images/sn_logo.png
Reusing existing connection to www.scrippsnetworks.com:80.
HTTP request sent, awaiting response... 200 OK
Length: 3335 (3.3K) [image/png]
Saving to: `code/../crawls/food.com/Privacy-Policy/raw/www.scrippsnetworks.com/images/sn_logo.png'

     0K ...                                                   100% 8.50M=0s

2012-04-15 08:30:40 (8.50 MB/s) - `code/../crawls/food.com/Privacy-Policy/raw/www.scrippsnetworks.com/images/sn_logo.png' saved [3335/3335]

--2012-04-15 08:30:40--  http://www.scrippsnetworks.com/images/header_hgtv_off.png
Reusing existing connection to www.scrippsnetworks.com:80.
HTTP request sent, awaiting response... 200 OK
Length: 1599 (1.6K) [image/png]
Saving to: `code/../crawls/food.com/Privacy-Policy/raw/www.scrippsnetworks.com/images/header_hgtv_off.png'

     0K .                                                     100%  217M=0s

2012-04-15 08:30:41 (217 MB/s) - `code/../crawls/food.com/Privacy-Policy/raw/www.scrippsnetworks.com/images/header_hgtv_off.png' saved [1599/1599]

--2012-04-15 08:30:41--  http://www.scrippsnetworks.com/images/header_diy_off.png
Reusing existing connection to www.scrippsnetworks.com:80.
HTTP request sent, awaiting response... 200 OK
Length: 1685 (1.6K) [image/png]
Saving to: `code/../crawls/food.com/Privacy-Policy/raw/www.scrippsnetworks.com/images/header_diy_off.png'

     0K .                                                     100%  239M=0s

2012-04-15 08:30:41 (239 MB/s) - `code/../crawls/food.com/Privacy-Policy/raw/www.scrippsnetworks.com/images/header_diy_off.png' saved [1685/1685]

--2012-04-15 08:30:41--  http://www.scrippsnetworks.com/images/header_food_off.png
Reusing existing connection to www.scrippsnetworks.com:80.
HTTP request sent, awaiting response... 200 OK
Length: 1798 (1.8K) [image/png]
Saving to: `code/../crawls/food.com/Privacy-Policy/raw/www.scrippsnetworks.com/images/header_food_off.png'

     0K .                                                     100%  255M=0s

2012-04-15 08:30:41 (255 MB/s) - `code/../crawls/food.com/Privacy-Policy/raw/www.scrippsnetworks.com/images/header_food_off.png' saved [1798/1798]

--2012-04-15 08:30:41--  http://www.scrippsnetworks.com/images/header_cook_off.png
Reusing existing connection to www.scrippsnetworks.com:80.
HTTP request sent, awaiting response... 200 OK
Length: 1722 (1.7K) [image/png]
Saving to: `code/../crawls/food.com/Privacy-Policy/raw/www.scrippsnetworks.com/images/header_cook_off.png'

     0K .                                                     100%  247M=0s

2012-04-15 08:30:41 (247 MB/s) - `code/../crawls/food.com/Privacy-Policy/raw/www.scrippsnetworks.com/images/header_cook_off.png' saved [1722/1722]

--2012-04-15 08:30:41--  http://www.scrippsnetworks.com/images/header_travel_off.png
Reusing existing connection to www.scrippsnetworks.com:80.
HTTP request sent, awaiting response... 200 OK
Length: 1661 (1.6K) [image/png]
Saving to: `code/../crawls/food.com/Privacy-Policy/raw/www.scrippsnetworks.com/images/header_travel_off.png'

     0K .                                                     100%  233M=0s

2012-04-15 08:30:41 (233 MB/s) - `code/../crawls/food.com/Privacy-Policy/raw/www.scrippsnetworks.com/images/header_travel_off.png' saved [1661/1661]

--2012-04-15 08:30:41--  http://www.scrippsnetworks.com/images/header_gac_off.png
Reusing existing connection to www.scrippsnetworks.com:80.
HTTP request sent, awaiting response... 200 OK
Length: 1571 (1.5K) [image/png]
Saving to: `code/../crawls/food.com/Privacy-Policy/raw/www.scrippsnetworks.com/images/header_gac_off.png'

     0K .                                                     100%  237M=0s

2012-04-15 08:30:41 (237 MB/s) - `code/../crawls/food.com/Privacy-Policy/raw/www.scrippsnetworks.com/images/header_gac_off.png' saved [1571/1571]

--2012-04-15 08:30:41--  http://www.scrippsnetworks.com/images/btn_search-up.gif
Reusing existing connection to www.scrippsnetworks.com:80.
HTTP request sent, awaiting response... 200 OK
Length: 1508 (1.5K) [image/gif]
Saving to: `code/../crawls/food.com/Privacy-Policy/raw/www.scrippsnetworks.com/images/btn_search-up.gif'

     0K .                                                     100%  223M=0s

2012-04-15 08:30:41 (223 MB/s) - `code/../crawls/food.com/Privacy-Policy/raw/www.scrippsnetworks.com/images/btn_search-up.gif' saved [1508/1508]

--2012-04-15 08:30:41--  http://www.scrippsnetworks.com/images/fb_icon.png
Reusing existing connection to www.scrippsnetworks.com:80.
HTTP request sent, awaiting response... 200 OK
Length: 2395 (2.3K) [image/png]
Saving to: `code/../crawls/food.com/Privacy-Policy/raw/www.scrippsnetworks.com/images/fb_icon.png'

     0K ..                                                    100% 12.5M=0s

2012-04-15 08:30:41 (12.5 MB/s) - `code/../crawls/food.com/Privacy-Policy/raw/www.scrippsnetworks.com/images/fb_icon.png' saved [2395/2395]

--2012-04-15 08:30:41--  http://www.scrippsnetworks.com/images/twitter_icon.png
Reusing existing connection to www.scrippsnetworks.com:80.
HTTP request sent, awaiting response... 200 OK
Length: 2640 (2.6K) [image/png]
Saving to: `code/../crawls/food.com/Privacy-Policy/raw/www.scrippsnetworks.com/images/twitter_icon.png'

     0K ..                                                    100% 46.0M=0s

2012-04-15 08:30:41 (46.0 MB/s) - `code/../crawls/food.com/Privacy-Policy/raw/www.scrippsnetworks.com/images/twitter_icon.png' saved [2640/2640]

--2012-04-15 08:30:41--  http://www.scrippsnetworks.com/images/linkedin_icon.png
Reusing existing connection to www.scrippsnetworks.com:80.
HTTP request sent, awaiting response... 200 OK
Length: 2192 (2.1K) [image/png]
Saving to: `code/../crawls/food.com/Privacy-Policy/raw/www.scrippsnetworks.com/images/linkedin_icon.png'

     0K ..                                                    100%  310M=0s

2012-04-15 08:30:41 (310 MB/s) - `code/../crawls/food.com/Privacy-Policy/raw/www.scrippsnetworks.com/images/linkedin_icon.png' saved [2192/2192]

--2012-04-15 08:30:41--  http://www.scrippsnetworks.com/images/spacer.gif
Reusing existing connection to www.scrippsnetworks.com:80.
HTTP request sent, awaiting response... 200 OK
Length: 1095 (1.1K) [image/gif]
Saving to: `code/../crawls/food.com/Privacy-Policy/raw/www.scrippsnetworks.com/images/spacer.gif'

     0K .                                                     100%  181M=0s

2012-04-15 08:30:42 (181 MB/s) - `code/../crawls/food.com/Privacy-Policy/raw/www.scrippsnetworks.com/images/spacer.gif' saved [1095/1095]

--2012-04-15 08:30:42--  http://www.scrippsnetworks.com/images/footer_bg.jpg
Reusing existing connection to www.scrippsnetworks.com:80.
HTTP request sent, awaiting response... 200 OK
Length: 10727 (10K) [image/jpeg]
Saving to: `code/../crawls/food.com/Privacy-Policy/raw/www.scrippsnetworks.com/images/footer_bg.jpg'

     0K ..........                                            100% 11.5M=0.001s

2012-04-15 08:30:42 (11.5 MB/s) - `code/../crawls/food.com/Privacy-Policy/raw/www.scrippsnetworks.com/images/footer_bg.jpg' saved [10727/10727]

--2012-04-15 08:30:42--  http://www.scrippsnetworks.com/script/s_code.js
Reusing existing connection to www.scrippsnetworks.com:80.
HTTP request sent, awaiting response... 200 OK
Length: 30151 (29K) [application/x-javascript]
Saving to: `code/../crawls/food.com/Privacy-Policy/raw/www.scrippsnetworks.com/script/s_code.js'

     0K .......... .......... .........                       100% 12.0M=0.002s

2012-04-15 08:30:42 (12.0 MB/s) - `code/../crawls/food.com/Privacy-Policy/raw/www.scrippsnetworks.com/script/s_code.js' saved [30151/30151]

--2012-04-15 08:30:42--  http://ewscripps.112.2o7.net/b/ss/scrippscorporate/1/H.22.1--NS/0
Resolving ewscripps.112.2o7.net... 66.235.138.2, 66.235.138.18, 66.235.138.19, ...
Connecting to ewscripps.112.2o7.net|66.235.138.2|:80... connected.
HTTP request sent, awaiting response... 302 Found
Location: http://ewscripps.112.2o7.net/b/ss/scrippscorporate/1/H.22.1--NS/0?AQB=1&pccr=true&AQE=1 [following]
--2012-04-15 08:30:42--  http://ewscripps.112.2o7.net/b/ss/scrippscorporate/1/H.22.1--NS/0?AQB=1&pccr=true&AQE=1
Reusing existing connection to ewscripps.112.2o7.net:80.
HTTP request sent, awaiting response... 200 OK
Length: 43 [image/gif]
Saving to: `code/../crawls/food.com/Privacy-Policy/raw/ewscripps.112.2o7.net/b/ss/scrippscorporate/1/H.22.1--NS/0'

     0K                                                       100% 7.24M=0s

2012-04-15 08:30:42 (7.24 MB/s) - `code/../crawls/food.com/Privacy-Policy/raw/ewscripps.112.2o7.net/b/ss/scrippscorporate/1/H.22.1--NS/0' saved [43/43]

--2012-04-15 08:30:42--  http://www.scrippsnetworks.com/images/search_form_bg.jpg
Connecting to www.scrippsnetworks.com|204.78.35.49|:80... connected.
HTTP request sent, awaiting response... 404 Not Found
2012-04-15 08:30:42 ERROR 404: Not Found.

FINISHED --2012-04-15 08:30:42--
Total wall clock time: 4.1s
Downloaded: 23 files, 535K in 1.5s (347 KB/s)
Converting code/../crawls/food.com/Privacy-Policy/raw/www.scrippsnetworks.com/privacy.aspx.html... 24-38
Converting code/../crawls/food.com/Privacy-Policy/raw/www.scrippsnetworks.com/sn.css... 0-1
Converting code/../crawls/food.com/Privacy-Policy/raw/www.scrippsnetworks.com/WebResource.axd?d=5ElQlmZSoBPJ4H1cd3ezCjb6Ay2tm2uGjOD6ZOsGAX-vnxxrgiw-Z9pOv876uJoehPs5sKCCZSoAOGfZ2Q2Fy4G33-n6-9fDRzr2iUqsoQJz-.css... nothing to do.
Converting code/../crawls/food.com/Privacy-Policy/raw/www.scrippsnetworks.com/images/skins/ScrippsCorp/PanelBar.ScrippsCorp.css... nothing to do.
Converted 4 files in 0.002 seconds.
