--2013-01-19 05:13:46--  http://twitpic.com/terms.do
Resolving twitpic.com... 50.23.200.230
Connecting to twitpic.com|50.23.200.230|:80... connected.
HTTP request sent, awaiting response... 200 OK
Length: unspecified [text/html]
Saving to: `code/../crawls/twitpic.com/Terms-of-Service/raw/twitpic.com/terms.do.html'

     0K .......... ..........                                   160K=0.1s

2013-01-19 05:13:46 (160 KB/s) - `code/../crawls/twitpic.com/Terms-of-Service/raw/twitpic.com/terms.do.html' saved [21369]

--2013-01-19 05:13:46--  http://twitpic.com/images/favicon.ico
Reusing existing connection to twitpic.com:80.
HTTP request sent, awaiting response... 200 OK
Length: 1150 (1.1K) [image/x-icon]
Saving to: `code/../crawls/twitpic.com/Terms-of-Service/raw/twitpic.com/images/favicon.ico'

     0K .                                                     100%  177M=0s

2013-01-19 05:13:46 (177 MB/s) - `code/../crawls/twitpic.com/Terms-of-Service/raw/twitpic.com/images/favicon.ico' saved [1150/1150]

--2013-01-19 05:13:46--  http://twitpic.com/css/baseline/baseline.min.css
Reusing existing connection to twitpic.com:80.
HTTP request sent, awaiting response... 200 OK
Length: 16431 (16K) [text/css]
Saving to: `code/../crawls/twitpic.com/Terms-of-Service/raw/twitpic.com/css/baseline/baseline.min.css'

     0K .......... ......                                     100%  372K=0.04s

2013-01-19 05:13:46 (372 KB/s) - `code/../crawls/twitpic.com/Terms-of-Service/raw/twitpic.com/css/baseline/baseline.min.css' saved [16431/16431]

--2013-01-19 05:13:46--  http://twitpic.com/css/lib/main.min.css?v2
Reusing existing connection to twitpic.com:80.
HTTP request sent, awaiting response... 200 OK
Length: 31488 (31K) [text/css]
Saving to: `code/../crawls/twitpic.com/Terms-of-Service/raw/twitpic.com/css/lib/main.min.css?v2.css'

     0K .......... .......... ..........                      100%  679K=0.05s

2013-01-19 05:13:46 (679 KB/s) - `code/../crawls/twitpic.com/Terms-of-Service/raw/twitpic.com/css/lib/main.min.css?v2.css' saved [31488/31488]

--2013-01-19 05:13:46--  http://ajax.googleapis.com/ajax/libs/jquery/1.7.1/jquery.min.js
Resolving ajax.googleapis.com... 173.194.78.95, 2a00:1450:400c:c00::5f
Connecting to ajax.googleapis.com|173.194.78.95|:80... connected.
HTTP request sent, awaiting response... 200 OK
Length: unspecified [text/javascript]
Saving to: `code/../crawls/twitpic.com/Terms-of-Service/raw/ajax.googleapis.com/ajax/libs/jquery/1.7.1/jquery.min.js'

     0K .......... .......... .......... .......... .......... 55.5K
    50K .......... .......... .......... .......... .           282K=1.0s

2013-01-19 05:13:48 (87.4 KB/s) - `code/../crawls/twitpic.com/Terms-of-Service/raw/ajax.googleapis.com/ajax/libs/jquery/1.7.1/jquery.min.js' saved [93868]

--2013-01-19 05:13:48--  http://twitpic.com/js/ext/jquery.timeago.js
Connecting to twitpic.com|50.23.200.230|:80... connected.
HTTP request sent, awaiting response... 200 OK
Length: 4542 (4.4K) [application/x-javascript]
Saving to: `code/../crawls/twitpic.com/Terms-of-Service/raw/twitpic.com/js/ext/jquery.timeago.js'

     0K ....                                                  100%  101K=0.04s

2013-01-19 05:13:48 (101 KB/s) - `code/../crawls/twitpic.com/Terms-of-Service/raw/twitpic.com/js/ext/jquery.timeago.js' saved [4542/4542]

--2013-01-19 05:13:48--  http://twitpic.com/js/ext/ejs.js
Reusing existing connection to twitpic.com:80.
HTTP request sent, awaiting response... 200 OK
Length: 12881 (13K) [application/x-javascript]
Saving to: `code/../crawls/twitpic.com/Terms-of-Service/raw/twitpic.com/js/ext/ejs.js'

     0K .......... ..                                         100%  284K=0.04s

2013-01-19 05:13:48 (284 KB/s) - `code/../crawls/twitpic.com/Terms-of-Service/raw/twitpic.com/js/ext/ejs.js' saved [12881/12881]

--2013-01-19 05:13:48--  http://maps.google.com/maps/api/js?sensor=false
Resolving maps.google.com... 173.194.41.102, 173.194.41.103, 173.194.41.104, ...
Connecting to maps.google.com|173.194.41.102|:80... connected.
HTTP request sent, awaiting response... 200 OK
Length: unspecified [text/javascript]
Saving to: `code/../crawls/twitpic.com/Terms-of-Service/raw/maps.google.com/maps/api/js?sensor=false'

     0K ..                                                      200M=0s

2013-01-19 05:13:48 (200 MB/s) - `code/../crawls/twitpic.com/Terms-of-Service/raw/maps.google.com/maps/api/js?sensor=false' saved [2335]

--2013-01-19 05:13:48--  http://twitpic.com/js/swfupload/swfupload.js
Connecting to twitpic.com|50.23.200.230|:80... connected.
HTTP request sent, awaiting response... 200 OK
Length: 55257 (54K) [application/x-javascript]
Saving to: `code/../crawls/twitpic.com/Terms-of-Service/raw/twitpic.com/js/swfupload/swfupload.js'

     0K .......... .......... .......... .......... .......... 92%  305K 0s
    50K ...                                                   100% 15.2M=0.2s

2013-01-19 05:13:48 (329 KB/s) - `code/../crawls/twitpic.com/Terms-of-Service/raw/twitpic.com/js/swfupload/swfupload.js' saved [55257/55257]

--2013-01-19 05:13:49--  http://platform.twitter.com/anywhere.js?id=FeB4w6iaI2ICGtL1ZE0jQ&v=1
Resolving platform.twitter.com... 23.56.127.144
Connecting to platform.twitter.com|23.56.127.144|:80... connected.
HTTP request sent, awaiting response... 200 OK
Length: 7968 (7.8K) [application/javascript]
Saving to: `code/../crawls/twitpic.com/Terms-of-Service/raw/platform.twitter.com/anywhere.js?id=FeB4w6iaI2ICGtL1ZE0jQ&v=1'

     0K .......                                               100% 2.93M=0.003s

2013-01-19 05:13:49 (2.93 MB/s) - `code/../crawls/twitpic.com/Terms-of-Service/raw/platform.twitter.com/anywhere.js?id=FeB4w6iaI2ICGtL1ZE0jQ&v=1' saved [7968/7968]

--2013-01-19 05:13:49--  http://s7.addthis.com/js/300/addthis_widget.js
Resolving s7.addthis.com... 23.56.124.20
Connecting to s7.addthis.com|23.56.124.20|:80... connected.
HTTP request sent, awaiting response... 200 OK
Length: 6800 (6.6K) [application/javascript]
Saving to: `code/../crawls/twitpic.com/Terms-of-Service/raw/s7.addthis.com/js/300/addthis_widget.js'

     0K ......                                                100% 2.40M=0.003s

2013-01-19 05:13:49 (2.40 MB/s) - `code/../crawls/twitpic.com/Terms-of-Service/raw/s7.addthis.com/js/300/addthis_widget.js' saved [6800/6800]

--2013-01-19 05:13:49--  http://twitpic.com/js/lib/twitpic.min.js?v7
Connecting to twitpic.com|50.23.200.230|:80... connected.
HTTP request sent, awaiting response... 200 OK
Length: 67423 (66K) [application/x-javascript]
Saving to: `code/../crawls/twitpic.com/Terms-of-Service/raw/twitpic.com/js/lib/twitpic.min.js?v7'

     0K .......... .......... .......... .......... .......... 75%  377K 0s
    50K .......... .....                                      100%  371K=0.2s

2013-01-19 05:13:49 (375 KB/s) - `code/../crawls/twitpic.com/Terms-of-Service/raw/twitpic.com/js/lib/twitpic.min.js?v7' saved [67423/67423]

--2013-01-19 05:13:49--  http://twitpic.com/js/video-js/video.js
Reusing existing connection to twitpic.com:80.
HTTP request sent, awaiting response... 200 OK
Length: 67773 (66K) [application/x-javascript]
Saving to: `code/../crawls/twitpic.com/Terms-of-Service/raw/twitpic.com/js/video-js/video.js'

     0K .......... .......... .......... .......... .......... 75% 1.06M 0s
    50K .......... ......                                     100% 12.4M=0.05s

2013-01-19 05:13:49 (1.37 MB/s) - `code/../crawls/twitpic.com/Terms-of-Service/raw/twitpic.com/js/video-js/video.js' saved [67773/67773]

--2013-01-19 05:13:49--  http://twitpic.com/js/video-js/video-js.css
Reusing existing connection to twitpic.com:80.
HTTP request sent, awaiting response... 200 OK
Length: 14971 (15K) [text/css]
Saving to: `code/../crawls/twitpic.com/Terms-of-Service/raw/twitpic.com/js/video-js/video-js.css'

     0K .......... ....                                       100% 8.15M=0.002s

2013-01-19 05:13:49 (8.15 MB/s) - `code/../crawls/twitpic.com/Terms-of-Service/raw/twitpic.com/js/video-js/video-js.css' saved [14971/14971]

--2013-01-19 05:13:49--  http://twitpic.com/js/video-js/skins/vim.css
Reusing existing connection to twitpic.com:80.
HTTP request sent, awaiting response... 200 OK
Length: 6214 (6.1K) [text/css]
Saving to: `code/../crawls/twitpic.com/Terms-of-Service/raw/twitpic.com/js/video-js/skins/vim.css'

     0K ......                                                100% 14.4M=0s

2013-01-19 05:13:49 (14.4 MB/s) - `code/../crawls/twitpic.com/Terms-of-Service/raw/twitpic.com/js/video-js/skins/vim.css' saved [6214/6214]

--2013-01-19 05:13:49--  http://twitpic.com/%5C%22http:%5C/%5C/twitpic.com%5C/show%5C/large%5C/
Reusing existing connection to twitpic.com:80.
HTTP request sent, awaiting response... 404 Not Found
2013-01-19 05:13:49 ERROR 404: Not Found.

--2013-01-19 05:13:49--  http://twitpic.com/%5C%22
Reusing existing connection to twitpic.com:80.
HTTP request sent, awaiting response... 404 Not Found
2013-01-19 05:13:49 ERROR 404: Not Found.

--2013-01-19 05:13:49--  http://twitpic.com/%5C%22%5C/images%5C/delete.png%5C%22
Reusing existing connection to twitpic.com:80.
HTTP request sent, awaiting response... 404 Not Found
2013-01-19 05:13:49 ERROR 404: Not Found.

--2013-01-19 05:13:49--  http://twitpic.com/%5C%22%5C/images%5C/hud-img-arrow-cc.png%5C%22
Reusing existing connection to twitpic.com:80.
HTTP request sent, awaiting response... 404 Not Found
2013-01-19 05:13:49 ERROR 404: Not Found.

--2013-01-19 05:13:49--  http://twitpic.com/%5C%22%5C/images%5C/hud-img-arrow.png%5C%22
Reusing existing connection to twitpic.com:80.
HTTP request sent, awaiting response... 404 Not Found
2013-01-19 05:13:49 ERROR 404: Not Found.

--2013-01-19 05:13:49--  http://twitpic.com/%5C%22%5C/show%5C/large%5C/
Reusing existing connection to twitpic.com:80.
HTTP request sent, awaiting response... 404 Not Found
2013-01-19 05:13:49 ERROR 404: Not Found.

--2013-01-19 05:13:49--  http://twitpic.com/images/logo.png
Reusing existing connection to twitpic.com:80.
HTTP request sent, awaiting response... 200 OK
Length: 9302 (9.1K) [image/png]
Saving to: `code/../crawls/twitpic.com/Terms-of-Service/raw/twitpic.com/images/logo.png'

     0K .........                                             100% 13.2M=0.001s

2013-01-19 05:13:49 (13.2 MB/s) - `code/../crawls/twitpic.com/Terms-of-Service/raw/twitpic.com/images/logo.png' saved [9302/9302]

--2013-01-19 05:13:49--  http://platform.twitter.com/widgets.js
Connecting to platform.twitter.com|23.56.127.144|:80... connected.
HTTP request sent, awaiting response... 200 OK
Length: unspecified [application/javascript]
Saving to: `code/../crawls/twitpic.com/Terms-of-Service/raw/platform.twitter.com/widgets.js'

     0K .......... .......... .......... .......... .......... 4.66M
    50K .......... .......... ......                           9.86M=0.01s

2013-01-19 05:13:49 (5.70 MB/s) - `code/../crawls/twitpic.com/Terms-of-Service/raw/platform.twitter.com/widgets.js' saved [78288]

--2013-01-19 05:13:49--  http://connect.facebook.net/en_US/all.js
Resolving connect.facebook.net... 23.56.127.139, 2600:1406:1a:19b::eed, 2600:1406:1a:183::eed
Connecting to connect.facebook.net|23.56.127.139|:80... connected.
HTTP request sent, awaiting response... 200 OK
Length: unspecified [application/x-javascript]
Saving to: `code/../crawls/twitpic.com/Terms-of-Service/raw/connect.facebook.net/en_US/all.js'

     0K .......... .......... .......... .......... .......... 1.43M
    50K .......... .......... .......... .......... .......... 2.35M
   100K .......... .......... .......... .......... .......... 1.19M
   150K .......... .......... ...                               730K=0.1s

2013-01-19 05:13:50 (1.32 MB/s) - `code/../crawls/twitpic.com/Terms-of-Service/raw/connect.facebook.net/en_US/all.js' saved [178092]

--2013-01-19 05:13:50--  http://secure.quantserve.com/quant.js
Resolving secure.quantserve.com... 64.94.107.60, 64.94.107.61, 64.94.107.62, ...
Connecting to secure.quantserve.com|64.94.107.60|:80... connected.
HTTP request sent, awaiting response... 200 OK
Length: 5839 (5.7K) [application/x-javascript]
Saving to: `code/../crawls/twitpic.com/Terms-of-Service/raw/secure.quantserve.com/quant.js'

     0K .....                                                 100%  120K=0.05s

2013-01-19 05:13:50 (120 KB/s) - `code/../crawls/twitpic.com/Terms-of-Service/raw/secure.quantserve.com/quant.js' saved [5839/5839]

--2013-01-19 05:13:50--  http://secure.quantserve.com/pixel/p-28dQY-2rVKMYI.gif
Connecting to secure.quantserve.com|64.94.107.60|:80... connected.
HTTP request sent, awaiting response... 200 OK
Length: 35 [image/gif]
Saving to: `code/../crawls/twitpic.com/Terms-of-Service/raw/secure.quantserve.com/pixel/p-28dQY-2rVKMYI.gif'

     0K                                                       100% 5.94M=0s

2013-01-19 05:13:50 (5.94 MB/s) - `code/../crawls/twitpic.com/Terms-of-Service/raw/secure.quantserve.com/pixel/p-28dQY-2rVKMYI.gif' saved [35/35]

--2013-01-19 05:13:50--  http://rc.rlcdn.com/332971.html
Resolving rc.rlcdn.com... 107.21.40.157
Connecting to rc.rlcdn.com|107.21.40.157|:80... connected.
HTTP request sent, awaiting response... 302 Found
Location: http://rc.rlcdn.com/332971.html?redirect=1&rl=815e976a1799d4dd [following]
--2013-01-19 05:13:50--  http://rc.rlcdn.com/332971.html?redirect=1&rl=815e976a1799d4dd
Reusing existing connection to rc.rlcdn.com:80.
HTTP request sent, awaiting response... 200 OK
Length: 2148 (2.1K) [text/html]
Saving to: `code/../crawls/twitpic.com/Terms-of-Service/raw/rc.rlcdn.com/332971.html'

     0K ..                                                    100% 27.4M=0s

2013-01-19 05:13:50 (27.4 MB/s) - `code/../crawls/twitpic.com/Terms-of-Service/raw/rc.rlcdn.com/332971.html' saved [2148/2148]

--2013-01-19 05:13:50--  http://ib.adnxs.com/getuid?http%3A%2F%2Fidsync.rlcdn.com%2F52154.gif%3Fpartner_uid%3D%24UID
Resolving ib.adnxs.com... 68.67.151.142, 68.67.151.158, 68.67.151.165, ...
Connecting to ib.adnxs.com|68.67.151.142|:80... connected.
HTTP request sent, awaiting response... 302 Found
Location: http://ib.adnxs.com/bounce?%2Fgetuid%3Fhttp%253A%252F%252Fidsync.rlcdn.com%252F52154.gif%253Fpartner_uid%253D%2524UID [following]
--2013-01-19 05:13:50--  http://ib.adnxs.com/bounce?%2Fgetuid%3Fhttp%253A%252F%252Fidsync.rlcdn.com%252F52154.gif%253Fpartner_uid%253D%2524UID
Reusing existing connection to ib.adnxs.com:80.
HTTP request sent, awaiting response... 302 Moved
Location: http://idsync.rlcdn.com/52154.gif?partner_uid=8555102835950661191 [following]
--2013-01-19 05:13:50--  http://idsync.rlcdn.com/52154.gif?partner_uid=8555102835950661191
Resolving idsync.rlcdn.com... 107.21.39.76
Connecting to idsync.rlcdn.com|107.21.39.76|:80... connected.
HTTP request sent, awaiting response... 302 Found
Location: http://idsync.rlcdn.com/52154.gif?redirect=1&rl=72b6c94279fc9863053c9d1162e5e5c31ebee21fc51be0df8ee8616ce5040c40 [following]
--2013-01-19 05:13:50--  http://idsync.rlcdn.com/52154.gif?redirect=1&rl=72b6c94279fc9863053c9d1162e5e5c31ebee21fc51be0df8ee8616ce5040c40
Reusing existing connection to idsync.rlcdn.com:80.
HTTP request sent, awaiting response... 200 OK
Length: 43 [image/gif]
Saving to: `code/../crawls/twitpic.com/Terms-of-Service/raw/ib.adnxs.com/getuid?http%3A%2F%2Fidsync.rlcdn.com%2F52154.gif%3Fpartner_uid%3D%24UID'

     0K                                                       100% 6.72M=0s

2013-01-19 05:13:50 (6.72 MB/s) - `code/../crawls/twitpic.com/Terms-of-Service/raw/ib.adnxs.com/getuid?http%3A%2F%2Fidsync.rlcdn.com%2F52154.gif%3Fpartner_uid%3D%24UID' saved [43/43]

--2013-01-19 05:13:50--  http://sync.mathtag.com/sync/img?mt_exid=10017&redir=http%3A%2F%2Fidsync.rlcdn.com%2F47154.gif%3Fpartner_uid%3D%5BMM_UUID%5D
Resolving sync.mathtag.com... 74.121.136.89, 74.121.136.125
Connecting to sync.mathtag.com|74.121.136.89|:80... connected.
HTTP request sent, awaiting response... 302 Found
Location: http://sync.mathtag.com/sync/img?mt_exid=10017&redir=http%3A%2F%2Fidsync.rlcdn.com%2F47154.gif%3Fpartner_uid%3D%5BMM_UUID%5D&mm_bnc [following]
--2013-01-19 05:13:50--  http://sync.mathtag.com/sync/img?mt_exid=10017&redir=http%3A%2F%2Fidsync.rlcdn.com%2F47154.gif%3Fpartner_uid%3D%5BMM_UUID%5D&mm_bnc
Reusing existing connection to sync.mathtag.com:80.
HTTP request sent, awaiting response... 302 Found
Location: http://idsync.rlcdn.com/47154.gif?partner_uid=50fa9c0e-57ba-f79e-baa4-dcb1f5d3c61d [following]
--2013-01-19 05:13:50--  http://idsync.rlcdn.com/47154.gif?partner_uid=50fa9c0e-57ba-f79e-baa4-dcb1f5d3c61d
Connecting to idsync.rlcdn.com|107.21.39.76|:80... connected.
HTTP request sent, awaiting response... 302 Found
Location: http://idsync.rlcdn.com/47154.gif?redirect=1&rl=72b6c94279fc98637c7c6da401980128436bec99d406153f48a8a473c891ac720e52a481990ece1d77adc19c409134d5815e976a1799d4dd [following]
--2013-01-19 05:13:51--  http://idsync.rlcdn.com/47154.gif?redirect=1&rl=72b6c94279fc98637c7c6da401980128436bec99d406153f48a8a473c891ac720e52a481990ece1d77adc19c409134d5815e976a1799d4dd
Reusing existing connection to idsync.rlcdn.com:80.
HTTP request sent, awaiting response... 200 OK
Length: 43 [image/gif]
Saving to: `code/../crawls/twitpic.com/Terms-of-Service/raw/sync.mathtag.com/sync/img?mt_exid=10017&redir=http%3A%2F%2Fidsync.rlcdn.com%2F47154.gif%3Fpartner_uid%3D%5BMM_UUID%5D'

     0K                                                       100% 7.10M=0s

2013-01-19 05:13:51 (7.10 MB/s) - `code/../crawls/twitpic.com/Terms-of-Service/raw/sync.mathtag.com/sync/img?mt_exid=10017&redir=http%3A%2F%2Fidsync.rlcdn.com%2F47154.gif%3Fpartner_uid%3D%5BMM_UUID%5D' saved [43/43]

--2013-01-19 05:13:51--  http://d.xp1.ru4.com/activity?_o=37516008&_t=lr_cm
Resolving d.xp1.ru4.com... 199.38.165.156
Connecting to d.xp1.ru4.com|199.38.165.156|:80... connected.
HTTP request sent, awaiting response... 302 Moved Temporarily
Location: http://idsync.rlcdn.com/362378.gif?partner_uid=CG-00000003304553491 [following]
--2013-01-19 05:13:51--  http://idsync.rlcdn.com/362378.gif?partner_uid=CG-00000003304553491
Connecting to idsync.rlcdn.com|107.21.39.76|:80... connected.
HTTP request sent, awaiting response... 302 Found
Location: http://idsync.rlcdn.com/362378.gif?redirect=1&rl=72b6c94279fc9863aa1c6616643e6a28a44ed2190778e05a87680a764b253a17815e976a1799d4dd [following]
--2013-01-19 05:13:51--  http://idsync.rlcdn.com/362378.gif?redirect=1&rl=72b6c94279fc9863aa1c6616643e6a28a44ed2190778e05a87680a764b253a17815e976a1799d4dd
Reusing existing connection to idsync.rlcdn.com:80.
HTTP request sent, awaiting response... 200 OK
Length: 43 [image/gif]
Saving to: `code/../crawls/twitpic.com/Terms-of-Service/raw/d.xp1.ru4.com/activity?_o=37516008&_t=lr_cm'

     0K                                                       100% 7.12M=0s

2013-01-19 05:13:51 (7.12 MB/s) - `code/../crawls/twitpic.com/Terms-of-Service/raw/d.xp1.ru4.com/activity?_o=37516008&_t=lr_cm' saved [43/43]

--2013-01-19 05:13:51--  http://match.adsrvr.org/track/cmf/generic?ttd_pid=liveramp
Resolving match.adsrvr.org... 184.169.150.127, 50.18.107.15
Connecting to match.adsrvr.org|184.169.150.127|:80... connected.
HTTP request sent, awaiting response... 302 Found
Location: http://match.adsrvr.org/track/cmb/generic?ttd_pid=liveramp [following]
--2013-01-19 05:13:51--  http://match.adsrvr.org/track/cmb/generic?ttd_pid=liveramp
Reusing existing connection to match.adsrvr.org:80.
HTTP request sent, awaiting response... 302 Found
Location: http://idsync.rlcdn.com/361776.gif?partner_uid=e9540b84-633e-405b-8570-6cc1b0c5847e [following]
--2013-01-19 05:13:51--  http://idsync.rlcdn.com/361776.gif?partner_uid=e9540b84-633e-405b-8570-6cc1b0c5847e
Connecting to idsync.rlcdn.com|107.21.39.76|:80... connected.
HTTP request sent, awaiting response... 302 Found
Location: http://idsync.rlcdn.com/361776.gif?redirect=1&rl=72b6c94279fc9863aa3c74f8ca282b6c39535584ea89c13ba5550576faaec025bfde78856044ed26ecbcf989bc052a94815e976a1799d4dd [following]
--2013-01-19 05:13:51--  http://idsync.rlcdn.com/361776.gif?redirect=1&rl=72b6c94279fc9863aa3c74f8ca282b6c39535584ea89c13ba5550576faaec025bfde78856044ed26ecbcf989bc052a94815e976a1799d4dd
Reusing existing connection to idsync.rlcdn.com:80.
HTTP request sent, awaiting response... 200 OK
Length: 43 [image/gif]
Saving to: `code/../crawls/twitpic.com/Terms-of-Service/raw/match.adsrvr.org/track/cmf/generic?ttd_pid=liveramp'

     0K                                                       100% 7.20M=0s

2013-01-19 05:13:51 (7.20 MB/s) - `code/../crawls/twitpic.com/Terms-of-Service/raw/match.adsrvr.org/track/cmf/generic?ttd_pid=liveramp' saved [43/43]

--2013-01-19 05:13:51--  http://pix.npario-inc.net/DMP/_redir.gif?ck=C135&rd=http%3A%2F%2Fidsync.rlcdn.com%2F362668.gif%3Fpartner_uid%3D
Resolving pix.npario-inc.net... 54.243.49.240
Connecting to pix.npario-inc.net|54.243.49.240|:80... connected.
HTTP request sent, awaiting response... 302 Moved Temporarily
Location: http://idsync.rlcdn.com/362668.gif?partner_uid=0c88210df35a86fac864768c2cca8e6d [following]
--2013-01-19 05:13:52--  http://idsync.rlcdn.com/362668.gif?partner_uid=0c88210df35a86fac864768c2cca8e6d
Connecting to idsync.rlcdn.com|107.21.39.76|:80... connected.
HTTP request sent, awaiting response... 302 Found
Location: http://idsync.rlcdn.com/362668.gif?redirect=1&rl=72b6c94279fc986370d47ea6c4dfd9eaa3ec648670cc1801ea398e72641b06a2e33cbc3b5d919abc15d54e5f697fda6a [following]
--2013-01-19 05:13:52--  http://idsync.rlcdn.com/362668.gif?redirect=1&rl=72b6c94279fc986370d47ea6c4dfd9eaa3ec648670cc1801ea398e72641b06a2e33cbc3b5d919abc15d54e5f697fda6a
Reusing existing connection to idsync.rlcdn.com:80.
HTTP request sent, awaiting response... 200 OK
Length: 43 [image/gif]
Saving to: `code/../crawls/twitpic.com/Terms-of-Service/raw/pix.npario-inc.net/DMP/_redir.gif?ck=C135&rd=http%3A%2F%2Fidsync.rlcdn.com%2F362668.gif%3Fpartner_uid%3D'

     0K                                                       100% 7.00M=0s

2013-01-19 05:13:52 (7.00 MB/s) - `code/../crawls/twitpic.com/Terms-of-Service/raw/pix.npario-inc.net/DMP/_redir.gif?ck=C135&rd=http%3A%2F%2Fidsync.rlcdn.com%2F362668.gif%3Fpartner_uid%3D' saved [43/43]

FINISHED --2013-01-19 05:13:52--
Total wall clock time: 5.8s
Downloaded: 26 files, 668K in 1.9s (344 KB/s)
Converting code/../crawls/twitpic.com/Terms-of-Service/raw/rc.rlcdn.com/332971.html... 5-0
Converting code/../crawls/twitpic.com/Terms-of-Service/raw/twitpic.com/terms.do.html... 21-19
Converting code/../crawls/twitpic.com/Terms-of-Service/raw/twitpic.com/css/lib/main.min.css?v2.css... nothing to do.
Converting code/../crawls/twitpic.com/Terms-of-Service/raw/twitpic.com/js/video-js/skins/vim.css... nothing to do.
Converting code/../crawls/twitpic.com/Terms-of-Service/raw/twitpic.com/js/video-js/video-js.css... nothing to do.
Converting code/../crawls/twitpic.com/Terms-of-Service/raw/twitpic.com/css/baseline/baseline.min.css... nothing to do.
Converted 6 files in 0.06 seconds.
