--2012-05-07 05:15:46--  http://www.shopjustice.com/customerService/Privacy_Policy
Resolving www.shopjustice.com... 184.30.184.239
Connecting to www.shopjustice.com|184.30.184.239|:80... connected.
HTTP request sent, awaiting response... 200 OK
Length: unspecified [text/html]
Saving to: `code/../crawls/shopjustice.com/Privacy-Policy/raw/www.shopjustice.com/customerService/Privacy_Policy.html'

     0K .......... .......... .......... .......... .......... 6.26M
    50K .......... .......... .                                 590K=0.04s

2012-05-07 05:15:47 (1.57 MB/s) - `code/../crawls/shopjustice.com/Privacy-Policy/raw/www.shopjustice.com/customerService/Privacy_Policy.html' saved [73590]

--2012-05-07 05:15:47--  http://nexus.ensighten.com/tween/Bootstrap.js
Resolving nexus.ensighten.com... 50.18.54.158, 50.18.56.138, 50.18.63.252, ...
Connecting to nexus.ensighten.com|50.18.54.158|:80... connected.
HTTP request sent, awaiting response... 200 OK
Length: 10174 (9.9K) [application/x-javascript]
Saving to: `code/../crawls/shopjustice.com/Privacy-Policy/raw/nexus.ensighten.com/tween/Bootstrap.js'

     0K .........                                             100% 2.04M=0.005s

2012-05-07 05:15:47 (2.04 MB/s) - `code/../crawls/shopjustice.com/Privacy-Policy/raw/nexus.ensighten.com/tween/Bootstrap.js' saved [10174/10174]

--2012-05-07 05:15:47--  http://www.shopjustice.com/js/all.js
Connecting to www.shopjustice.com|184.30.184.239|:80... connected.
HTTP request sent, awaiting response... 200 OK
Length: unspecified [application/javascript]
Saving to: `code/../crawls/shopjustice.com/Privacy-Policy/raw/www.shopjustice.com/js/all.js'

     0K .......... .......... .......... .......... .......... 5.35M
    50K .......... .......... .......... .......... .......... 11.3M
   100K .......... .......... .......... .......... .......... 10.7M
   150K .......... .......... .......... .......... .......... 10.9M
   200K .......... .......... .......... .......... .......... 11.0M
   250K .......... .......... .......... .......... .......... 11.1M
   300K .......... .......... .......... .......... .......... 9.92M
   350K .......... ........                                    11.3M=0.04s

2012-05-07 05:15:47 (9.51 MB/s) - `code/../crawls/shopjustice.com/Privacy-Policy/raw/www.shopjustice.com/js/all.js' saved [377427]

--2012-05-07 05:15:47--  http://www.shopjustice.com/css/all.css
Reusing existing connection to www.shopjustice.com:80.
HTTP request sent, awaiting response... 200 OK
Length: 21369 (21K) [text/css]
Saving to: `code/../crawls/shopjustice.com/Privacy-Policy/raw/www.shopjustice.com/css/all.css'

     0K .......... ..........                                 100% 13.1M=0.002s

2012-05-07 05:15:47 (13.1 MB/s) - `code/../crawls/shopjustice.com/Privacy-Policy/raw/www.shopjustice.com/css/all.css' saved [21369/21369]

--2012-05-07 05:15:47--  http://www.shopjustice.com/js/main.js
Reusing existing connection to www.shopjustice.com:80.
HTTP request sent, awaiting response... 200 OK
Length: 13768 (13K) [application/javascript]
Saving to: `code/../crawls/shopjustice.com/Privacy-Policy/raw/www.shopjustice.com/js/main.js'

     0K .......... ...                                        100% 14.2M=0.001s

2012-05-07 05:15:47 (14.2 MB/s) - `code/../crawls/shopjustice.com/Privacy-Policy/raw/www.shopjustice.com/js/main.js' saved [13768/13768]

--2012-05-07 05:15:47--  http://www.shopjustice.com/js/add_to_cart.js
Reusing existing connection to www.shopjustice.com:80.
HTTP request sent, awaiting response... 200 OK
Length: 5407 (5.3K) [application/javascript]
Saving to: `code/../crawls/shopjustice.com/Privacy-Policy/raw/www.shopjustice.com/js/add_to_cart.js'

     0K .....                                                 100% 16.5M=0s

2012-05-07 05:15:47 (16.5 MB/s) - `code/../crawls/shopjustice.com/Privacy-Policy/raw/www.shopjustice.com/js/add_to_cart.js' saved [5407/5407]

--2012-05-07 05:15:47--  http://www.shopjustice.com/js/flashobject.js
Reusing existing connection to www.shopjustice.com:80.
HTTP request sent, awaiting response... 200 OK
Length: 7762 (7.6K) [application/javascript]
Saving to: `code/../crawls/shopjustice.com/Privacy-Policy/raw/www.shopjustice.com/js/flashobject.js'

     0K .......                                               100% 16.9M=0s

2012-05-07 05:15:47 (16.9 MB/s) - `code/../crawls/shopjustice.com/Privacy-Policy/raw/www.shopjustice.com/js/flashobject.js' saved [7762/7762]

--2012-05-07 05:15:47--  http://www.shopjustice.com/js/_mini_cart.js
Reusing existing connection to www.shopjustice.com:80.
HTTP request sent, awaiting response... 200 OK
Length: 6968 (6.8K) [application/javascript]
Saving to: `code/../crawls/shopjustice.com/Privacy-Policy/raw/www.shopjustice.com/js/_mini_cart.js'

     0K ......                                                100% 15.4M=0s

2012-05-07 05:15:47 (15.4 MB/s) - `code/../crawls/shopjustice.com/Privacy-Policy/raw/www.shopjustice.com/js/_mini_cart.js' saved [6968/6968]

--2012-05-07 05:15:47--  http://www.shopjustice.com/js/_main_roulette.js
Reusing existing connection to www.shopjustice.com:80.
HTTP request sent, awaiting response... 200 OK
Length: 793 [application/javascript]
Saving to: `code/../crawls/shopjustice.com/Privacy-Policy/raw/www.shopjustice.com/js/_main_roulette.js'

     0K                                                       100%  150M=0s

2012-05-07 05:15:47 (150 MB/s) - `code/../crawls/shopjustice.com/Privacy-Policy/raw/www.shopjustice.com/js/_main_roulette.js' saved [793/793]

--2012-05-07 05:15:47--  http://www.shopjustice.com/css/yui_overwrite.css
Reusing existing connection to www.shopjustice.com:80.
HTTP request sent, awaiting response... 200 OK
Length: 521 [text/css]
Saving to: `code/../crawls/shopjustice.com/Privacy-Policy/raw/www.shopjustice.com/css/yui_overwrite.css'

     0K                                                       100% 94.6M=0s

2012-05-07 05:15:47 (94.6 MB/s) - `code/../crawls/shopjustice.com/Privacy-Policy/raw/www.shopjustice.com/css/yui_overwrite.css' saved [521/521]

--2012-05-07 05:15:47--  http://www.shopjustice.com/css/wishlist.css
Reusing existing connection to www.shopjustice.com:80.
HTTP request sent, awaiting response... 200 OK
Length: 3983 (3.9K) [text/css]
Saving to: `code/../crawls/shopjustice.com/Privacy-Policy/raw/www.shopjustice.com/css/wishlist.css'

     0K ...                                                   100% 44.7M=0s

2012-05-07 05:15:47 (44.7 MB/s) - `code/../crawls/shopjustice.com/Privacy-Policy/raw/www.shopjustice.com/css/wishlist.css' saved [3983/3983]

--2012-05-07 05:15:47--  http://www.shopjustice.com/css/_mini_cart.css
Reusing existing connection to www.shopjustice.com:80.
HTTP request sent, awaiting response... 200 OK
Length: 2273 (2.2K) [text/css]
Saving to: `code/../crawls/shopjustice.com/Privacy-Policy/raw/www.shopjustice.com/css/_mini_cart.css'

     0K ..                                                    100%  333M=0s

2012-05-07 05:15:47 (333 MB/s) - `code/../crawls/shopjustice.com/Privacy-Policy/raw/www.shopjustice.com/css/_mini_cart.css' saved [2273/2273]

--2012-05-07 05:15:47--  http://www.shopjustice.com/css/_main_roulette.css
Reusing existing connection to www.shopjustice.com:80.
HTTP request sent, awaiting response... 200 OK
Length: 754 [text/css]
Saving to: `code/../crawls/shopjustice.com/Privacy-Policy/raw/www.shopjustice.com/css/_main_roulette.css'

     0K                                                       100%  135M=0s

2012-05-07 05:15:47 (135 MB/s) - `code/../crawls/shopjustice.com/Privacy-Policy/raw/www.shopjustice.com/css/_main_roulette.css' saved [754/754]

--2012-05-07 05:15:47--  http://www.shopjustice.com/css/customerService.css
Reusing existing connection to www.shopjustice.com:80.
HTTP request sent, awaiting response... 200 OK
Length: 3401 (3.3K) [text/css]
Saving to: `code/../crawls/shopjustice.com/Privacy-Policy/raw/www.shopjustice.com/css/customerService.css'

     0K ...                                                   100% 44.5M=0s

2012-05-07 05:15:47 (44.5 MB/s) - `code/../crawls/shopjustice.com/Privacy-Policy/raw/www.shopjustice.com/css/customerService.css' saved [3401/3401]

--2012-05-07 05:15:47--  http://www.shopjustice.com/favicon.ico
Reusing existing connection to www.shopjustice.com:80.
HTTP request sent, awaiting response... 200 OK
Length: 1150 (1.1K) [image/x-icon]
Saving to: `code/../crawls/shopjustice.com/Privacy-Policy/raw/www.shopjustice.com/favicon.ico'

     0K .                                                     100%  191M=0s

2012-05-07 05:15:47 (191 MB/s) - `code/../crawls/shopjustice.com/Privacy-Policy/raw/www.shopjustice.com/favicon.ico' saved [1150/1150]

--2012-05-07 05:15:47--  http://www.shopjustice.com/css/main.css
Reusing existing connection to www.shopjustice.com:80.
HTTP request sent, awaiting response... 200 OK
Length: 19566 (19K) [text/css]
Saving to: `code/../crawls/shopjustice.com/Privacy-Policy/raw/www.shopjustice.com/css/main.css'

     0K .......... .........                                  100% 12.7M=0.001s

2012-05-07 05:15:47 (12.7 MB/s) - `code/../crawls/shopjustice.com/Privacy-Policy/raw/www.shopjustice.com/css/main.css' saved [19566/19566]

--2012-05-07 05:15:47--  http://www.shopjustice.com/css/dualHeader.css
Reusing existing connection to www.shopjustice.com:80.
HTTP request sent, awaiting response... 200 OK
Length: 12358 (12K) [text/css]
Saving to: `code/../crawls/shopjustice.com/Privacy-Policy/raw/www.shopjustice.com/css/dualHeader.css'

     0K .......... ..                                         100% 14.8M=0.001s

2012-05-07 05:15:47 (14.8 MB/s) - `code/../crawls/shopjustice.com/Privacy-Policy/raw/www.shopjustice.com/css/dualHeader.css' saved [12358/12358]

--2012-05-07 05:15:47--  http://www.shopjustice.com/images/header_dual/Risk-Free-Returns.gif
Reusing existing connection to www.shopjustice.com:80.
HTTP request sent, awaiting response... 200 OK
Length: 72806 (71K) [image/gif]
Saving to: `code/../crawls/shopjustice.com/Privacy-Policy/raw/www.shopjustice.com/images/header_dual/Risk-Free-Returns.gif'

     0K .......... .......... .......... .......... .......... 70% 11.9M 0s
    50K .......... .......... .                               100% 11.2M=0.006s

2012-05-07 05:15:47 (11.7 MB/s) - `code/../crawls/shopjustice.com/Privacy-Policy/raw/www.shopjustice.com/images/header_dual/Risk-Free-Returns.gif' saved [72806/72806]

--2012-05-07 05:15:47--  http://www.shopjustice.com/images/header_dual/_transparentbtn.gif
Reusing existing connection to www.shopjustice.com:80.
HTTP request sent, awaiting response... 200 OK
Length: 70 [image/gif]
Saving to: `code/../crawls/shopjustice.com/Privacy-Policy/raw/www.shopjustice.com/images/header_dual/_transparentbtn.gif'

     0K                                                       100% 12.6M=0s

2012-05-07 05:15:47 (12.6 MB/s) - `code/../crawls/shopjustice.com/Privacy-Policy/raw/www.shopjustice.com/images/header_dual/_transparentbtn.gif' saved [70/70]

--2012-05-07 05:15:47--  http://www.shopjustice.com/images/header_dual/go-btn.jpg
Reusing existing connection to www.shopjustice.com:80.
HTTP request sent, awaiting response... 200 OK
Length: 2126 (2.1K) [image/jpeg]
Saving to: `code/../crawls/shopjustice.com/Privacy-Policy/raw/www.shopjustice.com/images/header_dual/go-btn.jpg'

     0K ..                                                    100%  307M=0s

2012-05-07 05:15:47 (307 MB/s) - `code/../crawls/shopjustice.com/Privacy-Policy/raw/www.shopjustice.com/images/header_dual/go-btn.jpg' saved [2126/2126]

--2012-05-07 05:15:47--  http://www.shopjustice.com/images/Status-Xclose.jpg
Reusing existing connection to www.shopjustice.com:80.
HTTP request sent, awaiting response... 302 Moved Temporarily
Location: http://ak1.abmr.net/is/www.shopjustice.com?U=/images/Status-Xclose.jpg&V=3-WQt4PzlUUMUU03Kw1njxArgySEpRNBDf+nZmZQIFmb6hvm8SunHBwXbLZr33NIZ4&I=ADA13CEC2A291FF&D=shopjustice.com&01AD=1& [following]
--2012-05-07 05:15:47--  http://ak1.abmr.net/is/www.shopjustice.com?U=/images/Status-Xclose.jpg&V=3-WQt4PzlUUMUU03Kw1njxArgySEpRNBDf+nZmZQIFmb6hvm8SunHBwXbLZr33NIZ4&I=ADA13CEC2A291FF&D=shopjustice.com&01AD=1&
Resolving ak1.abmr.net... 206.160.170.57, 206.160.170.33
Connecting to ak1.abmr.net|206.160.170.57|:80... connected.
HTTP request sent, awaiting response... 302 Moved Temporarily
Location: http://www.shopjustice.com/images/Status-Xclose.jpg?01AD=3XOgwOEbDlwg32s0khWyGko7xnBQx9u_Fz2G0hD7VkCtFOh08Kz26TA&01RI=ADA13CEC2A291FF&01NA=na [following]
--2012-05-07 05:15:47--  http://www.shopjustice.com/images/Status-Xclose.jpg?01AD=3XOgwOEbDlwg32s0khWyGko7xnBQx9u_Fz2G0hD7VkCtFOh08Kz26TA&01RI=ADA13CEC2A291FF&01NA=na
Connecting to www.shopjustice.com|184.30.184.239|:80... connected.
HTTP request sent, awaiting response... 200 OK
Length: 1495 (1.5K) [image/jpeg]
Saving to: `code/../crawls/shopjustice.com/Privacy-Policy/raw/www.shopjustice.com/images/Status-Xclose.jpg'

     0K .                                                     100%  212M=0s

2012-05-07 05:15:47 (212 MB/s) - `code/../crawls/shopjustice.com/Privacy-Policy/raw/www.shopjustice.com/images/Status-Xclose.jpg' saved [1495/1495]

--2012-05-07 05:15:47--  http://www.shopjustice.com/images/buttons/bdr/submit.png
Reusing existing connection to www.shopjustice.com:80.
HTTP request sent, awaiting response... 302 Moved Temporarily
Location: http://ak1.abmr.net/is/www.shopjustice.com?U=/images/buttons/bdr/submit.png&V=3-ORn0sAnNpNqO6xOCk3z5K9tiakmtvD3gBB0p4ooGm1QhLVV1e1Ng%2fKH3JLPH0vAD&I=922999CBD4CFA94&D=shopjustice.com&01AD=1& [following]
--2012-05-07 05:15:47--  http://ak1.abmr.net/is/www.shopjustice.com?U=/images/buttons/bdr/submit.png&V=3-ORn0sAnNpNqO6xOCk3z5K9tiakmtvD3gBB0p4ooGm1QhLVV1e1Ng%2fKH3JLPH0vAD&I=922999CBD4CFA94&D=shopjustice.com&01AD=1&
Connecting to ak1.abmr.net|206.160.170.57|:80... connected.
HTTP request sent, awaiting response... 302 Moved Temporarily
Location: http://www.shopjustice.com/images/buttons/bdr/submit.png?01AD=36ssMeV0Wake5sc36VfqX2RVAuBuMz1t0Dimv8ysr07-4Av-xpdV8Fw&01RI=922999CBD4CFA94&01NA= [following]
--2012-05-07 05:15:47--  http://www.shopjustice.com/images/buttons/bdr/submit.png?01AD=36ssMeV0Wake5sc36VfqX2RVAuBuMz1t0Dimv8ysr07-4Av-xpdV8Fw&01RI=922999CBD4CFA94&01NA=
Connecting to www.shopjustice.com|184.30.184.239|:80... connected.
HTTP request sent, awaiting response... 200 OK
Length: 4431 (4.3K) [image/png]
Saving to: `code/../crawls/shopjustice.com/Privacy-Policy/raw/www.shopjustice.com/images/buttons/bdr/submit.png'

     0K ....                                                  100% 62.5M=0s

2012-05-07 05:15:47 (62.5 MB/s) - `code/../crawls/shopjustice.com/Privacy-Policy/raw/www.shopjustice.com/images/buttons/bdr/submit.png' saved [4431/4431]

--2012-05-07 05:15:47--  http://www.shopjustice.com/images/header_dual/Risk-Free-Returns.jpg
Reusing existing connection to www.shopjustice.com:80.
HTTP request sent, awaiting response... 200 OK
Length: 52167 (51K) [image/jpeg]
Saving to: `code/../crawls/shopjustice.com/Privacy-Policy/raw/www.shopjustice.com/images/header_dual/Risk-Free-Returns.jpg'

     0K .......... .......... .......... .......... .......... 98% 5.62M 0s
    50K                                                       100% 1801G=0.009s

2012-05-07 05:15:47 (5.73 MB/s) - `code/../crawls/shopjustice.com/Privacy-Policy/raw/www.shopjustice.com/images/header_dual/Risk-Free-Returns.jpg' saved [52167/52167]

--2012-05-07 05:15:47--  http://www.shopjustice.com/js/_topMenu.js
Reusing existing connection to www.shopjustice.com:80.
HTTP request sent, awaiting response... 200 OK
Length: 4551 (4.4K) [application/javascript]
Saving to: `code/../crawls/shopjustice.com/Privacy-Policy/raw/www.shopjustice.com/js/_topMenu.js'

     0K ....                                                  100% 22.2M=0s

2012-05-07 05:15:47 (22.2 MB/s) - `code/../crawls/shopjustice.com/Privacy-Policy/raw/www.shopjustice.com/js/_topMenu.js' saved [4551/4551]

--2012-05-07 05:15:47--  http://www.shopjustice.com/css/blank.gif
Reusing existing connection to www.shopjustice.com:80.
HTTP request sent, awaiting response... 200 OK
Length: 49 [image/gif]
Saving to: `code/../crawls/shopjustice.com/Privacy-Policy/raw/www.shopjustice.com/css/blank.gif'

     0K                                                       100% 8.92M=0s

2012-05-07 05:15:47 (8.92 MB/s) - `code/../crawls/shopjustice.com/Privacy-Policy/raw/www.shopjustice.com/css/blank.gif' saved [49/49]

--2012-05-07 05:15:47--  https://tracker.marinsm.com/tp?act=1&cid=6h4j1hsd30&script=no
Resolving tracker.marinsm.com... 184.26.84.79
Connecting to tracker.marinsm.com|184.26.84.79|:443... connected.
HTTP request sent, awaiting response... 200 OK
Length: 35 [image/gif]
Saving to: `code/../crawls/shopjustice.com/Privacy-Policy/raw/tracker.marinsm.com/tp?act=1&cid=6h4j1hsd30&script=no'

     0K                                                       100% 27.5M=0s

2012-05-07 05:15:47 (27.5 MB/s) - `code/../crawls/shopjustice.com/Privacy-Policy/raw/tracker.marinsm.com/tp?act=1&cid=6h4j1hsd30&script=no' saved [35/35]

--2012-05-07 05:15:47--  http://www.shopjustice.com/__utm.js
Connecting to www.shopjustice.com|184.30.184.239|:80... connected.
HTTP request sent, awaiting response... 200 OK
Length: 16854 (16K) [application/javascript]
Saving to: `code/../crawls/shopjustice.com/Privacy-Policy/raw/www.shopjustice.com/__utm.js'

     0K .......... ......                                     100% 3.84M=0.004s

2012-05-07 05:15:47 (3.84 MB/s) - `code/../crawls/shopjustice.com/Privacy-Policy/raw/www.shopjustice.com/__utm.js' saved [16854/16854]

--2012-05-07 05:15:47--  http://www.shopjustice.com/js/s_code-single.js
Reusing existing connection to www.shopjustice.com:80.
HTTP request sent, awaiting response... 200 OK
Length: unspecified [application/javascript]
Saving to: `code/../crawls/shopjustice.com/Privacy-Policy/raw/www.shopjustice.com/js/s_code-single.js'

     0K .......... .......... .......... .........             7.24M=0.005s

2012-05-07 05:15:47 (7.24 MB/s) - `code/../crawls/shopjustice.com/Privacy-Policy/raw/www.shopjustice.com/js/s_code-single.js' saved [40246]

--2012-05-07 05:15:47--  http://www.shopjustice.com/js/resxclsa.js
Reusing existing connection to www.shopjustice.com:80.
HTTP request sent, awaiting response... 200 OK
Length: 8705 (8.5K) [application/javascript]
Saving to: `code/../crawls/shopjustice.com/Privacy-Policy/raw/www.shopjustice.com/js/resxclsa.js'

     0K ........                                              100% 14.9M=0.001s

2012-05-07 05:15:47 (14.9 MB/s) - `code/../crawls/shopjustice.com/Privacy-Policy/raw/www.shopjustice.com/js/resxclsa.js' saved [8705/8705]

--2012-05-07 05:15:47--  http://www.shopjustice.com/js/yui_2.8.1/assets/skins/sam/sprite.png
Reusing existing connection to www.shopjustice.com:80.
HTTP request sent, awaiting response... 200 OK
Length: 3745 (3.7K) [image/png]
Saving to: `code/../crawls/shopjustice.com/Privacy-Policy/raw/www.shopjustice.com/js/yui_2.8.1/assets/skins/sam/sprite.png'

     0K ...                                                   100%  298M=0s

2012-05-07 05:15:47 (298 MB/s) - `code/../crawls/shopjustice.com/Privacy-Policy/raw/www.shopjustice.com/js/yui_2.8.1/assets/skins/sam/sprite.png' saved [3745/3745]

--2012-05-07 05:15:47--  http://www.shopjustice.com/js/yui_2.8.1/container/assets/close12_1.gif
Reusing existing connection to www.shopjustice.com:80.
HTTP request sent, awaiting response... 200 OK
Length: 1028 (1.0K) [image/gif]
Saving to: `code/../crawls/shopjustice.com/Privacy-Policy/raw/www.shopjustice.com/js/yui_2.8.1/container/assets/close12_1.gif'

     0K .                                                     100%  166M=0s

2012-05-07 05:15:47 (166 MB/s) - `code/../crawls/shopjustice.com/Privacy-Policy/raw/www.shopjustice.com/js/yui_2.8.1/container/assets/close12_1.gif' saved [1028/1028]

--2012-05-07 05:15:47--  http://www.shopjustice.com/js/yui_2.8.1/container/assets/blck16_1.gif
Reusing existing connection to www.shopjustice.com:80.
HTTP request sent, awaiting response... 200 OK
Length: 591 [image/gif]
Saving to: `code/../crawls/shopjustice.com/Privacy-Policy/raw/www.shopjustice.com/js/yui_2.8.1/container/assets/blck16_1.gif'

     0K                                                       100%  103M=0s

2012-05-07 05:15:47 (103 MB/s) - `code/../crawls/shopjustice.com/Privacy-Policy/raw/www.shopjustice.com/js/yui_2.8.1/container/assets/blck16_1.gif' saved [591/591]

--2012-05-07 05:15:47--  http://www.shopjustice.com/js/yui_2.8.1/container/assets/alrt16_1.gif
Reusing existing connection to www.shopjustice.com:80.
HTTP request sent, awaiting response... 200 OK
Length: 971 [image/gif]
Saving to: `code/../crawls/shopjustice.com/Privacy-Policy/raw/www.shopjustice.com/js/yui_2.8.1/container/assets/alrt16_1.gif'

     0K                                                       100%  162M=0s

2012-05-07 05:15:47 (162 MB/s) - `code/../crawls/shopjustice.com/Privacy-Policy/raw/www.shopjustice.com/js/yui_2.8.1/container/assets/alrt16_1.gif' saved [971/971]

--2012-05-07 05:15:47--  http://www.shopjustice.com/js/yui_2.8.1/container/assets/hlp16_1.gif
Reusing existing connection to www.shopjustice.com:80.
HTTP request sent, awaiting response... 200 OK
Length: 928 [image/gif]
Saving to: `code/../crawls/shopjustice.com/Privacy-Policy/raw/www.shopjustice.com/js/yui_2.8.1/container/assets/hlp16_1.gif'

     0K                                                       100% 78.1M=0s

2012-05-07 05:15:47 (78.1 MB/s) - `code/../crawls/shopjustice.com/Privacy-Policy/raw/www.shopjustice.com/js/yui_2.8.1/container/assets/hlp16_1.gif' saved [928/928]

--2012-05-07 05:15:47--  http://www.shopjustice.com/js/yui_2.8.1/container/assets/info16_1.gif
Reusing existing connection to www.shopjustice.com:80.
HTTP request sent, awaiting response... 200 OK
Length: 601 [image/gif]
Saving to: `code/../crawls/shopjustice.com/Privacy-Policy/raw/www.shopjustice.com/js/yui_2.8.1/container/assets/info16_1.gif'

     0K                                                       100%  109M=0s

2012-05-07 05:15:47 (109 MB/s) - `code/../crawls/shopjustice.com/Privacy-Policy/raw/www.shopjustice.com/js/yui_2.8.1/container/assets/info16_1.gif' saved [601/601]

--2012-05-07 05:15:47--  http://www.shopjustice.com/js/yui_2.8.1/container/assets/warn16_1.gif
Reusing existing connection to www.shopjustice.com:80.
HTTP request sent, awaiting response... 302 Moved Temporarily
Location: http://akamai.turn.com/r/dd/id/L21rdC85NC9jaWQvMzUxMTE3Ny90LzI/dpuid/79AA1A5DF61AF5CA25A3E1F5FDB97DDC?rurl=4-lowSaphnnOBTlI6YeuYDwOvfMBIdfopS5BGmQl1GHbA6ZUL7rCCjhcWUjrny9nk8TB7fZWSG3yRMaJ8MmaNxG1zj+Fn3MaErGM+xjTVk+dO4tlVGX+QhyaP2zIQtwLR35NtdLM4DYHmLQb78bJVFOEZ%2fPXfPpishNral1ANzg8s%3d&V=3-cY3E1LHDj4T2vxtjRmhr4j3z9QaiWeOR55loj6IeFPMJHMpx%2fXwEhVgpN8js0Ohv [following]
--2012-05-07 05:15:47--  http://akamai.turn.com/r/dd/id/L21rdC85NC9jaWQvMzUxMTE3Ny90LzI/dpuid/79AA1A5DF61AF5CA25A3E1F5FDB97DDC?rurl=4-lowSaphnnOBTlI6YeuYDwOvfMBIdfopS5BGmQl1GHbA6ZUL7rCCjhcWUjrny9nk8TB7fZWSG3yRMaJ8MmaNxG1zj+Fn3MaErGM+xjTVk+dO4tlVGX+QhyaP2zIQtwLR35NtdLM4DYHmLQb78bJVFOEZ%2fPXfPpishNral1ANzg8s%3d&V=3-cY3E1LHDj4T2vxtjRmhr4j3z9QaiWeOR55loj6IeFPMJHMpx%2fXwEhVgpN8js0Ohv
Resolving akamai.turn.com... 184.27.214.223
Connecting to akamai.turn.com|184.27.214.223|:80... connected.
HTTP request sent, awaiting response... 302 Moved Temporarily
Location: http://www.shopjustice.com/js/yui_2.8.1/container/assets/warn16_1.gif?01RI=0E70B7ED31668F3,cm:akamai.turn.com&01NA=ck& [following]
--2012-05-07 05:15:47--  http://www.shopjustice.com/js/yui_2.8.1/container/assets/warn16_1.gif?01RI=0E70B7ED31668F3,cm:akamai.turn.com&01NA=ck&
Connecting to www.shopjustice.com|184.30.184.239|:80... connected.
HTTP request sent, awaiting response... 200 OK
Length: 580 [image/gif]
Saving to: `code/../crawls/shopjustice.com/Privacy-Policy/raw/www.shopjustice.com/js/yui_2.8.1/container/assets/warn16_1.gif'

     0K                                                       100% 96.4M=0s

2012-05-07 05:15:47 (96.4 MB/s) - `code/../crawls/shopjustice.com/Privacy-Policy/raw/www.shopjustice.com/js/yui_2.8.1/container/assets/warn16_1.gif' saved [580/580]

--2012-05-07 05:15:47--  http://www.shopjustice.com/js/yui_2.8.1/container/assets/tip16_1.gif
Reusing existing connection to www.shopjustice.com:80.
HTTP request sent, awaiting response... 200 OK
Length: 552 [image/gif]
Saving to: `code/../crawls/shopjustice.com/Privacy-Policy/raw/www.shopjustice.com/js/yui_2.8.1/container/assets/tip16_1.gif'

     0K                                                       100% 97.8M=0s

2012-05-07 05:15:48 (97.8 MB/s) - `code/../crawls/shopjustice.com/Privacy-Policy/raw/www.shopjustice.com/js/yui_2.8.1/container/assets/tip16_1.gif' saved [552/552]

--2012-05-07 05:15:48--  http://www.shopjustice.com/js/yui_2.8.1/menu/assets/skins/sam/menubaritem_submenuindicator.png
Reusing existing connection to www.shopjustice.com:80.
HTTP request sent, awaiting response... 200 OK
Length: 3618 (3.5K) [image/png]
Saving to: `code/../crawls/shopjustice.com/Privacy-Policy/raw/www.shopjustice.com/js/yui_2.8.1/menu/assets/skins/sam/menubaritem_submenuindicator.png'

     0K ...                                                   100%  409M=0s

2012-05-07 05:15:48 (409 MB/s) - `code/../crawls/shopjustice.com/Privacy-Policy/raw/www.shopjustice.com/js/yui_2.8.1/menu/assets/skins/sam/menubaritem_submenuindicator.png' saved [3618/3618]

--2012-05-07 05:15:48--  http://www.shopjustice.com/js/yui_2.8.1/menu/assets/skins/sam/menubaritem_submenuindicator_disabled.png
Reusing existing connection to www.shopjustice.com:80.
HTTP request sent, awaiting response... 200 OK
Length: 3618 (3.5K) [image/png]
Saving to: `code/../crawls/shopjustice.com/Privacy-Policy/raw/www.shopjustice.com/js/yui_2.8.1/menu/assets/skins/sam/menubaritem_submenuindicator_disabled.png'

     0K ...                                                   100% 56.5M=0s

2012-05-07 05:15:48 (56.5 MB/s) - `code/../crawls/shopjustice.com/Privacy-Policy/raw/www.shopjustice.com/js/yui_2.8.1/menu/assets/skins/sam/menubaritem_submenuindicator_disabled.png' saved [3618/3618]

--2012-05-07 05:15:48--  http://www.shopjustice.com/js/yui_2.8.1/menu/assets/skins/sam/menuitem_submenuindicator.png
Reusing existing connection to www.shopjustice.com:80.
HTTP request sent, awaiting response... 200 OK
Length: 3617 (3.5K) [image/png]
Saving to: `code/../crawls/shopjustice.com/Privacy-Policy/raw/www.shopjustice.com/js/yui_2.8.1/menu/assets/skins/sam/menuitem_submenuindicator.png'

     0K ...                                                   100% 55.2M=0s

2012-05-07 05:15:48 (55.2 MB/s) - `code/../crawls/shopjustice.com/Privacy-Policy/raw/www.shopjustice.com/js/yui_2.8.1/menu/assets/skins/sam/menuitem_submenuindicator.png' saved [3617/3617]

--2012-05-07 05:15:48--  http://www.shopjustice.com/js/yui_2.8.1/menu/assets/skins/sam/menuitem_checkbox.png
Reusing existing connection to www.shopjustice.com:80.
HTTP request sent, awaiting response... 200 OK
Length: 3625 (3.5K) [image/png]
Saving to: `code/../crawls/shopjustice.com/Privacy-Policy/raw/www.shopjustice.com/js/yui_2.8.1/menu/assets/skins/sam/menuitem_checkbox.png'

     0K ...                                                   100% 42.5M=0s

2012-05-07 05:15:48 (42.5 MB/s) - `code/../crawls/shopjustice.com/Privacy-Policy/raw/www.shopjustice.com/js/yui_2.8.1/menu/assets/skins/sam/menuitem_checkbox.png' saved [3625/3625]

--2012-05-07 05:15:48--  http://www.shopjustice.com/js/yui_2.8.1/menu/assets/skins/sam/menuitem_submenuindicator_disabled.png
Reusing existing connection to www.shopjustice.com:80.
HTTP request sent, awaiting response... 200 OK
Length: 3617 (3.5K) [image/png]
Saving to: `code/../crawls/shopjustice.com/Privacy-Policy/raw/www.shopjustice.com/js/yui_2.8.1/menu/assets/skins/sam/menuitem_submenuindicator_disabled.png'

     0K ...                                                   100% 53.5M=0s

2012-05-07 05:15:48 (53.5 MB/s) - `code/../crawls/shopjustice.com/Privacy-Policy/raw/www.shopjustice.com/js/yui_2.8.1/menu/assets/skins/sam/menuitem_submenuindicator_disabled.png' saved [3617/3617]

--2012-05-07 05:15:48--  http://www.shopjustice.com/js/yui_2.8.1/menu/assets/skins/sam/menuitem_checkbox_disabled.png
Reusing existing connection to www.shopjustice.com:80.
HTTP request sent, awaiting response... 200 OK
Length: 3625 (3.5K) [image/png]
Saving to: `code/../crawls/shopjustice.com/Privacy-Policy/raw/www.shopjustice.com/js/yui_2.8.1/menu/assets/skins/sam/menuitem_checkbox_disabled.png'

     0K ...                                                   100% 40.0M=0s

2012-05-07 05:15:48 (40.0 MB/s) - `code/../crawls/shopjustice.com/Privacy-Policy/raw/www.shopjustice.com/js/yui_2.8.1/menu/assets/skins/sam/menuitem_checkbox_disabled.png' saved [3625/3625]

--2012-05-07 05:15:48--  http://www.shopjustice.com/images/_mini_cart/close-button.jpg
Reusing existing connection to www.shopjustice.com:80.
HTTP request sent, awaiting response... 200 OK
Length: 1405 (1.4K) [image/jpeg]
Saving to: `code/../crawls/shopjustice.com/Privacy-Policy/raw/www.shopjustice.com/images/_mini_cart/close-button.jpg'

     0K .                                                     100%  199M=0s

2012-05-07 05:15:48 (199 MB/s) - `code/../crawls/shopjustice.com/Privacy-Policy/raw/www.shopjustice.com/images/_mini_cart/close-button.jpg' saved [1405/1405]

--2012-05-07 05:15:48--  http://www.shopjustice.com/images/layout/title_hr_png.png
Reusing existing connection to www.shopjustice.com:80.
HTTP request sent, awaiting response... 200 OK
Length: 311 [image/png]
Saving to: `code/../crawls/shopjustice.com/Privacy-Policy/raw/www.shopjustice.com/images/layout/title_hr_png.png'

     0K                                                       100% 51.9M=0s

2012-05-07 05:15:48 (51.9 MB/s) - `code/../crawls/shopjustice.com/Privacy-Policy/raw/www.shopjustice.com/images/layout/title_hr_png.png' saved [311/311]

--2012-05-07 05:15:48--  http://www.shopjustice.com/blocks/overlay_elements/overlay_btn_close.gif
Reusing existing connection to www.shopjustice.com:80.
HTTP request sent, awaiting response... 200 OK
Length: 1028 (1.0K) [image/gif]
Saving to: `code/../crawls/shopjustice.com/Privacy-Policy/raw/www.shopjustice.com/blocks/overlay_elements/overlay_btn_close.gif'

     0K .                                                     100%  166M=0s

2012-05-07 05:15:48 (166 MB/s) - `code/../crawls/shopjustice.com/Privacy-Policy/raw/www.shopjustice.com/blocks/overlay_elements/overlay_btn_close.gif' saved [1028/1028]

--2012-05-07 05:15:48--  http://www.shopjustice.com/images/panel_styles/default/close.jpg
Reusing existing connection to www.shopjustice.com:80.
HTTP request sent, awaiting response... 404 Not Found
2012-05-07 05:15:48 ERROR 404: Not Found.

--2012-05-07 05:15:48--  http://www.shopjustice.com/images/layout/20100914/filler.jpg
Reusing existing connection to www.shopjustice.com:80.
HTTP request sent, awaiting response... 200 OK
Length: 405 [image/jpeg]
Saving to: `code/../crawls/shopjustice.com/Privacy-Policy/raw/www.shopjustice.com/images/layout/20100914/filler.jpg'

     0K                                                       100% 69.0M=0s

2012-05-07 05:15:48 (69.0 MB/s) - `code/../crawls/shopjustice.com/Privacy-Policy/raw/www.shopjustice.com/images/layout/20100914/filler.jpg' saved [405/405]

--2012-05-07 05:15:48--  http://www.shopjustice.com/images/footer/email_signup.jpg
Reusing existing connection to www.shopjustice.com:80.
HTTP request sent, awaiting response... 200 OK
Length: 6667 (6.5K) [image/jpeg]
Saving to: `code/../crawls/shopjustice.com/Privacy-Policy/raw/www.shopjustice.com/images/footer/email_signup.jpg'

     0K ......                                                100% 24.0M=0s

2012-05-07 05:15:48 (24.0 MB/s) - `code/../crawls/shopjustice.com/Privacy-Policy/raw/www.shopjustice.com/images/footer/email_signup.jpg' saved [6667/6667]

--2012-05-07 05:15:48--  http://www.shopjustice.com/images/catalog/image005_ie6.jpg
Reusing existing connection to www.shopjustice.com:80.
HTTP request sent, awaiting response... 404 Not Found
2012-05-07 05:15:48 ERROR 404: Not Found.

--2012-05-07 05:15:48--  http://www.shopjustice.com/images/layout/arrow.gif
Reusing existing connection to www.shopjustice.com:80.
HTTP request sent, awaiting response... 200 OK
Length: 67 [image/gif]
Saving to: `code/../crawls/shopjustice.com/Privacy-Policy/raw/www.shopjustice.com/images/layout/arrow.gif'

     0K                                                       100% 12.4M=0s

2012-05-07 05:15:48 (12.4 MB/s) - `code/../crawls/shopjustice.com/Privacy-Policy/raw/www.shopjustice.com/images/layout/arrow.gif' saved [67/67]

--2012-05-07 05:15:48--  http://www.shopjustice.com/images/header_dual/Justice-Header-BG.jpg
Reusing existing connection to www.shopjustice.com:80.
HTTP request sent, awaiting response... 200 OK
Length: 1260 (1.2K) [image/jpeg]
Saving to: `code/../crawls/shopjustice.com/Privacy-Policy/raw/www.shopjustice.com/images/header_dual/Justice-Header-BG.jpg'

     0K .                                                     100%  189M=0s

2012-05-07 05:15:48 (189 MB/s) - `code/../crawls/shopjustice.com/Privacy-Policy/raw/www.shopjustice.com/images/header_dual/Justice-Header-BG.jpg' saved [1260/1260]

--2012-05-07 05:15:48--  http://www.shopjustice.com/images/header_dual/Justice-Tab.jpg
Reusing existing connection to www.shopjustice.com:80.
HTTP request sent, awaiting response... 200 OK
Length: 28331 (28K) [image/jpeg]
Saving to: `code/../crawls/shopjustice.com/Privacy-Policy/raw/www.shopjustice.com/images/header_dual/Justice-Tab.jpg'

     0K .......... .......... .......                         100% 4.56M=0.006s

2012-05-07 05:15:48 (4.56 MB/s) - `code/../crawls/shopjustice.com/Privacy-Policy/raw/www.shopjustice.com/images/header_dual/Justice-Tab.jpg' saved [28331/28331]

--2012-05-07 05:15:48--  http://www.shopjustice.com/images/header_dual/Brothers_Tab_small.jpg
Reusing existing connection to www.shopjustice.com:80.
HTTP request sent, awaiting response... 200 OK
Length: 5497 (5.4K) [image/jpeg]
Saving to: `code/../crawls/shopjustice.com/Privacy-Policy/raw/www.shopjustice.com/images/header_dual/Brothers_Tab_small.jpg'

     0K .....                                                 100% 8.82M=0.001s

2012-05-07 05:15:48 (8.82 MB/s) - `code/../crawls/shopjustice.com/Privacy-Policy/raw/www.shopjustice.com/images/header_dual/Brothers_Tab_small.jpg' saved [5497/5497]

--2012-05-07 05:15:48--  http://www.shopjustice.com/images/layout/header_formbox.gif
Reusing existing connection to www.shopjustice.com:80.
HTTP request sent, awaiting response... 200 OK
Length: 1430 (1.4K) [image/gif]
Saving to: `code/../crawls/shopjustice.com/Privacy-Policy/raw/www.shopjustice.com/images/layout/header_formbox.gif'

     0K .                                                     100%  210M=0s

2012-05-07 05:15:48 (210 MB/s) - `code/../crawls/shopjustice.com/Privacy-Policy/raw/www.shopjustice.com/images/layout/header_formbox.gif' saved [1430/1430]

--2012-05-07 05:15:48--  http://www.shopjustice.com/images/header_dual/Justice-Nav-BG.png
Reusing existing connection to www.shopjustice.com:80.
HTTP request sent, awaiting response... 200 OK
Length: 1053 (1.0K) [image/png]
Saving to: `code/../crawls/shopjustice.com/Privacy-Policy/raw/www.shopjustice.com/images/header_dual/Justice-Nav-BG.png'

     0K .                                                     100%  180M=0s

2012-05-07 05:15:48 (180 MB/s) - `code/../crawls/shopjustice.com/Privacy-Policy/raw/www.shopjustice.com/images/header_dual/Justice-Nav-BG.png' saved [1053/1053]

--2012-05-07 05:15:48--  http://www.shopjustice.com/assets/skins/sam/sprite.png
Reusing existing connection to www.shopjustice.com:80.
HTTP request sent, awaiting response... 404 Not Found
2012-05-07 05:15:48 ERROR 404: Not Found.

--2012-05-07 05:15:48--  http://www.shopjustice.com/css/menubaritem_submenuindicator.png
Reusing existing connection to www.shopjustice.com:80.
HTTP request sent, awaiting response... 404 Not Found
2012-05-07 05:15:48 ERROR 404: Not Found.

--2012-05-07 05:15:48--  http://www.shopjustice.com/css/menubaritem_submenuindicator_disabled.png
Reusing existing connection to www.shopjustice.com:80.
HTTP request sent, awaiting response... 404 Not Found
2012-05-07 05:15:48 ERROR 404: Not Found.

--2012-05-07 05:15:48--  http://www.shopjustice.com/css/menuitem_submenuindicator.png
Reusing existing connection to www.shopjustice.com:80.
HTTP request sent, awaiting response... 404 Not Found
2012-05-07 05:15:48 ERROR 404: Not Found.

--2012-05-07 05:15:48--  http://www.shopjustice.com/css/menuitem_checkbox.png
Reusing existing connection to www.shopjustice.com:80.
HTTP request sent, awaiting response... 404 Not Found
2012-05-07 05:15:48 ERROR 404: Not Found.

--2012-05-07 05:15:48--  http://www.shopjustice.com/css/menuitem_submenuindicator_disabled.png
Reusing existing connection to www.shopjustice.com:80.
HTTP request sent, awaiting response... 404 Not Found
2012-05-07 05:15:48 ERROR 404: Not Found.

--2012-05-07 05:15:48--  http://www.shopjustice.com/css/menuitem_checkbox_disabled.png
Reusing existing connection to www.shopjustice.com:80.
HTTP request sent, awaiting response... 404 Not Found
2012-05-07 05:15:48 ERROR 404: Not Found.

FINISHED --2012-05-07 05:15:48--
Total wall clock time: 2.4s
Downloaded: 54 files, 823K in 0.1s (6.39 MB/s)
Converting code/../crawls/shopjustice.com/Privacy-Policy/raw/www.shopjustice.com/customerService/Privacy_Policy.html... 48-107
Converting code/../crawls/shopjustice.com/Privacy-Policy/raw/www.shopjustice.com/css/all.css... 22-0
Converting code/../crawls/shopjustice.com/Privacy-Policy/raw/www.shopjustice.com/css/yui_overwrite.css... 1-0
Converting code/../crawls/shopjustice.com/Privacy-Policy/raw/www.shopjustice.com/css/_mini_cart.css... nothing to do.
Converting code/../crawls/shopjustice.com/Privacy-Policy/raw/www.shopjustice.com/css/_main_roulette.css... 1-1
Converting code/../crawls/shopjustice.com/Privacy-Policy/raw/www.shopjustice.com/css/dualHeader.css... 5-9
Converting code/../crawls/shopjustice.com/Privacy-Policy/raw/www.shopjustice.com/css/wishlist.css... 1-0
Converting code/../crawls/shopjustice.com/Privacy-Policy/raw/www.shopjustice.com/css/customerService.css... nothing to do.
Converting code/../crawls/shopjustice.com/Privacy-Policy/raw/www.shopjustice.com/css/main.css... 13-1
Converted 9 files in 0.006 seconds.
