--2012-11-12 05:13:26--  http://www.scrippsnetworks.com/privacy.aspx
Resolving www.scrippsnetworks.com... 204.78.32.205
Connecting to www.scrippsnetworks.com|204.78.32.205|:80... connected.
HTTP request sent, awaiting response... 301 Moved Permanently
Location: http://www.scrippsnetworksinteractive.com/privacy-policy/ [following]
--2012-11-12 05:13:26--  http://www.scrippsnetworksinteractive.com/privacy-policy/
Resolving www.scrippsnetworksinteractive.com... 204.78.32.205
Reusing existing connection to www.scrippsnetworks.com:80.
HTTP request sent, awaiting response... 200 OK
Length: 72370 (71K) [text/html]
Saving to: `code/../crawls/travelchannel.com/Privacy-Policy/raw/www.scrippsnetworks.com/privacy.aspx.html'

     0K .......... .......... .......... .......... .......... 70% 92.0K 0s
    50K .......... ..........                                 100%  134K=0.7s

2012-11-12 05:13:27 (101 KB/s) - `code/../crawls/travelchannel.com/Privacy-Policy/raw/www.scrippsnetworks.com/privacy.aspx.html' saved [72370/72370]

--2012-11-12 05:13:27--  http://www.scrippsnetworksinteractive.com/Style%20Library/SNI/favicon.ico
Reusing existing connection to www.scrippsnetworks.com:80.
HTTP request sent, awaiting response... 200 OK
Length: 1406 (1.4K) [image/x-icon]
Saving to: `code/../crawls/travelchannel.com/Privacy-Policy/raw/www.scrippsnetworksinteractive.com/Style Library/SNI/favicon.ico'

     0K .                                                     100%  175M=0s

2012-11-12 05:13:27 (175 MB/s) - `code/../crawls/travelchannel.com/Privacy-Policy/raw/www.scrippsnetworksinteractive.com/Style Library/SNI/favicon.ico' saved [1406/1406]

--2012-11-12 05:13:27--  http://www.scrippsnetworksinteractive.com/Style%20Library/en-US/Themable/Core%20Styles/controls.css
Reusing existing connection to www.scrippsnetworks.com:80.
HTTP request sent, awaiting response... 200 OK
Length: 47075 (46K) [text/css]
Saving to: `code/../crawls/travelchannel.com/Privacy-Policy/raw/www.scrippsnetworksinteractive.com/Style Library/en-US/Themable/Core Styles/controls.css'

     0K .......... .......... .......... .......... .....     100% 73.5K=0.6s

2012-11-12 05:13:27 (73.5 KB/s) - `code/../crawls/travelchannel.com/Privacy-Policy/raw/www.scrippsnetworksinteractive.com/Style Library/en-US/Themable/Core Styles/controls.css' saved [47075/47075]

--2012-11-12 05:13:27--  http://www.scrippsnetworksinteractive.com/_layouts/1033/styles/Themable/Menu.css?rev=yPVeKt0FHzxA%2FW4JR0hJng%3D%3D
Reusing existing connection to www.scrippsnetworks.com:80.
HTTP request sent, awaiting response... 200 OK
Length: 3040 (3.0K) [text/css]
Saving to: `code/../crawls/travelchannel.com/Privacy-Policy/raw/www.scrippsnetworksinteractive.com/_layouts/1033/styles/Themable/Menu.css?rev=yPVeKt0FHzxA%2FW4JR0hJng%3D%3D.css'

     0K ..                                                    100% 31.7M=0s

2012-11-12 05:13:28 (31.7 MB/s) - `code/../crawls/travelchannel.com/Privacy-Policy/raw/www.scrippsnetworksinteractive.com/_layouts/1033/styles/Themable/Menu.css?rev=yPVeKt0FHzxA%2FW4JR0hJng%3D%3D.css' saved [3040/3040]

--2012-11-12 05:13:28--  http://www.scrippsnetworksinteractive.com/_layouts/1033/styles/Themable/search.css?rev=T%2Bhraxktc1A8EnaG5gGMHQ%3D%3D
Reusing existing connection to www.scrippsnetworks.com:80.
HTTP request sent, awaiting response... 200 OK
Length: 45329 (44K) [text/css]
Saving to: `code/../crawls/travelchannel.com/Privacy-Policy/raw/www.scrippsnetworksinteractive.com/_layouts/1033/styles/Themable/search.css?rev=T%2Bhraxktc1A8EnaG5gGMHQ%3D%3D.css'

     0K .......... .......... .......... .......... ....      100% 63.5K=0.7s

2012-11-12 05:13:28 (63.5 KB/s) - `code/../crawls/travelchannel.com/Privacy-Policy/raw/www.scrippsnetworksinteractive.com/_layouts/1033/styles/Themable/search.css?rev=T%2Bhraxktc1A8EnaG5gGMHQ%3D%3D.css' saved [45329/45329]

--2012-11-12 05:13:28--  http://www.scrippsnetworksinteractive.com/_layouts/1033/styles/Themable/corev4.css?rev=3TRomkG1g2gMGz4rekMIQg%3D%3D
Reusing existing connection to www.scrippsnetworks.com:80.
HTTP request sent, awaiting response... 200 OK
Length: 191911 (187K) [text/css]
Saving to: `code/../crawls/travelchannel.com/Privacy-Policy/raw/www.scrippsnetworksinteractive.com/_layouts/1033/styles/Themable/corev4.css?rev=3TRomkG1g2gMGz4rekMIQg%3D%3D.css'

     0K .......... .......... .......... .......... .......... 26% 71.4K 2s
    50K .......... .......... .......... .......... .......... 53%  161K 1s
   100K .......... .......... .......... .......... .......... 80%  215K 0s
   150K .......... .......... .......... .......              100%  243K=1.4s

2012-11-12 05:13:30 (134 KB/s) - `code/../crawls/travelchannel.com/Privacy-Policy/raw/www.scrippsnetworksinteractive.com/_layouts/1033/styles/Themable/corev4.css?rev=3TRomkG1g2gMGz4rekMIQg%3D%3D.css' saved [191911/191911]

--2012-11-12 05:13:30--  http://www.scrippsnetworksinteractive.com/_layouts/1033/msstring.js?rev=QtiIcPH3HV7LgVSO7vONFg%3D%3D
Reusing existing connection to www.scrippsnetworks.com:80.
HTTP request sent, awaiting response... 200 OK
Length: 4092 (4.0K) [application/x-javascript]
Saving to: `code/../crawls/travelchannel.com/Privacy-Policy/raw/www.scrippsnetworksinteractive.com/_layouts/1033/msstring.js?rev=QtiIcPH3HV7LgVSO7vONFg%3D%3D'

     0K ...                                                   100% 25.8K=0.2s

2012-11-12 05:13:30 (25.8 KB/s) - `code/../crawls/travelchannel.com/Privacy-Policy/raw/www.scrippsnetworksinteractive.com/_layouts/1033/msstring.js?rev=QtiIcPH3HV7LgVSO7vONFg%3D%3D' saved [4092/4092]

--2012-11-12 05:13:30--  http://www.scrippsnetworksinteractive.com/_layouts/1033/ie55up.js?rev=UgTcwUTI6YcRzTMBxD93Xg%3D%3D
Reusing existing connection to www.scrippsnetworks.com:80.
HTTP request sent, awaiting response... 200 OK
Length: 77106 (75K) [application/x-javascript]
Saving to: `code/../crawls/travelchannel.com/Privacy-Policy/raw/www.scrippsnetworksinteractive.com/_layouts/1033/ie55up.js?rev=UgTcwUTI6YcRzTMBxD93Xg%3D%3D'

     0K .......... .......... .......... .......... .......... 66% 71.6K 0s
    50K .......... .......... .....                           100% 52.5K=1.2s

2012-11-12 05:13:31 (63.8 KB/s) - `code/../crawls/travelchannel.com/Privacy-Policy/raw/www.scrippsnetworksinteractive.com/_layouts/1033/ie55up.js?rev=UgTcwUTI6YcRzTMBxD93Xg%3D%3D' saved [77106/77106]

The name is too long, 196 chars total.
Trying to shorten...
New name is ScriptResource.axd?d=-ikBxGOoUmOWT8uPW2JAXzBirakK_tzbvtyYN64kEYFqYBwJwzoaxJrZ25wbA48sjzELOD6-r51ellC2w1g6l8SLP6Y3Wo7Qo3qJizA9wW.
The name is too long, 196 chars total.
Trying to shorten...
New name is ScriptResource.axd?d=-ikBxGOoUmOWT8uPW2JAXzBirakK_tzbvtyYN64kEYFqYBwJwzoaxJrZ25wbA48sjzELOD6-r51ellC2w1g6l8SLP6Y3Wo7Qo3qJizA9wW.
--2012-11-12 05:13:31--  http://www.scrippsnetworksinteractive.com/ScriptResource.axd?d=-ikBxGOoUmOWT8uPW2JAXzBirakK_tzbvtyYN64kEYFqYBwJwzoaxJrZ25wbA48sjzELOD6-r51ellC2w1g6l8SLP6Y3Wo7Qo3qJizA9wWkhNCwwumXifTMd_2lDh6EOg2cnRpfP2sq3JUuXx4nx6RUYMb01&t=ffffffffb868b5f4
Reusing existing connection to www.scrippsnetworks.com:80.
HTTP request sent, awaiting response... 200 OK
Length: 27441 (27K) [application/x-javascript]
Saving to: `code/../crawls/travelchannel.com/Privacy-Policy/raw/www.scrippsnetworksinteractive.com/ScriptResource.axd?d=-ikBxGOoUmOWT8uPW2JAXzBirakK_tzbvtyYN64kEYFqYBwJwzoaxJrZ25wbA48sjzELOD6-r51ellC2w1g6l8SLP6Y3Wo7Qo3qJizA9wW'

     0K .......... .......... ......                          100% 85.6K=0.3s

2012-11-12 05:13:32 (85.6 KB/s) - `code/../crawls/travelchannel.com/Privacy-Policy/raw/www.scrippsnetworksinteractive.com/ScriptResource.axd?d=-ikBxGOoUmOWT8uPW2JAXzBirakK_tzbvtyYN64kEYFqYBwJwzoaxJrZ25wbA48sjzELOD6-r51ellC2w1g6l8SLP6Y3Wo7Qo3qJizA9wW' saved [27441/27441]

--2012-11-12 05:13:32--  http://www.scrippsnetworksinteractive.com/_layouts/blank.js?rev=QGOYAJlouiWgFRlhHVlMKA%3D%3D
Reusing existing connection to www.scrippsnetworks.com:80.
HTTP request sent, awaiting response... 200 OK
Length: 120 [application/x-javascript]
Saving to: `code/../crawls/travelchannel.com/Privacy-Policy/raw/www.scrippsnetworksinteractive.com/_layouts/blank.js?rev=QGOYAJlouiWgFRlhHVlMKA%3D%3D'

     0K                                                       100% 21.9M=0s

2012-11-12 05:13:32 (21.9 MB/s) - `code/../crawls/travelchannel.com/Privacy-Policy/raw/www.scrippsnetworksinteractive.com/_layouts/blank.js?rev=QGOYAJlouiWgFRlhHVlMKA%3D%3D' saved [120/120]

The name is too long, 217 chars total.
Trying to shorten...
New name is ScriptResource.axd?d=V3EAU9uYQmD-n1pdrCQnssel0ktApaOSFal53rRAzjb170ffcrUisrvPtBPHJjA_tOHa40DFnrBTMklAvgLS4k3y37mnM_axiA5gXlWKgJ.
The name is too long, 217 chars total.
Trying to shorten...
New name is ScriptResource.axd?d=V3EAU9uYQmD-n1pdrCQnssel0ktApaOSFal53rRAzjb170ffcrUisrvPtBPHJjA_tOHa40DFnrBTMklAvgLS4k3y37mnM_axiA5gXlWKgJ.
--2012-11-12 05:13:32--  http://www.scrippsnetworksinteractive.com/ScriptResource.axd?d=V3EAU9uYQmD-n1pdrCQnssel0ktApaOSFal53rRAzjb170ffcrUisrvPtBPHJjA_tOHa40DFnrBTMklAvgLS4k3y37mnM_axiA5gXlWKgJuocYxOWlFlMO2q0vbArPSDG7P74w2jQ-OYUEuF-MVOqiTsNO2kWVP_SaRmouxvebYz1r5L0&t=ffffffffb868b5f4
Reusing existing connection to www.scrippsnetworks.com:80.
HTTP request sent, awaiting response... 200 OK
Length: 8840 (8.6K) [application/x-javascript]
Saving to: `code/../crawls/travelchannel.com/Privacy-Policy/raw/www.scrippsnetworksinteractive.com/ScriptResource.axd?d=V3EAU9uYQmD-n1pdrCQnssel0ktApaOSFal53rRAzjb170ffcrUisrvPtBPHJjA_tOHa40DFnrBTMklAvgLS4k3y37mnM_axiA5gXlWKgJ'

     0K ........                                              100%  111K=0.08s

2012-11-12 05:13:32 (111 KB/s) - `code/../crawls/travelchannel.com/Privacy-Policy/raw/www.scrippsnetworksinteractive.com/ScriptResource.axd?d=V3EAU9uYQmD-n1pdrCQnssel0ktApaOSFal53rRAzjb170ffcrUisrvPtBPHJjA_tOHa40DFnrBTMklAvgLS4k3y37mnM_axiA5gXlWKgJ' saved [8840/8840]

--2012-11-12 05:13:32--  http://www.scrippsnetworksinteractive.com/Style%20Library/SNI/Scripts/swfobject_v2.2.js
Reusing existing connection to www.scrippsnetworks.com:80.
HTTP request sent, awaiting response... 200 OK
Length: 10220 (10.0K) [application/x-javascript]
Saving to: `code/../crawls/travelchannel.com/Privacy-Policy/raw/www.scrippsnetworksinteractive.com/Style Library/SNI/Scripts/swfobject_v2.2.js'

     0K .........                                             100%  129K=0.08s

2012-11-12 05:13:32 (129 KB/s) - `code/../crawls/travelchannel.com/Privacy-Policy/raw/www.scrippsnetworksinteractive.com/Style Library/SNI/Scripts/swfobject_v2.2.js' saved [10220/10220]

--2012-11-12 05:13:32--  http://www.scrippsnetworksinteractive.com/Style%20Library/SNI/Ironworks_SP2010_Base.css
Reusing existing connection to www.scrippsnetworks.com:80.
HTTP request sent, awaiting response... 200 OK
Length: 8393 (8.2K) [text/css]
Saving to: `code/../crawls/travelchannel.com/Privacy-Policy/raw/www.scrippsnetworksinteractive.com/Style Library/SNI/Ironworks_SP2010_Base.css'

     0K ........                                              100% 9.48M=0.001s

2012-11-12 05:13:32 (9.48 MB/s) - `code/../crawls/travelchannel.com/Privacy-Policy/raw/www.scrippsnetworksinteractive.com/Style Library/SNI/Ironworks_SP2010_Base.css' saved [8393/8393]

--2012-11-12 05:13:32--  http://www.scrippsnetworksinteractive.com/Style%20Library/SNI/SNI.css
Reusing existing connection to www.scrippsnetworks.com:80.
HTTP request sent, awaiting response... 200 OK
Length: 64843 (63K) [text/css]
Saving to: `code/../crawls/travelchannel.com/Privacy-Policy/raw/www.scrippsnetworksinteractive.com/Style Library/SNI/SNI.css'

     0K .......... .......... .......... .......... .......... 78% 71.1K 0s
    50K .......... ...                                        100%  172K=0.8s

2012-11-12 05:13:33 (81.1 KB/s) - `code/../crawls/travelchannel.com/Privacy-Policy/raw/www.scrippsnetworksinteractive.com/Style Library/SNI/SNI.css' saved [64843/64843]

The name is too long, 131 chars total.
Trying to shorten...
New name is WebResource.axd?d=J1KATE9K66lx7_Ft-RXrECgCnrr3SPbhXvtRXu29Q2pxUj0xzvLbAQ-4NOV6QNLg3v9G_iWLsn5ufEd5jZCAU4XLOHo1&t=63460424447908.
The name is too long, 131 chars total.
Trying to shorten...
New name is WebResource.axd?d=J1KATE9K66lx7_Ft-RXrECgCnrr3SPbhXvtRXu29Q2pxUj0xzvLbAQ-4NOV6QNLg3v9G_iWLsn5ufEd5jZCAU4XLOHo1&t=63460424447908.
--2012-11-12 05:13:33--  http://www.scrippsnetworksinteractive.com/WebResource.axd?d=J1KATE9K66lx7_Ft-RXrECgCnrr3SPbhXvtRXu29Q2pxUj0xzvLbAQ-4NOV6QNLg3v9G_iWLsn5ufEd5jZCAU4XLOHo1&t=634604244479085897
Reusing existing connection to www.scrippsnetworks.com:80.
HTTP request sent, awaiting response... 200 OK
Length: 20794 (20K) [application/x-javascript]
Saving to: `code/../crawls/travelchannel.com/Privacy-Policy/raw/www.scrippsnetworksinteractive.com/WebResource.axd?d=J1KATE9K66lx7_Ft-RXrECgCnrr3SPbhXvtRXu29Q2pxUj0xzvLbAQ-4NOV6QNLg3v9G_iWLsn5ufEd5jZCAU4XLOHo1&t=63460424447908'

     0K .......... ..........                                 100% 87.3K=0.2s

2012-11-12 05:13:33 (87.3 KB/s) - `code/../crawls/travelchannel.com/Privacy-Policy/raw/www.scrippsnetworksinteractive.com/WebResource.axd?d=J1KATE9K66lx7_Ft-RXrECgCnrr3SPbhXvtRXu29Q2pxUj0xzvLbAQ-4NOV6QNLg3v9G_iWLsn5ufEd5jZCAU4XLOHo1&t=63460424447908' saved [20794/20794]

--2012-11-12 05:13:33--  http://www.scrippsnetworksinteractive.com/Style%20Library/SNI/Images/logo_scripps_networks_interactive_print.gif
Reusing existing connection to www.scrippsnetworks.com:80.
HTTP request sent, awaiting response... 200 OK
Length: 3935 (3.8K) [image/gif]
Saving to: `code/../crawls/travelchannel.com/Privacy-Policy/raw/www.scrippsnetworksinteractive.com/Style Library/SNI/Images/logo_scripps_networks_interactive_print.gif'

     0K ...                                                   100% 12.3M=0s

2012-11-12 05:13:34 (12.3 MB/s) - `code/../crawls/travelchannel.com/Privacy-Policy/raw/www.scrippsnetworksinteractive.com/Style Library/SNI/Images/logo_scripps_networks_interactive_print.gif' saved [3935/3935]

--2012-11-12 05:13:34--  http://www.scrippsnetworksinteractive.com/Style%20Library/SNI/Images/logo_scripps_networks_interactive.png
Reusing existing connection to www.scrippsnetworks.com:80.
HTTP request sent, awaiting response... 200 OK
Length: 3680 (3.6K) [image/png]
Saving to: `code/../crawls/travelchannel.com/Privacy-Policy/raw/www.scrippsnetworksinteractive.com/Style Library/SNI/Images/logo_scripps_networks_interactive.png'

     0K ...                                                   100% 13.1M=0s

2012-11-12 05:13:34 (13.1 MB/s) - `code/../crawls/travelchannel.com/Privacy-Policy/raw/www.scrippsnetworksinteractive.com/Style Library/SNI/Images/logo_scripps_networks_interactive.png' saved [3680/3680]

--2012-11-12 05:13:34--  http://www.scrippsnetworksinteractive.com/Style%20Library/SNI/Images/btn_global_srch_go.png
Reusing existing connection to www.scrippsnetworks.com:80.
HTTP request sent, awaiting response... 200 OK
Length: 801 [image/png]
Saving to: `code/../crawls/travelchannel.com/Privacy-Policy/raw/www.scrippsnetworksinteractive.com/Style Library/SNI/Images/btn_global_srch_go.png'

     0K                                                       100%  141M=0s

2012-11-12 05:13:34 (141 MB/s) - `code/../crawls/travelchannel.com/Privacy-Policy/raw/www.scrippsnetworksinteractive.com/Style Library/SNI/Images/btn_global_srch_go.png' saved [801/801]

--2012-11-12 05:13:34--  http://www.scrippsnetworksinteractive.com/Style%20Library/SNI/Images/logo_scripps_footer.png
Reusing existing connection to www.scrippsnetworks.com:80.
HTTP request sent, awaiting response... 200 OK
Length: 3255 (3.2K) [image/png]
Saving to: `code/../crawls/travelchannel.com/Privacy-Policy/raw/www.scrippsnetworksinteractive.com/Style Library/SNI/Images/logo_scripps_footer.png'

     0K ...                                                   100% 13.1M=0s

2012-11-12 05:13:34 (13.1 MB/s) - `code/../crawls/travelchannel.com/Privacy-Policy/raw/www.scrippsnetworksinteractive.com/Style Library/SNI/Images/logo_scripps_footer.png' saved [3255/3255]

--2012-11-12 05:13:34--  http://ajax.googleapis.com/ajax/libs/jquery/1.5/jquery.min.js
Resolving ajax.googleapis.com... 74.125.136.95, 2a00:1450:4013:c01::5f
Connecting to ajax.googleapis.com|74.125.136.95|:80... connected.
HTTP request sent, awaiting response... 200 OK
Length: unspecified [text/javascript]
Saving to: `code/../crawls/travelchannel.com/Privacy-Policy/raw/ajax.googleapis.com/ajax/libs/jquery/1.5/jquery.min.js'

     0K .......... .......... .......... .......... ..........  160K
    50K .......... .......... .......... ...                    219K=0.5s

2012-11-12 05:13:35 (180 KB/s) - `code/../crawls/travelchannel.com/Privacy-Policy/raw/ajax.googleapis.com/ajax/libs/jquery/1.5/jquery.min.js' saved [85925]

--2012-11-12 05:13:35--  http://ajax.googleapis.com/ajax/libs/jqueryui/1.8/jquery-ui.min.js
Reusing existing connection to ajax.googleapis.com:80.
HTTP request sent, awaiting response... 200 OK
Length: unspecified [text/javascript]
Saving to: `code/../crawls/travelchannel.com/Privacy-Policy/raw/ajax.googleapis.com/ajax/libs/jqueryui/1.8/jquery-ui.min.js'

     0K .......... .......... .......... .......... .......... 11.9M
    50K .......... .......... .......... .......... ..........  322K
   100K .......... .......... .......... .......... ..........  327K
   150K .......... .......... .......... .......... ......     10.3M=0.3s

2012-11-12 05:13:35 (619 KB/s) - `code/../crawls/travelchannel.com/Privacy-Policy/raw/ajax.googleapis.com/ajax/libs/jqueryui/1.8/jquery-ui.min.js' saved [200719]

--2012-11-12 05:13:35--  http://www.scrippsnetworksinteractive.com/Style%20Library/SNI/Scripts/jquery.jscrollpane.min.js
Connecting to www.scrippsnetworksinteractive.com|204.78.32.205|:80... connected.
HTTP request sent, awaiting response... 200 OK
Length: 47590 (46K) [application/x-javascript]
Saving to: `code/../crawls/travelchannel.com/Privacy-Policy/raw/www.scrippsnetworksinteractive.com/Style Library/SNI/Scripts/jquery.jscrollpane.min.js'

     0K .......... .......... .......... .......... ......    100% 66.7K=0.7s

2012-11-12 05:13:36 (66.7 KB/s) - `code/../crawls/travelchannel.com/Privacy-Policy/raw/www.scrippsnetworksinteractive.com/Style Library/SNI/Scripts/jquery.jscrollpane.min.js' saved [47590/47590]

--2012-11-12 05:13:36--  http://www.scrippsnetworksinteractive.com/Style%20Library/SNI/Scripts/jquery.mousewheel.js
Reusing existing connection to www.scrippsnetworksinteractive.com:80.
HTTP request sent, awaiting response... 200 OK
Length: 2485 (2.4K) [application/x-javascript]
Saving to: `code/../crawls/travelchannel.com/Privacy-Policy/raw/www.scrippsnetworksinteractive.com/Style Library/SNI/Scripts/jquery.mousewheel.js'

     0K ..                                                    100%  840K=0.003s

2012-11-12 05:13:36 (840 KB/s) - `code/../crawls/travelchannel.com/Privacy-Policy/raw/www.scrippsnetworksinteractive.com/Style Library/SNI/Scripts/jquery.mousewheel.js' saved [2485/2485]

--2012-11-12 05:13:36--  http://www.scrippsnetworksinteractive.com/Style%20Library/SNI/Scripts/iscroll.js
Reusing existing connection to www.scrippsnetworksinteractive.com:80.
HTTP request sent, awaiting response... 200 OK
Length: 33870 (33K) [application/x-javascript]
Saving to: `code/../crawls/travelchannel.com/Privacy-Policy/raw/www.scrippsnetworksinteractive.com/Style Library/SNI/Scripts/iscroll.js'

     0K .......... .......... .......... ...                  100%  143K=0.2s

2012-11-12 05:13:36 (143 KB/s) - `code/../crawls/travelchannel.com/Privacy-Policy/raw/www.scrippsnetworksinteractive.com/Style Library/SNI/Scripts/iscroll.js' saved [33870/33870]

--2012-11-12 05:13:36--  http://www.scrippsnetworksinteractive.com/Style%20Library/SNI/Scripts/Ironworks_SP2010_Base_functions.js
Reusing existing connection to www.scrippsnetworksinteractive.com:80.
HTTP request sent, awaiting response... 200 OK
Length: 60033 (59K) [application/x-javascript]
Saving to: `code/../crawls/travelchannel.com/Privacy-Policy/raw/www.scrippsnetworksinteractive.com/Style Library/SNI/Scripts/Ironworks_SP2010_Base_functions.js'

     0K .......... .......... .......... .......... .......... 85% 71.1K 0s
    50K ........                                              100%  112K=0.8s

2012-11-12 05:13:37 (75.1 KB/s) - `code/../crawls/travelchannel.com/Privacy-Policy/raw/www.scrippsnetworksinteractive.com/Style Library/SNI/Scripts/Ironworks_SP2010_Base_functions.js' saved [60033/60033]

--2012-11-12 05:13:37--  http://www.scrippsnetworksinteractive.com/Style%20Library/SNI/Scripts/functions.js
Reusing existing connection to www.scrippsnetworksinteractive.com:80.
HTTP request sent, awaiting response... 200 OK
Length: 31348 (31K) [application/x-javascript]
Saving to: `code/../crawls/travelchannel.com/Privacy-Policy/raw/www.scrippsnetworksinteractive.com/Style Library/SNI/Scripts/functions.js'

     0K .......... .......... ..........                      100%  196K=0.2s

2012-11-12 05:13:37 (196 KB/s) - `code/../crawls/travelchannel.com/Privacy-Policy/raw/www.scrippsnetworksinteractive.com/Style Library/SNI/Scripts/functions.js' saved [31348/31348]

--2012-11-12 05:13:37--  http://www.scrippsnetworksinteractive.com/Style%20Library/SNI/Scripts/google_analytics.js
Reusing existing connection to www.scrippsnetworksinteractive.com:80.
HTTP request sent, awaiting response... 200 OK
Length: 4535 (4.4K) [application/x-javascript]
Saving to: `code/../crawls/travelchannel.com/Privacy-Policy/raw/www.scrippsnetworksinteractive.com/Style Library/SNI/Scripts/google_analytics.js'

     0K ....                                                  100% 9.98M=0s

2012-11-12 05:13:37 (9.98 MB/s) - `code/../crawls/travelchannel.com/Privacy-Policy/raw/www.scrippsnetworksinteractive.com/Style Library/SNI/Scripts/google_analytics.js' saved [4535/4535]

--2012-11-12 05:13:37--  http://www.scrippsnetworksinteractive.com/_layouts/images/lstbulet.gif
Reusing existing connection to www.scrippsnetworksinteractive.com:80.
HTTP request sent, awaiting response... 200 OK
Length: 56 [image/gif]
Saving to: `code/../crawls/travelchannel.com/Privacy-Policy/raw/www.scrippsnetworksinteractive.com/_layouts/images/lstbulet.gif'

     0K                                                       100% 9.56M=0s

2012-11-12 05:13:38 (9.56 MB/s) - `code/../crawls/travelchannel.com/Privacy-Policy/raw/www.scrippsnetworksinteractive.com/_layouts/images/lstbulet.gif' saved [56/56]

--2012-11-12 05:13:38--  http://www.scrippsnetworksinteractive.com/_layouts/images/tabtitlerowbottombg.png
Reusing existing connection to www.scrippsnetworksinteractive.com:80.
HTTP request sent, awaiting response... 200 OK
Length: 128 [image/png]
Saving to: `code/../crawls/travelchannel.com/Privacy-Policy/raw/www.scrippsnetworksinteractive.com/_layouts/images/tabtitlerowbottombg.png'

     0K                                                       100% 23.5M=0s

2012-11-12 05:13:38 (23.5 MB/s) - `code/../crawls/travelchannel.com/Privacy-Policy/raw/www.scrippsnetworksinteractive.com/_layouts/images/tabtitlerowbottombg.png' saved [128/128]

--2012-11-12 05:13:38--  http://www.scrippsnetworksinteractive.com/_layouts/images/selbg.png
Reusing existing connection to www.scrippsnetworksinteractive.com:80.
HTTP request sent, awaiting response... 200 OK
Length: 144 [image/png]
Saving to: `code/../crawls/travelchannel.com/Privacy-Policy/raw/www.scrippsnetworksinteractive.com/_layouts/images/selbg.png'

     0K                                                       100% 25.4M=0s

2012-11-12 05:13:38 (25.4 MB/s) - `code/../crawls/travelchannel.com/Privacy-Policy/raw/www.scrippsnetworksinteractive.com/_layouts/images/selbg.png' saved [144/144]

--2012-11-12 05:13:38--  http://www.scrippsnetworksinteractive.com/_layouts/images/MGrad.gif
Reusing existing connection to www.scrippsnetworksinteractive.com:80.
HTTP request sent, awaiting response... 200 OK
Length: 53 [image/gif]
Saving to: `code/../crawls/travelchannel.com/Privacy-Policy/raw/www.scrippsnetworksinteractive.com/_layouts/images/MGrad.gif'

     0K                                                       100% 9.73M=0s

2012-11-12 05:13:38 (9.73 MB/s) - `code/../crawls/travelchannel.com/Privacy-Policy/raw/www.scrippsnetworksinteractive.com/_layouts/images/MGrad.gif' saved [53/53]

--2012-11-12 05:13:38--  http://www.scrippsnetworksinteractive.com/_layouts/images/MGradLarge.gif
Reusing existing connection to www.scrippsnetworksinteractive.com:80.
HTTP request sent, awaiting response... 200 OK
Length: 54 [image/gif]
Saving to: `code/../crawls/travelchannel.com/Privacy-Policy/raw/www.scrippsnetworksinteractive.com/_layouts/images/MGradLarge.gif'

     0K                                                       100% 9.76M=0s

2012-11-12 05:13:38 (9.76 MB/s) - `code/../crawls/travelchannel.com/Privacy-Policy/raw/www.scrippsnetworksinteractive.com/_layouts/images/MGradLarge.gif' saved [54/54]

--2012-11-12 05:13:38--  http://www.scrippsnetworksinteractive.com/_layouts/images/MGradRtl.gif
Reusing existing connection to www.scrippsnetworksinteractive.com:80.
HTTP request sent, awaiting response... 200 OK
Length: 45 [image/gif]
Saving to: `code/../crawls/travelchannel.com/Privacy-Policy/raw/www.scrippsnetworksinteractive.com/_layouts/images/MGradRtl.gif'

     0K                                                       100% 7.71M=0s

2012-11-12 05:13:38 (7.71 MB/s) - `code/../crawls/travelchannel.com/Privacy-Policy/raw/www.scrippsnetworksinteractive.com/_layouts/images/MGradRtl.gif' saved [45/45]

--2012-11-12 05:13:38--  http://www.scrippsnetworksinteractive.com/_layouts/images/MGradLargeRtl.gif
Reusing existing connection to www.scrippsnetworksinteractive.com:80.
HTTP request sent, awaiting response... 200 OK
Length: 46 [image/gif]
Saving to: `code/../crawls/travelchannel.com/Privacy-Policy/raw/www.scrippsnetworksinteractive.com/_layouts/images/MGradLargeRtl.gif'

     0K                                                       100% 7.88M=0s

2012-11-12 05:13:38 (7.88 MB/s) - `code/../crawls/travelchannel.com/Privacy-Policy/raw/www.scrippsnetworksinteractive.com/_layouts/images/MGradLargeRtl.gif' saved [46/46]

--2012-11-12 05:13:38--  http://www.scrippsnetworksinteractive.com/_layouts/images/ChkMrk.gif
Reusing existing connection to www.scrippsnetworksinteractive.com:80.
HTTP request sent, awaiting response... 200 OK
Length: 955 [image/gif]
Saving to: `code/../crawls/travelchannel.com/Privacy-Policy/raw/www.scrippsnetworksinteractive.com/_layouts/images/ChkMrk.gif'

     0K                                                       100%  152M=0s

2012-11-12 05:13:38 (152 MB/s) - `code/../crawls/travelchannel.com/Privacy-Policy/raw/www.scrippsnetworksinteractive.com/_layouts/images/ChkMrk.gif' saved [955/955]

--2012-11-12 05:13:38--  http://www.scrippsnetworksinteractive.com/_layouts/images/recent_doc_gradient.png
Reusing existing connection to www.scrippsnetworksinteractive.com:80.
HTTP request sent, awaiting response... 200 OK
Length: 146 [image/png]
Saving to: `code/../crawls/travelchannel.com/Privacy-Policy/raw/www.scrippsnetworksinteractive.com/_layouts/images/recent_doc_gradient.png'

     0K                                                       100% 26.8M=0s

2012-11-12 05:13:38 (26.8 MB/s) - `code/../crawls/travelchannel.com/Privacy-Policy/raw/www.scrippsnetworksinteractive.com/_layouts/images/recent_doc_gradient.png' saved [146/146]

--2012-11-12 05:13:38--  http://www.scrippsnetworksinteractive.com/_layouts/images/querysuggest.gif
Reusing existing connection to www.scrippsnetworksinteractive.com:80.
HTTP request sent, awaiting response... 200 OK
Length: 112 [image/gif]
Saving to: `code/../crawls/travelchannel.com/Privacy-Policy/raw/www.scrippsnetworksinteractive.com/_layouts/images/querysuggest.gif'

     0K                                                       100% 19.6M=0s

2012-11-12 05:13:38 (19.6 MB/s) - `code/../crawls/travelchannel.com/Privacy-Policy/raw/www.scrippsnetworksinteractive.com/_layouts/images/querysuggest.gif' saved [112/112]

--2012-11-12 05:13:38--  http://www.scrippsnetworksinteractive.com/_layouts/images/hover_tab_gradient.png
Reusing existing connection to www.scrippsnetworksinteractive.com:80.
HTTP request sent, awaiting response... 200 OK
Length: 144 [image/png]
Saving to: `code/../crawls/travelchannel.com/Privacy-Policy/raw/www.scrippsnetworksinteractive.com/_layouts/images/hover_tab_gradient.png'

     0K                                                       100% 23.8M=0s

2012-11-12 05:13:38 (23.8 MB/s) - `code/../crawls/travelchannel.com/Privacy-Policy/raw/www.scrippsnetworksinteractive.com/_layouts/images/hover_tab_gradient.png' saved [144/144]

--2012-11-12 05:13:38--  http://www.scrippsnetworksinteractive.com/_layouts/images/vertical_refinement_gradient.png
Reusing existing connection to www.scrippsnetworksinteractive.com:80.
HTTP request sent, awaiting response... 200 OK
Length: 157 [image/png]
Saving to: `code/../crawls/travelchannel.com/Privacy-Policy/raw/www.scrippsnetworksinteractive.com/_layouts/images/vertical_refinement_gradient.png'

     0K                                                       100% 28.2M=0s

2012-11-12 05:13:38 (28.2 MB/s) - `code/../crawls/travelchannel.com/Privacy-Policy/raw/www.scrippsnetworksinteractive.com/_layouts/images/vertical_refinement_gradient.png' saved [157/157]

--2012-11-12 05:13:38--  http://www.scrippsnetworksinteractive.com/_layouts/images/checkmark.gif
Reusing existing connection to www.scrippsnetworksinteractive.com:80.
HTTP request sent, awaiting response... 404 Not Found
2012-11-12 05:13:39 ERROR 404: Not Found.

--2012-11-12 05:13:39--  http://www.scrippsnetworksinteractive.com/_layouts/images/bgximg.png
Connecting to www.scrippsnetworksinteractive.com|204.78.32.205|:80... connected.
HTTP request sent, awaiting response... 200 OK
Length: 1770 (1.7K) [image/png]
Saving to: `code/../crawls/travelchannel.com/Privacy-Policy/raw/www.scrippsnetworksinteractive.com/_layouts/images/bgximg.png'

     0K .                                                     100% 7.01M=0s

2012-11-12 05:13:39 (7.01 MB/s) - `code/../crawls/travelchannel.com/Privacy-Policy/raw/www.scrippsnetworksinteractive.com/_layouts/images/bgximg.png' saved [1770/1770]

--2012-11-12 05:13:39--  http://www.scrippsnetworksinteractive.com/_layouts/images/selectednav.gif
Reusing existing connection to www.scrippsnetworksinteractive.com:80.
HTTP request sent, awaiting response... 200 OK
Length: 94 [image/gif]
Saving to: `code/../crawls/travelchannel.com/Privacy-Policy/raw/www.scrippsnetworksinteractive.com/_layouts/images/selectednav.gif'

     0K                                                       100% 14.3M=0s

2012-11-12 05:13:39 (14.3 MB/s) - `code/../crawls/travelchannel.com/Privacy-Policy/raw/www.scrippsnetworksinteractive.com/_layouts/images/selectednav.gif' saved [94/94]

--2012-11-12 05:13:39--  http://www.scrippsnetworksinteractive.com/_layouts/images/selectednavbullet.gif
Reusing existing connection to www.scrippsnetworksinteractive.com:80.
HTTP request sent, awaiting response... 200 OK
Length: 53 [image/gif]
Saving to: `code/../crawls/travelchannel.com/Privacy-Policy/raw/www.scrippsnetworksinteractive.com/_layouts/images/selectednavbullet.gif'

     0K                                                       100% 9.26M=0s

2012-11-12 05:13:39 (9.26 MB/s) - `code/../crawls/travelchannel.com/Privacy-Policy/raw/www.scrippsnetworksinteractive.com/_layouts/images/selectednavbullet.gif' saved [53/53]

--2012-11-12 05:13:39--  http://www.scrippsnetworksinteractive.com/_layouts/images/navBullet.gif
Reusing existing connection to www.scrippsnetworksinteractive.com:80.
HTTP request sent, awaiting response... 200 OK
Length: 58 [image/gif]
Saving to: `code/../crawls/travelchannel.com/Privacy-Policy/raw/www.scrippsnetworksinteractive.com/_layouts/images/navBullet.gif'

     0K                                                       100% 10.1M=0s

2012-11-12 05:13:39 (10.1 MB/s) - `code/../crawls/travelchannel.com/Privacy-Policy/raw/www.scrippsnetworksinteractive.com/_layouts/images/navBullet.gif' saved [58/58]

--2012-11-12 05:13:39--  http://www.scrippsnetworksinteractive.com/_layouts/images/SELECTEDNAV.GIF
Reusing existing connection to www.scrippsnetworksinteractive.com:80.
HTTP request sent, awaiting response... 200 OK
Length: 94 [image/gif]
Saving to: `code/../crawls/travelchannel.com/Privacy-Policy/raw/www.scrippsnetworksinteractive.com/_layouts/images/SELECTEDNAV.GIF'

     0K                                                       100% 16.2M=0s

2012-11-12 05:13:39 (16.2 MB/s) - `code/../crawls/travelchannel.com/Privacy-Policy/raw/www.scrippsnetworksinteractive.com/_layouts/images/SELECTEDNAV.GIF' saved [94/94]

--2012-11-12 05:13:39--  http://www.scrippsnetworksinteractive.com/_layouts/images/quickLaunchHeader.gif
Reusing existing connection to www.scrippsnetworksinteractive.com:80.
HTTP request sent, awaiting response... 200 OK
Length: 148 [image/gif]
Saving to: `code/../crawls/travelchannel.com/Privacy-Policy/raw/www.scrippsnetworksinteractive.com/_layouts/images/quickLaunchHeader.gif'

     0K                                                       100% 24.8M=0s

2012-11-12 05:13:39 (24.8 MB/s) - `code/../crawls/travelchannel.com/Privacy-Policy/raw/www.scrippsnetworksinteractive.com/_layouts/images/quickLaunchHeader.gif' saved [148/148]

--2012-11-12 05:13:39--  http://www.scrippsnetworksinteractive.com/_layouts/images/siteTitleBKGD.gif
Reusing existing connection to www.scrippsnetworksinteractive.com:80.
HTTP request sent, awaiting response... 200 OK
Length: 209 [image/gif]
Saving to: `code/../crawls/travelchannel.com/Privacy-Policy/raw/www.scrippsnetworksinteractive.com/_layouts/images/siteTitleBKGD.gif'

     0K                                                       100% 35.3M=0s

2012-11-12 05:13:39 (35.3 MB/s) - `code/../crawls/travelchannel.com/Privacy-Policy/raw/www.scrippsnetworksinteractive.com/_layouts/images/siteTitleBKGD.gif' saved [209/209]

--2012-11-12 05:13:39--  http://www.scrippsnetworksinteractive.com/_layouts/images/topshape.jpg
Reusing existing connection to www.scrippsnetworksinteractive.com:80.
HTTP request sent, awaiting response... 200 OK
Length: 1568 (1.5K) [image/jpeg]
Saving to: `code/../crawls/travelchannel.com/Privacy-Policy/raw/www.scrippsnetworksinteractive.com/_layouts/images/topshape.jpg'

     0K .                                                     100% 14.5M=0s

2012-11-12 05:13:39 (14.5 MB/s) - `code/../crawls/travelchannel.com/Privacy-Policy/raw/www.scrippsnetworksinteractive.com/_layouts/images/topshape.jpg' saved [1568/1568]

--2012-11-12 05:13:39--  http://www.scrippsnetworksinteractive.com/_layouts/images/framecornergrad.gif
Reusing existing connection to www.scrippsnetworksinteractive.com:80.
HTTP request sent, awaiting response... 200 OK
Length: 120 [image/gif]
Saving to: `code/../crawls/travelchannel.com/Privacy-Policy/raw/www.scrippsnetworksinteractive.com/_layouts/images/framecornergrad.gif'

     0K                                                       100% 20.7M=0s

2012-11-12 05:13:40 (20.7 MB/s) - `code/../crawls/travelchannel.com/Privacy-Policy/raw/www.scrippsnetworksinteractive.com/_layouts/images/framecornergrad.gif' saved [120/120]

--2012-11-12 05:13:40--  http://www.scrippsnetworksinteractive.com/_layouts/images/keyFiltersBackground.png
Reusing existing connection to www.scrippsnetworksinteractive.com:80.
HTTP request sent, awaiting response... 200 OK
Length: 176 [image/png]
Saving to: `code/../crawls/travelchannel.com/Privacy-Policy/raw/www.scrippsnetworksinteractive.com/_layouts/images/keyFiltersBackground.png'

     0K                                                       100% 31.1M=0s

2012-11-12 05:13:40 (31.1 MB/s) - `code/../crawls/travelchannel.com/Privacy-Policy/raw/www.scrippsnetworksinteractive.com/_layouts/images/keyFiltersBackground.png' saved [176/176]

--2012-11-12 05:13:40--  http://www.scrippsnetworksinteractive.com/_layouts/images/MGrad.png
Reusing existing connection to www.scrippsnetworksinteractive.com:80.
HTTP request sent, awaiting response... 200 OK
Length: 2799 (2.7K) [image/png]
Saving to: `code/../crawls/travelchannel.com/Privacy-Policy/raw/www.scrippsnetworksinteractive.com/_layouts/images/MGrad.png'

     0K ..                                                    100% 7.82M=0s

2012-11-12 05:13:40 (7.82 MB/s) - `code/../crawls/travelchannel.com/Privacy-Policy/raw/www.scrippsnetworksinteractive.com/_layouts/images/MGrad.png' saved [2799/2799]

--2012-11-12 05:13:40--  http://www.scrippsnetworksinteractive.com/_layouts/images/MGradLarge.png
Reusing existing connection to www.scrippsnetworksinteractive.com:80.
HTTP request sent, awaiting response... 200 OK
Length: 116 [image/png]
Saving to: `code/../crawls/travelchannel.com/Privacy-Policy/raw/www.scrippsnetworksinteractive.com/_layouts/images/MGradLarge.png'

     0K                                                       100% 20.5M=0s

2012-11-12 05:13:40 (20.5 MB/s) - `code/../crawls/travelchannel.com/Privacy-Policy/raw/www.scrippsnetworksinteractive.com/_layouts/images/MGradLarge.png' saved [116/116]

--2012-11-12 05:13:40--  http://www.scrippsnetworksinteractive.com/_layouts/images/MGradRtl.png
Reusing existing connection to www.scrippsnetworksinteractive.com:80.
HTTP request sent, awaiting response... 200 OK
Length: 2799 (2.7K) [image/png]
Saving to: `code/../crawls/travelchannel.com/Privacy-Policy/raw/www.scrippsnetworksinteractive.com/_layouts/images/MGradRtl.png'

     0K ..                                                    100% 9.68M=0s

2012-11-12 05:13:40 (9.68 MB/s) - `code/../crawls/travelchannel.com/Privacy-Policy/raw/www.scrippsnetworksinteractive.com/_layouts/images/MGradRtl.png' saved [2799/2799]

--2012-11-12 05:13:40--  http://www.scrippsnetworksinteractive.com/_layouts/images/MGradLargeRtl.png
Reusing existing connection to www.scrippsnetworksinteractive.com:80.
HTTP request sent, awaiting response... 200 OK
Length: 117 [image/png]
Saving to: `code/../crawls/travelchannel.com/Privacy-Policy/raw/www.scrippsnetworksinteractive.com/_layouts/images/MGradLargeRtl.png'

     0K                                                       100% 20.2M=0s

2012-11-12 05:13:40 (20.2 MB/s) - `code/../crawls/travelchannel.com/Privacy-Policy/raw/www.scrippsnetworksinteractive.com/_layouts/images/MGradLargeRtl.png' saved [117/117]

--2012-11-12 05:13:40--  http://www.scrippsnetworksinteractive.com/_layouts/images/wpadder_graygrad.png
Reusing existing connection to www.scrippsnetworksinteractive.com:80.
HTTP request sent, awaiting response... 200 OK
Length: 246 [image/png]
Saving to: `code/../crawls/travelchannel.com/Privacy-Policy/raw/www.scrippsnetworksinteractive.com/_layouts/images/wpadder_graygrad.png'

     0K                                                       100% 39.6M=0s

2012-11-12 05:13:40 (39.6 MB/s) - `code/../crawls/travelchannel.com/Privacy-Policy/raw/www.scrippsnetworksinteractive.com/_layouts/images/wpadder_graygrad.png' saved [246/246]

--2012-11-12 05:13:40--  http://www.scrippsnetworksinteractive.com/_layouts/images/treeviewselected.png
Reusing existing connection to www.scrippsnetworksinteractive.com:80.
HTTP request sent, awaiting response... 200 OK
Length: 143 [image/png]
Saving to: `code/../crawls/travelchannel.com/Privacy-Policy/raw/www.scrippsnetworksinteractive.com/_layouts/images/treeviewselected.png'

     0K                                                       100% 23.2M=0s

2012-11-12 05:13:40 (23.2 MB/s) - `code/../crawls/travelchannel.com/Privacy-Policy/raw/www.scrippsnetworksinteractive.com/_layouts/images/treeviewselected.png' saved [143/143]

--2012-11-12 05:13:40--  http://www.scrippsnetworksinteractive.com/_layouts/images/settingsgraphic.jpg
Reusing existing connection to www.scrippsnetworksinteractive.com:80.
HTTP request sent, awaiting response... 200 OK
Length: 6684 (6.5K) [image/jpeg]
Saving to: `code/../crawls/travelchannel.com/Privacy-Policy/raw/www.scrippsnetworksinteractive.com/_layouts/images/settingsgraphic.jpg'

     0K ......                                                100% 9.91M=0.001s

2012-11-12 05:13:40 (9.91 MB/s) - `code/../crawls/travelchannel.com/Privacy-Policy/raw/www.scrippsnetworksinteractive.com/_layouts/images/settingsgraphic.jpg' saved [6684/6684]

--2012-11-12 05:13:40--  http://www.scrippsnetworksinteractive.com/_layouts/images/RibbonBG.png
Reusing existing connection to www.scrippsnetworksinteractive.com:80.
HTTP request sent, awaiting response... 404 Not Found
2012-11-12 05:13:40 ERROR 404: Not Found.

--2012-11-12 05:13:40--  http://www.scrippsnetworksinteractive.com/_layouts/images/rmgrad16.png
Connecting to www.scrippsnetworksinteractive.com|204.78.32.205|:80... connected.
HTTP request sent, awaiting response... 200 OK
Length: 116 [image/png]
Saving to: `code/../crawls/travelchannel.com/Privacy-Policy/raw/www.scrippsnetworksinteractive.com/_layouts/images/rmgrad16.png'

     0K                                                       100% 18.6M=0s

2012-11-12 05:13:41 (18.6 MB/s) - `code/../crawls/travelchannel.com/Privacy-Policy/raw/www.scrippsnetworksinteractive.com/_layouts/images/rmgrad16.png' saved [116/116]

--2012-11-12 05:13:41--  http://www.scrippsnetworksinteractive.com/_layouts/images/rmgrad16rtl.png
Reusing existing connection to www.scrippsnetworksinteractive.com:80.
HTTP request sent, awaiting response... 200 OK
Length: 114 [image/png]
Saving to: `code/../crawls/travelchannel.com/Privacy-Policy/raw/www.scrippsnetworksinteractive.com/_layouts/images/rmgrad16rtl.png'

     0K                                                       100% 19.2M=0s

2012-11-12 05:13:41 (19.2 MB/s) - `code/../crawls/travelchannel.com/Privacy-Policy/raw/www.scrippsnetworksinteractive.com/_layouts/images/rmgrad16rtl.png' saved [114/114]

--2012-11-12 05:13:41--  http://www.scrippsnetworksinteractive.com/_layouts/images/tooltipGradient.png
Reusing existing connection to www.scrippsnetworksinteractive.com:80.
HTTP request sent, awaiting response... 200 OK
Length: 147 [image/png]
Saving to: `code/../crawls/travelchannel.com/Privacy-Policy/raw/www.scrippsnetworksinteractive.com/_layouts/images/tooltipGradient.png'

     0K                                                       100% 23.8M=0s

2012-11-12 05:13:41 (23.8 MB/s) - `code/../crawls/travelchannel.com/Privacy-Policy/raw/www.scrippsnetworksinteractive.com/_layouts/images/tooltipGradient.png' saved [147/147]

--2012-11-12 05:13:41--  http://www.scrippsnetworksinteractive.com/_layouts/images/menu-down.gif
Reusing existing connection to www.scrippsnetworksinteractive.com:80.
HTTP request sent, awaiting response... 200 OK
Length: 59 [image/gif]
Saving to: `code/../crawls/travelchannel.com/Privacy-Policy/raw/www.scrippsnetworksinteractive.com/_layouts/images/menu-down.gif'

     0K                                                       100% 10.2M=0s

2012-11-12 05:13:41 (10.2 MB/s) - `code/../crawls/travelchannel.com/Privacy-Policy/raw/www.scrippsnetworksinteractive.com/_layouts/images/menu-down.gif' saved [59/59]

--2012-11-12 05:13:41--  http://www.scrippsnetworksinteractive.com/_layouts/images/menu-right.gif
Reusing existing connection to www.scrippsnetworksinteractive.com:80.
HTTP request sent, awaiting response... 200 OK
Length: 62 [image/gif]
Saving to: `code/../crawls/travelchannel.com/Privacy-Policy/raw/www.scrippsnetworksinteractive.com/_layouts/images/menu-right.gif'

     0K                                                       100% 9.72M=0s

2012-11-12 05:13:41 (9.72 MB/s) - `code/../crawls/travelchannel.com/Privacy-Policy/raw/www.scrippsnetworksinteractive.com/_layouts/images/menu-right.gif' saved [62/62]

--2012-11-12 05:13:41--  http://www.scrippsnetworksinteractive.com/_layouts/images/globgrad.gif
Reusing existing connection to www.scrippsnetworksinteractive.com:80.
HTTP request sent, awaiting response... 200 OK
Length: 148 [image/gif]
Saving to: `code/../crawls/travelchannel.com/Privacy-Policy/raw/www.scrippsnetworksinteractive.com/_layouts/images/globgrad.gif'

     0K                                                       100% 24.4M=0s

2012-11-12 05:13:41 (24.4 MB/s) - `code/../crawls/travelchannel.com/Privacy-Policy/raw/www.scrippsnetworksinteractive.com/_layouts/images/globgrad.gif' saved [148/148]

--2012-11-12 05:13:41--  http://www.scrippsnetworksinteractive.com/Style%20Library/SNI/Images/bg_body.gif
Reusing existing connection to www.scrippsnetworksinteractive.com:80.
HTTP request sent, awaiting response... 200 OK
Length: 230 [image/gif]
Saving to: `code/../crawls/travelchannel.com/Privacy-Policy/raw/www.scrippsnetworksinteractive.com/Style Library/SNI/Images/bg_body.gif'

     0K                                                       100% 35.1M=0s

2012-11-12 05:13:41 (35.1 MB/s) - `code/../crawls/travelchannel.com/Privacy-Policy/raw/www.scrippsnetworksinteractive.com/Style Library/SNI/Images/bg_body.gif' saved [230/230]

--2012-11-12 05:13:41--  http://www.scrippsnetworksinteractive.com/Style%20Library/SNI/Images/sprite_devices_available_on.gif
Reusing existing connection to www.scrippsnetworksinteractive.com:80.
HTTP request sent, awaiting response... 200 OK
Length: 1039 (1.0K) [image/gif]
Saving to: `code/../crawls/travelchannel.com/Privacy-Policy/raw/www.scrippsnetworksinteractive.com/Style Library/SNI/Images/sprite_devices_available_on.gif'

     0K .                                                     100%  141M=0s

2012-11-12 05:13:41 (141 MB/s) - `code/../crawls/travelchannel.com/Privacy-Policy/raw/www.scrippsnetworksinteractive.com/Style Library/SNI/Images/sprite_devices_available_on.gif' saved [1039/1039]

--2012-11-12 05:13:41--  http://www.scrippsnetworksinteractive.com/Style%20Library/SNI/Images/bg_level_one_header_638.png
Reusing existing connection to www.scrippsnetworksinteractive.com:80.
HTTP request sent, awaiting response... 200 OK
Length: 482 [image/png]
Saving to: `code/../crawls/travelchannel.com/Privacy-Policy/raw/www.scrippsnetworksinteractive.com/Style Library/SNI/Images/bg_level_one_header_638.png'

     0K                                                       100% 81.7M=0s

2012-11-12 05:13:41 (81.7 MB/s) - `code/../crawls/travelchannel.com/Privacy-Policy/raw/www.scrippsnetworksinteractive.com/Style Library/SNI/Images/bg_level_one_header_638.png' saved [482/482]

--2012-11-12 05:13:41--  http://www.scrippsnetworksinteractive.com/Style%20Library/SNI/Images/bg_level_one_header_875.png
Reusing existing connection to www.scrippsnetworksinteractive.com:80.
HTTP request sent, awaiting response... 200 OK
Length: 507 [image/png]
Saving to: `code/../crawls/travelchannel.com/Privacy-Policy/raw/www.scrippsnetworksinteractive.com/Style Library/SNI/Images/bg_level_one_header_875.png'

     0K                                                       100% 83.4M=0s

2012-11-12 05:13:41 (83.4 MB/s) - `code/../crawls/travelchannel.com/Privacy-Policy/raw/www.scrippsnetworksinteractive.com/Style Library/SNI/Images/bg_level_one_header_875.png' saved [507/507]

--2012-11-12 05:13:41--  http://www.scrippsnetworksinteractive.com/Style%20Library/SNI/Images/blt_blue_arrow.png
Reusing existing connection to www.scrippsnetworksinteractive.com:80.
HTTP request sent, awaiting response... 200 OK
Length: 193 [image/png]
Saving to: `code/../crawls/travelchannel.com/Privacy-Policy/raw/www.scrippsnetworksinteractive.com/Style Library/SNI/Images/blt_blue_arrow.png'

     0K                                                       100% 33.0M=0s

2012-11-12 05:13:41 (33.0 MB/s) - `code/../crawls/travelchannel.com/Privacy-Policy/raw/www.scrippsnetworksinteractive.com/Style Library/SNI/Images/blt_blue_arrow.png' saved [193/193]

--2012-11-12 05:13:41--  http://www.scrippsnetworksinteractive.com/Style%20Library/SNI/Images/bg_blog_date.png
Reusing existing connection to www.scrippsnetworksinteractive.com:80.
HTTP request sent, awaiting response... 200 OK
Length: 2301 (2.2K) [image/png]
Saving to: `code/../crawls/travelchannel.com/Privacy-Policy/raw/www.scrippsnetworksinteractive.com/Style Library/SNI/Images/bg_blog_date.png'

     0K ..                                                    100% 7.38M=0s

2012-11-12 05:13:42 (7.38 MB/s) - `code/../crawls/travelchannel.com/Privacy-Policy/raw/www.scrippsnetworksinteractive.com/Style Library/SNI/Images/bg_blog_date.png' saved [2301/2301]

--2012-11-12 05:13:42--  http://www.scrippsnetworksinteractive.com/Style%20Library/SNI/Images/bg_head_footer_sprite.png
Reusing existing connection to www.scrippsnetworksinteractive.com:80.
HTTP request sent, awaiting response... 200 OK
Length: 158415 (155K) [image/png]
Saving to: `code/../crawls/travelchannel.com/Privacy-Policy/raw/www.scrippsnetworksinteractive.com/Style Library/SNI/Images/bg_head_footer_sprite.png'

     0K .......... .......... .......... .......... .......... 32%  123K 1s
    50K .......... .......... .......... .......... .......... 64% 59.2K 1s
   100K .......... .......... .......... .......... .......... 96% 60.7K 0s
   150K ....                                                  100% 3.16M=2.1s

2012-11-12 05:13:44 (74.5 KB/s) - `code/../crawls/travelchannel.com/Privacy-Policy/raw/www.scrippsnetworksinteractive.com/Style Library/SNI/Images/bg_head_footer_sprite.png' saved [158415/158415]

--2012-11-12 05:13:44--  http://www.scrippsnetworksinteractive.com/Style%20Library/SNI/Images/bg_secondary_nav_shadow.png
Reusing existing connection to www.scrippsnetworksinteractive.com:80.
HTTP request sent, awaiting response... 200 OK
Length: 958 [image/png]
Saving to: `code/../crawls/travelchannel.com/Privacy-Policy/raw/www.scrippsnetworksinteractive.com/Style Library/SNI/Images/bg_secondary_nav_shadow.png'

     0K                                                       100% 16.6M=0s

2012-11-12 05:13:44 (16.6 MB/s) - `code/../crawls/travelchannel.com/Privacy-Policy/raw/www.scrippsnetworksinteractive.com/Style Library/SNI/Images/bg_secondary_nav_shadow.png' saved [958/958]

--2012-11-12 05:13:44--  http://www.scrippsnetworksinteractive.com/Style%20Library/SNI/Images/sprite_social_icons.gif
Reusing existing connection to www.scrippsnetworksinteractive.com:80.
HTTP request sent, awaiting response... 200 OK
Length: 2137 (2.1K) [image/gif]
Saving to: `code/../crawls/travelchannel.com/Privacy-Policy/raw/www.scrippsnetworksinteractive.com/Style Library/SNI/Images/sprite_social_icons.gif'

     0K ..                                                    100% 9.12M=0s

2012-11-12 05:13:44 (9.12 MB/s) - `code/../crawls/travelchannel.com/Privacy-Policy/raw/www.scrippsnetworksinteractive.com/Style Library/SNI/Images/sprite_social_icons.gif' saved [2137/2137]

--2012-11-12 05:13:44--  http://www.scrippsnetworksinteractive.com/Style%20Library/SNI/Images/sprite_footer_logos.png
Reusing existing connection to www.scrippsnetworksinteractive.com:80.
HTTP request sent, awaiting response... 200 OK
Length: 5777 (5.6K) [image/png]
Saving to: `code/../crawls/travelchannel.com/Privacy-Policy/raw/www.scrippsnetworksinteractive.com/Style Library/SNI/Images/sprite_footer_logos.png'

     0K .....                                                 100% 5.86M=0.001s

2012-11-12 05:13:44 (5.86 MB/s) - `code/../crawls/travelchannel.com/Privacy-Policy/raw/www.scrippsnetworksinteractive.com/Style Library/SNI/Images/sprite_footer_logos.png' saved [5777/5777]

--2012-11-12 05:13:44--  http://www.scrippsnetworksinteractive.com/Style%20Library/SNI/Images/sprite_social_icons.png
Reusing existing connection to www.scrippsnetworksinteractive.com:80.
HTTP request sent, awaiting response... 200 OK
Length: 1464 (1.4K) [image/png]
Saving to: `code/../crawls/travelchannel.com/Privacy-Policy/raw/www.scrippsnetworksinteractive.com/Style Library/SNI/Images/sprite_social_icons.png'

     0K .                                                     100% 18.2M=0s

2012-11-12 05:13:44 (18.2 MB/s) - `code/../crawls/travelchannel.com/Privacy-Policy/raw/www.scrippsnetworksinteractive.com/Style Library/SNI/Images/sprite_social_icons.png' saved [1464/1464]

--2012-11-12 05:13:44--  http://www.scrippsnetworksinteractive.com/Style%20Library/SNI/Images/bg_footer_slider.png
Reusing existing connection to www.scrippsnetworksinteractive.com:80.
HTTP request sent, awaiting response... 200 OK
Length: 142007 (139K) [image/png]
Saving to: `code/../crawls/travelchannel.com/Privacy-Policy/raw/www.scrippsnetworksinteractive.com/Style Library/SNI/Images/bg_footer_slider.png'

     0K .......... .......... .......... .......... .......... 36% 71.6K 1s
    50K .......... .......... .......... .......... .......... 72%  126K 0s
   100K .......... .......... .......... ........             100%  245K=1.3s

2012-11-12 05:13:45 (111 KB/s) - `code/../crawls/travelchannel.com/Privacy-Policy/raw/www.scrippsnetworksinteractive.com/Style Library/SNI/Images/bg_footer_slider.png' saved [142007/142007]

--2012-11-12 05:13:45--  http://www.scrippsnetworksinteractive.com/Style%20Library/SNI/Images/sprite_footer_slider_toggle.png
Reusing existing connection to www.scrippsnetworksinteractive.com:80.
HTTP request sent, awaiting response... 200 OK
Length: 1151 (1.1K) [image/png]
Saving to: `code/../crawls/travelchannel.com/Privacy-Policy/raw/www.scrippsnetworksinteractive.com/Style Library/SNI/Images/sprite_footer_slider_toggle.png'

     0K .                                                     100% 14.3K=0.08s

2012-11-12 05:13:46 (14.3 KB/s) - `code/../crawls/travelchannel.com/Privacy-Policy/raw/www.scrippsnetworksinteractive.com/Style Library/SNI/Images/sprite_footer_slider_toggle.png' saved [1151/1151]

--2012-11-12 05:13:46--  http://www.scrippsnetworksinteractive.com/Style%20Library/SNI/Images/bg_twitter_carousel_transparent.png
Reusing existing connection to www.scrippsnetworksinteractive.com:80.
HTTP request sent, awaiting response... 200 OK
Length: 2704 (2.6K) [image/png]
Saving to: `code/../crawls/travelchannel.com/Privacy-Policy/raw/www.scrippsnetworksinteractive.com/Style Library/SNI/Images/bg_twitter_carousel_transparent.png'

     0K ..                                                    100% 34.4K=0.08s

2012-11-12 05:13:46 (34.4 KB/s) - `code/../crawls/travelchannel.com/Privacy-Policy/raw/www.scrippsnetworksinteractive.com/Style Library/SNI/Images/bg_twitter_carousel_transparent.png' saved [2704/2704]

--2012-11-12 05:13:46--  http://www.scrippsnetworksinteractive.com/Style%20Library/SNI/Images/sprite_misc_stock_direction.png
Reusing existing connection to www.scrippsnetworksinteractive.com:80.
HTTP request sent, awaiting response... 200 OK
Length: 1139 (1.1K) [image/png]
Saving to: `code/../crawls/travelchannel.com/Privacy-Policy/raw/www.scrippsnetworksinteractive.com/Style Library/SNI/Images/sprite_misc_stock_direction.png'

     0K .                                                     100% 11.7M=0s

2012-11-12 05:13:46 (11.7 MB/s) - `code/../crawls/travelchannel.com/Privacy-Policy/raw/www.scrippsnetworksinteractive.com/Style Library/SNI/Images/sprite_misc_stock_direction.png' saved [1139/1139]

--2012-11-12 05:13:46--  http://www.scrippsnetworksinteractive.com/Style%20Library/SNI/Images/super_bg_careers_landing.jpg
Reusing existing connection to www.scrippsnetworksinteractive.com:80.
HTTP request sent, awaiting response... 200 OK
Length: 15122 (15K) [image/jpeg]
Saving to: `code/../crawls/travelchannel.com/Privacy-Policy/raw/www.scrippsnetworksinteractive.com/Style Library/SNI/Images/super_bg_careers_landing.jpg'

     0K .......... ....                                       100% 2.79K=5.3s

2012-11-12 05:13:52 (2.79 KB/s) - `code/../crawls/travelchannel.com/Privacy-Policy/raw/www.scrippsnetworksinteractive.com/Style Library/SNI/Images/super_bg_careers_landing.jpg' saved [15122/15122]

--2012-11-12 05:13:52--  http://www.scrippsnetworksinteractive.com/Style%20Library/SNI/Images/super_bg_newsroom.jpg
Reusing existing connection to www.scrippsnetworksinteractive.com:80.
HTTP request sent, awaiting response... 200 OK
Length: 134609 (131K) [image/jpeg]
Saving to: `code/../crawls/travelchannel.com/Privacy-Policy/raw/www.scrippsnetworksinteractive.com/Style Library/SNI/Images/super_bg_newsroom.jpg'

     0K .......... .......... .......... .......... .......... 38% 92.7K 1s
    50K .......... .......... .......... .......... .......... 76%  162K 0s
   100K .......... .......... .......... .                    100%  204K=1.0s

2012-11-12 05:13:54 (131 KB/s) - `code/../crawls/travelchannel.com/Privacy-Policy/raw/www.scrippsnetworksinteractive.com/Style Library/SNI/Images/super_bg_newsroom.jpg' saved [134609/134609]

--2012-11-12 05:13:54--  http://www.scrippsnetworksinteractive.com/Style%20Library/SNI/Images/scripps_arrow.png
Reusing existing connection to www.scrippsnetworksinteractive.com:80.
HTTP request sent, awaiting response... 200 OK
Length: 1132 (1.1K) [image/png]
Saving to: `code/../crawls/travelchannel.com/Privacy-Policy/raw/www.scrippsnetworksinteractive.com/Style Library/SNI/Images/scripps_arrow.png'

     0K .                                                     100% 9.13M=0s

2012-11-12 05:13:54 (9.13 MB/s) - `code/../crawls/travelchannel.com/Privacy-Policy/raw/www.scrippsnetworksinteractive.com/Style Library/SNI/Images/scripps_arrow.png' saved [1132/1132]

--2012-11-12 05:13:54--  http://www.scrippsnetworksinteractive.com/Style%20Library/SNI/Images/sprite_train_controls.png
Reusing existing connection to www.scrippsnetworksinteractive.com:80.
HTTP request sent, awaiting response... 200 OK
Length: 1997 (2.0K) [image/png]
Saving to: `code/../crawls/travelchannel.com/Privacy-Policy/raw/www.scrippsnetworksinteractive.com/Style Library/SNI/Images/sprite_train_controls.png'

     0K .                                                     100% 23.4M=0s

2012-11-12 05:13:54 (23.4 MB/s) - `code/../crawls/travelchannel.com/Privacy-Policy/raw/www.scrippsnetworksinteractive.com/Style Library/SNI/Images/sprite_train_controls.png' saved [1997/1997]

--2012-11-12 05:13:54--  http://www.scrippsnetworksinteractive.com/Style%20Library/SNI/Images/sprite_play_pause.gif
Reusing existing connection to www.scrippsnetworksinteractive.com:80.
HTTP request sent, awaiting response... 200 OK
Length: 916 [image/gif]
Saving to: `code/../crawls/travelchannel.com/Privacy-Policy/raw/www.scrippsnetworksinteractive.com/Style Library/SNI/Images/sprite_play_pause.gif'

     0K                                                       100% 12.4M=0s

2012-11-12 05:13:54 (12.4 MB/s) - `code/../crawls/travelchannel.com/Privacy-Policy/raw/www.scrippsnetworksinteractive.com/Style Library/SNI/Images/sprite_play_pause.gif' saved [916/916]

--2012-11-12 05:13:54--  http://www.scrippsnetworksinteractive.com/Style%20Library/SNI/Images/bg_twitter_carousel.gif
Reusing existing connection to www.scrippsnetworksinteractive.com:80.
HTTP request sent, awaiting response... 200 OK
Length: 1945 (1.9K) [image/gif]
Saving to: `code/../crawls/travelchannel.com/Privacy-Policy/raw/www.scrippsnetworksinteractive.com/Style Library/SNI/Images/bg_twitter_carousel.gif'

     0K .                                                     100% 18.9M=0s

2012-11-12 05:13:54 (18.9 MB/s) - `code/../crawls/travelchannel.com/Privacy-Policy/raw/www.scrippsnetworksinteractive.com/Style Library/SNI/Images/bg_twitter_carousel.gif' saved [1945/1945]

--2012-11-12 05:13:54--  http://www.scrippsnetworksinteractive.com/Style%20Library/SNI/Images/bg_xlarge_carousel.gif
Reusing existing connection to www.scrippsnetworksinteractive.com:80.
HTTP request sent, awaiting response... 200 OK
Length: 2096 (2.0K) [image/gif]
Saving to: `code/../crawls/travelchannel.com/Privacy-Policy/raw/www.scrippsnetworksinteractive.com/Style Library/SNI/Images/bg_xlarge_carousel.gif'

     0K ..                                                    100% 4.42M=0s

2012-11-12 05:13:54 (4.42 MB/s) - `code/../crawls/travelchannel.com/Privacy-Policy/raw/www.scrippsnetworksinteractive.com/Style Library/SNI/Images/bg_xlarge_carousel.gif' saved [2096/2096]

--2012-11-12 05:13:54--  http://www.scrippsnetworksinteractive.com/Style%20Library/SNI/Images/sprite_twitter_carousel_arrows.png
Reusing existing connection to www.scrippsnetworksinteractive.com:80.
HTTP request sent, awaiting response... 200 OK
Length: 1435 (1.4K) [image/png]
Saving to: `code/../crawls/travelchannel.com/Privacy-Policy/raw/www.scrippsnetworksinteractive.com/Style Library/SNI/Images/sprite_twitter_carousel_arrows.png'

     0K .                                                     100% 18.4M=0s

2012-11-12 05:13:54 (18.4 MB/s) - `code/../crawls/travelchannel.com/Privacy-Policy/raw/www.scrippsnetworksinteractive.com/Style Library/SNI/Images/sprite_twitter_carousel_arrows.png' saved [1435/1435]

--2012-11-12 05:13:54--  http://www.scrippsnetworksinteractive.com/Style%20Library/SNI/Images/sprite_large_carousel_arrows.png
Reusing existing connection to www.scrippsnetworksinteractive.com:80.
HTTP request sent, awaiting response... 200 OK
Length: 916 [image/png]
Saving to: `code/../crawls/travelchannel.com/Privacy-Policy/raw/www.scrippsnetworksinteractive.com/Style Library/SNI/Images/sprite_large_carousel_arrows.png'

     0K                                                       100% 11.8M=0s

2012-11-12 05:13:54 (11.8 MB/s) - `code/../crawls/travelchannel.com/Privacy-Policy/raw/www.scrippsnetworksinteractive.com/Style Library/SNI/Images/sprite_large_carousel_arrows.png' saved [916/916]

--2012-11-12 05:13:54--  http://www.scrippsnetworksinteractive.com/Style%20Library/SNI/Images/sprite_careers_carousel_arrows_lrg.png
Reusing existing connection to www.scrippsnetworksinteractive.com:80.
HTTP request sent, awaiting response... 200 OK
Length: 4026 (3.9K) [image/png]
Saving to: `code/../crawls/travelchannel.com/Privacy-Policy/raw/www.scrippsnetworksinteractive.com/Style Library/SNI/Images/sprite_careers_carousel_arrows_lrg.png'

     0K ...                                                   100% 9.85M=0s

2012-11-12 05:13:54 (9.85 MB/s) - `code/../crawls/travelchannel.com/Privacy-Policy/raw/www.scrippsnetworksinteractive.com/Style Library/SNI/Images/sprite_careers_carousel_arrows_lrg.png' saved [4026/4026]

--2012-11-12 05:13:54--  http://www.scrippsnetworksinteractive.com/Style%20Library/SNI/Images/bg_careers_label_bubble.png
Reusing existing connection to www.scrippsnetworksinteractive.com:80.
HTTP request sent, awaiting response... 200 OK
Length: 1877 (1.8K) [image/png]
Saving to: `code/../crawls/travelchannel.com/Privacy-Policy/raw/www.scrippsnetworksinteractive.com/Style Library/SNI/Images/bg_careers_label_bubble.png'

     0K .                                                     100% 20.9M=0s

2012-11-12 05:13:54 (20.9 MB/s) - `code/../crawls/travelchannel.com/Privacy-Policy/raw/www.scrippsnetworksinteractive.com/Style Library/SNI/Images/bg_careers_label_bubble.png' saved [1877/1877]

--2012-11-12 05:13:54--  http://www.scrippsnetworksinteractive.com/Style%20Library/SNI/Images/bg_careers_label_bubble_small.png
Reusing existing connection to www.scrippsnetworksinteractive.com:80.
HTTP request sent, awaiting response... 200 OK
Length: 793 [image/png]
Saving to: `code/../crawls/travelchannel.com/Privacy-Policy/raw/www.scrippsnetworksinteractive.com/Style Library/SNI/Images/bg_careers_label_bubble_small.png'

     0K                                                       100%  139M=0s

2012-11-12 05:13:54 (139 MB/s) - `code/../crawls/travelchannel.com/Privacy-Policy/raw/www.scrippsnetworksinteractive.com/Style Library/SNI/Images/bg_careers_label_bubble_small.png' saved [793/793]

--2012-11-12 05:13:54--  http://www.scrippsnetworksinteractive.com/Style%20Library/SNI/Images/sprite_misc_stock_direction.gif
Reusing existing connection to www.scrippsnetworksinteractive.com:80.
HTTP request sent, awaiting response... 200 OK
Length: 213 [image/gif]
Saving to: `code/../crawls/travelchannel.com/Privacy-Policy/raw/www.scrippsnetworksinteractive.com/Style Library/SNI/Images/sprite_misc_stock_direction.gif'

     0K                                                       100% 35.8M=0s

2012-11-12 05:13:54 (35.8 MB/s) - `code/../crawls/travelchannel.com/Privacy-Policy/raw/www.scrippsnetworksinteractive.com/Style Library/SNI/Images/sprite_misc_stock_direction.gif' saved [213/213]

--2012-11-12 05:13:54--  http://www.scrippsnetworksinteractive.com/Style%20Library/SNI/Images/gridActive.gif
Reusing existing connection to www.scrippsnetworksinteractive.com:80.
HTTP request sent, awaiting response... 200 OK
Length: 105 [image/gif]
Saving to: `code/../crawls/travelchannel.com/Privacy-Policy/raw/www.scrippsnetworksinteractive.com/Style Library/SNI/Images/gridActive.gif'

     0K                                                       100% 18.6M=0s

2012-11-12 05:13:54 (18.6 MB/s) - `code/../crawls/travelchannel.com/Privacy-Policy/raw/www.scrippsnetworksinteractive.com/Style Library/SNI/Images/gridActive.gif' saved [105/105]

--2012-11-12 05:13:54--  http://www.scrippsnetworksinteractive.com/Style%20Library/SNI/Images/gridInactive.gif
Reusing existing connection to www.scrippsnetworksinteractive.com:80.
HTTP request sent, awaiting response... 200 OK
Length: 105 [image/gif]
Saving to: `code/../crawls/travelchannel.com/Privacy-Policy/raw/www.scrippsnetworksinteractive.com/Style Library/SNI/Images/gridInactive.gif'

     0K                                                       100% 19.0M=0s

2012-11-12 05:13:55 (19.0 MB/s) - `code/../crawls/travelchannel.com/Privacy-Policy/raw/www.scrippsnetworksinteractive.com/Style Library/SNI/Images/gridInactive.gif' saved [105/105]

--2012-11-12 05:13:55--  http://www.scrippsnetworksinteractive.com/Style%20Library/SNI/Images/listInactive.gif
Reusing existing connection to www.scrippsnetworksinteractive.com:80.
HTTP request sent, awaiting response... 200 OK
Length: 95 [image/gif]
Saving to: `code/../crawls/travelchannel.com/Privacy-Policy/raw/www.scrippsnetworksinteractive.com/Style Library/SNI/Images/listInactive.gif'

     0K                                                       100% 17.2M=0s

2012-11-12 05:13:55 (17.2 MB/s) - `code/../crawls/travelchannel.com/Privacy-Policy/raw/www.scrippsnetworksinteractive.com/Style Library/SNI/Images/listInactive.gif' saved [95/95]

--2012-11-12 05:13:55--  http://www.scrippsnetworksinteractive.com/Style%20Library/SNI/Images/listActive.gif
Reusing existing connection to www.scrippsnetworksinteractive.com:80.
HTTP request sent, awaiting response... 200 OK
Length: 95 [image/gif]
Saving to: `code/../crawls/travelchannel.com/Privacy-Policy/raw/www.scrippsnetworksinteractive.com/Style Library/SNI/Images/listActive.gif'

     0K                                                       100% 17.2M=0s

2012-11-12 05:13:55 (17.2 MB/s) - `code/../crawls/travelchannel.com/Privacy-Policy/raw/www.scrippsnetworksinteractive.com/Style Library/SNI/Images/listActive.gif' saved [95/95]

--2012-11-12 05:13:55--  http://www.scrippsnetworksinteractive.com/Style%20Library/SNI/Images/icon_open_in_new_window.gif
Reusing existing connection to www.scrippsnetworksinteractive.com:80.
HTTP request sent, awaiting response... 200 OK
Length: 67 [image/gif]
Saving to: `code/../crawls/travelchannel.com/Privacy-Policy/raw/www.scrippsnetworksinteractive.com/Style Library/SNI/Images/icon_open_in_new_window.gif'

     0K                                                       100% 11.9M=0s

2012-11-12 05:13:55 (11.9 MB/s) - `code/../crawls/travelchannel.com/Privacy-Policy/raw/www.scrippsnetworksinteractive.com/Style Library/SNI/Images/icon_open_in_new_window.gif' saved [67/67]

--2012-11-12 05:13:55--  http://www.scrippsnetworksinteractive.com/Style%20Library/SNI/Images/next_pagination.png
Reusing existing connection to www.scrippsnetworksinteractive.com:80.
HTTP request sent, awaiting response... 200 OK
Length: 464 [image/png]
Saving to: `code/../crawls/travelchannel.com/Privacy-Policy/raw/www.scrippsnetworksinteractive.com/Style Library/SNI/Images/next_pagination.png'

     0K                                                       100% 82.7M=0s

2012-11-12 05:13:55 (82.7 MB/s) - `code/../crawls/travelchannel.com/Privacy-Policy/raw/www.scrippsnetworksinteractive.com/Style Library/SNI/Images/next_pagination.png' saved [464/464]

--2012-11-12 05:13:55--  http://www.scrippsnetworksinteractive.com/Style%20Library/SNI/Images/prev_pagination.png
Reusing existing connection to www.scrippsnetworksinteractive.com:80.
HTTP request sent, awaiting response... 200 OK
Length: 1198 (1.2K) [image/png]
Saving to: `code/../crawls/travelchannel.com/Privacy-Policy/raw/www.scrippsnetworksinteractive.com/Style Library/SNI/Images/prev_pagination.png'

     0K .                                                     100% 14.9M=0s

2012-11-12 05:13:55 (14.9 MB/s) - `code/../crawls/travelchannel.com/Privacy-Policy/raw/www.scrippsnetworksinteractive.com/Style Library/SNI/Images/prev_pagination.png' saved [1198/1198]

--2012-11-12 05:13:55--  http://www.scrippsnetworksinteractive.com/Style%20Library/SNI/Images/icon_asterisk_required.gif
Reusing existing connection to www.scrippsnetworksinteractive.com:80.
HTTP request sent, awaiting response... 200 OK
Length: 105 [image/gif]
Saving to: `code/../crawls/travelchannel.com/Privacy-Policy/raw/www.scrippsnetworksinteractive.com/Style Library/SNI/Images/icon_asterisk_required.gif'

     0K                                                       100% 19.7M=0s

2012-11-12 05:13:55 (19.7 MB/s) - `code/../crawls/travelchannel.com/Privacy-Policy/raw/www.scrippsnetworksinteractive.com/Style Library/SNI/Images/icon_asterisk_required.gif' saved [105/105]

FINISHED --2012-11-12 05:13:55--
Total wall clock time: 29s
Downloaded: 98 files, 1.5M in 19s (82.2 KB/s)
Converting code/../crawls/travelchannel.com/Privacy-Policy/raw/www.scrippsnetworks.com/privacy.aspx.html... 31-16
Converting code/../crawls/travelchannel.com/Privacy-Policy/raw/www.scrippsnetworksinteractive.com/Style Library/en-US/Themable/Core Styles/controls.css... 5-0
Converting code/../crawls/travelchannel.com/Privacy-Policy/raw/www.scrippsnetworksinteractive.com/_layouts/1033/styles/Themable/Menu.css?rev=yPVeKt0FHzxA%2FW4JR0hJng%3D%3D.css... 5-0
Converting code/../crawls/travelchannel.com/Privacy-Policy/raw/www.scrippsnetworksinteractive.com/Style Library/SNI/Ironworks_SP2010_Base.css... 1-0
Converting code/../crawls/travelchannel.com/Privacy-Policy/raw/www.scrippsnetworksinteractive.com/_layouts/1033/styles/Themable/corev4.css?rev=3TRomkG1g2gMGz4rekMIQg%3D%3D.css... 95-1
Converting code/../crawls/travelchannel.com/Privacy-Policy/raw/www.scrippsnetworksinteractive.com/Style Library/SNI/SNI.css... 57-0
Converting code/../crawls/travelchannel.com/Privacy-Policy/raw/www.scrippsnetworksinteractive.com/_layouts/1033/styles/Themable/search.css?rev=T%2Bhraxktc1A8EnaG5gGMHQ%3D%3D.css... 12-3
Converted 7 files in 0.02 seconds.
