--2012-05-10 05:04:25--  http://www.aetn.com/privacy/
Resolving www.aetn.com... 204.74.99.100
Connecting to www.aetn.com|204.74.99.100|:80... connected.
HTTP request sent, awaiting response... 301 Moved Permanently
Location: http://www.aenetworks.com/privacy/ [following]
--2012-05-10 05:04:25--  http://www.aenetworks.com/privacy/
Resolving www.aenetworks.com... 64.27.102.132
Connecting to www.aenetworks.com|64.27.102.132|:80... connected.
HTTP request sent, awaiting response... 301 Moved Permanently
Location: http://www.aenetworks.com/privacy [following]
--2012-05-10 05:04:26--  http://www.aenetworks.com/privacy
Connecting to www.aenetworks.com|64.27.102.132|:80... connected.
HTTP request sent, awaiting response... 200 OK
Length: unspecified [text/html]
Saving to: `code/../crawls/mylifetime.com/Privacy-Policy/raw/www.aetn.com/privacy/index.html'

     0K .......... .......... .......... .......... ......      211K=0.2s

2012-05-10 05:04:27 (211 KB/s) - `code/../crawls/mylifetime.com/Privacy-Policy/raw/www.aetn.com/privacy/index.html' saved [47148]

--2012-05-10 05:04:27--  http://www.aenetworks.com/sites/all/themes/aetn/favicon.ico
Connecting to www.aenetworks.com|64.27.102.132|:80... connected.
HTTP request sent, awaiting response... 200 OK
Length: 894 [text/plain]
Saving to: `code/../crawls/mylifetime.com/Privacy-Policy/raw/www.aenetworks.com/sites/all/themes/aetn/favicon.ico'

     0K                                                       100%  137M=0s

2012-05-10 05:04:27 (137 MB/s) - `code/../crawls/mylifetime.com/Privacy-Policy/raw/www.aenetworks.com/sites/all/themes/aetn/favicon.ico' saved [894/894]

--2012-05-10 05:04:27--  http://www.aenetworks.com/modules/system/system.base.css?m3j119
Connecting to www.aenetworks.com|64.27.102.132|:80... connected.
HTTP request sent, awaiting response... 200 OK
Length: 5240 (5.1K) [text/css]
Saving to: `code/../crawls/mylifetime.com/Privacy-Policy/raw/www.aenetworks.com/modules/system/system.base.css?m3j119.css'

     0K .....                                                 100% 26.8M=0s

2012-05-10 05:04:27 (26.8 MB/s) - `code/../crawls/mylifetime.com/Privacy-Policy/raw/www.aenetworks.com/modules/system/system.base.css?m3j119.css' saved [5240/5240]

--2012-05-10 05:04:27--  http://www.aenetworks.com/modules/system/system.menus.css?m3j119
Connecting to www.aenetworks.com|64.27.102.132|:80... connected.
HTTP request sent, awaiting response... 200 OK
Length: 2035 (2.0K) [text/css]
Saving to: `code/../crawls/mylifetime.com/Privacy-Policy/raw/www.aenetworks.com/modules/system/system.menus.css?m3j119.css'

     0K .                                                     100%  285M=0s

2012-05-10 05:04:27 (285 MB/s) - `code/../crawls/mylifetime.com/Privacy-Policy/raw/www.aenetworks.com/modules/system/system.menus.css?m3j119.css' saved [2035/2035]

--2012-05-10 05:04:27--  http://www.aenetworks.com/modules/system/system.messages.css?m3j119
Connecting to www.aenetworks.com|64.27.102.132|:80... connected.
HTTP request sent, awaiting response... 200 OK
Length: 961 [text/css]
Saving to: `code/../crawls/mylifetime.com/Privacy-Policy/raw/www.aenetworks.com/modules/system/system.messages.css?m3j119.css'

     0K                                                       100%  163M=0s

2012-05-10 05:04:27 (163 MB/s) - `code/../crawls/mylifetime.com/Privacy-Policy/raw/www.aenetworks.com/modules/system/system.messages.css?m3j119.css' saved [961/961]

--2012-05-10 05:04:27--  http://www.aenetworks.com/modules/system/system.theme.css?m3j119
Connecting to www.aenetworks.com|64.27.102.132|:80... connected.
HTTP request sent, awaiting response... 200 OK
Length: 3711 (3.6K) [text/css]
Saving to: `code/../crawls/mylifetime.com/Privacy-Policy/raw/www.aenetworks.com/modules/system/system.theme.css?m3j119.css'

     0K ...                                                   100% 49.6M=0s

2012-05-10 05:04:28 (49.6 MB/s) - `code/../crawls/mylifetime.com/Privacy-Policy/raw/www.aenetworks.com/modules/system/system.theme.css?m3j119.css' saved [3711/3711]

--2012-05-10 05:04:28--  http://www.aenetworks.com/modules/comment/comment.css?m3j119
Connecting to www.aenetworks.com|64.27.102.132|:80... connected.
HTTP request sent, awaiting response... 200 OK
Length: 184 [text/css]
Saving to: `code/../crawls/mylifetime.com/Privacy-Policy/raw/www.aenetworks.com/modules/comment/comment.css?m3j119.css'

     0K                                                       100% 31.9M=0s

2012-05-10 05:04:28 (31.9 MB/s) - `code/../crawls/mylifetime.com/Privacy-Policy/raw/www.aenetworks.com/modules/comment/comment.css?m3j119.css' saved [184/184]

--2012-05-10 05:04:28--  http://www.aenetworks.com/modules/field/theme/field.css?m3j119
Connecting to www.aenetworks.com|64.27.102.132|:80... connected.
HTTP request sent, awaiting response... 200 OK
Length: 550 [text/css]
Saving to: `code/../crawls/mylifetime.com/Privacy-Policy/raw/www.aenetworks.com/modules/field/theme/field.css?m3j119.css'

     0K                                                       100% 84.1M=0s

2012-05-10 05:04:28 (84.1 MB/s) - `code/../crawls/mylifetime.com/Privacy-Policy/raw/www.aenetworks.com/modules/field/theme/field.css?m3j119.css' saved [550/550]

--2012-05-10 05:04:28--  http://www.aenetworks.com/sites/all/modules/logintoboggan/logintoboggan.css?m3j119
Connecting to www.aenetworks.com|64.27.102.132|:80... connected.
HTTP request sent, awaiting response... 200 OK
Length: 991 [text/css]
Saving to: `code/../crawls/mylifetime.com/Privacy-Policy/raw/www.aenetworks.com/sites/all/modules/logintoboggan/logintoboggan.css?m3j119.css'

     0K                                                       100%  157M=0s

2012-05-10 05:04:28 (157 MB/s) - `code/../crawls/mylifetime.com/Privacy-Policy/raw/www.aenetworks.com/sites/all/modules/logintoboggan/logintoboggan.css?m3j119.css' saved [991/991]

--2012-05-10 05:04:28--  http://www.aenetworks.com/sites/all/modules/aetn/networks_press/photo_filter.css?m3j119
Connecting to www.aenetworks.com|64.27.102.132|:80... connected.
HTTP request sent, awaiting response... 200 OK
Length: 102 [text/css]
Saving to: `code/../crawls/mylifetime.com/Privacy-Policy/raw/www.aenetworks.com/sites/all/modules/aetn/networks_press/photo_filter.css?m3j119.css'

     0K                                                       100% 16.5M=0s

2012-05-10 05:04:28 (16.5 MB/s) - `code/../crawls/mylifetime.com/Privacy-Policy/raw/www.aenetworks.com/sites/all/modules/aetn/networks_press/photo_filter.css?m3j119.css' saved [102/102]

--2012-05-10 05:04:28--  http://www.aenetworks.com/sites/all/modules/aetn/news_press/news_press.css?m3j119
Connecting to www.aenetworks.com|64.27.102.132|:80... connected.
HTTP request sent, awaiting response... 200 OK
Length: 726 [text/css]
Saving to: `code/../crawls/mylifetime.com/Privacy-Policy/raw/www.aenetworks.com/sites/all/modules/aetn/news_press/news_press.css?m3j119.css'

     0K                                                       100%  118M=0s

2012-05-10 05:04:28 (118 MB/s) - `code/../crawls/mylifetime.com/Privacy-Policy/raw/www.aenetworks.com/sites/all/modules/aetn/news_press/news_press.css?m3j119.css' saved [726/726]

--2012-05-10 05:04:28--  http://www.aenetworks.com/modules/node/node.css?m3j119
Connecting to www.aenetworks.com|64.27.102.132|:80... connected.
HTTP request sent, awaiting response... 200 OK
Length: 144 [text/css]
Saving to: `code/../crawls/mylifetime.com/Privacy-Policy/raw/www.aenetworks.com/modules/node/node.css?m3j119.css'

     0K                                                       100% 21.2M=0s

2012-05-10 05:04:28 (21.2 MB/s) - `code/../crawls/mylifetime.com/Privacy-Policy/raw/www.aenetworks.com/modules/node/node.css?m3j119.css' saved [144/144]

--2012-05-10 05:04:28--  http://www.aenetworks.com/modules/search/search.css?m3j119
Connecting to www.aenetworks.com|64.27.102.132|:80... connected.
HTTP request sent, awaiting response... 200 OK
Length: 564 [text/css]
Saving to: `code/../crawls/mylifetime.com/Privacy-Policy/raw/www.aenetworks.com/modules/search/search.css?m3j119.css'

     0K                                                       100% 91.3M=0s

2012-05-10 05:04:29 (91.3 MB/s) - `code/../crawls/mylifetime.com/Privacy-Policy/raw/www.aenetworks.com/modules/search/search.css?m3j119.css' saved [564/564]

--2012-05-10 05:04:29--  http://www.aenetworks.com/modules/user/user.css?m3j119
Connecting to www.aenetworks.com|64.27.102.132|:80... connected.
HTTP request sent, awaiting response... 200 OK
Length: 1827 (1.8K) [text/css]
Saving to: `code/../crawls/mylifetime.com/Privacy-Policy/raw/www.aenetworks.com/modules/user/user.css?m3j119.css'

     0K .                                                     100%  156M=0s

2012-05-10 05:04:29 (156 MB/s) - `code/../crawls/mylifetime.com/Privacy-Policy/raw/www.aenetworks.com/modules/user/user.css?m3j119.css' saved [1827/1827]

--2012-05-10 05:04:29--  http://www.aenetworks.com/profiles/codeandtheory/modules/views/css/views.css?m3j119
Connecting to www.aenetworks.com|64.27.102.132|:80... connected.
HTTP request sent, awaiting response... 200 OK
Length: 707 [text/css]
Saving to: `code/../crawls/mylifetime.com/Privacy-Policy/raw/www.aenetworks.com/profiles/codeandtheory/modules/views/css/views.css?m3j119.css'

     0K                                                       100%  115M=0s

2012-05-10 05:04:29 (115 MB/s) - `code/../crawls/mylifetime.com/Privacy-Policy/raw/www.aenetworks.com/profiles/codeandtheory/modules/views/css/views.css?m3j119.css' saved [707/707]

--2012-05-10 05:04:29--  http://www.aenetworks.com/profiles/codeandtheory/modules/ctools/css/ctools.css?m3j119
Connecting to www.aenetworks.com|64.27.102.132|:80... connected.
HTTP request sent, awaiting response... 200 OK
Length: 509 [text/css]
Saving to: `code/../crawls/mylifetime.com/Privacy-Policy/raw/www.aenetworks.com/profiles/codeandtheory/modules/ctools/css/ctools.css?m3j119.css'

     0K                                                       100% 71.0M=0s

2012-05-10 05:04:29 (71.0 MB/s) - `code/../crawls/mylifetime.com/Privacy-Policy/raw/www.aenetworks.com/profiles/codeandtheory/modules/ctools/css/ctools.css?m3j119.css' saved [509/509]

--2012-05-10 05:04:29--  http://www.aenetworks.com/profiles/codeandtheory/modules/panels/css/panels.css?m3j119
Connecting to www.aenetworks.com|64.27.102.132|:80... connected.
HTTP request sent, awaiting response... 200 OK
Length: 843 [text/css]
Saving to: `code/../crawls/mylifetime.com/Privacy-Policy/raw/www.aenetworks.com/profiles/codeandtheory/modules/panels/css/panels.css?m3j119.css'

     0K                                                       100%  137M=0s

2012-05-10 05:04:29 (137 MB/s) - `code/../crawls/mylifetime.com/Privacy-Policy/raw/www.aenetworks.com/profiles/codeandtheory/modules/panels/css/panels.css?m3j119.css' saved [843/843]

--2012-05-10 05:04:29--  http://www.aenetworks.com/sites/all/modules/video/css/video.css?m3j119
Connecting to www.aenetworks.com|64.27.102.132|:80... connected.
HTTP request sent, awaiting response... 200 OK
Length: 1280 (1.2K) [text/css]
Saving to: `code/../crawls/mylifetime.com/Privacy-Policy/raw/www.aenetworks.com/sites/all/modules/video/css/video.css?m3j119.css'

     0K .                                                     100%  184M=0s

2012-05-10 05:04:29 (184 MB/s) - `code/../crawls/mylifetime.com/Privacy-Policy/raw/www.aenetworks.com/sites/all/modules/video/css/video.css?m3j119.css' saved [1280/1280]

--2012-05-10 05:04:29--  http://cloud.webtype.com/css/c651c3af-7f2d-47f7-8eec-709370cd7f12.css
Resolving cloud.webtype.com... 65.52.18.154
Connecting to cloud.webtype.com|65.52.18.154|:80... connected.
HTTP request sent, awaiting response... 200 OK
Length: 1557 (1.5K) [text/css]
Saving to: `code/../crawls/mylifetime.com/Privacy-Policy/raw/cloud.webtype.com/css/c651c3af-7f2d-47f7-8eec-709370cd7f12.css'

     0K .                                                     100%  196M=0s

2012-05-10 05:04:30 (196 MB/s) - `code/../crawls/mylifetime.com/Privacy-Policy/raw/cloud.webtype.com/css/c651c3af-7f2d-47f7-8eec-709370cd7f12.css' saved [1557/1557]

--2012-05-10 05:04:30--  http://www.aenetworks.com/profiles/codeandtheory/modules/date/date_api/date.css?m3j119
Connecting to www.aenetworks.com|64.27.102.132|:80... connected.
HTTP request sent, awaiting response... 200 OK
Length: 3976 (3.9K) [text/css]
Saving to: `code/../crawls/mylifetime.com/Privacy-Policy/raw/www.aenetworks.com/profiles/codeandtheory/modules/date/date_api/date.css?m3j119.css'

     0K ...                                                   100% 46.3M=0s

2012-05-10 05:04:30 (46.3 MB/s) - `code/../crawls/mylifetime.com/Privacy-Policy/raw/www.aenetworks.com/profiles/codeandtheory/modules/date/date_api/date.css?m3j119.css' saved [3976/3976]

--2012-05-10 05:04:30--  http://www.aenetworks.com/sites/all/themes/aetn/css/html-reset.css?m3j119
Connecting to www.aenetworks.com|64.27.102.132|:80... connected.
HTTP request sent, awaiting response... 200 OK
Length: 7560 (7.4K) [text/css]
Saving to: `code/../crawls/mylifetime.com/Privacy-Policy/raw/www.aenetworks.com/sites/all/themes/aetn/css/html-reset.css?m3j119.css'

     0K .......                                               100%  102K=0.07s

2012-05-10 05:04:30 (102 KB/s) - `code/../crawls/mylifetime.com/Privacy-Policy/raw/www.aenetworks.com/sites/all/themes/aetn/css/html-reset.css?m3j119.css' saved [7560/7560]

--2012-05-10 05:04:30--  http://www.aenetworks.com/sites/all/themes/aetn/css/pages.css?m3j119
Connecting to www.aenetworks.com|64.27.102.132|:80... connected.
HTTP request sent, awaiting response... 200 OK
Length: 43275 (42K) [text/css]
Saving to: `code/../crawls/mylifetime.com/Privacy-Policy/raw/www.aenetworks.com/sites/all/themes/aetn/css/pages.css?m3j119.css'

     0K .......... .......... .......... .......... ..        100%  194K=0.2s

2012-05-10 05:04:30 (194 KB/s) - `code/../crawls/mylifetime.com/Privacy-Policy/raw/www.aenetworks.com/sites/all/themes/aetn/css/pages.css?m3j119.css' saved [43275/43275]

--2012-05-10 05:04:30--  http://www.aenetworks.com/profiles/codeandtheory/modules/jquery_update/replace/jquery/jquery.min.js?v=1.5.2
Connecting to www.aenetworks.com|64.27.102.132|:80... connected.
HTTP request sent, awaiting response... 200 OK
Length: 85925 (84K) [application/x-javascript]
Saving to: `code/../crawls/mylifetime.com/Privacy-Policy/raw/www.aenetworks.com/profiles/codeandtheory/modules/jquery_update/replace/jquery/jquery.min.js?v=1.5.2'

     0K .......... .......... .......... .......... .......... 59%  225K 0s
    50K .......... .......... .......... ...                  100%  469K=0.3s

2012-05-10 05:04:31 (285 KB/s) - `code/../crawls/mylifetime.com/Privacy-Policy/raw/www.aenetworks.com/profiles/codeandtheory/modules/jquery_update/replace/jquery/jquery.min.js?v=1.5.2' saved [85925/85925]

--2012-05-10 05:04:31--  http://www.aenetworks.com/misc/jquery.once.js?v=1.2
Connecting to www.aenetworks.com|64.27.102.132|:80... connected.
HTTP request sent, awaiting response... 200 OK
Length: 2974 (2.9K) [application/x-javascript]
Saving to: `code/../crawls/mylifetime.com/Privacy-Policy/raw/www.aenetworks.com/misc/jquery.once.js?v=1.2'

     0K ..                                                    100%  350M=0s

2012-05-10 05:04:31 (350 MB/s) - `code/../crawls/mylifetime.com/Privacy-Policy/raw/www.aenetworks.com/misc/jquery.once.js?v=1.2' saved [2974/2974]

--2012-05-10 05:04:31--  http://www.aenetworks.com/misc/drupal.js?m3j119
Connecting to www.aenetworks.com|64.27.102.132|:80... connected.
HTTP request sent, awaiting response... 200 OK
Length: 13465 (13K) [application/x-javascript]
Saving to: `code/../crawls/mylifetime.com/Privacy-Policy/raw/www.aenetworks.com/misc/drupal.js?m3j119'

     0K .......... ...                                        100%  181K=0.07s

2012-05-10 05:04:31 (181 KB/s) - `code/../crawls/mylifetime.com/Privacy-Policy/raw/www.aenetworks.com/misc/drupal.js?m3j119' saved [13465/13465]

--2012-05-10 05:04:31--  http://www.aenetworks.com/sites/all/modules/aetn/networks_press/network_menu.js?m3j119
Connecting to www.aenetworks.com|64.27.102.132|:80... connected.
HTTP request sent, awaiting response... 200 OK
Length: 1862 (1.8K) [application/x-javascript]
Saving to: `code/../crawls/mylifetime.com/Privacy-Policy/raw/www.aenetworks.com/sites/all/modules/aetn/networks_press/network_menu.js?m3j119'

     0K .                                                     100%  268M=0s

2012-05-10 05:04:31 (268 MB/s) - `code/../crawls/mylifetime.com/Privacy-Policy/raw/www.aenetworks.com/sites/all/modules/aetn/networks_press/network_menu.js?m3j119' saved [1862/1862]

--2012-05-10 05:04:31--  http://www.aenetworks.com/sites/all/modules/aetn/networks_press/photo_filter.js?m3j119
Connecting to www.aenetworks.com|64.27.102.132|:80... connected.
HTTP request sent, awaiting response... 200 OK
Length: 903 [application/x-javascript]
Saving to: `code/../crawls/mylifetime.com/Privacy-Policy/raw/www.aenetworks.com/sites/all/modules/aetn/networks_press/photo_filter.js?m3j119'

     0K                                                       100%  130M=0s

2012-05-10 05:04:31 (130 MB/s) - `code/../crawls/mylifetime.com/Privacy-Policy/raw/www.aenetworks.com/sites/all/modules/aetn/networks_press/photo_filter.js?m3j119' saved [903/903]

--2012-05-10 05:04:31--  http://www.aenetworks.com/sites/all/modules/aetn/news_press/news_press.js?m3j119
Connecting to www.aenetworks.com|64.27.102.132|:80... connected.
HTTP request sent, awaiting response... 200 OK
Length: 4475 (4.4K) [application/x-javascript]
Saving to: `code/../crawls/mylifetime.com/Privacy-Policy/raw/www.aenetworks.com/sites/all/modules/aetn/news_press/news_press.js?m3j119'

     0K ....                                                  100% 17.1M=0s

2012-05-10 05:04:31 (17.1 MB/s) - `code/../crawls/mylifetime.com/Privacy-Policy/raw/www.aenetworks.com/sites/all/modules/aetn/news_press/news_press.js?m3j119' saved [4475/4475]

--2012-05-10 05:04:31--  http://www.aenetworks.com/profiles/codeandtheory/modules/panels/js/panels.js?m3j119
Connecting to www.aenetworks.com|64.27.102.132|:80... connected.
HTTP request sent, awaiting response... 200 OK
Length: 729 [application/x-javascript]
Saving to: `code/../crawls/mylifetime.com/Privacy-Policy/raw/www.aenetworks.com/profiles/codeandtheory/modules/panels/js/panels.js?m3j119'

     0K                                                       100%  117M=0s

2012-05-10 05:04:32 (117 MB/s) - `code/../crawls/mylifetime.com/Privacy-Policy/raw/www.aenetworks.com/profiles/codeandtheory/modules/panels/js/panels.js?m3j119' saved [729/729]

--2012-05-10 05:04:32--  http://www.aenetworks.com/sites/all/modules/video/js/video.js?m3j119
Connecting to www.aenetworks.com|64.27.102.132|:80... connected.
HTTP request sent, awaiting response... 200 OK
Length: 3418 (3.3K) [application/x-javascript]
Saving to: `code/../crawls/mylifetime.com/Privacy-Policy/raw/www.aenetworks.com/sites/all/modules/video/js/video.js?m3j119'

     0K ...                                                   100%  415M=0s

2012-05-10 05:04:32 (415 MB/s) - `code/../crawls/mylifetime.com/Privacy-Policy/raw/www.aenetworks.com/sites/all/modules/video/js/video.js?m3j119' saved [3418/3418]

--2012-05-10 05:04:32--  http://www.aenetworks.com/sites/all/themes/aetn/js/application.js?m3j119
Connecting to www.aenetworks.com|64.27.102.132|:80... connected.
HTTP request sent, awaiting response... 200 OK
Length: 7857 (7.7K) [application/x-javascript]
Saving to: `code/../crawls/mylifetime.com/Privacy-Policy/raw/www.aenetworks.com/sites/all/themes/aetn/js/application.js?m3j119'

     0K .......                                               100%  106K=0.07s

2012-05-10 05:04:32 (106 KB/s) - `code/../crawls/mylifetime.com/Privacy-Policy/raw/www.aenetworks.com/sites/all/themes/aetn/js/application.js?m3j119' saved [7857/7857]

--2012-05-10 05:04:32--  http://www.aenetworks.com/sites/default/files/AETN_A2.gif
Connecting to www.aenetworks.com|64.27.102.132|:80... connected.
HTTP request sent, awaiting response... 200 OK
Length: 4933 (4.8K) [image/gif]
Saving to: `code/../crawls/mylifetime.com/Privacy-Policy/raw/www.aenetworks.com/sites/default/files/AETN_A2.gif'

     0K ....                                                  100% 60.4M=0s

2012-05-10 05:04:32 (60.4 MB/s) - `code/../crawls/mylifetime.com/Privacy-Policy/raw/www.aenetworks.com/sites/default/files/AETN_A2.gif' saved [4933/4933]

--2012-05-10 05:04:32--  http://nexus.ensighten.com/aetn/Bootstrap.js?1336651466
Resolving nexus.ensighten.com... 204.236.132.3, 50.18.53.56, 50.18.54.158, ...
Connecting to nexus.ensighten.com|204.236.132.3|:80... connected.
HTTP request sent, awaiting response... 200 OK
Length: 72271 (71K) [application/x-javascript]
Saving to: `code/../crawls/mylifetime.com/Privacy-Policy/raw/nexus.ensighten.com/aetn/Bootstrap.js?1336651466'

     0K .......... .......... .......... .......... .......... 70% 4.18M 0s
    50K .......... ..........                                 100% 3.80M=0.02s

2012-05-10 05:04:32 (4.07 MB/s) - `code/../crawls/mylifetime.com/Privacy-Policy/raw/nexus.ensighten.com/aetn/Bootstrap.js?1336651466' saved [72271/72271]

--2012-05-10 05:04:32--  http://www.aenetworks.com/misc/throbber.gif
Connecting to www.aenetworks.com|64.27.102.132|:80... connected.
HTTP request sent, awaiting response... 200 OK
Length: 1336 (1.3K) [image/gif]
Saving to: `code/../crawls/mylifetime.com/Privacy-Policy/raw/www.aenetworks.com/misc/throbber.gif'

     0K .                                                     100%  189M=0s

2012-05-10 05:04:32 (189 MB/s) - `code/../crawls/mylifetime.com/Privacy-Policy/raw/www.aenetworks.com/misc/throbber.gif' saved [1336/1336]

--2012-05-10 05:04:32--  http://www.aenetworks.com/misc/grippie.png
Connecting to www.aenetworks.com|64.27.102.132|:80... connected.
HTTP request sent, awaiting response... 200 OK
Length: 106 [image/png]
Saving to: `code/../crawls/mylifetime.com/Privacy-Policy/raw/www.aenetworks.com/misc/grippie.png'

     0K                                                       100% 18.6M=0s

2012-05-10 05:04:32 (18.6 MB/s) - `code/../crawls/mylifetime.com/Privacy-Policy/raw/www.aenetworks.com/misc/grippie.png' saved [106/106]

--2012-05-10 05:04:32--  http://www.aenetworks.com/misc/draggable.png
Connecting to www.aenetworks.com|64.27.102.132|:80... connected.
HTTP request sent, awaiting response... 200 OK
Length: 268 [image/png]
Saving to: `code/../crawls/mylifetime.com/Privacy-Policy/raw/www.aenetworks.com/misc/draggable.png'

     0K                                                       100% 15.6M=0s

2012-05-10 05:04:33 (15.6 MB/s) - `code/../crawls/mylifetime.com/Privacy-Policy/raw/www.aenetworks.com/misc/draggable.png' saved [268/268]

--2012-05-10 05:04:33--  http://www.aenetworks.com/misc/tree.png
Connecting to www.aenetworks.com|64.27.102.132|:80... connected.
HTTP request sent, awaiting response... 200 OK
Length: 130 [image/png]
Saving to: `code/../crawls/mylifetime.com/Privacy-Policy/raw/www.aenetworks.com/misc/tree.png'

     0K                                                       100% 24.0M=0s

2012-05-10 05:04:33 (24.0 MB/s) - `code/../crawls/mylifetime.com/Privacy-Policy/raw/www.aenetworks.com/misc/tree.png' saved [130/130]

--2012-05-10 05:04:33--  http://www.aenetworks.com/misc/tree-bottom.png
Connecting to www.aenetworks.com|64.27.102.132|:80... connected.
HTTP request sent, awaiting response... 200 OK
Length: 129 [image/png]
Saving to: `code/../crawls/mylifetime.com/Privacy-Policy/raw/www.aenetworks.com/misc/tree-bottom.png'

     0K                                                       100% 21.6M=0s

2012-05-10 05:04:33 (21.6 MB/s) - `code/../crawls/mylifetime.com/Privacy-Policy/raw/www.aenetworks.com/misc/tree-bottom.png' saved [129/129]

--2012-05-10 05:04:33--  http://www.aenetworks.com/misc/menu-expanded.png
Connecting to www.aenetworks.com|64.27.102.132|:80... connected.
HTTP request sent, awaiting response... 200 OK
Length: 106 [image/png]
Saving to: `code/../crawls/mylifetime.com/Privacy-Policy/raw/www.aenetworks.com/misc/menu-expanded.png'

     0K                                                       100% 18.6M=0s

2012-05-10 05:04:33 (18.6 MB/s) - `code/../crawls/mylifetime.com/Privacy-Policy/raw/www.aenetworks.com/misc/menu-expanded.png' saved [106/106]

--2012-05-10 05:04:33--  http://www.aenetworks.com/misc/menu-collapsed.png
Connecting to www.aenetworks.com|64.27.102.132|:80... connected.
HTTP request sent, awaiting response... 200 OK
Length: 105 [image/png]
Saving to: `code/../crawls/mylifetime.com/Privacy-Policy/raw/www.aenetworks.com/misc/menu-collapsed.png'

     0K                                                       100% 18.9M=0s

2012-05-10 05:04:33 (18.9 MB/s) - `code/../crawls/mylifetime.com/Privacy-Policy/raw/www.aenetworks.com/misc/menu-collapsed.png' saved [105/105]

--2012-05-10 05:04:33--  http://www.aenetworks.com/misc/menu-leaf.png
Connecting to www.aenetworks.com|64.27.102.132|:80... connected.
HTTP request sent, awaiting response... 200 OK
Length: 126 [image/png]
Saving to: `code/../crawls/mylifetime.com/Privacy-Policy/raw/www.aenetworks.com/misc/menu-leaf.png'

     0K                                                       100% 22.1M=0s

2012-05-10 05:04:33 (22.1 MB/s) - `code/../crawls/mylifetime.com/Privacy-Policy/raw/www.aenetworks.com/misc/menu-leaf.png' saved [126/126]

--2012-05-10 05:04:33--  http://www.aenetworks.com/misc/message-24-ok.png
Connecting to www.aenetworks.com|64.27.102.132|:80... connected.
HTTP request sent, awaiting response... 200 OK
Length: 1058 (1.0K) [image/png]
Saving to: `code/../crawls/mylifetime.com/Privacy-Policy/raw/www.aenetworks.com/misc/message-24-ok.png'

     0K .                                                     100%  142M=0s

2012-05-10 05:04:33 (142 MB/s) - `code/../crawls/mylifetime.com/Privacy-Policy/raw/www.aenetworks.com/misc/message-24-ok.png' saved [1058/1058]

--2012-05-10 05:04:33--  http://www.aenetworks.com/misc/message-24-warning.png
Connecting to www.aenetworks.com|64.27.102.132|:80... connected.
HTTP request sent, awaiting response... 200 OK
Length: 753 [image/png]
Saving to: `code/../crawls/mylifetime.com/Privacy-Policy/raw/www.aenetworks.com/misc/message-24-warning.png'

     0K                                                       100%  134M=0s

2012-05-10 05:04:34 (134 MB/s) - `code/../crawls/mylifetime.com/Privacy-Policy/raw/www.aenetworks.com/misc/message-24-warning.png' saved [753/753]

--2012-05-10 05:04:34--  http://www.aenetworks.com/misc/message-24-error.png
Connecting to www.aenetworks.com|64.27.102.132|:80... connected.
HTTP request sent, awaiting response... 200 OK
Length: 733 [image/png]
Saving to: `code/../crawls/mylifetime.com/Privacy-Policy/raw/www.aenetworks.com/misc/message-24-error.png'

     0K                                                       100%  124M=0s

2012-05-10 05:04:34 (124 MB/s) - `code/../crawls/mylifetime.com/Privacy-Policy/raw/www.aenetworks.com/misc/message-24-error.png' saved [733/733]

--2012-05-10 05:04:34--  http://www.aenetworks.com/misc/help.png
Connecting to www.aenetworks.com|64.27.102.132|:80... connected.
HTTP request sent, awaiting response... 200 OK
Length: 294 [image/png]
Saving to: `code/../crawls/mylifetime.com/Privacy-Policy/raw/www.aenetworks.com/misc/help.png'

     0K                                                       100% 45.9M=0s

2012-05-10 05:04:34 (45.9 MB/s) - `code/../crawls/mylifetime.com/Privacy-Policy/raw/www.aenetworks.com/misc/help.png' saved [294/294]

--2012-05-10 05:04:34--  http://www.aenetworks.com/misc/progress.gif
Connecting to www.aenetworks.com|64.27.102.132|:80... connected.
HTTP request sent, awaiting response... 200 OK
Length: 5872 (5.7K) [image/gif]
Saving to: `code/../crawls/mylifetime.com/Privacy-Policy/raw/www.aenetworks.com/misc/progress.gif'

     0K .....                                                 100% 80.0K=0.07s

2012-05-10 05:04:34 (80.0 KB/s) - `code/../crawls/mylifetime.com/Privacy-Policy/raw/www.aenetworks.com/misc/progress.gif' saved [5872/5872]

--2012-05-10 05:04:34--  http://www.aenetworks.com/profiles/codeandtheory/modules/ctools/images/status-active.gif
Connecting to www.aenetworks.com|64.27.102.132|:80... connected.
HTTP request sent, awaiting response... 200 OK
Length: 2196 (2.1K) [image/gif]
Saving to: `code/../crawls/mylifetime.com/Privacy-Policy/raw/www.aenetworks.com/profiles/codeandtheory/modules/ctools/images/status-active.gif'

     0K ..                                                    100%  303M=0s

2012-05-10 05:04:34 (303 MB/s) - `code/../crawls/mylifetime.com/Privacy-Policy/raw/www.aenetworks.com/profiles/codeandtheory/modules/ctools/images/status-active.gif' saved [2196/2196]

--2012-05-10 05:04:34--  http://pls.webtype.com/v.css?ct=13069,13070,13072,13068,13071&r=2958&p=2298&h=kbtxD4FXAlcHeDNQ7COh0Q%3d%3d
Resolving pls.webtype.com... 65.52.62.25
Connecting to pls.webtype.com|65.52.62.25|:80... connected.
HTTP request sent, awaiting response... 200 OK
Length: 0 [text/css]
Saving to: `code/../crawls/mylifetime.com/Privacy-Policy/raw/pls.webtype.com/v.css?ct=13069,13070,13072,13068,13071&r=2958&p=2298&h=kbtxD4FXAlcHeDNQ7COh0Q%3d%3d.css'

     0K                                                        0.00 =0s

2012-05-10 05:04:34 (0.00 B/s) - `code/../crawls/mylifetime.com/Privacy-Policy/raw/pls.webtype.com/v.css?ct=13069,13070,13072,13068,13071&r=2958&p=2298&h=kbtxD4FXAlcHeDNQ7COh0Q%3d%3d.css' saved [0/0]

--2012-05-10 05:04:34--  http://wac.1ac1.edgecastcdn.net/001AC1/webtype/ff/1/43e3a019-04dd-4cec-942c-da9d65a5fb96
Resolving wac.1ac1.edgecastcdn.net... 93.184.216.119
Connecting to wac.1ac1.edgecastcdn.net|93.184.216.119|:80... connected.
HTTP request sent, awaiting response... 200 OK
Length: 114960 (112K) [application/octet-stream]
Saving to: `code/../crawls/mylifetime.com/Privacy-Policy/raw/wac.1ac1.edgecastcdn.net/001AC1/webtype/ff/1/43e3a019-04dd-4cec-942c-da9d65a5fb96'

     0K .......... .......... .......... .......... .......... 44% 6.67M 0s
    50K .......... .......... .......... .......... .......... 89% 5.02M 0s
   100K .......... ..                                         100% 13.3M=0.02s

2012-05-10 05:04:35 (6.11 MB/s) - `code/../crawls/mylifetime.com/Privacy-Policy/raw/wac.1ac1.edgecastcdn.net/001AC1/webtype/ff/1/43e3a019-04dd-4cec-942c-da9d65a5fb96' saved [114960/114960]

--2012-05-10 05:04:35--  http://wac.1ac1.edgecastcdn.net/001AC1/webtype/ff/1/9935c61f-3585-4604-ba1a-26fd3f4dee93
Reusing existing connection to wac.1ac1.edgecastcdn.net:80.
HTTP request sent, awaiting response... 200 OK
Length: 140196 (137K) [application/octet-stream]
Saving to: `code/../crawls/mylifetime.com/Privacy-Policy/raw/wac.1ac1.edgecastcdn.net/001AC1/webtype/ff/1/9935c61f-3585-4604-ba1a-26fd3f4dee93'

     0K .......... .......... .......... .......... .......... 36% 11.4M 0s
    50K .......... .......... .......... .......... .......... 73% 10.4M 0s
   100K .......... .......... .......... ......               100% 11.1M=0.01s

2012-05-10 05:04:35 (10.9 MB/s) - `code/../crawls/mylifetime.com/Privacy-Policy/raw/wac.1ac1.edgecastcdn.net/001AC1/webtype/ff/1/9935c61f-3585-4604-ba1a-26fd3f4dee93' saved [140196/140196]

--2012-05-10 05:04:35--  http://wac.1ac1.edgecastcdn.net/001AC1/webtype/ff/1/5846c99d-a999-4889-8975-4965beb35fd1
Reusing existing connection to wac.1ac1.edgecastcdn.net:80.
HTTP request sent, awaiting response... 200 OK
Length: 109136 (107K) [application/octet-stream]
Saving to: `code/../crawls/mylifetime.com/Privacy-Policy/raw/wac.1ac1.edgecastcdn.net/001AC1/webtype/ff/1/5846c99d-a999-4889-8975-4965beb35fd1'

     0K .......... .......... .......... .......... .......... 46% 11.4M 0s
    50K .......... .......... .......... .......... .......... 93% 10.9M 0s
   100K ......                                                100% 17.0M=0.009s

2012-05-10 05:04:35 (11.4 MB/s) - `code/../crawls/mylifetime.com/Privacy-Policy/raw/wac.1ac1.edgecastcdn.net/001AC1/webtype/ff/1/5846c99d-a999-4889-8975-4965beb35fd1' saved [109136/109136]

--2012-05-10 05:04:35--  http://wac.1ac1.edgecastcdn.net/001AC1/webtype/ff/1/d49d510d-711b-4c02-9274-b6d5db63b093
Reusing existing connection to wac.1ac1.edgecastcdn.net:80.
HTTP request sent, awaiting response... 200 OK
Length: 118656 (116K) [application/octet-stream]
Saving to: `code/../crawls/mylifetime.com/Privacy-Policy/raw/wac.1ac1.edgecastcdn.net/001AC1/webtype/ff/1/d49d510d-711b-4c02-9274-b6d5db63b093'

     0K .......... .......... .......... .......... .......... 43% 11.4M 0s
    50K .......... .......... .......... .......... .......... 86% 11.0M 0s
   100K .......... .....                                      100% 5.48M=0.01s

2012-05-10 05:04:35 (9.82 MB/s) - `code/../crawls/mylifetime.com/Privacy-Policy/raw/wac.1ac1.edgecastcdn.net/001AC1/webtype/ff/1/d49d510d-711b-4c02-9274-b6d5db63b093' saved [118656/118656]

--2012-05-10 05:04:35--  http://wac.1ac1.edgecastcdn.net/001AC1/webtype/ff/1/2d3b6af7-b4df-42a0-be59-dda7c8b4585a
Reusing existing connection to wac.1ac1.edgecastcdn.net:80.
HTTP request sent, awaiting response... 200 OK
Length: 62656 (61K) [application/octet-stream]
Saving to: `code/../crawls/mylifetime.com/Privacy-Policy/raw/wac.1ac1.edgecastcdn.net/001AC1/webtype/ff/1/2d3b6af7-b4df-42a0-be59-dda7c8b4585a'

     0K .......... .......... .......... .......... .......... 81% 11.1M 0s
    50K .......... .                                          100% 14.5M=0.005s

2012-05-10 05:04:35 (11.6 MB/s) - `code/../crawls/mylifetime.com/Privacy-Policy/raw/wac.1ac1.edgecastcdn.net/001AC1/webtype/ff/1/2d3b6af7-b4df-42a0-be59-dda7c8b4585a' saved [62656/62656]

--2012-05-10 05:04:35--  http://www.aenetworks.com/sites/all/themes/aetn/css/sites/all/themes/aetn/logo.png
Connecting to www.aenetworks.com|64.27.102.132|:80... connected.
HTTP request sent, awaiting response... 404 Not Found
2012-05-10 05:04:35 ERROR 404: Not Found.

--2012-05-10 05:04:35--  http://www.aenetworks.com/sites/all/themes/aetn/images/two_column_bg.gif
Connecting to www.aenetworks.com|64.27.102.132|:80... connected.
HTTP request sent, awaiting response... 200 OK
Length: 163 [image/gif]
Saving to: `code/../crawls/mylifetime.com/Privacy-Policy/raw/www.aenetworks.com/sites/all/themes/aetn/images/two_column_bg.gif'

     0K                                                       100% 26.8M=0s

2012-05-10 05:04:36 (26.8 MB/s) - `code/../crawls/mylifetime.com/Privacy-Policy/raw/www.aenetworks.com/sites/all/themes/aetn/images/two_column_bg.gif' saved [163/163]

--2012-05-10 05:04:36--  http://www.aenetworks.com/sites/all/themes/aetn/images/icon_rss.png
Connecting to www.aenetworks.com|64.27.102.132|:80... connected.
HTTP request sent, awaiting response... 200 OK
Length: 2121 (2.1K) [image/png]
Saving to: `code/../crawls/mylifetime.com/Privacy-Policy/raw/www.aenetworks.com/sites/all/themes/aetn/images/icon_rss.png'

     0K ..                                                    100%  287M=0s

2012-05-10 05:04:36 (287 MB/s) - `code/../crawls/mylifetime.com/Privacy-Policy/raw/www.aenetworks.com/sites/all/themes/aetn/images/icon_rss.png' saved [2121/2121]

--2012-05-10 05:04:36--  http://www.aenetworks.com/sites/all/themes/aetn/images/bg_timeline.png
Connecting to www.aenetworks.com|64.27.102.132|:80... connected.
HTTP request sent, awaiting response... 200 OK
Length: 11632 (11K) [image/png]
Saving to: `code/../crawls/mylifetime.com/Privacy-Policy/raw/www.aenetworks.com/sites/all/themes/aetn/images/bg_timeline.png'

     0K .......... .                                          100%  156K=0.07s

2012-05-10 05:04:36 (156 KB/s) - `code/../crawls/mylifetime.com/Privacy-Policy/raw/www.aenetworks.com/sites/all/themes/aetn/images/bg_timeline.png' saved [11632/11632]

--2012-05-10 05:04:36--  http://www.aenetworks.com/sites/all/themes/aetn/images/bg_timeline_arrows.png
Connecting to www.aenetworks.com|64.27.102.132|:80... connected.
HTTP request sent, awaiting response... 200 OK
Length: 2338 (2.3K) [image/png]
Saving to: `code/../crawls/mylifetime.com/Privacy-Policy/raw/www.aenetworks.com/sites/all/themes/aetn/images/bg_timeline_arrows.png'

     0K ..                                                    100%  355M=0s

2012-05-10 05:04:36 (355 MB/s) - `code/../crawls/mylifetime.com/Privacy-Policy/raw/www.aenetworks.com/sites/all/themes/aetn/images/bg_timeline_arrows.png' saved [2338/2338]

--2012-05-10 05:04:36--  http://www.aenetworks.com/sites/all/themes/aetn/images/bg_timeline_circles.png
Connecting to www.aenetworks.com|64.27.102.132|:80... connected.
HTTP request sent, awaiting response... 200 OK
Length: 1581 (1.5K) [image/png]
Saving to: `code/../crawls/mylifetime.com/Privacy-Policy/raw/www.aenetworks.com/sites/all/themes/aetn/images/bg_timeline_circles.png'

     0K .                                                     100%  231M=0s

2012-05-10 05:04:36 (231 MB/s) - `code/../crawls/mylifetime.com/Privacy-Policy/raw/www.aenetworks.com/sites/all/themes/aetn/images/bg_timeline_circles.png' saved [1581/1581]

--2012-05-10 05:04:36--  http://www.aenetworks.com/sites/all/themes/aetn/images/news_next_arrow.png
Connecting to www.aenetworks.com|64.27.102.132|:80... connected.
HTTP request sent, awaiting response... 200 OK
Length: 1112 (1.1K) [image/png]
Saving to: `code/../crawls/mylifetime.com/Privacy-Policy/raw/www.aenetworks.com/sites/all/themes/aetn/images/news_next_arrow.png'

     0K .                                                     100%  167M=0s

2012-05-10 05:04:36 (167 MB/s) - `code/../crawls/mylifetime.com/Privacy-Policy/raw/www.aenetworks.com/sites/all/themes/aetn/images/news_next_arrow.png' saved [1112/1112]

--2012-05-10 05:04:36--  http://www.aenetworks.com/sites/all/themes/aetn/images/news_prev_arrow.png
Connecting to www.aenetworks.com|64.27.102.132|:80... connected.
HTTP request sent, awaiting response... 200 OK
Length: 1101 (1.1K) [image/png]
Saving to: `code/../crawls/mylifetime.com/Privacy-Policy/raw/www.aenetworks.com/sites/all/themes/aetn/images/news_prev_arrow.png'

     0K .                                                     100%  154M=0s

2012-05-10 05:04:37 (154 MB/s) - `code/../crawls/mylifetime.com/Privacy-Policy/raw/www.aenetworks.com/sites/all/themes/aetn/images/news_prev_arrow.png' saved [1101/1101]

FINISHED --2012-05-10 05:04:37--
Total wall clock time: 11s
Downloaded: 60 files, 881K in 1.2s (756 KB/s)
Converting code/../crawls/mylifetime.com/Privacy-Policy/raw/www.aetn.com/privacy/index.html... 54-17
Converting code/../crawls/mylifetime.com/Privacy-Policy/raw/www.aenetworks.com/sites/all/themes/aetn/css/pages.css?m3j119.css... 10-1
Converting code/../crawls/mylifetime.com/Privacy-Policy/raw/www.aenetworks.com/sites/all/modules/aetn/news_press/news_press.css?m3j119.css... nothing to do.
Converting code/../crawls/mylifetime.com/Privacy-Policy/raw/www.aenetworks.com/modules/system/system.messages.css?m3j119.css... 3-0
Converting code/../crawls/mylifetime.com/Privacy-Policy/raw/www.aenetworks.com/profiles/codeandtheory/modules/panels/css/panels.css?m3j119.css... nothing to do.
Converting code/../crawls/mylifetime.com/Privacy-Policy/raw/www.aenetworks.com/sites/all/modules/logintoboggan/logintoboggan.css?m3j119.css... nothing to do.
Converting code/../crawls/mylifetime.com/Privacy-Policy/raw/www.aenetworks.com/modules/search/search.css?m3j119.css... nothing to do.
Converting code/../crawls/mylifetime.com/Privacy-Policy/raw/www.aenetworks.com/sites/all/modules/video/css/video.css?m3j119.css... nothing to do.
Converting code/../crawls/mylifetime.com/Privacy-Policy/raw/cloud.webtype.com/css/c651c3af-7f2d-47f7-8eec-709370cd7f12.css... 6-0
Converting code/../crawls/mylifetime.com/Privacy-Policy/raw/www.aenetworks.com/sites/all/themes/aetn/css/html-reset.css?m3j119.css... nothing to do.
Converting code/../crawls/mylifetime.com/Privacy-Policy/raw/pls.webtype.com/v.css?ct=13069,13070,13072,13068,13071&r=2958&p=2298&h=kbtxD4FXAlcHeDNQ7COh0Q%3d%3d.css... nothing to do.
Converting code/../crawls/mylifetime.com/Privacy-Policy/raw/www.aenetworks.com/profiles/codeandtheory/modules/views/css/views.css?m3j119.css... nothing to do.
Converting code/../crawls/mylifetime.com/Privacy-Policy/raw/www.aenetworks.com/modules/system/system.menus.css?m3j119.css... 3-0
Converting code/../crawls/mylifetime.com/Privacy-Policy/raw/www.aenetworks.com/modules/system/system.base.css?m3j119.css... 7-0
Converting code/../crawls/mylifetime.com/Privacy-Policy/raw/www.aenetworks.com/modules/system/system.theme.css?m3j119.css... 4-0
Converting code/../crawls/mylifetime.com/Privacy-Policy/raw/www.aenetworks.com/modules/field/theme/field.css?m3j119.css... nothing to do.
Converting code/../crawls/mylifetime.com/Privacy-Policy/raw/www.aenetworks.com/sites/all/modules/aetn/networks_press/photo_filter.css?m3j119.css... nothing to do.
Converting code/../crawls/mylifetime.com/Privacy-Policy/raw/www.aenetworks.com/modules/node/node.css?m3j119.css... nothing to do.
Converting code/../crawls/mylifetime.com/Privacy-Policy/raw/www.aenetworks.com/modules/comment/comment.css?m3j119.css... nothing to do.
Converting code/../crawls/mylifetime.com/Privacy-Policy/raw/www.aenetworks.com/modules/user/user.css?m3j119.css... nothing to do.
Converting code/../crawls/mylifetime.com/Privacy-Policy/raw/www.aenetworks.com/profiles/codeandtheory/modules/ctools/css/ctools.css?m3j119.css... 2-0
Converting code/../crawls/mylifetime.com/Privacy-Policy/raw/www.aenetworks.com/profiles/codeandtheory/modules/date/date_api/date.css?m3j119.css... nothing to do.
Converted 22 files in 0.006 seconds.
