--2013-01-02 05:09:49--  http://www.gutefrage.net/agb
Resolving www.gutefrage.net... 213.95.206.42
Connecting to www.gutefrage.net|213.95.206.42|:80... connected.
HTTP request sent, awaiting response... 200 OK
Length: unspecified [text/html]
Saving to: `code/../crawls/gutefrage.net/Privacy-Policy/raw/www.gutefrage.net/agb.html'

     0K .......... .......... .......... .......... ..........  110K
    50K .......... .......... ..                                147K=0.6s

2013-01-02 05:09:50 (119 KB/s) - `code/../crawls/gutefrage.net/Privacy-Policy/raw/www.gutefrage.net/agb.html' saved [73989]

--2013-01-02 05:09:50--  http://www.gutefrage.net/favicon.ico
Reusing existing connection to www.gutefrage.net:80.
HTTP request sent, awaiting response... 200 OK
Length: 318 [image/x-icon]
Saving to: `code/../crawls/gutefrage.net/Privacy-Policy/raw/www.gutefrage.net/favicon.ico'

     0K                                                       100% 54.8M=0s

2013-01-02 05:09:51 (54.8 MB/s) - `code/../crawls/gutefrage.net/Privacy-Policy/raw/www.gutefrage.net/favicon.ico' saved [318/318]

--2013-01-02 05:09:51--  http://images.gutefrage.net/css/generated/1356103547/default.basic-min.css
Resolving images.gutefrage.net... 213.95.206.23
Connecting to images.gutefrage.net|213.95.206.23|:80... connected.
HTTP request sent, awaiting response... 200 OK
Length: 10483 (10K) [text/css]
Saving to: `code/../crawls/gutefrage.net/Privacy-Policy/raw/images.gutefrage.net/css/generated/1356103547/default.basic-min.css'

     0K ..........                                            100% 65.9K=0.2s

2013-01-02 05:09:52 (65.9 KB/s) - `code/../crawls/gutefrage.net/Privacy-Policy/raw/images.gutefrage.net/css/generated/1356103547/default.basic-min.css' saved [10483/10483]

--2013-01-02 05:09:52--  http://www.gutefrage.net/js/generated/1356103547/preload.default-min.js
Connecting to www.gutefrage.net|213.95.206.42|:80... connected.
HTTP request sent, awaiting response... 200 OK
Length: 47236 (46K) [application/x-javascript]
Saving to: `code/../crawls/gutefrage.net/Privacy-Policy/raw/www.gutefrage.net/js/generated/1356103547/preload.default-min.js'

     0K .......... .......... .......... .......... ......    100%  100K=0.5s

2013-01-02 05:09:52 (100 KB/s) - `code/../crawls/gutefrage.net/Privacy-Policy/raw/www.gutefrage.net/js/generated/1356103547/preload.default-min.js' saved [47236/47236]

--2013-01-02 05:09:52--  http://www.gutefrage.net/css/jquery.mobile.structure-1.2.0.min.css
Reusing existing connection to www.gutefrage.net:80.
HTTP request sent, awaiting response... 200 OK
Length: 53628 (52K) [text/css]
Saving to: `code/../crawls/gutefrage.net/Privacy-Policy/raw/www.gutefrage.net/css/jquery.mobile.structure-1.2.0.min.css'

     0K .......... .......... .......... .......... .......... 95%  317K 0s
    50K ..                                                    100% 21.8M=0.2s

2013-01-02 05:09:53 (332 KB/s) - `code/../crawls/gutefrage.net/Privacy-Policy/raw/www.gutefrage.net/css/jquery.mobile.structure-1.2.0.min.css' saved [53628/53628]

--2013-01-02 05:09:53--  http://www.gutefrage.net/js/gf/core/ads/interactiveMedia.js
Reusing existing connection to www.gutefrage.net:80.
HTTP request sent, awaiting response... 200 OK
Length: 2437 (2.4K) [application/x-javascript]
Saving to: `code/../crawls/gutefrage.net/Privacy-Policy/raw/www.gutefrage.net/js/gf/core/ads/interactiveMedia.js'

     0K ..                                                    100%  316M=0s

2013-01-02 05:09:53 (316 MB/s) - `code/../crawls/gutefrage.net/Privacy-Policy/raw/www.gutefrage.net/js/gf/core/ads/interactiveMedia.js' saved [2437/2437]

--2013-01-02 05:09:53--  http://images.gutefrage.net/images/user/avatar.gif?1356103547
Connecting to images.gutefrage.net|213.95.206.23|:80... connected.
HTTP request sent, awaiting response... 200 OK
Length: 2899 (2.8K) [image/gif]
Saving to: `code/../crawls/gutefrage.net/Privacy-Policy/raw/images.gutefrage.net/images/user/avatar.gif?1356103547'

     0K ..                                                    100%  334M=0s

2013-01-02 05:09:53 (334 MB/s) - `code/../crawls/gutefrage.net/Privacy-Policy/raw/images.gutefrage.net/images/user/avatar.gif?1356103547' saved [2899/2899]

--2013-01-02 05:09:53--  http://images.gutefrage.net/media/video/19288_listing.jpg
Reusing existing connection to images.gutefrage.net:80.
HTTP request sent, awaiting response... 200 OK
Length: 3524 (3.4K) [image/jpeg]
Saving to: `code/../crawls/gutefrage.net/Privacy-Policy/raw/images.gutefrage.net/media/video/19288_listing.jpg'

     0K ...                                                   100%  387M=0s

2013-01-02 05:09:55 (387 MB/s) - `code/../crawls/gutefrage.net/Privacy-Policy/raw/images.gutefrage.net/media/video/19288_listing.jpg' saved [3524/3524]

--2013-01-02 05:09:55--  http://images.gutefrage.net/media/video/19188_listing.jpg
Reusing existing connection to images.gutefrage.net:80.
HTTP request sent, awaiting response... 200 OK
Length: 3638 (3.6K) [image/jpeg]
Saving to: `code/../crawls/gutefrage.net/Privacy-Policy/raw/images.gutefrage.net/media/video/19188_listing.jpg'

     0K ...                                                   100% 34.8M=0s

2013-01-02 05:09:58 (34.8 MB/s) - `code/../crawls/gutefrage.net/Privacy-Policy/raw/images.gutefrage.net/media/video/19188_listing.jpg' saved [3638/3638]

--2013-01-02 05:09:58--  http://images.gutefrage.net/media/video/19323_listing.jpg
Reusing existing connection to images.gutefrage.net:80.
HTTP request sent, awaiting response... 200 OK
Length: 2480 (2.4K) [image/jpeg]
Saving to: `code/../crawls/gutefrage.net/Privacy-Policy/raw/images.gutefrage.net/media/video/19323_listing.jpg'

     0K ..                                                    100% 22.7M=0s

2013-01-02 05:09:59 (22.7 MB/s) - `code/../crawls/gutefrage.net/Privacy-Policy/raw/images.gutefrage.net/media/video/19323_listing.jpg' saved [2480/2480]

--2013-01-02 05:09:59--  http://images.gutefrage.net/media/video/19243_listing.jpg
Reusing existing connection to images.gutefrage.net:80.
HTTP request sent, awaiting response... 200 OK
Length: 3188 (3.1K) [image/jpeg]
Saving to: `code/../crawls/gutefrage.net/Privacy-Policy/raw/images.gutefrage.net/media/video/19243_listing.jpg'

     0K ...                                                   100% 54.8M=0s

2013-01-02 05:09:59 (54.8 MB/s) - `code/../crawls/gutefrage.net/Privacy-Policy/raw/images.gutefrage.net/media/video/19243_listing.jpg' saved [3188/3188]

FINISHED --2013-01-02 05:09:59--
Total wall clock time: 9.6s
Downloaded: 11 files, 199K in 1.4s (144 KB/s)
Converting code/../crawls/gutefrage.net/Privacy-Policy/raw/www.gutefrage.net/agb.html... 27-74
Converting code/../crawls/gutefrage.net/Privacy-Policy/raw/www.gutefrage.net/css/jquery.mobile.structure-1.2.0.min.css... nothing to do.
Converting code/../crawls/gutefrage.net/Privacy-Policy/raw/images.gutefrage.net/css/generated/1356103547/default.basic-min.css... nothing to do.
Converted 3 files in 0.004 seconds.
