--2013-01-26 05:15:42--  http://nbcsports.msnbc.com/id/23114206
Resolving nbcsports.msnbc.com... 174.35.15.166, 174.35.40.15
Connecting to nbcsports.msnbc.com|174.35.15.166|:80... connected.
HTTP request sent, awaiting response... 200 OK
Length: unspecified [text/html]
Saving to: `code/../crawls/nbcsports.msnbc.com/Privacy-Policy/raw/nbcsports.msnbc.com/id/23114206.html'

     0K .......... .......... .......... .......... ..........  891K
    50K .......... .......... .......... .......... ...        11.5M=0.06s

2013-01-26 05:15:42 (1.53 MB/s) - `code/../crawls/nbcsports.msnbc.com/Privacy-Policy/raw/nbcsports.msnbc.com/id/23114206.html' saved [95677]

--2013-01-26 05:15:42--  http://nbcsports.msnbc.com/id/43254549
Reusing existing connection to nbcsports.msnbc.com:80.
HTTP request sent, awaiting response... 200 OK
Length: 92583 (90K) [text/css]
Saving to: `code/../crawls/nbcsports.msnbc.com/Privacy-Policy/raw/nbcsports.msnbc.com/id/43254549.css'

     0K .......... .......... .......... .......... .......... 55% 8.29M 0s
    50K .......... .......... .......... ..........           100% 10.9M=0.01s

2013-01-26 05:15:42 (9.29 MB/s) - `code/../crawls/nbcsports.msnbc.com/Privacy-Policy/raw/nbcsports.msnbc.com/id/43254549.css' saved [92583/92583]

--2013-01-26 05:15:42--  http://nbcsports.msnbc.com/id/38225454
Reusing existing connection to nbcsports.msnbc.com:80.
HTTP request sent, awaiting response... 200 OK
Length: 155983 (152K) [text/html]
Saving to: `code/../crawls/nbcsports.msnbc.com/Privacy-Policy/raw/nbcsports.msnbc.com/id/38225454.html'

     0K .......... .......... .......... .......... .......... 32% 7.84M 0s
    50K .......... .......... .......... .......... .......... 65% 9.32M 0s
   100K .......... .......... .......... .......... .......... 98% 10.9M 0s
   150K ..                                                    100% 17.4M=0.02s

2013-01-26 05:15:42 (9.25 MB/s) - `code/../crawls/nbcsports.msnbc.com/Privacy-Policy/raw/nbcsports.msnbc.com/id/38225454.html' saved [155983/155983]

--2013-01-26 05:15:42--  http://nbcsports.msnbc.com/id/44073647
Reusing existing connection to nbcsports.msnbc.com:80.
HTTP request sent, awaiting response... 200 OK
Length: 89711 (88K) [text/html]
Saving to: `code/../crawls/nbcsports.msnbc.com/Privacy-Policy/raw/nbcsports.msnbc.com/id/44073647.html'

     0K .......... .......... .......... .......... .......... 57% 9.19M 0s
    50K .......... .......... .......... .......              100% 11.7M=0.008s

2013-01-26 05:15:42 (10.1 MB/s) - `code/../crawls/nbcsports.msnbc.com/Privacy-Policy/raw/nbcsports.msnbc.com/id/44073647.html' saved [89711/89711]

--2013-01-26 05:15:42--  http://www.nbcudigitaladops.com/hosted/global_header.js
Resolving www.nbcudigitaladops.com... 184.25.148.170
Connecting to www.nbcudigitaladops.com|184.25.148.170|:80... connected.
HTTP request sent, awaiting response... 200 OK
Length: 2009 (2.0K) [application/javascript]
Saving to: `code/../crawls/nbcsports.msnbc.com/Privacy-Policy/raw/www.nbcudigitaladops.com/hosted/global_header.js'

     0K .                                                     100%  265M=0s

2013-01-26 05:15:42 (265 MB/s) - `code/../crawls/nbcsports.msnbc.com/Privacy-Policy/raw/www.nbcudigitaladops.com/hosted/global_header.js' saved [2009/2009]

--2013-01-26 05:15:42--  http://ads1.msads.net/library/dapmsn.js
Resolving ads1.msads.net... 65.54.87.68, 65.54.87.49
Connecting to ads1.msads.net|65.54.87.68|:80... connected.
HTTP request sent, awaiting response... 200 OK
Length: 4849 (4.7K) [application/x-javascript]
Saving to: `code/../crawls/nbcsports.msnbc.com/Privacy-Policy/raw/ads1.msads.net/library/dapmsn.js'

     0K ....                                                  100% 1.51M=0.003s

2013-01-26 05:15:42 (1.51 MB/s) - `code/../crawls/nbcsports.msnbc.com/Privacy-Policy/raw/ads1.msads.net/library/dapmsn.js' saved [4849/4849]

--2013-01-26 05:15:42--  http://nbcsports.msnbc.com/js/s_code.js
Connecting to nbcsports.msnbc.com|174.35.15.166|:80... connected.
HTTP request sent, awaiting response... 200 OK
Length: 35184 (34K) [application/x-javascript]
Saving to: `code/../crawls/nbcsports.msnbc.com/Privacy-Policy/raw/nbcsports.msnbc.com/js/s_code.js'

     0K .......... .......... .......... ....                 100% 5.36M=0.006s

2013-01-26 05:15:42 (5.36 MB/s) - `code/../crawls/nbcsports.msnbc.com/Privacy-Policy/raw/nbcsports.msnbc.com/js/s_code.js' saved [35184/35184]

--2013-01-26 05:15:42--  http://assets.msnbc.msn.com/rendering/msnbc/html40/assets/Js/Analytics.js?v=01262013
Resolving assets.msnbc.msn.com... 206.160.170.34, 206.160.170.51
Connecting to assets.msnbc.msn.com|206.160.170.34|:80... connected.
HTTP request sent, awaiting response... 200 OK
Length: unspecified [text/javascript]
Saving to: `code/../crawls/nbcsports.msnbc.com/Privacy-Policy/raw/assets.msnbc.msn.com/rendering/msnbc/html40/assets/Js/Analytics.js?v=01262013'

     0K .......... .......... .......... ..                    5.73M=0.006s

2013-01-26 05:15:42 (5.73 MB/s) - `code/../crawls/nbcsports.msnbc.com/Privacy-Policy/raw/assets.msnbc.msn.com/rendering/msnbc/html40/assets/Js/Analytics.js?v=01262013' saved [33657]

--2013-01-26 05:15:42--  http://nbcsportsmedia1.msnbc.com/j/MSNBC/Components/Photo/_new/130125-tyree.grid-2x2.jpg
Resolving nbcsportsmedia1.msnbc.com... 174.35.40.44, 174.35.40.9
Connecting to nbcsportsmedia1.msnbc.com|174.35.40.44|:80... connected.
HTTP request sent, awaiting response... 200 OK
Length: 3762 (3.7K) [image/jpeg]
Saving to: `code/../crawls/nbcsports.msnbc.com/Privacy-Policy/raw/nbcsportsmedia1.msnbc.com/j/MSNBC/Components/Photo/_new/130125-tyree.grid-2x2.jpg'

     0K ...                                                   100% 39.9M=0s

2013-01-26 05:15:42 (39.9 MB/s) - `code/../crawls/nbcsports.msnbc.com/Privacy-Policy/raw/nbcsportsmedia1.msnbc.com/j/MSNBC/Components/Photo/_new/130125-tyree.grid-2x2.jpg' saved [3762/3762]

--2013-01-26 05:15:42--  http://nbcsportsmedia3.msnbc.com/j/MSNBC/Components/Photo/_new/g-spt-130127-luck-probowl.nbcsports-grid-2x2.jpg
Resolving nbcsportsmedia3.msnbc.com... 174.35.40.9, 174.35.40.44
Reusing existing connection to nbcsportsmedia1.msnbc.com:80.
HTTP request sent, awaiting response... 200 OK
Length: 4593 (4.5K) [image/jpeg]
Saving to: `code/../crawls/nbcsports.msnbc.com/Privacy-Policy/raw/nbcsportsmedia3.msnbc.com/j/MSNBC/Components/Photo/_new/g-spt-130127-luck-probowl.nbcsports-grid-2x2.jpg'

     0K ....                                                  100% 17.5M=0s

2013-01-26 05:15:42 (17.5 MB/s) - `code/../crawls/nbcsports.msnbc.com/Privacy-Policy/raw/nbcsportsmedia3.msnbc.com/j/MSNBC/Components/Photo/_new/g-spt-130127-luck-probowl.nbcsports-grid-2x2.jpg' saved [4593/4593]

--2013-01-26 05:15:42--  http://nbcsportsmedia2.msnbc.com/j/MSNBC/Components/Photo/_new/130125-devils.nbcsports-grid-2x2.jpg
Resolving nbcsportsmedia2.msnbc.com... 174.35.40.44, 174.35.40.9
Reusing existing connection to nbcsportsmedia1.msnbc.com:80.
HTTP request sent, awaiting response... 200 OK
Length: 5708 (5.6K) [image/jpeg]
Saving to: `code/../crawls/nbcsports.msnbc.com/Privacy-Policy/raw/nbcsportsmedia2.msnbc.com/j/MSNBC/Components/Photo/_new/130125-devils.nbcsports-grid-2x2.jpg'

     0K .....                                                 100% 26.9M=0s

2013-01-26 05:15:42 (26.9 MB/s) - `code/../crawls/nbcsports.msnbc.com/Privacy-Policy/raw/nbcsportsmedia2.msnbc.com/j/MSNBC/Components/Photo/_new/130125-devils.nbcsports-grid-2x2.jpg' saved [5708/5708]

--2013-01-26 05:15:42--  http://nbcsportsmedia2.msnbc.com/j/MSNBC/Components/Photo/_new/130125-garnett.nbcsports-grid-2x2.jpg
Reusing existing connection to nbcsportsmedia1.msnbc.com:80.
HTTP request sent, awaiting response... 200 OK
Length: 2315 (2.3K) [image/jpeg]
Saving to: `code/../crawls/nbcsports.msnbc.com/Privacy-Policy/raw/nbcsportsmedia2.msnbc.com/j/MSNBC/Components/Photo/_new/130125-garnett.nbcsports-grid-2x2.jpg'

     0K ..                                                    100% 6.90M=0s

2013-01-26 05:15:42 (6.90 MB/s) - `code/../crawls/nbcsports.msnbc.com/Privacy-Policy/raw/nbcsportsmedia2.msnbc.com/j/MSNBC/Components/Photo/_new/130125-garnett.nbcsports-grid-2x2.jpg' saved [2315/2315]

--2013-01-26 05:15:42--  http://nbcsportsmedia.msnbc.com/j/MSNBC/Components/Photo/_new/130125-arod.nbcsports-grid-2x2.jpg
Resolving nbcsportsmedia.msnbc.com... 174.35.40.9, 174.35.40.44
Reusing existing connection to nbcsportsmedia1.msnbc.com:80.
HTTP request sent, awaiting response... 200 OK
Length: 3056 (3.0K) [image/jpeg]
Saving to: `code/../crawls/nbcsports.msnbc.com/Privacy-Policy/raw/nbcsportsmedia.msnbc.com/j/MSNBC/Components/Photo/_new/130125-arod.nbcsports-grid-2x2.jpg'

     0K ..                                                    100% 17.9M=0s

2013-01-26 05:15:42 (17.9 MB/s) - `code/../crawls/nbcsports.msnbc.com/Privacy-Policy/raw/nbcsportsmedia.msnbc.com/j/MSNBC/Components/Photo/_new/130125-arod.nbcsports-grid-2x2.jpg' saved [3056/3056]

--2013-01-26 05:15:42--  http://nbcsportsmedia2.msnbc.com/j/MSNBC/Components/Photo/_new/g-spt-130125-izzo-msu.nbcsports-grid-2x2.jpg
Reusing existing connection to nbcsportsmedia1.msnbc.com:80.
HTTP request sent, awaiting response... 200 OK
Length: 4098 (4.0K) [image/jpeg]
Saving to: `code/../crawls/nbcsports.msnbc.com/Privacy-Policy/raw/nbcsportsmedia2.msnbc.com/j/MSNBC/Components/Photo/_new/g-spt-130125-izzo-msu.nbcsports-grid-2x2.jpg'

     0K ....                                                  100% 11.7M=0s

2013-01-26 05:15:42 (11.7 MB/s) - `code/../crawls/nbcsports.msnbc.com/Privacy-Policy/raw/nbcsportsmedia2.msnbc.com/j/MSNBC/Components/Photo/_new/g-spt-130125-izzo-msu.nbcsports-grid-2x2.jpg' saved [4098/4098]

--2013-01-26 05:15:42--  http://nbcsportsmedia1.msnbc.com/j/MSNBC/Components/Photo/_new/g-spt-130125-teo-voicemails.nbcsports-grid-2x2.jpg
Reusing existing connection to nbcsportsmedia1.msnbc.com:80.
HTTP request sent, awaiting response... 200 OK
Length: 3283 (3.2K) [image/jpeg]
Saving to: `code/../crawls/nbcsports.msnbc.com/Privacy-Policy/raw/nbcsportsmedia1.msnbc.com/j/MSNBC/Components/Photo/_new/g-spt-130125-teo-voicemails.nbcsports-grid-2x2.jpg'

     0K ...                                                   100% 8.56M=0s

2013-01-26 05:15:42 (8.56 MB/s) - `code/../crawls/nbcsports.msnbc.com/Privacy-Policy/raw/nbcsportsmedia1.msnbc.com/j/MSNBC/Components/Photo/_new/g-spt-130125-teo-voicemails.nbcsports-grid-2x2.jpg' saved [3283/3283]

--2013-01-26 05:15:42--  http://nbcsportsmedia1.msnbc.com/j/MSNBC/Components/Photo/_new/130126_azarenka.nbcsports-grid-2x2.jpg
Reusing existing connection to nbcsportsmedia1.msnbc.com:80.
HTTP request sent, awaiting response... 200 OK
Length: 3297 (3.2K) [image/jpeg]
Saving to: `code/../crawls/nbcsports.msnbc.com/Privacy-Policy/raw/nbcsportsmedia1.msnbc.com/j/MSNBC/Components/Photo/_new/130126_azarenka.nbcsports-grid-2x2.jpg'

     0K ...                                                   100% 8.51M=0s

2013-01-26 05:15:42 (8.51 MB/s) - `code/../crawls/nbcsports.msnbc.com/Privacy-Policy/raw/nbcsportsmedia1.msnbc.com/j/MSNBC/Components/Photo/_new/130126_azarenka.nbcsports-grid-2x2.jpg' saved [3297/3297]

--2013-01-26 05:15:42--  http://images.thegolfchannel.com/images/sitecore/2/A/9/%7B2A965D78-6FD5-45CB-B097-D8AA659528EB%7Dwoods_farmers13_d2_serious_cu_304.jpg
Resolving images.thegolfchannel.com... 206.160.170.34, 206.160.170.10
Connecting to images.thegolfchannel.com|206.160.170.34|:80... connected.
HTTP request sent, awaiting response... 200 OK
Length: 7656 (7.5K) [image/jpeg]
Saving to: `code/../crawls/nbcsports.msnbc.com/Privacy-Policy/raw/images.thegolfchannel.com/images/sitecore/2/A/9/{2A965D78-6FD5-45CB-B097-D8AA659528EB}woods_farmers13_d2_serious_cu_304.jpg'

     0K .......                                               100% 3.78M=0.002s

2013-01-26 05:15:42 (3.78 MB/s) - `code/../crawls/nbcsports.msnbc.com/Privacy-Policy/raw/images.thegolfchannel.com/images/sitecore/2/A/9/{2A965D78-6FD5-45CB-B097-D8AA659528EB}woods_farmers13_d2_serious_cu_304.jpg' saved [7656/7656]

--2013-01-26 05:15:42--  http://nbcsportsmedia4.msnbc.com/j/NBCSports/Sections/Soccer/Photos/130125-dave-checketts-1000.nbcsports-grid-2x2.jpg
Resolving nbcsportsmedia4.msnbc.com... 174.35.40.44, 174.35.40.9
Connecting to nbcsportsmedia4.msnbc.com|174.35.40.44|:80... connected.
HTTP request sent, awaiting response... 200 OK
Length: 4712 (4.6K) [image/jpeg]
Saving to: `code/../crawls/nbcsports.msnbc.com/Privacy-Policy/raw/nbcsportsmedia4.msnbc.com/j/NBCSports/Sections/Soccer/Photos/130125-dave-checketts-1000.nbcsports-grid-2x2.jpg'

     0K ....                                                  100% 14.2M=0s

2013-01-26 05:15:42 (14.2 MB/s) - `code/../crawls/nbcsports.msnbc.com/Privacy-Policy/raw/nbcsportsmedia4.msnbc.com/j/NBCSports/Sections/Soccer/Photos/130125-dave-checketts-1000.nbcsports-grid-2x2.jpg' saved [4712/4712]

--2013-01-26 05:15:42--  http://nbcsportsmedia.msnbc.com/j/MSNBC/Components/Photo/_new/130125-abbott.nbcsports-grid-2x2.jpg
Reusing existing connection to nbcsportsmedia4.msnbc.com:80.
HTTP request sent, awaiting response... 200 OK
Length: 3094 (3.0K) [image/jpeg]
Saving to: `code/../crawls/nbcsports.msnbc.com/Privacy-Policy/raw/nbcsportsmedia.msnbc.com/j/MSNBC/Components/Photo/_new/130125-abbott.nbcsports-grid-2x2.jpg'

     0K ...                                                   100% 9.69M=0s

2013-01-26 05:15:42 (9.69 MB/s) - `code/../crawls/nbcsports.msnbc.com/Privacy-Policy/raw/nbcsportsmedia.msnbc.com/j/MSNBC/Components/Photo/_new/130125-abbott.nbcsports-grid-2x2.jpg' saved [3094/3094]

--2013-01-26 05:15:42--  http://nbcsportsmedia2.msnbc.com/j/MSNBC/Components/Photo/_new/g-spt-130125-danica.nbcsports-grid-2x2.jpg
Reusing existing connection to nbcsportsmedia4.msnbc.com:80.
HTTP request sent, awaiting response... 200 OK
Length: 2652 (2.6K) [image/jpeg]
Saving to: `code/../crawls/nbcsports.msnbc.com/Privacy-Policy/raw/nbcsportsmedia2.msnbc.com/j/MSNBC/Components/Photo/_new/g-spt-130125-danica.nbcsports-grid-2x2.jpg'

     0K ..                                                    100% 32.6M=0s

2013-01-26 05:15:42 (32.6 MB/s) - `code/../crawls/nbcsports.msnbc.com/Privacy-Policy/raw/nbcsportsmedia2.msnbc.com/j/MSNBC/Components/Photo/_new/g-spt-130125-danica.nbcsports-grid-2x2.jpg' saved [2652/2652]

--2013-01-26 05:15:42--  http://nbcsportsmedia.msnbc.com/j/NBCSports/Redesign/Components/Promo%20boxes/Shop/-1_web_011713_bal-sf_conference_gear_223x38.standard.jpg
Reusing existing connection to nbcsportsmedia4.msnbc.com:80.
HTTP request sent, awaiting response... 200 OK
Length: 3395 (3.3K) [image/jpeg]
Saving to: `code/../crawls/nbcsports.msnbc.com/Privacy-Policy/raw/nbcsportsmedia.msnbc.com/j/NBCSports/Redesign/Components/Promo boxes/Shop/-1_web_011713_bal-sf_conference_gear_223x38.standard.jpg'

     0K ...                                                   100% 18.4M=0s

2013-01-26 05:15:42 (18.4 MB/s) - `code/../crawls/nbcsports.msnbc.com/Privacy-Policy/raw/nbcsportsmedia.msnbc.com/j/NBCSports/Redesign/Components/Promo boxes/Shop/-1_web_011713_bal-sf_conference_gear_223x38.standard.jpg' saved [3395/3395]

--2013-01-26 05:15:42--  http://scores.nbcsports.msnbc.com/ticker/ticker.html?width=773&sports=nba%7Cnhl%7Ccbk%7Cgolf%7Cnfl
Resolving scores.nbcsports.msnbc.com... 206.160.170.27, 206.160.170.34
Connecting to scores.nbcsports.msnbc.com|206.160.170.27|:80... connected.
HTTP request sent, awaiting response... 200 OK
Length: 2136 (2.1K) [text/html]
Saving to: `code/../crawls/nbcsports.msnbc.com/Privacy-Policy/raw/scores.nbcsports.msnbc.com/ticker/ticker.html?width=773&sports=nba%7Cnhl%7Ccbk%7Cgolf%7Cnfl.html'

     0K ..                                                    100%  272M=0s

2013-01-26 05:15:43 (272 MB/s) - `code/../crawls/nbcsports.msnbc.com/Privacy-Policy/raw/scores.nbcsports.msnbc.com/ticker/ticker.html?width=773&sports=nba%7Cnhl%7Ccbk%7Cgolf%7Cnfl.html' saved [2136/2136]

--2013-01-26 05:15:43--  http://platform.twitter.com/widgets.js
Resolving platform.twitter.com... 184.30.191.144
Connecting to platform.twitter.com|184.30.191.144|:80... connected.
HTTP request sent, awaiting response... 200 OK
Length: unspecified [application/javascript]
Saving to: `code/../crawls/nbcsports.msnbc.com/Privacy-Policy/raw/platform.twitter.com/widgets.js'

     0K .......... .......... .......... .......... .......... 5.21M
    50K .......... .......... .........                        10.2M=0.01s

2013-01-26 05:15:43 (6.37 MB/s) - `code/../crawls/nbcsports.msnbc.com/Privacy-Policy/raw/platform.twitter.com/widgets.js' saved [81648]

The name is too long, 154 chars total.
Trying to shorten...
New name is like.php?href='%20+%20encodeURIComponent(document.URL)%20+%20'&layout=button_count&show_faces=false&width=350&action=recommend&.
The name is too long, 154 chars total.
Trying to shorten...
New name is like.php?href='%20+%20encodeURIComponent(document.URL)%20+%20'&layout=button_count&show_faces=false&width=350&action=recommend&.
--2013-01-26 05:15:43--  http://www.facebook.com/plugins/like.php?href='%20+%20encodeURIComponent(document.URL)%20+%20'&layout=button_count&show_faces=false&width=350&action=recommend&colorscheme=light&height=22
Resolving www.facebook.com... 66.220.152.19, 2a03:2880:2110:cf01:face:b00c:0:9
Connecting to www.facebook.com|66.220.152.19|:80... connected.
HTTP request sent, awaiting response... 200 OK
Length: unspecified [text/html]
Saving to: `code/../crawls/nbcsports.msnbc.com/Privacy-Policy/raw/www.facebook.com/plugins/like.php?href=\'%20+%20encodeURIComponent(document.URL)%20+%20\'&layout=button_count&show_faces=false&width=350&action=recommend&.html'

     0K .......... .                                            145K=0.08s

2013-01-26 05:15:43 (145 KB/s) - `code/../crawls/nbcsports.msnbc.com/Privacy-Policy/raw/www.facebook.com/plugins/like.php?href=\'%20+%20encodeURIComponent(document.URL)%20+%20\'&layout=button_count&show_faces=false&width=350&action=recommend&.html' saved [11361]

--2013-01-26 05:15:43--  http://content.pulse360.com/73ABDCFC-BCD8-11DE-AC71-E60FEDADD848
Resolving content.pulse360.com... 8.9.23.204
Connecting to content.pulse360.com|8.9.23.204|:80... connected.
HTTP request sent, awaiting response... 200 OK
Length: 12379 (12K) [text/html]
Saving to: `code/../crawls/nbcsports.msnbc.com/Privacy-Policy/raw/content.pulse360.com/73ABDCFC-BCD8-11DE-AC71-E60FEDADD848.html'

     0K .......... ..                                         100% 82.1K=0.1s

2013-01-26 05:15:43 (82.1 KB/s) - `code/../crawls/nbcsports.msnbc.com/Privacy-Policy/raw/content.pulse360.com/73ABDCFC-BCD8-11DE-AC71-E60FEDADD848.html' saved [12379/12379]

--2013-01-26 05:15:43--  http://www.nbcudigitaladops.com/hosted/global.js
Connecting to www.nbcudigitaladops.com|184.25.148.170|:80... connected.
HTTP request sent, awaiting response... 200 OK
Length: 1188 (1.2K) [application/javascript]
Saving to: `code/../crawls/nbcsports.msnbc.com/Privacy-Policy/raw/www.nbcudigitaladops.com/hosted/global.js'

     0K .                                                     100%  168M=0s

2013-01-26 05:15:43 (168 MB/s) - `code/../crawls/nbcsports.msnbc.com/Privacy-Policy/raw/www.nbcudigitaladops.com/hosted/global.js' saved [1188/1188]

--2013-01-26 05:15:43--  http://nbcsports.us.intellitxt.com/intellitxt/front.asp?ipid=19942
Resolving nbcsports.us.intellitxt.com... 199.16.172.12
Connecting to nbcsports.us.intellitxt.com|199.16.172.12|:80... connected.
HTTP request sent, awaiting response... 200 OK
Length: unspecified [application/x-javascript]
Saving to: `code/../crawls/nbcsports.msnbc.com/Privacy-Policy/raw/nbcsports.us.intellitxt.com/intellitxt/front.asp?ipid=19942'

     0K .......... ...                                         15.1K=0.9s

2013-01-26 05:15:49 (15.1 KB/s) - `code/../crawls/nbcsports.msnbc.com/Privacy-Policy/raw/nbcsports.us.intellitxt.com/intellitxt/front.asp?ipid=19942' saved [13702]

--2013-01-26 05:15:49--  http://nbcsportsmedia.msnbc.com/i/NBCSports/Redesign/SiteFrame/img/bg.jpg?v=18
Connecting to nbcsportsmedia.msnbc.com|174.35.40.9|:80... connected.
HTTP request sent, awaiting response... 200 OK
Length: 4747 (4.6K) [image/jpeg]
Saving to: `code/../crawls/nbcsports.msnbc.com/Privacy-Policy/raw/nbcsportsmedia.msnbc.com/i/NBCSports/Redesign/SiteFrame/img/bg.jpg?v=18'

     0K ....                                                  100% 19.9M=0s

2013-01-26 05:15:49 (19.9 MB/s) - `code/../crawls/nbcsports.msnbc.com/Privacy-Policy/raw/nbcsportsmedia.msnbc.com/i/NBCSports/Redesign/SiteFrame/img/bg.jpg?v=18' saved [4747/4747]

--2013-01-26 05:15:49--  http://nbcsportsmedia.msnbc.com/i/NBCSports/Redesign/SiteFrame/img/bg-top.jpg?v=18
Reusing existing connection to nbcsportsmedia.msnbc.com:80.
HTTP request sent, awaiting response... 200 OK
Length: 7342 (7.2K) [image/jpeg]
Saving to: `code/../crawls/nbcsports.msnbc.com/Privacy-Policy/raw/nbcsportsmedia.msnbc.com/i/NBCSports/Redesign/SiteFrame/img/bg-top.jpg?v=18'

     0K .......                                               100% 8.50M=0.001s

2013-01-26 05:15:49 (8.50 MB/s) - `code/../crawls/nbcsports.msnbc.com/Privacy-Policy/raw/nbcsportsmedia.msnbc.com/i/NBCSports/Redesign/SiteFrame/img/bg-top.jpg?v=18' saved [7342/7342]

--2013-01-26 05:15:49--  http://nbcsportsmedia.msnbc.com/i/NBCSports/Redesign/SiteFrame/img/sprites-24bit.png?v=26
Reusing existing connection to nbcsportsmedia.msnbc.com:80.
HTTP request sent, awaiting response... 200 OK
Length: 53231 (52K) [image/png]
Saving to: `code/../crawls/nbcsports.msnbc.com/Privacy-Policy/raw/nbcsportsmedia.msnbc.com/i/NBCSports/Redesign/SiteFrame/img/sprites-24bit.png?v=26'

     0K .......... .......... .......... .......... .......... 96% 6.52M 0s
    50K .                                                     100% 3783G=0.007s

2013-01-26 05:15:49 (6.77 MB/s) - `code/../crawls/nbcsports.msnbc.com/Privacy-Policy/raw/nbcsportsmedia.msnbc.com/i/NBCSports/Redesign/SiteFrame/img/sprites-24bit.png?v=26' saved [53231/53231]

--2013-01-26 05:15:49--  http://nbcsportsmedia.msnbc.com/i/NBCSports/Redesign/SiteFrame/img/sprites.png?v=25
Reusing existing connection to nbcsportsmedia.msnbc.com:80.
HTTP request sent, awaiting response... 200 OK
Length: 51010 (50K) [image/png]
Saving to: `code/../crawls/nbcsports.msnbc.com/Privacy-Policy/raw/nbcsportsmedia.msnbc.com/i/NBCSports/Redesign/SiteFrame/img/sprites.png?v=25'

     0K .......... .......... .......... .......... ......... 100% 10.5M=0.005s

2013-01-26 05:15:49 (10.5 MB/s) - `code/../crawls/nbcsports.msnbc.com/Privacy-Policy/raw/nbcsportsmedia.msnbc.com/i/NBCSports/Redesign/SiteFrame/img/sprites.png?v=25' saved [51010/51010]

--2013-01-26 05:15:49--  http://nbcsportsmedia.msnbc.com/i/NBCSports/Redesign/SiteFrame/img/sprites-header.png?v=18
Reusing existing connection to nbcsportsmedia.msnbc.com:80.
HTTP request sent, awaiting response... 200 OK
Length: 4974 (4.9K) [image/png]
Saving to: `code/../crawls/nbcsports.msnbc.com/Privacy-Policy/raw/nbcsportsmedia.msnbc.com/i/NBCSports/Redesign/SiteFrame/img/sprites-header.png?v=18'

     0K ....                                                  100% 10.8M=0s

2013-01-26 05:15:49 (10.8 MB/s) - `code/../crawls/nbcsports.msnbc.com/Privacy-Policy/raw/nbcsportsmedia.msnbc.com/i/NBCSports/Redesign/SiteFrame/img/sprites-header.png?v=18' saved [4974/4974]

--2013-01-26 05:15:49--  http://nbcsportsmedia.msnbc.com/i/NBCSports/Redesign/SiteFrame/img/bg-dropdown.png?v=18
Reusing existing connection to nbcsportsmedia.msnbc.com:80.
HTTP request sent, awaiting response... 200 OK
Length: 2879 (2.8K) [image/png]
Saving to: `code/../crawls/nbcsports.msnbc.com/Privacy-Policy/raw/nbcsportsmedia.msnbc.com/i/NBCSports/Redesign/SiteFrame/img/bg-dropdown.png?v=18'

     0K ..                                                    100% 10.1M=0s

2013-01-26 05:15:49 (10.1 MB/s) - `code/../crawls/nbcsports.msnbc.com/Privacy-Policy/raw/nbcsportsmedia.msnbc.com/i/NBCSports/Redesign/SiteFrame/img/bg-dropdown.png?v=18' saved [2879/2879]

--2013-01-26 05:15:49--  http://nbcsportsmedia.msnbc.com/i/NBCSports/Redesign/SiteFrame/img/sprites.png?v=24
Reusing existing connection to nbcsportsmedia.msnbc.com:80.
HTTP request sent, awaiting response... 200 OK
Length: 51010 (50K) [image/png]
Saving to: `code/../crawls/nbcsports.msnbc.com/Privacy-Policy/raw/nbcsportsmedia.msnbc.com/i/NBCSports/Redesign/SiteFrame/img/sprites.png?v=24'

     0K .......... .......... .......... .......... ......... 100% 10.8M=0.005s

2013-01-26 05:15:49 (10.8 MB/s) - `code/../crawls/nbcsports.msnbc.com/Privacy-Policy/raw/nbcsportsmedia.msnbc.com/i/NBCSports/Redesign/SiteFrame/img/sprites.png?v=24' saved [51010/51010]

--2013-01-26 05:15:49--  http://nbcsportsmedia.msnbc.com/i/NBCSports/Redesign/SiteFrame/img/bg-ad.png?v=18
Reusing existing connection to nbcsportsmedia.msnbc.com:80.
HTTP request sent, awaiting response... 200 OK
Length: 10587 (10K) [image/png]
Saving to: `code/../crawls/nbcsports.msnbc.com/Privacy-Policy/raw/nbcsportsmedia.msnbc.com/i/NBCSports/Redesign/SiteFrame/img/bg-ad.png?v=18'

     0K ..........                                            100% 11.4M=0.001s

2013-01-26 05:15:49 (11.4 MB/s) - `code/../crawls/nbcsports.msnbc.com/Privacy-Policy/raw/nbcsportsmedia.msnbc.com/i/NBCSports/Redesign/SiteFrame/img/bg-ad.png?v=18' saved [10587/10587]

--2013-01-26 05:15:49--  http://nbcsportsmedia.msnbc.com/i/NBCSports/Redesign/SiteFrame/img/sprites-repeat-x.png?v=18
Reusing existing connection to nbcsportsmedia.msnbc.com:80.
HTTP request sent, awaiting response... 200 OK
Length: 2978 (2.9K) [image/png]
Saving to: `code/../crawls/nbcsports.msnbc.com/Privacy-Policy/raw/nbcsportsmedia.msnbc.com/i/NBCSports/Redesign/SiteFrame/img/sprites-repeat-x.png?v=18'

     0K ..                                                    100% 5.10M=0.001s

2013-01-26 05:15:49 (5.10 MB/s) - `code/../crawls/nbcsports.msnbc.com/Privacy-Policy/raw/nbcsportsmedia.msnbc.com/i/NBCSports/Redesign/SiteFrame/img/sprites-repeat-x.png?v=18' saved [2978/2978]

--2013-01-26 05:15:49--  http://nbcsportsmedia.msnbc.com/i/NBCSports/Redesign/SiteFrame/img/bg-box.png?v=18
Reusing existing connection to nbcsportsmedia.msnbc.com:80.
HTTP request sent, awaiting response... 200 OK
Length: 2345 (2.3K) [image/png]
Saving to: `code/../crawls/nbcsports.msnbc.com/Privacy-Policy/raw/nbcsportsmedia.msnbc.com/i/NBCSports/Redesign/SiteFrame/img/bg-box.png?v=18'

     0K ..                                                    100% 38.3M=0s

2013-01-26 05:15:49 (38.3 MB/s) - `code/../crawls/nbcsports.msnbc.com/Privacy-Policy/raw/nbcsportsmedia.msnbc.com/i/NBCSports/Redesign/SiteFrame/img/bg-box.png?v=18' saved [2345/2345]

--2013-01-26 05:15:49--  http://nbcsportsmedia.msnbc.com/i/NBCSports/Redesign/SiteFrame/img/bullet.jpg?v=18
Reusing existing connection to nbcsportsmedia.msnbc.com:80.
HTTP request sent, awaiting response... 200 OK
Length: 323 [image/jpeg]
Saving to: `code/../crawls/nbcsports.msnbc.com/Privacy-Policy/raw/nbcsportsmedia.msnbc.com/i/NBCSports/Redesign/SiteFrame/img/bullet.jpg?v=18'

     0K                                                       100% 28.8M=0s

2013-01-26 05:15:49 (28.8 MB/s) - `code/../crawls/nbcsports.msnbc.com/Privacy-Policy/raw/nbcsportsmedia.msnbc.com/i/NBCSports/Redesign/SiteFrame/img/bullet.jpg?v=18' saved [323/323]

--2013-01-26 05:15:49--  http://nbcsportsmedia.msnbc.com/i/NBCSports/Redesign/SiteFrame/img/sponsors/us-bank-story-header.jpg
Reusing existing connection to nbcsportsmedia.msnbc.com:80.
HTTP request sent, awaiting response... 200 OK
Length: 3156 (3.1K) [image/jpeg]
Saving to: `code/../crawls/nbcsports.msnbc.com/Privacy-Policy/raw/nbcsportsmedia.msnbc.com/i/NBCSports/Redesign/SiteFrame/img/sponsors/us-bank-story-header.jpg'

     0K ...                                                   100% 12.2M=0s

2013-01-26 05:15:49 (12.2 MB/s) - `code/../crawls/nbcsports.msnbc.com/Privacy-Policy/raw/nbcsportsmedia.msnbc.com/i/NBCSports/Redesign/SiteFrame/img/sponsors/us-bank-story-header.jpg' saved [3156/3156]

--2013-01-26 05:15:49--  http://msnbcmedia.msn.com/i/NBCSports/SiteFrame/images/sponsors/ticketcity/TC-Box-Logo.png
Resolving msnbcmedia.msn.com... 174.35.39.16, 174.35.15.166
Connecting to msnbcmedia.msn.com|174.35.39.16|:80... connected.
HTTP request sent, awaiting response... 200 OK
Length: 1587 (1.5K) [image/png]
Saving to: `code/../crawls/nbcsports.msnbc.com/Privacy-Policy/raw/msnbcmedia.msn.com/i/NBCSports/SiteFrame/images/sponsors/ticketcity/TC-Box-Logo.png'

     0K .                                                     100%  197M=0s

2013-01-26 05:15:49 (197 MB/s) - `code/../crawls/nbcsports.msnbc.com/Privacy-Policy/raw/msnbcmedia.msn.com/i/NBCSports/SiteFrame/images/sponsors/ticketcity/TC-Box-Logo.png' saved [1587/1587]

--2013-01-26 05:15:49--  http://msnbcmedia.msn.com/i/NBCSports/SiteFrame/images/sponsors/ticketcity/TC-Box-Button.png
Reusing existing connection to msnbcmedia.msn.com:80.
HTTP request sent, awaiting response... 200 OK
Length: 1010 [image/png]
Saving to: `code/../crawls/nbcsports.msnbc.com/Privacy-Policy/raw/msnbcmedia.msn.com/i/NBCSports/SiteFrame/images/sponsors/ticketcity/TC-Box-Button.png'

     0K                                                       100% 77.0M=0s

2013-01-26 05:15:49 (77.0 MB/s) - `code/../crawls/nbcsports.msnbc.com/Privacy-Policy/raw/msnbcmedia.msn.com/i/NBCSports/SiteFrame/images/sponsors/ticketcity/TC-Box-Button.png' saved [1010/1010]

--2013-01-26 05:15:49--  http://nbcsportsmedia.msnbc.com/i/NBCSports/Redesign/SiteFrame/img/sprites-teams-nfl.png?v=18
Connecting to nbcsportsmedia.msnbc.com|174.35.40.9|:80... connected.
HTTP request sent, awaiting response... 200 OK
Length: 7711 (7.5K) [image/png]
Saving to: `code/../crawls/nbcsports.msnbc.com/Privacy-Policy/raw/nbcsportsmedia.msnbc.com/i/NBCSports/Redesign/SiteFrame/img/sprites-teams-nfl.png?v=18'

     0K .......                                               100% 1.15M=0.006s

2013-01-26 05:15:49 (1.15 MB/s) - `code/../crawls/nbcsports.msnbc.com/Privacy-Policy/raw/nbcsportsmedia.msnbc.com/i/NBCSports/Redesign/SiteFrame/img/sprites-teams-nfl.png?v=18' saved [7711/7711]

--2013-01-26 05:15:49--  http://nbcsportsmedia.msnbc.com/i/NBCSports/Redesign/SiteFrame/img/footer-repeat-x.png?v=18
Reusing existing connection to nbcsportsmedia.msnbc.com:80.
HTTP request sent, awaiting response... 200 OK
Length: 1042 (1.0K) [image/png]
Saving to: `code/../crawls/nbcsports.msnbc.com/Privacy-Policy/raw/nbcsportsmedia.msnbc.com/i/NBCSports/Redesign/SiteFrame/img/footer-repeat-x.png?v=18'

     0K .                                                     100% 10.3M=0s

2013-01-26 05:15:49 (10.3 MB/s) - `code/../crawls/nbcsports.msnbc.com/Privacy-Policy/raw/nbcsportsmedia.msnbc.com/i/NBCSports/Redesign/SiteFrame/img/footer-repeat-x.png?v=18' saved [1042/1042]

--2013-01-26 05:15:49--  http://msnbcmedia.msn.com/i/NBCSports/Redesign/SiteFrame/img/sprites-embss.png?v=1
Connecting to msnbcmedia.msn.com|174.35.39.16|:80... connected.
HTTP request sent, awaiting response... 200 OK
Length: 3945 (3.9K) [image/png]
Saving to: `code/../crawls/nbcsports.msnbc.com/Privacy-Policy/raw/msnbcmedia.msn.com/i/NBCSports/Redesign/SiteFrame/img/sprites-embss.png?v=1'

     0K ...                                                   100% 12.6M=0s

2013-01-26 05:15:49 (12.6 MB/s) - `code/../crawls/nbcsports.msnbc.com/Privacy-Policy/raw/msnbcmedia.msn.com/i/NBCSports/Redesign/SiteFrame/img/sprites-embss.png?v=1' saved [3945/3945]

--2013-01-26 05:15:49--  http://nbcsportsmedia.msnbc.com/i/NBCSports/Feeds/LocalFeeds/header-csn.png?v=2
Connecting to nbcsportsmedia.msnbc.com|174.35.40.9|:80... connected.
HTTP request sent, awaiting response... 200 OK
Length: 6592 (6.4K) [image/png]
Saving to: `code/../crawls/nbcsports.msnbc.com/Privacy-Policy/raw/nbcsportsmedia.msnbc.com/i/NBCSports/Feeds/LocalFeeds/header-csn.png?v=2'

     0K ......                                                100% 2.96M=0.002s

2013-01-26 05:15:49 (2.96 MB/s) - `code/../crawls/nbcsports.msnbc.com/Privacy-Policy/raw/nbcsportsmedia.msnbc.com/i/NBCSports/Feeds/LocalFeeds/header-csn.png?v=2' saved [6592/6592]

--2013-01-26 05:15:49--  http://nbcsportsmedia.msnbc.com/i/NBCSports/Feeds/LocalFeeds/header-csn-chicago.png?v=2
Reusing existing connection to nbcsportsmedia.msnbc.com:80.
HTTP request sent, awaiting response... 200 OK
Length: 5452 (5.3K) [image/png]
Saving to: `code/../crawls/nbcsports.msnbc.com/Privacy-Policy/raw/nbcsportsmedia.msnbc.com/i/NBCSports/Feeds/LocalFeeds/header-csn-chicago.png?v=2'

     0K .....                                                 100% 10.2M=0.001s

2013-01-26 05:15:49 (10.2 MB/s) - `code/../crawls/nbcsports.msnbc.com/Privacy-Policy/raw/nbcsportsmedia.msnbc.com/i/NBCSports/Feeds/LocalFeeds/header-csn-chicago.png?v=2' saved [5452/5452]

--2013-01-26 05:15:49--  http://nbcsportsmedia.msnbc.com/i/NBCSports/Feeds/LocalFeeds/header-csn-bayarea.png?v=2
Reusing existing connection to nbcsportsmedia.msnbc.com:80.
HTTP request sent, awaiting response... 200 OK
Length: 5477 (5.3K) [image/png]
Saving to: `code/../crawls/nbcsports.msnbc.com/Privacy-Policy/raw/nbcsportsmedia.msnbc.com/i/NBCSports/Feeds/LocalFeeds/header-csn-bayarea.png?v=2'

     0K .....                                                 100% 9.48M=0.001s

2013-01-26 05:15:49 (9.48 MB/s) - `code/../crawls/nbcsports.msnbc.com/Privacy-Policy/raw/nbcsportsmedia.msnbc.com/i/NBCSports/Feeds/LocalFeeds/header-csn-bayarea.png?v=2' saved [5477/5477]

--2013-01-26 05:15:49--  http://nbcsportsmedia.msnbc.com/i/NBCSports/Feeds/LocalFeeds/header-csn-philadelphia.png?v=2
Reusing existing connection to nbcsportsmedia.msnbc.com:80.
HTTP request sent, awaiting response... 200 OK
Length: 5259 (5.1K) [image/png]
Saving to: `code/../crawls/nbcsports.msnbc.com/Privacy-Policy/raw/nbcsportsmedia.msnbc.com/i/NBCSports/Feeds/LocalFeeds/header-csn-philadelphia.png?v=2'

     0K .....                                                 100% 12.1M=0s

2013-01-26 05:15:49 (12.1 MB/s) - `code/../crawls/nbcsports.msnbc.com/Privacy-Policy/raw/nbcsportsmedia.msnbc.com/i/NBCSports/Feeds/LocalFeeds/header-csn-philadelphia.png?v=2' saved [5259/5259]

--2013-01-26 05:15:49--  http://nbcsportsmedia.msnbc.com/i/NBCSports/Feeds/LocalFeeds/header-csn-washington.png?v=2
Reusing existing connection to nbcsportsmedia.msnbc.com:80.
HTTP request sent, awaiting response... 200 OK
Length: 5627 (5.5K) [image/png]
Saving to: `code/../crawls/nbcsports.msnbc.com/Privacy-Policy/raw/nbcsportsmedia.msnbc.com/i/NBCSports/Feeds/LocalFeeds/header-csn-washington.png?v=2'

     0K .....                                                 100% 8.55M=0.001s

2013-01-26 05:15:49 (8.55 MB/s) - `code/../crawls/nbcsports.msnbc.com/Privacy-Policy/raw/nbcsportsmedia.msnbc.com/i/NBCSports/Feeds/LocalFeeds/header-csn-washington.png?v=2' saved [5627/5627]

--2013-01-26 05:15:49--  http://nbcsportsmedia.msnbc.com/i/NBCSports/Feeds/LocalFeeds/header-csn-newengland.png?v=2
Reusing existing connection to nbcsportsmedia.msnbc.com:80.
HTTP request sent, awaiting response... 200 OK
Length: 4948 (4.8K) [image/png]
Saving to: `code/../crawls/nbcsports.msnbc.com/Privacy-Policy/raw/nbcsportsmedia.msnbc.com/i/NBCSports/Feeds/LocalFeeds/header-csn-newengland.png?v=2'

     0K ....                                                  100% 11.1M=0s

2013-01-26 05:15:49 (11.1 MB/s) - `code/../crawls/nbcsports.msnbc.com/Privacy-Policy/raw/nbcsportsmedia.msnbc.com/i/NBCSports/Feeds/LocalFeeds/header-csn-newengland.png?v=2' saved [4948/4948]

--2013-01-26 05:15:49--  http://nbcsportsmedia.msnbc.com/i/NBCSports/Redesign/SiteFrame/img/bg-center.png
Reusing existing connection to nbcsportsmedia.msnbc.com:80.
HTTP request sent, awaiting response... 200 OK
Length: 209 [image/png]
Saving to: `code/../crawls/nbcsports.msnbc.com/Privacy-Policy/raw/nbcsportsmedia.msnbc.com/i/NBCSports/Redesign/SiteFrame/img/bg-center.png'

     0K                                                       100% 18.2M=0s

2013-01-26 05:15:49 (18.2 MB/s) - `code/../crawls/nbcsports.msnbc.com/Privacy-Policy/raw/nbcsportsmedia.msnbc.com/i/NBCSports/Redesign/SiteFrame/img/bg-center.png' saved [209/209]

--2013-01-26 05:15:49--  http://msnbcmedia.msn.com/i/NBCSports/SiteFrame/images/sponsors/ticketsnow/ticketsnow-background.gif
Connecting to msnbcmedia.msn.com|174.35.39.16|:80... connected.
HTTP request sent, awaiting response... 200 OK
Length: 20690 (20K) [image/gif]
Saving to: `code/../crawls/nbcsports.msnbc.com/Privacy-Policy/raw/msnbcmedia.msn.com/i/NBCSports/SiteFrame/images/sponsors/ticketsnow/ticketsnow-background.gif'

     0K .......... ..........                                 100% 4.61M=0.004s

2013-01-26 05:15:49 (4.61 MB/s) - `code/../crawls/nbcsports.msnbc.com/Privacy-Policy/raw/msnbcmedia.msn.com/i/NBCSports/SiteFrame/images/sponsors/ticketsnow/ticketsnow-background.gif' saved [20690/20690]

--2013-01-26 05:15:49--  http://msnbcmedia.msn.com/i/NBCSports/SiteFrame/images/sponsors/ticketsnow/ticketsnow-logo-light.png
Reusing existing connection to msnbcmedia.msn.com:80.
HTTP request sent, awaiting response... 200 OK
Length: 7256 (7.1K) [image/png]
Saving to: `code/../crawls/nbcsports.msnbc.com/Privacy-Policy/raw/msnbcmedia.msn.com/i/NBCSports/SiteFrame/images/sponsors/ticketsnow/ticketsnow-logo-light.png'

     0K .......                                               100% 10.4M=0.001s

2013-01-26 05:15:49 (10.4 MB/s) - `code/../crawls/nbcsports.msnbc.com/Privacy-Policy/raw/msnbcmedia.msn.com/i/NBCSports/SiteFrame/images/sponsors/ticketsnow/ticketsnow-logo-light.png' saved [7256/7256]

--2013-01-26 05:15:49--  http://msnbcmedia.msn.com/i/NBCSports/SiteFrame/images/sponsors/ticketsnow/ticketsnow-buy.gif
Reusing existing connection to msnbcmedia.msn.com:80.
HTTP request sent, awaiting response... 200 OK
Length: 1712 (1.7K) [image/gif]
Saving to: `code/../crawls/nbcsports.msnbc.com/Privacy-Policy/raw/msnbcmedia.msn.com/i/NBCSports/SiteFrame/images/sponsors/ticketsnow/ticketsnow-buy.gif'

     0K .                                                     100% 4.69M=0s

2013-01-26 05:15:49 (4.69 MB/s) - `code/../crawls/nbcsports.msnbc.com/Privacy-Policy/raw/msnbcmedia.msn.com/i/NBCSports/SiteFrame/images/sponsors/ticketsnow/ticketsnow-buy.gif' saved [1712/1712]

--2013-01-26 05:15:49--  http://scores.nbcsports.msnbc.com/ticker/styles/shs_reset.css
Connecting to scores.nbcsports.msnbc.com|206.160.170.27|:80... connected.
HTTP request sent, awaiting response... 200 OK
Length: 1335 (1.3K) [text/css]
Saving to: `code/../crawls/nbcsports.msnbc.com/Privacy-Policy/raw/scores.nbcsports.msnbc.com/ticker/styles/shs_reset.css'

     0K .                                                     100%  182M=0s

2013-01-26 05:15:49 (182 MB/s) - `code/../crawls/nbcsports.msnbc.com/Privacy-Policy/raw/scores.nbcsports.msnbc.com/ticker/styles/shs_reset.css' saved [1335/1335]

--2013-01-26 05:15:49--  http://scores.nbcsports.msnbc.com/ticker/styles/shs_masterTicker.css
Reusing existing connection to scores.nbcsports.msnbc.com:80.
HTTP request sent, awaiting response... 200 OK
Length: 22275 (22K) [text/css]
Saving to: `code/../crawls/nbcsports.msnbc.com/Privacy-Policy/raw/scores.nbcsports.msnbc.com/ticker/styles/shs_masterTicker.css'

     0K .......... .......... .                               100% 4.26M=0.005s

2013-01-26 05:15:49 (4.26 MB/s) - `code/../crawls/nbcsports.msnbc.com/Privacy-Policy/raw/scores.nbcsports.msnbc.com/ticker/styles/shs_masterTicker.css' saved [22275/22275]

--2013-01-26 05:15:49--  https://ajax.googleapis.com/ajax/libs/jquery/1.5.2/jquery.min.js
Resolving ajax.googleapis.com... 173.194.69.95, 2a00:1450:4008:c01::5f
Connecting to ajax.googleapis.com|173.194.69.95|:443... connected.
HTTP request sent, awaiting response... 200 OK
Length: unspecified [text/javascript]
Saving to: `code/../crawls/nbcsports.msnbc.com/Privacy-Policy/raw/ajax.googleapis.com/ajax/libs/jquery/1.5.2/jquery.min.js'

     0K .......... .......... .......... .......... ..........  147K
    50K .......... .......... .......... ...                    203K=0.5s

2013-01-26 05:15:50 (166 KB/s) - `code/../crawls/nbcsports.msnbc.com/Privacy-Policy/raw/ajax.googleapis.com/ajax/libs/jquery/1.5.2/jquery.min.js' saved [85925]

--2013-01-26 05:15:50--  https://ajax.googleapis.com/ajax/libs/jqueryui/1.8.9/jquery-ui.min.js
Reusing existing connection to ajax.googleapis.com:443.
HTTP request sent, awaiting response... 200 OK
Length: unspecified [text/javascript]
Saving to: `code/../crawls/nbcsports.msnbc.com/Privacy-Policy/raw/ajax.googleapis.com/ajax/libs/jqueryui/1.8.9/jquery-ui.min.js'

     0K .......... .......... .......... .......... .......... 11.6M
    50K .......... .......... .......... .......... ..........  295K
   100K .......... .......... .......... .......... ..........  302K
   150K .......... .......... .......... .......... ...        8.39M=0.3s

2013-01-26 05:15:51 (563 KB/s) - `code/../crawls/nbcsports.msnbc.com/Privacy-Policy/raw/ajax.googleapis.com/ajax/libs/jqueryui/1.8.9/jquery-ui.min.js' saved [198588]

--2013-01-26 05:15:51--  http://scores.nbcsports.msnbc.com/ticker/scripts/jquery.client.js
Connecting to scores.nbcsports.msnbc.com|206.160.170.27|:80... connected.
HTTP request sent, awaiting response... 200 OK
Length: 2736 (2.7K) [application/x-javascript]
Saving to: `code/../crawls/nbcsports.msnbc.com/Privacy-Policy/raw/scores.nbcsports.msnbc.com/ticker/scripts/jquery.client.js'

     0K ..                                                    100%  309M=0s

2013-01-26 05:15:51 (309 MB/s) - `code/../crawls/nbcsports.msnbc.com/Privacy-Policy/raw/scores.nbcsports.msnbc.com/ticker/scripts/jquery.client.js' saved [2736/2736]

--2013-01-26 05:15:51--  http://scores.nbcsports.msnbc.com/ticker/scripts/msnbcTicker.js
Reusing existing connection to scores.nbcsports.msnbc.com:80.
HTTP request sent, awaiting response... 200 OK
Length: 48397 (47K) [application/x-javascript]
Saving to: `code/../crawls/nbcsports.msnbc.com/Privacy-Policy/raw/scores.nbcsports.msnbc.com/ticker/scripts/msnbcTicker.js'

     0K .......... .......... .......... .......... .......   100% 6.05M=0.008s

2013-01-26 05:15:51 (6.05 MB/s) - `code/../crawls/nbcsports.msnbc.com/Privacy-Policy/raw/scores.nbcsports.msnbc.com/ticker/scripts/msnbcTicker.js' saved [48397/48397]

--2013-01-26 05:15:51--  http://static.ak.fbcdn.net/rsrc.php/v2/y7/x/IJYgcESal33.png
Resolving static.ak.fbcdn.net... 206.160.170.17, 206.160.170.43, 2600:5:3700:1::cea0:aa2b, ...
Connecting to static.ak.fbcdn.net|206.160.170.17|:80... connected.
HTTP request sent, awaiting response... 200 OK
Length: 5771 (5.6K) [image/png]
Saving to: `code/../crawls/nbcsports.msnbc.com/Privacy-Policy/raw/static.ak.fbcdn.net/rsrc.php/v2/y7/x/IJYgcESal33.png'

     0K .....                                                 100% 3.19M=0.002s

2013-01-26 05:15:51 (3.19 MB/s) - `code/../crawls/nbcsports.msnbc.com/Privacy-Policy/raw/static.ak.fbcdn.net/rsrc.php/v2/y7/x/IJYgcESal33.png' saved [5771/5771]

--2013-01-26 05:15:51--  http://static.ak.fbcdn.net/rsrc.php/v2/yI/x/1dQf_ATK831.png
Reusing existing connection to static.ak.fbcdn.net:80.
HTTP request sent, awaiting response... 200 OK
Length: 567 [image/png]
Saving to: `code/../crawls/nbcsports.msnbc.com/Privacy-Policy/raw/static.ak.fbcdn.net/rsrc.php/v2/yI/x/1dQf_ATK831.png'

     0K                                                       100% 92.5M=0s

2013-01-26 05:15:51 (92.5 MB/s) - `code/../crawls/nbcsports.msnbc.com/Privacy-Policy/raw/static.ak.fbcdn.net/rsrc.php/v2/yI/x/1dQf_ATK831.png' saved [567/567]

FINISHED --2013-01-26 05:15:51--
Total wall clock time: 9.3s
Downloaded: 62 files, 1.3M in 2.1s (604 KB/s)
Converting code/../crawls/nbcsports.msnbc.com/Privacy-Policy/raw/content.pulse360.com/73ABDCFC-BCD8-11DE-AC71-E60FEDADD848.html... nothing to do.
Converting code/../crawls/nbcsports.msnbc.com/Privacy-Policy/raw/nbcsports.msnbc.com/id/38225454.html... 2-1
Converting code/../crawls/nbcsports.msnbc.com/Privacy-Policy/raw/www.facebook.com/plugins/like.php?href='%20+%20encodeURIComponent(document.URL)%20+%20'&layout=button_count&show_faces=false&width=350&action=recommend&.html... 2-1
Converting code/../crawls/nbcsports.msnbc.com/Privacy-Policy/raw/nbcsports.msnbc.com/id/23114206.html... 42-81
Converting code/../crawls/nbcsports.msnbc.com/Privacy-Policy/raw/nbcsports.msnbc.com/id/44073647.html... 1-7
Converting code/../crawls/nbcsports.msnbc.com/Privacy-Policy/raw/scores.nbcsports.msnbc.com/ticker/ticker.html?width=773&sports=nba%7Cnhl%7Ccbk%7Cgolf%7Cnfl.html... 6-0
Converting code/../crawls/nbcsports.msnbc.com/Privacy-Policy/raw/scores.nbcsports.msnbc.com/ticker/styles/shs_reset.css... nothing to do.
Converting code/../crawls/nbcsports.msnbc.com/Privacy-Policy/raw/nbcsports.msnbc.com/id/43254549.css... 86-0
Converting code/../crawls/nbcsports.msnbc.com/Privacy-Policy/raw/scores.nbcsports.msnbc.com/ticker/styles/shs_masterTicker.css... 0-10
Converted 9 files in 0.01 seconds.
