--2013-01-05 05:10:38--  http://www.gamefly.com/about-us/privacy-policy
Resolving www.gamefly.com... 64.95.199.49
Connecting to www.gamefly.com|64.95.199.49|:80... connected.
HTTP request sent, awaiting response... 200 OK
Length: 75833 (74K) [text/html]
Saving to: `code/../crawls/gamefly.com/Privacy-Policy/raw/www.gamefly.com/about-us/privacy-policy.html'

     0K .......... .......... .......... .......... .......... 67%  853K 0s
    50K .......... .......... ....                            100% 1.82M=0.07s

2013-01-05 05:10:38 (1.01 MB/s) - `code/../crawls/gamefly.com/Privacy-Policy/raw/www.gamefly.com/about-us/privacy-policy.html' saved [75833/75833]

--2013-01-05 05:10:38--  http://gamefly1.gameflycdn.com/assets/ver286/site-tools$form-fields$about-us$cart-add.css
Resolving gamefly1.gameflycdn.com... 4.23.63.98
Connecting to gamefly1.gameflycdn.com|4.23.63.98|:80... connected.
HTTP request sent, awaiting response... 200 OK
Length: 27075 (26K) [text/css]
Saving to: `code/../crawls/gamefly.com/Privacy-Policy/raw/gamefly1.gameflycdn.com/assets/ver286/site-tools$form-fields$about-us$cart-add.css'

     0K .......... .......... ......                          100% 4.91M=0.005s

2013-01-05 05:10:39 (4.91 MB/s) - `code/../crawls/gamefly.com/Privacy-Policy/raw/gamefly1.gameflycdn.com/assets/ver286/site-tools$form-fields$about-us$cart-add.css' saved [27075/27075]

--2013-01-05 05:10:39--  http://gamefly.gameflycdn.com/css/images-min.css
Resolving gamefly.gameflycdn.com... 4.23.63.98
Reusing existing connection to gamefly1.gameflycdn.com:80.
HTTP request sent, awaiting response... 200 OK
Length: 18181 (18K) [text/css]
Saving to: `code/../crawls/gamefly.com/Privacy-Policy/raw/gamefly.gameflycdn.com/css/images-min.css'

     0K .......... .......                                    100% 7.30M=0.002s

2013-01-05 05:10:39 (7.30 MB/s) - `code/../crawls/gamefly.com/Privacy-Policy/raw/gamefly.gameflycdn.com/css/images-min.css' saved [18181/18181]

--2013-01-05 05:10:39--  http://gamefly.gameflycdn.com/assets/ver71/MBox.js
Reusing existing connection to gamefly1.gameflycdn.com:80.
HTTP request sent, awaiting response... 200 OK
Length: 17834 (17K) [text/javascript]
Saving to: `code/../crawls/gamefly.com/Privacy-Policy/raw/gamefly.gameflycdn.com/assets/ver71/MBox.js'

     0K .......... .......                                    100% 10.3M=0.002s

2013-01-05 05:10:39 (10.3 MB/s) - `code/../crawls/gamefly.com/Privacy-Policy/raw/gamefly.gameflycdn.com/assets/ver71/MBox.js' saved [17834/17834]

--2013-01-05 05:10:39--  http://gamefly.gameflycdn.com/img/branding/nav/gamefly.gif
Reusing existing connection to gamefly1.gameflycdn.com:80.
HTTP request sent, awaiting response... 200 OK
Length: 2354 (2.3K) [image/gif]
Saving to: `code/../crawls/gamefly.com/Privacy-Policy/raw/gamefly.gameflycdn.com/img/branding/nav/gamefly.gif'

     0K ..                                                    100%  340M=0s

2013-01-05 05:10:39 (340 MB/s) - `code/../crawls/gamefly.com/Privacy-Policy/raw/gamefly.gameflycdn.com/img/branding/nav/gamefly.gif' saved [2354/2354]

--2013-01-05 05:10:39--  http://gamefly.gameflycdn.com/images/hb/hb_free_month.gif
Reusing existing connection to gamefly1.gameflycdn.com:80.
HTTP request sent, awaiting response... 200 OK
Length: 15095 (15K) [image/gif]
Saving to: `code/../crawls/gamefly.com/Privacy-Policy/raw/gamefly.gameflycdn.com/images/hb/hb_free_month.gif'

     0K .......... ....                                       100% 14.6M=0.001s

2013-01-05 05:10:39 (14.6 MB/s) - `code/../crawls/gamefly.com/Privacy-Policy/raw/gamefly.gameflycdn.com/images/hb/hb_free_month.gif' saved [15095/15095]

--2013-01-05 05:10:39--  http://gameflycomprod.112.2o7.net/b/ss/gameflycomdev/1/H.13--NS/0
Resolving gameflycomprod.112.2o7.net... 66.235.132.121, 66.235.132.152, 66.235.132.232, ...
Connecting to gameflycomprod.112.2o7.net|66.235.132.121|:80... connected.
HTTP request sent, awaiting response... 302 Found
Location: http://gameflycomprod.112.2o7.net/b/ss/gameflycomdev/1/H.13--NS/0?AQB=1&pccr=true&AQE=1 [following]
--2013-01-05 05:10:39--  http://gameflycomprod.112.2o7.net/b/ss/gameflycomdev/1/H.13--NS/0?AQB=1&pccr=true&AQE=1
Reusing existing connection to gameflycomprod.112.2o7.net:80.
HTTP request sent, awaiting response... 200 OK
Length: 43 [image/gif]
Saving to: `code/../crawls/gamefly.com/Privacy-Policy/raw/gameflycomprod.112.2o7.net/b/ss/gameflycomdev/1/H.13--NS/0'

     0K                                                       100% 7.17M=0s

2013-01-05 05:10:39 (7.17 MB/s) - `code/../crawls/gamefly.com/Privacy-Policy/raw/gameflycomprod.112.2o7.net/b/ss/gameflycomdev/1/H.13--NS/0' saved [43/43]

--2013-01-05 05:10:39--  http://gamefly1.gameflycdn.com/img/nav/hdr-sprite.png
Connecting to gamefly1.gameflycdn.com|4.23.63.98|:80... connected.
HTTP request sent, awaiting response... 200 OK
Length: 6616 (6.5K) [image/png]
Saving to: `code/../crawls/gamefly.com/Privacy-Policy/raw/gamefly1.gameflycdn.com/img/nav/hdr-sprite.png'

     0K ......                                                100% 4.26M=0.001s

2013-01-05 05:10:39 (4.26 MB/s) - `code/../crawls/gamefly.com/Privacy-Policy/raw/gamefly1.gameflycdn.com/img/nav/hdr-sprite.png' saved [6616/6616]

--2013-01-05 05:10:39--  http://gamefly1.gameflycdn.com/img/icon/icon-bbb.png
Reusing existing connection to gamefly1.gameflycdn.com:80.
HTTP request sent, awaiting response... 200 OK
Length: 7359 (7.2K) [image/png]
Saving to: `code/../crawls/gamefly.com/Privacy-Policy/raw/gamefly1.gameflycdn.com/img/icon/icon-bbb.png'

     0K .......                                               100% 17.6M=0s

2013-01-05 05:10:39 (17.6 MB/s) - `code/../crawls/gamefly.com/Privacy-Policy/raw/gamefly1.gameflycdn.com/img/icon/icon-bbb.png' saved [7359/7359]

--2013-01-05 05:10:39--  http://gamefly1.gameflycdn.com/img/subtab_shadow.gif
Reusing existing connection to gamefly1.gameflycdn.com:80.
HTTP request sent, awaiting response... 200 OK
Length: 84 [image/gif]
Saving to: `code/../crawls/gamefly.com/Privacy-Policy/raw/gamefly1.gameflycdn.com/img/subtab_shadow.gif'

     0K                                                       100% 15.1M=0s

2013-01-05 05:10:39 (15.1 MB/s) - `code/../crawls/gamefly.com/Privacy-Policy/raw/gamefly1.gameflycdn.com/img/subtab_shadow.gif' saved [84/84]

--2013-01-05 05:10:39--  http://gamefly1.gameflycdn.com/img/dottedline.gif
Reusing existing connection to gamefly1.gameflycdn.com:80.
HTTP request sent, awaiting response... 200 OK
Length: 49 [image/gif]
Saving to: `code/../crawls/gamefly.com/Privacy-Policy/raw/gamefly1.gameflycdn.com/img/dottedline.gif'

     0K                                                       100% 9.33M=0s

2013-01-05 05:10:39 (9.33 MB/s) - `code/../crawls/gamefly.com/Privacy-Policy/raw/gamefly1.gameflycdn.com/img/dottedline.gif' saved [49/49]

--2013-01-05 05:10:39--  http://gamefly1.gameflycdn.com/img/sidenav/sidenav_bg.gif
Reusing existing connection to gamefly1.gameflycdn.com:80.
HTTP request sent, awaiting response... 200 OK
Length: 203 [image/gif]
Saving to: `code/../crawls/gamefly.com/Privacy-Policy/raw/gamefly1.gameflycdn.com/img/sidenav/sidenav_bg.gif'

     0K                                                       100% 35.6M=0s

2013-01-05 05:10:39 (35.6 MB/s) - `code/../crawls/gamefly.com/Privacy-Policy/raw/gamefly1.gameflycdn.com/img/sidenav/sidenav_bg.gif' saved [203/203]

--2013-01-05 05:10:39--  http://gamefly1.gameflycdn.com/img/sidenav/rent.gif
Reusing existing connection to gamefly1.gameflycdn.com:80.
HTTP request sent, awaiting response... 200 OK
Length: 544 [image/gif]
Saving to: `code/../crawls/gamefly.com/Privacy-Policy/raw/gamefly1.gameflycdn.com/img/sidenav/rent.gif'

     0K                                                       100% 98.7M=0s

2013-01-05 05:10:39 (98.7 MB/s) - `code/../crawls/gamefly.com/Privacy-Policy/raw/gamefly1.gameflycdn.com/img/sidenav/rent.gif' saved [544/544]

--2013-01-05 05:10:39--  http://gamefly1.gameflycdn.com/img/sidenav/ps3.gif
Reusing existing connection to gamefly1.gameflycdn.com:80.
HTTP request sent, awaiting response... 200 OK
Length: 502 [image/gif]
Saving to: `code/../crawls/gamefly.com/Privacy-Policy/raw/gamefly1.gameflycdn.com/img/sidenav/ps3.gif'

     0K                                                       100% 89.4M=0s

2013-01-05 05:10:39 (89.4 MB/s) - `code/../crawls/gamefly.com/Privacy-Policy/raw/gamefly1.gameflycdn.com/img/sidenav/ps3.gif' saved [502/502]

--2013-01-05 05:10:39--  http://gamefly1.gameflycdn.com/img/sidenav/ps2.gif
Reusing existing connection to gamefly1.gameflycdn.com:80.
HTTP request sent, awaiting response... 200 OK
Length: 464 [image/gif]
Saving to: `code/../crawls/gamefly.com/Privacy-Policy/raw/gamefly1.gameflycdn.com/img/sidenav/ps2.gif'

     0K                                                       100% 85.9M=0s

2013-01-05 05:10:39 (85.9 MB/s) - `code/../crawls/gamefly.com/Privacy-Policy/raw/gamefly1.gameflycdn.com/img/sidenav/ps2.gif' saved [464/464]

--2013-01-05 05:10:39--  http://gamefly1.gameflycdn.com/img/sidenav/psp_games.gif
Reusing existing connection to gamefly1.gameflycdn.com:80.
HTTP request sent, awaiting response... 200 OK
Length: 624 [image/gif]
Saving to: `code/../crawls/gamefly.com/Privacy-Policy/raw/gamefly1.gameflycdn.com/img/sidenav/psp_games.gif'

     0K                                                       100%  115M=0s

2013-01-05 05:10:39 (115 MB/s) - `code/../crawls/gamefly.com/Privacy-Policy/raw/gamefly1.gameflycdn.com/img/sidenav/psp_games.gif' saved [624/624]

--2013-01-05 05:10:39--  http://gamefly1.gameflycdn.com/img/sidenav/psp_movies.gif
Reusing existing connection to gamefly1.gameflycdn.com:80.
HTTP request sent, awaiting response... 200 OK
Length: 639 [image/gif]
Saving to: `code/../crawls/gamefly.com/Privacy-Policy/raw/gamefly1.gameflycdn.com/img/sidenav/psp_movies.gif'

     0K                                                       100%  108M=0s

2013-01-05 05:10:39 (108 MB/s) - `code/../crawls/gamefly.com/Privacy-Policy/raw/gamefly1.gameflycdn.com/img/sidenav/psp_movies.gif' saved [639/639]

--2013-01-05 05:10:39--  http://gamefly1.gameflycdn.com/img/sidenav/x360.gif
Reusing existing connection to gamefly1.gameflycdn.com:80.
HTTP request sent, awaiting response... 200 OK
Length: 933 [image/gif]
Saving to: `code/../crawls/gamefly.com/Privacy-Policy/raw/gamefly1.gameflycdn.com/img/sidenav/x360.gif'

     0K                                                       100%  162M=0s

2013-01-05 05:10:39 (162 MB/s) - `code/../crawls/gamefly.com/Privacy-Policy/raw/gamefly1.gameflycdn.com/img/sidenav/x360.gif' saved [933/933]

--2013-01-05 05:10:39--  http://gamefly1.gameflycdn.com/img/sidenav/xbox.gif
Reusing existing connection to gamefly1.gameflycdn.com:80.
HTTP request sent, awaiting response... 200 OK
Length: 711 [image/gif]
Saving to: `code/../crawls/gamefly.com/Privacy-Policy/raw/gamefly1.gameflycdn.com/img/sidenav/xbox.gif'

     0K                                                       100%  123M=0s

2013-01-05 05:10:39 (123 MB/s) - `code/../crawls/gamefly.com/Privacy-Policy/raw/gamefly1.gameflycdn.com/img/sidenav/xbox.gif' saved [711/711]

--2013-01-05 05:10:39--  http://gamefly1.gameflycdn.com/img/sidenav/wii-u.gif
Reusing existing connection to gamefly1.gameflycdn.com:80.
HTTP request sent, awaiting response... 200 OK
Length: 2393 (2.3K) [image/gif]
Saving to: `code/../crawls/gamefly.com/Privacy-Policy/raw/gamefly1.gameflycdn.com/img/sidenav/wii-u.gif'

     0K ..                                                    100%  182M=0s

2013-01-05 05:10:39 (182 MB/s) - `code/../crawls/gamefly.com/Privacy-Policy/raw/gamefly1.gameflycdn.com/img/sidenav/wii-u.gif' saved [2393/2393]

--2013-01-05 05:10:39--  http://gamefly1.gameflycdn.com/img/sidenav/wii.gif
Reusing existing connection to gamefly1.gameflycdn.com:80.
HTTP request sent, awaiting response... 200 OK
Length: 576 [image/gif]
Saving to: `code/../crawls/gamefly.com/Privacy-Policy/raw/gamefly1.gameflycdn.com/img/sidenav/wii.gif'

     0K                                                       100%  105M=0s

2013-01-05 05:10:39 (105 MB/s) - `code/../crawls/gamefly.com/Privacy-Policy/raw/gamefly1.gameflycdn.com/img/sidenav/wii.gif' saved [576/576]

--2013-01-05 05:10:39--  http://gamefly1.gameflycdn.com/img/sidenav/3ds.gif
Reusing existing connection to gamefly1.gameflycdn.com:80.
HTTP request sent, awaiting response... 200 OK
Length: 1431 (1.4K) [image/gif]
Saving to: `code/../crawls/gamefly.com/Privacy-Policy/raw/gamefly1.gameflycdn.com/img/sidenav/3ds.gif'

     0K .                                                     100%  219M=0s

2013-01-05 05:10:39 (219 MB/s) - `code/../crawls/gamefly.com/Privacy-Policy/raw/gamefly1.gameflycdn.com/img/sidenav/3ds.gif' saved [1431/1431]

--2013-01-05 05:10:39--  http://gamefly1.gameflycdn.com/img/sidenav/ds.gif
Reusing existing connection to gamefly1.gameflycdn.com:80.
HTTP request sent, awaiting response... 200 OK
Length: 684 [image/gif]
Saving to: `code/../crawls/gamefly.com/Privacy-Policy/raw/gamefly1.gameflycdn.com/img/sidenav/ds.gif'

     0K                                                       100%  120M=0s

2013-01-05 05:10:39 (120 MB/s) - `code/../crawls/gamefly.com/Privacy-Policy/raw/gamefly1.gameflycdn.com/img/sidenav/ds.gif' saved [684/684]

--2013-01-05 05:10:39--  http://gamefly1.gameflycdn.com/img/sidenav/gc.gif
Reusing existing connection to gamefly1.gameflycdn.com:80.
HTTP request sent, awaiting response... 200 OK
Length: 917 [image/gif]
Saving to: `code/../crawls/gamefly.com/Privacy-Policy/raw/gamefly1.gameflycdn.com/img/sidenav/gc.gif'

     0K                                                       100%  147M=0s

2013-01-05 05:10:39 (147 MB/s) - `code/../crawls/gamefly.com/Privacy-Policy/raw/gamefly1.gameflycdn.com/img/sidenav/gc.gif' saved [917/917]

--2013-01-05 05:10:39--  http://gamefly1.gameflycdn.com/img/sidenav/gba.gif
Reusing existing connection to gamefly1.gameflycdn.com:80.
HTTP request sent, awaiting response... 200 OK
Length: 914 [image/gif]
Saving to: `code/../crawls/gamefly.com/Privacy-Policy/raw/gamefly1.gameflycdn.com/img/sidenav/gba.gif'

     0K                                                       100%  160M=0s

2013-01-05 05:10:39 (160 MB/s) - `code/../crawls/gamefly.com/Privacy-Policy/raw/gamefly1.gameflycdn.com/img/sidenav/gba.gif' saved [914/914]

--2013-01-05 05:10:39--  http://gamefly1.gameflycdn.com/img/sidenav/store.gif
Reusing existing connection to gamefly1.gameflycdn.com:80.
HTTP request sent, awaiting response... 200 OK
Length: 644 [image/gif]
Saving to: `code/../crawls/gamefly.com/Privacy-Policy/raw/gamefly1.gameflycdn.com/img/sidenav/store.gif'

     0K                                                       100%  111M=0s

2013-01-05 05:10:39 (111 MB/s) - `code/../crawls/gamefly.com/Privacy-Policy/raw/gamefly1.gameflycdn.com/img/sidenav/store.gif' saved [644/644]

--2013-01-05 05:10:39--  http://gamefly1.gameflycdn.com/img/sidenav/tradein.gif
Reusing existing connection to gamefly1.gameflycdn.com:80.
HTTP request sent, awaiting response... 200 OK
Length: 733 [image/gif]
Saving to: `code/../crawls/gamefly.com/Privacy-Policy/raw/gamefly1.gameflycdn.com/img/sidenav/tradein.gif'

     0K                                                       100%  127M=0s

2013-01-05 05:10:39 (127 MB/s) - `code/../crawls/gamefly.com/Privacy-Policy/raw/gamefly1.gameflycdn.com/img/sidenav/tradein.gif' saved [733/733]

--2013-01-05 05:10:39--  http://gamefly1.gameflycdn.com/img/sidenav/download.gif
Reusing existing connection to gamefly1.gameflycdn.com:80.
HTTP request sent, awaiting response... 200 OK
Length: 929 [image/gif]
Saving to: `code/../crawls/gamefly.com/Privacy-Policy/raw/gamefly1.gameflycdn.com/img/sidenav/download.gif'

     0K                                                       100%  160M=0s

2013-01-05 05:10:39 (160 MB/s) - `code/../crawls/gamefly.com/Privacy-Policy/raw/gamefly1.gameflycdn.com/img/sidenav/download.gif' saved [929/929]

--2013-01-05 05:10:39--  http://gamefly1.gameflycdn.com/img/sidenav/pc.gif
Reusing existing connection to gamefly1.gameflycdn.com:80.
HTTP request sent, awaiting response... 200 OK
Length: 744 [image/gif]
Saving to: `code/../crawls/gamefly.com/Privacy-Policy/raw/gamefly1.gameflycdn.com/img/sidenav/pc.gif'

     0K                                                       100%  131M=0s

2013-01-05 05:10:39 (131 MB/s) - `code/../crawls/gamefly.com/Privacy-Policy/raw/gamefly1.gameflycdn.com/img/sidenav/pc.gif' saved [744/744]

--2013-01-05 05:10:39--  http://gamefly1.gameflycdn.com/img/sidenav/mac.gif
Reusing existing connection to gamefly1.gameflycdn.com:80.
HTTP request sent, awaiting response... 200 OK
Length: 825 [image/gif]
Saving to: `code/../crawls/gamefly.com/Privacy-Policy/raw/gamefly1.gameflycdn.com/img/sidenav/mac.gif'

     0K                                                       100%  149M=0s

2013-01-05 05:10:39 (149 MB/s) - `code/../crawls/gamefly.com/Privacy-Policy/raw/gamefly1.gameflycdn.com/img/sidenav/mac.gif' saved [825/825]

--2013-01-05 05:10:39--  http://gamefly1.gameflycdn.com/img/sidenav/psvita.gif
Reusing existing connection to gamefly1.gameflycdn.com:80.
HTTP request sent, awaiting response... 200 OK
Length: 1212 (1.2K) [image/gif]
Saving to: `code/../crawls/gamefly.com/Privacy-Policy/raw/gamefly1.gameflycdn.com/img/sidenav/psvita.gif'

     0K .                                                     100%  187M=0s

2013-01-05 05:10:39 (187 MB/s) - `code/../crawls/gamefly.com/Privacy-Policy/raw/gamefly1.gameflycdn.com/img/sidenav/psvita.gif' saved [1212/1212]

--2013-01-05 05:10:39--  http://gamefly1.gameflycdn.com/img/updown_arrows.gif
Reusing existing connection to gamefly1.gameflycdn.com:80.
HTTP request sent, awaiting response... 200 OK
Length: 66 [image/gif]
Saving to: `code/../crawls/gamefly.com/Privacy-Policy/raw/gamefly1.gameflycdn.com/img/updown_arrows.gif'

     0K                                                       100% 11.9M=0s

2013-01-05 05:10:39 (11.9 MB/s) - `code/../crawls/gamefly.com/Privacy-Policy/raw/gamefly1.gameflycdn.com/img/updown_arrows.gif' saved [66/66]

--2013-01-05 05:10:39--  http://gamefly1.gameflycdn.com/img/button-bg/button-top-bg.png
Reusing existing connection to gamefly1.gameflycdn.com:80.
HTTP request sent, awaiting response... 200 OK
Length: 3248 (3.2K) [image/png]
Saving to: `code/../crawls/gamefly.com/Privacy-Policy/raw/gamefly1.gameflycdn.com/img/button-bg/button-top-bg.png'

     0K ...                                                   100% 45.7M=0s

2013-01-05 05:10:39 (45.7 MB/s) - `code/../crawls/gamefly.com/Privacy-Policy/raw/gamefly1.gameflycdn.com/img/button-bg/button-top-bg.png' saved [3248/3248]

--2013-01-05 05:10:39--  http://gamefly1.gameflycdn.com/img/button-bg/button-shadows.png
Reusing existing connection to gamefly1.gameflycdn.com:80.
HTTP request sent, awaiting response... 200 OK
Length: 1227 (1.2K) [image/png]
Saving to: `code/../crawls/gamefly.com/Privacy-Policy/raw/gamefly1.gameflycdn.com/img/button-bg/button-shadows.png'

     0K .                                                     100%  193M=0s

2013-01-05 05:10:39 (193 MB/s) - `code/../crawls/gamefly.com/Privacy-Policy/raw/gamefly1.gameflycdn.com/img/button-bg/button-shadows.png' saved [1227/1227]

--2013-01-05 05:10:39--  http://gamefly1.gameflycdn.com/img/icon/icon_error.gif
Reusing existing connection to gamefly1.gameflycdn.com:80.
HTTP request sent, awaiting response... 200 OK
Length: 401 [image/gif]
Saving to: `code/../crawls/gamefly.com/Privacy-Policy/raw/gamefly1.gameflycdn.com/img/icon/icon_error.gif'

     0K                                                       100% 69.3M=0s

2013-01-05 05:10:39 (69.3 MB/s) - `code/../crawls/gamefly.com/Privacy-Policy/raw/gamefly1.gameflycdn.com/img/icon/icon_error.gif' saved [401/401]

--2013-01-05 05:10:39--  http://gamefly1.gameflycdn.com/img/icon/icon_restart.gif
Reusing existing connection to gamefly1.gameflycdn.com:80.
HTTP request sent, awaiting response... 200 OK
Length: 456 [image/gif]
Saving to: `code/../crawls/gamefly.com/Privacy-Policy/raw/gamefly1.gameflycdn.com/img/icon/icon_restart.gif'

     0K                                                       100% 81.4M=0s

2013-01-05 05:10:39 (81.4 MB/s) - `code/../crawls/gamefly.com/Privacy-Policy/raw/gamefly1.gameflycdn.com/img/icon/icon_restart.gif' saved [456/456]

--2013-01-05 05:10:39--  http://gamefly1.gameflycdn.com/img/icon/icon_info.gif
Reusing existing connection to gamefly1.gameflycdn.com:80.
HTTP request sent, awaiting response... 200 OK
Length: 411 [image/gif]
Saving to: `code/../crawls/gamefly.com/Privacy-Policy/raw/gamefly1.gameflycdn.com/img/icon/icon_info.gif'

     0K                                                       100% 74.5M=0s

2013-01-05 05:10:39 (74.5 MB/s) - `code/../crawls/gamefly.com/Privacy-Policy/raw/gamefly1.gameflycdn.com/img/icon/icon_info.gif' saved [411/411]

--2013-01-05 05:10:39--  http://gamefly1.gameflycdn.com/img/icon/icon_info_small.gif
Reusing existing connection to gamefly1.gameflycdn.com:80.
HTTP request sent, awaiting response... 200 OK
Length: 1713 (1.7K) [image/gif]
Saving to: `code/../crawls/gamefly.com/Privacy-Policy/raw/gamefly1.gameflycdn.com/img/icon/icon_info_small.gif'

     0K .                                                     100%  266M=0s

2013-01-05 05:10:39 (266 MB/s) - `code/../crawls/gamefly.com/Privacy-Policy/raw/gamefly1.gameflycdn.com/img/icon/icon_info_small.gif' saved [1713/1713]

--2013-01-05 05:10:39--  http://gamefly1.gameflycdn.com/img/icon/magnify.gif
Reusing existing connection to gamefly1.gameflycdn.com:80.
HTTP request sent, awaiting response... 200 OK
Length: 136 [image/gif]
Saving to: `code/../crawls/gamefly.com/Privacy-Policy/raw/gamefly1.gameflycdn.com/img/icon/magnify.gif'

     0K                                                       100% 24.8M=0s

2013-01-05 05:10:39 (24.8 MB/s) - `code/../crawls/gamefly.com/Privacy-Policy/raw/gamefly1.gameflycdn.com/img/icon/magnify.gif' saved [136/136]

--2013-01-05 05:10:39--  http://gamefly1.gameflycdn.com/img/icon/facebook.gif
Reusing existing connection to gamefly1.gameflycdn.com:80.
HTTP request sent, awaiting response... 200 OK
Length: 274 [image/gif]
Saving to: `code/../crawls/gamefly.com/Privacy-Policy/raw/gamefly1.gameflycdn.com/img/icon/facebook.gif'

     0K                                                       100% 49.6M=0s

2013-01-05 05:10:39 (49.6 MB/s) - `code/../crawls/gamefly.com/Privacy-Policy/raw/gamefly1.gameflycdn.com/img/icon/facebook.gif' saved [274/274]

--2013-01-05 05:10:39--  http://gamefly1.gameflycdn.com/img/icon/twitter.gif
Reusing existing connection to gamefly1.gameflycdn.com:80.
HTTP request sent, awaiting response... 200 OK
Length: 275 [image/gif]
Saving to: `code/../crawls/gamefly.com/Privacy-Policy/raw/gamefly1.gameflycdn.com/img/icon/twitter.gif'

     0K                                                       100% 46.3M=0s

2013-01-05 05:10:39 (46.3 MB/s) - `code/../crawls/gamefly.com/Privacy-Policy/raw/gamefly1.gameflycdn.com/img/icon/twitter.gif' saved [275/275]

--2013-01-05 05:10:39--  http://gamefly1.gameflycdn.com/img/icon/arrow-right.gif
Reusing existing connection to gamefly1.gameflycdn.com:80.
HTTP request sent, awaiting response... 200 OK
Length: 232 [image/gif]
Saving to: `code/../crawls/gamefly.com/Privacy-Policy/raw/gamefly1.gameflycdn.com/img/icon/arrow-right.gif'

     0K                                                       100% 41.4M=0s

2013-01-05 05:10:39 (41.4 MB/s) - `code/../crawls/gamefly.com/Privacy-Policy/raw/gamefly1.gameflycdn.com/img/icon/arrow-right.gif' saved [232/232]

--2013-01-05 05:10:39--  http://gamefly1.gameflycdn.com/img/icon/arrow-left.gif
Reusing existing connection to gamefly1.gameflycdn.com:80.
HTTP request sent, awaiting response... 200 OK
Length: 232 [image/gif]
Saving to: `code/../crawls/gamefly.com/Privacy-Policy/raw/gamefly1.gameflycdn.com/img/icon/arrow-left.gif'

     0K                                                       100% 35.8M=0s

2013-01-05 05:10:39 (35.8 MB/s) - `code/../crawls/gamefly.com/Privacy-Policy/raw/gamefly1.gameflycdn.com/img/icon/arrow-left.gif' saved [232/232]

--2013-01-05 05:10:39--  http://gamefly1.gameflycdn.com/img/icon/icon_messages.gif
Reusing existing connection to gamefly1.gameflycdn.com:80.
HTTP request sent, awaiting response... 200 OK
Length: 76 [image/gif]
Saving to: `code/../crawls/gamefly.com/Privacy-Policy/raw/gamefly1.gameflycdn.com/img/icon/icon_messages.gif'

     0K                                                       100% 12.7M=0s

2013-01-05 05:10:39 (12.7 MB/s) - `code/../crawls/gamefly.com/Privacy-Policy/raw/gamefly1.gameflycdn.com/img/icon/icon_messages.gif' saved [76/76]

--2013-01-05 05:10:39--  http://gamefly1.gameflycdn.com/img/icon/printer.gif
Reusing existing connection to gamefly1.gameflycdn.com:80.
HTTP request sent, awaiting response... 200 OK
Length: 179 [image/gif]
Saving to: `code/../crawls/gamefly.com/Privacy-Policy/raw/gamefly1.gameflycdn.com/img/icon/printer.gif'

     0K                                                       100% 32.1M=0s

2013-01-05 05:10:39 (32.1 MB/s) - `code/../crawls/gamefly.com/Privacy-Policy/raw/gamefly1.gameflycdn.com/img/icon/printer.gif' saved [179/179]

--2013-01-05 05:10:39--  http://gamefly1.gameflycdn.com/img/icon/pdf.gif
Reusing existing connection to gamefly1.gameflycdn.com:80.
HTTP request sent, awaiting response... 200 OK
Length: 154 [image/gif]
Saving to: `code/../crawls/gamefly.com/Privacy-Policy/raw/gamefly1.gameflycdn.com/img/icon/pdf.gif'

     0K                                                       100% 25.1M=0s

2013-01-05 05:10:39 (25.1 MB/s) - `code/../crawls/gamefly.com/Privacy-Policy/raw/gamefly1.gameflycdn.com/img/icon/pdf.gif' saved [154/154]

--2013-01-05 05:10:39--  http://gamefly1.gameflycdn.com/img/icon/warning.gif
Reusing existing connection to gamefly1.gameflycdn.com:80.
HTTP request sent, awaiting response... 200 OK
Length: 744 [image/gif]
Saving to: `code/../crawls/gamefly.com/Privacy-Policy/raw/gamefly1.gameflycdn.com/img/icon/warning.gif'

     0K                                                       100%  129M=0s

2013-01-05 05:10:39 (129 MB/s) - `code/../crawls/gamefly.com/Privacy-Policy/raw/gamefly1.gameflycdn.com/img/icon/warning.gif' saved [744/744]

--2013-01-05 05:10:39--  http://gamefly1.gameflycdn.com/img/icon/warning_small.gif
Reusing existing connection to gamefly1.gameflycdn.com:80.
HTTP request sent, awaiting response... 200 OK
Length: 221 [image/gif]
Saving to: `code/../crawls/gamefly.com/Privacy-Policy/raw/gamefly1.gameflycdn.com/img/icon/warning_small.gif'

     0K                                                       100% 36.4M=0s

2013-01-05 05:10:39 (36.4 MB/s) - `code/../crawls/gamefly.com/Privacy-Policy/raw/gamefly1.gameflycdn.com/img/icon/warning_small.gif' saved [221/221]

--2013-01-05 05:10:39--  http://gamefly1.gameflycdn.com/img/icon/question.gif
Reusing existing connection to gamefly1.gameflycdn.com:80.
HTTP request sent, awaiting response... 200 OK
Length: 141 [image/gif]
Saving to: `code/../crawls/gamefly.com/Privacy-Policy/raw/gamefly1.gameflycdn.com/img/icon/question.gif'

     0K                                                       100% 24.2M=0s

2013-01-05 05:10:39 (24.2 MB/s) - `code/../crawls/gamefly.com/Privacy-Policy/raw/gamefly1.gameflycdn.com/img/icon/question.gif' saved [141/141]

--2013-01-05 05:10:39--  http://gamefly1.gameflycdn.com/img/icon/icon-freeshipping-sprite.gif
Reusing existing connection to gamefly1.gameflycdn.com:80.
HTTP request sent, awaiting response... 200 OK
Length: 811 [image/gif]
Saving to: `code/../crawls/gamefly.com/Privacy-Policy/raw/gamefly1.gameflycdn.com/img/icon/icon-freeshipping-sprite.gif'

     0K                                                       100%  131M=0s

2013-01-05 05:10:39 (131 MB/s) - `code/../crawls/gamefly.com/Privacy-Policy/raw/gamefly1.gameflycdn.com/img/icon/icon-freeshipping-sprite.gif' saved [811/811]

--2013-01-05 05:10:39--  http://gamefly1.gameflycdn.com/img/icon/infinity-sml.png
Reusing existing connection to gamefly1.gameflycdn.com:80.
HTTP request sent, awaiting response... 200 OK
Length: 238 [image/png]
Saving to: `code/../crawls/gamefly.com/Privacy-Policy/raw/gamefly1.gameflycdn.com/img/icon/infinity-sml.png'

     0K                                                       100% 40.5M=0s

2013-01-05 05:10:39 (40.5 MB/s) - `code/../crawls/gamefly.com/Privacy-Policy/raw/gamefly1.gameflycdn.com/img/icon/infinity-sml.png' saved [238/238]

--2013-01-05 05:10:39--  http://gamefly1.gameflycdn.com/img/icon/infinity.png
Reusing existing connection to gamefly1.gameflycdn.com:80.
HTTP request sent, awaiting response... 200 OK
Length: 295 [image/png]
Saving to: `code/../crawls/gamefly.com/Privacy-Policy/raw/gamefly1.gameflycdn.com/img/icon/infinity.png'

     0K                                                       100% 51.7M=0s

2013-01-05 05:10:39 (51.7 MB/s) - `code/../crawls/gamefly.com/Privacy-Policy/raw/gamefly1.gameflycdn.com/img/icon/infinity.png' saved [295/295]

--2013-01-05 05:10:39--  http://gamefly1.gameflycdn.com/img/icon/free-for-mmbrs.png
Reusing existing connection to gamefly1.gameflycdn.com:80.
HTTP request sent, awaiting response... 200 OK
Length: 429 [image/png]
Saving to: `code/../crawls/gamefly.com/Privacy-Policy/raw/gamefly1.gameflycdn.com/img/icon/free-for-mmbrs.png'

     0K                                                       100% 74.1M=0s

2013-01-05 05:10:39 (74.1 MB/s) - `code/../crawls/gamefly.com/Privacy-Policy/raw/gamefly1.gameflycdn.com/img/icon/free-for-mmbrs.png' saved [429/429]

--2013-01-05 05:10:39--  http://gamefly1.gameflycdn.com/img/asyncIndicator.gif
Reusing existing connection to gamefly1.gameflycdn.com:80.
HTTP request sent, awaiting response... 200 OK
Length: 3547 (3.5K) [image/gif]
Saving to: `code/../crawls/gamefly.com/Privacy-Policy/raw/gamefly1.gameflycdn.com/img/asyncIndicator.gif'

     0K ...                                                   100% 43.4M=0s

2013-01-05 05:10:39 (43.4 MB/s) - `code/../crawls/gamefly.com/Privacy-Policy/raw/gamefly1.gameflycdn.com/img/asyncIndicator.gif' saved [3547/3547]

--2013-01-05 05:10:39--  http://gamefly1.gameflycdn.com/img/asyncIndicator-bar.gif
Reusing existing connection to gamefly1.gameflycdn.com:80.
HTTP request sent, awaiting response... 200 OK
Length: 10819 (11K) [image/gif]
Saving to: `code/../crawls/gamefly.com/Privacy-Policy/raw/gamefly1.gameflycdn.com/img/asyncIndicator-bar.gif'

     0K ..........                                            100% 15.0M=0.001s

2013-01-05 05:10:39 (15.0 MB/s) - `code/../crawls/gamefly.com/Privacy-Policy/raw/gamefly1.gameflycdn.com/img/asyncIndicator-bar.gif' saved [10819/10819]

--2013-01-05 05:10:39--  http://gamefly1.gameflycdn.com/img/asyncIndicator-small.gif
Reusing existing connection to gamefly1.gameflycdn.com:80.
HTTP request sent, awaiting response... 200 OK
Length: 1877 (1.8K) [image/gif]
Saving to: `code/../crawls/gamefly.com/Privacy-Policy/raw/gamefly1.gameflycdn.com/img/asyncIndicator-small.gif'

     0K .                                                     100%  285M=0s

2013-01-05 05:10:39 (285 MB/s) - `code/../crawls/gamefly.com/Privacy-Policy/raw/gamefly1.gameflycdn.com/img/asyncIndicator-small.gif' saved [1877/1877]

--2013-01-05 05:10:39--  http://gamefly1.gameflycdn.com/img/js-load.gif
Reusing existing connection to gamefly1.gameflycdn.com:80.
HTTP request sent, awaiting response... 200 OK
Length: 8118 (7.9K) [image/gif]
Saving to: `code/../crawls/gamefly.com/Privacy-Policy/raw/gamefly1.gameflycdn.com/img/js-load.gif'

     0K .......                                               100% 17.9M=0s

2013-01-05 05:10:39 (17.9 MB/s) - `code/../crawls/gamefly.com/Privacy-Policy/raw/gamefly1.gameflycdn.com/img/js-load.gif' saved [8118/8118]

--2013-01-05 05:10:39--  http://gamefly1.gameflycdn.com/img/icon/close_window.gif
Reusing existing connection to gamefly1.gameflycdn.com:80.
HTTP request sent, awaiting response... 200 OK
Length: 107 [image/gif]
Saving to: `code/../crawls/gamefly.com/Privacy-Policy/raw/gamefly1.gameflycdn.com/img/icon/close_window.gif'

     0K                                                       100% 19.2M=0s

2013-01-05 05:10:39 (19.2 MB/s) - `code/../crawls/gamefly.com/Privacy-Policy/raw/gamefly1.gameflycdn.com/img/icon/close_window.gif' saved [107/107]

--2013-01-05 05:10:39--  http://gamefly1.gameflycdn.com/img/overlay/qv.png
Reusing existing connection to gamefly1.gameflycdn.com:80.
HTTP request sent, awaiting response... 200 OK
Length: 981 [image/png]
Saving to: `code/../crawls/gamefly.com/Privacy-Policy/raw/gamefly1.gameflycdn.com/img/overlay/qv.png'

     0K                                                       100%  155M=0s

2013-01-05 05:10:39 (155 MB/s) - `code/../crawls/gamefly.com/Privacy-Policy/raw/gamefly1.gameflycdn.com/img/overlay/qv.png' saved [981/981]

--2013-01-05 05:10:39--  http://gamefly1.gameflycdn.com/img/overlay/point-left.gif
Reusing existing connection to gamefly1.gameflycdn.com:80.
HTTP request sent, awaiting response... 200 OK
Length: 74 [image/gif]
Saving to: `code/../crawls/gamefly.com/Privacy-Policy/raw/gamefly1.gameflycdn.com/img/overlay/point-left.gif'

     0K                                                       100% 13.2M=0s

2013-01-05 05:10:39 (13.2 MB/s) - `code/../crawls/gamefly.com/Privacy-Policy/raw/gamefly1.gameflycdn.com/img/overlay/point-left.gif' saved [74/74]

--2013-01-05 05:10:39--  http://gamefly1.gameflycdn.com/img/overlay/point-right.gif
Reusing existing connection to gamefly1.gameflycdn.com:80.
HTTP request sent, awaiting response... 200 OK
Length: 74 [image/gif]
Saving to: `code/../crawls/gamefly.com/Privacy-Policy/raw/gamefly1.gameflycdn.com/img/overlay/point-right.gif'

     0K                                                       100% 13.6M=0s

2013-01-05 05:10:39 (13.6 MB/s) - `code/../crawls/gamefly.com/Privacy-Policy/raw/gamefly1.gameflycdn.com/img/overlay/point-right.gif' saved [74/74]

--2013-01-05 05:10:39--  http://gamefly1.gameflycdn.com/img/prod/platform-branding.gif
Reusing existing connection to gamefly1.gameflycdn.com:80.
HTTP request sent, awaiting response... 200 OK
Length: 5644 (5.5K) [image/gif]
Saving to: `code/../crawls/gamefly.com/Privacy-Policy/raw/gamefly1.gameflycdn.com/img/prod/platform-branding.gif'

     0K .....                                                 100% 19.6M=0s

2013-01-05 05:10:39 (19.6 MB/s) - `code/../crawls/gamefly.com/Privacy-Policy/raw/gamefly1.gameflycdn.com/img/prod/platform-branding.gif' saved [5644/5644]

--2013-01-05 05:10:39--  http://gamefly1.gameflycdn.com/img/prod/platform/PC_icon.gif
Reusing existing connection to gamefly1.gameflycdn.com:80.
HTTP request sent, awaiting response... 200 OK
Length: 683 [image/gif]
Saving to: `code/../crawls/gamefly.com/Privacy-Policy/raw/gamefly1.gameflycdn.com/img/prod/platform/PC_icon.gif'

     0K                                                       100%  117M=0s

2013-01-05 05:10:39 (117 MB/s) - `code/../crawls/gamefly.com/Privacy-Policy/raw/gamefly1.gameflycdn.com/img/prod/platform/PC_icon.gif' saved [683/683]

--2013-01-05 05:10:39--  http://gamefly1.gameflycdn.com/img/prod/platform/mac_icon.gif
Reusing existing connection to gamefly1.gameflycdn.com:80.
HTTP request sent, awaiting response... 200 OK
Length: 159 [image/gif]
Saving to: `code/../crawls/gamefly.com/Privacy-Policy/raw/gamefly1.gameflycdn.com/img/prod/platform/mac_icon.gif'

     0K                                                       100% 27.0M=0s

2013-01-05 05:10:39 (27.0 MB/s) - `code/../crawls/gamefly.com/Privacy-Policy/raw/gamefly1.gameflycdn.com/img/prod/platform/mac_icon.gif' saved [159/159]

--2013-01-05 05:10:39--  http://gamefly1.gameflycdn.com/img/affiliates/logo_df_and_gf.png
Reusing existing connection to gamefly1.gameflycdn.com:80.
HTTP request sent, awaiting response... 200 OK
Length: 2214 (2.2K) [image/png]
Saving to: `code/../crawls/gamefly.com/Privacy-Policy/raw/gamefly1.gameflycdn.com/img/affiliates/logo_df_and_gf.png'

     0K ..                                                    100%  306M=0s

2013-01-05 05:10:39 (306 MB/s) - `code/../crawls/gamefly.com/Privacy-Policy/raw/gamefly1.gameflycdn.com/img/affiliates/logo_df_and_gf.png' saved [2214/2214]

--2013-01-05 05:10:39--  http://gamefly1.gameflycdn.com/img/nav/settings-menu-arrow.png
Reusing existing connection to gamefly1.gameflycdn.com:80.
HTTP request sent, awaiting response... 200 OK
Length: 945 [image/png]
Saving to: `code/../crawls/gamefly.com/Privacy-Policy/raw/gamefly1.gameflycdn.com/img/nav/settings-menu-arrow.png'

     0K                                                       100%  161M=0s

2013-01-05 05:10:39 (161 MB/s) - `code/../crawls/gamefly.com/Privacy-Policy/raw/gamefly1.gameflycdn.com/img/nav/settings-menu-arrow.png' saved [945/945]

--2013-01-05 05:10:39--  http://gamefly1.gameflycdn.com/img/nav/settings-menu-first.png
Reusing existing connection to gamefly1.gameflycdn.com:80.
HTTP request sent, awaiting response... 200 OK
Length: 1109 (1.1K) [image/png]
Saving to: `code/../crawls/gamefly.com/Privacy-Policy/raw/gamefly1.gameflycdn.com/img/nav/settings-menu-first.png'

     0K .                                                     100%  184M=0s

2013-01-05 05:10:39 (184 MB/s) - `code/../crawls/gamefly.com/Privacy-Policy/raw/gamefly1.gameflycdn.com/img/nav/settings-menu-first.png' saved [1109/1109]

--2013-01-05 05:10:39--  http://gamefly1.gameflycdn.com/img/nav/settings-menu-last.png
Reusing existing connection to gamefly1.gameflycdn.com:80.
HTTP request sent, awaiting response... 200 OK
Length: 1013 [image/png]
Saving to: `code/../crawls/gamefly.com/Privacy-Policy/raw/gamefly1.gameflycdn.com/img/nav/settings-menu-last.png'

     0K                                                       100%  174M=0s

2013-01-05 05:10:39 (174 MB/s) - `code/../crawls/gamefly.com/Privacy-Policy/raw/gamefly1.gameflycdn.com/img/nav/settings-menu-last.png' saved [1013/1013]

--2013-01-05 05:10:39--  http://gamefly1.gameflycdn.com/img/icon/icons_social.png
Reusing existing connection to gamefly1.gameflycdn.com:80.
HTTP request sent, awaiting response... 200 OK
Length: 2315 (2.3K) [image/png]
Saving to: `code/../crawls/gamefly.com/Privacy-Policy/raw/gamefly1.gameflycdn.com/img/icon/icons_social.png'

     0K ..                                                    100%  351M=0s

2013-01-05 05:10:39 (351 MB/s) - `code/../crawls/gamefly.com/Privacy-Policy/raw/gamefly1.gameflycdn.com/img/icon/icons_social.png' saved [2315/2315]

--2013-01-05 05:10:39--  http://gamefly1.gameflycdn.com/img/social/logos.png
Reusing existing connection to gamefly1.gameflycdn.com:80.
HTTP request sent, awaiting response... 200 OK
Length: 3889 (3.8K) [image/png]
Saving to: `code/../crawls/gamefly.com/Privacy-Policy/raw/gamefly1.gameflycdn.com/img/social/logos.png'

     0K ...                                                   100% 55.3M=0s

2013-01-05 05:10:39 (55.3 MB/s) - `code/../crawls/gamefly.com/Privacy-Policy/raw/gamefly1.gameflycdn.com/img/social/logos.png' saved [3889/3889]

--2013-01-05 05:10:39--  http://gamefly1.gameflycdn.com/img/buttons/button_social-big.png
Reusing existing connection to gamefly1.gameflycdn.com:80.
HTTP request sent, awaiting response... 200 OK
Length: 16029 (16K) [image/png]
Saving to: `code/../crawls/gamefly.com/Privacy-Policy/raw/gamefly1.gameflycdn.com/img/buttons/button_social-big.png'

     0K .......... .....                                      100% 6.37M=0.002s

2013-01-05 05:10:39 (6.37 MB/s) - `code/../crawls/gamefly.com/Privacy-Policy/raw/gamefly1.gameflycdn.com/img/buttons/button_social-big.png' saved [16029/16029]

--2013-01-05 05:10:39--  http://gamefly1.gameflycdn.com/img/icon/field-valid.gif
Reusing existing connection to gamefly1.gameflycdn.com:80.
HTTP request sent, awaiting response... 200 OK
Length: 233 [image/gif]
Saving to: `code/../crawls/gamefly.com/Privacy-Policy/raw/gamefly1.gameflycdn.com/img/icon/field-valid.gif'

     0K                                                       100% 43.3M=0s

2013-01-05 05:10:39 (43.3 MB/s) - `code/../crawls/gamefly.com/Privacy-Policy/raw/gamefly1.gameflycdn.com/img/icon/field-valid.gif' saved [233/233]

--2013-01-05 05:10:39--  http://gamefly1.gameflycdn.com/img/icon/field-error.gif
Reusing existing connection to gamefly1.gameflycdn.com:80.
HTTP request sent, awaiting response... 200 OK
Length: 243 [image/gif]
Saving to: `code/../crawls/gamefly.com/Privacy-Policy/raw/gamefly1.gameflycdn.com/img/icon/field-error.gif'

     0K                                                       100% 42.7M=0s

2013-01-05 05:10:39 (42.7 MB/s) - `code/../crawls/gamefly.com/Privacy-Policy/raw/gamefly1.gameflycdn.com/img/icon/field-error.gif' saved [243/243]

--2013-01-05 05:10:39--  http://gamefly1.gameflycdn.com/img/icon/ssl.gif
Reusing existing connection to gamefly1.gameflycdn.com:80.
HTTP request sent, awaiting response... 200 OK
Length: 404 [image/gif]
Saving to: `code/../crawls/gamefly.com/Privacy-Policy/raw/gamefly1.gameflycdn.com/img/icon/ssl.gif'

     0K                                                       100% 69.6M=0s

2013-01-05 05:10:39 (69.6 MB/s) - `code/../crawls/gamefly.com/Privacy-Policy/raw/gamefly1.gameflycdn.com/img/icon/ssl.gif' saved [404/404]

--2013-01-05 05:10:39--  http://gamefly1.gameflycdn.com/img/sidenav/about-us.gif
Reusing existing connection to gamefly1.gameflycdn.com:80.
HTTP request sent, awaiting response... 200 OK
Length: 759 [image/gif]
Saving to: `code/../crawls/gamefly.com/Privacy-Policy/raw/gamefly1.gameflycdn.com/img/sidenav/about-us.gif'

     0K                                                       100%  132M=0s

2013-01-05 05:10:39 (132 MB/s) - `code/../crawls/gamefly.com/Privacy-Policy/raw/gamefly1.gameflycdn.com/img/sidenav/about-us.gif' saved [759/759]

--2013-01-05 05:10:39--  http://gamefly1.gameflycdn.com/img/about/MDC_x5.jpg
Reusing existing connection to gamefly1.gameflycdn.com:80.
HTTP request sent, awaiting response... 200 OK
Length: 10678 (10K) [image/jpeg]
Saving to: `code/../crawls/gamefly.com/Privacy-Policy/raw/gamefly1.gameflycdn.com/img/about/MDC_x5.jpg'

     0K ..........                                            100% 16.4M=0.001s

2013-01-05 05:10:39 (16.4 MB/s) - `code/../crawls/gamefly.com/Privacy-Policy/raw/gamefly1.gameflycdn.com/img/about/MDC_x5.jpg' saved [10678/10678]

--2013-01-05 05:10:39--  http://gamefly1.gameflycdn.com/img/about/a_program.png
Reusing existing connection to gamefly1.gameflycdn.com:80.
HTTP request sent, awaiting response... 200 OK
Length: 24579 (24K) [image/png]
Saving to: `code/../crawls/gamefly.com/Privacy-Policy/raw/gamefly1.gameflycdn.com/img/about/a_program.png'

     0K .......... .......... ....                            100% 9.20M=0.003s

2013-01-05 05:10:39 (9.20 MB/s) - `code/../crawls/gamefly.com/Privacy-Policy/raw/gamefly1.gameflycdn.com/img/about/a_program.png' saved [24579/24579]

--2013-01-05 05:10:39--  http://gamefly1.gameflycdn.com/img/icon/email.gif
Reusing existing connection to gamefly1.gameflycdn.com:80.
HTTP request sent, awaiting response... 200 OK
Length: 85 [image/gif]
Saving to: `code/../crawls/gamefly.com/Privacy-Policy/raw/gamefly1.gameflycdn.com/img/icon/email.gif'

     0K                                                       100% 14.6M=0s

2013-01-05 05:10:39 (14.6 MB/s) - `code/../crawls/gamefly.com/Privacy-Policy/raw/gamefly1.gameflycdn.com/img/icon/email.gif' saved [85/85]

--2013-01-05 05:10:39--  http://gamefly1.gameflycdn.com/img/cart/icon-cart-add.gif
Reusing existing connection to gamefly1.gameflycdn.com:80.
HTTP request sent, awaiting response... 200 OK
Length: 689 [image/gif]
Saving to: `code/../crawls/gamefly.com/Privacy-Policy/raw/gamefly1.gameflycdn.com/img/cart/icon-cart-add.gif'

     0K                                                       100%  118M=0s

2013-01-05 05:10:39 (118 MB/s) - `code/../crawls/gamefly.com/Privacy-Policy/raw/gamefly1.gameflycdn.com/img/cart/icon-cart-add.gif' saved [689/689]

FINISHED --2013-01-05 05:10:39--
Total wall clock time: 0.8s
Downloaded: 79 files, 289K in 0.09s (3.10 MB/s)
Converting code/../crawls/gamefly.com/Privacy-Policy/raw/www.gamefly.com/about-us/privacy-policy.html... 19-0
Converting code/../crawls/gamefly.com/Privacy-Policy/raw/gamefly.gameflycdn.com/css/images-min.css... nothing to do.
Converting code/../crawls/gamefly.com/Privacy-Policy/raw/gamefly1.gameflycdn.com/assets/ver286/site-tools$form-fields$about-us$cart-add.css... 74-0
Converted 3 files in 0.004 seconds.
