--2012-08-17 11:22:55--  http://www.harryanddavid.com/gifts/store/view__10455_10002_custserv-security.html
Resolving www.harryanddavid.com... 23.6.194.170
Connecting to www.harryanddavid.com|23.6.194.170|:80... connected.
HTTP request sent, awaiting response... 301 Moved Permanently
Location: http://www.harryanddavid.com/h/view/custserv-security [following]
--2012-08-17 11:22:55--  http://www.harryanddavid.com/h/view/custserv-security
Reusing existing connection to www.harryanddavid.com:80.
HTTP request sent, awaiting response... 200 OK
Length: unspecified [text/html]
Saving to: `code/../crawls/harryanddavid.com/Privacy-Policy/raw/www.harryanddavid.com/gifts/store/view__10455_10002_custserv-security.html'

     0K .......... .......... .......... .......... .......... 4.32M
    50K ........                                               6.25M=0.01s

2012-08-17 11:22:55 (4.52 MB/s) - `code/../crawls/harryanddavid.com/Privacy-Policy/raw/www.harryanddavid.com/gifts/store/view__10455_10002_custserv-security.html' saved [59743]

--2012-08-17 11:22:55--  http://www.harryanddavid.com/wcsstore/dojo131/dojo/dojo.js
Reusing existing connection to www.harryanddavid.com:80.
HTTP request sent, awaiting response... 200 OK
Length: unspecified [application/x-javascript]
Saving to: `code/../crawls/harryanddavid.com/Privacy-Policy/raw/www.harryanddavid.com/wcsstore/dojo131/dojo/dojo.js'

     0K .......... .......... .......... .......... .......... 8.88M
    50K .......... .......... .........                        11.3M=0.008s

2012-08-17 11:22:55 (9.65 MB/s) - `code/../crawls/harryanddavid.com/Privacy-Policy/raw/www.harryanddavid.com/wcsstore/dojo131/dojo/dojo.js' saved [81516]

--2012-08-17 11:22:55--  http://www.harryanddavid.com/wcsstore/CommonAssets/javascript/bec/beccommon.js
Reusing existing connection to www.harryanddavid.com:80.
HTTP request sent, awaiting response... 200 OK
Length: unspecified [application/x-javascript]
Saving to: `code/../crawls/harryanddavid.com/Privacy-Policy/raw/www.harryanddavid.com/wcsstore/CommonAssets/javascript/bec/beccommon.js'

     0K .......... .......... .......... .......... .......... 11.4M
    50K .......... .......... .......... .......... .......... 10.6M
   100K .......... .......... .......... .......... .......... 10.6M
   150K .......... .......... .......... .......... .......... 10.6M
   200K .......... .......... .......... .......... .......... 11.1M
   250K .......... .......... .......... .......... .          8.46M=0.03s

2012-08-17 11:22:55 (10.4 MB/s) - `code/../crawls/harryanddavid.com/Privacy-Policy/raw/www.harryanddavid.com/wcsstore/CommonAssets/javascript/bec/beccommon.js' saved [298733]

--2012-08-17 11:22:55--  http://www.harryanddavid.com/wcsstore/CommonAssets/javascript/Common.js
Reusing existing connection to www.harryanddavid.com:80.
HTTP request sent, awaiting response... 200 OK
Length: 7573 (7.4K) [application/x-javascript]
Saving to: `code/../crawls/harryanddavid.com/Privacy-Policy/raw/www.harryanddavid.com/wcsstore/CommonAssets/javascript/Common.js'

     0K .......                                               100% 16.5M=0s

2012-08-17 11:22:55 (16.5 MB/s) - `code/../crawls/harryanddavid.com/Privacy-Policy/raw/www.harryanddavid.com/wcsstore/CommonAssets/javascript/Common.js' saved [7573/7573]

--2012-08-17 11:22:55--  http://www.harryanddavid.com/h/view/'%20+%20tm%20+%20'
Reusing existing connection to www.harryanddavid.com:80.
HTTP request sent, awaiting response... 200 OK
Length: unspecified [text/html]
Saving to: `code/../crawls/harryanddavid.com/Privacy-Policy/raw/www.harryanddavid.com/h/view/\' + tm + \'.html'

     0K .......... .......... .......... ....                  2.39M=0.01s

2012-08-17 11:22:55 (2.39 MB/s) - `code/../crawls/harryanddavid.com/Privacy-Policy/raw/www.harryanddavid.com/h/view/\' + tm + \'.html' saved [35225]

--2012-08-17 11:22:55--  http://libs.coremetrics.com/eluminate.js
Resolving libs.coremetrics.com... 184.27.214.102
Connecting to libs.coremetrics.com|184.27.214.102|:80... connected.
HTTP request sent, awaiting response... 200 OK
Length: unspecified [application/x-javascript]
Saving to: `code/../crawls/harryanddavid.com/Privacy-Policy/raw/libs.coremetrics.com/eluminate.js'

     0K .......... .......... .......... .......... .......... 4.63M
    50K .......... .......... .......... .......... .......... 10.8M
   100K .......... .......... .......... ..                    11.0M=0.02s

2012-08-17 11:22:56 (7.21 MB/s) - `code/../crawls/harryanddavid.com/Privacy-Policy/raw/libs.coremetrics.com/eluminate.js' saved [135621]

--2012-08-17 11:22:56--  http://www.harryanddavid.com/wcsstore/CommonAssets/javascript/cmcustom.js
Connecting to www.harryanddavid.com|23.6.194.170|:80... connected.
HTTP request sent, awaiting response... 200 OK
Length: 3077 (3.0K) [application/x-javascript]
Saving to: `code/../crawls/harryanddavid.com/Privacy-Policy/raw/www.harryanddavid.com/wcsstore/CommonAssets/javascript/cmcustom.js'

     0K ...                                                   100% 45.2M=0s

2012-08-17 11:22:56 (45.2 MB/s) - `code/../crawls/harryanddavid.com/Privacy-Policy/raw/www.harryanddavid.com/wcsstore/CommonAssets/javascript/cmcustom.js' saved [3077/3077]

--2012-08-17 11:22:56--  http://www.harryanddavid.com/wcsstore/CommonAssets/javascript/bec/analytics/Coremetrics/Common.js
Reusing existing connection to www.harryanddavid.com:80.
HTTP request sent, awaiting response... 200 OK
Length: 3842 (3.8K) [application/x-javascript]
Saving to: `code/../crawls/harryanddavid.com/Privacy-Policy/raw/www.harryanddavid.com/wcsstore/CommonAssets/javascript/bec/analytics/Coremetrics/Common.js'

     0K ...                                                   100%  449M=0s

2012-08-17 11:22:56 (449 MB/s) - `code/../crawls/harryanddavid.com/Privacy-Policy/raw/www.harryanddavid.com/wcsstore/CommonAssets/javascript/bec/analytics/Coremetrics/Common.js' saved [3842/3842]

--2012-08-17 11:22:56--  http://www.harryanddavid.com/content/common/scripts/jquery-bec-all.js
Reusing existing connection to www.harryanddavid.com:80.
HTTP request sent, awaiting response... 200 OK
Length: unspecified [application/x-javascript]
Saving to: `code/../crawls/harryanddavid.com/Privacy-Policy/raw/www.harryanddavid.com/content/common/scripts/jquery-bec-all.js'

     0K .......... .......... .......... .......... .......... 4.84M
    50K .......... .......... .......... .......... .......... 8.49M
   100K .......... .......... .......... .......... .......... 10.2M
   150K .......... .......... .......... .......... .......... 10.9M
   200K .......... .......... .......... .......... .......    11.3M=0.03s

2012-08-17 11:22:56 (8.28 MB/s) - `code/../crawls/harryanddavid.com/Privacy-Policy/raw/www.harryanddavid.com/content/common/scripts/jquery-bec-all.js' saved [253107]

--2012-08-17 11:22:56--  http://www.harryanddavid.com/content/common/scripts/csd.js
Reusing existing connection to www.harryanddavid.com:80.
HTTP request sent, awaiting response... 200 OK
Length: 31655 (31K) [application/x-javascript]
Saving to: `code/../crawls/harryanddavid.com/Privacy-Policy/raw/www.harryanddavid.com/content/common/scripts/csd.js'

     0K .......... .......... ..........                      100% 12.2M=0.002s

2012-08-17 11:22:56 (12.2 MB/s) - `code/../crawls/harryanddavid.com/Privacy-Policy/raw/www.harryanddavid.com/content/common/scripts/csd.js' saved [31655/31655]

--2012-08-17 11:22:56--  http://www.harryanddavid.com/content/Hand/include/js/csd.js
Reusing existing connection to www.harryanddavid.com:80.
HTTP request sent, awaiting response... 200 OK
Length: 13035 (13K) [application/x-javascript]
Saving to: `code/../crawls/harryanddavid.com/Privacy-Policy/raw/www.harryanddavid.com/content/Hand/include/js/csd.js'

     0K .......... ..                                         100% 15.1M=0.001s

2012-08-17 11:22:56 (15.1 MB/s) - `code/../crawls/harryanddavid.com/Privacy-Policy/raw/www.harryanddavid.com/content/Hand/include/js/csd.js' saved [13035/13035]

--2012-08-17 11:22:56--  http://www.harryanddavid.com/h/view/%22%20+%20window.location.protocol%20+%20%22//assets.resultspage.com/autosuggest/autosuggest.css
Reusing existing connection to www.harryanddavid.com:80.
HTTP request sent, awaiting response... 404 Not Found
2012-08-17 11:22:56 ERROR 404: Not Found.

--2012-08-17 11:22:56--  http://www.harryanddavid.com/content/Hand/images/favicon.ico
Reusing existing connection to www.harryanddavid.com:80.
HTTP request sent, awaiting response... 200 OK
Length: 318 [image/x-icon]
Saving to: `code/../crawls/harryanddavid.com/Privacy-Policy/raw/www.harryanddavid.com/content/Hand/images/favicon.ico'

     0K                                                       100% 53.0M=0s

2012-08-17 11:22:56 (53.0 MB/s) - `code/../crawls/harryanddavid.com/Privacy-Policy/raw/www.harryanddavid.com/content/Hand/images/favicon.ico' saved [318/318]

--2012-08-17 11:22:56--  http://www.harryanddavid.com/wcsstore/CommonAssets/javascript/liveperson/mtagconfig.js
Reusing existing connection to www.harryanddavid.com:80.
HTTP request sent, awaiting response... 200 OK
Length: 2637 (2.6K) [application/x-javascript]
Saving to: `code/../crawls/harryanddavid.com/Privacy-Policy/raw/www.harryanddavid.com/wcsstore/CommonAssets/javascript/liveperson/mtagconfig.js'

     0K ..                                                    100%  311M=0s

2012-08-17 11:22:56 (311 MB/s) - `code/../crawls/harryanddavid.com/Privacy-Policy/raw/www.harryanddavid.com/wcsstore/CommonAssets/javascript/liveperson/mtagconfig.js' saved [2637/2637]

--2012-08-17 11:22:56--  http://maxymiser.hs.llnwd.net/o36/harryanddavid/js/mmcore.js
Resolving maxymiser.hs.llnwd.net... 69.28.151.90, 69.28.151.91
Connecting to maxymiser.hs.llnwd.net|69.28.151.90|:80... connected.
HTTP request sent, awaiting response... 200 OK
Length: 9713 (9.5K) [application/javascript]
Saving to: `code/../crawls/harryanddavid.com/Privacy-Policy/raw/maxymiser.hs.llnwd.net/o36/harryanddavid/js/mmcore.js'

     0K .........                                             100% 3.50M=0.003s

2012-08-17 11:22:56 (3.50 MB/s) - `code/../crawls/harryanddavid.com/Privacy-Policy/raw/maxymiser.hs.llnwd.net/o36/harryanddavid/js/mmcore.js' saved [9713/9713]

--2012-08-17 11:22:56--  http://www.harryanddavid.com/content/Hand/include/styles/information.css
Connecting to www.harryanddavid.com|23.6.194.170|:80... connected.
HTTP request sent, awaiting response... 200 OK
Length: 30723 (30K) [text/css]
Saving to: `code/../crawls/harryanddavid.com/Privacy-Policy/raw/www.harryanddavid.com/content/Hand/include/styles/information.css'

     0K .......... .......... ..........                      100% 3.92M=0.007s

2012-08-17 11:22:56 (3.92 MB/s) - `code/../crawls/harryanddavid.com/Privacy-Policy/raw/www.harryanddavid.com/content/Hand/include/styles/information.css' saved [30723/30723]

--2012-08-17 11:22:56--  http://www.harryanddavid.com/content/common/images/spacer.gif
Reusing existing connection to www.harryanddavid.com:80.
HTTP request sent, awaiting response... 200 OK
Length: 43 [image/gif]
Saving to: `code/../crawls/harryanddavid.com/Privacy-Policy/raw/www.harryanddavid.com/content/common/images/spacer.gif'

     0K                                                       100% 7.66M=0s

2012-08-17 11:22:56 (7.66 MB/s) - `code/../crawls/harryanddavid.com/Privacy-Policy/raw/www.harryanddavid.com/content/common/images/spacer.gif' saved [43/43]

--2012-08-17 11:22:56--  http://www.harryanddavid.com/content/Hand/images/espots/footer/guarantee.png
Reusing existing connection to www.harryanddavid.com:80.
HTTP request sent, awaiting response... 200 OK
Length: 13665 (13K) [image/png]
Saving to: `code/../crawls/harryanddavid.com/Privacy-Policy/raw/www.harryanddavid.com/content/Hand/images/espots/footer/guarantee.png'

     0K .......... ...                                        100% 15.0M=0.001s

2012-08-17 11:22:56 (15.0 MB/s) - `code/../crawls/harryanddavid.com/Privacy-Policy/raw/www.harryanddavid.com/content/Hand/images/espots/footer/guarantee.png' saved [13665/13665]

--2012-08-17 11:22:56--  http://pixel.mathtag.com/event/img?mt_id=123864&mt_adid=103439&v1=&v2=&v3=&s1=&s2=&s3=
Resolving pixel.mathtag.com... 74.121.136.125, 74.121.136.89
Connecting to pixel.mathtag.com|74.121.136.125|:80... connected.
HTTP request sent, awaiting response... 302 Found
Location: http://pixel.mathtag.com/event/img?mt_id=123864&mt_adid=103439&v1=&v2=&v3=&s1=&s2=&s3=&mm_bnc [following]
--2012-08-17 11:22:56--  http://pixel.mathtag.com/event/img?mt_id=123864&mt_adid=103439&v1=&v2=&v3=&s1=&s2=&s3=&mm_bnc
Reusing existing connection to pixel.mathtag.com:80.
HTTP request sent, awaiting response... 302 Found
Location: http://cm.g.doubleclick.net/pixel?google_nid=mediamath&google_cm&google_hm=NTAyZThjMDAtNjc0YS1iYmM3LWEyZjYtOTE2YTkxZWU5MWU2 [following]
--2012-08-17 11:22:56--  http://cm.g.doubleclick.net/pixel?google_nid=mediamath&google_cm&google_hm=NTAyZThjMDAtNjc0YS1iYmM3LWEyZjYtOTE2YTkxZWU5MWU2
Resolving cm.g.doubleclick.net... 74.125.226.218, 74.125.226.205, 74.125.226.217
Connecting to cm.g.doubleclick.net|74.125.226.218|:80... connected.
HTTP request sent, awaiting response... 302 Found
Location: http://sync.mathtag.com/sync/img?mt_exid=4&mt_ec=64ws&mt_exuid=&google_error=0 [following]
--2012-08-17 11:22:56--  http://sync.mathtag.com/sync/img?mt_exid=4&mt_ec=64ws&mt_exuid=&google_error=0
Resolving sync.mathtag.com... 74.121.136.89, 74.121.136.125
Connecting to sync.mathtag.com|74.121.136.89|:80... connected.
HTTP request sent, awaiting response... 200 OK
Length: 43 [image/gif]
Saving to: `code/../crawls/harryanddavid.com/Privacy-Policy/raw/pixel.mathtag.com/event/img?mt_id=123864&mt_adid=103439&v1=&v2=&v3=&s1=&s2=&s3='

     0K                                                       100% 6.78M=0s

2012-08-17 11:22:56 (6.78 MB/s) - `code/../crawls/harryanddavid.com/Privacy-Policy/raw/pixel.mathtag.com/event/img?mt_id=123864&mt_adid=103439&v1=&v2=&v3=&s1=&s2=&s3=' saved [43/43]

--2012-08-17 11:22:56--  http://www.googleadservices.com/pagead/conversion/1070374927/?label=vSZKCJPJoAIQj8Cy_gM&guid=ON&script=0
Resolving www.googleadservices.com... 74.125.226.217, 74.125.226.218, 74.125.226.205
Connecting to www.googleadservices.com|74.125.226.217|:80... connected.
HTTP request sent, awaiting response... 302 Found
Location: http://googleads.g.doubleclick.net/pagead/viewthroughconversion/1070374927/?label=vSZKCJPJoAIQj8Cy_gM&guid=ON&script=0&ctc_id=CAIVAgAAAB0CAAAA&ct_cookie_present=false [following]
--2012-08-17 11:22:56--  http://googleads.g.doubleclick.net/pagead/viewthroughconversion/1070374927/?label=vSZKCJPJoAIQj8Cy_gM&guid=ON&script=0&ctc_id=CAIVAgAAAB0CAAAA&ct_cookie_present=false
Resolving googleads.g.doubleclick.net... 74.125.226.205, 74.125.226.217, 74.125.226.218
Reusing existing connection to www.googleadservices.com:80.
HTTP request sent, awaiting response... 200 OK
Length: 42 [image/gif]
Saving to: `code/../crawls/harryanddavid.com/Privacy-Policy/raw/www.googleadservices.com/pagead/conversion/1070374927/index.html?label=vSZKCJPJoAIQj8Cy_gM&guid=ON&script=0'

     0K                                                       100% 6.89M=0s

2012-08-17 11:22:56 (6.89 MB/s) - `code/../crawls/harryanddavid.com/Privacy-Policy/raw/www.googleadservices.com/pagead/conversion/1070374927/index.html?label=vSZKCJPJoAIQj8Cy_gM&guid=ON&script=0' saved [42/42]

--2012-08-17 11:22:56--  http://www.harryanddavid.com/content/common/include/styles/information.css
Connecting to www.harryanddavid.com|23.6.194.170|:80... connected.
HTTP request sent, awaiting response... 200 OK
Length: unspecified [text/css]
Saving to: `code/../crawls/harryanddavid.com/Privacy-Policy/raw/www.harryanddavid.com/content/common/include/styles/information.css'

     0K .......... .......... .......... .......... .......... 2.68M
    50K .......... .......... .......... .......... .......... 10.2M
   100K ..                                                     18.6M=0.02s

2012-08-17 11:22:56 (4.33 MB/s) - `code/../crawls/harryanddavid.com/Privacy-Policy/raw/www.harryanddavid.com/content/common/include/styles/information.css' saved [105142]

--2012-08-17 11:22:56--  http://www.harryanddavid.com/content/Hand/images/sprites/global.png
Reusing existing connection to www.harryanddavid.com:80.
HTTP request sent, awaiting response... 200 OK
Length: 1327 (1.3K) [image/png]
Saving to: `code/../crawls/harryanddavid.com/Privacy-Policy/raw/www.harryanddavid.com/content/Hand/images/sprites/global.png'

     0K .                                                     100%  193M=0s

2012-08-17 11:22:56 (193 MB/s) - `code/../crawls/harryanddavid.com/Privacy-Policy/raw/www.harryanddavid.com/content/Hand/images/sprites/global.png' saved [1327/1327]

--2012-08-17 11:22:56--  http://www.harryanddavid.com/content/Hand/images/sprites/controls.png
Reusing existing connection to www.harryanddavid.com:80.
HTTP request sent, awaiting response... 200 OK
Length: 9325 (9.1K) [image/png]
Saving to: `code/../crawls/harryanddavid.com/Privacy-Policy/raw/www.harryanddavid.com/content/Hand/images/sprites/controls.png'

     0K .........                                             100% 18.6M=0s

2012-08-17 11:22:56 (18.6 MB/s) - `code/../crawls/harryanddavid.com/Privacy-Policy/raw/www.harryanddavid.com/content/Hand/images/sprites/controls.png' saved [9325/9325]

--2012-08-17 11:22:56--  http://www.harryanddavid.com/content/Hand/images/sprites/dropdown.png
Reusing existing connection to www.harryanddavid.com:80.
HTTP request sent, awaiting response... 200 OK
Length: 8806 (8.6K) [image/png]
Saving to: `code/../crawls/harryanddavid.com/Privacy-Policy/raw/www.harryanddavid.com/content/Hand/images/sprites/dropdown.png'

     0K ........                                              100% 15.0M=0.001s

2012-08-17 11:22:56 (15.0 MB/s) - `code/../crawls/harryanddavid.com/Privacy-Policy/raw/www.harryanddavid.com/content/Hand/images/sprites/dropdown.png' saved [8806/8806]

--2012-08-17 11:22:56--  http://www.harryanddavid.com/content/Hand/images/sprites/dropdown.gif
Reusing existing connection to www.harryanddavid.com:80.
HTTP request sent, awaiting response... 200 OK
Length: 18183 (18K) [image/gif]
Saving to: `code/../crawls/harryanddavid.com/Privacy-Policy/raw/www.harryanddavid.com/content/Hand/images/sprites/dropdown.gif'

     0K .......... .......                                    100% 9.26M=0.002s

2012-08-17 11:22:56 (9.26 MB/s) - `code/../crawls/harryanddavid.com/Privacy-Policy/raw/www.harryanddavid.com/content/Hand/images/sprites/dropdown.gif' saved [18183/18183]

--2012-08-17 11:22:56--  http://www.harryanddavid.com/content/Hand/images/sprites/checkout.png
Reusing existing connection to www.harryanddavid.com:80.
HTTP request sent, awaiting response... 200 OK
Length: 93199 (91K) [image/png]
Saving to: `code/../crawls/harryanddavid.com/Privacy-Policy/raw/www.harryanddavid.com/content/Hand/images/sprites/checkout.png'

     0K .......... .......... .......... .......... .......... 54% 11.4M 0s
    50K .......... .......... .......... .......... .         100% 11.2M=0.008s

2012-08-17 11:22:56 (11.3 MB/s) - `code/../crawls/harryanddavid.com/Privacy-Policy/raw/www.harryanddavid.com/content/Hand/images/sprites/checkout.png' saved [93199/93199]

--2012-08-17 11:22:56--  http://www.harryanddavid.com/content/Hand/images/backgrounds/container.png
Reusing existing connection to www.harryanddavid.com:80.
HTTP request sent, awaiting response... 200 OK
Length: 226 [image/png]
Saving to: `code/../crawls/harryanddavid.com/Privacy-Policy/raw/www.harryanddavid.com/content/Hand/images/backgrounds/container.png'

     0K                                                       100% 37.3M=0s

2012-08-17 11:22:56 (37.3 MB/s) - `code/../crawls/harryanddavid.com/Privacy-Policy/raw/www.harryanddavid.com/content/Hand/images/backgrounds/container.png' saved [226/226]

--2012-08-17 11:22:56--  http://www.harryanddavid.com/content/Hand/images/header/logo.png
Reusing existing connection to www.harryanddavid.com:80.
HTTP request sent, awaiting response... 200 OK
Length: 2858 (2.8K) [image/png]
Saving to: `code/../crawls/harryanddavid.com/Privacy-Policy/raw/www.harryanddavid.com/content/Hand/images/header/logo.png'

     0K ..                                                    100%  193M=0s

2012-08-17 11:22:56 (193 MB/s) - `code/../crawls/harryanddavid.com/Privacy-Policy/raw/www.harryanddavid.com/content/Hand/images/header/logo.png' saved [2858/2858]

--2012-08-17 11:22:56--  http://www.harryanddavid.com/content/Hand/images/header/arrow.png
Reusing existing connection to www.harryanddavid.com:80.
HTTP request sent, awaiting response... 200 OK
Length: 987 [image/png]
Saving to: `code/../crawls/harryanddavid.com/Privacy-Policy/raw/www.harryanddavid.com/content/Hand/images/header/arrow.png'

     0K                                                       100%  176M=0s

2012-08-17 11:22:56 (176 MB/s) - `code/../crawls/harryanddavid.com/Privacy-Policy/raw/www.harryanddavid.com/content/Hand/images/header/arrow.png' saved [987/987]

--2012-08-17 11:22:56--  http://www.harryanddavid.com/content/Hand/include/styles/ui-theme/jquery-ui-1.7.custom.css
Reusing existing connection to www.harryanddavid.com:80.
HTTP request sent, awaiting response... 200 OK
Length: 27707 (27K) [text/css]
Saving to: `code/../crawls/harryanddavid.com/Privacy-Policy/raw/www.harryanddavid.com/content/Hand/include/styles/ui-theme/jquery-ui-1.7.custom.css'

     0K .......... .......... .......                         100% 12.5M=0.002s

2012-08-17 11:22:56 (12.5 MB/s) - `code/../crawls/harryanddavid.com/Privacy-Policy/raw/www.harryanddavid.com/content/Hand/include/styles/ui-theme/jquery-ui-1.7.custom.css' saved [27707/27707]

FINISHED --2012-08-17 11:22:56--
Total wall clock time: 1.6s
Downloaded: 29 files, 1.2M in 0.2s (7.44 MB/s)
Converting code/../crawls/harryanddavid.com/Privacy-Policy/raw/www.harryanddavid.com/h/view/' + tm + '.html... 24-8
Converting code/../crawls/harryanddavid.com/Privacy-Policy/raw/www.harryanddavid.com/gifts/store/view__10455_10002_custserv-security.html... 45-62
Converting code/../crawls/harryanddavid.com/Privacy-Policy/raw/www.harryanddavid.com/content/Hand/include/styles/information.css... 11-0
Converting code/../crawls/harryanddavid.com/Privacy-Policy/raw/www.harryanddavid.com/content/common/include/styles/information.css... 1-53
Converting code/../crawls/harryanddavid.com/Privacy-Policy/raw/www.harryanddavid.com/content/Hand/include/styles/ui-theme/jquery-ui-1.7.custom.css... 0-17
Converted 5 files in 0.01 seconds.
