--2012-04-26 14:05:49--  http://www.bravotv.com/privacy-policy
Resolving www.bravotv.com... 206.160.170.17, 206.160.170.56
Connecting to www.bravotv.com|206.160.170.17|:80... connected.
HTTP request sent, awaiting response... 200 OK
Length: unspecified [text/html]
Saving to: `code/../crawls/bravotv.com/Privacy-Policy/raw/www.bravotv.com/privacy-policy.html'

     0K .......... .......... .......... ...                   6.07M=0.005s

2012-04-26 14:05:54 (6.07 MB/s) - `code/../crawls/bravotv.com/Privacy-Policy/raw/www.bravotv.com/privacy-policy.html' saved [33888]

The name is too long, 489 chars total.
Trying to shorten...
New name is customPageStyles.php?graphicTitle=&railGraphic=&featuredBg=&featuredBg2=&showHero=0&headerTitle=&collectionImg=&hideCollectionT.
The name is too long, 489 chars total.
Trying to shorten...
New name is customPageStyles.php?graphicTitle=&railGraphic=&featuredBg=&featuredBg2=&showHero=0&headerTitle=&collectionImg=&hideCollectionT.
--2012-04-26 14:05:54--  http://www.bravotv.com/sites/all/themes/bravotv_v3/assets/css/bravo/customPageStyles.php?graphicTitle=&railGraphic=&featuredBg=&featuredBg2=&showHero=0&headerTitle=&collectionImg=&hideCollectionText=no&sectionColor=&sectionColorAlt=&defaultHeaderImg=0&hideStripes=show&videofeatureGraphic=0&bioblockGraphic=0&hasSwfHeader=0&custom_header=themes/garland/assets/img/bg-landing-header.jpg&custom_footer=themes/garland/assets/img/bg-landing-footer.jpg&custom_bravo_logo=themes/garland/assets/img/logo-bravo.png&custom_polls_shows_plate=0
Reusing existing connection to www.bravotv.com:80.
HTTP request sent, awaiting response... 200 OK
Length: 5495 (5.4K) [text/css]
Saving to: `code/../crawls/bravotv.com/Privacy-Policy/raw/www.bravotv.com/sites/all/themes/bravotv_v3/assets/css/bravo/customPageStyles.php?graphicTitle=&railGraphic=&featuredBg=&featuredBg2=&showHero=0&headerTitle=&collectionImg=&hideCollectionT.css'

     0K .....                                                 100%  366M=0s

2012-04-26 14:05:54 (366 MB/s) - `code/../crawls/bravotv.com/Privacy-Policy/raw/www.bravotv.com/sites/all/themes/bravotv_v3/assets/css/bravo/customPageStyles.php?graphicTitle=&railGraphic=&featuredBg=&featuredBg2=&showHero=0&headerTitle=&collectionImg=&hideCollectionT.css' saved [5495/5495]

--2012-04-26 14:05:54--  http://www.bravotv.com/misc/favicon.ico
Reusing existing connection to www.bravotv.com:80.
HTTP request sent, awaiting response... 200 OK
Length: 5430 (5.3K) [text/plain]
Saving to: `code/../crawls/bravotv.com/Privacy-Policy/raw/www.bravotv.com/misc/favicon.ico'

     0K .....                                                 100% 20.6M=0s

2012-04-26 14:05:54 (20.6 MB/s) - `code/../crawls/bravotv.com/Privacy-Policy/raw/www.bravotv.com/misc/favicon.ico' saved [5430/5430]

--2012-04-26 14:05:54--  http://www.bravotv.com/sites/all/modules/contrib/fivestar/css/fivestar.css?0
Reusing existing connection to www.bravotv.com:80.
HTTP request sent, awaiting response... 200 OK
Length: 2145 (2.1K) [text/css]
Saving to: `code/../crawls/bravotv.com/Privacy-Policy/raw/www.bravotv.com/sites/all/modules/contrib/fivestar/css/fivestar.css?0.css'

     0K ..                                                    100%  281M=0s

2012-04-26 14:05:54 (281 MB/s) - `code/../crawls/bravotv.com/Privacy-Policy/raw/www.bravotv.com/sites/all/modules/contrib/fivestar/css/fivestar.css?0.css' saved [2145/2145]

--2012-04-26 14:05:54--  http://www.bravotv.com/modules/node/node.css?0
Reusing existing connection to www.bravotv.com:80.
HTTP request sent, awaiting response... 200 OK
Length: 683 [text/css]
Saving to: `code/../crawls/bravotv.com/Privacy-Policy/raw/www.bravotv.com/modules/node/node.css?0.css'

     0K                                                       100%  115M=0s

2012-04-26 14:05:54 (115 MB/s) - `code/../crawls/bravotv.com/Privacy-Policy/raw/www.bravotv.com/modules/node/node.css?0.css' saved [683/683]

--2012-04-26 14:05:54--  http://www.bravotv.com/modules/poll/poll.css?0
Reusing existing connection to www.bravotv.com:80.
HTTP request sent, awaiting response... 200 OK
Length: 614 [text/css]
Saving to: `code/../crawls/bravotv.com/Privacy-Policy/raw/www.bravotv.com/modules/poll/poll.css?0.css'

     0K                                                       100%  101M=0s

2012-04-26 14:05:54 (101 MB/s) - `code/../crawls/bravotv.com/Privacy-Policy/raw/www.bravotv.com/modules/poll/poll.css?0.css' saved [614/614]

--2012-04-26 14:05:54--  http://www.bravotv.com/modules/system/defaults.css?0
Reusing existing connection to www.bravotv.com:80.
HTTP request sent, awaiting response... 200 OK
Length: 695 [text/css]
Saving to: `code/../crawls/bravotv.com/Privacy-Policy/raw/www.bravotv.com/modules/system/defaults.css?0.css'

     0K                                                       100%  114M=0s

2012-04-26 14:05:54 (114 MB/s) - `code/../crawls/bravotv.com/Privacy-Policy/raw/www.bravotv.com/modules/system/defaults.css?0.css' saved [695/695]

--2012-04-26 14:05:54--  http://www.bravotv.com/modules/system/system.css?0
Reusing existing connection to www.bravotv.com:80.
HTTP request sent, awaiting response... 200 OK
Length: 9961 (9.7K) [text/css]
Saving to: `code/../crawls/bravotv.com/Privacy-Policy/raw/www.bravotv.com/modules/system/system.css?0.css'

     0K .........                                             100% 14.0M=0.001s

2012-04-26 14:05:54 (14.0 MB/s) - `code/../crawls/bravotv.com/Privacy-Policy/raw/www.bravotv.com/modules/system/system.css?0.css' saved [9961/9961]

--2012-04-26 14:05:54--  http://www.bravotv.com/modules/system/system-menus.css?0
Reusing existing connection to www.bravotv.com:80.
HTTP request sent, awaiting response... 200 OK
Length: 870 [text/css]
Saving to: `code/../crawls/bravotv.com/Privacy-Policy/raw/www.bravotv.com/modules/system/system-menus.css?0.css'

     0K                                                       100%  144M=0s

2012-04-26 14:05:54 (144 MB/s) - `code/../crawls/bravotv.com/Privacy-Policy/raw/www.bravotv.com/modules/system/system-menus.css?0.css' saved [870/870]

--2012-04-26 14:05:54--  http://www.bravotv.com/modules/user/user.css?0
Reusing existing connection to www.bravotv.com:80.
HTTP request sent, awaiting response... 200 OK
Length: 1067 (1.0K) [text/css]
Saving to: `code/../crawls/bravotv.com/Privacy-Policy/raw/www.bravotv.com/modules/user/user.css?0.css'

     0K .                                                     100%  174M=0s

2012-04-26 14:05:54 (174 MB/s) - `code/../crawls/bravotv.com/Privacy-Policy/raw/www.bravotv.com/modules/user/user.css?0.css' saved [1067/1067]

--2012-04-26 14:05:54--  http://www.bravotv.com/sites/all/modules/contrib/cck/theme/content-module.css?0
Reusing existing connection to www.bravotv.com:80.
HTTP request sent, awaiting response... 200 OK
Length: 2397 (2.3K) [text/css]
Saving to: `code/../crawls/bravotv.com/Privacy-Policy/raw/www.bravotv.com/sites/all/modules/contrib/cck/theme/content-module.css?0.css'

     0K ..                                                    100%  166M=0s

2012-04-26 14:05:54 (166 MB/s) - `code/../crawls/bravotv.com/Privacy-Policy/raw/www.bravotv.com/sites/all/modules/contrib/cck/theme/content-module.css?0.css' saved [2397/2397]

--2012-04-26 14:05:54--  http://www.bravotv.com/sites/all/modules/contrib/date/date.css?0
Reusing existing connection to www.bravotv.com:80.
HTTP request sent, awaiting response... 200 OK
Length: 3804 (3.7K) [text/css]
Saving to: `code/../crawls/bravotv.com/Privacy-Policy/raw/www.bravotv.com/sites/all/modules/contrib/date/date.css?0.css'

     0K ...                                                   100% 41.9M=0s

2012-04-26 14:05:54 (41.9 MB/s) - `code/../crawls/bravotv.com/Privacy-Policy/raw/www.bravotv.com/sites/all/modules/contrib/date/date.css?0.css' saved [3804/3804]

--2012-04-26 14:05:54--  http://www.bravotv.com/sites/all/modules/contrib/date/date_popup/themes/datepicker.css?0
Reusing existing connection to www.bravotv.com:80.
HTTP request sent, awaiting response... 200 OK
Length: 3711 (3.6K) [text/css]
Saving to: `code/../crawls/bravotv.com/Privacy-Policy/raw/www.bravotv.com/sites/all/modules/contrib/date/date_popup/themes/datepicker.css?0.css'

     0K ...                                                   100%  290M=0s

2012-04-26 14:05:54 (290 MB/s) - `code/../crawls/bravotv.com/Privacy-Policy/raw/www.bravotv.com/sites/all/modules/contrib/date/date_popup/themes/datepicker.css?0.css' saved [3711/3711]

--2012-04-26 14:05:54--  http://www.bravotv.com/sites/all/modules/contrib/date/date_popup/themes/timeentry.css?0
Reusing existing connection to www.bravotv.com:80.
HTTP request sent, awaiting response... 200 OK
Length: 509 [text/css]
Saving to: `code/../crawls/bravotv.com/Privacy-Policy/raw/www.bravotv.com/sites/all/modules/contrib/date/date_popup/themes/timeentry.css?0.css'

     0K                                                       100% 83.1M=0s

2012-04-26 14:05:54 (83.1 MB/s) - `code/../crawls/bravotv.com/Privacy-Policy/raw/www.bravotv.com/sites/all/modules/contrib/date/date_popup/themes/timeentry.css?0.css' saved [509/509]

--2012-04-26 14:05:54--  http://www.bravotv.com/sites/all/modules/contrib/filefield/filefield.css?0
Reusing existing connection to www.bravotv.com:80.
HTTP request sent, awaiting response... 200 OK
Length: 1236 (1.2K) [text/css]
Saving to: `code/../crawls/bravotv.com/Privacy-Policy/raw/www.bravotv.com/sites/all/modules/contrib/filefield/filefield.css?0.css'

     0K .                                                     100%  175M=0s

2012-04-26 14:05:54 (175 MB/s) - `code/../crawls/bravotv.com/Privacy-Policy/raw/www.bravotv.com/sites/all/modules/contrib/filefield/filefield.css?0.css' saved [1236/1236]

--2012-04-26 14:05:54--  http://www.bravotv.com/sites/all/modules/contrib/logintoboggan/logintoboggan.css?0
Reusing existing connection to www.bravotv.com:80.
HTTP request sent, awaiting response... 200 OK
Length: 321 [text/css]
Saving to: `code/../crawls/bravotv.com/Privacy-Policy/raw/www.bravotv.com/sites/all/modules/contrib/logintoboggan/logintoboggan.css?0.css'

     0K                                                       100% 50.6M=0s

2012-04-26 14:05:54 (50.6 MB/s) - `code/../crawls/bravotv.com/Privacy-Policy/raw/www.bravotv.com/sites/all/modules/contrib/logintoboggan/logintoboggan.css?0.css' saved [321/321]

--2012-04-26 14:05:54--  http://www.bravotv.com/sites/all/modules/contrib/node_gallery/node_gallery.css?0
Reusing existing connection to www.bravotv.com:80.
HTTP request sent, awaiting response... 200 OK
Length: 3192 (3.1K) [text/css]
Saving to: `code/../crawls/bravotv.com/Privacy-Policy/raw/www.bravotv.com/sites/all/modules/contrib/node_gallery/node_gallery.css?0.css'

     0K ...                                                   100%  142M=0s

2012-04-26 14:05:54 (142 MB/s) - `code/../crawls/bravotv.com/Privacy-Policy/raw/www.bravotv.com/sites/all/modules/contrib/node_gallery/node_gallery.css?0.css' saved [3192/3192]

--2012-04-26 14:05:54--  http://www.bravotv.com/sites/all/modules/contrib/cck/modules/fieldgroup/fieldgroup.css?0
Reusing existing connection to www.bravotv.com:80.
HTTP request sent, awaiting response... 200 OK
Length: 166 [text/css]
Saving to: `code/../crawls/bravotv.com/Privacy-Policy/raw/www.bravotv.com/sites/all/modules/contrib/cck/modules/fieldgroup/fieldgroup.css?0.css'

     0K                                                       100% 26.7M=0s

2012-04-26 14:05:54 (26.7 MB/s) - `code/../crawls/bravotv.com/Privacy-Policy/raw/www.bravotv.com/sites/all/modules/contrib/cck/modules/fieldgroup/fieldgroup.css?0.css' saved [166/166]

--2012-04-26 14:05:54--  http://www.bravotv.com/sites/all/modules/contrib/views/css/views.css?0
Reusing existing connection to www.bravotv.com:80.
HTTP request sent, awaiting response... 200 OK
Length: 1767 (1.7K) [text/css]
Saving to: `code/../crawls/bravotv.com/Privacy-Policy/raw/www.bravotv.com/sites/all/modules/contrib/views/css/views.css?0.css'

     0K .                                                     100%  229M=0s

2012-04-26 14:05:54 (229 MB/s) - `code/../crawls/bravotv.com/Privacy-Policy/raw/www.bravotv.com/sites/all/modules/contrib/views/css/views.css?0.css' saved [1767/1767]

--2012-04-26 14:05:54--  http://www.bravotv.com/sites/all/modules/custom/bravo_takeover/css/thickbox-std.css?0
Reusing existing connection to www.bravotv.com:80.
HTTP request sent, awaiting response... 200 OK
Length: 4505 (4.4K) [text/css]
Saving to: `code/../crawls/bravotv.com/Privacy-Policy/raw/www.bravotv.com/sites/all/modules/custom/bravo_takeover/css/thickbox-std.css?0.css'

     0K ....                                                  100% 55.3M=0s

2012-04-26 14:05:54 (55.3 MB/s) - `code/../crawls/bravotv.com/Privacy-Policy/raw/www.bravotv.com/sites/all/modules/custom/bravo_takeover/css/thickbox-std.css?0.css' saved [4505/4505]

--2012-04-26 14:05:54--  http://www.bravotv.com/themes/garland/style.css?0
Reusing existing connection to www.bravotv.com:80.
HTTP request sent, awaiting response... 200 OK
Length: 18781 (18K) [text/css]
Saving to: `code/../crawls/bravotv.com/Privacy-Policy/raw/www.bravotv.com/themes/garland/style.css?0.css'

     0K .......... ........                                   100% 13.7M=0.001s

2012-04-26 14:05:54 (13.7 MB/s) - `code/../crawls/bravotv.com/Privacy-Policy/raw/www.bravotv.com/themes/garland/style.css?0.css' saved [18781/18781]

--2012-04-26 14:05:54--  http://www.bravotv.com/themes/garland/print.css?0
Reusing existing connection to www.bravotv.com:80.
HTTP request sent, awaiting response... 200 OK
Length: 1189 (1.2K) [text/css]
Saving to: `code/../crawls/bravotv.com/Privacy-Policy/raw/www.bravotv.com/themes/garland/print.css?0.css'

     0K .                                                     100%  173M=0s

2012-04-26 14:05:54 (173 MB/s) - `code/../crawls/bravotv.com/Privacy-Policy/raw/www.bravotv.com/themes/garland/print.css?0.css' saved [1189/1189]

--2012-04-26 14:05:54--  http://www.bravotv.com/sites/all/modules/contrib/jquery_update/replace/jquery.min.js?0
Reusing existing connection to www.bravotv.com:80.
HTTP request sent, awaiting response... 200 OK
Length: unspecified [application/x-javascript]
Saving to: `code/../crawls/bravotv.com/Privacy-Policy/raw/www.bravotv.com/sites/all/modules/contrib/jquery_update/replace/jquery.min.js?0'

     0K .......... .......... .......... .......... .......... 10.1M
    50K .....                                                  15.4M=0.005s

2012-04-26 14:05:54 (10.5 MB/s) - `code/../crawls/bravotv.com/Privacy-Policy/raw/www.bravotv.com/sites/all/modules/contrib/jquery_update/replace/jquery.min.js?0' saved [57254]

--2012-04-26 14:05:54--  http://www.bravotv.com/misc/drupal.js?0
Reusing existing connection to www.bravotv.com:80.
HTTP request sent, awaiting response... 200 OK
Length: 9441 (9.2K) [application/x-javascript]
Saving to: `code/../crawls/bravotv.com/Privacy-Policy/raw/www.bravotv.com/misc/drupal.js?0'

     0K .........                                             100% 16.0M=0.001s

2012-04-26 14:05:54 (16.0 MB/s) - `code/../crawls/bravotv.com/Privacy-Policy/raw/www.bravotv.com/misc/drupal.js?0' saved [9441/9441]

--2012-04-26 14:05:54--  http://www.bravotv.com/sites/all/modules/contrib/fivestar/js/fivestar.js?0
Reusing existing connection to www.bravotv.com:80.
HTTP request sent, awaiting response... 200 OK
Length: 16336 (16K) [application/x-javascript]
Saving to: `code/../crawls/bravotv.com/Privacy-Policy/raw/www.bravotv.com/sites/all/modules/contrib/fivestar/js/fivestar.js?0'

     0K .......... .....                                      100% 14.3M=0.001s

2012-04-26 14:05:55 (14.3 MB/s) - `code/../crawls/bravotv.com/Privacy-Policy/raw/www.bravotv.com/sites/all/modules/contrib/fivestar/js/fivestar.js?0' saved [16336/16336]

--2012-04-26 14:05:55--  http://www.bravotv.com/sites/all/modules/custom/bravo_helper/js/login-link.js?0
Reusing existing connection to www.bravotv.com:80.
HTTP request sent, awaiting response... 200 OK
Length: 1702 (1.7K) [application/x-javascript]
Saving to: `code/../crawls/bravotv.com/Privacy-Policy/raw/www.bravotv.com/sites/all/modules/custom/bravo_helper/js/login-link.js?0'

     0K .                                                     100%  232M=0s

2012-04-26 14:05:55 (232 MB/s) - `code/../crawls/bravotv.com/Privacy-Policy/raw/www.bravotv.com/sites/all/modules/custom/bravo_helper/js/login-link.js?0' saved [1702/1702]

--2012-04-26 14:05:55--  http://www.bravotv.com/sites/all/modules/custom/bravo_takeover/js/thickbox-std.js?0
Reusing existing connection to www.bravotv.com:80.
HTTP request sent, awaiting response... 200 OK
Length: 13771 (13K) [application/x-javascript]
Saving to: `code/../crawls/bravotv.com/Privacy-Policy/raw/www.bravotv.com/sites/all/modules/custom/bravo_takeover/js/thickbox-std.js?0'

     0K .......... ...                                        100% 15.3M=0.001s

2012-04-26 14:05:55 (15.3 MB/s) - `code/../crawls/bravotv.com/Privacy-Policy/raw/www.bravotv.com/sites/all/modules/custom/bravo_takeover/js/thickbox-std.js?0' saved [13771/13771]

--2012-04-26 14:05:55--  http://www.bravotv.com/themes/garland/logo.png
Reusing existing connection to www.bravotv.com:80.
HTTP request sent, awaiting response... 200 OK
Length: 4355 (4.3K) [image/png]
Saving to: `code/../crawls/bravotv.com/Privacy-Policy/raw/www.bravotv.com/themes/garland/logo.png'

     0K ....                                                  100% 21.8M=0s

2012-04-26 14:05:55 (21.8 MB/s) - `code/../crawls/bravotv.com/Privacy-Policy/raw/www.bravotv.com/themes/garland/logo.png' saved [4355/4355]

--2012-04-26 14:05:55--  http://adsyndication.msn.com/delivery/getads.js
Resolving adsyndication.msn.com... 65.55.227.188
Connecting to adsyndication.msn.com|65.55.227.188|:80... connected.
HTTP request sent, awaiting response... 200 OK
Length: 8421 (8.2K) [application/x-javascript]
Saving to: `code/../crawls/bravotv.com/Privacy-Policy/raw/adsyndication.msn.com/delivery/getads.js'

     0K ........                                              100%  113K=0.07s

2012-04-26 14:05:55 (113 KB/s) - `code/../crawls/bravotv.com/Privacy-Policy/raw/adsyndication.msn.com/delivery/getads.js' saved [8421/8421]

--2012-04-26 14:05:55--  http://www.bravotv.com/media/background-images/default.png
Connecting to www.bravotv.com|206.160.170.17|:80... connected.
HTTP request sent, awaiting response... 200 OK
Length: 40203 (39K) [image/png]
Saving to: `code/../crawls/bravotv.com/Privacy-Policy/raw/www.bravotv.com/media/background-images/default.png'

     0K .......... .......... .......... .........            100% 5.04M=0.008s

2012-04-26 14:05:55 (5.04 MB/s) - `code/../crawls/bravotv.com/Privacy-Policy/raw/www.bravotv.com/media/background-images/default.png' saved [40203/40203]

--2012-04-26 14:05:55--  http://www.bravotv.com/themes/garland/assets/img/bg-landing-header.jpg
Reusing existing connection to www.bravotv.com:80.
HTTP request sent, awaiting response... 404 Not Found
2012-04-26 14:05:56 ERROR 404: Not Found.

--2012-04-26 14:05:56--  http://www.bravotv.com/themes/garland/assets/img/bg-landing-footer.jpg
Connecting to www.bravotv.com|206.160.170.17|:80... connected.
HTTP request sent, awaiting response... 404 Not Found
2012-04-26 14:05:57 ERROR 404: Not Found.

--2012-04-26 14:05:57--  http://www.bravotv.com/themes/garland/assets/img/logo-bravo.png
Connecting to www.bravotv.com|206.160.170.17|:80... connected.
HTTP request sent, awaiting response... 404 Not Found
2012-04-26 14:05:58 ERROR 404: Not Found.

--2012-04-26 14:05:58--  http://www.bravotv.com/sites/all/themes/bravotv_v3/assets/img/bravo_mod_hero_bg.jpg
Connecting to www.bravotv.com|206.160.170.17|:80... connected.
HTTP request sent, awaiting response... 200 OK
Length: 7712 (7.5K) [image/jpeg]
Saving to: `code/../crawls/bravotv.com/Privacy-Policy/raw/www.bravotv.com/sites/all/themes/bravotv_v3/assets/img/bravo_mod_hero_bg.jpg'

     0K .......                                               100% 3.34M=0.002s

2012-04-26 14:05:58 (3.34 MB/s) - `code/../crawls/bravotv.com/Privacy-Policy/raw/www.bravotv.com/sites/all/themes/bravotv_v3/assets/img/bravo_mod_hero_bg.jpg' saved [7712/7712]

--2012-04-26 14:05:58--  http://www.bravotv.com/media/background-images/bgImgHero_default.png
Reusing existing connection to www.bravotv.com:80.
HTTP request sent, awaiting response... 200 OK
Length: 21214 (21K) [image/png]
Saving to: `code/../crawls/bravotv.com/Privacy-Policy/raw/www.bravotv.com/media/background-images/bgImgHero_default.png'

     0K .......... ..........                                 100%  303K=0.07s

2012-04-26 14:05:58 (303 KB/s) - `code/../crawls/bravotv.com/Privacy-Policy/raw/www.bravotv.com/media/background-images/bgImgHero_default.png' saved [21214/21214]

--2012-04-26 14:05:58--  http://www.bravotv.com/sites/all/modules/contrib/fivestar/widgets/default/star.gif
Reusing existing connection to www.bravotv.com:80.
HTTP request sent, awaiting response... 200 OK
Length: 434 [image/gif]
Saving to: `code/../crawls/bravotv.com/Privacy-Policy/raw/www.bravotv.com/sites/all/modules/contrib/fivestar/widgets/default/star.gif'

     0K                                                       100% 74.1M=0s

2012-04-26 14:05:58 (74.1 MB/s) - `code/../crawls/bravotv.com/Privacy-Policy/raw/www.bravotv.com/sites/all/modules/contrib/fivestar/widgets/default/star.gif' saved [434/434]

--2012-04-26 14:05:58--  http://www.bravotv.com/sites/all/modules/contrib/fivestar/widgets/default/delete.gif
Reusing existing connection to www.bravotv.com:80.
HTTP request sent, awaiting response... 200 OK
Length: 379 [image/gif]
Saving to: `code/../crawls/bravotv.com/Privacy-Policy/raw/www.bravotv.com/sites/all/modules/contrib/fivestar/widgets/default/delete.gif'

     0K                                                       100% 68.7M=0s

2012-04-26 14:05:58 (68.7 MB/s) - `code/../crawls/bravotv.com/Privacy-Policy/raw/www.bravotv.com/sites/all/modules/contrib/fivestar/widgets/default/delete.gif' saved [379/379]

--2012-04-26 14:05:58--  http://www.bravotv.com/misc/tree.png
Reusing existing connection to www.bravotv.com:80.
HTTP request sent, awaiting response... 200 OK
Length: 979 [image/png]
Saving to: `code/../crawls/bravotv.com/Privacy-Policy/raw/www.bravotv.com/misc/tree.png'

     0K                                                       100%  167M=0s

2012-04-26 14:05:58 (167 MB/s) - `code/../crawls/bravotv.com/Privacy-Policy/raw/www.bravotv.com/misc/tree.png' saved [979/979]

--2012-04-26 14:05:58--  http://www.bravotv.com/misc/tree-bottom.png
Reusing existing connection to www.bravotv.com:80.
HTTP request sent, awaiting response... 200 OK
Length: 976 [image/png]
Saving to: `code/../crawls/bravotv.com/Privacy-Policy/raw/www.bravotv.com/misc/tree-bottom.png'

     0K                                                       100%  158M=0s

2012-04-26 14:05:58 (158 MB/s) - `code/../crawls/bravotv.com/Privacy-Policy/raw/www.bravotv.com/misc/tree-bottom.png' saved [976/976]

--2012-04-26 14:05:58--  http://www.bravotv.com/misc/throbber.gif
Reusing existing connection to www.bravotv.com:80.
HTTP request sent, awaiting response... 200 OK
Length: 1336 (1.3K) [image/gif]
Saving to: `code/../crawls/bravotv.com/Privacy-Policy/raw/www.bravotv.com/misc/throbber.gif'

     0K .                                                     100%  189M=0s

2012-04-26 14:05:59 (189 MB/s) - `code/../crawls/bravotv.com/Privacy-Policy/raw/www.bravotv.com/misc/throbber.gif' saved [1336/1336]

--2012-04-26 14:05:59--  http://www.bravotv.com/misc/menu-expanded.png
Reusing existing connection to www.bravotv.com:80.
HTTP request sent, awaiting response... 200 OK
Length: 106 [image/png]
Saving to: `code/../crawls/bravotv.com/Privacy-Policy/raw/www.bravotv.com/misc/menu-expanded.png'

     0K                                                       100% 19.7M=0s

2012-04-26 14:05:59 (19.7 MB/s) - `code/../crawls/bravotv.com/Privacy-Policy/raw/www.bravotv.com/misc/menu-expanded.png' saved [106/106]

--2012-04-26 14:05:59--  http://www.bravotv.com/misc/menu-collapsed.png
Reusing existing connection to www.bravotv.com:80.
HTTP request sent, awaiting response... 200 OK
Length: 108 [image/png]
Saving to: `code/../crawls/bravotv.com/Privacy-Policy/raw/www.bravotv.com/misc/menu-collapsed.png'

     0K                                                       100% 18.9M=0s

2012-04-26 14:05:59 (18.9 MB/s) - `code/../crawls/bravotv.com/Privacy-Policy/raw/www.bravotv.com/misc/menu-collapsed.png' saved [108/108]

--2012-04-26 14:05:59--  http://www.bravotv.com/misc/grippie.png
Reusing existing connection to www.bravotv.com:80.
HTTP request sent, awaiting response... 200 OK
Length: 162 [image/png]
Saving to: `code/../crawls/bravotv.com/Privacy-Policy/raw/www.bravotv.com/misc/grippie.png'

     0K                                                       100% 29.9M=0s

2012-04-26 14:05:59 (29.9 MB/s) - `code/../crawls/bravotv.com/Privacy-Policy/raw/www.bravotv.com/misc/grippie.png' saved [162/162]

--2012-04-26 14:05:59--  http://www.bravotv.com/misc/draggable.png
Reusing existing connection to www.bravotv.com:80.
HTTP request sent, awaiting response... 200 OK
Length: 349 [image/png]
Saving to: `code/../crawls/bravotv.com/Privacy-Policy/raw/www.bravotv.com/misc/draggable.png'

     0K                                                       100% 61.0M=0s

2012-04-26 14:05:59 (61.0 MB/s) - `code/../crawls/bravotv.com/Privacy-Policy/raw/www.bravotv.com/misc/draggable.png' saved [349/349]

--2012-04-26 14:05:59--  http://www.bravotv.com/misc/progress.gif
Reusing existing connection to www.bravotv.com:80.
HTTP request sent, awaiting response... 200 OK
Length: 790 [image/gif]
Saving to: `code/../crawls/bravotv.com/Privacy-Policy/raw/www.bravotv.com/misc/progress.gif'

     0K                                                       100%  127M=0s

2012-04-26 14:06:00 (127 MB/s) - `code/../crawls/bravotv.com/Privacy-Policy/raw/www.bravotv.com/misc/progress.gif' saved [790/790]

--2012-04-26 14:06:00--  http://www.bravotv.com/misc/menu-leaf.png
Reusing existing connection to www.bravotv.com:80.
HTTP request sent, awaiting response... 200 OK
Length: 194 [image/png]
Saving to: `code/../crawls/bravotv.com/Privacy-Policy/raw/www.bravotv.com/misc/menu-leaf.png'

     0K                                                       100% 36.0M=0s

2012-04-26 14:06:00 (36.0 MB/s) - `code/../crawls/bravotv.com/Privacy-Policy/raw/www.bravotv.com/misc/menu-leaf.png' saved [194/194]

--2012-04-26 14:06:00--  http://www.bravotv.com/sites/all/modules/contrib/date/date_popup/themes/images/e6e6e6_40x100_textures_02_glass_75.png
Reusing existing connection to www.bravotv.com:80.
HTTP request sent, awaiting response... 200 OK
Length: 211 [image/png]
Saving to: `code/../crawls/bravotv.com/Privacy-Policy/raw/www.bravotv.com/sites/all/modules/contrib/date/date_popup/themes/images/e6e6e6_40x100_textures_02_glass_75.png'

     0K                                                       100% 36.7M=0s

2012-04-26 14:06:00 (36.7 MB/s) - `code/../crawls/bravotv.com/Privacy-Policy/raw/www.bravotv.com/sites/all/modules/contrib/date/date_popup/themes/images/e6e6e6_40x100_textures_02_glass_75.png' saved [211/211]

--2012-04-26 14:06:00--  http://www.bravotv.com/sites/all/modules/contrib/date/date_popup/themes/images/dadada_40x100_textures_02_glass_75.png
Reusing existing connection to www.bravotv.com:80.
HTTP request sent, awaiting response... 200 OK
Length: 214 [image/png]
Saving to: `code/../crawls/bravotv.com/Privacy-Policy/raw/www.bravotv.com/sites/all/modules/contrib/date/date_popup/themes/images/dadada_40x100_textures_02_glass_75.png'

     0K                                                       100% 38.1M=0s

2012-04-26 14:06:00 (38.1 MB/s) - `code/../crawls/bravotv.com/Privacy-Policy/raw/www.bravotv.com/sites/all/modules/contrib/date/date_popup/themes/images/dadada_40x100_textures_02_glass_75.png' saved [214/214]

--2012-04-26 14:06:00--  http://www.bravotv.com/sites/all/modules/contrib/date/date_popup/themes/images/888888_7x7_arrow_left.gif
Reusing existing connection to www.bravotv.com:80.
HTTP request sent, awaiting response... 200 OK
Length: 53 [image/gif]
Saving to: `code/../crawls/bravotv.com/Privacy-Policy/raw/www.bravotv.com/sites/all/modules/contrib/date/date_popup/themes/images/888888_7x7_arrow_left.gif'

     0K                                                       100% 9.30M=0s

2012-04-26 14:06:00 (9.30 MB/s) - `code/../crawls/bravotv.com/Privacy-Policy/raw/www.bravotv.com/sites/all/modules/contrib/date/date_popup/themes/images/888888_7x7_arrow_left.gif' saved [53/53]

--2012-04-26 14:06:00--  http://www.bravotv.com/sites/all/modules/contrib/date/date_popup/themes/images/888888_7x7_arrow_right.gif
Reusing existing connection to www.bravotv.com:80.
HTTP request sent, awaiting response... 200 OK
Length: 53 [image/gif]
Saving to: `code/../crawls/bravotv.com/Privacy-Policy/raw/www.bravotv.com/sites/all/modules/contrib/date/date_popup/themes/images/888888_7x7_arrow_right.gif'

     0K                                                       100% 9.11M=0s

2012-04-26 14:06:00 (9.11 MB/s) - `code/../crawls/bravotv.com/Privacy-Policy/raw/www.bravotv.com/sites/all/modules/contrib/date/date_popup/themes/images/888888_7x7_arrow_right.gif' saved [53/53]

--2012-04-26 14:06:00--  http://www.bravotv.com/sites/all/modules/contrib/date/date_popup/themes/images/454545_7x7_arrow_left.gif
Reusing existing connection to www.bravotv.com:80.
HTTP request sent, awaiting response... 200 OK
Length: 53 [image/gif]
Saving to: `code/../crawls/bravotv.com/Privacy-Policy/raw/www.bravotv.com/sites/all/modules/contrib/date/date_popup/themes/images/454545_7x7_arrow_left.gif'

     0K                                                       100% 9.42M=0s

2012-04-26 14:06:00 (9.42 MB/s) - `code/../crawls/bravotv.com/Privacy-Policy/raw/www.bravotv.com/sites/all/modules/contrib/date/date_popup/themes/images/454545_7x7_arrow_left.gif' saved [53/53]

--2012-04-26 14:06:00--  http://www.bravotv.com/sites/all/modules/contrib/date/date_popup/themes/images/454545_7x7_arrow_right.gif
Reusing existing connection to www.bravotv.com:80.
HTTP request sent, awaiting response... 200 OK
Length: 53 [image/gif]
Saving to: `code/../crawls/bravotv.com/Privacy-Policy/raw/www.bravotv.com/sites/all/modules/contrib/date/date_popup/themes/images/454545_7x7_arrow_right.gif'

     0K                                                       100% 9.57M=0s

2012-04-26 14:06:00 (9.57 MB/s) - `code/../crawls/bravotv.com/Privacy-Policy/raw/www.bravotv.com/sites/all/modules/contrib/date/date_popup/themes/images/454545_7x7_arrow_right.gif' saved [53/53]

--2012-04-26 14:06:00--  http://www.bravotv.com/sites/all/modules/contrib/date/date_popup/themes/images/222222_7x7_arrow_left.gif
Reusing existing connection to www.bravotv.com:80.
HTTP request sent, awaiting response... 200 OK
Length: 53 [image/gif]
Saving to: `code/../crawls/bravotv.com/Privacy-Policy/raw/www.bravotv.com/sites/all/modules/contrib/date/date_popup/themes/images/222222_7x7_arrow_left.gif'

     0K                                                       100% 8.69M=0s

2012-04-26 14:06:00 (8.69 MB/s) - `code/../crawls/bravotv.com/Privacy-Policy/raw/www.bravotv.com/sites/all/modules/contrib/date/date_popup/themes/images/222222_7x7_arrow_left.gif' saved [53/53]

--2012-04-26 14:06:00--  http://www.bravotv.com/sites/all/modules/contrib/date/date_popup/themes/images/222222_7x7_arrow_right.gif
Reusing existing connection to www.bravotv.com:80.
HTTP request sent, awaiting response... 200 OK
Length: 53 [image/gif]
Saving to: `code/../crawls/bravotv.com/Privacy-Policy/raw/www.bravotv.com/sites/all/modules/contrib/date/date_popup/themes/images/222222_7x7_arrow_right.gif'

     0K                                                       100% 9.33M=0s

2012-04-26 14:06:00 (9.33 MB/s) - `code/../crawls/bravotv.com/Privacy-Policy/raw/www.bravotv.com/sites/all/modules/contrib/date/date_popup/themes/images/222222_7x7_arrow_right.gif' saved [53/53]

--2012-04-26 14:06:00--  http://www.bravotv.com/sites/all/modules/contrib/date/date_popup/themes/images/ffffff_40x100_textures_02_glass_65.png
Reusing existing connection to www.bravotv.com:80.
HTTP request sent, awaiting response... 200 OK
Length: 207 [image/png]
Saving to: `code/../crawls/bravotv.com/Privacy-Policy/raw/www.bravotv.com/sites/all/modules/contrib/date/date_popup/themes/images/ffffff_40x100_textures_02_glass_65.png'

     0K                                                       100% 36.7M=0s

2012-04-26 14:06:01 (36.7 MB/s) - `code/../crawls/bravotv.com/Privacy-Policy/raw/www.bravotv.com/sites/all/modules/contrib/date/date_popup/themes/images/ffffff_40x100_textures_02_glass_65.png' saved [207/207]

--2012-04-26 14:06:01--  http://www.bravotv.com/sites/all/modules/contrib/views/images/status-active.gif
Reusing existing connection to www.bravotv.com:80.
HTTP request sent, awaiting response... 200 OK
Length: 2196 (2.1K) [image/gif]
Saving to: `code/../crawls/bravotv.com/Privacy-Policy/raw/www.bravotv.com/sites/all/modules/contrib/views/images/status-active.gif'

     0K ..                                                    100%  181M=0s

2012-04-26 14:06:01 (181 MB/s) - `code/../crawls/bravotv.com/Privacy-Policy/raw/www.bravotv.com/sites/all/modules/contrib/views/images/status-active.gif' saved [2196/2196]

--2012-04-26 14:06:01--  http://www.bravotv.com/sites/all/modules/custom/bravo_takeover/img/macFFBgHack.png
Reusing existing connection to www.bravotv.com:80.
HTTP request sent, awaiting response... 200 OK
Length: 207 [image/png]
Saving to: `code/../crawls/bravotv.com/Privacy-Policy/raw/www.bravotv.com/sites/all/modules/custom/bravo_takeover/img/macFFBgHack.png'

     0K                                                       100% 33.8M=0s

2012-04-26 14:06:01 (33.8 MB/s) - `code/../crawls/bravotv.com/Privacy-Policy/raw/www.bravotv.com/sites/all/modules/custom/bravo_takeover/img/macFFBgHack.png' saved [207/207]

--2012-04-26 14:06:01--  http://www.bravotv.com/sites/all/modules/custom/bravo_takeover/img/takeover-close.jpg
Reusing existing connection to www.bravotv.com:80.
HTTP request sent, awaiting response... 200 OK
Length: 1098 (1.1K) [image/jpeg]
Saving to: `code/../crawls/bravotv.com/Privacy-Policy/raw/www.bravotv.com/sites/all/modules/custom/bravo_takeover/img/takeover-close.jpg'

     0K .                                                     100%  188M=0s

2012-04-26 14:06:01 (188 MB/s) - `code/../crawls/bravotv.com/Privacy-Policy/raw/www.bravotv.com/sites/all/modules/custom/bravo_takeover/img/takeover-close.jpg' saved [1098/1098]

--2012-04-26 14:06:01--  http://www.bravotv.com/themes/garland/images/menu-leaf.gif
Reusing existing connection to www.bravotv.com:80.
HTTP request sent, awaiting response... 200 OK
Length: 175 [image/gif]
Saving to: `code/../crawls/bravotv.com/Privacy-Policy/raw/www.bravotv.com/themes/garland/images/menu-leaf.gif'

     0K                                                       100% 29.1M=0s

2012-04-26 14:06:01 (29.1 MB/s) - `code/../crawls/bravotv.com/Privacy-Policy/raw/www.bravotv.com/themes/garland/images/menu-leaf.gif' saved [175/175]

--2012-04-26 14:06:01--  http://www.bravotv.com/themes/garland/images/menu-expanded.gif
Reusing existing connection to www.bravotv.com:80.
HTTP request sent, awaiting response... 200 OK
Length: 183 [image/gif]
Saving to: `code/../crawls/bravotv.com/Privacy-Policy/raw/www.bravotv.com/themes/garland/images/menu-expanded.gif'

     0K                                                       100% 31.6M=0s

2012-04-26 14:06:01 (31.6 MB/s) - `code/../crawls/bravotv.com/Privacy-Policy/raw/www.bravotv.com/themes/garland/images/menu-expanded.gif' saved [183/183]

--2012-04-26 14:06:01--  http://www.bravotv.com/themes/garland/images/menu-collapsed.gif
Reusing existing connection to www.bravotv.com:80.
HTTP request sent, awaiting response... 200 OK
Length: 176 [image/gif]
Saving to: `code/../crawls/bravotv.com/Privacy-Policy/raw/www.bravotv.com/themes/garland/images/menu-collapsed.gif'

     0K                                                       100% 29.2M=0s

2012-04-26 14:06:01 (29.2 MB/s) - `code/../crawls/bravotv.com/Privacy-Policy/raw/www.bravotv.com/themes/garland/images/menu-collapsed.gif' saved [176/176]

--2012-04-26 14:06:01--  http://www.bravotv.com/themes/garland/images/task-list.png
Reusing existing connection to www.bravotv.com:80.
HTTP request sent, awaiting response... 200 OK
Length: 128 [image/png]
Saving to: `code/../crawls/bravotv.com/Privacy-Policy/raw/www.bravotv.com/themes/garland/images/task-list.png'

     0K                                                       100% 22.7M=0s

2012-04-26 14:06:02 (22.7 MB/s) - `code/../crawls/bravotv.com/Privacy-Policy/raw/www.bravotv.com/themes/garland/images/task-list.png' saved [128/128]

--2012-04-26 14:06:02--  http://www.bravotv.com/misc/watchdog-ok.png
Reusing existing connection to www.bravotv.com:80.
HTTP request sent, awaiting response... 200 OK
Length: 3217 (3.1K) [image/png]
Saving to: `code/../crawls/bravotv.com/Privacy-Policy/raw/www.bravotv.com/misc/watchdog-ok.png'

     0K ...                                                   100% 38.7M=0s

2012-04-26 14:06:02 (38.7 MB/s) - `code/../crawls/bravotv.com/Privacy-Policy/raw/www.bravotv.com/misc/watchdog-ok.png' saved [3217/3217]

--2012-04-26 14:06:02--  http://www.bravotv.com/themes/garland/images/bg-navigation.png
Reusing existing connection to www.bravotv.com:80.
HTTP request sent, awaiting response... 200 OK
Length: 104 [image/png]
Saving to: `code/../crawls/bravotv.com/Privacy-Policy/raw/www.bravotv.com/themes/garland/images/bg-navigation.png'

     0K                                                       100% 18.7M=0s

2012-04-26 14:06:02 (18.7 MB/s) - `code/../crawls/bravotv.com/Privacy-Policy/raw/www.bravotv.com/themes/garland/images/bg-navigation.png' saved [104/104]

--2012-04-26 14:06:02--  http://www.bravotv.com/themes/garland/images/body.png
Reusing existing connection to www.bravotv.com:80.
HTTP request sent, awaiting response... 200 OK
Length: 712 [image/png]
Saving to: `code/../crawls/bravotv.com/Privacy-Policy/raw/www.bravotv.com/themes/garland/images/body.png'

     0K                                                       100%  104M=0s

2012-04-26 14:06:02 (104 MB/s) - `code/../crawls/bravotv.com/Privacy-Policy/raw/www.bravotv.com/themes/garland/images/body.png' saved [712/712]

--2012-04-26 14:06:02--  http://www.bravotv.com/themes/garland/images/bg-content.png
Reusing existing connection to www.bravotv.com:80.
HTTP request sent, awaiting response... 200 OK
Length: 485 [image/png]
Saving to: `code/../crawls/bravotv.com/Privacy-Policy/raw/www.bravotv.com/themes/garland/images/bg-content.png'

     0K                                                       100% 81.5M=0s

2012-04-26 14:06:02 (81.5 MB/s) - `code/../crawls/bravotv.com/Privacy-Policy/raw/www.bravotv.com/themes/garland/images/bg-content.png' saved [485/485]

--2012-04-26 14:06:02--  http://www.bravotv.com/themes/garland/images/bg-content-right.png
Reusing existing connection to www.bravotv.com:80.
HTTP request sent, awaiting response... 200 OK
Length: 3169 (3.1K) [image/png]
Saving to: `code/../crawls/bravotv.com/Privacy-Policy/raw/www.bravotv.com/themes/garland/images/bg-content-right.png'

     0K ...                                                   100% 59.3M=0s

2012-04-26 14:06:02 (59.3 MB/s) - `code/../crawls/bravotv.com/Privacy-Policy/raw/www.bravotv.com/themes/garland/images/bg-content-right.png' saved [3169/3169]

--2012-04-26 14:06:02--  http://www.bravotv.com/themes/garland/images/bg-content-left.png
Reusing existing connection to www.bravotv.com:80.
HTTP request sent, awaiting response... 200 OK
Length: 3275 (3.2K) [image/png]
Saving to: `code/../crawls/bravotv.com/Privacy-Policy/raw/www.bravotv.com/themes/garland/images/bg-content-left.png'

     0K ...                                                   100% 37.2M=0s

2012-04-26 14:06:03 (37.2 MB/s) - `code/../crawls/bravotv.com/Privacy-Policy/raw/www.bravotv.com/themes/garland/images/bg-content-left.png' saved [3275/3275]

--2012-04-26 14:06:03--  http://www.bravotv.com/themes/garland/images/bg-navigation-item.png
Reusing existing connection to www.bravotv.com:80.
HTTP request sent, awaiting response... 200 OK
Length: 502 [image/png]
Saving to: `code/../crawls/bravotv.com/Privacy-Policy/raw/www.bravotv.com/themes/garland/images/bg-navigation-item.png'

     0K                                                       100% 84.0M=0s

2012-04-26 14:06:03 (84.0 MB/s) - `code/../crawls/bravotv.com/Privacy-Policy/raw/www.bravotv.com/themes/garland/images/bg-navigation-item.png' saved [502/502]

--2012-04-26 14:06:03--  http://www.bravotv.com/themes/garland/images/bg-navigation-item-hover.png
Reusing existing connection to www.bravotv.com:80.
HTTP request sent, awaiting response... 200 OK
Length: 441 [image/png]
Saving to: `code/../crawls/bravotv.com/Privacy-Policy/raw/www.bravotv.com/themes/garland/images/bg-navigation-item-hover.png'

     0K                                                       100% 78.4M=0s

2012-04-26 14:06:03 (78.4 MB/s) - `code/../crawls/bravotv.com/Privacy-Policy/raw/www.bravotv.com/themes/garland/images/bg-navigation-item-hover.png' saved [441/441]

--2012-04-26 14:06:03--  http://www.bravotv.com/themes/garland/images/bg-tab.png
Reusing existing connection to www.bravotv.com:80.
HTTP request sent, awaiting response... 200 OK
Length: 115 [image/png]
Saving to: `code/../crawls/bravotv.com/Privacy-Policy/raw/www.bravotv.com/themes/garland/images/bg-tab.png'

     0K                                                       100% 20.8M=0s

2012-04-26 14:06:03 (20.8 MB/s) - `code/../crawls/bravotv.com/Privacy-Policy/raw/www.bravotv.com/themes/garland/images/bg-tab.png' saved [115/115]

--2012-04-26 14:06:03--  http://www.bravotv.com/themes/garland/images/gradient-inner.png
Reusing existing connection to www.bravotv.com:80.
HTTP request sent, awaiting response... 200 OK
Length: 189 [image/png]
Saving to: `code/../crawls/bravotv.com/Privacy-Policy/raw/www.bravotv.com/themes/garland/images/gradient-inner.png'

     0K                                                       100% 33.7M=0s

2012-04-26 14:06:03 (33.7 MB/s) - `code/../crawls/bravotv.com/Privacy-Policy/raw/www.bravotv.com/themes/garland/images/gradient-inner.png' saved [189/189]

--2012-04-26 14:06:03--  http://www.bravotv.com/themes/garland/images/bg-bar-white.png
Reusing existing connection to www.bravotv.com:80.
HTTP request sent, awaiting response... 200 OK
Length: 110 [image/png]
Saving to: `code/../crawls/bravotv.com/Privacy-Policy/raw/www.bravotv.com/themes/garland/images/bg-bar-white.png'

     0K                                                       100% 17.1M=0s

2012-04-26 14:06:04 (17.1 MB/s) - `code/../crawls/bravotv.com/Privacy-Policy/raw/www.bravotv.com/themes/garland/images/bg-bar-white.png' saved [110/110]

--2012-04-26 14:06:04--  http://www.bravotv.com/themes/garland/images/bg-bar.png
Reusing existing connection to www.bravotv.com:80.
HTTP request sent, awaiting response... 200 OK
Length: 125 [image/png]
Saving to: `code/../crawls/bravotv.com/Privacy-Policy/raw/www.bravotv.com/themes/garland/images/bg-bar.png'

     0K                                                       100% 20.0M=0s

2012-04-26 14:06:04 (20.0 MB/s) - `code/../crawls/bravotv.com/Privacy-Policy/raw/www.bravotv.com/themes/garland/images/bg-bar.png' saved [125/125]

FINISHED --2012-04-26 14:06:04--
Total wall clock time: 14s
Downloaded: 71 files, 299K in 0.2s (1.75 MB/s)
Converting code/../crawls/bravotv.com/Privacy-Policy/raw/www.bravotv.com/privacy-policy.html... 48-57
Converting code/../crawls/bravotv.com/Privacy-Policy/raw/www.bravotv.com/themes/garland/print.css?0.css... nothing to do.
Converting code/../crawls/bravotv.com/Privacy-Policy/raw/www.bravotv.com/modules/poll/poll.css?0.css... nothing to do.
Converting code/../crawls/bravotv.com/Privacy-Policy/raw/www.bravotv.com/modules/system/system.css?0.css... 10-0
Converting code/../crawls/bravotv.com/Privacy-Policy/raw/www.bravotv.com/sites/all/modules/custom/bravo_takeover/css/thickbox-std.css?0.css... 2-0
Converting code/../crawls/bravotv.com/Privacy-Policy/raw/www.bravotv.com/sites/all/modules/contrib/date/date_popup/themes/timeentry.css?0.css... nothing to do.
Converting code/../crawls/bravotv.com/Privacy-Policy/raw/www.bravotv.com/sites/all/modules/contrib/node_gallery/node_gallery.css?0.css... nothing to do.
Converting code/../crawls/bravotv.com/Privacy-Policy/raw/www.bravotv.com/sites/all/modules/contrib/cck/modules/fieldgroup/fieldgroup.css?0.css... nothing to do.
Converting code/../crawls/bravotv.com/Privacy-Policy/raw/www.bravotv.com/sites/all/modules/contrib/filefield/filefield.css?0.css... nothing to do.
Converting code/../crawls/bravotv.com/Privacy-Policy/raw/www.bravotv.com/modules/node/node.css?0.css... nothing to do.
Converting code/../crawls/bravotv.com/Privacy-Policy/raw/www.bravotv.com/sites/all/modules/contrib/fivestar/css/fivestar.css?0.css... 5-0
Converting code/../crawls/bravotv.com/Privacy-Policy/raw/www.bravotv.com/modules/user/user.css?0.css... nothing to do.
Converting code/../crawls/bravotv.com/Privacy-Policy/raw/www.bravotv.com/modules/system/defaults.css?0.css... nothing to do.
Converting code/../crawls/bravotv.com/Privacy-Policy/raw/www.bravotv.com/sites/all/modules/contrib/cck/theme/content-module.css?0.css... nothing to do.
Converting code/../crawls/bravotv.com/Privacy-Policy/raw/www.bravotv.com/sites/all/modules/contrib/date/date.css?0.css... nothing to do.
Converting code/../crawls/bravotv.com/Privacy-Policy/raw/www.bravotv.com/themes/garland/style.css?0.css... 21-0
Converting code/../crawls/bravotv.com/Privacy-Policy/raw/www.bravotv.com/modules/system/system-menus.css?0.css... 3-0
Converting code/../crawls/bravotv.com/Privacy-Policy/raw/www.bravotv.com/sites/all/themes/bravotv_v3/assets/css/bravo/customPageStyles.php?graphicTitle=&railGraphic=&featuredBg=&featuredBg2=&showHero=0&headerTitle=&collectionImg=&hideCollectionT.css... 5-3
Converting code/../crawls/bravotv.com/Privacy-Policy/raw/www.bravotv.com/sites/all/modules/contrib/date/date_popup/themes/datepicker.css?0.css... 11-0
Converting code/../crawls/bravotv.com/Privacy-Policy/raw/www.bravotv.com/sites/all/modules/contrib/logintoboggan/logintoboggan.css?0.css... nothing to do.
Converting code/../crawls/bravotv.com/Privacy-Policy/raw/www.bravotv.com/sites/all/modules/contrib/views/css/views.css?0.css... 1-0
Converted 21 files in 0.006 seconds.
