--2013-01-12 05:19:00--  http://kidshealth.org/parent/kh_misc/policy.html
Resolving kidshealth.org... 69.7.225.164, 69.7.225.168
Connecting to kidshealth.org|69.7.225.164|:80... connected.
HTTP request sent, awaiting response... 200 OK
Length: 30945 (30K) [text/html]
Saving to: `code/../crawls/kidshealth.org/Privacy-Policy/raw/kidshealth.org/parent/kh_misc/policy.html'

     0K .......... .......... ..........                      100%  135K=0.2s

2013-01-12 05:19:01 (135 KB/s) - `code/../crawls/kidshealth.org/Privacy-Policy/raw/kidshealth.org/parent/kh_misc/policy.html' saved [30945/30945]

--2013-01-12 05:19:01--  http://kidshealth.org/misc/javascript/mobDesk.js
Reusing existing connection to kidshealth.org:80.
HTTP request sent, awaiting response... 200 OK
Length: 6679 (6.5K) [application/x-javascript]
Saving to: `code/../crawls/kidshealth.org/Privacy-Policy/raw/kidshealth.org/misc/javascript/mobDesk.js'

     0K ......                                                100% 6.35M=0.001s

2013-01-12 05:19:01 (6.35 MB/s) - `code/../crawls/kidshealth.org/Privacy-Policy/raw/kidshealth.org/misc/javascript/mobDesk.js' saved [6679/6679]

--2013-01-12 05:19:01--  http://kidshealth.org/css/khcontent_style.css
Reusing existing connection to kidshealth.org:80.
HTTP request sent, awaiting response... 200 OK
Length: 43669 (43K) [text/css]
Saving to: `code/../crawls/kidshealth.org/Privacy-Policy/raw/kidshealth.org/css/khcontent_style.css'

     0K .......... .......... .......... .......... ..        100%  548K=0.08s

2013-01-12 05:19:01 (548 KB/s) - `code/../crawls/kidshealth.org/Privacy-Policy/raw/kidshealth.org/css/khcontent_style.css' saved [43669/43669]

--2013-01-12 05:19:01--  http://kidshealth.org/licensees/standard_licensee/css/moreResourcesStyles.css
Reusing existing connection to kidshealth.org:80.
HTTP request sent, awaiting response... 200 OK
Length: 9277 (9.1K) [text/css]
Saving to: `code/../crawls/kidshealth.org/Privacy-Policy/raw/kidshealth.org/licensees/standard_licensee/css/moreResourcesStyles.css'

     0K .........                                             100% 19.1M=0s

2013-01-12 05:19:01 (19.1 MB/s) - `code/../crawls/kidshealth.org/Privacy-Policy/raw/kidshealth.org/licensees/standard_licensee/css/moreResourcesStyles.css' saved [9277/9277]

--2013-01-12 05:19:01--  http://kidshealth.org/licensees/licensee1/css/reset.css
Reusing existing connection to kidshealth.org:80.
HTTP request sent, awaiting response... 200 OK
Length: 875 [text/css]
Saving to: `code/../crawls/kidshealth.org/Privacy-Policy/raw/kidshealth.org/licensees/licensee1/css/reset.css'

     0K                                                       100%  145M=0s

2013-01-12 05:19:01 (145 MB/s) - `code/../crawls/kidshealth.org/Privacy-Policy/raw/kidshealth.org/licensees/licensee1/css/reset.css' saved [875/875]

--2013-01-12 05:19:01--  http://kidshealth.org/css/wellnessCenterMain.css
Reusing existing connection to kidshealth.org:80.
HTTP request sent, awaiting response... 200 OK
Length: 3367 (3.3K) [text/css]
Saving to: `code/../crawls/kidshealth.org/Privacy-Policy/raw/kidshealth.org/css/wellnessCenterMain.css'

     0K ...                                                   100% 48.9M=0s

2013-01-12 05:19:01 (48.9 MB/s) - `code/../crawls/kidshealth.org/Privacy-Policy/raw/kidshealth.org/css/wellnessCenterMain.css' saved [3367/3367]

--2013-01-12 05:19:01--  http://kidshealth.org/css/khcontent_printstyle.css
Reusing existing connection to kidshealth.org:80.
HTTP request sent, awaiting response... 200 OK
Length: 15989 (16K) [text/css]
Saving to: `code/../crawls/kidshealth.org/Privacy-Policy/raw/kidshealth.org/css/khcontent_printstyle.css'

     0K .......... .....                                      100% 9.44M=0.002s

2013-01-12 05:19:01 (9.44 MB/s) - `code/../crawls/kidshealth.org/Privacy-Policy/raw/kidshealth.org/css/khcontent_printstyle.css' saved [15989/15989]

--2013-01-12 05:19:01--  http://kidshealth.org/licensees/standard_licensee/js/functions.js
Reusing existing connection to kidshealth.org:80.
HTTP request sent, awaiting response... 200 OK
Length: 10467 (10K) [application/x-javascript]
Saving to: `code/../crawls/kidshealth.org/Privacy-Policy/raw/kidshealth.org/licensees/standard_licensee/js/functions.js'

     0K ..........                                            100% 13.3M=0.001s

2013-01-12 05:19:01 (13.3 MB/s) - `code/../crawls/kidshealth.org/Privacy-Policy/raw/kidshealth.org/licensees/standard_licensee/js/functions.js' saved [10467/10467]

--2013-01-12 05:19:01--  http://kidshealth.org/misc/javascript/khCommon.js
Reusing existing connection to kidshealth.org:80.
HTTP request sent, awaiting response... 200 OK
Length: 12490 (12K) [application/x-javascript]
Saving to: `code/../crawls/kidshealth.org/Privacy-Policy/raw/kidshealth.org/misc/javascript/khCommon.js'

     0K .......... ..                                         100% 10.7M=0.001s

2013-01-12 05:19:02 (10.7 MB/s) - `code/../crawls/kidshealth.org/Privacy-Policy/raw/kidshealth.org/misc/javascript/khCommon.js' saved [12490/12490]

--2013-01-12 05:19:02--  http://kidshealth.org/misc/movie/flashobject.js
Reusing existing connection to kidshealth.org:80.
HTTP request sent, awaiting response... 200 OK
Length: 10448 (10K) [application/x-javascript]
Saving to: `code/../crawls/kidshealth.org/Privacy-Policy/raw/kidshealth.org/misc/movie/flashobject.js'

     0K ..........                                            100% 17.9M=0.001s

2013-01-12 05:19:02 (17.9 MB/s) - `code/../crawls/kidshealth.org/Privacy-Policy/raw/kidshealth.org/misc/movie/flashobject.js' saved [10448/10448]

--2013-01-12 05:19:02--  http://kidshealth.org/licensees/standard_licensee/js/moreResourcesJS.js
Reusing existing connection to kidshealth.org:80.
HTTP request sent, awaiting response... 200 OK
Length: 4949 (4.8K) [application/x-javascript]
Saving to: `code/../crawls/kidshealth.org/Privacy-Policy/raw/kidshealth.org/licensees/standard_licensee/js/moreResourcesJS.js'

     0K ....                                                  100% 6.10M=0.001s

2013-01-12 05:19:02 (6.10 MB/s) - `code/../crawls/kidshealth.org/Privacy-Policy/raw/kidshealth.org/licensees/standard_licensee/js/moreResourcesJS.js' saved [4949/4949]

--2013-01-12 05:19:02--  http://kidshealth.org/licensees/standard_licensee/js/pageNavigate.js
Reusing existing connection to kidshealth.org:80.
HTTP request sent, awaiting response... 200 OK
Length: 1888 (1.8K) [application/x-javascript]
Saving to: `code/../crawls/kidshealth.org/Privacy-Policy/raw/kidshealth.org/licensees/standard_licensee/js/pageNavigate.js'

     0K .                                                     100%  247M=0s

2013-01-12 05:19:02 (247 MB/s) - `code/../crawls/kidshealth.org/Privacy-Policy/raw/kidshealth.org/licensees/standard_licensee/js/pageNavigate.js' saved [1888/1888]

--2013-01-12 05:19:02--  http://kidshealth.org/licensees/standard_licensee/js/common_functions_mothership.js
Reusing existing connection to kidshealth.org:80.
HTTP request sent, awaiting response... 200 OK
Length: 12200 (12K) [application/x-javascript]
Saving to: `code/../crawls/kidshealth.org/Privacy-Policy/raw/kidshealth.org/licensees/standard_licensee/js/common_functions_mothership.js'

     0K .......... .                                          100% 10.7M=0.001s

2013-01-12 05:19:02 (10.7 MB/s) - `code/../crawls/kidshealth.org/Privacy-Policy/raw/kidshealth.org/licensees/standard_licensee/js/common_functions_mothership.js' saved [12200/12200]

--2013-01-12 05:19:02--  http://kidshealth.org/licensees/licensee1/js/whatOthersAreReading.js
Reusing existing connection to kidshealth.org:80.
HTTP request sent, awaiting response... 200 OK
Length: 2834 (2.8K) [application/x-javascript]
Saving to: `code/../crawls/kidshealth.org/Privacy-Policy/raw/kidshealth.org/licensees/licensee1/js/whatOthersAreReading.js'

     0K ..                                                    100%  176M=0s

2013-01-12 05:19:02 (176 MB/s) - `code/../crawls/kidshealth.org/Privacy-Policy/raw/kidshealth.org/licensees/licensee1/js/whatOthersAreReading.js' saved [2834/2834]

--2013-01-12 05:19:02--  http://kidshealth.org/licensees/licensee1/css/parentStyles.css
Reusing existing connection to kidshealth.org:80.
HTTP request sent, awaiting response... 200 OK
Length: 7864 (7.7K) [text/css]
Saving to: `code/../crawls/kidshealth.org/Privacy-Policy/raw/kidshealth.org/licensees/licensee1/css/parentStyles.css'

     0K .......                                               100% 4.11M=0.002s

2013-01-12 05:19:02 (4.11 MB/s) - `code/../crawls/kidshealth.org/Privacy-Policy/raw/kidshealth.org/licensees/licensee1/css/parentStyles.css' saved [7864/7864]

--2013-01-12 05:19:02--  http://kidshealth.org/misc/javascript/readSpeaker.js
Reusing existing connection to kidshealth.org:80.
HTTP request sent, awaiting response... 200 OK
Length: 8588 (8.4K) [application/x-javascript]
Saving to: `code/../crawls/kidshealth.org/Privacy-Policy/raw/kidshealth.org/misc/javascript/readSpeaker.js'

     0K ........                                              100% 15.0M=0.001s

2013-01-12 05:19:02 (15.0 MB/s) - `code/../crawls/kidshealth.org/Privacy-Policy/raw/kidshealth.org/misc/javascript/readSpeaker.js' saved [8588/8588]

--2013-01-12 05:19:02--  http://kidshealth.org/licensees/standard_licensee/js/tsClear.js
Reusing existing connection to kidshealth.org:80.
HTTP request sent, awaiting response... 200 OK
Length: 390 [application/x-javascript]
Saving to: `code/../crawls/kidshealth.org/Privacy-Policy/raw/kidshealth.org/licensees/standard_licensee/js/tsClear.js'

     0K                                                       100% 65.9M=0s

2013-01-12 05:19:02 (65.9 MB/s) - `code/../crawls/kidshealth.org/Privacy-Policy/raw/kidshealth.org/licensees/standard_licensee/js/tsClear.js' saved [390/390]

--2013-01-12 05:19:02--  http://kidshealth.org/licensees/licensee1/js/kh_parentsLeftNavInclude.js
Reusing existing connection to kidshealth.org:80.
HTTP request sent, awaiting response... 200 OK
Length: 1073 (1.0K) [application/x-javascript]
Saving to: `code/../crawls/kidshealth.org/Privacy-Policy/raw/kidshealth.org/licensees/licensee1/js/kh_parentsLeftNavInclude.js'

     0K .                                                     100%  161M=0s

2013-01-12 05:19:02 (161 MB/s) - `code/../crawls/kidshealth.org/Privacy-Policy/raw/kidshealth.org/licensees/licensee1/js/kh_parentsLeftNavInclude.js' saved [1073/1073]

--2013-01-12 05:19:02--  http://kidshealth.org/parent/kh_misc/headers_68295/PrivacyPolicy.gif
Reusing existing connection to kidshealth.org:80.
HTTP request sent, awaiting response... 200 OK
Length: 4481 (4.4K) [image/gif]
Saving to: `code/../crawls/kidshealth.org/Privacy-Policy/raw/kidshealth.org/parent/kh_misc/headers_68295/PrivacyPolicy.gif'

     0K ....                                                  100% 42.2M=0s

2013-01-12 05:19:02 (42.2 MB/s) - `code/../crawls/kidshealth.org/Privacy-Policy/raw/kidshealth.org/parent/kh_misc/headers_68295/PrivacyPolicy.gif' saved [4481/4481]

--2013-01-12 05:19:02--  http://kidshealth.org/licensees/licensee1/js/kh_parentsRightBanners.js
Reusing existing connection to kidshealth.org:80.
HTTP request sent, awaiting response... 200 OK
Length: 4334 (4.2K) [application/x-javascript]
Saving to: `code/../crawls/kidshealth.org/Privacy-Policy/raw/kidshealth.org/licensees/licensee1/js/kh_parentsRightBanners.js'

     0K ....                                                  100% 3.80M=0.001s

2013-01-12 05:19:02 (3.80 MB/s) - `code/../crawls/kidshealth.org/Privacy-Policy/raw/kidshealth.org/licensees/licensee1/js/kh_parentsRightBanners.js' saved [4334/4334]

--2013-01-12 05:19:02--  http://pixel.quantserve.com/pixel/p-T4Ks3kAYmHaDA.gif
Resolving pixel.quantserve.com... 64.94.107.21, 64.94.107.31, 64.94.107.33, ...
Connecting to pixel.quantserve.com|64.94.107.21|:80... connected.
HTTP request sent, awaiting response... 200 OK
Length: 35 [image/gif]
Saving to: `code/../crawls/kidshealth.org/Privacy-Policy/raw/pixel.quantserve.com/pixel/p-T4Ks3kAYmHaDA.gif'

     0K                                                       100% 5.76M=0s

2013-01-12 05:19:03 (5.76 MB/s) - `code/../crawls/kidshealth.org/Privacy-Policy/raw/pixel.quantserve.com/pixel/p-T4Ks3kAYmHaDA.gif' saved [35/35]

--2013-01-12 05:19:03--  http://kidshealth.org/licensees/standard_licensee/images/K_whitedots.gif
Reusing existing connection to kidshealth.org:80.
HTTP request sent, awaiting response... 200 OK
Length: 160 [image/gif]
Saving to: `code/../crawls/kidshealth.org/Privacy-Policy/raw/kidshealth.org/licensees/standard_licensee/images/K_whitedots.gif'

     0K                                                       100% 28.2M=0s

2013-01-12 05:19:03 (28.2 MB/s) - `code/../crawls/kidshealth.org/Privacy-Policy/raw/kidshealth.org/licensees/standard_licensee/images/K_whitedots.gif' saved [160/160]

--2013-01-12 05:19:03--  http://kidshealth.org/images/kh_images/level_4_bullet.gif
Reusing existing connection to kidshealth.org:80.
HTTP request sent, awaiting response... 200 OK
Length: 55 [image/gif]
Saving to: `code/../crawls/kidshealth.org/Privacy-Policy/raw/kidshealth.org/images/kh_images/level_4_bullet.gif'

     0K                                                       100% 7.95M=0s

2013-01-12 05:19:03 (7.95 MB/s) - `code/../crawls/kidshealth.org/Privacy-Policy/raw/kidshealth.org/images/kh_images/level_4_bullet.gif' saved [55/55]

--2013-01-12 05:19:03--  http://kidshealth.org/images/hot_topics_more_button.gif
Reusing existing connection to kidshealth.org:80.
HTTP request sent, awaiting response... 200 OK
Length: 547 [image/gif]
Saving to: `code/../crawls/kidshealth.org/Privacy-Policy/raw/kidshealth.org/images/hot_topics_more_button.gif'

     0K                                                       100% 96.7M=0s

2013-01-12 05:19:03 (96.7 MB/s) - `code/../crawls/kidshealth.org/Privacy-Policy/raw/kidshealth.org/images/hot_topics_more_button.gif' saved [547/547]

--2013-01-12 05:19:03--  http://kidshealth.org/licensees/standard_licensee/images/pageNaviNext.gif
Reusing existing connection to kidshealth.org:80.
HTTP request sent, awaiting response... 200 OK
Length: 597 [image/gif]
Saving to: `code/../crawls/kidshealth.org/Privacy-Policy/raw/kidshealth.org/licensees/standard_licensee/images/pageNaviNext.gif'

     0K                                                       100%  105M=0s

2013-01-12 05:19:03 (105 MB/s) - `code/../crawls/kidshealth.org/Privacy-Policy/raw/kidshealth.org/licensees/standard_licensee/images/pageNaviNext.gif' saved [597/597]

--2013-01-12 05:19:03--  http://kidshealth.org/licensees/standard_licensee/images/pageNaviBack.gif
Reusing existing connection to kidshealth.org:80.
HTTP request sent, awaiting response... 200 OK
Length: 497 [image/gif]
Saving to: `code/../crawls/kidshealth.org/Privacy-Policy/raw/kidshealth.org/licensees/standard_licensee/images/pageNaviBack.gif'

     0K                                                       100% 87.8M=0s

2013-01-12 05:19:03 (87.8 MB/s) - `code/../crawls/kidshealth.org/Privacy-Policy/raw/kidshealth.org/licensees/standard_licensee/images/pageNaviBack.gif' saved [497/497]

--2013-01-12 05:19:03--  http://kidshealth.org/licensees/standard_licensee/images/articleGrow.gif
Reusing existing connection to kidshealth.org:80.
HTTP request sent, awaiting response... 200 OK
Length: 83 [image/gif]
Saving to: `code/../crawls/kidshealth.org/Privacy-Policy/raw/kidshealth.org/licensees/standard_licensee/images/articleGrow.gif'

     0K                                                       100% 15.2M=0s

2013-01-12 05:19:03 (15.2 MB/s) - `code/../crawls/kidshealth.org/Privacy-Policy/raw/kidshealth.org/licensees/standard_licensee/images/articleGrow.gif' saved [83/83]

--2013-01-12 05:19:03--  http://kidshealth.org/licensees/standard_licensee/images/articleShrink.gif
Reusing existing connection to kidshealth.org:80.
HTTP request sent, awaiting response... 200 OK
Length: 76 [image/gif]
Saving to: `code/../crawls/kidshealth.org/Privacy-Policy/raw/kidshealth.org/licensees/standard_licensee/images/articleShrink.gif'

     0K                                                       100% 14.0M=0s

2013-01-12 05:19:03 (14.0 MB/s) - `code/../crawls/kidshealth.org/Privacy-Policy/raw/kidshealth.org/licensees/standard_licensee/images/articleShrink.gif' saved [76/76]

--2013-01-12 05:19:03--  http://kidshealth.org/licensees/standard_licensee/images/mediBullet.gif
Reusing existing connection to kidshealth.org:80.
HTTP request sent, awaiting response... 200 OK
Length: 117 [image/gif]
Saving to: `code/../crawls/kidshealth.org/Privacy-Policy/raw/kidshealth.org/licensees/standard_licensee/images/mediBullet.gif'

     0K                                                       100% 21.1M=0s

2013-01-12 05:19:03 (21.1 MB/s) - `code/../crawls/kidshealth.org/Privacy-Policy/raw/kidshealth.org/licensees/standard_licensee/images/mediBullet.gif' saved [117/117]

--2013-01-12 05:19:03--  http://kidshealth.org/licensees/licensee1/images/topPrintButton.gif
Reusing existing connection to kidshealth.org:80.
HTTP request sent, awaiting response... 200 OK
Length: 338 [image/gif]
Saving to: `code/../crawls/kidshealth.org/Privacy-Policy/raw/kidshealth.org/licensees/licensee1/images/topPrintButton.gif'

     0K                                                       100% 60.4M=0s

2013-01-12 05:19:03 (60.4 MB/s) - `code/../crawls/kidshealth.org/Privacy-Policy/raw/kidshealth.org/licensees/licensee1/images/topPrintButton.gif' saved [338/338]

--2013-01-12 05:19:03--  http://kidshealth.org/image/IRSearch/rightArrow.gif
Reusing existing connection to kidshealth.org:80.
HTTP request sent, awaiting response... 200 OK
Length: 145 [image/gif]
Saving to: `code/../crawls/kidshealth.org/Privacy-Policy/raw/kidshealth.org/image/IRSearch/rightArrow.gif'

     0K                                                       100% 25.8M=0s

2013-01-12 05:19:03 (25.8 MB/s) - `code/../crawls/kidshealth.org/Privacy-Policy/raw/kidshealth.org/image/IRSearch/rightArrow.gif' saved [145/145]

--2013-01-12 05:19:03--  http://kidshealth.org/image/IRSearch/leftArrow.gif
Reusing existing connection to kidshealth.org:80.
HTTP request sent, awaiting response... 200 OK
Length: 148 [image/gif]
Saving to: `code/../crawls/kidshealth.org/Privacy-Policy/raw/kidshealth.org/image/IRSearch/leftArrow.gif'

     0K                                                       100% 26.7M=0s

2013-01-12 05:19:03 (26.7 MB/s) - `code/../crawls/kidshealth.org/Privacy-Policy/raw/kidshealth.org/image/IRSearch/leftArrow.gif' saved [148/148]

--2013-01-12 05:19:03--  http://media.readspeaker.com/images/enterprise/default/check.png
Resolving media.readspeaker.com... 79.136.80.253
Connecting to media.readspeaker.com|79.136.80.253|:80... connected.
HTTP request sent, awaiting response... 302 Found
Location: http://media.readspeaker.com/enterprise/images/default/check.png [following]
--2013-01-12 05:19:04--  http://media.readspeaker.com/enterprise/images/default/check.png
Connecting to media.readspeaker.com|79.136.80.253|:80... connected.
HTTP request sent, awaiting response... 200 OK
Length: 479 [image/png]
Saving to: `code/../crawls/kidshealth.org/Privacy-Policy/raw/media.readspeaker.com/images/enterprise/default/check.png'

     0K                                                       100% 74.0M=0s

2013-01-12 05:19:04 (74.0 MB/s) - `code/../crawls/kidshealth.org/Privacy-Policy/raw/media.readspeaker.com/images/enterprise/default/check.png' saved [479/479]

--2013-01-12 05:19:04--  http://kidshealth.org/images/rSpeakerIconAnim.gif
Reusing existing connection to kidshealth.org:80.
HTTP request sent, awaiting response... 200 OK
Length: 481 [image/gif]
Saving to: `code/../crawls/kidshealth.org/Privacy-Policy/raw/kidshealth.org/images/rSpeakerIconAnim.gif'

     0K                                                       100% 77.6M=0s

2013-01-12 05:19:04 (77.6 MB/s) - `code/../crawls/kidshealth.org/Privacy-Policy/raw/kidshealth.org/images/rSpeakerIconAnim.gif' saved [481/481]

--2013-01-12 05:19:04--  http://kidshealth.org/image/teen/askTheExpertsHeader.png
Reusing existing connection to kidshealth.org:80.
HTTP request sent, awaiting response... 200 OK
Length: 6613 (6.5K) [image/png]
Saving to: `code/../crawls/kidshealth.org/Privacy-Policy/raw/kidshealth.org/image/teen/askTheExpertsHeader.png'

     0K ......                                                100% 8.69M=0.001s

2013-01-12 05:19:05 (8.69 MB/s) - `code/../crawls/kidshealth.org/Privacy-Policy/raw/kidshealth.org/image/teen/askTheExpertsHeader.png' saved [6613/6613]

--2013-01-12 05:19:05--  http://kidshealth.org/image/teen/askTheExpertsSubmitButton.png
Reusing existing connection to kidshealth.org:80.
HTTP request sent, awaiting response... 200 OK
Length: 2585 (2.5K) [image/png]
Saving to: `code/../crawls/kidshealth.org/Privacy-Policy/raw/kidshealth.org/image/teen/askTheExpertsSubmitButton.png'

     0K ..                                                    100% 38.2M=0s

2013-01-12 05:19:05 (38.2 MB/s) - `code/../crawls/kidshealth.org/Privacy-Policy/raw/kidshealth.org/image/teen/askTheExpertsSubmitButton.png' saved [2585/2585]

--2013-01-12 05:19:05--  http://kidshealth.org/images/lhr/sprite1.png
Reusing existing connection to kidshealth.org:80.
HTTP request sent, awaiting response... 200 OK
Length: 6014 (5.9K) [image/png]
Saving to: `code/../crawls/kidshealth.org/Privacy-Policy/raw/kidshealth.org/images/lhr/sprite1.png'

     0K .....                                                 100% 5.87M=0.001s

2013-01-12 05:19:05 (5.87 MB/s) - `code/../crawls/kidshealth.org/Privacy-Policy/raw/kidshealth.org/images/lhr/sprite1.png' saved [6014/6014]

--2013-01-12 05:19:05--  http://kidshealth.org/images/lhr/eduPartnerLogo.gif
Reusing existing connection to kidshealth.org:80.
HTTP request sent, awaiting response... 404 Not found
2013-01-12 05:19:05 ERROR 404: Not found.

--2013-01-12 05:19:05--  http://kidshealth.org/licensees/standard_licensee/images/moreResourcesBox/mr_bottom.png
Reusing existing connection to kidshealth.org:80.
HTTP request sent, awaiting response... 200 OK
Length: 4059 (4.0K) [image/png]
Saving to: `code/../crawls/kidshealth.org/Privacy-Policy/raw/kidshealth.org/licensees/standard_licensee/images/moreResourcesBox/mr_bottom.png'

     0K ...                                                   100% 47.6M=0s

2013-01-12 05:19:05 (47.6 MB/s) - `code/../crawls/kidshealth.org/Privacy-Policy/raw/kidshealth.org/licensees/standard_licensee/images/moreResourcesBox/mr_bottom.png' saved [4059/4059]

--2013-01-12 05:19:05--  http://kidshealth.org/licensees/standard_licensee/images/moreResourcesBox/mr_top.png
Reusing existing connection to kidshealth.org:80.
HTTP request sent, awaiting response... 200 OK
Length: 432 [image/png]
Saving to: `code/../crawls/kidshealth.org/Privacy-Policy/raw/kidshealth.org/licensees/standard_licensee/images/moreResourcesBox/mr_top.png'

     0K                                                       100% 70.2M=0s

2013-01-12 05:19:05 (70.2 MB/s) - `code/../crawls/kidshealth.org/Privacy-Policy/raw/kidshealth.org/licensees/standard_licensee/images/moreResourcesBox/mr_top.png' saved [432/432]

--2013-01-12 05:19:05--  http://kidshealth.org/licensees/standard_licensee/images/moreResourcesBox/mr_bullet.gif
Reusing existing connection to kidshealth.org:80.
HTTP request sent, awaiting response... 200 OK
Length: 159 [image/gif]
Saving to: `code/../crawls/kidshealth.org/Privacy-Policy/raw/kidshealth.org/licensees/standard_licensee/images/moreResourcesBox/mr_bullet.gif'

     0K                                                       100% 26.1M=0s

2013-01-12 05:19:05 (26.1 MB/s) - `code/../crawls/kidshealth.org/Privacy-Policy/raw/kidshealth.org/licensees/standard_licensee/images/moreResourcesBox/mr_bullet.gif' saved [159/159]

--2013-01-12 05:19:05--  http://kidshealth.org/licensees/standard_licensee/images/moreResourcesBox/mr_additionalResources.png
Reusing existing connection to kidshealth.org:80.
HTTP request sent, awaiting response... 200 OK
Length: 1359 (1.3K) [image/png]
Saving to: `code/../crawls/kidshealth.org/Privacy-Policy/raw/kidshealth.org/licensees/standard_licensee/images/moreResourcesBox/mr_additionalResources.png'

     0K .                                                     100%  182M=0s

2013-01-12 05:19:05 (182 MB/s) - `code/../crawls/kidshealth.org/Privacy-Policy/raw/kidshealth.org/licensees/standard_licensee/images/moreResourcesBox/mr_additionalResources.png' saved [1359/1359]

--2013-01-12 05:19:05--  http://kidshealth.org/licensees/standard_licensee/images/moreResourcesBox/mr_print.png
Reusing existing connection to kidshealth.org:80.
HTTP request sent, awaiting response... 200 OK
Length: 1356 (1.3K) [image/png]
Saving to: `code/../crawls/kidshealth.org/Privacy-Policy/raw/kidshealth.org/licensees/standard_licensee/images/moreResourcesBox/mr_print.png'

     0K .                                                     100%  187M=0s

2013-01-12 05:19:05 (187 MB/s) - `code/../crawls/kidshealth.org/Privacy-Policy/raw/kidshealth.org/licensees/standard_licensee/images/moreResourcesBox/mr_print.png' saved [1356/1356]

--2013-01-12 05:19:05--  http://kidshealth.org/licensees/standard_licensee/images/moreResourcesBox/mr_contact.png
Reusing existing connection to kidshealth.org:80.
HTTP request sent, awaiting response... 200 OK
Length: 1450 (1.4K) [image/png]
Saving to: `code/../crawls/kidshealth.org/Privacy-Policy/raw/kidshealth.org/licensees/standard_licensee/images/moreResourcesBox/mr_contact.png'

     0K .                                                     100%  185M=0s

2013-01-12 05:19:05 (185 MB/s) - `code/../crawls/kidshealth.org/Privacy-Policy/raw/kidshealth.org/licensees/standard_licensee/images/moreResourcesBox/mr_contact.png' saved [1450/1450]

--2013-01-12 05:19:05--  http://kidshealth.org/licensees/standard_licensee/images/moreResourcesBox/mr_emailFriend.png
Reusing existing connection to kidshealth.org:80.
HTTP request sent, awaiting response... 200 OK
Length: 1387 (1.4K) [image/png]
Saving to: `code/../crawls/kidshealth.org/Privacy-Policy/raw/kidshealth.org/licensees/standard_licensee/images/moreResourcesBox/mr_emailFriend.png'

     0K .                                                     100%  172M=0s

2013-01-12 05:19:05 (172 MB/s) - `code/../crawls/kidshealth.org/Privacy-Policy/raw/kidshealth.org/licensees/standard_licensee/images/moreResourcesBox/mr_emailFriend.png' saved [1387/1387]

--2013-01-12 05:19:05--  http://kidshealth.org/licensees/standard_licensee/images/moreResourcesBox/mr_bookmark.png
Reusing existing connection to kidshealth.org:80.
HTTP request sent, awaiting response... 200 OK
Length: 1421 (1.4K) [image/png]
Saving to: `code/../crawls/kidshealth.org/Privacy-Policy/raw/kidshealth.org/licensees/standard_licensee/images/moreResourcesBox/mr_bookmark.png'

     0K .                                                     100%  192M=0s

2013-01-12 05:19:05 (192 MB/s) - `code/../crawls/kidshealth.org/Privacy-Policy/raw/kidshealth.org/licensees/standard_licensee/images/moreResourcesBox/mr_bookmark.png' saved [1421/1421]

--2013-01-12 05:19:05--  http://kidshealth.org/licensees/standard_licensee/images/moreResourcesBox/mr_reprintGuidelines.png
Reusing existing connection to kidshealth.org:80.
HTTP request sent, awaiting response... 200 OK
Length: 1346 (1.3K) [image/png]
Saving to: `code/../crawls/kidshealth.org/Privacy-Policy/raw/kidshealth.org/licensees/standard_licensee/images/moreResourcesBox/mr_reprintGuidelines.png'

     0K .                                                     100%  186M=0s

2013-01-12 05:19:06 (186 MB/s) - `code/../crawls/kidshealth.org/Privacy-Policy/raw/kidshealth.org/licensees/standard_licensee/images/moreResourcesBox/mr_reprintGuidelines.png' saved [1346/1346]

--2013-01-12 05:19:06--  http://kidshealth.org/licensees/standard_licensee/images/moreResourcesBox/mr_tabLeft.png
Reusing existing connection to kidshealth.org:80.
HTTP request sent, awaiting response... 200 OK
Length: 505 [image/png]
Saving to: `code/../crawls/kidshealth.org/Privacy-Policy/raw/kidshealth.org/licensees/standard_licensee/images/moreResourcesBox/mr_tabLeft.png'

     0K                                                       100% 92.2M=0s

2013-01-12 05:19:06 (92.2 MB/s) - `code/../crawls/kidshealth.org/Privacy-Policy/raw/kidshealth.org/licensees/standard_licensee/images/moreResourcesBox/mr_tabLeft.png' saved [505/505]

--2013-01-12 05:19:06--  http://kidshealth.org/licensees/standard_licensee/images/moreResourcesBox/mr_tabRight.png
Reusing existing connection to kidshealth.org:80.
HTTP request sent, awaiting response... 200 OK
Length: 1399 (1.4K) [image/png]
Saving to: `code/../crawls/kidshealth.org/Privacy-Policy/raw/kidshealth.org/licensees/standard_licensee/images/moreResourcesBox/mr_tabRight.png'

     0K .                                                     100%  203M=0s

2013-01-12 05:19:06 (203 MB/s) - `code/../crawls/kidshealth.org/Privacy-Policy/raw/kidshealth.org/licensees/standard_licensee/images/moreResourcesBox/mr_tabRight.png' saved [1399/1399]

--2013-01-12 05:19:06--  http://kidshealth.org/licensees/standard_licensee/images/moreResourcesBox/mr_gradBack.png
Reusing existing connection to kidshealth.org:80.
HTTP request sent, awaiting response... 200 OK
Length: 169 [image/png]
Saving to: `code/../crawls/kidshealth.org/Privacy-Policy/raw/kidshealth.org/licensees/standard_licensee/images/moreResourcesBox/mr_gradBack.png'

     0K                                                       100% 32.5M=0s

2013-01-12 05:19:06 (32.5 MB/s) - `code/../crawls/kidshealth.org/Privacy-Policy/raw/kidshealth.org/licensees/standard_licensee/images/moreResourcesBox/mr_gradBack.png' saved [169/169]

--2013-01-12 05:19:06--  http://kidshealth.org/licensees/standard_licensee/images/subCatArrow.gif
Reusing existing connection to kidshealth.org:80.
HTTP request sent, awaiting response... 200 OK
Length: 170 [image/gif]
Saving to: `code/../crawls/kidshealth.org/Privacy-Policy/raw/kidshealth.org/licensees/standard_licensee/images/subCatArrow.gif'

     0K                                                       100% 32.4M=0s

2013-01-12 05:19:06 (32.4 MB/s) - `code/../crawls/kidshealth.org/Privacy-Policy/raw/kidshealth.org/licensees/standard_licensee/images/subCatArrow.gif' saved [170/170]

--2013-01-12 05:19:06--  http://kidshealth.org/licensees/standard_licensee/images/subCatArrowDown.gif
Reusing existing connection to kidshealth.org:80.
HTTP request sent, awaiting response... 200 OK
Length: 170 [image/gif]
Saving to: `code/../crawls/kidshealth.org/Privacy-Policy/raw/kidshealth.org/licensees/standard_licensee/images/subCatArrowDown.gif'

     0K                                                       100% 30.9M=0s

2013-01-12 05:19:06 (30.9 MB/s) - `code/../crawls/kidshealth.org/Privacy-Policy/raw/kidshealth.org/licensees/standard_licensee/images/subCatArrowDown.gif' saved [170/170]

--2013-01-12 05:19:06--  http://kidshealth.org/licensees/licensee1/images/IRParents/layout/taupeStripes.gif
Reusing existing connection to kidshealth.org:80.
HTTP request sent, awaiting response... 200 OK
Length: 1959 (1.9K) [image/gif]
Saving to: `code/../crawls/kidshealth.org/Privacy-Policy/raw/kidshealth.org/licensees/licensee1/images/IRParents/layout/taupeStripes.gif'

     0K .                                                     100%  428M=0s

2013-01-12 05:19:06 (428 MB/s) - `code/../crawls/kidshealth.org/Privacy-Policy/raw/kidshealth.org/licensees/licensee1/images/IRParents/layout/taupeStripes.gif' saved [1959/1959]

--2013-01-12 05:19:06--  http://kidshealth.org/licensees/licensee1/images/IRParents/layout/kh_parents_topHatBG.png
Reusing existing connection to kidshealth.org:80.
HTTP request sent, awaiting response... 200 OK
Length: 912 [image/png]
Saving to: `code/../crawls/kidshealth.org/Privacy-Policy/raw/kidshealth.org/licensees/licensee1/images/IRParents/layout/kh_parents_topHatBG.png'

     0K                                                       100%  158M=0s

2013-01-12 05:19:06 (158 MB/s) - `code/../crawls/kidshealth.org/Privacy-Policy/raw/kidshealth.org/licensees/licensee1/images/IRParents/layout/kh_parents_topHatBG.png' saved [912/912]

--2013-01-12 05:19:06--  http://kidshealth.org/licensees/licensee1/images/IRParents/layout/kh_parents_logo.png
Reusing existing connection to kidshealth.org:80.
HTTP request sent, awaiting response... 200 OK
Length: 5407 (5.3K) [image/png]
Saving to: `code/../crawls/kidshealth.org/Privacy-Policy/raw/kidshealth.org/licensees/licensee1/images/IRParents/layout/kh_parents_logo.png'

     0K .....                                                 100% 26.3M=0s

2013-01-12 05:19:06 (26.3 MB/s) - `code/../crawls/kidshealth.org/Privacy-Policy/raw/kidshealth.org/licensees/licensee1/images/IRParents/layout/kh_parents_logo.png' saved [5407/5407]

--2013-01-12 05:19:06--  http://kidshealth.org/licensees/licensee1/images/IRParents/layout/kh_parents_tabs.png
Reusing existing connection to kidshealth.org:80.
HTTP request sent, awaiting response... 200 OK
Length: 5507 (5.4K) [image/png]
Saving to: `code/../crawls/kidshealth.org/Privacy-Policy/raw/kidshealth.org/licensees/licensee1/images/IRParents/layout/kh_parents_tabs.png'

     0K .....                                                 100% 17.0M=0s

2013-01-12 05:19:06 (17.0 MB/s) - `code/../crawls/kidshealth.org/Privacy-Policy/raw/kidshealth.org/licensees/licensee1/images/IRParents/layout/kh_parents_tabs.png' saved [5507/5507]

--2013-01-12 05:19:06--  http://kidshealth.org/licensees/licensee1/images/IRParents/layout/kh_parents_mainBodyBG_2.png
Reusing existing connection to kidshealth.org:80.
HTTP request sent, awaiting response... 200 OK
Length: 276 [image/png]
Saving to: `code/../crawls/kidshealth.org/Privacy-Policy/raw/kidshealth.org/licensees/licensee1/images/IRParents/layout/kh_parents_mainBodyBG_2.png'

     0K                                                       100% 48.9M=0s

2013-01-12 05:19:06 (48.9 MB/s) - `code/../crawls/kidshealth.org/Privacy-Policy/raw/kidshealth.org/licensees/licensee1/images/IRParents/layout/kh_parents_mainBodyBG_2.png' saved [276/276]

--2013-01-12 05:19:06--  http://kidshealth.org/licensees/licensee1/images/IRParents/layout/kh_parents_leftNavBG.png
Reusing existing connection to kidshealth.org:80.
HTTP request sent, awaiting response... 200 OK
Length: 3175 (3.1K) [image/png]
Saving to: `code/../crawls/kidshealth.org/Privacy-Policy/raw/kidshealth.org/licensees/licensee1/images/IRParents/layout/kh_parents_leftNavBG.png'

     0K ...                                                   100% 36.7M=0s

2013-01-12 05:19:06 (36.7 MB/s) - `code/../crawls/kidshealth.org/Privacy-Policy/raw/kidshealth.org/licensees/licensee1/images/IRParents/layout/kh_parents_leftNavBG.png' saved [3175/3175]

--2013-01-12 05:19:06--  http://kidshealth.org/licensees/licensee1/images/IRParents/layout/kh_parents_mainNavBG.png
Reusing existing connection to kidshealth.org:80.
HTTP request sent, awaiting response... 200 OK
Length: 1329 (1.3K) [image/png]
Saving to: `code/../crawls/kidshealth.org/Privacy-Policy/raw/kidshealth.org/licensees/licensee1/images/IRParents/layout/kh_parents_mainNavBG.png'

     0K .                                                     100%  197M=0s

2013-01-12 05:19:07 (197 MB/s) - `code/../crawls/kidshealth.org/Privacy-Policy/raw/kidshealth.org/licensees/licensee1/images/IRParents/layout/kh_parents_mainNavBG.png' saved [1329/1329]

--2013-01-12 05:19:07--  http://kidshealth.org/licensees/licensee1/images/IRParents/layout/kh_parents_linkBG.png
Reusing existing connection to kidshealth.org:80.
HTTP request sent, awaiting response... 200 OK
Length: 931 [image/png]
Saving to: `code/../crawls/kidshealth.org/Privacy-Policy/raw/kidshealth.org/licensees/licensee1/images/IRParents/layout/kh_parents_linkBG.png'

     0K                                                       100%  161M=0s

2013-01-12 05:19:07 (161 MB/s) - `code/../crawls/kidshealth.org/Privacy-Policy/raw/kidshealth.org/licensees/licensee1/images/IRParents/layout/kh_parents_linkBG.png' saved [931/931]

--2013-01-12 05:19:07--  http://kidshealth.org/licensees/licensee1/images/IRParents/layout/kh_parents_linkHoverBG.png
Reusing existing connection to kidshealth.org:80.
HTTP request sent, awaiting response... 200 OK
Length: 935 [image/png]
Saving to: `code/../crawls/kidshealth.org/Privacy-Policy/raw/kidshealth.org/licensees/licensee1/images/IRParents/layout/kh_parents_linkHoverBG.png'

     0K                                                       100%  161M=0s

2013-01-12 05:19:07 (161 MB/s) - `code/../crawls/kidshealth.org/Privacy-Policy/raw/kidshealth.org/licensees/licensee1/images/IRParents/layout/kh_parents_linkHoverBG.png' saved [935/935]

--2013-01-12 05:19:07--  http://kidshealth.org/licensees/licensee1/images/IRParents/layout/kh_parents_home_classroomLink.png
Reusing existing connection to kidshealth.org:80.
HTTP request sent, awaiting response... 200 OK
Length: 14772 (14K) [image/png]
Saving to: `code/../crawls/kidshealth.org/Privacy-Policy/raw/kidshealth.org/licensees/licensee1/images/IRParents/layout/kh_parents_home_classroomLink.png'

     0K .......... ....                                       100% 7.33M=0.002s

2013-01-12 05:19:07 (7.33 MB/s) - `code/../crawls/kidshealth.org/Privacy-Policy/raw/kidshealth.org/licensees/licensee1/images/IRParents/layout/kh_parents_home_classroomLink.png' saved [14772/14772]

--2013-01-12 05:19:07--  http://kidshealth.org/licensees/licensee1/images/IRParents/layout/kh_otherParentsHead.png
Reusing existing connection to kidshealth.org:80.
HTTP request sent, awaiting response... 200 OK
Length: 2695 (2.6K) [image/png]
Saving to: `code/../crawls/kidshealth.org/Privacy-Policy/raw/kidshealth.org/licensees/licensee1/images/IRParents/layout/kh_otherParentsHead.png'

     0K ..                                                    100%  376 =7.2s

2013-01-12 05:19:14 (376 B/s) - `code/../crawls/kidshealth.org/Privacy-Policy/raw/kidshealth.org/licensees/licensee1/images/IRParents/layout/kh_otherParentsHead.png' saved [2695/2695]

--2013-01-12 05:19:14--  http://kidshealth.org/licensees/licensee1/images/IRParents/layout/kh_otherParentsMainBG.png
Reusing existing connection to kidshealth.org:80.
HTTP request sent, awaiting response... 200 OK
Length: 1239 (1.2K) [image/png]
Saving to: `code/../crawls/kidshealth.org/Privacy-Policy/raw/kidshealth.org/licensees/licensee1/images/IRParents/layout/kh_otherParentsMainBG.png'

     0K .                                                     100%  171M=0s

2013-01-12 05:19:14 (171 MB/s) - `code/../crawls/kidshealth.org/Privacy-Policy/raw/kidshealth.org/licensees/licensee1/images/IRParents/layout/kh_otherParentsMainBG.png' saved [1239/1239]

--2013-01-12 05:19:14--  http://kidshealth.org/licensees/licensee1/images/IRParents/layout/kh_parentsOthersBullet.png
Reusing existing connection to kidshealth.org:80.
HTTP request sent, awaiting response... 200 OK
Length: 200 [image/png]
Saving to: `code/../crawls/kidshealth.org/Privacy-Policy/raw/kidshealth.org/licensees/licensee1/images/IRParents/layout/kh_parentsOthersBullet.png'

     0K                                                       100% 34.6M=0s

2013-01-12 05:19:14 (34.6 MB/s) - `code/../crawls/kidshealth.org/Privacy-Policy/raw/kidshealth.org/licensees/licensee1/images/IRParents/layout/kh_parentsOthersBullet.png' saved [200/200]

--2013-01-12 05:19:14--  http://kidshealth.org/licensees/licensee1/images/IRParents/layout/kh_parentsOthersBulletHover.png
Reusing existing connection to kidshealth.org:80.
HTTP request sent, awaiting response... 200 OK
Length: 191 [image/png]
Saving to: `code/../crawls/kidshealth.org/Privacy-Policy/raw/kidshealth.org/licensees/licensee1/images/IRParents/layout/kh_parentsOthersBulletHover.png'

     0K                                                       100% 31.3M=0s

2013-01-12 05:19:14 (31.3 MB/s) - `code/../crawls/kidshealth.org/Privacy-Policy/raw/kidshealth.org/licensees/licensee1/images/IRParents/layout/kh_parentsOthersBulletHover.png' saved [191/191]

--2013-01-12 05:19:14--  http://kidshealth.org/licensees/licensee1/images/IRParents/layout/kh_parents_enewsBanner.png
Reusing existing connection to kidshealth.org:80.
HTTP request sent, awaiting response... 200 OK
Length: 27319 (27K) [image/png]
Saving to: `code/../crawls/kidshealth.org/Privacy-Policy/raw/kidshealth.org/licensees/licensee1/images/IRParents/layout/kh_parents_enewsBanner.png'

     0K .......... .......... ......                          100% 4.37M=0.006s

2013-01-12 05:19:14 (4.37 MB/s) - `code/../crawls/kidshealth.org/Privacy-Policy/raw/kidshealth.org/licensees/licensee1/images/IRParents/layout/kh_parents_enewsBanner.png' saved [27319/27319]

--2013-01-12 05:19:14--  http://kidshealth.org/licensees/licensee1/images/IRParents/layout/kh_parents_mainBotttom.png
Reusing existing connection to kidshealth.org:80.
HTTP request sent, awaiting response... 200 OK
Length: 863 [image/png]
Saving to: `code/../crawls/kidshealth.org/Privacy-Policy/raw/kidshealth.org/licensees/licensee1/images/IRParents/layout/kh_parents_mainBotttom.png'

     0K                                                       100%  144M=0s

2013-01-12 05:19:14 (144 MB/s) - `code/../crawls/kidshealth.org/Privacy-Policy/raw/kidshealth.org/licensees/licensee1/images/IRParents/layout/kh_parents_mainBotttom.png' saved [863/863]

--2013-01-12 05:19:14--  http://kidshealth.org/licensees/licensee1/images/IRParents/layout/Nemours_logo.png
Reusing existing connection to kidshealth.org:80.
HTTP request sent, awaiting response... 200 OK
Length: 2785 (2.7K) [image/png]
Saving to: `code/../crawls/kidshealth.org/Privacy-Policy/raw/kidshealth.org/licensees/licensee1/images/IRParents/layout/Nemours_logo.png'

     0K ..                                                    100% 44.4M=0s

2013-01-12 05:19:15 (44.4 MB/s) - `code/../crawls/kidshealth.org/Privacy-Policy/raw/kidshealth.org/licensees/licensee1/images/IRParents/layout/Nemours_logo.png' saved [2785/2785]

FINISHED --2013-01-12 05:19:15--
Total wall clock time: 14s
Downloaded: 68 files, 291K in 7.5s (38.8 KB/s)
Converting code/../crawls/kidshealth.org/Privacy-Policy/raw/kidshealth.org/parent/kh_misc/policy.html... 22-36
Converting code/../crawls/kidshealth.org/Privacy-Policy/raw/kidshealth.org/licensees/standard_licensee/css/moreResourcesStyles.css... 15-0
Converting code/../crawls/kidshealth.org/Privacy-Policy/raw/kidshealth.org/css/khcontent_style.css... 29-1
Converting code/../crawls/kidshealth.org/Privacy-Policy/raw/kidshealth.org/licensees/licensee1/css/reset.css... nothing to do.
Converting code/../crawls/kidshealth.org/Privacy-Policy/raw/kidshealth.org/css/khcontent_printstyle.css... 1-0
Converting code/../crawls/kidshealth.org/Privacy-Policy/raw/kidshealth.org/licensees/licensee1/css/parentStyles.css... 17-0
Converting code/../crawls/kidshealth.org/Privacy-Policy/raw/kidshealth.org/css/wellnessCenterMain.css... nothing to do.
Converted 7 files in 1.0 seconds.
