--2012-05-14 05:09:37--  http://www.springfieldnewssun.com/services/privacy-policy/
Resolving www.springfieldnewssun.com... 184.30.177.86
Connecting to www.springfieldnewssun.com|184.30.177.86|:80... connected.
HTTP request sent, awaiting response... 200 OK
Length: 81441 (80K) [text/html]
Saving to: `code/../crawls/springfieldnewssun.com/Privacy-Policy/raw/www.springfieldnewssun.com/services/privacy-policy/index.html'

     0K .......... .......... .......... .......... .......... 62% 5.37M 0s
    50K .......... .......... .........                       100% 8.70M=0.01s

2012-05-14 05:09:37 (6.26 MB/s) - `code/../crawls/springfieldnewssun.com/Privacy-Policy/raw/www.springfieldnewssun.com/services/privacy-policy/index.html' saved [81441/81441]

--2012-05-14 05:09:37--  http://www.springfieldnewssun.com/css/base/global.css
Reusing existing connection to www.springfieldnewssun.com:80.
HTTP request sent, awaiting response... 200 OK
Length: 13144 (13K) [text/css]
Saving to: `code/../crawls/springfieldnewssun.com/Privacy-Policy/raw/www.springfieldnewssun.com/css/base/global.css'

     0K .......... ..                                         100% 15.5M=0.001s

2012-05-14 05:09:37 (15.5 MB/s) - `code/../crawls/springfieldnewssun.com/Privacy-Policy/raw/www.springfieldnewssun.com/css/base/global.css' saved [13144/13144]

--2012-05-14 05:09:37--  http://www.springfieldnewssun.com/css/pub/global_pub.css
Reusing existing connection to www.springfieldnewssun.com:80.
HTTP request sent, awaiting response... 200 OK
Length: 7147 (7.0K) [text/css]
Saving to: `code/../crawls/springfieldnewssun.com/Privacy-Policy/raw/www.springfieldnewssun.com/css/pub/global_pub.css'

     0K ......                                                100% 17.8M=0s

2012-05-14 05:09:37 (17.8 MB/s) - `code/../crawls/springfieldnewssun.com/Privacy-Policy/raw/www.springfieldnewssun.com/css/pub/global_pub.css' saved [7147/7147]

--2012-05-14 05:09:37--  http://www.springfieldnewssun.com/css/base/navigation/navigation.css
Reusing existing connection to www.springfieldnewssun.com:80.
HTTP request sent, awaiting response... 200 OK
Length: 2985 (2.9K) [text/css]
Saving to: `code/../crawls/springfieldnewssun.com/Privacy-Policy/raw/www.springfieldnewssun.com/css/base/navigation/navigation.css'

     0K ..                                                    100%  253M=0s

2012-05-14 05:09:37 (253 MB/s) - `code/../crawls/springfieldnewssun.com/Privacy-Policy/raw/www.springfieldnewssun.com/css/base/navigation/navigation.css' saved [2985/2985]

--2012-05-14 05:09:37--  http://www.springfieldnewssun.com/css/pub/navigation/navigation_pub.css
Reusing existing connection to www.springfieldnewssun.com:80.
HTTP request sent, awaiting response... 200 OK
Length: 2470 (2.4K) [text/css]
Saving to: `code/../crawls/springfieldnewssun.com/Privacy-Policy/raw/www.springfieldnewssun.com/css/pub/navigation/navigation_pub.css'

     0K ..                                                    100%  185M=0s

2012-05-14 05:09:37 (185 MB/s) - `code/../crawls/springfieldnewssun.com/Privacy-Policy/raw/www.springfieldnewssun.com/css/pub/navigation/navigation_pub.css' saved [2470/2470]

--2012-05-14 05:09:37--  http://www.springfieldnewssun.com/css/base/teaser/teaser.css
Reusing existing connection to www.springfieldnewssun.com:80.
HTTP request sent, awaiting response... 200 OK
Length: 20452 (20K) [text/css]
Saving to: `code/../crawls/springfieldnewssun.com/Privacy-Policy/raw/www.springfieldnewssun.com/css/base/teaser/teaser.css'

     0K .......... .........                                  100% 13.6M=0.001s

2012-05-14 05:09:37 (13.6 MB/s) - `code/../crawls/springfieldnewssun.com/Privacy-Policy/raw/www.springfieldnewssun.com/css/base/teaser/teaser.css' saved [20452/20452]

--2012-05-14 05:09:37--  http://www.springfieldnewssun.com/css/pub/teaser/teaser_pub.css
Reusing existing connection to www.springfieldnewssun.com:80.
HTTP request sent, awaiting response... 200 OK
Length: 8142 (8.0K) [text/css]
Saving to: `code/../crawls/springfieldnewssun.com/Privacy-Policy/raw/www.springfieldnewssun.com/css/pub/teaser/teaser_pub.css'

     0K .......                                               100% 16.2M=0s

2012-05-14 05:09:37 (16.2 MB/s) - `code/../crawls/springfieldnewssun.com/Privacy-Policy/raw/www.springfieldnewssun.com/css/pub/teaser/teaser_pub.css' saved [8142/8142]

--2012-05-14 05:09:37--  http://www.springfieldnewssun.com/css/base/vendor/vendor.css
Reusing existing connection to www.springfieldnewssun.com:80.
HTTP request sent, awaiting response... 200 OK
Length: 1349 (1.3K) [text/css]
Saving to: `code/../crawls/springfieldnewssun.com/Privacy-Policy/raw/www.springfieldnewssun.com/css/base/vendor/vendor.css'

     0K .                                                     100%  187M=0s

2012-05-14 05:09:37 (187 MB/s) - `code/../crawls/springfieldnewssun.com/Privacy-Policy/raw/www.springfieldnewssun.com/css/base/vendor/vendor.css' saved [1349/1349]

--2012-05-14 05:09:37--  http://www.springfieldnewssun.com/css/pub/tools/teamsite/teamsite_legacy.css
Reusing existing connection to www.springfieldnewssun.com:80.
HTTP request sent, awaiting response... 200 OK
Length: 9962 (9.7K) [text/css]
Saving to: `code/../crawls/springfieldnewssun.com/Privacy-Policy/raw/www.springfieldnewssun.com/css/pub/tools/teamsite/teamsite_legacy.css'

     0K .........                                             100% 15.9M=0.001s

2012-05-14 05:09:37 (15.9 MB/s) - `code/../crawls/springfieldnewssun.com/Privacy-Policy/raw/www.springfieldnewssun.com/css/pub/tools/teamsite/teamsite_legacy.css' saved [9962/9962]

--2012-05-14 05:09:37--  http://www.springfieldnewssun.com/css/base/article/article.css
Reusing existing connection to www.springfieldnewssun.com:80.
HTTP request sent, awaiting response... 200 OK
Length: 16818 (16K) [text/css]
Saving to: `code/../crawls/springfieldnewssun.com/Privacy-Policy/raw/www.springfieldnewssun.com/css/base/article/article.css'

     0K .......... ......                                     100% 14.3M=0.001s

2012-05-14 05:09:37 (14.3 MB/s) - `code/../crawls/springfieldnewssun.com/Privacy-Policy/raw/www.springfieldnewssun.com/css/base/article/article.css' saved [16818/16818]

--2012-05-14 05:09:37--  http://www.springfieldnewssun.com/css/pub/article/article_pub.css
Reusing existing connection to www.springfieldnewssun.com:80.
HTTP request sent, awaiting response... 200 OK
Length: 22166 (22K) [text/css]
Saving to: `code/../crawls/springfieldnewssun.com/Privacy-Policy/raw/www.springfieldnewssun.com/css/pub/article/article_pub.css'

     0K .......... .......... .                               100% 13.3M=0.002s

2012-05-14 05:09:37 (13.3 MB/s) - `code/../crawls/springfieldnewssun.com/Privacy-Policy/raw/www.springfieldnewssun.com/css/pub/article/article_pub.css' saved [22166/22166]

--2012-05-14 05:09:37--  http://www.springfieldnewssun.com/css/base/widget/horoscopes/horoscopes.css
Reusing existing connection to www.springfieldnewssun.com:80.
HTTP request sent, awaiting response... 200 OK
Length: 11733 (11K) [text/css]
Saving to: `code/../crawls/springfieldnewssun.com/Privacy-Policy/raw/www.springfieldnewssun.com/css/base/widget/horoscopes/horoscopes.css'

     0K .......... .                                          100% 15.6M=0.001s

2012-05-14 05:09:37 (15.6 MB/s) - `code/../crawls/springfieldnewssun.com/Privacy-Policy/raw/www.springfieldnewssun.com/css/base/widget/horoscopes/horoscopes.css' saved [11733/11733]

--2012-05-14 05:09:37--  http://www.springfieldnewssun.com/css/pub/widget/horoscopes/horoscopes_pub.css
Reusing existing connection to www.springfieldnewssun.com:80.
HTTP request sent, awaiting response... 200 OK
Length: 6767 (6.6K) [text/css]
Saving to: `code/../crawls/springfieldnewssun.com/Privacy-Policy/raw/www.springfieldnewssun.com/css/pub/widget/horoscopes/horoscopes_pub.css'

     0K ......                                                100% 28.7M=0s

2012-05-14 05:09:37 (28.7 MB/s) - `code/../crawls/springfieldnewssun.com/Privacy-Policy/raw/www.springfieldnewssun.com/css/pub/widget/horoscopes/horoscopes_pub.css' saved [6767/6767]

--2012-05-14 05:09:37--  http://alt.coxnewsweb.com/daytondailynews/css/escenic/hotfix.css
Resolving alt.coxnewsweb.com... 184.30.177.98
Connecting to alt.coxnewsweb.com|184.30.177.98|:80... connected.
HTTP request sent, awaiting response... 200 OK
Length: 1865 (1.8K) [text/css]
Saving to: `code/../crawls/springfieldnewssun.com/Privacy-Policy/raw/alt.coxnewsweb.com/daytondailynews/css/escenic/hotfix.css'

     0K .                                                     100%  177M=0s

2012-05-14 05:09:37 (177 MB/s) - `code/../crawls/springfieldnewssun.com/Privacy-Policy/raw/alt.coxnewsweb.com/daytondailynews/css/escenic/hotfix.css' saved [1865/1865]

--2012-05-14 05:09:37--  http://www.springfieldnewssun.com/js/base/jquery-1.3.2.min.js
Connecting to www.springfieldnewssun.com|184.30.177.86|:80... connected.
HTTP request sent, awaiting response... 200 OK
Length: 57254 (56K) [application/x-javascript]
Saving to: `code/../crawls/springfieldnewssun.com/Privacy-Policy/raw/www.springfieldnewssun.com/js/base/jquery-1.3.2.min.js'

     0K .......... .......... .......... .......... .......... 89% 4.67M 0s
    50K .....                                                 100% 14.6M=0.01s

2012-05-14 05:09:37 (5.03 MB/s) - `code/../crawls/springfieldnewssun.com/Privacy-Policy/raw/www.springfieldnewssun.com/js/base/jquery-1.3.2.min.js' saved [57254/57254]

--2012-05-14 05:09:37--  http://www.springfieldnewssun.com/js/base/jquery.tmpl.1.1.1.js
Reusing existing connection to www.springfieldnewssun.com:80.
HTTP request sent, awaiting response... 200 OK
Length: 1227 (1.2K) [application/x-javascript]
Saving to: `code/../crawls/springfieldnewssun.com/Privacy-Policy/raw/www.springfieldnewssun.com/js/base/jquery.tmpl.1.1.1.js'

     0K .                                                     100%  173M=0s

2012-05-14 05:09:37 (173 MB/s) - `code/../crawls/springfieldnewssun.com/Privacy-Policy/raw/www.springfieldnewssun.com/js/base/jquery.tmpl.1.1.1.js' saved [1227/1227]

--2012-05-14 05:09:37--  http://www.springfieldnewssun.com/js/base/master.min.js
Reusing existing connection to www.springfieldnewssun.com:80.
HTTP request sent, awaiting response... 200 OK
Length: 61872 (60K) [application/x-javascript]
Saving to: `code/../crawls/springfieldnewssun.com/Privacy-Policy/raw/www.springfieldnewssun.com/js/base/master.min.js'

     0K .......... .......... .......... .......... .......... 82% 9.70M 0s
    50K ..........                                            100% 13.7M=0.006s

2012-05-14 05:09:37 (10.2 MB/s) - `code/../crawls/springfieldnewssun.com/Privacy-Policy/raw/www.springfieldnewssun.com/js/base/master.min.js' saved [61872/61872]

--2012-05-14 05:09:37--  http://www.springfieldnewssun.com/images/pub/header_paper_image.gif
Reusing existing connection to www.springfieldnewssun.com:80.
HTTP request sent, awaiting response... 200 OK
Length: 1595 (1.6K) [image/gif]
Saving to: `code/../crawls/springfieldnewssun.com/Privacy-Policy/raw/www.springfieldnewssun.com/images/pub/header_paper_image.gif'

     0K .                                                     100% 72.9M=0s

2012-05-14 05:09:37 (72.9 MB/s) - `code/../crawls/springfieldnewssun.com/Privacy-Policy/raw/www.springfieldnewssun.com/images/pub/header_paper_image.gif' saved [1595/1595]

--2012-05-14 05:09:37--  http://www.springfieldnewssun.com/images/pub/e_edition.gif
Reusing existing connection to www.springfieldnewssun.com:80.
HTTP request sent, awaiting response... 200 OK
Length: 1767 (1.7K) [image/gif]
Saving to: `code/../crawls/springfieldnewssun.com/Privacy-Policy/raw/www.springfieldnewssun.com/images/pub/e_edition.gif'

     0K .                                                     100%  249M=0s

2012-05-14 05:09:37 (249 MB/s) - `code/../crawls/springfieldnewssun.com/Privacy-Policy/raw/www.springfieldnewssun.com/images/pub/e_edition.gif' saved [1767/1767]

--2012-05-14 05:09:37--  http://www.springfieldnewssun.com/images/pub/header_logo.gif
Reusing existing connection to www.springfieldnewssun.com:80.
HTTP request sent, awaiting response... 200 OK
Length: 9691 (9.5K) [image/gif]
Saving to: `code/../crawls/springfieldnewssun.com/Privacy-Policy/raw/www.springfieldnewssun.com/images/pub/header_logo.gif'

     0K .........                                             100% 15.7M=0.001s

2012-05-14 05:09:37 (15.7 MB/s) - `code/../crawls/springfieldnewssun.com/Privacy-Policy/raw/www.springfieldnewssun.com/images/pub/header_logo.gif' saved [9691/9691]

--2012-05-14 05:09:37--  http://alt.coxnewsweb.com/daytondailynews/images/menu/nav-icon-rss.png
Connecting to alt.coxnewsweb.com|184.30.177.98|:80... connected.
HTTP request sent, awaiting response... 200 OK
Length: 609 [image/png]
Saving to: `code/../crawls/springfieldnewssun.com/Privacy-Policy/raw/alt.coxnewsweb.com/daytondailynews/images/menu/nav-icon-rss.png'

     0K                                                       100% 98.7M=0s

2012-05-14 05:09:38 (98.7 MB/s) - `code/../crawls/springfieldnewssun.com/Privacy-Policy/raw/alt.coxnewsweb.com/daytondailynews/images/menu/nav-icon-rss.png' saved [609/609]

--2012-05-14 05:09:38--  http://alt.coxnewsweb.com/daytondailynews/images/menu/nav-icon-email.png
Reusing existing connection to alt.coxnewsweb.com:80.
HTTP request sent, awaiting response... 200 OK
Length: 535 [image/png]
Saving to: `code/../crawls/springfieldnewssun.com/Privacy-Policy/raw/alt.coxnewsweb.com/daytondailynews/images/menu/nav-icon-email.png'

     0K                                                       100% 90.3M=0s

2012-05-14 05:09:38 (90.3 MB/s) - `code/../crawls/springfieldnewssun.com/Privacy-Policy/raw/alt.coxnewsweb.com/daytondailynews/images/menu/nav-icon-email.png' saved [535/535]

--2012-05-14 05:09:38--  http://alt.coxnewsweb.com/daytondailynews/images/menu/nav-icon-mobile.png
Reusing existing connection to alt.coxnewsweb.com:80.
HTTP request sent, awaiting response... 200 OK
Length: 561 [image/png]
Saving to: `code/../crawls/springfieldnewssun.com/Privacy-Policy/raw/alt.coxnewsweb.com/daytondailynews/images/menu/nav-icon-mobile.png'

     0K                                                       100% 93.2M=0s

2012-05-14 05:09:38 (93.2 MB/s) - `code/../crawls/springfieldnewssun.com/Privacy-Policy/raw/alt.coxnewsweb.com/daytondailynews/images/menu/nav-icon-mobile.png' saved [561/561]

--2012-05-14 05:09:38--  http://alt.coxnewsweb.com/daytondailynews/images/menu/nav-icon-twitter.png
Reusing existing connection to alt.coxnewsweb.com:80.
HTTP request sent, awaiting response... 200 OK
Length: 725 [image/png]
Saving to: `code/../crawls/springfieldnewssun.com/Privacy-Policy/raw/alt.coxnewsweb.com/daytondailynews/images/menu/nav-icon-twitter.png'

     0K                                                       100%  119M=0s

2012-05-14 05:09:38 (119 MB/s) - `code/../crawls/springfieldnewssun.com/Privacy-Policy/raw/alt.coxnewsweb.com/daytondailynews/images/menu/nav-icon-twitter.png' saved [725/725]

--2012-05-14 05:09:38--  http://alt.coxnewsweb.com/daytondailynews/images/menu/nav-icon-facebook.png
Reusing existing connection to alt.coxnewsweb.com:80.
HTTP request sent, awaiting response... 200 OK
Length: 607 [image/png]
Saving to: `code/../crawls/springfieldnewssun.com/Privacy-Policy/raw/alt.coxnewsweb.com/daytondailynews/images/menu/nav-icon-facebook.png'

     0K                                                       100%  100M=0s

2012-05-14 05:09:38 (100 MB/s) - `code/../crawls/springfieldnewssun.com/Privacy-Policy/raw/alt.coxnewsweb.com/daytondailynews/images/menu/nav-icon-facebook.png' saved [607/607]

--2012-05-14 05:09:38--  http://www.springfieldnewssun.com/images/pub/framework/OH_search_button.gif
Connecting to www.springfieldnewssun.com|184.30.177.86|:80... connected.
HTTP request sent, awaiting response... 200 OK
Length: 1646 (1.6K) [image/gif]
Saving to: `code/../crawls/springfieldnewssun.com/Privacy-Policy/raw/www.springfieldnewssun.com/images/pub/framework/OH_search_button.gif'

     0K .                                                     100%  227M=0s

2012-05-14 05:09:38 (227 MB/s) - `code/../crawls/springfieldnewssun.com/Privacy-Policy/raw/www.springfieldnewssun.com/images/pub/framework/OH_search_button.gif' saved [1646/1646]

--2012-05-14 05:09:38--  http://www.springfieldnewssun.com/images/base/icon/icon_yahoo_search.png
Reusing existing connection to www.springfieldnewssun.com:80.
HTTP request sent, awaiting response... 200 OK
Length: 356 [image/png]
Saving to: `code/../crawls/springfieldnewssun.com/Privacy-Policy/raw/www.springfieldnewssun.com/images/base/icon/icon_yahoo_search.png'

     0K                                                       100% 59.1M=0s

2012-05-14 05:09:38 (59.1 MB/s) - `code/../crawls/springfieldnewssun.com/Privacy-Policy/raw/www.springfieldnewssun.com/images/base/icon/icon_yahoo_search.png' saved [356/356]

--2012-05-14 05:09:38--  http://alt.coxnewsweb.com/daytondailynews/classifieds/bootstrap.js
Connecting to alt.coxnewsweb.com|184.30.177.98|:80... connected.
HTTP request sent, awaiting response... 200 OK
Length: 3198 (3.1K) [application/x-javascript]
Saving to: `code/../crawls/springfieldnewssun.com/Privacy-Policy/raw/alt.coxnewsweb.com/daytondailynews/classifieds/bootstrap.js'

     0K ...                                                   100%  423M=0s

2012-05-14 05:09:38 (423 MB/s) - `code/../crawls/springfieldnewssun.com/Privacy-Policy/raw/alt.coxnewsweb.com/daytondailynews/classifieds/bootstrap.js' saved [3198/3198]

--2012-05-14 05:09:38--  http://alt.coxnewsweb.com/daytondailynews/js/ifAdExists.js
Reusing existing connection to alt.coxnewsweb.com:80.
HTTP request sent, awaiting response... 200 OK
Length: 535 [application/x-javascript]
Saving to: `code/../crawls/springfieldnewssun.com/Privacy-Policy/raw/alt.coxnewsweb.com/daytondailynews/js/ifAdExists.js'

     0K                                                       100% 84.1M=0s

2012-05-14 05:09:39 (84.1 MB/s) - `code/../crawls/springfieldnewssun.com/Privacy-Policy/raw/alt.coxnewsweb.com/daytondailynews/js/ifAdExists.js' saved [535/535]

--2012-05-14 05:09:39--  http://www.ohio-share.coxnewsweb.com/multimedia/dynamic/01125/051012bomb_1125580ff.jpg
Resolving www.ohio-share.coxnewsweb.com... 206.160.170.57, 206.160.170.24
Connecting to www.ohio-share.coxnewsweb.com|206.160.170.57|:80... connected.
HTTP request sent, awaiting response... 200 OK
Length: 1745 (1.7K) [image/jpeg]
Saving to: `code/../crawls/springfieldnewssun.com/Privacy-Policy/raw/www.ohio-share.coxnewsweb.com/multimedia/dynamic/01125/051012bomb_1125580ff.jpg'

     0K .                                                     100%  229M=0s

2012-05-14 05:09:39 (229 MB/s) - `code/../crawls/springfieldnewssun.com/Privacy-Policy/raw/www.ohio-share.coxnewsweb.com/multimedia/dynamic/01125/051012bomb_1125580ff.jpg' saved [1745/1745]

--2012-05-14 05:09:39--  http://www.ohio-share.coxnewsweb.com/multimedia/dynamic/01123/2012centralstategr_1123664ff.jpg
Reusing existing connection to www.ohio-share.coxnewsweb.com:80.
HTTP request sent, awaiting response... 200 OK
Length: 1918 (1.9K) [image/jpeg]
Saving to: `code/../crawls/springfieldnewssun.com/Privacy-Policy/raw/www.ohio-share.coxnewsweb.com/multimedia/dynamic/01123/2012centralstategr_1123664ff.jpg'

     0K .                                                     100%  270M=0s

2012-05-14 05:09:39 (270 MB/s) - `code/../crawls/springfieldnewssun.com/Privacy-Policy/raw/www.ohio-share.coxnewsweb.com/multimedia/dynamic/01123/2012centralstategr_1123664ff.jpg' saved [1918/1918]

--2012-05-14 05:09:39--  http://www.ohio-share.coxnewsweb.com/multimedia/dynamic/01122/050312peaceofficer_1122353ff.jpg
Reusing existing connection to www.ohio-share.coxnewsweb.com:80.
HTTP request sent, awaiting response... 200 OK
Length: 3423 (3.3K) [image/jpeg]
Saving to: `code/../crawls/springfieldnewssun.com/Privacy-Policy/raw/www.ohio-share.coxnewsweb.com/multimedia/dynamic/01122/050312peaceofficer_1122353ff.jpg'

     0K ...                                                   100% 64.6M=0s

2012-05-14 05:09:39 (64.6 MB/s) - `code/../crawls/springfieldnewssun.com/Privacy-Policy/raw/www.ohio-share.coxnewsweb.com/multimedia/dynamic/01122/050312peaceofficer_1122353ff.jpg' saved [3423/3423]

--2012-05-14 05:09:39--  http://www.ohio-share.coxnewsweb.com/multimedia/dynamic/01121/afitantlab_1121725ff.jpg
Reusing existing connection to www.ohio-share.coxnewsweb.com:80.
HTTP request sent, awaiting response... 200 OK
Length: 1905 (1.9K) [image/jpeg]
Saving to: `code/../crawls/springfieldnewssun.com/Privacy-Policy/raw/www.ohio-share.coxnewsweb.com/multimedia/dynamic/01121/afitantlab_1121725ff.jpg'

     0K .                                                     100%  211M=0s

2012-05-14 05:09:39 (211 MB/s) - `code/../crawls/springfieldnewssun.com/Privacy-Policy/raw/www.ohio-share.coxnewsweb.com/multimedia/dynamic/01121/afitantlab_1121725ff.jpg' saved [1905/1905]

--2012-05-14 05:09:39--  http://www.ohio-share.coxnewsweb.com/multimedia/dynamic/01121/050212housefire_1121630ff.jpg
Reusing existing connection to www.ohio-share.coxnewsweb.com:80.
HTTP request sent, awaiting response... 200 OK
Length: 2499 (2.4K) [image/jpeg]
Saving to: `code/../crawls/springfieldnewssun.com/Privacy-Policy/raw/www.ohio-share.coxnewsweb.com/multimedia/dynamic/01121/050212housefire_1121630ff.jpg'

     0K ..                                                    100%  323M=0s

2012-05-14 05:09:39 (323 MB/s) - `code/../crawls/springfieldnewssun.com/Privacy-Policy/raw/www.ohio-share.coxnewsweb.com/multimedia/dynamic/01121/050212housefire_1121630ff.jpg' saved [2499/2499]

--2012-05-14 05:09:39--  http://www.ohio-share.coxnewsweb.com/multimedia/dynamic/01121/050212animals_1121509ff.jpg
Reusing existing connection to www.ohio-share.coxnewsweb.com:80.
HTTP request sent, awaiting response... 200 OK
Length: 1647 (1.6K) [image/jpeg]
Saving to: `code/../crawls/springfieldnewssun.com/Privacy-Policy/raw/www.ohio-share.coxnewsweb.com/multimedia/dynamic/01121/050212animals_1121509ff.jpg'

     0K .                                                     100%  232M=0s

2012-05-14 05:09:39 (232 MB/s) - `code/../crawls/springfieldnewssun.com/Privacy-Policy/raw/www.ohio-share.coxnewsweb.com/multimedia/dynamic/01121/050212animals_1121509ff.jpg' saved [1647/1647]

--2012-05-14 05:09:39--  http://www.ohio-share.coxnewsweb.com/multimedia/dynamic/01119/042712springfieldf_1119642ff.jpg
Reusing existing connection to www.ohio-share.coxnewsweb.com:80.
HTTP request sent, awaiting response... 200 OK
Length: 1973 (1.9K) [image/jpeg]
Saving to: `code/../crawls/springfieldnewssun.com/Privacy-Policy/raw/www.ohio-share.coxnewsweb.com/multimedia/dynamic/01119/042712springfieldf_1119642ff.jpg'

     0K .                                                     100%  256M=0s

2012-05-14 05:09:39 (256 MB/s) - `code/../crawls/springfieldnewssun.com/Privacy-Policy/raw/www.ohio-share.coxnewsweb.com/multimedia/dynamic/01119/042712springfieldf_1119642ff.jpg' saved [1973/1973]

--2012-05-14 05:09:39--  http://www.ohio-share.coxnewsweb.com/multimedia/dynamic/01118/c17retire2_1118368ff.jpg
Reusing existing connection to www.ohio-share.coxnewsweb.com:80.
HTTP request sent, awaiting response... 200 OK
Length: 1416 (1.4K) [image/jpeg]
Saving to: `code/../crawls/springfieldnewssun.com/Privacy-Policy/raw/www.ohio-share.coxnewsweb.com/multimedia/dynamic/01118/c17retire2_1118368ff.jpg'

     0K .                                                     100%  205M=0s

2012-05-14 05:09:39 (205 MB/s) - `code/../crawls/springfieldnewssun.com/Privacy-Policy/raw/www.ohio-share.coxnewsweb.com/multimedia/dynamic/01118/c17retire2_1118368ff.jpg' saved [1416/1416]

--2012-05-14 05:09:39--  http://www.ohio-share.coxnewsweb.com/multimedia/dynamic/01117/042412trailerfire_1117941ff.jpg
Reusing existing connection to www.ohio-share.coxnewsweb.com:80.
HTTP request sent, awaiting response... 200 OK
Length: 2312 (2.3K) [image/jpeg]
Saving to: `code/../crawls/springfieldnewssun.com/Privacy-Policy/raw/www.ohio-share.coxnewsweb.com/multimedia/dynamic/01117/042412trailerfire_1117941ff.jpg'

     0K ..                                                    100%  296M=0s

2012-05-14 05:09:39 (296 MB/s) - `code/../crawls/springfieldnewssun.com/Privacy-Policy/raw/www.ohio-share.coxnewsweb.com/multimedia/dynamic/01117/042412trailerfire_1117941ff.jpg' saved [2312/2312]

--2012-05-14 05:09:39--  http://www.ohio-share.coxnewsweb.com/multimedia/dynamic/01116/robportman_1116373ff.jpg
Reusing existing connection to www.ohio-share.coxnewsweb.com:80.
HTTP request sent, awaiting response... 200 OK
Length: 1838 (1.8K) [image/jpeg]
Saving to: `code/../crawls/springfieldnewssun.com/Privacy-Policy/raw/www.ohio-share.coxnewsweb.com/multimedia/dynamic/01116/robportman_1116373ff.jpg'

     0K .                                                     100% 8.19M=0s

2012-05-14 05:09:40 (8.19 MB/s) - `code/../crawls/springfieldnewssun.com/Privacy-Policy/raw/www.ohio-share.coxnewsweb.com/multimedia/dynamic/01116/robportman_1116373ff.jpg' saved [1838/1838]

--2012-05-14 05:09:40--  http://www.springfieldnewssun.com/images/base/ViewEarlier4.jpg
Connecting to www.springfieldnewssun.com|184.30.177.86|:80... connected.
HTTP request sent, awaiting response... 200 OK
Length: 1372 (1.3K) [image/jpeg]
Saving to: `code/../crawls/springfieldnewssun.com/Privacy-Policy/raw/www.springfieldnewssun.com/images/base/ViewEarlier4.jpg'

     0K .                                                     100%  205M=0s

2012-05-14 05:09:40 (205 MB/s) - `code/../crawls/springfieldnewssun.com/Privacy-Policy/raw/www.springfieldnewssun.com/images/base/ViewEarlier4.jpg' saved [1372/1372]

--2012-05-14 05:09:40--  http://widget.newsinc.com/_fw/springfield/thumb_springfield_hom.html
Resolving widget.newsinc.com... 207.171.185.200
Connecting to widget.newsinc.com|207.171.185.200|:80... connected.
HTTP request sent, awaiting response... 200 OK
Length: 4628 (4.5K) [text/html]
Saving to: `code/../crawls/springfieldnewssun.com/Privacy-Policy/raw/widget.newsinc.com/_fw/springfield/thumb_springfield_hom.html'

     0K ....                                                  100%  238K=0.02s

2012-05-14 05:09:40 (238 KB/s) - `code/../crawls/springfieldnewssun.com/Privacy-Policy/raw/widget.newsinc.com/_fw/springfield/thumb_springfield_hom.html' saved [4628/4628]

--2012-05-14 05:09:40--  http://cm.npc-cox.overture.com/partner/js/ypn.js
Resolving cm.npc-cox.overture.com... 216.155.207.26
Connecting to cm.npc-cox.overture.com|216.155.207.26|:80... connected.
HTTP request sent, awaiting response... 200 OK
Length: 8564 (8.4K) [application/x-javascript]
Saving to: `code/../crawls/springfieldnewssun.com/Privacy-Policy/raw/cm.npc-cox.overture.com/partner/js/ypn.js'

     0K ........                                              100% 1.40M=0.006s

2012-05-14 05:09:40 (1.40 MB/s) - `code/../crawls/springfieldnewssun.com/Privacy-Policy/raw/cm.npc-cox.overture.com/partner/js/ypn.js' saved [8564/8564]

--2012-05-14 05:09:40--  http://www.springfieldnewssun.com/images/base/ad_marker_logo.png
Connecting to www.springfieldnewssun.com|184.30.177.86|:80... connected.
HTTP request sent, awaiting response... 200 OK
Length: 398 [image/png]
Saving to: `code/../crawls/springfieldnewssun.com/Privacy-Policy/raw/www.springfieldnewssun.com/images/base/ad_marker_logo.png'

     0K                                                       100% 65.9M=0s

2012-05-14 05:09:40 (65.9 MB/s) - `code/../crawls/springfieldnewssun.com/Privacy-Policy/raw/www.springfieldnewssun.com/images/base/ad_marker_logo.png' saved [398/398]

--2012-05-14 05:09:40--  http://www.springfieldnewssun.com/images/base/vendor/ACAP/acap_enabled_small.gif
Reusing existing connection to www.springfieldnewssun.com:80.
HTTP request sent, awaiting response... 200 OK
Length: 656 [image/gif]
Saving to: `code/../crawls/springfieldnewssun.com/Privacy-Policy/raw/www.springfieldnewssun.com/images/base/vendor/ACAP/acap_enabled_small.gif'

     0K                                                       100%  107M=0s

2012-05-14 05:09:40 (107 MB/s) - `code/../crawls/springfieldnewssun.com/Privacy-Policy/raw/www.springfieldnewssun.com/images/base/vendor/ACAP/acap_enabled_small.gif' saved [656/656]

--2012-05-14 05:09:40--  http://www.springfieldnewssun.com/images/base/logo_cni.gif
Reusing existing connection to www.springfieldnewssun.com:80.
HTTP request sent, awaiting response... 200 OK
Length: 5551 (5.4K) [image/gif]
Saving to: `code/../crawls/springfieldnewssun.com/Privacy-Policy/raw/www.springfieldnewssun.com/images/base/logo_cni.gif'

     0K .....                                                 100% 24.4M=0s

2012-05-14 05:09:40 (24.4 MB/s) - `code/../crawls/springfieldnewssun.com/Privacy-Policy/raw/www.springfieldnewssun.com/images/base/logo_cni.gif' saved [5551/5551]

--2012-05-14 05:09:40--  http://www.springfieldnewssun.com/js/base/omniture/omniture.js
Reusing existing connection to www.springfieldnewssun.com:80.
HTTP request sent, awaiting response... 200 OK
Length: 24165 (24K) [application/x-javascript]
Saving to: `code/../crawls/springfieldnewssun.com/Privacy-Policy/raw/www.springfieldnewssun.com/js/base/omniture/omniture.js'

     0K .......... .......... ...                             100% 4.31M=0.005s

2012-05-14 05:09:40 (4.31 MB/s) - `code/../crawls/springfieldnewssun.com/Privacy-Policy/raw/www.springfieldnewssun.com/js/base/omniture/omniture.js' saved [24165/24165]

--2012-05-14 05:09:40--  http://www.springfieldnewssun.com/js/base/omniture/omniture_channels.js
Reusing existing connection to www.springfieldnewssun.com:80.
HTTP request sent, awaiting response... 200 OK
Length: 4204 (4.1K) [application/x-javascript]
Saving to: `code/../crawls/springfieldnewssun.com/Privacy-Policy/raw/www.springfieldnewssun.com/js/base/omniture/omniture_channels.js'

     0K ....                                                  100% 21.4M=0s

2012-05-14 05:09:40 (21.4 MB/s) - `code/../crawls/springfieldnewssun.com/Privacy-Policy/raw/www.springfieldnewssun.com/js/base/omniture/omniture_channels.js' saved [4204/4204]

--2012-05-14 05:09:40--  http://coxnetmasterglobal.112.2o7.net/b/ss/coxnetmasterglobal/1/H.1--NS/0
Resolving coxnetmasterglobal.112.2o7.net... 66.235.133.8, 66.235.133.11, 66.235.133.14, ...
Connecting to coxnetmasterglobal.112.2o7.net|66.235.133.8|:80... connected.
HTTP request sent, awaiting response... 302 Found
Location: http://coxnetmasterglobal.112.2o7.net/b/ss/coxnetmasterglobal/1/H.1--NS/0?AQB=1&pccr=true&AQE=1 [following]
--2012-05-14 05:09:40--  http://coxnetmasterglobal.112.2o7.net/b/ss/coxnetmasterglobal/1/H.1--NS/0?AQB=1&pccr=true&AQE=1
Reusing existing connection to coxnetmasterglobal.112.2o7.net:80.
HTTP request sent, awaiting response... 302 Found
Location: http://b.scorecardresearch.com/r?c2=6035944&d.c=gif&d.o=coxnetmasterglobal&d.x=21847498&d.t=page&d.u=http%3A%2F%2Fwww.springfieldnewssun.com%2Fservices%2Fprivacy-policy%2F [following]
--2012-05-14 05:09:40--  http://b.scorecardresearch.com/r?c2=6035944&d.c=gif&d.o=coxnetmasterglobal&d.x=21847498&d.t=page&d.u=http%3A%2F%2Fwww.springfieldnewssun.com%2Fservices%2Fprivacy-policy%2F
Resolving b.scorecardresearch.com... 206.160.170.50, 206.160.170.8, 206.160.170.19, ...
Connecting to b.scorecardresearch.com|206.160.170.50|:80... connected.
HTTP request sent, awaiting response... 302 Moved Temporarily
Location: http://b.scorecardresearch.com/r2?c2=6035944&d.c=gif&d.o=coxnetmasterglobal&d.x=21847498&d.t=page&d.u=http%3A%2F%2Fwww.springfieldnewssun.com%2Fservices%2Fprivacy-policy%2F [following]
--2012-05-14 05:09:40--  http://b.scorecardresearch.com/r2?c2=6035944&d.c=gif&d.o=coxnetmasterglobal&d.x=21847498&d.t=page&d.u=http%3A%2F%2Fwww.springfieldnewssun.com%2Fservices%2Fprivacy-policy%2F
Reusing existing connection to b.scorecardresearch.com:80.
HTTP request sent, awaiting response... 200 OK
Length: 43 [image/gif]
Saving to: `code/../crawls/springfieldnewssun.com/Privacy-Policy/raw/coxnetmasterglobal.112.2o7.net/b/ss/coxnetmasterglobal/1/H.1--NS/0'

     0K                                                       100% 12.1M=0s

2012-05-14 05:09:40 (12.1 MB/s) - `code/../crawls/springfieldnewssun.com/Privacy-Policy/raw/coxnetmasterglobal.112.2o7.net/b/ss/coxnetmasterglobal/1/H.1--NS/0' saved [43/43]

--2012-05-14 05:09:40--  http://www.springfieldnewssun.com/images/pub/icon/standard-list-arrow.gif
Connecting to www.springfieldnewssun.com|184.30.177.86|:80... connected.
HTTP request sent, awaiting response... 200 OK
Length: 43 [image/gif]
Saving to: `code/../crawls/springfieldnewssun.com/Privacy-Policy/raw/www.springfieldnewssun.com/images/pub/icon/standard-list-arrow.gif'

     0K                                                       100% 7.19M=0s

2012-05-14 05:09:40 (7.19 MB/s) - `code/../crawls/springfieldnewssun.com/Privacy-Policy/raw/www.springfieldnewssun.com/images/pub/icon/standard-list-arrow.gif' saved [43/43]

--2012-05-14 05:09:40--  http://www.springfieldnewssun.com/images/base/icon/icon_rss.gif
Reusing existing connection to www.springfieldnewssun.com:80.
HTTP request sent, awaiting response... 200 OK
Length: 1085 (1.1K) [image/gif]
Saving to: `code/../crawls/springfieldnewssun.com/Privacy-Policy/raw/www.springfieldnewssun.com/images/base/icon/icon_rss.gif'

     0K .                                                     100%  176M=0s

2012-05-14 05:09:40 (176 MB/s) - `code/../crawls/springfieldnewssun.com/Privacy-Policy/raw/www.springfieldnewssun.com/images/base/icon/icon_rss.gif' saved [1085/1085]

--2012-05-14 05:09:40--  http://www.springfieldnewssun.com/images/base/icon/icon_small_rss.gif
Reusing existing connection to www.springfieldnewssun.com:80.
HTTP request sent, awaiting response... 200 OK
Length: 590 [image/gif]
Saving to: `code/../crawls/springfieldnewssun.com/Privacy-Policy/raw/www.springfieldnewssun.com/images/base/icon/icon_small_rss.gif'

     0K                                                       100% 98.2M=0s

2012-05-14 05:09:41 (98.2 MB/s) - `code/../crawls/springfieldnewssun.com/Privacy-Policy/raw/www.springfieldnewssun.com/images/base/icon/icon_small_rss.gif' saved [590/590]

--2012-05-14 05:09:41--  http://www.springfieldnewssun.com/images/pub/framework/OH_Standard_BG.gif
Reusing existing connection to www.springfieldnewssun.com:80.
HTTP request sent, awaiting response... 200 OK
Length: 132 [image/gif]
Saving to: `code/../crawls/springfieldnewssun.com/Privacy-Policy/raw/www.springfieldnewssun.com/images/pub/framework/OH_Standard_BG.gif'

     0K                                                       100% 23.9M=0s

2012-05-14 05:09:41 (23.9 MB/s) - `code/../crawls/springfieldnewssun.com/Privacy-Policy/raw/www.springfieldnewssun.com/images/pub/framework/OH_Standard_BG.gif' saved [132/132]

--2012-05-14 05:09:41--  http://www.springfieldnewssun.com/images/pub/framework/OH_Header_BG.gif
Reusing existing connection to www.springfieldnewssun.com:80.
HTTP request sent, awaiting response... 200 OK
Length: 6517 (6.4K) [image/gif]
Saving to: `code/../crawls/springfieldnewssun.com/Privacy-Policy/raw/www.springfieldnewssun.com/images/pub/framework/OH_Header_BG.gif'

     0K ......                                                100% 20.4M=0s

2012-05-14 05:09:41 (20.4 MB/s) - `code/../crawls/springfieldnewssun.com/Privacy-Policy/raw/www.springfieldnewssun.com/images/pub/framework/OH_Header_BG.gif' saved [6517/6517]

--2012-05-14 05:09:41--  http://www.springfieldnewssun.com/images/pub/framework/OH_Footer_BG.gif
Reusing existing connection to www.springfieldnewssun.com:80.
HTTP request sent, awaiting response... 200 OK
Length: 2003 (2.0K) [image/gif]
Saving to: `code/../crawls/springfieldnewssun.com/Privacy-Policy/raw/www.springfieldnewssun.com/images/pub/framework/OH_Footer_BG.gif'

     0K .                                                     100%  287M=0s

2012-05-14 05:09:41 (287 MB/s) - `code/../crawls/springfieldnewssun.com/Privacy-Policy/raw/www.springfieldnewssun.com/images/pub/framework/OH_Footer_BG.gif' saved [2003/2003]

--2012-05-14 05:09:41--  http://www.springfieldnewssun.com/images/pub/framework/OH_greyBackground_34pxGradient.gif
Reusing existing connection to www.springfieldnewssun.com:80.
HTTP request sent, awaiting response... 200 OK
Length: 143 [image/gif]
Saving to: `code/../crawls/springfieldnewssun.com/Privacy-Policy/raw/www.springfieldnewssun.com/images/pub/framework/OH_greyBackground_34pxGradient.gif'

     0K                                                       100% 24.1M=0s

2012-05-14 05:09:41 (24.1 MB/s) - `code/../crawls/springfieldnewssun.com/Privacy-Policy/raw/www.springfieldnewssun.com/images/pub/framework/OH_greyBackground_34pxGradient.gif' saved [143/143]

--2012-05-14 05:09:41--  http://www.springfieldnewssun.com/images/pub/cxTabMenuBg.gif
Reusing existing connection to www.springfieldnewssun.com:80.
HTTP request sent, awaiting response... 200 OK
Length: 825 [image/gif]
Saving to: `code/../crawls/springfieldnewssun.com/Privacy-Policy/raw/www.springfieldnewssun.com/images/pub/cxTabMenuBg.gif'

     0K                                                       100%  140M=0s

2012-05-14 05:09:41 (140 MB/s) - `code/../crawls/springfieldnewssun.com/Privacy-Policy/raw/www.springfieldnewssun.com/images/pub/cxTabMenuBg.gif' saved [825/825]

--2012-05-14 05:09:41--  http://www.springfieldnewssun.com/images/base/icon/icon_commenting.gif
Reusing existing connection to www.springfieldnewssun.com:80.
HTTP request sent, awaiting response... 200 OK
Length: 1019 [image/gif]
Saving to: `code/../crawls/springfieldnewssun.com/Privacy-Policy/raw/www.springfieldnewssun.com/images/base/icon/icon_commenting.gif'

     0K                                                       100%  152M=0s

2012-05-14 05:09:41 (152 MB/s) - `code/../crawls/springfieldnewssun.com/Privacy-Policy/raw/www.springfieldnewssun.com/images/base/icon/icon_commenting.gif' saved [1019/1019]

--2012-05-14 05:09:41--  http://www.springfieldnewssun.com/images/base/icon/icon_prev-horizontal.gif
Reusing existing connection to www.springfieldnewssun.com:80.
HTTP request sent, awaiting response... 200 OK
Length: 843 [image/gif]
Saving to: `code/../crawls/springfieldnewssun.com/Privacy-Policy/raw/www.springfieldnewssun.com/images/base/icon/icon_prev-horizontal.gif'

     0K                                                       100%  144M=0s

2012-05-14 05:09:41 (144 MB/s) - `code/../crawls/springfieldnewssun.com/Privacy-Policy/raw/www.springfieldnewssun.com/images/base/icon/icon_prev-horizontal.gif' saved [843/843]

--2012-05-14 05:09:41--  http://www.springfieldnewssun.com/images/base/icon/icon_next-horizontal.gif
Reusing existing connection to www.springfieldnewssun.com:80.
HTTP request sent, awaiting response... 200 OK
Length: 839 [image/gif]
Saving to: `code/../crawls/springfieldnewssun.com/Privacy-Policy/raw/www.springfieldnewssun.com/images/base/icon/icon_next-horizontal.gif'

     0K                                                       100%  139M=0s

2012-05-14 05:09:41 (139 MB/s) - `code/../crawls/springfieldnewssun.com/Privacy-Policy/raw/www.springfieldnewssun.com/images/base/icon/icon_next-horizontal.gif' saved [839/839]

--2012-05-14 05:09:41--  http://www.springfieldnewssun.com/images/pub/framework/breakingNewsBackground.gif
Reusing existing connection to www.springfieldnewssun.com:80.
HTTP request sent, awaiting response... 200 OK
Length: 94 [image/gif]
Saving to: `code/../crawls/springfieldnewssun.com/Privacy-Policy/raw/www.springfieldnewssun.com/images/pub/framework/breakingNewsBackground.gif'

     0K                                                       100% 16.1M=0s

2012-05-14 05:09:41 (16.1 MB/s) - `code/../crawls/springfieldnewssun.com/Privacy-Policy/raw/www.springfieldnewssun.com/images/pub/framework/breakingNewsBackground.gif' saved [94/94]

--2012-05-14 05:09:41--  http://www.springfieldnewssun.com/images/pub/framework/breakingNewsRight.gif
Reusing existing connection to www.springfieldnewssun.com:80.
HTTP request sent, awaiting response... 200 OK
Length: 509 [image/gif]
Saving to: `code/../crawls/springfieldnewssun.com/Privacy-Policy/raw/www.springfieldnewssun.com/images/pub/framework/breakingNewsRight.gif'

     0K                                                       100% 81.6M=0s

2012-05-14 05:09:41 (81.6 MB/s) - `code/../crawls/springfieldnewssun.com/Privacy-Policy/raw/www.springfieldnewssun.com/images/pub/framework/breakingNewsRight.gif' saved [509/509]

--2012-05-14 05:09:41--  http://www.springfieldnewssun.com/images/pub/standard-list-arrow.gif
Reusing existing connection to www.springfieldnewssun.com:80.
HTTP request sent, awaiting response... 404 Not Found
2012-05-14 05:09:42 ERROR 404: Not Found.

--2012-05-14 05:09:42--  http://www.springfieldnewssun.com/images/pub/icon/standard-list-chevron.gif
Reusing existing connection to www.springfieldnewssun.com:80.
HTTP request sent, awaiting response... 200 OK
Length: 164 [image/gif]
Saving to: `code/../crawls/springfieldnewssun.com/Privacy-Policy/raw/www.springfieldnewssun.com/images/pub/icon/standard-list-chevron.gif'

     0K                                                       100% 28.0M=0s

2012-05-14 05:09:42 (28.0 MB/s) - `code/../crawls/springfieldnewssun.com/Privacy-Policy/raw/www.springfieldnewssun.com/images/pub/icon/standard-list-chevron.gif' saved [164/164]

--2012-05-14 05:09:42--  http://www.springfieldnewssun.com/images/pub/framework/OH_columnTeaserBG.gif
Reusing existing connection to www.springfieldnewssun.com:80.
HTTP request sent, awaiting response... 200 OK
Length: 168 [image/gif]
Saving to: `code/../crawls/springfieldnewssun.com/Privacy-Policy/raw/www.springfieldnewssun.com/images/pub/framework/OH_columnTeaserBG.gif'

     0K                                                       100% 29.0M=0s

2012-05-14 05:09:42 (29.0 MB/s) - `code/../crawls/springfieldnewssun.com/Privacy-Policy/raw/www.springfieldnewssun.com/images/pub/framework/OH_columnTeaserBG.gif' saved [168/168]

--2012-05-14 05:09:42--  http://www.springfieldnewssun.com/images/pub/widget/mostPopular/tab_backg.gif
Reusing existing connection to www.springfieldnewssun.com:80.
HTTP request sent, awaiting response... 200 OK
Length: 975 [image/gif]
Saving to: `code/../crawls/springfieldnewssun.com/Privacy-Policy/raw/www.springfieldnewssun.com/images/pub/widget/mostPopular/tab_backg.gif'

     0K                                                       100%  154M=0s

2012-05-14 05:09:42 (154 MB/s) - `code/../crawls/springfieldnewssun.com/Privacy-Policy/raw/www.springfieldnewssun.com/images/pub/widget/mostPopular/tab_backg.gif' saved [975/975]

--2012-05-14 05:09:42--  http://www.springfieldnewssun.com/images/pub/icon/icon_back.png
Reusing existing connection to www.springfieldnewssun.com:80.
HTTP request sent, awaiting response... 200 OK
Length: 2896 (2.8K) [image/png]
Saving to: `code/../crawls/springfieldnewssun.com/Privacy-Policy/raw/www.springfieldnewssun.com/images/pub/icon/icon_back.png'

     0K ..                                                    100% 38.0M=0s

2012-05-14 05:09:42 (38.0 MB/s) - `code/../crawls/springfieldnewssun.com/Privacy-Policy/raw/www.springfieldnewssun.com/images/pub/icon/icon_back.png' saved [2896/2896]

--2012-05-14 05:09:42--  http://www.springfieldnewssun.com/images/pub/icon/icon_email.png
Reusing existing connection to www.springfieldnewssun.com:80.
HTTP request sent, awaiting response... 200 OK
Length: 2917 (2.8K) [image/png]
Saving to: `code/../crawls/springfieldnewssun.com/Privacy-Policy/raw/www.springfieldnewssun.com/images/pub/icon/icon_email.png'

     0K ..                                                    100% 39.7M=0s

2012-05-14 05:09:42 (39.7 MB/s) - `code/../crawls/springfieldnewssun.com/Privacy-Policy/raw/www.springfieldnewssun.com/images/pub/icon/icon_email.png' saved [2917/2917]

--2012-05-14 05:09:42--  http://www.springfieldnewssun.com/images/pub/icon/icon_print.png
Reusing existing connection to www.springfieldnewssun.com:80.
HTTP request sent, awaiting response... 200 OK
Length: 2930 (2.9K) [image/png]
Saving to: `code/../crawls/springfieldnewssun.com/Privacy-Policy/raw/www.springfieldnewssun.com/images/pub/icon/icon_print.png'

     0K ..                                                    100% 38.5M=0s

2012-05-14 05:09:42 (38.5 MB/s) - `code/../crawls/springfieldnewssun.com/Privacy-Policy/raw/www.springfieldnewssun.com/images/pub/icon/icon_print.png' saved [2930/2930]

--2012-05-14 05:09:42--  http://www.springfieldnewssun.com/images/pub/icon/icon_page.png
Reusing existing connection to www.springfieldnewssun.com:80.
HTTP request sent, awaiting response... 200 OK
Length: 2908 (2.8K) [image/png]
Saving to: `code/../crawls/springfieldnewssun.com/Privacy-Policy/raw/www.springfieldnewssun.com/images/pub/icon/icon_page.png'

     0K ..                                                    100% 50.8M=0s

2012-05-14 05:09:42 (50.8 MB/s) - `code/../crawls/springfieldnewssun.com/Privacy-Policy/raw/www.springfieldnewssun.com/images/pub/icon/icon_page.png' saved [2908/2908]

--2012-05-14 05:09:42--  http://www.springfieldnewssun.com/images/pub/icon/icon_multi_page.png
Reusing existing connection to www.springfieldnewssun.com:80.
HTTP request sent, awaiting response... 200 OK
Length: 2882 (2.8K) [image/png]
Saving to: `code/../crawls/springfieldnewssun.com/Privacy-Policy/raw/www.springfieldnewssun.com/images/pub/icon/icon_multi_page.png'

     0K ..                                                    100% 38.8M=0s

2012-05-14 05:09:42 (38.8 MB/s) - `code/../crawls/springfieldnewssun.com/Privacy-Policy/raw/www.springfieldnewssun.com/images/pub/icon/icon_multi_page.png' saved [2882/2882]

--2012-05-14 05:09:42--  http://www.springfieldnewssun.com/images/pub/icon/icon_plus.png
Reusing existing connection to www.springfieldnewssun.com:80.
HTTP request sent, awaiting response... 200 OK
Length: 2882 (2.8K) [image/png]
Saving to: `code/../crawls/springfieldnewssun.com/Privacy-Policy/raw/www.springfieldnewssun.com/images/pub/icon/icon_plus.png'

     0K ..                                                    100% 40.8M=0s

2012-05-14 05:09:42 (40.8 MB/s) - `code/../crawls/springfieldnewssun.com/Privacy-Policy/raw/www.springfieldnewssun.com/images/pub/icon/icon_plus.png' saved [2882/2882]

--2012-05-14 05:09:42--  http://www.springfieldnewssun.com/images/pub/icon/icon_minus.png
Reusing existing connection to www.springfieldnewssun.com:80.
HTTP request sent, awaiting response... 200 OK
Length: 188 [image/png]
Saving to: `code/../crawls/springfieldnewssun.com/Privacy-Policy/raw/www.springfieldnewssun.com/images/pub/icon/icon_minus.png'

     0K                                                       100% 33.5M=0s

2012-05-14 05:09:42 (33.5 MB/s) - `code/../crawls/springfieldnewssun.com/Privacy-Policy/raw/www.springfieldnewssun.com/images/pub/icon/icon_minus.png' saved [188/188]

--2012-05-14 05:09:42--  http://www.springfieldnewssun.com/images/pub/icon/icon_author.png
Reusing existing connection to www.springfieldnewssun.com:80.
HTTP request sent, awaiting response... 200 OK
Length: 2930 (2.9K) [image/png]
Saving to: `code/../crawls/springfieldnewssun.com/Privacy-Policy/raw/www.springfieldnewssun.com/images/pub/icon/icon_author.png'

     0K ..                                                    100% 50.2M=0s

2012-05-14 05:09:43 (50.2 MB/s) - `code/../crawls/springfieldnewssun.com/Privacy-Policy/raw/www.springfieldnewssun.com/images/pub/icon/icon_author.png' saved [2930/2930]

--2012-05-14 05:09:43--  http://www.springfieldnewssun.com/images/pub/recommend_check.gif
Reusing existing connection to www.springfieldnewssun.com:80.
HTTP request sent, awaiting response... 404 Not Found
2012-05-14 05:09:43 ERROR 404: Not Found.

--2012-05-14 05:09:43--  http://www.springfieldnewssun.com/images/pub/widget/slideshow/nav-bg.png
Reusing existing connection to www.springfieldnewssun.com:80.
HTTP request sent, awaiting response... 200 OK
Length: 185 [image/png]
Saving to: `code/../crawls/springfieldnewssun.com/Privacy-Policy/raw/www.springfieldnewssun.com/images/pub/widget/slideshow/nav-bg.png'

     0K                                                       100% 33.2M=0s

2012-05-14 05:09:43 (33.2 MB/s) - `code/../crawls/springfieldnewssun.com/Privacy-Policy/raw/www.springfieldnewssun.com/images/pub/widget/slideshow/nav-bg.png' saved [185/185]

--2012-05-14 05:09:43--  http://www.springfieldnewssun.com/images/pub/widget/slideshow/nav-bg-hover.png
Reusing existing connection to www.springfieldnewssun.com:80.
HTTP request sent, awaiting response... 200 OK
Length: 197 [image/png]
Saving to: `code/../crawls/springfieldnewssun.com/Privacy-Policy/raw/www.springfieldnewssun.com/images/pub/widget/slideshow/nav-bg-hover.png'

     0K                                                       100% 35.7M=0s

2012-05-14 05:09:43 (35.7 MB/s) - `code/../crawls/springfieldnewssun.com/Privacy-Policy/raw/www.springfieldnewssun.com/images/pub/widget/slideshow/nav-bg-hover.png' saved [197/197]

--2012-05-14 05:09:43--  http://www.springfieldnewssun.com/images/pub/widget/slideshow/nav-speed-control-track.png
Reusing existing connection to www.springfieldnewssun.com:80.
HTTP request sent, awaiting response... 200 OK
Length: 134 [image/png]
Saving to: `code/../crawls/springfieldnewssun.com/Privacy-Policy/raw/www.springfieldnewssun.com/images/pub/widget/slideshow/nav-speed-control-track.png'

     0K                                                       100% 23.0M=0s

2012-05-14 05:09:44 (23.0 MB/s) - `code/../crawls/springfieldnewssun.com/Privacy-Policy/raw/www.springfieldnewssun.com/images/pub/widget/slideshow/nav-speed-control-track.png' saved [134/134]

--2012-05-14 05:09:44--  http://www.springfieldnewssun.com/images/pub/widget/slideshow/nav-speed-control-handle.png
Reusing existing connection to www.springfieldnewssun.com:80.
HTTP request sent, awaiting response... 200 OK
Length: 126 [image/png]
Saving to: `code/../crawls/springfieldnewssun.com/Privacy-Policy/raw/www.springfieldnewssun.com/images/pub/widget/slideshow/nav-speed-control-handle.png'

     0K                                                       100% 21.7M=0s

2012-05-14 05:09:44 (21.7 MB/s) - `code/../crawls/springfieldnewssun.com/Privacy-Policy/raw/www.springfieldnewssun.com/images/pub/widget/slideshow/nav-speed-control-handle.png' saved [126/126]

--2012-05-14 05:09:44--  http://www.springfieldnewssun.com/images/pub/widget/slideshow/nav-icon-play.png
Reusing existing connection to www.springfieldnewssun.com:80.
HTTP request sent, awaiting response... 200 OK
Length: 155 [image/png]
Saving to: `code/../crawls/springfieldnewssun.com/Privacy-Policy/raw/www.springfieldnewssun.com/images/pub/widget/slideshow/nav-icon-play.png'

     0K                                                       100% 27.9M=0s

2012-05-14 05:09:44 (27.9 MB/s) - `code/../crawls/springfieldnewssun.com/Privacy-Policy/raw/www.springfieldnewssun.com/images/pub/widget/slideshow/nav-icon-play.png' saved [155/155]

--2012-05-14 05:09:44--  http://www.springfieldnewssun.com/images/pub/widget/slideshow/nav-icon-stop.png
Reusing existing connection to www.springfieldnewssun.com:80.
HTTP request sent, awaiting response... 200 OK
Length: 126 [image/png]
Saving to: `code/../crawls/springfieldnewssun.com/Privacy-Policy/raw/www.springfieldnewssun.com/images/pub/widget/slideshow/nav-icon-stop.png'

     0K                                                       100% 22.0M=0s

2012-05-14 05:09:44 (22.0 MB/s) - `code/../crawls/springfieldnewssun.com/Privacy-Policy/raw/www.springfieldnewssun.com/images/pub/widget/slideshow/nav-icon-stop.png' saved [126/126]

--2012-05-14 05:09:44--  http://www.springfieldnewssun.com/images/pub/widget/slideshow/nav-arrow-left.png
Reusing existing connection to www.springfieldnewssun.com:80.
HTTP request sent, awaiting response... 200 OK
Length: 311 [image/png]
Saving to: `code/../crawls/springfieldnewssun.com/Privacy-Policy/raw/www.springfieldnewssun.com/images/pub/widget/slideshow/nav-arrow-left.png'

     0K                                                       100% 55.0M=0s

2012-05-14 05:09:44 (55.0 MB/s) - `code/../crawls/springfieldnewssun.com/Privacy-Policy/raw/www.springfieldnewssun.com/images/pub/widget/slideshow/nav-arrow-left.png' saved [311/311]

--2012-05-14 05:09:44--  http://www.springfieldnewssun.com/images/pub/widget/slideshow/nav-arrow-left-hover.png
Reusing existing connection to www.springfieldnewssun.com:80.
HTTP request sent, awaiting response... 200 OK
Length: 283 [image/png]
Saving to: `code/../crawls/springfieldnewssun.com/Privacy-Policy/raw/www.springfieldnewssun.com/images/pub/widget/slideshow/nav-arrow-left-hover.png'

     0K                                                       100% 49.8M=0s

2012-05-14 05:09:45 (49.8 MB/s) - `code/../crawls/springfieldnewssun.com/Privacy-Policy/raw/www.springfieldnewssun.com/images/pub/widget/slideshow/nav-arrow-left-hover.png' saved [283/283]

--2012-05-14 05:09:45--  http://www.springfieldnewssun.com/images/pub/widget/slideshow/nav-arrow-right.png
Reusing existing connection to www.springfieldnewssun.com:80.
HTTP request sent, awaiting response... 200 OK
Length: 301 [image/png]
Saving to: `code/../crawls/springfieldnewssun.com/Privacy-Policy/raw/www.springfieldnewssun.com/images/pub/widget/slideshow/nav-arrow-right.png'

     0K                                                       100% 52.7M=0s

2012-05-14 05:09:45 (52.7 MB/s) - `code/../crawls/springfieldnewssun.com/Privacy-Policy/raw/www.springfieldnewssun.com/images/pub/widget/slideshow/nav-arrow-right.png' saved [301/301]

--2012-05-14 05:09:45--  http://www.springfieldnewssun.com/images/pub/widget/slideshow/nav-arrow-right-hover.png
Reusing existing connection to www.springfieldnewssun.com:80.
HTTP request sent, awaiting response... 200 OK
Length: 288 [image/png]
Saving to: `code/../crawls/springfieldnewssun.com/Privacy-Policy/raw/www.springfieldnewssun.com/images/pub/widget/slideshow/nav-arrow-right-hover.png'

     0K                                                       100% 48.5M=0s

2012-05-14 05:09:45 (48.5 MB/s) - `code/../crawls/springfieldnewssun.com/Privacy-Policy/raw/www.springfieldnewssun.com/images/pub/widget/slideshow/nav-arrow-right-hover.png' saved [288/288]

--2012-05-14 05:09:45--  http://www.springfieldnewssun.com/images/pub/widget/slideshow/nav-thumb-hover.png
Reusing existing connection to www.springfieldnewssun.com:80.
HTTP request sent, awaiting response... 200 OK
Length: 572 [image/png]
Saving to: `code/../crawls/springfieldnewssun.com/Privacy-Policy/raw/www.springfieldnewssun.com/images/pub/widget/slideshow/nav-thumb-hover.png'

     0K                                                       100% 94.6M=0s

2012-05-14 05:09:45 (94.6 MB/s) - `code/../crawls/springfieldnewssun.com/Privacy-Policy/raw/www.springfieldnewssun.com/images/pub/widget/slideshow/nav-thumb-hover.png' saved [572/572]

--2012-05-14 05:09:45--  http://www.springfieldnewssun.com/css/pub/article/images/ui-bg_glass_75_e6e6e6_1x400.png
Reusing existing connection to www.springfieldnewssun.com:80.
HTTP request sent, awaiting response... 404 Not Found
2012-05-14 05:09:46 ERROR 404: Not Found.

--2012-05-14 05:09:46--  http://www.springfieldnewssun.com/images/base/icon/icon_audio.gif
Reusing existing connection to www.springfieldnewssun.com:80.
HTTP request sent, awaiting response... 404 Not Found
2012-05-14 05:09:46 ERROR 404: Not Found.

--2012-05-14 05:09:46--  http://www.springfieldnewssun.com/images/base/icon/icon_compatibility.gif
Reusing existing connection to www.springfieldnewssun.com:80.
HTTP request sent, awaiting response... 404 Not Found
2012-05-14 05:09:46 ERROR 404: Not Found.

--2012-05-14 05:09:46--  http://www.springfieldnewssun.com/images/base/icon/icon_star.gif
Reusing existing connection to www.springfieldnewssun.com:80.
HTTP request sent, awaiting response... 404 Not Found
2012-05-14 05:09:47 ERROR 404: Not Found.

--2012-05-14 05:09:52--  http://www.springfieldnewssun.com/images/base/icon/icon_buy.gif
Reusing existing connection to www.springfieldnewssun.com:80.
HTTP request sent, awaiting response... 404 Not Found
2012-05-14 05:09:53 ERROR 404: Not Found.

--2012-05-14 05:09:53--  http://www.springfieldnewssun.com/images/base/icon/icon_externallink.gif
Reusing existing connection to www.springfieldnewssun.com:80.
HTTP request sent, awaiting response... 404 Not Found
2012-05-14 05:09:53 ERROR 404: Not Found.

--2012-05-14 05:09:53--  http://www.springfieldnewssun.com/images/base/icon/icon_interactive.gif
Reusing existing connection to www.springfieldnewssun.com:80.
HTTP request sent, awaiting response... 404 Not Found
2012-05-14 05:09:53 ERROR 404: Not Found.

--2012-05-14 05:09:53--  http://www.springfieldnewssun.com/images/base/icon/icon_pdf.gif
Reusing existing connection to www.springfieldnewssun.com:80.
HTTP request sent, awaiting response... 404 Not Found
2012-05-14 05:09:54 ERROR 404: Not Found.

--2012-05-14 05:09:54--  http://www.springfieldnewssun.com/images/base/icon/icon_story.gif
Reusing existing connection to www.springfieldnewssun.com:80.
HTTP request sent, awaiting response... 200 OK
Length: 335 [image/gif]
Saving to: `code/../crawls/springfieldnewssun.com/Privacy-Policy/raw/www.springfieldnewssun.com/images/base/icon/icon_story.gif'

     0K                                                       100% 49.1M=0s

2012-05-14 05:09:54 (49.1 MB/s) - `code/../crawls/springfieldnewssun.com/Privacy-Policy/raw/www.springfieldnewssun.com/images/base/icon/icon_story.gif' saved [335/335]

--2012-05-14 05:09:54--  http://www.springfieldnewssun.com/images/base/icon/icon_text.gif
Reusing existing connection to www.springfieldnewssun.com:80.
HTTP request sent, awaiting response... 404 Not Found
2012-05-14 05:09:54 ERROR 404: Not Found.

--2012-05-14 05:09:54--  http://www.springfieldnewssun.com/images/base/icon/icon_video.gif
Reusing existing connection to www.springfieldnewssun.com:80.
HTTP request sent, awaiting response... 404 Not Found
2012-05-14 05:09:55 ERROR 404: Not Found.

--2012-05-14 05:09:55--  http://www.springfieldnewssun.com/images/base/icon/icon_word.gif
Reusing existing connection to www.springfieldnewssun.com:80.
HTTP request sent, awaiting response... 404 Not Found
2012-05-14 05:09:55 ERROR 404: Not Found.

--2012-05-14 05:09:55--  http://www.springfieldnewssun.com/images/base/icon/icon_article.gif
Reusing existing connection to www.springfieldnewssun.com:80.
HTTP request sent, awaiting response... 404 Not Found
2012-05-14 05:09:55 ERROR 404: Not Found.

--2012-05-14 05:09:55--  http://www.springfieldnewssun.com/images/base/icon/icon_news.gif
Reusing existing connection to www.springfieldnewssun.com:80.
HTTP request sent, awaiting response... 404 Not Found
2012-05-14 05:09:56 ERROR 404: Not Found.

--2012-05-14 05:09:56--  http://www.springfieldnewssun.com/images/base/icon/icon_heart.gif
Reusing existing connection to www.springfieldnewssun.com:80.
HTTP request sent, awaiting response... 404 Not Found
2012-05-14 05:09:56 ERROR 404: Not Found.

--2012-05-14 05:09:56--  http://www.springfieldnewssun.com/images/pub/widget/horoscopes/cxDarkGreenSubFormHeader.gif
Reusing existing connection to www.springfieldnewssun.com:80.
HTTP request sent, awaiting response... 200 OK
Length: 1566 (1.5K) [image/gif]
Saving to: `code/../crawls/springfieldnewssun.com/Privacy-Policy/raw/www.springfieldnewssun.com/images/pub/widget/horoscopes/cxDarkGreenSubFormHeader.gif'

     0K .                                                     100%  229M=0s

2012-05-14 05:09:56 (229 MB/s) - `code/../crawls/springfieldnewssun.com/Privacy-Policy/raw/www.springfieldnewssun.com/images/pub/widget/horoscopes/cxDarkGreenSubFormHeader.gif' saved [1566/1566]

--2012-05-14 05:09:56--  http://www.springfieldnewssun.com/images/pub/widget/horoscopes/cxDarkGreenSubFormHeaderClosed.gif
Reusing existing connection to www.springfieldnewssun.com:80.
HTTP request sent, awaiting response... 200 OK
Length: 1248 (1.2K) [image/gif]
Saving to: `code/../crawls/springfieldnewssun.com/Privacy-Policy/raw/www.springfieldnewssun.com/images/pub/widget/horoscopes/cxDarkGreenSubFormHeaderClosed.gif'

     0K .                                                     100%  192M=0s

2012-05-14 05:09:56 (192 MB/s) - `code/../crawls/springfieldnewssun.com/Privacy-Policy/raw/www.springfieldnewssun.com/images/pub/widget/horoscopes/cxDarkGreenSubFormHeaderClosed.gif' saved [1248/1248]

--2012-05-14 05:09:56--  http://www.springfieldnewssun.com/images/pub/widget/horoscopes/cxDarkGreenSubFormBG.gif
Reusing existing connection to www.springfieldnewssun.com:80.
HTTP request sent, awaiting response... 200 OK
Length: 190 [image/gif]
Saving to: `code/../crawls/springfieldnewssun.com/Privacy-Policy/raw/www.springfieldnewssun.com/images/pub/widget/horoscopes/cxDarkGreenSubFormBG.gif'

     0K                                                       100% 31.9M=0s

2012-05-14 05:09:57 (31.9 MB/s) - `code/../crawls/springfieldnewssun.com/Privacy-Policy/raw/www.springfieldnewssun.com/images/pub/widget/horoscopes/cxDarkGreenSubFormBG.gif' saved [190/190]

--2012-05-14 05:09:57--  http://www.springfieldnewssun.com/images/pub/widget/horoscopes/cxDarkGreenSubFormBottom.gif
Reusing existing connection to www.springfieldnewssun.com:80.
HTTP request sent, awaiting response... 200 OK
Length: 1091 (1.1K) [image/gif]
Saving to: `code/../crawls/springfieldnewssun.com/Privacy-Policy/raw/www.springfieldnewssun.com/images/pub/widget/horoscopes/cxDarkGreenSubFormBottom.gif'

     0K .                                                     100%  182M=0s

2012-05-14 05:09:57 (182 MB/s) - `code/../crawls/springfieldnewssun.com/Privacy-Policy/raw/www.springfieldnewssun.com/images/pub/widget/horoscopes/cxDarkGreenSubFormBottom.gif' saved [1091/1091]

--2012-05-14 05:09:57--  http://www.springfieldnewssun.com/images/pub/widget/horoscopes/LeftGreen_Solid.gif
Reusing existing connection to www.springfieldnewssun.com:80.
HTTP request sent, awaiting response... 200 OK
Length: 563 [image/gif]
Saving to: `code/../crawls/springfieldnewssun.com/Privacy-Policy/raw/www.springfieldnewssun.com/images/pub/widget/horoscopes/LeftGreen_Solid.gif'

     0K                                                       100%  100M=0s

2012-05-14 05:09:57 (100 MB/s) - `code/../crawls/springfieldnewssun.com/Privacy-Policy/raw/www.springfieldnewssun.com/images/pub/widget/horoscopes/LeftGreen_Solid.gif' saved [563/563]

--2012-05-14 05:09:57--  http://www.springfieldnewssun.com/images/pub/widget/horoscopes/RightGreen_Solid.gif
Reusing existing connection to www.springfieldnewssun.com:80.
HTTP request sent, awaiting response... 200 OK
Length: 550 [image/gif]
Saving to: `code/../crawls/springfieldnewssun.com/Privacy-Policy/raw/www.springfieldnewssun.com/images/pub/widget/horoscopes/RightGreen_Solid.gif'

     0K                                                       100% 90.3M=0s

2012-05-14 05:09:57 (90.3 MB/s) - `code/../crawls/springfieldnewssun.com/Privacy-Policy/raw/www.springfieldnewssun.com/images/pub/widget/horoscopes/RightGreen_Solid.gif' saved [550/550]

--2012-05-14 05:09:57--  http://www.springfieldnewssun.com/images/pub/widget/horoscopes/LeftBlack_Solid.gif
Reusing existing connection to www.springfieldnewssun.com:80.
HTTP request sent, awaiting response... 200 OK
Length: 906 [image/gif]
Saving to: `code/../crawls/springfieldnewssun.com/Privacy-Policy/raw/www.springfieldnewssun.com/images/pub/widget/horoscopes/LeftBlack_Solid.gif'

     0K                                                       100%  150M=0s

2012-05-14 05:09:58 (150 MB/s) - `code/../crawls/springfieldnewssun.com/Privacy-Policy/raw/www.springfieldnewssun.com/images/pub/widget/horoscopes/LeftBlack_Solid.gif' saved [906/906]

--2012-05-14 05:09:58--  http://www.springfieldnewssun.com/images/pub/widget/horoscopes/RightBlack_Solid.gif
Reusing existing connection to www.springfieldnewssun.com:80.
HTTP request sent, awaiting response... 200 OK
Length: 238 [image/gif]
Saving to: `code/../crawls/springfieldnewssun.com/Privacy-Policy/raw/www.springfieldnewssun.com/images/pub/widget/horoscopes/RightBlack_Solid.gif'

     0K                                                       100% 40.9M=0s

2012-05-14 05:09:58 (40.9 MB/s) - `code/../crawls/springfieldnewssun.com/Privacy-Policy/raw/www.springfieldnewssun.com/images/pub/widget/horoscopes/RightBlack_Solid.gif' saved [238/238]

--2012-05-14 05:09:58--  http://www.springfieldnewssun.com/images/pub/widget/horoscopes/cxHoroscopeLanding_tabcontainer_corner_top_right.gif
Reusing existing connection to www.springfieldnewssun.com:80.
HTTP request sent, awaiting response... 200 OK
Length: 1983 (1.9K) [image/gif]
Saving to: `code/../crawls/springfieldnewssun.com/Privacy-Policy/raw/www.springfieldnewssun.com/images/pub/widget/horoscopes/cxHoroscopeLanding_tabcontainer_corner_top_right.gif'

     0K .                                                     100%  166M=0s

2012-05-14 05:09:58 (166 MB/s) - `code/../crawls/springfieldnewssun.com/Privacy-Policy/raw/www.springfieldnewssun.com/images/pub/widget/horoscopes/cxHoroscopeLanding_tabcontainer_corner_top_right.gif' saved [1983/1983]

--2012-05-14 05:09:58--  http://www.springfieldnewssun.com/images/pub/widget/horoscopes/cxHoroscopeLanding_tab_BG.gif
Reusing existing connection to www.springfieldnewssun.com:80.
HTTP request sent, awaiting response... 200 OK
Length: 62127 (61K) [image/gif]
Saving to: `code/../crawls/springfieldnewssun.com/Privacy-Policy/raw/www.springfieldnewssun.com/images/pub/widget/horoscopes/cxHoroscopeLanding_tab_BG.gif'

     0K .......... .......... .......... .......... .......... 82% 8.23M 0s
    50K ..........                                            100% 9.41M=0.007s

2012-05-14 05:09:58 (8.41 MB/s) - `code/../crawls/springfieldnewssun.com/Privacy-Policy/raw/www.springfieldnewssun.com/images/pub/widget/horoscopes/cxHoroscopeLanding_tab_BG.gif' saved [62127/62127]

--2012-05-14 05:09:58--  http://www.springfieldnewssun.com/images/pub/widget/horoscopes/cxHoroscopeLanding_tabbottom_background.gif
Reusing existing connection to www.springfieldnewssun.com:80.
HTTP request sent, awaiting response... 200 OK
Length: 12580 (12K) [image/gif]
Saving to: `code/../crawls/springfieldnewssun.com/Privacy-Policy/raw/www.springfieldnewssun.com/images/pub/widget/horoscopes/cxHoroscopeLanding_tabbottom_background.gif'

     0K .......... ..                                         100% 13.3M=0.001s

2012-05-14 05:09:58 (13.3 MB/s) - `code/../crawls/springfieldnewssun.com/Privacy-Policy/raw/www.springfieldnewssun.com/images/pub/widget/horoscopes/cxHoroscopeLanding_tabbottom_background.gif' saved [12580/12580]

--2012-05-14 05:09:58--  http://www.springfieldnewssun.com/images/pub/widget/horoscopes/cxHoroscopeLanding_tabbottom_backgroundPETS.gif
Reusing existing connection to www.springfieldnewssun.com:80.
HTTP request sent, awaiting response... 200 OK
Length: 13257 (13K) [image/gif]
Saving to: `code/../crawls/springfieldnewssun.com/Privacy-Policy/raw/www.springfieldnewssun.com/images/pub/widget/horoscopes/cxHoroscopeLanding_tabbottom_backgroundPETS.gif'

     0K .......... ..                                         100% 13.7M=0.001s

2012-05-14 05:09:59 (13.7 MB/s) - `code/../crawls/springfieldnewssun.com/Privacy-Policy/raw/www.springfieldnewssun.com/images/pub/widget/horoscopes/cxHoroscopeLanding_tabbottom_backgroundPETS.gif' saved [13257/13257]

--2012-05-14 05:09:59--  http://www.springfieldnewssun.com/images/pub/widget/horoscopes/LeftLightGreen_Solid.gif
Reusing existing connection to www.springfieldnewssun.com:80.
HTTP request sent, awaiting response... 200 OK
Length: 547 [image/gif]
Saving to: `code/../crawls/springfieldnewssun.com/Privacy-Policy/raw/www.springfieldnewssun.com/images/pub/widget/horoscopes/LeftLightGreen_Solid.gif'

     0K                                                       100% 96.6M=0s

2012-05-14 05:09:59 (96.6 MB/s) - `code/../crawls/springfieldnewssun.com/Privacy-Policy/raw/www.springfieldnewssun.com/images/pub/widget/horoscopes/LeftLightGreen_Solid.gif' saved [547/547]

--2012-05-14 05:09:59--  http://www.springfieldnewssun.com/images/pub/widget/horoscopes/RightLightGreen_Solid.gif
Reusing existing connection to www.springfieldnewssun.com:80.
HTTP request sent, awaiting response... 200 OK
Length: 343 [image/gif]
Saving to: `code/../crawls/springfieldnewssun.com/Privacy-Policy/raw/www.springfieldnewssun.com/images/pub/widget/horoscopes/RightLightGreen_Solid.gif'

     0K                                                       100% 59.6M=0s

2012-05-14 05:09:59 (59.6 MB/s) - `code/../crawls/springfieldnewssun.com/Privacy-Policy/raw/www.springfieldnewssun.com/images/pub/widget/horoscopes/RightLightGreen_Solid.gif' saved [343/343]

--2012-05-14 05:09:59--  http://www.springfieldnewssun.com/images/pub/widget/horoscopes/LeftLightGreen.gif
Reusing existing connection to www.springfieldnewssun.com:80.
HTTP request sent, awaiting response... 200 OK
Length: 444 [image/gif]
Saving to: `code/../crawls/springfieldnewssun.com/Privacy-Policy/raw/www.springfieldnewssun.com/images/pub/widget/horoscopes/LeftLightGreen.gif'

     0K                                                       100% 73.2M=0s

2012-05-14 05:09:59 (73.2 MB/s) - `code/../crawls/springfieldnewssun.com/Privacy-Policy/raw/www.springfieldnewssun.com/images/pub/widget/horoscopes/LeftLightGreen.gif' saved [444/444]

--2012-05-14 05:09:59--  http://www.springfieldnewssun.com/images/pub/widget/horoscopes/RightLightGreen.gif
Reusing existing connection to www.springfieldnewssun.com:80.
HTTP request sent, awaiting response... 200 OK
Length: 627 [image/gif]
Saving to: `code/../crawls/springfieldnewssun.com/Privacy-Policy/raw/www.springfieldnewssun.com/images/pub/widget/horoscopes/RightLightGreen.gif'

     0K                                                       100%  112M=0s

2012-05-14 05:09:59 (112 MB/s) - `code/../crawls/springfieldnewssun.com/Privacy-Policy/raw/www.springfieldnewssun.com/images/pub/widget/horoscopes/RightLightGreen.gif' saved [627/627]

--2012-05-14 05:09:59--  http://www.springfieldnewssun.com/images/pub/widget/horoscopes/tabcontainer_corner_top_right.gif
Reusing existing connection to www.springfieldnewssun.com:80.
HTTP request sent, awaiting response... 200 OK
Length: 1100 (1.1K) [image/gif]
Saving to: `code/../crawls/springfieldnewssun.com/Privacy-Policy/raw/www.springfieldnewssun.com/images/pub/widget/horoscopes/tabcontainer_corner_top_right.gif'

     0K .                                                     100%  102M=0s

2012-05-14 05:10:00 (102 MB/s) - `code/../crawls/springfieldnewssun.com/Privacy-Policy/raw/www.springfieldnewssun.com/images/pub/widget/horoscopes/tabcontainer_corner_top_right.gif' saved [1100/1100]

--2012-05-14 05:10:00--  http://www.springfieldnewssun.com/images/pub/widget/horoscopes/tabcontent_background.gif
Reusing existing connection to www.springfieldnewssun.com:80.
HTTP request sent, awaiting response... 200 OK
Length: 445 [image/gif]
Saving to: `code/../crawls/springfieldnewssun.com/Privacy-Policy/raw/www.springfieldnewssun.com/images/pub/widget/horoscopes/tabcontent_background.gif'

     0K                                                       100% 74.5M=0s

2012-05-14 05:10:00 (74.5 MB/s) - `code/../crawls/springfieldnewssun.com/Privacy-Policy/raw/www.springfieldnewssun.com/images/pub/widget/horoscopes/tabcontent_background.gif' saved [445/445]

--2012-05-14 05:10:00--  http://www.springfieldnewssun.com/images/pub/widget/horoscopes/tabbottom_background.gif
Reusing existing connection to www.springfieldnewssun.com:80.
HTTP request sent, awaiting response... 200 OK
Length: 844 [image/gif]
Saving to: `code/../crawls/springfieldnewssun.com/Privacy-Policy/raw/www.springfieldnewssun.com/images/pub/widget/horoscopes/tabbottom_background.gif'

     0K                                                       100%  139M=0s

2012-05-14 05:10:00 (139 MB/s) - `code/../crawls/springfieldnewssun.com/Privacy-Policy/raw/www.springfieldnewssun.com/images/pub/widget/horoscopes/tabbottom_background.gif' saved [844/844]

--2012-05-14 05:10:00--  http://assets.newsinc.com/ndn.2.js
Resolving assets.newsinc.com... 206.160.170.18, 206.160.170.42
Connecting to assets.newsinc.com|206.160.170.18|:80... connected.
HTTP request sent, awaiting response... 200 OK
Length: 4038 (3.9K) [text/javascript]
Saving to: `code/../crawls/springfieldnewssun.com/Privacy-Policy/raw/assets.newsinc.com/ndn.2.js'

     0K ...                                                   100% 31.7M=0s

2012-05-14 05:10:00 (31.7 MB/s) - `code/../crawls/springfieldnewssun.com/Privacy-Policy/raw/assets.newsinc.com/ndn.2.js' saved [4038/4038]

--2012-05-14 05:10:00--  http://assets.newsinc.com/swfobject.js
Reusing existing connection to assets.newsinc.com:80.
HTTP request sent, awaiting response... 200 OK
Length: 21219 (21K) [application/x-javascript]
Saving to: `code/../crawls/springfieldnewssun.com/Privacy-Policy/raw/assets.newsinc.com/swfobject.js'

     0K .......... ..........                                 100% 5.91M=0.003s

2012-05-14 05:10:00 (5.91 MB/s) - `code/../crawls/springfieldnewssun.com/Privacy-Policy/raw/assets.newsinc.com/swfobject.js' saved [21219/21219]

--2012-05-14 05:10:00--  http://edge.quantserve.com/quant.js
Resolving edge.quantserve.com... 64.94.107.15, 64.94.107.19, 64.94.107.22, ...
Connecting to edge.quantserve.com|64.94.107.15|:80... connected.
HTTP request sent, awaiting response... 200 OK
Length: 5299 (5.2K) [application/x-javascript]
Saving to: `code/../crawls/springfieldnewssun.com/Privacy-Policy/raw/edge.quantserve.com/quant.js'

     0K .....                                                 100% 22.7M=0s

2012-05-14 05:10:00 (22.7 MB/s) - `code/../crawls/springfieldnewssun.com/Privacy-Policy/raw/edge.quantserve.com/quant.js' saved [5299/5299]

--2012-05-14 05:10:00--  http://pixel.quantserve.com/pixel/p-573scDfDoUH6o.gif
Resolving pixel.quantserve.com... 64.94.107.18, 64.94.107.21, 64.94.107.29, ...
Connecting to pixel.quantserve.com|64.94.107.18|:80... connected.
HTTP request sent, awaiting response... 200 OK
Length: 35 [image/gif]
Saving to: `code/../crawls/springfieldnewssun.com/Privacy-Policy/raw/pixel.quantserve.com/pixel/p-573scDfDoUH6o.gif'

     0K                                                       100% 6.02M=0s

2012-05-14 05:10:00 (6.02 MB/s) - `code/../crawls/springfieldnewssun.com/Privacy-Policy/raw/pixel.quantserve.com/pixel/p-573scDfDoUH6o.gif' saved [35/35]

FINISHED --2012-05-14 05:10:00--
Total wall clock time: 23s
Downloaded: 107 files, 576K in 0.08s (6.88 MB/s)
Converting code/../crawls/springfieldnewssun.com/Privacy-Policy/raw/www.springfieldnewssun.com/services/privacy-policy/index.html... 59-19
Converting code/../crawls/springfieldnewssun.com/Privacy-Policy/raw/widget.newsinc.com/_fw/springfield/thumb_springfield_hom.html... 4-0
Converting code/../crawls/springfieldnewssun.com/Privacy-Policy/raw/www.springfieldnewssun.com/css/base/vendor/vendor.css... 1-0
Converting code/../crawls/springfieldnewssun.com/Privacy-Policy/raw/www.springfieldnewssun.com/css/pub/tools/teamsite/teamsite_legacy.css... nothing to do.
Converting code/../crawls/springfieldnewssun.com/Privacy-Policy/raw/www.springfieldnewssun.com/css/pub/navigation/navigation_pub.css... 1-0
Converting code/../crawls/springfieldnewssun.com/Privacy-Policy/raw/www.springfieldnewssun.com/css/base/article/article.css... nothing to do.
Converting code/../crawls/springfieldnewssun.com/Privacy-Policy/raw/www.springfieldnewssun.com/css/base/global.css... 3-0
Converting code/../crawls/springfieldnewssun.com/Privacy-Policy/raw/www.springfieldnewssun.com/css/base/navigation/navigation.css... nothing to do.
Converting code/../crawls/springfieldnewssun.com/Privacy-Policy/raw/www.springfieldnewssun.com/css/pub/article/article_pub.css... 25-2
Converting code/../crawls/springfieldnewssun.com/Privacy-Policy/raw/alt.coxnewsweb.com/daytondailynews/css/escenic/hotfix.css... nothing to do.
Converting code/../crawls/springfieldnewssun.com/Privacy-Policy/raw/www.springfieldnewssun.com/css/pub/global_pub.css... 7-0
Converting code/../crawls/springfieldnewssun.com/Privacy-Policy/raw/www.springfieldnewssun.com/css/pub/teaser/teaser_pub.css... 6-1
Converting code/../crawls/springfieldnewssun.com/Privacy-Policy/raw/www.springfieldnewssun.com/css/base/teaser/teaser.css... 6-0
Converting code/../crawls/springfieldnewssun.com/Privacy-Policy/raw/www.springfieldnewssun.com/css/base/widget/horoscopes/horoscopes.css... nothing to do.
Converting code/../crawls/springfieldnewssun.com/Privacy-Policy/raw/www.springfieldnewssun.com/css/pub/widget/horoscopes/horoscopes_pub.css... 20-13
Converted 15 files in 0.01 seconds.
