--2012-04-15 08:31:02--  http://www.fedex.com/us/security/privacy-policy.html
Resolving www.fedex.com... 199.81.204.50, 199.81.205.50, 199.81.216.50, ...
Connecting to www.fedex.com|199.81.204.50|:80... connected.
HTTP request sent, awaiting response... 200 OK
Length: unspecified [text/html]
Saving to: `code/../crawls/fedex.com/Privacy-Policy/raw/www.fedex.com/us/security/privacy-policy.html'

     0K .......... .......... .......... .......... .....       148K=0.3s

2012-04-15 08:31:05 (148 KB/s) - `code/../crawls/fedex.com/Privacy-Policy/raw/www.fedex.com/us/security/privacy-policy.html' saved [46601]

--2012-04-15 08:31:05--  http://images.fedex.com/iwov-resources/fixed-layout/30_base_1-3.css
Resolving images.fedex.com... 96.6.208.69
Connecting to images.fedex.com|96.6.208.69|:80... connected.
HTTP request sent, awaiting response... 200 OK
Length: unspecified [text/css]
Saving to: `code/../crawls/fedex.com/Privacy-Policy/raw/images.fedex.com/iwov-resources/fixed-layout/30_base_1-3.css'

     0K                                                        91.6M=0s

2012-04-15 08:31:05 (91.6 MB/s) - `code/../crawls/fedex.com/Privacy-Policy/raw/images.fedex.com/iwov-resources/fixed-layout/30_base_1-3.css' saved [922]

--2012-04-15 08:31:05--  http://images.fedex.com/images/c/s1/fx-favicon.ico
Reusing existing connection to images.fedex.com:80.
HTTP request sent, awaiting response... 200 OK
Length: 3638 (3.6K) [image/x-icon]
Saving to: `code/../crawls/fedex.com/Privacy-Policy/raw/images.fedex.com/images/c/s1/fx-favicon.ico'

     0K ...                                                   100%  406M=0s

2012-04-15 08:31:05 (406 MB/s) - `code/../crawls/fedex.com/Privacy-Policy/raw/images.fedex.com/images/c/s1/fx-favicon.ico' saved [3638/3638]

--2012-04-15 08:31:05--  http://images.fedex.com/css/t1/master-min.css
Reusing existing connection to images.fedex.com:80.
HTTP request sent, awaiting response... 200 OK
Length: unspecified [text/css]
Saving to: `code/../crawls/fedex.com/Privacy-Policy/raw/images.fedex.com/css/t1/master-min.css'

     0K .......... .......... .......... .....                 4.01M=0.009s

2012-04-15 08:31:05 (4.01 MB/s) - `code/../crawls/fedex.com/Privacy-Policy/raw/images.fedex.com/css/t1/master-min.css' saved [36590]

--2012-04-15 08:31:05--  http://images.fedex.com/css/t1/sub-min.css
Reusing existing connection to images.fedex.com:80.
HTTP request sent, awaiting response... 200 OK
Length: unspecified [text/css]
Saving to: `code/../crawls/fedex.com/Privacy-Policy/raw/images.fedex.com/css/t1/sub-min.css'

     0K .......... .......... .......... ..                    7.45M=0.004s

2012-04-15 08:31:05 (7.45 MB/s) - `code/../crawls/fedex.com/Privacy-Policy/raw/images.fedex.com/css/t1/sub-min.css' saved [33139]

--2012-04-15 08:31:05--  http://images.fedex.com/images/c/s1/_fpo/flag.gif
Reusing existing connection to images.fedex.com:80.
HTTP request sent, awaiting response... 200 OK
Length: 367 [image/gif]
Saving to: `code/../crawls/fedex.com/Privacy-Policy/raw/images.fedex.com/images/c/s1/_fpo/flag.gif'

     0K                                                       100% 61.4M=0s

2012-04-15 08:31:05 (61.4 MB/s) - `code/../crawls/fedex.com/Privacy-Policy/raw/images.fedex.com/images/c/s1/_fpo/flag.gif' saved [367/367]

--2012-04-15 08:31:05--  http://images.fedex.com/images/c/t1/gh/logo-header-fedex.png
Reusing existing connection to images.fedex.com:80.
HTTP request sent, awaiting response... 200 OK
Length: 1073 (1.0K) [image/png]
Saving to: `code/../crawls/fedex.com/Privacy-Policy/raw/images.fedex.com/images/c/t1/gh/logo-header-fedex.png'

     0K .                                                     100%  181M=0s

2012-04-15 08:31:05 (181 MB/s) - `code/../crawls/fedex.com/Privacy-Policy/raw/images.fedex.com/images/c/t1/gh/logo-header-fedex.png' saved [1073/1073]

--2012-04-15 08:31:05--  http://images.fedex.com/images/us/2011crimages/global-header/ship-1.jpg
Reusing existing connection to images.fedex.com:80.
HTTP request sent, awaiting response... 200 OK
Length: 4376 (4.3K) [image/jpeg]
Saving to: `code/../crawls/fedex.com/Privacy-Policy/raw/images.fedex.com/images/us/2011crimages/global-header/ship-1.jpg'

     0K ....                                                  100% 54.8M=0s

2012-04-15 08:31:05 (54.8 MB/s) - `code/../crawls/fedex.com/Privacy-Policy/raw/images.fedex.com/images/us/2011crimages/global-header/ship-1.jpg' saved [4376/4376]

--2012-04-15 08:31:05--  http://images.fedex.com/images/us/2011crimages/global-header/ship-2.jpg
Reusing existing connection to images.fedex.com:80.
HTTP request sent, awaiting response... 200 OK
Length: 5122 (5.0K) [image/jpeg]
Saving to: `code/../crawls/fedex.com/Privacy-Policy/raw/images.fedex.com/images/us/2011crimages/global-header/ship-2.jpg'

     0K .....                                                 100% 25.3M=0s

2012-04-15 08:31:05 (25.3 MB/s) - `code/../crawls/fedex.com/Privacy-Policy/raw/images.fedex.com/images/us/2011crimages/global-header/ship-2.jpg' saved [5122/5122]

--2012-04-15 08:31:05--  http://images.fedex.com/images/us/2011crimages/global-header/ship-3.jpg
Reusing existing connection to images.fedex.com:80.
HTTP request sent, awaiting response... 200 OK
Length: 2924 (2.9K) [image/jpeg]
Saving to: `code/../crawls/fedex.com/Privacy-Policy/raw/images.fedex.com/images/us/2011crimages/global-header/ship-3.jpg'

     0K ..                                                    100% 40.2M=0s

2012-04-15 08:31:05 (40.2 MB/s) - `code/../crawls/fedex.com/Privacy-Policy/raw/images.fedex.com/images/us/2011crimages/global-header/ship-3.jpg' saved [2924/2924]

--2012-04-15 08:31:05--  http://images.fedex.com/images/us/2011crimages/global-header/ship-4.jpg
Reusing existing connection to images.fedex.com:80.
HTTP request sent, awaiting response... 200 OK
Length: 5141 (5.0K) [image/jpeg]
Saving to: `code/../crawls/fedex.com/Privacy-Policy/raw/images.fedex.com/images/us/2011crimages/global-header/ship-4.jpg'

     0K .....                                                 100% 25.5M=0s

2012-04-15 08:31:05 (25.5 MB/s) - `code/../crawls/fedex.com/Privacy-Policy/raw/images.fedex.com/images/us/2011crimages/global-header/ship-4.jpg' saved [5141/5141]

--2012-04-15 08:31:05--  http://images.fedex.com/images/us/2011crimages/global-header/print-1-new.jpg
Reusing existing connection to images.fedex.com:80.
HTTP request sent, awaiting response... 200 OK
Length: 9287 (9.1K) [image/jpeg]
Saving to: `code/../crawls/fedex.com/Privacy-Policy/raw/images.fedex.com/images/us/2011crimages/global-header/print-1-new.jpg'

     0K .........                                             100% 15.5M=0.001s

2012-04-15 08:31:05 (15.5 MB/s) - `code/../crawls/fedex.com/Privacy-Policy/raw/images.fedex.com/images/us/2011crimages/global-header/print-1-new.jpg' saved [9287/9287]

--2012-04-15 08:31:05--  http://images.fedex.com/images/us/2011crimages/global-header/print-2-new.jpg
Reusing existing connection to images.fedex.com:80.
HTTP request sent, awaiting response... 200 OK
Length: 10729 (10K) [image/jpeg]
Saving to: `code/../crawls/fedex.com/Privacy-Policy/raw/images.fedex.com/images/us/2011crimages/global-header/print-2-new.jpg'

     0K ..........                                            100% 15.4M=0.001s

2012-04-15 08:31:05 (15.4 MB/s) - `code/../crawls/fedex.com/Privacy-Policy/raw/images.fedex.com/images/us/2011crimages/global-header/print-2-new.jpg' saved [10729/10729]

--2012-04-15 08:31:05--  http://images.fedex.com/images/us/2011crimages/global-header/print-3-new.jpg
Reusing existing connection to images.fedex.com:80.
HTTP request sent, awaiting response... 200 OK
Length: 4268 (4.2K) [image/jpeg]
Saving to: `code/../crawls/fedex.com/Privacy-Policy/raw/images.fedex.com/images/us/2011crimages/global-header/print-3-new.jpg'

     0K ....                                                  100% 21.3M=0s

2012-04-15 08:31:05 (21.3 MB/s) - `code/../crawls/fedex.com/Privacy-Policy/raw/images.fedex.com/images/us/2011crimages/global-header/print-3-new.jpg' saved [4268/4268]

--2012-04-15 08:31:05--  http://images.fedex.com/templates/components/javascript/v1/fx3.0-navigation.js
Reusing existing connection to images.fedex.com:80.
HTTP request sent, awaiting response... 200 OK
Length: unspecified [application/javascript]
Saving to: `code/../crawls/fedex.com/Privacy-Policy/raw/images.fedex.com/templates/components/javascript/v1/fx3.0-navigation.js'

     0K ..                                                      133M=0s

2012-04-15 08:31:05 (133 MB/s) - `code/../crawls/fedex.com/Privacy-Policy/raw/images.fedex.com/templates/components/javascript/v1/fx3.0-navigation.js' saved [2821]

--2012-04-15 08:31:05--  http://images.fedex.com/templates/components/javascript/InstantInvite3.js
Reusing existing connection to images.fedex.com:80.
HTTP request sent, awaiting response... 200 OK
Length: unspecified [application/javascript]
Saving to: `code/../crawls/fedex.com/Privacy-Policy/raw/images.fedex.com/templates/components/javascript/InstantInvite3.js'

     0K .......... .......... .......... .......... .......... 9.03M
    50K .......... .......... .......... .......... .......... 10.9M
   100K .......... .......... .......... .......... .......... 11.0M
   150K .......... .......... .......... .......... .......... 10.6M
   200K .......... .......... .......... .......... .......... 7.84M
   250K .......... .......... .......... .......... ......     9.69M=0.03s

2012-04-15 08:31:05 (9.72 MB/s) - `code/../crawls/fedex.com/Privacy-Policy/raw/images.fedex.com/templates/components/javascript/InstantInvite3.js' saved [303339]

--2012-04-15 08:31:05--  http://images.fedex.com/templates/components/javascript/host_substitution_script.js
Reusing existing connection to images.fedex.com:80.
HTTP request sent, awaiting response... 200 OK
Length: unspecified [application/javascript]
Saving to: `code/../crawls/fedex.com/Privacy-Policy/raw/images.fedex.com/templates/components/javascript/host_substitution_script.js'

     0K .                                                       180M=0s

2012-04-15 08:31:05 (180 MB/s) - `code/../crawls/fedex.com/Privacy-Policy/raw/images.fedex.com/templates/components/javascript/host_substitution_script.js' saved [1717]

--2012-04-15 08:31:05--  http://images.fedex.com/images/c/t1/gf/logo-footer-fedex.gif
Reusing existing connection to images.fedex.com:80.
HTTP request sent, awaiting response... 200 OK
Length: 1120 (1.1K) [image/gif]
Saving to: `code/../crawls/fedex.com/Privacy-Policy/raw/images.fedex.com/images/c/t1/gf/logo-footer-fedex.gif'

     0K .                                                     100%  188M=0s

2012-04-15 08:31:05 (188 MB/s) - `code/../crawls/fedex.com/Privacy-Policy/raw/images.fedex.com/images/c/t1/gf/logo-footer-fedex.gif' saved [1120/1120]

--2012-04-15 08:31:05--  http://images.fedex.com/images/c/t1/gf/icon-facebook.gif
Reusing existing connection to images.fedex.com:80.
HTTP request sent, awaiting response... 200 OK
Length: 945 [image/gif]
Saving to: `code/../crawls/fedex.com/Privacy-Policy/raw/images.fedex.com/images/c/t1/gf/icon-facebook.gif'

     0K                                                       100%  173M=0s

2012-04-15 08:31:05 (173 MB/s) - `code/../crawls/fedex.com/Privacy-Policy/raw/images.fedex.com/images/c/t1/gf/icon-facebook.gif' saved [945/945]

--2012-04-15 08:31:05--  http://images.fedex.com/images/c/t1/gf/icon-twitter.gif
Reusing existing connection to images.fedex.com:80.
HTTP request sent, awaiting response... 200 OK
Length: 685 [image/gif]
Saving to: `code/../crawls/fedex.com/Privacy-Policy/raw/images.fedex.com/images/c/t1/gf/icon-twitter.gif'

     0K                                                       100%  123M=0s

2012-04-15 08:31:05 (123 MB/s) - `code/../crawls/fedex.com/Privacy-Policy/raw/images.fedex.com/images/c/t1/gf/icon-twitter.gif' saved [685/685]

--2012-04-15 08:31:05--  http://images.fedex.com/images/c/t1/gf/icon-youtube.gif
Reusing existing connection to images.fedex.com:80.
HTTP request sent, awaiting response... 200 OK
Length: 945 [image/gif]
Saving to: `code/../crawls/fedex.com/Privacy-Policy/raw/images.fedex.com/images/c/t1/gf/icon-youtube.gif'

     0K                                                       100%  160M=0s

2012-04-15 08:31:05 (160 MB/s) - `code/../crawls/fedex.com/Privacy-Policy/raw/images.fedex.com/images/c/t1/gf/icon-youtube.gif' saved [945/945]

--2012-04-15 08:31:05--  http://images.fedex.com/templates/components/javascript/v1/scconversions-min.js
Reusing existing connection to images.fedex.com:80.
HTTP request sent, awaiting response... 200 OK
Length: unspecified [application/javascript]
Saving to: `code/../crawls/fedex.com/Privacy-Policy/raw/images.fedex.com/templates/components/javascript/v1/scconversions-min.js'

     0K                                                        96.6M=0s

2012-04-15 08:31:05 (96.6 MB/s) - `code/../crawls/fedex.com/Privacy-Policy/raw/images.fedex.com/templates/components/javascript/v1/scconversions-min.js' saved [832]

--2012-04-15 08:31:05--  http://images.fedex.com/templates/components/javascript/v1/content-min.js
Reusing existing connection to images.fedex.com:80.
HTTP request sent, awaiting response... 200 OK
Length: unspecified [application/javascript]
Saving to: `code/../crawls/fedex.com/Privacy-Policy/raw/images.fedex.com/templates/components/javascript/v1/content-min.js'

     0K .......... .......... .                                12.9M=0.002s

2012-04-15 08:31:05 (12.9 MB/s) - `code/../crawls/fedex.com/Privacy-Policy/raw/images.fedex.com/templates/components/javascript/v1/content-min.js' saved [21535]

--2012-04-15 08:31:05--  http://images.fedex.com/css/s_code-min.js
Reusing existing connection to images.fedex.com:80.
HTTP request sent, awaiting response... 200 OK
Length: unspecified [application/javascript]
Saving to: `code/../crawls/fedex.com/Privacy-Policy/raw/images.fedex.com/css/s_code-min.js'

     0K .......... .......... .......... .......... .......... 6.26M
    50K .......... .......                                     11.7M=0.009s

2012-04-15 08:31:05 (7.14 MB/s) - `code/../crawls/fedex.com/Privacy-Policy/raw/images.fedex.com/css/s_code-min.js' saved [69562]

--2012-04-15 08:31:05--  http://images.fedex.com/templates/components/javascript/v1/AC_RunActiveContent.js
Reusing existing connection to images.fedex.com:80.
HTTP request sent, awaiting response... 200 OK
Length: unspecified [application/javascript]
Saving to: `code/../crawls/fedex.com/Privacy-Policy/raw/images.fedex.com/templates/components/javascript/v1/AC_RunActiveContent.js'

     0K ........                                               16.3M=0.001s

2012-04-15 08:31:05 (16.3 MB/s) - `code/../crawls/fedex.com/Privacy-Policy/raw/images.fedex.com/templates/components/javascript/v1/AC_RunActiveContent.js' saved [8618]

--2012-04-15 08:31:05--  http://images.fedex.com/templates/components/javascript/v1/fdx_c-min.js
Reusing existing connection to images.fedex.com:80.
HTTP request sent, awaiting response... 200 OK
Length: unspecified [application/javascript]
Saving to: `code/../crawls/fedex.com/Privacy-Policy/raw/images.fedex.com/templates/components/javascript/v1/fdx_c-min.js'

     0K .....                                                  21.0M=0s

2012-04-15 08:31:05 (21.0 MB/s) - `code/../crawls/fedex.com/Privacy-Policy/raw/images.fedex.com/templates/components/javascript/v1/fdx_c-min.js' saved [6004]

--2012-04-15 08:31:05--  http://images.fedex.com/templates/components/javascript/v1/im-min.js
Reusing existing connection to images.fedex.com:80.
HTTP request sent, awaiting response... 200 OK
Length: unspecified [application/javascript]
Saving to: `code/../crawls/fedex.com/Privacy-Policy/raw/images.fedex.com/templates/components/javascript/v1/im-min.js'

     0K .......... .                                           14.5M=0.001s

2012-04-15 08:31:05 (14.5 MB/s) - `code/../crawls/fedex.com/Privacy-Policy/raw/images.fedex.com/templates/components/javascript/v1/im-min.js' saved [11642]

--2012-04-15 08:31:05--  http://images.fedex.com/images/c/t1/gh/bg-page.png
Reusing existing connection to images.fedex.com:80.
HTTP request sent, awaiting response... 200 OK
Length: 666 [image/png]
Saving to: `code/../crawls/fedex.com/Privacy-Policy/raw/images.fedex.com/images/c/t1/gh/bg-page.png'

     0K                                                       100%  124M=0s

2012-04-15 08:31:05 (124 MB/s) - `code/../crawls/fedex.com/Privacy-Policy/raw/images.fedex.com/images/c/t1/gh/bg-page.png' saved [666/666]

--2012-04-15 08:31:05--  http://images.fedex.com/images/c/t1/icon-alert-close.gif
Reusing existing connection to images.fedex.com:80.
HTTP request sent, awaiting response... 200 OK
Length: 149 [image/gif]
Saving to: `code/../crawls/fedex.com/Privacy-Policy/raw/images.fedex.com/images/c/t1/icon-alert-close.gif'

     0K                                                       100% 27.4M=0s

2012-04-15 08:31:05 (27.4 MB/s) - `code/../crawls/fedex.com/Privacy-Policy/raw/images.fedex.com/images/c/t1/icon-alert-close.gif' saved [149/149]

--2012-04-15 08:31:05--  http://images.fedex.com/images/c/t1/arrow-link.gif
Reusing existing connection to images.fedex.com:80.
HTTP request sent, awaiting response... 200 OK
Length: 197 [image/gif]
Saving to: `code/../crawls/fedex.com/Privacy-Policy/raw/images.fedex.com/images/c/t1/arrow-link.gif'

     0K                                                       100% 37.0M=0s

2012-04-15 08:31:05 (37.0 MB/s) - `code/../crawls/fedex.com/Privacy-Policy/raw/images.fedex.com/images/c/t1/arrow-link.gif' saved [197/197]

--2012-04-15 08:31:05--  http://images.fedex.com/images/c/t1/arrow-link-rtl.gif
Reusing existing connection to images.fedex.com:80.
HTTP request sent, awaiting response... 200 OK
Length: 197 [image/gif]
Saving to: `code/../crawls/fedex.com/Privacy-Policy/raw/images.fedex.com/images/c/t1/arrow-link-rtl.gif'

     0K                                                       100% 36.8M=0s

2012-04-15 08:31:05 (36.8 MB/s) - `code/../crawls/fedex.com/Privacy-Policy/raw/images.fedex.com/images/c/t1/arrow-link-rtl.gif' saved [197/197]

--2012-04-15 08:31:05--  http://images.fedex.com/images/c/t1/gh/arrow-lang.gif
Reusing existing connection to images.fedex.com:80.
HTTP request sent, awaiting response... 200 OK
Length: 97 [image/gif]
Saving to: `code/../crawls/fedex.com/Privacy-Policy/raw/images.fedex.com/images/c/t1/gh/arrow-lang.gif'

     0K                                                       100% 17.9M=0s

2012-04-15 08:31:05 (17.9 MB/s) - `code/../crawls/fedex.com/Privacy-Policy/raw/images.fedex.com/images/c/t1/gh/arrow-lang.gif' saved [97/97]

--2012-04-15 08:31:05--  http://images.fedex.com/images/c/s1/search-box.png
Reusing existing connection to images.fedex.com:80.
HTTP request sent, awaiting response... 200 OK
Length: 560 [image/png]
Saving to: `code/../crawls/fedex.com/Privacy-Policy/raw/images.fedex.com/images/c/s1/search-box.png'

     0K                                                       100% 99.5M=0s

2012-04-15 08:31:05 (99.5 MB/s) - `code/../crawls/fedex.com/Privacy-Policy/raw/images.fedex.com/images/c/s1/search-box.png' saved [560/560]

--2012-04-15 08:31:05--  http://images.fedex.com/images/c/t1/search-button.png
Reusing existing connection to images.fedex.com:80.
HTTP request sent, awaiting response... 200 OK
Length: 1036 (1.0K) [image/png]
Saving to: `code/../crawls/fedex.com/Privacy-Policy/raw/images.fedex.com/images/c/t1/search-button.png'

     0K .                                                     100%  177M=0s

2012-04-15 08:31:05 (177 MB/s) - `code/../crawls/fedex.com/Privacy-Policy/raw/images.fedex.com/images/c/t1/search-button.png' saved [1036/1036]

--2012-04-15 08:31:05--  http://images.fedex.com/images/c/t1/search-button-rtl.png
Reusing existing connection to images.fedex.com:80.
HTTP request sent, awaiting response... 200 OK
Length: 1055 (1.0K) [image/png]
Saving to: `code/../crawls/fedex.com/Privacy-Policy/raw/images.fedex.com/images/c/t1/search-button-rtl.png'

     0K .                                                     100%  178M=0s

2012-04-15 08:31:05 (178 MB/s) - `code/../crawls/fedex.com/Privacy-Policy/raw/images.fedex.com/images/c/t1/search-button-rtl.png' saved [1055/1055]

--2012-04-15 08:31:05--  http://images.fedex.com/images/c/t1/gh/top-level.png
Reusing existing connection to images.fedex.com:80.
HTTP request sent, awaiting response... 200 OK
Length: 2481 (2.4K) [image/png]
Saving to: `code/../crawls/fedex.com/Privacy-Policy/raw/images.fedex.com/images/c/t1/gh/top-level.png'

     0K ..                                                    100% 15.5M=0s

2012-04-15 08:31:05 (15.5 MB/s) - `code/../crawls/fedex.com/Privacy-Policy/raw/images.fedex.com/images/c/t1/gh/top-level.png' saved [2481/2481]

--2012-04-15 08:31:05--  http://images.fedex.com/images/c/t1/gh/top-level-rtl.png
Reusing existing connection to images.fedex.com:80.
HTTP request sent, awaiting response... 200 OK
Length: 2492 (2.4K) [image/png]
Saving to: `code/../crawls/fedex.com/Privacy-Policy/raw/images.fedex.com/images/c/t1/gh/top-level-rtl.png'

     0K ..                                                    100% 47.1M=0s

2012-04-15 08:31:05 (47.1 MB/s) - `code/../crawls/fedex.com/Privacy-Policy/raw/images.fedex.com/images/c/t1/gh/top-level-rtl.png' saved [2492/2492]

--2012-04-15 08:31:05--  http://images.fedex.com/images/c/t1/gh/icon-secure.gif
Reusing existing connection to images.fedex.com:80.
HTTP request sent, awaiting response... 200 OK
Length: 844 [image/gif]
Saving to: `code/../crawls/fedex.com/Privacy-Policy/raw/images.fedex.com/images/c/t1/gh/icon-secure.gif'

     0K                                                       100%  138M=0s

2012-04-15 08:31:05 (138 MB/s) - `code/../crawls/fedex.com/Privacy-Policy/raw/images.fedex.com/images/c/t1/gh/icon-secure.gif' saved [844/844]

--2012-04-15 08:31:05--  http://images.fedex.com/images/c/t1/gh/icon-msg.gif
Reusing existing connection to images.fedex.com:80.
HTTP request sent, awaiting response... 200 OK
Length: 302 [image/gif]
Saving to: `code/../crawls/fedex.com/Privacy-Policy/raw/images.fedex.com/images/c/t1/gh/icon-msg.gif'

     0K                                                       100% 55.4M=0s

2012-04-15 08:31:05 (55.4 MB/s) - `code/../crawls/fedex.com/Privacy-Policy/raw/images.fedex.com/images/c/t1/gh/icon-msg.gif' saved [302/302]

--2012-04-15 08:31:05--  http://images.fedex.com/images/c/s1/bg-track-box.gif
Reusing existing connection to images.fedex.com:80.
HTTP request sent, awaiting response... 200 OK
Length: 49 [image/gif]
Saving to: `code/../crawls/fedex.com/Privacy-Policy/raw/images.fedex.com/images/c/s1/bg-track-box.gif'

     0K                                                       100% 9.06M=0s

2012-04-15 08:31:05 (9.06 MB/s) - `code/../crawls/fedex.com/Privacy-Policy/raw/images.fedex.com/images/c/s1/bg-track-box.gif' saved [49/49]

--2012-04-15 08:31:05--  http://images.fedex.com/images/c/t1/gf/bg-footer-divider.gif
Reusing existing connection to images.fedex.com:80.
HTTP request sent, awaiting response... 200 OK
Length: 816 [image/gif]
Saving to: `code/../crawls/fedex.com/Privacy-Policy/raw/images.fedex.com/images/c/t1/gf/bg-footer-divider.gif'

     0K                                                       100%  148M=0s

2012-04-15 08:31:05 (148 MB/s) - `code/../crawls/fedex.com/Privacy-Policy/raw/images.fedex.com/images/c/t1/gf/bg-footer-divider.gif' saved [816/816]

--2012-04-15 08:31:05--  http://images.fedex.com/images/c/s1/arrow-sag.gif
Reusing existing connection to images.fedex.com:80.
HTTP request sent, awaiting response... 200 OK
Length: 206 [image/gif]
Saving to: `code/../crawls/fedex.com/Privacy-Policy/raw/images.fedex.com/images/c/s1/arrow-sag.gif'

     0K                                                       100% 36.8M=0s

2012-04-15 08:31:05 (36.8 MB/s) - `code/../crawls/fedex.com/Privacy-Policy/raw/images.fedex.com/images/c/s1/arrow-sag.gif' saved [206/206]

--2012-04-15 08:31:05--  http://images.fedex.com/images/c/s1/arrow-sag-rtl.gif
Reusing existing connection to images.fedex.com:80.
HTTP request sent, awaiting response... 200 OK
Length: 203 [image/gif]
Saving to: `code/../crawls/fedex.com/Privacy-Policy/raw/images.fedex.com/images/c/s1/arrow-sag-rtl.gif'

     0K                                                       100% 38.6M=0s

2012-04-15 08:31:05 (38.6 MB/s) - `code/../crawls/fedex.com/Privacy-Policy/raw/images.fedex.com/images/c/s1/arrow-sag-rtl.gif' saved [203/203]

--2012-04-15 08:31:05--  http://images.fedex.com/images/c/s1/block-border-top-double.gif
Reusing existing connection to images.fedex.com:80.
HTTP request sent, awaiting response... 200 OK
Length: 64 [image/gif]
Saving to: `code/../crawls/fedex.com/Privacy-Policy/raw/images.fedex.com/images/c/s1/block-border-top-double.gif'

     0K                                                       100% 12.0M=0s

2012-04-15 08:31:05 (12.0 MB/s) - `code/../crawls/fedex.com/Privacy-Policy/raw/images.fedex.com/images/c/s1/block-border-top-double.gif' saved [64/64]

--2012-04-15 08:31:05--  http://images.fedex.com/images/c/s1/block-border-top-double-rtl.gif
Reusing existing connection to images.fedex.com:80.
HTTP request sent, awaiting response... 200 OK
Length: 845 [image/gif]
Saving to: `code/../crawls/fedex.com/Privacy-Policy/raw/images.fedex.com/images/c/s1/block-border-top-double-rtl.gif'

     0K                                                       100%  149M=0s

2012-04-15 08:31:05 (149 MB/s) - `code/../crawls/fedex.com/Privacy-Policy/raw/images.fedex.com/images/c/s1/block-border-top-double-rtl.gif' saved [845/845]

--2012-04-15 08:31:05--  http://images.fedex.com/images/c/s1/block-border-top-triple.gif
Reusing existing connection to images.fedex.com:80.
HTTP request sent, awaiting response... 200 OK
Length: 69 [image/gif]
Saving to: `code/../crawls/fedex.com/Privacy-Policy/raw/images.fedex.com/images/c/s1/block-border-top-triple.gif'

     0K                                                       100% 12.4M=0s

2012-04-15 08:31:05 (12.4 MB/s) - `code/../crawls/fedex.com/Privacy-Policy/raw/images.fedex.com/images/c/s1/block-border-top-triple.gif' saved [69/69]

--2012-04-15 08:31:05--  http://images.fedex.com/images/c/s1/block-border-top-triple-rtl.gif
Reusing existing connection to images.fedex.com:80.
HTTP request sent, awaiting response... 200 OK
Length: 853 [image/gif]
Saving to: `code/../crawls/fedex.com/Privacy-Policy/raw/images.fedex.com/images/c/s1/block-border-top-triple-rtl.gif'

     0K                                                       100%  153M=0s

2012-04-15 08:31:05 (153 MB/s) - `code/../crawls/fedex.com/Privacy-Policy/raw/images.fedex.com/images/c/s1/block-border-top-triple-rtl.gif' saved [853/853]

--2012-04-15 08:31:05--  http://images.fedex.com/images/c/s1/icon-alert-transport.gif
Reusing existing connection to images.fedex.com:80.
HTTP request sent, awaiting response... 200 OK
Length: 218 [image/gif]
Saving to: `code/../crawls/fedex.com/Privacy-Policy/raw/images.fedex.com/images/c/s1/icon-alert-transport.gif'

     0K                                                       100% 41.9M=0s

2012-04-15 08:31:05 (41.9 MB/s) - `code/../crawls/fedex.com/Privacy-Policy/raw/images.fedex.com/images/c/s1/icon-alert-transport.gif' saved [218/218]

--2012-04-15 08:31:05--  http://images.fedex.com/images/c/s1/arrow-banner-login.gif
Reusing existing connection to images.fedex.com:80.
HTTP request sent, awaiting response... 200 OK
Length: 98 [image/gif]
Saving to: `code/../crawls/fedex.com/Privacy-Policy/raw/images.fedex.com/images/c/s1/arrow-banner-login.gif'

     0K                                                       100% 16.9M=0s

2012-04-15 08:31:05 (16.9 MB/s) - `code/../crawls/fedex.com/Privacy-Policy/raw/images.fedex.com/images/c/s1/arrow-banner-login.gif' saved [98/98]

--2012-04-15 08:31:05--  http://images.fedex.com/images/c/s1/arrow-banner-login-rtl.gif
Reusing existing connection to images.fedex.com:80.
HTTP request sent, awaiting response... 200 OK
Length: 98 [image/gif]
Saving to: `code/../crawls/fedex.com/Privacy-Policy/raw/images.fedex.com/images/c/s1/arrow-banner-login-rtl.gif'

     0K                                                       100% 18.8M=0s

2012-04-15 08:31:05 (18.8 MB/s) - `code/../crawls/fedex.com/Privacy-Policy/raw/images.fedex.com/images/c/s1/arrow-banner-login-rtl.gif' saved [98/98]

--2012-04-15 08:31:05--  http://images.fedex.com/images/c/s1/bg-tooltip.png
Reusing existing connection to images.fedex.com:80.
HTTP request sent, awaiting response... 200 OK
Length: 1760 (1.7K) [image/png]
Saving to: `code/../crawls/fedex.com/Privacy-Policy/raw/images.fedex.com/images/c/s1/bg-tooltip.png'

     0K .                                                     100%  260M=0s

2012-04-15 08:31:05 (260 MB/s) - `code/../crawls/fedex.com/Privacy-Policy/raw/images.fedex.com/images/c/s1/bg-tooltip.png' saved [1760/1760]

--2012-04-15 08:31:05--  http://images.fedex.com/images/c/s1/bg-tooltip-rtl.png
Reusing existing connection to images.fedex.com:80.
HTTP request sent, awaiting response... 200 OK
Length: 1820 (1.8K) [image/png]
Saving to: `code/../crawls/fedex.com/Privacy-Policy/raw/images.fedex.com/images/c/s1/bg-tooltip-rtl.png'

     0K .                                                     100%  260M=0s

2012-04-15 08:31:05 (260 MB/s) - `code/../crawls/fedex.com/Privacy-Policy/raw/images.fedex.com/images/c/s1/bg-tooltip-rtl.png' saved [1820/1820]

--2012-04-15 08:31:05--  http://images.fedex.com/images/c/t1/quick-access.png
Reusing existing connection to images.fedex.com:80.
HTTP request sent, awaiting response... 200 OK
Length: 4181 (4.1K) [image/png]
Saving to: `code/../crawls/fedex.com/Privacy-Policy/raw/images.fedex.com/images/c/t1/quick-access.png'

     0K ....                                                  100% 21.4M=0s

2012-04-15 08:31:05 (21.4 MB/s) - `code/../crawls/fedex.com/Privacy-Policy/raw/images.fedex.com/images/c/t1/quick-access.png' saved [4181/4181]

--2012-04-15 08:31:05--  http://images.fedex.com/images/c/s1/icon-help-local.gif
Reusing existing connection to images.fedex.com:80.
HTTP request sent, awaiting response... 200 OK
Length: 861 [image/gif]
Saving to: `code/../crawls/fedex.com/Privacy-Policy/raw/images.fedex.com/images/c/s1/icon-help-local.gif'

     0K                                                       100%  153M=0s

2012-04-15 08:31:05 (153 MB/s) - `code/../crawls/fedex.com/Privacy-Policy/raw/images.fedex.com/images/c/s1/icon-help-local.gif' saved [861/861]

--2012-04-15 08:31:05--  http://images.fedex.com/images/c/s1/icon-secure.gif
Reusing existing connection to images.fedex.com:80.
HTTP request sent, awaiting response... 200 OK
Length: 59 [image/gif]
Saving to: `code/../crawls/fedex.com/Privacy-Policy/raw/images.fedex.com/images/c/s1/icon-secure.gif'

     0K                                                       100% 11.1M=0s

2012-04-15 08:31:05 (11.1 MB/s) - `code/../crawls/fedex.com/Privacy-Policy/raw/images.fedex.com/images/c/s1/icon-secure.gif' saved [59/59]

--2012-04-15 08:31:05--  http://images.fedex.com/images/c/t1/nav-local.png
Reusing existing connection to images.fedex.com:80.
HTTP request sent, awaiting response... 200 OK
Length: 385 [image/png]
Saving to: `code/../crawls/fedex.com/Privacy-Policy/raw/images.fedex.com/images/c/t1/nav-local.png'

     0K                                                       100% 68.3M=0s

2012-04-15 08:31:05 (68.3 MB/s) - `code/../crawls/fedex.com/Privacy-Policy/raw/images.fedex.com/images/c/t1/nav-local.png' saved [385/385]

--2012-04-15 08:31:05--  http://images.fedex.com/images/c/t1/nav-local-rtl.png
Reusing existing connection to images.fedex.com:80.
HTTP request sent, awaiting response... 200 OK
Length: 307 [image/png]
Saving to: `code/../crawls/fedex.com/Privacy-Policy/raw/images.fedex.com/images/c/t1/nav-local-rtl.png'

     0K                                                       100% 57.7M=0s

2012-04-15 08:31:05 (57.7 MB/s) - `code/../crawls/fedex.com/Privacy-Policy/raw/images.fedex.com/images/c/t1/nav-local-rtl.png' saved [307/307]

--2012-04-15 08:31:05--  http://images.fedex.com/images/c/t1/icon-ask-fedex.gif
Reusing existing connection to images.fedex.com:80.
HTTP request sent, awaiting response... 200 OK
Length: 1859 (1.8K) [image/gif]
Saving to: `code/../crawls/fedex.com/Privacy-Policy/raw/images.fedex.com/images/c/t1/icon-ask-fedex.gif'

     0K .                                                     100%  274M=0s

2012-04-15 08:31:05 (274 MB/s) - `code/../crawls/fedex.com/Privacy-Policy/raw/images.fedex.com/images/c/t1/icon-ask-fedex.gif' saved [1859/1859]

--2012-04-15 08:31:05--  http://images.fedex.com/images/c/s1/icon-share-delicious.gif
Reusing existing connection to images.fedex.com:80.
HTTP request sent, awaiting response... 200 OK
Length: 873 [image/gif]
Saving to: `code/../crawls/fedex.com/Privacy-Policy/raw/images.fedex.com/images/c/s1/icon-share-delicious.gif'

     0K                                                       100%  152M=0s

2012-04-15 08:31:05 (152 MB/s) - `code/../crawls/fedex.com/Privacy-Policy/raw/images.fedex.com/images/c/s1/icon-share-delicious.gif' saved [873/873]

--2012-04-15 08:31:05--  http://images.fedex.com/images/c/s1/icon-share-digg.gif
Reusing existing connection to images.fedex.com:80.
HTTP request sent, awaiting response... 200 OK
Length: 248 [image/gif]
Saving to: `code/../crawls/fedex.com/Privacy-Policy/raw/images.fedex.com/images/c/s1/icon-share-digg.gif'

     0K                                                       100% 44.5M=0s

2012-04-15 08:31:05 (44.5 MB/s) - `code/../crawls/fedex.com/Privacy-Policy/raw/images.fedex.com/images/c/s1/icon-share-digg.gif' saved [248/248]

--2012-04-15 08:31:05--  http://images.fedex.com/images/c/s1/icon-share-google.gif
Reusing existing connection to images.fedex.com:80.
HTTP request sent, awaiting response... 200 OK
Length: 1094 (1.1K) [image/gif]
Saving to: `code/../crawls/fedex.com/Privacy-Policy/raw/images.fedex.com/images/c/s1/icon-share-google.gif'

     0K .                                                     100%  192M=0s

2012-04-15 08:31:05 (192 MB/s) - `code/../crawls/fedex.com/Privacy-Policy/raw/images.fedex.com/images/c/s1/icon-share-google.gif' saved [1094/1094]

--2012-04-15 08:31:05--  http://images.fedex.com/images/c/s1/icon-share-yahoo.gif
Reusing existing connection to images.fedex.com:80.
HTTP request sent, awaiting response... 200 OK
Length: 74 [image/gif]
Saving to: `code/../crawls/fedex.com/Privacy-Policy/raw/images.fedex.com/images/c/s1/icon-share-yahoo.gif'

     0K                                                       100% 13.9M=0s

2012-04-15 08:31:05 (13.9 MB/s) - `code/../crawls/fedex.com/Privacy-Policy/raw/images.fedex.com/images/c/s1/icon-share-yahoo.gif' saved [74/74]

--2012-04-15 08:31:05--  http://images.fedex.com/images/c/s1/icon-share-facebook.gif
Reusing existing connection to images.fedex.com:80.
HTTP request sent, awaiting response... 200 OK
Length: 115 [image/gif]
Saving to: `code/../crawls/fedex.com/Privacy-Policy/raw/images.fedex.com/images/c/s1/icon-share-facebook.gif'

     0K                                                       100% 21.2M=0s

2012-04-15 08:31:05 (21.2 MB/s) - `code/../crawls/fedex.com/Privacy-Policy/raw/images.fedex.com/images/c/s1/icon-share-facebook.gif' saved [115/115]

--2012-04-15 08:31:05--  http://images.fedex.com/images/c/t1/page-tools.png
Reusing existing connection to images.fedex.com:80.
HTTP request sent, awaiting response... 200 OK
Length: 548 [image/png]
Saving to: `code/../crawls/fedex.com/Privacy-Policy/raw/images.fedex.com/images/c/t1/page-tools.png'

     0K                                                       100% 96.4M=0s

2012-04-15 08:31:05 (96.4 MB/s) - `code/../crawls/fedex.com/Privacy-Policy/raw/images.fedex.com/images/c/t1/page-tools.png' saved [548/548]

--2012-04-15 08:31:05--  http://images.fedex.com/images/c/s1/bg-data-table-th.gif
Reusing existing connection to images.fedex.com:80.
HTTP request sent, awaiting response... 200 OK
Length: 44 [image/gif]
Saving to: `code/../crawls/fedex.com/Privacy-Policy/raw/images.fedex.com/images/c/s1/bg-data-table-th.gif'

     0K                                                       100% 8.17M=0s

2012-04-15 08:31:05 (8.17 MB/s) - `code/../crawls/fedex.com/Privacy-Policy/raw/images.fedex.com/images/c/s1/bg-data-table-th.gif' saved [44/44]

--2012-04-15 08:31:05--  http://images.fedex.com/images/c/s1/arrow-sort.gif
Reusing existing connection to images.fedex.com:80.
HTTP request sent, awaiting response... 200 OK
Length: 92 [image/gif]
Saving to: `code/../crawls/fedex.com/Privacy-Policy/raw/images.fedex.com/images/c/s1/arrow-sort.gif'

     0K                                                       100% 16.3M=0s

2012-04-15 08:31:05 (16.3 MB/s) - `code/../crawls/fedex.com/Privacy-Policy/raw/images.fedex.com/images/c/s1/arrow-sort.gif' saved [92/92]

--2012-04-15 08:31:05--  http://images.fedex.com/images/c/s1/icon-drc-download.gif
Reusing existing connection to images.fedex.com:80.
HTTP request sent, awaiting response... 200 OK
Length: 175 [image/gif]
Saving to: `code/../crawls/fedex.com/Privacy-Policy/raw/images.fedex.com/images/c/s1/icon-drc-download.gif'

     0K                                                       100% 33.2M=0s

2012-04-15 08:31:05 (33.2 MB/s) - `code/../crawls/fedex.com/Privacy-Policy/raw/images.fedex.com/images/c/s1/icon-drc-download.gif' saved [175/175]

--2012-04-15 08:31:05--  http://images.fedex.com/images/c/s1/icon-show-hide.gif
Reusing existing connection to images.fedex.com:80.
HTTP request sent, awaiting response... 200 OK
Length: 231 [image/gif]
Saving to: `code/../crawls/fedex.com/Privacy-Policy/raw/images.fedex.com/images/c/s1/icon-show-hide.gif'

     0K                                                       100% 43.6M=0s

2012-04-15 08:31:05 (43.6 MB/s) - `code/../crawls/fedex.com/Privacy-Policy/raw/images.fedex.com/images/c/s1/icon-show-hide.gif' saved [231/231]

--2012-04-15 08:31:05--  http://images.fedex.com/images/c/s1/icon-drc-download-arrow.gif
Reusing existing connection to images.fedex.com:80.
HTTP request sent, awaiting response... 200 OK
Length: 860 [image/gif]
Saving to: `code/../crawls/fedex.com/Privacy-Policy/raw/images.fedex.com/images/c/s1/icon-drc-download-arrow.gif'

     0K                                                       100%  150M=0s

2012-04-15 08:31:05 (150 MB/s) - `code/../crawls/fedex.com/Privacy-Policy/raw/images.fedex.com/images/c/s1/icon-drc-download-arrow.gif' saved [860/860]

--2012-04-15 08:31:05--  http://images.fedex.com/images/c/t1/arrow-close.gif
Reusing existing connection to images.fedex.com:80.
HTTP request sent, awaiting response... 200 OK
Length: 127 [image/gif]
Saving to: `code/../crawls/fedex.com/Privacy-Policy/raw/images.fedex.com/images/c/t1/arrow-close.gif'

     0K                                                       100% 23.5M=0s

2012-04-15 08:31:05 (23.5 MB/s) - `code/../crawls/fedex.com/Privacy-Policy/raw/images.fedex.com/images/c/t1/arrow-close.gif' saved [127/127]

--2012-04-15 08:31:05--  http://images.fedex.com/images/c/s1/icon-required.gif
Reusing existing connection to images.fedex.com:80.
HTTP request sent, awaiting response... 200 OK
Length: 131 [image/gif]
Saving to: `code/../crawls/fedex.com/Privacy-Policy/raw/images.fedex.com/images/c/s1/icon-required.gif'

     0K                                                       100% 25.8M=0s

2012-04-15 08:31:05 (25.8 MB/s) - `code/../crawls/fedex.com/Privacy-Policy/raw/images.fedex.com/images/c/s1/icon-required.gif' saved [131/131]

--2012-04-15 08:31:05--  http://images.fedex.com/images/c/s1/icon-calendar.gif
Reusing existing connection to images.fedex.com:80.
HTTP request sent, awaiting response... 200 OK
Length: 81 [image/gif]
Saving to: `code/../crawls/fedex.com/Privacy-Policy/raw/images.fedex.com/images/c/s1/icon-calendar.gif'

     0K                                                       100% 15.3M=0s

2012-04-15 08:31:05 (15.3 MB/s) - `code/../crawls/fedex.com/Privacy-Policy/raw/images.fedex.com/images/c/s1/icon-calendar.gif' saved [81/81]

--2012-04-15 08:31:05--  http://images.fedex.com/images/c/s1/icon-alert-red.gif
Reusing existing connection to images.fedex.com:80.
HTTP request sent, awaiting response... 200 OK
Length: 212 [image/gif]
Saving to: `code/../crawls/fedex.com/Privacy-Policy/raw/images.fedex.com/images/c/s1/icon-alert-red.gif'

     0K                                                       100% 38.7M=0s

2012-04-15 08:31:05 (38.7 MB/s) - `code/../crawls/fedex.com/Privacy-Policy/raw/images.fedex.com/images/c/s1/icon-alert-red.gif' saved [212/212]

--2012-04-15 08:31:05--  http://images.fedex.com/images/c/t1/accumulator.gif
Reusing existing connection to images.fedex.com:80.
HTTP request sent, awaiting response... 200 OK
Length: 249 [image/gif]
Saving to: `code/../crawls/fedex.com/Privacy-Policy/raw/images.fedex.com/images/c/t1/accumulator.gif'

     0K                                                       100% 45.8M=0s

2012-04-15 08:31:05 (45.8 MB/s) - `code/../crawls/fedex.com/Privacy-Policy/raw/images.fedex.com/images/c/t1/accumulator.gif' saved [249/249]

--2012-04-15 08:31:05--  http://images.fedex.com/images/c/s1/modal-close.gif
Reusing existing connection to images.fedex.com:80.
HTTP request sent, awaiting response... 200 OK
Length: 166 [image/gif]
Saving to: `code/../crawls/fedex.com/Privacy-Policy/raw/images.fedex.com/images/c/s1/modal-close.gif'

     0K                                                       100% 30.4M=0s

2012-04-15 08:31:05 (30.4 MB/s) - `code/../crawls/fedex.com/Privacy-Policy/raw/images.fedex.com/images/c/s1/modal-close.gif' saved [166/166]

FINISHED --2012-04-15 08:31:05--
Total wall clock time: 3.3s
Downloaded: 75 files, 609K in 0.4s (1.63 MB/s)
Converting code/../crawls/fedex.com/Privacy-Policy/raw/www.fedex.com/us/security/privacy-policy.html... 38-13
Converting code/../crawls/fedex.com/Privacy-Policy/raw/images.fedex.com/css/t1/sub-min.css... 43-0
Converting code/../crawls/fedex.com/Privacy-Policy/raw/images.fedex.com/css/t1/master-min.css... 60-0
Converting code/../crawls/fedex.com/Privacy-Policy/raw/images.fedex.com/iwov-resources/fixed-layout/30_base_1-3.css... nothing to do.
Converted 4 files in 0.006 seconds.
