--2012-10-04 05:17:55--  http://www.priceline.com/privacypolicy/privacypolicy.asp
Resolving www.priceline.com... 64.6.28.1
Connecting to www.priceline.com|64.6.28.1|:80... connected.
HTTP request sent, awaiting response... 200 OK
Length: 58077 (57K) [text/html]
Saving to: `code/../crawls/priceline.com/Privacy-Policy/raw/www.priceline.com/privacypolicy/privacypolicy.asp.html'

     0K .......... .......... .......... .......... .......... 88%  690K 0s
    50K ......                                                100% 12.8M=0.07s

2012-10-04 05:17:58 (777 KB/s) - `code/../crawls/priceline.com/Privacy-Policy/raw/www.priceline.com/privacypolicy/privacypolicy.asp.html' saved [58077/58077]

--2012-10-04 05:17:58--  http://www.priceline.com/images/pcln/favicon.ico
Reusing existing connection to www.priceline.com:80.
HTTP request sent, awaiting response... 200 OK
Length: 1406 (1.4K) [image/x-icon]
Saving to: `code/../crawls/priceline.com/Privacy-Policy/raw/www.priceline.com/images/pcln/favicon.ico'

     0K .                                                     100%  195M=0s

2012-10-04 05:17:58 (195 MB/s) - `code/../crawls/priceline.com/Privacy-Policy/raw/www.priceline.com/images/pcln/favicon.ico' saved [1406/1406]

--2012-10-04 05:17:58--  http://www.priceline.com/include/css/pcln_pcln_gbl.css
Reusing existing connection to www.priceline.com:80.
HTTP request sent, awaiting response... 200 OK
Length: 2727 (2.7K) [text/css]
Saving to: `code/../crawls/priceline.com/Privacy-Policy/raw/www.priceline.com/include/css/pcln_pcln_gbl.css'

     0K ..                                                    100% 26.9M=0s

2012-10-04 05:17:58 (26.9 MB/s) - `code/../crawls/priceline.com/Privacy-Policy/raw/www.priceline.com/include/css/pcln_pcln_gbl.css' saved [2727/2727]

--2012-10-04 05:17:58--  http://www.priceline.com/include/css/helpcenter_pcln.css
Reusing existing connection to www.priceline.com:80.
HTTP request sent, awaiting response... 200 OK
Length: 3389 (3.3K) [text/css]
Saving to: `code/../crawls/priceline.com/Privacy-Policy/raw/www.priceline.com/include/css/helpcenter_pcln.css'

     0K ...                                                   100% 48.7M=0s

2012-10-04 05:17:58 (48.7 MB/s) - `code/../crawls/priceline.com/Privacy-Policy/raw/www.priceline.com/include/css/helpcenter_pcln.css' saved [3389/3389]

--2012-10-04 05:17:58--  http://www.priceline.com/include/css/pcln_template.css
Reusing existing connection to www.priceline.com:80.
HTTP request sent, awaiting response... 200 OK
Length: 2195 (2.1K) [text/css]
Saving to: `code/../crawls/priceline.com/Privacy-Policy/raw/www.priceline.com/include/css/pcln_template.css'

     0K ..                                                    100%  294M=0s

2012-10-04 05:17:58 (294 MB/s) - `code/../crawls/priceline.com/Privacy-Policy/raw/www.priceline.com/include/css/pcln_template.css' saved [2195/2195]

--2012-10-04 05:17:58--  http://www.priceline.com/include/css/interior.css
Reusing existing connection to www.priceline.com:80.
HTTP request sent, awaiting response... 200 OK
Length: 8561 (8.4K) [text/css]
Saving to: `code/../crawls/priceline.com/Privacy-Policy/raw/www.priceline.com/include/css/interior.css'

     0K ........                                              100% 14.2M=0.001s

2012-10-04 05:17:58 (14.2 MB/s) - `code/../crawls/priceline.com/Privacy-Policy/raw/www.priceline.com/include/css/interior.css' saved [8561/8561]

--2012-10-04 05:17:58--  http://www.priceline.com/include/load_unload.js
Reusing existing connection to www.priceline.com:80.
HTTP request sent, awaiting response... 200 OK
Length: 846 [application/x-javascript]
Saving to: `code/../crawls/priceline.com/Privacy-Policy/raw/www.priceline.com/include/load_unload.js'

     0K                                                       100%  134M=0s

2012-10-04 05:17:58 (134 MB/s) - `code/../crawls/priceline.com/Privacy-Policy/raw/www.priceline.com/include/load_unload.js' saved [846/846]

--2012-10-04 05:17:58--  http://www.priceline.com/include/js/G_TrackLinkQueue.js
Reusing existing connection to www.priceline.com:80.
HTTP request sent, awaiting response... 200 OK
Length: 1586 (1.5K) [application/x-javascript]
Saving to: `code/../crawls/priceline.com/Privacy-Policy/raw/www.priceline.com/include/js/G_TrackLinkQueue.js'

     0K .                                                     100%  235M=0s

2012-10-04 05:17:58 (235 MB/s) - `code/../crawls/priceline.com/Privacy-Policy/raw/www.priceline.com/include/js/G_TrackLinkQueue.js' saved [1586/1586]

--2012-10-04 05:17:58--  http://travela.priceline.com/sharedapps/js/jquery.fancybox-1.3.4.pack.js
Resolving travela.priceline.com... 64.6.28.26
Connecting to travela.priceline.com|64.6.28.26|:80... connected.
HTTP request sent, awaiting response... 200 OK
Length: 15624 (15K) [text/javascript]
Saving to: `code/../crawls/priceline.com/Privacy-Policy/raw/travela.priceline.com/sharedapps/js/jquery.fancybox-1.3.4.pack.js'

     0K .......... .....                                      100%  106K=0.1s

2012-10-04 05:17:59 (106 KB/s) - `code/../crawls/priceline.com/Privacy-Policy/raw/travela.priceline.com/sharedapps/js/jquery.fancybox-1.3.4.pack.js' saved [15624/15624]

--2012-10-04 05:17:59--  http://travela.priceline.com/sharedapps/content/css/jquery.fancybox-1.3.4.css
Reusing existing connection to travela.priceline.com:80.
HTTP request sent, awaiting response... 200 OK
Length: 10033 (9.8K) [text/css]
Saving to: `code/../crawls/priceline.com/Privacy-Policy/raw/travela.priceline.com/sharedapps/content/css/jquery.fancybox-1.3.4.css'

     0K .........                                             100% 14.0M=0.001s

2012-10-04 05:17:59 (14.0 MB/s) - `code/../crawls/priceline.com/Privacy-Policy/raw/travela.priceline.com/sharedapps/content/css/jquery.fancybox-1.3.4.css' saved [10033/10033]

--2012-10-04 05:17:59--  http://www.priceline.com/include/G_help.js
Connecting to www.priceline.com|64.6.28.1|:80... connected.
HTTP request sent, awaiting response... 200 OK
Length: 872 [application/x-javascript]
Saving to: `code/../crawls/priceline.com/Privacy-Policy/raw/www.priceline.com/include/G_help.js'

     0K                                                       100%  144M=0s

2012-10-04 05:17:59 (144 MB/s) - `code/../crawls/priceline.com/Privacy-Policy/raw/www.priceline.com/include/G_help.js' saved [872/872]

--2012-10-04 05:17:59--  http://www.priceline.com/sp.gif
Reusing existing connection to www.priceline.com:80.
HTTP request sent, awaiting response... 200 OK
Length: 43 [image/gif]
Saving to: `code/../crawls/priceline.com/Privacy-Policy/raw/www.priceline.com/sp.gif'

     0K                                                       100% 7.76M=0s

2012-10-04 05:17:59 (7.76 MB/s) - `code/../crawls/priceline.com/Privacy-Policy/raw/www.priceline.com/sp.gif' saved [43/43]

--2012-10-04 05:17:59--  http://www.priceline.com/zp/utils/zapatec.js
Reusing existing connection to www.priceline.com:80.
HTTP request sent, awaiting response... 200 OK
Length: 83248 (81K) [application/x-javascript]
Saving to: `code/../crawls/priceline.com/Privacy-Policy/raw/www.priceline.com/zp/utils/zapatec.js'

     0K .......... .......... .......... .......... .......... 61%  343K 0s
    50K .......... .......... .......... .                    100%  432K=0.2s

2012-10-04 05:17:59 (372 KB/s) - `code/../crawls/priceline.com/Privacy-Policy/raw/www.priceline.com/zp/utils/zapatec.js' saved [83248/83248]

--2012-10-04 05:17:59--  http://www.priceline.com/zp/zpcal/src/calendar.js
Reusing existing connection to www.priceline.com:80.
HTTP request sent, awaiting response... 200 OK
Length: 1214 (1.2K) [application/x-javascript]
Saving to: `code/../crawls/priceline.com/Privacy-Policy/raw/www.priceline.com/zp/zpcal/src/calendar.js'

     0K .                                                     100%  180M=0s

2012-10-04 05:17:59 (180 MB/s) - `code/../crawls/priceline.com/Privacy-Policy/raw/www.priceline.com/zp/zpcal/src/calendar.js' saved [1214/1214]

--2012-10-04 05:17:59--  http://www.priceline.com/zp/zpcal/lang/calendar-en.js
Reusing existing connection to www.priceline.com:80.
HTTP request sent, awaiting response... 200 OK
Length: 3413 (3.3K) [application/x-javascript]
Saving to: `code/../crawls/priceline.com/Privacy-Policy/raw/www.priceline.com/zp/zpcal/lang/calendar-en.js'

     0K ...                                                   100%  211M=0s

2012-10-04 05:17:59 (211 MB/s) - `code/../crawls/priceline.com/Privacy-Policy/raw/www.priceline.com/zp/zpcal/lang/calendar-en.js' saved [3413/3413]

--2012-10-04 05:17:59--  http://www.priceline.com/zp/zpcal/src/calendar-pcln-funcs.js
Reusing existing connection to www.priceline.com:80.
HTTP request sent, awaiting response... 200 OK
Length: 13279 (13K) [application/x-javascript]
Saving to: `code/../crawls/priceline.com/Privacy-Policy/raw/www.priceline.com/zp/zpcal/src/calendar-pcln-funcs.js'

     0K .......... ..                                         100% 8.30M=0.002s

2012-10-04 05:18:00 (8.30 MB/s) - `code/../crawls/priceline.com/Privacy-Policy/raw/www.priceline.com/zp/zpcal/src/calendar-pcln-funcs.js' saved [13279/13279]

--2012-10-04 05:18:00--  http://www.priceline.com/zp/zpcal/themes/pcln/pcln.css
Reusing existing connection to www.priceline.com:80.
HTTP request sent, awaiting response... 200 OK
Length: 4254 (4.2K) [text/css]
Saving to: `code/../crawls/priceline.com/Privacy-Policy/raw/www.priceline.com/zp/zpcal/themes/pcln/pcln.css'

     0K ....                                                  100% 51.8M=0s

2012-10-04 05:18:00 (51.8 MB/s) - `code/../crawls/priceline.com/Privacy-Policy/raw/www.priceline.com/zp/zpcal/themes/pcln/pcln.css' saved [4254/4254]

--2012-10-04 05:18:00--  http://www.priceline.com/images/hp/priceline_logo.gif
Reusing existing connection to www.priceline.com:80.
HTTP request sent, awaiting response... 200 OK
Length: 2078 (2.0K) [image/gif]
Saving to: `code/../crawls/priceline.com/Privacy-Policy/raw/www.priceline.com/images/hp/priceline_logo.gif'

     0K ..                                                    100%  287M=0s

2012-10-04 05:18:00 (287 MB/s) - `code/../crawls/priceline.com/Privacy-Policy/raw/www.priceline.com/images/hp/priceline_logo.gif' saved [2078/2078]

--2012-10-04 05:18:00--  http://www.priceline.com/zp/zpmenu/themes/pclnhome.css?v=1
Reusing existing connection to www.priceline.com:80.
HTTP request sent, awaiting response... 200 OK
Length: 4515 (4.4K) [text/css]
Saving to: `code/../crawls/priceline.com/Privacy-Policy/raw/www.priceline.com/zp/zpmenu/themes/pclnhome.css?v=1.css'

     0K ....                                                  100% 54.1M=0s

2012-10-04 05:18:00 (54.1 MB/s) - `code/../crawls/priceline.com/Privacy-Policy/raw/www.priceline.com/zp/zpmenu/themes/pclnhome.css?v=1.css' saved [4515/4515]

--2012-10-04 05:18:00--  http://www.priceline.com/zp/zpmenu/src/zpmenu.js?v=1
Reusing existing connection to www.priceline.com:80.
HTTP request sent, awaiting response... 200 OK
Length: 45865 (45K) [application/x-javascript]
Saving to: `code/../crawls/priceline.com/Privacy-Policy/raw/www.priceline.com/zp/zpmenu/src/zpmenu.js?v=1'

     0K .......... .......... .......... .......... ....      100%  595K=0.08s

2012-10-04 05:18:00 (595 KB/s) - `code/../crawls/priceline.com/Privacy-Policy/raw/www.priceline.com/zp/zpmenu/src/zpmenu.js?v=1' saved [45865/45865]

--2012-10-04 05:18:00--  http://www.priceline.com/images/global/dropdown_plus.gif
Reusing existing connection to www.priceline.com:80.
HTTP request sent, awaiting response... 200 OK
Length: 49 [image/gif]
Saving to: `code/../crawls/priceline.com/Privacy-Policy/raw/www.priceline.com/images/global/dropdown_plus.gif'

     0K                                                       100% 8.68M=0s

2012-10-04 05:18:00 (8.68 MB/s) - `code/../crawls/priceline.com/Privacy-Policy/raw/www.priceline.com/images/global/dropdown_plus.gif' saved [49/49]

--2012-10-04 05:18:00--  http://www.priceline.com/privacypolicy/images/flag-en-on.png
Reusing existing connection to www.priceline.com:80.
HTTP request sent, awaiting response... 200 OK
Length: 3721 (3.6K) [image/png]
Saving to: `code/../crawls/priceline.com/Privacy-Policy/raw/www.priceline.com/privacypolicy/images/flag-en-on.png'

     0K ...                                                   100% 25.1M=0s

2012-10-04 05:18:00 (25.1 MB/s) - `code/../crawls/priceline.com/Privacy-Policy/raw/www.priceline.com/privacypolicy/images/flag-en-on.png' saved [3721/3721]

--2012-10-04 05:18:00--  http://www.priceline.com/privacypolicy/images/flag-nl-off.png
Reusing existing connection to www.priceline.com:80.
HTTP request sent, awaiting response... 200 OK
Length: 211 [image/png]
Saving to: `code/../crawls/priceline.com/Privacy-Policy/raw/www.priceline.com/privacypolicy/images/flag-nl-off.png'

     0K                                                       100% 38.5M=0s

2012-10-04 05:18:00 (38.5 MB/s) - `code/../crawls/priceline.com/Privacy-Policy/raw/www.priceline.com/privacypolicy/images/flag-nl-off.png' saved [211/211]

--2012-10-04 05:18:00--  http://www.priceline.com/privacypolicy/images/flag-de-off.png
Reusing existing connection to www.priceline.com:80.
HTTP request sent, awaiting response... 200 OK
Length: 215 [image/png]
Saving to: `code/../crawls/priceline.com/Privacy-Policy/raw/www.priceline.com/privacypolicy/images/flag-de-off.png'

     0K                                                       100% 39.4M=0s

2012-10-04 05:18:00 (39.4 MB/s) - `code/../crawls/priceline.com/Privacy-Policy/raw/www.priceline.com/privacypolicy/images/flag-de-off.png' saved [215/215]

--2012-10-04 05:18:00--  http://www.priceline.com/privacypolicy/images/flag-fr-off.png
Reusing existing connection to www.priceline.com:80.
HTTP request sent, awaiting response... 200 OK
Length: 208 [image/png]
Saving to: `code/../crawls/priceline.com/Privacy-Policy/raw/www.priceline.com/privacypolicy/images/flag-fr-off.png'

     0K                                                       100% 38.2M=0s

2012-10-04 05:18:00 (38.2 MB/s) - `code/../crawls/priceline.com/Privacy-Policy/raw/www.priceline.com/privacypolicy/images/flag-fr-off.png' saved [208/208]

--2012-10-04 05:18:00--  http://www.priceline.com/privacypolicy/images/flag-es-off.png
Reusing existing connection to www.priceline.com:80.
HTTP request sent, awaiting response... 200 OK
Length: 214 [image/png]
Saving to: `code/../crawls/priceline.com/Privacy-Policy/raw/www.priceline.com/privacypolicy/images/flag-es-off.png'

     0K                                                       100% 39.4M=0s

2012-10-04 05:18:00 (39.4 MB/s) - `code/../crawls/priceline.com/Privacy-Policy/raw/www.priceline.com/privacypolicy/images/flag-es-off.png' saved [214/214]

--2012-10-04 05:18:00--  http://www.priceline.com/privacypolicy/images/flag-it-off.png
Reusing existing connection to www.priceline.com:80.
HTTP request sent, awaiting response... 200 OK
Length: 200 [image/png]
Saving to: `code/../crawls/priceline.com/Privacy-Policy/raw/www.priceline.com/privacypolicy/images/flag-it-off.png'

     0K                                                       100% 37.4M=0s

2012-10-04 05:18:00 (37.4 MB/s) - `code/../crawls/priceline.com/Privacy-Policy/raw/www.priceline.com/privacypolicy/images/flag-it-off.png' saved [200/200]

--2012-10-04 05:18:00--  http://www.priceline.com/privacypolicy/images/flag-pt-off.png
Reusing existing connection to www.priceline.com:80.
HTTP request sent, awaiting response... 200 OK
Length: 228 [image/png]
Saving to: `code/../crawls/priceline.com/Privacy-Policy/raw/www.priceline.com/privacypolicy/images/flag-pt-off.png'

     0K                                                       100% 42.0M=0s

2012-10-04 05:18:01 (42.0 MB/s) - `code/../crawls/priceline.com/Privacy-Policy/raw/www.priceline.com/privacypolicy/images/flag-pt-off.png' saved [228/228]

--2012-10-04 05:18:01--  http://www.priceline.com/privacypolicy/images/flag-ja-off.png
Reusing existing connection to www.priceline.com:80.
HTTP request sent, awaiting response... 200 OK
Length: 239 [image/png]
Saving to: `code/../crawls/priceline.com/Privacy-Policy/raw/www.priceline.com/privacypolicy/images/flag-ja-off.png'

     0K                                                       100% 43.4M=0s

2012-10-04 05:18:01 (43.4 MB/s) - `code/../crawls/priceline.com/Privacy-Policy/raw/www.priceline.com/privacypolicy/images/flag-ja-off.png' saved [239/239]

--2012-10-04 05:18:01--  http://www.priceline.com/privacypolicy/images/truste_clickseal.gif
Reusing existing connection to www.priceline.com:80.
HTTP request sent, awaiting response... 200 OK
Length: 2532 (2.5K) [image/gif]
Saving to: `code/../crawls/priceline.com/Privacy-Policy/raw/www.priceline.com/privacypolicy/images/truste_clickseal.gif'

     0K ..                                                    100%  214M=0s

2012-10-04 05:18:01 (214 MB/s) - `code/../crawls/priceline.com/Privacy-Policy/raw/www.priceline.com/privacypolicy/images/truste_clickseal.gif' saved [2532/2532]

--2012-10-04 05:18:01--  http://www.priceline.com/images/hp/iphone-badge.gif
Reusing existing connection to www.priceline.com:80.
HTTP request sent, awaiting response... 200 OK
Length: 932 [image/gif]
Saving to: `code/../crawls/priceline.com/Privacy-Policy/raw/www.priceline.com/images/hp/iphone-badge.gif'

     0K                                                       100%  156M=0s

2012-10-04 05:18:01 (156 MB/s) - `code/../crawls/priceline.com/Privacy-Policy/raw/www.priceline.com/images/hp/iphone-badge.gif' saved [932/932]

--2012-10-04 05:18:01--  http://www.priceline.com/images/pcln/fb_btm_nav.gif
Reusing existing connection to www.priceline.com:80.
HTTP request sent, awaiting response... 200 OK
Length: 1668 (1.6K) [image/gif]
Saving to: `code/../crawls/priceline.com/Privacy-Policy/raw/www.priceline.com/images/pcln/fb_btm_nav.gif'

     0K .                                                     100%  249M=0s

2012-10-04 05:18:01 (249 MB/s) - `code/../crawls/priceline.com/Privacy-Policy/raw/www.priceline.com/images/pcln/fb_btm_nav.gif' saved [1668/1668]

--2012-10-04 05:18:01--  http://www.priceline.com/images/pcln/tw_btm_nav.gif
Reusing existing connection to www.priceline.com:80.
HTTP request sent, awaiting response... 200 OK
Length: 1718 (1.7K) [image/gif]
Saving to: `code/../crawls/priceline.com/Privacy-Policy/raw/www.priceline.com/images/pcln/tw_btm_nav.gif'

     0K .                                                     100%  255M=0s

2012-10-04 05:18:01 (255 MB/s) - `code/../crawls/priceline.com/Privacy-Policy/raw/www.priceline.com/images/pcln/tw_btm_nav.gif' saved [1718/1718]

--2012-10-04 05:18:01--  http://www.priceline.com/include/js/CommonTag.js
Reusing existing connection to www.priceline.com:80.
HTTP request sent, awaiting response... 200 OK
Length: 10157 (9.9K) [application/x-javascript]
Saving to: `code/../crawls/priceline.com/Privacy-Policy/raw/www.priceline.com/include/js/CommonTag.js'

     0K .........                                             100% 14.3M=0.001s

2012-10-04 05:18:01 (14.3 MB/s) - `code/../crawls/priceline.com/Privacy-Policy/raw/www.priceline.com/include/js/CommonTag.js' saved [10157/10157]

The name is too long, 230 chars total.
Trying to shorten...
New name is njs.gif?dcsuri=%2Fprivacypolicy%2Fprivacypolicy.asp&WT.js=No&dcssip=www.priceline.com&&WT.sv=A&WT.cg_n=16&WT.z_pt_cd=PCLN&DCSex.
The name is too long, 230 chars total.
Trying to shorten...
New name is njs.gif?dcsuri=%2Fprivacypolicy%2Fprivacypolicy.asp&WT.js=No&dcssip=www.priceline.com&&WT.sv=A&WT.cg_n=16&WT.z_pt_cd=PCLN&DCSex.
--2012-10-04 05:18:01--  http://imgwww.priceline.com/dcscx5l599uewfk6c3m90kij8_6z6b/njs.gif?dcsuri=/privacypolicy/privacypolicy.asp&WT.js=No&dcssip=www.priceline.com&&WT.sv=A&WT.cg_n=16&WT.z_pt_cd=PCLN&DCSext.plf_cd=PCLN&WT.z_p_pt_cd=PCLN&WT.ti=/privacypolicy/privacypolicy&WT.z_vid=v2012100412175791505014
Resolving imgwww.priceline.com... 64.6.18.15, 64.6.28.15
Connecting to imgwww.priceline.com|64.6.18.15|:80... connected.
HTTP request sent, awaiting response... 303 Object Moved
Location: /dcscx5l599uewfk6c3m90kij8_6z6b/njs.gif?dcsredirect=1&dcsuri=/privacypolicy/privacypolicy.asp&WT.js=No&dcssip=www.priceline.com&&WT.sv=A&WT.cg_n=16&WT.z_pt_cd=PCLN&DCSext.plf_cd=PCLN&WT.z_p_pt_cd=PCLN&WT.ti=/privacypolicy/privacypolicy&WT.z_vid=v2012100412175791505014 [following]
The name is too long, 230 chars total.
Trying to shorten...
New name is njs.gif?dcsuri=%2Fprivacypolicy%2Fprivacypolicy.asp&WT.js=No&dcssip=www.priceline.com&&WT.sv=A&WT.cg_n=16&WT.z_pt_cd=PCLN&DCSex.
The name is too long, 230 chars total.
Trying to shorten...
New name is njs.gif?dcsuri=%2Fprivacypolicy%2Fprivacypolicy.asp&WT.js=No&dcssip=www.priceline.com&&WT.sv=A&WT.cg_n=16&WT.z_pt_cd=PCLN&DCSex.
--2012-10-04 05:18:01--  http://imgwww.priceline.com/dcscx5l599uewfk6c3m90kij8_6z6b/njs.gif?dcsredirect=1&dcsuri=/privacypolicy/privacypolicy.asp&WT.js=No&dcssip=www.priceline.com&&WT.sv=A&WT.cg_n=16&WT.z_pt_cd=PCLN&DCSext.plf_cd=PCLN&WT.z_p_pt_cd=PCLN&WT.ti=/privacypolicy/privacypolicy&WT.z_vid=v2012100412175791505014
Connecting to imgwww.priceline.com|64.6.18.15|:80... connected.
HTTP request sent, awaiting response... 200 OK
Length: 43 [image/gif]
Saving to: `code/../crawls/priceline.com/Privacy-Policy/raw/imgwww.priceline.com/dcscx5l599uewfk6c3m90kij8_6z6b/njs.gif?dcsuri=%2Fprivacypolicy%2Fprivacypolicy.asp&WT.js=No&dcssip=www.priceline.com&&WT.sv=A&WT.cg_n=16&WT.z_pt_cd=PCLN&DCSex'

     0K                                                       100% 7.20M=0s

2012-10-04 05:18:01 (7.20 MB/s) - `code/../crawls/priceline.com/Privacy-Policy/raw/imgwww.priceline.com/dcscx5l599uewfk6c3m90kij8_6z6b/njs.gif?dcsuri=%2Fprivacypolicy%2Fprivacypolicy.asp&WT.js=No&dcssip=www.priceline.com&&WT.sv=A&WT.cg_n=16&WT.z_pt_cd=PCLN&DCSex' saved [43/43]

--2012-10-04 05:18:01--  http://static.atgsvcs.com/js/atgsvcs.js
Resolving static.atgsvcs.com... 23.56.124.9
Connecting to static.atgsvcs.com|23.56.124.9|:80... connected.
HTTP request sent, awaiting response... 200 OK
Length: unspecified [application/x-javascript]
Saving to: `code/../crawls/priceline.com/Privacy-Policy/raw/static.atgsvcs.com/js/atgsvcs.js'

     0K .......... .......... .......... .......... .......... 5.43M
    50K .......... .......... .....                            9.72M=0.01s

2012-10-04 05:18:01 (6.39 MB/s) - `code/../crawls/priceline.com/Privacy-Policy/raw/static.atgsvcs.com/js/atgsvcs.js' saved [77441]

--2012-10-04 05:18:01--  http://www.priceline.com/images/pcln/icon.list.gif
Connecting to www.priceline.com|64.6.28.1|:80... connected.
HTTP request sent, awaiting response... 200 OK
Length: 198 [image/gif]
Saving to: `code/../crawls/priceline.com/Privacy-Policy/raw/www.priceline.com/images/pcln/icon.list.gif'

     0K                                                       100% 33.5M=0s

2012-10-04 05:18:02 (33.5 MB/s) - `code/../crawls/priceline.com/Privacy-Policy/raw/www.priceline.com/images/pcln/icon.list.gif' saved [198/198]

--2012-10-04 05:18:02--  http://www.priceline.com/images/hp/bg_bonus_cash.gif
Reusing existing connection to www.priceline.com:80.
HTTP request sent, awaiting response... 200 OK
Length: 5148 (5.0K) [image/gif]
Saving to: `code/../crawls/priceline.com/Privacy-Policy/raw/www.priceline.com/images/hp/bg_bonus_cash.gif'

     0K .....                                                 100% 26.3M=0s

2012-10-04 05:18:02 (26.3 MB/s) - `code/../crawls/priceline.com/Privacy-Policy/raw/www.priceline.com/images/hp/bg_bonus_cash.gif' saved [5148/5148]

--2012-10-04 05:18:02--  http://travela.priceline.com/sharedapps/content/graphics/fancybox.png
Connecting to travela.priceline.com|64.6.28.26|:80... connected.
HTTP request sent, awaiting response... 200 OK
Length: 19991 (20K) [image/png]
Saving to: `code/../crawls/priceline.com/Privacy-Policy/raw/travela.priceline.com/sharedapps/content/graphics/fancybox.png'

     0K .......... .........                                  100%  265K=0.07s

2012-10-04 05:18:02 (265 KB/s) - `code/../crawls/priceline.com/Privacy-Policy/raw/travela.priceline.com/sharedapps/content/graphics/fancybox.png' saved [19991/19991]

--2012-10-04 05:18:02--  http://travela.priceline.com/sharedapps/content/graphics/blank.gif
Reusing existing connection to travela.priceline.com:80.
HTTP request sent, awaiting response... 200 OK
Length: 43 [image/gif]
Saving to: `code/../crawls/priceline.com/Privacy-Policy/raw/travela.priceline.com/sharedapps/content/graphics/blank.gif'

     0K                                                       100% 7.85M=0s

2012-10-04 05:18:02 (7.85 MB/s) - `code/../crawls/priceline.com/Privacy-Policy/raw/travela.priceline.com/sharedapps/content/graphics/blank.gif' saved [43/43]

--2012-10-04 05:18:02--  http://travela.priceline.com/sharedapps/content/graphics/fancybox-x.png
Reusing existing connection to travela.priceline.com:80.
HTTP request sent, awaiting response... 200 OK
Length: 203 [image/png]
Saving to: `code/../crawls/priceline.com/Privacy-Policy/raw/travela.priceline.com/sharedapps/content/graphics/fancybox-x.png'

     0K                                                       100% 37.9M=0s

2012-10-04 05:18:02 (37.9 MB/s) - `code/../crawls/priceline.com/Privacy-Policy/raw/travela.priceline.com/sharedapps/content/graphics/fancybox-x.png' saved [203/203]

--2012-10-04 05:18:02--  http://travela.priceline.com/sharedapps/content/graphics/fancybox-y.png
Reusing existing connection to travela.priceline.com:80.
HTTP request sent, awaiting response... 200 OK
Length: 176 [image/png]
Saving to: `code/../crawls/priceline.com/Privacy-Policy/raw/travela.priceline.com/sharedapps/content/graphics/fancybox-y.png'

     0K                                                       100% 31.4M=0s

2012-10-04 05:18:02 (31.4 MB/s) - `code/../crawls/priceline.com/Privacy-Policy/raw/travela.priceline.com/sharedapps/content/graphics/fancybox-y.png' saved [176/176]

--2012-10-04 05:18:02--  http://travela.priceline.com/sharedapps/content/graphics/fancy_title_over.png
Reusing existing connection to travela.priceline.com:80.
HTTP request sent, awaiting response... 200 OK
Length: 70 [image/png]
Saving to: `code/../crawls/priceline.com/Privacy-Policy/raw/travela.priceline.com/sharedapps/content/graphics/fancy_title_over.png'

     0K                                                       100% 12.8M=0s

2012-10-04 05:18:02 (12.8 MB/s) - `code/../crawls/priceline.com/Privacy-Policy/raw/travela.priceline.com/sharedapps/content/graphics/fancy_title_over.png' saved [70/70]

--2012-10-04 05:18:02--  http://www.priceline.com/zp/zpcal/themes/layouts/layout-2d-custom.css
Connecting to www.priceline.com|64.6.28.1|:80... connected.
HTTP request sent, awaiting response... 200 OK
Length: 3591 (3.5K) [text/css]
Saving to: `code/../crawls/priceline.com/Privacy-Policy/raw/www.priceline.com/zp/zpcal/themes/layouts/layout-2d-custom.css'

     0K ...                                                   100%  415M=0s

2012-10-04 05:18:02 (415 MB/s) - `code/../crawls/priceline.com/Privacy-Policy/raw/www.priceline.com/zp/zpcal/themes/layouts/layout-2d-custom.css' saved [3591/3591]

--2012-10-04 05:18:02--  http://www.priceline.com/zp/zpcal/themes/pcln/monthPrevious.gif
Reusing existing connection to www.priceline.com:80.
HTTP request sent, awaiting response... 200 OK
Length: 380 [image/gif]
Saving to: `code/../crawls/priceline.com/Privacy-Policy/raw/www.priceline.com/zp/zpcal/themes/pcln/monthPrevious.gif'

     0K                                                       100% 62.8M=0s

2012-10-04 05:18:02 (62.8 MB/s) - `code/../crawls/priceline.com/Privacy-Policy/raw/www.priceline.com/zp/zpcal/themes/pcln/monthPrevious.gif' saved [380/380]

--2012-10-04 05:18:02--  http://www.priceline.com/zp/zpcal/themes/pcln/monthNext.gif
Reusing existing connection to www.priceline.com:80.
HTTP request sent, awaiting response... 200 OK
Length: 378 [image/gif]
Saving to: `code/../crawls/priceline.com/Privacy-Policy/raw/www.priceline.com/zp/zpcal/themes/pcln/monthNext.gif'

     0K                                                       100% 65.7M=0s

2012-10-04 05:18:02 (65.7 MB/s) - `code/../crawls/priceline.com/Privacy-Policy/raw/www.priceline.com/zp/zpcal/themes/pcln/monthNext.gif' saved [378/378]

--2012-10-04 05:18:02--  http://www.priceline.com/zp/zpmenu/themes/layout/pclnhomebasic.css
Reusing existing connection to www.priceline.com:80.
HTTP request sent, awaiting response... 200 OK
Length: 6194 (6.0K) [text/css]
Saving to: `code/../crawls/priceline.com/Privacy-Policy/raw/www.priceline.com/zp/zpmenu/themes/layout/pclnhomebasic.css'

     0K ......                                                100%  616M=0s

2012-10-04 05:18:03 (616 MB/s) - `code/../crawls/priceline.com/Privacy-Policy/raw/www.priceline.com/zp/zpmenu/themes/layout/pclnhomebasic.css' saved [6194/6194]

FINISHED --2012-10-04 05:18:03--
Total wall clock time: 7.3s
Downloaded: 47 files, 390K in 0.6s (649 KB/s)
Converting code/../crawls/priceline.com/Privacy-Policy/raw/www.priceline.com/privacypolicy/privacypolicy.asp.html... 52-31
Converting code/../crawls/priceline.com/Privacy-Policy/raw/travela.priceline.com/sharedapps/content/css/jquery.fancybox-1.3.4.css... 17-0
Converting code/../crawls/priceline.com/Privacy-Policy/raw/www.priceline.com/zp/zpcal/themes/layouts/layout-2d-custom.css... 0-1
Converting code/../crawls/priceline.com/Privacy-Policy/raw/www.priceline.com/include/css/interior.css... 1-0
Converting code/../crawls/priceline.com/Privacy-Policy/raw/www.priceline.com/zp/zpcal/themes/pcln/pcln.css... 3-0
Converting code/../crawls/priceline.com/Privacy-Policy/raw/www.priceline.com/zp/zpmenu/themes/layout/pclnhomebasic.css... nothing to do.
Converting code/../crawls/priceline.com/Privacy-Policy/raw/www.priceline.com/include/css/pcln_pcln_gbl.css... nothing to do.
Converting code/../crawls/priceline.com/Privacy-Policy/raw/www.priceline.com/include/css/pcln_template.css... nothing to do.
Converting code/../crawls/priceline.com/Privacy-Policy/raw/www.priceline.com/zp/zpmenu/themes/pclnhome.css?v=1.css... 1-0
Converting code/../crawls/priceline.com/Privacy-Policy/raw/www.priceline.com/include/css/helpcenter_pcln.css... 1-0
Converted 10 files in 0.2 seconds.
