--2013-01-23 05:19:32--  http://shop.costco.com/Legal/Privacy
Resolving shop.costco.com... 206.160.170.8, 206.160.170.56
Connecting to shop.costco.com|206.160.170.8|:80... connected.
HTTP request sent, awaiting response... 301 Moved Permanently
Location: http://www.costco.com/privacy.html [following]
--2013-01-23 05:19:32--  http://www.costco.com/privacy.html
Resolving www.costco.com... 23.34.146.93
Connecting to www.costco.com|23.34.146.93|:80... connected.
HTTP request sent, awaiting response... 200 OK
Length: unspecified [text/html]
Saving to: `code/../crawls/costco.com/Privacy-Policy/raw/shop.costco.com/Legal/Privacy.html'

     0K .......... .......... .......... .......... .......... 6.33M
    50K .......... ..                                          12.2M=0.009s

2013-01-23 05:19:33 (7.01 MB/s) - `code/../crawls/costco.com/Privacy-Policy/raw/shop.costco.com/Legal/Privacy.html' saved [64014]

--2013-01-23 05:19:33--  http://www.costco.com/dtagent_416.js
Reusing existing connection to www.costco.com:80.
HTTP request sent, awaiting response... 200 OK
Length: unspecified [text/javascript]
Saving to: `code/../crawls/costco.com/Privacy-Policy/raw/www.costco.com/dtagent_416.js'

     0K .......... .......... .......... .......... ..         11.1M=0.004s

2013-01-23 05:19:33 (11.1 MB/s) - `code/../crawls/costco.com/Privacy-Policy/raw/www.costco.com/dtagent_416.js' saved [43021]

--2013-01-23 05:19:33--  http://www.costco.com/wcsstore/CostcoGLOBALSAS/images/favicon.ico
Reusing existing connection to www.costco.com:80.
HTTP request sent, awaiting response... 200 OK
Length: 1150 (1.1K) [image/x-icon]
Saving to: `code/../crawls/costco.com/Privacy-Policy/raw/www.costco.com/wcsstore/CostcoGLOBALSAS/images/favicon.ico'

     0K .                                                     100%  166M=0s

2013-01-23 05:19:33 (166 MB/s) - `code/../crawls/costco.com/Privacy-Policy/raw/www.costco.com/wcsstore/CostcoGLOBALSAS/images/favicon.ico' saved [1150/1150]

--2013-01-23 05:19:33--  http://www.costco.com/dynamic_css?langId=-1&storeId=10301&catalogId=10701
Reusing existing connection to www.costco.com:80.
HTTP request sent, awaiting response... 200 OK
Length: unspecified [text/css]
Saving to: `code/../crawls/costco.com/Privacy-Policy/raw/www.costco.com/dynamic_css?langId=-1&storeId=10301&catalogId=10701.css'

     0K .......... .......... .......... .......... .......... 9.89M
    50K .......... .......... ..                               11.9M=0.007s

2013-01-23 05:19:33 (10.4 MB/s) - `code/../crawls/costco.com/Privacy-Policy/raw/www.costco.com/dynamic_css?langId=-1&storeId=10301&catalogId=10701.css' saved [74213]

--2013-01-23 05:19:33--  http://www.costco.com/wcsstore/CostcoGLOBALSAS/css/ui-lightness/jquery-ui-1.8.10.custom.css
Reusing existing connection to www.costco.com:80.
HTTP request sent, awaiting response... 200 OK
Length: 31922 (31K) [text/css]
Saving to: `code/../crawls/costco.com/Privacy-Policy/raw/www.costco.com/wcsstore/CostcoGLOBALSAS/css/ui-lightness/jquery-ui-1.8.10.custom.css'

     0K .......... .......... .......... .                    100% 12.8M=0.002s

2013-01-23 05:19:33 (12.8 MB/s) - `code/../crawls/costco.com/Privacy-Policy/raw/www.costco.com/wcsstore/CostcoGLOBALSAS/css/ui-lightness/jquery-ui-1.8.10.custom.css' saved [31922/31922]

--2013-01-23 05:19:33--  http://www.costco.com/wcsstore/CostcoGLOBALSAS/javascript/jquery/jquery-1.6.1.min.js
Reusing existing connection to www.costco.com:80.
HTTP request sent, awaiting response... 200 OK
Length: unspecified [application/x-javascript]
Saving to: `code/../crawls/costco.com/Privacy-Policy/raw/www.costco.com/wcsstore/CostcoGLOBALSAS/javascript/jquery/jquery-1.6.1.min.js'

     0K .......... .......... .......... .......... .......... 10.2M
    50K .......... .......... .......... .........             9.36M=0.009s

2013-01-23 05:19:33 (9.82 MB/s) - `code/../crawls/costco.com/Privacy-Policy/raw/www.costco.com/wcsstore/CostcoGLOBALSAS/javascript/jquery/jquery-1.6.1.min.js' saved [91342]

--2013-01-23 05:19:33--  http://www.costco.com/wcsstore/CostcoGLOBALSAS/javascript/util.001.js
Reusing existing connection to www.costco.com:80.
HTTP request sent, awaiting response... 200 OK
Length: 5985 (5.8K) [application/x-javascript]
Saving to: `code/../crawls/costco.com/Privacy-Policy/raw/www.costco.com/wcsstore/CostcoGLOBALSAS/javascript/util.001.js'

     0K .....                                                 100% 18.4M=0s

2013-01-23 05:19:33 (18.4 MB/s) - `code/../crawls/costco.com/Privacy-Policy/raw/www.costco.com/wcsstore/CostcoGLOBALSAS/javascript/util.001.js' saved [5985/5985]

--2013-01-23 05:19:33--  http://www.costco.com/wcsstore/CostcoGLOBALSAS/javascript/jquery.cookie.js
Reusing existing connection to www.costco.com:80.
HTTP request sent, awaiting response... 200 OK
Length: 3549 (3.5K) [application/x-javascript]
Saving to: `code/../crawls/costco.com/Privacy-Policy/raw/www.costco.com/wcsstore/CostcoGLOBALSAS/javascript/jquery.cookie.js'

     0K ...                                                   100% 50.1M=0s

2013-01-23 05:19:33 (50.1 MB/s) - `code/../crawls/costco.com/Privacy-Policy/raw/www.costco.com/wcsstore/CostcoGLOBALSAS/javascript/jquery.cookie.js' saved [3549/3549]

--2013-01-23 05:19:33--  http://www.costco.com/dynamicJs?langId=-1&storeId=10301&catalogId=10701
Reusing existing connection to www.costco.com:80.
HTTP request sent, awaiting response... 200 OK
Length: unspecified [application/x-javascript]
Saving to: `code/../crawls/costco.com/Privacy-Policy/raw/www.costco.com/dynamicJs?langId=-1&storeId=10301&catalogId=10701'

     0K .......... .......... .......... .......... .......... 11.3M
    50K .......... .......... .......... .......... .......... 11.0M
   100K .......... .......... .......... .......... .......... 10.9M
   150K .......... .......... .......... .......... ....       10.1M=0.02s

2013-01-23 05:19:33 (10.8 MB/s) - `code/../crawls/costco.com/Privacy-Policy/raw/www.costco.com/dynamicJs?langId=-1&storeId=10301&catalogId=10701' saved [199014]

--2013-01-23 05:19:33--  http://www.costco.com/wcsstore/CostcoGLOBALSAS/javascript/cleanup.js
Reusing existing connection to www.costco.com:80.
HTTP request sent, awaiting response... 200 OK
Length: 2103 (2.1K) [application/x-javascript]
Saving to: `code/../crawls/costco.com/Privacy-Policy/raw/www.costco.com/wcsstore/CostcoGLOBALSAS/javascript/cleanup.js'

     0K ..                                                    100%  293M=0s

2013-01-23 05:19:33 (293 MB/s) - `code/../crawls/costco.com/Privacy-Policy/raw/www.costco.com/wcsstore/CostcoGLOBALSAS/javascript/cleanup.js' saved [2103/2103]

--2013-01-23 05:19:33--  http://media.richrelevance.com/rrserver/js/1.0/p13n.js
Resolving media.richrelevance.com... 184.24.228.204
Connecting to media.richrelevance.com|184.24.228.204|:80... connected.
HTTP request sent, awaiting response... 200 OK
Length: unspecified [application/x-javascript]
Saving to: `code/../crawls/costco.com/Privacy-Policy/raw/media.richrelevance.com/rrserver/js/1.0/p13n.js'

     0K .......... .......... .......... .......... ........   5.81M=0.008s

2013-01-23 05:19:33 (5.81 MB/s) - `code/../crawls/costco.com/Privacy-Policy/raw/media.richrelevance.com/rrserver/js/1.0/p13n.js' saved [49832]

--2013-01-23 05:19:33--  http://www.costco.com/wcsstore/CostcoGLOBALSAS/images/flags/US.png
Connecting to www.costco.com|23.34.146.93|:80... connected.
HTTP request sent, awaiting response... 200 OK
Length: 609 [image/png]
Saving to: `code/../crawls/costco.com/Privacy-Policy/raw/www.costco.com/wcsstore/CostcoGLOBALSAS/images/flags/US.png'

     0K                                                       100% 99.4M=0s

2013-01-23 05:19:33 (99.4 MB/s) - `code/../crawls/costco.com/Privacy-Policy/raw/www.costco.com/wcsstore/CostcoGLOBALSAS/images/flags/US.png' saved [609/609]

--2013-01-23 05:19:33--  http://www.costco.com/wcsstore/CostcoGLOBALSAS/images/flags/CA.png
Reusing existing connection to www.costco.com:80.
HTTP request sent, awaiting response... 200 OK
Length: 628 [image/png]
Saving to: `code/../crawls/costco.com/Privacy-Policy/raw/www.costco.com/wcsstore/CostcoGLOBALSAS/images/flags/CA.png'

     0K                                                       100%  109M=0s

2013-01-23 05:19:33 (109 MB/s) - `code/../crawls/costco.com/Privacy-Policy/raw/www.costco.com/wcsstore/CostcoGLOBALSAS/images/flags/CA.png' saved [628/628]

--2013-01-23 05:19:33--  http://www.costco.com/wcsstore/CostcoGLOBALSAS/images/flags/UK.png
Reusing existing connection to www.costco.com:80.
HTTP request sent, awaiting response... 200 OK
Length: 744 [image/png]
Saving to: `code/../crawls/costco.com/Privacy-Policy/raw/www.costco.com/wcsstore/CostcoGLOBALSAS/images/flags/UK.png'

     0K                                                       100%  132M=0s

2013-01-23 05:19:33 (132 MB/s) - `code/../crawls/costco.com/Privacy-Policy/raw/www.costco.com/wcsstore/CostcoGLOBALSAS/images/flags/UK.png' saved [744/744]

--2013-01-23 05:19:33--  http://www.costco.com/wcsstore/CostcoGLOBALSAS/images/costco_wholesale_214_64.png
Reusing existing connection to www.costco.com:80.
HTTP request sent, awaiting response... 200 OK
Length: 14278 (14K) [image/png]
Saving to: `code/../crawls/costco.com/Privacy-Policy/raw/www.costco.com/wcsstore/CostcoGLOBALSAS/images/costco_wholesale_214_64.png'

     0K .......... ...                                        100% 1.37M=0.01s

2013-01-23 05:19:33 (1.37 MB/s) - `code/../crawls/costco.com/Privacy-Policy/raw/www.costco.com/wcsstore/CostcoGLOBALSAS/images/costco_wholesale_214_64.png' saved [14278/14278]

--2013-01-23 05:19:33--  https://www.costco.com/CashCardFormView?langId=-1&storeId=10301&catalogId=10701
Connecting to www.costco.com|23.34.146.93|:443... connected.
HTTP request sent, awaiting response... 200 OK
Length: 4314 (4.2K) [text/html]
Saving to: `code/../crawls/costco.com/Privacy-Policy/raw/www.costco.com/CashCardFormView?langId=-1&storeId=10301&catalogId=10701.html'

     0K ....                                                  100% 1.57G=0s

2013-01-23 05:19:33 (1.57 GB/s) - `code/../crawls/costco.com/Privacy-Policy/raw/www.costco.com/CashCardFormView?langId=-1&storeId=10301&catalogId=10701.html' saved [4314/4314]

--2013-01-23 05:19:33--  http://www.costco.com/wcsstore/CostcoGLOBALSAS/javascript/LayoutHelper.js
Connecting to www.costco.com|23.34.146.93|:80... connected.
HTTP request sent, awaiting response... 200 OK
Length: 598 [application/x-javascript]
Saving to: `code/../crawls/costco.com/Privacy-Policy/raw/www.costco.com/wcsstore/CostcoGLOBALSAS/javascript/LayoutHelper.js'

     0K                                                       100% 89.8M=0s

2013-01-23 05:19:33 (89.8 MB/s) - `code/../crawls/costco.com/Privacy-Policy/raw/www.costco.com/wcsstore/CostcoGLOBALSAS/javascript/LayoutHelper.js' saved [598/598]

--2013-01-23 05:19:33--  http://content.costco.com/Images/Content/misc/email/CustServ_Thumb_ClassAction_v.gif
Resolving content.costco.com... 206.160.170.8, 206.160.170.59
Connecting to content.costco.com|206.160.170.8|:80... connected.
HTTP request sent, awaiting response... 200 OK
Length: 613 [image/gif]
Saving to: `code/../crawls/costco.com/Privacy-Policy/raw/content.costco.com/Images/Content/misc/email/CustServ_Thumb_ClassAction_v.gif'

     0K                                                       100% 93.9M=0s

2013-01-23 05:19:33 (93.9 MB/s) - `code/../crawls/costco.com/Privacy-Policy/raw/content.costco.com/Images/Content/misc/email/CustServ_Thumb_ClassAction_v.gif' saved [613/613]

--2013-01-23 05:19:33--  http://www.costco.com/wcsstore/CostcoGLOBALSAS/javascript/jquery/jquery-ui-1.8.10.custom.min.js
Connecting to www.costco.com|23.34.146.93|:80... connected.
HTTP request sent, awaiting response... 200 OK
Length: unspecified [application/x-javascript]
Saving to: `code/../crawls/costco.com/Privacy-Policy/raw/www.costco.com/wcsstore/CostcoGLOBALSAS/javascript/jquery/jquery-ui-1.8.10.custom.min.js'

     0K .......... .......... .......... .......... .......... 3.64M
    50K .......... .......... .......... .......... .......... 2.16M
   100K .......... .......... .......... .......... .......... 3.44M
   150K .......... .......... .......... .......... .......... 7.19M
   200K ..                                                     9.37M=0.06s

2013-01-23 05:19:33 (3.45 MB/s) - `code/../crawls/costco.com/Privacy-Policy/raw/www.costco.com/wcsstore/CostcoGLOBALSAS/javascript/jquery/jquery-ui-1.8.10.custom.min.js' saved [207332]

--2013-01-23 05:19:33--  http://www.costco.com/wcsstore/CostcoGLOBALSAS/javascript/jquery/jquery.tmpl.min.js
Reusing existing connection to www.costco.com:80.
HTTP request sent, awaiting response... 200 OK
Length: 6107 (6.0K) [application/x-javascript]
Saving to: `code/../crawls/costco.com/Privacy-Policy/raw/www.costco.com/wcsstore/CostcoGLOBALSAS/javascript/jquery/jquery.tmpl.min.js'

     0K .....                                                 100% 19.0M=0s

2013-01-23 05:19:33 (19.0 MB/s) - `code/../crawls/costco.com/Privacy-Policy/raw/www.costco.com/wcsstore/CostcoGLOBALSAS/javascript/jquery/jquery.tmpl.min.js' saved [6107/6107]

--2013-01-23 05:19:33--  http://www.costco.com/wcsstore/CostcoGLOBALSAS/javascript/jquery.hover.js
Reusing existing connection to www.costco.com:80.
HTTP request sent, awaiting response... 200 OK
Length: 2591 (2.5K) [application/x-javascript]
Saving to: `code/../crawls/costco.com/Privacy-Policy/raw/www.costco.com/wcsstore/CostcoGLOBALSAS/javascript/jquery.hover.js'

     0K ..                                                    100%  315M=0s

2013-01-23 05:19:33 (315 MB/s) - `code/../crawls/costco.com/Privacy-Policy/raw/www.costco.com/wcsstore/CostcoGLOBALSAS/javascript/jquery.hover.js' saved [2591/2591]

--2013-01-23 05:19:33--  http://www.costco.com/wcsstore/CostcoGLOBALSAS/javascript/jquery/jquery.hoverIntent.minified.js
Reusing existing connection to www.costco.com:80.
HTTP request sent, awaiting response... 200 OK
Length: 1464 (1.4K) [application/x-javascript]
Saving to: `code/../crawls/costco.com/Privacy-Policy/raw/www.costco.com/wcsstore/CostcoGLOBALSAS/javascript/jquery/jquery.hoverIntent.minified.js'

     0K .                                                     100%  216M=0s

2013-01-23 05:19:33 (216 MB/s) - `code/../crawls/costco.com/Privacy-Policy/raw/www.costco.com/wcsstore/CostcoGLOBALSAS/javascript/jquery/jquery.hoverIntent.minified.js' saved [1464/1464]

--2013-01-23 05:19:33--  http://www.costco.com/wcsstore/CostcoGLOBALSAS/javascript/jquery.placeholder.js
Reusing existing connection to www.costco.com:80.
HTTP request sent, awaiting response... 200 OK
Length: 5923 (5.8K) [application/x-javascript]
Saving to: `code/../crawls/costco.com/Privacy-Policy/raw/www.costco.com/wcsstore/CostcoGLOBALSAS/javascript/jquery.placeholder.js'

     0K .....                                                 100% 18.3M=0s

2013-01-23 05:19:33 (18.3 MB/s) - `code/../crawls/costco.com/Privacy-Policy/raw/www.costco.com/wcsstore/CostcoGLOBALSAS/javascript/jquery.placeholder.js' saved [5923/5923]

--2013-01-23 05:19:33--  http://www.costco.com/wcsstore/CostcoGLOBALSAS/javascript/jquery.truncator.js
Reusing existing connection to www.costco.com:80.
HTTP request sent, awaiting response... 200 OK
Length: 3296 (3.2K) [application/x-javascript]
Saving to: `code/../crawls/costco.com/Privacy-Policy/raw/www.costco.com/wcsstore/CostcoGLOBALSAS/javascript/jquery.truncator.js'

     0K ...                                                   100% 19.8M=0s

2013-01-23 05:19:33 (19.8 MB/s) - `code/../crawls/costco.com/Privacy-Policy/raw/www.costco.com/wcsstore/CostcoGLOBALSAS/javascript/jquery.truncator.js' saved [3296/3296]

--2013-01-23 05:19:33--  http://www.costco.com/wcsstore/CostcoGLOBALSAS/javascript/jquery.truncate.js
Reusing existing connection to www.costco.com:80.
HTTP request sent, awaiting response... 200 OK
Length: 1394 (1.4K) [application/x-javascript]
Saving to: `code/../crawls/costco.com/Privacy-Policy/raw/www.costco.com/wcsstore/CostcoGLOBALSAS/javascript/jquery.truncate.js'

     0K .                                                     100%  206M=0s

2013-01-23 05:19:33 (206 MB/s) - `code/../crawls/costco.com/Privacy-Policy/raw/www.costco.com/wcsstore/CostcoGLOBALSAS/javascript/jquery.truncate.js' saved [1394/1394]

--2013-01-23 05:19:33--  http://www.costco.com/wcsstore/CostcoGLOBALSAS/javascript/jquery.validate.js
Reusing existing connection to www.costco.com:80.
HTTP request sent, awaiting response... 200 OK
Length: unspecified [application/x-javascript]
Saving to: `code/../crawls/costco.com/Privacy-Policy/raw/www.costco.com/wcsstore/CostcoGLOBALSAS/javascript/jquery.validate.js'

     0K .......... .......... .......... ......                11.0M=0.003s

2013-01-23 05:19:33 (11.0 MB/s) - `code/../crawls/costco.com/Privacy-Policy/raw/www.costco.com/wcsstore/CostcoGLOBALSAS/javascript/jquery.validate.js' saved [37326]

--2013-01-23 05:19:33--  http://www.costco.com/wcsstore/CostcoGLOBALSAS/javascript/costco.js
Reusing existing connection to www.costco.com:80.
HTTP request sent, awaiting response... 200 OK
Length: 16804 (16K) [application/x-javascript]
Saving to: `code/../crawls/costco.com/Privacy-Policy/raw/www.costco.com/wcsstore/CostcoGLOBALSAS/javascript/costco.js'

     0K .......... ......                                     100% 6.68M=0.002s

2013-01-23 05:19:33 (6.68 MB/s) - `code/../crawls/costco.com/Privacy-Policy/raw/www.costco.com/wcsstore/CostcoGLOBALSAS/javascript/costco.js' saved [16804/16804]

--2013-01-23 05:19:33--  http://www.costco.com/wcsstore/CostcoGLOBALSAS/javascript/productCompare.js
Reusing existing connection to www.costco.com:80.
HTTP request sent, awaiting response... 200 OK
Length: 5469 (5.3K) [application/x-javascript]
Saving to: `code/../crawls/costco.com/Privacy-Policy/raw/www.costco.com/wcsstore/CostcoGLOBALSAS/javascript/productCompare.js'

     0K .....                                                 100%  345M=0s

2013-01-23 05:19:33 (345 MB/s) - `code/../crawls/costco.com/Privacy-Policy/raw/www.costco.com/wcsstore/CostcoGLOBALSAS/javascript/productCompare.js' saved [5469/5469]

--2013-01-23 05:19:33--  http://www.costco.com/wcsstore/CostcoGLOBALSAS/javascript/categoryNavigation.js
Reusing existing connection to www.costco.com:80.
HTTP request sent, awaiting response... 200 OK
Length: 1982 (1.9K) [application/x-javascript]
Saving to: `code/../crawls/costco.com/Privacy-Policy/raw/www.costco.com/wcsstore/CostcoGLOBALSAS/javascript/categoryNavigation.js'

     0K .                                                     100%  271M=0s

2013-01-23 05:19:33 (271 MB/s) - `code/../crawls/costco.com/Privacy-Policy/raw/www.costco.com/wcsstore/CostcoGLOBALSAS/javascript/categoryNavigation.js' saved [1982/1982]

--2013-01-23 05:19:33--  http://www.costco.com/wcsstore/CostcoGLOBALSAS/javascript/ezColumns.js
Reusing existing connection to www.costco.com:80.
HTTP request sent, awaiting response... 200 OK
Length: 2783 (2.7K) [application/x-javascript]
Saving to: `code/../crawls/costco.com/Privacy-Policy/raw/www.costco.com/wcsstore/CostcoGLOBALSAS/javascript/ezColumns.js'

     0K ..                                                    100% 48.7M=0s

2013-01-23 05:19:33 (48.7 MB/s) - `code/../crawls/costco.com/Privacy-Policy/raw/www.costco.com/wcsstore/CostcoGLOBALSAS/javascript/ezColumns.js' saved [2783/2783]

--2013-01-23 05:19:33--  http://www.costco.com/wcsstore/CostcoGLOBALSAS/javascript/carousel.js
Reusing existing connection to www.costco.com:80.
HTTP request sent, awaiting response... 200 OK
Length: 15095 (15K) [application/x-javascript]
Saving to: `code/../crawls/costco.com/Privacy-Policy/raw/www.costco.com/wcsstore/CostcoGLOBALSAS/javascript/carousel.js'

     0K .......... ....                                       100% 13.8M=0.001s

2013-01-23 05:19:33 (13.8 MB/s) - `code/../crawls/costco.com/Privacy-Policy/raw/www.costco.com/wcsstore/CostcoGLOBALSAS/javascript/carousel.js' saved [15095/15095]

--2013-01-23 05:19:33--  http://www.costco.com/wcsstore/CostcoGLOBALSAS/javascript/json2.js
Reusing existing connection to www.costco.com:80.
HTTP request sent, awaiting response... 200 OK
Length: 15756 (15K) [application/x-javascript]
Saving to: `code/../crawls/costco.com/Privacy-Policy/raw/www.costco.com/wcsstore/CostcoGLOBALSAS/javascript/json2.js'

     0K .......... .....                                      100% 12.9M=0.001s

2013-01-23 05:19:33 (12.9 MB/s) - `code/../crawls/costco.com/Privacy-Policy/raw/www.costco.com/wcsstore/CostcoGLOBALSAS/javascript/json2.js' saved [15756/15756]

--2013-01-23 05:19:33--  http://www.costco.com/wcsstore/CostcoGLOBALSAS/javascript/forms.js
Reusing existing connection to www.costco.com:80.
HTTP request sent, awaiting response... 200 OK
Length: 28300 (28K) [application/x-javascript]
Saving to: `code/../crawls/costco.com/Privacy-Policy/raw/www.costco.com/wcsstore/CostcoGLOBALSAS/javascript/forms.js'

     0K .......... .......... .......                         100% 12.1M=0.002s

2013-01-23 05:19:33 (12.1 MB/s) - `code/../crawls/costco.com/Privacy-Policy/raw/www.costco.com/wcsstore/CostcoGLOBALSAS/javascript/forms.js' saved [28300/28300]

--2013-01-23 05:19:33--  http://www.costco.com/wcsstore/CostcoGLOBALSAS/javascript/analytics.js
Reusing existing connection to www.costco.com:80.
HTTP request sent, awaiting response... 200 OK
Length: 3838 (3.7K) [application/x-javascript]
Saving to: `code/../crawls/costco.com/Privacy-Policy/raw/www.costco.com/wcsstore/CostcoGLOBALSAS/javascript/analytics.js'

     0K ...                                                   100% 47.0M=0s

2013-01-23 05:19:33 (47.0 MB/s) - `code/../crawls/costco.com/Privacy-Policy/raw/www.costco.com/wcsstore/CostcoGLOBALSAS/javascript/analytics.js' saved [3838/3838]

--2013-01-23 05:19:33--  http://www.costco.com/wcsstore/CostcoGLOBALSAS/javascript/eluminate.js
Reusing existing connection to www.costco.com:80.
HTTP request sent, awaiting response... 200 OK
Length: unspecified [application/x-javascript]
Saving to: `code/../crawls/costco.com/Privacy-Policy/raw/www.costco.com/wcsstore/CostcoGLOBALSAS/javascript/eluminate.js'

     0K .......... .......... .......... .......... .......... 10.2M
    50K .......... .......... .......... .......... .......... 7.92M
   100K .......... .......... .......... .......... .........  11.1M=0.02s

2013-01-23 05:19:34 (9.53 MB/s) - `code/../crawls/costco.com/Privacy-Policy/raw/www.costco.com/wcsstore/CostcoGLOBALSAS/javascript/eluminate.js' saved [153494]

--2013-01-23 05:19:34--  http://www.costco.com/wcsstore/CostcoGLOBALSAS/javascript/cmcustom.js
Reusing existing connection to www.costco.com:80.
HTTP request sent, awaiting response... 200 OK
Length: 8760 (8.6K) [application/x-javascript]
Saving to: `code/../crawls/costco.com/Privacy-Policy/raw/www.costco.com/wcsstore/CostcoGLOBALSAS/javascript/cmcustom.js'

     0K ........                                              100% 15.1M=0.001s

2013-01-23 05:19:34 (15.1 MB/s) - `code/../crawls/costco.com/Privacy-Policy/raw/www.costco.com/wcsstore/CostcoGLOBALSAS/javascript/cmcustom.js' saved [8760/8760]

--2013-01-23 05:19:34--  http://www.costco.com/wcsstore/CostcoGLOBALSAS/javascript/member.js
Reusing existing connection to www.costco.com:80.
HTTP request sent, awaiting response... 200 OK
Length: 13901 (14K) [application/x-javascript]
Saving to: `code/../crawls/costco.com/Privacy-Policy/raw/www.costco.com/wcsstore/CostcoGLOBALSAS/javascript/member.js'

     0K .......... ...                                        100% 14.1M=0.001s

2013-01-23 05:19:34 (14.1 MB/s) - `code/../crawls/costco.com/Privacy-Policy/raw/www.costco.com/wcsstore/CostcoGLOBALSAS/javascript/member.js' saved [13901/13901]

--2013-01-23 05:19:34--  http://www.costco.com/wcsstore/CostcoGLOBALSAS/javascript/catalog.js
Reusing existing connection to www.costco.com:80.
HTTP request sent, awaiting response... 200 OK
Length: 22155 (22K) [application/x-javascript]
Saving to: `code/../crawls/costco.com/Privacy-Policy/raw/www.costco.com/wcsstore/CostcoGLOBALSAS/javascript/catalog.js'

     0K .......... .......... .                               100% 12.1M=0.002s

2013-01-23 05:19:34 (12.1 MB/s) - `code/../crawls/costco.com/Privacy-Policy/raw/www.costco.com/wcsstore/CostcoGLOBALSAS/javascript/catalog.js' saved [22155/22155]

--2013-01-23 05:19:34--  http://www.costco.com/wcsstore/CostcoGLOBALSAS/images/background_sides.png
Reusing existing connection to www.costco.com:80.
HTTP request sent, awaiting response... 200 OK
Length: 962 [image/png]
Saving to: `code/../crawls/costco.com/Privacy-Policy/raw/www.costco.com/wcsstore/CostcoGLOBALSAS/images/background_sides.png'

     0K                                                       100%  174M=0s

2013-01-23 05:19:34 (174 MB/s) - `code/../crawls/costco.com/Privacy-Policy/raw/www.costco.com/wcsstore/CostcoGLOBALSAS/images/background_sides.png' saved [962/962]

--2013-01-23 05:19:34--  http://www.costco.com/wcsstore/CostcoGLOBALSAS/images/header.png
Reusing existing connection to www.costco.com:80.
HTTP request sent, awaiting response... 200 OK
Length: 685 [image/png]
Saving to: `code/../crawls/costco.com/Privacy-Policy/raw/www.costco.com/wcsstore/CostcoGLOBALSAS/images/header.png'

     0K                                                       100%  122M=0s

2013-01-23 05:19:34 (122 MB/s) - `code/../crawls/costco.com/Privacy-Policy/raw/www.costco.com/wcsstore/CostcoGLOBALSAS/images/header.png' saved [685/685]

--2013-01-23 05:19:34--  http://www.costco.com/wcsstore/CostcoGLOBALSAS/images/vertical-gradients.png
Reusing existing connection to www.costco.com:80.
HTTP request sent, awaiting response... 200 OK
Length: 294 [image/png]
Saving to: `code/../crawls/costco.com/Privacy-Policy/raw/www.costco.com/wcsstore/CostcoGLOBALSAS/images/vertical-gradients.png'

     0K                                                       100% 52.8M=0s

2013-01-23 05:19:34 (52.8 MB/s) - `code/../crawls/costco.com/Privacy-Policy/raw/www.costco.com/wcsstore/CostcoGLOBALSAS/images/vertical-gradients.png' saved [294/294]

--2013-01-23 05:19:34--  http://www.costco.com/wcsstore/CostcoGLOBALSAS/images/icons.png
Reusing existing connection to www.costco.com:80.
HTTP request sent, awaiting response... 200 OK
Length: 54142 (53K) [image/png]
Saving to: `code/../crawls/costco.com/Privacy-Policy/raw/www.costco.com/wcsstore/CostcoGLOBALSAS/images/icons.png'

     0K .......... .......... .......... .......... .......... 94% 9.32M 0s
    50K ..                                                    100% 26.0M=0.005s

2013-01-23 05:19:34 (9.65 MB/s) - `code/../crawls/costco.com/Privacy-Policy/raw/www.costco.com/wcsstore/CostcoGLOBALSAS/images/icons.png' saved [54142/54142]

--2013-01-23 05:19:34--  http://www.costco.com/wcsstore/CostcoGLOBALSAS/images/footer-background.png
Reusing existing connection to www.costco.com:80.
HTTP request sent, awaiting response... 200 OK
Length: 309 [image/png]
Saving to: `code/../crawls/costco.com/Privacy-Policy/raw/www.costco.com/wcsstore/CostcoGLOBALSAS/images/footer-background.png'

     0K                                                       100% 55.4M=0s

2013-01-23 05:19:34 (55.4 MB/s) - `code/../crawls/costco.com/Privacy-Policy/raw/www.costco.com/wcsstore/CostcoGLOBALSAS/images/footer-background.png' saved [309/309]

--2013-01-23 05:19:34--  http://www.costco.com/wcsstore/CostcoGLOBALSAS/images/remove.png
Reusing existing connection to www.costco.com:80.
HTTP request sent, awaiting response... 200 OK
Length: 500 [image/png]
Saving to: `code/../crawls/costco.com/Privacy-Policy/raw/www.costco.com/wcsstore/CostcoGLOBALSAS/images/remove.png'

     0K                                                       100% 86.3M=0s

2013-01-23 05:19:34 (86.3 MB/s) - `code/../crawls/costco.com/Privacy-Policy/raw/www.costco.com/wcsstore/CostcoGLOBALSAS/images/remove.png' saved [500/500]

--2013-01-23 05:19:34--  http://www.costco.com/arrow.png
Reusing existing connection to www.costco.com:80.
HTTP request sent, awaiting response... 404 Not Found
2013-01-23 05:19:34 ERROR 404: Not Found.

--2013-01-23 05:19:34--  http://www.costco.com/wcsstore/CostcoGLOBALSAS/images/icons_16x16.png
Reusing existing connection to www.costco.com:80.
HTTP request sent, awaiting response... 200 OK
Length: 48204 (47K) [image/png]
Saving to: `code/../crawls/costco.com/Privacy-Policy/raw/www.costco.com/wcsstore/CostcoGLOBALSAS/images/icons_16x16.png'

     0K .......... .......... .......... .......... .......   100% 11.7M=0.004s

2013-01-23 05:19:34 (11.7 MB/s) - `code/../crawls/costco.com/Privacy-Policy/raw/www.costco.com/wcsstore/CostcoGLOBALSAS/images/icons_16x16.png' saved [48204/48204]

--2013-01-23 05:19:34--  http://www.costco.com/wcsstore/CostcoGLOBALSAS/images/warehouse-icons.png
Reusing existing connection to www.costco.com:80.
HTTP request sent, awaiting response... 200 OK
Length: 1511 (1.5K) [image/png]
Saving to: `code/../crawls/costco.com/Privacy-Policy/raw/www.costco.com/wcsstore/CostcoGLOBALSAS/images/warehouse-icons.png'

     0K .                                                     100%  209M=0s

2013-01-23 05:19:34 (209 MB/s) - `code/../crawls/costco.com/Privacy-Policy/raw/www.costco.com/wcsstore/CostcoGLOBALSAS/images/warehouse-icons.png' saved [1511/1511]

--2013-01-23 05:19:34--  http://www.costco.com/wcsstore/CostcoGLOBALSAS/images/pushpininactivemap.gif
Reusing existing connection to www.costco.com:80.
HTTP request sent, awaiting response... 200 OK
Length: 1155 (1.1K) [image/gif]
Saving to: `code/../crawls/costco.com/Privacy-Policy/raw/www.costco.com/wcsstore/CostcoGLOBALSAS/images/pushpininactivemap.gif'

     0K .                                                     100%  174M=0s

2013-01-23 05:19:34 (174 MB/s) - `code/../crawls/costco.com/Privacy-Policy/raw/www.costco.com/wcsstore/CostcoGLOBALSAS/images/pushpininactivemap.gif' saved [1155/1155]

--2013-01-23 05:19:34--  http://www.costco.com/wcsstore/CostcoGLOBALSAS/images/cart.png
Reusing existing connection to www.costco.com:80.
HTTP request sent, awaiting response... 200 OK
Length: 595 [image/png]
Saving to: `code/../crawls/costco.com/Privacy-Policy/raw/www.costco.com/wcsstore/CostcoGLOBALSAS/images/cart.png'

     0K                                                       100%  108M=0s

2013-01-23 05:19:34 (108 MB/s) - `code/../crawls/costco.com/Privacy-Policy/raw/www.costco.com/wcsstore/CostcoGLOBALSAS/images/cart.png' saved [595/595]

--2013-01-23 05:19:34--  http://www.costco.com/wcsstore/CostcoGLOBALSAS/images/spinner.gif
Reusing existing connection to www.costco.com:80.
HTTP request sent, awaiting response... 200 OK
Length: 1849 (1.8K) [image/gif]
Saving to: `code/../crawls/costco.com/Privacy-Policy/raw/www.costco.com/wcsstore/CostcoGLOBALSAS/images/spinner.gif'

     0K .                                                     100%  264M=0s

2013-01-23 05:19:34 (264 MB/s) - `code/../crawls/costco.com/Privacy-Policy/raw/www.costco.com/wcsstore/CostcoGLOBALSAS/images/spinner.gif' saved [1849/1849]

--2013-01-23 05:19:34--  http://www.costco.com/wcsstore/CostcoGLOBALSAS/images/help.png
Reusing existing connection to www.costco.com:80.
HTTP request sent, awaiting response... 200 OK
Length: 929 [image/png]
Saving to: `code/../crawls/costco.com/Privacy-Policy/raw/www.costco.com/wcsstore/CostcoGLOBALSAS/images/help.png'

     0K                                                       100%  163M=0s

2013-01-23 05:19:34 (163 MB/s) - `code/../crawls/costco.com/Privacy-Policy/raw/www.costco.com/wcsstore/CostcoGLOBALSAS/images/help.png' saved [929/929]

--2013-01-23 05:19:34--  http://www.costco.com/wcsstore/CostcoGLOBALSAS/images/arrows_large.png
Reusing existing connection to www.costco.com:80.
HTTP request sent, awaiting response... 200 OK
Length: 1027 (1.0K) [image/png]
Saving to: `code/../crawls/costco.com/Privacy-Policy/raw/www.costco.com/wcsstore/CostcoGLOBALSAS/images/arrows_large.png'

     0K .                                                     100%  180M=0s

2013-01-23 05:19:34 (180 MB/s) - `code/../crawls/costco.com/Privacy-Policy/raw/www.costco.com/wcsstore/CostcoGLOBALSAS/images/arrows_large.png' saved [1027/1027]

--2013-01-23 05:19:34--  http://www.costco.com/wcsstore/CostcoGLOBALSAS/images/arrows_small.png
Reusing existing connection to www.costco.com:80.
HTTP request sent, awaiting response... 200 OK
Length: 668 [image/png]
Saving to: `code/../crawls/costco.com/Privacy-Policy/raw/www.costco.com/wcsstore/CostcoGLOBALSAS/images/arrows_small.png'

     0K                                                       100%  121M=0s

2013-01-23 05:19:34 (121 MB/s) - `code/../crawls/costco.com/Privacy-Policy/raw/www.costco.com/wcsstore/CostcoGLOBALSAS/images/arrows_small.png' saved [668/668]

--2013-01-23 05:19:34--  http://www.costco.com/wcsstore/CostcoGLOBALSAS/images/hover.png
Reusing existing connection to www.costco.com:80.
HTTP request sent, awaiting response... 200 OK
Length: 1478 (1.4K) [image/png]
Saving to: `code/../crawls/costco.com/Privacy-Policy/raw/www.costco.com/wcsstore/CostcoGLOBALSAS/images/hover.png'

     0K .                                                     100%  215M=0s

2013-01-23 05:19:34 (215 MB/s) - `code/../crawls/costco.com/Privacy-Policy/raw/www.costco.com/wcsstore/CostcoGLOBALSAS/images/hover.png' saved [1478/1478]

--2013-01-23 05:19:34--  http://www.costco.com/wcsstore/CostcoGLOBALSAS/images/credit-cards.png
Reusing existing connection to www.costco.com:80.
HTTP request sent, awaiting response... 200 OK
Length: 20373 (20K) [image/png]
Saving to: `code/../crawls/costco.com/Privacy-Policy/raw/www.costco.com/wcsstore/CostcoGLOBALSAS/images/credit-cards.png'

     0K .......... .........                                  100% 12.8M=0.002s

2013-01-23 05:19:34 (12.8 MB/s) - `code/../crawls/costco.com/Privacy-Policy/raw/www.costco.com/wcsstore/CostcoGLOBALSAS/images/credit-cards.png' saved [20373/20373]

--2013-01-23 05:19:34--  http://www.costco.com/wcsstore/CostcoGLOBALSAS/images/1298405636_tick.png
Reusing existing connection to www.costco.com:80.
HTTP request sent, awaiting response... 200 OK
Length: 537 [image/png]
Saving to: `code/../crawls/costco.com/Privacy-Policy/raw/www.costco.com/wcsstore/CostcoGLOBALSAS/images/1298405636_tick.png'

     0K                                                       100% 91.8M=0s

2013-01-23 05:19:34 (91.8 MB/s) - `code/../crawls/costco.com/Privacy-Policy/raw/www.costco.com/wcsstore/CostcoGLOBALSAS/images/1298405636_tick.png' saved [537/537]

--2013-01-23 05:19:34--  http://www.costco.com/wcsstore/CostcoGLOBALSAS/images/pdf-link.png
Reusing existing connection to www.costco.com:80.
HTTP request sent, awaiting response... 200 OK
Length: 591 [image/png]
Saving to: `code/../crawls/costco.com/Privacy-Policy/raw/www.costco.com/wcsstore/CostcoGLOBALSAS/images/pdf-link.png'

     0K                                                       100%  105M=0s

2013-01-23 05:19:34 (105 MB/s) - `code/../crawls/costco.com/Privacy-Policy/raw/www.costco.com/wcsstore/CostcoGLOBALSAS/images/pdf-link.png' saved [591/591]

--2013-01-23 05:19:34--  http://www.costco.com/wcsstore/CostcoGLOBALSAS/images/external-link.png
Reusing existing connection to www.costco.com:80.
HTTP request sent, awaiting response... 200 OK
Length: 685 [image/png]
Saving to: `code/../crawls/costco.com/Privacy-Policy/raw/www.costco.com/wcsstore/CostcoGLOBALSAS/images/external-link.png'

     0K                                                       100%  121M=0s

2013-01-23 05:19:34 (121 MB/s) - `code/../crawls/costco.com/Privacy-Policy/raw/www.costco.com/wcsstore/CostcoGLOBALSAS/images/external-link.png' saved [685/685]

--2013-01-23 05:19:34--  http://www.costco.com/wcsstore/CostcoGLOBALSAS/images/video-link.png
Reusing existing connection to www.costco.com:80.
HTTP request sent, awaiting response... 200 OK
Length: 606 [image/png]
Saving to: `code/../crawls/costco.com/Privacy-Policy/raw/www.costco.com/wcsstore/CostcoGLOBALSAS/images/video-link.png'

     0K                                                       100%  108M=0s

2013-01-23 05:19:34 (108 MB/s) - `code/../crawls/costco.com/Privacy-Policy/raw/www.costco.com/wcsstore/CostcoGLOBALSAS/images/video-link.png' saved [606/606]

--2013-01-23 05:19:34--  http://www.costco.com/wcsstore/CostcoGLOBALSAS/images/buttons_new.png
Reusing existing connection to www.costco.com:80.
HTTP request sent, awaiting response... 200 OK
Length: 1433 (1.4K) [image/png]
Saving to: `code/../crawls/costco.com/Privacy-Policy/raw/www.costco.com/wcsstore/CostcoGLOBALSAS/images/buttons_new.png'

     0K .                                                     100%  210M=0s

2013-01-23 05:19:34 (210 MB/s) - `code/../crawls/costco.com/Privacy-Policy/raw/www.costco.com/wcsstore/CostcoGLOBALSAS/images/buttons_new.png' saved [1433/1433]

--2013-01-23 05:19:34--  http://www.costco.com/wcsstore/CostcoGLOBALSAS/images/stars.png
Reusing existing connection to www.costco.com:80.
HTTP request sent, awaiting response... 200 OK
Length: 3292 (3.2K) [image/png]
Saving to: `code/../crawls/costco.com/Privacy-Policy/raw/www.costco.com/wcsstore/CostcoGLOBALSAS/images/stars.png'

     0K ...                                                   100% 44.7M=0s

2013-01-23 05:19:34 (44.7 MB/s) - `code/../crawls/costco.com/Privacy-Policy/raw/www.costco.com/wcsstore/CostcoGLOBALSAS/images/stars.png' saved [3292/3292]

--2013-01-23 05:19:34--  http://www.costco.com/wcsstore/CostcoGLOBALSAS/images/ink/brands.png
Reusing existing connection to www.costco.com:80.
HTTP request sent, awaiting response... 404 Not Found
2013-01-23 05:19:34 ERROR 404: Not Found.

--2013-01-23 05:19:34--  http://www.costco.com/wcsstore/CostcoGLOBALSAS/images/arrow.gif
Reusing existing connection to www.costco.com:80.
HTTP request sent, awaiting response... 200 OK
Length: 51 [image/gif]
Saving to: `code/../crawls/costco.com/Privacy-Policy/raw/www.costco.com/wcsstore/CostcoGLOBALSAS/images/arrow.gif'

     0K                                                       100% 8.99M=0s

2013-01-23 05:19:34 (8.99 MB/s) - `code/../crawls/costco.com/Privacy-Policy/raw/www.costco.com/wcsstore/CostcoGLOBALSAS/images/arrow.gif' saved [51/51]

--2013-01-23 05:19:34--  http://www.costco.com/wcsstore/CostcoGLOBALSAS/images/unavailable_180x160_en.png
Reusing existing connection to www.costco.com:80.
HTTP request sent, awaiting response... 200 OK
Length: 2713 (2.6K) [image/png]
Saving to: `code/../crawls/costco.com/Privacy-Policy/raw/www.costco.com/wcsstore/CostcoGLOBALSAS/images/unavailable_180x160_en.png'

     0K ..                                                    100% 37.4M=0s

2013-01-23 05:19:34 (37.4 MB/s) - `code/../crawls/costco.com/Privacy-Policy/raw/www.costco.com/wcsstore/CostcoGLOBALSAS/images/unavailable_180x160_en.png' saved [2713/2713]

--2013-01-23 05:19:34--  http://www.costco.com/wcsstore/CostcoGLOBALSAS/images/unavailable_180x160_fr.png
Reusing existing connection to www.costco.com:80.
HTTP request sent, awaiting response... 200 OK
Length: 2788 (2.7K) [image/png]
Saving to: `code/../crawls/costco.com/Privacy-Policy/raw/www.costco.com/wcsstore/CostcoGLOBALSAS/images/unavailable_180x160_fr.png'

     0K ..                                                    100% 37.8M=0s

2013-01-23 05:19:34 (37.8 MB/s) - `code/../crawls/costco.com/Privacy-Policy/raw/www.costco.com/wcsstore/CostcoGLOBALSAS/images/unavailable_180x160_fr.png' saved [2788/2788]

--2013-01-23 05:19:34--  http://www.costco.com/wcsstore/CostcoGLOBALSAS/images/icon-addedtocart.png
Reusing existing connection to www.costco.com:80.
HTTP request sent, awaiting response... 200 OK
Length: 1569 (1.5K) [image/png]
Saving to: `code/../crawls/costco.com/Privacy-Policy/raw/www.costco.com/wcsstore/CostcoGLOBALSAS/images/icon-addedtocart.png'

     0K .                                                     100%  231M=0s

2013-01-23 05:19:34 (231 MB/s) - `code/../crawls/costco.com/Privacy-Policy/raw/www.costco.com/wcsstore/CostcoGLOBALSAS/images/icon-addedtocart.png' saved [1569/1569]

--2013-01-23 05:19:34--  http://www.costco.com/wcsstore/CostcoGLOBALSAS/images/icon-remove.png
Reusing existing connection to www.costco.com:80.
HTTP request sent, awaiting response... 200 OK
Length: 582 [image/png]
Saving to: `code/../crawls/costco.com/Privacy-Policy/raw/www.costco.com/wcsstore/CostcoGLOBALSAS/images/icon-remove.png'

     0K                                                       100%  105M=0s

2013-01-23 05:19:34 (105 MB/s) - `code/../crawls/costco.com/Privacy-Policy/raw/www.costco.com/wcsstore/CostcoGLOBALSAS/images/icon-remove.png' saved [582/582]

--2013-01-23 05:19:34--  http://www.costco.com/wcsstore/CostcoGLOBALSAS/images/bill-me-later.png
Reusing existing connection to www.costco.com:80.
HTTP request sent, awaiting response... 200 OK
Length: 3961 (3.9K) [image/png]
Saving to: `code/../crawls/costco.com/Privacy-Policy/raw/www.costco.com/wcsstore/CostcoGLOBALSAS/images/bill-me-later.png'

     0K ...                                                   100% 20.5M=0s

2013-01-23 05:19:34 (20.5 MB/s) - `code/../crawls/costco.com/Privacy-Policy/raw/www.costco.com/wcsstore/CostcoGLOBALSAS/images/bill-me-later.png' saved [3961/3961]

--2013-01-23 05:19:34--  http://www.costco.com/wcsstore/CostcoGLOBALSAS/images/checkout-steps.png
Reusing existing connection to www.costco.com:80.
HTTP request sent, awaiting response... 200 OK
Length: 2628 (2.6K) [image/png]
Saving to: `code/../crawls/costco.com/Privacy-Policy/raw/www.costco.com/wcsstore/CostcoGLOBALSAS/images/checkout-steps.png'

     0K ..                                                    100% 34.4M=0s

2013-01-23 05:19:34 (34.4 MB/s) - `code/../crawls/costco.com/Privacy-Policy/raw/www.costco.com/wcsstore/CostcoGLOBALSAS/images/checkout-steps.png' saved [2628/2628]

--2013-01-23 05:19:34--  http://www.costco.com/wcsstore/CostcoGLOBALSAS/images/cards-US.png
Reusing existing connection to www.costco.com:80.
HTTP request sent, awaiting response... 200 OK
Length: 69441 (68K) [image/png]
Saving to: `code/../crawls/costco.com/Privacy-Policy/raw/www.costco.com/wcsstore/CostcoGLOBALSAS/images/cards-US.png'

     0K .......... .......... .......... .......... .......... 73% 11.4M 0s
    50K .......... .......                                    100% 12.4M=0.006s

2013-01-23 05:19:34 (11.7 MB/s) - `code/../crawls/costco.com/Privacy-Policy/raw/www.costco.com/wcsstore/CostcoGLOBALSAS/images/cards-US.png' saved [69441/69441]

--2013-01-23 05:19:34--  http://www.costco.com/wcsstore/CostcoGLOBALSAS/images/calendar.gif
Reusing existing connection to www.costco.com:80.
HTTP request sent, awaiting response... 200 OK
Length: 269 [image/gif]
Saving to: `code/../crawls/costco.com/Privacy-Policy/raw/www.costco.com/wcsstore/CostcoGLOBALSAS/images/calendar.gif'

     0K                                                       100% 48.1M=0s

2013-01-23 05:19:34 (48.1 MB/s) - `code/../crawls/costco.com/Privacy-Policy/raw/www.costco.com/wcsstore/CostcoGLOBALSAS/images/calendar.gif' saved [269/269]

--2013-01-23 05:19:34--  http://www.costco.com/wcsstore/CostcoGLOBALSAS/images/ui-lightness/ui-icons_ffffff_256x240.png
Reusing existing connection to www.costco.com:80.
HTTP request sent, awaiting response... 200 OK
Length: 4369 (4.3K) [image/png]
Saving to: `code/../crawls/costco.com/Privacy-Policy/raw/www.costco.com/wcsstore/CostcoGLOBALSAS/images/ui-lightness/ui-icons_ffffff_256x240.png'

     0K ....                                                  100% 33.3M=0s

2013-01-23 05:19:34 (33.3 MB/s) - `code/../crawls/costco.com/Privacy-Policy/raw/www.costco.com/wcsstore/CostcoGLOBALSAS/images/ui-lightness/ui-icons_ffffff_256x240.png' saved [4369/4369]

--2013-01-23 05:19:34--  http://www.costco.com/wcsstore/CostcoGLOBALSAS/images/fff-70.png
Reusing existing connection to www.costco.com:80.
HTTP request sent, awaiting response... 200 OK
Length: 192 [image/png]
Saving to: `code/../crawls/costco.com/Privacy-Policy/raw/www.costco.com/wcsstore/CostcoGLOBALSAS/images/fff-70.png'

     0K                                                       100% 35.5M=0s

2013-01-23 05:19:34 (35.5 MB/s) - `code/../crawls/costco.com/Privacy-Policy/raw/www.costco.com/wcsstore/CostcoGLOBALSAS/images/fff-70.png' saved [192/192]

--2013-01-23 05:19:34--  http://www.costco.com/wcsstore/CostcoGLOBALSAS/images/steps.png
Reusing existing connection to www.costco.com:80.
HTTP request sent, awaiting response... 200 OK
Length: 30395 (30K) [image/png]
Saving to: `code/../crawls/costco.com/Privacy-Policy/raw/www.costco.com/wcsstore/CostcoGLOBALSAS/images/steps.png'

     0K .......... .......... .........                       100% 12.2M=0.002s

2013-01-23 05:19:34 (12.2 MB/s) - `code/../crawls/costco.com/Privacy-Policy/raw/www.costco.com/wcsstore/CostcoGLOBALSAS/images/steps.png' saved [30395/30395]

--2013-01-23 05:19:34--  http://www.costco.com/wcsstore/CostcoGLOBALSAS/images/choose-tire-center-icon.png
Reusing existing connection to www.costco.com:80.
HTTP request sent, awaiting response... 200 OK
Length: 1849 (1.8K) [image/png]
Saving to: `code/../crawls/costco.com/Privacy-Policy/raw/www.costco.com/wcsstore/CostcoGLOBALSAS/images/choose-tire-center-icon.png'

     0K .                                                     100%  267M=0s

2013-01-23 05:19:34 (267 MB/s) - `code/../crawls/costco.com/Privacy-Policy/raw/www.costco.com/wcsstore/CostcoGLOBALSAS/images/choose-tire-center-icon.png' saved [1849/1849]

--2013-01-23 05:19:34--  http://www.costco.com/wcsstore/CostcoGLOBALSAS/images/cto/steps.png
Reusing existing connection to www.costco.com:80.
HTTP request sent, awaiting response... 200 OK
Length: 158956 (155K) [image/png]
Saving to: `code/../crawls/costco.com/Privacy-Policy/raw/www.costco.com/wcsstore/CostcoGLOBALSAS/images/cto/steps.png'

     0K .......... .......... .......... .......... .......... 32% 10.4M 0s
    50K .......... .......... .......... .......... .......... 64% 11.1M 0s
   100K .......... .......... .......... .......... .......... 96% 9.43M 0s
   150K .....                                                 100% 13.6M=0.01s

2013-01-23 05:19:34 (10.4 MB/s) - `code/../crawls/costco.com/Privacy-Policy/raw/www.costco.com/wcsstore/CostcoGLOBALSAS/images/cto/steps.png' saved [158956/158956]

--2013-01-23 05:19:34--  http://www.costco.com/wcsstore/CostcoGLOBALSAS/images/arrow_right.gif
Reusing existing connection to www.costco.com:80.
HTTP request sent, awaiting response... 200 OK
Length: 169 [image/gif]
Saving to: `code/../crawls/costco.com/Privacy-Policy/raw/www.costco.com/wcsstore/CostcoGLOBALSAS/images/arrow_right.gif'

     0K                                                       100% 31.6M=0s

2013-01-23 05:19:34 (31.6 MB/s) - `code/../crawls/costco.com/Privacy-Policy/raw/www.costco.com/wcsstore/CostcoGLOBALSAS/images/arrow_right.gif' saved [169/169]

--2013-01-23 05:19:34--  http://www.costco.com/wcsstore/CostcoGLOBALSAS/images/arrow_down.gif
Reusing existing connection to www.costco.com:80.
HTTP request sent, awaiting response... 200 OK
Length: 166 [image/gif]
Saving to: `code/../crawls/costco.com/Privacy-Policy/raw/www.costco.com/wcsstore/CostcoGLOBALSAS/images/arrow_down.gif'

     0K                                                       100% 29.0M=0s

2013-01-23 05:19:34 (29.0 MB/s) - `code/../crawls/costco.com/Privacy-Policy/raw/www.costco.com/wcsstore/CostcoGLOBALSAS/images/arrow_down.gif' saved [166/166]

--2013-01-23 05:19:34--  http://www.costco.com/wcsstore/CostcoGLOBALSAS/images/ui-lightness/ui-bg_glass_100_f6f6f6_1x400.png
Reusing existing connection to www.costco.com:80.
HTTP request sent, awaiting response... 200 OK
Length: 104 [image/png]
Saving to: `code/../crawls/costco.com/Privacy-Policy/raw/www.costco.com/wcsstore/CostcoGLOBALSAS/images/ui-lightness/ui-bg_glass_100_f6f6f6_1x400.png'

     0K                                                       100% 19.7M=0s

2013-01-23 05:19:34 (19.7 MB/s) - `code/../crawls/costco.com/Privacy-Policy/raw/www.costco.com/wcsstore/CostcoGLOBALSAS/images/ui-lightness/ui-bg_glass_100_f6f6f6_1x400.png' saved [104/104]

--2013-01-23 05:19:34--  http://www.costco.com/wcsstore/CostcoGLOBALSAS/images/ui-lightness/ui-bg_diagonals-thick_18_b81900_40x40.png
Reusing existing connection to www.costco.com:80.
HTTP request sent, awaiting response... 200 OK
Length: 384 [image/png]
Saving to: `code/../crawls/costco.com/Privacy-Policy/raw/www.costco.com/wcsstore/CostcoGLOBALSAS/images/ui-lightness/ui-bg_diagonals-thick_18_b81900_40x40.png'

     0K                                                       100% 69.1M=0s

2013-01-23 05:19:34 (69.1 MB/s) - `code/../crawls/costco.com/Privacy-Policy/raw/www.costco.com/wcsstore/CostcoGLOBALSAS/images/ui-lightness/ui-bg_diagonals-thick_18_b81900_40x40.png' saved [384/384]

--2013-01-23 05:19:34--  http://www.costco.com/wcsstore/CostcoGLOBALSAS/images/ui-lightness/ui-icons_222222_256x240.png
Reusing existing connection to www.costco.com:80.
HTTP request sent, awaiting response... 200 OK
Length: 4369 (4.3K) [image/png]
Saving to: `code/../crawls/costco.com/Privacy-Policy/raw/www.costco.com/wcsstore/CostcoGLOBALSAS/images/ui-lightness/ui-icons_222222_256x240.png'

     0K ....                                                  100% 22.6M=0s

2013-01-23 05:19:34 (22.6 MB/s) - `code/../crawls/costco.com/Privacy-Policy/raw/www.costco.com/wcsstore/CostcoGLOBALSAS/images/ui-lightness/ui-icons_222222_256x240.png' saved [4369/4369]

--2013-01-23 05:19:34--  http://www.costco.com/wcsstore/CostcoGLOBALSAS/images/ui-lightness/ui-icons_ef8c08_256x240.png
Reusing existing connection to www.costco.com:80.
HTTP request sent, awaiting response... 200 OK
Length: 4369 (4.3K) [image/png]
Saving to: `code/../crawls/costco.com/Privacy-Policy/raw/www.costco.com/wcsstore/CostcoGLOBALSAS/images/ui-lightness/ui-icons_ef8c08_256x240.png'

     0K ....                                                  100% 22.2M=0s

2013-01-23 05:19:34 (22.2 MB/s) - `code/../crawls/costco.com/Privacy-Policy/raw/www.costco.com/wcsstore/CostcoGLOBALSAS/images/ui-lightness/ui-icons_ef8c08_256x240.png' saved [4369/4369]

--2013-01-23 05:19:34--  http://www.costco.com/wcsstore/CostcoGLOBALSAS/images/ui-lightness/ui-icons_228ef1_256x240.png
Reusing existing connection to www.costco.com:80.
HTTP request sent, awaiting response... 200 OK
Length: 4369 (4.3K) [image/png]
Saving to: `code/../crawls/costco.com/Privacy-Policy/raw/www.costco.com/wcsstore/CostcoGLOBALSAS/images/ui-lightness/ui-icons_228ef1_256x240.png'

     0K ....                                                  100% 21.8M=0s

2013-01-23 05:19:34 (21.8 MB/s) - `code/../crawls/costco.com/Privacy-Policy/raw/www.costco.com/wcsstore/CostcoGLOBALSAS/images/ui-lightness/ui-icons_228ef1_256x240.png' saved [4369/4369]

--2013-01-23 05:19:34--  http://www.costco.com/wcsstore/CostcoGLOBALSAS/images/ui-lightness/ui-icons_ffd27a_256x240.png
Reusing existing connection to www.costco.com:80.
HTTP request sent, awaiting response... 200 OK
Length: 4369 (4.3K) [image/png]
Saving to: `code/../crawls/costco.com/Privacy-Policy/raw/www.costco.com/wcsstore/CostcoGLOBALSAS/images/ui-lightness/ui-icons_ffd27a_256x240.png'

     0K ....                                                  100% 21.6M=0s

2013-01-23 05:19:34 (21.6 MB/s) - `code/../crawls/costco.com/Privacy-Policy/raw/www.costco.com/wcsstore/CostcoGLOBALSAS/images/ui-lightness/ui-icons_ffd27a_256x240.png' saved [4369/4369]

--2013-01-23 05:19:34--  http://www.costco.com/wcsstore/CostcoGLOBALSAS/images/ui-lightness/ui-bg_flat_10_000000_40x100.png
Reusing existing connection to www.costco.com:80.
HTTP request sent, awaiting response... 200 OK
Length: 178 [image/png]
Saving to: `code/../crawls/costco.com/Privacy-Policy/raw/www.costco.com/wcsstore/CostcoGLOBALSAS/images/ui-lightness/ui-bg_flat_10_000000_40x100.png'

     0K                                                       100% 33.2M=0s

2013-01-23 05:19:34 (33.2 MB/s) - `code/../crawls/costco.com/Privacy-Policy/raw/www.costco.com/wcsstore/CostcoGLOBALSAS/images/ui-lightness/ui-bg_flat_10_000000_40x100.png' saved [178/178]

--2013-01-23 05:19:34--  http://www.costco.com/wcsstore/CostcoGLOBALSAS/images/bars.png
Reusing existing connection to www.costco.com:80.
HTTP request sent, awaiting response... 200 OK
Length: 1279 (1.2K) [image/png]
Saving to: `code/../crawls/costco.com/Privacy-Policy/raw/www.costco.com/wcsstore/CostcoGLOBALSAS/images/bars.png'

     0K .                                                     100%  188M=0s

2013-01-23 05:19:34 (188 MB/s) - `code/../crawls/costco.com/Privacy-Policy/raw/www.costco.com/wcsstore/CostcoGLOBALSAS/images/bars.png' saved [1279/1279]

--2013-01-23 05:19:34--  http://www.costco.com/wcsstore/CostcoGLOBALSAS/images/bars2.png
Reusing existing connection to www.costco.com:80.
HTTP request sent, awaiting response... 200 OK
Length: 341 [image/png]
Saving to: `code/../crawls/costco.com/Privacy-Policy/raw/www.costco.com/wcsstore/CostcoGLOBALSAS/images/bars2.png'

     0K                                                       100% 60.9M=0s

2013-01-23 05:19:34 (60.9 MB/s) - `code/../crawls/costco.com/Privacy-Policy/raw/www.costco.com/wcsstore/CostcoGLOBALSAS/images/bars2.png' saved [341/341]

--2013-01-23 05:19:34--  http://www.costco.com/wcsstore/CostcoGLOBALSAS/images/tab.png
Reusing existing connection to www.costco.com:80.
HTTP request sent, awaiting response... 200 OK
Length: 1202 (1.2K) [image/png]
Saving to: `code/../crawls/costco.com/Privacy-Policy/raw/www.costco.com/wcsstore/CostcoGLOBALSAS/images/tab.png'

     0K .                                                     100%  181M=0s

2013-01-23 05:19:34 (181 MB/s) - `code/../crawls/costco.com/Privacy-Policy/raw/www.costco.com/wcsstore/CostcoGLOBALSAS/images/tab.png' saved [1202/1202]

--2013-01-23 05:19:34--  https://www.costco.com/dtagent_416.js
Connecting to www.costco.com|23.34.146.93|:443... connected.
HTTP request sent, awaiting response... 200 OK
Length: unspecified [text/javascript]
Saving to: `code/../crawls/costco.com/Privacy-Policy/raw/www.costco.com/dtagent_416.js'

     0K .......... .......... .......... .......... ..         9.29M=0.004s

2013-01-23 05:19:34 (9.29 MB/s) - `code/../crawls/costco.com/Privacy-Policy/raw/www.costco.com/dtagent_416.js' saved [43021]

--2013-01-23 05:19:34--  https://www.costco.com/dynamic_css?langId=-1&storeId=10301&catalogId=10701
Reusing existing connection to www.costco.com:443.
HTTP request sent, awaiting response... 200 OK
Length: unspecified [text/css]
Saving to: `code/../crawls/costco.com/Privacy-Policy/raw/www.costco.com/dynamic_css?langId=-1&storeId=10301&catalogId=10701.css'

     0K .......... .......... .......... .......... .......... 8.76M
    50K .......... .......... ..                               38.2M=0.006s

2013-01-23 05:19:34 (11.5 MB/s) - `code/../crawls/costco.com/Privacy-Policy/raw/www.costco.com/dynamic_css?langId=-1&storeId=10301&catalogId=10701.css' saved [74213]

--2013-01-23 05:19:34--  https://www.costco.com/wcsstore/CostcoGLOBALSAS/javascript/jquery/jquery-1.6.1.min.js
Reusing existing connection to www.costco.com:443.
HTTP request sent, awaiting response... 200 OK
Length: unspecified [application/x-javascript]
Saving to: `code/../crawls/costco.com/Privacy-Policy/raw/www.costco.com/wcsstore/CostcoGLOBALSAS/javascript/jquery/jquery-1.6.1.min.js'

     0K .......... .......... .......... .......... .......... 12.0M
    50K .......... .......... .......... .........             15.9M=0.006s

2013-01-23 05:19:34 (13.5 MB/s) - `code/../crawls/costco.com/Privacy-Policy/raw/www.costco.com/wcsstore/CostcoGLOBALSAS/javascript/jquery/jquery-1.6.1.min.js' saved [91342]

--2013-01-23 05:19:34--  https://www.costco.com/wcsstore/CostcoGLOBALSAS/javascript/jquery.validate.js
Reusing existing connection to www.costco.com:443.
HTTP request sent, awaiting response... 200 OK
Length: unspecified [application/x-javascript]
Saving to: `code/../crawls/costco.com/Privacy-Policy/raw/www.costco.com/wcsstore/CostcoGLOBALSAS/javascript/jquery.validate.js'

     0K .......... .......... .......... ......                23.6M=0.002s

2013-01-23 05:19:34 (23.6 MB/s) - `code/../crawls/costco.com/Privacy-Policy/raw/www.costco.com/wcsstore/CostcoGLOBALSAS/javascript/jquery.validate.js' saved [37326]

--2013-01-23 05:19:34--  https://www.costco.com/wcsstore/CostcoGLOBALSAS//images/spinner.gif
Reusing existing connection to www.costco.com:443.
HTTP request sent, awaiting response... 200 OK
Length: 1849 (1.8K) [image/gif]
Saving to: `code/../crawls/costco.com/Privacy-Policy/raw/www.costco.com/wcsstore/CostcoGLOBALSAS/images/spinner.gif'

     0K .                                                     100% 1.10G=0s

2013-01-23 05:19:34 (1.10 GB/s) - `code/../crawls/costco.com/Privacy-Policy/raw/www.costco.com/wcsstore/CostcoGLOBALSAS/images/spinner.gif' saved [1849/1849]

FINISHED --2013-01-23 05:19:34--
Total wall clock time: 2.1s
Downloaded: 91 files, 1.7M in 0.2s (8.44 MB/s)
Converting code/../crawls/costco.com/Privacy-Policy/raw/www.costco.com/CashCardFormView?langId=-1&storeId=10301&catalogId=10701.html... 5-1
Converting code/../crawls/costco.com/Privacy-Policy/raw/shop.costco.com/Legal/Privacy.html... 77-47
Converting code/../crawls/costco.com/Privacy-Policy/raw/www.costco.com/dynamic_css?langId=-1&storeId=10301&catalogId=10701.css... 0-65
Converting code/../crawls/costco.com/Privacy-Policy/raw/www.costco.com/wcsstore/CostcoGLOBALSAS/css/ui-lightness/jquery-ui-1.8.10.custom.css... 17-0
Converted 4 files in 0.007 seconds.
