--2013-05-11 05:26:43--  http://www.reputation.com/privacypolicy
Resolving www.reputation.com... 216.109.158.5
Connecting to www.reputation.com|216.109.158.5|:80... connected.
HTTP request sent, awaiting response... 301 Moved Permanently
Location: http://www.reputation.com/privacy-policy [following]
--2013-05-11 05:26:43--  http://www.reputation.com/privacy-policy
Reusing existing connection to www.reputation.com:80.
HTTP request sent, awaiting response... 200 OK
Length: unspecified [text/html]
Saving to: `code/../crawls/reputation.com/Privacy-Policy/raw/www.reputation.com/privacypolicy.html'

     0K .......... .......... .......... .........             2.89M=0.01s

2013-05-11 05:26:43 (2.89 MB/s) - `code/../crawls/reputation.com/Privacy-Policy/raw/www.reputation.com/privacypolicy.html' saved [40479]

--2013-05-11 05:26:43--  http://www.reputation.com/pub/assets/css/w_marketing_ecc78fdc1b52311c2d067e9089379b11.css
Reusing existing connection to www.reputation.com:80.
HTTP request sent, awaiting response... 200 OK
Length: 40409 (39K) [text/css]
Saving to: `code/../crawls/reputation.com/Privacy-Policy/raw/www.reputation.com/pub/assets/css/w_marketing_ecc78fdc1b52311c2d067e9089379b11.css'

     0K .......... .......... .......... .........            100% 4.52M=0.009s

2013-05-11 05:26:43 (4.52 MB/s) - `code/../crawls/reputation.com/Privacy-Policy/raw/www.reputation.com/pub/assets/css/w_marketing_ecc78fdc1b52311c2d067e9089379b11.css' saved [40409/40409]

--2013-05-11 05:26:43--  http://www.reputation.com/pub/assets/css/p_privacy-policy_8f0159eedef356c40f9bd0b18cf8a03d.css
Reusing existing connection to www.reputation.com:80.
HTTP request sent, awaiting response... 200 OK
Length: 18875 (18K) [text/css]
Saving to: `code/../crawls/reputation.com/Privacy-Policy/raw/www.reputation.com/pub/assets/css/p_privacy-policy_8f0159eedef356c40f9bd0b18cf8a03d.css'

     0K .......... ........                                   100% 4.17M=0.004s

2013-05-11 05:26:43 (4.17 MB/s) - `code/../crawls/reputation.com/Privacy-Policy/raw/www.reputation.com/pub/assets/css/p_privacy-policy_8f0159eedef356c40f9bd0b18cf8a03d.css' saved [18875/18875]

--2013-05-11 05:26:43--  https://ajax.googleapis.com/ajax/libs/jquery/1.7.2/jquery.min.js
Resolving ajax.googleapis.com... 173.194.69.95, 2a00:1450:4008:c01::5f
Connecting to ajax.googleapis.com|173.194.69.95|:443... connected.
HTTP request sent, awaiting response... 200 OK
Length: unspecified [text/javascript]
Saving to: `code/../crawls/reputation.com/Privacy-Policy/raw/ajax.googleapis.com/ajax/libs/jquery/1.7.2/jquery.min.js'

     0K .......... .......... .......... .......... ..........  148K
    50K .......... .......... .......... .......... ..          254K=0.5s

2013-05-11 05:26:44 (183 KB/s) - `code/../crawls/reputation.com/Privacy-Policy/raw/ajax.googleapis.com/ajax/libs/jquery/1.7.2/jquery.min.js' saved [94840]

--2013-05-11 05:26:44--  http://www.reputation.com/pub/assets/js/w_marketing_7c6feafe1b8986ac7bc9e28b01bdc318.js
Connecting to www.reputation.com|216.109.158.5|:80... connected.
HTTP request sent, awaiting response... 200 OK
Length: 121015 (118K) [application/javascript]
Saving to: `code/../crawls/reputation.com/Privacy-Policy/raw/www.reputation.com/pub/assets/js/w_marketing_7c6feafe1b8986ac7bc9e28b01bdc318.js'

     0K .......... .......... .......... .......... .......... 42% 3.92M 0s
    50K .......... .......... .......... .......... .......... 84% 5.33M 0s
   100K .......... ........                                   100% 10.1M=0.02s

2013-05-11 05:26:44 (4.94 MB/s) - `code/../crawls/reputation.com/Privacy-Policy/raw/www.reputation.com/pub/assets/js/w_marketing_7c6feafe1b8986ac7bc9e28b01bdc318.js' saved [121015/121015]

--2013-05-11 05:26:44--  http://www.reputation.com/pub/assets/js/p_privacy-policy_d41d8cd98f00b204e9800998ecf8427e.js
Reusing existing connection to www.reputation.com:80.
HTTP request sent, awaiting response... 200 OK
Length: 101 [application/javascript]
Saving to: `code/../crawls/reputation.com/Privacy-Policy/raw/www.reputation.com/pub/assets/js/p_privacy-policy_d41d8cd98f00b204e9800998ecf8427e.js'

     0K                                                       100% 13.2M=0s

2013-05-11 05:26:44 (13.2 MB/s) - `code/../crawls/reputation.com/Privacy-Policy/raw/www.reputation.com/pub/assets/js/p_privacy-policy_d41d8cd98f00b204e9800998ecf8427e.js' saved [101/101]

--2013-05-11 05:26:44--  http://www.reputation.com/pub/assets/img/logos/logo-marketing-header.png
Reusing existing connection to www.reputation.com:80.
HTTP request sent, awaiting response... 200 OK
Length: 2830 (2.8K) [image/png]
Saving to: `code/../crawls/reputation.com/Privacy-Policy/raw/www.reputation.com/pub/assets/img/logos/logo-marketing-header.png'

     0K ..                                                    100%  175M=0s

2013-05-11 05:26:44 (175 MB/s) - `code/../crawls/reputation.com/Privacy-Policy/raw/www.reputation.com/pub/assets/img/logos/logo-marketing-header.png' saved [2830/2830]

--2013-05-11 05:26:44--  http://t4.trackalyzer.com/trackalyze.js
Resolving t4.trackalyzer.com... 69.59.169.185
Connecting to t4.trackalyzer.com|69.59.169.185|:80... connected.
HTTP request sent, awaiting response... 200 OK
Length: 1937 (1.9K) [application/x-javascript]
Saving to: `code/../crawls/reputation.com/Privacy-Policy/raw/t4.trackalyzer.com/trackalyze.js'

     0K .                                                     100%  249M=0s

2013-05-11 05:26:44 (249 MB/s) - `code/../crawls/reputation.com/Privacy-Policy/raw/t4.trackalyzer.com/trackalyze.js' saved [1937/1937]

--2013-05-11 05:26:44--  http://www.reputation.com/pub/assets/fonts/museo-sans-300.eot
Connecting to www.reputation.com|216.109.158.5|:80... connected.
HTTP request sent, awaiting response... 200 OK
Length: 46892 (46K) [text/plain]
Saving to: `code/../crawls/reputation.com/Privacy-Policy/raw/www.reputation.com/pub/assets/fonts/museo-sans-300.eot'

     0K .......... .......... .......... .......... .....     100% 3.55M=0.01s

2013-05-11 05:26:44 (3.55 MB/s) - `code/../crawls/reputation.com/Privacy-Policy/raw/www.reputation.com/pub/assets/fonts/museo-sans-300.eot' saved [46892/46892]

--2013-05-11 05:26:44--  http://www.reputation.com/pub/assets/fonts/museo-sans-300.eot?
Reusing existing connection to www.reputation.com:80.
HTTP request sent, awaiting response... 200 OK
Length: 46892 (46K) [text/plain]
Saving to: `code/../crawls/reputation.com/Privacy-Policy/raw/www.reputation.com/pub/assets/fonts/museo-sans-300.eot'

     0K .......... .......... .......... .......... .....     100% 5.39M=0.008s

2013-05-11 05:26:44 (5.39 MB/s) - `code/../crawls/reputation.com/Privacy-Policy/raw/www.reputation.com/pub/assets/fonts/museo-sans-300.eot' saved [46892/46892]

--2013-05-11 05:26:44--  http://www.reputation.com/pub/assets/fonts/museo-sans-300.woff
Reusing existing connection to www.reputation.com:80.
HTTP request sent, awaiting response... 200 OK
Length: 24844 (24K) [application/x-font-woff]
Saving to: `code/../crawls/reputation.com/Privacy-Policy/raw/www.reputation.com/pub/assets/fonts/museo-sans-300.woff'

     0K .......... .......... ....                            100% 5.47M=0.004s

2013-05-11 05:26:44 (5.47 MB/s) - `code/../crawls/reputation.com/Privacy-Policy/raw/www.reputation.com/pub/assets/fonts/museo-sans-300.woff' saved [24844/24844]

--2013-05-11 05:26:44--  http://www.reputation.com/pub/assets/fonts/museo-sans-300.ttf
Reusing existing connection to www.reputation.com:80.
HTTP request sent, awaiting response... 200 OK
Length: 46728 (46K) [text/plain]
Saving to: `code/../crawls/reputation.com/Privacy-Policy/raw/www.reputation.com/pub/assets/fonts/museo-sans-300.ttf'

     0K .......... .......... .......... .......... .....     100% 5.14M=0.009s

2013-05-11 05:26:44 (5.14 MB/s) - `code/../crawls/reputation.com/Privacy-Policy/raw/www.reputation.com/pub/assets/fonts/museo-sans-300.ttf' saved [46728/46728]

--2013-05-11 05:26:44--  http://www.reputation.com/pub/assets/fonts/museo-sans-300.svg
Reusing existing connection to www.reputation.com:80.
HTTP request sent, awaiting response... 200 OK
Length: 53762 (53K) [image/svg+xml]
Saving to: `code/../crawls/reputation.com/Privacy-Policy/raw/www.reputation.com/pub/assets/fonts/museo-sans-300.svg'

     0K .......... .......... .......... .......... .......... 95% 5.68M 0s
    50K ..                                                    100% 19.6M=0.009s

2013-05-11 05:26:44 (5.88 MB/s) - `code/../crawls/reputation.com/Privacy-Policy/raw/www.reputation.com/pub/assets/fonts/museo-sans-300.svg' saved [53762/53762]

--2013-05-11 05:26:44--  http://www.reputation.com/pub/assets/fonts/museo-sans-300-italic.eot
Reusing existing connection to www.reputation.com:80.
HTTP request sent, awaiting response... 200 OK
Length: 56636 (55K) [text/plain]
Saving to: `code/../crawls/reputation.com/Privacy-Policy/raw/www.reputation.com/pub/assets/fonts/museo-sans-300-italic.eot'

     0K .......... .......... .......... .......... .......... 90% 5.96M 0s
    50K .....                                                 100% 11.0M=0.009s

2013-05-11 05:26:44 (6.24 MB/s) - `code/../crawls/reputation.com/Privacy-Policy/raw/www.reputation.com/pub/assets/fonts/museo-sans-300-italic.eot' saved [56636/56636]

--2013-05-11 05:26:44--  http://www.reputation.com/pub/assets/fonts/museo-sans-300-italic.eot?
Reusing existing connection to www.reputation.com:80.
HTTP request sent, awaiting response... 200 OK
Length: 56636 (55K) [text/plain]
Saving to: `code/../crawls/reputation.com/Privacy-Policy/raw/www.reputation.com/pub/assets/fonts/museo-sans-300-italic.eot'

     0K .......... .......... .......... .......... .......... 90% 5.95M 0s
    50K .....                                                 100% 8.64M=0.009s

2013-05-11 05:26:44 (6.14 MB/s) - `code/../crawls/reputation.com/Privacy-Policy/raw/www.reputation.com/pub/assets/fonts/museo-sans-300-italic.eot' saved [56636/56636]

--2013-05-11 05:26:44--  http://www.reputation.com/pub/assets/fonts/museo-sans-300-italic.woff
Reusing existing connection to www.reputation.com:80.
HTTP request sent, awaiting response... 200 OK
Length: 28420 (28K) [application/x-font-woff]
Saving to: `code/../crawls/reputation.com/Privacy-Policy/raw/www.reputation.com/pub/assets/fonts/museo-sans-300-italic.woff'

     0K .......... .......... .......                         100% 5.45M=0.005s

2013-05-11 05:26:44 (5.45 MB/s) - `code/../crawls/reputation.com/Privacy-Policy/raw/www.reputation.com/pub/assets/fonts/museo-sans-300-italic.woff' saved [28420/28420]

--2013-05-11 05:26:44--  http://www.reputation.com/pub/assets/fonts/museo-sans-300-italic.ttf
Reusing existing connection to www.reputation.com:80.
HTTP request sent, awaiting response... 200 OK
Length: 56444 (55K) [text/plain]
Saving to: `code/../crawls/reputation.com/Privacy-Policy/raw/www.reputation.com/pub/assets/fonts/museo-sans-300-italic.ttf'

     0K .......... .......... .......... .......... .......... 90% 5.82M 0s
    50K .....                                                 100% 6.95M=0.009s

2013-05-11 05:26:44 (5.91 MB/s) - `code/../crawls/reputation.com/Privacy-Policy/raw/www.reputation.com/pub/assets/fonts/museo-sans-300-italic.ttf' saved [56444/56444]

--2013-05-11 05:26:44--  http://www.reputation.com/pub/assets/fonts/museo-sans-300-italic.svg
Reusing existing connection to www.reputation.com:80.
HTTP request sent, awaiting response... 200 OK
Length: 57548 (56K) [image/svg+xml]
Saving to: `code/../crawls/reputation.com/Privacy-Policy/raw/www.reputation.com/pub/assets/fonts/museo-sans-300-italic.svg'

     0K .......... .......... .......... .......... .......... 88% 5.80M 0s
    50K ......                                                100% 14.2M=0.009s

2013-05-11 05:26:44 (6.20 MB/s) - `code/../crawls/reputation.com/Privacy-Policy/raw/www.reputation.com/pub/assets/fonts/museo-sans-300-italic.svg' saved [57548/57548]

--2013-05-11 05:26:44--  http://www.reputation.com/pub/assets/fonts/museo-sans-500.eot
Reusing existing connection to www.reputation.com:80.
HTTP request sent, awaiting response... 200 OK
Length: 72740 (71K) [text/plain]
Saving to: `code/../crawls/reputation.com/Privacy-Policy/raw/www.reputation.com/pub/assets/fonts/museo-sans-500.eot'

     0K .......... .......... .......... .......... .......... 70% 5.92M 0s
    50K .......... .......... .                               100% 5.53M=0.01s

2013-05-11 05:26:44 (5.80 MB/s) - `code/../crawls/reputation.com/Privacy-Policy/raw/www.reputation.com/pub/assets/fonts/museo-sans-500.eot' saved [72740/72740]

--2013-05-11 05:26:44--  http://www.reputation.com/pub/assets/fonts/museo-sans-500.eot?
Reusing existing connection to www.reputation.com:80.
HTTP request sent, awaiting response... 200 OK
Length: 72740 (71K) [text/plain]
Saving to: `code/../crawls/reputation.com/Privacy-Policy/raw/www.reputation.com/pub/assets/fonts/museo-sans-500.eot'

     0K .......... .......... .......... .......... .......... 70% 5.71M 0s
    50K .......... .......... .                               100% 8.84M=0.01s

2013-05-11 05:26:44 (6.38 MB/s) - `code/../crawls/reputation.com/Privacy-Policy/raw/www.reputation.com/pub/assets/fonts/museo-sans-500.eot' saved [72740/72740]

--2013-05-11 05:26:44--  http://www.reputation.com/pub/assets/fonts/museo-sans-500.woff
Reusing existing connection to www.reputation.com:80.
HTTP request sent, awaiting response... 200 OK
Length: 38679 (38K) [application/x-font-woff]
Saving to: `code/../crawls/reputation.com/Privacy-Policy/raw/www.reputation.com/pub/assets/fonts/museo-sans-500.woff'

     0K .......... .......... .......... .......              100% 6.07M=0.006s

2013-05-11 05:26:44 (6.07 MB/s) - `code/../crawls/reputation.com/Privacy-Policy/raw/www.reputation.com/pub/assets/fonts/museo-sans-500.woff' saved [38679/38679]

--2013-05-11 05:26:44--  http://www.reputation.com/pub/assets/fonts/museo-sans-500.ttf
Reusing existing connection to www.reputation.com:80.
HTTP request sent, awaiting response... 200 OK
Length: 72504 (71K) [text/plain]
Saving to: `code/../crawls/reputation.com/Privacy-Policy/raw/www.reputation.com/pub/assets/fonts/museo-sans-500.ttf'

     0K .......... .......... .......... .......... .......... 70% 6.16M 0s
    50K .......... ..........                                 100% 11.1M=0.01s

2013-05-11 05:26:44 (7.09 MB/s) - `code/../crawls/reputation.com/Privacy-Policy/raw/www.reputation.com/pub/assets/fonts/museo-sans-500.ttf' saved [72504/72504]

--2013-05-11 05:26:44--  http://www.reputation.com/pub/assets/fonts/museo-sans-500.svg
Reusing existing connection to www.reputation.com:80.
HTTP request sent, awaiting response... 200 OK
Length: 49892 (49K) [image/svg+xml]
Saving to: `code/../crawls/reputation.com/Privacy-Policy/raw/www.reputation.com/pub/assets/fonts/museo-sans-500.svg'

     0K .......... .......... .......... .......... ........  100% 4.67M=0.01s

2013-05-11 05:26:44 (4.67 MB/s) - `code/../crawls/reputation.com/Privacy-Policy/raw/www.reputation.com/pub/assets/fonts/museo-sans-500.svg' saved [49892/49892]

--2013-05-11 05:26:44--  http://www.reputation.com/pub/assets/fonts/museo-sans-700.eot
Reusing existing connection to www.reputation.com:80.
HTTP request sent, awaiting response... 200 OK
Length: 47712 (47K) [text/plain]
Saving to: `code/../crawls/reputation.com/Privacy-Policy/raw/www.reputation.com/pub/assets/fonts/museo-sans-700.eot'

     0K .......... .......... .......... .......... ......    100% 5.83M=0.008s

2013-05-11 05:26:44 (5.83 MB/s) - `code/../crawls/reputation.com/Privacy-Policy/raw/www.reputation.com/pub/assets/fonts/museo-sans-700.eot' saved [47712/47712]

--2013-05-11 05:26:44--  http://www.reputation.com/pub/assets/fonts/museo-sans-700.eot?
Reusing existing connection to www.reputation.com:80.
HTTP request sent, awaiting response... 200 OK
Length: 47712 (47K) [text/plain]
Saving to: `code/../crawls/reputation.com/Privacy-Policy/raw/www.reputation.com/pub/assets/fonts/museo-sans-700.eot'

     0K .......... .......... .......... .......... ......    100% 5.69M=0.008s

2013-05-11 05:26:44 (5.69 MB/s) - `code/../crawls/reputation.com/Privacy-Policy/raw/www.reputation.com/pub/assets/fonts/museo-sans-700.eot' saved [47712/47712]

--2013-05-11 05:26:44--  http://www.reputation.com/pub/assets/fonts/museo-sans-700.woff
Reusing existing connection to www.reputation.com:80.
HTTP request sent, awaiting response... 200 OK
Length: 25388 (25K) [application/x-font-woff]
Saving to: `code/../crawls/reputation.com/Privacy-Policy/raw/www.reputation.com/pub/assets/fonts/museo-sans-700.woff'

     0K .......... .......... ....                            100% 11.2M=0.002s

2013-05-11 05:26:44 (11.2 MB/s) - `code/../crawls/reputation.com/Privacy-Policy/raw/www.reputation.com/pub/assets/fonts/museo-sans-700.woff' saved [25388/25388]

--2013-05-11 05:26:44--  http://www.reputation.com/pub/assets/fonts/museo-sans-700.ttf
Reusing existing connection to www.reputation.com:80.
HTTP request sent, awaiting response... 200 OK
Length: 47548 (46K) [text/plain]
Saving to: `code/../crawls/reputation.com/Privacy-Policy/raw/www.reputation.com/pub/assets/fonts/museo-sans-700.ttf'

     0K .......... .......... .......... .......... ......    100% 7.85M=0.006s

2013-05-11 05:26:44 (7.85 MB/s) - `code/../crawls/reputation.com/Privacy-Policy/raw/www.reputation.com/pub/assets/fonts/museo-sans-700.ttf' saved [47548/47548]

--2013-05-11 05:26:44--  http://www.reputation.com/pub/assets/fonts/museo-sans-700.svg
Reusing existing connection to www.reputation.com:80.
HTTP request sent, awaiting response... 200 OK
Length: 53815 (53K) [image/svg+xml]
Saving to: `code/../crawls/reputation.com/Privacy-Policy/raw/www.reputation.com/pub/assets/fonts/museo-sans-700.svg'

     0K .......... .......... .......... .......... .......... 95% 6.35M 0s
    50K ..                                                    100% 19.2M=0.008s

2013-05-11 05:26:44 (6.56 MB/s) - `code/../crawls/reputation.com/Privacy-Policy/raw/www.reputation.com/pub/assets/fonts/museo-sans-700.svg' saved [53815/53815]

--2013-05-11 05:26:44--  http://www.reputation.com/pub/assets/fonts/museo-sans-900.eot
Reusing existing connection to www.reputation.com:80.
HTTP request sent, awaiting response... 200 OK
Length: 47380 (46K) [text/plain]
Saving to: `code/../crawls/reputation.com/Privacy-Policy/raw/www.reputation.com/pub/assets/fonts/museo-sans-900.eot'

     0K .......... .......... .......... .......... ......    100% 4.72M=0.01s

2013-05-11 05:26:44 (4.72 MB/s) - `code/../crawls/reputation.com/Privacy-Policy/raw/www.reputation.com/pub/assets/fonts/museo-sans-900.eot' saved [47380/47380]

--2013-05-11 05:26:44--  http://www.reputation.com/pub/assets/fonts/museo-sans-900.eot?
Reusing existing connection to www.reputation.com:80.
HTTP request sent, awaiting response... 200 OK
Length: 47380 (46K) [text/plain]
Saving to: `code/../crawls/reputation.com/Privacy-Policy/raw/www.reputation.com/pub/assets/fonts/museo-sans-900.eot'

     0K .......... .......... .......... .......... ......    100% 7.10M=0.006s

2013-05-11 05:26:44 (7.10 MB/s) - `code/../crawls/reputation.com/Privacy-Policy/raw/www.reputation.com/pub/assets/fonts/museo-sans-900.eot' saved [47380/47380]

--2013-05-11 05:26:44--  http://www.reputation.com/pub/assets/fonts/museo-sans-900.woff
Reusing existing connection to www.reputation.com:80.
HTTP request sent, awaiting response... 200 OK
Length: 25096 (25K) [application/x-font-woff]
Saving to: `code/../crawls/reputation.com/Privacy-Policy/raw/www.reputation.com/pub/assets/fonts/museo-sans-900.woff'

     0K .......... .......... ....                            100% 6.91M=0.003s

2013-05-11 05:26:44 (6.91 MB/s) - `code/../crawls/reputation.com/Privacy-Policy/raw/www.reputation.com/pub/assets/fonts/museo-sans-900.woff' saved [25096/25096]

--2013-05-11 05:26:44--  http://www.reputation.com/pub/assets/fonts/museo-sans-900.ttf
Reusing existing connection to www.reputation.com:80.
HTTP request sent, awaiting response... 200 OK
Length: 47216 (46K) [text/plain]
Saving to: `code/../crawls/reputation.com/Privacy-Policy/raw/www.reputation.com/pub/assets/fonts/museo-sans-900.ttf'

     0K .......... .......... .......... .......... ......    100% 7.91M=0.006s

2013-05-11 05:26:44 (7.91 MB/s) - `code/../crawls/reputation.com/Privacy-Policy/raw/www.reputation.com/pub/assets/fonts/museo-sans-900.ttf' saved [47216/47216]

--2013-05-11 05:26:44--  http://www.reputation.com/pub/assets/fonts/museo-sans-900.svg
Reusing existing connection to www.reputation.com:80.
HTTP request sent, awaiting response... 200 OK
Length: 52358 (51K) [image/svg+xml]
Saving to: `code/../crawls/reputation.com/Privacy-Policy/raw/www.reputation.com/pub/assets/fonts/museo-sans-900.svg'

     0K .......... .......... .......... .......... .......... 97% 7.08M 0s
    50K .                                                     100% 2157G=0.007s

2013-05-11 05:26:44 (7.24 MB/s) - `code/../crawls/reputation.com/Privacy-Policy/raw/www.reputation.com/pub/assets/fonts/museo-sans-900.svg' saved [52358/52358]

--2013-05-11 05:26:44--  http://www.reputation.com/pub/assets/css/shelterme-sans-300.eot
Reusing existing connection to www.reputation.com:80.
HTTP request sent, awaiting response... 500 Internal Server Error
2013-05-11 05:26:44 ERROR 500: Internal Server Error.

--2013-05-11 05:26:44--  http://www.reputation.com/pub/assets/fonts/shelterme-sans-300.eot?
Connecting to www.reputation.com|216.109.158.5|:80... connected.
HTTP request sent, awaiting response... 200 OK
Length: 30188 (29K) [text/plain]
Saving to: `code/../crawls/reputation.com/Privacy-Policy/raw/www.reputation.com/pub/assets/fonts/shelterme-sans-300.eot'

     0K .......... .......... .........                       100% 2.89M=0.01s

2013-05-11 05:26:44 (2.89 MB/s) - `code/../crawls/reputation.com/Privacy-Policy/raw/www.reputation.com/pub/assets/fonts/shelterme-sans-300.eot' saved [30188/30188]

--2013-05-11 05:26:44--  http://www.reputation.com/pub/assets/fonts/shelterme-sans-300.woff
Reusing existing connection to www.reputation.com:80.
HTTP request sent, awaiting response... 200 OK
Length: 34040 (33K) [application/x-font-woff]
Saving to: `code/../crawls/reputation.com/Privacy-Policy/raw/www.reputation.com/pub/assets/fonts/shelterme-sans-300.woff'

     0K .......... .......... .......... ...                  100% 6.78M=0.005s

2013-05-11 05:26:44 (6.78 MB/s) - `code/../crawls/reputation.com/Privacy-Policy/raw/www.reputation.com/pub/assets/fonts/shelterme-sans-300.woff' saved [34040/34040]

--2013-05-11 05:26:44--  http://www.reputation.com/pub/assets/fonts/shelterme-sans-300.ttf
Reusing existing connection to www.reputation.com:80.
HTTP request sent, awaiting response... 200 OK
Length: 62108 (61K) [text/plain]
Saving to: `code/../crawls/reputation.com/Privacy-Policy/raw/www.reputation.com/pub/assets/fonts/shelterme-sans-300.ttf'

     0K .......... .......... .......... .......... .......... 82% 5.53M 0s
    50K ..........                                            100% 4.38M=0.01s

2013-05-11 05:26:44 (5.29 MB/s) - `code/../crawls/reputation.com/Privacy-Policy/raw/www.reputation.com/pub/assets/fonts/shelterme-sans-300.ttf' saved [62108/62108]

--2013-05-11 05:26:44--  http://www.reputation.com/pub/assets/fonts/shelterme-sans-300.svg
Reusing existing connection to www.reputation.com:80.
HTTP request sent, awaiting response... 200 OK
Length: 91598 (89K) [image/svg+xml]
Saving to: `code/../crawls/reputation.com/Privacy-Policy/raw/www.reputation.com/pub/assets/fonts/shelterme-sans-300.svg'

     0K .......... .......... .......... .......... .......... 55% 5.58M 0s
    50K .......... .......... .......... .........            100% 5.32M=0.02s

2013-05-11 05:26:45 (5.46 MB/s) - `code/../crawls/reputation.com/Privacy-Policy/raw/www.reputation.com/pub/assets/fonts/shelterme-sans-300.svg' saved [91598/91598]

--2013-05-11 05:26:45--  http://www.reputation.com/pub/assets/img/panels/sidebar/tall-vertical-sliver.png
Reusing existing connection to www.reputation.com:80.
HTTP request sent, awaiting response... 200 OK
Length: 337 [image/png]
Saving to: `code/../crawls/reputation.com/Privacy-Policy/raw/www.reputation.com/pub/assets/img/panels/sidebar/tall-vertical-sliver.png'

     0K                                                       100% 58.9M=0s

2013-05-11 05:26:45 (58.9 MB/s) - `code/../crawls/reputation.com/Privacy-Policy/raw/www.reputation.com/pub/assets/img/panels/sidebar/tall-vertical-sliver.png' saved [337/337]

--2013-05-11 05:26:45--  http://www.reputation.com/pub/assets/img/panels/about/about-us-background.png
Reusing existing connection to www.reputation.com:80.
HTTP request sent, awaiting response... 200 OK
Length: 1008 [image/png]
Saving to: `code/../crawls/reputation.com/Privacy-Policy/raw/www.reputation.com/pub/assets/img/panels/about/about-us-background.png'

     0K                                                       100%  174M=0s

2013-05-11 05:26:45 (174 MB/s) - `code/../crawls/reputation.com/Privacy-Policy/raw/www.reputation.com/pub/assets/img/panels/about/about-us-background.png' saved [1008/1008]

--2013-05-11 05:26:45--  http://www.reputation.com/pub/assets/img/panels/business/hero.png
Reusing existing connection to www.reputation.com:80.
HTTP request sent, awaiting response... 200 OK
Length: 3901 (3.8K) [image/png]
Saving to: `code/../crawls/reputation.com/Privacy-Policy/raw/www.reputation.com/pub/assets/img/panels/business/hero.png'

     0K ...                                                   100% 49.7M=0s

2013-05-11 05:26:45 (49.7 MB/s) - `code/../crawls/reputation.com/Privacy-Policy/raw/www.reputation.com/pub/assets/img/panels/business/hero.png' saved [3901/3901]

--2013-05-11 05:26:45--  http://www.reputation.com/pub/assets/img/panels/sidebar/hr-stars.png
Reusing existing connection to www.reputation.com:80.
HTTP request sent, awaiting response... 200 OK
Length: 1391 (1.4K) [image/png]
Saving to: `code/../crawls/reputation.com/Privacy-Policy/raw/www.reputation.com/pub/assets/img/panels/sidebar/hr-stars.png'

     0K .                                                     100%  207M=0s

2013-05-11 05:26:45 (207 MB/s) - `code/../crawls/reputation.com/Privacy-Policy/raw/www.reputation.com/pub/assets/img/panels/sidebar/hr-stars.png' saved [1391/1391]

--2013-05-11 05:26:45--  http://www.reputation.com/pub/assets/img/panels/business/divider.png
Reusing existing connection to www.reputation.com:80.
HTTP request sent, awaiting response... 200 OK
Length: 1211 (1.2K) [image/png]
Saving to: `code/../crawls/reputation.com/Privacy-Policy/raw/www.reputation.com/pub/assets/img/panels/business/divider.png'

     0K .                                                     100%  189M=0s

2013-05-11 05:26:45 (189 MB/s) - `code/../crawls/reputation.com/Privacy-Policy/raw/www.reputation.com/pub/assets/img/panels/business/divider.png' saved [1211/1211]

--2013-05-11 05:26:45--  http://www.reputation.com/pub/assets/img/panels/uk-flag.png
Reusing existing connection to www.reputation.com:80.
HTTP request sent, awaiting response... 200 OK
Length: 2599 (2.5K) [image/png]
Saving to: `code/../crawls/reputation.com/Privacy-Policy/raw/www.reputation.com/pub/assets/img/panels/uk-flag.png'

     0K ..                                                    100% 55.6M=0s

2013-05-11 05:26:45 (55.6 MB/s) - `code/../crawls/reputation.com/Privacy-Policy/raw/www.reputation.com/pub/assets/img/panels/uk-flag.png' saved [2599/2599]

--2013-05-11 05:26:45--  http://www.reputation.com/pub/assets/img/panels/subnav-shadow.png
Reusing existing connection to www.reputation.com:80.
HTTP request sent, awaiting response... 200 OK
Length: 4860 (4.7K) [image/png]
Saving to: `code/../crawls/reputation.com/Privacy-Policy/raw/www.reputation.com/pub/assets/img/panels/subnav-shadow.png'

     0K ....                                                  100% 24.8M=0s

2013-05-11 05:26:45 (24.8 MB/s) - `code/../crawls/reputation.com/Privacy-Policy/raw/www.reputation.com/pub/assets/img/panels/subnav-shadow.png' saved [4860/4860]

--2013-05-11 05:26:45--  http://www.reputation.com/pub/assets/img/panels/chat-icon.png
Reusing existing connection to www.reputation.com:80.
HTTP request sent, awaiting response... 200 OK
Length: 1666 (1.6K) [image/png]
Saving to: `code/../crawls/reputation.com/Privacy-Policy/raw/www.reputation.com/pub/assets/img/panels/chat-icon.png'

     0K .                                                     100%  254M=0s

2013-05-11 05:26:45 (254 MB/s) - `code/../crawls/reputation.com/Privacy-Policy/raw/www.reputation.com/pub/assets/img/panels/chat-icon.png' saved [1666/1666]

--2013-05-11 05:26:45--  http://www.reputation.com/pub/assets/img/panels/phone-icon.png
Reusing existing connection to www.reputation.com:80.
HTTP request sent, awaiting response... 200 OK
Length: 1453 (1.4K) [image/png]
Saving to: `code/../crawls/reputation.com/Privacy-Policy/raw/www.reputation.com/pub/assets/img/panels/phone-icon.png'

     0K .                                                     100%  208M=0s

2013-05-11 05:26:45 (208 MB/s) - `code/../crawls/reputation.com/Privacy-Policy/raw/www.reputation.com/pub/assets/img/panels/phone-icon.png' saved [1453/1453]

--2013-05-11 05:26:45--  http://www.reputation.com/pub/assets/img/panels/subnav-icons.png
Reusing existing connection to www.reputation.com:80.
HTTP request sent, awaiting response... 200 OK
Length: 2786 (2.7K) [image/png]
Saving to: `code/../crawls/reputation.com/Privacy-Policy/raw/www.reputation.com/pub/assets/img/panels/subnav-icons.png'

     0K ..                                                    100% 37.9M=0s

2013-05-11 05:26:45 (37.9 MB/s) - `code/../crawls/reputation.com/Privacy-Policy/raw/www.reputation.com/pub/assets/img/panels/subnav-icons.png' saved [2786/2786]

--2013-05-11 05:26:45--  http://www.reputation.com/pub/assets/img/panels/contact-widget-arrows.png
Reusing existing connection to www.reputation.com:80.
HTTP request sent, awaiting response... 200 OK
Length: 1206 (1.2K) [image/png]
Saving to: `code/../crawls/reputation.com/Privacy-Policy/raw/www.reputation.com/pub/assets/img/panels/contact-widget-arrows.png'

     0K .                                                     100%  181M=0s

2013-05-11 05:26:45 (181 MB/s) - `code/../crawls/reputation.com/Privacy-Policy/raw/www.reputation.com/pub/assets/img/panels/contact-widget-arrows.png' saved [1206/1206]

--2013-05-11 05:26:45--  http://www.reputation.com/pub/assets/img/panels/social-icons.png
Reusing existing connection to www.reputation.com:80.
HTTP request sent, awaiting response... 200 OK
Length: 1643 (1.6K) [image/png]
Saving to: `code/../crawls/reputation.com/Privacy-Policy/raw/www.reputation.com/pub/assets/img/panels/social-icons.png'

     0K .                                                     100%  245M=0s

2013-05-11 05:26:45 (245 MB/s) - `code/../crawls/reputation.com/Privacy-Policy/raw/www.reputation.com/pub/assets/img/panels/social-icons.png' saved [1643/1643]

FINISHED --2013-05-11 05:26:45--
Total wall clock time: 2.0s
Downloaded: 49 files, 1.7M in 0.8s (2.15 MB/s)
Converting code/../crawls/reputation.com/Privacy-Policy/raw/www.reputation.com/privacypolicy.html... 11-20
Converting code/../crawls/reputation.com/Privacy-Policy/raw/www.reputation.com/pub/assets/css/w_marketing_ecc78fdc1b52311c2d067e9089379b11.css... 49-8
Converting code/../crawls/reputation.com/Privacy-Policy/raw/www.reputation.com/pub/assets/css/p_privacy-policy_8f0159eedef356c40f9bd0b18cf8a03d.css... 12-3
Converted 3 files in 0.003 seconds.
