--2013-04-17 05:25:49--  http://www.etsy.com/help/article/1262
Resolving www.etsy.com... 199.27.75.129, 199.27.75.192
Connecting to www.etsy.com|199.27.75.129|:80... connected.
HTTP request sent, awaiting response... 200 OK
Length: unspecified [text/html]
Saving to: `code/../crawls/etsy.com/Privacy-Policy/raw/www.etsy.com/help/article/1262.html'

     0K .......... .......... .......... .......... .......... 5.02M
    50K ...                                                    15.1M=0.01s

2013-04-17 05:25:49 (5.25 MB/s) - `code/../crawls/etsy.com/Privacy-Policy/raw/www.etsy.com/help/article/1262.html' saved [54745]

--2013-04-17 05:25:49--  http://site.etsystatic.com/assets/dist/css/base.20130412145927.css
Resolving site.etsystatic.com... 199.27.75.192, 199.27.75.129
Reusing existing connection to www.etsy.com:80.
HTTP request sent, awaiting response... 200 OK
Length: 112793 (110K) [text/css]
Saving to: `code/../crawls/etsy.com/Privacy-Policy/raw/site.etsystatic.com/assets/dist/css/base.20130412145927.css'

     0K .......... .......... .......... .......... .......... 45% 9.67M 0s
    50K .......... .......... .......... .......... .......... 90% 9.61M 0s
   100K ..........                                            100% 7.75M=0.01s

2013-04-17 05:25:49 (9.43 MB/s) - `code/../crawls/etsy.com/Privacy-Policy/raw/site.etsystatic.com/assets/dist/css/base.20130412145927.css' saved [112793/112793]

--2013-04-17 05:25:49--  http://site.etsystatic.com/assets/dist/js/require-jquery-1.8.2.20130412145925.js
Reusing existing connection to www.etsy.com:80.
HTTP request sent, awaiting response... 200 OK
Length: 108328 (106K) [text/javascript]
Saving to: `code/../crawls/etsy.com/Privacy-Policy/raw/site.etsystatic.com/assets/dist/js/require-jquery-1.8.2.20130412145925.js'

     0K .......... .......... .......... .......... .......... 47% 10.4M 0s
    50K .......... .......... .......... .......... .......... 94% 7.81M 0s
   100K .....                                                 100% 15.1M=0.01s

2013-04-17 05:25:49 (9.14 MB/s) - `code/../crawls/etsy.com/Privacy-Policy/raw/site.etsystatic.com/assets/dist/js/require-jquery-1.8.2.20130412145925.js' saved [108328/108328]

--2013-04-17 05:25:49--  http://site.etsystatic.com/assets/dist/js/base.20130412165355.js
Reusing existing connection to www.etsy.com:80.
HTTP request sent, awaiting response... 200 OK
Length: 102084 (100K) [text/javascript]
Saving to: `code/../crawls/etsy.com/Privacy-Policy/raw/site.etsystatic.com/assets/dist/js/base.20130412165355.js'

     0K .......... .......... .......... .......... .......... 50% 11.1M 0s
    50K .......... .......... .......... .......... ......... 100% 11.4M=0.009s

2013-04-17 05:25:49 (11.2 MB/s) - `code/../crawls/etsy.com/Privacy-Policy/raw/site.etsystatic.com/assets/dist/js/base.20130412165355.js' saved [102084/102084]

--2013-04-17 05:25:49--  http://site.etsystatic.com/assets/dist/css/help/base.20130412145926.css
Reusing existing connection to www.etsy.com:80.
HTTP request sent, awaiting response... 200 OK
Length: 8161 (8.0K) [text/css]
Saving to: `code/../crawls/etsy.com/Privacy-Policy/raw/site.etsystatic.com/assets/dist/css/help/base.20130412145926.css'

     0K .......                                               100% 16.5M=0s

2013-04-17 05:25:49 (16.5 MB/s) - `code/../crawls/etsy.com/Privacy-Policy/raw/site.etsystatic.com/assets/dist/css/help/base.20130412145926.css' saved [8161/8161]

--2013-04-17 05:25:49--  http://site.etsystatic.com/assets/dist/css/help/article.20130412145924.css
Reusing existing connection to www.etsy.com:80.
HTTP request sent, awaiting response... 200 OK
Length: 692 [text/css]
Saving to: `code/../crawls/etsy.com/Privacy-Policy/raw/site.etsystatic.com/assets/dist/css/help/article.20130412145924.css'

     0K                                                       100%  116M=0s

2013-04-17 05:25:49 (116 MB/s) - `code/../crawls/etsy.com/Privacy-Policy/raw/site.etsystatic.com/assets/dist/css/help/article.20130412145924.css' saved [692/692]

--2013-04-17 05:25:49--  http://www.etsy.com/images/favicon.ico
Reusing existing connection to www.etsy.com:80.
HTTP request sent, awaiting response... 200 OK
Length: 894 [image/vnd.microsoft.icon]
Saving to: `code/../crawls/etsy.com/Privacy-Policy/raw/www.etsy.com/images/favicon.ico'

     0K                                                       100%  150M=0s

2013-04-17 05:25:49 (150 MB/s) - `code/../crawls/etsy.com/Privacy-Policy/raw/www.etsy.com/images/favicon.ico' saved [894/894]

--2013-04-17 05:25:49--  https://privacy-policy.truste.com/privacy-seal/Etsy,-Inc-/asc?rid=37b33941-e9a1-4eb2-be77-169e6d320cc4
Resolving privacy-policy.truste.com... 72.21.81.253
Connecting to privacy-policy.truste.com|72.21.81.253|:443... connected.
HTTP request sent, awaiting response... 200 OK
Length: 213
Saving to: `code/../crawls/etsy.com/Privacy-Policy/raw/privacy-policy.truste.com/privacy-seal/Etsy,-Inc-/asc?rid=37b33941-e9a1-4eb2-be77-169e6d320cc4.html'

     0K                                                       100% 11.2M=0s

2013-04-17 05:25:50 (11.2 MB/s) - `code/../crawls/etsy.com/Privacy-Policy/raw/privacy-policy.truste.com/privacy-seal/Etsy,-Inc-/asc?rid=37b33941-e9a1-4eb2-be77-169e6d320cc4.html' saved [213/213]

--2013-04-17 05:25:50--  https://privacy-policy.truste.com/privacy-seal/Etsy,-Inc-/seal?rid=277dfabe-ec06-4077-aa68-54d0381f3f1f
Reusing existing connection to privacy-policy.truste.com:443.
HTTP request sent, awaiting response... 200 OK
Length: 1207 (1.2K) [image/png]
Saving to: `code/../crawls/etsy.com/Privacy-Policy/raw/privacy-policy.truste.com/privacy-seal/Etsy,-Inc-/seal?rid=277dfabe-ec06-4077-aa68-54d0381f3f1f'

     0K .                                                     100% 42.7M=0s

2013-04-17 05:25:50 (42.7 MB/s) - `code/../crawls/etsy.com/Privacy-Policy/raw/privacy-policy.truste.com/privacy-seal/Etsy,-Inc-/seal?rid=277dfabe-ec06-4077-aa68-54d0381f3f1f' saved [1207/1207]

--2013-04-17 05:25:50--  http://site.etsystatic.com/assets/dist/js/bootstrap/help/base.20130412145925.js
Connecting to site.etsystatic.com|199.27.75.192|:80... connected.
HTTP request sent, awaiting response... 200 OK
Length: 2805 (2.7K) [text/javascript]
Saving to: `code/../crawls/etsy.com/Privacy-Policy/raw/site.etsystatic.com/assets/dist/js/bootstrap/help/base.20130412145925.js'

     0K ..                                                    100%  282M=0s

2013-04-17 05:25:50 (282 MB/s) - `code/../crawls/etsy.com/Privacy-Policy/raw/site.etsystatic.com/assets/dist/js/bootstrap/help/base.20130412145925.js' saved [2805/2805]

--2013-04-17 05:25:50--  http://site.etsystatic.com/assets/dist/js/bootstrap/help/article.20130412145925.js
Reusing existing connection to site.etsystatic.com:80.
HTTP request sent, awaiting response... 200 OK
Length: 1592 (1.6K) [text/javascript]
Saving to: `code/../crawls/etsy.com/Privacy-Policy/raw/site.etsystatic.com/assets/dist/js/bootstrap/help/article.20130412145925.js'

     0K .                                                     100%  211M=0s

2013-04-17 05:25:50 (211 MB/s) - `code/../crawls/etsy.com/Privacy-Policy/raw/site.etsystatic.com/assets/dist/js/bootstrap/help/article.20130412145925.js' saved [1592/1592]

--2013-04-17 05:25:50--  http://s.thebrighttag.com/iframe?c=790xr8J
Resolving s.thebrighttag.com... 50.18.173.48, 50.18.173.83
Connecting to s.thebrighttag.com|50.18.173.48|:80... connected.
HTTP request sent, awaiting response... 200 OK
Length: 80 [text/html]
Saving to: `code/../crawls/etsy.com/Privacy-Policy/raw/s.thebrighttag.com/iframe?c=790xr8J.html'

     0K                                                       100% 13.2M=0s

2013-04-17 05:25:50 (13.2 MB/s) - `code/../crawls/etsy.com/Privacy-Policy/raw/s.thebrighttag.com/iframe?c=790xr8J.html' saved [80/80]

--2013-04-17 05:25:50--  http://site.etsystatic.com/assets/dist/images/sprites/icons-master.20130412145926.png
Reusing existing connection to site.etsystatic.com:80.
HTTP request sent, awaiting response... 200 OK
Length: 8342 (8.1K) [image/png]
Saving to: `code/../crawls/etsy.com/Privacy-Policy/raw/site.etsystatic.com/assets/dist/images/sprites/icons-master.20130412145926.png'

     0K ........                                              100% 20.8M=0s

2013-04-17 05:25:50 (20.8 MB/s) - `code/../crawls/etsy.com/Privacy-Policy/raw/site.etsystatic.com/assets/dist/images/sprites/icons-master.20130412145926.png' saved [8342/8342]

--2013-04-17 05:25:50--  http://site.etsystatic.com/assets/dist/images/sprites/buttons-master.20130412145926.png
Reusing existing connection to site.etsystatic.com:80.
HTTP request sent, awaiting response... 200 OK
Length: 11899 (12K) [image/png]
Saving to: `code/../crawls/etsy.com/Privacy-Policy/raw/site.etsystatic.com/assets/dist/images/sprites/buttons-master.20130412145926.png'

     0K .......... .                                          100% 14.2M=0.001s

2013-04-17 05:25:50 (14.2 MB/s) - `code/../crawls/etsy.com/Privacy-Policy/raw/site.etsystatic.com/assets/dist/images/sprites/buttons-master.20130412145926.png' saved [11899/11899]

--2013-04-17 05:25:50--  http://site.etsystatic.com/assets/dist/images/sprites/main-sprite.20130412145926.png
Reusing existing connection to site.etsystatic.com:80.
HTTP request sent, awaiting response... 200 OK
Length: 24931 (24K) [image/png]
Saving to: `code/../crawls/etsy.com/Privacy-Policy/raw/site.etsystatic.com/assets/dist/images/sprites/main-sprite.20130412145926.png'

     0K .......... .......... ....                            100% 6.50M=0.004s

2013-04-17 05:25:50 (6.50 MB/s) - `code/../crawls/etsy.com/Privacy-Policy/raw/site.etsystatic.com/assets/dist/images/sprites/main-sprite.20130412145926.png' saved [24931/24931]

--2013-04-17 05:25:50--  http://site.etsystatic.com/assets/dist/images/storefronts/stats-pointer.20130412145926.png
Reusing existing connection to site.etsystatic.com:80.
HTTP request sent, awaiting response... 200 OK
Length: 839 [image/png]
Saving to: `code/../crawls/etsy.com/Privacy-Policy/raw/site.etsystatic.com/assets/dist/images/storefronts/stats-pointer.20130412145926.png'

     0K                                                       100%  138M=0s

2013-04-17 05:25:50 (138 MB/s) - `code/../crawls/etsy.com/Privacy-Policy/raw/site.etsystatic.com/assets/dist/images/storefronts/stats-pointer.20130412145926.png' saved [839/839]

--2013-04-17 05:25:50--  http://site.etsystatic.com/assets/dist/images/seamless-sharing/how-it-works-small.20130412145926.png
Reusing existing connection to site.etsystatic.com:80.
HTTP request sent, awaiting response... 200 OK
Length: 7964 (7.8K) [image/png]
Saving to: `code/../crawls/etsy.com/Privacy-Policy/raw/site.etsystatic.com/assets/dist/images/seamless-sharing/how-it-works-small.20130412145926.png'

     0K .......                                               100% 16.6M=0s

2013-04-17 05:25:50 (16.6 MB/s) - `code/../crawls/etsy.com/Privacy-Policy/raw/site.etsystatic.com/assets/dist/images/seamless-sharing/how-it-works-small.20130412145926.png' saved [7964/7964]

--2013-04-17 05:25:50--  http://site.etsystatic.com/assets/dist/images/sprites/connected-accounts-sprite.20130412145926.png
Reusing existing connection to site.etsystatic.com:80.
HTTP request sent, awaiting response... 200 OK
Length: 1020 [image/png]
Saving to: `code/../crawls/etsy.com/Privacy-Policy/raw/site.etsystatic.com/assets/dist/images/sprites/connected-accounts-sprite.20130412145926.png'

     0K                                                       100%  175M=0s

2013-04-17 05:25:50 (175 MB/s) - `code/../crawls/etsy.com/Privacy-Policy/raw/site.etsystatic.com/assets/dist/images/sprites/connected-accounts-sprite.20130412145926.png' saved [1020/1020]

--2013-04-17 05:25:50--  http://site.etsystatic.com/assets/dist/images/spinners/spinners-sprite.20130412145926.gif
Reusing existing connection to site.etsystatic.com:80.
HTTP request sent, awaiting response... 200 OK
Length: 17856 (17K) [image/gif]
Saving to: `code/../crawls/etsy.com/Privacy-Policy/raw/site.etsystatic.com/assets/dist/images/spinners/spinners-sprite.20130412145926.gif'

     0K .......... .......                                    100% 13.8M=0.001s

2013-04-17 05:25:50 (13.8 MB/s) - `code/../crawls/etsy.com/Privacy-Policy/raw/site.etsystatic.com/assets/dist/images/spinners/spinners-sprite.20130412145926.gif' saved [17856/17856]

--2013-04-17 05:25:50--  http://site.etsystatic.com/assets/dist/images/stash/stashbg.20130412145926.png
Reusing existing connection to site.etsystatic.com:80.
HTTP request sent, awaiting response... 200 OK
Length: 2809 (2.7K) [image/png]
Saving to: `code/../crawls/etsy.com/Privacy-Policy/raw/site.etsystatic.com/assets/dist/images/stash/stashbg.20130412145926.png'

     0K ..                                                    100%  185M=0s

2013-04-17 05:25:50 (185 MB/s) - `code/../crawls/etsy.com/Privacy-Policy/raw/site.etsystatic.com/assets/dist/images/stash/stashbg.20130412145926.png' saved [2809/2809]

--2013-04-17 05:25:50--  http://site.etsystatic.com/assets/dist/images/stash/stash_remove_hover.20130412145926.png
Reusing existing connection to site.etsystatic.com:80.
HTTP request sent, awaiting response... 200 OK
Length: 1100 (1.1K) [image/png]
Saving to: `code/../crawls/etsy.com/Privacy-Policy/raw/site.etsystatic.com/assets/dist/images/stash/stash_remove_hover.20130412145926.png'

     0K .                                                     100%  161M=0s

2013-04-17 05:25:50 (161 MB/s) - `code/../crawls/etsy.com/Privacy-Policy/raw/site.etsystatic.com/assets/dist/images/stash/stash_remove_hover.20130412145926.png' saved [1100/1100]

--2013-04-17 05:25:50--  http://site.etsystatic.com/assets/dist/images/stash/stash_remove.20130412145926.png
Reusing existing connection to site.etsystatic.com:80.
HTTP request sent, awaiting response... 200 OK
Length: 1105 (1.1K) [image/png]
Saving to: `code/../crawls/etsy.com/Privacy-Policy/raw/site.etsystatic.com/assets/dist/images/stash/stash_remove.20130412145926.png'

     0K .                                                     100%  159M=0s

2013-04-17 05:25:50 (159 MB/s) - `code/../crawls/etsy.com/Privacy-Policy/raw/site.etsystatic.com/assets/dist/images/stash/stash_remove.20130412145926.png' saved [1105/1105]

--2013-04-17 05:25:50--  http://site.etsystatic.com/assets/dist/images/storefronts/notification-icons.20130412145926.png
Reusing existing connection to site.etsystatic.com:80.
HTTP request sent, awaiting response... 200 OK
Length: 315 [image/png]
Saving to: `code/../crawls/etsy.com/Privacy-Policy/raw/site.etsystatic.com/assets/dist/images/storefronts/notification-icons.20130412145926.png'

     0K                                                       100% 54.9M=0s

2013-04-17 05:25:50 (54.9 MB/s) - `code/../crawls/etsy.com/Privacy-Policy/raw/site.etsystatic.com/assets/dist/images/storefronts/notification-icons.20130412145926.png' saved [315/315]

--2013-04-17 05:25:50--  http://site.etsystatic.com/assets/dist/images/merch-hub/subscribe-bg.20130412145926.png
Reusing existing connection to site.etsystatic.com:80.
HTTP request sent, awaiting response... 200 OK
Length: 38400 (38K) [image/png]
Saving to: `code/../crawls/etsy.com/Privacy-Policy/raw/site.etsystatic.com/assets/dist/images/merch-hub/subscribe-bg.20130412145926.png'

     0K .......... .......... .......... .......              100% 8.55M=0.004s

2013-04-17 05:25:50 (8.55 MB/s) - `code/../crawls/etsy.com/Privacy-Policy/raw/site.etsystatic.com/assets/dist/images/merch-hub/subscribe-bg.20130412145926.png' saved [38400/38400]

--2013-04-17 05:25:50--  http://site.etsystatic.com/assets/dist/images/sprites/header-master-new.20130412145926.png
Reusing existing connection to site.etsystatic.com:80.
HTTP request sent, awaiting response... 200 OK
Length: 5824 (5.7K) [image/png]
Saving to: `code/../crawls/etsy.com/Privacy-Policy/raw/site.etsystatic.com/assets/dist/images/sprites/header-master-new.20130412145926.png'

     0K .....                                                 100% 17.8M=0s

2013-04-17 05:25:50 (17.8 MB/s) - `code/../crawls/etsy.com/Privacy-Policy/raw/site.etsystatic.com/assets/dist/images/sprites/header-master-new.20130412145926.png' saved [5824/5824]

--2013-04-17 05:25:50--  http://site.etsystatic.com/assets/dist/images/sprites/icons-master@2x.20130412145926.png
Reusing existing connection to site.etsystatic.com:80.
HTTP request sent, awaiting response... 200 OK
Length: 2076 (2.0K) [image/png]
Saving to: `code/../crawls/etsy.com/Privacy-Policy/raw/site.etsystatic.com/assets/dist/images/sprites/icons-master@2x.20130412145926.png'

     0K ..                                                    100%  272M=0s

2013-04-17 05:25:50 (272 MB/s) - `code/../crawls/etsy.com/Privacy-Policy/raw/site.etsystatic.com/assets/dist/images/sprites/icons-master@2x.20130412145926.png' saved [2076/2076]

--2013-04-17 05:25:50--  http://site.etsystatic.com/assets/dist/images/sprites/header-master-new@2x.20130412145926.png
Reusing existing connection to site.etsystatic.com:80.
HTTP request sent, awaiting response... 200 OK
Length: 5348 (5.2K) [image/png]
Saving to: `code/../crawls/etsy.com/Privacy-Policy/raw/site.etsystatic.com/assets/dist/images/sprites/header-master-new@2x.20130412145926.png'

     0K .....                                                 100% 16.6M=0s

2013-04-17 05:25:50 (16.6 MB/s) - `code/../crawls/etsy.com/Privacy-Policy/raw/site.etsystatic.com/assets/dist/images/sprites/header-master-new@2x.20130412145926.png' saved [5348/5348]

--2013-04-17 05:25:50--  http://site.etsystatic.com/assets/dist/images/spinners/spinner16-trans-grey.20130412145926.gif
Reusing existing connection to site.etsystatic.com:80.
HTTP request sent, awaiting response... 200 OK
Length: 1025 (1.0K) [image/gif]
Saving to: `code/../crawls/etsy.com/Privacy-Policy/raw/site.etsystatic.com/assets/dist/images/spinners/spinner16-trans-grey.20130412145926.gif'

     0K .                                                     100%  181M=0s

2013-04-17 05:25:50 (181 MB/s) - `code/../crawls/etsy.com/Privacy-Policy/raw/site.etsystatic.com/assets/dist/images/spinners/spinner16-trans-grey.20130412145926.gif' saved [1025/1025]

--2013-04-17 05:25:50--  http://site.etsystatic.com/assets/dist/images/registry/registry-sprite.20130412145926.png
Reusing existing connection to site.etsystatic.com:80.
HTTP request sent, awaiting response... 200 OK
Length: 5403 (5.3K) [image/png]
Saving to: `code/../crawls/etsy.com/Privacy-Policy/raw/site.etsystatic.com/assets/dist/images/registry/registry-sprite.20130412145926.png'

     0K .....                                                 100% 30.0M=0s

2013-04-17 05:25:50 (30.0 MB/s) - `code/../crawls/etsy.com/Privacy-Policy/raw/site.etsystatic.com/assets/dist/images/registry/registry-sprite.20130412145926.png' saved [5403/5403]

--2013-04-17 05:25:50--  http://site.etsystatic.com/assets/dist/images/spinners/spinner16-trans.20130412145926.gif
Reusing existing connection to site.etsystatic.com:80.
HTTP request sent, awaiting response... 200 OK
Length: 1025 (1.0K) [image/gif]
Saving to: `code/../crawls/etsy.com/Privacy-Policy/raw/site.etsystatic.com/assets/dist/images/spinners/spinner16-trans.20130412145926.gif'

     0K .                                                     100%  173M=0s

2013-04-17 05:25:50 (173 MB/s) - `code/../crawls/etsy.com/Privacy-Policy/raw/site.etsystatic.com/assets/dist/images/spinners/spinner16-trans.20130412145926.gif' saved [1025/1025]

--2013-04-17 05:25:50--  http://site.etsystatic.com/assets/dist/images/sprites/buttons-favorite-master.20130412145926.png
Reusing existing connection to site.etsystatic.com:80.
HTTP request sent, awaiting response... 200 OK
Length: 6490 (6.3K) [image/png]
Saving to: `code/../crawls/etsy.com/Privacy-Policy/raw/site.etsystatic.com/assets/dist/images/sprites/buttons-favorite-master.20130412145926.png'

     0K ......                                                100% 19.9M=0s

2013-04-17 05:25:50 (19.9 MB/s) - `code/../crawls/etsy.com/Privacy-Policy/raw/site.etsystatic.com/assets/dist/images/sprites/buttons-favorite-master.20130412145926.png' saved [6490/6490]

--2013-04-17 05:25:50--  http://site.etsystatic.com/assets/dist/images/shop_setup/seller-on-boarding-image-map.20130412145926.png
Reusing existing connection to site.etsystatic.com:80.
HTTP request sent, awaiting response... 200 OK
Length: 16846 (16K) [image/png]
Saving to: `code/../crawls/etsy.com/Privacy-Policy/raw/site.etsystatic.com/assets/dist/images/shop_setup/seller-on-boarding-image-map.20130412145926.png'

     0K .......... ......                                     100% 13.1M=0.001s

2013-04-17 05:25:50 (13.1 MB/s) - `code/../crawls/etsy.com/Privacy-Policy/raw/site.etsystatic.com/assets/dist/images/shop_setup/seller-on-boarding-image-map.20130412145926.png' saved [16846/16846]

--2013-04-17 05:25:50--  http://site.etsystatic.com/assets/dist/images/sprites/locale-icons.20130412145926.png
Reusing existing connection to site.etsystatic.com:80.
HTTP request sent, awaiting response... 200 OK
Length: 2484 (2.4K) [image/png]
Saving to: `code/../crawls/etsy.com/Privacy-Policy/raw/site.etsystatic.com/assets/dist/images/sprites/locale-icons.20130412145926.png'

     0K ..                                                    100% 37.5M=0s

2013-04-17 05:25:50 (37.5 MB/s) - `code/../crawls/etsy.com/Privacy-Policy/raw/site.etsystatic.com/assets/dist/images/sprites/locale-icons.20130412145926.png' saved [2484/2484]

--2013-04-17 05:25:50--  http://site.etsystatic.com/assets/dist/images/sprites/locale-icons@2.20130412145926.png
Reusing existing connection to site.etsystatic.com:80.
HTTP request sent, awaiting response... 200 OK
Length: 5135 (5.0K) [image/png]
Saving to: `code/../crawls/etsy.com/Privacy-Policy/raw/site.etsystatic.com/assets/dist/images/sprites/locale-icons@2.20130412145926.png'

     0K .....                                                 100% 17.0M=0s

2013-04-17 05:25:50 (17.0 MB/s) - `code/../crawls/etsy.com/Privacy-Policy/raw/site.etsystatic.com/assets/dist/images/sprites/locale-icons@2.20130412145926.png' saved [5135/5135]

--2013-04-17 05:25:50--  http://site.etsystatic.com/assets/dist/images/buttons/sprites.20130412145925.png
Reusing existing connection to site.etsystatic.com:80.
HTTP request sent, awaiting response... 200 OK
Length: 2629 (2.6K) [image/png]
Saving to: `code/../crawls/etsy.com/Privacy-Policy/raw/site.etsystatic.com/assets/dist/images/buttons/sprites.20130412145925.png'

     0K ..                                                    100%  174M=0s

2013-04-17 05:25:50 (174 MB/s) - `code/../crawls/etsy.com/Privacy-Policy/raw/site.etsystatic.com/assets/dist/images/buttons/sprites.20130412145925.png' saved [2629/2629]

--2013-04-17 05:25:50--  http://site.etsystatic.com/assets/dist/images/buttons/sprites@2x.20130412145925.png
Reusing existing connection to site.etsystatic.com:80.
HTTP request sent, awaiting response... 200 OK
Length: 4571 (4.5K) [image/png]
Saving to: `code/../crawls/etsy.com/Privacy-Policy/raw/site.etsystatic.com/assets/dist/images/buttons/sprites@2x.20130412145925.png'

     0K ....                                                  100% 13.0M=0s

2013-04-17 05:25:50 (13.0 MB/s) - `code/../crawls/etsy.com/Privacy-Policy/raw/site.etsystatic.com/assets/dist/images/buttons/sprites@2x.20130412145925.png' saved [4571/4571]

--2013-04-17 05:25:50--  http://site.etsystatic.com/assets/dist/images/spinners/spinner48-trans.20130412145926.gif
Reusing existing connection to site.etsystatic.com:80.
HTTP request sent, awaiting response... 200 OK
Length: 3536 (3.5K) [image/gif]
Saving to: `code/../crawls/etsy.com/Privacy-Policy/raw/site.etsystatic.com/assets/dist/images/spinners/spinner48-trans.20130412145926.gif'

     0K ...                                                   100% 54.3M=0s

2013-04-17 05:25:50 (54.3 MB/s) - `code/../crawls/etsy.com/Privacy-Policy/raw/site.etsystatic.com/assets/dist/images/spinners/spinner48-trans.20130412145926.gif' saved [3536/3536]

--2013-04-17 05:25:50--  http://site.etsystatic.com/assets/type/Guardian-EgypTT-Regular.eot?
Reusing existing connection to site.etsystatic.com:80.
HTTP request sent, awaiting response... 200 OK
Length: 60598 (59K) [application/vnd.ms-fontobject]
Saving to: `code/../crawls/etsy.com/Privacy-Policy/raw/site.etsystatic.com/assets/type/Guardian-EgypTT-Regular.eot'

     0K .......... .......... .......... .......... .......... 84% 7.57M 0s
    50K .........                                             100% 10.3M=0.007s

2013-04-17 05:25:50 (7.89 MB/s) - `code/../crawls/etsy.com/Privacy-Policy/raw/site.etsystatic.com/assets/type/Guardian-EgypTT-Regular.eot' saved [60598/60598]

--2013-04-17 05:25:50--  http://site.etsystatic.com/assets/type/Guardian-EgypTT-Regular.woff
Reusing existing connection to site.etsystatic.com:80.
HTTP request sent, awaiting response... 200 OK
Length: 27601 (27K) [application/x-font-woff]
Saving to: `code/../crawls/etsy.com/Privacy-Policy/raw/site.etsystatic.com/assets/type/Guardian-EgypTT-Regular.woff'

     0K .......... .......... ......                          100% 8.58M=0.003s

2013-04-17 05:25:50 (8.58 MB/s) - `code/../crawls/etsy.com/Privacy-Policy/raw/site.etsystatic.com/assets/type/Guardian-EgypTT-Regular.woff' saved [27601/27601]

--2013-04-17 05:25:50--  http://site.etsystatic.com/assets/type/Guardian-EgypTT-Regular.svg
Reusing existing connection to site.etsystatic.com:80.
HTTP request sent, awaiting response... 200 OK
Length: 96755 (94K) [image/svg+xml]
Saving to: `code/../crawls/etsy.com/Privacy-Policy/raw/site.etsystatic.com/assets/type/Guardian-EgypTT-Regular.svg'

     0K .......... .......... .......... .......... .......... 52% 7.93M 0s
    50K .......... .......... .......... .......... ....      100% 8.62M=0.01s

2013-04-17 05:25:51 (8.24 MB/s) - `code/../crawls/etsy.com/Privacy-Policy/raw/site.etsystatic.com/assets/type/Guardian-EgypTT-Regular.svg' saved [96755/96755]

--2013-04-17 05:25:51--  http://site.etsystatic.com/assets/dist/images/textures/hash.20130412145927.png
Reusing existing connection to site.etsystatic.com:80.
HTTP request sent, awaiting response... 200 OK
Length: 31281 (31K) [image/png]
Saving to: `code/../crawls/etsy.com/Privacy-Policy/raw/site.etsystatic.com/assets/dist/images/textures/hash.20130412145927.png'

     0K .......... .......... ..........                      100% 12.6M=0.002s

2013-04-17 05:25:51 (12.6 MB/s) - `code/../crawls/etsy.com/Privacy-Policy/raw/site.etsystatic.com/assets/dist/images/textures/hash.20130412145927.png' saved [31281/31281]

--2013-04-17 05:25:51--  http://site.etsystatic.com/assets/dist/images/truste_seal_eu.20130412145927.gif
Reusing existing connection to site.etsystatic.com:80.
HTTP request sent, awaiting response... 200 OK
Length: 2919 (2.9K) [image/gif]
Saving to: `code/../crawls/etsy.com/Privacy-Policy/raw/site.etsystatic.com/assets/dist/images/truste_seal_eu.20130412145927.gif'

     0K ..                                                    100% 42.2M=0s

2013-04-17 05:25:51 (42.2 MB/s) - `code/../crawls/etsy.com/Privacy-Policy/raw/site.etsystatic.com/assets/dist/images/truste_seal_eu.20130412145927.gif' saved [2919/2919]

--2013-04-17 05:25:51--  http://site.etsystatic.com/assets/dist/images/dotted.20130412145925.gif
Reusing existing connection to site.etsystatic.com:80.
HTTP request sent, awaiting response... 200 OK
Length: 37 [image/gif]
Saving to: `code/../crawls/etsy.com/Privacy-Policy/raw/site.etsystatic.com/assets/dist/images/dotted.20130412145925.gif'

     0K                                                       100% 6.84M=0s

2013-04-17 05:25:51 (6.84 MB/s) - `code/../crawls/etsy.com/Privacy-Policy/raw/site.etsystatic.com/assets/dist/images/dotted.20130412145925.gif' saved [37/37]

--2013-04-17 05:25:51--  http://site.etsystatic.com/assets/dist/images/grey_bullet.20130412145926.gif
Reusing existing connection to site.etsystatic.com:80.
HTTP request sent, awaiting response... 200 OK
Length: 57 [image/gif]
Saving to: `code/../crawls/etsy.com/Privacy-Policy/raw/site.etsystatic.com/assets/dist/images/grey_bullet.20130412145926.gif'

     0K                                                       100% 10.8M=0s

2013-04-17 05:25:51 (10.8 MB/s) - `code/../crawls/etsy.com/Privacy-Policy/raw/site.etsystatic.com/assets/dist/images/grey_bullet.20130412145926.gif' saved [57/57]

--2013-04-17 05:25:51--  http://site.etsystatic.com/assets/dist/images/arrow_orange_up.20130412145925.gif
Reusing existing connection to site.etsystatic.com:80.
HTTP request sent, awaiting response... 200 OK
Length: 110 [image/gif]
Saving to: `code/../crawls/etsy.com/Privacy-Policy/raw/site.etsystatic.com/assets/dist/images/arrow_orange_up.20130412145925.gif'

     0K                                                       100% 20.1M=0s

2013-04-17 05:25:51 (20.1 MB/s) - `code/../crawls/etsy.com/Privacy-Policy/raw/site.etsystatic.com/assets/dist/images/arrow_orange_up.20130412145925.gif' saved [110/110]

--2013-04-17 05:25:51--  http://site.etsystatic.com/assets/dist/images/arrow_orange_down.20130412145925.gif
Reusing existing connection to site.etsystatic.com:80.
HTTP request sent, awaiting response... 200 OK
Length: 110 [image/gif]
Saving to: `code/../crawls/etsy.com/Privacy-Policy/raw/site.etsystatic.com/assets/dist/images/arrow_orange_down.20130412145925.gif'

     0K                                                       100% 20.1M=0s

2013-04-17 05:25:51 (20.1 MB/s) - `code/../crawls/etsy.com/Privacy-Policy/raw/site.etsystatic.com/assets/dist/images/arrow_orange_down.20130412145925.gif' saved [110/110]

--2013-04-17 05:25:51--  http://site.etsystatic.com/assets/dist/images/icon_page_arrow_left_on.20130412145926.gif
Reusing existing connection to site.etsystatic.com:80.
HTTP request sent, awaiting response... 200 OK
Length: 814 [image/gif]
Saving to: `code/../crawls/etsy.com/Privacy-Policy/raw/site.etsystatic.com/assets/dist/images/icon_page_arrow_left_on.20130412145926.gif'

     0K                                                       100%  140M=0s

2013-04-17 05:25:51 (140 MB/s) - `code/../crawls/etsy.com/Privacy-Policy/raw/site.etsystatic.com/assets/dist/images/icon_page_arrow_left_on.20130412145926.gif' saved [814/814]

--2013-04-17 05:25:51--  http://site.etsystatic.com/assets/dist/images/icon_page_arrow_left_off.20130412145926.gif
Reusing existing connection to site.etsystatic.com:80.
HTTP request sent, awaiting response... 200 OK
Length: 444 [image/gif]
Saving to: `code/../crawls/etsy.com/Privacy-Policy/raw/site.etsystatic.com/assets/dist/images/icon_page_arrow_left_off.20130412145926.gif'

     0K                                                       100% 79.5M=0s

2013-04-17 05:25:51 (79.5 MB/s) - `code/../crawls/etsy.com/Privacy-Policy/raw/site.etsystatic.com/assets/dist/images/icon_page_arrow_left_off.20130412145926.gif' saved [444/444]

--2013-04-17 05:25:51--  http://site.etsystatic.com/assets/dist/images/icon_page_arrow_right_on.20130412145926.gif
Reusing existing connection to site.etsystatic.com:80.
HTTP request sent, awaiting response... 200 OK
Length: 846 [image/gif]
Saving to: `code/../crawls/etsy.com/Privacy-Policy/raw/site.etsystatic.com/assets/dist/images/icon_page_arrow_right_on.20130412145926.gif'

     0K                                                       100%  150M=0s

2013-04-17 05:25:51 (150 MB/s) - `code/../crawls/etsy.com/Privacy-Policy/raw/site.etsystatic.com/assets/dist/images/icon_page_arrow_right_on.20130412145926.gif' saved [846/846]

--2013-04-17 05:25:51--  http://site.etsystatic.com/assets/dist/images/icon_page_arrow_right_off.20130412145926.gif
Reusing existing connection to site.etsystatic.com:80.
HTTP request sent, awaiting response... 200 OK
Length: 596 [image/gif]
Saving to: `code/../crawls/etsy.com/Privacy-Policy/raw/site.etsystatic.com/assets/dist/images/icon_page_arrow_right_off.20130412145926.gif'

     0K                                                       100%  104M=0s

2013-04-17 05:25:51 (104 MB/s) - `code/../crawls/etsy.com/Privacy-Policy/raw/site.etsystatic.com/assets/dist/images/icon_page_arrow_right_off.20130412145926.gif' saved [596/596]

--2013-04-17 05:25:51--  http://site.etsystatic.com/assets/dist/images/sprites/icons-messaging-32x30.20130412145926.gif
Reusing existing connection to site.etsystatic.com:80.
HTTP request sent, awaiting response... 200 OK
Length: 3148 (3.1K) [image/gif]
Saving to: `code/../crawls/etsy.com/Privacy-Policy/raw/site.etsystatic.com/assets/dist/images/sprites/icons-messaging-32x30.20130412145926.gif'

     0K ...                                                   100% 46.0M=0s

2013-04-17 05:25:51 (46.0 MB/s) - `code/../crawls/etsy.com/Privacy-Policy/raw/site.etsystatic.com/assets/dist/images/sprites/icons-messaging-32x30.20130412145926.gif' saved [3148/3148]

--2013-04-17 05:25:51--  http://site.etsystatic.com/assets/dist/images/site-error.20130412145926.png
Reusing existing connection to site.etsystatic.com:80.
HTTP request sent, awaiting response... 200 OK
Length: 33960 (33K) [image/png]
Saving to: `code/../crawls/etsy.com/Privacy-Policy/raw/site.etsystatic.com/assets/dist/images/site-error.20130412145926.png'

     0K .......... .......... .......... ...                  100% 8.01M=0.004s

2013-04-17 05:25:51 (8.01 MB/s) - `code/../crawls/etsy.com/Privacy-Policy/raw/site.etsystatic.com/assets/dist/images/site-error.20130412145926.png' saved [33960/33960]

--2013-04-17 05:25:51--  http://site.etsystatic.com/assets/dist/images/sprites/shipping-vendors.20130412145926.png
Reusing existing connection to site.etsystatic.com:80.
HTTP request sent, awaiting response... 200 OK
Length: 16671 (16K) [image/png]
Saving to: `code/../crawls/etsy.com/Privacy-Policy/raw/site.etsystatic.com/assets/dist/images/sprites/shipping-vendors.20130412145926.png'

     0K .......... ......                                     100% 13.6M=0.001s

2013-04-17 05:25:51 (13.6 MB/s) - `code/../crawls/etsy.com/Privacy-Policy/raw/site.etsystatic.com/assets/dist/images/sprites/shipping-vendors.20130412145926.png' saved [16671/16671]

--2013-04-17 05:25:51--  http://site.etsystatic.com/assets/dist/images/homepage/homepage-gradient.20130412145926.png
Reusing existing connection to site.etsystatic.com:80.
HTTP request sent, awaiting response... 200 OK
Length: 721 [image/png]
Saving to: `code/../crawls/etsy.com/Privacy-Policy/raw/site.etsystatic.com/assets/dist/images/homepage/homepage-gradient.20130412145926.png'

     0K                                                       100%  125M=0s

2013-04-17 05:25:51 (125 MB/s) - `code/../crawls/etsy.com/Privacy-Policy/raw/site.etsystatic.com/assets/dist/images/homepage/homepage-gradient.20130412145926.png' saved [721/721]

--2013-04-17 05:25:51--  http://site.etsystatic.com/assets/type/Guardian-EgypTT-Regular.eot
Reusing existing connection to site.etsystatic.com:80.
HTTP request sent, awaiting response... 200 OK
Length: 60598 (59K) [application/vnd.ms-fontobject]
Saving to: `code/../crawls/etsy.com/Privacy-Policy/raw/site.etsystatic.com/assets/type/Guardian-EgypTT-Regular.eot'

     0K .......... .......... .......... .......... .......... 84% 9.33M 0s
    50K .........                                             100% 12.0M=0.006s

2013-04-17 05:25:51 (9.67 MB/s) - `code/../crawls/etsy.com/Privacy-Policy/raw/site.etsystatic.com/assets/type/Guardian-EgypTT-Regular.eot' saved [60598/60598]

--2013-04-17 05:25:51--  http://site.etsystatic.com/assets/type/Guardian-EgypTT-Regular.ttf
Reusing existing connection to site.etsystatic.com:80.
HTTP request sent, awaiting response... 200 OK
Length: 61196 (60K) [application/x-font-ttf]
Saving to: `code/../crawls/etsy.com/Privacy-Policy/raw/site.etsystatic.com/assets/type/Guardian-EgypTT-Regular.ttf'

     0K .......... .......... .......... .......... .......... 83% 10.0M 0s
    50K .........                                             100% 12.2M=0.006s

2013-04-17 05:25:51 (10.3 MB/s) - `code/../crawls/etsy.com/Privacy-Policy/raw/site.etsystatic.com/assets/type/Guardian-EgypTT-Regular.ttf' saved [61196/61196]

--2013-04-17 05:25:51--  http://site.etsystatic.com/assets/type/Guardian-EgypTT-Medium.eot
Reusing existing connection to site.etsystatic.com:80.
HTTP request sent, awaiting response... 200 OK
Length: 72762 (71K) [application/vnd.ms-fontobject]
Saving to: `code/../crawls/etsy.com/Privacy-Policy/raw/site.etsystatic.com/assets/type/Guardian-EgypTT-Medium.eot'

     0K .......... .......... .......... .......... .......... 70% 10.7M 0s
    50K .......... .......... .                               100% 11.1M=0.006s

2013-04-17 05:25:51 (10.8 MB/s) - `code/../crawls/etsy.com/Privacy-Policy/raw/site.etsystatic.com/assets/type/Guardian-EgypTT-Medium.eot' saved [72762/72762]

--2013-04-17 05:25:51--  http://site.etsystatic.com/assets/type/Guardian-EgypTT-Medium.eot?
Reusing existing connection to site.etsystatic.com:80.
HTTP request sent, awaiting response... 200 OK
Length: 72762 (71K) [application/vnd.ms-fontobject]
Saving to: `code/../crawls/etsy.com/Privacy-Policy/raw/site.etsystatic.com/assets/type/Guardian-EgypTT-Medium.eot'

     0K .......... .......... .......... .......... .......... 70% 11.3M 0s
    50K .......... .......... .                               100% 5.04M=0.008s

2013-04-17 05:25:51 (8.27 MB/s) - `code/../crawls/etsy.com/Privacy-Policy/raw/site.etsystatic.com/assets/type/Guardian-EgypTT-Medium.eot' saved [72762/72762]

--2013-04-17 05:25:51--  http://site.etsystatic.com/assets/type/Guardian-EgypTT-Medium.woff
Reusing existing connection to site.etsystatic.com:80.
HTTP request sent, awaiting response... 200 OK
Length: 33720 (33K) [application/x-font-woff]
Saving to: `code/../crawls/etsy.com/Privacy-Policy/raw/site.etsystatic.com/assets/type/Guardian-EgypTT-Medium.woff'

     0K .......... .......... .......... ..                   100% 12.2M=0.003s

2013-04-17 05:25:51 (12.2 MB/s) - `code/../crawls/etsy.com/Privacy-Policy/raw/site.etsystatic.com/assets/type/Guardian-EgypTT-Medium.woff' saved [33720/33720]

--2013-04-17 05:25:51--  http://site.etsystatic.com/assets/type/Guardian-EgypTT-Medium.ttf
Reusing existing connection to site.etsystatic.com:80.
HTTP request sent, awaiting response... 200 OK
Length: 73276 (72K) [application/x-font-ttf]
Saving to: `code/../crawls/etsy.com/Privacy-Policy/raw/site.etsystatic.com/assets/type/Guardian-EgypTT-Medium.ttf'

     0K .......... .......... .......... .......... .......... 69% 11.0M 0s
    50K .......... .......... .                               100% 12.0M=0.006s

2013-04-17 05:25:51 (11.3 MB/s) - `code/../crawls/etsy.com/Privacy-Policy/raw/site.etsystatic.com/assets/type/Guardian-EgypTT-Medium.ttf' saved [73276/73276]

--2013-04-17 05:25:51--  http://site.etsystatic.com/assets/type/Guardian-EgypTT-Medium.svg
Reusing existing connection to site.etsystatic.com:80.
HTTP request sent, awaiting response... 200 OK
Length: 94145 (92K) [image/svg+xml]
Saving to: `code/../crawls/etsy.com/Privacy-Policy/raw/site.etsystatic.com/assets/type/Guardian-EgypTT-Medium.svg'

     0K .......... .......... .......... .......... .......... 54% 11.0M 0s
    50K .......... .......... .......... .......... .         100% 7.90M=0.01s

2013-04-17 05:25:51 (9.33 MB/s) - `code/../crawls/etsy.com/Privacy-Policy/raw/site.etsystatic.com/assets/type/Guardian-EgypTT-Medium.svg' saved [94145/94145]

--2013-04-17 05:25:51--  http://site.etsystatic.com/assets/dist/images/help/help-illustrations.20130412145926.png
Reusing existing connection to site.etsystatic.com:80.
HTTP request sent, awaiting response... 200 OK
Length: 86493 (84K) [image/png]
Saving to: `code/../crawls/etsy.com/Privacy-Policy/raw/site.etsystatic.com/assets/dist/images/help/help-illustrations.20130412145926.png'

     0K .......... .......... .......... .......... .......... 59% 7.54M 0s
    50K .......... .......... .......... ....                 100% 8.47M=0.01s

2013-04-17 05:25:51 (7.90 MB/s) - `code/../crawls/etsy.com/Privacy-Policy/raw/site.etsystatic.com/assets/dist/images/help/help-illustrations.20130412145926.png' saved [86493/86493]

FINISHED --2013-04-17 05:25:51--
Total wall clock time: 1.8s
Downloaded: 62 files, 1.3M in 0.1s (9.53 MB/s)
Converting code/../crawls/etsy.com/Privacy-Policy/raw/s.thebrighttag.com/iframe?c=790xr8J.html... nothing to do.
Converting code/../crawls/etsy.com/Privacy-Policy/raw/www.etsy.com/help/article/1262.html... 19-39
Converting code/../crawls/etsy.com/Privacy-Policy/raw/privacy-policy.truste.com/privacy-seal/Etsy,-Inc-/asc?rid=37b33941-e9a1-4eb2-be77-169e6d320cc4.html... nothing to do.
Converting code/../crawls/etsy.com/Privacy-Policy/raw/site.etsystatic.com/assets/dist/css/help/article.20130412145924.css... nothing to do.
Converting code/../crawls/etsy.com/Privacy-Policy/raw/site.etsystatic.com/assets/dist/css/base.20130412145927.css... 89-1
Converting code/../crawls/etsy.com/Privacy-Policy/raw/site.etsystatic.com/assets/dist/css/help/base.20130412145926.css... 11-2
Converted 6 files in 0.3 seconds.
