--2012-04-15 09:19:52--  http://www.usanetwork.com/privacy/
Resolving www.usanetwork.com... 206.160.170.24, 206.160.170.8
Connecting to www.usanetwork.com|206.160.170.24|:80... connected.
HTTP request sent, awaiting response... 200 OK
Length: unspecified [text/html]
Saving to: `code/../crawls/usanetwork.com/Privacy-Policy/raw/www.usanetwork.com/privacy/index.html'

     0K .......... .......... .......... ...                   5.01M=0.007s

2012-04-15 09:19:54 (5.01 MB/s) - `code/../crawls/usanetwork.com/Privacy-Policy/raw/www.usanetwork.com/privacy/index.html' saved [34584]

--2012-04-15 09:19:54--  http://www.usanetwork.com/_js/jquery-1.5.1.min.js
Reusing existing connection to www.usanetwork.com:80.
HTTP request sent, awaiting response... 200 OK
Length: 85260 (83K) [application/javascript]
Saving to: `code/../crawls/usanetwork.com/Privacy-Policy/raw/www.usanetwork.com/_js/jquery-1.5.1.min.js'

     0K .......... .......... .......... .......... .......... 60% 7.13M 0s
    50K .......... .......... .......... ...                  100% 9.96M=0.01s

2012-04-15 09:19:54 (8.04 MB/s) - `code/../crawls/usanetwork.com/Privacy-Policy/raw/www.usanetwork.com/_js/jquery-1.5.1.min.js' saved [85260/85260]

--2012-04-15 09:19:54--  http://www.usanetwork.com/_js/global.js
Reusing existing connection to www.usanetwork.com:80.
HTTP request sent, awaiting response... 200 OK
Length: 31809 (31K) [application/javascript]
Saving to: `code/../crawls/usanetwork.com/Privacy-Policy/raw/www.usanetwork.com/_js/global.js'

     0K .......... .......... .......... .                    100% 5.76M=0.005s

2012-04-15 09:19:54 (5.76 MB/s) - `code/../crawls/usanetwork.com/Privacy-Policy/raw/www.usanetwork.com/_js/global.js' saved [31809/31809]

--2012-04-15 09:19:54--  http://www.usanetwork.com/_css/global.css
Reusing existing connection to www.usanetwork.com:80.
HTTP request sent, awaiting response... 200 OK
Length: 42725 (42K) [text/css]
Saving to: `code/../crawls/usanetwork.com/Privacy-Policy/raw/www.usanetwork.com/_css/global.css'

     0K .......... .......... .......... .......... .         100% 3.71M=0.01s

2012-04-15 09:19:54 (3.71 MB/s) - `code/../crawls/usanetwork.com/Privacy-Policy/raw/www.usanetwork.com/_css/global.css' saved [42725/42725]

--2012-04-15 09:19:54--  http://www.usanetwork.com/_css/globalheader.css
Reusing existing connection to www.usanetwork.com:80.
HTTP request sent, awaiting response... 200 OK
Length: 9409 (9.2K) [text/css]
Saving to: `code/../crawls/usanetwork.com/Privacy-Policy/raw/www.usanetwork.com/_css/globalheader.css'

     0K .........                                             100% 16.4M=0.001s

2012-04-15 09:19:54 (16.4 MB/s) - `code/../crawls/usanetwork.com/Privacy-Policy/raw/www.usanetwork.com/_css/globalheader.css' saved [9409/9409]

--2012-04-15 09:19:54--  http://www.usanetwork.com/_css/tablet.css
Reusing existing connection to www.usanetwork.com:80.
HTTP request sent, awaiting response... 200 OK
Length: 7761 (7.6K) [text/css]
Saving to: `code/../crawls/usanetwork.com/Privacy-Policy/raw/www.usanetwork.com/_css/tablet.css'

     0K .......                                               100% 17.7M=0s

2012-04-15 09:19:54 (17.7 MB/s) - `code/../crawls/usanetwork.com/Privacy-Policy/raw/www.usanetwork.com/_css/tablet.css' saved [7761/7761]

--2012-04-15 09:19:54--  http://www.usanetwork.com/_css/home.css
Reusing existing connection to www.usanetwork.com:80.
HTTP request sent, awaiting response... 200 OK
Length: 11563 (11K) [text/css]
Saving to: `code/../crawls/usanetwork.com/Privacy-Policy/raw/www.usanetwork.com/_css/home.css'

     0K .......... .                                          100% 13.9M=0.001s

2012-04-15 09:19:54 (13.9 MB/s) - `code/../crawls/usanetwork.com/Privacy-Policy/raw/www.usanetwork.com/_css/home.css' saved [11563/11563]

--2012-04-15 09:19:54--  http://www.nbcudigitaladops.com/hosted/global_header.js
Resolving www.nbcudigitaladops.com... 184.25.156.170
Connecting to www.nbcudigitaladops.com|184.25.156.170|:80... connected.
HTTP request sent, awaiting response... 200 OK
Length: 2009 (2.0K) [application/javascript]
Saving to: `code/../crawls/usanetwork.com/Privacy-Policy/raw/www.nbcudigitaladops.com/hosted/global_header.js'

     0K .                                                     100%  265M=0s

2012-04-15 09:19:54 (265 MB/s) - `code/../crawls/usanetwork.com/Privacy-Policy/raw/www.nbcudigitaladops.com/hosted/global_header.js' saved [2009/2009]

--2012-04-15 09:19:54--  http://www.usanetwork.com/_js/iscroll.js
Connecting to www.usanetwork.com|206.160.170.24|:80... connected.
HTTP request sent, awaiting response... 200 OK
Length: 29470 (29K) [application/javascript]
Saving to: `code/../crawls/usanetwork.com/Privacy-Policy/raw/www.usanetwork.com/_js/iscroll.js'

     0K .......... .......... ........                        100% 4.90M=0.006s

2012-04-15 09:19:54 (4.90 MB/s) - `code/../crawls/usanetwork.com/Privacy-Policy/raw/www.usanetwork.com/_js/iscroll.js' saved [29470/29470]

--2012-04-15 09:19:54--  http://www.usanetwork.com/_js/modernizr.js
Reusing existing connection to www.usanetwork.com:80.
HTTP request sent, awaiting response... 200 OK
Length: 8112 (7.9K) [application/javascript]
Saving to: `code/../crawls/usanetwork.com/Privacy-Policy/raw/www.usanetwork.com/_js/modernizr.js'

     0K .......                                               100% 17.2M=0s

2012-04-15 09:19:54 (17.2 MB/s) - `code/../crawls/usanetwork.com/Privacy-Policy/raw/www.usanetwork.com/_js/modernizr.js' saved [8112/8112]

--2012-04-15 09:19:54--  http://www.usanetwork.com/_js/ad.js
Reusing existing connection to www.usanetwork.com:80.
HTTP request sent, awaiting response... 200 OK
Length: 7525 (7.3K) [application/javascript]
Saving to: `code/../crawls/usanetwork.com/Privacy-Policy/raw/www.usanetwork.com/_js/ad.js'

     0K .......                                               100% 16.3M=0s

2012-04-15 09:19:54 (16.3 MB/s) - `code/../crawls/usanetwork.com/Privacy-Policy/raw/www.usanetwork.com/_js/ad.js' saved [7525/7525]

--2012-04-15 09:19:54--  http://assets.bunchball.com/scripts/nitro/f1d55578ea2d45af96952ecb080b984f/nitro.js
Resolving assets.bunchball.com... 97.64.113.110
Connecting to assets.bunchball.com|97.64.113.110|:80... connected.
HTTP request sent, awaiting response... 200 OK
Length: 57341 (56K) [application/javascript]
Saving to: `code/../crawls/usanetwork.com/Privacy-Policy/raw/assets.bunchball.com/scripts/nitro/f1d55578ea2d45af96952ecb080b984f/nitro.js'

     0K .......... .......... .......... .......... .......... 89% 5.09M 0s
    50K .....                                                 100% 11.9M=0.01s

2012-04-15 09:19:54 (5.42 MB/s) - `code/../crawls/usanetwork.com/Privacy-Policy/raw/assets.bunchball.com/scripts/nitro/f1d55578ea2d45af96952ecb080b984f/nitro.js' saved [57341/57341]

--2012-04-15 09:19:54--  http://www.usanetwork.com/_js/feature.js
Connecting to www.usanetwork.com|206.160.170.24|:80... connected.
HTTP request sent, awaiting response... 200 OK
Length: 3705 (3.6K) [application/javascript]
Saving to: `code/../crawls/usanetwork.com/Privacy-Policy/raw/www.usanetwork.com/_js/feature.js'

     0K ...                                                   100% 63.2M=0s

2012-04-15 09:19:54 (63.2 MB/s) - `code/../crawls/usanetwork.com/Privacy-Policy/raw/www.usanetwork.com/_js/feature.js' saved [3705/3705]

--2012-04-15 09:19:54--  http://cdn.echoenabled.com/clientapps/v2/stream.js
Resolving cdn.echoenabled.com... 208.111.148.7, 208.111.148.6
Connecting to cdn.echoenabled.com|208.111.148.7|:80... connected.
HTTP request sent, awaiting response... 200 OK
Length: 129434 (126K) [application/javascript]
Saving to: `code/../crawls/usanetwork.com/Privacy-Policy/raw/cdn.echoenabled.com/clientapps/v2/stream.js'

     0K .......... .......... .......... .......... .......... 39% 5.86M 0s
    50K .......... .......... .......... .......... .......... 79% 11.1M 0s
   100K .......... .......... ......                          100% 7.15M=0.02s

2012-04-15 09:19:54 (7.55 MB/s) - `code/../crawls/usanetwork.com/Privacy-Policy/raw/cdn.echoenabled.com/clientapps/v2/stream.js' saved [129434/129434]

--2012-04-15 09:19:54--  http://cdn.echoenabled.com/clientapps/v2/submit.js
Reusing existing connection to cdn.echoenabled.com:80.
HTTP request sent, awaiting response... 200 OK
Length: 69894 (68K) [application/javascript]
Saving to: `code/../crawls/usanetwork.com/Privacy-Policy/raw/cdn.echoenabled.com/clientapps/v2/submit.js'

     0K .......... .......... .......... .......... .......... 73% 11.3M 0s
    50K .......... ........                                   100% 12.4M=0.006s

2012-04-15 09:19:54 (11.6 MB/s) - `code/../crawls/usanetwork.com/Privacy-Policy/raw/cdn.echoenabled.com/clientapps/v2/submit.js' saved [69894/69894]

--2012-04-15 09:19:54--  http://cdn.echoenabled.com/clientapps/v2/counter.js
Reusing existing connection to cdn.echoenabled.com:80.
HTTP request sent, awaiting response... 200 OK
Length: 44386 (43K) [application/javascript]
Saving to: `code/../crawls/usanetwork.com/Privacy-Policy/raw/cdn.echoenabled.com/clientapps/v2/counter.js'

     0K .......... .......... .......... .......... ...       100% 6.72M=0.006s

2012-04-15 09:19:54 (6.72 MB/s) - `code/../crawls/usanetwork.com/Privacy-Policy/raw/cdn.echoenabled.com/clientapps/v2/counter.js' saved [44386/44386]

--2012-04-15 09:19:54--  http://cdn.echoenabled.com/clientapps/v2/backplane.js
Reusing existing connection to cdn.echoenabled.com:80.
HTTP request sent, awaiting response... 200 OK
Length: 8817 (8.6K) [application/javascript]
Saving to: `code/../crawls/usanetwork.com/Privacy-Policy/raw/cdn.echoenabled.com/clientapps/v2/backplane.js'

     0K ........                                              100% 15.1M=0.001s

2012-04-15 09:19:54 (15.1 MB/s) - `code/../crawls/usanetwork.com/Privacy-Policy/raw/cdn.echoenabled.com/clientapps/v2/backplane.js' saved [8817/8817]

--2012-04-15 09:19:54--  http://cdn.echoenabled.com/clientapps/v2/auth.js
Reusing existing connection to cdn.echoenabled.com:80.
HTTP request sent, awaiting response... 200 OK
Length: 53581 (52K) [application/javascript]
Saving to: `code/../crawls/usanetwork.com/Privacy-Policy/raw/cdn.echoenabled.com/clientapps/v2/auth.js'

     0K .......... .......... .......... .......... .......... 95% 11.3M 0s
    50K ..                                                    100% 4435G=0.004s

2012-04-15 09:19:54 (11.8 MB/s) - `code/../crawls/usanetwork.com/Privacy-Policy/raw/cdn.echoenabled.com/clientapps/v2/auth.js' saved [53581/53581]

--2012-04-15 09:19:54--  http://cdn.echoenabled.com/clientapps/v2/plugins/form-auth.js
Reusing existing connection to cdn.echoenabled.com:80.
HTTP request sent, awaiting response... 200 OK
Length: 4500 (4.4K) [application/javascript]
Saving to: `code/../crawls/usanetwork.com/Privacy-Policy/raw/cdn.echoenabled.com/clientapps/v2/plugins/form-auth.js'

     0K ....                                                  100% 31.1M=0s

2012-04-15 09:19:54 (31.1 MB/s) - `code/../crawls/usanetwork.com/Privacy-Policy/raw/cdn.echoenabled.com/clientapps/v2/plugins/form-auth.js' saved [4500/4500]

--2012-04-15 09:19:54--  http://cdn.echoenabled.com/clientapps/v2/plugins/community-flag.js
Reusing existing connection to cdn.echoenabled.com:80.
HTTP request sent, awaiting response... 200 OK
Length: 3959 (3.9K) [application/javascript]
Saving to: `code/../crawls/usanetwork.com/Privacy-Policy/raw/cdn.echoenabled.com/clientapps/v2/plugins/community-flag.js'

     0K ...                                                   100% 20.2M=0s

2012-04-15 09:19:54 (20.2 MB/s) - `code/../crawls/usanetwork.com/Privacy-Policy/raw/cdn.echoenabled.com/clientapps/v2/plugins/community-flag.js' saved [3959/3959]

--2012-04-15 09:19:54--  http://cdn.echoenabled.com/clientapps/v2/plugins/like.js
Reusing existing connection to cdn.echoenabled.com:80.
HTTP request sent, awaiting response... 200 OK
Length: 6637 (6.5K) [application/javascript]
Saving to: `code/../crawls/usanetwork.com/Privacy-Policy/raw/cdn.echoenabled.com/clientapps/v2/plugins/like.js'

     0K ......                                                100% 18.6M=0s

2012-04-15 09:19:54 (18.6 MB/s) - `code/../crawls/usanetwork.com/Privacy-Policy/raw/cdn.echoenabled.com/clientapps/v2/plugins/like.js' saved [6637/6637]

--2012-04-15 09:19:54--  http://cdn.echoenabled.com/clientapps/v2/plugins/reply.js
Reusing existing connection to cdn.echoenabled.com:80.
HTTP request sent, awaiting response... 200 OK
Length: 6627 (6.5K) [application/javascript]
Saving to: `code/../crawls/usanetwork.com/Privacy-Policy/raw/cdn.echoenabled.com/clientapps/v2/plugins/reply.js'

     0K ......                                                100% 18.2M=0s

2012-04-15 09:19:54 (18.2 MB/s) - `code/../crawls/usanetwork.com/Privacy-Policy/raw/cdn.echoenabled.com/clientapps/v2/plugins/reply.js' saved [6627/6627]

--2012-04-15 09:19:54--  http://cdn.echoenabled.com/clientapps/v2/jquery-plugins.js
Reusing existing connection to cdn.echoenabled.com:80.
HTTP request sent, awaiting response... 200 OK
Length: 108303 (106K) [application/javascript]
Saving to: `code/../crawls/usanetwork.com/Privacy-Policy/raw/cdn.echoenabled.com/clientapps/v2/jquery-plugins.js'

     0K .......... .......... .......... .......... .......... 47% 11.5M 0s
    50K .......... .......... .......... .......... .......... 94% 11.4M 0s
   100K .....                                                 100% 13.4M=0.009s

2012-04-15 09:19:54 (11.5 MB/s) - `code/../crawls/usanetwork.com/Privacy-Policy/raw/cdn.echoenabled.com/clientapps/v2/jquery-plugins.js' saved [108303/108303]

--2012-04-15 09:19:54--  http://www.usanetwork.com/_js/home.js
Connecting to www.usanetwork.com|206.160.170.24|:80... connected.
HTTP request sent, awaiting response... 200 OK
Length: 9986 (9.8K) [application/javascript]
Saving to: `code/../crawls/usanetwork.com/Privacy-Policy/raw/www.usanetwork.com/_js/home.js'

     0K .........                                             100% 4.18M=0.002s

2012-04-15 09:19:54 (4.18 MB/s) - `code/../crawls/usanetwork.com/Privacy-Policy/raw/www.usanetwork.com/_js/home.js' saved [9986/9986]

--2012-04-15 09:19:54--  http://www.usanetwork.com/_js/globalnav.js
Reusing existing connection to www.usanetwork.com:80.
HTTP request sent, awaiting response... 200 OK
Length: 22250 (22K) [application/javascript]
Saving to: `code/../crawls/usanetwork.com/Privacy-Policy/raw/www.usanetwork.com/_js/globalnav.js'

     0K .......... .......... .                               100% 3.41M=0.006s

2012-04-15 09:19:54 (3.41 MB/s) - `code/../crawls/usanetwork.com/Privacy-Policy/raw/www.usanetwork.com/_js/globalnav.js' saved [22250/22250]

--2012-04-15 09:19:54--  http://www.usanetwork.com/_js/autocomplete.js
Reusing existing connection to www.usanetwork.com:80.
HTTP request sent, awaiting response... 200 OK
Length: 3457 (3.4K) [application/javascript]
Saving to: `code/../crawls/usanetwork.com/Privacy-Policy/raw/www.usanetwork.com/_js/autocomplete.js'

     0K ...                                                   100% 14.8M=0s

2012-04-15 09:19:54 (14.8 MB/s) - `code/../crawls/usanetwork.com/Privacy-Policy/raw/www.usanetwork.com/_js/autocomplete.js' saved [3457/3457]

--2012-04-15 09:19:54--  http://www.usanetwork.com/_js/jquery-ui-1.8.13.custom.min.js
Reusing existing connection to www.usanetwork.com:80.
HTTP request sent, awaiting response... 200 OK
Length: 40719 (40K) [application/javascript]
Saving to: `code/../crawls/usanetwork.com/Privacy-Policy/raw/www.usanetwork.com/_js/jquery-ui-1.8.13.custom.min.js'

     0K .......... .......... .......... .........            100% 7.96M=0.005s

2012-04-15 09:19:54 (7.96 MB/s) - `code/../crawls/usanetwork.com/Privacy-Policy/raw/www.usanetwork.com/_js/jquery-ui-1.8.13.custom.min.js' saved [40719/40719]

--2012-04-15 09:19:54--  http://www.usanetwork.com/_js/date.js
Reusing existing connection to www.usanetwork.com:80.
HTTP request sent, awaiting response... 200 OK
Length: 25842 (25K) [application/javascript]
Saving to: `code/../crawls/usanetwork.com/Privacy-Policy/raw/www.usanetwork.com/_js/date.js'

     0K .......... .......... .....                           100% 10.1M=0.002s

2012-04-15 09:19:54 (10.1 MB/s) - `code/../crawls/usanetwork.com/Privacy-Policy/raw/www.usanetwork.com/_js/date.js' saved [25842/25842]

--2012-04-15 09:19:54--  http://www.usanetwork.com/_js/jquery.ischedule.jsonp.js
Reusing existing connection to www.usanetwork.com:80.
HTTP request sent, awaiting response... 200 OK
Length: 13265 (13K) [application/javascript]
Saving to: `code/../crawls/usanetwork.com/Privacy-Policy/raw/www.usanetwork.com/_js/jquery.ischedule.jsonp.js'

     0K .......... ..                                         100% 13.6M=0.001s

2012-04-15 09:19:54 (13.6 MB/s) - `code/../crawls/usanetwork.com/Privacy-Policy/raw/www.usanetwork.com/_js/jquery.ischedule.jsonp.js' saved [13265/13265]

--2012-04-15 09:19:54--  http://www.usanetwork.com/_img/schedule/schedule-loading.gif
Reusing existing connection to www.usanetwork.com:80.
HTTP request sent, awaiting response... 200 OK
Length: 3992 (3.9K) [image/gif]
Saving to: `code/../crawls/usanetwork.com/Privacy-Policy/raw/www.usanetwork.com/_img/schedule/schedule-loading.gif'

     0K ...                                                   100% 48.6M=0s

2012-04-15 09:19:54 (48.6 MB/s) - `code/../crawls/usanetwork.com/Privacy-Policy/raw/www.usanetwork.com/_img/schedule/schedule-loading.gif' saved [3992/3992]

--2012-04-15 09:19:54--  http://www.usanetwork.com/_css/schedule/schedule.css
Reusing existing connection to www.usanetwork.com:80.
HTTP request sent, awaiting response... 200 OK
Length: 4854 (4.7K) [text/css]
Saving to: `code/../crawls/usanetwork.com/Privacy-Policy/raw/www.usanetwork.com/_css/schedule/schedule.css'

     0K ....                                                  100% 31.0M=0s

2012-04-15 09:19:54 (31.0 MB/s) - `code/../crawls/usanetwork.com/Privacy-Policy/raw/www.usanetwork.com/_css/schedule/schedule.css' saved [4854/4854]

--2012-04-15 09:19:54--  http://www.usanetwork.com/_css/schedule/custom-theme/jquery-ui-1.8.13.custom.css
Reusing existing connection to www.usanetwork.com:80.
HTTP request sent, awaiting response... 200 OK
Length: 35181 (34K) [text/css]
Saving to: `code/../crawls/usanetwork.com/Privacy-Policy/raw/www.usanetwork.com/_css/schedule/custom-theme/jquery-ui-1.8.13.custom.css'

     0K .......... .......... .......... ....                 100% 5.72M=0.006s

2012-04-15 09:19:54 (5.72 MB/s) - `code/../crawls/usanetwork.com/Privacy-Policy/raw/www.usanetwork.com/_css/schedule/custom-theme/jquery-ui-1.8.13.custom.css' saved [35181/35181]

--2012-04-15 09:19:54--  http://www.usanetwork.com/images/NBCUNI.png
Reusing existing connection to www.usanetwork.com:80.
HTTP request sent, awaiting response... 200 OK
Length: 2115 (2.1K) [image/png]
Saving to: `code/../crawls/usanetwork.com/Privacy-Policy/raw/www.usanetwork.com/images/NBCUNI.png'

     0K ..                                                    100%  130M=0s

2012-04-15 09:19:54 (130 MB/s) - `code/../crawls/usanetwork.com/Privacy-Policy/raw/www.usanetwork.com/images/NBCUNI.png' saved [2115/2115]

--2012-04-15 09:19:54--  http://www.usanetwork.com/s_code.js
Reusing existing connection to www.usanetwork.com:80.
HTTP request sent, awaiting response... 200 OK
Length: 37533 (37K) [application/javascript]
Saving to: `code/../crawls/usanetwork.com/Privacy-Policy/raw/www.usanetwork.com/s_code.js'

     0K .......... .......... .......... ......               100% 11.9M=0.003s

2012-04-15 09:19:54 (11.9 MB/s) - `code/../crawls/usanetwork.com/Privacy-Policy/raw/www.usanetwork.com/s_code.js' saved [37533/37533]

--2012-04-15 09:19:54--  http://www.usanetwork.com/_js/rails.js
Reusing existing connection to www.usanetwork.com:80.
HTTP request sent, awaiting response... 200 OK
Length: 2345 (2.3K) [application/javascript]
Saving to: `code/../crawls/usanetwork.com/Privacy-Policy/raw/www.usanetwork.com/_js/rails.js'

     0K ..                                                    100% 49.0M=0s

2012-04-15 09:19:54 (49.0 MB/s) - `code/../crawls/usanetwork.com/Privacy-Policy/raw/www.usanetwork.com/_js/rails.js' saved [2345/2345]

--2012-04-15 09:19:54--  http://www.usanetwork.com/_img/web_bg_1280x1.jpg
Reusing existing connection to www.usanetwork.com:80.
HTTP request sent, awaiting response... 200 OK
Length: 669 [image/jpeg]
Saving to: `code/../crawls/usanetwork.com/Privacy-Policy/raw/www.usanetwork.com/_img/web_bg_1280x1.jpg'

     0K                                                       100%  119M=0s

2012-04-15 09:19:54 (119 MB/s) - `code/../crawls/usanetwork.com/Privacy-Policy/raw/www.usanetwork.com/_img/web_bg_1280x1.jpg' saved [669/669]

--2012-04-15 09:19:54--  http://www.usanetwork.com/series/toughenough/img/USAlogo.png
Reusing existing connection to www.usanetwork.com:80.
HTTP request sent, awaiting response... 200 OK
Length: 2353 (2.3K) [image/png]
Saving to: `code/../crawls/usanetwork.com/Privacy-Policy/raw/www.usanetwork.com/series/toughenough/img/USAlogo.png'

     0K ..                                                    100%  210M=0s

2012-04-15 09:19:55 (210 MB/s) - `code/../crawls/usanetwork.com/Privacy-Policy/raw/www.usanetwork.com/series/toughenough/img/USAlogo.png' saved [2353/2353]

--2012-04-15 09:19:55--  http://www.usanetwork.com/series/toughenough/img/TElogo.png
Reusing existing connection to www.usanetwork.com:80.
HTTP request sent, awaiting response... 200 OK
Length: 10419 (10K) [image/png]
Saving to: `code/../crawls/usanetwork.com/Privacy-Policy/raw/www.usanetwork.com/series/toughenough/img/TElogo.png'

     0K ..........                                            100% 7.61M=0.001s

2012-04-15 09:19:55 (7.61 MB/s) - `code/../crawls/usanetwork.com/Privacy-Policy/raw/www.usanetwork.com/series/toughenough/img/TElogo.png' saved [10419/10419]

--2012-04-15 09:19:55--  http://www.usanetwork.com/series/toughenough/img/tune-in.png
Reusing existing connection to www.usanetwork.com:80.
HTTP request sent, awaiting response... 200 OK
Length: 153 [image/png]
Saving to: `code/../crawls/usanetwork.com/Privacy-Policy/raw/www.usanetwork.com/series/toughenough/img/tune-in.png'

     0K                                                       100% 27.7M=0s

2012-04-15 09:19:55 (27.7 MB/s) - `code/../crawls/usanetwork.com/Privacy-Policy/raw/www.usanetwork.com/series/toughenough/img/tune-in.png' saved [153/153]

--2012-04-15 09:19:55--  http://www.usanetwork.com/_img/globalheader/menuDownArrow.png
Reusing existing connection to www.usanetwork.com:80.
HTTP request sent, awaiting response... 200 OK
Length: 183 [image/png]
Saving to: `code/../crawls/usanetwork.com/Privacy-Policy/raw/www.usanetwork.com/_img/globalheader/menuDownArrow.png'

     0K                                                       100% 31.2M=0s

2012-04-15 09:19:55 (31.2 MB/s) - `code/../crawls/usanetwork.com/Privacy-Policy/raw/www.usanetwork.com/_img/globalheader/menuDownArrow.png' saved [183/183]

--2012-04-15 09:19:55--  http://www.usanetwork.com/_img/globalheader/menuDownArrowOn.png
Reusing existing connection to www.usanetwork.com:80.
HTTP request sent, awaiting response... 200 OK
Length: 166 [image/png]
Saving to: `code/../crawls/usanetwork.com/Privacy-Policy/raw/www.usanetwork.com/_img/globalheader/menuDownArrowOn.png'

     0K                                                       100% 30.2M=0s

2012-04-15 09:19:55 (30.2 MB/s) - `code/../crawls/usanetwork.com/Privacy-Policy/raw/www.usanetwork.com/_img/globalheader/menuDownArrowOn.png' saved [166/166]

--2012-04-15 09:19:55--  http://www.usanetwork.com/series/toughenough/img/pagination.png
Reusing existing connection to www.usanetwork.com:80.
HTTP request sent, awaiting response... 200 OK
Length: 731 [image/png]
Saving to: `code/../crawls/usanetwork.com/Privacy-Policy/raw/www.usanetwork.com/series/toughenough/img/pagination.png'

     0K                                                       100%  124M=0s

2012-04-15 09:19:55 (124 MB/s) - `code/../crawls/usanetwork.com/Privacy-Policy/raw/www.usanetwork.com/series/toughenough/img/pagination.png' saved [731/731]

--2012-04-15 09:19:55--  http://www.usanetwork.com/series/toughenough/img/secondary_top_grad.png
Reusing existing connection to www.usanetwork.com:80.
HTTP request sent, awaiting response... 200 OK
Length: 133 [image/png]
Saving to: `code/../crawls/usanetwork.com/Privacy-Policy/raw/www.usanetwork.com/series/toughenough/img/secondary_top_grad.png'

     0K                                                       100% 24.4M=0s

2012-04-15 09:19:55 (24.4 MB/s) - `code/../crawls/usanetwork.com/Privacy-Policy/raw/www.usanetwork.com/series/toughenough/img/secondary_top_grad.png' saved [133/133]

--2012-04-15 09:19:55--  http://www.usanetwork.com/series/toughenough/img/contestants.png
Reusing existing connection to www.usanetwork.com:80.
HTTP request sent, awaiting response... 200 OK
Length: 94216 (92K) [image/png]
Saving to: `code/../crawls/usanetwork.com/Privacy-Policy/raw/www.usanetwork.com/series/toughenough/img/contestants.png'

     0K .......... .......... .......... .......... .......... 54% 7.44M 0s
    50K .......... .......... .......... .......... ..        100% 6.36M=0.01s

2012-04-15 09:19:55 (6.90 MB/s) - `code/../crawls/usanetwork.com/Privacy-Policy/raw/www.usanetwork.com/series/toughenough/img/contestants.png' saved [94216/94216]

--2012-04-15 09:19:55--  http://www.usanetwork.com/series/toughenough/img/chatterbar_open_web.png
Reusing existing connection to www.usanetwork.com:80.
HTTP request sent, awaiting response... 200 OK
Length: 11528 (11K) [image/png]
Saving to: `code/../crawls/usanetwork.com/Privacy-Policy/raw/www.usanetwork.com/series/toughenough/img/chatterbar_open_web.png'

     0K .......... .                                          100% 13.7M=0.001s

2012-04-15 09:19:55 (13.7 MB/s) - `code/../crawls/usanetwork.com/Privacy-Policy/raw/www.usanetwork.com/series/toughenough/img/chatterbar_open_web.png' saved [11528/11528]

--2012-04-15 09:19:55--  http://www.usanetwork.com/series/toughenough/img/chatterbar_exp_web.png
Reusing existing connection to www.usanetwork.com:80.
HTTP request sent, awaiting response... 200 OK
Length: 11527 (11K) [image/png]
Saving to: `code/../crawls/usanetwork.com/Privacy-Policy/raw/www.usanetwork.com/series/toughenough/img/chatterbar_exp_web.png'

     0K .......... .                                          100% 8.36M=0.001s

2012-04-15 09:19:55 (8.36 MB/s) - `code/../crawls/usanetwork.com/Privacy-Policy/raw/www.usanetwork.com/series/toughenough/img/chatterbar_exp_web.png' saved [11527/11527]

--2012-04-15 09:19:55--  http://www.usanetwork.com/series/toughenough/img/chatterbar_close_web.png
Reusing existing connection to www.usanetwork.com:80.
HTTP request sent, awaiting response... 200 OK
Length: 11080 (11K) [image/png]
Saving to: `code/../crawls/usanetwork.com/Privacy-Policy/raw/www.usanetwork.com/series/toughenough/img/chatterbar_close_web.png'

     0K ..........                                            100% 15.5M=0.001s

2012-04-15 09:19:55 (15.5 MB/s) - `code/../crawls/usanetwork.com/Privacy-Policy/raw/www.usanetwork.com/series/toughenough/img/chatterbar_close_web.png' saved [11080/11080]

--2012-04-15 09:19:55--  http://www.usanetwork.com/series/toughenough/img/chatterbar_open_bot_bg.png
Reusing existing connection to www.usanetwork.com:80.
HTTP request sent, awaiting response... 200 OK
Length: 126 [image/png]
Saving to: `code/../crawls/usanetwork.com/Privacy-Policy/raw/www.usanetwork.com/series/toughenough/img/chatterbar_open_bot_bg.png'

     0K                                                       100% 22.3M=0s

2012-04-15 09:19:55 (22.3 MB/s) - `code/../crawls/usanetwork.com/Privacy-Policy/raw/www.usanetwork.com/series/toughenough/img/chatterbar_open_bot_bg.png' saved [126/126]

--2012-04-15 09:19:55--  http://www.usanetwork.com/series/toughenough/img/gallery_top_grad.png
Reusing existing connection to www.usanetwork.com:80.
HTTP request sent, awaiting response... 200 OK
Length: 19837 (19K) [image/png]
Saving to: `code/../crawls/usanetwork.com/Privacy-Policy/raw/www.usanetwork.com/series/toughenough/img/gallery_top_grad.png'

     0K .......... .........                                  100% 8.53M=0.002s

2012-04-15 09:19:55 (8.53 MB/s) - `code/../crawls/usanetwork.com/Privacy-Policy/raw/www.usanetwork.com/series/toughenough/img/gallery_top_grad.png' saved [19837/19837]

--2012-04-15 09:19:55--  http://www.usanetwork.com/series/toughenough/img/gallery_bot_grad.png
Reusing existing connection to www.usanetwork.com:80.
HTTP request sent, awaiting response... 200 OK
Length: 19815 (19K) [image/png]
Saving to: `code/../crawls/usanetwork.com/Privacy-Policy/raw/www.usanetwork.com/series/toughenough/img/gallery_bot_grad.png'

     0K .......... .........                                  100% 5.90M=0.003s

2012-04-15 09:19:55 (5.90 MB/s) - `code/../crawls/usanetwork.com/Privacy-Policy/raw/www.usanetwork.com/series/toughenough/img/gallery_bot_grad.png' saved [19815/19815]

--2012-04-15 09:19:55--  http://www.usanetwork.com/series/toughenough/img/chatterbar_open_arrow_l2.png
Reusing existing connection to www.usanetwork.com:80.
HTTP request sent, awaiting response... 200 OK
Length: 257 [image/png]
Saving to: `code/../crawls/usanetwork.com/Privacy-Policy/raw/www.usanetwork.com/series/toughenough/img/chatterbar_open_arrow_l2.png'

     0K                                                       100% 47.3M=0s

2012-04-15 09:19:56 (47.3 MB/s) - `code/../crawls/usanetwork.com/Privacy-Policy/raw/www.usanetwork.com/series/toughenough/img/chatterbar_open_arrow_l2.png' saved [257/257]

--2012-04-15 09:19:56--  http://www.usanetwork.com/series/toughenough/img/chatterbar_open_arrow_r2.png
Reusing existing connection to www.usanetwork.com:80.
HTTP request sent, awaiting response... 200 OK
Length: 264 [image/png]
Saving to: `code/../crawls/usanetwork.com/Privacy-Policy/raw/www.usanetwork.com/series/toughenough/img/chatterbar_open_arrow_r2.png'

     0K                                                       100% 46.6M=0s

2012-04-15 09:19:56 (46.6 MB/s) - `code/../crawls/usanetwork.com/Privacy-Policy/raw/www.usanetwork.com/series/toughenough/img/chatterbar_open_arrow_r2.png' saved [264/264]

--2012-04-15 09:19:56--  http://www.usanetwork.com/series/toughenough/img/andrew_52.png
Reusing existing connection to www.usanetwork.com:80.
HTTP request sent, awaiting response... 200 OK
Length: 5079 (5.0K) [image/png]
Saving to: `code/../crawls/usanetwork.com/Privacy-Policy/raw/www.usanetwork.com/series/toughenough/img/andrew_52.png'

     0K ....                                                  100% 17.8M=0s

2012-04-15 09:19:56 (17.8 MB/s) - `code/../crawls/usanetwork.com/Privacy-Policy/raw/www.usanetwork.com/series/toughenough/img/andrew_52.png' saved [5079/5079]

--2012-04-15 09:19:56--  http://www.usanetwork.com/series/toughenough/img/capiccioni_52.png
Reusing existing connection to www.usanetwork.com:80.
HTTP request sent, awaiting response... 200 OK
Length: 4455 (4.4K) [image/png]
Saving to: `code/../crawls/usanetwork.com/Privacy-Policy/raw/www.usanetwork.com/series/toughenough/img/capiccioni_52.png'

     0K ....                                                  100% 14.6M=0s

2012-04-15 09:19:56 (14.6 MB/s) - `code/../crawls/usanetwork.com/Privacy-Policy/raw/www.usanetwork.com/series/toughenough/img/capiccioni_52.png' saved [4455/4455]

--2012-04-15 09:19:56--  http://www.usanetwork.com/series/toughenough/img/casaus_52.png
Reusing existing connection to www.usanetwork.com:80.
HTTP request sent, awaiting response... 200 OK
Length: 4557 (4.5K) [image/png]
Saving to: `code/../crawls/usanetwork.com/Privacy-Policy/raw/www.usanetwork.com/series/toughenough/img/casaus_52.png'

     0K ....                                                  100% 27.9M=0s

2012-04-15 09:19:56 (27.9 MB/s) - `code/../crawls/usanetwork.com/Privacy-Policy/raw/www.usanetwork.com/series/toughenough/img/casaus_52.png' saved [4557/4557]

--2012-04-15 09:19:56--  http://www.usanetwork.com/series/toughenough/img/crawford_52.png
Reusing existing connection to www.usanetwork.com:80.
HTTP request sent, awaiting response... 200 OK
Length: 5537 (5.4K) [image/png]
Saving to: `code/../crawls/usanetwork.com/Privacy-Policy/raw/www.usanetwork.com/series/toughenough/img/crawford_52.png'

     0K .....                                                 100% 21.3M=0s

2012-04-15 09:19:56 (21.3 MB/s) - `code/../crawls/usanetwork.com/Privacy-Policy/raw/www.usanetwork.com/series/toughenough/img/crawford_52.png' saved [5537/5537]

--2012-04-15 09:19:56--  http://www.usanetwork.com/series/toughenough/img/deighton_52.png
Reusing existing connection to www.usanetwork.com:80.
HTTP request sent, awaiting response... 200 OK
Length: 5389 (5.3K) [image/png]
Saving to: `code/../crawls/usanetwork.com/Privacy-Policy/raw/www.usanetwork.com/series/toughenough/img/deighton_52.png'

     0K .....                                                 100% 24.8M=0s

2012-04-15 09:19:56 (24.8 MB/s) - `code/../crawls/usanetwork.com/Privacy-Policy/raw/www.usanetwork.com/series/toughenough/img/deighton_52.png' saved [5389/5389]

--2012-04-15 09:19:56--  http://www.usanetwork.com/series/toughenough/img/fakih_52.png
Reusing existing connection to www.usanetwork.com:80.
HTTP request sent, awaiting response... 200 OK
Length: 5174 (5.1K) [image/png]
Saving to: `code/../crawls/usanetwork.com/Privacy-Policy/raw/www.usanetwork.com/series/toughenough/img/fakih_52.png'

     0K .....                                                 100% 19.7M=0s

2012-04-15 09:19:56 (19.7 MB/s) - `code/../crawls/usanetwork.com/Privacy-Policy/raw/www.usanetwork.com/series/toughenough/img/fakih_52.png' saved [5174/5174]

--2012-04-15 09:19:56--  http://www.usanetwork.com/series/toughenough/img/howe_52.png
Reusing existing connection to www.usanetwork.com:80.
HTTP request sent, awaiting response... 200 OK
Length: 4945 (4.8K) [image/png]
Saving to: `code/../crawls/usanetwork.com/Privacy-Policy/raw/www.usanetwork.com/series/toughenough/img/howe_52.png'

     0K ....                                                  100% 18.5M=0s

2012-04-15 09:19:56 (18.5 MB/s) - `code/../crawls/usanetwork.com/Privacy-Policy/raw/www.usanetwork.com/series/toughenough/img/howe_52.png' saved [4945/4945]

--2012-04-15 09:19:56--  http://www.usanetwork.com/series/toughenough/img/kirsch_52.png
Reusing existing connection to www.usanetwork.com:80.
HTTP request sent, awaiting response... 200 OK
Length: 4674 (4.6K) [image/png]
Saving to: `code/../crawls/usanetwork.com/Privacy-Policy/raw/www.usanetwork.com/series/toughenough/img/kirsch_52.png'

     0K ....                                                  100% 25.4M=0s

2012-04-15 09:19:56 (25.4 MB/s) - `code/../crawls/usanetwork.com/Privacy-Policy/raw/www.usanetwork.com/series/toughenough/img/kirsch_52.png' saved [4674/4674]

--2012-04-15 09:19:56--  http://www.usanetwork.com/series/toughenough/img/leavine_52.png
Reusing existing connection to www.usanetwork.com:80.
HTTP request sent, awaiting response... 200 OK
Length: 5395 (5.3K) [image/png]
Saving to: `code/../crawls/usanetwork.com/Privacy-Policy/raw/www.usanetwork.com/series/toughenough/img/leavine_52.png'

     0K .....                                                 100% 15.3M=0s

2012-04-15 09:19:56 (15.3 MB/s) - `code/../crawls/usanetwork.com/Privacy-Policy/raw/www.usanetwork.com/series/toughenough/img/leavine_52.png' saved [5395/5395]

--2012-04-15 09:19:56--  http://www.usanetwork.com/series/toughenough/img/riggs_52.png
Reusing existing connection to www.usanetwork.com:80.
HTTP request sent, awaiting response... 200 OK
Length: 4908 (4.8K) [image/png]
Saving to: `code/../crawls/usanetwork.com/Privacy-Policy/raw/www.usanetwork.com/series/toughenough/img/riggs_52.png'

     0K ....                                                  100% 27.1M=0s

2012-04-15 09:19:56 (27.1 MB/s) - `code/../crawls/usanetwork.com/Privacy-Policy/raw/www.usanetwork.com/series/toughenough/img/riggs_52.png' saved [4908/4908]

--2012-04-15 09:19:56--  http://www.usanetwork.com/series/toughenough/img/robinson_52.png
Reusing existing connection to www.usanetwork.com:80.
HTTP request sent, awaiting response... 200 OK
Length: 4412 (4.3K) [image/png]
Saving to: `code/../crawls/usanetwork.com/Privacy-Policy/raw/www.usanetwork.com/series/toughenough/img/robinson_52.png'

     0K ....                                                  100% 25.0M=0s

2012-04-15 09:19:56 (25.0 MB/s) - `code/../crawls/usanetwork.com/Privacy-Policy/raw/www.usanetwork.com/series/toughenough/img/robinson_52.png' saved [4412/4412]

--2012-04-15 09:19:56--  http://www.usanetwork.com/series/toughenough/img/valez_52.png
Reusing existing connection to www.usanetwork.com:80.
HTTP request sent, awaiting response... 200 OK
Length: 5283 (5.2K) [image/png]
Saving to: `code/../crawls/usanetwork.com/Privacy-Policy/raw/www.usanetwork.com/series/toughenough/img/valez_52.png'

     0K .....                                                 100% 18.0M=0s

2012-04-15 09:19:57 (18.0 MB/s) - `code/../crawls/usanetwork.com/Privacy-Policy/raw/www.usanetwork.com/series/toughenough/img/valez_52.png' saved [5283/5283]

--2012-04-15 09:19:57--  http://www.usanetwork.com/series/toughenough/img/watts_52.png
Reusing existing connection to www.usanetwork.com:80.
HTTP request sent, awaiting response... 200 OK
Length: 5253 (5.1K) [image/png]
Saving to: `code/../crawls/usanetwork.com/Privacy-Policy/raw/www.usanetwork.com/series/toughenough/img/watts_52.png'

     0K .....                                                 100% 16.8M=0s

2012-04-15 09:19:57 (16.8 MB/s) - `code/../crawls/usanetwork.com/Privacy-Policy/raw/www.usanetwork.com/series/toughenough/img/watts_52.png' saved [5253/5253]

--2012-04-15 09:19:57--  http://www.usanetwork.com/series/toughenough/img/zacki_52.png
Reusing existing connection to www.usanetwork.com:80.
HTTP request sent, awaiting response... 200 OK
Length: 4686 (4.6K) [image/png]
Saving to: `code/../crawls/usanetwork.com/Privacy-Policy/raw/www.usanetwork.com/series/toughenough/img/zacki_52.png'

     0K ....                                                  100% 26.4M=0s

2012-04-15 09:19:57 (26.4 MB/s) - `code/../crawls/usanetwork.com/Privacy-Policy/raw/www.usanetwork.com/series/toughenough/img/zacki_52.png' saved [4686/4686]

--2012-04-15 09:19:57--  http://www.usanetwork.com/series/toughenough/img/features_bg.png
Reusing existing connection to www.usanetwork.com:80.
HTTP request sent, awaiting response... 200 OK
Length: 862 [image/png]
Saving to: `code/../crawls/usanetwork.com/Privacy-Policy/raw/www.usanetwork.com/series/toughenough/img/features_bg.png'

     0K                                                       100%  145M=0s

2012-04-15 09:19:57 (145 MB/s) - `code/../crawls/usanetwork.com/Privacy-Policy/raw/www.usanetwork.com/series/toughenough/img/features_bg.png' saved [862/862]

--2012-04-15 09:19:57--  http://www.usanetwork.com/series/toughenough/games/wwetrivia/trivia_hp.png
Reusing existing connection to www.usanetwork.com:80.
HTTP request sent, awaiting response... 200 OK
Length: 156788 (153K) [image/png]
Saving to: `code/../crawls/usanetwork.com/Privacy-Policy/raw/www.usanetwork.com/series/toughenough/games/wwetrivia/trivia_hp.png'

     0K .......... .......... .......... .......... .......... 32% 9.50M 0s
    50K .......... .......... .......... .......... .......... 65% 4.45M 0s
   100K .......... .......... .......... .......... .......... 97% 10.8M 0s
   150K ...                                                   100% 23.9M=0.02s

2012-04-15 09:19:57 (7.20 MB/s) - `code/../crawls/usanetwork.com/Privacy-Policy/raw/www.usanetwork.com/series/toughenough/games/wwetrivia/trivia_hp.png' saved [156788/156788]

--2012-04-15 09:19:57--  http://www.usanetwork.com/images/spacer.gif
Reusing existing connection to www.usanetwork.com:80.
HTTP request sent, awaiting response... 200 OK
Length: 43 [image/gif]
Saving to: `code/../crawls/usanetwork.com/Privacy-Policy/raw/www.usanetwork.com/images/spacer.gif'

     0K                                                       100% 8.15M=0s

2012-04-15 09:19:57 (8.15 MB/s) - `code/../crawls/usanetwork.com/Privacy-Policy/raw/www.usanetwork.com/images/spacer.gif' saved [43/43]

--2012-04-15 09:19:57--  http://www.usanetwork.com/series/toughenough/img/content_bot_grad.png
Reusing existing connection to www.usanetwork.com:80.
HTTP request sent, awaiting response... 200 OK
Length: 125 [image/png]
Saving to: `code/../crawls/usanetwork.com/Privacy-Policy/raw/www.usanetwork.com/series/toughenough/img/content_bot_grad.png'

     0K                                                       100% 22.9M=0s

2012-04-15 09:19:57 (22.9 MB/s) - `code/../crawls/usanetwork.com/Privacy-Policy/raw/www.usanetwork.com/series/toughenough/img/content_bot_grad.png' saved [125/125]

--2012-04-15 09:19:57--  http://www.usanetwork.com/img/gallery_top_grad.png
Reusing existing connection to www.usanetwork.com:80.
HTTP request sent, awaiting response... 404 Not Found
2012-04-15 09:19:57 ERROR 404: Not Found.

--2012-04-15 09:19:57--  http://www.usanetwork.com/img/gallery_bot_grad.png
Connecting to www.usanetwork.com|206.160.170.24|:80... connected.
HTTP request sent, awaiting response... 404 Not Found
2012-04-15 09:19:57 ERROR 404: Not Found.

--2012-04-15 09:19:57--  http://www.usanetwork.com/img/gallery_arrows_l.png
Connecting to www.usanetwork.com|206.160.170.24|:80... connected.
HTTP request sent, awaiting response... 404 Not Found
2012-04-15 09:19:57 ERROR 404: Not Found.

--2012-04-15 09:19:57--  http://www.usanetwork.com/img/gallery_arrows_r.png
Connecting to www.usanetwork.com|206.160.170.24|:80... connected.
HTTP request sent, awaiting response... 404 Not Found
2012-04-15 09:19:57 ERROR 404: Not Found.

--2012-04-15 09:19:57--  http://www.usanetwork.com/series/toughenough/img/locked.png
Connecting to www.usanetwork.com|206.160.170.24|:80... connected.
HTTP request sent, awaiting response... 200 OK
Length: 1174 (1.1K) [image/png]
Saving to: `code/../crawls/usanetwork.com/Privacy-Policy/raw/www.usanetwork.com/series/toughenough/img/locked.png'

     0K .                                                     100%  162M=0s

2012-04-15 09:19:57 (162 MB/s) - `code/../crawls/usanetwork.com/Privacy-Policy/raw/www.usanetwork.com/series/toughenough/img/locked.png' saved [1174/1174]

--2012-04-15 09:19:57--  http://www.usanetwork.com/series/toughenough/img/vid_folder_edge.png
Reusing existing connection to www.usanetwork.com:80.
HTTP request sent, awaiting response... 200 OK
Length: 557 [image/png]
Saving to: `code/../crawls/usanetwork.com/Privacy-Policy/raw/www.usanetwork.com/series/toughenough/img/vid_folder_edge.png'

     0K                                                       100% 91.2M=0s

2012-04-15 09:19:57 (91.2 MB/s) - `code/../crawls/usanetwork.com/Privacy-Policy/raw/www.usanetwork.com/series/toughenough/img/vid_folder_edge.png' saved [557/557]

--2012-04-15 09:19:57--  http://www.usanetwork.com/series/toughenough/img/vid_folder_bg.png
Reusing existing connection to www.usanetwork.com:80.
HTTP request sent, awaiting response... 200 OK
Length: 126 [image/png]
Saving to: `code/../crawls/usanetwork.com/Privacy-Policy/raw/www.usanetwork.com/series/toughenough/img/vid_folder_bg.png'

     0K                                                       100% 20.9M=0s

2012-04-15 09:19:57 (20.9 MB/s) - `code/../crawls/usanetwork.com/Privacy-Policy/raw/www.usanetwork.com/series/toughenough/img/vid_folder_bg.png' saved [126/126]

--2012-04-15 09:19:57--  http://www.usanetwork.com/series/toughenough/img/rettoepguide.png
Reusing existing connection to www.usanetwork.com:80.
HTTP request sent, awaiting response... 200 OK
Length: 1253 (1.2K) [image/png]
Saving to: `code/../crawls/usanetwork.com/Privacy-Policy/raw/www.usanetwork.com/series/toughenough/img/rettoepguide.png'

     0K .                                                     100%  161M=0s

2012-04-15 09:20:04 (161 MB/s) - `code/../crawls/usanetwork.com/Privacy-Policy/raw/www.usanetwork.com/series/toughenough/img/rettoepguide.png' saved [1253/1253]

--2012-04-15 09:20:04--  http://www.usanetwork.com/_img/home/tabnav_left_off.png
Reusing existing connection to www.usanetwork.com:80.
HTTP request sent, awaiting response... 200 OK
Length: 275 [image/png]
Saving to: `code/../crawls/usanetwork.com/Privacy-Policy/raw/www.usanetwork.com/_img/home/tabnav_left_off.png'

     0K                                                       100% 46.1M=0s

2012-04-15 09:20:04 (46.1 MB/s) - `code/../crawls/usanetwork.com/Privacy-Policy/raw/www.usanetwork.com/_img/home/tabnav_left_off.png' saved [275/275]

--2012-04-15 09:20:04--  http://www.usanetwork.com/_img/home/tabnav_right_off.png
Reusing existing connection to www.usanetwork.com:80.
HTTP request sent, awaiting response... 200 OK
Length: 284 [image/png]
Saving to: `code/../crawls/usanetwork.com/Privacy-Policy/raw/www.usanetwork.com/_img/home/tabnav_right_off.png'

     0K                                                       100% 49.6M=0s

2012-04-15 09:20:04 (49.6 MB/s) - `code/../crawls/usanetwork.com/Privacy-Policy/raw/www.usanetwork.com/_img/home/tabnav_right_off.png' saved [284/284]

--2012-04-15 09:20:04--  http://www.usanetwork.com/_img/home/tabnav_mid_off.png
Reusing existing connection to www.usanetwork.com:80.
HTTP request sent, awaiting response... 200 OK
Length: 138 [image/png]
Saving to: `code/../crawls/usanetwork.com/Privacy-Policy/raw/www.usanetwork.com/_img/home/tabnav_mid_off.png'

     0K                                                       100% 24.8M=0s

2012-04-15 09:20:04 (24.8 MB/s) - `code/../crawls/usanetwork.com/Privacy-Policy/raw/www.usanetwork.com/_img/home/tabnav_mid_off.png' saved [138/138]

--2012-04-15 09:20:04--  http://www.usanetwork.com/_img/home/tabnav_left_on.png
Reusing existing connection to www.usanetwork.com:80.
HTTP request sent, awaiting response... 200 OK
Length: 239 [image/png]
Saving to: `code/../crawls/usanetwork.com/Privacy-Policy/raw/www.usanetwork.com/_img/home/tabnav_left_on.png'

     0K                                                       100% 41.5M=0s

2012-04-15 09:20:04 (41.5 MB/s) - `code/../crawls/usanetwork.com/Privacy-Policy/raw/www.usanetwork.com/_img/home/tabnav_left_on.png' saved [239/239]

--2012-04-15 09:20:04--  http://www.usanetwork.com/_img/home/tabnav_right_on.png
Reusing existing connection to www.usanetwork.com:80.
HTTP request sent, awaiting response... 200 OK
Length: 193 [image/png]
Saving to: `code/../crawls/usanetwork.com/Privacy-Policy/raw/www.usanetwork.com/_img/home/tabnav_right_on.png'

     0K                                                       100% 32.0M=0s

2012-04-15 09:20:04 (32.0 MB/s) - `code/../crawls/usanetwork.com/Privacy-Policy/raw/www.usanetwork.com/_img/home/tabnav_right_on.png' saved [193/193]

--2012-04-15 09:20:04--  http://www.usanetwork.com/_img/home/tabnav_mid_on.png
Reusing existing connection to www.usanetwork.com:80.
HTTP request sent, awaiting response... 200 OK
Length: 114 [image/png]
Saving to: `code/../crawls/usanetwork.com/Privacy-Policy/raw/www.usanetwork.com/_img/home/tabnav_mid_on.png'

     0K                                                       100% 20.6M=0s

2012-04-15 09:20:05 (20.6 MB/s) - `code/../crawls/usanetwork.com/Privacy-Policy/raw/www.usanetwork.com/_img/home/tabnav_mid_on.png' saved [114/114]

--2012-04-15 09:20:05--  http://www.usanetwork.com/_img/home/arrow_tab.png
Reusing existing connection to www.usanetwork.com:80.
HTTP request sent, awaiting response... 200 OK
Length: 1101 (1.1K) [image/png]
Saving to: `code/../crawls/usanetwork.com/Privacy-Policy/raw/www.usanetwork.com/_img/home/arrow_tab.png'

     0K .                                                     100%  152M=0s

2012-04-15 09:20:05 (152 MB/s) - `code/../crawls/usanetwork.com/Privacy-Policy/raw/www.usanetwork.com/_img/home/arrow_tab.png' saved [1101/1101]

--2012-04-15 09:20:05--  http://www.usanetwork.com/images/arrow.gif
Reusing existing connection to www.usanetwork.com:80.
HTTP request sent, awaiting response... 200 OK
Length: 302 [image/gif]
Saving to: `code/../crawls/usanetwork.com/Privacy-Policy/raw/www.usanetwork.com/images/arrow.gif'

     0K                                                       100% 52.5M=0s

2012-04-15 09:20:05 (52.5 MB/s) - `code/../crawls/usanetwork.com/Privacy-Policy/raw/www.usanetwork.com/images/arrow.gif' saved [302/302]

--2012-04-15 09:20:05--  http://www.usanetwork.com/_img/globalheader/usalogo_green.png
Reusing existing connection to www.usanetwork.com:80.
HTTP request sent, awaiting response... 200 OK
Length: 2197 (2.1K) [image/png]
Saving to: `code/../crawls/usanetwork.com/Privacy-Policy/raw/www.usanetwork.com/_img/globalheader/usalogo_green.png'

     0K ..                                                    100% 42.0M=0s

2012-04-15 09:20:05 (42.0 MB/s) - `code/../crawls/usanetwork.com/Privacy-Policy/raw/www.usanetwork.com/_img/globalheader/usalogo_green.png' saved [2197/2197]

--2012-04-15 09:20:05--  http://www.usanetwork.com/_img/globalheader/fbIcon.png
Reusing existing connection to www.usanetwork.com:80.
HTTP request sent, awaiting response... 200 OK
Length: 1102 (1.1K) [image/png]
Saving to: `code/../crawls/usanetwork.com/Privacy-Policy/raw/www.usanetwork.com/_img/globalheader/fbIcon.png'

     0K .                                                     100%  164M=0s

2012-04-15 09:20:05 (164 MB/s) - `code/../crawls/usanetwork.com/Privacy-Policy/raw/www.usanetwork.com/_img/globalheader/fbIcon.png' saved [1102/1102]

--2012-04-15 09:20:05--  http://www.usanetwork.com/_img/globalheader/twIcon.png
Reusing existing connection to www.usanetwork.com:80.
HTTP request sent, awaiting response... 200 OK
Length: 1144 (1.1K) [image/png]
Saving to: `code/../crawls/usanetwork.com/Privacy-Policy/raw/www.usanetwork.com/_img/globalheader/twIcon.png'

     0K .                                                     100%  153M=0s

2012-04-15 09:20:05 (153 MB/s) - `code/../crawls/usanetwork.com/Privacy-Policy/raw/www.usanetwork.com/_img/globalheader/twIcon.png' saved [1144/1144]

--2012-04-15 09:20:05--  http://www.usanetwork.com/_img/globalheader/searchBarBtn.png
Reusing existing connection to www.usanetwork.com:80.
HTTP request sent, awaiting response... 200 OK
Length: 1123 (1.1K) [image/png]
Saving to: `code/../crawls/usanetwork.com/Privacy-Policy/raw/www.usanetwork.com/_img/globalheader/searchBarBtn.png'

     0K .                                                     100%  170M=0s

2012-04-15 09:20:05 (170 MB/s) - `code/../crawls/usanetwork.com/Privacy-Policy/raw/www.usanetwork.com/_img/globalheader/searchBarBtn.png' saved [1123/1123]

--2012-04-15 09:20:05--  http://www.usanetwork.com/_img/globalheader/searchBarBg.png
Reusing existing connection to www.usanetwork.com:80.
HTTP request sent, awaiting response... 200 OK
Length: 545 [image/png]
Saving to: `code/../crawls/usanetwork.com/Privacy-Policy/raw/www.usanetwork.com/_img/globalheader/searchBarBg.png'

     0K                                                       100%  101M=0s

2012-04-15 09:20:05 (101 MB/s) - `code/../crawls/usanetwork.com/Privacy-Policy/raw/www.usanetwork.com/_img/globalheader/searchBarBg.png' saved [545/545]

--2012-04-15 09:20:05--  http://www.usanetwork.com/_img/globalheader/overlayFooterGradient.png
Reusing existing connection to www.usanetwork.com:80.
HTTP request sent, awaiting response... 200 OK
Length: 171 [image/png]
Saving to: `code/../crawls/usanetwork.com/Privacy-Policy/raw/www.usanetwork.com/_img/globalheader/overlayFooterGradient.png'

     0K                                                       100% 31.1M=0s

2012-04-15 09:20:05 (31.1 MB/s) - `code/../crawls/usanetwork.com/Privacy-Policy/raw/www.usanetwork.com/_img/globalheader/overlayFooterGradient.png' saved [171/171]

--2012-04-15 09:20:05--  http://www.usanetwork.com/_img/globalheader/btn_viewallshows.png
Reusing existing connection to www.usanetwork.com:80.
HTTP request sent, awaiting response... 200 OK
Length: 2595 (2.5K) [image/png]
Saving to: `code/../crawls/usanetwork.com/Privacy-Policy/raw/www.usanetwork.com/_img/globalheader/btn_viewallshows.png'

     0K ..                                                    100%  305M=0s

2012-04-15 09:20:05 (305 MB/s) - `code/../crawls/usanetwork.com/Privacy-Policy/raw/www.usanetwork.com/_img/globalheader/btn_viewallshows.png' saved [2595/2595]

--2012-04-15 09:20:05--  http://www.usanetwork.com/_img/globalheader/btn_viewallfulleps.png
Reusing existing connection to www.usanetwork.com:80.
HTTP request sent, awaiting response... 200 OK
Length: 2886 (2.8K) [image/png]
Saving to: `code/../crawls/usanetwork.com/Privacy-Policy/raw/www.usanetwork.com/_img/globalheader/btn_viewallfulleps.png'

     0K ..                                                    100% 17.9M=0s

2012-04-15 09:20:05 (17.9 MB/s) - `code/../crawls/usanetwork.com/Privacy-Policy/raw/www.usanetwork.com/_img/globalheader/btn_viewallfulleps.png' saved [2886/2886]

--2012-04-15 09:20:05--  http://www.usanetwork.com/_img/globalheader/btn_viewallvideos.png
Reusing existing connection to www.usanetwork.com:80.
HTTP request sent, awaiting response... 200 OK
Length: 2612 (2.6K) [image/png]
Saving to: `code/../crawls/usanetwork.com/Privacy-Policy/raw/www.usanetwork.com/_img/globalheader/btn_viewallvideos.png'

     0K ..                                                    100% 2.69M=0.001s

2012-04-15 09:20:05 (2.69 MB/s) - `code/../crawls/usanetwork.com/Privacy-Policy/raw/www.usanetwork.com/_img/globalheader/btn_viewallvideos.png' saved [2612/2612]

--2012-04-15 09:20:05--  http://www.usanetwork.com/_img/globalheader/btn_viewallmovies.png
Reusing existing connection to www.usanetwork.com:80.
HTTP request sent, awaiting response... 200 OK
Length: 2649 (2.6K) [image/png]
Saving to: `code/../crawls/usanetwork.com/Privacy-Policy/raw/www.usanetwork.com/_img/globalheader/btn_viewallmovies.png'

     0K ..                                                    100% 46.3M=0s

2012-04-15 09:20:05 (46.3 MB/s) - `code/../crawls/usanetwork.com/Privacy-Policy/raw/www.usanetwork.com/_img/globalheader/btn_viewallmovies.png' saved [2649/2649]

--2012-04-15 09:20:05--  http://www.usanetwork.com/series/toughenough/img/chatterbar_open_mobile.png
Reusing existing connection to www.usanetwork.com:80.
HTTP request sent, awaiting response... 200 OK
Length: 11803 (12K) [image/png]
Saving to: `code/../crawls/usanetwork.com/Privacy-Policy/raw/www.usanetwork.com/series/toughenough/img/chatterbar_open_mobile.png'

     0K .......... .                                          100% 3.39M=0.003s

2012-04-15 09:20:05 (3.39 MB/s) - `code/../crawls/usanetwork.com/Privacy-Policy/raw/www.usanetwork.com/series/toughenough/img/chatterbar_open_mobile.png' saved [11803/11803]

--2012-04-15 09:20:05--  http://www.usanetwork.com/series/toughenough/img/chatterbar_exp_mobile.png
Reusing existing connection to www.usanetwork.com:80.
HTTP request sent, awaiting response... 200 OK
Length: 11799 (12K) [image/png]
Saving to: `code/../crawls/usanetwork.com/Privacy-Policy/raw/www.usanetwork.com/series/toughenough/img/chatterbar_exp_mobile.png'

     0K .......... .                                          100% 3.68M=0.003s

2012-04-15 09:20:05 (3.68 MB/s) - `code/../crawls/usanetwork.com/Privacy-Policy/raw/www.usanetwork.com/series/toughenough/img/chatterbar_exp_mobile.png' saved [11799/11799]

--2012-04-15 09:20:05--  http://www.usanetwork.com/series/toughenough/img/chatterbar_close_mobile.png
Reusing existing connection to www.usanetwork.com:80.
HTTP request sent, awaiting response... 200 OK
Length: 11320 (11K) [image/png]
Saving to: `code/../crawls/usanetwork.com/Privacy-Policy/raw/www.usanetwork.com/series/toughenough/img/chatterbar_close_mobile.png'

     0K .......... .                                          100% 13.8M=0.001s

2012-04-15 09:20:05 (13.8 MB/s) - `code/../crawls/usanetwork.com/Privacy-Policy/raw/www.usanetwork.com/series/toughenough/img/chatterbar_close_mobile.png' saved [11320/11320]

--2012-04-15 09:20:05--  http://www.usanetwork.com/_img/home/promobar_chatter_default.jpg
Reusing existing connection to www.usanetwork.com:80.
HTTP request sent, awaiting response... 200 OK
Length: 16828 (16K) [image/jpeg]
Saving to: `code/../crawls/usanetwork.com/Privacy-Policy/raw/www.usanetwork.com/_img/home/promobar_chatter_default.jpg'

     0K .......... ......                                     100% 3.08M=0.005s

2012-04-15 09:20:05 (3.08 MB/s) - `code/../crawls/usanetwork.com/Privacy-Policy/raw/www.usanetwork.com/_img/home/promobar_chatter_default.jpg' saved [16828/16828]

--2012-04-15 09:20:05--  http://www.usanetwork.com/_img/home/head_left.png
Reusing existing connection to www.usanetwork.com:80.
HTTP request sent, awaiting response... 200 OK
Length: 514 [image/png]
Saving to: `code/../crawls/usanetwork.com/Privacy-Policy/raw/www.usanetwork.com/_img/home/head_left.png'

     0K                                                       100% 87.2M=0s

2012-04-15 09:20:05 (87.2 MB/s) - `code/../crawls/usanetwork.com/Privacy-Policy/raw/www.usanetwork.com/_img/home/head_left.png' saved [514/514]

--2012-04-15 09:20:05--  http://www.usanetwork.com/_img/home/head_right.png
Reusing existing connection to www.usanetwork.com:80.
HTTP request sent, awaiting response... 200 OK
Length: 507 [image/png]
Saving to: `code/../crawls/usanetwork.com/Privacy-Policy/raw/www.usanetwork.com/_img/home/head_right.png'

     0K                                                       100% 86.9M=0s

2012-04-15 09:20:05 (86.9 MB/s) - `code/../crawls/usanetwork.com/Privacy-Policy/raw/www.usanetwork.com/_img/home/head_right.png' saved [507/507]

--2012-04-15 09:20:05--  http://www.usanetwork.com/_img/home/arrow.png
Reusing existing connection to www.usanetwork.com:80.
HTTP request sent, awaiting response... 200 OK
Length: 1032 (1.0K) [image/png]
Saving to: `code/../crawls/usanetwork.com/Privacy-Policy/raw/www.usanetwork.com/_img/home/arrow.png'

     0K .                                                     100%  153M=0s

2012-04-15 09:20:05 (153 MB/s) - `code/../crawls/usanetwork.com/Privacy-Policy/raw/www.usanetwork.com/_img/home/arrow.png' saved [1032/1032]

--2012-04-15 09:20:05--  http://www.usanetwork.com/_img/home/nr/module_bg_short.png
Reusing existing connection to www.usanetwork.com:80.
HTTP request sent, awaiting response... 200 OK
Length: 1104 (1.1K) [image/png]
Saving to: `code/../crawls/usanetwork.com/Privacy-Policy/raw/www.usanetwork.com/_img/home/nr/module_bg_short.png'

     0K .                                                     100%  178M=0s

2012-04-15 09:20:05 (178 MB/s) - `code/../crawls/usanetwork.com/Privacy-Policy/raw/www.usanetwork.com/_img/home/nr/module_bg_short.png' saved [1104/1104]

--2012-04-15 09:20:05--  http://www.usanetwork.com/_img/home/nr/module_bg_tall.png
Reusing existing connection to www.usanetwork.com:80.
HTTP request sent, awaiting response... 200 OK
Length: 1114 (1.1K) [image/png]
Saving to: `code/../crawls/usanetwork.com/Privacy-Policy/raw/www.usanetwork.com/_img/home/nr/module_bg_tall.png'

     0K .                                                     100%  177M=0s

2012-04-15 09:20:05 (177 MB/s) - `code/../crawls/usanetwork.com/Privacy-Policy/raw/www.usanetwork.com/_img/home/nr/module_bg_tall.png' saved [1114/1114]

--2012-04-15 09:20:05--  http://www.usanetwork.com/_img/home/suits/module_bg_short.png
Reusing existing connection to www.usanetwork.com:80.
HTTP request sent, awaiting response... 200 OK
Length: 160 [image/png]
Saving to: `code/../crawls/usanetwork.com/Privacy-Policy/raw/www.usanetwork.com/_img/home/suits/module_bg_short.png'

     0K                                                       100% 27.0M=0s

2012-04-15 09:20:05 (27.0 MB/s) - `code/../crawls/usanetwork.com/Privacy-Policy/raw/www.usanetwork.com/_img/home/suits/module_bg_short.png' saved [160/160]

--2012-04-15 09:20:05--  http://www.usanetwork.com/_img/home/suits/module_bg_tall.png
Reusing existing connection to www.usanetwork.com:80.
HTTP request sent, awaiting response... 200 OK
Length: 180 [image/png]
Saving to: `code/../crawls/usanetwork.com/Privacy-Policy/raw/www.usanetwork.com/_img/home/suits/module_bg_tall.png'

     0K                                                       100% 30.6M=0s

2012-04-15 09:20:05 (30.6 MB/s) - `code/../crawls/usanetwork.com/Privacy-Policy/raw/www.usanetwork.com/_img/home/suits/module_bg_tall.png' saved [180/180]

--2012-04-15 09:20:05--  http://www.usanetwork.com/_img/home/ips/module_bg_short.png
Reusing existing connection to www.usanetwork.com:80.
HTTP request sent, awaiting response... 404 Not Found
2012-04-15 09:20:06 ERROR 404: Not Found.

--2012-04-15 09:20:06--  http://www.usanetwork.com/_img/schedule/btn_viewFullDay_off.png
Connecting to www.usanetwork.com|206.160.170.24|:80... connected.
HTTP request sent, awaiting response... 200 OK
Length: 2909 (2.8K) [image/png]
Saving to: `code/../crawls/usanetwork.com/Privacy-Policy/raw/www.usanetwork.com/_img/schedule/btn_viewFullDay_off.png'

     0K ..                                                    100%  359M=0s

2012-04-15 09:20:06 (359 MB/s) - `code/../crawls/usanetwork.com/Privacy-Policy/raw/www.usanetwork.com/_img/schedule/btn_viewFullDay_off.png' saved [2909/2909]

--2012-04-15 09:20:06--  http://www.usanetwork.com/_img/schedule/btn_viewFullDay_on.png
Reusing existing connection to www.usanetwork.com:80.
HTTP request sent, awaiting response... 200 OK
Length: 3107 (3.0K) [image/png]
Saving to: `code/../crawls/usanetwork.com/Privacy-Policy/raw/www.usanetwork.com/_img/schedule/btn_viewFullDay_on.png'

     0K ...                                                   100% 42.9M=0s

2012-04-15 09:20:06 (42.9 MB/s) - `code/../crawls/usanetwork.com/Privacy-Policy/raw/www.usanetwork.com/_img/schedule/btn_viewFullDay_on.png' saved [3107/3107]

--2012-04-15 09:20:06--  http://www.usanetwork.com/_img/schedule/btn_month_off.png
Reusing existing connection to www.usanetwork.com:80.
HTTP request sent, awaiting response... 200 OK
Length: 1537 (1.5K) [image/png]
Saving to: `code/../crawls/usanetwork.com/Privacy-Policy/raw/www.usanetwork.com/_img/schedule/btn_month_off.png'

     0K .                                                     100%  213M=0s

2012-04-15 09:20:06 (213 MB/s) - `code/../crawls/usanetwork.com/Privacy-Policy/raw/www.usanetwork.com/_img/schedule/btn_month_off.png' saved [1537/1537]

--2012-04-15 09:20:06--  http://www.usanetwork.com/_img/schedule/btn_month_on.png
Reusing existing connection to www.usanetwork.com:80.
HTTP request sent, awaiting response... 200 OK
Length: 1745 (1.7K) [image/png]
Saving to: `code/../crawls/usanetwork.com/Privacy-Policy/raw/www.usanetwork.com/_img/schedule/btn_month_on.png'

     0K .                                                     100%  220M=0s

2012-04-15 09:20:06 (220 MB/s) - `code/../crawls/usanetwork.com/Privacy-Policy/raw/www.usanetwork.com/_img/schedule/btn_month_on.png' saved [1745/1745]

--2012-04-15 09:20:06--  http://www.usanetwork.com/_img/schedule/btn_arrowL_off.png
Reusing existing connection to www.usanetwork.com:80.
HTTP request sent, awaiting response... 200 OK
Length: 1656 (1.6K) [image/png]
Saving to: `code/../crawls/usanetwork.com/Privacy-Policy/raw/www.usanetwork.com/_img/schedule/btn_arrowL_off.png'

     0K .                                                     100%  236M=0s

2012-04-15 09:20:06 (236 MB/s) - `code/../crawls/usanetwork.com/Privacy-Policy/raw/www.usanetwork.com/_img/schedule/btn_arrowL_off.png' saved [1656/1656]

--2012-04-15 09:20:06--  http://www.usanetwork.com/_img/schedule/btn_arrowL_on.png
Reusing existing connection to www.usanetwork.com:80.
HTTP request sent, awaiting response... 200 OK
Length: 1636 (1.6K) [image/png]
Saving to: `code/../crawls/usanetwork.com/Privacy-Policy/raw/www.usanetwork.com/_img/schedule/btn_arrowL_on.png'

     0K .                                                     100%  216M=0s

2012-04-15 09:20:06 (216 MB/s) - `code/../crawls/usanetwork.com/Privacy-Policy/raw/www.usanetwork.com/_img/schedule/btn_arrowL_on.png' saved [1636/1636]

--2012-04-15 09:20:06--  http://www.usanetwork.com/_img/schedule/btn_arrowR_off.png
Reusing existing connection to www.usanetwork.com:80.
HTTP request sent, awaiting response... 200 OK
Length: 1635 (1.6K) [image/png]
Saving to: `code/../crawls/usanetwork.com/Privacy-Policy/raw/www.usanetwork.com/_img/schedule/btn_arrowR_off.png'

     0K .                                                     100%  233M=0s

2012-04-15 09:20:06 (233 MB/s) - `code/../crawls/usanetwork.com/Privacy-Policy/raw/www.usanetwork.com/_img/schedule/btn_arrowR_off.png' saved [1635/1635]

--2012-04-15 09:20:06--  http://www.usanetwork.com/_img/schedule/btn_arrowR_on.png
Reusing existing connection to www.usanetwork.com:80.
HTTP request sent, awaiting response... 200 OK
Length: 1654 (1.6K) [image/png]
Saving to: `code/../crawls/usanetwork.com/Privacy-Policy/raw/www.usanetwork.com/_img/schedule/btn_arrowR_on.png'

     0K .                                                     100%  237M=0s

2012-04-15 09:20:06 (237 MB/s) - `code/../crawls/usanetwork.com/Privacy-Policy/raw/www.usanetwork.com/_img/schedule/btn_arrowR_on.png' saved [1654/1654]

--2012-04-15 09:20:06--  http://www.usanetwork.com/_img/schedule/schedule_bottom.png
Reusing existing connection to www.usanetwork.com:80.
HTTP request sent, awaiting response... 200 OK
Length: 421 [image/png]
Saving to: `code/../crawls/usanetwork.com/Privacy-Policy/raw/www.usanetwork.com/_img/schedule/schedule_bottom.png'

     0K                                                       100% 73.6M=0s

2012-04-15 09:20:06 (73.6 MB/s) - `code/../crawls/usanetwork.com/Privacy-Policy/raw/www.usanetwork.com/_img/schedule/schedule_bottom.png' saved [421/421]

--2012-04-15 09:20:06--  http://www.usanetwork.com/_img/schedule/sched_reminder_off.png
Reusing existing connection to www.usanetwork.com:80.
HTTP request sent, awaiting response... 200 OK
Length: 5347 (5.2K) [image/png]
Saving to: `code/../crawls/usanetwork.com/Privacy-Policy/raw/www.usanetwork.com/_img/schedule/sched_reminder_off.png'

     0K .....                                                 100% 17.4M=0s

2012-04-15 09:20:06 (17.4 MB/s) - `code/../crawls/usanetwork.com/Privacy-Policy/raw/www.usanetwork.com/_img/schedule/sched_reminder_off.png' saved [5347/5347]

--2012-04-15 09:20:06--  http://www.usanetwork.com/_img/schedule/title_svu.jpg
Reusing existing connection to www.usanetwork.com:80.
HTTP request sent, awaiting response... 200 OK
Length: 14700 (14K) [image/jpeg]
Saving to: `code/../crawls/usanetwork.com/Privacy-Policy/raw/www.usanetwork.com/_img/schedule/title_svu.jpg'

     0K .......... ....                                       100% 5.86M=0.002s

2012-04-15 09:20:06 (5.86 MB/s) - `code/../crawls/usanetwork.com/Privacy-Policy/raw/www.usanetwork.com/_img/schedule/title_svu.jpg' saved [14700/14700]

--2012-04-15 09:20:06--  http://www.usanetwork.com/_img/schedule/title_ca.jpg
Reusing existing connection to www.usanetwork.com:80.
HTTP request sent, awaiting response... 200 OK
Length: 7468 (7.3K) [image/jpeg]
Saving to: `code/../crawls/usanetwork.com/Privacy-Policy/raw/www.usanetwork.com/_img/schedule/title_ca.jpg'

     0K .......                                               100% 16.5M=0s

2012-04-15 09:20:06 (16.5 MB/s) - `code/../crawls/usanetwork.com/Privacy-Policy/raw/www.usanetwork.com/_img/schedule/title_ca.jpg' saved [7468/7468]

--2012-04-15 09:20:06--  http://www.usanetwork.com/_img/schedule/title_wc.jpg
Reusing existing connection to www.usanetwork.com:80.
HTTP request sent, awaiting response... 200 OK
Length: 12133 (12K) [image/jpeg]
Saving to: `code/../crawls/usanetwork.com/Privacy-Policy/raw/www.usanetwork.com/_img/schedule/title_wc.jpg'

     0K .......... .                                          100% 14.5M=0.001s

2012-04-15 09:20:06 (14.5 MB/s) - `code/../crawls/usanetwork.com/Privacy-Policy/raw/www.usanetwork.com/_img/schedule/title_wc.jpg' saved [12133/12133]

--2012-04-15 09:20:06--  http://www.usanetwork.com/_img/schedule/title_loci.jpg
Reusing existing connection to www.usanetwork.com:80.
HTTP request sent, awaiting response... 200 OK
Length: 5429 (5.3K) [image/jpeg]
Saving to: `code/../crawls/usanetwork.com/Privacy-Policy/raw/www.usanetwork.com/_img/schedule/title_loci.jpg'

     0K .....                                                 100% 22.2M=0s

2012-04-15 09:20:06 (22.2 MB/s) - `code/../crawls/usanetwork.com/Privacy-Policy/raw/www.usanetwork.com/_img/schedule/title_loci.jpg' saved [5429/5429]

--2012-04-15 09:20:06--  http://www.usanetwork.com/_img/schedule/title_bn.jpg
Reusing existing connection to www.usanetwork.com:80.
HTTP request sent, awaiting response... 200 OK
Length: 7985 (7.8K) [image/jpeg]
Saving to: `code/../crawls/usanetwork.com/Privacy-Policy/raw/www.usanetwork.com/_img/schedule/title_bn.jpg'

     0K .......                                               100% 17.6M=0s

2012-04-15 09:20:06 (17.6 MB/s) - `code/../crawls/usanetwork.com/Privacy-Policy/raw/www.usanetwork.com/_img/schedule/title_bn.jpg' saved [7985/7985]

--2012-04-15 09:20:06--  http://www.usanetwork.com/_css/schedule/custom-theme/images/ui-bg_inset-soft_25_000000_1x100.png
Reusing existing connection to www.usanetwork.com:80.
HTTP request sent, awaiting response... 200 OK
Length: 98 [image/png]
Saving to: `code/../crawls/usanetwork.com/Privacy-Policy/raw/www.usanetwork.com/_css/schedule/custom-theme/images/ui-bg_inset-soft_25_000000_1x100.png'

     0K                                                       100% 17.2M=0s

2012-04-15 09:20:06 (17.2 MB/s) - `code/../crawls/usanetwork.com/Privacy-Policy/raw/www.usanetwork.com/_css/schedule/custom-theme/images/ui-bg_inset-soft_25_000000_1x100.png' saved [98/98]

--2012-04-15 09:20:06--  http://www.usanetwork.com/_css/schedule/custom-theme/images/ui-bg_gloss-wave_25_333333_500x100.png
Reusing existing connection to www.usanetwork.com:80.
HTTP request sent, awaiting response... 200 OK
Length: 1874 (1.8K) [image/png]
Saving to: `code/../crawls/usanetwork.com/Privacy-Policy/raw/www.usanetwork.com/_css/schedule/custom-theme/images/ui-bg_gloss-wave_25_333333_500x100.png'

     0K .                                                     100%  265M=0s

2012-04-15 09:20:06 (265 MB/s) - `code/../crawls/usanetwork.com/Privacy-Policy/raw/www.usanetwork.com/_css/schedule/custom-theme/images/ui-bg_gloss-wave_25_333333_500x100.png' saved [1874/1874]

--2012-04-15 09:20:06--  http://www.usanetwork.com/_css/schedule/custom-theme/images/ui-bg_glass_20_555555_1x400.png
Reusing existing connection to www.usanetwork.com:80.
HTTP request sent, awaiting response... 200 OK
Length: 115 [image/png]
Saving to: `code/../crawls/usanetwork.com/Privacy-Policy/raw/www.usanetwork.com/_css/schedule/custom-theme/images/ui-bg_glass_20_555555_1x400.png'

     0K                                                       100% 20.4M=0s

2012-04-15 09:20:06 (20.4 MB/s) - `code/../crawls/usanetwork.com/Privacy-Policy/raw/www.usanetwork.com/_css/schedule/custom-theme/images/ui-bg_glass_20_555555_1x400.png' saved [115/115]

--2012-04-15 09:20:06--  http://www.usanetwork.com/_css/schedule/custom-theme/images/ui-bg_glass_40_0078a3_1x400.png
Reusing existing connection to www.usanetwork.com:80.
HTTP request sent, awaiting response... 200 OK
Length: 135 [image/png]
Saving to: `code/../crawls/usanetwork.com/Privacy-Policy/raw/www.usanetwork.com/_css/schedule/custom-theme/images/ui-bg_glass_40_0078a3_1x400.png'

     0K                                                       100% 23.2M=0s

2012-04-15 09:20:06 (23.2 MB/s) - `code/../crawls/usanetwork.com/Privacy-Policy/raw/www.usanetwork.com/_css/schedule/custom-theme/images/ui-bg_glass_40_0078a3_1x400.png' saved [135/135]

--2012-04-15 09:20:06--  http://www.usanetwork.com/_css/schedule/custom-theme/images/ui-bg_inset-soft_30_64c0f1_1x100.png
Reusing existing connection to www.usanetwork.com:80.
HTTP request sent, awaiting response... 200 OK
Length: 154 [image/png]
Saving to: `code/../crawls/usanetwork.com/Privacy-Policy/raw/www.usanetwork.com/_css/schedule/custom-theme/images/ui-bg_inset-soft_30_64c0f1_1x100.png'

     0K                                                       100% 29.1M=0s

2012-04-15 09:20:06 (29.1 MB/s) - `code/../crawls/usanetwork.com/Privacy-Policy/raw/www.usanetwork.com/_css/schedule/custom-theme/images/ui-bg_inset-soft_30_64c0f1_1x100.png' saved [154/154]

--2012-04-15 09:20:06--  http://www.usanetwork.com/_css/schedule/custom-theme/images/ui-bg_highlight-soft_80_cccccc_1x100.png
Reusing existing connection to www.usanetwork.com:80.
HTTP request sent, awaiting response... 200 OK
Length: 106 [image/png]
Saving to: `code/../crawls/usanetwork.com/Privacy-Policy/raw/www.usanetwork.com/_css/schedule/custom-theme/images/ui-bg_highlight-soft_80_cccccc_1x100.png'

     0K                                                       100% 19.9M=0s

2012-04-15 09:20:06 (19.9 MB/s) - `code/../crawls/usanetwork.com/Privacy-Policy/raw/www.usanetwork.com/_css/schedule/custom-theme/images/ui-bg_highlight-soft_80_cccccc_1x100.png' saved [106/106]

--2012-04-15 09:20:06--  http://www.usanetwork.com/_css/schedule/custom-theme/images/ui-bg_glass_40_ffc73d_1x400.png
Reusing existing connection to www.usanetwork.com:80.
HTTP request sent, awaiting response... 200 OK
Length: 131 [image/png]
Saving to: `code/../crawls/usanetwork.com/Privacy-Policy/raw/www.usanetwork.com/_css/schedule/custom-theme/images/ui-bg_glass_40_ffc73d_1x400.png'

     0K                                                       100% 24.9M=0s

2012-04-15 09:20:06 (24.9 MB/s) - `code/../crawls/usanetwork.com/Privacy-Policy/raw/www.usanetwork.com/_css/schedule/custom-theme/images/ui-bg_glass_40_ffc73d_1x400.png' saved [131/131]

--2012-04-15 09:20:06--  http://www.usanetwork.com/_css/schedule/custom-theme/images/ui-icons_cccccc_256x240.png
Reusing existing connection to www.usanetwork.com:80.
HTTP request sent, awaiting response... 200 OK
Length: 4369 (4.3K) [image/png]
Saving to: `code/../crawls/usanetwork.com/Privacy-Policy/raw/www.usanetwork.com/_css/schedule/custom-theme/images/ui-icons_cccccc_256x240.png'

     0K ....                                                  100% 36.1M=0s

2012-04-15 09:20:06 (36.1 MB/s) - `code/../crawls/usanetwork.com/Privacy-Policy/raw/www.usanetwork.com/_css/schedule/custom-theme/images/ui-icons_cccccc_256x240.png' saved [4369/4369]

--2012-04-15 09:20:06--  http://www.usanetwork.com/_css/schedule/custom-theme/images/ui-icons_ffffff_256x240.png
Reusing existing connection to www.usanetwork.com:80.
HTTP request sent, awaiting response... 200 OK
Length: 4369 (4.3K) [image/png]
Saving to: `code/../crawls/usanetwork.com/Privacy-Policy/raw/www.usanetwork.com/_css/schedule/custom-theme/images/ui-icons_ffffff_256x240.png'

     0K ....                                                  100% 9.89M=0s

2012-04-15 09:20:06 (9.89 MB/s) - `code/../crawls/usanetwork.com/Privacy-Policy/raw/www.usanetwork.com/_css/schedule/custom-theme/images/ui-icons_ffffff_256x240.png' saved [4369/4369]

--2012-04-15 09:20:06--  http://www.usanetwork.com/_css/schedule/custom-theme/images/ui-icons_222222_256x240.png
Reusing existing connection to www.usanetwork.com:80.
HTTP request sent, awaiting response... 200 OK
Length: 4369 (4.3K) [image/png]
Saving to: `code/../crawls/usanetwork.com/Privacy-Policy/raw/www.usanetwork.com/_css/schedule/custom-theme/images/ui-icons_222222_256x240.png'

     0K ....                                                  100% 24.0M=0s

2012-04-15 09:20:06 (24.0 MB/s) - `code/../crawls/usanetwork.com/Privacy-Policy/raw/www.usanetwork.com/_css/schedule/custom-theme/images/ui-icons_222222_256x240.png' saved [4369/4369]

--2012-04-15 09:20:06--  http://www.usanetwork.com/_css/schedule/custom-theme/images/ui-icons_4b8e0b_256x240.png
Reusing existing connection to www.usanetwork.com:80.
HTTP request sent, awaiting response... 200 OK
Length: 4369 (4.3K) [image/png]
Saving to: `code/../crawls/usanetwork.com/Privacy-Policy/raw/www.usanetwork.com/_css/schedule/custom-theme/images/ui-icons_4b8e0b_256x240.png'

     0K ....                                                  100% 24.6M=0s

2012-04-15 09:20:06 (24.6 MB/s) - `code/../crawls/usanetwork.com/Privacy-Policy/raw/www.usanetwork.com/_css/schedule/custom-theme/images/ui-icons_4b8e0b_256x240.png' saved [4369/4369]

--2012-04-15 09:20:06--  http://www.usanetwork.com/_css/schedule/custom-theme/images/ui-icons_a83300_256x240.png
Reusing existing connection to www.usanetwork.com:80.
HTTP request sent, awaiting response... 200 OK
Length: 4369 (4.3K) [image/png]
Saving to: `code/../crawls/usanetwork.com/Privacy-Policy/raw/www.usanetwork.com/_css/schedule/custom-theme/images/ui-icons_a83300_256x240.png'

     0K ....                                                  100% 26.9M=0s

2012-04-15 09:20:06 (26.9 MB/s) - `code/../crawls/usanetwork.com/Privacy-Policy/raw/www.usanetwork.com/_css/schedule/custom-theme/images/ui-icons_a83300_256x240.png' saved [4369/4369]

--2012-04-15 09:20:06--  http://www.usanetwork.com/_css/schedule/custom-theme/images/ui-bg_flat_50_5c5c5c_40x100.png
Reusing existing connection to www.usanetwork.com:80.
HTTP request sent, awaiting response... 200 OK
Length: 180 [image/png]
Saving to: `code/../crawls/usanetwork.com/Privacy-Policy/raw/www.usanetwork.com/_css/schedule/custom-theme/images/ui-bg_flat_50_5c5c5c_40x100.png'

     0K                                                       100% 40.0M=0s

2012-04-15 09:20:07 (40.0 MB/s) - `code/../crawls/usanetwork.com/Privacy-Policy/raw/www.usanetwork.com/_css/schedule/custom-theme/images/ui-bg_flat_50_5c5c5c_40x100.png' saved [180/180]

--2012-04-15 09:20:07--  http://www.usanetwork.com/_css/schedule/custom-theme/images/ui-bg_flat_30_cccccc_40x100.png
Reusing existing connection to www.usanetwork.com:80.
HTTP request sent, awaiting response... 200 OK
Length: 180 [image/png]
Saving to: `code/../crawls/usanetwork.com/Privacy-Policy/raw/www.usanetwork.com/_css/schedule/custom-theme/images/ui-bg_flat_30_cccccc_40x100.png'

     0K                                                       100% 54.8M=0s

2012-04-15 09:20:07 (54.8 MB/s) - `code/../crawls/usanetwork.com/Privacy-Policy/raw/www.usanetwork.com/_css/schedule/custom-theme/images/ui-bg_flat_30_cccccc_40x100.png' saved [180/180]

FINISHED --2012-04-15 09:20:07--
Total wall clock time: 15s
Downloaded: 132 files, 1.5M in 0.2s (7.92 MB/s)
Converting code/../crawls/usanetwork.com/Privacy-Policy/raw/www.usanetwork.com/privacy/index.html... 49-5
Converting code/../crawls/usanetwork.com/Privacy-Policy/raw/www.usanetwork.com/_css/global.css... 55-4
Converting code/../crawls/usanetwork.com/Privacy-Policy/raw/www.usanetwork.com/_css/schedule/schedule.css... 18-0
Converting code/../crawls/usanetwork.com/Privacy-Policy/raw/www.usanetwork.com/_css/home.css... 15-1
Converting code/../crawls/usanetwork.com/Privacy-Policy/raw/www.usanetwork.com/_css/tablet.css... 6-0
Converting code/../crawls/usanetwork.com/Privacy-Policy/raw/www.usanetwork.com/_css/schedule/custom-theme/jquery-ui-1.8.13.custom.css... 17-0
Converting code/../crawls/usanetwork.com/Privacy-Policy/raw/www.usanetwork.com/_css/globalheader.css... 12-0
Converted 7 files in 0.08 seconds.
