--2012-11-28 05:22:35--  http://www.readwriteweb.com/about/privacy-policy.php
Resolving www.readwriteweb.com... 204.9.177.210
Connecting to www.readwriteweb.com|204.9.177.210|:80... connected.
HTTP request sent, awaiting response... 301 Moved Permanently
Location: http://readwrite.com/page/privacy-policy [following]
--2012-11-28 05:22:36--  http://readwrite.com/page/privacy-policy
Resolving readwrite.com... 204.9.177.211
Connecting to readwrite.com|204.9.177.211|:80... connected.
HTTP request sent, awaiting response... 200 OK
Length: 59128 (58K) [text/html]
Saving to: `code/../crawls/readwriteweb.com/Privacy-Policy/raw/www.readwriteweb.com/about/privacy-policy.php.html'

     0K .......... .......... .......... .......... .......... 86% 3.23M 0s
    50K .......                                               100% 4.08M=0.02s

2012-11-28 05:22:36 (3.32 MB/s) - `code/../crawls/readwriteweb.com/Privacy-Policy/raw/www.readwriteweb.com/about/privacy-policy.php.html' saved [59128/59128]

--2012-11-28 05:22:36--  http://readwrite.com/static/3e8ac90a2df2358b5422f1e7b84a62fb620b22f9/site/icons/icon-32.png
Reusing existing connection to readwrite.com:80.
HTTP request sent, awaiting response... 200 OK
Length: 657 [image/png]
Saving to: `code/../crawls/readwriteweb.com/Privacy-Policy/raw/readwrite.com/static/3e8ac90a2df2358b5422f1e7b84a62fb620b22f9/site/icons/icon-32.png'

     0K                                                       100%  107M=0s

2012-11-28 05:22:36 (107 MB/s) - `code/../crawls/readwriteweb.com/Privacy-Policy/raw/readwrite.com/static/3e8ac90a2df2358b5422f1e7b84a62fb620b22f9/site/icons/icon-32.png' saved [657/657]

--2012-11-28 05:22:36--  http://readwrite.com/static/3e8ac90a2df2358b5422f1e7b84a62fb620b22f9/site/css/base.css
Reusing existing connection to readwrite.com:80.
HTTP request sent, awaiting response... 200 OK
Length: 64537 (63K) [text/css]
Saving to: `code/../crawls/readwriteweb.com/Privacy-Policy/raw/readwrite.com/static/3e8ac90a2df2358b5422f1e7b84a62fb620b22f9/site/css/base.css'

     0K .......... .......... .......... .......... .......... 79% 5.21M 0s
    50K .......... ...                                        100% 12.6M=0.01s

2012-11-28 05:22:36 (5.93 MB/s) - `code/../crawls/readwriteweb.com/Privacy-Policy/raw/readwrite.com/static/3e8ac90a2df2358b5422f1e7b84a62fb620b22f9/site/css/base.css' saved [64537/64537]

--2012-11-28 05:22:36--  http://readwrite.com/static/3e8ac90a2df2358b5422f1e7b84a62fb620b22f9/site/css/noscript.css
Reusing existing connection to readwrite.com:80.
HTTP request sent, awaiting response... 200 OK
Length: 40 [text/css]
Saving to: `code/../crawls/readwriteweb.com/Privacy-Policy/raw/readwrite.com/static/3e8ac90a2df2358b5422f1e7b84a62fb620b22f9/site/css/noscript.css'

     0K                                                       100% 7.77M=0s

2012-11-28 05:22:36 (7.77 MB/s) - `code/../crawls/readwriteweb.com/Privacy-Policy/raw/readwrite.com/static/3e8ac90a2df2358b5422f1e7b84a62fb620b22f9/site/css/noscript.css' saved [40/40]

--2012-11-28 05:22:36--  http://readwrite.com/static/3e8ac90a2df2358b5422f1e7b84a62fb620b22f9/site/js/bundles/min/header-bundle.min.js
Reusing existing connection to readwrite.com:80.
HTTP request sent, awaiting response... 200 OK
Length: 23283 (23K) [application/javascript]
Saving to: `code/../crawls/readwriteweb.com/Privacy-Policy/raw/readwrite.com/static/3e8ac90a2df2358b5422f1e7b84a62fb620b22f9/site/js/bundles/min/header-bundle.min.js'

     0K .......... .......... ..                              100% 13.5M=0.002s

2012-11-28 05:22:36 (13.5 MB/s) - `code/../crawls/readwriteweb.com/Privacy-Policy/raw/readwrite.com/static/3e8ac90a2df2358b5422f1e7b84a62fb620b22f9/site/js/bundles/min/header-bundle.min.js' saved [23283/23283]

--2012-11-28 05:22:36--  http://readwrite.com/_orion/static/b7899933354b1c4725bb53d811a93a0fa68e8fd9/js/admin-bootstrap.js
Reusing existing connection to readwrite.com:80.
HTTP request sent, awaiting response... 200 OK
Length: 9480 (9.3K) [application/javascript]
Saving to: `code/../crawls/readwriteweb.com/Privacy-Policy/raw/readwrite.com/_orion/static/b7899933354b1c4725bb53d811a93a0fa68e8fd9/js/admin-bootstrap.js'

     0K .........                                             100% 22.4M=0s

2012-11-28 05:22:36 (22.4 MB/s) - `code/../crawls/readwriteweb.com/Privacy-Policy/raw/readwrite.com/_orion/static/b7899933354b1c4725bb53d811a93a0fa68e8fd9/js/admin-bootstrap.js' saved [9480/9480]

--2012-11-28 05:22:36--  http://readwrite.com/page/null.gif
Reusing existing connection to readwrite.com:80.
HTTP request sent, awaiting response... 404 Not Found
2012-11-28 05:22:36 ERROR 404: Not Found.

--2012-11-28 05:22:36--  http://readwrite.com/static/3e8ac90a2df2358b5422f1e7b84a62fb620b22f9/core/js/_libs/saymedia/say-reloader.js
Connecting to readwrite.com|204.9.177.211|:80... connected.
HTTP request sent, awaiting response... 200 OK
Length: 1401 (1.4K) [application/javascript]
Saving to: `code/../crawls/readwriteweb.com/Privacy-Policy/raw/readwrite.com/static/3e8ac90a2df2358b5422f1e7b84a62fb620b22f9/core/js/_libs/saymedia/say-reloader.js'

     0K .                                                     100%  190M=0s

2012-11-28 05:22:36 (190 MB/s) - `code/../crawls/readwriteweb.com/Privacy-Policy/raw/readwrite.com/static/3e8ac90a2df2358b5422f1e7b84a62fb620b22f9/core/js/_libs/saymedia/say-reloader.js' saved [1401/1401]

--2012-11-28 05:22:36--  http://b.scorecardresearch.com/p?c1=2&c2=6036036&cv=2.0&cj=1
Resolving b.scorecardresearch.com... 23.61.194.248, 23.61.194.218
Connecting to b.scorecardresearch.com|23.61.194.248|:80... connected.
HTTP request sent, awaiting response... 302 Moved Temporarily
Location: http://b.scorecardresearch.com/p2?c1=2&c2=6036036&cv=2.0&cj=1 [following]
--2012-11-28 05:22:36--  http://b.scorecardresearch.com/p2?c1=2&c2=6036036&cv=2.0&cj=1
Reusing existing connection to b.scorecardresearch.com:80.
HTTP request sent, awaiting response... 200 OK
Length: 43 [image/gif]
Saving to: `code/../crawls/readwriteweb.com/Privacy-Policy/raw/b.scorecardresearch.com/p?c1=2&c2=6036036&cv=2.0&cj=1'

     0K                                                       100% 11.2M=0s

2012-11-28 05:22:36 (11.2 MB/s) - `code/../crawls/readwriteweb.com/Privacy-Policy/raw/b.scorecardresearch.com/p?c1=2&c2=6036036&cv=2.0&cj=1' saved [43/43]

--2012-11-28 05:22:36--  http://readwrite.com/static/3e8ac90a2df2358b5422f1e7b84a62fb620b22f9/core/images/sprites/core-sprites-base.png
Connecting to readwrite.com|204.9.177.211|:80... connected.
HTTP request sent, awaiting response... 200 OK
Length: 2353 (2.3K) [image/png]
Saving to: `code/../crawls/readwriteweb.com/Privacy-Policy/raw/readwrite.com/static/3e8ac90a2df2358b5422f1e7b84a62fb620b22f9/core/images/sprites/core-sprites-base.png'

     0K ..                                                    100%  448M=0s

2012-11-28 05:22:36 (448 MB/s) - `code/../crawls/readwriteweb.com/Privacy-Policy/raw/readwrite.com/static/3e8ac90a2df2358b5422f1e7b84a62fb620b22f9/core/images/sprites/core-sprites-base.png' saved [2353/2353]

--2012-11-28 05:22:36--  http://readwrite.com/static/3e8ac90a2df2358b5422f1e7b84a62fb620b22f9/site/images/sprites/site-sprites-base.png
Reusing existing connection to readwrite.com:80.
HTTP request sent, awaiting response... 200 OK
Length: 17491 (17K) [image/png]
Saving to: `code/../crawls/readwriteweb.com/Privacy-Policy/raw/readwrite.com/static/3e8ac90a2df2358b5422f1e7b84a62fb620b22f9/site/images/sprites/site-sprites-base.png'

     0K .......... .......                                    100% 2.12M=0.008s

2012-11-28 05:22:36 (2.12 MB/s) - `code/../crawls/readwriteweb.com/Privacy-Policy/raw/readwrite.com/static/3e8ac90a2df2358b5422f1e7b84a62fb620b22f9/site/images/sprites/site-sprites-base.png' saved [17491/17491]

--2012-11-28 05:22:36--  http://readwrite.com/static/3e8ac90a2df2358b5422f1e7b84a62fb620b22f9/site/css/core-sprites-base.png
Reusing existing connection to readwrite.com:80.
HTTP request sent, awaiting response... 404 Not Found
2012-11-28 05:22:36 ERROR 404: Not Found.

--2012-11-28 05:22:36--  http://readwrite.com/static/3e8ac90a2df2358b5422f1e7b84a62fb620b22f9/site/css/site-sprites-base.png
Reusing existing connection to readwrite.com:80.
HTTP request sent, awaiting response... 404 Not Found
2012-11-28 05:22:36 ERROR 404: Not Found.

--2012-11-28 05:22:36--  http://readwrite.com/static/3e8ac90a2df2358b5422f1e7b84a62fb620b22f9/site/images/content/border-line.png
Reusing existing connection to readwrite.com:80.
HTTP request sent, awaiting response... 200 OK
Length: 487 [image/png]
Saving to: `code/../crawls/readwriteweb.com/Privacy-Policy/raw/readwrite.com/static/3e8ac90a2df2358b5422f1e7b84a62fb620b22f9/site/images/content/border-line.png'

     0K                                                       100% 76.8M=0s

2012-11-28 05:22:36 (76.8 MB/s) - `code/../crawls/readwriteweb.com/Privacy-Policy/raw/readwrite.com/static/3e8ac90a2df2358b5422f1e7b84a62fb620b22f9/site/images/content/border-line.png' saved [487/487]

FINISHED --2012-11-28 05:22:36--
Total wall clock time: 0.8s
Downloaded: 11 files, 175K in 0.04s (4.57 MB/s)
Converting code/../crawls/readwriteweb.com/Privacy-Policy/raw/www.readwriteweb.com/about/privacy-policy.php.html... 11-29
Converting code/../crawls/readwriteweb.com/Privacy-Policy/raw/readwrite.com/static/3e8ac90a2df2358b5422f1e7b84a62fb620b22f9/site/css/noscript.css... nothing to do.
Converting code/../crawls/readwriteweb.com/Privacy-Policy/raw/readwrite.com/static/3e8ac90a2df2358b5422f1e7b84a62fb620b22f9/site/css/base.css... 6-2
Converted 3 files in 0.004 seconds.
