--2013-01-16 05:17:59--  http://www.prvd.com/privacy.aspx
Resolving www.prvd.com... 64.207.179.206
Connecting to www.prvd.com|64.207.179.206|:80... connected.
HTTP request sent, awaiting response... 301 Moved Permanently
Location: http://providecommerce.com/privacy.aspx [following]
--2013-01-16 05:17:59--  http://providecommerce.com/privacy.aspx
Resolving providecommerce.com... 64.207.179.206
Reusing existing connection to www.prvd.com:80.
HTTP request sent, awaiting response... 301 Moved Permanently
Location: http://www.providecommerce.com/privacy.aspx [following]
--2013-01-16 05:18:00--  http://www.providecommerce.com/privacy.aspx
Resolving www.providecommerce.com... 64.207.179.206
Reusing existing connection to www.prvd.com:80.
HTTP request sent, awaiting response... 200 OK
Length: unspecified [text/html]
Saving to: `code/../crawls/personalcreations.com/Privacy-Policy/raw/www.prvd.com/privacy.aspx.html'

     0K .......... .......... .......... .......... ..........  149K
    50K .........                                               300K=0.4s

2013-01-16 05:18:00 (162 KB/s) - `code/../crawls/personalcreations.com/Privacy-Policy/raw/www.prvd.com/privacy.aspx.html' saved [60585]

--2013-01-16 05:18:00--  http://www.providecommerce.com/sites/default/files/icon-p-gray2.png
Reusing existing connection to www.prvd.com:80.
HTTP request sent, awaiting response... 200 OK
Length: 1272 (1.2K) [image/png]
Saving to: `code/../crawls/personalcreations.com/Privacy-Policy/raw/www.providecommerce.com/sites/default/files/icon-p-gray2.png'

     0K .                                                     100% 53.6M=0s

2013-01-16 05:18:00 (53.6 MB/s) - `code/../crawls/personalcreations.com/Privacy-Policy/raw/www.providecommerce.com/sites/default/files/icon-p-gray2.png' saved [1272/1272]

--2013-01-16 05:18:00--  http://www.providecommerce.com/sites/default/files/css/css__9zsakYbWSOTLroLLtWO9P7zLJXhXtSJo2OgXN4wIrU.css
Reusing existing connection to www.prvd.com:80.
HTTP request sent, awaiting response... 200 OK
Length: 7462 (7.3K) [text/css]
Saving to: `code/../crawls/personalcreations.com/Privacy-Policy/raw/www.providecommerce.com/sites/default/files/css/css__9zsakYbWSOTLroLLtWO9P7zLJXhXtSJo2OgXN4wIrU.css'

     0K .......                                               100% 11.6M=0.001s

2013-01-16 05:18:00 (11.6 MB/s) - `code/../crawls/personalcreations.com/Privacy-Policy/raw/www.providecommerce.com/sites/default/files/css/css__9zsakYbWSOTLroLLtWO9P7zLJXhXtSJo2OgXN4wIrU.css' saved [7462/7462]

--2013-01-16 05:18:00--  http://www.providecommerce.com/sites/default/files/css/css_n7aK8s-ciXhQyEYWNOJtISbWxtxQiQvnD-N_xWUtD5A.css
Reusing existing connection to www.prvd.com:80.
HTTP request sent, awaiting response... 200 OK
Length: 8792 (8.6K) [text/css]
Saving to: `code/../crawls/personalcreations.com/Privacy-Policy/raw/www.providecommerce.com/sites/default/files/css/css_n7aK8s-ciXhQyEYWNOJtISbWxtxQiQvnD-N_xWUtD5A.css'

     0K ........                                              100% 9.88M=0.001s

2013-01-16 05:18:00 (9.88 MB/s) - `code/../crawls/personalcreations.com/Privacy-Policy/raw/www.providecommerce.com/sites/default/files/css/css_n7aK8s-ciXhQyEYWNOJtISbWxtxQiQvnD-N_xWUtD5A.css' saved [8792/8792]

--2013-01-16 05:18:00--  http://www.providecommerce.com/sites/default/files/css/css_V4SY3AMO3VrlrKgFE0W_J1ToJ7CNTY4DpLxmDYhoLHk.css
Reusing existing connection to www.prvd.com:80.
HTTP request sent, awaiting response... 200 OK
Length: 4287 (4.2K) [text/css]
Saving to: `code/../crawls/personalcreations.com/Privacy-Policy/raw/www.providecommerce.com/sites/default/files/css/css_V4SY3AMO3VrlrKgFE0W_J1ToJ7CNTY4DpLxmDYhoLHk.css'

     0K ....                                                  100% 9.78M=0s

2013-01-16 05:18:00 (9.78 MB/s) - `code/../crawls/personalcreations.com/Privacy-Policy/raw/www.providecommerce.com/sites/default/files/css/css_V4SY3AMO3VrlrKgFE0W_J1ToJ7CNTY4DpLxmDYhoLHk.css' saved [4287/4287]

--2013-01-16 05:18:00--  http://www.providecommerce.com/sites/default/files/css/css__IRWorfOEIrfwB3B5sjtyU-zGjoAUo9eY465_jca7nk.css
Reusing existing connection to www.prvd.com:80.
HTTP request sent, awaiting response... 200 OK
Length: 57719 (56K) [text/css]
Saving to: `code/../crawls/personalcreations.com/Privacy-Policy/raw/www.providecommerce.com/sites/default/files/css/css__IRWorfOEIrfwB3B5sjtyU-zGjoAUo9eY465_jca7nk.css'

     0K .......... .......... .......... .......... .......... 88%  670K 0s
    50K ......                                                100% 12.7M=0.08s

2013-01-16 05:18:01 (750 KB/s) - `code/../crawls/personalcreations.com/Privacy-Policy/raw/www.providecommerce.com/sites/default/files/css/css__IRWorfOEIrfwB3B5sjtyU-zGjoAUo9eY465_jca7nk.css' saved [57719/57719]

--2013-01-16 05:18:01--  http://www.providecommerce.com/sites/default/files/js/js_eMjZ6Z1kKo5sjySRbJdvIkCHugjVCdO-e3tY-M9KsqE.js
Reusing existing connection to www.prvd.com:80.
HTTP request sent, awaiting response... 200 OK
Length: 102092 (100K) [application/x-javascript]
Saving to: `code/../crawls/personalcreations.com/Privacy-Policy/raw/www.providecommerce.com/sites/default/files/js/js_eMjZ6Z1kKo5sjySRbJdvIkCHugjVCdO-e3tY-M9KsqE.js'

     0K .......... .......... .......... .......... .......... 50%  674K 0s
    50K .......... .......... .......... .......... ......... 100% 1.17M=0.1s

2013-01-16 05:18:01 (862 KB/s) - `code/../crawls/personalcreations.com/Privacy-Policy/raw/www.providecommerce.com/sites/default/files/js/js_eMjZ6Z1kKo5sjySRbJdvIkCHugjVCdO-e3tY-M9KsqE.js' saved [102092/102092]

--2013-01-16 05:18:01--  http://www.providecommerce.com/sites/default/files/js/js_R9UbiVw2xuTUI0GZoaqMDOdX0lrZtgX-ono8RVOUEVc.js
Reusing existing connection to www.prvd.com:80.
HTTP request sent, awaiting response... 200 OK
Length: 984 [application/x-javascript]
Saving to: `code/../crawls/personalcreations.com/Privacy-Policy/raw/www.providecommerce.com/sites/default/files/js/js_R9UbiVw2xuTUI0GZoaqMDOdX0lrZtgX-ono8RVOUEVc.js'

     0K                                                       100%  168M=0s

2013-01-16 05:18:01 (168 MB/s) - `code/../crawls/personalcreations.com/Privacy-Policy/raw/www.providecommerce.com/sites/default/files/js/js_R9UbiVw2xuTUI0GZoaqMDOdX0lrZtgX-ono8RVOUEVc.js' saved [984/984]

--2013-01-16 05:18:01--  http://www.providecommerce.com/sites/default/files/js/js_UEhEeqgsMWlEOL_6c9-U0_V7cuzygHb1MmZHAWMHPzU.js
Reusing existing connection to www.prvd.com:80.
HTTP request sent, awaiting response... 200 OK
Length: 1903 (1.9K) [application/x-javascript]
Saving to: `code/../crawls/personalcreations.com/Privacy-Policy/raw/www.providecommerce.com/sites/default/files/js/js_UEhEeqgsMWlEOL_6c9-U0_V7cuzygHb1MmZHAWMHPzU.js'

     0K .                                                     100% 10.1M=0s

2013-01-16 05:18:01 (10.1 MB/s) - `code/../crawls/personalcreations.com/Privacy-Policy/raw/www.providecommerce.com/sites/default/files/js/js_UEhEeqgsMWlEOL_6c9-U0_V7cuzygHb1MmZHAWMHPzU.js' saved [1903/1903]

--2013-01-16 05:18:01--  http://www.providecommerce.com/sites/default/files/js/js__hwp2bvchPSaxlq64WWYjswxtLwPN8-MVst4zC5wPl0.js
Reusing existing connection to www.prvd.com:80.
HTTP request sent, awaiting response... 200 OK
Length: 19672 (19K) [application/x-javascript]
Saving to: `code/../crawls/personalcreations.com/Privacy-Policy/raw/www.providecommerce.com/sites/default/files/js/js__hwp2bvchPSaxlq64WWYjswxtLwPN8-MVst4zC5wPl0.js'

     0K .......... .........                                  100% 11.5M=0.002s

2013-01-16 05:18:01 (11.5 MB/s) - `code/../crawls/personalcreations.com/Privacy-Policy/raw/www.providecommerce.com/sites/default/files/js/js__hwp2bvchPSaxlq64WWYjswxtLwPN8-MVst4zC5wPl0.js' saved [19672/19672]

--2013-01-16 05:18:01--  http://www.providecommerce.com/sites/all/themes/provide/includes/images/global/logo-provide_commerce.png
Reusing existing connection to www.prvd.com:80.
HTTP request sent, awaiting response... 200 OK
Length: 7537 (7.4K) [image/png]
Saving to: `code/../crawls/personalcreations.com/Privacy-Policy/raw/www.providecommerce.com/sites/all/themes/provide/includes/images/global/logo-provide_commerce.png'

     0K .......                                               100% 15.7M=0s

2013-01-16 05:18:01 (15.7 MB/s) - `code/../crawls/personalcreations.com/Privacy-Policy/raw/www.providecommerce.com/sites/all/themes/provide/includes/images/global/logo-provide_commerce.png' saved [7537/7537]

--2013-01-16 05:18:01--  http://www.providecommerce.com/sites/default/files/pages/header_privacy_policy.png
Reusing existing connection to www.prvd.com:80.
HTTP request sent, awaiting response... 200 OK
Length: 8103 (7.9K) [image/png]
Saving to: `code/../crawls/personalcreations.com/Privacy-Policy/raw/www.providecommerce.com/sites/default/files/pages/header_privacy_policy.png'

     0K .......                                               100% 12.3M=0.001s

2013-01-16 05:18:01 (12.3 MB/s) - `code/../crawls/personalcreations.com/Privacy-Policy/raw/www.providecommerce.com/sites/default/files/pages/header_privacy_policy.png' saved [8103/8103]

--2013-01-16 05:18:01--  http://www.providecommerce.com/sites/default/files/promos/link_our_brands_text.png
Reusing existing connection to www.prvd.com:80.
HTTP request sent, awaiting response... 200 OK
Length: 3533 (3.5K) [image/png]
Saving to: `code/../crawls/personalcreations.com/Privacy-Policy/raw/www.providecommerce.com/sites/default/files/promos/link_our_brands_text.png'

     0K ...                                                   100% 13.5M=0s

2013-01-16 05:18:01 (13.5 MB/s) - `code/../crawls/personalcreations.com/Privacy-Policy/raw/www.providecommerce.com/sites/default/files/promos/link_our_brands_text.png' saved [3533/3533]

--2013-01-16 05:18:01--  http://www.providecommerce.com/sites/default/files/promos/link_our_brands_bg.jpg
Reusing existing connection to www.prvd.com:80.
HTTP request sent, awaiting response... 200 OK
Length: 31690 (31K) [image/jpeg]
Saving to: `code/../crawls/personalcreations.com/Privacy-Policy/raw/www.providecommerce.com/sites/default/files/promos/link_our_brands_bg.jpg'

     0K .......... .......... ..........                      100% 10.8M=0.003s

2013-01-16 05:18:01 (10.8 MB/s) - `code/../crawls/personalcreations.com/Privacy-Policy/raw/www.providecommerce.com/sites/default/files/promos/link_our_brands_bg.jpg' saved [31690/31690]

--2013-01-16 05:18:01--  http://www.providecommerce.com/sites/default/files/promos/link_what_we_stand_for_text.png
Reusing existing connection to www.prvd.com:80.
HTTP request sent, awaiting response... 200 OK
Length: 4818 (4.7K) [image/png]
Saving to: `code/../crawls/personalcreations.com/Privacy-Policy/raw/www.providecommerce.com/sites/default/files/promos/link_what_we_stand_for_text.png'

     0K ....                                                  100% 10.7M=0s

2013-01-16 05:18:01 (10.7 MB/s) - `code/../crawls/personalcreations.com/Privacy-Policy/raw/www.providecommerce.com/sites/default/files/promos/link_what_we_stand_for_text.png' saved [4818/4818]

--2013-01-16 05:18:01--  http://www.providecommerce.com/sites/default/files/promos/link_our_values_bg.jpg
Reusing existing connection to www.prvd.com:80.
HTTP request sent, awaiting response... 200 OK
Length: 28699 (28K) [image/jpeg]
Saving to: `code/../crawls/personalcreations.com/Privacy-Policy/raw/www.providecommerce.com/sites/default/files/promos/link_our_values_bg.jpg'

     0K .......... .......... ........                        100% 11.5M=0.002s

2013-01-16 05:18:01 (11.5 MB/s) - `code/../crawls/personalcreations.com/Privacy-Policy/raw/www.providecommerce.com/sites/default/files/promos/link_our_values_bg.jpg' saved [28699/28699]

--2013-01-16 05:18:01--  http://www.providecommerce.com/sites/default/files/promos/link_our_story_0.png
Reusing existing connection to www.prvd.com:80.
HTTP request sent, awaiting response... 200 OK
Length: 4363 (4.3K) [image/png]
Saving to: `code/../crawls/personalcreations.com/Privacy-Policy/raw/www.providecommerce.com/sites/default/files/promos/link_our_story_0.png'

     0K ....                                                  100% 13.2M=0s

2013-01-16 05:18:01 (13.2 MB/s) - `code/../crawls/personalcreations.com/Privacy-Policy/raw/www.providecommerce.com/sites/default/files/promos/link_our_story_0.png' saved [4363/4363]

--2013-01-16 05:18:01--  http://www.providecommerce.com/sites/default/files/promos/link_our_story_bg_0.jpg
Reusing existing connection to www.prvd.com:80.
HTTP request sent, awaiting response... 200 OK
Length: 19019 (19K) [image/jpeg]
Saving to: `code/../crawls/personalcreations.com/Privacy-Policy/raw/www.providecommerce.com/sites/default/files/promos/link_our_story_bg_0.jpg'

     0K .......... ........                                   100% 7.55M=0.002s

2013-01-16 05:18:02 (7.55 MB/s) - `code/../crawls/personalcreations.com/Privacy-Policy/raw/www.providecommerce.com/sites/default/files/promos/link_our_story_bg_0.jpg' saved [19019/19019]

--2013-01-16 05:18:02--  http://www.providecommerce.com/sites/all/themes/provide/includes/js/s_code.js
Reusing existing connection to www.prvd.com:80.
HTTP request sent, awaiting response... 200 OK
Length: 33048 (32K) [application/x-javascript]
Saving to: `code/../crawls/personalcreations.com/Privacy-Policy/raw/www.providecommerce.com/sites/all/themes/provide/includes/js/s_code.js'

     0K .......... .......... .......... ..                   100% 11.2M=0.003s

2013-01-16 05:18:02 (11.2 MB/s) - `code/../crawls/personalcreations.com/Privacy-Policy/raw/www.providecommerce.com/sites/all/themes/provide/includes/js/s_code.js' saved [33048/33048]

--2013-01-16 05:18:02--  http://proflowers1.112.2o7.net/b/ss/proflodevelopment/1/H.25.1--NS/0
Resolving proflowers1.112.2o7.net... 66.235.138.59, 66.235.139.118, 66.235.139.121, ...
Connecting to proflowers1.112.2o7.net|66.235.138.59|:80... connected.
HTTP request sent, awaiting response... 302 Found
Location: http://proflowers1.112.2o7.net/b/ss/proflodevelopment/1/H.25.1--NS/0?AQB=1&pccr=true&AQE=1 [following]
--2013-01-16 05:18:02--  http://proflowers1.112.2o7.net/b/ss/proflodevelopment/1/H.25.1--NS/0?AQB=1&pccr=true&AQE=1
Reusing existing connection to proflowers1.112.2o7.net:80.
HTTP request sent, awaiting response... 200 OK
Length: 43 [image/gif]
Saving to: `code/../crawls/personalcreations.com/Privacy-Policy/raw/proflowers1.112.2o7.net/b/ss/proflodevelopment/1/H.25.1--NS/0'

     0K                                                       100% 7.14M=0s

2013-01-16 05:18:02 (7.14 MB/s) - `code/../crawls/personalcreations.com/Privacy-Policy/raw/proflowers1.112.2o7.net/b/ss/proflodevelopment/1/H.25.1--NS/0' saved [43/43]

--2013-01-16 05:18:02--  http://www.providecommerce.com/misc/throbber.gif
Connecting to www.providecommerce.com|64.207.179.206|:80... connected.
HTTP request sent, awaiting response... 200 OK
Length: 1336 (1.3K) [image/gif]
Saving to: `code/../crawls/personalcreations.com/Privacy-Policy/raw/www.providecommerce.com/misc/throbber.gif'

     0K .                                                     100% 9.21M=0s

2013-01-16 05:18:02 (9.21 MB/s) - `code/../crawls/personalcreations.com/Privacy-Policy/raw/www.providecommerce.com/misc/throbber.gif' saved [1336/1336]

--2013-01-16 05:18:02--  http://www.providecommerce.com/misc/grippie.png
Reusing existing connection to www.providecommerce.com:80.
HTTP request sent, awaiting response... 200 OK
Length: 106 [image/png]
Saving to: `code/../crawls/personalcreations.com/Privacy-Policy/raw/www.providecommerce.com/misc/grippie.png'

     0K                                                       100% 18.9M=0s

2013-01-16 05:18:02 (18.9 MB/s) - `code/../crawls/personalcreations.com/Privacy-Policy/raw/www.providecommerce.com/misc/grippie.png' saved [106/106]

--2013-01-16 05:18:02--  http://www.providecommerce.com/misc/draggable.png
Reusing existing connection to www.providecommerce.com:80.
HTTP request sent, awaiting response... 200 OK
Length: 268 [image/png]
Saving to: `code/../crawls/personalcreations.com/Privacy-Policy/raw/www.providecommerce.com/misc/draggable.png'

     0K                                                       100% 47.5M=0s

2013-01-16 05:18:02 (47.5 MB/s) - `code/../crawls/personalcreations.com/Privacy-Policy/raw/www.providecommerce.com/misc/draggable.png' saved [268/268]

--2013-01-16 05:18:02--  http://www.providecommerce.com/misc/tree.png
Reusing existing connection to www.providecommerce.com:80.
HTTP request sent, awaiting response... 200 OK
Length: 130 [image/png]
Saving to: `code/../crawls/personalcreations.com/Privacy-Policy/raw/www.providecommerce.com/misc/tree.png'

     0K                                                       100% 22.5M=0s

2013-01-16 05:18:02 (22.5 MB/s) - `code/../crawls/personalcreations.com/Privacy-Policy/raw/www.providecommerce.com/misc/tree.png' saved [130/130]

--2013-01-16 05:18:02--  http://www.providecommerce.com/misc/tree-bottom.png
Reusing existing connection to www.providecommerce.com:80.
HTTP request sent, awaiting response... 200 OK
Length: 129 [image/png]
Saving to: `code/../crawls/personalcreations.com/Privacy-Policy/raw/www.providecommerce.com/misc/tree-bottom.png'

     0K                                                       100% 21.8M=0s

2013-01-16 05:18:02 (21.8 MB/s) - `code/../crawls/personalcreations.com/Privacy-Policy/raw/www.providecommerce.com/misc/tree-bottom.png' saved [129/129]

--2013-01-16 05:18:02--  http://www.providecommerce.com/misc/menu-expanded.png
Reusing existing connection to www.providecommerce.com:80.
HTTP request sent, awaiting response... 200 OK
Length: 106 [image/png]
Saving to: `code/../crawls/personalcreations.com/Privacy-Policy/raw/www.providecommerce.com/misc/menu-expanded.png'

     0K                                                       100% 16.8M=0s

2013-01-16 05:18:02 (16.8 MB/s) - `code/../crawls/personalcreations.com/Privacy-Policy/raw/www.providecommerce.com/misc/menu-expanded.png' saved [106/106]

--2013-01-16 05:18:02--  http://www.providecommerce.com/misc/menu-collapsed.png
Reusing existing connection to www.providecommerce.com:80.
HTTP request sent, awaiting response... 200 OK
Length: 105 [image/png]
Saving to: `code/../crawls/personalcreations.com/Privacy-Policy/raw/www.providecommerce.com/misc/menu-collapsed.png'

     0K                                                       100% 18.2M=0s

2013-01-16 05:18:02 (18.2 MB/s) - `code/../crawls/personalcreations.com/Privacy-Policy/raw/www.providecommerce.com/misc/menu-collapsed.png' saved [105/105]

--2013-01-16 05:18:02--  http://www.providecommerce.com/misc/menu-leaf.png
Reusing existing connection to www.providecommerce.com:80.
HTTP request sent, awaiting response... 200 OK
Length: 126 [image/png]
Saving to: `code/../crawls/personalcreations.com/Privacy-Policy/raw/www.providecommerce.com/misc/menu-leaf.png'

     0K                                                       100% 21.5M=0s

2013-01-16 05:18:02 (21.5 MB/s) - `code/../crawls/personalcreations.com/Privacy-Policy/raw/www.providecommerce.com/misc/menu-leaf.png' saved [126/126]

--2013-01-16 05:18:02--  http://www.providecommerce.com/misc/message-24-ok.png
Reusing existing connection to www.providecommerce.com:80.
HTTP request sent, awaiting response... 200 OK
Length: 1058 (1.0K) [image/png]
Saving to: `code/../crawls/personalcreations.com/Privacy-Policy/raw/www.providecommerce.com/misc/message-24-ok.png'

     0K .                                                     100% 13.2M=0s

2013-01-16 05:18:02 (13.2 MB/s) - `code/../crawls/personalcreations.com/Privacy-Policy/raw/www.providecommerce.com/misc/message-24-ok.png' saved [1058/1058]

--2013-01-16 05:18:02--  http://www.providecommerce.com/misc/message-24-warning.png
Reusing existing connection to www.providecommerce.com:80.
HTTP request sent, awaiting response... 200 OK
Length: 753 [image/png]
Saving to: `code/../crawls/personalcreations.com/Privacy-Policy/raw/www.providecommerce.com/misc/message-24-warning.png'

     0K                                                       100%  132M=0s

2013-01-16 05:18:02 (132 MB/s) - `code/../crawls/personalcreations.com/Privacy-Policy/raw/www.providecommerce.com/misc/message-24-warning.png' saved [753/753]

--2013-01-16 05:18:02--  http://www.providecommerce.com/misc/message-24-error.png
Reusing existing connection to www.providecommerce.com:80.
HTTP request sent, awaiting response... 200 OK
Length: 733 [image/png]
Saving to: `code/../crawls/personalcreations.com/Privacy-Policy/raw/www.providecommerce.com/misc/message-24-error.png'

     0K                                                       100%  125M=0s

2013-01-16 05:18:03 (125 MB/s) - `code/../crawls/personalcreations.com/Privacy-Policy/raw/www.providecommerce.com/misc/message-24-error.png' saved [733/733]

--2013-01-16 05:18:03--  http://www.providecommerce.com/misc/help.png
Reusing existing connection to www.providecommerce.com:80.
HTTP request sent, awaiting response... 200 OK
Length: 294 [image/png]
Saving to: `code/../crawls/personalcreations.com/Privacy-Policy/raw/www.providecommerce.com/misc/help.png'

     0K                                                       100% 49.5M=0s

2013-01-16 05:18:03 (49.5 MB/s) - `code/../crawls/personalcreations.com/Privacy-Policy/raw/www.providecommerce.com/misc/help.png' saved [294/294]

--2013-01-16 05:18:03--  http://www.providecommerce.com/misc/progress.gif
Reusing existing connection to www.providecommerce.com:80.
HTTP request sent, awaiting response... 200 OK
Length: 5872 (5.7K) [image/gif]
Saving to: `code/../crawls/personalcreations.com/Privacy-Policy/raw/www.providecommerce.com/misc/progress.gif'

     0K .....                                                 100% 78.3K=0.07s

2013-01-16 05:18:03 (78.3 KB/s) - `code/../crawls/personalcreations.com/Privacy-Policy/raw/www.providecommerce.com/misc/progress.gif' saved [5872/5872]

--2013-01-16 05:18:03--  http://www.providecommerce.com/sites/all/modules/contrib/ckeditor/images/tick.png
Reusing existing connection to www.providecommerce.com:80.
HTTP request sent, awaiting response... 200 OK
Length: 537 [image/png]
Saving to: `code/../crawls/personalcreations.com/Privacy-Policy/raw/www.providecommerce.com/sites/all/modules/contrib/ckeditor/images/tick.png'

     0K                                                       100% 90.3M=0s

2013-01-16 05:18:03 (90.3 MB/s) - `code/../crawls/personalcreations.com/Privacy-Policy/raw/www.providecommerce.com/sites/all/modules/contrib/ckeditor/images/tick.png' saved [537/537]

--2013-01-16 05:18:03--  http://www.providecommerce.com/sites/all/modules/contrib/ckeditor/images/delete.png
Reusing existing connection to www.providecommerce.com:80.
HTTP request sent, awaiting response... 200 OK
Length: 715 [image/png]
Saving to: `code/../crawls/personalcreations.com/Privacy-Policy/raw/www.providecommerce.com/sites/all/modules/contrib/ckeditor/images/delete.png'

     0K                                                       100%  123M=0s

2013-01-16 05:18:03 (123 MB/s) - `code/../crawls/personalcreations.com/Privacy-Policy/raw/www.providecommerce.com/sites/all/modules/contrib/ckeditor/images/delete.png' saved [715/715]

--2013-01-16 05:18:03--  http://www.providecommerce.com/sites/all/modules/contrib/ctools/images/status-active.gif
Reusing existing connection to www.providecommerce.com:80.
HTTP request sent, awaiting response... 200 OK
Length: 2196 (2.1K) [image/gif]
Saving to: `code/../crawls/personalcreations.com/Privacy-Policy/raw/www.providecommerce.com/sites/all/modules/contrib/ctools/images/status-active.gif'

     0K ..                                                    100% 27.8M=0s

2013-01-16 05:18:03 (27.8 MB/s) - `code/../crawls/personalcreations.com/Privacy-Policy/raw/www.providecommerce.com/sites/all/modules/contrib/ctools/images/status-active.gif' saved [2196/2196]

--2013-01-16 05:18:03--  http://www.providecommerce.com/sites/all/themes/provide/includes/webfonts/22F1C2_8_0.eot
Reusing existing connection to www.providecommerce.com:80.
HTTP request sent, awaiting response... 200 OK
Length: 90060 (88K) [text/plain]
Saving to: `code/../crawls/personalcreations.com/Privacy-Policy/raw/www.providecommerce.com/sites/all/themes/provide/includes/webfonts/22F1C2_8_0.eot'

     0K .......... .......... .......... .......... .......... 56%  227K 0s
    50K .......... .......... .......... .......              100%  341K=0.3s

2013-01-16 05:18:03 (265 KB/s) - `code/../crawls/personalcreations.com/Privacy-Policy/raw/www.providecommerce.com/sites/all/themes/provide/includes/webfonts/22F1C2_8_0.eot' saved [90060/90060]

--2013-01-16 05:18:03--  http://www.providecommerce.com/sites/all/themes/provide/includes/webfonts/22F1C2_8_0.eot?
Reusing existing connection to www.providecommerce.com:80.
HTTP request sent, awaiting response... 200 OK
Length: 90060 (88K) [text/plain]
Saving to: `code/../crawls/personalcreations.com/Privacy-Policy/raw/www.providecommerce.com/sites/all/themes/provide/includes/webfonts/22F1C2_8_0.eot'

     0K .......... .......... .......... .......... .......... 56%  672K 0s
    50K .......... .......... .......... .......              100% 11.1M=0.08s

2013-01-16 05:18:04 (1.10 MB/s) - `code/../crawls/personalcreations.com/Privacy-Policy/raw/www.providecommerce.com/sites/all/themes/provide/includes/webfonts/22F1C2_8_0.eot' saved [90060/90060]

--2013-01-16 05:18:04--  http://www.providecommerce.com/sites/all/themes/provide/includes/webfonts/22F1C2_8_0.woff
Reusing existing connection to www.providecommerce.com:80.
HTTP request sent, awaiting response... 200 OK
Length: 45452 (44K) [text/plain]
Saving to: `code/../crawls/personalcreations.com/Privacy-Policy/raw/www.providecommerce.com/sites/all/themes/provide/includes/webfonts/22F1C2_8_0.woff'

     0K .......... .......... .......... .......... ....      100% 11.2M=0.004s

2013-01-16 05:18:04 (11.2 MB/s) - `code/../crawls/personalcreations.com/Privacy-Policy/raw/www.providecommerce.com/sites/all/themes/provide/includes/webfonts/22F1C2_8_0.woff' saved [45452/45452]

--2013-01-16 05:18:04--  http://www.providecommerce.com/sites/all/themes/provide/includes/webfonts/22F1C2_8_0.ttf
Reusing existing connection to www.providecommerce.com:80.
HTTP request sent, awaiting response... 200 OK
Length: 89788 (88K) [text/plain]
Saving to: `code/../crawls/personalcreations.com/Privacy-Policy/raw/www.providecommerce.com/sites/all/themes/provide/includes/webfonts/22F1C2_8_0.ttf'

     0K .......... .......... .......... .......... .......... 57% 11.0M 0s
    50K .......... .......... .......... .......              100%  526K=0.08s

2013-01-16 05:18:04 (1.13 MB/s) - `code/../crawls/personalcreations.com/Privacy-Policy/raw/www.providecommerce.com/sites/all/themes/provide/includes/webfonts/22F1C2_8_0.ttf' saved [89788/89788]

--2013-01-16 05:18:04--  http://www.providecommerce.com/sites/all/themes/provide/includes/webfonts/22F1C2_9_0.eot
Reusing existing connection to www.providecommerce.com:80.
HTTP request sent, awaiting response... 200 OK
Length: 80572 (79K) [text/plain]
Saving to: `code/../crawls/personalcreations.com/Privacy-Policy/raw/www.providecommerce.com/sites/all/themes/provide/includes/webfonts/22F1C2_9_0.eot'

     0K .......... .......... .......... .......... .......... 63% 10.8M 0s
    50K .......... .......... ........                        100%  412K=0.07s

2013-01-16 05:18:04 (1.04 MB/s) - `code/../crawls/personalcreations.com/Privacy-Policy/raw/www.providecommerce.com/sites/all/themes/provide/includes/webfonts/22F1C2_9_0.eot' saved [80572/80572]

--2013-01-16 05:18:04--  http://www.providecommerce.com/sites/all/themes/provide/includes/webfonts/22F1C2_9_0.eot?
Reusing existing connection to www.providecommerce.com:80.
HTTP request sent, awaiting response... 200 OK
Length: 80572 (79K) [text/plain]
Saving to: `code/../crawls/personalcreations.com/Privacy-Policy/raw/www.providecommerce.com/sites/all/themes/provide/includes/webfonts/22F1C2_9_0.eot'

     0K .......... .......... .......... .......... .......... 63% 11.0M 0s
    50K .......... .......... ........                        100%  415K=0.07s

2013-01-16 05:18:04 (1.04 MB/s) - `code/../crawls/personalcreations.com/Privacy-Policy/raw/www.providecommerce.com/sites/all/themes/provide/includes/webfonts/22F1C2_9_0.eot' saved [80572/80572]

--2013-01-16 05:18:04--  http://www.providecommerce.com/sites/all/themes/provide/includes/webfonts/22F1C2_9_0.woff
Reusing existing connection to www.providecommerce.com:80.
HTTP request sent, awaiting response... 200 OK
Length: 42178 (41K) [text/plain]
Saving to: `code/../crawls/personalcreations.com/Privacy-Policy/raw/www.providecommerce.com/sites/all/themes/provide/includes/webfonts/22F1C2_9_0.woff'

     0K .......... .......... .......... .......... .         100% 11.1M=0.004s

2013-01-16 05:18:04 (11.1 MB/s) - `code/../crawls/personalcreations.com/Privacy-Policy/raw/www.providecommerce.com/sites/all/themes/provide/includes/webfonts/22F1C2_9_0.woff' saved [42178/42178]

--2013-01-16 05:18:04--  http://www.providecommerce.com/sites/all/themes/provide/includes/webfonts/22F1C2_9_0.ttf
Reusing existing connection to www.providecommerce.com:80.
HTTP request sent, awaiting response... 200 OK
Length: 80328 (78K) [text/plain]
Saving to: `code/../crawls/personalcreations.com/Privacy-Policy/raw/www.providecommerce.com/sites/all/themes/provide/includes/webfonts/22F1C2_9_0.ttf'

     0K .......... .......... .......... .......... .......... 63% 10.1M 0s
    50K .......... .......... ........                        100%  416K=0.07s

2013-01-16 05:18:04 (1.05 MB/s) - `code/../crawls/personalcreations.com/Privacy-Policy/raw/www.providecommerce.com/sites/all/themes/provide/includes/webfonts/22F1C2_9_0.ttf' saved [80328/80328]

--2013-01-16 05:18:04--  http://www.providecommerce.com/sites/all/themes/provide/includes/webfonts/22F1C2_C_0.eot
Reusing existing connection to www.providecommerce.com:80.
HTTP request sent, awaiting response... 200 OK
Length: 89800 (88K) [text/plain]
Saving to: `code/../crawls/personalcreations.com/Privacy-Policy/raw/www.providecommerce.com/sites/all/themes/provide/includes/webfonts/22F1C2_C_0.eot'

     0K .......... .......... .......... .......... .......... 57% 10.9M 0s
    50K .......... .......... .......... .......              100%  539K=0.07s

2013-01-16 05:18:04 (1.15 MB/s) - `code/../crawls/personalcreations.com/Privacy-Policy/raw/www.providecommerce.com/sites/all/themes/provide/includes/webfonts/22F1C2_C_0.eot' saved [89800/89800]

--2013-01-16 05:18:04--  http://www.providecommerce.com/sites/all/themes/provide/includes/webfonts/22F1C2_C_0.eot?
Reusing existing connection to www.providecommerce.com:80.
HTTP request sent, awaiting response... 200 OK
Length: 89800 (88K) [text/plain]
Saving to: `code/../crawls/personalcreations.com/Privacy-Policy/raw/www.providecommerce.com/sites/all/themes/provide/includes/webfonts/22F1C2_C_0.eot'

     0K .......... .......... .......... .......... .......... 57% 11.3M 0s
    50K .......... .......... .......... .......              100%  541K=0.07s

2013-01-16 05:18:05 (1.16 MB/s) - `code/../crawls/personalcreations.com/Privacy-Policy/raw/www.providecommerce.com/sites/all/themes/provide/includes/webfonts/22F1C2_C_0.eot' saved [89800/89800]

--2013-01-16 05:18:05--  http://www.providecommerce.com/sites/all/themes/provide/includes/webfonts/22F1C2_C_0.woff
Reusing existing connection to www.providecommerce.com:80.
HTTP request sent, awaiting response... 200 OK
Length: 45618 (45K) [text/plain]
Saving to: `code/../crawls/personalcreations.com/Privacy-Policy/raw/www.providecommerce.com/sites/all/themes/provide/includes/webfonts/22F1C2_C_0.woff'

     0K .......... .......... .......... .......... ....      100% 11.3M=0.004s

2013-01-16 05:18:05 (11.3 MB/s) - `code/../crawls/personalcreations.com/Privacy-Policy/raw/www.providecommerce.com/sites/all/themes/provide/includes/webfonts/22F1C2_C_0.woff' saved [45618/45618]

--2013-01-16 05:18:05--  http://www.providecommerce.com/sites/all/themes/provide/includes/webfonts/22F1C2_C_0.ttf
Reusing existing connection to www.providecommerce.com:80.
HTTP request sent, awaiting response... 200 OK
Length: 89528 (87K) [text/plain]
Saving to: `code/../crawls/personalcreations.com/Privacy-Policy/raw/www.providecommerce.com/sites/all/themes/provide/includes/webfonts/22F1C2_C_0.ttf'

     0K .......... .......... .......... .......... .......... 57% 10.9M 0s
    50K .......... .......... .......... .......              100%  545K=0.07s

2013-01-16 05:18:05 (1.17 MB/s) - `code/../crawls/personalcreations.com/Privacy-Policy/raw/www.providecommerce.com/sites/all/themes/provide/includes/webfonts/22F1C2_C_0.ttf' saved [89528/89528]

--2013-01-16 05:18:05--  http://www.providecommerce.com/sites/all/themes/provide/includes/webfonts/22F1C2_D_0.eot
Reusing existing connection to www.providecommerce.com:80.
HTTP request sent, awaiting response... 200 OK
Length: 83364 (81K) [text/plain]
Saving to: `code/../crawls/personalcreations.com/Privacy-Policy/raw/www.providecommerce.com/sites/all/themes/provide/includes/webfonts/22F1C2_D_0.eot'

     0K .......... .......... .......... .......... .......... 61%  161M 0s
    50K .......... .......... .......... .                    100%  143M=0.001s

2013-01-16 05:18:06 (153 MB/s) - `code/../crawls/personalcreations.com/Privacy-Policy/raw/www.providecommerce.com/sites/all/themes/provide/includes/webfonts/22F1C2_D_0.eot' saved [83364/83364]

--2013-01-16 05:18:06--  http://www.providecommerce.com/sites/all/themes/provide/includes/webfonts/22F1C2_D_0.eot?
Reusing existing connection to www.providecommerce.com:80.
HTTP request sent, awaiting response... 200 OK
Length: 83364 (81K) [text/plain]
Saving to: `code/../crawls/personalcreations.com/Privacy-Policy/raw/www.providecommerce.com/sites/all/themes/provide/includes/webfonts/22F1C2_D_0.eot'

     0K .......... .......... .......... .......... .......... 61%  225K 0s
    50K .......... .......... .......... .                    100%  430K=0.3s

2013-01-16 05:18:07 (276 KB/s) - `code/../crawls/personalcreations.com/Privacy-Policy/raw/www.providecommerce.com/sites/all/themes/provide/includes/webfonts/22F1C2_D_0.eot' saved [83364/83364]

--2013-01-16 05:18:07--  http://www.providecommerce.com/sites/all/themes/provide/includes/webfonts/22F1C2_D_0.woff
Reusing existing connection to www.providecommerce.com:80.
HTTP request sent, awaiting response... 200 OK
Length: 43175 (42K) [text/plain]
Saving to: `code/../crawls/personalcreations.com/Privacy-Policy/raw/www.providecommerce.com/sites/all/themes/provide/includes/webfonts/22F1C2_D_0.woff'

     0K .......... .......... .......... .......... ..        100%  575K=0.07s

2013-01-16 05:18:07 (575 KB/s) - `code/../crawls/personalcreations.com/Privacy-Policy/raw/www.providecommerce.com/sites/all/themes/provide/includes/webfonts/22F1C2_D_0.woff' saved [43175/43175]

--2013-01-16 05:18:07--  http://www.providecommerce.com/sites/all/themes/provide/includes/webfonts/22F1C2_D_0.ttf
Reusing existing connection to www.providecommerce.com:80.
HTTP request sent, awaiting response... 200 OK
Length: 83120 (81K) [text/plain]
Saving to: `code/../crawls/personalcreations.com/Privacy-Policy/raw/www.providecommerce.com/sites/all/themes/provide/includes/webfonts/22F1C2_D_0.ttf'

     0K .......... .......... .......... .......... .......... 61% 40.0K 1s
    50K .......... .......... .......... .                    100%  177M=1.3s

2013-01-16 05:18:08 (64.9 KB/s) - `code/../crawls/personalcreations.com/Privacy-Policy/raw/www.providecommerce.com/sites/all/themes/provide/includes/webfonts/22F1C2_D_0.ttf' saved [83120/83120]

--2013-01-16 05:18:08--  http://www.providecommerce.com/sites/all/themes/provide/includes/webfonts/240425_0_0.eot
Reusing existing connection to www.providecommerce.com:80.
HTTP request sent, awaiting response... 200 OK
Length: 81296 (79K) [text/plain]
Saving to: `code/../crawls/personalcreations.com/Privacy-Policy/raw/www.providecommerce.com/sites/all/themes/provide/includes/webfonts/240425_0_0.eot'

     0K .......... .......... .......... .......... .......... 62%  226K 0s
    50K .......... .......... .........                       100%  403K=0.3s

2013-01-16 05:18:09 (270 KB/s) - `code/../crawls/personalcreations.com/Privacy-Policy/raw/www.providecommerce.com/sites/all/themes/provide/includes/webfonts/240425_0_0.eot' saved [81296/81296]

--2013-01-16 05:18:09--  http://www.providecommerce.com/sites/all/themes/provide/includes/webfonts/240425_0_0.eot?
Reusing existing connection to www.providecommerce.com:80.
HTTP request sent, awaiting response... 200 OK
Length: 81296 (79K) [text/plain]
Saving to: `code/../crawls/personalcreations.com/Privacy-Policy/raw/www.providecommerce.com/sites/all/themes/provide/includes/webfonts/240425_0_0.eot'

     0K .......... .......... .......... .......... .......... 62%  673K 0s
    50K .......... .......... .........                       100% 11.6M=0.08s

2013-01-16 05:18:09 (1.01 MB/s) - `code/../crawls/personalcreations.com/Privacy-Policy/raw/www.providecommerce.com/sites/all/themes/provide/includes/webfonts/240425_0_0.eot' saved [81296/81296]

--2013-01-16 05:18:09--  http://www.providecommerce.com/sites/all/themes/provide/includes/webfonts/240425_0_0.woff
Reusing existing connection to www.providecommerce.com:80.
HTTP request sent, awaiting response... 200 OK
Length: 41985 (41K) [text/plain]
Saving to: `code/../crawls/personalcreations.com/Privacy-Policy/raw/www.providecommerce.com/sites/all/themes/provide/includes/webfonts/240425_0_0.woff'

     0K .......... .......... .......... .......... .         100% 11.0M=0.004s

2013-01-16 05:18:09 (11.0 MB/s) - `code/../crawls/personalcreations.com/Privacy-Policy/raw/www.providecommerce.com/sites/all/themes/provide/includes/webfonts/240425_0_0.woff' saved [41985/41985]

--2013-01-16 05:18:09--  http://www.providecommerce.com/sites/all/themes/provide/includes/webfonts/240425_0_0.ttf
Reusing existing connection to www.providecommerce.com:80.
HTTP request sent, awaiting response... 200 OK
Length: 81044 (79K) [text/plain]
Saving to: `code/../crawls/personalcreations.com/Privacy-Policy/raw/www.providecommerce.com/sites/all/themes/provide/includes/webfonts/240425_0_0.ttf'

     0K .......... .......... .......... .......... .......... 63% 11.0M 0s
    50K .......... .......... .........                       100%  411K=0.08s

2013-01-16 05:18:09 (1.03 MB/s) - `code/../crawls/personalcreations.com/Privacy-Policy/raw/www.providecommerce.com/sites/all/themes/provide/includes/webfonts/240425_0_0.ttf' saved [81044/81044]

--2013-01-16 05:18:09--  http://www.providecommerce.com/sites/all/themes/provide/includes/webfonts/museo_slab_500-webfont.eot
Reusing existing connection to www.providecommerce.com:80.
HTTP request sent, awaiting response... 200 OK
Length: 23849 (23K) [text/plain]
Saving to: `code/../crawls/personalcreations.com/Privacy-Policy/raw/www.providecommerce.com/sites/all/themes/provide/includes/webfonts/museo_slab_500-webfont.eot'

     0K .......... .......... ...                             100% 11.0M=0.002s

2013-01-16 05:18:09 (11.0 MB/s) - `code/../crawls/personalcreations.com/Privacy-Policy/raw/www.providecommerce.com/sites/all/themes/provide/includes/webfonts/museo_slab_500-webfont.eot' saved [23849/23849]

--2013-01-16 05:18:09--  http://www.providecommerce.com/sites/all/themes/provide/includes/webfonts/museo_slab_500-webfont.eot?
Reusing existing connection to www.providecommerce.com:80.
HTTP request sent, awaiting response... 200 OK
Length: 23849 (23K) [text/plain]
Saving to: `code/../crawls/personalcreations.com/Privacy-Policy/raw/www.providecommerce.com/sites/all/themes/provide/includes/webfonts/museo_slab_500-webfont.eot'

     0K .......... .......... ...                             100% 11.4M=0.002s

2013-01-16 05:18:09 (11.4 MB/s) - `code/../crawls/personalcreations.com/Privacy-Policy/raw/www.providecommerce.com/sites/all/themes/provide/includes/webfonts/museo_slab_500-webfont.eot' saved [23849/23849]

--2013-01-16 05:18:09--  http://www.providecommerce.com/sites/all/themes/provide/includes/webfonts/museo_slab_500-webfont.woff
Reusing existing connection to www.providecommerce.com:80.
HTTP request sent, awaiting response... 200 OK
Length: 27544 (27K) [text/plain]
Saving to: `code/../crawls/personalcreations.com/Privacy-Policy/raw/www.providecommerce.com/sites/all/themes/provide/includes/webfonts/museo_slab_500-webfont.woff'

     0K .......... .......... ......                          100% 11.6M=0.002s

2013-01-16 05:18:09 (11.6 MB/s) - `code/../crawls/personalcreations.com/Privacy-Policy/raw/www.providecommerce.com/sites/all/themes/provide/includes/webfonts/museo_slab_500-webfont.woff' saved [27544/27544]

--2013-01-16 05:18:09--  http://www.providecommerce.com/sites/all/themes/provide/includes/webfonts/museo_slab_500-webfont.ttf
Reusing existing connection to www.providecommerce.com:80.
HTTP request sent, awaiting response... 200 OK
Length: 49268 (48K) [text/plain]
Saving to: `code/../crawls/personalcreations.com/Privacy-Policy/raw/www.providecommerce.com/sites/all/themes/provide/includes/webfonts/museo_slab_500-webfont.ttf'

     0K .......... .......... .......... .......... ........  100% 10.1M=0.005s

2013-01-16 05:18:10 (10.1 MB/s) - `code/../crawls/personalcreations.com/Privacy-Policy/raw/www.providecommerce.com/sites/all/themes/provide/includes/webfonts/museo_slab_500-webfont.ttf' saved [49268/49268]

--2013-01-16 05:18:10--  http://www.providecommerce.com/sites/all/themes/provide/includes/webfonts/museo_slab_500-webfont.svg
Reusing existing connection to www.providecommerce.com:80.
HTTP request sent, awaiting response... 200 OK
Length: 64555 (63K) [text/xml]
Saving to: `code/../crawls/personalcreations.com/Privacy-Policy/raw/www.providecommerce.com/sites/all/themes/provide/includes/webfonts/museo_slab_500-webfont.svg'

     0K .......... .......... .......... .......... .......... 79% 10.9M 0s
    50K .......... ...                                        100% 12.8M=0.005s

2013-01-16 05:18:10 (11.3 MB/s) - `code/../crawls/personalcreations.com/Privacy-Policy/raw/www.providecommerce.com/sites/all/themes/provide/includes/webfonts/museo_slab_500-webfont.svg' saved [64555/64555]

--2013-01-16 05:18:10--  http://www.providecommerce.com/sites/all/themes/provide/includes/images/global/background-teal_bullet.png
Reusing existing connection to www.providecommerce.com:80.
HTTP request sent, awaiting response... 200 OK
Length: 461 [image/png]
Saving to: `code/../crawls/personalcreations.com/Privacy-Policy/raw/www.providecommerce.com/sites/all/themes/provide/includes/images/global/background-teal_bullet.png'

     0K                                                       100% 77.2M=0s

2013-01-16 05:18:10 (77.2 MB/s) - `code/../crawls/personalcreations.com/Privacy-Policy/raw/www.providecommerce.com/sites/all/themes/provide/includes/images/global/background-teal_bullet.png' saved [461/461]

--2013-01-16 05:18:10--  http://www.providecommerce.com/sites/all/themes/provide/includes/images/global/background-site.png
Reusing existing connection to www.providecommerce.com:80.
HTTP request sent, awaiting response... 200 OK
Length: 127499 (125K) [image/png]
Saving to: `code/../crawls/personalcreations.com/Privacy-Policy/raw/www.providecommerce.com/sites/all/themes/provide/includes/images/global/background-site.png'

     0K .......... .......... .......... .......... .......... 40% 11.0M 0s
    50K .......... .......... .......... .......... .......... 80%  688K 0s
   100K .......... .......... ....                            100% 10.8M=0.08s

2013-01-16 05:18:10 (1.53 MB/s) - `code/../crawls/personalcreations.com/Privacy-Policy/raw/www.providecommerce.com/sites/all/themes/provide/includes/images/global/background-site.png' saved [127499/127499]

--2013-01-16 05:18:10--  http://www.providecommerce.com/sites/all/themes/provide/includes/images/global/controls-expand_link_sprite.png
Reusing existing connection to www.providecommerce.com:80.
HTTP request sent, awaiting response... 200 OK
Length: 4022 (3.9K) [image/png]
Saving to: `code/../crawls/personalcreations.com/Privacy-Policy/raw/www.providecommerce.com/sites/all/themes/provide/includes/images/global/controls-expand_link_sprite.png'

     0K ...                                                   100% 9.57M=0s

2013-01-16 05:18:10 (9.57 MB/s) - `code/../crawls/personalcreations.com/Privacy-Policy/raw/www.providecommerce.com/sites/all/themes/provide/includes/images/global/controls-expand_link_sprite.png' saved [4022/4022]

--2013-01-16 05:18:10--  http://www.providecommerce.com/sites/all/themes/provide/includes/images/global/button-close_white.png
Reusing existing connection to www.providecommerce.com:80.
HTTP request sent, awaiting response... 200 OK
Length: 1254 (1.2K) [image/png]
Saving to: `code/../crawls/personalcreations.com/Privacy-Policy/raw/www.providecommerce.com/sites/all/themes/provide/includes/images/global/button-close_white.png'

     0K .                                                     100% 4.69M=0s

2013-01-16 05:18:10 (4.69 MB/s) - `code/../crawls/personalcreations.com/Privacy-Policy/raw/www.providecommerce.com/sites/all/themes/provide/includes/images/global/button-close_white.png' saved [1254/1254]

--2013-01-16 05:18:10--  http://www.providecommerce.com/sites/all/themes/provide/includes/images/global/controls-left_arrow.png
Reusing existing connection to www.providecommerce.com:80.
HTTP request sent, awaiting response... 200 OK
Length: 447 [image/png]
Saving to: `code/../crawls/personalcreations.com/Privacy-Policy/raw/www.providecommerce.com/sites/all/themes/provide/includes/images/global/controls-left_arrow.png'

     0K                                                       100% 77.4M=0s

2013-01-16 05:18:10 (77.4 MB/s) - `code/../crawls/personalcreations.com/Privacy-Policy/raw/www.providecommerce.com/sites/all/themes/provide/includes/images/global/controls-left_arrow.png' saved [447/447]

--2013-01-16 05:18:10--  http://www.providecommerce.com/sites/all/themes/provide/includes/images/global/controls-right_arrow.png
Reusing existing connection to www.providecommerce.com:80.
HTTP request sent, awaiting response... 200 OK
Length: 443 [image/png]
Saving to: `code/../crawls/personalcreations.com/Privacy-Policy/raw/www.providecommerce.com/sites/all/themes/provide/includes/images/global/controls-right_arrow.png'

     0K                                                       100% 73.1M=0s

2013-01-16 05:18:10 (73.1 MB/s) - `code/../crawls/personalcreations.com/Privacy-Policy/raw/www.providecommerce.com/sites/all/themes/provide/includes/images/global/controls-right_arrow.png' saved [443/443]

--2013-01-16 05:18:10--  http://www.providecommerce.com/sites/all/themes/provide/includes/images/global/icon-linked-in-sprite.png
Reusing existing connection to www.providecommerce.com:80.
HTTP request sent, awaiting response... 200 OK
Length: 2273 (2.2K) [image/png]
Saving to: `code/../crawls/personalcreations.com/Privacy-Policy/raw/www.providecommerce.com/sites/all/themes/provide/includes/images/global/icon-linked-in-sprite.png'

     0K ..                                                    100% 13.7M=0s

2013-01-16 05:18:10 (13.7 MB/s) - `code/../crawls/personalcreations.com/Privacy-Policy/raw/www.providecommerce.com/sites/all/themes/provide/includes/images/global/icon-linked-in-sprite.png' saved [2273/2273]

--2013-01-16 05:18:10--  http://www.providecommerce.com/sites/all/themes/provide/includes/images/global/background-weather_widget.jpg
Reusing existing connection to www.providecommerce.com:80.
HTTP request sent, awaiting response... 200 OK
Length: 11427 (11K) [image/jpeg]
Saving to: `code/../crawls/personalcreations.com/Privacy-Policy/raw/www.providecommerce.com/sites/all/themes/provide/includes/images/global/background-weather_widget.jpg'

     0K .......... .                                          100% 11.6M=0.001s

2013-01-16 05:18:10 (11.6 MB/s) - `code/../crawls/personalcreations.com/Privacy-Policy/raw/www.providecommerce.com/sites/all/themes/provide/includes/images/global/background-weather_widget.jpg' saved [11427/11427]

--2013-01-16 05:18:10--  http://www.providecommerce.com/sites/all/themes/provide/includes/images/global/background-teal_smaller_bullet.png
Reusing existing connection to www.providecommerce.com:80.
HTTP request sent, awaiting response... 200 OK
Length: 1205 (1.2K) [image/png]
Saving to: `code/../crawls/personalcreations.com/Privacy-Policy/raw/www.providecommerce.com/sites/all/themes/provide/includes/images/global/background-teal_smaller_bullet.png'

     0K .                                                     100% 8.68M=0s

2013-01-16 05:18:10 (8.68 MB/s) - `code/../crawls/personalcreations.com/Privacy-Policy/raw/www.providecommerce.com/sites/all/themes/provide/includes/images/global/background-teal_smaller_bullet.png' saved [1205/1205]

--2013-01-16 05:18:10--  http://www.providecommerce.com/sites/all/themes/provide/includes/images/global/controls-brand_link_sprite.png
Reusing existing connection to www.providecommerce.com:80.
HTTP request sent, awaiting response... 200 OK
Length: 2591 (2.5K) [image/png]
Saving to: `code/../crawls/personalcreations.com/Privacy-Policy/raw/www.providecommerce.com/sites/all/themes/provide/includes/images/global/controls-brand_link_sprite.png'

     0K ..                                                    100% 39.7M=0s

2013-01-16 05:18:10 (39.7 MB/s) - `code/../crawls/personalcreations.com/Privacy-Policy/raw/www.providecommerce.com/sites/all/themes/provide/includes/images/global/controls-brand_link_sprite.png' saved [2591/2591]

--2013-01-16 05:18:10--  http://www.providecommerce.com/sites/all/themes/provide/includes/images/global/form-select_dropdown.png
Reusing existing connection to www.providecommerce.com:80.
HTTP request sent, awaiting response... 200 OK
Length: 1087 (1.1K) [image/png]
Saving to: `code/../crawls/personalcreations.com/Privacy-Policy/raw/www.providecommerce.com/sites/all/themes/provide/includes/images/global/form-select_dropdown.png'

     0K .                                                     100% 7.44M=0s

2013-01-16 05:18:10 (7.44 MB/s) - `code/../crawls/personalcreations.com/Privacy-Policy/raw/www.providecommerce.com/sites/all/themes/provide/includes/images/global/form-select_dropdown.png' saved [1087/1087]

--2013-01-16 05:18:10--  http://www.providecommerce.com/sites/all/themes/provide/includes/images/global/button-submit.png
Reusing existing connection to www.providecommerce.com:80.
HTTP request sent, awaiting response... 200 OK
Length: 2154 (2.1K) [image/png]
Saving to: `code/../crawls/personalcreations.com/Privacy-Policy/raw/www.providecommerce.com/sites/all/themes/provide/includes/images/global/button-submit.png'

     0K ..                                                    100% 14.1M=0s

2013-01-16 05:18:11 (14.1 MB/s) - `code/../crawls/personalcreations.com/Privacy-Policy/raw/www.providecommerce.com/sites/all/themes/provide/includes/images/global/button-submit.png' saved [2154/2154]

--2013-01-16 05:18:11--  http://www.providecommerce.com/sites/all/themes/provide/includes/images/global/button-upload.png
Reusing existing connection to www.providecommerce.com:80.
HTTP request sent, awaiting response... 200 OK
Length: 1482 (1.4K) [image/png]
Saving to: `code/../crawls/personalcreations.com/Privacy-Policy/raw/www.providecommerce.com/sites/all/themes/provide/includes/images/global/button-upload.png'

     0K .                                                     100% 12.7M=0s

2013-01-16 05:18:11 (12.7 MB/s) - `code/../crawls/personalcreations.com/Privacy-Policy/raw/www.providecommerce.com/sites/all/themes/provide/includes/images/global/button-upload.png' saved [1482/1482]

--2013-01-16 05:18:11--  http://www.providecommerce.com/sites/all/themes/provide/includes/images/global/button-add-another-gift.png
Reusing existing connection to www.providecommerce.com:80.
HTTP request sent, awaiting response... 200 OK
Length: 2399 (2.3K) [image/png]
Saving to: `code/../crawls/personalcreations.com/Privacy-Policy/raw/www.providecommerce.com/sites/all/themes/provide/includes/images/global/button-add-another-gift.png'

     0K ..                                                    100% 12.8M=0s

2013-01-16 05:18:11 (12.8 MB/s) - `code/../crawls/personalcreations.com/Privacy-Policy/raw/www.providecommerce.com/sites/all/themes/provide/includes/images/global/button-add-another-gift.png' saved [2399/2399]

--2013-01-16 05:18:11--  http://www.providecommerce.com/sites/all/themes/provide/includes/images/global/button-add-another-product.png
Reusing existing connection to www.providecommerce.com:80.
HTTP request sent, awaiting response... 200 OK
Length: 2518 (2.5K) [image/png]
Saving to: `code/../crawls/personalcreations.com/Privacy-Policy/raw/www.providecommerce.com/sites/all/themes/provide/includes/images/global/button-add-another-product.png'

     0K ..                                                    100% 13.1M=0s

2013-01-16 05:18:11 (13.1 MB/s) - `code/../crawls/personalcreations.com/Privacy-Policy/raw/www.providecommerce.com/sites/all/themes/provide/includes/images/global/button-add-another-product.png' saved [2518/2518]

--2013-01-16 05:18:11--  http://www.providecommerce.com/sites/all/themes/provide/includes/images/global/background-timeline_arrow.png
Reusing existing connection to www.providecommerce.com:80.
HTTP request sent, awaiting response... 200 OK
Length: 503 [image/png]
Saving to: `code/../crawls/personalcreations.com/Privacy-Policy/raw/www.providecommerce.com/sites/all/themes/provide/includes/images/global/background-timeline_arrow.png'

     0K                                                       100% 88.1M=0s

2013-01-16 05:18:11 (88.1 MB/s) - `code/../crawls/personalcreations.com/Privacy-Policy/raw/www.providecommerce.com/sites/all/themes/provide/includes/images/global/background-timeline_arrow.png' saved [503/503]

--2013-01-16 05:18:11--  http://www.providecommerce.com/sites/all/themes/provide/includes/images/timeline-block/timeline_pic_personal_creations.png
Reusing existing connection to www.providecommerce.com:80.
HTTP request sent, awaiting response... 200 OK
Length: 11193 (11K) [image/png]
Saving to: `code/../crawls/personalcreations.com/Privacy-Policy/raw/www.providecommerce.com/sites/all/themes/provide/includes/images/timeline-block/timeline_pic_personal_creations.png'

     0K ..........                                            100% 13.1M=0.001s

2013-01-16 05:18:11 (13.1 MB/s) - `code/../crawls/personalcreations.com/Privacy-Policy/raw/www.providecommerce.com/sites/all/themes/provide/includes/images/timeline-block/timeline_pic_personal_creations.png' saved [11193/11193]

--2013-01-16 05:18:11--  http://www.providecommerce.com/sites/all/themes/provide/includes/images/timeline-block/timeline_pic_proplants.png
Reusing existing connection to www.providecommerce.com:80.
HTTP request sent, awaiting response... 200 OK
Length: 7288 (7.1K) [image/png]
Saving to: `code/../crawls/personalcreations.com/Privacy-Policy/raw/www.providecommerce.com/sites/all/themes/provide/includes/images/timeline-block/timeline_pic_proplants.png'

     0K .......                                               100% 11.9M=0.001s

2013-01-16 05:18:11 (11.9 MB/s) - `code/../crawls/personalcreations.com/Privacy-Policy/raw/www.providecommerce.com/sites/all/themes/provide/includes/images/timeline-block/timeline_pic_proplants.png' saved [7288/7288]

--2013-01-16 05:18:11--  http://www.providecommerce.com/sites/all/themes/provide/includes/images/timeline-block/timeline_pic_best_places.jpg
Reusing existing connection to www.providecommerce.com:80.
HTTP request sent, awaiting response... 200 OK
Length: 15250 (15K) [image/jpeg]
Saving to: `code/../crawls/personalcreations.com/Privacy-Policy/raw/www.providecommerce.com/sites/all/themes/provide/includes/images/timeline-block/timeline_pic_best_places.jpg'

     0K .......... ....                                       100% 11.2M=0.001s

2013-01-16 05:18:11 (11.2 MB/s) - `code/../crawls/personalcreations.com/Privacy-Policy/raw/www.providecommerce.com/sites/all/themes/provide/includes/images/timeline-block/timeline_pic_best_places.jpg' saved [15250/15250]

--2013-01-16 05:18:11--  http://www.providecommerce.com/sites/all/themes/provide/includes/images/timeline-block/timeline_pic_sharis_berries.jpg
Reusing existing connection to www.providecommerce.com:80.
HTTP request sent, awaiting response... 200 OK
Length: 8789 (8.6K) [image/jpeg]
Saving to: `code/../crawls/personalcreations.com/Privacy-Policy/raw/www.providecommerce.com/sites/all/themes/provide/includes/images/timeline-block/timeline_pic_sharis_berries.jpg'

     0K ........                                              100% 10.6M=0.001s

2013-01-16 05:18:11 (10.6 MB/s) - `code/../crawls/personalcreations.com/Privacy-Policy/raw/www.providecommerce.com/sites/all/themes/provide/includes/images/timeline-block/timeline_pic_sharis_berries.jpg' saved [8789/8789]

--2013-01-16 05:18:11--  http://www.providecommerce.com/sites/all/themes/provide/includes/images/timeline-block/timeline_pic_cherry_moon_farms.jpg
Reusing existing connection to www.providecommerce.com:80.
HTTP request sent, awaiting response... 200 OK
Length: 7545 (7.4K) [image/jpeg]
Saving to: `code/../crawls/personalcreations.com/Privacy-Policy/raw/www.providecommerce.com/sites/all/themes/provide/includes/images/timeline-block/timeline_pic_cherry_moon_farms.jpg'

     0K .......                                               100% 11.2M=0.001s

2013-01-16 05:18:11 (11.2 MB/s) - `code/../crawls/personalcreations.com/Privacy-Policy/raw/www.providecommerce.com/sites/all/themes/provide/includes/images/timeline-block/timeline_pic_cherry_moon_farms.jpg' saved [7545/7545]

--2013-01-16 05:18:11--  http://www.providecommerce.com/sites/all/themes/provide/includes/images/timeline-block/timeline_pic_proflowers.jpg
Reusing existing connection to www.providecommerce.com:80.
HTTP request sent, awaiting response... 200 OK
Length: 17321 (17K) [image/jpeg]
Saving to: `code/../crawls/personalcreations.com/Privacy-Policy/raw/www.providecommerce.com/sites/all/themes/provide/includes/images/timeline-block/timeline_pic_proflowers.jpg'

     0K .......... ......                                     100% 8.36M=0.002s

2013-01-16 05:18:11 (8.36 MB/s) - `code/../crawls/personalcreations.com/Privacy-Policy/raw/www.providecommerce.com/sites/all/themes/provide/includes/images/timeline-block/timeline_pic_proflowers.jpg' saved [17321/17321]

--2013-01-16 05:18:11--  http://www.providecommerce.com/sites/all/themes/provide/includes/images/timeline-block/timeline_pic_chris.png
Reusing existing connection to www.providecommerce.com:80.
HTTP request sent, awaiting response... 200 OK
Length: 28934 (28K) [image/png]
Saving to: `code/../crawls/personalcreations.com/Privacy-Policy/raw/www.providecommerce.com/sites/all/themes/provide/includes/images/timeline-block/timeline_pic_chris.png'

     0K .......... .......... ........                        100% 11.1M=0.002s

2013-01-16 05:18:11 (11.1 MB/s) - `code/../crawls/personalcreations.com/Privacy-Policy/raw/www.providecommerce.com/sites/all/themes/provide/includes/images/timeline-block/timeline_pic_chris.png' saved [28934/28934]

--2013-01-16 05:18:11--  http://www.providecommerce.com/sites/all/themes/provide/includes/images/timeline-block/timeline_pic_redenvelope.png
Reusing existing connection to www.providecommerce.com:80.
HTTP request sent, awaiting response... 200 OK
Length: 14944 (15K) [image/png]
Saving to: `code/../crawls/personalcreations.com/Privacy-Policy/raw/www.providecommerce.com/sites/all/themes/provide/includes/images/timeline-block/timeline_pic_redenvelope.png'

     0K .......... ....                                       100% 10.9M=0.001s

2013-01-16 05:18:11 (10.9 MB/s) - `code/../crawls/personalcreations.com/Privacy-Policy/raw/www.providecommerce.com/sites/all/themes/provide/includes/images/timeline-block/timeline_pic_redenvelope.png' saved [14944/14944]

--2013-01-16 05:18:11--  http://www.providecommerce.com/sites/all/themes/provide/includes/images/timeline-block/timeline_pic_proflowers_box.jpg
Reusing existing connection to www.providecommerce.com:80.
HTTP request sent, awaiting response... 200 OK
Length: 10119 (9.9K) [image/jpeg]
Saving to: `code/../crawls/personalcreations.com/Privacy-Policy/raw/www.providecommerce.com/sites/all/themes/provide/includes/images/timeline-block/timeline_pic_proflowers_box.jpg'

     0K .........                                             100% 10.5M=0.001s

2013-01-16 05:18:12 (10.5 MB/s) - `code/../crawls/personalcreations.com/Privacy-Policy/raw/www.providecommerce.com/sites/all/themes/provide/includes/images/timeline-block/timeline_pic_proflowers_box.jpg' saved [10119/10119]

--2013-01-16 05:18:12--  http://www.providecommerce.com/sites/all/themes/provide/includes/images/timeline-block/timeline_pic_liberty.jpg
Reusing existing connection to www.providecommerce.com:80.
HTTP request sent, awaiting response... 200 OK
Length: 15737 (15K) [image/jpeg]
Saving to: `code/../crawls/personalcreations.com/Privacy-Policy/raw/www.providecommerce.com/sites/all/themes/provide/includes/images/timeline-block/timeline_pic_liberty.jpg'

     0K .......... .....                                      100% 9.97M=0.002s

2013-01-16 05:18:12 (9.97 MB/s) - `code/../crawls/personalcreations.com/Privacy-Policy/raw/www.providecommerce.com/sites/all/themes/provide/includes/images/timeline-block/timeline_pic_liberty.jpg' saved [15737/15737]

--2013-01-16 05:18:12--  http://www.providecommerce.com/sites/all/themes/provide/includes/images/timeline-block/timeline_pic_nasdaq.jpg
Reusing existing connection to www.providecommerce.com:80.
HTTP request sent, awaiting response... 200 OK
Length: 9307 (9.1K) [image/jpeg]
Saving to: `code/../crawls/personalcreations.com/Privacy-Policy/raw/www.providecommerce.com/sites/all/themes/provide/includes/images/timeline-block/timeline_pic_nasdaq.jpg'

     0K .........                                             100% 11.3M=0.001s

2013-01-16 05:18:12 (11.3 MB/s) - `code/../crawls/personalcreations.com/Privacy-Policy/raw/www.providecommerce.com/sites/all/themes/provide/includes/images/timeline-block/timeline_pic_nasdaq.jpg' saved [9307/9307]

--2013-01-16 05:18:12--  http://www.providecommerce.com/sites/all/themes/provide/includes/images/global/button-find_it.png
Reusing existing connection to www.providecommerce.com:80.
HTTP request sent, awaiting response... 200 OK
Length: 2039 (2.0K) [image/png]
Saving to: `code/../crawls/personalcreations.com/Privacy-Policy/raw/www.providecommerce.com/sites/all/themes/provide/includes/images/global/button-find_it.png'

     0K .                                                     100% 9.54M=0s

2013-01-16 05:18:12 (9.54 MB/s) - `code/../crawls/personalcreations.com/Privacy-Policy/raw/www.providecommerce.com/sites/all/themes/provide/includes/images/global/button-find_it.png' saved [2039/2039]

FINISHED --2013-01-16 05:18:12--
Total wall clock time: 13s
Downloaded: 89 files, 2.3M in 3.8s (625 KB/s)
Converting code/../crawls/personalcreations.com/Privacy-Policy/raw/www.prvd.com/privacy.aspx.html... 22-17
Converting code/../crawls/personalcreations.com/Privacy-Policy/raw/www.providecommerce.com/sites/default/files/css/css__IRWorfOEIrfwB3B5sjtyU-zGjoAUo9eY465_jca7nk.css... 57-6
Converting code/../crawls/personalcreations.com/Privacy-Policy/raw/www.providecommerce.com/sites/default/files/css/css_n7aK8s-ciXhQyEYWNOJtISbWxtxQiQvnD-N_xWUtD5A.css... nothing to do.
Converting code/../crawls/personalcreations.com/Privacy-Policy/raw/www.providecommerce.com/sites/default/files/css/css__9zsakYbWSOTLroLLtWO9P7zLJXhXtSJo2OgXN4wIrU.css... 17-0
Converting code/../crawls/personalcreations.com/Privacy-Policy/raw/www.providecommerce.com/sites/default/files/css/css_V4SY3AMO3VrlrKgFE0W_J1ToJ7CNTY4DpLxmDYhoLHk.css... 4-0
Converted 5 files in 0.005 seconds.
