--2013-01-12 05:09:59--  http://www.nytimes.com/content/help/rights/privacy/policy/privacy-policy.html
Resolving www.nytimes.com... 170.149.172.130
Connecting to www.nytimes.com|170.149.172.130|:80... connected.
HTTP request sent, awaiting response... 200 OK
Length: 48265 (47K) [text/html]
Saving to: `code/../crawls/nytimes.com/Privacy-Policy/raw/www.nytimes.com/content/help/rights/privacy/policy/privacy-policy.html'

     0K .......... .......... .......... .......... .......   100% 1.17M=0.04s

2013-01-12 05:09:59 (1.17 MB/s) - `code/../crawls/nytimes.com/Privacy-Policy/raw/www.nytimes.com/content/help/rights/privacy/policy/privacy-policy.html' saved [48265/48265]

--2013-01-12 05:09:59--  http://graphics8.nytimes.com/css/0.1/screen/build/sitehelp/styles.css
Resolving graphics8.nytimes.com... 206.160.170.41, 206.160.170.34
Connecting to graphics8.nytimes.com|206.160.170.41|:80... connected.
HTTP request sent, awaiting response... 200 OK
Length: 3686 (3.6K) [text/css]
Saving to: `code/../crawls/nytimes.com/Privacy-Policy/raw/graphics8.nytimes.com/css/0.1/screen/build/sitehelp/styles.css'

     0K ...                                                   100%  403M=0s

2013-01-12 05:09:59 (403 MB/s) - `code/../crawls/nytimes.com/Privacy-Policy/raw/graphics8.nytimes.com/css/0.1/screen/build/sitehelp/styles.css' saved [3686/3686]

--2013-01-12 05:09:59--  http://graphics8.nytimes.com/css/0.1/screen/build/sitehelp/responsive/styles.css
Reusing existing connection to graphics8.nytimes.com:80.
HTTP request sent, awaiting response... 200 OK
Length: 549 [text/css]
Saving to: `code/../crawls/nytimes.com/Privacy-Policy/raw/graphics8.nytimes.com/css/0.1/screen/build/sitehelp/responsive/styles.css'

     0K                                                       100% 86.8M=0s

2013-01-12 05:09:59 (86.8 MB/s) - `code/../crawls/nytimes.com/Privacy-Policy/raw/graphics8.nytimes.com/css/0.1/screen/build/sitehelp/responsive/styles.css' saved [549/549]

--2013-01-12 05:09:59--  http://graphics8.nytimes.com/css/0.1/print/styles.css
Reusing existing connection to graphics8.nytimes.com:80.
HTTP request sent, awaiting response... 200 OK
Length: 935 [text/css]
Saving to: `code/../crawls/nytimes.com/Privacy-Policy/raw/graphics8.nytimes.com/css/0.1/print/styles.css'

     0K                                                       100%  151M=0s

2013-01-12 05:09:59 (151 MB/s) - `code/../crawls/nytimes.com/Privacy-Policy/raw/graphics8.nytimes.com/css/0.1/print/styles.css' saved [935/935]

--2013-01-12 05:09:59--  http://graphics8.nytimes.com/js/common.js
Reusing existing connection to graphics8.nytimes.com:80.
HTTP request sent, awaiting response... 200 OK
Length: unspecified [application/x-javascript]
Saving to: `code/../crawls/nytimes.com/Privacy-Policy/raw/graphics8.nytimes.com/js/common.js'

     0K .......... .......... .......... .......... .......... 5.90M
    50K .......... .......... .......... .......... .......... 10.3M
   100K .......... .......... .......... .......... .......... 10.6M
   150K .......... .......... ......                           12.0M=0.02s

2013-01-12 05:09:59 (8.69 MB/s) - `code/../crawls/nytimes.com/Privacy-Policy/raw/graphics8.nytimes.com/js/common.js' saved [180356]

--2013-01-12 05:09:59--  http://graphics8.nytimes.com/js/common/screen/DropDown.js
Reusing existing connection to graphics8.nytimes.com:80.
HTTP request sent, awaiting response... 200 OK
Length: 1473 (1.4K) [application/x-javascript]
Saving to: `code/../crawls/nytimes.com/Privacy-Policy/raw/graphics8.nytimes.com/js/common/screen/DropDown.js'

     0K .                                                     100%  198M=0s

2013-01-12 05:09:59 (198 MB/s) - `code/../crawls/nytimes.com/Privacy-Policy/raw/graphics8.nytimes.com/js/common/screen/DropDown.js' saved [1473/1473]

--2013-01-12 05:09:59--  http://graphics8.nytimes.com/js/util/tooltip.js
Reusing existing connection to graphics8.nytimes.com:80.
HTTP request sent, awaiting response... 200 OK
Length: 2099 (2.0K) [application/x-javascript]
Saving to: `code/../crawls/nytimes.com/Privacy-Policy/raw/graphics8.nytimes.com/js/util/tooltip.js'

     0K ..                                                    100%  288M=0s

2013-01-12 05:09:59 (288 MB/s) - `code/../crawls/nytimes.com/Privacy-Policy/raw/graphics8.nytimes.com/js/util/tooltip.js' saved [2099/2099]

--2013-01-12 05:09:59--  http://ad.doubleclick.net/ad/N3282.nytimes.comSD6440/B6188947;sz=88x31;pc=nyt202539A320785;ord=2013.01.12.13.09.59?
Resolving ad.doubleclick.net... 173.194.69.148, 173.194.69.149
Connecting to ad.doubleclick.net|173.194.69.148|:80... connected.
HTTP request sent, awaiting response... 302 Moved Temporarily
Location: http://s0.2mdn.net/viewad/807725/OSA_Logo_CapOne88x31_090412.gif [following]
--2013-01-12 05:10:00--  http://s0.2mdn.net/viewad/807725/OSA_Logo_CapOne88x31_090412.gif
Resolving s0.2mdn.net... 173.194.69.148, 173.194.69.149
Reusing existing connection to ad.doubleclick.net:80.
HTTP request sent, awaiting response... 200 OK
Length: 974 [image/gif]
Saving to: `code/../crawls/nytimes.com/Privacy-Policy/raw/ad.doubleclick.net/ad/N3282.nytimes.comSD6440/B6188947;sz=88x31;pc=nyt202539A320785;ord=2013.01.12.13.09.59'

     0K                                                       100%  150M=0s

2013-01-12 05:10:00 (150 MB/s) - `code/../crawls/nytimes.com/Privacy-Policy/raw/ad.doubleclick.net/ad/N3282.nytimes.comSD6440/B6188947;sz=88x31;pc=nyt202539A320785;ord=2013.01.12.13.09.59' saved [974/974]

--2013-01-12 05:10:00--  http://graphics8.nytimes.com/images/global/buttons/go.gif
Connecting to graphics8.nytimes.com|206.160.170.41|:80... connected.
HTTP request sent, awaiting response... 200 OK
Length: 186 [image/gif]
Saving to: `code/../crawls/nytimes.com/Privacy-Policy/raw/graphics8.nytimes.com/images/global/buttons/go.gif'

     0K                                                       100% 29.8M=0s

2013-01-12 05:10:00 (29.8 MB/s) - `code/../crawls/nytimes.com/Privacy-Policy/raw/graphics8.nytimes.com/images/global/buttons/go.gif' saved [186/186]

--2013-01-12 05:10:00--  http://graphics8.nytimes.com/images/misc/nytlogo152x23.gif
Reusing existing connection to graphics8.nytimes.com:80.
HTTP request sent, awaiting response... 200 OK
Length: 1110 (1.1K) [image/gif]
Saving to: `code/../crawls/nytimes.com/Privacy-Policy/raw/graphics8.nytimes.com/images/misc/nytlogo152x23.gif'

     0K .                                                     100%  175M=0s

2013-01-12 05:10:00 (175 MB/s) - `code/../crawls/nytimes.com/Privacy-Policy/raw/graphics8.nytimes.com/images/misc/nytlogo152x23.gif' saved [1110/1110]

--2013-01-12 05:10:00--  http://graphics8.nytimes.com/images/membercenter/v2/truste_seal_ctv.gif
Reusing existing connection to graphics8.nytimes.com:80.
HTTP request sent, awaiting response... 200 OK
Length: 3380 (3.3K) [image/gif]
Saving to: `code/../crawls/nytimes.com/Privacy-Policy/raw/graphics8.nytimes.com/images/membercenter/v2/truste_seal_ctv.gif'

     0K ...                                                   100% 40.4M=0s

2013-01-12 05:10:00 (40.4 MB/s) - `code/../crawls/nytimes.com/Privacy-Policy/raw/graphics8.nytimes.com/images/membercenter/v2/truste_seal_ctv.gif' saved [3380/3380]

--2013-01-12 05:10:00--  http://graphics8.nytimes.com/js/app/sitehelp/toggleDialogBoxes.js
Reusing existing connection to graphics8.nytimes.com:80.
HTTP request sent, awaiting response... 200 OK
Length: 766 [application/x-javascript]
Saving to: `code/../crawls/nytimes.com/Privacy-Policy/raw/graphics8.nytimes.com/js/app/sitehelp/toggleDialogBoxes.js'

     0K                                                       100%  122M=0s

2013-01-12 05:10:00 (122 MB/s) - `code/../crawls/nytimes.com/Privacy-Policy/raw/graphics8.nytimes.com/js/app/sitehelp/toggleDialogBoxes.js' saved [766/766]

--2013-01-12 05:10:00--  http://www.nytimes.com/adx/bin/clientside/1ddd89b4Q2FHHHQ3BvQ20AQ3EgQ204Q23Q7CQ7DQ20F3Q5BZdQ234Q20Q7EzdQ259Q3BmQ3B,8vQ7CQ3B,N,g,Q258Q3B
Connecting to www.nytimes.com|170.149.172.130|:80... connected.
HTTP request sent, awaiting response... 200 OK
Length: 45 [text/html]
Saving to: `code/../crawls/nytimes.com/Privacy-Policy/raw/www.nytimes.com/adx/bin/clientside/1ddd89b4Q2FHHHQ3BvQ20AQ3EgQ204Q23Q7CQ7DQ20F3Q5BZdQ234Q20Q7EzdQ259Q3BmQ3B,8vQ7CQ3B,N,g,Q258Q3B.html'

     0K                                                       100% 7.45M=0s

2013-01-12 05:10:00 (7.45 MB/s) - `code/../crawls/nytimes.com/Privacy-Policy/raw/www.nytimes.com/adx/bin/clientside/1ddd89b4Q2FHHHQ3BvQ20AQ3EgQ204Q23Q7CQ7DQ20F3Q5BZdQ234Q20Q7EzdQ259Q3BmQ3B,8vQ7CQ3B,N,g,Q258Q3B.html' saved [45/45]

The name is too long, 131 chars total.
Trying to shorten...
New name is index.html?d=0%2F%2F&t=6&s=0&ui=&r=&u=www%2enytimes%2ecom%2fcontent%2fhelp%2frights%2fprivacy%2fpolicy%2fprivacy%2dpolicy%2ehtm.
The name is too long, 131 chars total.
Trying to shorten...
New name is index.html?d=0%2F%2F&t=6&s=0&ui=&r=&u=www%2enytimes%2ecom%2fcontent%2fhelp%2frights%2fprivacy%2fpolicy%2fprivacy%2dpolicy%2ehtm.
--2013-01-12 05:10:00--  http://up.nytimes.com/?d=0//&t=6&s=0&ui=&r=&u=www%2enytimes%2ecom%2fcontent%2fhelp%2frights%2fprivacy%2fpolicy%2fprivacy%2dpolicy%2ehtml%3f
Resolving up.nytimes.com... 107.20.138.45, 23.21.55.152, 23.21.72.16, ...
Connecting to up.nytimes.com|107.20.138.45|:80... connected.
HTTP request sent, awaiting response... 200 OK
Length: 43 [image/gif]
Saving to: `code/../crawls/nytimes.com/Privacy-Policy/raw/up.nytimes.com/index.html?d=0%2F%2F&t=6&s=0&ui=&r=&u=www%2enytimes%2ecom%2fcontent%2fhelp%2frights%2fprivacy%2fpolicy%2fprivacy%2dpolicy%2ehtm'

     0K                                                       100% 7.06M=0s

2013-01-12 05:10:01 (7.06 MB/s) - `code/../crawls/nytimes.com/Privacy-Policy/raw/up.nytimes.com/index.html?d=0%2F%2F&t=6&s=0&ui=&r=&u=www%2enytimes%2ecom%2fcontent%2fhelp%2frights%2fprivacy%2fpolicy%2fprivacy%2dpolicy%2ehtm' saved [43/43]

--2013-01-12 05:10:01--  http://graphics8.nytimes.com/js/app/analytics/trackingTags_v1.1.js
Connecting to graphics8.nytimes.com|206.160.170.41|:80... connected.
HTTP request sent, awaiting response... 200 OK
Length: 19573 (19K) [application/x-javascript]
Saving to: `code/../crawls/nytimes.com/Privacy-Policy/raw/graphics8.nytimes.com/js/app/analytics/trackingTags_v1.1.js'

     0K .......... .........                                  100% 4.38M=0.004s

2013-01-12 05:10:01 (4.38 MB/s) - `code/../crawls/nytimes.com/Privacy-Policy/raw/graphics8.nytimes.com/js/app/analytics/trackingTags_v1.1.js' saved [19573/19573]

--2013-01-12 05:10:01--  http://wt.o.nytimes.com/dcsym57yw10000s1s8g0boozt_9t1x/njs.gif?dcsuri=/nojavascript&WT.js=No&WT.tv=1.0.7
Resolving wt.o.nytimes.com... 208.92.238.24
Connecting to wt.o.nytimes.com|208.92.238.24|:80... connected.
HTTP request sent, awaiting response... 303 Object Moved
Location: /dcsym57yw10000s1s8g0boozt_9t1x/njs.gif?dcsredirect=126&dcstlh=0&dcstlv=0&dcsuri=/nojavascript&WT.js=No&WT.tv=1.0.7 [following]
--2013-01-12 05:10:01--  http://wt.o.nytimes.com/dcsym57yw10000s1s8g0boozt_9t1x/njs.gif?dcsredirect=126&dcstlh=0&dcstlv=0&dcsuri=/nojavascript&WT.js=No&WT.tv=1.0.7
Connecting to wt.o.nytimes.com|208.92.238.24|:80... connected.
HTTP request sent, awaiting response... 200 OK
Length: 67 [image/gif]
Saving to: `code/../crawls/nytimes.com/Privacy-Policy/raw/wt.o.nytimes.com/dcsym57yw10000s1s8g0boozt_9t1x/njs.gif?dcsuri=%2Fnojavascript&WT.js=No&WT.tv=1.0.7'

     0K                                                       100% 11.1M=0s

2013-01-12 05:10:01 (11.1 MB/s) - `code/../crawls/nytimes.com/Privacy-Policy/raw/wt.o.nytimes.com/dcsym57yw10000s1s8g0boozt_9t1x/njs.gif?dcsuri=%2Fnojavascript&WT.js=No&WT.tv=1.0.7' saved [67/67]

--2013-01-12 05:10:01--  http://graphics8.nytimes.com/css/0.1/screen/common/sectionfront.css
Reusing existing connection to graphics8.nytimes.com:80.
HTTP request sent, awaiting response... 200 OK
Length: 1439 (1.4K) [text/css]
Saving to: `code/../crawls/nytimes.com/Privacy-Policy/raw/graphics8.nytimes.com/css/0.1/screen/common/sectionfront.css'

     0K .                                                     100%  199M=0s

2013-01-12 05:10:01 (199 MB/s) - `code/../crawls/nytimes.com/Privacy-Policy/raw/graphics8.nytimes.com/css/0.1/screen/common/sectionfront.css' saved [1439/1439]

--2013-01-12 05:10:01--  http://graphics8.nytimes.com/css/0.1/screen/common/columnGroupSubColumns.css
Reusing existing connection to graphics8.nytimes.com:80.
HTTP request sent, awaiting response... 200 OK
Length: 3080 (3.0K) [text/css]
Saving to: `code/../crawls/nytimes.com/Privacy-Policy/raw/graphics8.nytimes.com/css/0.1/screen/common/columnGroupSubColumns.css'

     0K ...                                                   100% 44.8M=0s

2013-01-12 05:10:01 (44.8 MB/s) - `code/../crawls/nytimes.com/Privacy-Policy/raw/graphics8.nytimes.com/css/0.1/screen/common/columnGroupSubColumns.css' saved [3080/3080]

--2013-01-12 05:10:01--  http://graphics8.nytimes.com/css/0.1/screen/common/modules/dialogbox.css
Reusing existing connection to graphics8.nytimes.com:80.
HTTP request sent, awaiting response... 200 OK
Length: 3452 (3.4K) [text/css]
Saving to: `code/../crawls/nytimes.com/Privacy-Policy/raw/graphics8.nytimes.com/css/0.1/screen/common/modules/dialogbox.css'

     0K ...                                                   100%  228M=0s

2013-01-12 05:10:01 (228 MB/s) - `code/../crawls/nytimes.com/Privacy-Policy/raw/graphics8.nytimes.com/css/0.1/screen/common/modules/dialogbox.css' saved [3452/3452]

--2013-01-12 05:10:01--  http://graphics8.nytimes.com/images/misc/bullet4x4.gif
Reusing existing connection to graphics8.nytimes.com:80.
HTTP request sent, awaiting response... 200 OK
Length: 68 [image/gif]
Saving to: `code/../crawls/nytimes.com/Privacy-Policy/raw/graphics8.nytimes.com/images/misc/bullet4x4.gif'

     0K                                                       100% 12.3M=0s

2013-01-12 05:10:01 (12.3 MB/s) - `code/../crawls/nytimes.com/Privacy-Policy/raw/graphics8.nytimes.com/images/misc/bullet4x4.gif' saved [68/68]

--2013-01-12 05:10:01--  http://graphics8.nytimes.com/images/global/togglepanel/toggle_up.gif
Reusing existing connection to graphics8.nytimes.com:80.
HTTP request sent, awaiting response... 200 OK
Length: 52 [image/gif]
Saving to: `code/../crawls/nytimes.com/Privacy-Policy/raw/graphics8.nytimes.com/images/global/togglepanel/toggle_up.gif'

     0K                                                       100% 8.83M=0s

2013-01-12 05:10:01 (8.83 MB/s) - `code/../crawls/nytimes.com/Privacy-Policy/raw/graphics8.nytimes.com/images/global/togglepanel/toggle_up.gif' saved [52/52]

--2013-01-12 05:10:01--  http://graphics8.nytimes.com/css/0.1/screen/responsive/global.css
Reusing existing connection to graphics8.nytimes.com:80.
HTTP request sent, awaiting response... 200 OK
Length: 181 [text/css]
Saving to: `code/../crawls/nytimes.com/Privacy-Policy/raw/graphics8.nytimes.com/css/0.1/screen/responsive/global.css'

     0K                                                       100% 31.2M=0s

2013-01-12 05:10:01 (31.2 MB/s) - `code/../crawls/nytimes.com/Privacy-Policy/raw/graphics8.nytimes.com/css/0.1/screen/responsive/global.css' saved [181/181]

--2013-01-12 05:10:01--  http://graphics8.nytimes.com/css/0.1/screen/responsive/shell.css
Reusing existing connection to graphics8.nytimes.com:80.
HTTP request sent, awaiting response... 200 OK
Length: 333 [text/css]
Saving to: `code/../crawls/nytimes.com/Privacy-Policy/raw/graphics8.nytimes.com/css/0.1/screen/responsive/shell.css'

     0K                                                       100% 58.6M=0s

2013-01-12 05:10:01 (58.6 MB/s) - `code/../crawls/nytimes.com/Privacy-Policy/raw/graphics8.nytimes.com/css/0.1/screen/responsive/shell.css' saved [333/333]

--2013-01-12 05:10:01--  http://graphics8.nytimes.com/css/0.1/screen/responsive/masthead.css
Reusing existing connection to graphics8.nytimes.com:80.
HTTP request sent, awaiting response... 200 OK
Length: 425 [text/css]
Saving to: `code/../crawls/nytimes.com/Privacy-Policy/raw/graphics8.nytimes.com/css/0.1/screen/responsive/masthead.css'

     0K                                                       100% 76.0M=0s

2013-01-12 05:10:01 (76.0 MB/s) - `code/../crawls/nytimes.com/Privacy-Policy/raw/graphics8.nytimes.com/css/0.1/screen/responsive/masthead.css' saved [425/425]

--2013-01-12 05:10:01--  http://graphics8.nytimes.com/css/0.1/screen/responsive/layout.css
Reusing existing connection to graphics8.nytimes.com:80.
HTTP request sent, awaiting response... 200 OK
Length: 348 [text/css]
Saving to: `code/../crawls/nytimes.com/Privacy-Policy/raw/graphics8.nytimes.com/css/0.1/screen/responsive/layout.css'

     0K                                                       100% 60.0M=0s

2013-01-12 05:10:01 (60.0 MB/s) - `code/../crawls/nytimes.com/Privacy-Policy/raw/graphics8.nytimes.com/css/0.1/screen/responsive/layout.css' saved [348/348]

--2013-01-12 05:10:01--  http://graphics8.nytimes.com/css/0.1/screen/responsive/ads.css
Reusing existing connection to graphics8.nytimes.com:80.
HTTP request sent, awaiting response... 200 OK
Length: 314 [text/css]
Saving to: `code/../crawls/nytimes.com/Privacy-Policy/raw/graphics8.nytimes.com/css/0.1/screen/responsive/ads.css'

     0K                                                       100% 59.0M=0s

2013-01-12 05:10:01 (59.0 MB/s) - `code/../crawls/nytimes.com/Privacy-Policy/raw/graphics8.nytimes.com/css/0.1/screen/responsive/ads.css' saved [314/314]

FINISHED --2013-01-12 05:10:01--
Total wall clock time: 1.8s
Downloaded: 26 files, 267K in 0.06s (4.10 MB/s)
Converting code/../crawls/nytimes.com/Privacy-Policy/raw/www.nytimes.com/adx/bin/clientside/1ddd89b4Q2FHHHQ3BvQ20AQ3EgQ204Q23Q7CQ7DQ20F3Q5BZdQ234Q20Q7EzdQ259Q3BmQ3B,8vQ7CQ3B,N,g,Q258Q3B.html... nothing to do.
Converting code/../crawls/nytimes.com/Privacy-Policy/raw/www.nytimes.com/content/help/rights/privacy/policy/privacy-policy.html... 31-0
Converting code/../crawls/nytimes.com/Privacy-Policy/raw/graphics8.nytimes.com/css/0.1/print/styles.css... nothing to do.
Converting code/../crawls/nytimes.com/Privacy-Policy/raw/graphics8.nytimes.com/css/0.1/screen/responsive/shell.css... nothing to do.
Converting code/../crawls/nytimes.com/Privacy-Policy/raw/graphics8.nytimes.com/css/0.1/screen/responsive/layout.css... nothing to do.
Converting code/../crawls/nytimes.com/Privacy-Policy/raw/graphics8.nytimes.com/css/0.1/screen/common/modules/dialogbox.css... 0-15
Converting code/../crawls/nytimes.com/Privacy-Policy/raw/graphics8.nytimes.com/css/0.1/screen/responsive/global.css... nothing to do.
Converting code/../crawls/nytimes.com/Privacy-Policy/raw/graphics8.nytimes.com/css/0.1/screen/build/sitehelp/styles.css... 5-0
Converting code/../crawls/nytimes.com/Privacy-Policy/raw/graphics8.nytimes.com/css/0.1/screen/responsive/masthead.css... nothing to do.
Converting code/../crawls/nytimes.com/Privacy-Policy/raw/graphics8.nytimes.com/css/0.1/screen/responsive/ads.css... nothing to do.
Converting code/../crawls/nytimes.com/Privacy-Policy/raw/graphics8.nytimes.com/css/0.1/screen/common/sectionfront.css... 0-12
Converting code/../crawls/nytimes.com/Privacy-Policy/raw/graphics8.nytimes.com/css/0.1/screen/build/sitehelp/responsive/styles.css... 5-0
Converting code/../crawls/nytimes.com/Privacy-Policy/raw/graphics8.nytimes.com/css/0.1/screen/common/columnGroupSubColumns.css... nothing to do.
Converted 13 files in 0.003 seconds.
