--2012-11-21 05:09:22--  http://www.eastbay.com/customerserv/help:privacyPolicy/
Resolving www.eastbay.com... 23.56.125.5
Connecting to www.eastbay.com|23.56.125.5|:80... connected.
HTTP request sent, awaiting response... 200 OK
Length: unspecified [text/html]
Saving to: `code/../crawls/eastbay.com/Privacy-Policy/raw/www.eastbay.com/customerserv/help:privacyPolicy/index.html'

     0K .......... .......... .......... .......... .......... 5.52M
    50K .......... .......... .......... .......... .......... 8.63M
   100K .......... .......... .                                 579K=0.05s

2012-11-21 05:09:22 (2.32 MB/s) - `code/../crawls/eastbay.com/Privacy-Policy/raw/www.eastbay.com/customerserv/help:privacyPolicy/index.html' saved [123972]

--2012-11-21 05:09:22--  http://www.eastbay.com/ns/common/coradiant/tsedge_instr-min.js
Reusing existing connection to www.eastbay.com:80.
HTTP request sent, awaiting response... 200 OK
Length: 3172 (3.1K) [application/x-javascript]
Saving to: `code/../crawls/eastbay.com/Privacy-Policy/raw/www.eastbay.com/ns/common/coradiant/tsedge_instr-min.js'

     0K ...                                                   100%  193M=0s

2012-11-21 05:09:22 (193 MB/s) - `code/../crawls/eastbay.com/Privacy-Policy/raw/www.eastbay.com/ns/common/coradiant/tsedge_instr-min.js' saved [3172/3172]

--2012-11-21 05:09:22--  http://ajax.googleapis.com/ajax/libs/jquery/1.7/jquery.min.js
Resolving ajax.googleapis.com... 173.194.69.95, 2a00:1450:4008:c01::5f
Connecting to ajax.googleapis.com|173.194.69.95|:80... connected.
HTTP request sent, awaiting response... 200 OK
Length: unspecified [text/javascript]
Saving to: `code/../crawls/eastbay.com/Privacy-Policy/raw/ajax.googleapis.com/ajax/libs/jquery/1.7/jquery.min.js'

     0K .......... .......... .......... .......... ..........  103K
    50K .......... .......... .......... .......... ..         1004K=0.5s

2012-11-21 05:09:23 (175 KB/s) - `code/../crawls/eastbay.com/Privacy-Policy/raw/ajax.googleapis.com/ajax/libs/jquery/1.7/jquery.min.js' saved [94840]

The name is too long, 162 chars total.
Trying to shorten...
New name is combine?type=js&files=shared%2Fscripts%2Fjquery.bgiframe.pack.js,shared%2Fscripts%2Fajax.js,shared%2Fscripts%2Fcommon.js,shared.
The name is too long, 162 chars total.
Trying to shorten...
New name is combine?type=js&files=shared%2Fscripts%2Fjquery.bgiframe.pack.js,shared%2Fscripts%2Fajax.js,shared%2Fscripts%2Fcommon.js,shared.
--2012-11-21 05:09:23--  http://www.eastbay.com/combine?type=js&files=shared/scripts/jquery.bgiframe.pack.js,shared/scripts/ajax.js,shared/scripts/common.js,shared/search/scripts/sizesearch.js
Connecting to www.eastbay.com|23.56.125.5|:80... connected.
HTTP request sent, awaiting response... 200 OK
Length: 24094 (24K) [application/javascript]
Saving to: `code/../crawls/eastbay.com/Privacy-Policy/raw/www.eastbay.com/combine?type=js&files=shared%2Fscripts%2Fjquery.bgiframe.pack.js,shared%2Fscripts%2Fajax.js,shared%2Fscripts%2Fcommon.js,shared'

     0K .......... .......... ...                             100% 4.12M=0.006s

2012-11-21 05:09:23 (4.12 MB/s) - `code/../crawls/eastbay.com/Privacy-Policy/raw/www.eastbay.com/combine?type=js&files=shared%2Fscripts%2Fjquery.bgiframe.pack.js,shared%2Fscripts%2Fajax.js,shared%2Fscripts%2Fcommon.js,shared' saved [24094/24094]

--2012-11-21 05:09:23--  http://www.eastbay.com/shared/tellafriend/tellafriend.css
Reusing existing connection to www.eastbay.com:80.
HTTP request sent, awaiting response... 200 OK
Length: 2323 (2.3K) [text/css]
Saving to: `code/../crawls/eastbay.com/Privacy-Policy/raw/www.eastbay.com/shared/tellafriend/tellafriend.css'

     0K ..                                                    100%  310M=0s

2012-11-21 05:09:23 (310 MB/s) - `code/../crawls/eastbay.com/Privacy-Policy/raw/www.eastbay.com/shared/tellafriend/tellafriend.css' saved [2323/2323]

--2012-11-21 05:09:23--  http://www.eastbay.com/shared/tellafriend/tellafriend.js
Reusing existing connection to www.eastbay.com:80.
HTTP request sent, awaiting response... 200 OK
Length: 6435 (6.3K) [application/javascript]
Saving to: `code/../crawls/eastbay.com/Privacy-Policy/raw/www.eastbay.com/shared/tellafriend/tellafriend.js'

     0K ......                                                100% 19.4M=0s

2012-11-21 05:09:23 (19.4 MB/s) - `code/../crawls/eastbay.com/Privacy-Policy/raw/www.eastbay.com/shared/tellafriend/tellafriend.js' saved [6435/6435]

--2012-11-21 05:09:23--  http://www.eastbay.com/shared/gLightBox/gLightBox.js
Reusing existing connection to www.eastbay.com:80.
HTTP request sent, awaiting response... 200 OK
Length: 4173 (4.1K) [application/javascript]
Saving to: `code/../crawls/eastbay.com/Privacy-Policy/raw/www.eastbay.com/shared/gLightBox/gLightBox.js'

     0K ....                                                  100% 29.3M=0s

2012-11-21 05:09:23 (29.3 MB/s) - `code/../crawls/eastbay.com/Privacy-Policy/raw/www.eastbay.com/shared/gLightBox/gLightBox.js' saved [4173/4173]

--2012-11-21 05:09:23--  http://www.eastbay.com/shared/gLightBox/gLightBox.css
Reusing existing connection to www.eastbay.com:80.
HTTP request sent, awaiting response... 200 OK
Length: 1277 (1.2K) [text/css]
Saving to: `code/../crawls/eastbay.com/Privacy-Policy/raw/www.eastbay.com/shared/gLightBox/gLightBox.css'

     0K .                                                     100%  185M=0s

2012-11-21 05:09:23 (185 MB/s) - `code/../crawls/eastbay.com/Privacy-Policy/raw/www.eastbay.com/shared/gLightBox/gLightBox.css' saved [1277/1277]

--2012-11-21 05:09:23--  http://www.eastbay.com/images/eb/common/ajax-loader.gif
Reusing existing connection to www.eastbay.com:80.
HTTP request sent, awaiting response... 200 OK
Length: 1924 (1.9K) [image/gif]
Saving to: `code/../crawls/eastbay.com/Privacy-Policy/raw/www.eastbay.com/images/eb/common/ajax-loader.gif'

     0K .                                                     100%  250M=0s

2012-11-21 05:09:23 (250 MB/s) - `code/../crawls/eastbay.com/Privacy-Policy/raw/www.eastbay.com/images/eb/common/ajax-loader.gif' saved [1924/1924]

--2012-11-21 05:09:23--  http://www.eastbay.com/images/eb/shadowbox/background_top_left.png
Reusing existing connection to www.eastbay.com:80.
HTTP request sent, awaiting response... 200 OK
Length: 12637 (12K) [image/png]
Saving to: `code/../crawls/eastbay.com/Privacy-Policy/raw/www.eastbay.com/images/eb/shadowbox/background_top_left.png'

     0K .......... ..                                         100% 14.0M=0.001s

2012-11-21 05:09:23 (14.0 MB/s) - `code/../crawls/eastbay.com/Privacy-Policy/raw/www.eastbay.com/images/eb/shadowbox/background_top_left.png' saved [12637/12637]

--2012-11-21 05:09:23--  http://www.eastbay.com/images/eb/shadowbox/background_top_right2.png
Reusing existing connection to www.eastbay.com:80.
HTTP request sent, awaiting response... 200 OK
Length: 170 [image/png]
Saving to: `code/../crawls/eastbay.com/Privacy-Policy/raw/www.eastbay.com/images/eb/shadowbox/background_top_right2.png'

     0K                                                       100% 30.8M=0s

2012-11-21 05:09:23 (30.8 MB/s) - `code/../crawls/eastbay.com/Privacy-Policy/raw/www.eastbay.com/images/eb/shadowbox/background_top_right2.png' saved [170/170]

--2012-11-21 05:09:23--  http://www.eastbay.com/images/eb/shadowbox/background_top_right.png
Reusing existing connection to www.eastbay.com:80.
HTTP request sent, awaiting response... 200 OK
Length: 3474 (3.4K) [image/png]
Saving to: `code/../crawls/eastbay.com/Privacy-Policy/raw/www.eastbay.com/images/eb/shadowbox/background_top_right.png'

     0K ...                                                   100% 47.0M=0s

2012-11-21 05:09:23 (47.0 MB/s) - `code/../crawls/eastbay.com/Privacy-Policy/raw/www.eastbay.com/images/eb/shadowbox/background_top_right.png' saved [3474/3474]

--2012-11-21 05:09:23--  http://www.eastbay.com/images/eb/shadowbox/background_middle_left.png
Reusing existing connection to www.eastbay.com:80.
HTTP request sent, awaiting response... 200 OK
Length: 2895 (2.8K) [image/png]
Saving to: `code/../crawls/eastbay.com/Privacy-Policy/raw/www.eastbay.com/images/eb/shadowbox/background_middle_left.png'

     0K ..                                                    100% 39.9M=0s

2012-11-21 05:09:23 (39.9 MB/s) - `code/../crawls/eastbay.com/Privacy-Policy/raw/www.eastbay.com/images/eb/shadowbox/background_middle_left.png' saved [2895/2895]

--2012-11-21 05:09:23--  http://www.eastbay.com/images/eb/shadowbox/background_middle_right.png
Reusing existing connection to www.eastbay.com:80.
HTTP request sent, awaiting response... 200 OK
Length: 213 [image/png]
Saving to: `code/../crawls/eastbay.com/Privacy-Policy/raw/www.eastbay.com/images/eb/shadowbox/background_middle_right.png'

     0K                                                       100% 38.1M=0s

2012-11-21 05:09:23 (38.1 MB/s) - `code/../crawls/eastbay.com/Privacy-Policy/raw/www.eastbay.com/images/eb/shadowbox/background_middle_right.png' saved [213/213]

--2012-11-21 05:09:23--  http://www.eastbay.com/images/eb/shadowbox/background_bottom_left.png
Reusing existing connection to www.eastbay.com:80.
HTTP request sent, awaiting response... 200 OK
Length: 888 [image/png]
Saving to: `code/../crawls/eastbay.com/Privacy-Policy/raw/www.eastbay.com/images/eb/shadowbox/background_bottom_left.png'

     0K                                                       100%  163M=0s

2012-11-21 05:09:23 (163 MB/s) - `code/../crawls/eastbay.com/Privacy-Policy/raw/www.eastbay.com/images/eb/shadowbox/background_bottom_left.png' saved [888/888]

--2012-11-21 05:09:23--  http://www.eastbay.com/images/eb/shadowbox/background_bottom.png
Reusing existing connection to www.eastbay.com:80.
HTTP request sent, awaiting response... 200 OK
Length: 184 [image/png]
Saving to: `code/../crawls/eastbay.com/Privacy-Policy/raw/www.eastbay.com/images/eb/shadowbox/background_bottom.png'

     0K                                                       100% 34.3M=0s

2012-11-21 05:09:23 (34.3 MB/s) - `code/../crawls/eastbay.com/Privacy-Policy/raw/www.eastbay.com/images/eb/shadowbox/background_bottom.png' saved [184/184]

--2012-11-21 05:09:23--  http://www.eastbay.com/images/eb/shadowbox/background_bottom_right.png
Reusing existing connection to www.eastbay.com:80.
HTTP request sent, awaiting response... 200 OK
Length: 1968 (1.9K) [image/png]
Saving to: `code/../crawls/eastbay.com/Privacy-Policy/raw/www.eastbay.com/images/eb/shadowbox/background_bottom_right.png'

     0K .                                                     100%  297M=0s

2012-11-21 05:09:23 (297 MB/s) - `code/../crawls/eastbay.com/Privacy-Policy/raw/www.eastbay.com/images/eb/shadowbox/background_bottom_right.png' saved [1968/1968]

--2012-11-21 05:09:23--  http://www.eastbay.com/shared/wishlist/wl_sharedWishList.js
Reusing existing connection to www.eastbay.com:80.
HTTP request sent, awaiting response... 200 OK
Length: 8719 (8.5K) [application/javascript]
Saving to: `code/../crawls/eastbay.com/Privacy-Policy/raw/www.eastbay.com/shared/wishlist/wl_sharedWishList.js'

     0K ........                                              100% 14.1M=0.001s

2012-11-21 05:09:23 (14.1 MB/s) - `code/../crawls/eastbay.com/Privacy-Policy/raw/www.eastbay.com/shared/wishlist/wl_sharedWishList.js' saved [8719/8719]

--2012-11-21 05:09:23--  http://www.eastbay.com/shared/wishlist/wl_sharedWishList.css
Reusing existing connection to www.eastbay.com:80.
HTTP request sent, awaiting response... 200 OK
Length: 2546 (2.5K) [text/css]
Saving to: `code/../crawls/eastbay.com/Privacy-Policy/raw/www.eastbay.com/shared/wishlist/wl_sharedWishList.css'

     0K ..                                                    100%  162M=0s

2012-11-21 05:09:23 (162 MB/s) - `code/../crawls/eastbay.com/Privacy-Policy/raw/www.eastbay.com/shared/wishlist/wl_sharedWishList.css' saved [2546/2546]

--2012-11-21 05:09:23--  http://www.eastbay.com/images/eb/quickview/quickview_loader.gif
Reusing existing connection to www.eastbay.com:80.
HTTP request sent, awaiting response... 200 OK
Length: 1924 (1.9K) [image/gif]
Saving to: `code/../crawls/eastbay.com/Privacy-Policy/raw/www.eastbay.com/images/eb/quickview/quickview_loader.gif'

     0K .                                                     100%  258M=0s

2012-11-21 05:09:23 (258 MB/s) - `code/../crawls/eastbay.com/Privacy-Policy/raw/www.eastbay.com/images/eb/quickview/quickview_loader.gif' saved [1924/1924]

--2012-11-21 05:09:23--  http://www.eastbay.com/shared/myAccount/login.js
Reusing existing connection to www.eastbay.com:80.
HTTP request sent, awaiting response... 200 OK
Length: 7857 (7.7K) [application/javascript]
Saving to: `code/../crawls/eastbay.com/Privacy-Policy/raw/www.eastbay.com/shared/myAccount/login.js'

     0K .......                                               100% 19.2M=0s

2012-11-21 05:09:23 (19.2 MB/s) - `code/../crawls/eastbay.com/Privacy-Policy/raw/www.eastbay.com/shared/myAccount/login.js' saved [7857/7857]

--2012-11-21 05:09:23--  http://www.eastbay.com/shared/myAccount/login.css
Reusing existing connection to www.eastbay.com:80.
HTTP request sent, awaiting response... 200 OK
Length: 516 [text/css]
Saving to: `code/../crawls/eastbay.com/Privacy-Policy/raw/www.eastbay.com/shared/myAccount/login.css'

     0K                                                       100% 91.2M=0s

2012-11-21 05:09:23 (91.2 MB/s) - `code/../crawls/eastbay.com/Privacy-Policy/raw/www.eastbay.com/shared/myAccount/login.css' saved [516/516]

--2012-11-21 05:09:23--  http://www.eastbay.com/shared/catalogQuickOrder/catalogQuickOrder.css
Reusing existing connection to www.eastbay.com:80.
HTTP request sent, awaiting response... 200 OK
Length: 2719 (2.7K) [text/css]
Saving to: `code/../crawls/eastbay.com/Privacy-Policy/raw/www.eastbay.com/shared/catalogQuickOrder/catalogQuickOrder.css'

     0K ..                                                    100%  160M=0s

2012-11-21 05:09:23 (160 MB/s) - `code/../crawls/eastbay.com/Privacy-Policy/raw/www.eastbay.com/shared/catalogQuickOrder/catalogQuickOrder.css' saved [2719/2719]

--2012-11-21 05:09:23--  http://www.eastbay.com/shared/catalogQuickOrder/catalogQuickOrder.js
Reusing existing connection to www.eastbay.com:80.
HTTP request sent, awaiting response... 200 OK
Length: 5343 (5.2K) [application/javascript]
Saving to: `code/../crawls/eastbay.com/Privacy-Policy/raw/www.eastbay.com/shared/catalogQuickOrder/catalogQuickOrder.js'

     0K .....                                                 100% 16.5M=0s

2012-11-21 05:09:23 (16.5 MB/s) - `code/../crawls/eastbay.com/Privacy-Policy/raw/www.eastbay.com/shared/catalogQuickOrder/catalogQuickOrder.js' saved [5343/5343]

--2012-11-21 05:09:23--  http://www.eastbay.com/ns/chat/js/hours-toggle.js
Reusing existing connection to www.eastbay.com:80.
HTTP request sent, awaiting response... 200 OK
Length: 1949 (1.9K) [application/x-javascript]
Saving to: `code/../crawls/eastbay.com/Privacy-Policy/raw/www.eastbay.com/ns/chat/js/hours-toggle.js'

     0K .                                                     100%  248M=0s

2012-11-21 05:09:23 (248 MB/s) - `code/../crawls/eastbay.com/Privacy-Policy/raw/www.eastbay.com/ns/chat/js/hours-toggle.js' saved [1949/1949]

--2012-11-21 05:09:23--  http://www.eastbay.com/ns/common/js/responseLiveChat.js
Reusing existing connection to www.eastbay.com:80.
HTTP request sent, awaiting response... 200 OK
Length: 8396 (8.2K) [application/x-javascript]
Saving to: `code/../crawls/eastbay.com/Privacy-Policy/raw/www.eastbay.com/ns/common/js/responseLiveChat.js'

     0K ........                                              100% 19.4M=0s

2012-11-21 05:09:23 (19.4 MB/s) - `code/../crawls/eastbay.com/Privacy-Policy/raw/www.eastbay.com/ns/common/js/responseLiveChat.js' saved [8396/8396]

--2012-11-21 05:09:23--  http://www.eastbay.com/combine?type=js&files=shared/endeca/js/bsn.AutoSuggest_2.1.3.js
Reusing existing connection to www.eastbay.com:80.
HTTP request sent, awaiting response... 200 OK
Length: 10700 (10K) [application/javascript]
Saving to: `code/../crawls/eastbay.com/Privacy-Policy/raw/www.eastbay.com/combine?type=js&files=shared%2Fendeca%2Fjs%2Fbsn.AutoSuggest_2.1.3.js'

     0K ..........                                            100% 13.6M=0.001s

2012-11-21 05:09:24 (13.6 MB/s) - `code/../crawls/eastbay.com/Privacy-Policy/raw/www.eastbay.com/combine?type=js&files=shared%2Fendeca%2Fjs%2Fbsn.AutoSuggest_2.1.3.js' saved [10700/10700]

--2012-11-21 05:09:24--  http://www.eastbay.com/shared/endeca/css/autosuggest_inquisitor.css
Reusing existing connection to www.eastbay.com:80.
HTTP request sent, awaiting response... 200 OK
Length: 3160 (3.1K) [text/css]
Saving to: `code/../crawls/eastbay.com/Privacy-Policy/raw/www.eastbay.com/shared/endeca/css/autosuggest_inquisitor.css'

     0K ...                                                   100%  204M=0s

2012-11-21 05:09:24 (204 MB/s) - `code/../crawls/eastbay.com/Privacy-Policy/raw/www.eastbay.com/shared/endeca/css/autosuggest_inquisitor.css' saved [3160/3160]

--2012-11-21 05:09:24--  http://www.eastbay.com/endeca/autosuggest.css
Reusing existing connection to www.eastbay.com:80.
HTTP request sent, awaiting response... 200 OK
Length: 20 [text/css]
Saving to: `code/../crawls/eastbay.com/Privacy-Policy/raw/www.eastbay.com/endeca/autosuggest.css'

     0K                                                       100% 3.43M=0s

2012-11-21 05:09:24 (3.43 MB/s) - `code/../crawls/eastbay.com/Privacy-Policy/raw/www.eastbay.com/endeca/autosuggest.css' saved [20/20]

--2012-11-21 05:09:24--  http://www.eastbay.com/images/eb/endeca/as_pointer.gif
Reusing existing connection to www.eastbay.com:80.
HTTP request sent, awaiting response... 200 OK
Length: 66 [image/gif]
Saving to: `code/../crawls/eastbay.com/Privacy-Policy/raw/www.eastbay.com/images/eb/endeca/as_pointer.gif'

     0K                                                       100% 10.8M=0s

2012-11-21 05:09:24 (10.8 MB/s) - `code/../crawls/eastbay.com/Privacy-Policy/raw/www.eastbay.com/images/eb/endeca/as_pointer.gif' saved [66/66]

--2012-11-21 05:09:24--  http://www.eastbay.com/images/eb/endeca/ul_corner_tr.png
Reusing existing connection to www.eastbay.com:80.
HTTP request sent, awaiting response... 200 OK
Length: 143 [image/png]
Saving to: `code/../crawls/eastbay.com/Privacy-Policy/raw/www.eastbay.com/images/eb/endeca/ul_corner_tr.png'

     0K                                                       100% 24.6M=0s

2012-11-21 05:09:24 (24.6 MB/s) - `code/../crawls/eastbay.com/Privacy-Policy/raw/www.eastbay.com/images/eb/endeca/ul_corner_tr.png' saved [143/143]

--2012-11-21 05:09:24--  http://www.eastbay.com/images/eb/endeca/ul_corner_br.png
Reusing existing connection to www.eastbay.com:80.
HTTP request sent, awaiting response... 200 OK
Length: 133 [image/png]
Saving to: `code/../crawls/eastbay.com/Privacy-Policy/raw/www.eastbay.com/images/eb/endeca/ul_corner_br.png'

     0K                                                       100% 22.6M=0s

2012-11-21 05:09:24 (22.6 MB/s) - `code/../crawls/eastbay.com/Privacy-Policy/raw/www.eastbay.com/images/eb/endeca/ul_corner_br.png' saved [133/133]

--2012-11-21 05:09:24--  http://www.eastbay.com/images/eb/endeca/ul_corner_tl.png
Reusing existing connection to www.eastbay.com:80.
HTTP request sent, awaiting response... 200 OK
Length: 134 [image/png]
Saving to: `code/../crawls/eastbay.com/Privacy-Policy/raw/www.eastbay.com/images/eb/endeca/ul_corner_tl.png'

     0K                                                       100% 24.4M=0s

2012-11-21 05:09:24 (24.4 MB/s) - `code/../crawls/eastbay.com/Privacy-Policy/raw/www.eastbay.com/images/eb/endeca/ul_corner_tl.png' saved [134/134]

--2012-11-21 05:09:24--  http://www.eastbay.com/images/eb/endeca/ul_corner_bl.png
Reusing existing connection to www.eastbay.com:80.
HTTP request sent, awaiting response... 200 OK
Length: 139 [image/png]
Saving to: `code/../crawls/eastbay.com/Privacy-Policy/raw/www.eastbay.com/images/eb/endeca/ul_corner_bl.png'

     0K                                                       100% 12.1M=0s

2012-11-21 05:09:24 (12.1 MB/s) - `code/../crawls/eastbay.com/Privacy-Policy/raw/www.eastbay.com/images/eb/endeca/ul_corner_bl.png' saved [139/139]

--2012-11-21 05:09:24--  http://www.eastbay.com/images/eb/endeca/ul_background.png
Reusing existing connection to www.eastbay.com:80.
HTTP request sent, awaiting response... 200 OK
Length: 118 [image/png]
Saving to: `code/../crawls/eastbay.com/Privacy-Policy/raw/www.eastbay.com/images/eb/endeca/ul_background.png'

     0K                                                       100% 21.9M=0s

2012-11-21 05:09:24 (21.9 MB/s) - `code/../crawls/eastbay.com/Privacy-Policy/raw/www.eastbay.com/images/eb/endeca/ul_background.png' saved [118/118]

--2012-11-21 05:09:24--  http://www.eastbay.com/customerserv/help:privacyPolicy/'%20+%20oas%20+%20'adstream_nx.ads/'%20+%20oaspage%20+%20'
Reusing existing connection to www.eastbay.com:80.
HTTP request sent, awaiting response... 200 OK
Length: unspecified [text/html]
Saving to: `code/../crawls/eastbay.com/Privacy-Policy/raw/www.eastbay.com/customerserv/help:privacyPolicy/\' + oas + \'adstream_nx.ads/\' + oaspage + \'.html'

     0K .......... .......... .......... .......... .......... 29.1K
    50K .......... .......... .......... .......... .......... 6.76M
   100K .......... ..........                                  10.8M=1.7s

2012-11-21 05:09:26 (69.8 KB/s) - `code/../crawls/eastbay.com/Privacy-Policy/raw/www.eastbay.com/customerserv/help:privacyPolicy/\' + oas + \'adstream_nx.ads/\' + oaspage + \'.html' saved [123372]

--2012-11-21 05:09:26--  http://www.eastbay.com/customerserv/help:privacyPolicy/'%20+%20oas%20+%20'adstream_jx.ads/'%20+%20oaspage%20+%20'
Reusing existing connection to www.eastbay.com:80.
HTTP request sent, awaiting response... 200 OK
Length: unspecified [text/html]
Saving to: `code/../crawls/eastbay.com/Privacy-Policy/raw/www.eastbay.com/customerserv/help:privacyPolicy/\' + oas + \'adstream_jx.ads/\' + oaspage + \'.html'

     0K .......... .......... .......... .......... .......... 1.24M
    50K .......... .......... .......... .......... .......... 6.47M
   100K .......... ..........                                  12.7M=0.05s

2012-11-21 05:09:27 (2.43 MB/s) - `code/../crawls/eastbay.com/Privacy-Policy/raw/www.eastbay.com/customerserv/help:privacyPolicy/\' + oas + \'adstream_jx.ads/\' + oaspage + \'.html' saved [123372]

--2012-11-21 05:09:27--  http://www.eastbay.com/css/typography.css
Reusing existing connection to www.eastbay.com:80.
HTTP request sent, awaiting response... 200 OK
Length: 4266 (4.2K) [text/css]
Saving to: `code/../crawls/eastbay.com/Privacy-Policy/raw/www.eastbay.com/css/typography.css'

     0K ....                                                  100% 34.0M=0s

2012-11-21 05:09:27 (34.0 MB/s) - `code/../crawls/eastbay.com/Privacy-Policy/raw/www.eastbay.com/css/typography.css' saved [4266/4266]

--2012-11-21 05:09:27--  http://www.eastbay.com/css/style.css
Reusing existing connection to www.eastbay.com:80.
HTTP request sent, awaiting response... 200 OK
Length: 12294 (12K) [text/css]
Saving to: `code/../crawls/eastbay.com/Privacy-Policy/raw/www.eastbay.com/css/style.css'

     0K .......... ..                                         100% 14.6M=0.001s

2012-11-21 05:09:27 (14.6 MB/s) - `code/../crawls/eastbay.com/Privacy-Policy/raw/www.eastbay.com/css/style.css' saved [12294/12294]

--2012-11-21 05:09:27--  http://www.eastbay.com/css/default_template.css
Reusing existing connection to www.eastbay.com:80.
HTTP request sent, awaiting response... 200 OK
Length: 1374 (1.3K) [text/css]
Saving to: `code/../crawls/eastbay.com/Privacy-Policy/raw/www.eastbay.com/css/default_template.css'

     0K .                                                     100%  195M=0s

2012-11-21 05:09:27 (195 MB/s) - `code/../crawls/eastbay.com/Privacy-Policy/raw/www.eastbay.com/css/default_template.css' saved [1374/1374]

--2012-11-21 05:09:27--  http://t.p.mybuys.com/css/mbstyles.css
Resolving t.p.mybuys.com... 208.93.137.104
Connecting to t.p.mybuys.com|208.93.137.104|:80... connected.
HTTP request sent, awaiting response... 200 OK
Length: unspecified [text/css]
Saving to: `code/../crawls/eastbay.com/Privacy-Policy/raw/t.p.mybuys.com/css/mbstyles.css'

     0K .....                                                  24.0M=0s

2012-11-21 05:09:27 (24.0 MB/s) - `code/../crawls/eastbay.com/Privacy-Policy/raw/t.p.mybuys.com/css/mbstyles.css' saved [5572]

--2012-11-21 05:09:27--  http://www.eastbay.com/images/eb/checkout/header-shipping.gif
Connecting to www.eastbay.com|23.56.125.5|:80... connected.
HTTP request sent, awaiting response... 200 OK
Length: 5023 (4.9K) [image/gif]
Saving to: `code/../crawls/eastbay.com/Privacy-Policy/raw/www.eastbay.com/images/eb/checkout/header-shipping.gif'

     0K ....                                                  100% 3.37M=0.001s

2012-11-21 05:09:27 (3.37 MB/s) - `code/../crawls/eastbay.com/Privacy-Policy/raw/www.eastbay.com/images/eb/checkout/header-shipping.gif' saved [5023/5023]

--2012-11-21 05:09:27--  http://www.eastbay.com/images/eb/checkout/header-payment.gif
Reusing existing connection to www.eastbay.com:80.
HTTP request sent, awaiting response... 200 OK
Length: 5072 (5.0K) [image/gif]
Saving to: `code/../crawls/eastbay.com/Privacy-Policy/raw/www.eastbay.com/images/eb/checkout/header-payment.gif'

     0K ....                                                  100% 25.7M=0s

2012-11-21 05:09:27 (25.7 MB/s) - `code/../crawls/eastbay.com/Privacy-Policy/raw/www.eastbay.com/images/eb/checkout/header-payment.gif' saved [5072/5072]

--2012-11-21 05:09:27--  http://www.eastbay.com/images/eb/checkout/header-review.gif
Reusing existing connection to www.eastbay.com:80.
HTTP request sent, awaiting response... 200 OK
Length: 4963 (4.8K) [image/gif]
Saving to: `code/../crawls/eastbay.com/Privacy-Policy/raw/www.eastbay.com/images/eb/checkout/header-review.gif'

     0K ....                                                  100% 24.7M=0s

2012-11-21 05:09:27 (24.7 MB/s) - `code/../crawls/eastbay.com/Privacy-Policy/raw/www.eastbay.com/images/eb/checkout/header-review.gif' saved [4963/4963]

--2012-11-21 05:09:27--  http://www.eastbay.com/images/eb/checkout/header-receipt.gif
Reusing existing connection to www.eastbay.com:80.
HTTP request sent, awaiting response... 200 OK
Length: 4949 (4.8K) [image/gif]
Saving to: `code/../crawls/eastbay.com/Privacy-Policy/raw/www.eastbay.com/images/eb/checkout/header-receipt.gif'

     0K ....                                                  100% 25.0M=0s

2012-11-21 05:09:27 (25.0 MB/s) - `code/../crawls/eastbay.com/Privacy-Policy/raw/www.eastbay.com/images/eb/checkout/header-receipt.gif' saved [4949/4949]

--2012-11-21 05:09:27--  http://libs.coremetrics.com/eluminate.js
Resolving libs.coremetrics.com... 23.32.22.102
Connecting to libs.coremetrics.com|23.32.22.102|:80... connected.
HTTP request sent, awaiting response... 200 OK
Length: unspecified [application/x-javascript]
Saving to: `code/../crawls/eastbay.com/Privacy-Policy/raw/libs.coremetrics.com/eluminate.js'

     0K .......... .......... .......... .......... .......... 2.77M
    50K .......... .......... .......... .......... .......... 5.86M
   100K .......... .......... .......... .....                 4.52M=0.03s

2012-11-21 05:09:27 (3.93 MB/s) - `code/../crawls/eastbay.com/Privacy-Policy/raw/libs.coremetrics.com/eluminate.js' saved [138908]

--2012-11-21 05:09:27--  http://www.eastbay.com/coremetrics/cmdatatagutils.js
Connecting to www.eastbay.com|23.56.125.5|:80... connected.
HTTP request sent, awaiting response... 200 OK
Length: 23406 (23K) [application/javascript]
Saving to: `code/../crawls/eastbay.com/Privacy-Policy/raw/www.eastbay.com/coremetrics/cmdatatagutils.js'

     0K .......... .......... ..                              100% 1.79M=0.01s

2012-11-21 05:09:27 (1.79 MB/s) - `code/../crawls/eastbay.com/Privacy-Policy/raw/www.eastbay.com/coremetrics/cmdatatagutils.js' saved [23406/23406]

--2012-11-21 05:09:27--  http://www.eastbay.com/ns/header/css/eb_master_combine_102912.css
Reusing existing connection to www.eastbay.com:80.
HTTP request sent, awaiting response... 200 OK
Length: unspecified [text/css]
Saving to: `code/../crawls/eastbay.com/Privacy-Policy/raw/www.eastbay.com/ns/header/css/eb_master_combine_102912.css'

     0K .......... .......... .......... .......... .......... 4.49M
    50K ..                                                     16.3M=0.01s

2012-11-21 05:09:27 (4.63 MB/s) - `code/../crawls/eastbay.com/Privacy-Policy/raw/www.eastbay.com/ns/header/css/eb_master_combine_102912.css' saved [53371]

--2012-11-21 05:09:27--  http://www.eastbay.com/customerserv/help:privacyPolicy/%5C%22http://www.eastbay.com/images/eb/global/pixel.gif%5C%22
Reusing existing connection to www.eastbay.com:80.
HTTP request sent, awaiting response... 200 OK
Length: unspecified [text/html]
Saving to: `code/../crawls/eastbay.com/Privacy-Policy/raw/www.eastbay.com/customerserv/help:privacyPolicy/\\"http:/www.eastbay.com/images/eb/global/pixel.gif\\".html'

     0K .......... .......... .......... .......... ..........  896K
    50K .......... .......... .......... .......... .......... 3.24M
   100K .......... ..........                                   468K=0.1s

2012-11-21 05:09:27 (1.03 MB/s) - `code/../crawls/eastbay.com/Privacy-Policy/raw/www.eastbay.com/customerserv/help:privacyPolicy/\\"http:/www.eastbay.com/images/eb/global/pixel.gif\\".html' saved [123372]

--2012-11-21 05:09:27--  http://www.eastbay.com/ns/header/js/recently-viewed-073010.js
Reusing existing connection to www.eastbay.com:80.
HTTP request sent, awaiting response... 200 OK
Length: 1052 (1.0K) [application/x-javascript]
Saving to: `code/../crawls/eastbay.com/Privacy-Policy/raw/www.eastbay.com/ns/header/js/recently-viewed-073010.js'

     0K .                                                     100%  169M=0s

2012-11-21 05:09:27 (169 MB/s) - `code/../crawls/eastbay.com/Privacy-Policy/raw/www.eastbay.com/ns/header/js/recently-viewed-073010.js' saved [1052/1052]

--2012-11-21 05:09:27--  http://www.eastbay.com/images/eb/headers/hdr_javascript.jpg
Reusing existing connection to www.eastbay.com:80.
HTTP request sent, awaiting response... 200 OK
Length: 59235 (58K) [image/jpeg]
Saving to: `code/../crawls/eastbay.com/Privacy-Policy/raw/www.eastbay.com/images/eb/headers/hdr_javascript.jpg'

     0K .......... .......... .......... .......... .......... 86% 4.47M 0s
    50K .......                                               100% 10.8M=0.01s

2012-11-21 05:09:27 (4.85 MB/s) - `code/../crawls/eastbay.com/Privacy-Policy/raw/www.eastbay.com/images/eb/headers/hdr_javascript.jpg' saved [59235/59235]

--2012-11-21 05:09:27--  http://www.eastbay.com/ns/header/images/divider-small.gif
Reusing existing connection to www.eastbay.com:80.
HTTP request sent, awaiting response... 200 OK
Length: 55 [image/gif]
Saving to: `code/../crawls/eastbay.com/Privacy-Policy/raw/www.eastbay.com/ns/header/images/divider-small.gif'

     0K                                                       100% 9.50M=0s

2012-11-21 05:09:27 (9.50 MB/s) - `code/../crawls/eastbay.com/Privacy-Policy/raw/www.eastbay.com/ns/header/images/divider-small.gif' saved [55/55]

--2012-11-21 05:09:27--  http://www.eastbay.com/ns/header/js/eb-toggle-chat.js
Reusing existing connection to www.eastbay.com:80.
HTTP request sent, awaiting response... 200 OK
Length: 3360 (3.3K) [application/x-javascript]
Saving to: `code/../crawls/eastbay.com/Privacy-Policy/raw/www.eastbay.com/ns/header/js/eb-toggle-chat.js'

     0K ...                                                   100% 47.7M=0s

2012-11-21 05:09:27 (47.7 MB/s) - `code/../crawls/eastbay.com/Privacy-Policy/raw/www.eastbay.com/ns/header/js/eb-toggle-chat.js' saved [3360/3360]

--2012-11-21 05:09:27--  http://www.eastbay.com/ns/header/images/shopping-cart-small.gif
Reusing existing connection to www.eastbay.com:80.
HTTP request sent, awaiting response... 200 OK
Length: 2981 (2.9K) [image/gif]
Saving to: `code/../crawls/eastbay.com/Privacy-Policy/raw/www.eastbay.com/ns/header/images/shopping-cart-small.gif'

     0K ..                                                    100% 43.9M=0s

2012-11-21 05:09:27 (43.9 MB/s) - `code/../crawls/eastbay.com/Privacy-Policy/raw/www.eastbay.com/ns/header/images/shopping-cart-small.gif' saved [2981/2981]

--2012-11-21 05:09:27--  http://www.eastbay.com/images/eb/global/pixel.gif
Reusing existing connection to www.eastbay.com:80.
HTTP request sent, awaiting response... 200 OK
Length: 43 [image/gif]
Saving to: `code/../crawls/eastbay.com/Privacy-Policy/raw/www.eastbay.com/images/eb/global/pixel.gif'

     0K                                                       100% 7.85M=0s

2012-11-21 05:09:27 (7.85 MB/s) - `code/../crawls/eastbay.com/Privacy-Policy/raw/www.eastbay.com/images/eb/global/pixel.gif' saved [43/43]

--2012-11-21 05:09:27--  http://oascentral.stackmag.com/RealMedia/ads/adstream_sx.ads/www.eastbay.com/@Right
Resolving oascentral.stackmag.com... 208.71.123.72
Connecting to oascentral.stackmag.com|208.71.123.72|:80... connected.
HTTP request sent, awaiting response... 302 Found
Location: /RealMedia/ads/adstream_sx.ads/www.eastbay.com/@Right?_RM_OAX_REDIR_ [following]
--2012-11-21 05:09:28--  http://oascentral.stackmag.com/RealMedia/ads/adstream_sx.ads/www.eastbay.com/@Right?_RM_OAX_REDIR_
Reusing existing connection to oascentral.stackmag.com:80.
HTTP request sent, awaiting response... 200 OK
Length: 436 [text/html]
Saving to: `code/../crawls/eastbay.com/Privacy-Policy/raw/oascentral.stackmag.com/RealMedia/ads/adstream_sx.ads/www.eastbay.com/@Right.html'

     0K                                                       100% 17.8M=0s

2012-11-21 05:09:28 (17.8 MB/s) - `code/../crawls/eastbay.com/Privacy-Policy/raw/oascentral.stackmag.com/RealMedia/ads/adstream_sx.ads/www.eastbay.com/@Right.html' saved [436/436]

--2012-11-21 05:09:28--  http://www.eastbay.com/ns/header/js/gl_dropdown.js
Connecting to www.eastbay.com|23.56.125.5|:80... connected.
HTTP request sent, awaiting response... 200 OK
Length: 409 [application/x-javascript]
Saving to: `code/../crawls/eastbay.com/Privacy-Policy/raw/www.eastbay.com/ns/header/js/gl_dropdown.js'

     0K                                                       100% 70.7M=0s

2012-11-21 05:09:28 (70.7 MB/s) - `code/../crawls/eastbay.com/Privacy-Policy/raw/www.eastbay.com/ns/header/js/gl_dropdown.js' saved [409/409]

--2012-11-21 05:09:28--  http://www.eastbay.com/ns/header/images/ebheader-110512-cp3.jpg
Reusing existing connection to www.eastbay.com:80.
HTTP request sent, awaiting response... 200 OK
Length: 42071 (41K) [image/jpeg]
Saving to: `code/../crawls/eastbay.com/Privacy-Policy/raw/www.eastbay.com/ns/header/images/ebheader-110512-cp3.jpg'

     0K .......... .......... .......... .......... .         100% 1.63M=0.02s

2012-11-21 05:09:28 (1.63 MB/s) - `code/../crawls/eastbay.com/Privacy-Policy/raw/www.eastbay.com/ns/header/images/ebheader-110512-cp3.jpg' saved [42071/42071]

The name is too long, 184 chars total.
Trying to shorten...
New name is like.php?app_id=134365333327857&href=http%3A%2F%2Fwww.facebook.com%2FEastbay&send=false&layout=button_count&width=82&show_faces.
The name is too long, 184 chars total.
Trying to shorten...
New name is like.php?app_id=134365333327857&href=http%3A%2F%2Fwww.facebook.com%2FEastbay&send=false&layout=button_count&width=82&show_faces.
--2012-11-21 05:09:28--  http://www.facebook.com/plugins/like.php?app_id=134365333327857&href=http%3A%2F%2Fwww.facebook.com%2FEastbay&send=false&layout=button_count&width=82&show_faces=false&action=like&colorscheme=light&font=arial&height=21
Resolving www.facebook.com... 69.171.228.70, 2a03:2880:10:8f01:face:b00c:0:25
Connecting to www.facebook.com|69.171.228.70|:80... connected.
HTTP request sent, awaiting response... 200 OK
Length: unspecified [text/html]
Saving to: `code/../crawls/eastbay.com/Privacy-Policy/raw/www.facebook.com/plugins/like.php?app_id=134365333327857&href=http%3A%2F%2Fwww.facebook.com%2FEastbay&send=false&layout=button_count&width=82&show_faces.html'

     0K .......... .                                            380K=0.03s

2012-11-21 05:09:28 (380 KB/s) - `code/../crawls/eastbay.com/Privacy-Policy/raw/www.facebook.com/plugins/like.php?app_id=134365333327857&href=http%3A%2F%2Fwww.facebook.com%2FEastbay&send=false&layout=button_count&width=82&show_faces.html' saved [11584]

--2012-11-21 05:09:28--  http://www.eastbay.com/ns/common/js/keyword-search.js
Connecting to www.eastbay.com|23.56.125.5|:80... connected.
HTTP request sent, awaiting response... 200 OK
Length: 886 [application/x-javascript]
Saving to: `code/../crawls/eastbay.com/Privacy-Policy/raw/www.eastbay.com/ns/common/js/keyword-search.js'

     0K                                                       100%  141M=0s

2012-11-21 05:09:28 (141 MB/s) - `code/../crawls/eastbay.com/Privacy-Policy/raw/www.eastbay.com/ns/common/js/keyword-search.js' saved [886/886]

--2012-11-21 05:09:28--  http://t.p.mybuys.com/js/mybuys3.js
Connecting to t.p.mybuys.com|208.93.137.104|:80... connected.
HTTP request sent, awaiting response... 200 OK
Length: unspecified [application/javascript]
Saving to: `code/../crawls/eastbay.com/Privacy-Policy/raw/t.p.mybuys.com/js/mybuys3.js'

     0K .......... .......... .......... .......... .........  4.33M=0.01s

2012-11-21 05:09:28 (4.33 MB/s) - `code/../crawls/eastbay.com/Privacy-Policy/raw/t.p.mybuys.com/js/mybuys3.js' saved [50403]

--2012-11-21 05:09:28--  http://t.p.mybuys.com/clients/EASTBAY/js/setup.js
Reusing existing connection to t.p.mybuys.com:80.
HTTP request sent, awaiting response... 200 OK
Length: unspecified [application/javascript]
Saving to: `code/../crawls/eastbay.com/Privacy-Policy/raw/t.p.mybuys.com/clients/EASTBAY/js/setup.js'

     0K ....                                                   41.1M=0s

2012-11-21 05:09:28 (41.1 MB/s) - `code/../crawls/eastbay.com/Privacy-Policy/raw/t.p.mybuys.com/clients/EASTBAY/js/setup.js' saved [4886]

--2012-11-21 05:09:28--  http://www.eastbay.com/images/eb/buttons/btn_helpindex.gif
Connecting to www.eastbay.com|23.56.125.5|:80... connected.
HTTP request sent, awaiting response... 200 OK
Length: 1348 (1.3K) [image/gif]
Saving to: `code/../crawls/eastbay.com/Privacy-Policy/raw/www.eastbay.com/images/eb/buttons/btn_helpindex.gif'

     0K .                                                     100%  181M=0s

2012-11-21 05:09:28 (181 MB/s) - `code/../crawls/eastbay.com/Privacy-Policy/raw/www.eastbay.com/images/eb/buttons/btn_helpindex.gif' saved [1348/1348]

--2012-11-21 05:09:28--  http://www.eastbay.com/images/eb/staticheaders/hdr_customerservice.gif
Reusing existing connection to www.eastbay.com:80.
HTTP request sent, awaiting response... 200 OK
Length: 50589 (49K) [image/gif]
Saving to: `code/../crawls/eastbay.com/Privacy-Policy/raw/www.eastbay.com/images/eb/staticheaders/hdr_customerservice.gif'

     0K .......... .......... .......... .......... ......... 100% 5.09M=0.009s

2012-11-21 05:09:28 (5.09 MB/s) - `code/../crawls/eastbay.com/Privacy-Policy/raw/www.eastbay.com/images/eb/staticheaders/hdr_customerservice.gif' saved [50589/50589]

--2012-11-21 05:09:28--  http://www.eastbay.com/ns/images/footer/trans1.gif
Reusing existing connection to www.eastbay.com:80.
HTTP request sent, awaiting response... 200 OK
Length: 1095 (1.1K) [image/gif]
Saving to: `code/../crawls/eastbay.com/Privacy-Policy/raw/www.eastbay.com/ns/images/footer/trans1.gif'

     0K .                                                     100%  173M=0s

2012-11-21 05:09:28 (173 MB/s) - `code/../crawls/eastbay.com/Privacy-Policy/raw/www.eastbay.com/ns/images/footer/trans1.gif' saved [1095/1095]

--2012-11-21 05:09:28--  http://www.eastbay.com/ns/hp/footer/footer-slots2.jpg
Reusing existing connection to www.eastbay.com:80.
HTTP request sent, awaiting response... 200 OK
Length: 19909 (19K) [image/jpeg]
Saving to: `code/../crawls/eastbay.com/Privacy-Policy/raw/www.eastbay.com/ns/hp/footer/footer-slots2.jpg'

     0K .......... .........                                  100% 13.5M=0.001s

2012-11-21 05:09:28 (13.5 MB/s) - `code/../crawls/eastbay.com/Privacy-Policy/raw/www.eastbay.com/ns/hp/footer/footer-slots2.jpg' saved [19909/19909]

--2012-11-21 05:09:28--  http://images.scanalert.com/meter/www.eastbay.com/31.gif
Resolving images.scanalert.com... 23.56.112.80
Connecting to images.scanalert.com|23.56.112.80|:80... connected.
HTTP request sent, awaiting response... 200 OK
Length: 2134 (2.1K) [image/gif]
Saving to: `code/../crawls/eastbay.com/Privacy-Policy/raw/images.scanalert.com/meter/www.eastbay.com/31.gif'

     0K ..                                                    100%  276M=0s

2012-11-21 05:09:28 (276 MB/s) - `code/../crawls/eastbay.com/Privacy-Policy/raw/images.scanalert.com/meter/www.eastbay.com/31.gif' saved [2134/2134]

--2012-11-21 05:09:28--  http://seal-wisconsin.bbb.org/seals/blue-seal-200-42-eastbay-16001589.png
Resolving seal-wisconsin.bbb.org... 174.143.89.156
Connecting to seal-wisconsin.bbb.org|174.143.89.156|:80... connected.
HTTP request sent, awaiting response... 200 OK
Length: 5248 (5.1K) [image/png]
Saving to: `code/../crawls/eastbay.com/Privacy-Policy/raw/seal-wisconsin.bbb.org/seals/blue-seal-200-42-eastbay-16001589.png'

     0K .....                                                 100%  116K=0.04s

2012-11-21 05:09:28 (116 KB/s) - `code/../crawls/eastbay.com/Privacy-Policy/raw/seal-wisconsin.bbb.org/seals/blue-seal-200-42-eastbay-16001589.png' saved [5248/5248]

--2012-11-21 05:09:28--  http://medals.bizrate.com/medals/dynamic/small/18570_medal.gif
Resolving medals.bizrate.com... 184.169.75.163
Connecting to medals.bizrate.com|184.169.75.163|:80... connected.
HTTP request sent, awaiting response... 200 OK
Length: 2979 (2.9K) [image/gif]
Saving to: `code/../crawls/eastbay.com/Privacy-Policy/raw/medals.bizrate.com/medals/dynamic/small/18570_medal.gif'

     0K ..                                                    100%  343M=0s

2012-11-21 05:09:28 (343 MB/s) - `code/../crawls/eastbay.com/Privacy-Policy/raw/medals.bizrate.com/medals/dynamic/small/18570_medal.gif' saved [2979/2979]

--2012-11-21 05:09:28--  http://www.eastbay.com/images/eb/global/va-logo2.gif
Connecting to www.eastbay.com|23.56.125.5|:80... connected.
HTTP request sent, awaiting response... 200 OK
Length: 2052 (2.0K) [image/gif]
Saving to: `code/../crawls/eastbay.com/Privacy-Policy/raw/www.eastbay.com/images/eb/global/va-logo2.gif'

     0K ..                                                    100%  232M=0s

2012-11-21 05:09:28 (232 MB/s) - `code/../crawls/eastbay.com/Privacy-Policy/raw/www.eastbay.com/images/eb/global/va-logo2.gif' saved [2052/2052]

--2012-11-21 05:09:28--  http://www.paypal.com/en_US/i/logo/PayPal_mark_60x38.gif
Resolving www.paypal.com... 23.59.194.234
Connecting to www.paypal.com|23.59.194.234|:80... connected.
HTTP request sent, awaiting response... 302 Moved Temporarily
Location: https://www.paypal.com/en_US/i/logo/PayPal_mark_60x38.gif [following]
--2012-11-21 05:09:28--  https://www.paypal.com/en_US/i/logo/PayPal_mark_60x38.gif
Connecting to www.paypal.com|23.59.194.234|:443... connected.
HTTP request sent, awaiting response... 200 OK
Length: 750 [image/gif]
Saving to: `code/../crawls/eastbay.com/Privacy-Policy/raw/www.paypal.com/en_US/i/logo/PayPal_mark_60x38.gif'

     0K                                                       100%  498M=0s

2012-11-21 05:09:28 (498 MB/s) - `code/../crawls/eastbay.com/Privacy-Policy/raw/www.paypal.com/en_US/i/logo/PayPal_mark_60x38.gif' saved [750/750]

--2012-11-21 05:09:28--  http://www.eastbay.com/customerserv/help:privacyPolicy/%22%20+%20seal_host%20+%20%22seal.stellaservice.com/seals/stellaservice_elite.png?c=801
Connecting to www.eastbay.com|23.56.125.5|:80... connected.
HTTP request sent, awaiting response... 200 OK
Length: unspecified [text/html]
Saving to: `code/../crawls/eastbay.com/Privacy-Policy/raw/www.eastbay.com/customerserv/help:privacyPolicy/" + seal_host + "seal.stellaservice.com/seals/stellaservice_elite.png?c=801.html'

     0K .......... .......... .......... .......... .......... 5.99M
    50K .......... .......... .......... .......... .......... 7.47M
   100K .......... .......... ..........                       10.0M=0.02s

2012-11-21 05:09:28 (7.22 MB/s) - `code/../crawls/eastbay.com/Privacy-Policy/raw/www.eastbay.com/customerserv/help:privacyPolicy/" + seal_host + "seal.stellaservice.com/seals/stellaservice_elite.png?c=801.html' saved [133649]

--2012-11-21 05:09:28--  https://seal.verisign.com/getseal?host_name=www.eastbay.com&size=S&use_flash=YES&use_transparent=YES&lang=en
Resolving seal.verisign.com... 199.7.48.231
Connecting to seal.verisign.com|199.7.48.231|:443... connected.
HTTP request sent, awaiting response... 200 OK
Length: unspecified [text/javascript]
Saving to: `code/../crawls/eastbay.com/Privacy-Policy/raw/seal.verisign.com/getseal?host_name=www.eastbay.com&size=S&use_flash=YES&use_transparent=YES&lang=en'

     0K ...                                                    1.86K=2.1s

2012-11-21 05:09:31 (1.86 KB/s) - `code/../crawls/eastbay.com/Privacy-Policy/raw/seal.verisign.com/getseal?host_name=www.eastbay.com&size=S&use_flash=YES&use_transparent=YES&lang=en' saved [3917]

The name is too long, 569 chars total.
Trying to shorten...
New name is event?dataType=5&company=01&transactionId=5555-22211207090122071127768-0&metaData=%0A%09%09%09%3COrderMetaData%3E%0A%09%09%09%0.
The name is too long, 569 chars total.
Trying to shorten...
New name is event?dataType=5&company=01&transactionId=5555-22211207090122071127768-0&metaData=%0A%09%09%09%3COrderMetaData%3E%0A%09%09%09%0.
--2012-11-21 05:09:31--  http://www.eastbay.com/dotomi_tracking/event?dataType=5&company=01&transactionId=5555-22211207090122071127768-0&metaData=%0A%09%09%09%3COrderMetaData%3E%0A%09%09%09%09%3ChttpHeader%3E%0A%09%09%09%09%09Mozilla%2F5%2E0%20%28Windows%3B%20U%3B%20Windows%20NT%205%2E1%3B%20en%2DUS%3B%20rv%3A1%2E9%2E1%2E3%29%20Gecko%2F20090824%20Firefox%2F3%2E5%2E3%20%28%2ENET%20CLR%203%2E5%2E30729%29%7C%7C64%2E147%2E188%2E8%7C%7Cwww%2Eeastbay%2Ecom%2Fcontroller%2Ecfm%3Fto%3DcustomerService%26amp%3BremainingDetails%3Dhelp%3AprivacyPolicy%7C%7C%20%0A%09%09%09%09%3C%2FhttpHeader%3E%0A%09%09%09%3C%2FOrderMetaData%3E%0A%09%09%09
Connecting to www.eastbay.com|23.56.125.5|:80... connected.
HTTP request sent, awaiting response... 200 OK
Length: 1139 (1.1K) [image/gif]
Saving to: `code/../crawls/eastbay.com/Privacy-Policy/raw/www.eastbay.com/dotomi_tracking/event?dataType=5&company=01&transactionId=5555-22211207090122071127768-0&metaData=%0A%09%09%09%3COrderMetaData%3E%0A%09%09%09%0'

     0K .                                                     100%  152M=0s

2012-11-21 05:09:31 (152 MB/s) - `code/../crawls/eastbay.com/Privacy-Policy/raw/www.eastbay.com/dotomi_tracking/event?dataType=5&company=01&transactionId=5555-22211207090122071127768-0&metaData=%0A%09%09%09%3COrderMetaData%3E%0A%09%09%09%0' saved [1139/1139]

--2012-11-21 05:09:31--  http://www.eastbay.com/shared/tellafriend/images/loader.gif
Reusing existing connection to www.eastbay.com:80.
HTTP request sent, awaiting response... 404 Not Found
2012-11-21 05:09:32 ERROR 404: Not Found.

--2012-11-21 05:09:32--  http://www.eastbay.com/shared/endeca/css/img_inquisitor/as_pointer.gif
Reusing existing connection to www.eastbay.com:80.
HTTP request sent, awaiting response... 200 OK
Length: 66 [image/gif]
Saving to: `code/../crawls/eastbay.com/Privacy-Policy/raw/www.eastbay.com/shared/endeca/css/img_inquisitor/as_pointer.gif'

     0K                                                       100% 11.6M=0s

2012-11-21 05:09:32 (11.6 MB/s) - `code/../crawls/eastbay.com/Privacy-Policy/raw/www.eastbay.com/shared/endeca/css/img_inquisitor/as_pointer.gif' saved [66/66]

--2012-11-21 05:09:32--  http://www.eastbay.com/shared/endeca/css/img_inquisitor/ul_corner_tr.gif
Reusing existing connection to www.eastbay.com:80.
HTTP request sent, awaiting response... 200 OK
Length: 50 [image/gif]
Saving to: `code/../crawls/eastbay.com/Privacy-Policy/raw/www.eastbay.com/shared/endeca/css/img_inquisitor/ul_corner_tr.gif'

     0K                                                       100% 8.84M=0s

2012-11-21 05:09:32 (8.84 MB/s) - `code/../crawls/eastbay.com/Privacy-Policy/raw/www.eastbay.com/shared/endeca/css/img_inquisitor/ul_corner_tr.gif' saved [50/50]

--2012-11-21 05:09:32--  http://www.eastbay.com/shared/endeca/css/img_inquisitor/ul_corner_br.gif
Reusing existing connection to www.eastbay.com:80.
HTTP request sent, awaiting response... 200 OK
Length: 49 [image/gif]
Saving to: `code/../crawls/eastbay.com/Privacy-Policy/raw/www.eastbay.com/shared/endeca/css/img_inquisitor/ul_corner_br.gif'

     0K                                                       100% 8.99M=0s

2012-11-21 05:09:32 (8.99 MB/s) - `code/../crawls/eastbay.com/Privacy-Policy/raw/www.eastbay.com/shared/endeca/css/img_inquisitor/ul_corner_br.gif' saved [49/49]

--2012-11-21 05:09:32--  http://www.eastbay.com/shared/endeca/css/img_inquisitor/ul_corner_tl.gif
Reusing existing connection to www.eastbay.com:80.
HTTP request sent, awaiting response... 200 OK
Length: 50 [image/gif]
Saving to: `code/../crawls/eastbay.com/Privacy-Policy/raw/www.eastbay.com/shared/endeca/css/img_inquisitor/ul_corner_tl.gif'

     0K                                                       100% 9.27M=0s

2012-11-21 05:09:32 (9.27 MB/s) - `code/../crawls/eastbay.com/Privacy-Policy/raw/www.eastbay.com/shared/endeca/css/img_inquisitor/ul_corner_tl.gif' saved [50/50]

--2012-11-21 05:09:32--  http://www.eastbay.com/shared/endeca/css/img_inquisitor/ul_corner_bl.gif
Reusing existing connection to www.eastbay.com:80.
HTTP request sent, awaiting response... 200 OK
Length: 49 [image/gif]
Saving to: `code/../crawls/eastbay.com/Privacy-Policy/raw/www.eastbay.com/shared/endeca/css/img_inquisitor/ul_corner_bl.gif'

     0K                                                       100% 9.17M=0s

2012-11-21 05:09:32 (9.17 MB/s) - `code/../crawls/eastbay.com/Privacy-Policy/raw/www.eastbay.com/shared/endeca/css/img_inquisitor/ul_corner_bl.gif' saved [49/49]

--2012-11-21 05:09:32--  http://www.eastbay.com/shared/endeca/css/img_inquisitor/hl_corner_br.gif
Reusing existing connection to www.eastbay.com:80.
HTTP request sent, awaiting response... 200 OK
Length: 73 [image/gif]
Saving to: `code/../crawls/eastbay.com/Privacy-Policy/raw/www.eastbay.com/shared/endeca/css/img_inquisitor/hl_corner_br.gif'

     0K                                                       100% 13.5M=0s

2012-11-21 05:09:32 (13.5 MB/s) - `code/../crawls/eastbay.com/Privacy-Policy/raw/www.eastbay.com/shared/endeca/css/img_inquisitor/hl_corner_br.gif' saved [73/73]

--2012-11-21 05:09:32--  http://www.eastbay.com/shared/endeca/css/img_inquisitor/hl_corner_bl.gif
Reusing existing connection to www.eastbay.com:80.
HTTP request sent, awaiting response... 200 OK
Length: 73 [image/gif]
Saving to: `code/../crawls/eastbay.com/Privacy-Policy/raw/www.eastbay.com/shared/endeca/css/img_inquisitor/hl_corner_bl.gif'

     0K                                                       100% 13.5M=0s

2012-11-21 05:09:32 (13.5 MB/s) - `code/../crawls/eastbay.com/Privacy-Policy/raw/www.eastbay.com/shared/endeca/css/img_inquisitor/hl_corner_bl.gif' saved [73/73]

--2012-11-21 05:09:32--  http://www.eastbay.com/shared/endeca/css/img_inquisitor/hl_corner_tl.gif
Reusing existing connection to www.eastbay.com:80.
HTTP request sent, awaiting response... 200 OK
Length: 58 [image/gif]
Saving to: `code/../crawls/eastbay.com/Privacy-Policy/raw/www.eastbay.com/shared/endeca/css/img_inquisitor/hl_corner_tl.gif'

     0K                                                       100% 10.5M=0s

2012-11-21 05:09:32 (10.5 MB/s) - `code/../crawls/eastbay.com/Privacy-Policy/raw/www.eastbay.com/shared/endeca/css/img_inquisitor/hl_corner_tl.gif' saved [58/58]

--2012-11-21 05:09:32--  http://www.eastbay.com/shared/endeca/css/img_inquisitor/hl_corner_tr.gif
Reusing existing connection to www.eastbay.com:80.
HTTP request sent, awaiting response... 200 OK
Length: 73 [image/gif]
Saving to: `code/../crawls/eastbay.com/Privacy-Policy/raw/www.eastbay.com/shared/endeca/css/img_inquisitor/hl_corner_tr.gif'

     0K                                                       100% 13.2M=0s

2012-11-21 05:09:32 (13.2 MB/s) - `code/../crawls/eastbay.com/Privacy-Policy/raw/www.eastbay.com/shared/endeca/css/img_inquisitor/hl_corner_tr.gif' saved [73/73]

--2012-11-21 05:09:32--  http://www.eastbay.com/ns/header/images/top-nav.gif
Reusing existing connection to www.eastbay.com:80.
HTTP request sent, awaiting response... 200 OK
Length: 1168 (1.1K) [image/gif]
Saving to: `code/../crawls/eastbay.com/Privacy-Policy/raw/www.eastbay.com/ns/header/images/top-nav.gif'

     0K .                                                     100%  190M=0s

2012-11-21 05:09:32 (190 MB/s) - `code/../crawls/eastbay.com/Privacy-Policy/raw/www.eastbay.com/ns/header/images/top-nav.gif' saved [1168/1168]

--2012-11-21 05:09:32--  http://www.eastbay.com/ns/header/images/outlet.gif
Reusing existing connection to www.eastbay.com:80.
HTTP request sent, awaiting response... 200 OK
Length: 1548 (1.5K) [image/gif]
Saving to: `code/../crawls/eastbay.com/Privacy-Policy/raw/www.eastbay.com/ns/header/images/outlet.gif'

     0K .                                                     100%  205M=0s

2012-11-21 05:09:32 (205 MB/s) - `code/../crawls/eastbay.com/Privacy-Policy/raw/www.eastbay.com/ns/header/images/outlet.gif' saved [1548/1548]

--2012-11-21 05:09:32--  http://www.eastbay.com/ns/header/images/outlet-over.gif
Reusing existing connection to www.eastbay.com:80.
HTTP request sent, awaiting response... 200 OK
Length: 1451 (1.4K) [image/gif]
Saving to: `code/../crawls/eastbay.com/Privacy-Policy/raw/www.eastbay.com/ns/header/images/outlet-over.gif'

     0K .                                                     100%  201M=0s

2012-11-21 05:09:32 (201 MB/s) - `code/../crawls/eastbay.com/Privacy-Policy/raw/www.eastbay.com/ns/header/images/outlet-over.gif' saved [1451/1451]

--2012-11-21 05:09:32--  http://www.eastbay.com/ns/header/images/category-header-2.png
Reusing existing connection to www.eastbay.com:80.
HTTP request sent, awaiting response... 200 OK
Length: 255 [image/png]
Saving to: `code/../crawls/eastbay.com/Privacy-Policy/raw/www.eastbay.com/ns/header/images/category-header-2.png'

     0K                                                       100% 42.2M=0s

2012-11-21 05:09:32 (42.2 MB/s) - `code/../crawls/eastbay.com/Privacy-Policy/raw/www.eastbay.com/ns/header/images/category-header-2.png' saved [255/255]

--2012-11-21 05:09:32--  http://www.eastbay.com/ns/header/images/category-header-over-2.png
Reusing existing connection to www.eastbay.com:80.
HTTP request sent, awaiting response... 200 OK
Length: 251 [image/png]
Saving to: `code/../crawls/eastbay.com/Privacy-Policy/raw/www.eastbay.com/ns/header/images/category-header-over-2.png'

     0K                                                       100% 46.4M=0s

2012-11-21 05:09:32 (46.4 MB/s) - `code/../crawls/eastbay.com/Privacy-Policy/raw/www.eastbay.com/ns/header/images/category-header-over-2.png' saved [251/251]

--2012-11-21 05:09:32--  http://www.eastbay.com/ns/header/images/drop-down/bottom.png
Reusing existing connection to www.eastbay.com:80.
HTTP request sent, awaiting response... 200 OK
Length: 140 [image/png]
Saving to: `code/../crawls/eastbay.com/Privacy-Policy/raw/www.eastbay.com/ns/header/images/drop-down/bottom.png'

     0K                                                       100% 23.8M=0s

2012-11-21 05:09:32 (23.8 MB/s) - `code/../crawls/eastbay.com/Privacy-Policy/raw/www.eastbay.com/ns/header/images/drop-down/bottom.png' saved [140/140]

--2012-11-21 05:09:32--  http://www.eastbay.com/ns/header/images/drop-down/bottom-right.png
Reusing existing connection to www.eastbay.com:80.
HTTP request sent, awaiting response... 200 OK
Length: 316 [image/png]
Saving to: `code/../crawls/eastbay.com/Privacy-Policy/raw/www.eastbay.com/ns/header/images/drop-down/bottom-right.png'

     0K                                                       100% 54.6M=0s

2012-11-21 05:09:32 (54.6 MB/s) - `code/../crawls/eastbay.com/Privacy-Policy/raw/www.eastbay.com/ns/header/images/drop-down/bottom-right.png' saved [316/316]

--2012-11-21 05:09:32--  http://www.eastbay.com/ns/header/images/drop-down/bottom-left.png
Reusing existing connection to www.eastbay.com:80.
HTTP request sent, awaiting response... 200 OK
Length: 246 [image/png]
Saving to: `code/../crawls/eastbay.com/Privacy-Policy/raw/www.eastbay.com/ns/header/images/drop-down/bottom-left.png'

     0K                                                       100% 43.0M=0s

2012-11-21 05:09:32 (43.0 MB/s) - `code/../crawls/eastbay.com/Privacy-Policy/raw/www.eastbay.com/ns/header/images/drop-down/bottom-left.png' saved [246/246]

--2012-11-21 05:09:32--  http://www.eastbay.com/ns/header/images/drop-down/right.png
Reusing existing connection to www.eastbay.com:80.
HTTP request sent, awaiting response... 200 OK
Length: 132 [image/png]
Saving to: `code/../crawls/eastbay.com/Privacy-Policy/raw/www.eastbay.com/ns/header/images/drop-down/right.png'

     0K                                                       100% 21.2M=0s

2012-11-21 05:09:32 (21.2 MB/s) - `code/../crawls/eastbay.com/Privacy-Policy/raw/www.eastbay.com/ns/header/images/drop-down/right.png' saved [132/132]

--2012-11-21 05:09:32--  http://www.eastbay.com/images/eb/promo/header/6-28-08/cart.gif
Reusing existing connection to www.eastbay.com:80.
HTTP request sent, awaiting response... 200 OK
Length: 59 [image/gif]
Saving to: `code/../crawls/eastbay.com/Privacy-Policy/raw/www.eastbay.com/images/eb/promo/header/6-28-08/cart.gif'

     0K                                                       100% 10.4M=0s

2012-11-21 05:09:32 (10.4 MB/s) - `code/../crawls/eastbay.com/Privacy-Policy/raw/www.eastbay.com/images/eb/promo/header/6-28-08/cart.gif' saved [59/59]

--2012-11-21 05:09:32--  http://www.eastbay.com/images/eb/promo/header/6-28-08/cart-w.gif
Reusing existing connection to www.eastbay.com:80.
HTTP request sent, awaiting response... 200 OK
Length: 59 [image/gif]
Saving to: `code/../crawls/eastbay.com/Privacy-Policy/raw/www.eastbay.com/images/eb/promo/header/6-28-08/cart-w.gif'

     0K                                                       100% 10.7M=0s

2012-11-21 05:09:32 (10.7 MB/s) - `code/../crawls/eastbay.com/Privacy-Policy/raw/www.eastbay.com/images/eb/promo/header/6-28-08/cart-w.gif' saved [59/59]

--2012-11-21 05:09:32--  http://www.eastbay.com/ns/header/images/win.gif
Reusing existing connection to www.eastbay.com:80.
HTTP request sent, awaiting response... 200 OK
Length: 1206 (1.2K) [image/gif]
Saving to: `code/../crawls/eastbay.com/Privacy-Policy/raw/www.eastbay.com/ns/header/images/win.gif'

     0K .                                                     100%  177M=0s

2012-11-21 05:09:32 (177 MB/s) - `code/../crawls/eastbay.com/Privacy-Policy/raw/www.eastbay.com/ns/header/images/win.gif' saved [1206/1206]

--2012-11-21 05:09:32--  http://www.eastbay.com/ns/header/images/win-on.gif
Reusing existing connection to www.eastbay.com:80.
HTTP request sent, awaiting response... 200 OK
Length: 850 [image/gif]
Saving to: `code/../crawls/eastbay.com/Privacy-Policy/raw/www.eastbay.com/ns/header/images/win-on.gif'

     0K                                                       100%  141M=0s

2012-11-21 05:09:32 (141 MB/s) - `code/../crawls/eastbay.com/Privacy-Policy/raw/www.eastbay.com/ns/header/images/win-on.gif' saved [850/850]

--2012-11-21 05:09:32--  http://www.eastbay.com/ns/header/images/catalog.gif
Reusing existing connection to www.eastbay.com:80.
HTTP request sent, awaiting response... 200 OK
Length: 1422 (1.4K) [image/gif]
Saving to: `code/../crawls/eastbay.com/Privacy-Policy/raw/www.eastbay.com/ns/header/images/catalog.gif'

     0K .                                                     100%  204M=0s

2012-11-21 05:09:32 (204 MB/s) - `code/../crawls/eastbay.com/Privacy-Policy/raw/www.eastbay.com/ns/header/images/catalog.gif' saved [1422/1422]

--2012-11-21 05:09:32--  http://www.eastbay.com/ns/header/images/catalog-on.gif
Reusing existing connection to www.eastbay.com:80.
HTTP request sent, awaiting response... 200 OK
Length: 876 [image/gif]
Saving to: `code/../crawls/eastbay.com/Privacy-Policy/raw/www.eastbay.com/ns/header/images/catalog-on.gif'

     0K                                                       100%  151M=0s

2012-11-21 05:09:32 (151 MB/s) - `code/../crawls/eastbay.com/Privacy-Policy/raw/www.eastbay.com/ns/header/images/catalog-on.gif' saved [876/876]

--2012-11-21 05:09:32--  http://www.eastbay.com/ns/header/images/comments.gif
Reusing existing connection to www.eastbay.com:80.
HTTP request sent, awaiting response... 200 OK
Length: 1115 (1.1K) [image/gif]
Saving to: `code/../crawls/eastbay.com/Privacy-Policy/raw/www.eastbay.com/ns/header/images/comments.gif'

     0K .                                                     100%  192M=0s

2012-11-21 05:09:32 (192 MB/s) - `code/../crawls/eastbay.com/Privacy-Policy/raw/www.eastbay.com/ns/header/images/comments.gif' saved [1115/1115]

--2012-11-21 05:09:32--  http://www.eastbay.com/ns/header/images/comments-on.gif
Reusing existing connection to www.eastbay.com:80.
HTTP request sent, awaiting response... 200 OK
Length: 732 [image/gif]
Saving to: `code/../crawls/eastbay.com/Privacy-Policy/raw/www.eastbay.com/ns/header/images/comments-on.gif'

     0K                                                       100%  127M=0s

2012-11-21 05:09:32 (127 MB/s) - `code/../crawls/eastbay.com/Privacy-Policy/raw/www.eastbay.com/ns/header/images/comments-on.gif' saved [732/732]

--2012-11-21 05:09:32--  http://www.eastbay.com/ns/header/images/drop-down/tabs/tab-sports.gif
Reusing existing connection to www.eastbay.com:80.
HTTP request sent, awaiting response... 200 OK
Length: 687 [image/gif]
Saving to: `code/../crawls/eastbay.com/Privacy-Policy/raw/www.eastbay.com/ns/header/images/drop-down/tabs/tab-sports.gif'

     0K                                                       100%  109M=0s

2012-11-21 05:09:32 (109 MB/s) - `code/../crawls/eastbay.com/Privacy-Policy/raw/www.eastbay.com/ns/header/images/drop-down/tabs/tab-sports.gif' saved [687/687]

--2012-11-21 05:09:32--  http://www.eastbay.com/ns/header/images/drop-down/tabs/tab-shoes.gif
Reusing existing connection to www.eastbay.com:80.
HTTP request sent, awaiting response... 200 OK
Length: 448 [image/gif]
Saving to: `code/../crawls/eastbay.com/Privacy-Policy/raw/www.eastbay.com/ns/header/images/drop-down/tabs/tab-shoes.gif'

     0K                                                       100% 77.2M=0s

2012-11-21 05:09:32 (77.2 MB/s) - `code/../crawls/eastbay.com/Privacy-Policy/raw/www.eastbay.com/ns/header/images/drop-down/tabs/tab-shoes.gif' saved [448/448]

--2012-11-21 05:09:32--  http://www.eastbay.com/ns/header/images/drop-down/tabs/tab-clothing.gif
Reusing existing connection to www.eastbay.com:80.
HTTP request sent, awaiting response... 200 OK
Length: 524 [image/gif]
Saving to: `code/../crawls/eastbay.com/Privacy-Policy/raw/www.eastbay.com/ns/header/images/drop-down/tabs/tab-clothing.gif'

     0K                                                       100% 91.8M=0s

2012-11-21 05:09:32 (91.8 MB/s) - `code/../crawls/eastbay.com/Privacy-Policy/raw/www.eastbay.com/ns/header/images/drop-down/tabs/tab-clothing.gif' saved [524/524]

--2012-11-21 05:09:32--  http://www.eastbay.com/ns/header/images/drop-down/tabs/tab-equipment.gif
Reusing existing connection to www.eastbay.com:80.
HTTP request sent, awaiting response... 200 OK
Length: 788 [image/gif]
Saving to: `code/../crawls/eastbay.com/Privacy-Policy/raw/www.eastbay.com/ns/header/images/drop-down/tabs/tab-equipment.gif'

     0K                                                       100%  137M=0s

2012-11-21 05:09:32 (137 MB/s) - `code/../crawls/eastbay.com/Privacy-Policy/raw/www.eastbay.com/ns/header/images/drop-down/tabs/tab-equipment.gif' saved [788/788]

--2012-11-21 05:09:32--  http://www.eastbay.com/ns/header/images/drop-down/tabs/tab-casual.gif
Reusing existing connection to www.eastbay.com:80.
HTTP request sent, awaiting response... 200 OK
Length: 493 [image/gif]
Saving to: `code/../crawls/eastbay.com/Privacy-Policy/raw/www.eastbay.com/ns/header/images/drop-down/tabs/tab-casual.gif'

     0K                                                       100% 85.2M=0s

2012-11-21 05:09:32 (85.2 MB/s) - `code/../crawls/eastbay.com/Privacy-Policy/raw/www.eastbay.com/ns/header/images/drop-down/tabs/tab-casual.gif' saved [493/493]

--2012-11-21 05:09:32--  http://www.eastbay.com/ns/header/images/drop-down/tabs/tab-fangear.gif
Reusing existing connection to www.eastbay.com:80.
HTTP request sent, awaiting response... 200 OK
Length: 568 [image/gif]
Saving to: `code/../crawls/eastbay.com/Privacy-Policy/raw/www.eastbay.com/ns/header/images/drop-down/tabs/tab-fangear.gif'

     0K                                                       100%  101M=0s

2012-11-21 05:09:32 (101 MB/s) - `code/../crawls/eastbay.com/Privacy-Policy/raw/www.eastbay.com/ns/header/images/drop-down/tabs/tab-fangear.gif' saved [568/568]

--2012-11-21 05:09:32--  http://www.eastbay.com/ns/header/images/drop-down/tabs/tab-brands.gif
Reusing existing connection to www.eastbay.com:80.
HTTP request sent, awaiting response... 200 OK
Length: 492 [image/gif]
Saving to: `code/../crawls/eastbay.com/Privacy-Policy/raw/www.eastbay.com/ns/header/images/drop-down/tabs/tab-brands.gif'

     0K                                                       100% 85.4M=0s

2012-11-21 05:09:32 (85.4 MB/s) - `code/../crawls/eastbay.com/Privacy-Policy/raw/www.eastbay.com/ns/header/images/drop-down/tabs/tab-brands.gif' saved [492/492]

--2012-11-21 05:09:32--  http://www.eastbay.com/ns/header/images/drop-down/tabs/tab-womens.gif
Reusing existing connection to www.eastbay.com:80.
HTTP request sent, awaiting response... 200 OK
Length: 537 [image/gif]
Saving to: `code/../crawls/eastbay.com/Privacy-Policy/raw/www.eastbay.com/ns/header/images/drop-down/tabs/tab-womens.gif'

     0K                                                       100% 95.8M=0s

2012-11-21 05:09:32 (95.8 MB/s) - `code/../crawls/eastbay.com/Privacy-Policy/raw/www.eastbay.com/ns/header/images/drop-down/tabs/tab-womens.gif' saved [537/537]

--2012-11-21 05:09:32--  http://www.eastbay.com/ns/header/images/drop-down/tabs/tab-kids-g.gif
Reusing existing connection to www.eastbay.com:80.
HTTP request sent, awaiting response... 200 OK
Length: 1273 (1.2K) [image/gif]
Saving to: `code/../crawls/eastbay.com/Privacy-Policy/raw/www.eastbay.com/ns/header/images/drop-down/tabs/tab-kids-g.gif'

     0K .                                                     100%  192M=0s

2012-11-21 05:09:32 (192 MB/s) - `code/../crawls/eastbay.com/Privacy-Policy/raw/www.eastbay.com/ns/header/images/drop-down/tabs/tab-kids-g.gif' saved [1273/1273]

--2012-11-21 05:09:32--  http://www.eastbay.com/ns/header/images/drop-down/tabs/tab-outlet-s.gif
Reusing existing connection to www.eastbay.com:80.
HTTP request sent, awaiting response... 200 OK
Length: 514 [image/gif]
Saving to: `code/../crawls/eastbay.com/Privacy-Policy/raw/www.eastbay.com/ns/header/images/drop-down/tabs/tab-outlet-s.gif'

     0K                                                       100% 89.8M=0s

2012-11-21 05:09:32 (89.8 MB/s) - `code/../crawls/eastbay.com/Privacy-Policy/raw/www.eastbay.com/ns/header/images/drop-down/tabs/tab-outlet-s.gif' saved [514/514]

--2012-11-21 05:09:32--  http://www.eastbay.com/ns/header/images/drop-down/top-right.png
Reusing existing connection to www.eastbay.com:80.
HTTP request sent, awaiting response... 200 OK
Length: 277 [image/png]
Saving to: `code/../crawls/eastbay.com/Privacy-Policy/raw/www.eastbay.com/ns/header/images/drop-down/top-right.png'

     0K                                                       100% 48.8M=0s

2012-11-21 05:09:32 (48.8 MB/s) - `code/../crawls/eastbay.com/Privacy-Policy/raw/www.eastbay.com/ns/header/images/drop-down/top-right.png' saved [277/277]

--2012-11-21 05:09:32--  http://www.eastbay.com/ns/images/footer/footer_sprites.png
Reusing existing connection to www.eastbay.com:80.
HTTP request sent, awaiting response... 200 OK
Length: 4152 (4.1K) [image/png]
Saving to: `code/../crawls/eastbay.com/Privacy-Policy/raw/www.eastbay.com/ns/images/footer/footer_sprites.png'

     0K ....                                                  100% 20.9M=0s

2012-11-21 05:09:32 (20.9 MB/s) - `code/../crawls/eastbay.com/Privacy-Policy/raw/www.eastbay.com/ns/images/footer/footer_sprites.png' saved [4152/4152]

--2012-11-21 05:09:32--  http://www.eastbay.com/ns/header/images/sc-blog.gif
Reusing existing connection to www.eastbay.com:80.
HTTP request sent, awaiting response... 200 OK
Length: 1933 (1.9K) [image/gif]
Saving to: `code/../crawls/eastbay.com/Privacy-Policy/raw/www.eastbay.com/ns/header/images/sc-blog.gif'

     0K .                                                     100%  261M=0s

2012-11-21 05:09:32 (261 MB/s) - `code/../crawls/eastbay.com/Privacy-Policy/raw/www.eastbay.com/ns/header/images/sc-blog.gif' saved [1933/1933]

--2012-11-21 05:09:32--  http://www.eastbay.com/ns/header/images/sc-blog-on.gif
Reusing existing connection to www.eastbay.com:80.
HTTP request sent, awaiting response... 200 OK
Length: 1931 (1.9K) [image/gif]
Saving to: `code/../crawls/eastbay.com/Privacy-Policy/raw/www.eastbay.com/ns/header/images/sc-blog-on.gif'

     0K .                                                     100%  279M=0s

2012-11-21 05:09:32 (279 MB/s) - `code/../crawls/eastbay.com/Privacy-Policy/raw/www.eastbay.com/ns/header/images/sc-blog-on.gif' saved [1931/1931]

--2012-11-21 05:09:32--  http://www.eastbay.com/ns/images/pdp/not-available.gif
Reusing existing connection to www.eastbay.com:80.
HTTP request sent, awaiting response... 200 OK
Length: 131 [image/gif]
Saving to: `code/../crawls/eastbay.com/Privacy-Policy/raw/www.eastbay.com/ns/images/pdp/not-available.gif'

     0K                                                       100% 23.2M=0s

2012-11-21 05:09:32 (23.2 MB/s) - `code/../crawls/eastbay.com/Privacy-Policy/raw/www.eastbay.com/ns/images/pdp/not-available.gif' saved [131/131]

--2012-11-21 05:09:32--  http://www.eastbay.com/ns/header/images/background-locker-4.jpg
Reusing existing connection to www.eastbay.com:80.
HTTP request sent, awaiting response... 200 OK
Length: 37511 (37K) [image/jpeg]
Saving to: `code/../crawls/eastbay.com/Privacy-Policy/raw/www.eastbay.com/ns/header/images/background-locker-4.jpg'

     0K .......... .......... .......... ......               100% 9.27M=0.004s

2012-11-21 05:09:32 (9.27 MB/s) - `code/../crawls/eastbay.com/Privacy-Policy/raw/www.eastbay.com/ns/header/images/background-locker-4.jpg' saved [37511/37511]

--2012-11-21 05:09:32--  http://imagec14.247realmedia.com/RealMedia/ads/Creatives/StackMag/Eastbay_House_LoyalityClub_160x600/eb083111a-160x600-loyalty-club.jpg/1316791076
Resolving imagec14.247realmedia.com... 65.171.167.8, 65.171.167.59
Connecting to imagec14.247realmedia.com|65.171.167.8|:80... connected.
HTTP request sent, awaiting response... 200 OK
Length: 29347 (29K) [image/jpeg]
Saving to: `code/../crawls/eastbay.com/Privacy-Policy/raw/imagec14.247realmedia.com/RealMedia/ads/Creatives/StackMag/Eastbay_House_LoyalityClub_160x600/eb083111a-160x600-loyalty-club.jpg/1316791076'

     0K .......... .......... ........                        100% 1.15M=0.02s

2012-11-21 05:09:32 (1.15 MB/s) - `code/../crawls/eastbay.com/Privacy-Policy/raw/imagec14.247realmedia.com/RealMedia/ads/Creatives/StackMag/Eastbay_House_LoyalityClub_160x600/eb083111a-160x600-loyalty-club.jpg/1316791076' saved [29347/29347]

--2012-11-21 05:09:32--  http://static.ak.fbcdn.net/rsrc.php/v2/y7/x/IJYgcESal33.png
Resolving static.ak.fbcdn.net... 23.61.194.56, 23.61.194.10, 2600:1406:1a::173d:c20a, ...
Connecting to static.ak.fbcdn.net|23.61.194.56|:80... connected.
HTTP request sent, awaiting response... 200 OK
Length: 5771 (5.6K) [image/png]
Saving to: `code/../crawls/eastbay.com/Privacy-Policy/raw/static.ak.fbcdn.net/rsrc.php/v2/y7/x/IJYgcESal33.png'

     0K .....                                                 100% 2.54M=0.002s

2012-11-21 05:09:32 (2.54 MB/s) - `code/../crawls/eastbay.com/Privacy-Policy/raw/static.ak.fbcdn.net/rsrc.php/v2/y7/x/IJYgcESal33.png' saved [5771/5771]

--2012-11-21 05:09:32--  http://static.ak.fbcdn.net/rsrc.php/v2/yI/x/1dQf_ATK831.png
Reusing existing connection to static.ak.fbcdn.net:80.
HTTP request sent, awaiting response... 200 OK
Length: 567 [image/png]
Saving to: `code/../crawls/eastbay.com/Privacy-Policy/raw/static.ak.fbcdn.net/rsrc.php/v2/yI/x/1dQf_ATK831.png'

     0K                                                       100% 91.7M=0s

2012-11-21 05:09:32 (91.7 MB/s) - `code/../crawls/eastbay.com/Privacy-Policy/raw/static.ak.fbcdn.net/rsrc.php/v2/yI/x/1dQf_ATK831.png' saved [567/567]

FINISHED --2012-11-21 05:09:32--
Total wall clock time: 11s
Downloaded: 119 files, 1.4M in 4.8s (301 KB/s)
Converting code/../crawls/eastbay.com/Privacy-Policy/raw/www.eastbay.com/customerserv/help:privacyPolicy/" + seal_host + "seal.stellaservice.com/seals/stellaservice_elite.png?c=801.html... 96-17
Converting code/../crawls/eastbay.com/Privacy-Policy/raw/www.eastbay.com/customerserv/help:privacyPolicy/' + oas + 'adstream_jx.ads/' + oaspage + '.html... 93-9
Converting code/../crawls/eastbay.com/Privacy-Policy/raw/oascentral.stackmag.com/RealMedia/ads/adstream_sx.ads/www.eastbay.com/@Right.html... 1-0
Converting code/../crawls/eastbay.com/Privacy-Policy/raw/www.eastbay.com/customerserv/help:privacyPolicy/' + oas + 'adstream_nx.ads/' + oaspage + '.html... 93-9
Converting code/../crawls/eastbay.com/Privacy-Policy/raw/www.eastbay.com/customerserv/help:privacyPolicy/index.html... 99-4
Converting code/../crawls/eastbay.com/Privacy-Policy/raw/www.eastbay.com/customerserv/help:privacyPolicy/\"http:/www.eastbay.com/images/eb/global/pixel.gif\".html... 93-9
Converting code/../crawls/eastbay.com/Privacy-Policy/raw/www.facebook.com/plugins/like.php?app_id=134365333327857&href=http%3A%2F%2Fwww.facebook.com%2FEastbay&send=false&layout=button_count&width=82&show_faces.html... 2-1
Converting code/../crawls/eastbay.com/Privacy-Policy/raw/www.eastbay.com/shared/catalogQuickOrder/catalogQuickOrder.css... nothing to do.
Converting code/../crawls/eastbay.com/Privacy-Policy/raw/www.eastbay.com/css/typography.css... nothing to do.
Converting code/../crawls/eastbay.com/Privacy-Policy/raw/www.eastbay.com/ns/header/css/eb_master_combine_102912.css... 45-0
Converting code/../crawls/eastbay.com/Privacy-Policy/raw/www.eastbay.com/endeca/autosuggest.css... nothing to do.
Converting code/../crawls/eastbay.com/Privacy-Policy/raw/www.eastbay.com/shared/tellafriend/tellafriend.css... 0-2
Converting code/../crawls/eastbay.com/Privacy-Policy/raw/www.eastbay.com/css/default_template.css... nothing to do.
Converting code/../crawls/eastbay.com/Privacy-Policy/raw/t.p.mybuys.com/css/mbstyles.css... nothing to do.
Converting code/../crawls/eastbay.com/Privacy-Policy/raw/www.eastbay.com/css/style.css... nothing to do.
Converting code/../crawls/eastbay.com/Privacy-Policy/raw/www.eastbay.com/shared/endeca/css/autosuggest_inquisitor.css... 9-0
Converting code/../crawls/eastbay.com/Privacy-Policy/raw/www.eastbay.com/shared/wishlist/wl_sharedWishList.css... nothing to do.
Converting code/../crawls/eastbay.com/Privacy-Policy/raw/www.eastbay.com/shared/gLightBox/gLightBox.css... nothing to do.
Converting code/../crawls/eastbay.com/Privacy-Policy/raw/www.eastbay.com/shared/myAccount/login.css... nothing to do.
Converted 19 files in 0.03 seconds.
