--2012-10-04 05:18:26--  http://mall.soc.io/PrivacyPolicy
Resolving mall.soc.io... 217.168.167.100
Connecting to mall.soc.io|217.168.167.100|:80... connected.
HTTP request sent, awaiting response... 200 OK
Length: unspecified
Saving to: `code/../crawls/mall.soc.io/Privacy-Policy/raw/mall.soc.io/PrivacyPolicy.html'

     0K .......... .......... .......... .......... .......... 53.8K
    50K ...                                                    15.0M=0.9s

2012-10-04 05:18:31 (58.0 KB/s) - `code/../crawls/mall.soc.io/Privacy-Policy/raw/mall.soc.io/PrivacyPolicy.html' saved [55144]

--2012-10-04 05:18:31--  http://mall.soc.io/images/favicon.ico
Reusing existing connection to mall.soc.io:80.
HTTP request sent, awaiting response... 200 OK
Length: 1150 (1.1K)
Saving to: `code/../crawls/mall.soc.io/Privacy-Policy/raw/mall.soc.io/images/favicon.ico.html'

     0K .                                                     100%  177M=0s

2012-10-04 05:18:32 (177 MB/s) - `code/../crawls/mall.soc.io/Privacy-Policy/raw/mall.soc.io/images/favicon.ico.html' saved [1150/1150]

--2012-10-04 05:18:32--  http://mall.soc.io/images/favicon.png
Reusing existing connection to mall.soc.io:80.
HTTP request sent, awaiting response... 200 OK
Length: 310 [image/png]
Saving to: `code/../crawls/mall.soc.io/Privacy-Policy/raw/mall.soc.io/images/favicon.png'

     0K                                                       100% 51.5M=0s

2012-10-04 05:18:32 (51.5 MB/s) - `code/../crawls/mall.soc.io/Privacy-Policy/raw/mall.soc.io/images/favicon.png' saved [310/310]

--2012-10-04 05:18:32--  http://mall.soc.io/designapps/default-compilation-apps.css
Reusing existing connection to mall.soc.io:80.
HTTP request sent, awaiting response... 200 OK
Length: 44262 (43K) [text/css]
Saving to: `code/../crawls/mall.soc.io/Privacy-Policy/raw/mall.soc.io/designapps/default-compilation-apps.css'

     0K .......... .......... .......... .......... ...       100%  184K=0.2s

2012-10-04 05:18:32 (184 KB/s) - `code/../crawls/mall.soc.io/Privacy-Policy/raw/mall.soc.io/designapps/default-compilation-apps.css' saved [44262/44262]

--2012-10-04 05:18:32--  http://mall.soc.io/scripts/jquery-compilation-apps.js
Reusing existing connection to mall.soc.io:80.
HTTP request sent, awaiting response... 200 OK
Length: 374310 (366K) [text/javascript]
Saving to: `code/../crawls/mall.soc.io/Privacy-Policy/raw/mall.soc.io/scripts/jquery-compilation-apps.js'

     0K .......... .......... .......... .......... .......... 13%  214K 1s
    50K .......... .......... .......... .......... .......... 27%  215K 1s
   100K .......... .......... .......... .......... .......... 41% 9.43M 1s
   150K .......... .......... .......... .......... .......... 54%  215K 1s
   200K .......... .......... .......... .......... .......... 68%  215K 0s
   250K .......... .......... .......... .......... .......... 82%  119K 0s
   300K .......... .......... .......... .......... .......... 95% 1.08M 0s
   350K .......... .....                                      100% 11.2M=1.4s

2012-10-04 05:18:34 (260 KB/s) - `code/../crawls/mall.soc.io/Privacy-Policy/raw/mall.soc.io/scripts/jquery-compilation-apps.js' saved [374310/374310]

--2012-10-04 05:18:34--  http://mall.soc.io/designapps/scripts/scripts.js
Reusing existing connection to mall.soc.io:80.
HTTP request sent, awaiting response... 200 OK
Length: 36945 (36K) [text/javascript]
Saving to: `code/../crawls/mall.soc.io/Privacy-Policy/raw/mall.soc.io/designapps/scripts/scripts.js'

     0K .......... .......... .......... ......               100% 12.0M=0.003s

2012-10-04 05:18:34 (12.0 MB/s) - `code/../crawls/mall.soc.io/Privacy-Policy/raw/mall.soc.io/designapps/scripts/scripts.js' saved [36945/36945]

--2012-10-04 05:18:34--  http://mall.soc.io/designapps/modalbox.css
Reusing existing connection to mall.soc.io:80.
HTTP request sent, awaiting response... 200 OK
Length: 2307 (2.3K) [text/css]
Saving to: `code/../crawls/mall.soc.io/Privacy-Policy/raw/mall.soc.io/designapps/modalbox.css'

     0K ..                                                    100%  321M=0s

2012-10-04 05:18:34 (321 MB/s) - `code/../crawls/mall.soc.io/Privacy-Policy/raw/mall.soc.io/designapps/modalbox.css' saved [2307/2307]

--2012-10-04 05:18:34--  http://mall.soc.io/designapps/fancybox/jquery.fancybox-1.3.4-custom.css
Reusing existing connection to mall.soc.io:80.
HTTP request sent, awaiting response... 200 OK
Length: 9574 (9.3K) [text/css]
Saving to: `code/../crawls/mall.soc.io/Privacy-Policy/raw/mall.soc.io/designapps/fancybox/jquery.fancybox-1.3.4-custom.css'

     0K .........                                             100% 14.5M=0.001s

2012-10-04 05:18:35 (14.5 MB/s) - `code/../crawls/mall.soc.io/Privacy-Policy/raw/mall.soc.io/designapps/fancybox/jquery.fancybox-1.3.4-custom.css' saved [9574/9574]

--2012-10-04 05:18:35--  http://mall.soc.io/designapps/fancybox/jquery.fancybox-1.3.4.pack.js
Reusing existing connection to mall.soc.io:80.
HTTP request sent, awaiting response... 200 OK
Length: 15622 (15K) [text/javascript]
Saving to: `code/../crawls/mall.soc.io/Privacy-Policy/raw/mall.soc.io/designapps/fancybox/jquery.fancybox-1.3.4.pack.js'

     0K .......... .....                                      100% 32.7K=0.5s

2012-10-04 05:18:35 (32.7 KB/s) - `code/../crawls/mall.soc.io/Privacy-Policy/raw/mall.soc.io/designapps/fancybox/jquery.fancybox-1.3.4.pack.js' saved [15622/15622]

--2012-10-04 05:18:35--  http://mall.soc.io/images/popup/close.png
Reusing existing connection to mall.soc.io:80.
HTTP request sent, awaiting response... 200 OK
Length: 2148 (2.1K) [image/png]
Saving to: `code/../crawls/mall.soc.io/Privacy-Policy/raw/mall.soc.io/images/popup/close.png'

     0K ..                                                    100%  288M=0s

2012-10-04 05:18:36 (288 MB/s) - `code/../crawls/mall.soc.io/Privacy-Policy/raw/mall.soc.io/images/popup/close.png' saved [2148/2148]

--2012-10-04 05:18:36--  http://mall.soc.io/images/popup/logo.png
Reusing existing connection to mall.soc.io:80.
HTTP request sent, awaiting response... 200 OK
Length: 7100 (6.9K) [image/png]
Saving to: `code/../crawls/mall.soc.io/Privacy-Policy/raw/mall.soc.io/images/popup/logo.png'

     0K ......                                                100% 17.7M=0s

2012-10-04 05:18:36 (17.7 MB/s) - `code/../crawls/mall.soc.io/Privacy-Policy/raw/mall.soc.io/images/popup/logo.png' saved [7100/7100]

--2012-10-04 05:18:36--  http://mall.soc.io/designapps/images/logo.jpg
Reusing existing connection to mall.soc.io:80.
HTTP request sent, awaiting response... 200 OK
Length: 12919 (13K) [image/jpeg]
Saving to: `code/../crawls/mall.soc.io/Privacy-Policy/raw/mall.soc.io/designapps/images/logo.jpg'

     0K .......... ..                                         100% 54.4K=0.2s

2012-10-04 05:18:36 (54.4 KB/s) - `code/../crawls/mall.soc.io/Privacy-Policy/raw/mall.soc.io/designapps/images/logo.jpg' saved [12919/12919]

--2012-10-04 05:18:36--  http://mall.soc.io/images/image001.gif
Reusing existing connection to mall.soc.io:80.
HTTP request sent, awaiting response... 200 OK
Length: 5289 (5.2K) [image/gif]
Saving to: `code/../crawls/mall.soc.io/Privacy-Policy/raw/mall.soc.io/images/image001.gif'

     0K .....                                                 100% 13.7M=0s

2012-10-04 05:18:36 (13.7 MB/s) - `code/../crawls/mall.soc.io/Privacy-Policy/raw/mall.soc.io/images/image001.gif' saved [5289/5289]

--2012-10-04 05:18:36--  http://bit.ly/phBZwX.qrcode
Resolving bit.ly... 69.58.188.39, 69.58.188.40
Connecting to bit.ly|69.58.188.39|:80... connected.
HTTP request sent, awaiting response... 200 OK
Length: 793 [image/png]
Saving to: `code/../crawls/mall.soc.io/Privacy-Policy/raw/bit.ly/phBZwX.qrcode'

     0K                                                       100%  122M=0s

2012-10-04 05:18:37 (122 MB/s) - `code/../crawls/mall.soc.io/Privacy-Policy/raw/bit.ly/phBZwX.qrcode' saved [793/793]

--2012-10-04 05:18:37--  http://mall.soc.io/images/logo_grey.png
Connecting to mall.soc.io|217.168.167.100|:80... connected.
HTTP request sent, awaiting response... 200 OK
Length: 4534 (4.4K) [image/png]
Saving to: `code/../crawls/mall.soc.io/Privacy-Policy/raw/mall.soc.io/images/logo_grey.png'

     0K ....                                                  100% 20.3K=0.2s

2012-10-04 05:18:37 (20.3 KB/s) - `code/../crawls/mall.soc.io/Privacy-Policy/raw/mall.soc.io/images/logo_grey.png' saved [4534/4534]

--2012-10-04 05:18:37--  http://mall.soc.io/images/icon_blog.png
Reusing existing connection to mall.soc.io:80.
HTTP request sent, awaiting response... 200 OK
Length: 3285 (3.2K) [image/png]
Saving to: `code/../crawls/mall.soc.io/Privacy-Policy/raw/mall.soc.io/images/icon_blog.png'

     0K ...                                                   100% 54.2M=0s

2012-10-04 05:18:38 (54.2 MB/s) - `code/../crawls/mall.soc.io/Privacy-Policy/raw/mall.soc.io/images/icon_blog.png' saved [3285/3285]

--2012-10-04 05:18:38--  http://mall.soc.io/images/icon_twitter.png
Reusing existing connection to mall.soc.io:80.
HTTP request sent, awaiting response... 200 OK
Length: 609 [image/png]
Saving to: `code/../crawls/mall.soc.io/Privacy-Policy/raw/mall.soc.io/images/icon_twitter.png'

     0K                                                       100%  105M=0s

2012-10-04 05:18:38 (105 MB/s) - `code/../crawls/mall.soc.io/Privacy-Policy/raw/mall.soc.io/images/icon_twitter.png' saved [609/609]

--2012-10-04 05:18:38--  http://mall.soc.io/images/icon_facebook.png
Reusing existing connection to mall.soc.io:80.
HTTP request sent, awaiting response... 200 OK
Length: 656 [image/png]
Saving to: `code/../crawls/mall.soc.io/Privacy-Policy/raw/mall.soc.io/images/icon_facebook.png'

     0K                                                       100%  114M=0s

2012-10-04 05:18:38 (114 MB/s) - `code/../crawls/mall.soc.io/Privacy-Policy/raw/mall.soc.io/images/icon_facebook.png' saved [656/656]

--2012-10-04 05:18:38--  http://mall.soc.io/images/icon_google.png
Reusing existing connection to mall.soc.io:80.
HTTP request sent, awaiting response... 200 OK
Length: 621 [image/png]
Saving to: `code/../crawls/mall.soc.io/Privacy-Policy/raw/mall.soc.io/images/icon_google.png'

     0K                                                       100%  103M=0s

2012-10-04 05:18:38 (103 MB/s) - `code/../crawls/mall.soc.io/Privacy-Policy/raw/mall.soc.io/images/icon_google.png' saved [621/621]

--2012-10-04 05:18:38--  http://mall.soc.io/images/icon_rss.png
Reusing existing connection to mall.soc.io:80.
HTTP request sent, awaiting response... 200 OK
Length: 705 [image/png]
Saving to: `code/../crawls/mall.soc.io/Privacy-Policy/raw/mall.soc.io/images/icon_rss.png'

     0K                                                       100%  117M=0s

2012-10-04 05:18:38 (117 MB/s) - `code/../crawls/mall.soc.io/Privacy-Policy/raw/mall.soc.io/images/icon_rss.png' saved [705/705]

--2012-10-04 05:18:38--  http://mall.soc.io/designapps/slider.png
Reusing existing connection to mall.soc.io:80.
HTTP request sent, awaiting response... 404 Not Found
2012-10-04 05:18:39 ERROR 404: Not Found.

--2012-10-04 05:18:39--  http://mall.soc.io/designapps/button_pause.png
Reusing existing connection to mall.soc.io:80.
HTTP request sent, awaiting response... 404 Not Found
2012-10-04 05:18:39 ERROR 404: Not Found.

--2012-10-04 05:18:39--  http://mall.soc.io/designapps/button_play.png
Reusing existing connection to mall.soc.io:80.
HTTP request sent, awaiting response... 404 Not Found
2012-10-04 05:18:39 ERROR 404: Not Found.

--2012-10-04 05:18:39--  http://mall.soc.io/designapps/button_left.png
Reusing existing connection to mall.soc.io:80.
HTTP request sent, awaiting response... 404 Not Found
2012-10-04 05:18:39 ERROR 404: Not Found.

--2012-10-04 05:18:39--  http://mall.soc.io/designapps/button_right.png
Reusing existing connection to mall.soc.io:80.
HTTP request sent, awaiting response... 404 Not Found
2012-10-04 05:18:40 ERROR 404: Not Found.

--2012-10-04 05:18:40--  http://mall.soc.io/designapps/images/separator.jpg
Reusing existing connection to mall.soc.io:80.
HTTP request sent, awaiting response... 200 OK
Length: 870 [image/jpeg]
Saving to: `code/../crawls/mall.soc.io/Privacy-Policy/raw/mall.soc.io/designapps/images/separator.jpg'

     0K                                                       100%  151M=0s

2012-10-04 05:18:40 (151 MB/s) - `code/../crawls/mall.soc.io/Privacy-Policy/raw/mall.soc.io/designapps/images/separator.jpg' saved [870/870]

--2012-10-04 05:18:40--  http://mall.soc.io/designapps/images/bg_h2.jpg
Reusing existing connection to mall.soc.io:80.
HTTP request sent, awaiting response... 200 OK
Length: 622 [image/jpeg]
Saving to: `code/../crawls/mall.soc.io/Privacy-Policy/raw/mall.soc.io/designapps/images/bg_h2.jpg'

     0K                                                       100%  105M=0s

2012-10-04 05:18:40 (105 MB/s) - `code/../crawls/mall.soc.io/Privacy-Policy/raw/mall.soc.io/designapps/images/bg_h2.jpg' saved [622/622]

--2012-10-04 05:18:40--  http://mall.soc.io/designapps/images/btn_get_right.png
Reusing existing connection to mall.soc.io:80.
HTTP request sent, awaiting response... 200 OK
Length: 398 [image/png]
Saving to: `code/../crawls/mall.soc.io/Privacy-Policy/raw/mall.soc.io/designapps/images/btn_get_right.png'

     0K                                                       100% 71.8M=0s

2012-10-04 05:18:40 (71.8 MB/s) - `code/../crawls/mall.soc.io/Privacy-Policy/raw/mall.soc.io/designapps/images/btn_get_right.png' saved [398/398]

--2012-10-04 05:18:40--  http://mall.soc.io/designapps/images/btn_get_bg.png
Reusing existing connection to mall.soc.io:80.
HTTP request sent, awaiting response... 200 OK
Length: 700 [image/png]
Saving to: `code/../crawls/mall.soc.io/Privacy-Policy/raw/mall.soc.io/designapps/images/btn_get_bg.png'

     0K                                                       100%  108M=0s

2012-10-04 05:18:40 (108 MB/s) - `code/../crawls/mall.soc.io/Privacy-Policy/raw/mall.soc.io/designapps/images/btn_get_bg.png' saved [700/700]

--2012-10-04 05:18:40--  http://mall.soc.io/images/footer_bg_fix.jpg
Reusing existing connection to mall.soc.io:80.
HTTP request sent, awaiting response... 200 OK
Length: 390 [image/jpeg]
Saving to: `code/../crawls/mall.soc.io/Privacy-Policy/raw/mall.soc.io/images/footer_bg_fix.jpg'

     0K                                                       100% 68.3M=0s

2012-10-04 05:18:41 (68.3 MB/s) - `code/../crawls/mall.soc.io/Privacy-Policy/raw/mall.soc.io/images/footer_bg_fix.jpg' saved [390/390]

--2012-10-04 05:18:41--  http://mall.soc.io/designapps/images/btn_developers.png
Reusing existing connection to mall.soc.io:80.
HTTP request sent, awaiting response... 200 OK
Length: 1110 (1.1K) [image/png]
Saving to: `code/../crawls/mall.soc.io/Privacy-Policy/raw/mall.soc.io/designapps/images/btn_developers.png'

     0K .                                                     100%  156M=0s

2012-10-04 05:18:41 (156 MB/s) - `code/../crawls/mall.soc.io/Privacy-Policy/raw/mall.soc.io/designapps/images/btn_developers.png' saved [1110/1110]

--2012-10-04 05:18:41--  http://mall.soc.io/designapps/images/btn_developerportal.png
Reusing existing connection to mall.soc.io:80.
HTTP request sent, awaiting response... 200 OK
Length: 1261 (1.2K) [image/png]
Saving to: `code/../crawls/mall.soc.io/Privacy-Policy/raw/mall.soc.io/designapps/images/btn_developerportal.png'

     0K .                                                     100%  185M=0s

2012-10-04 05:18:41 (185 MB/s) - `code/../crawls/mall.soc.io/Privacy-Policy/raw/mall.soc.io/designapps/images/btn_developerportal.png' saved [1261/1261]

--2012-10-04 05:18:41--  http://mall.soc.io/designapps/images/btn_login.jpg
Reusing existing connection to mall.soc.io:80.
HTTP request sent, awaiting response... 200 OK
Length: 690 [image/jpeg]
Saving to: `code/../crawls/mall.soc.io/Privacy-Policy/raw/mall.soc.io/designapps/images/btn_login.jpg'

     0K                                                       100%  103M=0s

2012-10-04 05:18:41 (103 MB/s) - `code/../crawls/mall.soc.io/Privacy-Policy/raw/mall.soc.io/designapps/images/btn_login.jpg' saved [690/690]

--2012-10-04 05:18:41--  http://mall.soc.io/designapps/images/btn_register.jpg
Reusing existing connection to mall.soc.io:80.
HTTP request sent, awaiting response... 200 OK
Length: 734 [image/jpeg]
Saving to: `code/../crawls/mall.soc.io/Privacy-Policy/raw/mall.soc.io/designapps/images/btn_register.jpg'

     0K                                                       100%  116M=0s

2012-10-04 05:18:42 (116 MB/s) - `code/../crawls/mall.soc.io/Privacy-Policy/raw/mall.soc.io/designapps/images/btn_register.jpg' saved [734/734]

--2012-10-04 05:18:42--  http://mall.soc.io/images/btn_center2.jpg
Reusing existing connection to mall.soc.io:80.
HTTP request sent, awaiting response... 200 OK
Length: 1077 (1.1K) [image/jpeg]
Saving to: `code/../crawls/mall.soc.io/Privacy-Policy/raw/mall.soc.io/images/btn_center2.jpg'

     0K .                                                     100%  154M=0s

2012-10-04 05:18:42 (154 MB/s) - `code/../crawls/mall.soc.io/Privacy-Policy/raw/mall.soc.io/images/btn_center2.jpg' saved [1077/1077]

--2012-10-04 05:18:42--  http://mall.soc.io/images/btn_center.jpg
Reusing existing connection to mall.soc.io:80.
HTTP request sent, awaiting response... 200 OK
Length: 788 [image/jpeg]
Saving to: `code/../crawls/mall.soc.io/Privacy-Policy/raw/mall.soc.io/images/btn_center.jpg'

     0K                                                       100%  129M=0s

2012-10-04 05:18:42 (129 MB/s) - `code/../crawls/mall.soc.io/Privacy-Policy/raw/mall.soc.io/images/btn_center.jpg' saved [788/788]

--2012-10-04 05:18:42--  http://mall.soc.io/designapps/images/bg_main_menu.jpg
Reusing existing connection to mall.soc.io:80.
HTTP request sent, awaiting response... 200 OK
Length: 989 [image/jpeg]
Saving to: `code/../crawls/mall.soc.io/Privacy-Policy/raw/mall.soc.io/designapps/images/bg_main_menu.jpg'

     0K                                                       100%  172M=0s

2012-10-04 05:18:42 (172 MB/s) - `code/../crawls/mall.soc.io/Privacy-Policy/raw/mall.soc.io/designapps/images/bg_main_menu.jpg' saved [989/989]

--2012-10-04 05:18:42--  http://mall.soc.io/designapps/images/menu_hover.png
Reusing existing connection to mall.soc.io:80.
HTTP request sent, awaiting response... 200 OK
Length: 752 [image/png]
Saving to: `code/../crawls/mall.soc.io/Privacy-Policy/raw/mall.soc.io/designapps/images/menu_hover.png'

     0K                                                       100%  130M=0s

2012-10-04 05:18:42 (130 MB/s) - `code/../crawls/mall.soc.io/Privacy-Policy/raw/mall.soc.io/designapps/images/menu_hover.png' saved [752/752]

--2012-10-04 05:18:42--  http://mall.soc.io/designapps/images/cloud.png
Reusing existing connection to mall.soc.io:80.
HTTP request sent, awaiting response... 200 OK
Length: 605 [image/png]
Saving to: `code/../crawls/mall.soc.io/Privacy-Policy/raw/mall.soc.io/designapps/images/cloud.png'

     0K                                                       100% 99.9M=0s

2012-10-04 05:18:43 (99.9 MB/s) - `code/../crawls/mall.soc.io/Privacy-Policy/raw/mall.soc.io/designapps/images/cloud.png' saved [605/605]

--2012-10-04 05:18:43--  http://mall.soc.io/designapps/images/bg_search_field.jpg
Reusing existing connection to mall.soc.io:80.
HTTP request sent, awaiting response... 200 OK
Length: 1119 (1.1K) [image/jpeg]
Saving to: `code/../crawls/mall.soc.io/Privacy-Policy/raw/mall.soc.io/designapps/images/bg_search_field.jpg'

     0K .                                                     100%  158M=0s

2012-10-04 05:18:43 (158 MB/s) - `code/../crawls/mall.soc.io/Privacy-Policy/raw/mall.soc.io/designapps/images/bg_search_field.jpg' saved [1119/1119]

--2012-10-04 05:18:43--  http://mall.soc.io/designapps/images/static2.png
Reusing existing connection to mall.soc.io:80.
HTTP request sent, awaiting response... 200 OK
Length: 1746 (1.7K) [image/png]
Saving to: `code/../crawls/mall.soc.io/Privacy-Policy/raw/mall.soc.io/designapps/images/static2.png'

     0K .                                                     100%  241M=0s

2012-10-04 05:18:43 (241 MB/s) - `code/../crawls/mall.soc.io/Privacy-Policy/raw/mall.soc.io/designapps/images/static2.png' saved [1746/1746]

--2012-10-04 05:18:43--  http://mall.soc.io/designapps/images/bg_home_slider.png
Reusing existing connection to mall.soc.io:80.
HTTP request sent, awaiting response... 200 OK
Length: 30152 (29K) [image/png]
Saving to: `code/../crawls/mall.soc.io/Privacy-Policy/raw/mall.soc.io/designapps/images/bg_home_slider.png'

     0K .......... .......... .........                       100% 39.4K=0.7s

2012-10-04 05:18:44 (39.4 KB/s) - `code/../crawls/mall.soc.io/Privacy-Policy/raw/mall.soc.io/designapps/images/bg_home_slider.png' saved [30152/30152]

--2012-10-04 05:18:44--  http://mall.soc.io/designapps/images/bg_content_wrapper.jpg
Reusing existing connection to mall.soc.io:80.
HTTP request sent, awaiting response... 200 OK
Length: 7656 (7.5K) [image/jpeg]
Saving to: `code/../crawls/mall.soc.io/Privacy-Policy/raw/mall.soc.io/designapps/images/bg_content_wrapper.jpg'

     0K .......                                               100% 18.4M=0s

2012-10-04 05:18:44 (18.4 MB/s) - `code/../crawls/mall.soc.io/Privacy-Policy/raw/mall.soc.io/designapps/images/bg_content_wrapper.jpg' saved [7656/7656]

--2012-10-04 05:18:44--  http://mall.soc.io/images/btn_gigastoreclient.png
Reusing existing connection to mall.soc.io:80.
HTTP request sent, awaiting response... 200 OK
Length: 14828 (14K) [image/png]
Saving to: `code/../crawls/mall.soc.io/Privacy-Policy/raw/mall.soc.io/images/btn_gigastoreclient.png'

     0K .......... ....                                       100% 13.4M=0.001s

2012-10-04 05:18:44 (13.4 MB/s) - `code/../crawls/mall.soc.io/Privacy-Policy/raw/mall.soc.io/images/btn_gigastoreclient.png' saved [14828/14828]

--2012-10-04 05:18:44--  http://mall.soc.io/designapps/images/category_control_closed.jpg
Reusing existing connection to mall.soc.io:80.
HTTP request sent, awaiting response... 200 OK
Length: 893 [image/jpeg]
Saving to: `code/../crawls/mall.soc.io/Privacy-Policy/raw/mall.soc.io/designapps/images/category_control_closed.jpg'

     0K                                                       100%  152M=0s

2012-10-04 05:18:45 (152 MB/s) - `code/../crawls/mall.soc.io/Privacy-Policy/raw/mall.soc.io/designapps/images/category_control_closed.jpg' saved [893/893]

--2012-10-04 05:18:45--  http://mall.soc.io/designapps/images/category_control_opened.jpg
Reusing existing connection to mall.soc.io:80.
HTTP request sent, awaiting response... 200 OK
Length: 886 [image/jpeg]
Saving to: `code/../crawls/mall.soc.io/Privacy-Policy/raw/mall.soc.io/designapps/images/category_control_opened.jpg'

     0K                                                       100%  147M=0s

2012-10-04 05:18:45 (147 MB/s) - `code/../crawls/mall.soc.io/Privacy-Policy/raw/mall.soc.io/designapps/images/category_control_opened.jpg' saved [886/886]

--2012-10-04 05:18:45--  http://mall.soc.io/designapps/images/category_separator.jpg
Reusing existing connection to mall.soc.io:80.
HTTP request sent, awaiting response... 200 OK
Length: 585 [image/jpeg]
Saving to: `code/../crawls/mall.soc.io/Privacy-Policy/raw/mall.soc.io/designapps/images/category_separator.jpg'

     0K                                                       100%  103M=0s

2012-10-04 05:18:45 (103 MB/s) - `code/../crawls/mall.soc.io/Privacy-Policy/raw/mall.soc.io/designapps/images/category_separator.jpg' saved [585/585]

--2012-10-04 05:18:45--  http://mall.soc.io/designapps/images/sub_menu.png
Reusing existing connection to mall.soc.io:80.
HTTP request sent, awaiting response... 200 OK
Length: 176 [image/png]
Saving to: `code/../crawls/mall.soc.io/Privacy-Policy/raw/mall.soc.io/designapps/images/sub_menu.png'

     0K                                                       100% 31.6M=0s

2012-10-04 05:18:45 (31.6 MB/s) - `code/../crawls/mall.soc.io/Privacy-Policy/raw/mall.soc.io/designapps/images/sub_menu.png' saved [176/176]

--2012-10-04 05:18:45--  http://mall.soc.io/designapps/images/bg_h2_short.jpg
Reusing existing connection to mall.soc.io:80.
HTTP request sent, awaiting response... 200 OK
Length: 591 [image/jpeg]
Saving to: `code/../crawls/mall.soc.io/Privacy-Policy/raw/mall.soc.io/designapps/images/bg_h2_short.jpg'

     0K                                                       100%  102M=0s

2012-10-04 05:18:46 (102 MB/s) - `code/../crawls/mall.soc.io/Privacy-Policy/raw/mall.soc.io/designapps/images/bg_h2_short.jpg' saved [591/591]

--2012-10-04 05:18:46--  http://mall.soc.io/designapps/images/btn_install.jpg
Reusing existing connection to mall.soc.io:80.
HTTP request sent, awaiting response... 200 OK
Length: 1232 (1.2K) [image/jpeg]
Saving to: `code/../crawls/mall.soc.io/Privacy-Policy/raw/mall.soc.io/designapps/images/btn_install.jpg'

     0K .                                                     100% 16.8M=0s

2012-10-04 05:18:46 (16.8 MB/s) - `code/../crawls/mall.soc.io/Privacy-Policy/raw/mall.soc.io/designapps/images/btn_install.jpg' saved [1232/1232]

--2012-10-04 05:18:46--  http://mall.soc.io/designapps/images/btn_buy.png
Reusing existing connection to mall.soc.io:80.
HTTP request sent, awaiting response... 200 OK
Length: 582 [image/png]
Saving to: `code/../crawls/mall.soc.io/Privacy-Policy/raw/mall.soc.io/designapps/images/btn_buy.png'

     0K                                                       100% 93.8M=0s

2012-10-04 05:18:46 (93.8 MB/s) - `code/../crawls/mall.soc.io/Privacy-Policy/raw/mall.soc.io/designapps/images/btn_buy.png' saved [582/582]

--2012-10-04 05:18:46--  http://mall.soc.io/designapps/images/star_off.png
Reusing existing connection to mall.soc.io:80.
HTTP request sent, awaiting response... 200 OK
Length: 513 [image/png]
Saving to: `code/../crawls/mall.soc.io/Privacy-Policy/raw/mall.soc.io/designapps/images/star_off.png'

     0K                                                       100% 93.6M=0s

2012-10-04 05:18:46 (93.6 MB/s) - `code/../crawls/mall.soc.io/Privacy-Policy/raw/mall.soc.io/designapps/images/star_off.png' saved [513/513]

--2012-10-04 05:18:46--  http://mall.soc.io/designapps/images/star_on.png
Reusing existing connection to mall.soc.io:80.
HTTP request sent, awaiting response... 200 OK
Length: 517 [image/png]
Saving to: `code/../crawls/mall.soc.io/Privacy-Policy/raw/mall.soc.io/designapps/images/star_on.png'

     0K                                                       100% 86.8M=0s

2012-10-04 05:18:46 (86.8 MB/s) - `code/../crawls/mall.soc.io/Privacy-Policy/raw/mall.soc.io/designapps/images/star_on.png' saved [517/517]

--2012-10-04 05:18:46--  http://mall.soc.io/designapps/images/bg_slider_controls.jpg
Reusing existing connection to mall.soc.io:80.
HTTP request sent, awaiting response... 200 OK
Length: 620 [image/jpeg]
Saving to: `code/../crawls/mall.soc.io/Privacy-Policy/raw/mall.soc.io/designapps/images/bg_slider_controls.jpg'

     0K                                                       100%  105M=0s

2012-10-04 05:18:47 (105 MB/s) - `code/../crawls/mall.soc.io/Privacy-Policy/raw/mall.soc.io/designapps/images/bg_slider_controls.jpg' saved [620/620]

--2012-10-04 05:18:47--  http://mall.soc.io/designapps/images/btn_control_off.jpg
Reusing existing connection to mall.soc.io:80.
HTTP request sent, awaiting response... 200 OK
Length: 672 [image/jpeg]
Saving to: `code/../crawls/mall.soc.io/Privacy-Policy/raw/mall.soc.io/designapps/images/btn_control_off.jpg'

     0K                                                       100%  113M=0s

2012-10-04 05:18:47 (113 MB/s) - `code/../crawls/mall.soc.io/Privacy-Policy/raw/mall.soc.io/designapps/images/btn_control_off.jpg' saved [672/672]

--2012-10-04 05:18:47--  http://mall.soc.io/designapps/images/btn_control_on.jpg
Reusing existing connection to mall.soc.io:80.
HTTP request sent, awaiting response... 200 OK
Length: 515 [image/jpeg]
Saving to: `code/../crawls/mall.soc.io/Privacy-Policy/raw/mall.soc.io/designapps/images/btn_control_on.jpg'

     0K                                                       100% 84.6M=0s

2012-10-04 05:18:47 (84.6 MB/s) - `code/../crawls/mall.soc.io/Privacy-Policy/raw/mall.soc.io/designapps/images/btn_control_on.jpg' saved [515/515]

--2012-10-04 05:18:47--  http://mall.soc.io/designapps/images/category_slider_control_left.jpg
Reusing existing connection to mall.soc.io:80.
HTTP request sent, awaiting response... 200 OK
Length: 720 [image/jpeg]
Saving to: `code/../crawls/mall.soc.io/Privacy-Policy/raw/mall.soc.io/designapps/images/category_slider_control_left.jpg'

     0K                                                       100%  121M=0s

2012-10-04 05:18:47 (121 MB/s) - `code/../crawls/mall.soc.io/Privacy-Policy/raw/mall.soc.io/designapps/images/category_slider_control_left.jpg' saved [720/720]

--2012-10-04 05:18:47--  http://mall.soc.io/designapps/images/category_slider_control_left_over.jpg
Reusing existing connection to mall.soc.io:80.
HTTP request sent, awaiting response... 200 OK
Length: 945 [image/jpeg]
Saving to: `code/../crawls/mall.soc.io/Privacy-Policy/raw/mall.soc.io/designapps/images/category_slider_control_left_over.jpg'

     0K                                                       100%  164M=0s

2012-10-04 05:18:48 (164 MB/s) - `code/../crawls/mall.soc.io/Privacy-Policy/raw/mall.soc.io/designapps/images/category_slider_control_left_over.jpg' saved [945/945]

--2012-10-04 05:18:48--  http://mall.soc.io/designapps/images/category_slider_control_right.jpg
Reusing existing connection to mall.soc.io:80.
HTTP request sent, awaiting response... 200 OK
Length: 730 [image/jpeg]
Saving to: `code/../crawls/mall.soc.io/Privacy-Policy/raw/mall.soc.io/designapps/images/category_slider_control_right.jpg'

     0K                                                       100%  132M=0s

2012-10-04 05:18:48 (132 MB/s) - `code/../crawls/mall.soc.io/Privacy-Policy/raw/mall.soc.io/designapps/images/category_slider_control_right.jpg' saved [730/730]

--2012-10-04 05:18:48--  http://mall.soc.io/designapps/images/category_slider_control_right_over.jpg
Reusing existing connection to mall.soc.io:80.
HTTP request sent, awaiting response... 200 OK
Length: 964 [image/jpeg]
Saving to: `code/../crawls/mall.soc.io/Privacy-Policy/raw/mall.soc.io/designapps/images/category_slider_control_right_over.jpg'

     0K                                                       100%  160M=0s

2012-10-04 05:18:48 (160 MB/s) - `code/../crawls/mall.soc.io/Privacy-Policy/raw/mall.soc.io/designapps/images/category_slider_control_right_over.jpg' saved [964/964]

--2012-10-04 05:18:48--  http://mall.soc.io/designapps/images/info_app_btn.png
Reusing existing connection to mall.soc.io:80.
HTTP request sent, awaiting response... 200 OK
Length: 2502 (2.4K) [image/png]
Saving to: `code/../crawls/mall.soc.io/Privacy-Policy/raw/mall.soc.io/designapps/images/info_app_btn.png'

     0K ..                                                    100%  315M=0s

2012-10-04 05:18:48 (315 MB/s) - `code/../crawls/mall.soc.io/Privacy-Policy/raw/mall.soc.io/designapps/images/info_app_btn.png' saved [2502/2502]

--2012-10-04 05:18:48--  http://mall.soc.io/designapps/images/alternate_price.png
Reusing existing connection to mall.soc.io:80.
HTTP request sent, awaiting response... 200 OK
Length: 703 [image/png]
Saving to: `code/../crawls/mall.soc.io/Privacy-Policy/raw/mall.soc.io/designapps/images/alternate_price.png'

     0K                                                       100%  117M=0s

2012-10-04 05:18:48 (117 MB/s) - `code/../crawls/mall.soc.io/Privacy-Policy/raw/mall.soc.io/designapps/images/alternate_price.png' saved [703/703]

--2012-10-04 05:18:48--  http://mall.soc.io/designapps/images/info_app_screenshoots_shadow.jpg
Reusing existing connection to mall.soc.io:80.
HTTP request sent, awaiting response... 200 OK
Length: 1759 (1.7K) [image/jpeg]
Saving to: `code/../crawls/mall.soc.io/Privacy-Policy/raw/mall.soc.io/designapps/images/info_app_screenshoots_shadow.jpg'

     0K .                                                     100%  190M=0s

2012-10-04 05:18:49 (190 MB/s) - `code/../crawls/mall.soc.io/Privacy-Policy/raw/mall.soc.io/designapps/images/info_app_screenshoots_shadow.jpg' saved [1759/1759]

--2012-10-04 05:18:49--  http://mall.soc.io/designapps/images/info_app_video_shadow.jpg
Reusing existing connection to mall.soc.io:80.
HTTP request sent, awaiting response... 200 OK
Length: 2606 (2.5K) [image/jpeg]
Saving to: `code/../crawls/mall.soc.io/Privacy-Policy/raw/mall.soc.io/designapps/images/info_app_video_shadow.jpg'

     0K ..                                                    100% 84.3K=0.03s

2012-10-04 05:18:49 (84.3 KB/s) - `code/../crawls/mall.soc.io/Privacy-Policy/raw/mall.soc.io/designapps/images/info_app_video_shadow.jpg' saved [2606/2606]

--2012-10-04 05:18:49--  http://mall.soc.io/designapps/images/btn_control_cat_off.jpg
Reusing existing connection to mall.soc.io:80.
HTTP request sent, awaiting response... 200 OK
Length: 306 [image/jpeg]
Saving to: `code/../crawls/mall.soc.io/Privacy-Policy/raw/mall.soc.io/designapps/images/btn_control_cat_off.jpg'

     0K                                                       100% 53.8M=0s

2012-10-04 05:18:49 (53.8 MB/s) - `code/../crawls/mall.soc.io/Privacy-Policy/raw/mall.soc.io/designapps/images/btn_control_cat_off.jpg' saved [306/306]

--2012-10-04 05:18:49--  http://mall.soc.io/designapps/images/btn_control_cat_on.jpg
Reusing existing connection to mall.soc.io:80.
HTTP request sent, awaiting response... 200 OK
Length: 665 [image/jpeg]
Saving to: `code/../crawls/mall.soc.io/Privacy-Policy/raw/mall.soc.io/designapps/images/btn_control_cat_on.jpg'

     0K                                                       100%  114M=0s

2012-10-04 05:18:49 (114 MB/s) - `code/../crawls/mall.soc.io/Privacy-Policy/raw/mall.soc.io/designapps/images/btn_control_cat_on.jpg' saved [665/665]

--2012-10-04 05:18:49--  http://mall.soc.io/designapps/images/footer_bg.jpg
Reusing existing connection to mall.soc.io:80.
HTTP request sent, awaiting response... 200 OK
Length: 354 [image/jpeg]
Saving to: `code/../crawls/mall.soc.io/Privacy-Policy/raw/mall.soc.io/designapps/images/footer_bg.jpg'

     0K                                                       100% 62.7M=0s

2012-10-04 05:18:50 (62.7 MB/s) - `code/../crawls/mall.soc.io/Privacy-Policy/raw/mall.soc.io/designapps/images/footer_bg.jpg' saved [354/354]

--2012-10-04 05:18:50--  http://mall.soc.io/designapps/images/arrow_down.png
Reusing existing connection to mall.soc.io:80.
HTTP request sent, awaiting response... 200 OK
Length: 439 [image/png]
Saving to: `code/../crawls/mall.soc.io/Privacy-Policy/raw/mall.soc.io/designapps/images/arrow_down.png'

     0K                                                       100% 74.4M=0s

2012-10-04 05:18:50 (74.4 MB/s) - `code/../crawls/mall.soc.io/Privacy-Policy/raw/mall.soc.io/designapps/images/arrow_down.png' saved [439/439]

--2012-10-04 05:18:50--  http://mall.soc.io/designapps/images/arrow_up_hover.png
Reusing existing connection to mall.soc.io:80.
HTTP request sent, awaiting response... 200 OK
Length: 466 [image/png]
Saving to: `code/../crawls/mall.soc.io/Privacy-Policy/raw/mall.soc.io/designapps/images/arrow_up_hover.png'

     0K                                                       100% 82.4M=0s

2012-10-04 05:18:50 (82.4 MB/s) - `code/../crawls/mall.soc.io/Privacy-Policy/raw/mall.soc.io/designapps/images/arrow_up_hover.png' saved [466/466]

--2012-10-04 05:18:50--  http://mall.soc.io/images/arrow_down.png
Reusing existing connection to mall.soc.io:80.
HTTP request sent, awaiting response... 200 OK
Length: 439 [image/png]
Saving to: `code/../crawls/mall.soc.io/Privacy-Policy/raw/mall.soc.io/images/arrow_down.png'

     0K                                                       100% 77.3M=0s

2012-10-04 05:18:50 (77.3 MB/s) - `code/../crawls/mall.soc.io/Privacy-Policy/raw/mall.soc.io/images/arrow_down.png' saved [439/439]

--2012-10-04 05:18:50--  http://mall.soc.io/images/arrow_up_hover.png
Reusing existing connection to mall.soc.io:80.
HTTP request sent, awaiting response... 200 OK
Length: 466 [image/png]
Saving to: `code/../crawls/mall.soc.io/Privacy-Policy/raw/mall.soc.io/images/arrow_up_hover.png'

     0K                                                       100% 83.8M=0s

2012-10-04 05:18:50 (83.8 MB/s) - `code/../crawls/mall.soc.io/Privacy-Policy/raw/mall.soc.io/images/arrow_up_hover.png' saved [466/466]

--2012-10-04 05:18:50--  http://mall.soc.io/designapps/images/book_btn.png
Reusing existing connection to mall.soc.io:80.
HTTP request sent, awaiting response... 200 OK
Length: 1013 [image/png]
Saving to: `code/../crawls/mall.soc.io/Privacy-Policy/raw/mall.soc.io/designapps/images/book_btn.png'

     0K                                                       100%  153M=0s

2012-10-04 05:18:51 (153 MB/s) - `code/../crawls/mall.soc.io/Privacy-Policy/raw/mall.soc.io/designapps/images/book_btn.png' saved [1013/1013]

--2012-10-04 05:18:51--  http://mall.soc.io/designapps/images/btn.png
Reusing existing connection to mall.soc.io:80.
HTTP request sent, awaiting response... 200 OK
Length: 36190 (35K) [image/png]
Saving to: `code/../crawls/mall.soc.io/Privacy-Policy/raw/mall.soc.io/designapps/images/btn.png'

     0K .......... .......... .......... .....                100%  161K=0.2s

2012-10-04 05:18:51 (161 KB/s) - `code/../crawls/mall.soc.io/Privacy-Policy/raw/mall.soc.io/designapps/images/btn.png' saved [36190/36190]

--2012-10-04 05:18:51--  http://mall.soc.io/designapps/images/banner_bg.png
Reusing existing connection to mall.soc.io:80.
HTTP request sent, awaiting response... 200 OK
Length: 10942 (11K) [image/png]
Saving to: `code/../crawls/mall.soc.io/Privacy-Policy/raw/mall.soc.io/designapps/images/banner_bg.png'

     0K ..........                                            100% 15.1M=0.001s

2012-10-04 05:18:51 (15.1 MB/s) - `code/../crawls/mall.soc.io/Privacy-Policy/raw/mall.soc.io/designapps/images/banner_bg.png' saved [10942/10942]

--2012-10-04 05:18:51--  http://mall.soc.io/designapps/images/icon_back.png
Reusing existing connection to mall.soc.io:80.
HTTP request sent, awaiting response... 200 OK
Length: 168 [image/png]
Saving to: `code/../crawls/mall.soc.io/Privacy-Policy/raw/mall.soc.io/designapps/images/icon_back.png'

     0K                                                       100% 30.1M=0s

2012-10-04 05:18:52 (30.1 MB/s) - `code/../crawls/mall.soc.io/Privacy-Policy/raw/mall.soc.io/designapps/images/icon_back.png' saved [168/168]

--2012-10-04 05:18:52--  http://mall.soc.io/designapps/images/input_default.png
Reusing existing connection to mall.soc.io:80.
HTTP request sent, awaiting response... 200 OK
Length: 1092 (1.1K) [image/png]
Saving to: `code/../crawls/mall.soc.io/Privacy-Policy/raw/mall.soc.io/designapps/images/input_default.png'

     0K .                                                     100%  151M=0s

2012-10-04 05:18:52 (151 MB/s) - `code/../crawls/mall.soc.io/Privacy-Policy/raw/mall.soc.io/designapps/images/input_default.png' saved [1092/1092]

--2012-10-04 05:18:52--  http://mall.soc.io/designapps/images/input_search.jpg
Reusing existing connection to mall.soc.io:80.
HTTP request sent, awaiting response... 404 Not Found
2012-10-04 05:18:52 ERROR 404: Not Found.

--2012-10-04 05:18:52--  http://mall.soc.io/designapps/images/input_active.png
Reusing existing connection to mall.soc.io:80.
HTTP request sent, awaiting response... 200 OK
Length: 1242 (1.2K) [image/png]
Saving to: `code/../crawls/mall.soc.io/Privacy-Policy/raw/mall.soc.io/designapps/images/input_active.png'

     0K .                                                     100%  185M=0s

2012-10-04 05:18:52 (185 MB/s) - `code/../crawls/mall.soc.io/Privacy-Policy/raw/mall.soc.io/designapps/images/input_active.png' saved [1242/1242]

--2012-10-04 05:18:52--  http://mall.soc.io/designapps/images/input_error.png
Reusing existing connection to mall.soc.io:80.
HTTP request sent, awaiting response... 200 OK
Length: 966 [image/png]
Saving to: `code/../crawls/mall.soc.io/Privacy-Policy/raw/mall.soc.io/designapps/images/input_error.png'

     0K                                                       100%  163M=0s

2012-10-04 05:18:52 (163 MB/s) - `code/../crawls/mall.soc.io/Privacy-Policy/raw/mall.soc.io/designapps/images/input_error.png' saved [966/966]

--2012-10-04 05:18:52--  http://mall.soc.io/designapps/images/input_medium_default.png
Reusing existing connection to mall.soc.io:80.
HTTP request sent, awaiting response... 200 OK
Length: 1013 [image/png]
Saving to: `code/../crawls/mall.soc.io/Privacy-Policy/raw/mall.soc.io/designapps/images/input_medium_default.png'

     0K                                                       100%  168M=0s

2012-10-04 05:18:53 (168 MB/s) - `code/../crawls/mall.soc.io/Privacy-Policy/raw/mall.soc.io/designapps/images/input_medium_default.png' saved [1013/1013]

--2012-10-04 05:18:53--  http://mall.soc.io/designapps/images/input_medium_active.png
Reusing existing connection to mall.soc.io:80.
HTTP request sent, awaiting response... 200 OK
Length: 1171 (1.1K) [image/png]
Saving to: `code/../crawls/mall.soc.io/Privacy-Policy/raw/mall.soc.io/designapps/images/input_medium_active.png'

     0K .                                                     100%  172M=0s

2012-10-04 05:18:53 (172 MB/s) - `code/../crawls/mall.soc.io/Privacy-Policy/raw/mall.soc.io/designapps/images/input_medium_active.png' saved [1171/1171]

--2012-10-04 05:18:53--  http://mall.soc.io/designapps/images/input_medium_error.png
Reusing existing connection to mall.soc.io:80.
HTTP request sent, awaiting response... 200 OK
Length: 1216 (1.2K) [image/png]
Saving to: `code/../crawls/mall.soc.io/Privacy-Policy/raw/mall.soc.io/designapps/images/input_medium_error.png'

     0K .                                                     100%  171M=0s

2012-10-04 05:18:53 (171 MB/s) - `code/../crawls/mall.soc.io/Privacy-Policy/raw/mall.soc.io/designapps/images/input_medium_error.png' saved [1216/1216]

--2012-10-04 05:18:53--  http://mall.soc.io/images/input_small_default.png
Reusing existing connection to mall.soc.io:80.
HTTP request sent, awaiting response... 200 OK
Length: 970 [image/png]
Saving to: `code/../crawls/mall.soc.io/Privacy-Policy/raw/mall.soc.io/images/input_small_default.png'

     0K                                                       100%  163M=0s

2012-10-04 05:18:53 (163 MB/s) - `code/../crawls/mall.soc.io/Privacy-Policy/raw/mall.soc.io/images/input_small_default.png' saved [970/970]

--2012-10-04 05:18:53--  http://mall.soc.io/images/input_small_active.png
Reusing existing connection to mall.soc.io:80.
HTTP request sent, awaiting response... 200 OK
Length: 1102 (1.1K) [image/png]
Saving to: `code/../crawls/mall.soc.io/Privacy-Policy/raw/mall.soc.io/images/input_small_active.png'

     0K .                                                     100%  155M=0s

2012-10-04 05:18:54 (155 MB/s) - `code/../crawls/mall.soc.io/Privacy-Policy/raw/mall.soc.io/images/input_small_active.png' saved [1102/1102]

--2012-10-04 05:18:54--  http://mall.soc.io/images/input_small_error.png
Reusing existing connection to mall.soc.io:80.
HTTP request sent, awaiting response... 200 OK
Length: 911 [image/png]
Saving to: `code/../crawls/mall.soc.io/Privacy-Policy/raw/mall.soc.io/images/input_small_error.png'

     0K                                                       100%  149M=0s

2012-10-04 05:18:54 (149 MB/s) - `code/../crawls/mall.soc.io/Privacy-Policy/raw/mall.soc.io/images/input_small_error.png' saved [911/911]

--2012-10-04 05:18:54--  http://mall.soc.io/designapps/images/bt_bg.png
Reusing existing connection to mall.soc.io:80.
HTTP request sent, awaiting response... 200 OK
Length: 576 [image/png]
Saving to: `code/../crawls/mall.soc.io/Privacy-Policy/raw/mall.soc.io/designapps/images/bt_bg.png'

     0K                                                       100% 46.8M=0s

2012-10-04 05:18:54 (46.8 MB/s) - `code/../crawls/mall.soc.io/Privacy-Policy/raw/mall.soc.io/designapps/images/bt_bg.png' saved [576/576]

--2012-10-04 05:18:54--  http://mall.soc.io/images/bt_bg_large.png
Reusing existing connection to mall.soc.io:80.
HTTP request sent, awaiting response... 200 OK
Length: 1552 (1.5K) [image/png]
Saving to: `code/../crawls/mall.soc.io/Privacy-Policy/raw/mall.soc.io/images/bt_bg_large.png'

     0K .                                                     100%  218M=0s

2012-10-04 05:18:54 (218 MB/s) - `code/../crawls/mall.soc.io/Privacy-Policy/raw/mall.soc.io/images/bt_bg_large.png' saved [1552/1552]

--2012-10-04 05:18:54--  http://mall.soc.io/images/bg_main_menu.jpg
Reusing existing connection to mall.soc.io:80.
HTTP request sent, awaiting response... 200 OK
Length: 898 [image/jpeg]
Saving to: `code/../crawls/mall.soc.io/Privacy-Policy/raw/mall.soc.io/images/bg_main_menu.jpg'

     0K                                                       100%  150M=0s

2012-10-04 05:18:54 (150 MB/s) - `code/../crawls/mall.soc.io/Privacy-Policy/raw/mall.soc.io/images/bg_main_menu.jpg' saved [898/898]

--2012-10-04 05:18:54--  http://mall.soc.io/images/menu_center.png
Reusing existing connection to mall.soc.io:80.
HTTP request sent, awaiting response... 200 OK
Length: 477 [image/png]
Saving to: `code/../crawls/mall.soc.io/Privacy-Policy/raw/mall.soc.io/images/menu_center.png'

     0K                                                       100% 78.9M=0s

2012-10-04 05:18:55 (78.9 MB/s) - `code/../crawls/mall.soc.io/Privacy-Policy/raw/mall.soc.io/images/menu_center.png' saved [477/477]

--2012-10-04 05:18:55--  http://mall.soc.io/images/menu_left.png
Reusing existing connection to mall.soc.io:80.
HTTP request sent, awaiting response... 200 OK
Length: 310 [image/png]
Saving to: `code/../crawls/mall.soc.io/Privacy-Policy/raw/mall.soc.io/images/menu_left.png'

     0K                                                       100% 51.9M=0s

2012-10-04 05:18:55 (51.9 MB/s) - `code/../crawls/mall.soc.io/Privacy-Policy/raw/mall.soc.io/images/menu_left.png' saved [310/310]

--2012-10-04 05:18:55--  http://mall.soc.io/images/menu_right.png
Reusing existing connection to mall.soc.io:80.
HTTP request sent, awaiting response... 200 OK
Length: 312 [image/png]
Saving to: `code/../crawls/mall.soc.io/Privacy-Policy/raw/mall.soc.io/images/menu_right.png'

     0K                                                       100% 54.4M=0s

2012-10-04 05:18:55 (54.4 MB/s) - `code/../crawls/mall.soc.io/Privacy-Policy/raw/mall.soc.io/images/menu_right.png' saved [312/312]

--2012-10-04 05:18:55--  http://mall.soc.io/images/menu_left_first.png
Reusing existing connection to mall.soc.io:80.
HTTP request sent, awaiting response... 200 OK
Length: 302 [image/png]
Saving to: `code/../crawls/mall.soc.io/Privacy-Policy/raw/mall.soc.io/images/menu_left_first.png'

     0K                                                       100% 47.3M=0s

2012-10-04 05:18:55 (47.3 MB/s) - `code/../crawls/mall.soc.io/Privacy-Policy/raw/mall.soc.io/images/menu_left_first.png' saved [302/302]

--2012-10-04 05:18:55--  http://mall.soc.io/images/menu_right_last.png
Reusing existing connection to mall.soc.io:80.
HTTP request sent, awaiting response... 200 OK
Length: 316 [image/png]
Saving to: `code/../crawls/mall.soc.io/Privacy-Policy/raw/mall.soc.io/images/menu_right_last.png'

     0K                                                       100% 53.5M=0s

2012-10-04 05:18:56 (53.5 MB/s) - `code/../crawls/mall.soc.io/Privacy-Policy/raw/mall.soc.io/images/menu_right_last.png' saved [316/316]

--2012-10-04 05:18:56--  http://mall.soc.io/images/textarea_default.png
Reusing existing connection to mall.soc.io:80.
HTTP request sent, awaiting response... 200 OK
Length: 4082 (4.0K) [image/png]
Saving to: `code/../crawls/mall.soc.io/Privacy-Policy/raw/mall.soc.io/images/textarea_default.png'

     0K ...                                                   100% 22.6M=0s

2012-10-04 05:18:56 (22.6 MB/s) - `code/../crawls/mall.soc.io/Privacy-Policy/raw/mall.soc.io/images/textarea_default.png' saved [4082/4082]

--2012-10-04 05:18:56--  http://mall.soc.io/images/textarea_active.png
Reusing existing connection to mall.soc.io:80.
HTTP request sent, awaiting response... 200 OK
Length: 4082 (4.0K) [image/png]
Saving to: `code/../crawls/mall.soc.io/Privacy-Policy/raw/mall.soc.io/images/textarea_active.png'

     0K ...                                                   100% 24.3M=0s

2012-10-04 05:18:56 (24.3 MB/s) - `code/../crawls/mall.soc.io/Privacy-Policy/raw/mall.soc.io/images/textarea_active.png' saved [4082/4082]

--2012-10-04 05:18:56--  http://mall.soc.io/images/textarea_error.png
Reusing existing connection to mall.soc.io:80.
HTTP request sent, awaiting response... 200 OK
Length: 1551 (1.5K) [image/png]
Saving to: `code/../crawls/mall.soc.io/Privacy-Policy/raw/mall.soc.io/images/textarea_error.png'

     0K .                                                     100%  145M=0s

2012-10-04 05:18:56 (145 MB/s) - `code/../crawls/mall.soc.io/Privacy-Policy/raw/mall.soc.io/images/textarea_error.png' saved [1551/1551]

--2012-10-04 05:18:56--  http://mall.soc.io/images/popup/transparent.png
Reusing existing connection to mall.soc.io:80.
HTTP request sent, awaiting response... 200 OK
Length: 109 [image/png]
Saving to: `code/../crawls/mall.soc.io/Privacy-Policy/raw/mall.soc.io/images/popup/transparent.png'

     0K                                                       100% 18.6M=0s

2012-10-04 05:18:56 (18.6 MB/s) - `code/../crawls/mall.soc.io/Privacy-Policy/raw/mall.soc.io/images/popup/transparent.png' saved [109/109]

--2012-10-04 05:18:56--  http://mall.soc.io/images/popup/bg.png
Reusing existing connection to mall.soc.io:80.
HTTP request sent, awaiting response... 200 OK
Length: 5647 (5.5K) [image/png]
Saving to: `code/../crawls/mall.soc.io/Privacy-Policy/raw/mall.soc.io/images/popup/bg.png'

     0K .....                                                 100% 16.2M=0s

2012-10-04 05:18:57 (16.2 MB/s) - `code/../crawls/mall.soc.io/Privacy-Policy/raw/mall.soc.io/images/popup/bg.png' saved [5647/5647]

--2012-10-04 05:18:57--  http://mall.soc.io/images/popup/separator.png
Reusing existing connection to mall.soc.io:80.
HTTP request sent, awaiting response... 200 OK
Length: 2884 (2.8K) [image/png]
Saving to: `code/../crawls/mall.soc.io/Privacy-Policy/raw/mall.soc.io/images/popup/separator.png'

     0K ..                                                    100% 48.0M=0s

2012-10-04 05:18:57 (48.0 MB/s) - `code/../crawls/mall.soc.io/Privacy-Policy/raw/mall.soc.io/images/popup/separator.png' saved [2884/2884]

--2012-10-04 05:18:57--  http://mall.soc.io/images/popup/button.png
Reusing existing connection to mall.soc.io:80.
HTTP request sent, awaiting response... 200 OK
Length: 1257 (1.2K) [image/png]
Saving to: `code/../crawls/mall.soc.io/Privacy-Policy/raw/mall.soc.io/images/popup/button.png'

     0K .                                                     100%  189M=0s

2012-10-04 05:18:57 (189 MB/s) - `code/../crawls/mall.soc.io/Privacy-Policy/raw/mall.soc.io/images/popup/button.png' saved [1257/1257]

--2012-10-04 05:18:57--  http://mall.soc.io/designapps/images/formfield-bg.png
Reusing existing connection to mall.soc.io:80.
HTTP request sent, awaiting response... 200 OK
Length: 502 [image/png]
Saving to: `code/../crawls/mall.soc.io/Privacy-Policy/raw/mall.soc.io/designapps/images/formfield-bg.png'

     0K                                                       100% 84.1M=0s

2012-10-04 05:18:57 (84.1 MB/s) - `code/../crawls/mall.soc.io/Privacy-Policy/raw/mall.soc.io/designapps/images/formfield-bg.png' saved [502/502]

--2012-10-04 05:18:57--  http://mall.soc.io/designapps/images/formfield-txt.png
Reusing existing connection to mall.soc.io:80.
HTTP request sent, awaiting response... 200 OK
Length: 416 [image/png]
Saving to: `code/../crawls/mall.soc.io/Privacy-Policy/raw/mall.soc.io/designapps/images/formfield-txt.png'

     0K                                                       100% 72.2M=0s

2012-10-04 05:18:58 (72.2 MB/s) - `code/../crawls/mall.soc.io/Privacy-Policy/raw/mall.soc.io/designapps/images/formfield-txt.png' saved [416/416]

--2012-10-04 05:18:58--  http://mall.soc.io/designapps/images/register-btn.png
Reusing existing connection to mall.soc.io:80.
HTTP request sent, awaiting response... 200 OK
Length: 3497 (3.4K) [image/png]
Saving to: `code/../crawls/mall.soc.io/Privacy-Policy/raw/mall.soc.io/designapps/images/register-btn.png'

     0K ...                                                   100% 55.8M=0s

2012-10-04 05:18:58 (55.8 MB/s) - `code/../crawls/mall.soc.io/Privacy-Policy/raw/mall.soc.io/designapps/images/register-btn.png' saved [3497/3497]

--2012-10-04 05:18:58--  http://mall.soc.io/designapps/images/login-btn.png
Reusing existing connection to mall.soc.io:80.
HTTP request sent, awaiting response... 200 OK
Length: 2982 (2.9K) [image/png]
Saving to: `code/../crawls/mall.soc.io/Privacy-Policy/raw/mall.soc.io/designapps/images/login-btn.png'

     0K ..                                                    100% 50.8M=0s

2012-10-04 05:18:58 (50.8 MB/s) - `code/../crawls/mall.soc.io/Privacy-Policy/raw/mall.soc.io/designapps/images/login-btn.png' saved [2982/2982]

--2012-10-04 05:18:58--  http://mall.soc.io/designapps/images/submit-btn.png
Reusing existing connection to mall.soc.io:80.
HTTP request sent, awaiting response... 200 OK
Length: 3127 (3.1K) [image/png]
Saving to: `code/../crawls/mall.soc.io/Privacy-Policy/raw/mall.soc.io/designapps/images/submit-btn.png'

     0K ...                                                   100%  304M=0s

2012-10-04 05:18:58 (304 MB/s) - `code/../crawls/mall.soc.io/Privacy-Policy/raw/mall.soc.io/designapps/images/submit-btn.png' saved [3127/3127]

--2012-10-04 05:18:58--  http://mall.soc.io/images/rating-bg.png
Reusing existing connection to mall.soc.io:80.
HTTP request sent, awaiting response... 200 OK
Length: 2214 (2.2K) [image/png]
Saving to: `code/../crawls/mall.soc.io/Privacy-Policy/raw/mall.soc.io/images/rating-bg.png'

     0K ..                                                    100%  301M=0s

2012-10-04 05:18:58 (301 MB/s) - `code/../crawls/mall.soc.io/Privacy-Policy/raw/mall.soc.io/images/rating-bg.png' saved [2214/2214]

--2012-10-04 05:18:58--  http://mall.soc.io/images/total-star-blue.png
Reusing existing connection to mall.soc.io:80.
HTTP request sent, awaiting response... 200 OK
Length: 1847 (1.8K) [image/png]
Saving to: `code/../crawls/mall.soc.io/Privacy-Policy/raw/mall.soc.io/images/total-star-blue.png'

     0K .                                                     100%  242M=0s

2012-10-04 05:18:59 (242 MB/s) - `code/../crawls/mall.soc.io/Privacy-Policy/raw/mall.soc.io/images/total-star-blue.png' saved [1847/1847]

--2012-10-04 05:18:59--  http://mall.soc.io/images/total-star-gold.png
Reusing existing connection to mall.soc.io:80.
HTTP request sent, awaiting response... 200 OK
Length: 2180 (2.1K) [image/png]
Saving to: `code/../crawls/mall.soc.io/Privacy-Policy/raw/mall.soc.io/images/total-star-gold.png'

     0K ..                                                    100%  277M=0s

2012-10-04 05:18:59 (277 MB/s) - `code/../crawls/mall.soc.io/Privacy-Policy/raw/mall.soc.io/images/total-star-gold.png' saved [2180/2180]

--2012-10-04 05:18:59--  http://mall.soc.io/images/total-star-gold-half.png
Reusing existing connection to mall.soc.io:80.
HTTP request sent, awaiting response... 200 OK
Length: 3776 (3.7K) [image/png]
Saving to: `code/../crawls/mall.soc.io/Privacy-Policy/raw/mall.soc.io/images/total-star-gold-half.png'

     0K ...                                                   100% 52.5M=0s

2012-10-04 05:18:59 (52.5 MB/s) - `code/../crawls/mall.soc.io/Privacy-Policy/raw/mall.soc.io/images/total-star-gold-half.png' saved [3776/3776]

--2012-10-04 05:18:59--  http://mall.soc.io/images/dev-register-btn.png
Reusing existing connection to mall.soc.io:80.
HTTP request sent, awaiting response... 200 OK
Length: 3426 (3.3K) [image/png]
Saving to: `code/../crawls/mall.soc.io/Privacy-Policy/raw/mall.soc.io/images/dev-register-btn.png'

     0K ...                                                   100% 55.4M=0s

2012-10-04 05:18:59 (55.4 MB/s) - `code/../crawls/mall.soc.io/Privacy-Policy/raw/mall.soc.io/images/dev-register-btn.png' saved [3426/3426]

--2012-10-04 05:18:59--  http://mall.soc.io/images/dev-login-btn.png
Reusing existing connection to mall.soc.io:80.
HTTP request sent, awaiting response... 200 OK
Length: 3069 (3.0K) [image/png]
Saving to: `code/../crawls/mall.soc.io/Privacy-Policy/raw/mall.soc.io/images/dev-login-btn.png'

     0K ..                                                    100% 52.8M=0s

2012-10-04 05:19:00 (52.8 MB/s) - `code/../crawls/mall.soc.io/Privacy-Policy/raw/mall.soc.io/images/dev-login-btn.png' saved [3069/3069]

--2012-10-04 05:19:00--  http://mall.soc.io/images/socio-bullet.png
Reusing existing connection to mall.soc.io:80.
HTTP request sent, awaiting response... 200 OK
Length: 1105 (1.1K) [image/png]
Saving to: `code/../crawls/mall.soc.io/Privacy-Policy/raw/mall.soc.io/images/socio-bullet.png'

     0K .                                                     100%  159M=0s

2012-10-04 05:19:00 (159 MB/s) - `code/../crawls/mall.soc.io/Privacy-Policy/raw/mall.soc.io/images/socio-bullet.png' saved [1105/1105]

--2012-10-04 05:19:00--  http://mall.soc.io/images/bg_search_field_dev.png
Reusing existing connection to mall.soc.io:80.
HTTP request sent, awaiting response... 200 OK
Length: 1494 (1.5K) [image/png]
Saving to: `code/../crawls/mall.soc.io/Privacy-Policy/raw/mall.soc.io/images/bg_search_field_dev.png'

     0K .                                                     100%  213M=0s

2012-10-04 05:19:00 (213 MB/s) - `code/../crawls/mall.soc.io/Privacy-Policy/raw/mall.soc.io/images/bg_search_field_dev.png' saved [1494/1494]

--2012-10-04 05:19:00--  http://mall.soc.io/images/modal_top.png
Reusing existing connection to mall.soc.io:80.
HTTP request sent, awaiting response... 200 OK
Length: 4443 (4.3K) [image/png]
Saving to: `code/../crawls/mall.soc.io/Privacy-Policy/raw/mall.soc.io/images/modal_top.png'

     0K ....                                                  100% 35.0M=0s

2012-10-04 05:19:00 (35.0 MB/s) - `code/../crawls/mall.soc.io/Privacy-Policy/raw/mall.soc.io/images/modal_top.png' saved [4443/4443]

--2012-10-04 05:19:00--  http://mall.soc.io/images/modal_bottom.png
Connecting to mall.soc.io|217.168.167.100|:80... connected.
HTTP request sent, awaiting response... 200 OK
Length: 7305 (7.1K) [image/png]
Saving to: `code/../crawls/mall.soc.io/Privacy-Policy/raw/mall.soc.io/images/modal_bottom.png'

     0K .......                                               100% 32.7K=0.2s

2012-10-04 05:19:01 (32.7 KB/s) - `code/../crawls/mall.soc.io/Privacy-Policy/raw/mall.soc.io/images/modal_bottom.png' saved [7305/7305]

--2012-10-04 05:19:01--  http://mall.soc.io/designapps/fancybox/fancybox.png
Reusing existing connection to mall.soc.io:80.
HTTP request sent, awaiting response... 200 OK
Length: 15287 (15K) [image/png]
Saving to: `code/../crawls/mall.soc.io/Privacy-Policy/raw/mall.soc.io/designapps/fancybox/fancybox.png'

     0K .......... ....                                       100% 59.1K=0.3s

2012-10-04 05:19:01 (59.1 KB/s) - `code/../crawls/mall.soc.io/Privacy-Policy/raw/mall.soc.io/designapps/fancybox/fancybox.png' saved [15287/15287]

--2012-10-04 05:19:01--  http://mall.soc.io/images/modal_x.png
Reusing existing connection to mall.soc.io:80.
HTTP request sent, awaiting response... 200 OK
Length: 2918 (2.8K) [image/png]
Saving to: `code/../crawls/mall.soc.io/Privacy-Policy/raw/mall.soc.io/images/modal_x.png'

     0K ..                                                    100% 48.8M=0s

2012-10-04 05:19:02 (48.8 MB/s) - `code/../crawls/mall.soc.io/Privacy-Policy/raw/mall.soc.io/images/modal_x.png' saved [2918/2918]

--2012-10-04 05:19:02--  http://mall.soc.io/designapps/fancybox/blank.gif
Reusing existing connection to mall.soc.io:80.
HTTP request sent, awaiting response... 200 OK
Length: 43 [image/gif]
Saving to: `code/../crawls/mall.soc.io/Privacy-Policy/raw/mall.soc.io/designapps/fancybox/blank.gif'

     0K                                                       100% 7.77M=0s

2012-10-04 05:19:02 (7.77 MB/s) - `code/../crawls/mall.soc.io/Privacy-Policy/raw/mall.soc.io/designapps/fancybox/blank.gif' saved [43/43]

--2012-10-04 05:19:02--  http://mall.soc.io/designapps/fancybox/fancybox-x.png
Reusing existing connection to mall.soc.io:80.
HTTP request sent, awaiting response... 200 OK
Length: 203 [image/png]
Saving to: `code/../crawls/mall.soc.io/Privacy-Policy/raw/mall.soc.io/designapps/fancybox/fancybox-x.png'

     0K                                                       100% 36.6M=0s

2012-10-04 05:19:02 (36.6 MB/s) - `code/../crawls/mall.soc.io/Privacy-Policy/raw/mall.soc.io/designapps/fancybox/fancybox-x.png' saved [203/203]

--2012-10-04 05:19:02--  http://mall.soc.io/designapps/fancybox/fancybox-y.png
Reusing existing connection to mall.soc.io:80.
HTTP request sent, awaiting response... 200 OK
Length: 176 [image/png]
Saving to: `code/../crawls/mall.soc.io/Privacy-Policy/raw/mall.soc.io/designapps/fancybox/fancybox-y.png'

     0K                                                       100% 32.4M=0s

2012-10-04 05:19:02 (32.4 MB/s) - `code/../crawls/mall.soc.io/Privacy-Policy/raw/mall.soc.io/designapps/fancybox/fancybox-y.png' saved [176/176]

--2012-10-04 05:19:02--  http://mall.soc.io/designapps/fancybox/fancy_title_over.png
Reusing existing connection to mall.soc.io:80.
HTTP request sent, awaiting response... 200 OK
Length: 70 [image/png]
Saving to: `code/../crawls/mall.soc.io/Privacy-Policy/raw/mall.soc.io/designapps/fancybox/fancy_title_over.png'

     0K                                                       100% 12.4M=0s

2012-10-04 05:19:02 (12.4 MB/s) - `code/../crawls/mall.soc.io/Privacy-Policy/raw/mall.soc.io/designapps/fancybox/fancy_title_over.png' saved [70/70]

FINISHED --2012-10-04 05:19:02--
Total wall clock time: 36s
Downloaded: 115 files, 790K in 5.0s (159 KB/s)
Converting code/../crawls/mall.soc.io/Privacy-Policy/raw/mall.soc.io/images/favicon.ico.html... nothing to do.
Converting code/../crawls/mall.soc.io/Privacy-Policy/raw/mall.soc.io/PrivacyPolicy.html... 35-142
Converting code/../crawls/mall.soc.io/Privacy-Policy/raw/mall.soc.io/designapps/fancybox/jquery.fancybox-1.3.4-custom.css... 18-0
Converting code/../crawls/mall.soc.io/Privacy-Policy/raw/mall.soc.io/designapps/default-compilation-apps.css... 111-6
Converting code/../crawls/mall.soc.io/Privacy-Policy/raw/mall.soc.io/designapps/modalbox.css... 3-0
Converted 5 files in 0.005 seconds.
