--2013-02-16 05:08:08--  http://geek.net/privacy-statement
Resolving geek.net... 216.34.181.202
Connecting to geek.net|216.34.181.202|:80... connected.
HTTP request sent, awaiting response... 200 OK
Length: 36448 (36K) [text/html]
Saving to: `code/../crawls/geek.net/Privacy-Policy/raw/geek.net/privacy-statement.html'

     0K .......... .......... .......... .....                100%  205K=0.2s

Last-modified header invalid -- time-stamp ignored.
2013-02-16 05:08:09 (205 KB/s) - `code/../crawls/geek.net/Privacy-Policy/raw/geek.net/privacy-statement.html' saved [36448/36448]

--2013-02-16 05:08:09--  http://ajax.googleapis.com/ajax/libs/yui/2.7.0/build/reset-fonts-grids/reset-fonts-grids.css
Resolving ajax.googleapis.com... 173.194.69.95, 2a00:1450:4008:c01::5f
Connecting to ajax.googleapis.com|173.194.69.95|:80... connected.
HTTP request sent, awaiting response... 200 OK
Length: unspecified [text/css]
Saving to: `code/../crawls/geek.net/Privacy-Policy/raw/ajax.googleapis.com/ajax/libs/yui/2.7.0/build/reset-fonts-grids/reset-fonts-grids.css'

     0K .....                                                  33.7K=0.2s

2013-02-16 05:08:10 (33.7 KB/s) - `code/../crawls/geek.net/Privacy-Policy/raw/ajax.googleapis.com/ajax/libs/yui/2.7.0/build/reset-fonts-grids/reset-fonts-grids.css' saved [5738]

--2013-02-16 05:08:10--  http://ajax.googleapis.com/ajax/libs/yui/2.7.0/build/base/base-min.css
Reusing existing connection to ajax.googleapis.com:80.
HTTP request sent, awaiting response... 200 OK
Length: unspecified [text/css]
Saving to: `code/../crawls/geek.net/Privacy-Policy/raw/ajax.googleapis.com/ajax/libs/yui/2.7.0/build/base/base-min.css'

     0K                                                        93.4M=0s

2013-02-16 05:08:10 (93.4 MB/s) - `code/../crawls/geek.net/Privacy-Policy/raw/ajax.googleapis.com/ajax/libs/yui/2.7.0/build/base/base-min.css' saved [910]

--2013-02-16 05:08:10--  http://geek.net/themes/geeknetsnow/css/style.css?1354039774
Connecting to geek.net|216.34.181.202|:80... connected.
HTTP request sent, awaiting response... 200 OK
Length: 5396 (5.3K) [text/css]
Saving to: `code/../crawls/geek.net/Privacy-Policy/raw/geek.net/themes/geeknetsnow/css/style.css?1354039774.css'

     0K .....                                                 100% 15.6M=0s

2013-02-16 05:08:10 (15.6 MB/s) - `code/../crawls/geek.net/Privacy-Policy/raw/geek.net/themes/geeknetsnow/css/style.css?1354039774.css' saved [5396/5396]

--2013-02-16 05:08:10--  http://geek.net/concrete/css/ccm.base.css
Reusing existing connection to geek.net:80.
HTTP request sent, awaiting response... 200 OK
Length: 755 [text/css]
Saving to: `code/../crawls/geek.net/Privacy-Policy/raw/geek.net/concrete/css/ccm.base.css'

     0K                                                       100%  118M=0s

2013-02-16 05:08:10 (118 MB/s) - `code/../crawls/geek.net/Privacy-Policy/raw/geek.net/concrete/css/ccm.base.css' saved [755/755]

--2013-02-16 05:08:10--  http://geek.net/concrete/js/jquery.js
Reusing existing connection to geek.net:80.
HTTP request sent, awaiting response... 200 OK
Length: 57254 (56K) [application/x-javascript]
Saving to: `code/../crawls/geek.net/Privacy-Policy/raw/geek.net/concrete/js/jquery.js'

     0K .......... .......... .......... .......... .......... 89%  825K 0s
    50K .....                                                 100% 14.7M=0.06s

2013-02-16 05:08:10 (916 KB/s) - `code/../crawls/geek.net/Privacy-Policy/raw/geek.net/concrete/js/jquery.js' saved [57254/57254]

--2013-02-16 05:08:10--  http://geek.net/concrete/js/ccm.base.js
Reusing existing connection to geek.net:80.
HTTP request sent, awaiting response... 200 OK
Length: 1578 (1.5K) [application/x-javascript]
Saving to: `code/../crawls/geek.net/Privacy-Policy/raw/geek.net/concrete/js/ccm.base.js'

     0K .                                                     100%  235M=0s

2013-02-16 05:08:10 (235 MB/s) - `code/../crawls/geek.net/Privacy-Policy/raw/geek.net/concrete/js/ccm.base.js' saved [1578/1578]

--2013-02-16 05:08:10--  http://geek.net/themes/geeknetsnow/js/jquery.colorbox-min.js?
Reusing existing connection to geek.net:80.
HTTP request sent, awaiting response... 200 OK
Length: 8701 (8.5K) [application/x-javascript]
Saving to: `code/../crawls/geek.net/Privacy-Policy/raw/geek.net/themes/geeknetsnow/js/jquery.colorbox-min.js'

     0K ........                                              100% 12.9M=0.001s

2013-02-16 05:08:10 (12.9 MB/s) - `code/../crawls/geek.net/Privacy-Policy/raw/geek.net/themes/geeknetsnow/js/jquery.colorbox-min.js' saved [8701/8701]

--2013-02-16 05:08:10--  http://geek.net/themes/geeknetsnow/css/colorbox.css?1354039774
Reusing existing connection to geek.net:80.
HTTP request sent, awaiting response... 200 OK
Length: 2188 (2.1K) [text/css]
Saving to: `code/../crawls/geek.net/Privacy-Policy/raw/geek.net/themes/geeknetsnow/css/colorbox.css?1354039774.css'

     0K ..                                                    100% 7.55M=0s

2013-02-16 05:08:10 (7.55 MB/s) - `code/../crawls/geek.net/Privacy-Policy/raw/geek.net/themes/geeknetsnow/css/colorbox.css?1354039774.css' saved [2188/2188]

--2013-02-16 05:08:10--  http://geek.net/files/6713/1361/2359/SafeHarborLogo-FinalLines%20copy.jpg
Reusing existing connection to geek.net:80.
HTTP request sent, awaiting response... 200 OK
Length: 591018 (577K) [image/jpeg]
Saving to: `code/../crawls/geek.net/Privacy-Policy/raw/geek.net/files/6713/1361/2359/SafeHarborLogo-FinalLines copy.jpg'

     0K .......... .......... .......... .......... ..........  8% 11.9M 0s
    50K .......... .......... .......... .......... .......... 17%  585K 0s
   100K .......... .......... .......... .......... .......... 25%  845K 0s
   150K .......... .......... .......... .......... .......... 34%  884K 0s
   200K .......... .......... .......... .......... .......... 43% 8.28M 0s
   250K .......... .......... .......... .......... .......... 51%  882K 0s
   300K .......... .......... .......... .......... .......... 60%  891K 0s
   350K .......... .......... .......... .......... .......... 69%  885K 0s
   400K .......... .......... .......... .......... .......... 77%  896K 0s
   450K .......... .......... .......... .......... .......... 86% 7.64M 0s
   500K .......... .......... .......... .......... .......... 95%  896K 0s
   550K .......... .......... .......                         100%  509K=0.6s

2013-02-16 05:08:11 (1.02 MB/s) - `code/../crawls/geek.net/Privacy-Policy/raw/geek.net/files/6713/1361/2359/SafeHarborLogo-FinalLines copy.jpg' saved [591018/591018]

--2013-02-16 05:08:11--  http://privacy-policy.truste.com/certified-seal/eusafe/en/www.geek.net/seal_m.png
Resolving privacy-policy.truste.com... 72.21.81.253
Connecting to privacy-policy.truste.com|72.21.81.253|:80... connected.
HTTP request sent, awaiting response... 500 Internal Server Error
2013-02-16 05:08:11 ERROR 500: Internal Server Error.

--2013-02-16 05:08:11--  http://privacy-policy.truste.com/certified-seal/ctv/en/www.geek.net/seal_m.png
Reusing existing connection to privacy-policy.truste.com:80.
HTTP request sent, awaiting response... 500 Internal Server Error
2013-02-16 05:08:11 ERROR 500: Internal Server Error.

--2013-02-16 05:08:11--  http://geek.net/themes/geeknetsnow/images/twitter.png
Connecting to geek.net|216.34.181.202|:80... connected.
HTTP request sent, awaiting response... 200 OK
Length: 1660 (1.6K) [image/png]
Saving to: `code/../crawls/geek.net/Privacy-Policy/raw/geek.net/themes/geeknetsnow/images/twitter.png'

     0K .                                                     100%  219M=0s

2013-02-16 05:08:11 (219 MB/s) - `code/../crawls/geek.net/Privacy-Policy/raw/geek.net/themes/geeknetsnow/images/twitter.png' saved [1660/1660]

--2013-02-16 05:08:11--  http://geek.net/themes/geeknetsnow/js/global.js?1354039774
Reusing existing connection to geek.net:80.
HTTP request sent, awaiting response... 200 OK
Length: 1982 (1.9K) [application/x-javascript]
Saving to: `code/../crawls/geek.net/Privacy-Policy/raw/geek.net/themes/geeknetsnow/js/global.js?1354039774'

     0K .                                                     100%  274M=0s

2013-02-16 05:08:11 (274 MB/s) - `code/../crawls/geek.net/Privacy-Policy/raw/geek.net/themes/geeknetsnow/js/global.js?1354039774' saved [1982/1982]

--2013-02-16 05:08:11--  http://geek.net/themes/geeknetsnow/images/gn_bg2.jpg
Reusing existing connection to geek.net:80.
HTTP request sent, awaiting response... 200 OK
Length: 763 [image/jpeg]
Saving to: `code/../crawls/geek.net/Privacy-Policy/raw/geek.net/themes/geeknetsnow/images/gn_bg2.jpg'

     0K                                                       100%  135M=0s

2013-02-16 05:08:12 (135 MB/s) - `code/../crawls/geek.net/Privacy-Policy/raw/geek.net/themes/geeknetsnow/images/gn_bg2.jpg' saved [763/763]

--2013-02-16 05:08:12--  http://geek.net/themes/geeknetsnow/images/gn_bg.png
Reusing existing connection to geek.net:80.
HTTP request sent, awaiting response... 200 OK
Length: 5958 (5.8K) [image/png]
Saving to: `code/../crawls/geek.net/Privacy-Policy/raw/geek.net/themes/geeknetsnow/images/gn_bg.png'

     0K .....                                                 100% 17.6M=0s

2013-02-16 05:08:12 (17.6 MB/s) - `code/../crawls/geek.net/Privacy-Policy/raw/geek.net/themes/geeknetsnow/images/gn_bg.png' saved [5958/5958]

--2013-02-16 05:08:12--  http://geek.net/themes/geeknetsnow/images/geeknet-logo-b.png
Reusing existing connection to geek.net:80.
HTTP request sent, awaiting response... 200 OK
Length: 1352 (1.3K) [image/png]
Saving to: `code/../crawls/geek.net/Privacy-Policy/raw/geek.net/themes/geeknetsnow/images/geeknet-logo-b.png'

     0K .                                                     100%  197M=0s

2013-02-16 05:08:12 (197 MB/s) - `code/../crawls/geek.net/Privacy-Policy/raw/geek.net/themes/geeknetsnow/images/geeknet-logo-b.png' saved [1352/1352]

--2013-02-16 05:08:12--  http://geek.net/themes/geeknetsnow/images/arrow.png
Reusing existing connection to geek.net:80.
HTTP request sent, awaiting response... 200 OK
Length: 164 [image/png]
Saving to: `code/../crawls/geek.net/Privacy-Policy/raw/geek.net/themes/geeknetsnow/images/arrow.png'

     0K                                                       100% 30.7M=0s

2013-02-16 05:08:12 (30.7 MB/s) - `code/../crawls/geek.net/Privacy-Policy/raw/geek.net/themes/geeknetsnow/images/arrow.png' saved [164/164]

--2013-02-16 05:08:12--  http://geek.net/themes/geeknetsnow/images/screenshot.jpg
Reusing existing connection to geek.net:80.
HTTP request sent, awaiting response... 200 OK
Length: 15808 (15K) [image/jpeg]
Saving to: `code/../crawls/geek.net/Privacy-Policy/raw/geek.net/themes/geeknetsnow/images/screenshot.jpg'

     0K .......... .....                                      100% 11.9M=0.001s

2013-02-16 05:08:12 (11.9 MB/s) - `code/../crawls/geek.net/Privacy-Policy/raw/geek.net/themes/geeknetsnow/images/screenshot.jpg' saved [15808/15808]

--2013-02-16 05:08:12--  http://geek.net/themes/geeknetsnow/images/bgbox.png
Reusing existing connection to geek.net:80.
HTTP request sent, awaiting response... 200 OK
Length: 3457 (3.4K) [image/png]
Saving to: `code/../crawls/geek.net/Privacy-Policy/raw/geek.net/themes/geeknetsnow/images/bgbox.png'

     0K ...                                                   100% 50.4M=0s

2013-02-16 05:08:12 (50.4 MB/s) - `code/../crawls/geek.net/Privacy-Policy/raw/geek.net/themes/geeknetsnow/images/bgbox.png' saved [3457/3457]

--2013-02-16 05:08:12--  http://geek.net/themes/geeknetsnow/images/controls.png
Reusing existing connection to geek.net:80.
HTTP request sent, awaiting response... 200 OK
Length: 1633 (1.6K) [image/png]
Saving to: `code/../crawls/geek.net/Privacy-Policy/raw/geek.net/themes/geeknetsnow/images/controls.png'

     0K .                                                     100%  257M=0s

2013-02-16 05:08:12 (257 MB/s) - `code/../crawls/geek.net/Privacy-Policy/raw/geek.net/themes/geeknetsnow/images/controls.png' saved [1633/1633]

--2013-02-16 05:08:12--  http://geek.net/themes/geeknetsnow/images/loading.gif
Reusing existing connection to geek.net:80.
HTTP request sent, awaiting response... 200 OK
Length: 9427 (9.2K) [image/gif]
Saving to: `code/../crawls/geek.net/Privacy-Policy/raw/geek.net/themes/geeknetsnow/images/loading.gif'

     0K .........                                             100% 16.3M=0.001s

2013-02-16 05:08:12 (16.3 MB/s) - `code/../crawls/geek.net/Privacy-Policy/raw/geek.net/themes/geeknetsnow/images/loading.gif' saved [9427/9427]

FINISHED --2013-02-16 05:08:12--
Total wall clock time: 3.8s
Downloaded: 20 files, 735K in 1.0s (768 KB/s)
Converting code/../crawls/geek.net/Privacy-Policy/raw/geek.net/privacy-statement.html... 12-8
Converting code/../crawls/geek.net/Privacy-Policy/raw/ajax.googleapis.com/ajax/libs/yui/2.7.0/build/reset-fonts-grids/reset-fonts-grids.css... nothing to do.
Converting code/../crawls/geek.net/Privacy-Policy/raw/geek.net/themes/geeknetsnow/css/style.css?1354039774.css... 6-0
Converting code/../crawls/geek.net/Privacy-Policy/raw/geek.net/themes/geeknetsnow/css/colorbox.css?1354039774.css... 4-0
Converting code/../crawls/geek.net/Privacy-Policy/raw/geek.net/concrete/css/ccm.base.css... nothing to do.
Converting code/../crawls/geek.net/Privacy-Policy/raw/ajax.googleapis.com/ajax/libs/yui/2.7.0/build/base/base-min.css... nothing to do.
Converted 6 files in 6.3 seconds.
