--2013-01-26 05:08:27--  http://service.gmx.net/de/cgi/g.fcgi/products/mail/agb/privacy?sid=babhdch.1330505479.32150.gz9vg0ycar.73.feh
Resolving service.gmx.net... 213.165.65.100
Connecting to service.gmx.net|213.165.65.100|:80... connected.
HTTP request sent, awaiting response... 200 OK
Length: unspecified [text/html]
Saving to: `code/../crawls/gmx.net/Privacy-Policy/raw/service.gmx.net/de/cgi/g.fcgi/products/mail/agb/privacy?sid=babhdch.1330505479.32150.gz9vg0ycar.73.feh.html'

     0K .......... .......... .......... ..                    96.4K=0.3s

2013-01-26 05:08:28 (96.4 KB/s) - `code/../crawls/gmx.net/Privacy-Policy/raw/service.gmx.net/de/cgi/g.fcgi/products/mail/agb/privacy?sid=babhdch.1330505479.32150.gz9vg0ycar.73.feh.html' saved [33575]

--2013-01-26 05:08:28--  http://service.gmx.net/de/cgi/g.fcgi/style?area=product
Reusing existing connection to service.gmx.net:80.
HTTP request sent, awaiting response... 200 OK
Length: unspecified [text/css]
Saving to: `code/../crawls/gmx.net/Privacy-Policy/raw/service.gmx.net/de/cgi/g.fcgi/style?area=product.css'

     0K .......... .......... .......... .......... ..........  291K
    50K                                                        9.06M=0.2s

2013-01-26 05:08:28 (296 KB/s) - `code/../crawls/gmx.net/Privacy-Policy/raw/service.gmx.net/de/cgi/g.fcgi/style?area=product.css' saved [52211]

--2013-01-26 05:08:28--  http://service.gmx.net/js/jquery-1.4.2.min.js
Reusing existing connection to service.gmx.net:80.
HTTP request sent, awaiting response... 200 OK
Length: 72174 (70K) [application/javascript]
Saving to: `code/../crawls/gmx.net/Privacy-Policy/raw/service.gmx.net/js/jquery-1.4.2.min.js'

     0K .......... .......... .......... .......... .......... 70%  292K 0s
    50K .......... ..........                                 100% 5.44M=0.2s

2013-01-26 05:08:29 (403 KB/s) - `code/../crawls/gmx.net/Privacy-Policy/raw/service.gmx.net/js/jquery-1.4.2.min.js' saved [72174/72174]

--2013-01-26 05:08:29--  http://images.gmx.net/images/gmx/portalstyle/common/bg-bottom-x2.gif
Resolving images.gmx.net... 23.0.247.234
Connecting to images.gmx.net|23.0.247.234|:80... connected.
HTTP request sent, awaiting response... 200 OK
Length: 1623 (1.6K) [image/gif]
Saving to: `code/../crawls/gmx.net/Privacy-Policy/raw/images.gmx.net/images/gmx/portalstyle/common/bg-bottom-x2.gif'

     0K .                                                     100%  210M=0s

2013-01-26 05:08:29 (210 MB/s) - `code/../crawls/gmx.net/Privacy-Policy/raw/images.gmx.net/images/gmx/portalstyle/common/bg-bottom-x2.gif' saved [1623/1623]

--2013-01-26 05:08:29--  http://images.gmx.net/images/gmx/portalstyle/common/bg-top-x2.gif
Reusing existing connection to images.gmx.net:80.
HTTP request sent, awaiting response... 200 OK
Length: 228 [image/gif]
Saving to: `code/../crawls/gmx.net/Privacy-Policy/raw/images.gmx.net/images/gmx/portalstyle/common/bg-top-x2.gif'

     0K                                                       100% 37.5M=0s

2013-01-26 05:08:30 (37.5 MB/s) - `code/../crawls/gmx.net/Privacy-Policy/raw/images.gmx.net/images/gmx/portalstyle/common/bg-top-x2.gif' saved [228/228]

--2013-01-26 05:08:30--  http://images.gmx.net/images/gmx/de/common/navigation/sub/neu-klein.gif
Reusing existing connection to images.gmx.net:80.
HTTP request sent, awaiting response... 200 OK
Length: 111 [image/gif]
Saving to: `code/../crawls/gmx.net/Privacy-Policy/raw/images.gmx.net/images/gmx/de/common/navigation/sub/neu-klein.gif'

     0K                                                       100% 17.2M=0s

2013-01-26 05:08:30 (17.2 MB/s) - `code/../crawls/gmx.net/Privacy-Policy/raw/images.gmx.net/images/gmx/de/common/navigation/sub/neu-klein.gif' saved [111/111]

--2013-01-26 05:08:30--  http://images.gmx.net/images/gmx/net/de/common/icons/footer-germany-small.png
Reusing existing connection to images.gmx.net:80.
HTTP request sent, awaiting response... 200 OK
Length: 7122 (7.0K) [image/png]
Saving to: `code/../crawls/gmx.net/Privacy-Policy/raw/images.gmx.net/images/gmx/net/de/common/icons/footer-germany-small.png'

     0K ......                                                100% 2.75M=0.002s

2013-01-26 05:08:30 (2.75 MB/s) - `code/../crawls/gmx.net/Privacy-Policy/raw/images.gmx.net/images/gmx/net/de/common/icons/footer-germany-small.png' saved [7122/7122]

--2013-01-26 05:08:30--  http://images.gmx.net/images/gmx/common/arrow.gif
Reusing existing connection to images.gmx.net:80.
HTTP request sent, awaiting response... 200 OK
Length: 49 [image/gif]
Saving to: `code/../crawls/gmx.net/Privacy-Policy/raw/images.gmx.net/images/gmx/common/arrow.gif'

     0K                                                       100% 8.22M=0s

2013-01-26 05:08:30 (8.22 MB/s) - `code/../crawls/gmx.net/Privacy-Policy/raw/images.gmx.net/images/gmx/common/arrow.gif' saved [49/49]

--2013-01-26 05:08:30--  http://service.gmx.net/js/functions.js
Connecting to service.gmx.net|213.165.65.100|:80... connected.
HTTP request sent, awaiting response... 200 OK
Length: 11158 (11K) [application/javascript]
Saving to: `code/../crawls/gmx.net/Privacy-Policy/raw/service.gmx.net/js/functions.js'

     0K ..........                                            100% 64.0K=0.2s

2013-01-26 05:08:30 (64.0 KB/s) - `code/../crawls/gmx.net/Privacy-Policy/raw/service.gmx.net/js/functions.js' saved [11158/11158]

--2013-01-26 05:08:30--  http://service.gmx.net/js/product.js
Reusing existing connection to service.gmx.net:80.
HTTP request sent, awaiting response... 200 OK
Length: 4296 (4.2K) [application/javascript]
Saving to: `code/../crawls/gmx.net/Privacy-Policy/raw/service.gmx.net/js/product.js'

     0K ....                                                  100% 23.8M=0s

2013-01-26 05:08:30 (23.8 MB/s) - `code/../crawls/gmx.net/Privacy-Policy/raw/service.gmx.net/js/product.js' saved [4296/4296]

--2013-01-26 05:08:30--  http://service.gmx.net/js/emos2.js
Reusing existing connection to service.gmx.net:80.
HTTP request sent, awaiting response... 200 OK
Length: 27068 (26K) [application/javascript]
Saving to: `code/../crawls/gmx.net/Privacy-Policy/raw/service.gmx.net/js/emos2.js'

     0K .......... .......... ......                          100%  154K=0.2s

2013-01-26 05:08:31 (154 KB/s) - `code/../crawls/gmx.net/Privacy-Policy/raw/service.gmx.net/js/emos2.js' saved [27068/27068]

--2013-01-26 05:08:31--  http://service.gmx.net/de/cgi/count.fcgi?PAGE=gmx_de_service_products_mail_agb_privacy&ts=1359205707&
Reusing existing connection to service.gmx.net:80.
HTTP request sent, awaiting response... 200 OK
Length: unspecified [image/gif]
Saving to: `code/../crawls/gmx.net/Privacy-Policy/raw/service.gmx.net/de/cgi/count.fcgi?PAGE=gmx_de_service_products_mail_agb_privacy&ts=1359205707&'

     0K                                                        4.33M=0s

2013-01-26 05:08:31 (4.33 MB/s) - `code/../crawls/gmx.net/Privacy-Policy/raw/service.gmx.net/de/cgi/count.fcgi?PAGE=gmx_de_service_products_mail_agb_privacy&ts=1359205707&' saved [43]

--2013-01-26 05:08:31--  http://service.gmx.net/js/sitestat.js
Reusing existing connection to service.gmx.net:80.
HTTP request sent, awaiting response... 200 OK
Length: 6296 (6.1K) [application/javascript]
Saving to: `code/../crawls/gmx.net/Privacy-Policy/raw/service.gmx.net/js/sitestat.js'

     0K ......                                                100% 20.5M=0s

2013-01-26 05:08:31 (20.5 MB/s) - `code/../crawls/gmx.net/Privacy-Policy/raw/service.gmx.net/js/sitestat.js' saved [6296/6296]

--2013-01-26 05:08:31--  http://service.gmx.net/de/cgi/g.fcgi/misc/jsstatus?sid=babhdfb.1359205707.3506.qeinhgaizm.76.xlo
Reusing existing connection to service.gmx.net:80.
HTTP request sent, awaiting response... 200 OK
Length: unspecified [text/html]
Saving to: `code/../crawls/gmx.net/Privacy-Policy/raw/service.gmx.net/de/cgi/g.fcgi/misc/jsstatus?sid=babhdfb.1359205707.3506.qeinhgaizm.76.xlo.html'

     0K                                                        0.00 =0s

2013-01-26 05:08:31 (0.00 B/s) - `code/../crawls/gmx.net/Privacy-Policy/raw/service.gmx.net/de/cgi/g.fcgi/misc/jsstatus?sid=babhdfb.1359205707.3506.qeinhgaizm.76.xlo.html' saved [0]

--2013-01-26 05:08:31--  http://images.gmx.net/images/gmx/common/nav/sub/bg-product-level1.gif
Connecting to images.gmx.net|23.0.247.234|:80... connected.
HTTP request sent, awaiting response... 200 OK
Length: 567 [image/gif]
Saving to: `code/../crawls/gmx.net/Privacy-Policy/raw/images.gmx.net/images/gmx/common/nav/sub/bg-product-level1.gif'

     0K                                                       100% 85.6M=0s

2013-01-26 05:08:31 (85.6 MB/s) - `code/../crawls/gmx.net/Privacy-Policy/raw/images.gmx.net/images/gmx/common/nav/sub/bg-product-level1.gif' saved [567/567]

--2013-01-26 05:08:31--  http://images.gmx.net/images/gmx/common/nav/sub/bg-product-level2.gif
Reusing existing connection to images.gmx.net:80.
HTTP request sent, awaiting response... 200 OK
Length: 331 [image/gif]
Saving to: `code/../crawls/gmx.net/Privacy-Policy/raw/images.gmx.net/images/gmx/common/nav/sub/bg-product-level2.gif'

     0K                                                       100% 54.8M=0s

2013-01-26 05:08:32 (54.8 MB/s) - `code/../crawls/gmx.net/Privacy-Policy/raw/images.gmx.net/images/gmx/common/nav/sub/bg-product-level2.gif' saved [331/331]

--2013-01-26 05:08:32--  http://images.gmx.net/images/gmx/common/nav/sub/bg-product-level3.gif
Reusing existing connection to images.gmx.net:80.
HTTP request sent, awaiting response... 200 OK
Length: 141 [image/gif]
Saving to: `code/../crawls/gmx.net/Privacy-Policy/raw/images.gmx.net/images/gmx/common/nav/sub/bg-product-level3.gif'

     0K                                                       100% 24.2M=0s

2013-01-26 05:08:32 (24.2 MB/s) - `code/../crawls/gmx.net/Privacy-Policy/raw/images.gmx.net/images/gmx/common/nav/sub/bg-product-level3.gif' saved [141/141]

--2013-01-26 05:08:32--  http://images.gmx.net/images/gmx/common/nav/sub/bg-product-level4.gif
Reusing existing connection to images.gmx.net:80.
HTTP request sent, awaiting response... 200 OK
Length: 131 [image/gif]
Saving to: `code/../crawls/gmx.net/Privacy-Policy/raw/images.gmx.net/images/gmx/common/nav/sub/bg-product-level4.gif'

     0K                                                       100% 22.9M=0s

2013-01-26 05:08:32 (22.9 MB/s) - `code/../crawls/gmx.net/Privacy-Policy/raw/images.gmx.net/images/gmx/common/nav/sub/bg-product-level4.gif' saved [131/131]

--2013-01-26 05:08:32--  http://images.gmx.net/images/gmx/common/nav/sub/bg-end-product.gif
Reusing existing connection to images.gmx.net:80.
HTTP request sent, awaiting response... 200 OK
Length: 402 [image/gif]
Saving to: `code/../crawls/gmx.net/Privacy-Policy/raw/images.gmx.net/images/gmx/common/nav/sub/bg-end-product.gif'

     0K                                                       100% 68.2M=0s

2013-01-26 05:08:32 (68.2 MB/s) - `code/../crawls/gmx.net/Privacy-Policy/raw/images.gmx.net/images/gmx/common/nav/sub/bg-end-product.gif' saved [402/402]

--2013-01-26 05:08:32--  http://images.gmx.net/images/gmx/common/nav/sub/bg-service-level1.gif
Reusing existing connection to images.gmx.net:80.
HTTP request sent, awaiting response... 200 OK
Length: 567 [image/gif]
Saving to: `code/../crawls/gmx.net/Privacy-Policy/raw/images.gmx.net/images/gmx/common/nav/sub/bg-service-level1.gif'

     0K                                                       100% 96.1M=0s

2013-01-26 05:08:32 (96.1 MB/s) - `code/../crawls/gmx.net/Privacy-Policy/raw/images.gmx.net/images/gmx/common/nav/sub/bg-service-level1.gif' saved [567/567]

--2013-01-26 05:08:32--  http://images.gmx.net/images/gmx/common/nav/sub/bg-service-level2.gif
Reusing existing connection to images.gmx.net:80.
HTTP request sent, awaiting response... 200 OK
Length: 329 [image/gif]
Saving to: `code/../crawls/gmx.net/Privacy-Policy/raw/images.gmx.net/images/gmx/common/nav/sub/bg-service-level2.gif'

     0K                                                       100% 54.9M=0s

2013-01-26 05:08:33 (54.9 MB/s) - `code/../crawls/gmx.net/Privacy-Policy/raw/images.gmx.net/images/gmx/common/nav/sub/bg-service-level2.gif' saved [329/329]

--2013-01-26 05:08:33--  http://images.gmx.net/images/gmx/common/nav/sub/bg-generic.gif
Reusing existing connection to images.gmx.net:80.
HTTP request sent, awaiting response... 200 OK
Length: 590 [image/gif]
Saving to: `code/../crawls/gmx.net/Privacy-Policy/raw/images.gmx.net/images/gmx/common/nav/sub/bg-generic.gif'

     0K                                                       100% 94.3M=0s

2013-01-26 05:08:33 (94.3 MB/s) - `code/../crawls/gmx.net/Privacy-Policy/raw/images.gmx.net/images/gmx/common/nav/sub/bg-generic.gif' saved [590/590]

--2013-01-26 05:08:33--  http://images.gmx.net/images/gmx/common/nav/sub/bg-service-level3.gif
Reusing existing connection to images.gmx.net:80.
HTTP request sent, awaiting response... 200 OK
Length: 141 [image/gif]
Saving to: `code/../crawls/gmx.net/Privacy-Policy/raw/images.gmx.net/images/gmx/common/nav/sub/bg-service-level3.gif'

     0K                                                       100% 24.0M=0s

2013-01-26 05:08:33 (24.0 MB/s) - `code/../crawls/gmx.net/Privacy-Policy/raw/images.gmx.net/images/gmx/common/nav/sub/bg-service-level3.gif' saved [141/141]

--2013-01-26 05:08:33--  http://images.gmx.net/images/gmx/common/nav/sub/bg-service-level4.gif
Reusing existing connection to images.gmx.net:80.
HTTP request sent, awaiting response... 200 OK
Length: 131 [image/gif]
Saving to: `code/../crawls/gmx.net/Privacy-Policy/raw/images.gmx.net/images/gmx/common/nav/sub/bg-service-level4.gif'

     0K                                                       100% 22.5M=0s

2013-01-26 05:08:33 (22.5 MB/s) - `code/../crawls/gmx.net/Privacy-Policy/raw/images.gmx.net/images/gmx/common/nav/sub/bg-service-level4.gif' saved [131/131]

--2013-01-26 05:08:33--  http://images.gmx.net/images/gmx/common/nav/sub/bg-end-service.gif
Reusing existing connection to images.gmx.net:80.
HTTP request sent, awaiting response... 200 OK
Length: 399 [image/gif]
Saving to: `code/../crawls/gmx.net/Privacy-Policy/raw/images.gmx.net/images/gmx/common/nav/sub/bg-end-service.gif'

     0K                                                       100% 66.9M=0s

2013-01-26 05:08:33 (66.9 MB/s) - `code/../crawls/gmx.net/Privacy-Policy/raw/images.gmx.net/images/gmx/common/nav/sub/bg-end-service.gif' saved [399/399]

--2013-01-26 05:08:33--  http://images.gmx.net/images/gmx/common/nav/sub/bg-end-generic-home.gif
Reusing existing connection to images.gmx.net:80.
HTTP request sent, awaiting response... 200 OK
Length: 1010 [image/gif]
Saving to: `code/../crawls/gmx.net/Privacy-Policy/raw/images.gmx.net/images/gmx/common/nav/sub/bg-end-generic-home.gif'

     0K                                                       100%  166M=0s

2013-01-26 05:08:34 (166 MB/s) - `code/../crawls/gmx.net/Privacy-Policy/raw/images.gmx.net/images/gmx/common/nav/sub/bg-end-generic-home.gif' saved [1010/1010]

--2013-01-26 05:08:34--  http://images.gmx.net/images/gmx/common/nav/sub/bg-extra-level1.gif
Reusing existing connection to images.gmx.net:80.
HTTP request sent, awaiting response... 200 OK
Length: 463 [image/gif]
Saving to: `code/../crawls/gmx.net/Privacy-Policy/raw/images.gmx.net/images/gmx/common/nav/sub/bg-extra-level1.gif'

     0K                                                       100% 78.1M=0s

2013-01-26 05:08:34 (78.1 MB/s) - `code/../crawls/gmx.net/Privacy-Policy/raw/images.gmx.net/images/gmx/common/nav/sub/bg-extra-level1.gif' saved [463/463]

--2013-01-26 05:08:34--  http://images.gmx.net/images/gmx/common/nav/sub/bg-extra-level2.gif
Reusing existing connection to images.gmx.net:80.
HTTP request sent, awaiting response... 200 OK
Length: 253 [image/gif]
Saving to: `code/../crawls/gmx.net/Privacy-Policy/raw/images.gmx.net/images/gmx/common/nav/sub/bg-extra-level2.gif'

     0K                                                       100% 41.0M=0s

2013-01-26 05:08:34 (41.0 MB/s) - `code/../crawls/gmx.net/Privacy-Policy/raw/images.gmx.net/images/gmx/common/nav/sub/bg-extra-level2.gif' saved [253/253]

--2013-01-26 05:08:34--  http://images.gmx.net/images/gmx/common/nav/sub/bg-end-extra.gif
Reusing existing connection to images.gmx.net:80.
HTTP request sent, awaiting response... 200 OK
Length: 320 [image/gif]
Saving to: `code/../crawls/gmx.net/Privacy-Policy/raw/images.gmx.net/images/gmx/common/nav/sub/bg-end-extra.gif'

     0K                                                       100% 53.8M=0s

2013-01-26 05:08:34 (53.8 MB/s) - `code/../crawls/gmx.net/Privacy-Policy/raw/images.gmx.net/images/gmx/common/nav/sub/bg-end-extra.gif' saved [320/320]

--2013-01-26 05:08:34--  http://images.gmx.net/images/gmx/common/nav/sub/bg-end.gif
Reusing existing connection to images.gmx.net:80.
HTTP request sent, awaiting response... 200 OK
Length: 1698 (1.7K) [image/gif]
Saving to: `code/../crawls/gmx.net/Privacy-Policy/raw/images.gmx.net/images/gmx/common/nav/sub/bg-end.gif'

     0K .                                                     100%  191M=0s

2013-01-26 05:08:34 (191 MB/s) - `code/../crawls/gmx.net/Privacy-Policy/raw/images.gmx.net/images/gmx/common/nav/sub/bg-end.gif' saved [1698/1698]

--2013-01-26 05:08:34--  http://images.gmx.net/images/gmx/common/nav/sub/bg-end-final.gif
Reusing existing connection to images.gmx.net:80.
HTTP request sent, awaiting response... 200 OK
Length: 136 [image/gif]
Saving to: `code/../crawls/gmx.net/Privacy-Policy/raw/images.gmx.net/images/gmx/common/nav/sub/bg-end-final.gif'

     0K                                                       100% 21.4M=0s

2013-01-26 05:08:34 (21.4 MB/s) - `code/../crawls/gmx.net/Privacy-Policy/raw/images.gmx.net/images/gmx/common/nav/sub/bg-end-final.gif' saved [136/136]

--2013-01-26 05:08:34--  http://images.gmx.net/images/gmx/common/bg-content-start.gif
Reusing existing connection to images.gmx.net:80.
HTTP request sent, awaiting response... 200 OK
Length: 624 [image/gif]
Saving to: `code/../crawls/gmx.net/Privacy-Policy/raw/images.gmx.net/images/gmx/common/bg-content-start.gif'

     0K                                                       100%  102M=0s

2013-01-26 05:08:34 (102 MB/s) - `code/../crawls/gmx.net/Privacy-Policy/raw/images.gmx.net/images/gmx/common/bg-content-start.gif' saved [624/624]

--2013-01-26 05:08:34--  http://images.gmx.net/images/gmx/common/bg-content-end.gif
Reusing existing connection to images.gmx.net:80.
HTTP request sent, awaiting response... 200 OK
Length: 412 [image/gif]
Saving to: `code/../crawls/gmx.net/Privacy-Policy/raw/images.gmx.net/images/gmx/common/bg-content-end.gif'

     0K                                                       100% 72.4M=0s

2013-01-26 05:08:34 (72.4 MB/s) - `code/../crawls/gmx.net/Privacy-Policy/raw/images.gmx.net/images/gmx/common/bg-content-end.gif' saved [412/412]

--2013-01-26 05:08:34--  http://images.gmx.net/images/gmx/common/headline-bg-service.gif
Reusing existing connection to images.gmx.net:80.
HTTP request sent, awaiting response... 200 OK
Length: 503 [image/gif]
Saving to: `code/../crawls/gmx.net/Privacy-Policy/raw/images.gmx.net/images/gmx/common/headline-bg-service.gif'

     0K                                                       100% 85.9M=0s

2013-01-26 05:08:34 (85.9 MB/s) - `code/../crawls/gmx.net/Privacy-Policy/raw/images.gmx.net/images/gmx/common/headline-bg-service.gif' saved [503/503]

--2013-01-26 05:08:34--  http://images.gmx.net/images/gmx/common/headline-bg-product.gif
Reusing existing connection to images.gmx.net:80.
HTTP request sent, awaiting response... 200 OK
Length: 503 [image/gif]
Saving to: `code/../crawls/gmx.net/Privacy-Policy/raw/images.gmx.net/images/gmx/common/headline-bg-product.gif'

     0K                                                       100% 83.8M=0s

2013-01-26 05:08:35 (83.8 MB/s) - `code/../crawls/gmx.net/Privacy-Policy/raw/images.gmx.net/images/gmx/common/headline-bg-product.gif' saved [503/503]

--2013-01-26 05:08:35--  http://images.gmx.net/images/gmx/common/headline-bg-topic.gif
Reusing existing connection to images.gmx.net:80.
HTTP request sent, awaiting response... 200 OK
Length: 503 [image/gif]
Saving to: `code/../crawls/gmx.net/Privacy-Policy/raw/images.gmx.net/images/gmx/common/headline-bg-topic.gif'

     0K                                                       100% 82.0M=0s

2013-01-26 05:08:35 (82.0 MB/s) - `code/../crawls/gmx.net/Privacy-Policy/raw/images.gmx.net/images/gmx/common/headline-bg-topic.gif' saved [503/503]

--2013-01-26 05:08:35--  http://images.gmx.net/images/gmx/common/headline-bg-shopping.gif
Reusing existing connection to images.gmx.net:80.
HTTP request sent, awaiting response... 200 OK
Length: 503 [image/gif]
Saving to: `code/../crawls/gmx.net/Privacy-Policy/raw/images.gmx.net/images/gmx/common/headline-bg-shopping.gif'

     0K                                                       100% 85.1M=0s

2013-01-26 05:08:35 (85.1 MB/s) - `code/../crawls/gmx.net/Privacy-Policy/raw/images.gmx.net/images/gmx/common/headline-bg-shopping.gif' saved [503/503]

--2013-01-26 05:08:35--  http://images.gmx.net/images/gmx/common/headline-bg-entertainment.gif
Reusing existing connection to images.gmx.net:80.
HTTP request sent, awaiting response... 200 OK
Length: 503 [image/gif]
Saving to: `code/../crawls/gmx.net/Privacy-Policy/raw/images.gmx.net/images/gmx/common/headline-bg-entertainment.gif'

     0K                                                       100% 86.4M=0s

2013-01-26 05:08:35 (86.4 MB/s) - `code/../crawls/gmx.net/Privacy-Policy/raw/images.gmx.net/images/gmx/common/headline-bg-entertainment.gif' saved [503/503]

--2013-01-26 05:08:35--  http://images.gmx.net/images/gmx/common/head-x3.gif
Reusing existing connection to images.gmx.net:80.
HTTP request sent, awaiting response... 200 OK
Length: 676 [image/gif]
Saving to: `code/../crawls/gmx.net/Privacy-Policy/raw/images.gmx.net/images/gmx/common/head-x3.gif'

     0K                                                       100%  113M=0s

2013-01-26 05:08:35 (113 MB/s) - `code/../crawls/gmx.net/Privacy-Policy/raw/images.gmx.net/images/gmx/common/head-x3.gif' saved [676/676]

--2013-01-26 05:08:35--  http://images.gmx.net/images/gmx/common/head-x2.gif
Reusing existing connection to images.gmx.net:80.
HTTP request sent, awaiting response... 200 OK
Length: 596 [image/gif]
Saving to: `code/../crawls/gmx.net/Privacy-Policy/raw/images.gmx.net/images/gmx/common/head-x2.gif'

     0K                                                       100%  101M=0s

2013-01-26 05:08:36 (101 MB/s) - `code/../crawls/gmx.net/Privacy-Policy/raw/images.gmx.net/images/gmx/common/head-x2.gif' saved [596/596]

--2013-01-26 05:08:36--  http://images.gmx.net/images/gmx/common/head-x4.gif
Reusing existing connection to images.gmx.net:80.
HTTP request sent, awaiting response... 200 OK
Length: 741 [image/gif]
Saving to: `code/../crawls/gmx.net/Privacy-Policy/raw/images.gmx.net/images/gmx/common/head-x4.gif'

     0K                                                       100%  111M=0s

2013-01-26 05:08:36 (111 MB/s) - `code/../crawls/gmx.net/Privacy-Policy/raw/images.gmx.net/images/gmx/common/head-x4.gif' saved [741/741]

--2013-01-26 05:08:36--  http://images.gmx.net/images/gmx/common/head-x6.gif
Reusing existing connection to images.gmx.net:80.
HTTP request sent, awaiting response... 200 OK
Length: 870 [image/gif]
Saving to: `code/../crawls/gmx.net/Privacy-Policy/raw/images.gmx.net/images/gmx/common/head-x6.gif'

     0K                                                       100%  131M=0s

2013-01-26 05:08:36 (131 MB/s) - `code/../crawls/gmx.net/Privacy-Policy/raw/images.gmx.net/images/gmx/common/head-x6.gif' saved [870/870]

--2013-01-26 05:08:36--  http://images.gmx.net/images/gmx/common/head-x8.gif
Reusing existing connection to images.gmx.net:80.
HTTP request sent, awaiting response... 200 OK
Length: 981 [image/gif]
Saving to: `code/../crawls/gmx.net/Privacy-Policy/raw/images.gmx.net/images/gmx/common/head-x8.gif'

     0K                                                       100%  156M=0s

2013-01-26 05:08:36 (156 MB/s) - `code/../crawls/gmx.net/Privacy-Policy/raw/images.gmx.net/images/gmx/common/head-x8.gif' saved [981/981]

--2013-01-26 05:08:36--  http://images.gmx.net/images/gmx/common/line.gif
Reusing existing connection to images.gmx.net:80.
HTTP request sent, awaiting response... 200 OK
Length: 49 [image/gif]
Saving to: `code/../crawls/gmx.net/Privacy-Policy/raw/images.gmx.net/images/gmx/common/line.gif'

     0K                                                       100% 8.86M=0s

2013-01-26 05:08:36 (8.86 MB/s) - `code/../crawls/gmx.net/Privacy-Policy/raw/images.gmx.net/images/gmx/common/line.gif' saved [49/49]

--2013-01-26 05:08:36--  http://images.gmx.net/images/gmx/bg/data-bottom.gif
Reusing existing connection to images.gmx.net:80.
HTTP request sent, awaiting response... 200 OK
Length: 427 [image/gif]
Saving to: `code/../crawls/gmx.net/Privacy-Policy/raw/images.gmx.net/images/gmx/bg/data-bottom.gif'

     0K                                                       100% 65.3M=0s

2013-01-26 05:08:37 (65.3 MB/s) - `code/../crawls/gmx.net/Privacy-Policy/raw/images.gmx.net/images/gmx/bg/data-bottom.gif' saved [427/427]

--2013-01-26 05:08:37--  http://images.gmx.net/images/gmx/bg/data-top.gif
Reusing existing connection to images.gmx.net:80.
HTTP request sent, awaiting response... 200 OK
Length: 581 [image/gif]
Saving to: `code/../crawls/gmx.net/Privacy-Policy/raw/images.gmx.net/images/gmx/bg/data-top.gif'

     0K                                                       100% 94.1M=0s

2013-01-26 05:08:37 (94.1 MB/s) - `code/../crawls/gmx.net/Privacy-Policy/raw/images.gmx.net/images/gmx/bg/data-top.gif' saved [581/581]

--2013-01-26 05:08:37--  http://images.gmx.net/images/gmx/common/tab-default.gif
Reusing existing connection to images.gmx.net:80.
HTTP request sent, awaiting response... 200 OK
Length: 570 [image/gif]
Saving to: `code/../crawls/gmx.net/Privacy-Policy/raw/images.gmx.net/images/gmx/common/tab-default.gif'

     0K                                                       100% 92.8M=0s

2013-01-26 05:08:37 (92.8 MB/s) - `code/../crawls/gmx.net/Privacy-Policy/raw/images.gmx.net/images/gmx/common/tab-default.gif' saved [570/570]

--2013-01-26 05:08:37--  http://images.gmx.net/images/gmx/bg/tab-ctx.gif
Reusing existing connection to images.gmx.net:80.
HTTP request sent, awaiting response... 200 OK
Length: 1950 (1.9K) [image/gif]
Saving to: `code/../crawls/gmx.net/Privacy-Policy/raw/images.gmx.net/images/gmx/bg/tab-ctx.gif'

     0K .                                                     100%  257M=0s

2013-01-26 05:08:37 (257 MB/s) - `code/../crawls/gmx.net/Privacy-Policy/raw/images.gmx.net/images/gmx/bg/tab-ctx.gif' saved [1950/1950]

--2013-01-26 05:08:37--  http://images.gmx.net/images/gmx/common/icon-note-error.gif
Reusing existing connection to images.gmx.net:80.
HTTP request sent, awaiting response... 200 OK
Length: 698 [image/gif]
Saving to: `code/../crawls/gmx.net/Privacy-Policy/raw/images.gmx.net/images/gmx/common/icon-note-error.gif'

     0K                                                       100%  123M=0s

2013-01-26 05:08:37 (123 MB/s) - `code/../crawls/gmx.net/Privacy-Policy/raw/images.gmx.net/images/gmx/common/icon-note-error.gif' saved [698/698]

--2013-01-26 05:08:37--  http://images.gmx.net/images/gmx/common/icon-note-success.gif
Reusing existing connection to images.gmx.net:80.
HTTP request sent, awaiting response... 200 OK
Length: 782 [image/gif]
Saving to: `code/../crawls/gmx.net/Privacy-Policy/raw/images.gmx.net/images/gmx/common/icon-note-success.gif'

     0K                                                       100%  121M=0s

2013-01-26 05:08:38 (121 MB/s) - `code/../crawls/gmx.net/Privacy-Policy/raw/images.gmx.net/images/gmx/common/icon-note-success.gif' saved [782/782]

--2013-01-26 05:08:38--  http://images.gmx.net/images/gmx/common/icon-note-warning.gif
Reusing existing connection to images.gmx.net:80.
HTTP request sent, awaiting response... 200 OK
Length: 814 [image/gif]
Saving to: `code/../crawls/gmx.net/Privacy-Policy/raw/images.gmx.net/images/gmx/common/icon-note-warning.gif'

     0K                                                       100%  128M=0s

2013-01-26 05:08:38 (128 MB/s) - `code/../crawls/gmx.net/Privacy-Policy/raw/images.gmx.net/images/gmx/common/icon-note-warning.gif' saved [814/814]

--2013-01-26 05:08:38--  http://images.gmx.net/images/gmx/common/list-product.gif
Reusing existing connection to images.gmx.net:80.
HTTP request sent, awaiting response... 200 OK
Length: 298 [image/gif]
Saving to: `code/../crawls/gmx.net/Privacy-Policy/raw/images.gmx.net/images/gmx/common/list-product.gif'

     0K                                                       100% 52.7M=0s

2013-01-26 05:08:38 (52.7 MB/s) - `code/../crawls/gmx.net/Privacy-Policy/raw/images.gmx.net/images/gmx/common/list-product.gif' saved [298/298]

--2013-01-26 05:08:38--  http://images.gmx.net/images/gmx/net/common/products/topmail/background-right-h2.gif
Reusing existing connection to images.gmx.net:80.
HTTP request sent, awaiting response... 200 OK
Length: 345 [image/gif]
Saving to: `code/../crawls/gmx.net/Privacy-Policy/raw/images.gmx.net/images/gmx/net/common/products/topmail/background-right-h2.gif'

     0K                                                       100% 53.8M=0s

2013-01-26 05:08:38 (53.8 MB/s) - `code/../crawls/gmx.net/Privacy-Policy/raw/images.gmx.net/images/gmx/net/common/products/topmail/background-right-h2.gif' saved [345/345]

--2013-01-26 05:08:38--  http://images.gmx.net/images/gmx/net/common/products/topmail/background-left-h2.gif
Reusing existing connection to images.gmx.net:80.
HTTP request sent, awaiting response... 200 OK
Length: 114 [image/gif]
Saving to: `code/../crawls/gmx.net/Privacy-Policy/raw/images.gmx.net/images/gmx/net/common/products/topmail/background-left-h2.gif'

     0K                                                       100% 20.2M=0s

2013-01-26 05:08:38 (20.2 MB/s) - `code/../crawls/gmx.net/Privacy-Policy/raw/images.gmx.net/images/gmx/net/common/products/topmail/background-left-h2.gif' saved [114/114]

--2013-01-26 05:08:38--  http://images.gmx.net/images/gmx/net/common/products/promail/background-right-h2.gif
Reusing existing connection to images.gmx.net:80.
HTTP request sent, awaiting response... 200 OK
Length: 345 [image/gif]
Saving to: `code/../crawls/gmx.net/Privacy-Policy/raw/images.gmx.net/images/gmx/net/common/products/promail/background-right-h2.gif'

     0K                                                       100% 57.3M=0s

2013-01-26 05:08:39 (57.3 MB/s) - `code/../crawls/gmx.net/Privacy-Policy/raw/images.gmx.net/images/gmx/net/common/products/promail/background-right-h2.gif' saved [345/345]

--2013-01-26 05:08:39--  http://images.gmx.net/images/gmx/net/common/products/promail/background-left-h2.gif
Reusing existing connection to images.gmx.net:80.
HTTP request sent, awaiting response... 200 OK
Length: 112 [image/gif]
Saving to: `code/../crawls/gmx.net/Privacy-Policy/raw/images.gmx.net/images/gmx/net/common/products/promail/background-left-h2.gif'

     0K                                                       100% 19.2M=0s

2013-01-26 05:08:39 (19.2 MB/s) - `code/../crawls/gmx.net/Privacy-Policy/raw/images.gmx.net/images/gmx/net/common/products/promail/background-left-h2.gif' saved [112/112]

--2013-01-26 05:08:39--  http://images.gmx.net/images/gmx/net/common/products/classicmail/background-right-h2.gif
Reusing existing connection to images.gmx.net:80.
HTTP request sent, awaiting response... 200 OK
Length: 349 [image/gif]
Saving to: `code/../crawls/gmx.net/Privacy-Policy/raw/images.gmx.net/images/gmx/net/common/products/classicmail/background-right-h2.gif'

     0K                                                       100% 39.3M=0s

2013-01-26 05:08:40 (39.3 MB/s) - `code/../crawls/gmx.net/Privacy-Policy/raw/images.gmx.net/images/gmx/net/common/products/classicmail/background-right-h2.gif' saved [349/349]

--2013-01-26 05:08:40--  http://images.gmx.net/images/gmx/net/common/products/classicmail/background-left-h2.gif
Reusing existing connection to images.gmx.net:80.
HTTP request sent, awaiting response... 200 OK
Length: 113 [image/gif]
Saving to: `code/../crawls/gmx.net/Privacy-Policy/raw/images.gmx.net/images/gmx/net/common/products/classicmail/background-left-h2.gif'

     0K                                                       100% 20.2M=0s

2013-01-26 05:08:40 (20.2 MB/s) - `code/../crawls/gmx.net/Privacy-Policy/raw/images.gmx.net/images/gmx/net/common/products/classicmail/background-left-h2.gif' saved [113/113]

--2013-01-26 05:08:40--  http://images.gmx.net/images/gmx/net/common/products/generic/background-right-h2.gif
Reusing existing connection to images.gmx.net:80.
HTTP request sent, awaiting response... 200 OK
Length: 244 [image/gif]
Saving to: `code/../crawls/gmx.net/Privacy-Policy/raw/images.gmx.net/images/gmx/net/common/products/generic/background-right-h2.gif'

     0K                                                       100% 39.6M=0s

2013-01-26 05:08:41 (39.6 MB/s) - `code/../crawls/gmx.net/Privacy-Policy/raw/images.gmx.net/images/gmx/net/common/products/generic/background-right-h2.gif' saved [244/244]

--2013-01-26 05:08:41--  http://images.gmx.net/images/gmx/net/common/products/generic/background-left-h2.gif
Reusing existing connection to images.gmx.net:80.
HTTP request sent, awaiting response... 200 OK
Length: 111 [image/gif]
Saving to: `code/../crawls/gmx.net/Privacy-Policy/raw/images.gmx.net/images/gmx/net/common/products/generic/background-left-h2.gif'

     0K                                                       100% 18.8M=0s

2013-01-26 05:08:41 (18.8 MB/s) - `code/../crawls/gmx.net/Privacy-Policy/raw/images.gmx.net/images/gmx/net/common/products/generic/background-left-h2.gif' saved [111/111]

--2013-01-26 05:08:41--  http://images.gmx.net/images/gmx/net/tariff/change/common/box-top.gif
Reusing existing connection to images.gmx.net:80.
HTTP request sent, awaiting response... 200 OK
Length: 281 [image/gif]
Saving to: `code/../crawls/gmx.net/Privacy-Policy/raw/images.gmx.net/images/gmx/net/tariff/change/common/box-top.gif'

     0K                                                       100% 46.5M=0s

2013-01-26 05:08:41 (46.5 MB/s) - `code/../crawls/gmx.net/Privacy-Policy/raw/images.gmx.net/images/gmx/net/tariff/change/common/box-top.gif' saved [281/281]

--2013-01-26 05:08:41--  http://images.gmx.net/images/gmx/net/tariff/change/common/box-2-background.gif
Reusing existing connection to images.gmx.net:80.
HTTP request sent, awaiting response... 200 OK
Length: 1140 (1.1K) [image/gif]
Saving to: `code/../crawls/gmx.net/Privacy-Policy/raw/images.gmx.net/images/gmx/net/tariff/change/common/box-2-background.gif'

     0K .                                                     100%  160M=0s

2013-01-26 05:08:41 (160 MB/s) - `code/../crawls/gmx.net/Privacy-Policy/raw/images.gmx.net/images/gmx/net/tariff/change/common/box-2-background.gif' saved [1140/1140]

--2013-01-26 05:08:41--  http://images.gmx.net/images/gmx/net/tariff/change/common/box-2-top.gif
Reusing existing connection to images.gmx.net:80.
HTTP request sent, awaiting response... 200 OK
Length: 328 [image/gif]
Saving to: `code/../crawls/gmx.net/Privacy-Policy/raw/images.gmx.net/images/gmx/net/tariff/change/common/box-2-top.gif'

     0K                                                       100% 59.4M=0s

2013-01-26 05:08:41 (59.4 MB/s) - `code/../crawls/gmx.net/Privacy-Policy/raw/images.gmx.net/images/gmx/net/tariff/change/common/box-2-top.gif' saved [328/328]

--2013-01-26 05:08:41--  http://images.gmx.net/images/gmx/net/tariff/change/common/box-2-bottom.gif
Reusing existing connection to images.gmx.net:80.
HTTP request sent, awaiting response... 200 OK
Length: 273 [image/gif]
Saving to: `code/../crawls/gmx.net/Privacy-Policy/raw/images.gmx.net/images/gmx/net/tariff/change/common/box-2-bottom.gif'

     0K                                                       100% 49.1M=0s

2013-01-26 05:08:42 (49.1 MB/s) - `code/../crawls/gmx.net/Privacy-Policy/raw/images.gmx.net/images/gmx/net/tariff/change/common/box-2-bottom.gif' saved [273/273]

--2013-01-26 05:08:42--  http://images.gmx.net/images/gmx/net/tariff/change/common/box-3-top.jpg
Reusing existing connection to images.gmx.net:80.
HTTP request sent, awaiting response... 200 OK
Length: 4714 (4.6K) [image/jpeg]
Saving to: `code/../crawls/gmx.net/Privacy-Policy/raw/images.gmx.net/images/gmx/net/tariff/change/common/box-3-top.jpg'

     0K ....                                                  100% 27.9M=0s

2013-01-26 05:08:42 (27.9 MB/s) - `code/../crawls/gmx.net/Privacy-Policy/raw/images.gmx.net/images/gmx/net/tariff/change/common/box-3-top.jpg' saved [4714/4714]

--2013-01-26 05:08:42--  http://images.gmx.net/images/gmx/net/tariff/change/common/box-3-bottom.gif
Reusing existing connection to images.gmx.net:80.
HTTP request sent, awaiting response... 200 OK
Length: 198 [image/gif]
Saving to: `code/../crawls/gmx.net/Privacy-Policy/raw/images.gmx.net/images/gmx/net/tariff/change/common/box-3-bottom.gif'

     0K                                                       100% 31.5M=0s

2013-01-26 05:08:42 (31.5 MB/s) - `code/../crawls/gmx.net/Privacy-Policy/raw/images.gmx.net/images/gmx/net/tariff/change/common/box-3-bottom.gif' saved [198/198]

--2013-01-26 05:08:42--  http://images.gmx.net/images/gmx/net/tariff/change/common/box-4-background.gif
Reusing existing connection to images.gmx.net:80.
HTTP request sent, awaiting response... 200 OK
Length: 120 [image/gif]
Saving to: `code/../crawls/gmx.net/Privacy-Policy/raw/images.gmx.net/images/gmx/net/tariff/change/common/box-4-background.gif'

     0K                                                       100% 20.4M=0s

2013-01-26 05:08:42 (20.4 MB/s) - `code/../crawls/gmx.net/Privacy-Policy/raw/images.gmx.net/images/gmx/net/tariff/change/common/box-4-background.gif' saved [120/120]

--2013-01-26 05:08:42--  http://images.gmx.net/images/gmx/net/tariff/change/common/box-4-top.gif
Reusing existing connection to images.gmx.net:80.
HTTP request sent, awaiting response... 200 OK
Length: 281 [image/gif]
Saving to: `code/../crawls/gmx.net/Privacy-Policy/raw/images.gmx.net/images/gmx/net/tariff/change/common/box-4-top.gif'

     0K                                                       100% 50.4M=0s

2013-01-26 05:08:43 (50.4 MB/s) - `code/../crawls/gmx.net/Privacy-Policy/raw/images.gmx.net/images/gmx/net/tariff/change/common/box-4-top.gif' saved [281/281]

--2013-01-26 05:08:43--  http://images.gmx.net/images/gmx/net/tariff/change/common/box-4-bottom.jpg
Reusing existing connection to images.gmx.net:80.
HTTP request sent, awaiting response... 200 OK
Length: 4386 (4.3K) [image/jpeg]
Saving to: `code/../crawls/gmx.net/Privacy-Policy/raw/images.gmx.net/images/gmx/net/tariff/change/common/box-4-bottom.jpg'

     0K ....                                                  100% 1.70M=0.002s

2013-01-26 05:08:43 (1.70 MB/s) - `code/../crawls/gmx.net/Privacy-Policy/raw/images.gmx.net/images/gmx/net/tariff/change/common/box-4-bottom.jpg' saved [4386/4386]

--2013-01-26 05:08:43--  http://images.gmx.net/images/gmx/net/tariff/change/common/box-5-top.gif
Reusing existing connection to images.gmx.net:80.
HTTP request sent, awaiting response... 200 OK
Length: 963 [image/gif]
Saving to: `code/../crawls/gmx.net/Privacy-Policy/raw/images.gmx.net/images/gmx/net/tariff/change/common/box-5-top.gif'

     0K                                                       100%  169M=0s

2013-01-26 05:08:43 (169 MB/s) - `code/../crawls/gmx.net/Privacy-Policy/raw/images.gmx.net/images/gmx/net/tariff/change/common/box-5-top.gif' saved [963/963]

--2013-01-26 05:08:43--  http://images.gmx.net/images/gmx/net/tariff/change/common/box-5-bottom.gif
Reusing existing connection to images.gmx.net:80.
HTTP request sent, awaiting response... 200 OK
Length: 963 [image/gif]
Saving to: `code/../crawls/gmx.net/Privacy-Policy/raw/images.gmx.net/images/gmx/net/tariff/change/common/box-5-bottom.gif'

     0K                                                       100%  162M=0s

2013-01-26 05:08:43 (162 MB/s) - `code/../crawls/gmx.net/Privacy-Policy/raw/images.gmx.net/images/gmx/net/tariff/change/common/box-5-bottom.gif' saved [963/963]

--2013-01-26 05:08:43--  http://images.gmx.net/images/gmx/net/tariff/change/common/icon/arrow-white-fade-in.gif
Reusing existing connection to images.gmx.net:80.
HTTP request sent, awaiting response... 200 OK
Length: 53 [image/gif]
Saving to: `code/../crawls/gmx.net/Privacy-Policy/raw/images.gmx.net/images/gmx/net/tariff/change/common/icon/arrow-white-fade-in.gif'

     0K                                                       100% 8.85M=0s

2013-01-26 05:08:43 (8.85 MB/s) - `code/../crawls/gmx.net/Privacy-Policy/raw/images.gmx.net/images/gmx/net/tariff/change/common/icon/arrow-white-fade-in.gif' saved [53/53]

--2013-01-26 05:08:43--  http://images.gmx.net/images/gmx/net/tariff/change/common/icon/arrow-fade-in.gif
Reusing existing connection to images.gmx.net:80.
HTTP request sent, awaiting response... 200 OK
Length: 53 [image/gif]
Saving to: `code/../crawls/gmx.net/Privacy-Policy/raw/images.gmx.net/images/gmx/net/tariff/change/common/icon/arrow-fade-in.gif'

     0K                                                       100% 9.46M=0s

2013-01-26 05:08:44 (9.46 MB/s) - `code/../crawls/gmx.net/Privacy-Policy/raw/images.gmx.net/images/gmx/net/tariff/change/common/icon/arrow-fade-in.gif' saved [53/53]

--2013-01-26 05:08:44--  http://images.gmx.net/images/gmx/net/tariff/change/common/icon/arrow-fade-out.gif
Reusing existing connection to images.gmx.net:80.
HTTP request sent, awaiting response... 200 OK
Length: 51 [image/gif]
Saving to: `code/../crawls/gmx.net/Privacy-Policy/raw/images.gmx.net/images/gmx/net/tariff/change/common/icon/arrow-fade-out.gif'

     0K                                                       100% 9.05M=0s

2013-01-26 05:08:44 (9.05 MB/s) - `code/../crawls/gmx.net/Privacy-Policy/raw/images.gmx.net/images/gmx/net/tariff/change/common/icon/arrow-fade-out.gif' saved [51/51]

--2013-01-26 05:08:44--  http://images.gmx.net/images/gmx/net/tariff/change/common/icon/arrow-white-fade-out.gif
Reusing existing connection to images.gmx.net:80.
HTTP request sent, awaiting response... 200 OK
Length: 51 [image/gif]
Saving to: `code/../crawls/gmx.net/Privacy-Policy/raw/images.gmx.net/images/gmx/net/tariff/change/common/icon/arrow-white-fade-out.gif'

     0K                                                       100% 8.02M=0s

2013-01-26 05:08:45 (8.02 MB/s) - `code/../crawls/gmx.net/Privacy-Policy/raw/images.gmx.net/images/gmx/net/tariff/change/common/icon/arrow-white-fade-out.gif' saved [51/51]

--2013-01-26 05:08:45--  http://images.gmx.net/images/gmx/net/tariff/change/common/feature-list-top.gif
Reusing existing connection to images.gmx.net:80.
HTTP request sent, awaiting response... 200 OK
Length: 804 [image/gif]
Saving to: `code/../crawls/gmx.net/Privacy-Policy/raw/images.gmx.net/images/gmx/net/tariff/change/common/feature-list-top.gif'

     0K                                                       100%  129M=0s

2013-01-26 05:08:45 (129 MB/s) - `code/../crawls/gmx.net/Privacy-Policy/raw/images.gmx.net/images/gmx/net/tariff/change/common/feature-list-top.gif' saved [804/804]

--2013-01-26 05:08:45--  http://images.gmx.net/images/gmx/net/tariff/change/common/feature-list-bottom.gif
Reusing existing connection to images.gmx.net:80.
HTTP request sent, awaiting response... 200 OK
Length: 804 [image/gif]
Saving to: `code/../crawls/gmx.net/Privacy-Policy/raw/images.gmx.net/images/gmx/net/tariff/change/common/feature-list-bottom.gif'

     0K                                                       100%  132M=0s

2013-01-26 05:08:45 (132 MB/s) - `code/../crawls/gmx.net/Privacy-Policy/raw/images.gmx.net/images/gmx/net/tariff/change/common/feature-list-bottom.gif' saved [804/804]

--2013-01-26 05:08:45--  http://images.gmx.net/images/gmx/net/tariff/change/common/complete/box/background-top.gif
Reusing existing connection to images.gmx.net:80.
HTTP request sent, awaiting response... 200 OK
Length: 215 [image/gif]
Saving to: `code/../crawls/gmx.net/Privacy-Policy/raw/images.gmx.net/images/gmx/net/tariff/change/common/complete/box/background-top.gif'

     0K                                                       100% 35.7M=0s

2013-01-26 05:08:45 (35.7 MB/s) - `code/../crawls/gmx.net/Privacy-Policy/raw/images.gmx.net/images/gmx/net/tariff/change/common/complete/box/background-top.gif' saved [215/215]

--2013-01-26 05:08:45--  http://images.gmx.net/images/gmx/net/tariff/change/common/complete/box/background-gradient.gif
Reusing existing connection to images.gmx.net:80.
HTTP request sent, awaiting response... 200 OK
Length: 174 [image/gif]
Saving to: `code/../crawls/gmx.net/Privacy-Policy/raw/images.gmx.net/images/gmx/net/tariff/change/common/complete/box/background-gradient.gif'

     0K                                                       100% 31.0M=0s

2013-01-26 05:08:46 (31.0 MB/s) - `code/../crawls/gmx.net/Privacy-Policy/raw/images.gmx.net/images/gmx/net/tariff/change/common/complete/box/background-gradient.gif' saved [174/174]

--2013-01-26 05:08:46--  http://images.gmx.net/images/gmx/portalstyle/common/bg-main.gif
Reusing existing connection to images.gmx.net:80.
HTTP request sent, awaiting response... 200 OK
Length: 78 [image/gif]
Saving to: `code/../crawls/gmx.net/Privacy-Policy/raw/images.gmx.net/images/gmx/portalstyle/common/bg-main.gif'

     0K                                                       100% 12.2M=0s

2013-01-26 05:08:46 (12.2 MB/s) - `code/../crawls/gmx.net/Privacy-Policy/raw/images.gmx.net/images/gmx/portalstyle/common/bg-main.gif' saved [78/78]

--2013-01-26 05:08:46--  http://images.gmx.net/images/gmx/net/common/navigation/top/bg-small.gif
Reusing existing connection to images.gmx.net:80.
HTTP request sent, awaiting response... 200 OK
Length: 6224 (6.1K) [image/gif]
Saving to: `code/../crawls/gmx.net/Privacy-Policy/raw/images.gmx.net/images/gmx/net/common/navigation/top/bg-small.gif'

     0K ......                                                100% 29.7M=0s

2013-01-26 05:08:46 (29.7 MB/s) - `code/../crawls/gmx.net/Privacy-Policy/raw/images.gmx.net/images/gmx/net/common/navigation/top/bg-small.gif' saved [6224/6224]

--2013-01-26 05:08:46--  http://images.gmx.net/images/gmx/net/common/navigation/top/logo.gif
Reusing existing connection to images.gmx.net:80.
HTTP request sent, awaiting response... 200 OK
Length: 2052 (2.0K) [image/gif]
Saving to: `code/../crawls/gmx.net/Privacy-Policy/raw/images.gmx.net/images/gmx/net/common/navigation/top/logo.gif'

     0K ..                                                    100%  286M=0s

2013-01-26 05:08:46 (286 MB/s) - `code/../crawls/gmx.net/Privacy-Policy/raw/images.gmx.net/images/gmx/net/common/navigation/top/logo.gif' saved [2052/2052]

--2013-01-26 05:08:46--  http://images.gmx.net/images/gmx/net/common/navigation/top/bg-set-tab.gif
Reusing existing connection to images.gmx.net:80.
HTTP request sent, awaiting response... 200 OK
Length: 3061 (3.0K) [image/gif]
Saving to: `code/../crawls/gmx.net/Privacy-Policy/raw/images.gmx.net/images/gmx/net/common/navigation/top/bg-set-tab.gif'

     0K ..                                                    100% 52.6M=0s

2013-01-26 05:08:46 (52.6 MB/s) - `code/../crawls/gmx.net/Privacy-Policy/raw/images.gmx.net/images/gmx/net/common/navigation/top/bg-set-tab.gif' saved [3061/3061]

--2013-01-26 05:08:46--  http://images.gmx.net/images/gmx/net/common/navigation/top/bg-set-login.gif
Reusing existing connection to images.gmx.net:80.
HTTP request sent, awaiting response... 200 OK
Length: 1449 (1.4K) [image/gif]
Saving to: `code/../crawls/gmx.net/Privacy-Policy/raw/images.gmx.net/images/gmx/net/common/navigation/top/bg-set-login.gif'

     0K .                                                     100%  201M=0s

2013-01-26 05:08:46 (201 MB/s) - `code/../crawls/gmx.net/Privacy-Policy/raw/images.gmx.net/images/gmx/net/common/navigation/top/bg-set-login.gif' saved [1449/1449]

--2013-01-26 05:08:46--  http://images.gmx.net/images/gmx/net/common/navigation/top/ico-login-arrow.gif
Reusing existing connection to images.gmx.net:80.
HTTP request sent, awaiting response... 200 OK
Length: 275 [image/gif]
Saving to: `code/../crawls/gmx.net/Privacy-Policy/raw/images.gmx.net/images/gmx/net/common/navigation/top/ico-login-arrow.gif'

     0K                                                       100% 47.7M=0s

2013-01-26 05:08:46 (47.7 MB/s) - `code/../crawls/gmx.net/Privacy-Policy/raw/images.gmx.net/images/gmx/net/common/navigation/top/ico-login-arrow.gif' saved [275/275]

--2013-01-26 05:08:46--  http://images.gmx.net/images/gmx/portalstyle/common/nav/sub/arrow-fwd.gif
Reusing existing connection to images.gmx.net:80.
HTTP request sent, awaiting response... 200 OK
Length: 49 [image/gif]
Saving to: `code/../crawls/gmx.net/Privacy-Policy/raw/images.gmx.net/images/gmx/portalstyle/common/nav/sub/arrow-fwd.gif'

     0K                                                       100% 8.57M=0s

2013-01-26 05:08:46 (8.57 MB/s) - `code/../crawls/gmx.net/Privacy-Policy/raw/images.gmx.net/images/gmx/portalstyle/common/nav/sub/arrow-fwd.gif' saved [49/49]

--2013-01-26 05:08:46--  http://images.gmx.net/images/gmx/portalstyle/common/nav/sub/arrow-down.gif
Reusing existing connection to images.gmx.net:80.
HTTP request sent, awaiting response... 200 OK
Length: 48 [image/gif]
Saving to: `code/../crawls/gmx.net/Privacy-Policy/raw/images.gmx.net/images/gmx/portalstyle/common/nav/sub/arrow-down.gif'

     0K                                                       100% 8.08M=0s

2013-01-26 05:08:47 (8.08 MB/s) - `code/../crawls/gmx.net/Privacy-Policy/raw/images.gmx.net/images/gmx/portalstyle/common/nav/sub/arrow-down.gif' saved [48/48]

--2013-01-26 05:08:47--  http://images.gmx.net/images/gmx/portalstyle/common/nav/sub/point.gif
Reusing existing connection to images.gmx.net:80.
HTTP request sent, awaiting response... 200 OK
Length: 43 [image/gif]
Saving to: `code/../crawls/gmx.net/Privacy-Policy/raw/images.gmx.net/images/gmx/portalstyle/common/nav/sub/point.gif'

     0K                                                       100% 7.66M=0s

2013-01-26 05:08:47 (7.66 MB/s) - `code/../crawls/gmx.net/Privacy-Policy/raw/images.gmx.net/images/gmx/portalstyle/common/nav/sub/point.gif' saved [43/43]

--2013-01-26 05:08:47--  http://images.gmx.net/images/gmx/portalstyle/common/nav/sub/bg-head-topic.gif
Reusing existing connection to images.gmx.net:80.
HTTP request sent, awaiting response... 200 OK
Length: 790 [image/gif]
Saving to: `code/../crawls/gmx.net/Privacy-Policy/raw/images.gmx.net/images/gmx/portalstyle/common/nav/sub/bg-head-topic.gif'

     0K                                                       100%  130M=0s

2013-01-26 05:08:47 (130 MB/s) - `code/../crawls/gmx.net/Privacy-Policy/raw/images.gmx.net/images/gmx/portalstyle/common/nav/sub/bg-head-topic.gif' saved [790/790]

--2013-01-26 05:08:47--  http://images.gmx.net/images/gmx/portalstyle/common/nav/sub/bg-head-extra.gif
Reusing existing connection to images.gmx.net:80.
HTTP request sent, awaiting response... 200 OK
Length: 754 [image/gif]
Saving to: `code/../crawls/gmx.net/Privacy-Policy/raw/images.gmx.net/images/gmx/portalstyle/common/nav/sub/bg-head-extra.gif'

     0K                                                       100%  128M=0s

2013-01-26 05:08:47 (128 MB/s) - `code/../crawls/gmx.net/Privacy-Policy/raw/images.gmx.net/images/gmx/portalstyle/common/nav/sub/bg-head-extra.gif' saved [754/754]

--2013-01-26 05:08:47--  http://images.gmx.net/images/gmx/portalstyle/common/nav/sub/bg-channels.gif
Reusing existing connection to images.gmx.net:80.
HTTP request sent, awaiting response... 200 OK
Length: 67 [image/gif]
Saving to: `code/../crawls/gmx.net/Privacy-Policy/raw/images.gmx.net/images/gmx/portalstyle/common/nav/sub/bg-channels.gif'

     0K                                                       100% 12.3M=0s

2013-01-26 05:08:47 (12.3 MB/s) - `code/../crawls/gmx.net/Privacy-Policy/raw/images.gmx.net/images/gmx/portalstyle/common/nav/sub/bg-channels.gif' saved [67/67]

--2013-01-26 05:08:47--  http://images.gmx.net/images/gmx/portalstyle/common/nav/sub/bg-end.gif
Reusing existing connection to images.gmx.net:80.
HTTP request sent, awaiting response... 200 OK
Length: 234 [image/gif]
Saving to: `code/../crawls/gmx.net/Privacy-Policy/raw/images.gmx.net/images/gmx/portalstyle/common/nav/sub/bg-end.gif'

     0K                                                       100% 43.1M=0s

2013-01-26 05:08:48 (43.1 MB/s) - `code/../crawls/gmx.net/Privacy-Policy/raw/images.gmx.net/images/gmx/portalstyle/common/nav/sub/bg-end.gif' saved [234/234]

--2013-01-26 05:08:48--  http://images.gmx.net/images/gmx/portalstyle/bg/header/bg-main-start.gif
Reusing existing connection to images.gmx.net:80.
HTTP request sent, awaiting response... 200 OK
Length: 182 [image/gif]
Saving to: `code/../crawls/gmx.net/Privacy-Policy/raw/images.gmx.net/images/gmx/portalstyle/bg/header/bg-main-start.gif'

     0K                                                       100% 30.3M=0s

2013-01-26 05:08:48 (30.3 MB/s) - `code/../crawls/gmx.net/Privacy-Policy/raw/images.gmx.net/images/gmx/portalstyle/bg/header/bg-main-start.gif' saved [182/182]

--2013-01-26 05:08:48--  http://images.gmx.net/images/gmx/portalstyle/bg/header/bg-adv-header.gif
Reusing existing connection to images.gmx.net:80.
HTTP request sent, awaiting response... 200 OK
Length: 3274 (3.2K) [image/gif]
Saving to: `code/../crawls/gmx.net/Privacy-Policy/raw/images.gmx.net/images/gmx/portalstyle/bg/header/bg-adv-header.gif'

     0K ...                                                   100% 45.9M=0s

2013-01-26 05:08:48 (45.9 MB/s) - `code/../crawls/gmx.net/Privacy-Policy/raw/images.gmx.net/images/gmx/portalstyle/bg/header/bg-adv-header.gif' saved [3274/3274]

--2013-01-26 05:08:48--  http://images.gmx.net/images/gmx/portalstyle/bg/footer/footer.gif
Reusing existing connection to images.gmx.net:80.
HTTP request sent, awaiting response... 200 OK
Length: 778 [image/gif]
Saving to: `code/../crawls/gmx.net/Privacy-Policy/raw/images.gmx.net/images/gmx/portalstyle/bg/footer/footer.gif'

     0K                                                       100%  131M=0s

2013-01-26 05:08:48 (131 MB/s) - `code/../crawls/gmx.net/Privacy-Policy/raw/images.gmx.net/images/gmx/portalstyle/bg/footer/footer.gif' saved [778/778]

--2013-01-26 05:08:48--  http://images.gmx.net/images/gmx/de/products/dsl/bg_dslinfo.jpg
Reusing existing connection to images.gmx.net:80.
HTTP request sent, awaiting response... 200 OK
Length: 572 [image/jpeg]
Saving to: `code/../crawls/gmx.net/Privacy-Policy/raw/images.gmx.net/images/gmx/de/products/dsl/bg_dslinfo.jpg'

     0K                                                       100% 92.3M=0s

2013-01-26 05:08:48 (92.3 MB/s) - `code/../crawls/gmx.net/Privacy-Policy/raw/images.gmx.net/images/gmx/de/products/dsl/bg_dslinfo.jpg' saved [572/572]

--2013-01-26 05:08:48--  http://images.gmx.net/images/gmx/common/bg-block.gif
Reusing existing connection to images.gmx.net:80.
HTTP request sent, awaiting response... 200 OK
Length: 1145 (1.1K) [image/gif]
Saving to: `code/../crawls/gmx.net/Privacy-Policy/raw/images.gmx.net/images/gmx/common/bg-block.gif'

     0K .                                                     100%  170M=0s

2013-01-26 05:08:49 (170 MB/s) - `code/../crawls/gmx.net/Privacy-Policy/raw/images.gmx.net/images/gmx/common/bg-block.gif' saved [1145/1145]

--2013-01-26 05:08:49--  http://images.gmx.net/images/gmx/common/bg-nav-aux-start.gif
Reusing existing connection to images.gmx.net:80.
HTTP request sent, awaiting response... 200 OK
Length: 1101 (1.1K) [image/gif]
Saving to: `code/../crawls/gmx.net/Privacy-Policy/raw/images.gmx.net/images/gmx/common/bg-nav-aux-start.gif'

     0K .                                                     100%  175M=0s

2013-01-26 05:08:49 (175 MB/s) - `code/../crawls/gmx.net/Privacy-Policy/raw/images.gmx.net/images/gmx/common/bg-nav-aux-start.gif' saved [1101/1101]

--2013-01-26 05:08:49--  http://images.gmx.net/images/gmx/common/bg-nav-aux-end.gif
Reusing existing connection to images.gmx.net:80.
HTTP request sent, awaiting response... 200 OK
Length: 442 [image/gif]
Saving to: `code/../crawls/gmx.net/Privacy-Policy/raw/images.gmx.net/images/gmx/common/bg-nav-aux-end.gif'

     0K                                                       100% 77.3M=0s

2013-01-26 05:08:49 (77.3 MB/s) - `code/../crawls/gmx.net/Privacy-Policy/raw/images.gmx.net/images/gmx/common/bg-nav-aux-end.gif' saved [442/442]

--2013-01-26 05:08:49--  http://images.gmx.net/images/gmx/order/bg-button.gif
Reusing existing connection to images.gmx.net:80.
HTTP request sent, awaiting response... 200 OK
Length: 98 [image/gif]
Saving to: `code/../crawls/gmx.net/Privacy-Policy/raw/images.gmx.net/images/gmx/order/bg-button.gif'

     0K                                                       100% 16.7M=0s

2013-01-26 05:08:49 (16.7 MB/s) - `code/../crawls/gmx.net/Privacy-Policy/raw/images.gmx.net/images/gmx/order/bg-button.gif' saved [98/98]

--2013-01-26 05:08:49--  http://images.gmx.net/images/gmx/de/products/mail/common/tab-left.gif
Reusing existing connection to images.gmx.net:80.
HTTP request sent, awaiting response... 200 OK
Length: 449 [image/gif]
Saving to: `code/../crawls/gmx.net/Privacy-Policy/raw/images.gmx.net/images/gmx/de/products/mail/common/tab-left.gif'

     0K                                                       100% 73.8M=0s

2013-01-26 05:08:49 (73.8 MB/s) - `code/../crawls/gmx.net/Privacy-Policy/raw/images.gmx.net/images/gmx/de/products/mail/common/tab-left.gif' saved [449/449]

--2013-01-26 05:08:49--  http://images.gmx.net/images/gmx/de/products/mail/common/tab-right.gif
Reusing existing connection to images.gmx.net:80.
HTTP request sent, awaiting response... 200 OK
Length: 2570 (2.5K) [image/gif]
Saving to: `code/../crawls/gmx.net/Privacy-Policy/raw/images.gmx.net/images/gmx/de/products/mail/common/tab-right.gif'

     0K ..                                                    100% 43.4M=0s

2013-01-26 05:08:50 (43.4 MB/s) - `code/../crawls/gmx.net/Privacy-Policy/raw/images.gmx.net/images/gmx/de/products/mail/common/tab-right.gif' saved [2570/2570]

--2013-01-26 05:08:50--  http://images.gmx.net/images/gmx/de/products/mail/common/top.gif
Reusing existing connection to images.gmx.net:80.
HTTP request sent, awaiting response... 200 OK
Length: 201 [image/gif]
Saving to: `code/../crawls/gmx.net/Privacy-Policy/raw/images.gmx.net/images/gmx/de/products/mail/common/top.gif'

     0K                                                       100% 36.7M=0s

2013-01-26 05:08:50 (36.7 MB/s) - `code/../crawls/gmx.net/Privacy-Policy/raw/images.gmx.net/images/gmx/de/products/mail/common/top.gif' saved [201/201]

--2013-01-26 05:08:50--  http://images.gmx.net/images/gmx/de/products/mail/common/bottom.gif
Reusing existing connection to images.gmx.net:80.
HTTP request sent, awaiting response... 200 OK
Length: 469 [image/gif]
Saving to: `code/../crawls/gmx.net/Privacy-Policy/raw/images.gmx.net/images/gmx/de/products/mail/common/bottom.gif'

     0K                                                       100% 77.9M=0s

2013-01-26 05:08:50 (77.9 MB/s) - `code/../crawls/gmx.net/Privacy-Policy/raw/images.gmx.net/images/gmx/de/products/mail/common/bottom.gif' saved [469/469]

--2013-01-26 05:08:50--  http://images.gmx.net/images/gmx/de/products/mail/compare/verticalGradient.jpg
Reusing existing connection to images.gmx.net:80.
HTTP request sent, awaiting response... 200 OK
Length: 400 [image/jpeg]
Saving to: `code/../crawls/gmx.net/Privacy-Policy/raw/images.gmx.net/images/gmx/de/products/mail/compare/verticalGradient.jpg'

     0K                                                       100% 65.6M=0s

2013-01-26 05:08:50 (65.6 MB/s) - `code/../crawls/gmx.net/Privacy-Policy/raw/images.gmx.net/images/gmx/de/products/mail/compare/verticalGradient.jpg' saved [400/400]

--2013-01-26 05:08:50--  http://images.gmx.net/images/gmx/de/products/mail/compare/icon_info.gif
Reusing existing connection to images.gmx.net:80.
HTTP request sent, awaiting response... 200 OK
Length: 315 [image/gif]
Saving to: `code/../crawls/gmx.net/Privacy-Policy/raw/images.gmx.net/images/gmx/de/products/mail/compare/icon_info.gif'

     0K                                                       100% 53.0M=0s

2013-01-26 05:08:51 (53.0 MB/s) - `code/../crawls/gmx.net/Privacy-Policy/raw/images.gmx.net/images/gmx/de/products/mail/compare/icon_info.gif' saved [315/315]

--2013-01-26 05:08:51--  http://images.gmx.net/images/gmx/de/products/common/bullet.gif
Reusing existing connection to images.gmx.net:80.
HTTP request sent, awaiting response... 200 OK
Length: 274 [image/gif]
Saving to: `code/../crawls/gmx.net/Privacy-Policy/raw/images.gmx.net/images/gmx/de/products/common/bullet.gif'

     0K                                                       100% 42.6M=0s

2013-01-26 05:08:51 (42.6 MB/s) - `code/../crawls/gmx.net/Privacy-Policy/raw/images.gmx.net/images/gmx/de/products/common/bullet.gif' saved [274/274]

--2013-01-26 05:08:51--  http://images.gmx.net/images/gmx/de/products/common/haekchen.gif
Reusing existing connection to images.gmx.net:80.
HTTP request sent, awaiting response... 200 OK
Length: 362 [image/gif]
Saving to: `code/../crawls/gmx.net/Privacy-Policy/raw/images.gmx.net/images/gmx/de/products/common/haekchen.gif'

     0K                                                       100% 65.3M=0s

2013-01-26 05:08:51 (65.3 MB/s) - `code/../crawls/gmx.net/Privacy-Policy/raw/images.gmx.net/images/gmx/de/products/common/haekchen.gif' saved [362/362]

--2013-01-26 05:08:51--  http://images.gmx.net/images/gmx/products/mail/common/table/background.gif
Reusing existing connection to images.gmx.net:80.
HTTP request sent, awaiting response... 200 OK
Length: 3413 (3.3K) [image/gif]
Saving to: `code/../crawls/gmx.net/Privacy-Policy/raw/images.gmx.net/images/gmx/products/mail/common/table/background.gif'

     0K ...                                                   100%  219M=0s

2013-01-26 05:08:51 (219 MB/s) - `code/../crawls/gmx.net/Privacy-Policy/raw/images.gmx.net/images/gmx/products/mail/common/table/background.gif' saved [3413/3413]

--2013-01-26 05:08:51--  http://images.gmx.net/images/gmx/tariff/new/common/box/top.jpg
Reusing existing connection to images.gmx.net:80.
HTTP request sent, awaiting response... 200 OK
Length: 4714 (4.6K) [image/jpeg]
Saving to: `code/../crawls/gmx.net/Privacy-Policy/raw/images.gmx.net/images/gmx/tariff/new/common/box/top.jpg'

     0K ....                                                  100%  302M=0s

2013-01-26 05:08:51 (302 MB/s) - `code/../crawls/gmx.net/Privacy-Policy/raw/images.gmx.net/images/gmx/tariff/new/common/box/top.jpg' saved [4714/4714]

--2013-01-26 05:08:51--  http://images.gmx.net/images/gmx/tariff/new/common/box/gradient.jpg
Reusing existing connection to images.gmx.net:80.
HTTP request sent, awaiting response... 200 OK
Length: 3520 (3.4K) [image/jpeg]
Saving to: `code/../crawls/gmx.net/Privacy-Policy/raw/images.gmx.net/images/gmx/tariff/new/common/box/gradient.jpg'

     0K ...                                                   100% 51.7M=0s

2013-01-26 05:08:51 (51.7 MB/s) - `code/../crawls/gmx.net/Privacy-Policy/raw/images.gmx.net/images/gmx/tariff/new/common/box/gradient.jpg' saved [3520/3520]

--2013-01-26 05:08:51--  http://images.gmx.net/images/gmx/tariff/new/common/box/gradient-short.jpg
Reusing existing connection to images.gmx.net:80.
HTTP request sent, awaiting response... 200 OK
Length: 3503 (3.4K) [image/jpeg]
Saving to: `code/../crawls/gmx.net/Privacy-Policy/raw/images.gmx.net/images/gmx/tariff/new/common/box/gradient-short.jpg'

     0K ...                                                   100% 58.9M=0s

2013-01-26 05:08:52 (58.9 MB/s) - `code/../crawls/gmx.net/Privacy-Policy/raw/images.gmx.net/images/gmx/tariff/new/common/box/gradient-short.jpg' saved [3503/3503]

--2013-01-26 05:08:52--  http://images.gmx.net/images/gmx/tariff/new/common/box/bottom.jpg
Reusing existing connection to images.gmx.net:80.
HTTP request sent, awaiting response... 200 OK
Length: 4386 (4.3K) [image/jpeg]
Saving to: `code/../crawls/gmx.net/Privacy-Policy/raw/images.gmx.net/images/gmx/tariff/new/common/box/bottom.jpg'

     0K ....                                                  100% 22.4M=0s

2013-01-26 05:08:52 (22.4 MB/s) - `code/../crawls/gmx.net/Privacy-Policy/raw/images.gmx.net/images/gmx/tariff/new/common/box/bottom.jpg' saved [4386/4386]

--2013-01-26 05:08:52--  http://images.gmx.net/images/gmx/tariff/new/common/box/bullet.gif
Reusing existing connection to images.gmx.net:80.
HTTP request sent, awaiting response... 200 OK
Length: 274 [image/gif]
Saving to: `code/../crawls/gmx.net/Privacy-Policy/raw/images.gmx.net/images/gmx/tariff/new/common/box/bullet.gif'

     0K                                                       100% 45.6M=0s

2013-01-26 05:08:52 (45.6 MB/s) - `code/../crawls/gmx.net/Privacy-Policy/raw/images.gmx.net/images/gmx/tariff/new/common/box/bullet.gif' saved [274/274]

FINISHED --2013-01-26 05:08:52--
Total wall clock time: 25s
Downloaded: 114 files, 295K in 1.0s (285 KB/s)
Converting code/../crawls/gmx.net/Privacy-Policy/raw/service.gmx.net/de/cgi/g.fcgi/products/mail/agb/privacy?sid=babhdch.1330505479.32150.gz9vg0ycar.73.feh.html... 19-0
Converting code/../crawls/gmx.net/Privacy-Policy/raw/service.gmx.net/de/cgi/g.fcgi/misc/jsstatus?sid=babhdfb.1359205707.3506.qeinhgaizm.76.xlo.html... nothing to do.
Converting code/../crawls/gmx.net/Privacy-Policy/raw/service.gmx.net/de/cgi/g.fcgi/style?area=product.css... 119-0
Converted 3 files in 0.004 seconds.
