--2012-08-02 13:25:15--  http://www.irs.gov/privacy/index.html?portlet=111
Resolving www.irs.gov... 216.156.211.8, 216.156.211.57, 2600:1406:2::1739:4479, ...
Connecting to www.irs.gov|216.156.211.8|:80... connected.
HTTP request sent, awaiting response... 200 OK
Length: 14529 (14K) [text/html]
Saving to: `code/../crawls/irs.gov/Privacy-Policy/raw/www.irs.gov/privacy/index.html?portlet=111.html'

     0K .......... ....                                       100% 4.75M=0.003s

2012-08-02 13:25:15 (4.75 MB/s) - `code/../crawls/irs.gov/Privacy-Policy/raw/www.irs.gov/privacy/index.html?portlet=111.html' saved [14529/14529]

--2012-08-02 13:25:15--  http://www.irs.gov/irs/cda/common/styleSheets/navigation-gecko-1024.css
Reusing existing connection to www.irs.gov:80.
HTTP request sent, awaiting response... 200 OK
Length: 3041 (3.0K) [text/css]
Saving to: `code/../crawls/irs.gov/Privacy-Policy/raw/www.irs.gov/irs/cda/common/styleSheets/navigation-gecko-1024.css'

     0K ..                                                    100%  345M=0s

2012-08-02 13:25:15 (345 MB/s) - `code/../crawls/irs.gov/Privacy-Policy/raw/www.irs.gov/irs/cda/common/styleSheets/navigation-gecko-1024.css' saved [3041/3041]

--2012-08-02 13:25:15--  http://www.irs.gov/irs/cda/common/styleSheets/styles-gecko-1024.css
Reusing existing connection to www.irs.gov:80.
HTTP request sent, awaiting response... 200 OK
Length: 10905 (11K) [text/css]
Saving to: `code/../crawls/irs.gov/Privacy-Policy/raw/www.irs.gov/irs/cda/common/styleSheets/styles-gecko-1024.css'

     0K ..........                                            100% 15.3M=0.001s

2012-08-02 13:25:15 (15.3 MB/s) - `code/../crawls/irs.gov/Privacy-Policy/raw/www.irs.gov/irs/cda/common/styleSheets/styles-gecko-1024.css' saved [10905/10905]

--2012-08-02 13:25:15--  http://www.irs.gov/js/irs_reporting_cookie.js
Reusing existing connection to www.irs.gov:80.
HTTP request sent, awaiting response... 200 OK
Length: 14820 (14K) [application/x-javascript]
Saving to: `code/../crawls/irs.gov/Privacy-Policy/raw/www.irs.gov/js/irs_reporting_cookie.js'

     0K .......... ....                                       100% 14.0M=0.001s

2012-08-02 13:25:15 (14.0 MB/s) - `code/../crawls/irs.gov/Privacy-Policy/raw/www.irs.gov/js/irs_reporting_cookie.js' saved [14820/14820]

--2012-08-02 13:25:15--  http://sdc.qai.irs.gov/njs.gif?dcsref=noScript
Resolving sdc.qai.irs.gov... 66.77.65.231
Connecting to sdc.qai.irs.gov|66.77.65.231|:80... failed: Connection timed out.
Retrying.

--2012-08-02 13:25:31--  (try: 2)  http://sdc.qai.irs.gov/njs.gif?dcsref=noScript
Connecting to sdc.qai.irs.gov|66.77.65.231|:80... failed: Connection timed out.
Retrying.

--2012-08-02 13:25:48--  (try: 3)  http://sdc.qai.irs.gov/njs.gif?dcsref=noScript
Connecting to sdc.qai.irs.gov|66.77.65.231|:80... failed: Connection timed out.
Giving up.

--2012-08-02 13:26:03--  http://www.irs.gov/irs/cda/common/images/irslogo.gif
Reusing existing connection to www.irs.gov:80.
HTTP request sent, awaiting response... 200 OK
Length: 3112 (3.0K) [image/gif]
Saving to: `code/../crawls/irs.gov/Privacy-Policy/raw/www.irs.gov/irs/cda/common/images/irslogo.gif'

     0K ...                                                   100%  203M=0s

2012-08-02 13:26:03 (203 MB/s) - `code/../crawls/irs.gov/Privacy-Policy/raw/www.irs.gov/irs/cda/common/images/irslogo.gif' saved [3112/3112]

--2012-08-02 13:26:03--  http://www.irs.gov/irs/cda/common/images/blank.gif
Reusing existing connection to www.irs.gov:80.
HTTP request sent, awaiting response... 200 OK
Length: 43 [image/gif]
Saving to: `code/../crawls/irs.gov/Privacy-Policy/raw/www.irs.gov/irs/cda/common/images/blank.gif'

     0K                                                       100% 8.23M=0s

2012-08-02 13:26:03 (8.23 MB/s) - `code/../crawls/irs.gov/Privacy-Policy/raw/www.irs.gov/irs/cda/common/images/blank.gif' saved [43/43]

--2012-08-02 13:26:03--  http://www.irs.gov/irs/cda/common/images/mag_glass.gif
Reusing existing connection to www.irs.gov:80.
HTTP request sent, awaiting response... 200 OK
Length: 283 [image/gif]
Saving to: `code/../crawls/irs.gov/Privacy-Policy/raw/www.irs.gov/irs/cda/common/images/mag_glass.gif'

     0K                                                       100% 53.0M=0s

2012-08-02 13:26:03 (53.0 MB/s) - `code/../crawls/irs.gov/Privacy-Policy/raw/www.irs.gov/irs/cda/common/images/mag_glass.gif' saved [283/283]

--2012-08-02 13:26:03--  http://www.irs.gov/irs/cda/common/images/search_button.gif
Reusing existing connection to www.irs.gov:80.
HTTP request sent, awaiting response... 200 OK
Length: 510 [image/gif]
Saving to: `code/../crawls/irs.gov/Privacy-Policy/raw/www.irs.gov/irs/cda/common/images/search_button.gif'

     0K                                                       100% 92.0M=0s

2012-08-02 13:26:03 (92.0 MB/s) - `code/../crawls/irs.gov/Privacy-Policy/raw/www.irs.gov/irs/cda/common/images/search_button.gif' saved [510/510]

--2012-08-02 13:26:03--  http://www.irs.gov/irs/cda/common/images/nav/individuals-1024_a.gif
Reusing existing connection to www.irs.gov:80.
HTTP request sent, awaiting response... 200 OK
Length: 896 [image/gif]
Saving to: `code/../crawls/irs.gov/Privacy-Policy/raw/www.irs.gov/irs/cda/common/images/nav/individuals-1024_a.gif'

     0K                                                       100%  155M=0s

2012-08-02 13:26:03 (155 MB/s) - `code/../crawls/irs.gov/Privacy-Policy/raw/www.irs.gov/irs/cda/common/images/nav/individuals-1024_a.gif' saved [896/896]

--2012-08-02 13:26:03--  http://www.irs.gov/irs/cda/common/images/nav/businesses-1024_a.gif
Reusing existing connection to www.irs.gov:80.
HTTP request sent, awaiting response... 200 OK
Length: 794 [image/gif]
Saving to: `code/../crawls/irs.gov/Privacy-Policy/raw/www.irs.gov/irs/cda/common/images/nav/businesses-1024_a.gif'

     0K                                                       100%  145M=0s

2012-08-02 13:26:03 (145 MB/s) - `code/../crawls/irs.gov/Privacy-Policy/raw/www.irs.gov/irs/cda/common/images/nav/businesses-1024_a.gif' saved [794/794]

--2012-08-02 13:26:03--  http://www.irs.gov/irs/cda/common/images/nav/charities-1024_a.gif
Reusing existing connection to www.irs.gov:80.
HTTP request sent, awaiting response... 200 OK
Length: 1226 (1.2K) [image/gif]
Saving to: `code/../crawls/irs.gov/Privacy-Policy/raw/www.irs.gov/irs/cda/common/images/nav/charities-1024_a.gif'

     0K .                                                     100%  193M=0s

2012-08-02 13:26:03 (193 MB/s) - `code/../crawls/irs.gov/Privacy-Policy/raw/www.irs.gov/irs/cda/common/images/nav/charities-1024_a.gif' saved [1226/1226]

--2012-08-02 13:26:03--  http://www.irs.gov/irs/cda/common/images/nav/govt-1024_a.gif
Reusing existing connection to www.irs.gov:80.
HTTP request sent, awaiting response... 200 OK
Length: 1114 (1.1K) [image/gif]
Saving to: `code/../crawls/irs.gov/Privacy-Policy/raw/www.irs.gov/irs/cda/common/images/nav/govt-1024_a.gif'

     0K .                                                     100%  194M=0s

2012-08-02 13:26:03 (194 MB/s) - `code/../crawls/irs.gov/Privacy-Policy/raw/www.irs.gov/irs/cda/common/images/nav/govt-1024_a.gif' saved [1114/1114]

--2012-08-02 13:26:03--  http://www.irs.gov/irs/cda/common/images/nav/taxpros-1024_a.gif
Reusing existing connection to www.irs.gov:80.
HTTP request sent, awaiting response... 200 OK
Length: 1011 [image/gif]
Saving to: `code/../crawls/irs.gov/Privacy-Policy/raw/www.irs.gov/irs/cda/common/images/nav/taxpros-1024_a.gif'

     0K                                                       100%  181M=0s

2012-08-02 13:26:03 (181 MB/s) - `code/../crawls/irs.gov/Privacy-Policy/raw/www.irs.gov/irs/cda/common/images/nav/taxpros-1024_a.gif' saved [1011/1011]

--2012-08-02 13:26:03--  http://www.irs.gov/irs/cda/common/images/nav/retirement-1024_a.gif
Reusing existing connection to www.irs.gov:80.
HTTP request sent, awaiting response... 200 OK
Length: 1407 (1.4K) [image/gif]
Saving to: `code/../crawls/irs.gov/Privacy-Policy/raw/www.irs.gov/irs/cda/common/images/nav/retirement-1024_a.gif'

     0K .                                                     100%  213M=0s

2012-08-02 13:26:03 (213 MB/s) - `code/../crawls/irs.gov/Privacy-Policy/raw/www.irs.gov/irs/cda/common/images/nav/retirement-1024_a.gif' saved [1407/1407]

--2012-08-02 13:26:03--  http://www.irs.gov/irs/cda/common/images/nav/taxexemptbond-1024_a.gif
Reusing existing connection to www.irs.gov:80.
HTTP request sent, awaiting response... 200 OK
Length: 1500 (1.5K) [image/gif]
Saving to: `code/../crawls/irs.gov/Privacy-Policy/raw/www.irs.gov/irs/cda/common/images/nav/taxexemptbond-1024_a.gif'

     0K .                                                     100%  213M=0s

2012-08-02 13:26:03 (213 MB/s) - `code/../crawls/irs.gov/Privacy-Policy/raw/www.irs.gov/irs/cda/common/images/nav/taxexemptbond-1024_a.gif' saved [1500/1500]

--2012-08-02 13:26:03--  http://www.irs.gov/irs/cda/common/images/spacer.gif
Reusing existing connection to www.irs.gov:80.
HTTP request sent, awaiting response... 200 OK
Length: 43 [image/gif]
Saving to: `code/../crawls/irs.gov/Privacy-Policy/raw/www.irs.gov/irs/cda/common/images/spacer.gif'

     0K                                                       100% 8.11M=0s

2012-08-02 13:26:03 (8.11 MB/s) - `code/../crawls/irs.gov/Privacy-Policy/raw/www.irs.gov/irs/cda/common/images/spacer.gif' saved [43/43]

--2012-08-02 13:26:03--  http://www.irs.gov/irs/cda/common/images/nav/individuals-1024_b.gif
Reusing existing connection to www.irs.gov:80.
HTTP request sent, awaiting response... 200 OK
Length: 584 [image/gif]
Saving to: `code/../crawls/irs.gov/Privacy-Policy/raw/www.irs.gov/irs/cda/common/images/nav/individuals-1024_b.gif'

     0K                                                       100%  106M=0s

2012-08-02 13:26:03 (106 MB/s) - `code/../crawls/irs.gov/Privacy-Policy/raw/www.irs.gov/irs/cda/common/images/nav/individuals-1024_b.gif' saved [584/584]

--2012-08-02 13:26:03--  http://www.irs.gov/irs/cda/common/images/nav/individuals-1024_d.gif
Reusing existing connection to www.irs.gov:80.
HTTP request sent, awaiting response... 200 OK
Length: 578 [image/gif]
Saving to: `code/../crawls/irs.gov/Privacy-Policy/raw/www.irs.gov/irs/cda/common/images/nav/individuals-1024_d.gif'

     0K                                                       100%  104M=0s

2012-08-02 13:26:03 (104 MB/s) - `code/../crawls/irs.gov/Privacy-Policy/raw/www.irs.gov/irs/cda/common/images/nav/individuals-1024_d.gif' saved [578/578]

--2012-08-02 13:26:03--  http://www.irs.gov/irs/cda/common/images/nav/businesses-1024_b.gif
Reusing existing connection to www.irs.gov:80.
HTTP request sent, awaiting response... 200 OK
Length: 614 [image/gif]
Saving to: `code/../crawls/irs.gov/Privacy-Policy/raw/www.irs.gov/irs/cda/common/images/nav/businesses-1024_b.gif'

     0K                                                       100%  112M=0s

2012-08-02 13:26:03 (112 MB/s) - `code/../crawls/irs.gov/Privacy-Policy/raw/www.irs.gov/irs/cda/common/images/nav/businesses-1024_b.gif' saved [614/614]

--2012-08-02 13:26:03--  http://www.irs.gov/irs/cda/common/images/nav/businesses-1024_d.gif
Reusing existing connection to www.irs.gov:80.
HTTP request sent, awaiting response... 200 OK
Length: 606 [image/gif]
Saving to: `code/../crawls/irs.gov/Privacy-Policy/raw/www.irs.gov/irs/cda/common/images/nav/businesses-1024_d.gif'

     0K                                                       100%  106M=0s

2012-08-02 13:26:03 (106 MB/s) - `code/../crawls/irs.gov/Privacy-Policy/raw/www.irs.gov/irs/cda/common/images/nav/businesses-1024_d.gif' saved [606/606]

--2012-08-02 13:26:03--  http://www.irs.gov/irs/cda/common/images/nav/charities-1024_b.gif
Reusing existing connection to www.irs.gov:80.
HTTP request sent, awaiting response... 200 OK
Length: 970 [image/gif]
Saving to: `code/../crawls/irs.gov/Privacy-Policy/raw/www.irs.gov/irs/cda/common/images/nav/charities-1024_b.gif'

     0K                                                       100%  175M=0s

2012-08-02 13:26:03 (175 MB/s) - `code/../crawls/irs.gov/Privacy-Policy/raw/www.irs.gov/irs/cda/common/images/nav/charities-1024_b.gif' saved [970/970]

--2012-08-02 13:26:03--  http://www.irs.gov/irs/cda/common/images/nav/charities-1024_d.gif
Reusing existing connection to www.irs.gov:80.
HTTP request sent, awaiting response... 200 OK
Length: 1690 (1.7K) [image/gif]
Saving to: `code/../crawls/irs.gov/Privacy-Policy/raw/www.irs.gov/irs/cda/common/images/nav/charities-1024_d.gif'

     0K .                                                     100% 21.5M=0s

2012-08-02 13:26:03 (21.5 MB/s) - `code/../crawls/irs.gov/Privacy-Policy/raw/www.irs.gov/irs/cda/common/images/nav/charities-1024_d.gif' saved [1690/1690]

--2012-08-02 13:26:03--  http://www.irs.gov/irs/cda/common/images/nav/govt-1024_b.gif
Reusing existing connection to www.irs.gov:80.
HTTP request sent, awaiting response... 200 OK
Length: 865 [image/gif]
Saving to: `code/../crawls/irs.gov/Privacy-Policy/raw/www.irs.gov/irs/cda/common/images/nav/govt-1024_b.gif'

     0K                                                       100%  151M=0s

2012-08-02 13:26:03 (151 MB/s) - `code/../crawls/irs.gov/Privacy-Policy/raw/www.irs.gov/irs/cda/common/images/nav/govt-1024_b.gif' saved [865/865]

--2012-08-02 13:26:03--  http://www.irs.gov/irs/cda/common/images/nav/govt-1024_d.gif
Reusing existing connection to www.irs.gov:80.
HTTP request sent, awaiting response... 200 OK
Length: 1588 (1.6K) [image/gif]
Saving to: `code/../crawls/irs.gov/Privacy-Policy/raw/www.irs.gov/irs/cda/common/images/nav/govt-1024_d.gif'

     0K .                                                     100%  223M=0s

2012-08-02 13:26:03 (223 MB/s) - `code/../crawls/irs.gov/Privacy-Policy/raw/www.irs.gov/irs/cda/common/images/nav/govt-1024_d.gif' saved [1588/1588]

--2012-08-02 13:26:03--  http://www.irs.gov/irs/cda/common/images/nav/taxpros-1024_b.gif
Reusing existing connection to www.irs.gov:80.
HTTP request sent, awaiting response... 200 OK
Length: 783 [image/gif]
Saving to: `code/../crawls/irs.gov/Privacy-Policy/raw/www.irs.gov/irs/cda/common/images/nav/taxpros-1024_b.gif'

     0K                                                       100%  136M=0s

2012-08-02 13:26:03 (136 MB/s) - `code/../crawls/irs.gov/Privacy-Policy/raw/www.irs.gov/irs/cda/common/images/nav/taxpros-1024_b.gif' saved [783/783]

--2012-08-02 13:26:03--  http://www.irs.gov/irs/cda/common/images/nav/taxpros-1024_d.gif
Reusing existing connection to www.irs.gov:80.
HTTP request sent, awaiting response... 200 OK
Length: 1505 (1.5K) [image/gif]
Saving to: `code/../crawls/irs.gov/Privacy-Policy/raw/www.irs.gov/irs/cda/common/images/nav/taxpros-1024_d.gif'

     0K .                                                     100%  230M=0s

2012-08-02 13:26:03 (230 MB/s) - `code/../crawls/irs.gov/Privacy-Policy/raw/www.irs.gov/irs/cda/common/images/nav/taxpros-1024_d.gif' saved [1505/1505]

--2012-08-02 13:26:03--  http://www.irs.gov/irs/cda/common/images/nav/retirement-1024_b.gif
Reusing existing connection to www.irs.gov:80.
HTTP request sent, awaiting response... 200 OK
Length: 1072 (1.0K) [image/gif]
Saving to: `code/../crawls/irs.gov/Privacy-Policy/raw/www.irs.gov/irs/cda/common/images/nav/retirement-1024_b.gif'

     0K .                                                     100%  191M=0s

2012-08-02 13:26:03 (191 MB/s) - `code/../crawls/irs.gov/Privacy-Policy/raw/www.irs.gov/irs/cda/common/images/nav/retirement-1024_b.gif' saved [1072/1072]

--2012-08-02 13:26:03--  http://www.irs.gov/irs/cda/common/images/nav/retirement-1024_d.gif
Reusing existing connection to www.irs.gov:80.
HTTP request sent, awaiting response... 200 OK
Length: 1802 (1.8K) [image/gif]
Saving to: `code/../crawls/irs.gov/Privacy-Policy/raw/www.irs.gov/irs/cda/common/images/nav/retirement-1024_d.gif'

     0K .                                                     100%  266M=0s

2012-08-02 13:26:03 (266 MB/s) - `code/../crawls/irs.gov/Privacy-Policy/raw/www.irs.gov/irs/cda/common/images/nav/retirement-1024_d.gif' saved [1802/1802]

--2012-08-02 13:26:03--  http://www.irs.gov/irs/cda/common/images/nav/taxexemptbond-1024_b.gif
Reusing existing connection to www.irs.gov:80.
HTTP request sent, awaiting response... 200 OK
Length: 1087 (1.1K) [image/gif]
Saving to: `code/../crawls/irs.gov/Privacy-Policy/raw/www.irs.gov/irs/cda/common/images/nav/taxexemptbond-1024_b.gif'

     0K .                                                     100%  187M=0s

2012-08-02 13:26:03 (187 MB/s) - `code/../crawls/irs.gov/Privacy-Policy/raw/www.irs.gov/irs/cda/common/images/nav/taxexemptbond-1024_b.gif' saved [1087/1087]

--2012-08-02 13:26:03--  http://www.irs.gov/irs/cda/common/images/nav/taxexemptbond-1024_d.gif
Reusing existing connection to www.irs.gov:80.
HTTP request sent, awaiting response... 200 OK
Length: 1797 (1.8K) [image/gif]
Saving to: `code/../crawls/irs.gov/Privacy-Policy/raw/www.irs.gov/irs/cda/common/images/nav/taxexemptbond-1024_d.gif'

     0K .                                                     100%  256M=0s

2012-08-02 13:26:03 (256 MB/s) - `code/../crawls/irs.gov/Privacy-Policy/raw/www.irs.gov/irs/cda/common/images/nav/taxexemptbond-1024_d.gif' saved [1797/1797]

FINISHED --2012-08-02 13:26:03--
Total wall clock time: 48s
Downloaded: 30 files, 69K in 0.005s (13.9 MB/s)
Converting code/../crawls/irs.gov/Privacy-Policy/raw/www.irs.gov/privacy/index.html?portlet=111.html... 19-45
Converting code/../crawls/irs.gov/Privacy-Policy/raw/www.irs.gov/irs/cda/common/styleSheets/navigation-gecko-1024.css... 14-0
Converting code/../crawls/irs.gov/Privacy-Policy/raw/www.irs.gov/irs/cda/common/styleSheets/styles-gecko-1024.css... nothing to do.
Converted 3 files in 0.002 seconds.
