--2013-04-20 05:05:47--  http://www.docstoc.com/Pages/Static.aspx?page_id=22
Resolving www.docstoc.com... 72.172.88.49
Connecting to www.docstoc.com|72.172.88.49|:80... connected.
HTTP request sent, awaiting response... 200 OK
Length: 134917 (132K) [text/html]
Saving to: `code/../crawls/docstoc.com/Privacy-Policy/raw/www.docstoc.com/Pages/Static.aspx?page_id=22.html'

     0K .......... .......... .......... .......... .......... 37% 1.40M 0s
    50K .......... .......... .......... .......... .......... 75% 3.95M 0s
   100K .......... .......... .......... .                    100% 9.52M=0.05s

2013-04-20 05:05:47 (2.55 MB/s) - `code/../crawls/docstoc.com/Privacy-Policy/raw/www.docstoc.com/Pages/Static.aspx?page_id=22.html' saved [134917/134917]

--2013-04-20 05:05:47--  http://css.docstoc.com/i/ico/favicon.ico
Resolving css.docstoc.com... 72.21.81.253
Connecting to css.docstoc.com|72.21.81.253|:80... connected.
HTTP request sent, awaiting response... 200 OK
Length: 1406 (1.4K) [image/x-icon]
Saving to: `code/../crawls/docstoc.com/Privacy-Policy/raw/css.docstoc.com/i/ico/favicon.ico'

     0K .                                                     100%  188M=0s

2013-04-20 05:05:47 (188 MB/s) - `code/../crawls/docstoc.com/Privacy-Policy/raw/css.docstoc.com/i/ico/favicon.ico' saved [1406/1406]

--2013-04-20 05:05:47--  http://css.docstoccdn.com/css/template-new-stretch2.css?build=05142
Resolving css.docstoccdn.com... 72.21.91.86
Connecting to css.docstoccdn.com|72.21.91.86|:80... connected.
HTTP request sent, awaiting response... 200 OK
Length: 131630 (129K) [text/css]
Saving to: `code/../crawls/docstoc.com/Privacy-Policy/raw/css.docstoccdn.com/css/template-new-stretch2.css?build=05142.css'

     0K .......... .......... .......... .......... .......... 38% 6.13M 0s
    50K .......... .......... .......... .......... .......... 77% 9.13M 0s
   100K .......... .......... ........                        100% 10.5M=0.02s

2013-04-20 05:05:47 (7.87 MB/s) - `code/../crawls/docstoc.com/Privacy-Policy/raw/css.docstoccdn.com/css/template-new-stretch2.css?build=05142.css' saved [131630/131630]

--2013-04-20 05:05:47--  http://css.docstoccdn.com/css/IeNotify.css?build=05142
Reusing existing connection to css.docstoccdn.com:80.
HTTP request sent, awaiting response... 200 OK
Length: 449 [text/css]
Saving to: `code/../crawls/docstoc.com/Privacy-Policy/raw/css.docstoccdn.com/css/IeNotify.css?build=05142.css'

     0K                                                       100% 75.2M=0s

2013-04-20 05:05:47 (75.2 MB/s) - `code/../crawls/docstoc.com/Privacy-Policy/raw/css.docstoccdn.com/css/IeNotify.css?build=05142.css' saved [449/449]

--2013-04-20 05:05:47--  http://js.docstoccdn.com/js/master_bundle.js?build=05142
Resolving js.docstoccdn.com... 72.21.91.86
Reusing existing connection to css.docstoccdn.com:80.
HTTP request sent, awaiting response... 200 OK
Length: 224045 (219K) [application/x-javascript]
Saving to: `code/../crawls/docstoc.com/Privacy-Policy/raw/js.docstoccdn.com/js/master_bundle.js?build=05142'

     0K .......... .......... .......... .......... .......... 22% 11.6M 0s
    50K .......... .......... .......... .......... .......... 45% 9.59M 0s
   100K .......... .......... .......... .......... .......... 68% 10.9M 0s
   150K .......... .......... .......... .......... .......... 91% 9.86M 0s
   200K .......... ........                                   100% 12.2M=0.02s

2013-04-20 05:05:47 (10.5 MB/s) - `code/../crawls/docstoc.com/Privacy-Policy/raw/js.docstoccdn.com/js/master_bundle.js?build=05142' saved [224045/224045]

--2013-04-20 05:05:47--  http://js.docstoccdn.com/js/IeNotify.js?build=05142
Reusing existing connection to css.docstoccdn.com:80.
HTTP request sent, awaiting response... 200 OK
Length: 1086 (1.1K) [application/x-javascript]
Saving to: `code/../crawls/docstoc.com/Privacy-Policy/raw/js.docstoccdn.com/js/IeNotify.js?build=05142'

     0K .                                                     100%  190M=0s

2013-04-20 05:05:47 (190 MB/s) - `code/../crawls/docstoc.com/Privacy-Policy/raw/js.docstoccdn.com/js/IeNotify.js?build=05142' saved [1086/1086]

--2013-04-20 05:05:47--  http://edge.quantserve.com/quant.js
Resolving edge.quantserve.com... 64.94.107.23, 64.94.107.27, 64.94.107.29, ...
Connecting to edge.quantserve.com|64.94.107.23|:80... connected.
HTTP request sent, awaiting response... 200 OK
Length: 5839 (5.7K) [application/x-javascript]
Saving to: `code/../crawls/docstoc.com/Privacy-Policy/raw/edge.quantserve.com/quant.js'

     0K .....                                                 100%  120K=0.05s

2013-04-20 05:05:47 (120 KB/s) - `code/../crawls/docstoc.com/Privacy-Policy/raw/edge.quantserve.com/quant.js' saved [5839/5839]

--2013-04-20 05:05:47--  http://pixel.quantserve.com/pixel/p-07Zpl6-aPXQAI.gif
Resolving pixel.quantserve.com... 64.94.107.41, 64.94.107.43, 64.94.107.57, ...
Connecting to pixel.quantserve.com|64.94.107.41|:80... connected.
HTTP request sent, awaiting response... 200 OK
Length: 35 [image/gif]
Saving to: `code/../crawls/docstoc.com/Privacy-Policy/raw/pixel.quantserve.com/pixel/p-07Zpl6-aPXQAI.gif'

     0K                                                       100% 5.96M=0s

2013-04-20 05:05:47 (5.96 MB/s) - `code/../crawls/docstoc.com/Privacy-Policy/raw/pixel.quantserve.com/pixel/p-07Zpl6-aPXQAI.gif' saved [35/35]

--2013-04-20 05:05:47--  http://css.docstoccdn.com/i/newnav/nnav_sprite2.png
Reusing existing connection to css.docstoccdn.com:80.
HTTP request sent, awaiting response... 200 OK
Length: 16716 (16K) [image/png]
Saving to: `code/../crawls/docstoc.com/Privacy-Policy/raw/css.docstoccdn.com/i/newnav/nnav_sprite2.png'

     0K .......... ......                                     100% 14.7M=0.001s

2013-04-20 05:05:47 (14.7 MB/s) - `code/../crawls/docstoc.com/Privacy-Policy/raw/css.docstoccdn.com/i/newnav/nnav_sprite2.png' saved [16716/16716]

--2013-04-20 05:05:47--  http://css.docstoccdn.com/i/newnav/nav_repeater.png
Reusing existing connection to css.docstoccdn.com:80.
HTTP request sent, awaiting response... 200 OK
Length: 188 [image/png]
Saving to: `code/../crawls/docstoc.com/Privacy-Policy/raw/css.docstoccdn.com/i/newnav/nav_repeater.png'

     0K                                                       100% 31.9M=0s

2013-04-20 05:05:47 (31.9 MB/s) - `code/../crawls/docstoc.com/Privacy-Policy/raw/css.docstoccdn.com/i/newnav/nav_repeater.png' saved [188/188]

--2013-04-20 05:05:47--  http://css.docstoccdn.com/i/newnav/nav_repeater_blue.png
Reusing existing connection to css.docstoccdn.com:80.
HTTP request sent, awaiting response... 200 OK
Length: 1038 (1.0K) [image/png]
Saving to: `code/../crawls/docstoc.com/Privacy-Policy/raw/css.docstoccdn.com/i/newnav/nav_repeater_blue.png'

     0K .                                                     100%  177M=0s

2013-04-20 05:05:47 (177 MB/s) - `code/../crawls/docstoc.com/Privacy-Policy/raw/css.docstoccdn.com/i/newnav/nav_repeater_blue.png' saved [1038/1038]

--2013-04-20 05:05:47--  http://css.docstoccdn.com/i/newnav/Premium-New-Nav-Button-WWW.png
Reusing existing connection to css.docstoccdn.com:80.
HTTP request sent, awaiting response... 200 OK
Length: 2927 (2.9K) [image/png]
Saving to: `code/../crawls/docstoc.com/Privacy-Policy/raw/css.docstoccdn.com/i/newnav/Premium-New-Nav-Button-WWW.png'

     0K ..                                                    100% 41.1M=0s

2013-04-20 05:05:47 (41.1 MB/s) - `code/../crawls/docstoc.com/Privacy-Policy/raw/css.docstoccdn.com/i/newnav/Premium-New-Nav-Button-WWW.png' saved [2927/2927]

--2013-04-20 05:05:47--  http://css.docstoccdn.com/i/newnav/search_button.png
Reusing existing connection to css.docstoccdn.com:80.
HTTP request sent, awaiting response... 200 OK
Length: 1997 (2.0K) [image/png]
Saving to: `code/../crawls/docstoc.com/Privacy-Policy/raw/css.docstoccdn.com/i/newnav/search_button.png'

     0K .                                                     100%  271M=0s

2013-04-20 05:05:47 (271 MB/s) - `code/../crawls/docstoc.com/Privacy-Policy/raw/css.docstoccdn.com/i/newnav/search_button.png' saved [1997/1997]

--2013-04-20 05:05:47--  http://css.docstoccdn.com/i/newnav/search_button_hover.png
Reusing existing connection to css.docstoccdn.com:80.
HTTP request sent, awaiting response... 200 OK
Length: 1641 (1.6K) [image/png]
Saving to: `code/../crawls/docstoc.com/Privacy-Policy/raw/css.docstoccdn.com/i/newnav/search_button_hover.png'

     0K .                                                     100%  238M=0s

2013-04-20 05:05:47 (238 MB/s) - `code/../crawls/docstoc.com/Privacy-Policy/raw/css.docstoccdn.com/i/newnav/search_button_hover.png' saved [1641/1641]

--2013-04-20 05:05:47--  http://css.docstoccdn.com/i/newhome/sp_new_home.png
Reusing existing connection to css.docstoccdn.com:80.
HTTP request sent, awaiting response... 200 OK
Length: 21600 (21K) [image/png]
Saving to: `code/../crawls/docstoc.com/Privacy-Policy/raw/css.docstoccdn.com/i/newhome/sp_new_home.png'

     0K .......... .......... .                               100% 12.7M=0.002s

2013-04-20 05:05:47 (12.7 MB/s) - `code/../crawls/docstoc.com/Privacy-Policy/raw/css.docstoccdn.com/i/newhome/sp_new_home.png' saved [21600/21600]

--2013-04-20 05:05:47--  http://css.docstoccdn.com/i/newhome/btn_upload_home_hover.png
Reusing existing connection to css.docstoccdn.com:80.
HTTP request sent, awaiting response... 200 OK
Length: 7338 (7.2K) [image/png]
Saving to: `code/../crawls/docstoc.com/Privacy-Policy/raw/css.docstoccdn.com/i/newhome/btn_upload_home_hover.png'

     0K .......                                               100% 18.8M=0s

2013-04-20 05:05:47 (18.8 MB/s) - `code/../crawls/docstoc.com/Privacy-Policy/raw/css.docstoccdn.com/i/newhome/btn_upload_home_hover.png' saved [7338/7338]

--2013-04-20 05:05:47--  http://css.docstoccdn.com/i/grid.png
Reusing existing connection to css.docstoccdn.com:80.
HTTP request sent, awaiting response... 200 OK
Length: 145 [image/png]
Saving to: `code/../crawls/docstoc.com/Privacy-Policy/raw/css.docstoccdn.com/i/grid.png'

     0K                                                       100% 27.6M=0s

2013-04-20 05:05:48 (27.6 MB/s) - `code/../crawls/docstoc.com/Privacy-Policy/raw/css.docstoccdn.com/i/grid.png' saved [145/145]

--2013-04-20 05:05:48--  http://css.docstoccdn.com/i/nav/nav-sprite10.png
Reusing existing connection to css.docstoccdn.com:80.
HTTP request sent, awaiting response... 200 OK
Length: 39212 (38K) [image/png]
Saving to: `code/../crawls/docstoc.com/Privacy-Policy/raw/css.docstoccdn.com/i/nav/nav-sprite10.png'

     0K .......... .......... .......... ........             100% 12.5M=0.003s

2013-04-20 05:05:48 (12.5 MB/s) - `code/../crawls/docstoc.com/Privacy-Policy/raw/css.docstoccdn.com/i/nav/nav-sprite10.png' saved [39212/39212]

--2013-04-20 05:05:48--  http://css.docstoccdn.com/i/search/sidebar-sprite.png
Reusing existing connection to css.docstoccdn.com:80.
HTTP request sent, awaiting response... 200 OK
Length: 8746 (8.5K) [image/png]
Saving to: `code/../crawls/docstoc.com/Privacy-Policy/raw/css.docstoccdn.com/i/search/sidebar-sprite.png'

     0K ........                                              100% 17.3M=0s

2013-04-20 05:05:48 (17.3 MB/s) - `code/../crawls/docstoc.com/Privacy-Policy/raw/css.docstoccdn.com/i/search/sidebar-sprite.png' saved [8746/8746]

--2013-04-20 05:05:48--  http://css.docstoccdn.com/i/dropdown/bullet-off.png
Reusing existing connection to css.docstoccdn.com:80.
HTTP request sent, awaiting response... 200 OK
Length: 150 [image/png]
Saving to: `code/../crawls/docstoc.com/Privacy-Policy/raw/css.docstoccdn.com/i/dropdown/bullet-off.png'

     0K                                                       100% 24.6M=0s

2013-04-20 05:05:48 (24.6 MB/s) - `code/../crawls/docstoc.com/Privacy-Policy/raw/css.docstoccdn.com/i/dropdown/bullet-off.png' saved [150/150]

--2013-04-20 05:05:48--  http://css.docstoccdn.com/i/dropdown/bullet-on.png
Reusing existing connection to css.docstoccdn.com:80.
HTTP request sent, awaiting response... 200 OK
Length: 143 [image/png]
Saving to: `code/../crawls/docstoc.com/Privacy-Policy/raw/css.docstoccdn.com/i/dropdown/bullet-on.png'

     0K                                                       100% 11.5M=0s

2013-04-20 05:05:48 (11.5 MB/s) - `code/../crawls/docstoc.com/Privacy-Policy/raw/css.docstoccdn.com/i/dropdown/bullet-on.png' saved [143/143]

--2013-04-20 05:05:48--  http://css.docstoccdn.com/i/nav/subnav-bg.png
Reusing existing connection to css.docstoccdn.com:80.
HTTP request sent, awaiting response... 200 OK
Length: 209 [image/png]
Saving to: `code/../crawls/docstoc.com/Privacy-Policy/raw/css.docstoccdn.com/i/nav/subnav-bg.png'

     0K                                                       100% 37.2M=0s

2013-04-20 05:05:48 (37.2 MB/s) - `code/../crawls/docstoc.com/Privacy-Policy/raw/css.docstoccdn.com/i/nav/subnav-bg.png' saved [209/209]

--2013-04-20 05:05:48--  http://css.docstoccdn.com/i/nav/subnav-l-cap.png
Reusing existing connection to css.docstoccdn.com:80.
HTTP request sent, awaiting response... 200 OK
Length: 236 [image/png]
Saving to: `code/../crawls/docstoc.com/Privacy-Policy/raw/css.docstoccdn.com/i/nav/subnav-l-cap.png'

     0K                                                       100% 36.1M=0s

2013-04-20 05:05:48 (36.1 MB/s) - `code/../crawls/docstoc.com/Privacy-Policy/raw/css.docstoccdn.com/i/nav/subnav-l-cap.png' saved [236/236]

--2013-04-20 05:05:48--  http://css.docstoccdn.com/i/nav/subnav-r-cap.png
Reusing existing connection to css.docstoccdn.com:80.
HTTP request sent, awaiting response... 200 OK
Length: 230 [image/png]
Saving to: `code/../crawls/docstoc.com/Privacy-Policy/raw/css.docstoccdn.com/i/nav/subnav-r-cap.png'

     0K                                                       100% 39.7M=0s

2013-04-20 05:05:48 (39.7 MB/s) - `code/../crawls/docstoc.com/Privacy-Policy/raw/css.docstoccdn.com/i/nav/subnav-r-cap.png' saved [230/230]

--2013-04-20 05:05:48--  http://css.docstoccdn.com/i/nav/subnav-sep.png
Reusing existing connection to css.docstoccdn.com:80.
HTTP request sent, awaiting response... 200 OK
Length: 107 [image/png]
Saving to: `code/../crawls/docstoc.com/Privacy-Policy/raw/css.docstoccdn.com/i/nav/subnav-sep.png'

     0K                                                       100% 19.1M=0s

2013-04-20 05:05:48 (19.1 MB/s) - `code/../crawls/docstoc.com/Privacy-Policy/raw/css.docstoccdn.com/i/nav/subnav-sep.png' saved [107/107]

--2013-04-20 05:05:48--  http://css.docstoccdn.com/i/footer/footer-sprite.png
Reusing existing connection to css.docstoccdn.com:80.
HTTP request sent, awaiting response... 200 OK
Length: 13451 (13K) [image/png]
Saving to: `code/../crawls/docstoc.com/Privacy-Policy/raw/css.docstoccdn.com/i/footer/footer-sprite.png'

     0K .......... ...                                        100% 14.8M=0.001s

2013-04-20 05:05:48 (14.8 MB/s) - `code/../crawls/docstoc.com/Privacy-Policy/raw/css.docstoccdn.com/i/footer/footer-sprite.png' saved [13451/13451]

--2013-04-20 05:05:48--  http://css.docstoccdn.com/i/ico/14/any.png
Reusing existing connection to css.docstoccdn.com:80.
HTTP request sent, awaiting response... 200 OK
Length: 531 [image/png]
Saving to: `code/../crawls/docstoc.com/Privacy-Policy/raw/css.docstoccdn.com/i/ico/14/any.png'

     0K                                                       100% 74.2M=0s

2013-04-20 05:05:48 (74.2 MB/s) - `code/../crawls/docstoc.com/Privacy-Policy/raw/css.docstoccdn.com/i/ico/14/any.png' saved [531/531]

--2013-04-20 05:05:48--  http://css.docstoccdn.com/i/ico/14/pdf.png
Reusing existing connection to css.docstoccdn.com:80.
HTTP request sent, awaiting response... 200 OK
Length: 594 [image/png]
Saving to: `code/../crawls/docstoc.com/Privacy-Policy/raw/css.docstoccdn.com/i/ico/14/pdf.png'

     0K                                                       100% 95.3M=0s

2013-04-20 05:05:48 (95.3 MB/s) - `code/../crawls/docstoc.com/Privacy-Policy/raw/css.docstoccdn.com/i/ico/14/pdf.png' saved [594/594]

--2013-04-20 05:05:48--  http://css.docstoccdn.com/i/ico/14/doc.png
Reusing existing connection to css.docstoccdn.com:80.
HTTP request sent, awaiting response... 200 OK
Length: 657 [image/png]
Saving to: `code/../crawls/docstoc.com/Privacy-Policy/raw/css.docstoccdn.com/i/ico/14/doc.png'

     0K                                                       100%  108M=0s

2013-04-20 05:05:48 (108 MB/s) - `code/../crawls/docstoc.com/Privacy-Policy/raw/css.docstoccdn.com/i/ico/14/doc.png' saved [657/657]

--2013-04-20 05:05:48--  http://css.docstoccdn.com/i/ico/14/xls.png
Reusing existing connection to css.docstoccdn.com:80.
HTTP request sent, awaiting response... 200 OK
Length: 645 [image/png]
Saving to: `code/../crawls/docstoc.com/Privacy-Policy/raw/css.docstoccdn.com/i/ico/14/xls.png'

     0K                                                       100%  112M=0s

2013-04-20 05:05:48 (112 MB/s) - `code/../crawls/docstoc.com/Privacy-Policy/raw/css.docstoccdn.com/i/ico/14/xls.png' saved [645/645]

--2013-04-20 05:05:48--  http://css.docstoccdn.com/i/ico/14/ppt.png
Reusing existing connection to css.docstoccdn.com:80.
HTTP request sent, awaiting response... 200 OK
Length: 618 [image/png]
Saving to: `code/../crawls/docstoc.com/Privacy-Policy/raw/css.docstoccdn.com/i/ico/14/ppt.png'

     0K                                                       100% 99.5M=0s

2013-04-20 05:05:48 (99.5 MB/s) - `code/../crawls/docstoc.com/Privacy-Policy/raw/css.docstoccdn.com/i/ico/14/ppt.png' saved [618/618]

--2013-04-20 05:05:48--  http://css.docstoccdn.com/i/ico/14/rtf.png
Reusing existing connection to css.docstoccdn.com:80.
HTTP request sent, awaiting response... 200 OK
Length: 633 [image/png]
Saving to: `code/../crawls/docstoc.com/Privacy-Policy/raw/css.docstoccdn.com/i/ico/14/rtf.png'

     0K                                                       100%  102M=0s

2013-04-20 05:05:48 (102 MB/s) - `code/../crawls/docstoc.com/Privacy-Policy/raw/css.docstoccdn.com/i/ico/14/rtf.png' saved [633/633]

--2013-04-20 05:05:48--  http://css.docstoccdn.com/i/dsSelect/select_bg.gif
Reusing existing connection to css.docstoccdn.com:80.
HTTP request sent, awaiting response... 200 OK
Length: 2679 (2.6K) [image/gif]
Saving to: `code/../crawls/docstoc.com/Privacy-Policy/raw/css.docstoccdn.com/i/dsSelect/select_bg.gif'

     0K ..                                                    100%  296M=0s

2013-04-20 05:05:48 (296 MB/s) - `code/../crawls/docstoc.com/Privacy-Policy/raw/css.docstoccdn.com/i/dsSelect/select_bg.gif' saved [2679/2679]

--2013-04-20 05:05:48--  http://css.docstoccdn.com/i/dsSelect/dropdown_bg.gif
Reusing existing connection to css.docstoccdn.com:80.
HTTP request sent, awaiting response... 200 OK
Length: 197 [image/gif]
Saving to: `code/../crawls/docstoc.com/Privacy-Policy/raw/css.docstoccdn.com/i/dsSelect/dropdown_bg.gif'

     0K                                                       100% 35.6M=0s

2013-04-20 05:05:48 (35.6 MB/s) - `code/../crawls/docstoc.com/Privacy-Policy/raw/css.docstoccdn.com/i/dsSelect/dropdown_bg.gif' saved [197/197]

--2013-04-20 05:05:48--  http://css.docstoccdn.com/i/dropdown/dd-corners.png
Reusing existing connection to css.docstoccdn.com:80.
HTTP request sent, awaiting response... 200 OK
Length: 1403 (1.4K) [image/png]
Saving to: `code/../crawls/docstoc.com/Privacy-Policy/raw/css.docstoccdn.com/i/dropdown/dd-corners.png'

     0K .                                                     100%  200M=0s

2013-04-20 05:05:48 (200 MB/s) - `code/../crawls/docstoc.com/Privacy-Policy/raw/css.docstoccdn.com/i/dropdown/dd-corners.png' saved [1403/1403]

--2013-04-20 05:05:48--  http://css.docstoccdn.com/i/dropdown/dd-repeatx.png
Reusing existing connection to css.docstoccdn.com:80.
HTTP request sent, awaiting response... 200 OK
Length: 159 [image/png]
Saving to: `code/../crawls/docstoc.com/Privacy-Policy/raw/css.docstoccdn.com/i/dropdown/dd-repeatx.png'

     0K                                                       100% 27.5M=0s

2013-04-20 05:05:48 (27.5 MB/s) - `code/../crawls/docstoc.com/Privacy-Policy/raw/css.docstoccdn.com/i/dropdown/dd-repeatx.png' saved [159/159]

--2013-04-20 05:05:48--  http://css.docstoccdn.com/i/dropdown/dd-repeaty.png
Reusing existing connection to css.docstoccdn.com:80.
HTTP request sent, awaiting response... 200 OK
Length: 131 [image/png]
Saving to: `code/../crawls/docstoc.com/Privacy-Policy/raw/css.docstoccdn.com/i/dropdown/dd-repeaty.png'

     0K                                                       100% 22.9M=0s

2013-04-20 05:05:48 (22.9 MB/s) - `code/../crawls/docstoc.com/Privacy-Policy/raw/css.docstoccdn.com/i/dropdown/dd-repeaty.png' saved [131/131]

--2013-04-20 05:05:48--  http://css.docstoccdn.com/i/search/documentlist-sprite.png
Reusing existing connection to css.docstoccdn.com:80.
HTTP request sent, awaiting response... 200 OK
Length: 8020 (7.8K) [image/png]
Saving to: `code/../crawls/docstoc.com/Privacy-Policy/raw/css.docstoccdn.com/i/search/documentlist-sprite.png'

     0K .......                                               100% 17.5M=0s

2013-04-20 05:05:48 (17.5 MB/s) - `code/../crawls/docstoc.com/Privacy-Policy/raw/css.docstoccdn.com/i/search/documentlist-sprite.png' saved [8020/8020]

--2013-04-20 05:05:48--  http://css.docstoccdn.com/i/search/documentlist7-sprite.png
Reusing existing connection to css.docstoccdn.com:80.
HTTP request sent, awaiting response... 200 OK
Length: 21167 (21K) [image/png]
Saving to: `code/../crawls/docstoc.com/Privacy-Policy/raw/css.docstoccdn.com/i/search/documentlist7-sprite.png'

     0K .......... ..........                                 100% 13.1M=0.002s

2013-04-20 05:05:48 (13.1 MB/s) - `code/../crawls/docstoc.com/Privacy-Policy/raw/css.docstoccdn.com/i/search/documentlist7-sprite.png' saved [21167/21167]

--2013-04-20 05:05:48--  http://css.docstoccdn.com/i/nav/navicon-sprite.png
Reusing existing connection to css.docstoccdn.com:80.
HTTP request sent, awaiting response... 200 OK
Length: 422 [image/png]
Saving to: `code/../crawls/docstoc.com/Privacy-Policy/raw/css.docstoccdn.com/i/nav/navicon-sprite.png'

     0K                                                       100% 56.0M=0s

2013-04-20 05:05:48 (56.0 MB/s) - `code/../crawls/docstoc.com/Privacy-Policy/raw/css.docstoccdn.com/i/nav/navicon-sprite.png' saved [422/422]

--2013-04-20 05:05:48--  http://css.docstoccdn.com/i/dropdown/blue/arrow.gif
Reusing existing connection to css.docstoccdn.com:80.
HTTP request sent, awaiting response... 200 OK
Length: 53 [image/gif]
Saving to: `code/../crawls/docstoc.com/Privacy-Policy/raw/css.docstoccdn.com/i/dropdown/blue/arrow.gif'

     0K                                                       100% 8.19M=0s

2013-04-20 05:05:48 (8.19 MB/s) - `code/../crawls/docstoc.com/Privacy-Policy/raw/css.docstoccdn.com/i/dropdown/blue/arrow.gif' saved [53/53]

--2013-04-20 05:05:48--  http://css.docstoccdn.com/i/ico/icon-sprite2.png
Reusing existing connection to css.docstoccdn.com:80.
HTTP request sent, awaiting response... 200 OK
Length: 1282 (1.3K) [image/png]
Saving to: `code/../crawls/docstoc.com/Privacy-Policy/raw/css.docstoccdn.com/i/ico/icon-sprite2.png'

     0K .                                                     100%  185M=0s

2013-04-20 05:05:48 (185 MB/s) - `code/../crawls/docstoc.com/Privacy-Policy/raw/css.docstoccdn.com/i/ico/icon-sprite2.png' saved [1282/1282]

--2013-04-20 05:05:48--  http://css.docstoccdn.com/i/ico/16/all.gif
Reusing existing connection to css.docstoccdn.com:80.
HTTP request sent, awaiting response... 200 OK
Length: 362 [image/gif]
Saving to: `code/../crawls/docstoc.com/Privacy-Policy/raw/css.docstoccdn.com/i/ico/16/all.gif'

     0K                                                       100% 58.6M=0s

2013-04-20 05:05:48 (58.6 MB/s) - `code/../crawls/docstoc.com/Privacy-Policy/raw/css.docstoccdn.com/i/ico/16/all.gif' saved [362/362]

--2013-04-20 05:05:48--  http://css.docstoccdn.com/i/ico/16/pdf.gif
Reusing existing connection to css.docstoccdn.com:80.
HTTP request sent, awaiting response... 200 OK
Length: 596 [image/gif]
Saving to: `code/../crawls/docstoc.com/Privacy-Policy/raw/css.docstoccdn.com/i/ico/16/pdf.gif'

     0K                                                       100% 95.0M=0s

2013-04-20 05:05:48 (95.0 MB/s) - `code/../crawls/docstoc.com/Privacy-Policy/raw/css.docstoccdn.com/i/ico/16/pdf.gif' saved [596/596]

--2013-04-20 05:05:48--  http://css.docstoccdn.com/i/ico/16/doc.gif
Reusing existing connection to css.docstoccdn.com:80.
HTTP request sent, awaiting response... 200 OK
Length: 610 [image/gif]
Saving to: `code/../crawls/docstoc.com/Privacy-Policy/raw/css.docstoccdn.com/i/ico/16/doc.gif'

     0K                                                       100%  110M=0s

2013-04-20 05:05:48 (110 MB/s) - `code/../crawls/docstoc.com/Privacy-Policy/raw/css.docstoccdn.com/i/ico/16/doc.gif' saved [610/610]

--2013-04-20 05:05:48--  http://css.docstoccdn.com/i/ico/16/ppt.gif
Reusing existing connection to css.docstoccdn.com:80.
HTTP request sent, awaiting response... 200 OK
Length: 597 [image/gif]
Saving to: `code/../crawls/docstoc.com/Privacy-Policy/raw/css.docstoccdn.com/i/ico/16/ppt.gif'

     0K                                                       100% 96.5M=0s

2013-04-20 05:05:48 (96.5 MB/s) - `code/../crawls/docstoc.com/Privacy-Policy/raw/css.docstoccdn.com/i/ico/16/ppt.gif' saved [597/597]

--2013-04-20 05:05:48--  http://css.docstoccdn.com/i/ico/16/xls.gif
Reusing existing connection to css.docstoccdn.com:80.
HTTP request sent, awaiting response... 200 OK
Length: 607 [image/gif]
Saving to: `code/../crawls/docstoc.com/Privacy-Policy/raw/css.docstoccdn.com/i/ico/16/xls.gif'

     0K                                                       100%  106M=0s

2013-04-20 05:05:48 (106 MB/s) - `code/../crawls/docstoc.com/Privacy-Policy/raw/css.docstoccdn.com/i/ico/16/xls.gif' saved [607/607]

--2013-04-20 05:05:48--  http://css.docstoccdn.com/i/ico/16/rtf.gif
Reusing existing connection to css.docstoccdn.com:80.
HTTP request sent, awaiting response... 200 OK
Length: 610 [image/gif]
Saving to: `code/../crawls/docstoc.com/Privacy-Policy/raw/css.docstoccdn.com/i/ico/16/rtf.gif'

     0K                                                       100%  107M=0s

2013-04-20 05:05:48 (107 MB/s) - `code/../crawls/docstoc.com/Privacy-Policy/raw/css.docstoccdn.com/i/ico/16/rtf.gif' saved [610/610]

--2013-04-20 05:05:48--  http://css.docstoccdn.com/i/ico/16/txt.gif
Reusing existing connection to css.docstoccdn.com:80.
HTTP request sent, awaiting response... 200 OK
Length: 618 [image/gif]
Saving to: `code/../crawls/docstoc.com/Privacy-Policy/raw/css.docstoccdn.com/i/ico/16/txt.gif'

     0K                                                       100%  109M=0s

2013-04-20 05:05:48 (109 MB/s) - `code/../crawls/docstoc.com/Privacy-Policy/raw/css.docstoccdn.com/i/ico/16/txt.gif' saved [618/618]

--2013-04-20 05:05:48--  http://css.docstoccdn.com/i/ico/icon-sprite3.png
Reusing existing connection to css.docstoccdn.com:80.
HTTP request sent, awaiting response... 200 OK
Length: 3644 (3.6K) [image/png]
Saving to: `code/../crawls/docstoc.com/Privacy-Policy/raw/css.docstoccdn.com/i/ico/icon-sprite3.png'

     0K ...                                                   100% 56.9M=0s

2013-04-20 05:05:48 (56.9 MB/s) - `code/../crawls/docstoc.com/Privacy-Policy/raw/css.docstoccdn.com/i/ico/icon-sprite3.png' saved [3644/3644]

--2013-04-20 05:05:48--  http://css.docstoccdn.com/i/search/btn-x-on.png
Reusing existing connection to css.docstoccdn.com:80.
HTTP request sent, awaiting response... 200 OK
Length: 764 [image/png]
Saving to: `code/../crawls/docstoc.com/Privacy-Policy/raw/css.docstoccdn.com/i/search/btn-x-on.png'

     0K                                                       100%  123M=0s

2013-04-20 05:05:48 (123 MB/s) - `code/../crawls/docstoc.com/Privacy-Policy/raw/css.docstoccdn.com/i/search/btn-x-on.png' saved [764/764]

--2013-04-20 05:05:48--  http://css.docstoccdn.com/i/search/ico-fav.png
Reusing existing connection to css.docstoccdn.com:80.
HTTP request sent, awaiting response... 200 OK
Length: 687 [image/png]
Saving to: `code/../crawls/docstoc.com/Privacy-Policy/raw/css.docstoccdn.com/i/search/ico-fav.png'

     0K                                                       100%  116M=0s

2013-04-20 05:05:48 (116 MB/s) - `code/../crawls/docstoc.com/Privacy-Policy/raw/css.docstoccdn.com/i/search/ico-fav.png' saved [687/687]

--2013-04-20 05:05:48--  http://css.docstoccdn.com/i/social/email_icon.png
Reusing existing connection to css.docstoccdn.com:80.
HTTP request sent, awaiting response... 200 OK
Length: 760 [image/png]
Saving to: `code/../crawls/docstoc.com/Privacy-Policy/raw/css.docstoccdn.com/i/social/email_icon.png'

     0K                                                       100%  129M=0s

2013-04-20 05:05:48 (129 MB/s) - `code/../crawls/docstoc.com/Privacy-Policy/raw/css.docstoccdn.com/i/social/email_icon.png' saved [760/760]

--2013-04-20 05:05:48--  http://css.docstoccdn.com/i/social/embed_icon.png
Reusing existing connection to css.docstoccdn.com:80.
HTTP request sent, awaiting response... 200 OK
Length: 499 [image/png]
Saving to: `code/../crawls/docstoc.com/Privacy-Policy/raw/css.docstoccdn.com/i/social/embed_icon.png'

     0K                                                       100% 90.3M=0s

2013-04-20 05:05:48 (90.3 MB/s) - `code/../crawls/docstoc.com/Privacy-Policy/raw/css.docstoccdn.com/i/social/embed_icon.png' saved [499/499]

--2013-04-20 05:05:48--  http://css.docstoccdn.com/i/social/digg_icon.png
Reusing existing connection to css.docstoccdn.com:80.
HTTP request sent, awaiting response... 200 OK
Length: 188 [image/png]
Saving to: `code/../crawls/docstoc.com/Privacy-Policy/raw/css.docstoccdn.com/i/social/digg_icon.png'

     0K                                                       100% 33.7M=0s

2013-04-20 05:05:48 (33.7 MB/s) - `code/../crawls/docstoc.com/Privacy-Policy/raw/css.docstoccdn.com/i/social/digg_icon.png' saved [188/188]

--2013-04-20 05:05:48--  http://css.docstoccdn.com/i/social/linkedin_icon.png
Reusing existing connection to css.docstoccdn.com:80.
HTTP request sent, awaiting response... 200 OK
Length: 460 [image/png]
Saving to: `code/../crawls/docstoc.com/Privacy-Policy/raw/css.docstoccdn.com/i/social/linkedin_icon.png'

     0K                                                       100% 82.6M=0s

2013-04-20 05:05:48 (82.6 MB/s) - `code/../crawls/docstoc.com/Privacy-Policy/raw/css.docstoccdn.com/i/social/linkedin_icon.png' saved [460/460]

--2013-04-20 05:05:48--  http://css.docstoccdn.com/i/social/facebook_icon.png
Reusing existing connection to css.docstoccdn.com:80.
HTTP request sent, awaiting response... 200 OK
Length: 145 [image/png]
Saving to: `code/../crawls/docstoc.com/Privacy-Policy/raw/css.docstoccdn.com/i/social/facebook_icon.png'

     0K                                                       100% 26.7M=0s

2013-04-20 05:05:48 (26.7 MB/s) - `code/../crawls/docstoc.com/Privacy-Policy/raw/css.docstoccdn.com/i/social/facebook_icon.png' saved [145/145]

--2013-04-20 05:05:48--  http://css.docstoccdn.com/i/social/twitter_icon.png
Reusing existing connection to css.docstoccdn.com:80.
HTTP request sent, awaiting response... 200 OK
Length: 464 [image/png]
Saving to: `code/../crawls/docstoc.com/Privacy-Policy/raw/css.docstoccdn.com/i/social/twitter_icon.png'

     0K                                                       100% 83.0M=0s

2013-04-20 05:05:48 (83.0 MB/s) - `code/../crawls/docstoc.com/Privacy-Policy/raw/css.docstoccdn.com/i/social/twitter_icon.png' saved [464/464]

--2013-04-20 05:05:48--  http://css.docstoccdn.com/i/search/ico-buy-sm.png
Reusing existing connection to css.docstoccdn.com:80.
HTTP request sent, awaiting response... 200 OK
Length: 693 [image/png]
Saving to: `code/../crawls/docstoc.com/Privacy-Policy/raw/css.docstoccdn.com/i/search/ico-buy-sm.png'

     0K                                                       100%  118M=0s

2013-04-20 05:05:48 (118 MB/s) - `code/../crawls/docstoc.com/Privacy-Policy/raw/css.docstoccdn.com/i/search/ico-buy-sm.png' saved [693/693]

--2013-04-20 05:05:48--  http://css.docstoccdn.com/i/search/ico-buy-lg.png
Reusing existing connection to css.docstoccdn.com:80.
HTTP request sent, awaiting response... 200 OK
Length: 1775 (1.7K) [image/png]
Saving to: `code/../crawls/docstoc.com/Privacy-Policy/raw/css.docstoccdn.com/i/search/ico-buy-lg.png'

     0K .                                                     100%  201M=0s

2013-04-20 05:05:48 (201 MB/s) - `code/../crawls/docstoc.com/Privacy-Policy/raw/css.docstoccdn.com/i/search/ico-buy-lg.png' saved [1775/1775]

--2013-04-20 05:05:48--  http://css.docstoccdn.com/i/search/thumb-rrect.png
Reusing existing connection to css.docstoccdn.com:80.
HTTP request sent, awaiting response... 200 OK
Length: 607 [image/png]
Saving to: `code/../crawls/docstoc.com/Privacy-Policy/raw/css.docstoccdn.com/i/search/thumb-rrect.png'

     0K                                                       100%  101M=0s

2013-04-20 05:05:48 (101 MB/s) - `code/../crawls/docstoc.com/Privacy-Policy/raw/css.docstoccdn.com/i/search/thumb-rrect.png' saved [607/607]

--2013-04-20 05:05:48--  http://css.docstoccdn.com/i/search/ico-preview.gif
Reusing existing connection to css.docstoccdn.com:80.
HTTP request sent, awaiting response... 200 OK
Length: 564 [image/gif]
Saving to: `code/../crawls/docstoc.com/Privacy-Policy/raw/css.docstoccdn.com/i/search/ico-preview.gif'

     0K                                                       100% 99.0M=0s

2013-04-20 05:05:48 (99.0 MB/s) - `code/../crawls/docstoc.com/Privacy-Policy/raw/css.docstoccdn.com/i/search/ico-preview.gif' saved [564/564]

--2013-04-20 05:05:48--  http://css.docstoccdn.com/i/nav/catsearch-bg.png
Reusing existing connection to css.docstoccdn.com:80.
HTTP request sent, awaiting response... 200 OK
Length: 421 [image/png]
Saving to: `code/../crawls/docstoc.com/Privacy-Policy/raw/css.docstoccdn.com/i/nav/catsearch-bg.png'

     0K                                                       100% 75.5M=0s

2013-04-20 05:05:48 (75.5 MB/s) - `code/../crawls/docstoc.com/Privacy-Policy/raw/css.docstoccdn.com/i/nav/catsearch-bg.png' saved [421/421]

--2013-04-20 05:05:48--  http://css.docstoccdn.com/i/nav/cat-searchbox.png
Reusing existing connection to css.docstoccdn.com:80.
HTTP request sent, awaiting response... 200 OK
Length: 217 [image/png]
Saving to: `code/../crawls/docstoc.com/Privacy-Policy/raw/css.docstoccdn.com/i/nav/cat-searchbox.png'

     0K                                                       100% 37.7M=0s

2013-04-20 05:05:48 (37.7 MB/s) - `code/../crawls/docstoc.com/Privacy-Policy/raw/css.docstoccdn.com/i/nav/cat-searchbox.png' saved [217/217]

--2013-04-20 05:05:48--  http://css.docstoccdn.com/i/spotlight/spotlight.png
Reusing existing connection to css.docstoccdn.com:80.
HTTP request sent, awaiting response... 200 OK
Length: 3624 (3.5K) [image/png]
Saving to: `code/../crawls/docstoc.com/Privacy-Policy/raw/css.docstoccdn.com/i/spotlight/spotlight.png'

     0K ...                                                   100%  387M=0s

2013-04-20 05:05:48 (387 MB/s) - `code/../crawls/docstoc.com/Privacy-Policy/raw/css.docstoccdn.com/i/spotlight/spotlight.png' saved [3624/3624]

--2013-04-20 05:05:48--  http://css.docstoccdn.com/i/spotlight/seperator.png
Reusing existing connection to css.docstoccdn.com:80.
HTTP request sent, awaiting response... 200 OK
Length: 140 [image/png]
Saving to: `code/../crawls/docstoc.com/Privacy-Policy/raw/css.docstoccdn.com/i/spotlight/seperator.png'

     0K                                                       100% 24.6M=0s

2013-04-20 05:05:48 (24.6 MB/s) - `code/../crawls/docstoc.com/Privacy-Policy/raw/css.docstoccdn.com/i/spotlight/seperator.png' saved [140/140]

--2013-04-20 05:05:48--  http://css.docstoccdn.com/i/spotlight/btn-hide.png
Reusing existing connection to css.docstoccdn.com:80.
HTTP request sent, awaiting response... 200 OK
Length: 903 [image/png]
Saving to: `code/../crawls/docstoc.com/Privacy-Policy/raw/css.docstoccdn.com/i/spotlight/btn-hide.png'

     0K                                                       100%  152M=0s

2013-04-20 05:05:48 (152 MB/s) - `code/../crawls/docstoc.com/Privacy-Policy/raw/css.docstoccdn.com/i/spotlight/btn-hide.png' saved [903/903]

--2013-04-20 05:05:48--  http://css.docstoccdn.com/i/spotlight/btn-open-spotlight.png
Reusing existing connection to css.docstoccdn.com:80.
HTTP request sent, awaiting response... 200 OK
Length: 1138 (1.1K) [image/png]
Saving to: `code/../crawls/docstoc.com/Privacy-Policy/raw/css.docstoccdn.com/i/spotlight/btn-open-spotlight.png'

     0K .                                                     100%  196M=0s

2013-04-20 05:05:48 (196 MB/s) - `code/../crawls/docstoc.com/Privacy-Policy/raw/css.docstoccdn.com/i/spotlight/btn-open-spotlight.png' saved [1138/1138]

--2013-04-20 05:05:48--  http://css.docstoccdn.com/i/search/ico-buy.png
Reusing existing connection to css.docstoccdn.com:80.
HTTP request sent, awaiting response... 200 OK
Length: 1215 (1.2K) [image/png]
Saving to: `code/../crawls/docstoc.com/Privacy-Policy/raw/css.docstoccdn.com/i/search/ico-buy.png'

     0K .                                                     100%  168M=0s

2013-04-20 05:05:48 (168 MB/s) - `code/../crawls/docstoc.com/Privacy-Policy/raw/css.docstoccdn.com/i/search/ico-buy.png' saved [1215/1215]

--2013-04-20 05:05:48--  http://i.docstoccdn.com/shadow.png
Resolving i.docstoccdn.com... 72.21.91.86
Reusing existing connection to css.docstoccdn.com:80.
HTTP request sent, awaiting response... 200 OK
Length: 1028 (1.0K) [image/png]
Saving to: `code/../crawls/docstoc.com/Privacy-Policy/raw/i.docstoccdn.com/shadow.png'

     0K .                                                     100%  160M=0s

2013-04-20 05:05:48 (160 MB/s) - `code/../crawls/docstoc.com/Privacy-Policy/raw/i.docstoccdn.com/shadow.png' saved [1028/1028]

--2013-04-20 05:05:48--  http://css.docstoccdn.com/i/doc/popup/bg-top.png
Reusing existing connection to css.docstoccdn.com:80.
HTTP request sent, awaiting response... 200 OK
Length: 22027 (22K) [image/png]
Saving to: `code/../crawls/docstoc.com/Privacy-Policy/raw/css.docstoccdn.com/i/doc/popup/bg-top.png'

     0K .......... .......... .                               100% 13.4M=0.002s

2013-04-20 05:05:48 (13.4 MB/s) - `code/../crawls/docstoc.com/Privacy-Policy/raw/css.docstoccdn.com/i/doc/popup/bg-top.png' saved [22027/22027]

--2013-04-20 05:05:48--  http://css.docstoccdn.com/i/doc/popup/bg-mid.png
Reusing existing connection to css.docstoccdn.com:80.
HTTP request sent, awaiting response... 200 OK
Length: 163 [image/png]
Saving to: `code/../crawls/docstoc.com/Privacy-Policy/raw/css.docstoccdn.com/i/doc/popup/bg-mid.png'

     0K                                                       100% 29.2M=0s

2013-04-20 05:05:48 (29.2 MB/s) - `code/../crawls/docstoc.com/Privacy-Policy/raw/css.docstoccdn.com/i/doc/popup/bg-mid.png' saved [163/163]

--2013-04-20 05:05:48--  http://css.docstoccdn.com/i/doc/popup/bg-bot.png
Reusing existing connection to css.docstoccdn.com:80.
HTTP request sent, awaiting response... 200 OK
Length: 7275 (7.1K) [image/png]
Saving to: `code/../crawls/docstoc.com/Privacy-Policy/raw/css.docstoccdn.com/i/doc/popup/bg-bot.png'

     0K .......                                               100% 16.2M=0s

2013-04-20 05:05:48 (16.2 MB/s) - `code/../crawls/docstoc.com/Privacy-Policy/raw/css.docstoccdn.com/i/doc/popup/bg-bot.png' saved [7275/7275]

--2013-04-20 05:05:48--  http://css.docstoccdn.com/i/doc/popup/btn-close.png
Reusing existing connection to css.docstoccdn.com:80.
HTTP request sent, awaiting response... 200 OK
Length: 1056 (1.0K) [image/png]
Saving to: `code/../crawls/docstoc.com/Privacy-Policy/raw/css.docstoccdn.com/i/doc/popup/btn-close.png'

     0K .                                                     100%  181M=0s

2013-04-20 05:05:48 (181 MB/s) - `code/../crawls/docstoc.com/Privacy-Policy/raw/css.docstoccdn.com/i/doc/popup/btn-close.png' saved [1056/1056]

--2013-04-20 05:05:48--  http://css.docstoccdn.com/i/doc/popup/arrow.png
Reusing existing connection to css.docstoccdn.com:80.
HTTP request sent, awaiting response... 200 OK
Length: 290 [image/png]
Saving to: `code/../crawls/docstoc.com/Privacy-Policy/raw/css.docstoccdn.com/i/doc/popup/arrow.png'

     0K                                                       100% 54.1M=0s

2013-04-20 05:05:48 (54.1 MB/s) - `code/../crawls/docstoc.com/Privacy-Policy/raw/css.docstoccdn.com/i/doc/popup/arrow.png' saved [290/290]

--2013-04-20 05:05:48--  http://css.docstoccdn.com/i/pro/ico-pro.png
Reusing existing connection to css.docstoccdn.com:80.
HTTP request sent, awaiting response... 200 OK
Length: 914 [image/png]
Saving to: `code/../crawls/docstoc.com/Privacy-Policy/raw/css.docstoccdn.com/i/pro/ico-pro.png'

     0K                                                       100%  157M=0s

2013-04-20 05:05:48 (157 MB/s) - `code/../crawls/docstoc.com/Privacy-Policy/raw/css.docstoccdn.com/i/pro/ico-pro.png' saved [914/914]

--2013-04-20 05:05:48--  http://css.docstoccdn.com/i/request/bg-requestmodule.png
Reusing existing connection to css.docstoccdn.com:80.
HTTP request sent, awaiting response... 200 OK
Length: 3702 (3.6K) [image/png]
Saving to: `code/../crawls/docstoc.com/Privacy-Policy/raw/css.docstoccdn.com/i/request/bg-requestmodule.png'

     0K ...                                                   100%  174M=0s

2013-04-20 05:05:48 (174 MB/s) - `code/../crawls/docstoc.com/Privacy-Policy/raw/css.docstoccdn.com/i/request/bg-requestmodule.png' saved [3702/3702]

--2013-04-20 05:05:48--  http://css.docstoccdn.com/i/template-blueprint/buttons_1-v5.png
Reusing existing connection to css.docstoccdn.com:80.
HTTP request sent, awaiting response... 200 OK
Length: 52505 (51K) [image/png]
Saving to: `code/../crawls/docstoc.com/Privacy-Policy/raw/css.docstoccdn.com/i/template-blueprint/buttons_1-v5.png'

     0K .......... .......... .......... .......... .......... 97% 11.4M 0s
    50K .                                                     100% 2431G=0.004s

2013-04-20 05:05:48 (11.7 MB/s) - `code/../crawls/docstoc.com/Privacy-Policy/raw/css.docstoccdn.com/i/template-blueprint/buttons_1-v5.png' saved [52505/52505]

--2013-04-20 05:05:48--  http://css.docstoccdn.com/i/modules/module-sprite.png
Reusing existing connection to css.docstoccdn.com:80.
HTTP request sent, awaiting response... 200 OK
Length: 1418 (1.4K) [image/png]
Saving to: `code/../crawls/docstoc.com/Privacy-Policy/raw/css.docstoccdn.com/i/modules/module-sprite.png'

     0K .                                                     100%  198M=0s

2013-04-20 05:05:48 (198 MB/s) - `code/../crawls/docstoc.com/Privacy-Policy/raw/css.docstoccdn.com/i/modules/module-sprite.png' saved [1418/1418]

--2013-04-20 05:05:48--  http://css.docstoccdn.com/i/modules/module-gradient.png
Reusing existing connection to css.docstoccdn.com:80.
HTTP request sent, awaiting response... 200 OK
Length: 180 [image/png]
Saving to: `code/../crawls/docstoc.com/Privacy-Policy/raw/css.docstoccdn.com/i/modules/module-gradient.png'

     0K                                                       100% 31.3M=0s

2013-04-20 05:05:48 (31.3 MB/s) - `code/../crawls/docstoc.com/Privacy-Policy/raw/css.docstoccdn.com/i/modules/module-gradient.png' saved [180/180]

--2013-04-20 05:05:48--  http://css.docstoccdn.com/css/indicator.gif
Reusing existing connection to css.docstoccdn.com:80.
HTTP request sent, awaiting response... 404 Not Found
2013-04-20 05:05:48 ERROR 404: Not Found.

--2013-04-20 05:05:48--  http://css.docstoccdn.com/i/template-blueprint/icon-sprites-v06.png
Reusing existing connection to css.docstoccdn.com:80.
HTTP request sent, awaiting response... 200 OK
Length: 4585 (4.5K) [image/png]
Saving to: `code/../crawls/docstoc.com/Privacy-Policy/raw/css.docstoccdn.com/i/template-blueprint/icon-sprites-v06.png'

     0K ....                                                  100% 22.6M=0s

2013-04-20 05:05:48 (22.6 MB/s) - `code/../crawls/docstoc.com/Privacy-Policy/raw/css.docstoccdn.com/i/template-blueprint/icon-sprites-v06.png' saved [4585/4585]

--2013-04-20 05:05:48--  http://css.docstoccdn.com/i/template-blueprint/icon-sprites-v06-ie.png
Reusing existing connection to css.docstoccdn.com:80.
HTTP request sent, awaiting response... 200 OK
Length: 1676 (1.6K) [image/png]
Saving to: `code/../crawls/docstoc.com/Privacy-Policy/raw/css.docstoccdn.com/i/template-blueprint/icon-sprites-v06-ie.png'

     0K .                                                     100%  240M=0s

2013-04-20 05:05:48 (240 MB/s) - `code/../crawls/docstoc.com/Privacy-Policy/raw/css.docstoccdn.com/i/template-blueprint/icon-sprites-v06-ie.png' saved [1676/1676]

--2013-04-20 05:05:48--  http://css.docstoccdn.com/i/doc/img-credit-overlay.png
Reusing existing connection to css.docstoccdn.com:80.
HTTP request sent, awaiting response... 200 OK
Length: 4170 (4.1K) [image/png]
Saving to: `code/../crawls/docstoc.com/Privacy-Policy/raw/css.docstoccdn.com/i/doc/img-credit-overlay.png'

     0K ....                                                  100% 38.8M=0s

2013-04-20 05:05:48 (38.8 MB/s) - `code/../crawls/docstoc.com/Privacy-Policy/raw/css.docstoccdn.com/i/doc/img-credit-overlay.png' saved [4170/4170]

FINISHED --2013-04-20 05:05:48--
Total wall clock time: 1.3s
Downloaded: 83 files, 760K in 0.2s (4.93 MB/s)
Converting code/../crawls/docstoc.com/Privacy-Policy/raw/www.docstoc.com/Pages/Static.aspx?page_id=22.html... 11-43
Converting code/../crawls/docstoc.com/Privacy-Policy/raw/css.docstoccdn.com/css/IeNotify.css?build=05142.css... nothing to do.
Converting code/../crawls/docstoc.com/Privacy-Policy/raw/css.docstoccdn.com/css/template-new-stretch2.css?build=05142.css... 85-1
Converted 3 files in 0.5 seconds.
